PING N4 (00:00:0c:18:11:04) 116(144) bytes of data
116 bytes from N4 icmp_seq=1 ttl=49 time=24.41 ms
RR: 	N2
	N3
	N4
	N4
	N3
	N2

116 bytes from N4 icmp_seq=2 ttl=49 time=12.67 ms	(same route)
116 bytes from N4 icmp_seq=3 ttl=49 time=4.88 ms	(same route)
116 bytes from N4 icmp_seq=4 ttl=49 time=2.53 ms	(same route)
116 bytes from N4 icmp_seq=5 ttl=49 time=10.46 ms	(same route)
116 bytes from N4 icmp_seq=6 ttl=49 time=10.85 ms	(same route)
116 bytes from N4 icmp_seq=7 ttl=49 time=26.61 ms	(same route)
116 bytes from N4 icmp_seq=8 ttl=49 time=15.33 ms	(same route)
116 bytes from N4 icmp_seq=9 ttl=49 time=2.78 ms	(same route)
116 bytes from N4 icmp_seq=10 ttl=49 time=8.70 ms	(same route)
116 bytes from N4 icmp_seq=11 ttl=49 time=23.20 ms	(same route)
116 bytes from N4 icmp_seq=12 ttl=49 time=10.64 ms	(same route)
116 bytes from N4 icmp_seq=13 ttl=49 time=2.93 ms	(same route)
116 bytes from N4 icmp_seq=14 ttl=49 time=13.63 ms	(same route)
116 bytes from N4 icmp_seq=15 ttl=49 time=14.80 ms	(same route)
116 bytes from N4 icmp_seq=16 ttl=49 time=8.96 ms	(same route)
116 bytes from N4 icmp_seq=17 ttl=49 time=4.17 ms	(same route)
116 bytes from N4 icmp_seq=18 ttl=49 time=4.74 ms	(same route)
116 bytes from N4 icmp_seq=19 ttl=49 time=5.23 ms	(same route)
116 bytes from N4 icmp_seq=20 ttl=49 time=3.49 ms	(same route)
116 bytes from N4 icmp_seq=21 ttl=49 time=10.25 ms	(same route)
116 bytes from N4 icmp_seq=22 ttl=49 time=10.12 ms	(same route)
116 bytes from N4 icmp_seq=23 ttl=49 time=7.19 ms	(same route)
116 bytes from N4 icmp_seq=24 ttl=49 time=88.17 ms	(same route)
116 bytes from N4 icmp_seq=25 ttl=49 time=28.10 ms	(same route)
116 bytes from N4 icmp_seq=26 ttl=49 time=43.56 ms	(same route)
116 bytes from N4 icmp_seq=27 ttl=49 time=9.88 ms	(same route)
116 bytes from N4 icmp_seq=28 ttl=49 time=19.46 ms	(same route)
116 bytes from N4 icmp_seq=29 ttl=49 time=36.54 ms	(same route)
116 bytes from N4 icmp_seq=30 ttl=49 time=83.99 ms	(same route)
116 bytes from N4 icmp_seq=31 ttl=49 time=9.53 ms	(same route)
116 bytes from N4 icmp_seq=32 ttl=49 time=21.14 ms	(same route)
116 bytes from N4 icmp_seq=33 ttl=49 time=9.66 ms	(same route)
116 bytes from N4 icmp_seq=34 ttl=49 time=63.17 ms	(same route)
116 bytes from N4 icmp_seq=35 ttl=49 time=239.00 ms	(same route)
116 bytes from N4 icmp_seq=36 ttl=49 time=15.13 ms	(same route)
116 bytes from N4 icmp_seq=37 ttl=49 time=610.59 ms	(same route)
116 bytes from N4 icmp_seq=38 ttl=49 time=2.72 ms	(same route)
116 bytes from N4 icmp_seq=39 ttl=49 time=2.70 ms	(same route)
116 bytes from N4 icmp_seq=40 ttl=49 time=18.64 ms	(same route)
116 bytes from N4 icmp_seq=41 ttl=49 time=149.10 ms	(same route)
116 bytes from N4 icmp_seq=42 ttl=49 time=22.10 ms	(same route)
116 bytes from N4 icmp_seq=43 ttl=49 time=34.51 ms	(same route)
116 bytes from N4 icmp_seq=44 ttl=49 time=2.87 ms	(same route)
116 bytes from N4 icmp_seq=45 ttl=49 time=17.69 ms	(same route)
116 bytes from N4 icmp_seq=46 ttl=49 time=11.29 ms	(same route)
116 bytes from N4 icmp_seq=47 ttl=49 time=21.00 ms	(same route)
116 bytes from N4 icmp_seq=48 ttl=49 time=23.12 ms	(same route)
116 bytes from N4 icmp_seq=49 ttl=49 time=90.00 ms	(same route)
116 bytes from N4 icmp_seq=50 ttl=49 time=2.89 ms	(same route)
116 bytes from N4 icmp_seq=51 ttl=49 time=26.77 ms	(same route)
116 bytes from N4 icmp_seq=52 ttl=49 time=4.03 ms	(same route)
116 bytes from N4 icmp_seq=53 ttl=49 time=2.00 ms	(same route)
116 bytes from N4 icmp_seq=54 ttl=49 time=6.62 ms	(same route)
116 bytes from N4 icmp_seq=55 ttl=49 time=10.08 ms	(same route)
116 bytes from N4 icmp_seq=56 ttl=49 time=12.75 ms	(same route)
116 bytes from N4 icmp_seq=57 ttl=49 time=25.90 ms	(same route)
116 bytes from N4 icmp_seq=58 ttl=49 time=5.54 ms	(same route)
116 bytes from N4 icmp_seq=59 ttl=49 time=11.49 ms	(same route)
116 bytes from N4 icmp_seq=60 ttl=49 time=33.75 ms	(same route)
116 bytes from N4 icmp_seq=61 ttl=49 time=3.56 ms	(same route)
116 bytes from N4 icmp_seq=62 ttl=49 time=29.89 ms	(same route)
116 bytes from N4 icmp_seq=63 ttl=49 time=23.28 ms	(same route)
116 bytes from N4 icmp_seq=64 ttl=49 time=40.24 ms	(same route)
116 bytes from N4 icmp_seq=65 ttl=49 time=71.25 ms	(same route)
116 bytes from N4 icmp_seq=66 ttl=49 time=2.06 ms	(same route)
116 bytes from N4 icmp_seq=67 ttl=49 time=6.31 ms	(same route)
116 bytes from N4 icmp_seq=68 ttl=49 time=9.13 ms	(same route)
116 bytes from N4 icmp_seq=69 ttl=49 time=5.25 ms	(same route)
116 bytes from N4 icmp_seq=70 ttl=49 time=39.59 ms	(same route)
116 bytes from N4 icmp_seq=71 ttl=49 time=5.49 ms	(same route)
116 bytes from N4 icmp_seq=72 ttl=49 time=3.65 ms	(same route)
116 bytes from N4 icmp_seq=73 ttl=49 time=8.85 ms	(same route)
116 bytes from N4 icmp_seq=74 ttl=49 time=2.71 ms	(same route)
116 bytes from N4 icmp_seq=75 ttl=49 time=2.93 ms	(same route)
116 bytes from N4 icmp_seq=76 ttl=49 time=20.17 ms	(same route)
116 bytes from N4 icmp_seq=77 ttl=49 time=3.34 ms	(same route)
116 bytes from N4 icmp_seq=78 ttl=49 time=2.61 ms	(same route)
116 bytes from N4 icmp_seq=79 ttl=49 time=2.89 ms	(same route)
116 bytes from N4 icmp_seq=80 ttl=49 time=3.78 ms	(same route)
116 bytes from N4 icmp_seq=81 ttl=49 time=29.86 ms	(same route)
116 bytes from N4 icmp_seq=82 ttl=49 time=6.49 ms	(same route)
116 bytes from N4 icmp_seq=83 ttl=49 time=7.60 ms	(same route)
116 bytes from N4 icmp_seq=84 ttl=49 time=3.04 ms	(same route)
116 bytes from N4 icmp_seq=85 ttl=49 time=24.42 ms	(same route)
116 bytes from N4 icmp_seq=86 ttl=49 time=13.76 ms	(same route)
116 bytes from N4 icmp_seq=87 ttl=49 time=5.43 ms	(same route)
116 bytes from N4 icmp_seq=88 ttl=49 time=3.03 ms	(same route)
116 bytes from N4 icmp_seq=89 ttl=49 time=4.07 ms	(same route)
116 bytes from N4 icmp_seq=90 ttl=49 time=4.15 ms	(same route)
116 bytes from N4 icmp_seq=91 ttl=49 time=9.41 ms	(same route)
116 bytes from N4 icmp_seq=92 ttl=49 time=2.27 ms	(same route)
116 bytes from N4 icmp_seq=93 ttl=49 time=97.13 ms	(same route)
116 bytes from N4 icmp_seq=94 ttl=49 time=3.07 ms	(same route)
116 bytes from N4 icmp_seq=95 ttl=49 time=2.89 ms	(same route)
116 bytes from N4 icmp_seq=96 ttl=49 time=6.92 ms	(same route)
116 bytes from N4 icmp_seq=97 ttl=49 time=5.93 ms	(same route)
116 bytes from N4 icmp_seq=98 ttl=49 time=60.75 ms	(same route)
116 bytes from N4 icmp_seq=99 ttl=49 time=3.74 ms	(same route)
116 bytes from N4 icmp_seq=100 ttl=49 time=4.46 ms	(same route)
116 bytes from N4 icmp_seq=101 ttl=49 time=3.11 ms	(same route)
116 bytes from N4 icmp_seq=102 ttl=49 time=2.74 ms	(same route)
116 bytes from N4 icmp_seq=103 ttl=49 time=2.37 ms	(same route)
116 bytes from N4 icmp_seq=104 ttl=49 time=6.36 ms	(same route)
116 bytes from N4 icmp_seq=105 ttl=49 time=216.72 ms	(same route)
116 bytes from N4 icmp_seq=106 ttl=49 time=356.73 ms	(same route)
116 bytes from N4 icmp_seq=107 ttl=49 time=89.59 ms	(same route)
116 bytes from N4 icmp_seq=108 ttl=49 time=215.00 ms	(same route)
116 bytes from N4 icmp_seq=109 ttl=49 time=955.77 ms	(same route)
116 bytes from N4 icmp_seq=110 ttl=49 time=998.33 ms	(same route)
116 bytes from N4 icmp_seq=111 ttl=49 time=762.85 ms	(same route)
Reply from host N4 timed out
Reply from host N4 timed out
Reply from host N4 timed out
116 bytes from N4 icmp_seq=115 ttl=49 time=0.02 ms	(same route)
116 bytes from N4 icmp_seq=116 ttl=49 time=981.50 ms	(same route)
116 bytes from N4 icmp_seq=117 ttl=49 time=247.28 ms	(same route)
Reply from host N4 timed out
116 bytes from N4 icmp_seq=119 ttl=49 time=0.03 ms	(same route)
Reply from host N4 timed out
116 bytes from N4 icmp_seq=121 ttl=49 time=3.70 ms	(same route)
116 bytes from N4 icmp_seq=122 ttl=49 time=613.38 ms	(same route)
Reply from host N4 timed out
116 bytes from N4 icmp_seq=124 ttl=49 time=0.65 ms	(same route)
Reply from host N4 timed out
Reply from host N4 timed out
Reply from host N4 timed out
Reply from host N4 timed out
Reply from host N4 timed out
Reply from host N4 timed out
Reply from host N4 timed out
Reply from host N4 timed out
Reply from host N4 timed out
Reply from host N4 timed out
Reply from host N4 timed out
Reply from host N4 timed out
Reply from host N4 timed out
Reply from host N4 timed out
Reply from host N4 timed out
Reply from host N4 timed out
Reply from host N4 timed out
Reply from host N4 timed out
Reply from host N4 timed out
Reply from host N4 timed out
Reply from host N4 timed out
Reply from host N4 timed out
Reply from host N4 timed out
Reply from host N4 timed out
Reply from host N4 timed out
Reply from host N4 timed out
Reply from host N4 timed out
Reply from host N4 timed out
Reply from host N4 timed out
Reply from host N4 timed out
Reply from host N4 timed out
Reply from host N4 timed out
116 bytes from N4 icmp_seq=157 ttl=49 time=16.26 ms	(same route)
Reply from host N4 timed out
Reply from host N4 timed out
Reply from host N4 timed out
116 bytes from N4 icmp_seq=161 ttl=49 time=71.41 ms	(same route)
116 bytes from N4 icmp_seq=162 ttl=49 time=750.94 ms	(same route)
Reply from host N4 timed out
116 bytes from N4 icmp_seq=164 ttl=49 time=0.02 ms	(same route)
116 bytes from N4 icmp_seq=165 ttl=49 time=514.59 ms	(same route)
Reply from host N4 timed out
116 bytes from N4 icmp_seq=167 ttl=49 time=3.74 ms	(same route)
Reply from host N4 timed out
116 bytes from N4 icmp_seq=169 ttl=49 time=10.35 ms	(same route)
116 bytes from N4 icmp_seq=170 ttl=49 time=578.00 ms	(same route)
116 bytes from N4 icmp_seq=171 ttl=49 time=133.39 ms	(same route)
116 bytes from N4 icmp_seq=172 ttl=49 time=3.36 ms	(same route)
116 bytes from N4 icmp_seq=173 ttl=49 time=71.53 ms	(same route)
116 bytes from N4 icmp_seq=174 ttl=49 time=120.63 ms	(same route)
116 bytes from N4 icmp_seq=175 ttl=49 time=3.87 ms	(same route)
116 bytes from N4 icmp_seq=176 ttl=49 time=15.01 ms	(same route)
116 bytes from N4 icmp_seq=177 ttl=49 time=9.79 ms	(same route)
116 bytes from N4 icmp_seq=178 ttl=49 time=20.81 ms	(same route)
116 bytes from N4 icmp_seq=179 ttl=49 time=8.15 ms	(same route)
116 bytes from N4 icmp_seq=180 ttl=49 time=2.60 ms	(same route)
116 bytes from N4 icmp_seq=181 ttl=49 time=6.45 ms	(same route)
116 bytes from N4 icmp_seq=182 ttl=49 time=7.61 ms	(same route)
116 bytes from N4 icmp_seq=183 ttl=49 time=2.56 ms	(same route)
116 bytes from N4 icmp_seq=184 ttl=49 time=14.77 ms	(same route)
116 bytes from N4 icmp_seq=185 ttl=49 time=196.97 ms	(same route)
116 bytes from N4 icmp_seq=186 ttl=49 time=419.37 ms	(same route)
116 bytes from N4 icmp_seq=187 ttl=49 time=3.95 ms	(same route)
116 bytes from N4 icmp_seq=188 ttl=49 time=3.21 ms	(same route)
116 bytes from N4 icmp_seq=189 ttl=49 time=308.86 ms	(same route)
116 bytes from N4 icmp_seq=190 ttl=49 time=4.20 ms	(same route)
116 bytes from N4 icmp_seq=191 ttl=49 time=317.83 ms	(same route)
116 bytes from N4 icmp_seq=192 ttl=49 time=572.28 ms	(same route)
Reply from host N4 timed out
116 bytes from N4 icmp_seq=194 ttl=49 time=9.23 ms	(same route)
116 bytes from N4 icmp_seq=195 ttl=49 time=770.99 ms	(same route)
116 bytes from N4 icmp_seq=196 ttl=49 time=606.25 ms	(same route)
116 bytes from N4 icmp_seq=197 ttl=49 time=266.14 ms	(same route)
116 bytes from N4 icmp_seq=198 ttl=49 time=699.30 ms	(same route)
116 bytes from N4 icmp_seq=199 ttl=49 time=802.62 ms	(same route)
116 bytes from N4 icmp_seq=200 ttl=49 time=369.93 ms	(same route)
116 bytes from N4 icmp_seq=201 ttl=49 time=609.65 ms	(same route)
116 bytes from N4 icmp_seq=202 ttl=49 time=43.55 ms	(same route)
116 bytes from N4 icmp_seq=203 ttl=49 time=537.86 ms	(same route)
Reply from host N4 timed out
116 bytes from N4 icmp_seq=205 ttl=49 time=896.00 ms	(same route)
116 bytes from N4 icmp_seq=206 ttl=49 time=492.60 ms	(same route)
Reply from host N4 timed out
116 bytes from N4 icmp_seq=208 ttl=49 time=715.33 ms	(same route)
116 bytes from N4 icmp_seq=209 ttl=49 time=668.52 ms	(same route)
116 bytes from N4 icmp_seq=210 ttl=49 time=620.39 ms	(same route)
Reply from host N4 timed out
Reply from host N4 timed out
Reply from host N4 timed out
Reply from host N4 timed out
Reply from host N4 timed out
Reply from host N4 timed out
Reply from host N4 timed out
Reply from host N4 timed out
Reply from host N4 timed out
Reply from host N4 timed out
Reply from host N4 timed out
116 bytes from N4 icmp_seq=222 ttl=49 time=0.03 ms	(same route)
Reply from host N4 timed out
Reply from host N4 timed out
Reply from host N4 timed out
Reply from host N4 timed out
116 bytes from N4 icmp_seq=227 ttl=49 time=99.76 ms	(same route)
116 bytes from N4 icmp_seq=228 ttl=49 time=423.46 ms	(same route)
116 bytes from N4 icmp_seq=229 ttl=49 time=37.33 ms	(same route)
116 bytes from N4 icmp_seq=230 ttl=49 time=2.74 ms	(same route)
116 bytes from N4 icmp_seq=231 ttl=49 time=4.99 ms	(same route)
116 bytes from N4 icmp_seq=232 ttl=49 time=196.37 ms	(same route)
116 bytes from N4 icmp_seq=233 ttl=49 time=42.79 ms	(same route)
116 bytes from N4 icmp_seq=234 ttl=49 time=355.49 ms	(same route)
116 bytes from N4 icmp_seq=235 ttl=49 time=20.47 ms	(same route)
116 bytes from N4 icmp_seq=236 ttl=49 time=898.23 ms	(same route)
116 bytes from N4 icmp_seq=237 ttl=49 time=380.50 ms	(same route)
116 bytes from N4 icmp_seq=238 ttl=49 time=499.87 ms	(same route)
116 bytes from N4 icmp_seq=239 ttl=49 time=6.63 ms	(same route)
116 bytes from N4 icmp_seq=240 ttl=49 time=27.96 ms	(same route)
116 bytes from N4 icmp_seq=241 ttl=49 time=384.88 ms	(same route)
116 bytes from N4 icmp_seq=242 ttl=49 time=11.32 ms	(same route)
116 bytes from N4 icmp_seq=243 ttl=49 time=25.35 ms	(same route)
116 bytes from N4 icmp_seq=244 ttl=49 time=3.40 ms	(same route)
116 bytes from N4 icmp_seq=245 ttl=49 time=4.12 ms	(same route)
116 bytes from N4 icmp_seq=246 ttl=49 time=32.03 ms	(same route)
116 bytes from N4 icmp_seq=247 ttl=49 time=7.19 ms	(same route)
116 bytes from N4 icmp_seq=248 ttl=49 time=17.98 ms	(same route)
116 bytes from N4 icmp_seq=249 ttl=49 time=6.57 ms	(same route)
116 bytes from N4 icmp_seq=250 ttl=49 time=3.22 ms	(same route)
116 bytes from N4 icmp_seq=251 ttl=49 time=19.76 ms	(same route)
116 bytes from N4 icmp_seq=252 ttl=49 time=22.16 ms	(same route)
116 bytes from N4 icmp_seq=253 ttl=49 time=79.57 ms	(same route)
116 bytes from N4 icmp_seq=254 ttl=49 time=8.75 ms	(same route)
116 bytes from N4 icmp_seq=255 ttl=49 time=8.71 ms	(same route)
116 bytes from N4 icmp_seq=256 ttl=49 time=10.45 ms	(same route)
116 bytes from N4 icmp_seq=257 ttl=49 time=12.53 ms	(same route)
116 bytes from N4 icmp_seq=258 ttl=49 time=15.50 ms	(same route)
116 bytes from N4 icmp_seq=259 ttl=49 time=2.28 ms	(same route)
116 bytes from N4 icmp_seq=260 ttl=49 time=9.58 ms	(same route)
116 bytes from N4 icmp_seq=261 ttl=49 time=33.71 ms	(same route)
116 bytes from N4 icmp_seq=262 ttl=49 time=5.29 ms	(same route)
116 bytes from N4 icmp_seq=263 ttl=49 time=5.04 ms	(same route)
116 bytes from N4 icmp_seq=264 ttl=49 time=28.78 ms	(same route)
116 bytes from N4 icmp_seq=265 ttl=49 time=7.33 ms	(same route)
116 bytes from N4 icmp_seq=266 ttl=49 time=9.13 ms	(same route)
116 bytes from N4 icmp_seq=267 ttl=49 time=5.99 ms	(same route)
116 bytes from N4 icmp_seq=268 ttl=49 time=3.85 ms	(same route)
116 bytes from N4 icmp_seq=269 ttl=49 time=18.26 ms	(same route)
116 bytes from N4 icmp_seq=270 ttl=49 time=4.24 ms	(same route)
116 bytes from N4 icmp_seq=271 ttl=49 time=7.59 ms	(same route)
116 bytes from N4 icmp_seq=272 ttl=49 time=14.31 ms	(same route)
116 bytes from N4 icmp_seq=273 ttl=49 time=110.08 ms	(same route)
116 bytes from N4 icmp_seq=274 ttl=49 time=16.63 ms	(same route)
116 bytes from N4 icmp_seq=275 ttl=49 time=8.55 ms	(same route)
116 bytes from N4 icmp_seq=276 ttl=49 time=35.02 ms	(same route)
116 bytes from N4 icmp_seq=277 ttl=49 time=2.88 ms	(same route)
116 bytes from N4 icmp_seq=278 ttl=49 time=2.94 ms	(same route)
116 bytes from N4 icmp_seq=279 ttl=49 time=3.06 ms	(same route)
116 bytes from N4 icmp_seq=280 ttl=49 time=15.03 ms	(same route)
116 bytes from N4 icmp_seq=281 ttl=49 time=6.23 ms	(same route)
116 bytes from N4 icmp_seq=282 ttl=49 time=2.61 ms	(same route)
116 bytes from N4 icmp_seq=283 ttl=49 time=12.60 ms	(same route)
116 bytes from N4 icmp_seq=284 ttl=49 time=2.50 ms	(same route)
116 bytes from N4 icmp_seq=285 ttl=49 time=9.26 ms	(same route)
116 bytes from N4 icmp_seq=286 ttl=49 time=13.74 ms	(same route)
116 bytes from N4 icmp_seq=287 ttl=49 time=36.60 ms	(same route)
116 bytes from N4 icmp_seq=288 ttl=49 time=7.29 ms	(same route)
116 bytes from N4 icmp_seq=289 ttl=49 time=2.66 ms	(same route)
116 bytes from N4 icmp_seq=290 ttl=49 time=8.94 ms	(same route)
116 bytes from N4 icmp_seq=291 ttl=49 time=6.25 ms	(same route)
116 bytes from N4 icmp_seq=292 ttl=49 time=2.02 ms	(same route)
116 bytes from N4 icmp_seq=293 ttl=49 time=15.18 ms	(same route)
116 bytes from N4 icmp_seq=294 ttl=49 time=4.87 ms	(same route)
116 bytes from N4 icmp_seq=295 ttl=49 time=6.07 ms	(same route)
116 bytes from N4 icmp_seq=296 ttl=49 time=7.53 ms	(same route)
116 bytes from N4 icmp_seq=297 ttl=49 time=2.33 ms	(same route)
116 bytes from N4 icmp_seq=298 ttl=49 time=8.95 ms	(same route)
116 bytes from N4 icmp_seq=299 ttl=49 time=8.17 ms	(same route)
116 bytes from N4 icmp_seq=300 ttl=49 time=3.31 ms	(same route)
--- N4 ping statistics ---
347 packets transmitted, 238 received, 31% packet loss
rtt min/avg/max/mdev = 0.016/103.291/998.329/216.353 ms
