PING N1 (00:00:0c:18:11:01) 116(144) bytes of data
116 bytes from N1 icmp_seq=1 ttl=50 time=5.93 ms
RR: 	N5
	N1
	N1
	N5

116 bytes from N1 icmp_seq=2 ttl=50 time=16.54 ms	(same route)
116 bytes from N1 icmp_seq=3 ttl=50 time=4.50 ms	(same route)
116 bytes from N1 icmp_seq=4 ttl=50 time=8.86 ms	(same route)
116 bytes from N1 icmp_seq=5 ttl=50 time=1.06 ms	(same route)
116 bytes from N1 icmp_seq=6 ttl=50 time=8.73 ms	(same route)
116 bytes from N1 icmp_seq=7 ttl=50 time=5.92 ms	(same route)
116 bytes from N1 icmp_seq=8 ttl=50 time=8.88 ms	(same route)
116 bytes from N1 icmp_seq=9 ttl=50 time=7.20 ms	(same route)
116 bytes from N1 icmp_seq=10 ttl=50 time=1.19 ms	(same route)
116 bytes from N1 icmp_seq=11 ttl=50 time=88.60 ms	(same route)
116 bytes from N1 icmp_seq=12 ttl=50 time=2.48 ms	(same route)
116 bytes from N1 icmp_seq=13 ttl=50 time=6.03 ms	(same route)
116 bytes from N1 icmp_seq=14 ttl=50 time=18.88 ms	(same route)
116 bytes from N1 icmp_seq=15 ttl=50 time=1.09 ms	(same route)
116 bytes from N1 icmp_seq=16 ttl=50 time=4.56 ms	(same route)
116 bytes from N1 icmp_seq=17 ttl=50 time=3.16 ms	(same route)
116 bytes from N1 icmp_seq=18 ttl=50 time=1.07 ms	(same route)
116 bytes from N1 icmp_seq=19 ttl=50 time=8.10 ms	(same route)
116 bytes from N1 icmp_seq=20 ttl=50 time=23.50 ms	(same route)
116 bytes from N1 icmp_seq=21 ttl=50 time=1.06 ms	(same route)
116 bytes from N1 icmp_seq=22 ttl=50 time=4.80 ms	(same route)
116 bytes from N1 icmp_seq=23 ttl=50 time=5.09 ms	(same route)
116 bytes from N1 icmp_seq=24 ttl=50 time=1.15 ms	(same route)
116 bytes from N1 icmp_seq=25 ttl=50 time=18.86 ms	(same route)
116 bytes from N1 icmp_seq=26 ttl=50 time=1.21 ms	(same route)
116 bytes from N1 icmp_seq=27 ttl=50 time=3.21 ms	(same route)
116 bytes from N1 icmp_seq=28 ttl=50 time=4.90 ms	(same route)
116 bytes from N1 icmp_seq=29 ttl=50 time=164.92 ms	(same route)
116 bytes from N1 icmp_seq=30 ttl=50 time=15.40 ms	(same route)
116 bytes from N1 icmp_seq=31 ttl=50 time=66.97 ms	(same route)
116 bytes from N1 icmp_seq=32 ttl=50 time=3.50 ms	(same route)
116 bytes from N1 icmp_seq=33 ttl=50 time=1.11 ms	(same route)
116 bytes from N1 icmp_seq=34 ttl=50 time=1.39 ms	(same route)
116 bytes from N1 icmp_seq=35 ttl=50 time=1.74 ms	(same route)
116 bytes from N1 icmp_seq=36 ttl=50 time=51.21 ms	(same route)
116 bytes from N1 icmp_seq=37 ttl=50 time=11.87 ms	(same route)
116 bytes from N1 icmp_seq=38 ttl=50 time=6.09 ms	(same route)
116 bytes from N1 icmp_seq=39 ttl=50 time=1.12 ms	(same route)
116 bytes from N1 icmp_seq=40 ttl=50 time=36.51 ms	(same route)
116 bytes from N1 icmp_seq=41 ttl=50 time=47.21 ms	(same route)
116 bytes from N1 icmp_seq=42 ttl=50 time=1.16 ms	(same route)
116 bytes from N1 icmp_seq=43 ttl=50 time=85.28 ms	(same route)
116 bytes from N1 icmp_seq=44 ttl=50 time=1.13 ms	(same route)
116 bytes from N1 icmp_seq=45 ttl=50 time=22.57 ms	(same route)
116 bytes from N1 icmp_seq=46 ttl=50 time=1.18 ms	(same route)
116 bytes from N1 icmp_seq=47 ttl=50 time=7.07 ms	(same route)
116 bytes from N1 icmp_seq=48 ttl=50 time=11.80 ms	(same route)
116 bytes from N1 icmp_seq=49 ttl=50 time=378.50 ms	(same route)
116 bytes from N1 icmp_seq=50 ttl=50 time=93.87 ms	(same route)
116 bytes from N1 icmp_seq=51 ttl=50 time=61.68 ms	(same route)
116 bytes from N1 icmp_seq=52 ttl=50 time=128.78 ms	(same route)
116 bytes from N1 icmp_seq=53 ttl=50 time=8.88 ms	(same route)
116 bytes from N1 icmp_seq=54 ttl=50 time=1.25 ms	(same route)
116 bytes from N1 icmp_seq=55 ttl=50 time=60.17 ms	(same route)
116 bytes from N1 icmp_seq=56 ttl=50 time=1.10 ms	(same route)
116 bytes from N1 icmp_seq=57 ttl=50 time=5.19 ms	(same route)
116 bytes from N1 icmp_seq=58 ttl=50 time=285.44 ms	(same route)
116 bytes from N1 icmp_seq=59 ttl=50 time=117.00 ms	(same route)
116 bytes from N1 icmp_seq=60 ttl=50 time=261.97 ms	(same route)
116 bytes from N1 icmp_seq=61 ttl=50 time=612.45 ms	(same route)
116 bytes from N1 icmp_seq=62 ttl=50 time=1.63 ms	(same route)
116 bytes from N1 icmp_seq=63 ttl=50 time=212.70 ms	(same route)
116 bytes from N1 icmp_seq=64 ttl=50 time=50.06 ms	(same route)
116 bytes from N1 icmp_seq=65 ttl=50 time=118.41 ms	(same route)
Reply from host N1 timed out
116 bytes from N1 icmp_seq=67 ttl=50 time=2.06 ms	(same route)
116 bytes from N1 icmp_seq=68 ttl=50 time=1.24 ms	(same route)
116 bytes from N1 icmp_seq=69 ttl=50 time=1.16 ms	(same route)
116 bytes from N1 icmp_seq=70 ttl=50 time=6.19 ms	(same route)
116 bytes from N1 icmp_seq=71 ttl=50 time=1.25 ms	(same route)
116 bytes from N1 icmp_seq=72 ttl=50 time=1.18 ms	(same route)
116 bytes from N1 icmp_seq=73 ttl=50 time=4.21 ms	(same route)
116 bytes from N1 icmp_seq=74 ttl=50 time=392.46 ms	(same route)
116 bytes from N1 icmp_seq=75 ttl=50 time=687.01 ms	(same route)
Reply from host N1 timed out
116 bytes from N1 icmp_seq=77 ttl=50 time=604.99 ms	(same route)
116 bytes from N1 icmp_seq=78 ttl=50 time=1.20 ms	(same route)
116 bytes from N1 icmp_seq=79 ttl=50 time=240.87 ms	(same route)
116 bytes from N1 icmp_seq=80 ttl=50 time=8.08 ms	(same route)
116 bytes from N1 icmp_seq=81 ttl=50 time=149.10 ms	(same route)
116 bytes from N1 icmp_seq=82 ttl=50 time=1.50 ms	(same route)
116 bytes from N1 icmp_seq=83 ttl=50 time=171.48 ms	(same route)
116 bytes from N1 icmp_seq=84 ttl=50 time=142.31 ms	(same route)
116 bytes from N1 icmp_seq=85 ttl=50 time=152.44 ms	(same route)
116 bytes from N1 icmp_seq=86 ttl=50 time=131.63 ms	(same route)
116 bytes from N1 icmp_seq=87 ttl=50 time=1.91 ms	(same route)
116 bytes from N1 icmp_seq=88 ttl=49 time=11.19 ms
RR: 	N5
	N1
	N1
	N2
	N5

116 bytes from N1 icmp_seq=89 ttl=49 time=1.93 ms	(same route)
Reply from host N1 timed out
116 bytes from N1 icmp_seq=91 ttl=49 time=21.82 ms	(same route)
116 bytes from N1 icmp_seq=92 ttl=49 time=2.14 ms	(same route)
Reply from host N1 timed out
116 bytes from N1 icmp_seq=94 ttl=49 time=136.40 ms	(same route)
Reply from host N1 timed out
Reply from host N1 timed out
Reply from host N1 timed out
Reply from host N1 timed out
Reply from host N1 timed out
116 bytes from N1 icmp_seq=100 ttl=49 time=396.60 ms	(same route)
Reply from host N1 timed out
Reply from host N1 timed out
Reply from host N1 timed out
Reply from host N1 timed out
Reply from host N1 timed out
Reply from host N1 timed out
Reply from host N1 timed out
Reply from host N1 timed out
Reply from host N1 timed out
Reply from host N1 timed out
Reply from host N1 timed out
Reply from host N1 timed out
Reply from host N1 timed out
Reply from host N1 timed out
Reply from host N1 timed out
Reply from host N1 timed out
Reply from host N1 timed out
Reply from host N1 timed out
Reply from host N1 timed out
Reply from host N1 timed out
Reply from host N1 timed out
Reply from host N1 timed out
Reply from host N1 timed out
Reply from host N1 timed out
Reply from host N1 timed out
Reply from host N1 timed out
Reply from host N1 timed out
Reply from host N1 timed out
Reply from host N1 timed out
Reply from host N1 timed out
Reply from host N1 timed out
Reply from host N1 timed out
Reply from host N1 timed out
Reply from host N1 timed out
Reply from host N1 timed out
Reply from host N1 timed out
Reply from host N1 timed out
Reply from host N1 timed out
Reply from host N1 timed out
Reply from host N1 timed out
Reply from host N1 timed out
Reply from host N1 timed out
Reply from host N1 timed out
Reply from host N1 timed out
Reply from host N1 timed out
Reply from host N1 timed out
Reply from host N1 timed out
Reply from host N1 timed out
Reply from host N1 timed out
Reply from host N1 timed out
Reply from host N1 timed out
Reply from host N1 timed out
Reply from host N1 timed out
Reply from host N1 timed out
Reply from host N1 timed out
Reply from host N1 timed out
Reply from host N1 timed out
Reply from host N1 timed out
Reply from host N1 timed out
Reply from host N1 timed out
Reply from host N1 timed out
Reply from host N1 timed out
116 bytes from N1 icmp_seq=163 ttl=48 time=24.53 ms
RR: 	N5
	N3
	N2
	N1
	N1
	N3
	N4
	N5

116 bytes from N1 icmp_seq=164 ttl=48 time=594.01 ms	(same route)
Reply from host N1 timed out
Reply from host N1 timed out
116 bytes from N1 icmp_seq=167 ttl=48 time=0.03 ms	(same route)
116 bytes from N1 icmp_seq=168 ttl=48 time=657.45 ms	(same route)
116 bytes from N1 icmp_seq=169 ttl=48 time=681.22 ms	(same route)
116 bytes from N1 icmp_seq=170 ttl=47 time=457.77 ms
RR: 	N5
	N3
	N2
	N1
	N1
	N2
	N3
	N4
	N5

116 bytes from N1 icmp_seq=171 ttl=47 time=14.38 ms	(same route)
116 bytes from N1 icmp_seq=172 ttl=47 time=112.40 ms	(same route)
116 bytes from N1 icmp_seq=173 ttl=47 time=18.37 ms	(same route)
116 bytes from N1 icmp_seq=174 ttl=47 time=16.52 ms
RR: 	N5
	N4
	N3
	N2
	N1
	N1
	N2
	N3
	N4
	N5

116 bytes from N1 icmp_seq=175 ttl=47 time=87.09 ms	(same route)
116 bytes from N1 icmp_seq=176 ttl=47 time=4.89 ms	(same route)
116 bytes from N1 icmp_seq=177 ttl=47 time=128.05 ms	(same route)
116 bytes from N1 icmp_seq=178 ttl=47 time=10.88 ms	(same route)
116 bytes from N1 icmp_seq=179 ttl=47 time=20.16 ms	(same route)
116 bytes from N1 icmp_seq=180 ttl=47 time=9.01 ms	(same route)
116 bytes from N1 icmp_seq=181 ttl=47 time=68.64 ms	(same route)
116 bytes from N1 icmp_seq=182 ttl=47 time=4.96 ms
RR: 	N5
	N3
	N2
	N1
	N1
	N2
	N3
	N4
	N5

116 bytes from N1 icmp_seq=183 ttl=47 time=280.05 ms	(same route)
116 bytes from N1 icmp_seq=184 ttl=47 time=443.42 ms	(same route)
116 bytes from N1 icmp_seq=185 ttl=47 time=515.26 ms	(same route)
116 bytes from N1 icmp_seq=186 ttl=47 time=43.36 ms	(same route)
116 bytes from N1 icmp_seq=187 ttl=48 time=29.18 ms
RR: 	N5
	N3
	N2
	N1
	N1
	N2
	N3
	N5

116 bytes from N1 icmp_seq=188 ttl=48 time=939.94 ms	(same route)
116 bytes from N1 icmp_seq=189 ttl=48 time=60.53 ms	(same route)
Reply from host N1 timed out
116 bytes from N1 icmp_seq=191 ttl=48 time=4.20 ms	(same route)
Reply from host N1 timed out
116 bytes from N1 icmp_seq=193 ttl=48 time=356.59 ms	(same route)
116 bytes from N1 icmp_seq=194 ttl=48 time=229.06 ms	(same route)
116 bytes from N1 icmp_seq=195 ttl=48 time=82.85 ms	(same route)
116 bytes from N1 icmp_seq=196 ttl=48 time=439.22 ms	(same route)
Reply from host N1 timed out
116 bytes from N1 icmp_seq=198 ttl=48 time=680.31 ms	(same route)
Reply from host N1 timed out
Reply from host N1 timed out
Reply from host N1 timed out
Reply from host N1 timed out
116 bytes from N1 icmp_seq=203 ttl=48 time=44.74 ms	(same route)
116 bytes from N1 icmp_seq=204 ttl=48 time=7.50 ms	(same route)
116 bytes from N1 icmp_seq=205 ttl=48 time=81.19 ms	(same route)
116 bytes from N1 icmp_seq=206 ttl=48 time=39.13 ms	(same route)
116 bytes from N1 icmp_seq=207 ttl=48 time=6.01 ms	(same route)
116 bytes from N1 icmp_seq=208 ttl=48 time=427.59 ms	(same route)
116 bytes from N1 icmp_seq=209 ttl=48 time=169.76 ms
RR: 	N5
	N2
	N1
	N1
	N2
	N3
	N5

116 bytes from N1 icmp_seq=210 ttl=48 time=390.95 ms	(same route)
116 bytes from N1 icmp_seq=211 ttl=48 time=20.37 ms	(same route)
116 bytes from N1 icmp_seq=212 ttl=48 time=16.08 ms	(same route)
116 bytes from N1 icmp_seq=213 ttl=48 time=117.59 ms	(same route)
116 bytes from N1 icmp_seq=214 ttl=48 time=47.51 ms	(same route)
116 bytes from N1 icmp_seq=215 ttl=48 time=61.82 ms	(same route)
116 bytes from N1 icmp_seq=216 ttl=48 time=3.85 ms	(same route)
116 bytes from N1 icmp_seq=217 ttl=48 time=127.53 ms	(same route)
116 bytes from N1 icmp_seq=218 ttl=48 time=41.26 ms	(same route)
116 bytes from N1 icmp_seq=219 ttl=50 time=5.86 ms
RR: 	N5
	N2
	N1
	N1
	N5

116 bytes from N1 icmp_seq=220 ttl=50 time=105.81 ms	(same route)
116 bytes from N1 icmp_seq=221 ttl=50 time=7.17 ms	(same route)
116 bytes from N1 icmp_seq=222 ttl=50 time=3.55 ms
RR: 	N5
	N1
	N1
	N5

116 bytes from N1 icmp_seq=223 ttl=50 time=5.49 ms	(same route)
116 bytes from N1 icmp_seq=224 ttl=50 time=105.47 ms	(same route)
116 bytes from N1 icmp_seq=225 ttl=50 time=90.92 ms	(same route)
116 bytes from N1 icmp_seq=226 ttl=50 time=26.23 ms	(same route)
116 bytes from N1 icmp_seq=227 ttl=50 time=11.34 ms	(same route)
116 bytes from N1 icmp_seq=228 ttl=50 time=1.28 ms	(same route)
116 bytes from N1 icmp_seq=229 ttl=50 time=2.90 ms	(same route)
116 bytes from N1 icmp_seq=230 ttl=50 time=123.88 ms	(same route)
116 bytes from N1 icmp_seq=231 ttl=50 time=1.49 ms	(same route)
116 bytes from N1 icmp_seq=232 ttl=50 time=5.51 ms	(same route)
116 bytes from N1 icmp_seq=233 ttl=50 time=35.96 ms	(same route)
116 bytes from N1 icmp_seq=234 ttl=50 time=43.07 ms	(same route)
116 bytes from N1 icmp_seq=235 ttl=50 time=446.07 ms	(same route)
116 bytes from N1 icmp_seq=236 ttl=50 time=221.76 ms	(same route)
116 bytes from N1 icmp_seq=237 ttl=50 time=28.48 ms	(same route)
116 bytes from N1 icmp_seq=238 ttl=50 time=6.66 ms	(same route)
116 bytes from N1 icmp_seq=239 ttl=50 time=1.10 ms	(same route)
116 bytes from N1 icmp_seq=240 ttl=50 time=16.20 ms	(same route)
116 bytes from N1 icmp_seq=241 ttl=50 time=1.11 ms	(same route)
116 bytes from N1 icmp_seq=242 ttl=50 time=8.96 ms	(same route)
116 bytes from N1 icmp_seq=243 ttl=50 time=120.94 ms	(same route)
116 bytes from N1 icmp_seq=244 ttl=50 time=244.12 ms	(same route)
116 bytes from N1 icmp_seq=245 ttl=50 time=160.73 ms	(same route)
116 bytes from N1 icmp_seq=246 ttl=50 time=200.17 ms	(same route)
116 bytes from N1 icmp_seq=247 ttl=50 time=65.36 ms	(same route)
116 bytes from N1 icmp_seq=248 ttl=50 time=57.50 ms	(same route)
116 bytes from N1 icmp_seq=249 ttl=50 time=4.70 ms	(same route)
116 bytes from N1 icmp_seq=250 ttl=50 time=224.58 ms	(same route)
116 bytes from N1 icmp_seq=251 ttl=50 time=1.12 ms	(same route)
116 bytes from N1 icmp_seq=252 ttl=50 time=34.17 ms	(same route)
116 bytes from N1 icmp_seq=253 ttl=50 time=43.13 ms	(same route)
116 bytes from N1 icmp_seq=254 ttl=50 time=45.19 ms	(same route)
116 bytes from N1 icmp_seq=255 ttl=50 time=1.08 ms	(same route)
116 bytes from N1 icmp_seq=256 ttl=50 time=49.01 ms	(same route)
116 bytes from N1 icmp_seq=257 ttl=50 time=1.10 ms	(same route)
116 bytes from N1 icmp_seq=258 ttl=50 time=1.07 ms	(same route)
116 bytes from N1 icmp_seq=259 ttl=50 time=1.10 ms	(same route)
116 bytes from N1 icmp_seq=260 ttl=50 time=122.44 ms	(same route)
116 bytes from N1 icmp_seq=261 ttl=50 time=1.59 ms	(same route)
116 bytes from N1 icmp_seq=262 ttl=50 time=55.17 ms	(same route)
116 bytes from N1 icmp_seq=263 ttl=50 time=36.85 ms	(same route)
116 bytes from N1 icmp_seq=264 ttl=50 time=21.23 ms	(same route)
116 bytes from N1 icmp_seq=265 ttl=50 time=2.90 ms	(same route)
116 bytes from N1 icmp_seq=266 ttl=50 time=1.49 ms	(same route)
116 bytes from N1 icmp_seq=267 ttl=50 time=5.00 ms	(same route)
116 bytes from N1 icmp_seq=268 ttl=50 time=4.36 ms	(same route)
116 bytes from N1 icmp_seq=269 ttl=50 time=1.08 ms	(same route)
116 bytes from N1 icmp_seq=270 ttl=50 time=1.06 ms	(same route)
116 bytes from N1 icmp_seq=271 ttl=50 time=36.79 ms	(same route)
116 bytes from N1 icmp_seq=272 ttl=50 time=1.17 ms	(same route)
116 bytes from N1 icmp_seq=273 ttl=50 time=115.96 ms	(same route)
116 bytes from N1 icmp_seq=274 ttl=50 time=101.68 ms	(same route)
116 bytes from N1 icmp_seq=275 ttl=50 time=4.25 ms	(same route)
116 bytes from N1 icmp_seq=276 ttl=50 time=67.59 ms	(same route)
116 bytes from N1 icmp_seq=277 ttl=50 time=2.97 ms	(same route)
116 bytes from N1 icmp_seq=278 ttl=50 time=1.11 ms	(same route)
116 bytes from N1 icmp_seq=279 ttl=50 time=1.22 ms	(same route)
116 bytes from N1 icmp_seq=280 ttl=50 time=1.10 ms	(same route)
116 bytes from N1 icmp_seq=281 ttl=50 time=5.79 ms	(same route)
116 bytes from N1 icmp_seq=282 ttl=50 time=1.11 ms	(same route)
116 bytes from N1 icmp_seq=283 ttl=50 time=11.04 ms	(same route)
116 bytes from N1 icmp_seq=284 ttl=50 time=1.21 ms	(same route)
116 bytes from N1 icmp_seq=285 ttl=50 time=6.71 ms	(same route)
116 bytes from N1 icmp_seq=286 ttl=50 time=1.10 ms	(same route)
116 bytes from N1 icmp_seq=287 ttl=50 time=4.91 ms	(same route)
116 bytes from N1 icmp_seq=288 ttl=50 time=0.74 ms	(same route)
116 bytes from N1 icmp_seq=289 ttl=50 time=10.83 ms	(same route)
116 bytes from N1 icmp_seq=290 ttl=50 time=1.06 ms	(same route)
116 bytes from N1 icmp_seq=291 ttl=50 time=17.71 ms	(same route)
116 bytes from N1 icmp_seq=292 ttl=50 time=1.15 ms	(same route)
116 bytes from N1 icmp_seq=293 ttl=50 time=1.14 ms	(same route)
116 bytes from N1 icmp_seq=294 ttl=50 time=1.10 ms	(same route)
116 bytes from N1 icmp_seq=295 ttl=50 time=3.15 ms	(same route)
116 bytes from N1 icmp_seq=296 ttl=50 time=1.35 ms	(same route)
116 bytes from N1 icmp_seq=297 ttl=50 time=1.16 ms	(same route)
116 bytes from N1 icmp_seq=298 ttl=50 time=1.10 ms	(same route)
116 bytes from N1 icmp_seq=299 ttl=50 time=89.24 ms	(same route)
116 bytes from N1 icmp_seq=300 ttl=50 time=2.60 ms	(same route)
--- N1 ping statistics ---
316 packets transmitted, 220 received, 30% packet loss
rtt min/avg/max/mdev = 0.028/83.668/939.944/156.432 ms
