1 1 N5 N1 46 0.250 0
1 2 N5 N2 157 0.250 0
1 3 N5 N5 221 0.250 1
1 4 N1 N5 192 0.550 1
1 5 N1 N2 165 0.550 0
1 6 N1 N1 55 0.550 0
1 7 N2 N5 166 0.260 0
1 8 N2 N1 44 0.260 0
1 9 N2 N2 216 0.260 1
1 10 N4 N5 0 0.780 0
1 11 N4 N1 19 0.780 0
1 12 N4 N4 219 0.780 1
2 1 N5 N1 46 0.240 0
2 2 N5 N2 155 0.240 0
2 3 N5 N5 220 0.240 1
2 4 N1 N5 183 0.050 1
2 5 N1 N2 153 0.050 0
2 6 N1 N1 54 0.050 0
2 7 N2 N5 166 0.880 0
2 8 N2 N1 44 0.880 0
2 9 N2 N2 215 0.880 1
2 10 N4 N5 0 0.550 0
2 11 N4 N1 19 0.550 0
2 12 N4 N4 221 0.550 1
3 1 N5 N1 46 0.210 0
3 2 N5 N2 154 0.210 0
3 3 N5 N5 220 0.210 1
3 4 N1 N5 178 0.210 1
3 5 N1 N2 153 0.210 0
3 6 N1 N1 54 0.210 0
3 7 N2 N5 166 0.840 0
3 8 N2 N1 44 0.840 0
3 9 N2 N2 213 0.840 1
3 10 N4 N5 0 0.630 0
3 11 N4 N1 20 0.630 0
3 12 N4 N4 223 0.630 1
4 1 N5 N1 45 0.270 0
4 2 N5 N2 154 0.270 0
4 3 N5 N5 215 0.270 1
4 4 N1 N5 172 0.200 1
4 5 N1 N2 148 0.200 0
4 6 N1 N1 55 0.200 0
4 7 N2 N5 158 0.390 0
4 8 N2 N1 45 0.390 0
4 9 N2 N2 210 0.390 1
4 10 N4 N5 0 0.160 0
4 11 N4 N1 23 0.160 0
4 12 N4 N4 225 0.160 1
5 1 N5 N1 47 0.340 0
5 2 N5 N2 153 0.340 0
5 3 N5 N5 208 0.340 1
5 4 N1 N5 166 0.240 1
5 5 N1 N2 140 0.240 0
5 6 N1 N1 55 0.240 0
5 7 N2 N5 138 0.060 0
5 8 N2 N1 45 0.060 0
5 9 N2 N2 207 0.070 1
5 10 N4 N5 0 0.060 0
5 11 N4 N1 23 0.060 0
5 12 N4 N4 229 0.060 1
6 1 N5 N1 48 0.400 0
6 2 N5 N2 154 0.400 0
6 3 N5 N5 205 0.400 1
6 4 N1 N5 161 0.340 1
6 5 N1 N2 138 0.340 0
6 6 N1 N1 55 0.340 0
6 7 N2 N5 133 0.120 0
6 8 N2 N1 48 0.120 0
6 9 N2 N2 206 0.120 1
6 10 N4 N5 0 0.100 0
6 11 N4 N1 23 0.100 0
6 12 N4 N4 231 0.100 1
7 1 N5 N1 50 0.030 0
7 2 N5 N2 154 0.030 0
7 3 N5 N5 201 0.030 1
7 4 N1 N5 155 0.000 1
7 5 N1 N2 136 0.000 0
7 6 N1 N1 57 0.000 0
7 7 N2 N5 129 0.040 0
7 8 N2 N1 50 0.040 0
7 9 N2 N2 204 0.040 1
7 10 N4 N5 0 0.000 0
7 11 N4 N1 24 0.000 0
7 12 N4 N4 235 0.000 1
8 1 N5 N1 52 0.110 0
8 2 N5 N2 156 0.110 0
8 3 N5 N5 199 0.110 1
8 4 N1 N5 153 0.090 1
8 5 N1 N2 137 0.090 0
8 6 N1 N1 59 0.090 0
8 7 N2 N5 129 0.110 0
8 8 N2 N1 53 0.110 0
8 9 N2 N2 203 0.110 1
8 10 N4 N5 0 0.250 0
8 11 N4 N1 25 0.250 0
8 12 N4 N4 239 0.250 1
9 1 N5 N1 52 0.170 0
9 2 N5 N2 159 0.170 0
9 3 N5 N5 194 0.170 1
9 4 N1 N5 151 0.010 1
9 5 N1 N2 137 0.010 0
9 6 N1 N1 59 0.010 0
9 7 N2 N5 129 0.290 0
9 8 N2 N1 53 0.290 0
9 9 N2 N2 204 0.290 1
9 10 N4 N5 0 0.310 0
9 11 N4 N1 26 0.310 0
9 12 N4 N4 241 0.310 1
10 1 N5 N1 53 0.090 0
10 2 N5 N2 160 0.090 0
10 3 N5 N5 192 0.090 1
10 4 N1 N5 149 0.110 1
10 5 N1 N2 137 0.110 0
10 6 N1 N1 60 0.110 0
10 7 N2 N5 126 0.360 0
10 8 N2 N1 53 0.360 0
10 9 N2 N2 205 0.360 1
10 10 N4 N5 0 0.360 0
10 11 N4 N1 27 0.360 0
10 12 N4 N4 242 0.360 1
11 1 N5 N1 55 0.140 0
11 2 N5 N2 159 0.140 0
11 3 N5 N5 192 0.140 1
11 4 N1 N5 148 0.180 1
11 5 N1 N2 137 0.180 0
11 6 N1 N1 62 0.180 0
11 7 N2 N5 123 0.330 0
11 8 N2 N1 55 0.330 0
11 9 N2 N2 205 0.330 1
11 10 N4 N5 0 0.420 0
11 11 N4 N1 28 0.420 0
11 12 N4 N4 243 0.420 1
12 1 N5 N1 56 0.150 0
12 2 N5 N2 157 0.150 0
12 3 N5 N5 190 0.150 1
12 4 N1 N5 147 0.210 1
12 5 N1 N2 138 0.210 0
12 6 N1 N1 63 0.210 0
12 7 N2 N5 121 0.400 0
12 8 N2 N1 56 0.400 0
12 9 N2 N2 205 0.400 1
12 10 N4 N5 0 0.510 0
12 11 N4 N1 28 0.510 0
12 12 N4 N4 244 0.510 1
13 1 N5 N1 56 0.290 0
13 2 N5 N2 155 0.290 0
13 3 N5 N5 188 0.290 1
13 4 N1 N5 146 0.240 1
13 5 N1 N2 137 0.240 0
13 6 N1 N1 64 0.240 0
13 7 N2 N5 116 0.070 0
13 8 N2 N1 57 0.070 0
13 9 N2 N2 203 0.070 1
13 10 N4 N5 0 0.570 0
13 11 N4 N1 29 0.570 0
13 12 N4 N4 244 0.570 1
14 1 N5 N1 58 0.390 0
14 2 N5 N2 153 0.390 0
14 3 N5 N5 186 0.390 1
14 4 N1 N5 141 0.310 1
14 5 N1 N2 135 0.310 0
14 6 N1 N1 66 0.310 0
14 7 N2 N5 117 0.020 0
14 8 N2 N1 59 0.020 0
14 9 N2 N2 202 0.020 1
14 10 N4 N5 0 0.660 0
14 11 N4 N1 29 0.660 0
14 12 N4 N4 245 0.660 1
15 1 N5 N1 60 0.070 0
15 2 N5 N2 151 0.070 0
15 3 N5 N5 181 0.070 1
15 4 N1 N5 140 0.360 1
15 5 N1 N2 135 0.360 0
15 6 N1 N1 68 0.360 0
15 7 N2 N5 117 0.100 0
15 8 N2 N1 61 0.100 0
15 9 N2 N2 200 0.100 1
15 10 N4 N5 0 0.230 0
15 11 N4 N1 34 0.230 0
15 12 N4 N4 245 0.230 1
16 1 N5 N1 62 0.100 0
16 2 N5 N2 151 0.100 0
16 3 N5 N5 181 0.100 1
16 4 N1 N5 140 0.410 1
16 5 N1 N2 135 0.410 0
16 6 N1 N1 70 0.410 0
16 7 N2 N5 118 0.250 0
16 8 N2 N1 63 0.250 0
16 9 N2 N2 198 0.250 1
16 10 N4 N5 0 1.050 0
16 11 N4 N1 38 1.050 0
16 12 N4 N4 245 1.050 1
17 1 N5 N1 66 0.060 0
17 2 N5 N2 153 0.060 0
17 3 N5 N5 183 0.060 1
17 4 N1 N5 141 0.070 1
17 5 N1 N2 136 0.070 0
17 6 N1 N1 73 0.070 0
17 7 N2 N5 119 0.220 0
17 8 N2 N1 69 0.220 0
17 9 N2 N2 196 0.220 1
17 10 N4 N5 0 0.410 0
17 11 N4 N1 38 0.410 0
17 12 N4 N4 245 0.410 1
18 1 N5 N1 68 0.100 0
18 2 N5 N2 152 0.100 0
18 3 N5 N5 181 0.100 1
18 4 N1 N5 139 0.030 1
18 5 N1 N2 136 0.030 0
18 6 N1 N1 77 0.030 0
18 7 N2 N5 117 0.260 0
18 8 N2 N1 73 0.260 0
18 9 N2 N2 195 0.260 1
18 10 N4 N5 0 0.650 0
18 11 N4 N1 40 0.650 0
18 12 N4 N4 245 0.650 1
19 1 N5 N1 73 0.660 0
19 2 N5 N2 152 0.660 0
19 3 N5 N5 178 0.660 1
19 4 N1 N5 137 0.090 1
19 5 N1 N2 138 0.090 0
19 6 N1 N1 81 0.090 0
19 7 N2 N5 117 0.310 0
19 8 N2 N1 76 0.310 0
19 9 N2 N2 194 0.310 1
19 10 N4 N5 0 0.540 0
19 11 N4 N1 40 0.540 0
19 12 N4 N4 244 0.540 1
20 1 N5 N1 75 0.200 0
20 2 N5 N2 151 0.200 0
20 3 N5 N5 174 0.200 1
20 4 N1 N5 134 0.190 1
20 5 N1 N2 139 0.190 0
20 6 N1 N1 86 0.190 0
20 7 N2 N5 113 0.360 0
20 8 N2 N1 78 0.360 0
20 9 N2 N2 195 0.360 1
20 10 N4 N5 0 0.090 0
20 11 N4 N1 42 0.090 0
20 12 N4 N4 243 0.090 1
21 1 N5 N1 81 0.270 0
21 2 N5 N2 151 0.270 0
21 3 N5 N5 172 0.270 1
21 4 N1 N5 134 0.760 1
21 5 N1 N2 139 0.760 0
21 6 N1 N1 86 0.760 0
21 7 N2 N5 110 0.020 0
21 8 N2 N1 78 0.020 0
21 9 N2 N2 196 0.020 1
21 10 N4 N5 0 0.150 0
21 11 N4 N1 42 0.150 0
21 12 N4 N4 242 0.150 1
22 1 N5 N1 82 0.300 0
22 2 N5 N2 148 0.300 0
22 3 N5 N5 170 0.300 1
22 4 N1 N5 128 0.260 1
22 5 N1 N2 139 0.260 0
22 6 N1 N1 90 0.260 0
22 7 N2 N5 107 0.080 0
22 8 N2 N1 78 0.080 0
22 9 N2 N2 196 0.080 1
22 10 N4 N5 0 0.050 0
22 11 N4 N1 42 0.050 0
22 12 N4 N4 241 0.050 1
23 1 N5 N1 82 0.510 0
23 2 N5 N2 145 0.510 0
23 3 N5 N5 167 0.510 1
23 4 N1 N5 124 0.340 1
23 5 N1 N2 140 0.340 0
23 6 N1 N1 92 0.340 0
23 7 N2 N5 106 0.040 0
23 8 N2 N1 80 0.040 0
23 9 N2 N2 196 0.040 1
23 10 N4 N5 0 0.290 0
23 11 N4 N1 42 0.290 0
23 12 N4 N4 241 0.290 1
24 1 N5 N1 83 0.430 0
24 2 N5 N2 142 0.430 0
24 3 N5 N5 166 0.430 1
24 4 N1 N5 123 0.400 0
24 5 N1 N2 140 0.400 1
24 6 N1 N1 94 0.400 0
24 7 N2 N5 105 0.110 0
24 8 N2 N1 82 0.110 0
24 9 N2 N2 196 0.110 1
24 10 N4 N5 0 0.350 0
24 11 N4 N1 42 0.350 0
24 12 N4 N4 240 0.350 1
25 1 N5 N1 83 0.500 0
25 2 N5 N2 142 0.500 0
25 3 N5 N5 163 0.500 1
25 4 N1 N5 121 0.070 0
25 5 N1 N2 140 0.070 1
25 6 N1 N1 96 0.070 0
25 7 N2 N5 103 0.180 0
25 8 N2 N1 85 0.180 0
25 9 N2 N2 196 0.180 1
25 10 N4 N5 0 0.420 0
25 11 N4 N1 42 0.420 0
25 12 N4 N4 240 0.420 1
26 1 N5 N1 85 0.030 0
26 2 N5 N2 142 0.030 0
26 3 N5 N5 156 0.030 1
26 4 N1 N5 121 0.020 0
26 5 N1 N2 140 0.020 1
26 6 N1 N1 97 0.020 0
26 7 N2 N5 101 0.330 0
26 8 N2 N1 86 0.330 0
26 9 N2 N2 196 0.330 1
26 10 N4 N5 0 0.470 0
26 11 N4 N1 44 0.470 0
26 12 N4 N4 241 0.470 1
27 1 N5 N1 85 0.090 0
27 2 N5 N2 141 0.090 0
27 3 N5 N5 150 0.090 1
27 4 N1 N5 118 0.050 0
27 5 N1 N2 139 0.050 1
27 6 N1 N1 98 0.050 0
27 7 N2 N5 101 0.300 0
27 8 N2 N1 85 0.300 0
27 9 N2 N2 195 0.300 1
27 10 N4 N5 0 0.030 0
27 11 N4 N1 46 0.030 0
27 12 N4 N4 241 0.030 1
28 1 N5 N1 85 0.130 0
28 2 N5 N2 141 0.130 0
28 3 N5 N5 143 0.130 1
28 4 N1 N5 111 0.120 0
28 5 N1 N2 140 0.120 1
28 6 N1 N1 98 0.120 0
28 7 N2 N5 101 0.340 0
28 8 N2 N1 87 0.340 0
28 9 N2 N2 194 0.340 1
28 10 N4 N5 0 0.120 0
28 11 N4 N1 49 0.120 0
28 12 N4 N4 243 0.120 1
29 1 N5 N1 84 0.190 0
29 2 N5 N2 144 0.190 0
29 3 N5 N5 142 0.190 1
29 4 N1 N5 109 0.160 0
29 5 N1 N2 141 0.160 1
29 6 N1 N1 98 0.160 0
29 7 N2 N5 102 0.390 0
29 8 N2 N1 86 0.390 0
29 9 N2 N2 194 0.390 1
29 10 N4 N5 0 0.200 0
29 11 N4 N1 51 0.200 0
29 12 N4 N4 243 0.200 1
30 1 N5 N1 84 0.240 0
30 2 N5 N2 145 0.240 0
30 3 N5 N5 141 0.240 1
30 4 N1 N5 110 0.160 0
30 5 N1 N2 143 0.160 1
30 6 N1 N1 99 0.160 0
30 7 N2 N5 102 0.060 0
30 8 N2 N1 86 0.060 0
30 9 N2 N2 196 0.060 1
30 10 N4 N5 0 0.260 0
30 11 N4 N1 53 0.260 0
30 12 N4 N4 243 0.260 1
31 1 N5 N1 83 0.290 0
31 2 N5 N2 145 0.290 0
31 3 N5 N5 140 0.290 1
31 4 N1 N5 111 0.280 0
31 5 N1 N2 144 0.280 1
31 6 N1 N1 99 0.280 0
31 7 N2 N5 104 0.000 0
31 8 N2 N1 86 0.000 0
31 9 N2 N2 196 0.000 1
31 10 N4 N5 70 0.330 0
31 11 N4 N1 53 0.330 0
31 12 N4 N4 243 0.330 1
32 1 N5 N1 82 0.390 0
32 2 N5 N2 146 0.390 0
32 3 N5 N5 140 0.390 1
32 4 N1 N5 113 0.390 0
32 5 N1 N2 149 0.390 1
32 6 N1 N1 99 0.390 0
32 7 N2 N5 109 0.060 0
32 8 N2 N1 87 0.060 0
32 9 N2 N2 197 0.060 1
32 10 N4 N5 70 0.450 0
32 11 N4 N1 55 0.450 0
32 12 N4 N4 242 0.450 1
33 1 N5 N1 82 0.600 0
33 2 N5 N2 148 0.600 0
33 3 N5 N5 140 0.600 1
33 4 N1 N5 115 0.070 0
33 5 N1 N2 156 0.070 1
33 6 N1 N1 98 0.070 0
33 7 N2 N5 110 0.220 0
33 8 N2 N1 87 0.220 0
33 9 N2 N2 199 0.220 1
33 10 N4 N5 70 0.480 0
33 11 N4 N1 55 0.480 0
33 12 N4 N4 242 0.480 1
34 1 N5 N1 82 0.090 0
34 2 N5 N2 146 0.090 0
34 3 N5 N5 139 0.090 1
34 4 N1 N5 115 0.050 0
34 5 N1 N2 158 0.050 1
34 6 N1 N1 97 0.050 0
34 7 N2 N5 112 0.180 0
34 8 N2 N1 86 0.180 0
34 9 N2 N2 200 0.180 1
34 10 N4 N5 71 0.080 0
34 11 N4 N1 55 0.080 0
34 12 N4 N4 240 0.080 1
35 1 N5 N1 84 0.170 0
35 2 N5 N2 145 0.170 0
35 3 N5 N5 140 0.170 1
35 4 N1 N5 114 0.130 0
35 5 N1 N2 161 0.130 1
35 6 N1 N1 99 0.130 0
35 7 N2 N5 113 0.370 0
35 8 N2 N1 86 0.370 0
35 9 N2 N2 202 0.370 1
35 10 N4 N5 73 0.170 0
35 11 N4 N1 56 0.170 0
35 12 N4 N4 238 0.170 1
36 1 N5 N1 85 0.230 0
36 2 N5 N2 145 0.230 0
36 3 N5 N5 141 0.230 1
36 4 N1 N5 116 0.220 0
36 5 N1 N2 164 0.220 1
36 6 N1 N1 101 0.220 0
36 7 N2 N5 114 0.300 0
36 8 N2 N1 87 0.300 0
36 9 N2 N2 203 0.300 1
36 10 N4 N5 73 0.230 0
36 11 N4 N1 56 0.230 0
36 12 N4 N4 236 0.230 1
37 1 N5 N1 85 0.280 0
37 2 N5 N2 144 0.280 0
37 3 N5 N5 143 0.280 1
37 4 N1 N5 119 0.290 0
37 5 N1 N2 166 0.290 1
37 6 N1 N1 102 0.290 0
37 7 N2 N5 118 0.390 0
37 8 N2 N1 88 0.390 0
37 9 N2 N2 205 0.390 1
37 10 N4 N5 76 0.290 0
37 11 N4 N1 56 0.290 0
37 12 N4 N4 233 0.290 1
38 1 N5 N1 85 0.340 0
38 2 N5 N2 145 0.340 0
38 3 N5 N5 144 0.340 1
38 4 N1 N5 123 0.340 0
38 5 N1 N2 170 0.340 1
38 6 N1 N1 102 0.340 0
38 7 N2 N5 122 0.090 0
38 8 N2 N1 89 0.090 0
38 9 N2 N2 208 0.090 1
38 10 N4 N5 78 0.530 0
38 11 N4 N1 57 0.530 0
38 12 N4 N4 233 0.530 1
39 1 N5 N1 87 0.400 0
39 2 N5 N2 147 0.400 0
39 3 N5 N5 145 0.400 1
39 4 N1 N5 128 0.410 0
39 5 N1 N2 171 0.410 1
39 6 N1 N1 104 0.410 0
39 7 N2 N5 128 0.050 0
39 8 N2 N1 92 0.050 0
39 9 N2 N2 209 0.050 1
39 10 N4 N5 78 0.390 0
39 11 N4 N1 59 0.390 0
39 12 N4 N4 231 0.390 1
40 1 N5 N1 87 0.040 0
40 2 N5 N2 148 0.040 0
40 3 N5 N5 148 0.040 1
40 4 N1 N5 128 0.050 0
40 5 N1 N2 172 0.050 1
40 6 N1 N1 106 0.050 0
40 7 N2 N5 133 0.090 0
40 8 N2 N1 94 0.090 0
40 9 N2 N2 210 0.090 1
40 10 N4 N5 79 0.440 0
40 11 N4 N1 59 0.440 0
40 12 N4 N4 229 0.440 1
41 1 N5 N1 89 0.100 0
41 2 N5 N2 149 0.100 0
41 3 N5 N5 151 0.100 1
41 4 N1 N5 133 0.120 0
41 5 N1 N2 173 0.120 1
41 6 N1 N1 107 0.120 0
41 7 N2 N5 136 0.150 0
41 8 N2 N1 95 0.150 0
41 9 N2 N2 212 0.150 1
41 10 N4 N5 80 0.160 0
41 11 N4 N1 59 0.160 0
41 12 N4 N4 228 0.160 1
42 1 N5 N1 91 0.180 0
42 2 N5 N2 154 0.180 0
42 3 N5 N5 153 0.180 1
42 4 N1 N5 135 0.080 0
42 5 N1 N2 178 0.080 1
42 6 N1 N1 110 0.080 0
42 7 N2 N5 137 0.210 0
42 8 N2 N1 95 0.210 0
42 9 N2 N2 215 0.210 1
42 10 N4 N5 80 0.030 0
42 11 N4 N1 59 0.030 0
42 12 N4 N4 228 0.030 1
43 1 N5 N1 90 0.110 0
43 2 N5 N2 160 0.110 0
43 3 N5 N5 156 0.110 1
43 4 N1 N5 139 0.170 0
43 5 N1 N2 182 0.170 1
43 6 N1 N1 111 0.170 0
43 7 N2 N5 141 0.230 0
43 8 N2 N1 95 0.230 0
43 9 N2 N2 218 0.230 1
43 10 N4 N5 82 0.110 0
43 11 N4 N1 59 0.110 0
43 12 N4 N4 228 0.110 1
44 1 N5 N1 89 0.180 0
44 2 N5 N2 168 0.180 0
44 3 N5 N5 159 0.180 1
44 4 N1 N5 143 0.270 0
44 5 N1 N2 187 0.270 1
44 6 N1 N1 112 0.270 0
44 7 N2 N5 142 0.310 0
44 8 N2 N1 95 0.310 0
44 9 N2 N2 221 0.310 1
44 10 N4 N5 85 0.880 0
44 11 N4 N1 59 0.880 0
44 12 N4 N4 228 0.880 1
45 1 N5 N1 88 0.250 0
45 2 N5 N2 170 0.250 0
45 3 N5 N5 163 0.250 1
45 4 N1 N5 147 0.320 0
45 5 N1 N2 189 0.320 1
45 6 N1 N1 113 0.320 0
45 7 N2 N5 145 0.340 0
45 8 N2 N1 96 0.340 0
45 9 N2 N2 225 0.340 1
45 10 N4 N5 86 0.400 0
45 11 N4 N1 59 0.400 0
45 12 N4 N4 228 0.400 1
46 1 N5 N1 84 0.380 0
46 2 N5 N2 170 0.380 0
46 3 N5 N5 166 0.380 1
46 4 N1 N5 149 0.440 0
46 5 N1 N2 188 0.440 1
46 6 N1 N1 113 0.440 0
46 7 N2 N5 150 0.480 0
46 8 N2 N1 95 0.480 0
46 9 N2 N2 228 0.480 1
46 10 N4 N5 89 0.410 0
46 11 N4 N1 58 0.410 0
46 12 N4 N4 228 0.410 1
47 1 N5 N1 82 0.080 0
47 2 N5 N2 168 0.080 0
47 3 N5 N5 168 0.080 1
47 4 N1 N5 151 0.040 0
47 5 N1 N2 188 0.040 1
47 6 N1 N1 112 0.040 0
47 7 N2 N5 155 0.000 0
47 8 N2 N1 92 0.000 0
47 9 N2 N2 233 0.000 1
47 10 N4 N5 89 0.160 0
47 11 N4 N1 58 0.160 0
47 12 N4 N4 227 0.160 1
48 1 N5 N1 79 0.020 0
48 2 N5 N2 167 0.020 0
48 3 N5 N5 171 0.020 1
48 4 N1 N5 157 0.080 0
48 5 N1 N2 185 0.080 1
48 6 N1 N1 110 0.080 0
48 7 N2 N5 159 0.090 0
48 8 N2 N1 90 0.090 0
48 9 N2 N2 235 0.090 1
48 10 N4 N5 91 0.040 0
48 11 N4 N1 55 0.040 0
48 12 N4 N4 226 0.040 1
49 1 N5 N1 75 0.070 0
49 2 N5 N2 167 0.070 0
49 3 N5 N5 177 0.070 1
49 4 N1 N5 162 0.160 0
49 5 N1 N2 183 0.160 1
49 6 N1 N1 107 0.160 0
49 7 N2 N5 162 0.150 0
49 8 N2 N1 87 0.150 0
49 9 N2 N2 235 0.150 1
49 10 N4 N5 92 0.110 0
49 11 N4 N1 54 0.110 0
49 12 N4 N4 225 0.110 1
50 1 N5 N1 73 0.150 0
50 2 N5 N2 168 0.150 0
50 3 N5 N5 182 0.150 1
50 4 N1 N5 166 0.220 0
50 5 N1 N2 182 0.220 1
50 6 N1 N1 103 0.220 0
50 7 N2 N5 166 0.200 0
50 8 N2 N1 83 0.200 0
50 9 N2 N2 234 0.200 1
50 10 N4 N5 92 0.190 0
50 11 N4 N1 54 0.190 0
50 12 N4 N4 225 0.190 1
51 1 N5 N1 70 0.210 0
51 2 N5 N2 170 0.210 0
51 3 N5 N5 185 0.210 1
51 4 N1 N5 169 0.280 0
51 5 N1 N2 182 0.280 1
51 6 N1 N1 101 0.280 0
51 7 N2 N5 171 0.250 0
51 8 N2 N1 81 0.250 0
51 9 N2 N2 233 0.250 1
51 10 N4 N5 96 0.010 0
51 11 N4 N1 54 0.010 0
51 12 N4 N4 226 0.010 1
52 1 N5 N1 70 0.260 0
52 2 N5 N2 173 0.260 0
52 3 N5 N5 189 0.260 1
52 4 N1 N5 172 0.330 0
52 5 N1 N2 182 0.330 1
52 6 N1 N1 98 0.330 0
52 7 N2 N5 172 0.330 0
52 8 N2 N1 81 0.330 0
52 9 N2 N2 232 0.330 1
52 10 N4 N5 99 0.350 0
52 11 N4 N1 48 0.350 0
52 12 N4 N4 227 0.350 1
53 1 N5 N1 68 0.290 0
53 2 N5 N2 174 0.290 0
53 3 N5 N5 191 0.290 1
53 4 N1 N5 173 0.380 0
53 5 N1 N2 181 0.380 1
53 6 N1 N1 94 0.380 0
53 7 N2 N5 173 0.530 0
53 8 N2 N1 78 0.530 0
53 9 N2 N2 231 0.530 1
53 10 N4 N5 100 0.410 0
53 11 N4 N1 47 0.410 0
53 12 N4 N4 227 0.410 1
54 1 N5 N1 66 0.370 0
54 2 N5 N2 175 0.370 0
54 3 N5 N5 195 0.370 1
54 4 N1 N5 172 0.020 0
54 5 N1 N2 180 0.020 1
54 6 N1 N1 87 0.020 0
54 7 N2 N5 174 0.090 0
54 8 N2 N1 73 0.090 0
54 9 N2 N2 231 0.090 1
54 10 N4 N5 103 0.120 0
54 11 N4 N1 43 0.120 0
54 12 N4 N4 227 0.120 1
55 1 N5 N1 62 0.420 0
55 2 N5 N2 176 0.420 0
55 3 N5 N5 195 0.420 1
55 4 N1 N5 171 0.070 0
55 5 N1 N2 181 0.070 1
55 6 N1 N1 84 0.070 0
55 7 N2 N5 175 0.030 0
55 8 N2 N1 68 0.030 0
55 9 N2 N2 232 0.030 1
55 10 N4 N5 104 0.020 0
55 11 N4 N1 41 0.020 0
55 12 N4 N4 227 0.020 1
56 1 N5 N1 58 0.120 0
56 2 N5 N2 175 0.120 0
56 3 N5 N5 195 0.120 1
56 4 N1 N5 170 0.010 0
56 5 N1 N2 182 0.010 1
56 6 N1 N1 84 0.010 0
56 7 N2 N5 173 0.120 0
56 8 N2 N1 67 0.120 0
56 9 N2 N2 233 0.120 1
56 10 N4 N5 104 0.080 0
56 11 N4 N1 40 0.080 0
56 12 N4 N4 228 0.080 1
57 1 N5 N1 58 0.070 0
57 2 N5 N2 175 0.070 0
57 3 N5 N5 196 0.070 1
57 4 N1 N5 170 0.610 0
57 5 N1 N2 183 0.610 1
57 6 N1 N1 83 0.610 0
57 7 N2 N5 174 0.080 0
57 8 N2 N1 66 0.080 0
57 9 N2 N2 234 0.080 1
57 10 N4 N5 105 0.830 0
57 11 N4 N1 40 0.830 0
57 12 N4 N4 228 0.830 1
58 1 N5 N1 58 0.160 0
58 2 N5 N2 174 0.160 0
58 3 N5 N5 197 0.160 1
58 4 N1 N5 170 0.670 0
58 5 N1 N2 184 0.670 1
58 6 N1 N1 81 0.670 0
58 7 N2 N5 174 0.380 0
58 8 N2 N1 66 0.380 0
58 9 N2 N2 234 0.380 1
58 10 N4 N5 105 0.220 0
58 11 N4 N1 40 0.220 0
58 12 N4 N4 229 0.220 1
59 1 N5 N1 61 0.220 0
59 2 N5 N2 173 0.220 0
59 3 N5 N5 198 0.220 1
59 4 N1 N5 170 0.200 0
59 5 N1 N2 185 0.200 1
59 6 N1 N1 81 0.200 0
59 7 N2 N5 177 0.340 0
59 8 N2 N1 68 0.340 0
59 9 N2 N2 233 0.340 1
59 10 N4 N5 107 0.280 0
59 11 N4 N1 40 0.280 0
59 12 N4 N4 230 0.280 1
60 1 N5 N1 64 0.300 0
60 2 N5 N2 173 0.300 0
60 3 N5 N5 200 0.300 1
60 4 N1 N5 170 0.240 0
60 5 N1 N2 185 0.240 1
60 6 N1 N1 80 0.240 0
60 7 N2 N5 179 0.040 0
60 8 N2 N1 69 0.040 0
60 9 N2 N2 232 0.040 1
60 10 N4 N5 108 1.030 0
60 11 N4 N1 40 1.030 0
60 12 N4 N4 230 1.030 1
61 1 N5 N1 64 0.340 0
61 2 N5 N2 176 0.340 0
61 3 N5 N5 201 0.340 1
61 4 N1 N5 174 0.310 0
61 5 N1 N2 187 0.310 1
61 6 N1 N1 82 0.310 0
61 7 N2 N5 184 0.060 0
61 8 N2 N1 73 0.060 0
61 9 N2 N2 232 0.060 1
61 10 N4 N5 110 0.090 0
61 11 N4 N1 41 0.090 0
61 12 N4 N4 231 0.090 1
62 1 N5 N1 65 0.440 0
62 2 N5 N2 178 0.440 0
62 3 N5 N5 204 0.440 1
62 4 N1 N5 176 0.420 0
62 5 N1 N2 186 0.420 1
62 6 N1 N1 83 0.420 0
62 7 N2 N5 187 0.150 0
62 8 N2 N1 75 0.150 0
62 9 N2 N2 231 0.150 1
62 10 N4 N5 112 0.190 0
62 11 N4 N1 44 0.190 0
62 12 N4 N4 232 0.190 1
63 1 N5 N1 64 0.100 0
63 2 N5 N2 178 0.100 0
63 3 N5 N5 208 0.100 1
63 4 N1 N5 178 0.110 0
63 5 N1 N2 185 0.110 1
63 6 N1 N1 88 0.110 0
63 7 N2 N5 191 0.080 0
63 8 N2 N1 76 0.080 0
63 9 N2 N2 230 0.080 1
63 10 N4 N5 114 0.010 0
63 11 N4 N1 45 0.010 0
63 12 N4 N4 231 0.010 1
64 1 N5 N1 62 0.100 0
64 2 N5 N2 180 0.100 0
64 3 N5 N5 213 0.100 1
64 4 N1 N5 185 0.090 0
64 5 N1 N2 188 0.090 1
64 6 N1 N1 89 0.090 0
64 7 N2 N5 195 0.160 0
64 8 N2 N1 76 0.160 0
64 9 N2 N2 229 0.160 1
64 10 N4 N5 115 0.070 0
64 11 N4 N1 44 0.070 0
64 12 N4 N4 230 0.070 1
65 1 N5 N1 59 0.170 0
65 2 N5 N2 183 0.170 0
65 3 N5 N5 217 0.170 1
65 4 N1 N5 186 0.120 0
65 5 N1 N2 188 0.120 1
65 6 N1 N1 88 0.120 0
65 7 N2 N5 197 0.220 0
65 8 N2 N1 75 0.220 0
65 9 N2 N2 229 0.220 1
65 10 N4 N5 115 0.160 0
65 11 N4 N1 44 0.160 0
65 12 N4 N4 230 0.160 1
66 1 N5 N1 58 0.240 0
66 2 N5 N2 184 0.240 0
66 3 N5 N5 221 0.240 1
66 4 N1 N5 187 0.690 0
66 5 N1 N2 188 0.690 1
66 6 N1 N1 87 0.690 0
66 7 N2 N5 198 0.320 0
66 8 N2 N1 74 0.320 0
66 9 N2 N2 229 0.320 1
66 10 N4 N5 115 0.230 0
66 11 N4 N1 43 0.230 0
66 12 N4 N4 228 0.230 1
67 1 N5 N1 58 0.290 0
67 2 N5 N2 185 0.290 0
67 3 N5 N5 224 0.290 1
67 4 N1 N5 187 0.230 0
67 5 N1 N2 191 0.230 1
67 6 N1 N1 87 0.230 0
67 7 N2 N5 198 0.380 0
67 8 N2 N1 74 0.380 0
67 9 N2 N2 229 0.380 1
67 10 N4 N5 115 0.320 0
67 11 N4 N1 42 0.320 0
67 12 N4 N4 227 0.320 1
68 1 N5 N1 57 0.400 0
68 2 N5 N2 186 0.400 0
68 3 N5 N5 228 0.400 1
68 4 N1 N5 187 0.330 0
68 5 N1 N2 194 0.330 1
68 6 N1 N1 87 0.330 0
68 7 N2 N5 198 0.480 0
68 8 N2 N1 73 0.480 0
68 9 N2 N2 229 0.480 1
68 10 N4 N5 115 0.410 0
68 11 N4 N1 40 0.410 0
68 12 N4 N4 227 0.410 1
69 1 N5 N1 56 0.070 0
69 2 N5 N2 185 0.070 0
69 3 N5 N5 233 0.070 1
69 4 N1 N5 187 0.010 0
69 5 N1 N2 196 0.010 1
69 6 N1 N1 87 0.010 0
69 7 N2 N5 199 0.040 0
69 8 N2 N1 72 0.040 0
69 9 N2 N2 229 0.040 1
69 10 N4 N5 114 0.170 0
69 11 N4 N1 39 0.170 0
69 12 N4 N4 226 0.170 1
70 1 N5 N1 56 0.050 0
70 2 N5 N2 185 0.050 0
70 3 N5 N5 235 0.050 1
70 4 N1 N5 187 0.080 0
70 5 N1 N2 199 0.080 1
70 6 N1 N1 86 0.080 0
70 7 N2 N5 199 0.080 0
70 8 N2 N1 70 0.080 0
70 9 N2 N2 230 0.080 1
70 10 N4 N5 113 0.740 0
70 11 N4 N1 38 0.740 0
70 12 N4 N4 225 0.740 1
71 1 N5 N1 55 0.130 0
71 2 N5 N2 185 0.130 0
71 3 N5 N5 236 0.130 1
71 4 N1 N5 188 0.170 0
71 5 N1 N2 200 0.170 1
71 6 N1 N1 84 0.170 0
71 7 N2 N5 199 0.160 0
71 8 N2 N1 69 0.160 0
71 9 N2 N2 230 0.160 1
71 10 N4 N5 113 0.030 0
71 11 N4 N1 37 0.030 0
71 12 N4 N4 224 0.030 1
72 1 N5 N1 50 0.190 0
72 2 N5 N2 182 0.190 0
72 3 N5 N5 238 0.190 1
72 4 N1 N5 190 0.520 0
72 5 N1 N2 201 0.520 1
72 6 N1 N1 83 0.520 0
72 7 N2 N5 200 0.340 0
72 8 N2 N1 68 0.340 0
72 9 N2 N2 230 0.340 1
72 10 N4 N5 113 0.100 0
72 11 N4 N1 36 0.100 0
72 12 N4 N4 224 0.100 1
73 1 N5 N1 49 0.210 0
73 2 N5 N2 181 0.210 0
73 3 N5 N5 239 0.210 1
73 4 N1 N5 194 0.210 0
73 5 N1 N2 202 0.210 1
73 6 N1 N1 83 0.210 0
73 7 N2 N5 200 0.210 0
73 8 N2 N1 67 0.210 0
73 9 N2 N2 229 0.210 1
73 10 N4 N5 114 0.160 0
73 11 N4 N1 36 0.160 0
73 12 N4 N4 224 0.160 1
74 1 N5 N1 45 0.440 0
74 2 N5 N2 181 0.440 0
74 3 N5 N5 239 0.440 1
74 4 N1 N5 197 0.230 0
74 5 N1 N2 202 0.230 1
74 6 N1 N1 82 0.230 0
74 7 N2 N5 199 0.340 0
74 8 N2 N1 65 0.340 0
74 9 N2 N2 229 0.340 1
74 10 N4 N5 0 0.230 0
74 11 N4 N1 34 0.230 0
74 12 N4 N4 222 0.230 1
75 1 N5 N1 43 0.010 0
75 2 N5 N2 177 0.010 0
75 3 N5 N5 240 0.010 1
75 4 N1 N5 194 0.330 0
75 5 N1 N2 202 0.330 1
75 6 N1 N1 80 0.330 0
75 7 N2 N5 198 0.520 0
75 8 N2 N1 64 0.520 0
75 9 N2 N2 230 0.520 1
75 10 N4 N5 0 0.270 0
75 11 N4 N1 33 0.270 0
75 12 N4 N4 220 0.270 1
76 1 N5 N1 42 0.120 0
76 2 N5 N2 175 0.120 0
76 3 N5 N5 240 0.120 1
76 4 N1 N5 194 0.910 0
76 5 N1 N2 203 0.910 1
76 6 N1 N1 79 0.910 0
76 7 N2 N5 196 0.040 0
76 8 N2 N1 63 0.040 0
76 9 N2 N2 232 0.040 1
76 10 N4 N5 0 0.360 0
76 11 N4 N1 32 0.360 0
76 12 N4 N4 216 0.360 1
77 1 N5 N1 42 0.400 0
77 2 N5 N2 175 0.400 0
77 3 N5 N5 240 0.400 1
77 4 N1 N5 194 0.670 0
77 5 N1 N2 205 0.670 1
77 6 N1 N1 79 0.670 0
77 7 N2 N5 194 0.200 0
77 8 N2 N1 63 0.200 0
77 9 N2 N2 234 0.200 1
77 10 N4 N5 0 0.090 0
77 11 N4 N1 32 0.090 0
77 12 N4 N4 212 0.090 1
78 1 N5 N1 40 0.470 0
78 2 N5 N2 173 0.470 0
78 3 N5 N5 241 0.470 1
78 4 N1 N5 192 0.180 0
78 5 N1 N2 207 0.180 1
78 6 N1 N1 78 0.180 0
78 7 N2 N5 193 0.180 0
78 8 N2 N1 63 0.180 0
78 9 N2 N2 234 0.180 1
78 10 N4 N5 0 0.160 0
78 11 N4 N1 31 0.160 0
78 12 N4 N4 210 0.160 1
79 1 N5 N1 40 0.040 0
79 2 N5 N2 172 0.040 0
79 3 N5 N5 241 0.040 1
79 4 N1 N5 190 0.260 0
79 5 N1 N2 209 0.260 1
79 6 N1 N1 78 0.260 0
79 7 N2 N5 192 0.960 0
79 8 N2 N1 63 0.960 0
79 9 N2 N2 234 0.960 1
79 10 N4 N5 0 0.170 0
79 11 N4 N1 31 0.170 0
79 12 N4 N4 208 0.170 1
80 1 N5 N1 39 0.110 0
80 2 N5 N2 171 0.110 0
80 3 N5 N5 241 0.110 1
80 4 N1 N5 186 0.270 0
80 5 N1 N2 210 0.270 1
80 6 N1 N1 78 0.270 0
80 7 N2 N5 193 0.400 0
80 8 N2 N1 64 0.400 0
80 9 N2 N2 236 0.400 1
80 10 N4 N5 0 0.810 0
80 11 N4 N1 31 0.810 0
80 12 N4 N4 205 0.810 1
81 1 N5 N1 39 0.070 0
81 2 N5 N2 167 0.070 0
81 3 N5 N5 242 0.070 1
81 4 N1 N5 183 0.380 0
81 5 N1 N2 210 0.380 1
81 6 N1 N1 78 0.380 0
81 7 N2 N5 194 0.070 0
81 8 N2 N1 66 0.070 0
81 9 N2 N2 240 0.070 1
81 10 N4 N5 0 0.360 0
81 11 N4 N1 31 0.360 0
81 12 N4 N4 200 0.360 1
82 1 N5 N1 41 0.030 0
82 2 N5 N2 166 0.030 0
82 3 N5 N5 242 0.030 1
82 4 N1 N5 181 0.030 0
82 5 N1 N2 209 0.030 1
82 6 N1 N1 79 0.030 0
82 7 N2 N5 197 0.110 0
82 8 N2 N1 67 0.110 0
82 9 N2 N2 240 0.110 1
82 10 N4 N5 0 1.450 0
82 11 N4 N1 31 1.450 0
82 12 N4 N4 200 1.450 1
83 1 N5 N1 44 0.100 0
83 2 N5 N2 165 0.100 0
83 3 N5 N5 243 0.100 1
83 4 N1 N5 181 0.100 0
83 5 N1 N2 209 0.100 1
83 6 N1 N1 81 0.100 0
83 7 N2 N5 197 0.060 0
83 8 N2 N1 69 0.060 0
83 9 N2 N2 241 0.060 1
83 10 N4 N5 0 0.460 0
83 11 N4 N1 32 0.460 0
83 12 N4 N4 196 0.460 1
84 1 N5 N1 47 0.190 0
84 2 N5 N2 164 0.190 0
84 3 N5 N5 243 0.190 1
84 4 N1 N5 186 0.080 0
84 5 N1 N2 208 0.080 1
84 6 N1 N1 83 0.080 0
84 7 N2 N5 197 0.110 0
84 8 N2 N1 71 0.110 0
84 9 N2 N2 240 0.110 1
84 10 N4 N5 0 0.520 0
84 11 N4 N1 32 0.520 0
84 12 N4 N4 195 0.520 1
85 1 N5 N1 49 0.020 0
85 2 N5 N2 162 0.020 0
85 3 N5 N5 244 0.020 1
85 4 N1 N5 187 0.140 0
85 5 N1 N2 206 0.140 1
85 6 N1 N1 84 0.140 0
85 7 N2 N5 197 0.250 0
85 8 N2 N1 71 0.250 0
85 9 N2 N2 238 0.250 1
85 10 N4 N5 0 0.050 0
85 11 N4 N1 32 0.050 0
85 12 N4 N4 195 0.050 1
86 1 N5 N1 50 0.310 0
86 2 N5 N2 163 0.310 0
86 3 N5 N5 246 0.310 1
86 4 N1 N5 186 0.200 0
86 5 N1 N2 202 0.200 1
86 6 N1 N1 85 0.200 0
86 7 N2 N5 196 0.230 0
86 8 N2 N1 73 0.230 0
86 9 N2 N2 237 0.230 1
86 10 N4 N5 0 0.110 0
86 11 N4 N1 32 0.110 0
86 12 N4 N4 196 0.110 1
87 1 N5 N1 49 0.380 0
87 2 N5 N2 161 0.380 0
87 3 N5 N5 247 0.380 1
87 4 N1 N5 186 0.270 0
87 5 N1 N2 200 0.270 1
87 6 N1 N1 85 0.270 0
87 7 N2 N5 195 0.360 0
87 8 N2 N1 72 0.360 0
87 9 N2 N2 238 0.360 1
87 10 N4 N5 0 0.180 0
87 11 N4 N1 32 0.180 0
87 12 N4 N4 196 0.180 1
88 1 N5 N1 49 0.060 0
88 2 N5 N2 155 0.060 0
88 3 N5 N5 249 0.060 1
88 4 N1 N5 184 0.340 0
88 5 N1 N2 198 0.340 1
88 6 N1 N1 84 0.340 0
88 7 N2 N5 196 0.050 0
88 8 N2 N1 69 0.050 0
88 9 N2 N2 236 0.050 1
88 10 N4 N5 0 0.260 0
88 11 N4 N1 31 0.260 0
88 12 N4 N4 197 0.260 1
89 1 N5 N1 46 0.240 0
89 2 N5 N2 153 0.240 0
89 3 N5 N5 249 0.240 1
89 4 N1 N5 181 0.420 0
89 5 N1 N2 198 0.420 1
89 6 N1 N1 83 0.420 0
89 7 N2 N5 197 0.140 0
89 8 N2 N1 68 0.140 0
89 9 N2 N2 236 0.140 1
89 10 N4 N5 0 0.850 0
89 11 N4 N1 31 0.850 0
89 12 N4 N4 198 0.850 1
90 1 N5 N1 44 0.750 0
90 2 N5 N2 154 0.750 0
90 3 N5 N5 249 0.750 1
90 4 N1 N5 180 0.070 0
90 5 N1 N2 200 0.070 1
90 6 N1 N1 81 0.070 0
90 7 N2 N5 199 0.610 0
90 8 N2 N1 66 0.610 0
90 9 N2 N2 236 0.610 1
90 10 N4 N5 0 0.430 0
90 11 N4 N1 0 0.430 0
90 12 N4 N4 199 0.430 1
91 1 N5 N1 43 0.270 0
91 2 N5 N2 153 0.270 0
91 3 N5 N5 251 0.270 1
91 4 N1 N5 179 0.030 0
91 5 N1 N2 204 0.030 1
91 6 N1 N1 78 0.030 0
91 7 N2 N5 199 0.120 0
91 8 N2 N1 63 0.120 0
91 9 N2 N2 236 0.120 1
91 10 N4 N5 0 0.500 0
91 11 N4 N1 0 0.500 0
91 12 N4 N4 200 0.500 1
92 1 N5 N1 40 0.540 0
92 2 N5 N2 155 0.540 0
92 3 N5 N5 251 0.540 1
92 4 N1 N5 168 0.120 0
92 5 N1 N2 207 0.120 1
92 6 N1 N1 76 0.120 0
92 7 N2 N5 198 0.210 0
92 8 N2 N1 60 0.210 0
92 9 N2 N2 238 0.210 1
92 10 N4 N5 0 0.060 0
92 11 N4 N1 0 0.060 0
92 12 N4 N4 202 0.060 1
93 1 N5 N1 39 0.250 0
93 2 N5 N2 157 0.250 0
93 3 N5 N5 251 0.250 1
93 4 N1 N5 158 0.050 0
93 5 N1 N2 207 0.050 1
93 6 N1 N1 71 0.050 0
93 7 N2 N5 197 0.400 0
93 8 N2 N1 58 0.400 0
93 9 N2 N2 239 0.400 1
93 10 N4 N5 0 0.150 0
93 11 N4 N1 0 0.150 0
93 12 N4 N4 203 0.150 1
94 1 N5 N1 38 0.070 0
94 2 N5 N2 159 0.070 0
94 3 N5 N5 251 0.070 1
94 4 N1 N5 158 0.250 0
94 5 N1 N2 206 0.250 1
94 6 N1 N1 68 0.250 0
94 7 N2 N5 193 0.000 0
94 8 N2 N1 54 0.000 0
94 9 N2 N2 240 0.000 1
94 10 N4 N5 0 0.200 0
94 11 N4 N1 0 0.200 0
94 12 N4 N4 202 0.200 1
95 1 N5 N1 37 0.260 0
95 2 N5 N2 159 0.260 0
95 3 N5 N5 250 0.260 1
95 4 N1 N5 158 0.330 0
95 5 N1 N2 203 0.330 1
95 6 N1 N1 66 0.330 0
95 7 N2 N5 191 0.060 0
95 8 N2 N1 54 0.060 0
95 9 N2 N2 239 0.060 1
95 10 N4 N5 0 0.260 0
95 11 N4 N1 0 0.260 0
95 12 N4 N4 202 0.260 1
96 1 N5 N1 37 0.640 0
96 2 N5 N2 158 0.640 0
96 3 N5 N5 249 0.640 1
96 4 N1 N5 158 0.390 0
96 5 N1 N2 200 0.390 1
96 6 N1 N1 66 0.390 0
96 7 N2 N5 191 0.530 0
96 8 N2 N1 54 0.530 0
96 9 N2 N2 239 0.530 1
96 10 N4 N5 0 0.340 0
96 11 N4 N1 0 0.340 0
96 12 N4 N4 203 0.340 1
97 1 N5 N1 37 1.730 0
97 2 N5 N2 158 1.730 0
97 3 N5 N5 249 1.730 1
97 4 N1 N5 158 0.060 0
97 5 N1 N2 197 0.060 1
97 6 N1 N1 66 0.060 0
97 7 N2 N5 190 0.120 0
97 8 N2 N1 54 0.120 0
97 9 N2 N2 238 0.120 1
97 10 N4 N5 0 0.930 0
97 11 N4 N1 0 0.930 0
97 12 N4 N4 202 0.930 1
98 1 N5 N1 37 2.820 0
98 2 N5 N2 158 2.820 0
98 3 N5 N5 249 2.820 1
98 4 N1 N5 157 0.130 0
98 5 N1 N2 193 0.130 1
98 6 N1 N1 64 0.130 0
98 7 N2 N5 190 0.090 0
98 8 N2 N1 55 0.090 0
98 9 N2 N2 237 0.090 1
98 10 N4 N5 0 0.480 0
98 11 N4 N1 0 0.480 0
98 12 N4 N4 201 0.480 1
99 1 N5 N1 35 0.090 0
99 2 N5 N2 158 0.090 0
99 3 N5 N5 244 0.090 1
99 4 N1 N5 157 0.070 0
99 5 N1 N2 187 0.070 1
99 6 N1 N1 62 0.070 0
99 7 N2 N5 190 0.340 0
99 8 N2 N1 55 0.340 0
99 9 N2 N2 235 0.340 1
99 10 N4 N5 0 0.050 0
99 11 N4 N1 0 0.050 0
99 12 N4 N4 201 0.050 1
100 1 N5 N1 35 1.010 0
100 2 N5 N2 152 1.010 0
100 3 N5 N5 244 1.010 1
100 4 N1 N5 157 0.040 0
100 5 N1 N2 184 0.040 1
100 6 N1 N1 61 0.040 0
100 7 N2 N5 190 0.620 0
100 8 N2 N1 54 0.620 0
100 9 N2 N2 233 0.620 1
100 10 N4 N5 0 0.140 0
100 11 N4 N1 0 0.140 0
100 12 N4 N4 201 0.140 1
101 1 N5 N1 35 0.500 0
101 2 N5 N2 150 0.500 0
101 3 N5 N5 240 0.500 1
101 4 N1 N5 0 0.330 0
101 5 N1 N2 183 0.330 1
101 6 N1 N1 59 0.330 0
101 7 N2 N5 189 0.910 0
101 8 N2 N1 53 0.910 0
101 9 N2 N2 231 0.910 1
101 10 N4 N5 0 0.190 0
101 11 N4 N1 0 0.190 0
101 12 N4 N4 200 0.190 1
102 1 N5 N1 35 1.590 0
102 2 N5 N2 150 1.590 0
102 3 N5 N5 240 1.590 1
102 4 N1 N5 0 0.160 0
102 5 N1 N2 181 0.160 1
102 6 N1 N1 59 0.160 0
102 7 N2 N5 189 0.170 0
102 8 N2 N1 51 0.170 0
102 9 N2 N2 230 0.170 1
102 10 N4 N5 0 0.250 0
102 11 N4 N1 0 0.250 0
102 12 N4 N4 199 0.250 1
103 1 N5 N1 35 2.680 0
103 2 N5 N2 150 2.680 0
103 3 N5 N5 240 2.680 1
103 4 N1 N5 0 0.460 0
103 5 N1 N2 178 0.460 1
103 6 N1 N1 58 0.460 0
103 7 N2 N5 0 0.410 0
103 8 N2 N1 50 0.410 0
103 9 N2 N2 227 0.410 1
103 10 N4 N5 0 0.310 0
103 11 N4 N1 0 0.310 0
103 12 N4 N4 199 0.310 1
104 1 N5 N1 35 0.020 0
104 2 N5 N2 150 0.020 0
104 3 N5 N5 236 0.020 1
104 4 N1 N5 0 0.920 0
104 5 N1 N2 176 0.920 1
104 6 N1 N1 58 0.920 0
104 7 N2 N5 0 0.180 0
104 8 N2 N1 48 0.180 0
104 9 N2 N2 225 0.180 1
104 10 N4 N5 0 0.180 0
104 11 N4 N1 0 0.180 0
104 12 N4 N4 199 0.180 1
105 1 N5 N1 35 1.120 0
105 2 N5 N2 150 1.120 0
105 3 N5 N5 236 1.120 1
105 4 N1 N5 0 0.080 0
105 5 N1 N2 174 0.080 1
105 6 N1 N1 56 0.080 0
105 7 N2 N5 0 0.810 0
105 8 N2 N1 48 0.810 0
105 9 N2 N2 223 0.810 1
105 10 N4 N5 0 0.430 0
105 11 N4 N1 0 0.430 0
105 12 N4 N4 199 0.430 1
106 1 N5 N1 35 2.240 0
106 2 N5 N2 150 2.240 0
106 3 N5 N5 236 2.240 1
106 4 N1 N5 0 0.170 0
106 5 N1 N2 171 0.170 1
106 6 N1 N1 55 0.170 0
106 7 N2 N5 0 0.880 0
106 8 N2 N1 48 0.880 0
106 9 N2 N2 219 0.880 1
106 10 N4 N5 0 0.480 0
106 11 N4 N1 0 0.480 0
106 12 N4 N4 201 0.480 1
107 1 N5 N1 35 3.320 0
107 2 N5 N2 150 3.320 0
107 3 N5 N5 236 3.320 1
107 4 N1 N5 0 0.030 0
107 5 N1 N2 168 0.030 1
107 6 N1 N1 53 0.030 0
107 7 N2 N5 0 0.530 0
107 8 N2 N1 48 0.530 0
107 9 N2 N2 212 0.530 1
107 10 N4 N5 0 0.350 0
107 11 N4 N1 0 0.350 0
107 12 N4 N4 201 0.350 1
108 1 N5 N1 35 0.750 0
108 2 N5 N2 148 0.750 0
108 3 N5 N5 225 0.750 1
108 4 N1 N5 0 0.010 0
108 5 N1 N2 168 0.010 1
108 6 N1 N1 51 0.010 0
108 7 N2 N5 0 0.010 0
108 8 N2 N1 49 0.010 0
108 9 N2 N2 209 0.010 1
108 10 N4 N5 145 0.580 0
108 11 N4 N1 0 0.580 0
108 12 N4 N4 201 0.580 1
109 1 N5 N1 38 0.230 0
109 2 N5 N2 144 0.230 0
109 3 N5 N5 217 0.230 1
109 4 N1 N5 0 0.980 0
109 5 N1 N2 165 0.980 1
109 6 N1 N1 51 0.980 0
109 7 N2 N5 0 0.880 0
109 8 N2 N1 49 0.880 0
109 9 N2 N2 208 0.880 1
109 10 N4 N5 145 0.110 0
109 11 N4 N1 0 0.110 0
109 12 N4 N4 203 0.110 1
110 1 N5 N1 38 1.350 0
110 2 N5 N2 144 1.350 0
110 3 N5 N5 217 1.350 1
110 4 N1 N5 0 0.040 0
110 5 N1 N2 146 0.040 1
110 6 N1 N1 49 0.040 0
110 7 N2 N5 0 0.040 0
110 8 N2 N1 48 0.040 0
110 9 N2 N2 204 0.040 1
110 10 N4 N5 145 1.230 0
110 11 N4 N1 0 1.230 0
110 12 N4 N4 203 1.230 1
111 1 N5 N1 38 0.880 0
111 2 N5 N2 144 0.880 0
111 3 N5 N5 208 0.880 1
111 4 N1 N5 0 1.160 0
111 5 N1 N2 146 1.160 1
111 6 N1 N1 49 1.160 0
111 7 N2 N5 0 0.380 0
111 8 N2 N1 45 0.380 0
111 9 N2 N2 203 0.380 1
111 10 N4 N5 137 0.290 0
111 11 N4 N1 0 0.290 0
111 12 N4 N4 209 0.290 1
112 1 N5 N1 38 2.090 0
112 2 N5 N2 144 2.090 0
112 3 N5 N5 208 2.090 1
112 4 N1 N5 0 0.270 0
112 5 N1 N2 136 0.270 1
112 6 N1 N1 48 0.270 0
112 7 N2 N5 0 0.150 0
112 8 N2 N1 41 0.150 0
112 9 N2 N2 200 0.150 1
112 10 N4 N5 137 0.990 0
112 11 N4 N1 0 0.990 0
112 12 N4 N4 210 0.990 1
113 1 N5 N4 135 0.320 0
113 2 N5 N1 0 0.320 0
113 3 N5 N2 139 0.320 0
113 4 N5 N5 180 0.320 1
113 5 N1 N5 0 0.280 0
113 6 N1 N2 136 0.280 1
113 7 N1 N1 47 0.280 0
113 8 N2 N5 0 1.240 0
113 9 N2 N1 41 1.240 0
113 10 N2 N2 200 1.240 1
113 11 N4 N5 131 0.070 0
113 12 N4 N1 0 0.070 0
113 13 N4 N4 211 0.070 1
114 1 N5 N4 135 1.410 0
114 2 N5 N1 0 1.410 0
114 3 N5 N2 139 1.410 0
114 4 N5 N5 180 1.410 1
114 5 N1 N5 0 0.350 0
114 6 N1 N2 132 0.350 1
114 7 N1 N1 47 0.350 0
114 8 N2 N5 0 0.890 0
114 9 N2 N1 42 0.890 0
114 10 N2 N2 196 0.890 1
114 11 N4 N5 131 0.130 0
114 12 N4 N1 0 0.130 0
114 13 N4 N4 209 0.130 1
115 1 N5 N4 135 2.510 0
115 2 N5 N1 0 2.510 0
115 3 N5 N2 139 2.510 0
115 4 N5 N5 180 2.510 1
115 5 N1 N5 0 0.250 0
115 6 N1 N2 130 0.250 1
115 7 N1 N1 47 0.250 0
115 8 N2 N5 0 0.130 0
115 9 N2 N1 42 0.130 0
115 10 N2 N2 194 0.130 1
115 11 N4 N5 128 0.160 0
115 12 N4 N1 0 0.160 0
115 13 N4 N4 208 0.160 1
116 1 N5 N4 138 0.180 0
116 2 N5 N1 0 0.180 0
116 3 N5 N2 0 0.180 0
116 4 N5 N5 170 0.180 1
116 5 N1 N5 0 0.990 0
116 6 N1 N2 130 0.990 1
116 7 N1 N1 48 0.990 0
116 8 N2 N5 0 1.230 0
116 9 N2 N1 42 1.230 0
116 10 N2 N2 194 1.230 1
116 11 N4 N5 128 0.220 0
116 12 N4 N1 0 0.220 0
116 13 N4 N4 207 0.220 1
117 1 N5 N4 138 0.500 0
117 2 N5 N1 0 0.500 0
117 3 N5 N2 0 0.500 0
117 4 N5 N5 168 0.500 1
117 5 N1 N5 0 0.020 0
117 6 N1 N2 132 0.020 1
117 7 N1 N1 53 0.020 0
117 8 N2 N5 0 0.190 0
117 9 N2 N1 47 0.190 0
117 10 N2 N2 193 0.190 1
117 11 N4 N5 120 0.200 0
117 12 N4 N1 0 0.200 0
117 13 N4 N4 206 0.200 1
118 1 N5 N4 138 1.600 0
118 2 N5 N1 0 1.600 0
118 3 N5 N2 0 1.600 0
118 4 N5 N5 168 1.600 1
118 5 N1 N5 0 0.590 0
118 6 N1 N2 132 0.590 1
118 7 N1 N1 54 0.590 0
118 8 N2 N5 0 0.070 0
118 9 N2 N1 47 0.070 0
118 10 N2 N2 193 0.070 1
118 11 N4 N5 109 0.230 0
118 12 N4 N1 0 0.230 0
118 13 N4 N4 206 0.230 1
119 1 N5 N4 138 2.700 0
119 2 N5 N1 0 2.700 0
119 3 N5 N2 0 2.700 0
119 4 N5 N5 168 2.700 1
119 5 N1 N5 0 0.150 0
119 6 N1 N2 132 0.150 1
119 7 N1 N1 56 0.150 0
119 8 N2 N5 0 1.050 0
119 9 N2 N1 48 1.050 0
119 10 N2 N2 193 1.050 1
119 11 N4 N5 109 0.460 0
119 12 N4 N1 0 0.460 0
119 13 N4 N4 203 0.460 1
120 1 N5 N4 136 0.260 0
120 2 N5 N1 0 0.260 0
120 3 N5 N2 0 0.260 0
120 4 N5 N5 161 0.260 1
120 5 N1 N5 0 0.210 0
120 6 N1 N2 134 0.210 1
120 7 N1 N1 58 0.210 0
120 8 N2 N5 0 0.520 0
120 9 N2 N1 51 0.520 0
120 10 N2 N2 192 0.520 1
120 11 N4 N5 109 0.540 0
120 12 N4 N1 31 0.540 0
120 13 N4 N4 202 0.540 1
121 1 N5 N4 136 1.370 0
121 2 N5 N1 0 1.370 0
121 3 N5 N2 0 1.370 0
121 4 N5 N5 161 1.370 1
121 5 N1 N5 0 0.090 0
121 6 N1 N2 134 0.090 1
121 7 N1 N1 61 0.090 0
121 8 N2 N5 0 1.630 0
121 9 N2 N1 51 1.630 0
121 10 N2 N2 192 1.630 1
121 11 N4 N5 109 0.490 0
121 12 N4 N1 31 0.490 0
121 13 N4 N4 202 0.490 1
122 1 N5 N4 136 2.460 0
122 2 N5 N1 0 2.460 0
122 3 N5 N2 0 2.460 0
122 4 N5 N5 161 2.460 1
122 5 N1 N5 0 0.400 0
122 6 N1 N2 135 0.400 1
122 7 N1 N1 64 0.400 0
122 8 N2 N5 0 0.780 0
122 9 N2 N1 56 0.780 0
122 10 N2 N2 192 0.780 1
122 11 N4 N5 0 0.760 0
122 12 N4 N1 31 0.760 0
122 13 N4 N4 202 0.760 1
123 1 N5 N4 136 3.560 0
123 2 N5 N1 0 3.560 0
123 3 N5 N2 0 3.560 0
123 4 N5 N5 161 3.560 1
123 5 N1 N5 0 0.430 0
123 6 N1 N2 134 0.430 1
123 7 N1 N1 68 0.430 0
123 8 N2 N5 0 0.310 0
123 9 N2 N1 59 0.310 0
123 10 N2 N2 192 0.310 1
123 11 N4 N5 0 0.310 0
123 12 N4 N1 31 0.310 0
123 13 N4 N4 203 0.310 1
124 1 N5 N4 136 4.650 0
124 2 N5 N1 0 4.650 0
124 3 N5 N2 0 4.650 0
124 4 N5 N5 161 4.650 1
124 5 N1 N5 0 0.040 0
124 6 N1 N2 135 0.040 1
124 7 N1 N1 70 0.040 0
124 8 N2 N5 0 0.100 0
124 9 N2 N1 60 0.100 0
124 10 N2 N2 192 0.100 1
124 11 N4 N5 0 0.110 0
124 12 N4 N1 31 0.110 0
124 13 N4 N4 205 0.110 1
125 1 N5 N4 136 5.750 0
125 2 N5 N1 0 5.750 0
125 3 N5 N2 0 5.750 0
125 4 N5 N5 161 5.750 1
125 5 N1 N5 0 0.110 0
125 6 N1 N2 139 0.110 1
125 7 N1 N1 72 0.110 0
125 8 N2 N5 0 0.820 0
125 9 N2 N1 62 0.820 0
125 10 N2 N2 193 0.820 1
125 11 N4 N5 0 1.210 0
125 12 N4 N1 31 1.210 0
125 13 N4 N4 205 1.210 1
126 1 N5 N4 136 6.840 0
126 2 N5 N1 0 6.840 0
126 3 N5 N2 0 6.840 0
126 4 N5 N5 161 6.840 1
126 5 N1 N5 0 0.180 0
126 6 N1 N2 139 0.180 1
126 7 N1 N1 72 0.180 0
126 8 N2 N5 0 0.310 0
126 9 N2 N1 65 0.310 0
126 10 N2 N2 192 0.310 1
126 11 N4 N5 0 0.530 0
126 12 N4 N1 33 0.530 0
126 13 N4 N4 209 0.530 1
127 1 N5 N4 136 7.940 0
127 2 N5 N1 0 7.940 0
127 3 N5 N2 0 7.940 0
127 4 N5 N5 161 7.940 1
127 5 N1 N5 0 0.260 0
127 6 N1 N2 140 0.260 1
127 7 N1 N1 74 0.260 0
127 8 N2 N5 0 0.310 0
127 9 N2 N1 65 0.310 0
127 10 N2 N2 192 0.310 1
127 11 N4 N5 0 0.260 0
127 12 N4 N1 33 0.260 0
127 13 N4 N4 215 0.260 1
128 1 N5 N4 136 9.060 0
128 2 N5 N1 0 9.060 0
128 3 N5 N2 0 9.060 0
128 4 N5 N5 161 9.060 1
128 5 N1 N5 0 0.070 0
128 6 N1 N2 139 0.070 1
128 7 N1 N1 75 0.070 0
128 8 N2 N5 0 0.070 0
128 9 N2 N1 66 0.070 0
128 10 N2 N2 191 0.070 1
128 11 N4 N5 0 0.350 0
128 12 N4 N1 33 0.350 0
128 13 N4 N4 219 0.350 1
129 1 N5 N4 136 10.160 0
129 2 N5 N1 0 10.160 0
129 3 N5 N2 0 10.160 0
129 4 N5 N5 161 10.160 1
129 5 N1 N5 0 0.430 0
129 6 N1 N2 139 0.430 1
129 7 N1 N1 76 0.430 0
129 8 N2 N5 0 1.060 0
129 9 N2 N1 66 1.060 0
129 10 N2 N2 191 1.060 1
129 11 N4 N5 0 1.450 0
129 12 N4 N1 33 1.450 0
129 13 N4 N4 219 1.450 1
130 1 N5 N4 136 11.270 0
130 2 N5 N1 0 11.270 0
130 3 N5 N2 0 11.270 0
130 4 N5 N5 161 11.270 1
130 5 N1 N5 0 0.410 0
130 6 N1 N2 133 0.410 1
130 7 N1 N1 77 0.410 0
130 8 N2 N5 0 0.300 0
130 9 N2 N1 68 0.300 0
130 10 N2 N2 190 0.300 1
130 11 N4 N5 0 0.900 0
130 12 N4 N1 35 0.900 0
130 13 N4 N4 220 0.900 1
131 1 N5 N4 136 12.380 0
131 2 N5 N1 0 12.380 0
131 3 N5 N2 0 12.380 0
131 4 N5 N5 161 12.380 1
131 5 N1 N5 0 0.110 0
131 6 N1 N2 133 0.110 1
131 7 N1 N1 78 0.110 0
131 8 N2 N5 0 1.410 0
131 9 N2 N1 68 1.410 0
131 10 N2 N2 190 1.410 1
131 11 N4 N5 0 2.010 0
131 12 N4 N1 35 2.010 0
131 13 N4 N4 220 2.010 1
132 1 N5 N4 134 0.690 0
132 2 N5 N1 0 0.690 0
132 3 N5 N2 0 0.690 0
132 4 N5 N5 158 0.690 1
132 5 N1 N5 0 0.190 0
132 6 N1 N2 129 0.190 1
132 7 N1 N1 77 0.190 0
132 8 N2 N5 0 0.450 0
132 9 N2 N1 66 0.450 0
132 10 N2 N2 185 0.450 1
132 11 N4 N5 0 0.450 0
132 12 N4 N1 35 0.450 0
132 13 N4 N4 224 0.450 1
133 1 N5 N4 132 0.230 0
133 2 N5 N1 0 0.230 0
133 3 N5 N2 0 0.230 0
133 4 N5 N5 151 0.230 1
133 5 N1 N5 0 0.200 0
133 6 N1 N2 127 0.200 1
133 7 N1 N1 78 0.200 0
133 8 N2 N5 0 0.080 0
133 9 N2 N1 66 0.080 0
133 10 N2 N2 184 0.080 1
133 11 N4 N5 0 0.080 0
133 12 N4 N1 35 0.080 0
133 13 N4 N4 227 0.080 1
134 1 N5 N4 132 1.350 0
134 2 N5 N1 0 1.350 0
134 3 N5 N2 0 1.350 0
134 4 N5 N5 151 1.350 1
134 5 N1 N5 0 0.360 0
134 6 N1 N2 124 0.360 1
134 7 N1 N1 78 0.360 0
134 8 N2 N5 0 1.000 0
134 9 N2 N1 65 1.000 0
134 10 N2 N2 182 1.000 1
134 11 N4 N5 0 1.200 0
134 12 N4 N1 35 1.200 0
134 13 N4 N4 227 1.200 1
135 1 N5 N4 132 2.440 0
135 2 N5 N1 0 2.440 0
135 3 N5 N2 0 2.440 0
135 4 N5 N5 151 2.440 1
135 5 N1 N5 0 0.220 0
135 6 N1 N2 122 0.220 1
135 7 N1 N1 78 0.220 0
135 8 N2 N5 0 0.110 0
135 9 N2 N1 66 0.110 0
135 10 N2 N2 178 0.110 1
135 11 N4 N5 0 2.300 0
135 12 N4 N1 35 2.300 0
135 13 N4 N4 227 2.300 1
136 1 N5 N4 132 3.540 0
136 2 N5 N1 0 3.540 0
136 3 N5 N2 0 3.540 0
136 4 N5 N5 151 3.540 1
136 5 N1 N5 0 1.010 0
136 6 N1 N2 118 1.010 1
136 7 N1 N1 78 1.010 0
136 8 N2 N5 0 0.880 0
136 9 N2 N1 66 0.880 0
136 10 N2 N2 176 0.880 1
136 11 N4 N5 0 0.740 0
136 12 N4 N1 35 0.740 0
136 13 N4 N4 231 0.740 1
137 1 N5 N4 132 4.640 0
137 2 N5 N1 0 4.640 0
137 3 N5 N2 0 4.640 0
137 4 N5 N5 151 4.640 1
137 5 N1 N5 0 0.600 0
137 6 N1 N2 115 0.600 1
137 7 N1 N1 79 0.600 0
137 8 N2 N5 0 0.520 0
137 9 N2 N1 65 0.520 0
137 10 N2 N2 172 0.520 1
137 11 N4 N5 0 1.840 0
137 12 N4 N1 35 1.840 0
137 13 N4 N4 231 1.840 1
138 1 N5 N4 132 5.740 0
138 2 N5 N1 0 5.740 0
138 3 N5 N2 0 5.740 0
138 4 N5 N5 151 5.740 1
138 5 N1 N5 0 1.700 0
138 6 N1 N2 115 1.700 1
138 7 N1 N1 79 1.700 0
138 8 N2 N5 0 1.620 0
138 9 N2 N1 65 1.620 0
138 10 N2 N2 172 1.620 1
138 11 N4 N5 0 2.940 0
138 12 N4 N1 35 2.940 0
138 13 N4 N4 231 2.940 1
139 1 N5 N4 132 6.830 0
139 2 N5 N1 0 6.830 0
139 3 N5 N2 0 6.830 0
139 4 N5 N5 151 6.830 1
139 5 N1 N5 0 0.740 0
139 6 N1 N2 112 0.740 1
139 7 N1 N1 81 0.740 0
139 8 N2 N5 0 2.710 0
139 9 N2 N1 65 2.710 0
139 10 N2 N2 172 2.710 1
139 11 N4 N5 0 4.030 0
139 12 N4 N1 35 4.030 0
139 13 N4 N4 231 4.030 1
140 1 N5 N4 132 7.930 0
140 2 N5 N1 0 7.930 0
140 3 N5 N2 0 7.930 0
140 4 N5 N5 151 7.930 1
140 5 N1 N5 0 0.730 0
140 6 N1 N2 112 0.730 1
140 7 N1 N1 82 0.730 0
140 8 N2 N5 0 0.600 0
140 9 N2 N1 71 0.600 0
140 10 N2 N2 164 0.600 1
140 11 N4 N5 0 0.860 0
140 12 N4 N1 0 0.860 0
140 13 N4 N4 234 0.860 1
141 1 N5 N4 108 0.170 1
141 2 N5 N1 0 0.170 0
141 3 N5 N2 0 0.170 0
141 4 N5 N5 0 0.170 0
141 5 N1 N5 0 0.370 0
141 6 N1 N2 112 0.370 1
141 7 N1 N1 82 0.370 0
141 8 N2 N5 0 0.420 0
141 9 N2 N1 73 0.420 0
141 10 N2 N2 164 0.420 1
141 11 N4 N5 0 0.370 0
141 12 N4 N1 0 0.370 0
141 13 N4 N4 236 0.370 1
142 1 N5 N4 93 0.020 1
142 2 N5 N1 0 0.020 0
142 3 N5 N2 0 0.020 0
142 4 N5 N5 0 0.020 0
142 5 N1 N5 0 0.500 0
142 6 N1 N2 111 0.500 1
142 7 N1 N1 82 0.500 0
142 8 N2 N5 0 1.560 0
142 9 N2 N1 73 1.560 0
142 10 N2 N2 164 1.560 1
142 11 N4 N5 0 0.500 0
142 12 N4 N1 0 0.500 0
142 13 N4 N4 237 0.500 1
143 1 N5 N4 93 1.110 1
143 2 N5 N1 0 1.110 0
143 3 N5 N2 0 1.110 0
143 4 N5 N5 0 1.110 0
143 5 N1 N5 0 0.060 0
143 6 N1 N2 125 0.060 1
143 7 N1 N1 84 0.060 0
143 8 N2 N5 0 0.250 0
143 9 N2 N1 71 0.250 0
143 10 N2 N2 166 0.250 1
143 11 N4 N5 0 0.040 0
143 12 N4 N1 0 0.040 0
143 13 N4 N4 238 0.040 1
144 1 N5 N4 82 0.960 1
144 2 N5 N1 0 0.960 0
144 3 N5 N2 0 0.960 0
144 4 N5 N5 0 0.960 0
144 5 N1 N5 0 0.100 0
144 6 N1 N2 125 0.100 1
144 7 N1 N1 85 0.100 0
144 8 N2 N5 0 1.350 0
144 9 N2 N1 71 1.350 0
144 10 N2 N2 166 1.350 1
144 11 N4 N5 0 0.080 0
144 12 N4 N1 0 0.080 0
144 13 N4 N4 239 0.080 1
145 1 N5 N4 77 0.980 1
145 2 N5 N1 0 0.980 0
145 3 N5 N2 0 0.980 0
145 4 N5 N5 0 0.980 0
145 5 N1 N5 0 0.090 0
145 6 N1 N2 125 0.090 1
145 7 N1 N1 87 0.090 0
145 8 N2 N5 0 0.090 0
145 9 N2 N1 71 0.090 0
145 10 N2 N2 164 0.090 1
145 11 N4 N5 0 0.140 0
145 12 N4 N1 0 0.140 0
145 13 N4 N4 241 0.140 1
146 1 N5 N4 64 0.170 1
146 2 N5 N1 0 0.170 0
146 3 N5 N2 0 0.170 0
146 4 N5 N5 0 0.170 0
146 5 N1 N5 0 0.240 0
146 6 N1 N2 133 0.240 1
146 7 N1 N1 87 0.240 0
146 8 N2 N5 0 0.630 0
146 9 N2 N1 71 0.630 0
146 10 N2 N2 162 0.630 1
146 11 N4 N5 0 0.630 0
146 12 N4 N1 0 0.630 0
146 13 N4 N4 242 0.630 1
147 1 N5 N4 60 0.530 1
147 2 N5 N1 0 0.530 0
147 3 N5 N2 0 0.530 0
147 4 N5 N5 0 0.530 0
147 5 N1 N5 0 0.340 0
147 6 N1 N2 134 0.340 1
147 7 N1 N1 85 0.340 0
147 8 N2 N5 0 0.570 0
147 9 N2 N1 68 0.570 0
147 10 N2 N2 161 0.570 1
147 11 N4 N5 0 0.790 0
147 12 N4 N1 0 0.790 0
147 13 N4 N4 242 0.790 1
148 1 N5 N4 59 0.240 1
148 2 N5 N1 0 0.240 0
148 3 N5 N2 0 0.240 0
148 4 N5 N5 11 0.240 0
148 5 N1 N5 0 0.960 0
148 6 N1 N2 134 0.960 1
148 7 N1 N1 84 0.960 0
148 8 N2 N5 0 1.690 0
148 9 N2 N1 68 1.690 0
148 10 N2 N2 161 1.690 1
148 11 N4 N5 0 0.360 0
148 12 N4 N1 0 0.360 0
148 13 N4 N4 242 0.360 1
149 1 N5 N4 58 0.440 1
149 2 N5 N1 0 0.440 0
149 3 N5 N2 0 0.440 0
149 4 N5 N5 11 0.440 0
149 5 N1 N5 0 0.380 0
149 6 N1 N2 127 0.380 1
149 7 N1 N1 84 0.380 0
149 8 N2 N5 0 0.820 0
149 9 N2 N1 66 0.820 0
149 10 N2 N2 156 0.820 1
149 11 N4 N5 5 0.390 0
149 12 N4 N1 0 0.390 0
149 13 N4 N4 242 0.390 1
150 1 N5 N4 56 0.240 1
150 2 N5 N1 0 0.240 0
150 3 N5 N2 0 0.240 0
150 4 N5 N5 10 0.240 0
150 5 N1 N5 0 0.050 0
150 6 N1 N2 121 0.050 1
150 7 N1 N1 84 0.050 0
150 8 N2 N5 0 0.240 0
150 9 N2 N1 67 0.240 0
150 10 N2 N2 152 0.240 1
150 11 N4 N5 5 0.470 0
150 12 N4 N1 0 0.470 0
150 13 N4 N4 243 0.470 1
151 1 N5 N4 59 0.310 1
151 2 N5 N1 0 0.310 0
151 3 N5 N2 0 0.310 0
151 4 N5 N5 10 0.310 0
151 5 N1 N5 0 0.070 0
151 6 N1 N2 121 0.070 1
151 7 N1 N1 85 0.070 0
151 8 N2 N5 0 0.070 0
151 9 N2 N1 67 0.070 0
151 10 N2 N2 149 0.070 1
151 11 N4 N5 5 0.400 0
151 12 N4 N1 0 0.400 0
151 13 N4 N4 243 0.400 1
152 1 N5 N4 65 0.360 1
152 2 N5 N1 0 0.360 0
152 3 N5 N2 0 0.360 0
152 4 N5 N5 10 0.360 0
152 5 N1 N5 0 0.220 0
152 6 N1 N2 118 0.220 1
152 7 N1 N1 86 0.220 0
152 8 N2 N5 0 0.790 0
152 9 N2 N1 68 0.790 0
152 10 N2 N2 147 0.790 1
152 11 N4 N5 5 0.080 0
152 12 N4 N1 0 0.080 0
152 13 N4 N4 243 0.080 1
153 1 N5 N4 71 0.020 1
153 2 N5 N1 0 0.020 0
153 3 N5 N2 0 0.020 0
153 4 N5 N5 10 0.020 0
153 5 N1 N5 0 0.330 0
153 6 N1 N2 118 0.330 1
153 7 N1 N1 88 0.330 0
153 8 N2 N5 0 0.750 0
153 9 N2 N1 69 0.750 0
153 10 N2 N2 146 0.750 1
153 11 N4 N5 5 0.020 0
153 12 N4 N1 39 0.020 0
153 13 N4 N4 243 0.020 1
154 1 N5 N4 72 0.090 1
154 2 N5 N1 0 0.090 0
154 3 N5 N2 0 0.090 0
154 4 N5 N5 11 0.090 0
154 5 N1 N5 0 0.390 0
154 6 N1 N2 117 0.390 1
154 7 N1 N1 88 0.390 0
154 8 N2 N5 0 1.840 0
154 9 N2 N1 69 1.840 0
154 10 N2 N2 146 1.840 1
154 11 N4 N5 6 0.110 0
154 12 N4 N1 39 0.110 0
154 13 N4 N4 243 0.110 1
155 1 N5 N4 76 0.030 1
155 2 N5 N1 0 0.030 0
155 3 N5 N2 0 0.030 0
155 4 N5 N5 12 0.030 0
155 5 N1 N5 0 0.610 0
155 6 N1 N2 117 0.610 1
155 7 N1 N1 89 0.610 0
155 8 N2 N5 0 0.290 0
155 9 N2 N1 68 0.290 0
155 10 N2 N2 143 0.290 1
155 11 N4 N5 7 0.170 0
155 12 N4 N1 39 0.170 0
155 13 N4 N4 242 0.170 1
156 1 N5 N4 83 0.090 1
156 2 N5 N1 0 0.090 0
156 3 N5 N2 0 0.090 0
156 4 N5 N5 15 0.090 0
156 5 N1 N5 0 0.150 0
156 6 N1 N2 121 0.150 1
156 7 N1 N1 90 0.150 0
156 8 N2 N5 0 0.030 0
156 9 N2 N1 66 0.030 0
156 10 N2 N2 143 0.030 1
156 11 N4 N5 11 0.030 0
156 12 N4 N1 35 0.030 0
156 13 N4 N4 241 0.030 1
157 1 N5 N4 92 0.150 1
157 2 N5 N1 0 0.150 0
157 3 N5 N2 0 0.150 0
157 4 N5 N5 18 0.150 0
157 5 N1 N5 0 0.020 0
157 6 N1 N2 127 0.020 1
157 7 N1 N1 92 0.020 0
157 8 N2 N5 0 0.030 0
157 9 N2 N1 67 0.030 0
157 10 N2 N2 144 0.030 1
157 11 N4 N5 15 0.030 0
157 12 N4 N1 36 0.030 0
157 13 N4 N4 241 0.030 1
158 1 N5 N4 98 0.200 1
158 2 N5 N1 0 0.200 0
158 3 N5 N2 0 0.200 0
158 4 N5 N5 21 0.200 0
158 5 N1 N5 0 0.070 0
158 6 N1 N2 133 0.070 1
158 7 N1 N1 93 0.070 0
158 8 N2 N5 0 0.090 0
158 9 N2 N1 67 0.090 0
158 10 N2 N2 148 0.090 1
158 11 N4 N5 22 0.140 0
158 12 N4 N1 36 0.140 0
158 13 N4 N4 240 0.140 1
159 1 N5 N4 103 0.010 1
159 2 N5 N1 17 0.010 0
159 3 N5 N2 0 0.010 0
159 4 N5 N5 29 0.010 0
159 5 N1 N5 0 0.010 0
159 6 N1 N2 135 0.010 1
159 7 N1 N1 95 0.010 0
159 8 N2 N5 12 0.010 0
159 9 N2 N1 69 0.010 0
159 10 N2 N2 151 0.010 1
159 11 N4 N5 29 0.080 0
159 12 N4 N1 37 0.080 0
159 13 N4 N4 240 0.080 1
160 1 N5 N4 107 0.150 1
160 2 N5 N1 17 0.150 0
160 3 N5 N2 0 0.150 0
160 4 N5 N5 32 0.150 0
160 5 N1 N5 0 0.040 0
160 6 N1 N2 140 0.040 1
160 7 N1 N1 96 0.040 0
160 8 N2 N5 13 0.070 0
160 9 N2 N1 71 0.070 0
160 10 N2 N2 154 0.070 1
160 11 N4 N5 40 0.030 0
160 12 N4 N1 37 0.030 0
160 13 N4 N4 240 0.030 1
161 1 N5 N4 114 0.070 1
161 2 N5 N1 17 0.070 0
161 3 N5 N2 0 0.070 0
161 4 N5 N5 44 0.070 0
161 5 N1 N5 0 0.150 0
161 6 N1 N2 144 0.150 1
161 7 N1 N1 96 0.150 0
161 8 N2 N5 15 0.280 0
161 9 N2 N1 72 0.280 0
161 10 N2 N2 158 0.280 1
161 11 N4 N5 51 0.120 0
161 12 N4 N1 37 0.120 0
161 13 N4 N4 239 0.120 1
162 1 N5 N4 115 0.150 1
162 2 N5 N1 17 0.150 0
162 3 N5 N2 0 0.150 0
162 4 N5 N5 57 0.150 0
162 5 N1 N5 0 0.240 0
162 6 N1 N2 147 0.240 1
162 7 N1 N1 97 0.240 0
162 8 N2 N5 15 0.260 0
162 9 N2 N1 73 0.260 0
162 10 N2 N2 162 0.260 1
162 11 N4 N5 65 0.190 0
162 12 N4 N1 37 0.190 0
162 13 N4 N4 237 0.190 1
163 1 N5 N4 123 0.090 1
163 2 N5 N1 17 0.090 0
163 3 N5 N2 0 0.090 0
163 4 N5 N5 67 0.090 0
163 5 N1 N5 0 0.330 0
163 6 N1 N2 151 0.330 1
163 7 N1 N1 98 0.330 0
163 8 N2 N5 20 0.200 0
163 9 N2 N1 73 0.200 0
163 10 N2 N2 168 0.200 1
163 11 N4 N5 73 0.050 0
163 12 N4 N1 37 0.050 0
163 13 N4 N4 237 0.050 1
164 1 N5 N4 127 0.170 1
164 2 N5 N1 17 0.170 0
164 3 N5 N2 0 0.170 0
164 4 N5 N5 80 0.170 0
164 5 N1 N5 0 0.040 0
164 6 N1 N2 158 0.040 1
164 7 N1 N1 99 0.040 0
164 8 N2 N5 31 0.040 0
164 9 N2 N1 73 0.040 0
164 10 N2 N2 176 0.040 1
164 11 N4 N5 80 0.070 0
164 12 N4 N1 36 0.070 0
164 13 N4 N4 234 0.070 1
165 1 N5 N4 130 0.260 1
165 2 N5 N1 17 0.260 0
165 3 N5 N2 0 0.260 0
165 4 N5 N5 95 0.260 0
165 5 N1 N5 40 0.050 0
165 6 N1 N2 163 0.050 1
165 7 N1 N1 99 0.050 0
165 8 N2 N5 37 0.020 0
165 9 N2 N1 73 0.020 0
165 10 N2 N2 180 0.020 1
165 11 N4 N5 93 0.390 0
165 12 N4 N1 36 0.390 0
165 13 N4 N4 231 0.390 1
166 1 N5 N4 134 0.450 1
166 2 N5 N1 0 0.450 0
166 3 N5 N2 0 0.450 0
166 4 N5 N5 104 0.450 0
166 5 N1 N5 40 0.100 0
166 6 N1 N2 168 0.100 1
166 7 N1 N1 98 0.100 0
166 8 N2 N5 39 0.090 0
166 9 N2 N1 72 0.090 0
166 10 N2 N2 185 0.090 1
166 11 N4 N5 104 0.070 0
166 12 N4 N1 36 0.070 0
166 13 N4 N4 229 0.070 1
167 1 N5 N4 139 0.060 1
167 2 N5 N1 0 0.060 0
167 3 N5 N2 0 0.060 0
167 4 N5 N5 117 0.060 0
167 5 N1 N5 40 0.180 0
167 6 N1 N2 172 0.180 1
167 7 N1 N1 99 0.180 0
167 8 N2 N5 41 0.190 0
167 9 N2 N1 73 0.190 0
167 10 N2 N2 188 0.190 1
167 11 N4 N5 112 0.010 0
167 12 N4 N1 38 0.010 0
167 13 N4 N4 226 0.010 1
168 1 N5 N4 144 0.020 1
168 2 N5 N1 0 0.020 0
168 3 N5 N2 0 0.020 0
168 4 N5 N5 129 0.020 0
168 5 N1 N5 40 0.130 0
168 6 N1 N2 174 0.130 1
168 7 N1 N1 99 0.130 0
168 8 N2 N5 42 0.250 0
168 9 N2 N1 75 0.250 0
168 10 N2 N2 192 0.250 1
168 11 N4 N5 118 0.070 0
168 12 N4 N1 38 0.070 0
168 13 N4 N4 223 0.070 1
169 1 N5 N4 146 0.030 1
169 2 N5 N1 0 0.030 0
169 3 N5 N2 0 0.030 0
169 4 N5 N5 139 0.030 0
169 5 N1 N5 40 0.220 0
169 6 N1 N2 176 0.220 1
169 7 N1 N1 99 0.220 0
169 8 N2 N5 44 0.300 0
169 9 N2 N1 76 0.300 0
169 10 N2 N2 196 0.300 1
169 11 N4 N5 122 0.220 0
169 12 N4 N1 40 0.220 0
169 13 N4 N4 222 0.220 1
170 1 N5 N4 147 0.040 1
170 2 N5 N1 0 0.040 0
170 3 N5 N2 0 0.040 0
170 4 N5 N5 147 0.040 0
170 5 N1 N5 40 0.260 0
170 6 N1 N2 176 0.260 1
170 7 N1 N1 99 0.260 0
170 8 N2 N5 45 0.380 0
170 9 N2 N1 79 0.380 0
170 10 N2 N2 198 0.380 1
170 11 N4 N5 131 0.040 0
170 12 N4 N1 42 0.040 0
170 13 N4 N4 221 0.040 1
171 1 N5 N4 146 0.220 1
171 2 N5 N1 0 0.220 0
171 3 N5 N2 0 0.220 0
171 4 N5 N5 154 0.220 0
171 5 N1 N5 40 0.380 0
171 6 N1 N2 174 0.380 1
171 7 N1 N1 100 0.380 0
171 8 N2 N5 46 0.030 0
171 9 N2 N1 81 0.030 0
171 10 N2 N2 201 0.030 1
171 11 N4 N5 133 0.260 0
171 12 N4 N1 42 0.260 0
171 13 N4 N4 220 0.260 1
172 1 N5 N4 146 0.160 1
172 2 N5 N1 0 0.160 0
172 3 N5 N2 0 0.160 0
172 4 N5 N5 160 0.160 0
172 5 N1 N5 40 0.030 0
172 6 N1 N2 174 0.030 1
172 7 N1 N1 102 0.030 0
172 8 N2 N5 47 0.080 0
172 9 N2 N1 83 0.080 0
172 10 N2 N2 203 0.080 1
172 11 N4 N5 133 0.100 0
172 12 N4 N1 46 0.100 0
172 13 N4 N4 219 0.100 1
173 1 N5 N4 146 0.330 0
173 2 N5 N1 0 0.330 0
173 3 N5 N2 0 0.330 0
173 4 N5 N5 166 0.330 1
173 5 N1 N5 0 0.000 0
173 6 N1 N2 173 0.000 1
173 7 N1 N1 103 0.000 0
173 8 N2 N5 48 0.160 0
173 9 N2 N1 83 0.160 0
173 10 N2 N2 204 0.160 1
173 11 N4 N5 133 0.220 0
173 12 N4 N1 48 0.220 0
173 13 N4 N4 218 0.220 1
174 1 N5 N4 146 0.940 0
174 2 N5 N1 0 0.940 0
174 3 N5 N2 0 0.940 0
174 4 N5 N5 168 0.940 1
174 5 N1 N5 0 1.130 0
174 6 N1 N2 173 1.130 1
174 7 N1 N1 103 1.130 0
174 8 N2 N5 48 0.300 0
174 9 N2 N1 83 0.300 0
174 10 N2 N2 206 0.300 1
174 11 N4 N5 133 0.700 0
174 12 N4 N1 48 0.700 0
174 13 N4 N4 217 0.700 1
175 1 N5 N4 146 0.490 0
175 2 N5 N1 0 0.490 0
175 3 N5 N2 0 0.490 0
175 4 N5 N5 174 0.490 1
175 5 N1 N5 0 0.180 0
175 6 N1 N2 173 0.180 1
175 7 N1 N1 105 0.180 0
175 8 N2 N5 0 0.240 0
175 9 N2 N1 89 0.240 0
175 10 N2 N2 210 0.240 1
175 11 N4 N5 133 0.100 0
175 12 N4 N1 49 0.100 0
175 13 N4 N4 215 0.100 1
176 1 N5 N4 146 0.720 0
176 2 N5 N1 0 0.720 0
176 3 N5 N2 0 0.720 0
176 4 N5 N5 176 0.720 1
176 5 N1 N5 0 0.750 0
176 6 N1 N2 174 0.750 1
176 7 N1 N1 109 0.750 0
176 8 N2 N5 0 0.310 0
176 9 N2 N1 97 0.310 0
176 10 N2 N2 213 0.310 1
176 11 N4 N5 133 0.210 0
176 12 N4 N1 54 0.210 0
176 13 N4 N4 214 0.210 1
177 1 N5 N4 147 0.180 0
177 2 N5 N1 46 0.180 0
177 3 N5 N2 0 0.180 0
177 4 N5 N5 178 0.180 1
177 5 N1 N5 0 0.430 0
177 6 N1 N2 176 0.430 1
177 7 N1 N1 114 0.430 0
177 8 N2 N5 0 0.500 0
177 9 N2 N1 100 0.500 0
177 10 N2 N2 216 0.500 1
177 11 N4 N5 130 0.240 0
177 12 N4 N1 55 0.240 0
177 13 N4 N4 213 0.240 1
178 1 N5 N4 147 0.540 0
178 2 N5 N1 49 0.540 0
178 3 N5 N2 0 0.540 0
178 4 N5 N5 180 0.540 1
178 5 N1 N5 0 0.040 0
178 6 N1 N2 182 0.040 1
178 7 N1 N1 117 0.040 0
178 8 N2 N5 0 0.050 0
178 9 N2 N1 104 0.050 0
178 10 N2 N2 221 0.050 1
178 11 N4 N5 130 0.140 0
178 12 N4 N1 54 0.140 0
178 13 N4 N4 212 0.140 1
179 1 N5 N4 147 0.450 0
179 2 N5 N1 49 0.450 0
179 3 N5 N2 0 0.450 0
179 4 N5 N5 183 0.450 1
179 5 N1 N5 0 0.070 0
179 6 N1 N2 187 0.070 1
179 7 N1 N1 120 0.070 0
179 8 N2 N5 0 0.110 0
179 9 N2 N1 104 0.110 0
179 10 N2 N2 226 0.110 1
179 11 N4 N5 127 0.400 0
179 12 N4 N1 53 0.400 0
179 13 N4 N4 211 0.400 1
180 1 N5 N4 145 0.770 0
180 2 N5 N1 49 0.770 0
180 3 N5 N2 0 0.770 0
180 4 N5 N5 187 0.770 1
180 5 N1 N5 0 0.030 0
180 6 N1 N2 190 0.030 1
180 7 N1 N1 122 0.030 0
180 8 N2 N5 0 0.040 0
180 9 N2 N1 105 0.040 0
180 10 N2 N2 230 0.040 1
180 11 N4 N5 127 0.130 0
180 12 N4 N1 53 0.130 0
180 13 N4 N4 211 0.130 1
181 1 N5 N4 147 0.740 0
181 2 N5 N1 51 0.740 0
181 3 N5 N2 0 0.740 0
181 4 N5 N5 189 0.740 1
181 5 N1 N5 0 0.100 0
181 6 N1 N2 190 0.100 1
181 7 N1 N1 124 0.100 0
181 8 N2 N5 0 0.140 0
181 9 N2 N1 105 0.140 0
181 10 N2 N2 231 0.140 1
181 11 N4 N5 125 0.500 0
181 12 N4 N1 54 0.500 0
181 13 N4 N4 210 0.500 1
182 1 N5 N4 147 0.460 0
182 2 N5 N1 51 0.460 0
182 3 N5 N2 0 0.460 0
182 4 N5 N5 195 0.460 1
182 5 N1 N5 0 0.160 0
182 6 N1 N2 190 0.160 1
182 7 N1 N1 124 0.160 0
182 8 N2 N5 0 0.220 0
182 9 N2 N1 107 0.220 0
182 10 N2 N2 233 0.220 1
182 11 N4 N5 0 0.460 0
182 12 N4 N1 55 0.460 0
182 13 N4 N4 210 0.460 1
183 1 N5 N4 147 0.250 0
183 2 N5 N1 51 0.250 0
183 3 N5 N2 0 0.250 0
183 4 N5 N5 202 0.250 1
183 5 N1 N5 0 0.260 0
183 6 N1 N2 189 0.260 1
183 7 N1 N1 125 0.260 0
183 8 N2 N5 0 0.330 0
183 9 N2 N1 106 0.330 0
183 10 N2 N2 234 0.330 1
183 11 N4 N5 0 0.130 0
183 12 N4 N1 53 0.130 0
183 13 N4 N4 209 0.130 1
184 1 N5 N4 0 0.060 0
184 2 N5 N1 57 0.060 0
184 3 N5 N2 0 0.060 0
184 4 N5 N5 211 0.060 1
184 5 N1 N5 0 0.360 0
184 6 N1 N2 187 0.360 1
184 7 N1 N1 126 0.360 0
184 8 N2 N5 0 0.000 0
184 9 N2 N1 106 0.000 0
184 10 N2 N2 235 0.000 1
184 11 N4 N5 0 0.480 0
184 12 N4 N1 52 0.480 0
184 13 N4 N4 208 0.480 1
185 1 N5 N4 0 0.800 0
185 2 N5 N1 58 0.800 0
185 3 N5 N2 0 0.800 0
185 4 N5 N5 211 0.800 1
185 5 N1 N5 0 0.040 0
185 6 N1 N2 186 0.040 1
185 7 N1 N1 126 0.040 0
185 8 N2 N5 0 0.090 0
185 9 N2 N1 106 0.090 0
185 10 N2 N2 235 0.090 1
185 11 N4 N5 0 1.570 0
185 12 N4 N1 52 1.570 0
185 13 N4 N4 208 1.570 1
186 1 N5 N4 0 0.110 0
186 2 N5 N1 59 0.110 0
186 3 N5 N2 0 0.110 0
186 4 N5 N5 218 0.110 1
186 5 N1 N5 0 0.110 0
186 6 N1 N2 183 0.110 1
186 7 N1 N1 126 0.110 0
186 8 N2 N5 0 0.060 0
186 9 N2 N1 106 0.060 0
186 10 N2 N2 234 0.060 1
186 11 N4 N5 0 0.420 0
186 12 N4 N1 53 0.420 0
186 13 N4 N4 205 0.420 1
187 1 N5 N4 0 0.050 0
187 2 N5 N1 60 0.050 0
187 3 N5 N2 0 0.050 0
187 4 N5 N5 222 0.050 1
187 5 N1 N5 0 0.070 0
187 6 N1 N2 182 0.070 1
187 7 N1 N1 127 0.070 0
187 8 N2 N5 0 0.140 0
187 9 N2 N1 104 0.140 0
187 10 N2 N2 232 0.140 1
187 11 N4 N5 0 0.130 0
187 12 N4 N1 54 0.130 0
187 13 N4 N4 205 0.130 1
188 1 N5 N4 0 0.260 0
188 2 N5 N1 60 0.260 0
188 3 N5 N2 0 0.260 0
188 4 N5 N5 226 0.260 1
188 5 N1 N5 0 0.150 0
188 6 N1 N2 181 0.150 1
188 7 N1 N1 127 0.150 0
188 8 N2 N5 0 0.730 0
188 9 N2 N1 103 0.730 0
188 10 N2 N2 231 0.730 1
188 11 N4 N5 0 0.260 0
188 12 N4 N1 52 0.260 0
188 13 N4 N4 204 0.260 1
189 1 N5 N4 0 0.030 0
189 2 N5 N1 60 0.030 0
189 3 N5 N2 0 0.030 0
189 4 N5 N5 229 0.030 1
189 5 N1 N5 0 0.230 0
189 6 N1 N2 182 0.230 1
189 7 N1 N1 126 0.230 0
189 8 N2 N5 0 0.410 0
189 9 N2 N1 103 0.410 0
189 10 N2 N2 230 0.410 1
189 11 N4 N5 0 0.740 0
189 12 N4 N1 52 0.740 0
189 13 N4 N4 204 0.740 1
190 1 N5 N4 0 0.080 0
190 2 N5 N1 57 0.080 0
190 3 N5 N2 0 0.080 0
190 4 N5 N5 231 0.080 1
190 5 N1 N5 0 0.380 0
190 6 N1 N2 182 0.380 1
190 7 N1 N1 125 0.380 0
190 8 N2 N5 0 0.330 0
190 9 N2 N1 104 0.330 0
190 10 N2 N2 230 0.330 1
190 11 N4 N5 0 0.010 0
190 12 N4 N1 49 0.010 0
190 13 N4 N4 201 0.010 1
191 1 N5 N4 0 0.690 0
191 2 N5 N1 57 0.690 0
191 3 N5 N2 0 0.690 0
191 4 N5 N5 231 0.690 1
191 5 N1 N5 0 0.350 0
191 6 N1 N2 184 0.350 1
191 7 N1 N1 125 0.350 0
191 8 N2 N5 0 0.410 0
191 9 N2 N1 103 0.410 0
191 10 N2 N2 230 0.410 1
191 11 N4 N5 0 0.330 0
191 12 N4 N1 49 0.330 0
191 13 N4 N4 202 0.330 1
192 1 N5 N4 0 0.240 0
192 2 N5 N1 56 0.240 0
192 3 N5 N2 0 0.240 0
192 4 N5 N5 232 0.240 1
192 5 N1 N5 0 0.380 0
192 6 N1 N2 185 0.380 1
192 7 N1 N1 126 0.380 0
192 8 N2 N5 0 0.040 0
192 9 N2 N1 101 0.040 0
192 10 N2 N2 230 0.040 1
192 11 N4 N5 0 1.430 0
192 12 N4 N1 49 1.430 0
192 13 N4 N4 202 1.430 1
193 1 N5 N4 0 0.310 0
193 2 N5 N1 56 0.310 0
193 3 N5 N2 0 0.310 0
193 4 N5 N5 232 0.310 1
193 5 N1 N5 0 0.070 0
193 6 N1 N2 187 0.070 1
193 7 N1 N1 125 0.070 0
193 8 N2 N5 0 0.140 0
193 9 N2 N1 101 0.140 0
193 10 N2 N2 230 0.140 1
193 11 N4 N5 0 0.120 0
193 12 N4 N1 49 0.120 0
193 13 N4 N4 202 0.120 1
194 1 N5 N4 0 0.410 0
194 2 N5 N1 56 0.410 0
194 3 N5 N2 0 0.410 0
194 4 N5 N5 233 0.410 1
194 5 N1 N5 0 0.030 0
194 6 N1 N2 188 0.030 1
194 7 N1 N1 125 0.030 0
194 8 N2 N5 0 0.230 0
194 9 N2 N1 102 0.230 0
194 10 N2 N2 230 0.230 1
194 11 N4 N5 0 0.280 0
194 12 N4 N1 49 0.280 0
194 13 N4 N4 203 0.280 1
195 1 N5 N4 0 0.500 0
195 2 N5 N1 56 0.500 0
195 3 N5 N2 0 0.500 0
195 4 N5 N5 233 0.500 1
195 5 N1 N5 0 0.100 0
195 6 N1 N2 188 0.100 1
195 7 N1 N1 125 0.100 0
195 8 N2 N5 0 0.170 0
195 9 N2 N1 102 0.170 0
195 10 N2 N2 230 0.170 1
195 11 N4 N5 0 0.370 0
195 12 N4 N1 49 0.370 0
195 13 N4 N4 203 0.370 1
196 1 N5 N4 0 0.050 0
196 2 N5 N1 56 0.050 0
196 3 N5 N2 0 0.050 0
196 4 N5 N5 234 0.050 1
196 5 N1 N5 0 0.170 0
196 6 N1 N2 187 0.170 1
196 7 N1 N1 126 0.170 0
196 8 N2 N5 0 0.230 0
196 9 N2 N1 102 0.230 0
196 10 N2 N2 230 0.230 1
196 11 N4 N5 0 1.040 0
196 12 N4 N1 49 1.040 0
196 13 N4 N4 204 1.040 1
197 1 N5 N4 0 0.610 0
197 2 N5 N1 54 0.610 0
197 3 N5 N2 0 0.610 0
197 4 N5 N5 234 0.610 1
197 5 N1 N5 0 0.870 0
197 6 N1 N2 188 0.870 1
197 7 N1 N1 127 0.870 0
197 8 N2 N5 176 0.290 0
197 9 N2 N1 102 0.290 0
197 10 N2 N2 228 0.290 1
197 11 N4 N5 0 0.490 0
197 12 N4 N1 47 0.490 0
197 13 N4 N4 204 0.490 1
198 1 N5 N4 0 0.430 0
198 2 N5 N1 53 0.430 0
198 3 N5 N2 0 0.430 0
198 4 N5 N5 234 0.430 1
198 5 N1 N5 0 0.320 0
198 6 N1 N2 183 0.320 1
198 7 N1 N1 126 0.320 0
198 8 N2 N5 173 0.370 0
198 9 N2 N1 103 0.370 0
198 10 N2 N2 224 0.370 1
198 11 N4 N5 0 0.180 0
198 12 N4 N1 46 0.180 0
198 13 N4 N4 204 0.180 1
199 1 N5 N4 0 0.730 0
199 2 N5 N1 53 0.730 0
199 3 N5 N2 0 0.730 0
199 4 N5 N5 233 0.730 1
199 5 N1 N5 0 0.920 0
199 6 N1 N2 179 0.920 1
199 7 N1 N1 127 0.920 0
199 8 N2 N5 173 0.060 0
199 9 N2 N1 103 0.060 0
199 10 N2 N2 219 0.060 1
199 11 N4 N5 0 0.210 0
199 12 N4 N1 47 0.210 0
199 13 N4 N4 205 0.210 1
200 1 N5 N4 0 0.590 0
200 2 N5 N1 51 0.590 0
200 3 N5 N2 0 0.590 0
200 4 N5 N5 232 0.590 1
200 5 N1 N5 0 0.480 0
200 6 N1 N2 173 0.480 1
200 7 N1 N1 126 0.480 0
200 8 N2 N5 169 0.140 0
200 9 N2 N1 100 0.140 0
200 10 N2 N2 216 0.140 1
200 11 N4 N5 0 1.300 0
200 12 N4 N1 47 1.300 0
200 13 N4 N4 205 1.300 1
201 1 N5 N4 0 0.430 0
201 2 N5 N1 50 0.430 0
201 3 N5 N2 0 0.430 0
201 4 N5 N5 231 0.430 1
201 5 N1 N5 0 0.050 0
201 6 N1 N2 166 0.050 1
201 7 N1 N1 125 0.050 0
201 8 N2 N5 168 0.120 0
201 9 N2 N1 98 0.120 0
201 10 N2 N2 213 0.120 1
201 11 N4 N5 0 0.430 0
201 12 N4 N1 46 0.430 0
201 13 N4 N4 206 0.430 1
202 1 N5 N4 0 0.010 0
202 2 N5 N1 47 0.010 0
202 3 N5 N2 0 0.010 0
202 4 N5 N5 229 0.010 1
202 5 N1 N5 0 0.630 0
202 6 N1 N2 160 0.630 1
202 7 N1 N1 124 0.630 0
202 8 N2 N5 168 0.200 0
202 9 N2 N1 88 0.200 0
202 10 N2 N2 210 0.200 1
202 11 N4 N5 0 1.530 0
202 12 N4 N1 46 1.530 0
202 13 N4 N4 206 1.530 1
203 1 N5 N4 0 0.070 0
203 2 N5 N1 46 0.070 0
203 3 N5 N2 0 0.070 0
203 4 N5 N5 226 0.070 1
203 5 N1 N5 0 0.180 0
203 6 N1 N2 156 0.180 1
203 7 N1 N1 121 0.180 0
203 8 N2 N5 165 0.260 0
203 9 N2 N1 84 0.260 0
203 10 N2 N2 206 0.260 1
203 11 N4 N5 0 0.170 0
203 12 N4 N1 46 0.170 0
203 13 N4 N4 207 0.170 1
204 1 N5 N4 0 0.160 0
204 2 N5 N1 46 0.160 0
204 3 N5 N2 0 0.160 0
204 4 N5 N5 223 0.160 1
204 5 N1 N5 0 0.320 0
204 6 N1 N2 154 0.320 1
204 7 N1 N1 118 0.320 0
204 8 N2 N5 164 0.360 0
204 9 N2 N1 80 0.360 0
204 10 N2 N2 203 0.360 1
204 11 N4 N5 0 0.650 0
204 12 N4 N1 43 0.650 0
204 13 N4 N4 209 0.650 1
205 1 N5 N4 0 0.130 0
205 2 N5 N1 44 0.130 0
205 3 N5 N2 119 0.130 0
205 4 N5 N5 219 0.130 1
205 5 N1 N5 143 0.370 0
205 6 N1 N2 152 0.370 1
205 7 N1 N1 112 0.370 0
205 8 N2 N5 163 0.050 0
205 9 N2 N1 75 0.050 0
205 10 N2 N2 200 0.050 1
205 11 N4 N5 0 0.890 0
205 12 N4 N1 41 0.890 0
205 13 N4 N4 210 0.890 1
206 1 N5 N4 0 0.210 0
206 2 N5 N1 43 0.210 0
206 3 N5 N2 120 0.210 0
206 4 N5 N5 215 0.210 1
206 5 N1 N5 149 0.430 0
206 6 N1 N2 152 0.430 1
206 7 N1 N1 105 0.430 0
206 8 N2 N5 168 0.090 0
206 9 N2 N1 70 0.090 0
206 10 N2 N2 199 0.090 1
206 11 N4 N5 0 0.220 0
206 12 N4 N1 41 0.220 0
206 13 N4 N4 209 0.220 1
207 1 N5 N4 0 0.260 0
207 2 N5 N1 43 0.260 0
207 3 N5 N2 120 0.260 0
207 4 N5 N5 211 0.260 1
207 5 N1 N5 148 0.040 0
207 6 N1 N2 151 0.040 1
207 7 N1 N1 99 0.040 0
207 8 N2 N5 169 0.060 0
207 9 N2 N1 65 0.060 0
207 10 N2 N2 199 0.060 1
207 11 N4 N5 0 0.150 0
207 12 N4 N1 34 0.150 0
207 13 N4 N4 206 0.150 1
208 1 N5 N4 0 0.330 0
208 2 N5 N1 41 0.330 0
208 3 N5 N2 122 0.330 0
208 4 N5 N5 207 0.330 1
208 5 N1 N5 150 0.090 0
208 6 N1 N2 150 0.090 1
208 7 N1 N1 95 0.090 0
208 8 N2 N5 168 0.140 0
208 9 N2 N1 60 0.140 0
208 10 N2 N2 197 0.140 1
208 11 N4 N5 0 0.060 0
208 12 N4 N1 28 0.060 0
208 13 N4 N4 206 0.060 1
209 1 N5 N4 0 0.000 0
209 2 N5 N1 41 0.000 0
209 3 N5 N2 123 0.000 0
209 4 N5 N5 202 0.000 1
209 5 N1 N5 150 0.290 0
209 6 N1 N2 150 0.290 1
209 7 N1 N1 89 0.290 0
209 8 N2 N5 165 0.210 0
209 9 N2 N1 56 0.210 0
209 10 N2 N2 196 0.210 1
209 11 N4 N5 0 0.030 0
209 12 N4 N1 28 0.030 0
209 13 N4 N4 206 0.030 1
210 1 N5 N4 0 0.480 0
210 2 N5 N1 39 0.480 0
210 3 N5 N2 125 0.480 0
210 4 N5 N5 200 0.480 1
210 5 N1 N5 150 0.250 0
210 6 N1 N2 150 0.250 1
210 7 N1 N1 84 0.250 0
210 8 N2 N5 163 0.300 0
210 9 N2 N1 54 0.300 0
210 10 N2 N2 195 0.300 1
210 11 N4 N5 0 0.020 0
210 12 N4 N1 27 0.020 0
210 13 N4 N4 205 0.020 1
211 1 N5 N4 0 0.130 0
211 2 N5 N1 38 0.130 0
211 3 N5 N2 127 0.130 0
211 4 N5 N5 195 0.130 1
211 5 N1 N5 151 0.440 0
211 6 N1 N2 149 0.440 1
211 7 N1 N1 79 0.440 0
211 8 N2 N5 158 0.460 0
211 9 N2 N1 52 0.460 0
211 10 N2 N2 194 0.460 1
211 11 N4 N5 0 0.440 0
211 12 N4 N1 24 0.440 0
211 13 N4 N4 204 0.440 1
212 1 N5 N4 0 0.290 0
212 2 N5 N1 38 0.290 0
212 3 N5 N2 129 0.290 0
212 4 N5 N5 192 0.290 1
212 5 N1 N5 146 0.200 0
212 6 N1 N2 147 0.200 1
212 7 N1 N1 70 0.200 0
212 8 N2 N5 155 0.100 0
212 9 N2 N1 48 0.100 0
212 10 N2 N2 192 0.100 1
212 11 N4 N5 0 0.100 0
212 12 N4 N1 23 0.100 0
212 13 N4 N4 202 0.100 1
213 1 N5 N4 0 0.470 0
213 2 N5 N1 37 0.470 0
213 3 N5 N2 129 0.470 0
213 4 N5 N5 185 0.470 1
213 5 N1 N5 143 0.090 0
213 6 N1 N2 143 0.090 1
213 7 N1 N1 67 0.090 0
213 8 N2 N5 149 0.090 0
213 9 N2 N1 47 0.090 0
213 10 N2 N2 189 0.090 1
213 11 N4 N5 0 0.030 0
213 12 N4 N1 22 0.030 0
213 13 N4 N4 201 0.030 1
214 1 N5 N4 0 0.050 0
214 2 N5 N1 36 0.050 0
214 3 N5 N2 128 0.050 0
214 4 N5 N5 176 0.050 1
214 5 N1 N5 141 0.350 0
214 6 N1 N2 143 0.350 1
214 7 N1 N1 65 0.350 0
214 8 N2 N5 147 0.370 0
214 9 N2 N1 46 0.370 0
214 10 N2 N2 187 0.370 1
214 11 N4 N5 0 0.200 0
214 12 N4 N1 22 0.200 0
214 13 N4 N4 202 0.200 1
215 1 N5 N4 0 0.010 0
215 2 N5 N1 35 0.010 0
215 3 N5 N2 127 0.010 0
215 4 N5 N5 168 0.010 1
215 5 N1 N5 133 0.320 0
215 6 N1 N2 139 0.320 1
215 7 N1 N1 64 0.320 0
215 8 N2 N5 147 1.490 0
215 9 N2 N1 46 1.490 0
215 10 N2 N2 187 1.490 1
215 11 N4 N5 0 0.480 0
215 12 N4 N1 22 0.480 0
215 13 N4 N4 203 0.480 1
216 1 N5 N4 0 0.090 0
216 2 N5 N1 34 0.090 0
216 3 N5 N2 126 0.090 0
216 4 N5 N5 159 0.090 1
216 5 N1 N5 122 0.360 0
216 6 N1 N2 136 0.360 1
216 7 N1 N1 62 0.360 0
216 8 N2 N5 135 0.420 0
216 9 N2 N1 45 0.420 0
216 10 N2 N2 186 0.420 1
216 11 N4 N5 0 0.380 0
216 12 N4 N1 22 0.380 0
216 13 N4 N4 204 0.380 1
217 1 N5 N4 0 0.110 0
217 2 N5 N1 34 0.110 0
217 3 N5 N2 124 0.110 0
217 4 N5 N5 150 0.110 1
217 5 N1 N5 118 0.020 0
217 6 N1 N2 134 0.020 1
217 7 N1 N1 61 0.020 0
217 8 N2 N5 124 0.050 0
217 9 N2 N1 45 0.050 0
217 10 N2 N2 184 0.050 1
217 11 N4 N5 0 0.420 0
217 12 N4 N1 22 0.420 0
217 13 N4 N4 207 0.420 1
218 1 N5 N4 0 0.440 0
218 2 N5 N1 34 0.440 0
218 3 N5 N2 124 0.440 0
218 4 N5 N5 150 0.440 1
218 5 N1 N5 114 0.080 0
218 6 N1 N2 132 0.080 1
218 7 N1 N1 61 0.080 0
218 8 N2 N5 120 0.130 0
218 9 N2 N1 47 0.130 0
218 10 N2 N2 182 0.130 1
218 11 N4 N5 0 0.120 0
218 12 N4 N1 23 0.120 0
218 13 N4 N4 209 0.120 1
219 1 N5 N4 0 0.300 0
219 2 N5 N1 35 0.300 0
219 3 N5 N2 124 0.300 0
219 4 N5 N5 141 0.300 1
219 5 N1 N5 104 0.040 0
219 6 N1 N2 132 0.040 1
219 7 N1 N1 61 0.040 0
219 8 N2 N5 104 0.080 0
219 9 N2 N1 48 0.080 0
219 10 N2 N2 180 0.080 1
219 11 N4 N5 0 0.150 0
219 12 N4 N1 24 0.150 0
219 13 N4 N4 210 0.150 1
220 1 N5 N4 0 0.010 0
220 2 N5 N1 35 0.010 0
220 3 N5 N2 125 0.010 0
220 4 N5 N5 134 0.010 1
220 5 N1 N5 104 0.120 0
220 6 N1 N2 132 0.120 1
220 7 N1 N1 62 0.120 0
220 8 N2 N5 102 0.150 0
220 9 N2 N1 47 0.150 0
220 10 N2 N2 179 0.150 1
220 11 N4 N5 0 0.080 0
220 12 N4 N1 24 0.080 0
220 13 N4 N4 212 0.080 1
221 1 N5 N4 0 0.060 0
221 2 N5 N1 35 0.060 0
221 3 N5 N2 126 0.060 0
221 4 N5 N5 130 0.060 1
221 5 N1 N5 102 0.310 0
221 6 N1 N2 131 0.310 1
221 7 N1 N1 61 0.310 0
221 8 N2 N5 98 0.210 0
221 9 N2 N1 47 0.210 0
221 10 N2 N2 178 0.210 1
221 11 N4 N5 0 0.130 0
221 12 N4 N1 24 0.130 0
221 13 N4 N4 212 0.130 1
222 1 N5 N4 0 1.040 0
222 2 N5 N1 35 1.040 0
222 3 N5 N2 126 1.040 0
222 4 N5 N5 130 1.040 1
222 5 N1 N5 90 0.250 0
222 6 N1 N2 129 0.250 1
222 7 N1 N1 58 0.250 0
222 8 N2 N5 98 1.310 0
222 9 N2 N1 47 1.310 0
222 10 N2 N2 178 1.310 1
222 11 N4 N5 0 0.700 0
222 12 N4 N1 24 0.700 0
222 13 N4 N4 211 0.700 1
223 1 N5 N4 0 0.130 0
223 2 N5 N1 35 0.130 0
223 3 N5 N2 127 0.130 0
223 4 N5 N5 117 0.130 1
223 5 N1 N5 78 0.310 0
223 6 N1 N2 129 0.310 1
223 7 N1 N1 57 0.310 0
223 8 N2 N5 84 0.350 0
223 9 N2 N1 45 0.350 0
223 10 N2 N2 178 0.350 1
223 11 N4 N5 0 0.470 0
223 12 N4 N1 23 0.470 0
223 13 N4 N4 209 0.470 1
224 1 N5 N4 0 0.090 0
224 2 N5 N1 35 0.090 0
224 3 N5 N2 127 0.090 1
224 4 N5 N5 104 0.090 0
224 5 N1 N5 73 0.220 0
224 6 N1 N2 128 0.220 1
224 7 N1 N1 57 0.220 0
224 8 N2 N5 84 0.510 0
224 9 N2 N1 44 0.510 0
224 10 N2 N2 177 0.510 1
224 11 N4 N5 0 1.570 0
224 12 N4 N1 23 1.570 0
224 13 N4 N4 209 1.570 1
225 1 N5 N4 0 0.070 0
225 2 N5 N1 35 0.070 0
225 3 N5 N2 129 0.070 1
225 4 N5 N5 92 0.070 0
225 5 N1 N5 62 0.190 0
225 6 N1 N2 129 0.190 1
225 7 N1 N1 56 0.190 0
225 8 N2 N5 68 0.050 0
225 9 N2 N1 42 0.050 0
225 10 N2 N2 176 0.050 1
225 11 N4 N5 0 0.430 0
225 12 N4 N1 21 0.430 0
225 13 N4 N4 207 0.430 1
226 1 N5 N4 0 0.240 0
226 2 N5 N1 33 0.240 0
226 3 N5 N2 129 0.240 1
226 4 N5 N5 80 0.240 0
226 5 N1 N5 57 0.020 0
226 6 N1 N2 130 0.020 1
226 7 N1 N1 52 0.020 0
226 8 N2 N5 62 0.100 0
226 9 N2 N1 41 0.100 0
226 10 N2 N2 176 0.100 1
226 11 N4 N5 0 0.170 0
226 12 N4 N1 21 0.170 0
226 13 N4 N4 206 0.170 1
227 1 N5 N4 0 0.290 0
227 2 N5 N1 33 0.290 0
227 3 N5 N2 129 0.290 1
227 4 N5 N5 78 0.290 0
227 5 N1 N5 55 0.080 0
227 6 N1 N2 131 0.080 1
227 7 N1 N1 50 0.080 0
227 8 N2 N5 51 0.090 0
227 9 N2 N1 41 0.090 0
227 10 N2 N2 176 0.090 1
227 11 N4 N5 0 0.060 0
227 12 N4 N1 20 0.060 0
227 13 N4 N4 204 0.060 1
228 1 N5 N4 0 0.540 0
228 2 N5 N1 34 0.540 0
228 3 N5 N2 132 0.540 1
228 4 N5 N5 73 0.540 0
228 5 N1 N5 51 0.190 0
228 6 N1 N2 139 0.190 1
228 7 N1 N1 50 0.190 0
228 8 N2 N5 51 0.300 0
228 9 N2 N1 41 0.300 0
228 10 N2 N2 180 0.300 1
228 11 N4 N5 0 0.830 0
228 12 N4 N1 20 0.830 0
228 13 N4 N4 204 0.830 1
229 1 N5 N4 0 0.210 0
229 2 N5 N1 34 0.210 0
229 3 N5 N2 139 0.210 1
229 4 N5 N5 71 0.210 0
229 5 N1 N5 48 0.230 0
229 6 N1 N2 144 0.230 1
229 7 N1 N1 49 0.230 0
229 8 N2 N5 49 0.260 0
229 9 N2 N1 41 0.260 0
229 10 N2 N2 184 0.260 1
229 11 N4 N5 0 0.190 0
229 12 N4 N1 19 0.190 0
229 13 N4 N4 200 0.190 1
230 1 N5 N4 0 0.670 0
230 2 N5 N1 35 0.670 0
230 3 N5 N2 144 0.670 1
230 4 N5 N5 70 0.670 0
230 5 N1 N5 47 0.300 0
230 6 N1 N2 147 0.300 1
230 7 N1 N1 49 0.300 0
230 8 N2 N5 48 0.350 0
230 9 N2 N1 41 0.350 0
230 10 N2 N2 186 0.350 1
230 11 N4 N5 0 0.280 0
230 12 N4 N1 18 0.280 0
230 13 N4 N4 197 0.280 1
231 1 N5 N4 0 0.240 0
231 2 N5 N1 36 0.240 0
231 3 N5 N2 145 0.240 1
231 4 N5 N5 63 0.240 0
231 5 N1 N5 46 0.890 0
231 6 N1 N2 149 0.890 1
231 7 N1 N1 49 0.890 0
231 8 N2 N5 43 0.040 0
231 9 N2 N1 42 0.040 0
231 10 N2 N2 191 0.040 1
231 11 N4 N5 0 0.340 0
231 12 N4 N1 18 0.340 0
231 13 N4 N4 194 0.340 1
232 1 N5 N4 0 0.280 0
232 2 N5 N1 37 0.280 0
232 3 N5 N2 146 0.280 1
232 4 N5 N5 61 0.280 0
232 5 N1 N5 44 0.050 0
232 6 N1 N2 150 0.050 1
232 7 N1 N1 51 0.050 0
232 8 N2 N5 43 1.010 0
232 9 N2 N1 44 1.010 0
232 10 N2 N2 191 1.010 1
232 11 N4 N5 0 0.400 0
232 12 N4 N1 18 0.400 0
232 13 N4 N4 191 0.400 1
233 1 N5 N4 0 0.340 0
233 2 N5 N1 40 0.340 0
233 3 N5 N2 147 0.340 1
233 4 N5 N5 56 0.340 0
233 5 N1 N5 44 0.500 0
233 6 N1 N2 149 0.500 1
233 7 N1 N1 52 0.500 0
233 8 N2 N5 43 0.060 0
233 9 N2 N1 47 0.060 0
233 10 N2 N2 193 0.060 1
233 11 N4 N5 0 0.470 0
233 12 N4 N1 19 0.470 0
233 13 N4 N4 189 0.470 1
234 1 N5 N4 0 1.450 0
234 2 N5 N1 40 1.450 0
234 3 N5 N2 147 1.450 1
234 4 N5 N5 56 1.450 0
234 5 N1 N5 41 0.080 0
234 6 N1 N2 151 0.080 1
234 7 N1 N1 54 0.080 0
234 8 N2 N5 41 0.140 0
234 9 N2 N1 49 0.140 0
234 10 N2 N2 196 0.140 1
234 11 N4 N5 0 0.540 0
234 12 N4 N1 19 0.540 0
234 13 N4 N4 190 0.540 1
235 1 N5 N4 0 0.520 0
235 2 N5 N1 42 0.520 0
235 3 N5 N2 143 0.520 1
235 4 N5 N5 53 0.520 0
235 5 N1 N5 39 0.260 0
235 6 N1 N2 153 0.260 1
235 7 N1 N1 56 0.260 0
235 8 N2 N5 40 0.230 0
235 9 N2 N1 50 0.230 0
235 10 N2 N2 198 0.230 1
235 11 N4 N5 0 0.090 0
235 12 N4 N1 20 0.090 0
235 13 N4 N4 193 0.090 1
236 1 N5 N4 0 0.080 0
236 2 N5 N1 46 0.080 0
236 3 N5 N2 140 0.080 1
236 4 N5 N5 49 0.080 0
236 5 N1 N5 36 0.200 0
236 6 N1 N2 155 0.200 1
236 7 N1 N1 58 0.200 0
236 8 N2 N5 40 0.310 0
236 9 N2 N1 52 0.310 0
236 10 N2 N2 197 0.310 1
236 11 N4 N5 0 0.660 0
236 12 N4 N1 23 0.660 0
236 13 N4 N4 193 0.660 1
237 1 N5 N4 0 0.170 0
237 2 N5 N1 48 0.170 0
237 3 N5 N2 140 0.170 1
237 4 N5 N5 48 0.170 0
237 5 N1 N5 36 0.240 0
237 6 N1 N2 157 0.240 1
237 7 N1 N1 59 0.240 0
237 8 N2 N5 38 0.380 0
237 9 N2 N1 53 0.380 0
237 10 N2 N2 196 0.380 1
237 11 N4 N5 0 0.220 0
237 12 N4 N1 25 0.220 0
237 13 N4 N4 195 0.220 1
238 1 N5 N4 0 0.240 0
238 2 N5 N1 50 0.240 0
238 3 N5 N2 139 0.240 1
238 4 N5 N5 48 0.240 0
238 5 N1 N5 30 0.310 0
238 6 N1 N2 160 0.310 1
238 7 N1 N1 61 0.310 0
238 8 N2 N5 29 0.070 0
238 9 N2 N1 54 0.070 0
238 10 N2 N2 196 0.070 1
238 11 N4 N5 7 0.030 0
238 12 N4 N1 26 0.030 0
238 13 N4 N4 199 0.030 1
239 1 N5 N4 0 0.320 0
239 2 N5 N1 52 0.320 0
239 3 N5 N2 139 0.320 1
239 4 N5 N5 43 0.320 0
239 5 N1 N5 30 0.380 0
239 6 N1 N2 160 0.380 1
239 7 N1 N1 63 0.380 0
239 8 N2 N5 29 0.110 0
239 9 N2 N1 55 0.110 0
239 10 N2 N2 197 0.110 1
239 11 N4 N5 7 0.340 0
239 12 N4 N1 27 0.340 0
239 13 N4 N4 203 0.340 1
240 1 N5 N4 0 0.400 0
240 2 N5 N1 54 0.400 0
240 3 N5 N2 139 0.400 1
240 4 N5 N5 43 0.400 0
240 5 N1 N5 26 0.040 0
240 6 N1 N2 161 0.040 1
240 7 N1 N1 65 0.040 0
240 8 N2 N5 29 0.040 0
240 9 N2 N1 56 0.040 0
240 10 N2 N2 198 0.040 1
240 11 N4 N5 7 0.160 0
240 12 N4 N1 28 0.160 0
240 13 N4 N4 208 0.160 1
241 1 N5 N4 0 0.500 0
241 2 N5 N1 56 0.500 0
241 3 N5 N2 141 0.500 1
241 4 N5 N5 43 0.500 0
241 5 N1 N5 22 0.100 0
241 6 N1 N2 162 0.100 1
241 7 N1 N1 68 0.100 0
241 8 N2 N5 25 0.140 0
241 9 N2 N1 58 0.140 0
241 10 N2 N2 199 0.140 1
241 11 N4 N5 7 0.250 0
241 12 N4 N1 28 0.250 0
241 13 N4 N4 209 0.250 1
242 1 N5 N4 0 0.020 0
242 2 N5 N1 57 0.020 0
242 3 N5 N2 143 0.020 1
242 4 N5 N5 41 0.020 0
242 5 N1 N5 22 0.060 0
242 6 N1 N2 165 0.060 1
242 7 N1 N1 69 0.060 0
242 8 N2 N5 15 0.240 0
242 9 N2 N1 60 0.240 0
242 10 N2 N2 200 0.240 1
242 11 N4 N5 7 0.110 0
242 12 N4 N1 28 0.110 0
242 13 N4 N4 213 0.110 1
243 1 N5 N4 0 0.090 0
243 2 N5 N1 58 0.090 0
243 3 N5 N2 146 0.090 1
243 4 N5 N5 27 0.090 0
243 5 N1 N5 13 0.070 0
243 6 N1 N2 167 0.070 1
243 7 N1 N1 71 0.070 0
243 8 N2 N5 13 0.310 0
243 9 N2 N1 62 0.310 0
243 10 N2 N2 202 0.310 1
243 11 N4 N5 7 0.180 0
243 12 N4 N1 29 0.180 0
243 13 N4 N4 215 0.180 1
244 1 N5 N4 0 0.160 0
244 2 N5 N1 59 0.160 0
244 3 N5 N2 147 0.160 1
244 4 N5 N5 15 0.160 0
244 5 N1 N5 13 0.230 0
244 6 N1 N2 167 0.230 1
244 7 N1 N1 72 0.230 0
244 8 N2 N5 13 0.210 0
244 9 N2 N1 62 0.210 0
244 10 N2 N2 204 0.210 1
244 11 N4 N5 6 0.210 0
244 12 N4 N1 29 0.210 0
244 13 N4 N4 214 0.210 1
245 1 N5 N4 0 0.250 0
245 2 N5 N1 60 0.250 0
245 3 N5 N2 148 0.250 1
245 4 N5 N5 15 0.250 0
245 5 N1 N5 12 0.330 0
245 6 N1 N2 169 0.330 1
245 7 N1 N1 74 0.330 0
245 8 N2 N5 13 0.080 0
245 9 N2 N1 62 0.080 0
245 10 N2 N2 207 0.080 1
245 11 N4 N5 6 0.310 0
245 12 N4 N1 29 0.310 0
245 13 N4 N4 212 0.310 1
246 1 N5 N4 0 0.310 0
246 2 N5 N1 60 0.310 0
246 3 N5 N2 148 0.310 1
246 4 N5 N5 15 0.310 0
246 5 N1 N5 12 0.040 0
246 6 N1 N2 170 0.040 1
246 7 N1 N1 74 0.040 0
246 8 N2 N5 12 0.050 0
246 9 N2 N1 60 0.050 0
246 10 N2 N2 208 0.050 1
246 11 N4 N5 5 0.590 0
246 12 N4 N1 28 0.590 0
246 13 N4 N4 211 0.590 1
247 1 N5 N4 0 0.370 0
247 2 N5 N1 59 0.370 0
247 3 N5 N2 147 0.370 1
247 4 N5 N5 16 0.370 0
247 5 N1 N5 12 0.080 0
247 6 N1 N2 171 0.080 1
247 7 N1 N1 73 0.080 0
247 8 N2 N5 12 0.120 0
247 9 N2 N1 59 0.120 0
247 10 N2 N2 210 0.120 1
247 11 N4 N5 5 0.150 0
247 12 N4 N1 26 0.150 0
247 13 N4 N4 209 0.150 1
248 1 N5 N4 0 0.410 0
248 2 N5 N1 58 0.410 0
248 3 N5 N2 146 0.410 1
248 4 N5 N5 16 0.410 0
248 5 N1 N5 12 0.020 0
248 6 N1 N2 175 0.020 1
248 7 N1 N1 71 0.020 0
248 8 N2 N5 12 0.150 0
248 9 N2 N1 56 0.150 0
248 10 N2 N2 210 0.150 1
248 11 N4 N5 5 0.150 0
248 12 N4 N1 25 0.150 0
248 13 N4 N4 208 0.150 1
249 1 N5 N4 0 0.480 0
249 2 N5 N1 56 0.480 0
249 3 N5 N2 145 0.480 1
249 4 N5 N5 16 0.480 0
249 5 N1 N5 12 0.100 0
249 6 N1 N2 174 0.100 1
249 7 N1 N1 70 0.100 0
249 8 N2 N5 12 0.280 0
249 9 N2 N1 55 0.280 0
249 10 N2 N2 209 0.280 1
249 11 N4 N5 5 0.270 0
249 12 N4 N1 24 0.270 0
249 13 N4 N4 207 0.270 1
250 1 N5 N4 0 0.020 0
250 2 N5 N1 56 0.020 0
250 3 N5 N2 142 0.020 1
250 4 N5 N5 16 0.020 0
250 5 N1 N5 12 0.150 0
250 6 N1 N2 173 0.150 1
250 7 N1 N1 69 0.150 0
250 8 N2 N5 12 0.450 0
250 9 N2 N1 54 0.450 0
250 10 N2 N2 208 0.450 1
250 11 N4 N5 5 0.110 0
250 12 N4 N1 24 0.110 0
250 13 N4 N4 207 0.110 1
251 1 N5 N4 0 0.140 0
251 2 N5 N1 55 0.140 0
251 3 N5 N2 140 0.140 1
251 4 N5 N5 17 0.140 0
251 5 N1 N5 0 0.230 0
251 6 N1 N2 170 0.230 1
251 7 N1 N1 69 0.230 0
251 8 N2 N5 13 0.390 0
251 9 N2 N1 53 0.390 0
251 10 N2 N2 206 0.390 1
251 11 N4 N5 5 0.210 0
251 12 N4 N1 23 0.210 0
251 13 N4 N4 205 0.210 1
252 1 N5 N4 0 0.150 0
252 2 N5 N1 55 0.150 0
252 3 N5 N2 140 0.150 1
252 4 N5 N5 17 0.150 0
252 5 N1 N5 15 0.340 0
252 6 N1 N2 168 0.340 1
252 7 N1 N1 68 0.340 0
252 8 N2 N5 13 0.090 0
252 9 N2 N1 53 0.090 0
252 10 N2 N2 206 0.090 1
252 11 N4 N5 5 1.330 0
252 12 N4 N1 23 1.330 0
252 13 N4 N4 205 1.330 1
253 1 N5 N4 0 0.850 0
253 2 N5 N1 55 0.850 0
253 3 N5 N2 140 0.850 1
253 4 N5 N5 17 0.850 0
253 5 N1 N5 15 0.410 0
253 6 N1 N2 169 0.410 1
253 7 N1 N1 68 0.410 0
253 8 N2 N5 13 0.040 0
253 9 N2 N1 54 0.040 0
253 10 N2 N2 207 0.040 1
253 11 N4 N5 5 0.390 0
253 12 N4 N1 23 0.390 0
253 13 N4 N4 207 0.390 1
254 1 N5 N4 0 0.430 0
254 2 N5 N1 55 0.430 0
254 3 N5 N2 141 0.430 1
254 4 N5 N5 17 0.430 0
254 5 N1 N5 15 0.480 0
254 6 N1 N2 170 0.480 1
254 7 N1 N1 67 0.480 0
254 8 N2 N5 13 0.130 0
254 9 N2 N1 54 0.130 0
254 10 N2 N2 208 0.130 1
254 11 N4 N5 5 0.440 0
254 12 N4 N1 23 0.440 0
254 13 N4 N4 208 0.440 1
255 1 N5 N4 0 1.040 0
255 2 N5 N1 56 1.040 0
255 3 N5 N2 142 1.040 1
255 4 N5 N5 18 1.040 0
255 5 N1 N5 15 0.100 0
255 6 N1 N2 172 0.100 1
255 7 N1 N1 67 0.100 0
255 8 N2 N5 14 0.230 0
255 9 N2 N1 54 0.230 0
255 10 N2 N2 208 0.230 1
255 11 N4 N5 5 0.240 0
255 12 N4 N1 24 0.240 0
255 13 N4 N4 211 0.240 1
256 1 N5 N4 0 0.080 0
256 2 N5 N1 56 0.080 0
256 3 N5 N2 144 0.080 1
256 4 N5 N5 19 0.080 0
256 5 N1 N5 15 0.160 0
256 6 N1 N2 171 0.160 1
256 7 N1 N1 67 0.160 0
256 8 N2 N5 14 0.810 0
256 9 N2 N1 54 0.810 0
256 10 N2 N2 208 0.810 1
256 11 N4 N5 5 0.100 0
256 12 N4 N1 24 0.100 0
256 13 N4 N4 214 0.100 1
257 1 N5 N4 0 0.640 0
257 2 N5 N1 56 0.640 0
257 3 N5 N2 144 0.640 1
257 4 N5 N5 19 0.640 0
257 5 N1 N5 15 0.180 0
257 6 N1 N2 170 0.180 1
257 7 N1 N1 66 0.180 0
257 8 N2 N5 14 0.400 0
257 9 N2 N1 53 0.400 0
257 10 N2 N2 208 0.400 1
257 11 N4 N5 0 0.140 0
257 12 N4 N1 24 0.140 0
257 13 N4 N4 216 0.140 1
258 1 N5 N4 0 0.180 0
258 2 N5 N1 55 0.180 0
258 3 N5 N2 146 0.180 1
258 4 N5 N5 19 0.180 0
258 5 N1 N5 15 0.240 0
258 6 N1 N2 168 0.240 1
258 7 N1 N1 66 0.240 0
258 8 N2 N5 14 0.040 0
258 9 N2 N1 52 0.040 0
258 10 N2 N2 207 0.040 1
258 11 N4 N5 0 0.220 0
258 12 N4 N1 24 0.220 0
258 13 N4 N4 217 0.220 1
259 1 N5 N4 0 0.250 0
259 2 N5 N1 55 0.250 0
259 3 N5 N2 147 0.250 1
259 4 N5 N5 19 0.250 0
259 5 N1 N5 15 0.320 0
259 6 N1 N2 168 0.320 1
259 7 N1 N1 65 0.320 0
259 8 N2 N5 15 0.120 0
259 9 N2 N1 52 0.120 0
259 10 N2 N2 207 0.120 1
259 11 N4 N5 0 0.070 0
259 12 N4 N1 24 0.070 0
259 13 N4 N4 218 0.070 1
260 1 N5 N4 0 0.320 0
260 2 N5 N1 56 0.320 0
260 3 N5 N2 145 0.320 1
260 4 N5 N5 19 0.320 0
260 5 N1 N5 15 0.420 0
260 6 N1 N2 168 0.420 1
260 7 N1 N1 65 0.420 0
260 8 N2 N5 11 0.070 0
260 9 N2 N1 51 0.070 0
260 10 N2 N2 205 0.070 1
260 11 N4 N5 0 0.330 0
260 12 N4 N1 24 0.330 0
260 13 N4 N4 219 0.330 1
261 1 N5 N4 0 0.390 0
261 2 N5 N1 55 0.390 0
261 3 N5 N2 145 0.390 1
261 4 N5 N5 19 0.390 0
261 5 N1 N5 15 0.090 0
261 6 N1 N2 168 0.090 1
261 7 N1 N1 64 0.090 0
261 8 N2 N5 11 0.140 0
261 9 N2 N1 49 0.140 0
261 10 N2 N2 204 0.140 1
261 11 N4 N5 3 0.140 0
261 12 N4 N1 23 0.140 0
261 13 N4 N4 222 0.140 1
262 1 N5 N4 0 0.440 0
262 2 N5 N1 55 0.440 0
262 3 N5 N2 145 0.440 1
262 4 N5 N5 19 0.440 0
262 5 N1 N5 12 0.020 0
262 6 N1 N2 170 0.020 1
262 7 N1 N1 63 0.020 0
262 8 N2 N5 11 0.320 0
262 9 N2 N1 48 0.320 0
262 10 N2 N2 202 0.320 1
262 11 N4 N5 3 0.510 0
262 12 N4 N1 23 0.510 0
262 13 N4 N4 223 0.510 1
263 1 N5 N4 0 0.480 0
263 2 N5 N1 54 0.480 0
263 3 N5 N2 145 0.480 1
263 4 N5 N5 20 0.480 0
263 5 N1 N5 11 0.110 0
263 6 N1 N2 170 0.110 1
263 7 N1 N1 63 0.110 0
263 8 N2 N5 11 0.250 0
263 9 N2 N1 47 0.250 0
263 10 N2 N2 201 0.250 1
263 11 N4 N5 3 0.050 0
263 12 N4 N1 23 0.050 0
263 13 N4 N4 224 0.050 1
264 1 N5 N4 0 0.070 0
264 2 N5 N1 53 0.070 0
264 3 N5 N2 146 0.070 1
264 4 N5 N5 20 0.070 0
264 5 N1 N5 11 0.270 0
264 6 N1 N2 170 0.270 1
264 7 N1 N1 62 0.270 0
264 8 N2 N5 7 0.310 0
264 9 N2 N1 46 0.310 0
264 10 N2 N2 200 0.310 1
264 11 N4 N5 3 0.810 0
264 12 N4 N1 23 0.810 0
264 13 N4 N4 224 0.810 1
265 1 N5 N4 0 1.180 0
265 2 N5 N1 53 1.180 0
265 3 N5 N2 146 1.180 1
265 4 N5 N5 20 1.180 0
265 5 N1 N5 11 0.240 0
265 6 N1 N2 171 0.240 1
265 7 N1 N1 60 0.240 0
265 8 N2 N5 7 0.400 0
265 9 N2 N1 44 0.400 0
265 10 N2 N2 199 0.400 1
265 11 N4 N5 3 0.140 0
265 12 N4 N1 23 0.140 0
265 13 N4 N4 225 0.140 1
266 1 N5 N4 0 0.250 0
266 2 N5 N1 53 0.250 0
266 3 N5 N2 149 0.250 1
266 4 N5 N5 20 0.250 0
266 5 N1 N5 9 0.280 0
266 6 N1 N2 173 0.280 1
266 7 N1 N1 59 0.280 0
266 8 N2 N5 7 0.080 0
266 9 N2 N1 43 0.080 0
266 10 N2 N2 203 0.080 1
266 11 N4 N5 3 0.220 0
266 12 N4 N1 21 0.220 0
266 13 N4 N4 227 0.220 1
267 1 N5 N4 0 0.300 0
267 2 N5 N1 52 0.300 0
267 3 N5 N2 150 0.300 1
267 4 N5 N5 20 0.300 0
267 5 N1 N5 7 0.360 0
267 6 N1 N2 174 0.360 1
267 7 N1 N1 58 0.360 0
267 8 N2 N5 7 0.040 0
267 9 N2 N1 42 0.040 0
267 10 N2 N2 205 0.040 1
267 11 N4 N5 3 0.280 0
267 12 N4 N1 21 0.280 0
267 13 N4 N4 228 0.280 1
268 1 N5 N4 0 0.380 0
268 2 N5 N1 50 0.380 0
268 3 N5 N2 152 0.380 1
268 4 N5 N5 20 0.380 0
268 5 N1 N5 7 0.460 0
268 6 N1 N2 178 0.460 1
268 7 N1 N1 57 0.460 0
268 8 N2 N5 0 0.120 0
268 9 N2 N1 41 0.120 0
268 10 N2 N2 208 0.120 1
268 11 N4 N5 3 0.360 0
268 12 N4 N1 20 0.360 0
268 13 N4 N4 230 0.360 1
269 1 N5 N4 0 0.080 0
269 2 N5 N1 48 0.080 0
269 3 N5 N2 153 0.080 1
269 4 N5 N5 0 0.080 0
269 5 N1 N5 7 0.010 0
269 6 N1 N2 180 0.010 1
269 7 N1 N1 56 0.010 0
269 8 N2 N5 0 0.310 0
269 9 N2 N1 41 0.310 0
269 10 N2 N2 209 0.310 1
269 11 N4 N5 3 0.080 0
269 12 N4 N1 20 0.080 0
269 13 N4 N4 231 0.080 1
270 1 N5 N4 0 0.120 0
270 2 N5 N1 48 0.120 0
270 3 N5 N2 154 0.120 1
270 4 N5 N5 0 0.120 0
270 5 N1 N5 0 0.060 0
270 6 N1 N2 182 0.060 1
270 7 N1 N1 55 0.060 0
270 8 N2 N5 0 0.260 0
270 9 N2 N1 41 0.260 0
270 10 N2 N2 210 0.260 1
270 11 N4 N5 3 0.140 0
270 12 N4 N1 20 0.140 0
270 13 N4 N4 231 0.140 1
271 1 N5 N4 0 0.590 0
271 2 N5 N1 48 0.590 0
271 3 N5 N2 154 0.590 1
271 4 N5 N5 0 0.590 0
271 5 N1 N5 0 0.220 0
271 6 N1 N2 182 0.220 1
271 7 N1 N1 54 0.220 0
271 8 N2 N5 0 0.330 0
271 9 N2 N1 41 0.330 0
271 10 N2 N2 212 0.330 1
271 11 N4 N5 3 0.040 0
271 12 N4 N1 19 0.040 0
271 13 N4 N4 230 0.040 1
272 1 N5 N4 0 0.170 0
272 2 N5 N1 47 0.170 0
272 3 N5 N2 155 0.170 1
272 4 N5 N5 0 0.170 0
272 5 N1 N5 0 0.210 0
272 6 N1 N2 184 0.210 1
272 7 N1 N1 54 0.210 0
272 8 N2 N5 0 0.370 0
272 9 N2 N1 41 0.370 0
272 10 N2 N2 214 0.370 1
272 11 N4 N5 3 0.100 0
272 12 N4 N1 18 0.100 0
272 13 N4 N4 230 0.100 1
273 1 N5 N4 0 0.200 0
273 2 N5 N1 46 0.200 0
273 3 N5 N2 156 0.200 1
273 4 N5 N5 0 0.200 0
273 5 N1 N5 0 0.890 0
273 6 N1 N2 184 0.890 1
273 7 N1 N1 54 0.890 0
273 8 N2 N5 0 0.420 0
273 9 N2 N1 40 0.420 0
273 10 N2 N2 216 0.420 1
273 11 N4 N5 0 0.180 0
273 12 N4 N1 18 0.180 0
273 13 N4 N4 230 0.180 1
274 1 N5 N4 0 0.260 0
274 2 N5 N1 45 0.260 0
274 3 N5 N2 158 0.260 1
274 4 N5 N5 0 0.260 0
274 5 N1 N5 0 0.460 0
274 6 N1 N2 187 0.460 1
274 7 N1 N1 54 0.460 0
274 8 N2 N5 0 0.090 0
274 9 N2 N1 41 0.090 0
274 10 N2 N2 217 0.090 1
274 11 N4 N5 3 0.260 0
274 12 N4 N1 18 0.260 0
274 13 N4 N4 231 0.260 1
275 1 N5 N4 0 0.330 0
275 2 N5 N1 45 0.330 0
275 3 N5 N2 160 0.330 1
275 4 N5 N5 10 0.330 0
275 5 N1 N5 7 0.040 0
275 6 N1 N2 191 0.040 1
275 7 N1 N1 54 0.040 0
275 8 N2 N5 0 0.170 0
275 9 N2 N1 41 0.170 0
275 10 N2 N2 218 0.170 1
275 11 N4 N5 3 0.340 0
275 12 N4 N1 18 0.340 0
275 13 N4 N4 233 0.340 1
276 1 N5 N4 0 0.420 0
276 2 N5 N1 45 0.420 0
276 3 N5 N2 163 0.420 1
276 4 N5 N5 10 0.420 0
276 5 N1 N5 7 0.010 0
276 6 N1 N2 195 0.010 1
276 7 N1 N1 53 0.010 0
276 8 N2 N5 0 0.130 0
276 9 N2 N1 41 0.130 0
276 10 N2 N2 220 0.130 1
276 11 N4 N5 3 0.430 0
276 12 N4 N1 0 0.430 0
276 13 N4 N4 234 0.430 1
277 1 N5 N4 0 0.110 0
277 2 N5 N1 46 0.110 0
277 3 N5 N2 164 0.110 1
277 4 N5 N5 10 0.110 0
277 5 N1 N5 7 0.090 0
277 6 N1 N2 195 0.090 1
277 7 N1 N1 54 0.090 0
277 8 N2 N5 0 0.170 0
277 9 N2 N1 41 0.170 0
277 10 N2 N2 221 0.170 1
277 11 N4 N5 3 0.520 0
277 12 N4 N1 0 0.520 0
277 13 N4 N4 234 0.520 1
278 1 N5 N4 0 0.040 0
278 2 N5 N1 45 0.040 0
278 3 N5 N2 165 0.040 1
278 4 N5 N5 10 0.040 0
278 5 N1 N5 7 0.130 0
278 6 N1 N2 193 0.130 1
278 7 N1 N1 53 0.130 0
278 8 N2 N5 6 0.230 0
278 9 N2 N1 42 0.230 0
278 10 N2 N2 223 0.230 1
278 11 N4 N5 3 0.070 0
278 12 N4 N1 0 0.070 0
278 13 N4 N4 234 0.070 1
279 1 N5 N4 0 0.090 0
279 2 N5 N1 46 0.090 0
279 3 N5 N2 165 0.090 1
279 4 N5 N5 10 0.090 0
279 5 N1 N5 7 0.210 0
279 6 N1 N2 193 0.210 1
279 7 N1 N1 53 0.210 0
279 8 N2 N5 6 0.300 0
279 9 N2 N1 41 0.300 0
279 10 N2 N2 224 0.300 1
279 11 N4 N5 3 0.150 0
279 12 N4 N1 0 0.150 0
279 13 N4 N4 234 0.150 1
280 1 N5 N4 0 0.170 0
280 2 N5 N1 47 0.170 0
280 3 N5 N2 165 0.170 1
280 4 N5 N5 10 0.170 0
280 5 N1 N5 7 0.780 0
280 6 N1 N2 192 0.780 1
280 7 N1 N1 53 0.780 0
280 8 N2 N5 6 0.470 0
280 9 N2 N1 41 0.470 0
280 10 N2 N2 224 0.470 1
280 11 N4 N5 3 0.230 0
280 12 N4 N1 0 0.230 0
280 13 N4 N4 234 0.230 1
281 1 N5 N4 0 0.220 0
281 2 N5 N1 48 0.220 0
281 3 N5 N2 165 0.220 1
281 4 N5 N5 12 0.220 0
281 5 N1 N5 8 0.350 0
281 6 N1 N2 192 0.350 1
281 7 N1 N1 54 0.350 0
281 8 N2 N5 8 0.030 0
281 9 N2 N1 41 0.030 0
281 10 N2 N2 224 0.030 1
281 11 N4 N5 3 0.290 0
281 12 N4 N1 0 0.290 0
281 13 N4 N4 234 0.290 1
282 1 N5 N4 0 0.830 0
282 2 N5 N1 47 0.830 0
282 3 N5 N2 163 0.830 1
282 4 N5 N5 12 0.830 0
282 5 N1 N5 10 0.420 0
282 6 N1 N2 191 0.420 1
282 7 N1 N1 55 0.420 0
282 8 N2 N5 9 0.020 0
282 9 N2 N1 41 0.020 0
282 10 N2 N2 222 0.020 1
282 11 N4 N5 3 0.370 0
282 12 N4 N1 0 0.370 0
282 13 N4 N4 233 0.370 1
283 1 N5 N4 0 0.370 0
283 2 N5 N1 48 0.370 0
283 3 N5 N2 160 0.370 1
283 4 N5 N5 13 0.370 0
283 5 N1 N5 13 0.060 0
283 6 N1 N2 192 0.060 1
283 7 N1 N1 56 0.060 0
283 8 N2 N5 14 0.090 0
283 9 N2 N1 42 0.090 0
283 10 N2 N2 222 0.090 1
283 11 N4 N5 6 0.430 0
283 12 N4 N1 0 0.430 0
283 13 N4 N4 230 0.430 1
284 1 N5 N4 0 0.040 0
284 2 N5 N1 49 0.040 0
284 3 N5 N2 158 0.040 1
284 4 N5 N5 22 0.040 0
284 5 N1 N5 15 0.110 0
284 6 N1 N2 192 0.110 1
284 7 N1 N1 57 0.110 0
284 8 N2 N5 17 0.150 0
284 9 N2 N1 44 0.150 0
284 10 N2 N2 221 0.150 1
284 11 N4 N5 6 1.530 0
284 12 N4 N1 0 1.530 0
284 13 N4 N4 230 1.530 1
285 1 N5 N4 0 0.090 0
285 2 N5 N1 51 0.090 0
285 3 N5 N2 155 0.090 1
285 4 N5 N5 38 0.090 0
285 5 N1 N5 20 0.060 0
285 6 N1 N2 192 0.060 1
285 7 N1 N1 58 0.060 0
285 8 N2 N5 23 0.220 0
285 9 N2 N1 45 0.220 0
285 10 N2 N2 222 0.220 1
285 11 N4 N5 11 0.050 0
285 12 N4 N1 0 0.050 0
285 13 N4 N4 227 0.050 1
286 1 N5 N4 0 0.030 0
286 2 N5 N1 55 0.030 0
286 3 N5 N2 149 0.030 1
286 4 N5 N5 41 0.030 0
286 5 N1 N5 23 0.140 0
286 6 N1 N2 194 0.140 1
286 7 N1 N1 59 0.140 0
286 8 N2 N5 23 0.270 0
286 9 N2 N1 45 0.270 0
286 10 N2 N2 222 0.270 1
286 11 N4 N5 16 0.090 0
286 12 N4 N1 0 0.090 0
286 13 N4 N4 225 0.090 1
287 1 N5 N4 0 0.100 0
287 2 N5 N1 55 0.100 0
287 3 N5 N2 146 0.100 1
287 4 N5 N5 43 0.100 0
287 5 N1 N5 24 0.210 0
287 6 N1 N2 199 0.210 1
287 7 N1 N1 61 0.210 0
287 8 N2 N5 25 0.350 0
287 9 N2 N1 45 0.350 0
287 10 N2 N2 222 0.350 1
287 11 N4 N5 16 0.160 0
287 12 N4 N1 0 0.160 0
287 13 N4 N4 223 0.160 1
288 1 N5 N4 0 0.050 0
288 2 N5 N1 54 0.050 0
288 3 N5 N2 151 0.050 1
288 4 N5 N5 45 0.050 0
288 5 N1 N5 28 0.280 0
288 6 N1 N2 201 0.280 1
288 7 N1 N1 63 0.280 0
288 8 N2 N5 34 0.050 0
288 9 N2 N1 44 0.050 0
288 10 N2 N2 223 0.050 1
288 11 N4 N5 17 0.190 0
288 12 N4 N1 0 0.190 0
288 13 N4 N4 222 0.190 1
289 1 N5 N4 0 0.140 0
289 2 N5 N1 54 0.140 0
289 3 N5 N2 162 0.140 1
289 4 N5 N5 55 0.140 0
289 5 N1 N5 31 0.450 0
289 6 N1 N2 203 0.450 1
289 7 N1 N1 62 0.450 0
289 8 N2 N5 40 0.020 0
289 9 N2 N1 44 0.020 0
289 10 N2 N2 228 0.020 1
289 11 N4 N5 17 0.250 0
289 12 N4 N1 0 0.250 0
289 13 N4 N4 220 0.250 1
290 1 N5 N4 0 0.320 0
290 2 N5 N1 53 0.320 0
290 3 N5 N2 164 0.320 1
290 4 N5 N5 55 0.320 0
290 5 N1 N5 31 0.410 0
290 6 N1 N2 205 0.410 1
290 7 N1 N1 62 0.410 0
290 8 N2 N5 45 0.100 0
290 9 N2 N1 43 0.100 0
290 10 N2 N2 229 0.100 1
290 11 N4 N5 19 0.360 0
290 12 N4 N1 0 0.360 0
290 13 N4 N4 216 0.360 1
291 1 N5 N4 0 0.290 0
291 2 N5 N1 53 0.290 0
291 3 N5 N2 179 0.290 1
291 4 N5 N5 57 0.290 0
291 5 N1 N5 43 0.080 0
291 6 N1 N2 207 0.080 1
291 7 N1 N1 63 0.080 0
291 8 N2 N5 48 0.290 0
291 9 N2 N1 43 0.290 0
291 10 N2 N2 233 0.290 1
291 11 N4 N5 20 0.440 0
291 12 N4 N1 0 0.440 0
291 13 N4 N4 213 0.440 1
292 1 N5 N4 0 0.400 0
292 2 N5 N1 54 0.400 0
292 3 N5 N2 186 0.400 1
292 4 N5 N5 57 0.400 0
292 5 N1 N5 47 0.090 0
292 6 N1 N2 212 0.090 1
292 7 N1 N1 65 0.090 0
292 8 N2 N5 49 0.280 0
292 9 N2 N1 44 0.280 0
292 10 N2 N2 236 0.280 1
292 11 N4 N5 20 0.030 0
292 12 N4 N1 0 0.030 0
292 13 N4 N4 209 0.030 1
293 1 N5 N4 0 0.990 0
293 2 N5 N1 54 0.990 0
293 3 N5 N2 186 0.990 1
293 4 N5 N5 58 0.990 0
293 5 N1 N5 49 0.160 0
293 6 N1 N2 213 0.160 1
293 7 N1 N1 66 0.160 0
293 8 N2 N5 49 0.350 0
293 9 N2 N1 47 0.350 0
293 10 N2 N2 239 0.350 1
293 11 N4 N5 20 0.080 0
293 12 N4 N1 0 0.080 0
293 13 N4 N4 207 0.080 1
294 1 N5 N4 0 0.030 0
294 2 N5 N1 56 0.030 0
294 3 N5 N2 184 0.030 1
294 4 N5 N5 62 0.030 0
294 5 N1 N5 53 0.230 0
294 6 N1 N2 212 0.230 1
294 7 N1 N1 68 0.230 0
294 8 N2 N5 55 0.030 0
294 9 N2 N1 53 0.030 0
294 10 N2 N2 237 0.030 1
294 11 N4 N5 20 0.170 0
294 12 N4 N1 0 0.170 0
294 13 N4 N4 204 0.170 1
295 1 N5 N4 0 0.100 0
295 2 N5 N1 60 0.100 0
295 3 N5 N2 181 0.100 1
295 4 N5 N5 64 0.100 0
295 5 N1 N5 53 0.320 0
295 6 N1 N2 211 0.320 1
295 7 N1 N1 69 0.320 0
295 8 N2 N5 55 0.100 0
295 9 N2 N1 57 0.100 0
295 10 N2 N2 235 0.100 1
295 11 N4 N5 20 0.260 0
295 12 N4 N1 0 0.260 0
295 13 N4 N4 201 0.260 1
296 1 N5 N4 0 0.680 0
296 2 N5 N1 61 0.680 0
296 3 N5 N2 179 0.680 1
296 4 N5 N5 64 0.680 0
296 5 N1 N5 56 0.380 0
296 6 N1 N2 207 0.380 1
296 7 N1 N1 72 0.380 0
296 8 N2 N5 60 0.050 0
296 9 N2 N1 59 0.050 0
296 10 N2 N2 232 0.050 1
296 11 N4 N5 22 0.320 0
296 12 N4 N1 0 0.320 0
296 13 N4 N4 198 0.320 1
297 1 N5 N4 0 0.230 0
297 2 N5 N1 66 0.230 0
297 3 N5 N2 175 0.230 1
297 4 N5 N5 67 0.230 0
297 5 N1 N5 64 0.050 0
297 6 N1 N2 202 0.050 1
297 7 N1 N1 78 0.050 0
297 8 N2 N5 62 0.120 0
297 9 N2 N1 60 0.120 0
297 10 N2 N2 229 0.120 1
297 11 N4 N5 24 0.120 0
297 12 N4 N1 0 0.120 0
297 13 N4 N4 195 0.120 1
298 1 N5 N4 0 0.340 0
298 2 N5 N1 71 0.340 0
298 3 N5 N2 172 0.340 1
298 4 N5 N5 70 0.340 0
298 5 N1 N5 65 0.100 0
298 6 N1 N2 197 0.100 1
298 7 N1 N1 80 0.100 0
298 8 N2 N5 62 0.170 0
298 9 N2 N1 63 0.170 0
298 10 N2 N2 228 0.170 1
298 11 N4 N5 24 0.450 0
298 12 N4 N1 0 0.450 0
298 13 N4 N4 193 0.450 1
299 1 N5 N4 0 0.360 0
299 2 N5 N1 74 0.360 0
299 3 N5 N2 170 0.360 1
299 4 N5 N5 75 0.360 0
299 5 N1 N5 66 0.050 0
299 6 N1 N2 195 0.050 1
299 7 N1 N1 84 0.050 0
299 8 N2 N5 62 0.240 0
299 9 N2 N1 66 0.240 0
299 10 N2 N2 225 0.240 1
299 11 N4 N5 24 0.530 0
299 12 N4 N1 0 0.530 0
299 13 N4 N4 192 0.530 1
300 1 N5 N4 0 0.950 0
300 2 N5 N1 75 0.950 0
300 3 N5 N2 169 0.950 1
300 4 N5 N5 75 0.950 0
300 5 N1 N5 66 0.110 0
300 6 N1 N2 198 0.110 1
300 7 N1 N1 87 0.110 0
300 8 N2 N5 63 0.310 0
300 9 N2 N1 68 0.310 0
300 10 N2 N2 224 0.310 1
300 11 N4 N5 24 0.050 0
300 12 N4 N1 0 0.050 0
300 13 N4 N4 191 0.050 1
