1 1 N3 N2 173 1.010 0
1 2 N3 N3 210 1.010 1
1 3 N5 N3 107 0.290 0
1 4 N5 N2 0 0.290 0
1 5 N5 N5 243 0.290 1
1 6 N2 N5 213 0.320 0
1 7 N2 N3 150 0.320 0
1 8 N2 N2 231 0.320 1
1 9 N4 N3 170 0.600 1
1 10 N4 N2 0 0.600 0
2 1 N3 N2 172 0.110 0
2 2 N3 N3 210 0.110 1
2 3 N5 N3 107 0.120 0
2 4 N5 N2 0 0.120 0
2 5 N5 N5 243 0.120 1
2 6 N2 N5 212 0.400 0
2 7 N2 N3 151 0.400 0
2 8 N2 N2 231 0.400 1
2 9 N4 N3 171 0.710 1
2 10 N4 N2 0 0.710 0
3 1 N3 N2 169 0.190 0
3 2 N3 N3 209 0.190 1
3 3 N5 N3 108 0.070 0
3 4 N5 N2 0 0.070 0
3 5 N5 N5 242 0.070 1
3 6 N2 N5 211 0.090 0
3 7 N2 N3 154 0.090 0
3 8 N2 N2 231 0.090 1
3 9 N4 N3 170 0.260 1
3 10 N4 N2 0 0.260 0
4 1 N3 N2 168 0.220 0
4 2 N3 N3 209 0.220 1
4 3 N5 N3 106 0.110 0
4 4 N5 N2 0 0.110 0
4 5 N5 N5 241 0.110 1
4 6 N2 N5 210 0.010 0
4 7 N2 N3 154 0.010 0
4 8 N2 N2 231 0.010 1
4 9 N4 N3 170 1.340 1
4 10 N4 N2 0 1.340 0
5 1 N3 N2 165 0.260 0
5 2 N3 N3 208 0.260 1
5 3 N5 N3 106 0.150 0
5 4 N5 N2 0 0.150 0
5 5 N5 N5 240 0.150 1
5 6 N2 N5 208 0.070 0
5 7 N2 N3 158 0.070 0
5 8 N2 N2 231 0.070 1
5 9 N4 N3 169 0.910 1
5 10 N4 N2 0 0.910 0
6 1 N3 N2 162 0.300 0
6 2 N3 N3 205 0.300 1
6 3 N5 N3 104 0.040 0
6 4 N5 N2 0 0.040 0
6 5 N5 N5 238 0.040 1
6 6 N2 N5 206 0.110 0
6 7 N2 N3 158 0.110 0
6 8 N2 N2 232 0.110 1
6 9 N4 N3 170 0.470 1
6 10 N4 N2 0 0.470 0
7 1 N3 N2 158 0.380 0
7 2 N3 N3 204 0.380 1
7 3 N5 N3 104 0.080 0
7 4 N5 N2 0 0.080 0
7 5 N5 N5 237 0.080 1
7 6 N2 N5 204 0.150 0
7 7 N2 N3 158 0.150 0
7 8 N2 N2 233 0.150 1
7 9 N4 N3 170 0.470 1
7 10 N4 N2 0 0.470 0
8 1 N3 N2 154 0.040 0
8 2 N3 N3 205 0.040 1
8 3 N5 N3 105 0.130 0
8 4 N5 N2 0 0.130 0
8 5 N5 N5 237 0.130 1
8 6 N2 N5 202 0.190 0
8 7 N2 N3 160 0.190 0
8 8 N2 N2 233 0.190 1
8 9 N4 N3 170 1.550 1
8 10 N4 N2 0 1.550 0
9 1 N3 N2 148 0.000 0
9 2 N3 N3 204 0.000 1
9 3 N5 N3 105 0.160 0
9 4 N5 N2 0 0.160 0
9 5 N5 N5 236 0.160 1
9 6 N2 N5 202 0.230 0
9 7 N2 N3 166 0.230 0
9 8 N2 N2 233 0.230 1
9 9 N4 N3 169 0.570 1
9 10 N4 N2 0 0.570 0
10 1 N3 N2 144 0.080 0
10 2 N3 N3 204 0.080 1
10 3 N5 N3 107 0.190 0
10 4 N5 N2 0 0.190 0
10 5 N5 N5 237 0.190 1
10 6 N2 N5 199 0.260 0
10 7 N2 N3 167 0.260 0
10 8 N2 N2 232 0.260 1
10 9 N4 N3 168 0.140 1
10 10 N4 N2 0 0.140 0
11 1 N3 N2 140 0.110 0
11 2 N3 N3 204 0.110 1
11 3 N5 N3 108 0.260 0
11 4 N5 N2 0 0.260 0
11 5 N5 N5 237 0.260 1
11 6 N2 N5 198 0.310 0
11 7 N2 N3 169 0.310 0
11 8 N2 N2 232 0.310 1
11 9 N4 N3 168 0.130 1
11 10 N4 N2 0 0.130 0
12 1 N3 N2 134 0.170 0
12 2 N3 N3 204 0.170 1
12 3 N5 N3 110 0.290 0
12 4 N5 N2 0 0.290 0
12 5 N5 N5 237 0.290 1
12 6 N2 N5 195 0.350 0
12 7 N2 N3 168 0.350 0
12 8 N2 N2 231 0.350 1
12 9 N4 N3 169 0.210 1
12 10 N4 N2 0 0.210 0
13 1 N3 N2 132 0.220 0
13 2 N3 N3 201 0.220 1
13 3 N5 N3 107 0.340 0
13 4 N5 N2 0 0.340 0
13 5 N5 N5 237 0.340 1
13 6 N2 N5 193 0.030 0
13 7 N2 N3 167 0.030 0
13 8 N2 N2 229 0.030 1
13 9 N4 N3 169 0.260 1
13 10 N4 N2 0 0.260 0
14 1 N3 N2 130 0.260 0
14 2 N3 N3 199 0.260 1
14 3 N5 N3 104 0.430 0
14 4 N5 N2 0 0.430 0
14 5 N5 N5 238 0.430 1
14 6 N2 N5 192 0.090 0
14 7 N2 N3 159 0.090 0
14 8 N2 N2 228 0.090 1
14 9 N4 N3 169 1.350 1
14 10 N4 N2 0 1.350 0
15 1 N3 N2 131 0.310 0
15 2 N3 N3 198 0.310 1
15 3 N5 N3 104 0.520 0
15 4 N5 N2 0 0.520 0
15 5 N5 N5 238 0.520 1
15 6 N2 N5 189 0.010 0
15 7 N2 N3 157 0.010 0
15 8 N2 N2 227 0.010 1
15 9 N4 N3 167 0.370 1
15 10 N4 N2 0 0.370 0
16 1 N3 N2 132 0.450 0
16 2 N3 N3 194 0.450 1
16 3 N5 N3 101 0.030 0
16 4 N5 N2 0 0.030 0
16 5 N5 N5 239 0.030 1
16 6 N2 N5 188 0.020 0
16 7 N2 N3 149 0.020 0
16 8 N2 N2 227 0.020 1
16 9 N4 N3 166 0.920 1
16 10 N4 N2 0 0.920 0
17 1 N3 N2 133 0.030 0
17 2 N3 N3 191 0.030 1
17 3 N5 N3 97 0.190 0
17 4 N5 N2 0 0.190 0
17 5 N5 N5 239 0.190 1
17 6 N2 N5 185 0.210 0
17 7 N2 N3 146 0.210 0
17 8 N2 N2 227 0.210 1
17 9 N4 N3 165 0.620 1
17 10 N4 N2 0 0.620 0
18 1 N3 N2 134 0.110 0
18 2 N3 N3 190 0.110 1
18 3 N5 N3 97 0.270 0
18 4 N5 N2 0 0.270 0
18 5 N5 N5 239 0.270 1
18 6 N2 N5 180 0.260 0
18 7 N2 N3 146 0.260 0
18 8 N2 N2 227 0.260 1
18 9 N4 N3 162 0.190 1
18 10 N4 N2 0 0.190 0
19 1 N3 N2 135 0.200 0
19 2 N3 N3 190 0.200 1
19 3 N5 N3 96 0.370 0
19 4 N5 N2 0 0.370 0
19 5 N5 N5 239 0.370 1
19 6 N2 N5 175 0.380 0
19 7 N2 N3 144 0.380 0
19 8 N2 N2 228 0.380 1
19 9 N4 N3 160 0.270 1
19 10 N4 N2 0 0.270 0
20 1 N3 N2 138 0.310 0
20 2 N3 N3 186 0.310 1
20 3 N5 N3 94 0.490 0
20 4 N5 N2 0 0.490 0
20 5 N5 N5 239 0.490 1
20 6 N2 N5 171 0.100 0
20 7 N2 N3 142 0.100 0
20 8 N2 N2 229 0.100 1
20 9 N4 N3 155 0.380 1
20 10 N4 N2 0 0.380 0
21 1 N3 N2 141 0.350 0
21 2 N3 N3 184 0.350 1
21 3 N5 N3 94 0.030 0
21 4 N5 N2 173 0.030 0
21 5 N5 N5 241 0.030 1
21 6 N2 N5 167 0.000 0
21 7 N2 N3 140 0.000 0
21 8 N2 N2 230 0.000 1
21 9 N4 N3 155 1.480 1
21 10 N4 N2 0 1.480 0
22 1 N3 N2 142 0.420 0
22 2 N3 N3 183 0.420 1
22 3 N5 N3 94 0.070 0
22 4 N5 N2 173 0.070 0
22 5 N5 N5 241 0.070 1
22 6 N2 N5 167 0.100 0
22 7 N2 N3 140 0.100 0
22 8 N2 N2 231 0.100 1
22 9 N4 N3 151 0.510 1
22 10 N4 N2 0 0.510 0
23 1 N3 N2 143 0.470 0
23 2 N3 N3 182 0.470 1
23 3 N5 N3 92 0.050 0
23 4 N5 N2 181 0.050 0
23 5 N5 N5 243 0.050 1
23 6 N2 N5 165 0.160 0
23 7 N2 N3 138 0.160 0
23 8 N2 N2 231 0.160 1
23 9 N4 N3 146 0.030 1
23 10 N4 N2 0 0.030 0
24 1 N3 N2 143 1.030 0
24 2 N3 N3 182 1.030 1
24 3 N5 N3 110 0.090 0
24 4 N5 N2 182 0.090 0
24 5 N5 N5 244 0.090 1
24 6 N2 N5 164 0.230 0
24 7 N2 N3 138 0.230 0
24 8 N2 N2 232 0.230 1
24 9 N4 N3 144 0.590 1
24 10 N4 N2 0 0.590 0
25 1 N3 N2 144 0.190 0
25 2 N3 N3 182 0.190 1
25 3 N5 N3 110 0.240 0
25 4 N5 N2 182 0.240 0
25 5 N5 N5 246 0.240 1
25 6 N2 N5 162 0.380 0
25 7 N2 N3 136 0.380 0
25 8 N2 N2 233 0.380 1
25 9 N4 N3 144 0.620 1
25 10 N4 N2 0 0.620 0
26 1 N3 N2 141 0.090 0
26 2 N3 N3 183 0.090 1
26 3 N5 N3 114 0.070 0
26 4 N5 N2 187 0.070 0
26 5 N5 N5 248 0.070 1
26 6 N2 N5 158 0.360 0
26 7 N2 N3 136 0.360 0
26 8 N2 N2 233 0.360 1
26 9 N4 N3 144 1.700 1
26 10 N4 N2 0 1.700 0
27 1 N3 N2 139 0.630 0
27 2 N3 N3 183 0.630 1
27 3 N5 N3 115 0.070 0
27 4 N5 N2 188 0.070 0
27 5 N5 N5 248 0.070 1
27 6 N2 N5 158 0.030 0
27 7 N2 N3 137 0.030 0
27 8 N2 N2 234 0.030 1
27 9 N4 N3 144 2.780 1
27 10 N4 N2 0 2.780 0
28 1 N3 N2 135 0.240 0
28 2 N3 N3 185 0.240 1
28 3 N5 N3 115 0.210 0
28 4 N5 N2 189 0.210 0
28 5 N5 N5 249 0.210 1
28 6 N2 N5 157 0.080 0
28 7 N2 N3 139 0.080 0
28 8 N2 N2 234 0.080 1
28 9 N4 N3 143 0.290 1
28 10 N4 N2 0 0.290 0
29 1 N3 N2 132 0.290 0
29 2 N3 N3 186 0.290 1
29 3 N5 N3 116 0.290 0
29 4 N5 N2 190 0.290 0
29 5 N5 N5 250 0.290 1
29 6 N2 N5 157 0.120 0
29 7 N2 N3 143 0.120 0
29 8 N2 N2 234 0.120 1
29 9 N4 N3 142 0.330 1
29 10 N4 N2 0 0.330 0
30 1 N3 N2 128 0.370 0
30 2 N3 N3 187 0.370 1
30 3 N5 N3 116 0.060 0
30 4 N5 N2 191 0.060 0
30 5 N5 N5 250 0.060 1
30 6 N2 N5 156 0.050 0
30 7 N2 N3 137 0.050 0
30 8 N2 N2 234 0.050 1
30 9 N4 N3 141 0.370 1
30 10 N4 N2 0 0.370 0
31 1 N3 N2 129 0.430 0
31 2 N3 N3 188 0.430 1
31 3 N5 N3 113 0.020 0
31 4 N5 N2 190 0.020 0
31 5 N5 N5 250 0.020 1
31 6 N2 N5 154 0.210 0
31 7 N2 N3 134 0.210 0
31 8 N2 N2 234 0.210 1
31 9 N4 N3 141 1.450 1
31 10 N4 N2 0 1.450 0
32 1 N3 N2 128 0.450 0
32 2 N3 N3 191 0.450 1
32 3 N5 N3 110 0.050 0
32 4 N5 N2 189 0.050 0
32 5 N5 N5 250 0.050 1
32 6 N2 N5 154 0.250 0
32 7 N2 N3 133 0.250 0
32 8 N2 N2 234 0.250 1
32 9 N4 N3 142 0.490 1
32 10 N4 N2 0 0.490 0
33 1 N3 N2 128 0.050 0
33 2 N3 N3 190 0.050 1
33 3 N5 N3 108 0.110 0
33 4 N5 N2 191 0.110 0
33 5 N5 N5 250 0.110 1
33 6 N2 N5 153 0.190 0
33 7 N2 N3 128 0.190 0
33 8 N2 N2 234 0.190 1
33 9 N4 N3 142 0.550 1
33 10 N4 N2 0 0.550 0
34 1 N3 N2 129 0.010 0
34 2 N3 N3 189 0.010 1
34 3 N5 N3 106 0.190 0
34 4 N5 N2 192 0.190 0
34 5 N5 N5 251 0.190 1
34 6 N2 N5 0 0.330 0
34 7 N2 N3 125 0.330 0
34 8 N2 N2 235 0.330 1
34 9 N4 N3 143 0.070 1
34 10 N4 N2 0 0.070 0
35 1 N3 N2 131 0.040 0
35 2 N3 N3 190 0.040 1
35 3 N5 N3 106 0.240 0
35 4 N5 N2 195 0.240 0
35 5 N5 N5 252 0.240 1
35 6 N2 N5 0 0.280 0
35 7 N2 N3 122 0.280 0
35 8 N2 N2 236 0.280 1
35 9 N4 N3 144 0.640 1
35 10 N4 N2 0 0.640 0
36 1 N3 N2 133 0.150 0
36 2 N3 N3 189 0.150 1
36 3 N5 N3 99 0.340 0
36 4 N5 N2 197 0.340 0
36 5 N5 N5 252 0.340 1
36 6 N2 N5 0 0.390 0
36 7 N2 N3 118 0.390 0
36 8 N2 N2 236 0.390 1
36 9 N4 N3 144 1.760 1
36 10 N4 N2 0 1.760 0
37 1 N3 N2 136 0.190 0
37 2 N3 N3 185 0.190 1
37 3 N5 N3 95 0.330 0
37 4 N5 N2 199 0.330 0
37 5 N5 N5 253 0.330 1
37 6 N2 N5 0 0.040 0
37 7 N2 N3 116 0.040 0
37 8 N2 N2 238 0.040 1
37 9 N4 N3 144 2.840 1
37 10 N4 N2 0 2.840 0
38 1 N3 N2 142 0.320 0
38 2 N3 N3 182 0.320 1
38 3 N5 N3 92 0.080 0
38 4 N5 N2 201 0.080 0
38 5 N5 N5 253 0.080 1
38 6 N2 N5 0 0.140 0
38 7 N2 N3 111 0.140 0
38 8 N2 N2 239 0.140 1
38 9 N4 N3 144 3.950 1
38 10 N4 N2 0 3.950 0
39 1 N3 N2 148 0.340 0
39 2 N3 N3 181 0.340 1
39 3 N5 N3 91 0.020 0
39 4 N5 N2 202 0.020 0
39 5 N5 N5 253 0.020 1
39 6 N2 N5 0 0.190 0
39 7 N2 N3 111 0.190 0
39 8 N2 N2 241 0.190 1
39 9 N4 N3 144 0.960 1
39 10 N4 N2 0 0.960 0
40 1 N3 N2 150 0.380 0
40 2 N3 N3 180 0.380 1
40 3 N5 N3 90 0.190 0
40 4 N5 N2 203 0.190 0
40 5 N5 N5 251 0.190 1
40 6 N2 N5 0 0.210 0
40 7 N2 N3 111 0.210 0
40 8 N2 N2 242 0.210 1
40 9 N4 N3 144 2.040 1
40 10 N4 N2 0 2.040 0
41 1 N3 N2 152 0.410 0
41 2 N3 N3 179 0.410 1
41 3 N5 N3 90 0.270 0
41 4 N5 N2 203 0.270 0
41 5 N5 N5 249 0.270 1
41 6 N2 N5 0 0.150 0
41 7 N2 N3 108 0.150 0
41 8 N2 N2 243 0.150 1
41 9 N4 N3 144 3.120 1
41 10 N4 N2 0 3.120 0
42 1 N3 N2 153 0.080 0
42 2 N3 N3 177 0.080 1
42 3 N5 N3 88 0.080 0
42 4 N5 N2 201 0.080 0
42 5 N5 N5 247 0.080 1
42 6 N2 N5 0 0.310 0
42 7 N2 N3 106 0.310 0
42 8 N2 N2 245 0.310 1
42 9 N4 N3 144 4.200 1
42 10 N4 N2 0 4.200 0
43 1 N3 N2 154 0.160 0
43 2 N3 N3 176 0.160 1
43 3 N5 N3 88 0.160 0
43 4 N5 N2 201 0.160 0
43 5 N5 N5 246 0.160 1
43 6 N2 N5 0 0.270 0
43 7 N2 N3 106 0.270 0
43 8 N2 N2 246 0.270 1
43 9 N4 N3 145 0.120 1
43 10 N4 N2 0 0.120 0
44 1 N3 N2 155 0.110 0
44 2 N3 N3 174 0.110 1
44 3 N5 N3 87 0.220 0
44 4 N5 N2 200 0.220 0
44 5 N5 N5 243 0.220 1
44 6 N2 N5 0 0.450 0
44 7 N2 N3 106 0.450 0
44 8 N2 N2 247 0.450 1
44 9 N4 N3 145 0.680 1
44 10 N4 N2 0 0.680 0
45 1 N3 N5 149 0.270 0
45 2 N3 N2 155 0.270 0
45 3 N3 N3 172 0.270 1
45 4 N5 N3 84 0.270 0
45 5 N5 N2 200 0.270 0
45 6 N5 N5 241 0.270 1
45 7 N2 N5 0 0.390 0
45 8 N2 N3 104 0.390 0
45 9 N2 N2 248 0.390 1
45 10 N4 N3 146 0.690 1
45 11 N4 N2 0 0.690 0
46 1 N3 N5 149 0.220 0
46 2 N3 N2 156 0.220 0
46 3 N3 N3 170 0.220 1
46 4 N5 N3 84 0.910 0
46 5 N5 N2 200 0.910 0
46 6 N5 N5 239 0.910 1
46 7 N2 N5 0 0.060 0
46 8 N2 N3 104 0.060 0
46 9 N2 N2 247 0.060 1
46 10 N4 N3 146 0.210 1
46 11 N4 N2 0 0.210 0
47 1 N3 N5 149 0.260 0
47 2 N3 N2 155 0.260 0
47 3 N3 N3 168 0.260 1
47 4 N5 N3 84 0.050 0
47 5 N5 N2 199 0.050 0
47 6 N5 N5 231 0.050 1
47 7 N2 N5 0 0.140 0
47 8 N2 N3 103 0.140 0
47 9 N2 N2 246 0.140 1
47 10 N4 N3 146 0.790 1
47 11 N4 N2 0 0.790 0
48 1 N3 N5 148 0.310 0
48 2 N3 N2 154 0.310 0
48 3 N3 N3 165 0.310 1
48 4 N5 N3 81 0.440 0
48 5 N5 N2 198 0.440 0
48 6 N5 N5 229 0.440 1
48 7 N2 N5 0 0.190 0
48 8 N2 N3 103 0.190 0
48 9 N2 N2 245 0.190 1
48 10 N4 N3 143 0.350 1
48 11 N4 N2 0 0.350 0
49 1 N3 N5 146 0.190 0
49 2 N3 N2 152 0.190 0
49 3 N3 N3 163 0.190 1
49 4 N5 N3 80 0.020 0
49 5 N5 N2 196 0.020 0
49 6 N5 N5 223 0.020 1
49 7 N2 N5 0 0.230 0
49 8 N2 N3 97 0.230 0
49 9 N2 N2 244 0.230 1
49 10 N4 N3 140 0.400 1
49 11 N4 N2 0 0.400 0
50 1 N3 N5 143 0.450 0
50 2 N3 N2 152 0.450 0
50 3 N3 N3 162 0.450 1
50 4 N5 N3 78 0.060 0
50 5 N5 N2 194 0.060 0
50 6 N5 N5 219 0.060 1
50 7 N2 N5 154 0.210 0
50 8 N2 N3 93 0.210 0
50 9 N2 N2 243 0.210 1
50 10 N4 N3 140 0.460 1
50 11 N4 N2 0 0.460 0
51 1 N3 N5 141 0.530 0
51 2 N3 N2 152 0.530 0
51 3 N3 N3 161 0.530 1
51 4 N5 N3 78 0.120 0
51 5 N5 N2 194 0.120 0
51 6 N5 N5 214 0.120 1
51 7 N2 N5 156 0.290 0
51 8 N2 N3 93 0.290 0
51 9 N2 N2 242 0.290 1
51 10 N4 N3 139 0.030 1
51 11 N4 N2 0 0.030 0
52 1 N3 N5 138 0.060 0
52 2 N3 N2 155 0.060 0
52 3 N3 N3 160 0.060 1
52 4 N5 N3 78 0.040 0
52 5 N5 N2 194 0.040 0
52 6 N5 N5 209 0.040 1
52 7 N2 N5 155 0.150 0
52 8 N2 N3 92 0.150 0
52 9 N2 N2 242 0.150 1
52 10 N4 N3 139 1.110 1
52 11 N4 N2 0 1.110 0
53 1 N3 N5 137 0.130 0
53 2 N3 N2 155 0.130 0
53 3 N3 N3 160 0.130 1
53 4 N5 N3 77 0.240 0
53 5 N5 N2 193 0.240 0
53 6 N5 N5 207 0.240 1
53 7 N2 N5 155 0.490 0
53 8 N2 N3 92 0.490 0
53 9 N2 N2 242 0.490 1
53 10 N4 N3 138 0.110 1
53 11 N4 N2 0 0.110 0
54 1 N3 N5 135 0.200 0
54 2 N3 N2 155 0.200 0
54 3 N3 N3 158 0.200 1
54 4 N5 N3 75 0.190 0
54 5 N5 N2 193 0.190 0
54 6 N5 N5 203 0.190 1
54 7 N2 N5 155 0.020 0
54 8 N2 N3 92 0.020 0
54 9 N2 N2 242 0.020 1
54 10 N4 N3 134 0.170 1
54 11 N4 N2 0 0.170 0
55 1 N3 N5 135 0.270 0
55 2 N3 N2 153 0.270 0
55 3 N3 N3 155 0.270 1
55 4 N5 N3 74 0.350 0
55 5 N5 N2 191 0.350 0
55 6 N5 N5 199 0.350 1
55 7 N2 N5 155 0.120 0
55 8 N2 N3 90 0.120 0
55 9 N2 N2 242 0.120 1
55 10 N4 N3 133 0.750 1
55 11 N4 N2 0 0.750 0
56 1 N3 N5 134 0.300 0
56 2 N3 N2 152 0.300 0
56 3 N3 N3 150 0.300 1
56 4 N5 N3 72 0.810 0
56 5 N5 N2 191 0.810 0
56 6 N5 N5 198 0.810 1
56 7 N2 N5 156 0.030 0
56 8 N2 N3 87 0.030 0
56 9 N2 N2 242 0.030 1
56 10 N4 N3 133 1.830 1
56 11 N4 N2 0 1.830 0
57 1 N3 N5 135 0.380 0
57 2 N3 N2 152 0.380 0
57 3 N3 N3 148 0.380 1
57 4 N5 N3 71 0.070 0
57 5 N5 N2 189 0.070 0
57 6 N5 N5 195 0.070 1
57 7 N2 N5 158 0.100 0
57 8 N2 N3 82 0.100 0
57 9 N2 N2 243 0.100 1
57 10 N4 N3 131 0.880 1
57 11 N4 N2 0 0.880 0
58 1 N3 N5 137 0.400 0
58 2 N3 N2 155 0.400 0
58 3 N3 N3 148 0.400 1
58 4 N5 N3 74 0.020 0
58 5 N5 N2 190 0.020 0
58 6 N5 N5 194 0.020 1
58 7 N2 N5 159 0.150 0
58 8 N2 N3 81 0.150 0
58 9 N2 N2 243 0.150 1
58 10 N4 N3 129 0.900 1
58 11 N4 N2 0 0.900 0
59 1 N3 N5 137 0.450 0
59 2 N3 N2 157 0.450 1
59 3 N3 N3 142 0.450 0
59 4 N5 N3 75 0.080 0
59 5 N5 N2 190 0.080 0
59 6 N5 N5 190 0.080 1
59 7 N2 N5 158 0.180 0
59 8 N2 N3 82 0.180 0
59 9 N2 N2 244 0.180 1
59 10 N4 N3 129 1.990 1
59 11 N4 N2 0 1.990 0
60 1 N3 N5 139 0.090 0
60 2 N3 N2 163 0.090 1
60 3 N3 N3 142 0.090 0
60 4 N5 N3 79 0.100 0
60 5 N5 N2 191 0.100 0
60 6 N5 N5 186 0.100 1
60 7 N2 N5 157 0.380 0
60 8 N2 N3 83 0.380 0
60 9 N2 N2 244 0.380 1
60 10 N4 N3 128 0.910 0
60 11 N4 N2 139 0.910 1
61 1 N3 N5 138 0.030 0
61 2 N3 N2 165 0.030 1
61 3 N3 N3 139 0.030 0
61 4 N5 N3 84 0.170 0
61 5 N5 N2 189 0.170 0
61 6 N5 N5 182 0.170 1
61 7 N2 N5 157 0.330 0
61 8 N2 N3 85 0.330 0
61 9 N2 N2 244 0.330 1
61 10 N4 N5 111 0.030 0
61 11 N4 N3 125 0.030 0
61 12 N4 N2 138 0.030 1
62 1 N3 N5 133 0.110 0
62 2 N3 N2 169 0.110 1
62 3 N3 N3 136 0.110 0
62 4 N5 N3 84 0.110 0
62 5 N5 N2 187 0.110 0
62 6 N5 N5 176 0.110 1
62 7 N2 N5 155 0.080 0
62 8 N2 N3 87 0.080 0
62 9 N2 N2 244 0.080 1
62 10 N4 N5 106 0.080 0
62 11 N4 N3 122 0.080 0
62 12 N4 N2 144 0.080 1
63 1 N3 N5 133 0.240 0
63 2 N3 N2 171 0.240 1
63 3 N3 N3 129 0.240 0
63 4 N5 N3 84 0.400 0
63 5 N5 N2 181 0.400 0
63 6 N5 N5 173 0.400 1
63 7 N2 N5 154 0.030 0
63 8 N2 N3 84 0.030 0
63 9 N2 N2 245 0.030 1
63 10 N4 N5 106 0.140 0
63 11 N4 N3 119 0.140 0
63 12 N4 N2 145 0.140 1
64 1 N3 N5 131 0.300 0
64 2 N3 N2 170 0.300 1
64 3 N3 N3 126 0.300 0
64 4 N5 N3 84 0.020 0
64 5 N5 N2 173 0.020 0
64 6 N5 N5 167 0.020 1
64 7 N2 N5 152 0.200 0
64 8 N2 N3 84 0.200 0
64 9 N2 N2 244 0.200 1
64 10 N4 N5 106 1.230 0
64 11 N4 N3 119 1.230 0
64 12 N4 N2 145 1.230 1
65 1 N3 N5 125 0.360 0
65 2 N3 N2 170 0.360 1
65 3 N3 N3 122 0.360 0
65 4 N5 N3 83 0.100 0
65 5 N5 N2 168 0.100 0
65 6 N5 N5 161 0.100 1
65 7 N2 N5 127 0.160 0
65 8 N2 N3 81 0.160 0
65 9 N2 N2 244 0.160 1
65 10 N4 N5 102 0.230 0
65 11 N4 N3 118 0.230 0
65 12 N4 N2 145 0.230 1
66 1 N3 N5 115 0.430 0
66 2 N3 N2 170 0.430 1
66 3 N3 N3 122 0.430 0
66 4 N5 N3 83 0.050 0
66 5 N5 N2 163 0.050 0
66 6 N5 N5 155 0.050 1
66 7 N2 N5 116 0.240 0
66 8 N2 N3 79 0.240 0
66 9 N2 N2 243 0.240 1
66 10 N4 N5 96 0.310 0
66 11 N4 N3 115 0.310 0
66 12 N4 N2 145 0.310 1
67 1 N3 N5 111 0.450 0
67 2 N3 N2 168 0.450 1
67 3 N3 N3 124 0.450 0
67 4 N5 N3 86 0.640 0
67 5 N5 N2 159 0.640 0
67 6 N5 N5 151 0.640 1
67 7 N2 N5 114 0.310 0
67 8 N2 N3 82 0.310 0
67 9 N2 N2 242 0.310 1
67 10 N4 N5 92 0.390 0
67 11 N4 N3 110 0.390 0
67 12 N4 N2 142 0.390 1
68 1 N3 N5 104 0.040 0
68 2 N3 N2 164 0.040 1
68 3 N3 N3 125 0.040 0
68 4 N5 N3 87 0.060 0
68 5 N5 N2 155 0.060 1
68 6 N5 N5 141 0.060 0
68 7 N2 N5 114 0.170 0
68 8 N2 N3 86 0.170 0
68 9 N2 N2 242 0.170 1
68 10 N4 N5 88 0.040 0
68 11 N4 N3 107 0.040 0
68 12 N4 N2 136 0.040 1
69 1 N3 N5 104 0.130 0
69 2 N3 N2 164 0.130 1
69 3 N3 N3 125 0.130 0
69 4 N5 N3 88 0.240 0
69 5 N5 N2 154 0.240 1
69 6 N5 N5 136 0.240 0
69 7 N2 N5 114 0.270 0
69 8 N2 N3 88 0.270 0
69 9 N2 N2 242 0.270 1
69 10 N4 N5 84 0.110 0
69 11 N4 N3 107 0.110 0
69 12 N4 N2 129 0.110 1
70 1 N3 N5 104 0.240 0
70 2 N3 N2 165 0.240 1
70 3 N3 N3 127 0.240 0
70 4 N5 N3 93 0.320 0
70 5 N5 N2 152 0.320 1
70 6 N5 N5 133 0.320 0
70 7 N2 N5 111 0.080 0
70 8 N2 N3 92 0.080 0
70 9 N2 N2 241 0.080 1
70 10 N4 N5 82 0.060 0
70 11 N4 N3 107 0.060 0
70 12 N4 N2 127 0.060 1
71 1 N3 N5 101 0.320 0
71 2 N3 N2 169 0.320 1
71 3 N3 N3 130 0.320 0
71 4 N5 N3 95 0.370 0
71 5 N5 N2 153 0.370 1
71 6 N5 N5 130 0.370 0
71 7 N2 N5 109 0.200 0
71 8 N2 N3 92 0.200 0
71 9 N2 N2 241 0.200 1
71 10 N4 N5 76 0.130 0
71 11 N4 N3 103 0.130 0
71 12 N4 N2 127 0.130 1
72 1 N3 N5 99 0.390 0
72 2 N3 N2 170 0.390 1
72 3 N3 N3 137 0.390 0
72 4 N5 N3 96 0.060 0
72 5 N5 N2 154 0.060 1
72 6 N5 N5 127 0.060 0
72 7 N2 N5 107 0.280 0
72 8 N2 N3 91 0.280 0
72 9 N2 N2 241 0.280 1
72 10 N4 N5 71 0.220 0
72 11 N4 N3 102 0.220 0
72 12 N4 N2 126 0.220 1
73 1 N3 N5 96 0.070 0
73 2 N3 N2 173 0.070 1
73 3 N3 N3 140 0.070 0
73 4 N5 N3 101 0.040 0
73 5 N5 N2 153 0.040 1
73 6 N5 N5 124 0.040 0
73 7 N2 N5 107 0.370 0
73 8 N2 N3 92 0.370 0
73 9 N2 N2 242 0.370 1
73 10 N4 N5 70 0.370 0
73 11 N4 N3 102 0.370 0
73 12 N4 N2 125 0.370 1
74 1 N3 N5 91 0.010 0
74 2 N3 N2 174 0.010 1
74 3 N3 N3 141 0.010 0
74 4 N5 N3 105 0.090 0
74 5 N5 N2 152 0.090 1
74 6 N5 N5 122 0.090 0
74 7 N2 N5 103 0.310 0
74 8 N2 N3 94 0.310 0
74 9 N2 N2 242 0.310 1
74 10 N4 N5 65 0.860 0
74 11 N4 N3 102 0.860 0
74 12 N4 N2 123 0.860 1
75 1 N3 N5 90 0.070 0
75 2 N3 N2 175 0.070 1
75 3 N3 N3 147 0.070 0
75 4 N5 N3 108 0.300 0
75 5 N5 N2 150 0.300 1
75 6 N5 N5 120 0.300 0
75 7 N2 N5 100 0.500 0
75 8 N2 N3 95 0.500 0
75 9 N2 N2 243 0.500 1
75 10 N4 N5 64 0.630 0
75 11 N4 N3 102 0.630 0
75 12 N4 N2 123 0.630 1
76 1 N3 N5 86 0.120 0
76 2 N3 N2 174 0.120 1
76 3 N3 N3 149 0.120 0
76 4 N5 N3 117 0.230 0
76 5 N5 N2 148 0.230 1
76 6 N5 N5 117 0.230 0
76 7 N2 N5 98 0.060 0
76 8 N2 N3 97 0.060 0
76 9 N2 N2 245 0.060 1
76 10 N4 N5 60 0.440 0
76 11 N4 N3 101 0.440 0
76 12 N4 N2 121 0.440 1
77 1 N3 N5 85 0.210 0
77 2 N3 N2 176 0.210 1
77 3 N3 N3 151 0.210 0
77 4 N5 N3 117 0.820 0
77 5 N5 N2 147 0.820 1
77 6 N5 N5 116 0.820 0
77 7 N2 N5 96 0.140 0
77 8 N2 N3 97 0.140 0
77 9 N2 N2 245 0.140 1
77 10 N4 N5 58 0.090 0
77 11 N4 N3 100 0.090 0
77 12 N4 N2 119 0.090 1
78 1 N3 N5 83 0.220 0
78 2 N3 N2 177 0.220 1
78 3 N3 N3 154 0.220 0
78 4 N5 N3 125 0.710 0
78 5 N5 N2 146 0.710 1
78 6 N5 N5 115 0.710 0
78 7 N2 N5 95 0.190 0
78 8 N2 N3 105 0.190 0
78 9 N2 N2 246 0.190 1
78 10 N4 N5 56 0.550 0
78 11 N4 N3 101 0.550 0
78 12 N4 N2 116 0.550 1
79 1 N3 N5 83 0.190 0
79 2 N3 N2 179 0.190 1
79 3 N3 N3 154 0.190 0
79 4 N5 N3 127 0.610 0
79 5 N5 N2 143 0.610 1
79 6 N5 N5 112 0.610 0
79 7 N2 N5 95 0.150 0
79 8 N2 N3 106 0.150 0
79 9 N2 N2 247 0.150 1
79 10 N4 N5 54 0.080 0
79 11 N4 N3 99 0.080 0
79 12 N4 N2 114 0.080 1
80 1 N3 N5 84 0.340 0
80 2 N3 N2 178 0.340 1
80 3 N3 N3 154 0.340 0
80 4 N5 N3 130 0.500 0
80 5 N5 N2 143 0.500 1
80 6 N5 N5 112 0.500 0
80 7 N2 N5 94 0.190 0
80 8 N2 N3 105 0.190 0
80 9 N2 N2 247 0.190 1
80 10 N4 N5 54 0.100 0
80 11 N4 N3 98 0.100 0
80 12 N4 N2 114 0.100 1
81 1 N3 N5 84 0.030 0
81 2 N3 N2 177 0.030 1
81 3 N3 N3 154 0.030 0
81 4 N5 N3 130 0.060 0
81 5 N5 N2 138 0.060 1
81 6 N5 N5 109 0.060 0
81 7 N2 N5 90 0.300 0
81 8 N2 N3 104 0.300 0
81 9 N2 N2 247 0.300 1
81 10 N4 N5 54 0.200 0
81 11 N4 N3 98 0.200 0
81 12 N4 N2 113 0.200 1
82 1 N3 N5 84 0.080 0
82 2 N3 N2 176 0.080 1
82 3 N3 N3 151 0.080 0
82 4 N5 N3 129 0.110 0
82 5 N5 N2 136 0.110 1
82 6 N5 N5 109 0.110 0
82 7 N2 N5 89 0.060 0
82 8 N2 N3 104 0.060 0
82 9 N2 N2 246 0.060 1
82 10 N4 N5 52 0.260 0
82 11 N4 N3 96 0.260 0
82 12 N4 N2 110 0.260 1
83 1 N3 N5 85 0.060 0
83 2 N3 N2 173 0.060 1
83 3 N3 N3 148 0.060 0
83 4 N5 N3 128 0.030 0
83 5 N5 N2 137 0.030 1
83 6 N5 N5 107 0.030 0
83 7 N2 N5 87 0.520 0
83 8 N2 N3 104 0.520 0
83 9 N2 N2 246 0.520 1
83 10 N4 N5 52 0.240 0
83 11 N4 N3 93 0.240 0
83 12 N4 N2 109 0.240 1
84 1 N3 N5 85 0.110 0
84 2 N3 N2 172 0.110 1
84 3 N3 N3 146 0.110 0
84 4 N5 N3 126 0.100 0
84 5 N5 N2 140 0.100 1
84 6 N5 N5 107 0.100 0
84 7 N2 N5 85 0.070 0
84 8 N2 N3 103 0.070 0
84 9 N2 N2 245 0.070 1
84 10 N4 N5 52 0.420 0
84 11 N4 N3 92 0.420 0
84 12 N4 N2 104 0.420 1
85 1 N3 N5 85 0.200 0
85 2 N3 N2 171 0.200 1
85 3 N3 N3 145 0.200 0
85 4 N5 N3 124 0.160 0
85 5 N5 N2 143 0.160 1
85 6 N5 N5 106 0.160 0
85 7 N2 N5 85 0.160 0
85 8 N2 N3 99 0.160 0
85 9 N2 N2 244 0.160 1
85 10 N4 N5 52 0.650 0
85 11 N4 N3 90 0.650 0
85 12 N4 N2 104 0.650 1
86 1 N3 N5 84 0.260 0
86 2 N3 N2 170 0.260 1
86 3 N3 N3 141 0.260 0
86 4 N5 N3 124 0.350 0
86 5 N5 N2 146 0.350 1
86 6 N5 N5 106 0.350 0
86 7 N2 N5 85 0.260 0
86 8 N2 N3 97 0.260 0
86 9 N2 N2 242 0.260 1
86 10 N4 N5 52 0.560 0
86 11 N4 N3 90 0.560 0
86 12 N4 N2 103 0.560 1
87 1 N3 N5 83 0.350 0
87 2 N3 N2 168 0.350 1
87 3 N3 N3 140 0.350 0
87 4 N5 N3 123 0.340 0
87 5 N5 N2 148 0.340 1
87 6 N5 N5 101 0.340 0
87 7 N2 N5 85 0.230 0
87 8 N2 N3 99 0.230 0
87 9 N2 N2 241 0.230 1
87 10 N4 N5 52 0.140 0
87 11 N4 N3 91 0.140 0
87 12 N4 N2 103 0.140 1
88 1 N3 N5 83 0.400 0
88 2 N3 N2 166 0.400 1
88 3 N3 N3 138 0.400 0
88 4 N5 N3 124 0.190 0
88 5 N5 N2 145 0.190 1
88 6 N5 N5 97 0.190 0
88 7 N2 N5 84 0.420 0
88 8 N2 N3 99 0.420 0
88 9 N2 N2 239 0.420 1
88 10 N4 N5 52 0.690 0
88 11 N4 N3 91 0.690 0
88 12 N4 N2 102 0.690 1
89 1 N3 N5 83 0.070 0
89 2 N3 N2 163 0.070 1
89 3 N3 N3 141 0.070 0
89 4 N5 N3 124 0.300 0
89 5 N5 N2 142 0.300 1
89 6 N5 N5 97 0.300 0
89 7 N2 N5 81 0.350 0
89 8 N2 N3 100 0.350 0
89 9 N2 N2 239 0.350 1
89 10 N4 N5 51 0.300 0
89 11 N4 N3 91 0.300 0
89 12 N4 N2 100 0.300 1
90 1 N3 N5 0 0.510 0
90 2 N3 N2 159 0.510 1
90 3 N3 N3 141 0.510 0
90 4 N5 N3 124 1.390 0
90 5 N5 N2 142 1.390 1
90 6 N5 N5 97 1.390 0
90 7 N2 N5 0 0.040 0
90 8 N2 N3 103 0.040 0
90 9 N2 N2 238 0.040 1
90 10 N4 N5 51 1.390 0
90 11 N4 N3 91 1.390 0
90 12 N4 N2 100 1.390 1
91 1 N3 N5 0 0.030 0
91 2 N3 N2 153 0.030 1
91 3 N3 N3 146 0.030 0
91 4 N5 N3 124 0.940 0
91 5 N5 N2 137 0.940 1
91 6 N5 N5 89 0.940 0
91 7 N2 N5 0 0.120 0
91 8 N2 N3 103 0.120 0
91 9 N2 N2 237 0.120 1
91 10 N4 N5 51 0.410 0
91 11 N4 N3 89 0.410 0
91 12 N4 N2 97 0.410 1
92 1 N3 N5 0 0.650 0
92 2 N3 N2 148 0.650 1
92 3 N3 N3 146 0.650 0
92 4 N5 N3 125 0.250 0
92 5 N5 N2 131 0.250 1
92 6 N5 N5 89 0.250 0
92 7 N2 N5 0 0.180 0
92 8 N2 N3 104 0.190 0
92 9 N2 N2 237 0.190 1
92 10 N4 N5 48 0.100 0
92 11 N4 N3 90 0.100 0
92 12 N4 N2 93 0.100 1
93 1 N3 N5 0 0.190 0
93 2 N3 N2 143 0.190 1
93 3 N3 N3 150 0.190 0
93 4 N5 N3 130 0.630 0
93 5 N5 N2 127 0.630 1
93 6 N5 N5 81 0.630 0
93 7 N2 N5 0 0.120 0
93 8 N2 N3 107 0.120 0
93 9 N2 N2 237 0.120 1
93 10 N4 N5 48 1.070 0
93 11 N4 N3 90 1.070 0
93 12 N4 N2 93 1.070 1
94 1 N3 N5 0 0.090 0
94 2 N3 N2 141 0.090 0
94 3 N3 N3 151 0.090 1
94 4 N5 N3 130 1.720 0
94 5 N5 N2 127 1.720 1
94 6 N5 N5 81 1.720 0
94 7 N2 N5 0 0.210 0
94 8 N2 N3 107 0.210 0
94 9 N2 N2 237 0.210 1
94 10 N4 N5 48 2.160 0
94 11 N4 N3 90 2.160 0
94 12 N4 N2 93 2.160 1
95 1 N3 N5 0 0.290 0
95 2 N3 N2 141 0.290 0
95 3 N3 N3 151 0.290 1
95 4 N5 N3 130 0.330 0
95 5 N5 N2 123 0.330 1
95 6 N5 N5 81 0.330 0
95 7 N2 N5 0 0.330 0
95 8 N2 N3 107 0.330 0
95 9 N2 N2 237 0.330 1
95 10 N4 N5 46 0.330 0
95 11 N4 N3 91 0.330 0
95 12 N4 N2 92 0.330 1
96 1 N3 N5 0 0.370 0
96 2 N3 N2 139 0.370 0
96 3 N3 N3 152 0.370 1
96 4 N5 N3 131 0.940 0
96 5 N5 N2 121 0.940 1
96 6 N5 N5 81 0.940 0
96 7 N2 N5 0 0.270 0
96 8 N2 N3 108 0.270 0
96 9 N2 N2 238 0.270 1
96 10 N4 N5 0 0.270 0
96 11 N4 N3 91 0.270 0
96 12 N4 N2 92 0.270 1
97 1 N3 N5 0 1.460 0
97 2 N3 N2 139 1.460 0
97 3 N3 N3 152 1.460 1
97 4 N5 N3 131 2.030 0
97 5 N5 N2 121 2.030 1
97 6 N5 N5 81 2.030 0
97 7 N2 N5 0 0.430 0
97 8 N2 N3 108 0.430 0
97 9 N2 N2 239 0.430 1
97 10 N4 N5 0 0.140 0
97 11 N4 N3 93 0.140 0
97 12 N4 N2 92 0.140 1
98 1 N3 N5 0 0.100 0
98 2 N3 N2 142 0.100 0
98 3 N3 N3 156 0.100 1
98 4 N5 N3 131 0.100 0
98 5 N5 N2 118 0.100 1
98 6 N5 N5 0 0.100 0
98 7 N2 N5 0 0.380 0
98 8 N2 N3 108 0.380 0
98 9 N2 N2 239 0.380 1
98 10 N4 N5 0 0.510 0
98 11 N4 N3 100 0.510 1
98 12 N4 N2 93 0.510 0
99 1 N3 N5 0 1.080 0
99 2 N3 N2 142 1.080 0
99 3 N3 N3 156 1.080 1
99 4 N5 N3 131 1.190 0
99 5 N5 N2 118 1.190 1
99 6 N5 N5 0 1.190 0
99 7 N2 N5 0 0.040 0
99 8 N2 N3 107 0.040 0
99 9 N2 N2 239 0.040 1
99 10 N4 N5 0 0.030 0
99 11 N4 N3 107 0.030 1
99 12 N4 N2 93 0.030 0
100 1 N3 N5 0 0.650 0
100 2 N3 N2 144 0.650 0
100 3 N3 N3 157 0.650 1
100 4 N5 N3 131 2.300 0
100 5 N5 N2 118 2.300 1
100 6 N5 N5 0 2.300 0
100 7 N2 N5 0 0.640 0
100 8 N2 N3 107 0.640 0
100 9 N2 N2 239 0.640 1
100 10 N4 N5 0 0.630 0
100 11 N4 N3 111 0.630 1
100 12 N4 N2 94 0.630 0
101 1 N3 N5 0 0.180 0
101 2 N3 N2 143 0.180 0
101 3 N3 N3 160 0.180 1
101 4 N5 N3 131 3.390 0
101 5 N5 N2 118 3.390 1
101 6 N5 N5 0 3.390 0
101 7 N2 N5 0 0.700 0
101 8 N2 N3 107 0.700 0
101 9 N2 N2 238 0.700 1
101 10 N4 N5 0 0.370 0
101 11 N4 N3 119 0.370 1
101 12 N4 N2 95 0.370 0
102 1 N3 N5 0 0.250 0
102 2 N3 N2 144 0.250 0
102 3 N3 N3 165 0.250 1
102 4 N5 N3 131 4.480 0
102 5 N5 N2 118 4.480 1
102 6 N5 N5 0 4.480 0
102 7 N2 N5 0 0.290 0
102 8 N2 N3 107 0.290 0
102 9 N2 N2 238 0.290 1
102 10 N4 N5 0 0.230 0
102 11 N4 N3 122 0.230 1
102 12 N4 N2 96 0.230 0
103 1 N3 N5 0 0.310 0
103 2 N3 N2 145 0.310 0
103 3 N3 N3 169 0.310 1
103 4 N5 N3 131 5.570 0
103 5 N5 N2 118 5.570 1
103 6 N5 N5 0 5.570 0
103 7 N2 N5 0 0.350 0
103 8 N2 N3 111 0.350 0
103 9 N2 N2 237 0.350 1
103 10 N4 N5 0 0.260 0
103 11 N4 N3 128 0.260 1
103 12 N4 N2 98 0.260 0
104 1 N3 N5 0 0.380 0
104 2 N3 N2 144 0.380 0
104 3 N3 N3 170 0.380 1
104 4 N5 N3 131 6.660 0
104 5 N5 N2 118 6.660 1
104 6 N5 N5 0 6.660 0
104 7 N2 N5 0 0.260 0
104 8 N2 N3 112 0.260 0
104 9 N2 N2 237 0.260 1
104 10 N4 N5 0 0.790 0
104 11 N4 N3 129 0.790 1
104 12 N4 N2 98 0.790 0
105 1 N3 N5 0 0.080 0
105 2 N3 N2 143 0.080 0
105 3 N3 N3 174 0.080 1
105 4 N5 N3 131 7.750 0
105 5 N5 N2 118 7.750 1
105 6 N5 N5 0 7.750 0
105 7 N2 N5 0 0.420 0
105 8 N2 N3 115 0.420 0
105 9 N2 N2 237 0.420 1
105 10 N4 N5 0 0.560 0
105 11 N4 N3 132 0.560 1
105 12 N4 N2 101 0.560 0
106 1 N3 N5 0 0.010 0
106 2 N3 N2 144 0.010 0
106 3 N3 N3 178 0.010 1
106 4 N5 N3 131 8.850 0
106 5 N5 N2 118 8.850 1
106 6 N5 N5 0 8.850 0
106 7 N2 N5 0 0.510 0
106 8 N2 N3 117 0.510 0
106 9 N2 N2 236 0.510 1
106 10 N4 N5 0 0.200 0
106 11 N4 N3 136 0.200 1
106 12 N4 N2 103 0.200 0
107 1 N3 N5 0 0.510 0
107 2 N3 N2 144 0.510 0
107 3 N3 N3 180 0.510 1
107 4 N5 N3 131 0.340 0
107 5 N5 N2 116 0.340 1
107 6 N5 N5 0 0.340 0
107 7 N2 N5 0 0.030 0
107 8 N2 N3 117 0.030 0
107 9 N2 N2 236 0.030 1
107 10 N4 N5 0 1.290 0
107 11 N4 N3 136 1.290 1
107 12 N4 N2 103 1.290 0
108 1 N3 N5 0 0.560 0
108 2 N3 N2 144 0.560 0
108 3 N3 N3 182 0.560 1
108 4 N5 N3 131 1.430 0
108 5 N5 N2 116 1.430 1
108 6 N5 N5 0 1.430 0
108 7 N2 N5 0 0.070 0
108 8 N2 N3 118 0.070 0
108 9 N2 N2 236 0.070 1
108 10 N4 N5 0 2.380 0
108 11 N4 N3 136 2.380 1
108 12 N4 N2 103 2.380 0
109 1 N3 N5 0 0.470 0
109 2 N3 N2 144 0.470 0
109 3 N3 N3 190 0.470 1
109 4 N5 N3 131 2.520 0
109 5 N5 N2 116 2.520 1
109 6 N5 N5 0 2.520 0
109 7 N2 N5 0 0.140 0
109 8 N2 N3 118 0.140 0
109 9 N2 N2 237 0.140 1
109 10 N4 N5 0 3.470 0
109 11 N4 N3 136 3.470 1
109 12 N4 N2 103 3.470 0
110 1 N3 N5 0 0.480 0
110 2 N3 N2 145 0.480 0
110 3 N3 N3 192 0.480 1
110 4 N5 N3 131 3.640 0
110 5 N5 N2 116 3.640 1
110 6 N5 N5 0 3.640 0
110 7 N2 N5 0 0.220 0
110 8 N2 N3 119 0.220 0
110 9 N2 N2 238 0.220 1
110 10 N4 N5 0 4.590 0
110 11 N4 N3 136 4.590 1
110 12 N4 N2 103 4.590 0
111 1 N3 N5 0 1.570 0
111 2 N3 N2 145 1.570 0
111 3 N3 N3 192 1.570 1
111 4 N5 N3 131 4.730 0
111 5 N5 N2 116 4.730 1
111 6 N5 N5 0 4.730 0
111 7 N2 N5 0 0.280 0
111 8 N2 N3 121 0.280 0
111 9 N2 N2 238 0.280 1
111 10 N4 N5 0 5.680 0
111 11 N4 N3 136 5.680 1
111 12 N4 N2 103 5.680 0
112 1 N3 N5 0 0.300 0
112 2 N3 N2 142 0.300 0
112 3 N3 N3 200 0.300 1
112 4 N5 N3 131 0.830 1
112 5 N5 N2 115 0.830 0
112 6 N5 N5 0 0.830 0
112 7 N2 N5 0 0.340 0
112 8 N2 N3 119 0.340 0
112 9 N2 N2 238 0.340 1
112 10 N4 N5 0 0.830 0
112 11 N4 N3 139 0.830 1
112 12 N4 N2 106 0.830 0
113 1 N3 N5 0 1.390 0
113 2 N3 N2 142 1.390 0
113 3 N3 N3 200 1.390 1
113 4 N5 N3 131 1.920 1
113 5 N5 N2 115 1.920 0
113 6 N5 N5 0 1.920 0
113 7 N2 N5 0 0.420 0
113 8 N2 N3 119 0.420 0
113 9 N2 N2 238 0.420 1
113 10 N4 N5 0 1.920 0
113 11 N4 N3 139 1.920 1
113 12 N4 N2 106 1.920 0
114 1 N3 N5 0 0.410 0
114 2 N3 N2 139 0.410 0
114 3 N3 N3 200 0.410 1
114 4 N5 N3 131 3.010 1
114 5 N5 N2 115 3.010 0
114 6 N5 N5 0 3.010 0
114 7 N2 N5 0 0.500 0
114 8 N2 N3 118 0.500 0
114 9 N2 N2 238 0.500 1
114 10 N4 N5 0 0.540 0
114 11 N4 N3 142 0.540 1
114 12 N4 N2 111 0.540 0
115 1 N3 N5 0 1.520 0
115 2 N3 N2 139 1.520 0
115 3 N3 N3 200 1.520 1
115 4 N5 N3 131 4.120 1
115 5 N5 N2 115 4.120 0
115 6 N5 N5 0 4.120 0
115 7 N2 N5 0 0.080 0
115 8 N2 N3 114 0.080 0
115 9 N2 N2 237 0.080 1
115 10 N4 N5 0 1.650 0
115 11 N4 N3 142 1.650 1
115 12 N4 N2 111 1.650 0
116 1 N3 N5 0 0.430 0
116 2 N3 N2 136 0.430 0
116 3 N3 N3 198 0.430 1
116 4 N5 N3 131 5.210 1
116 5 N5 N2 115 5.210 0
116 6 N5 N5 0 5.210 0
116 7 N2 N5 0 0.120 0
116 8 N2 N3 111 0.120 0
116 9 N2 N2 237 0.120 1
116 10 N4 N5 0 0.550 0
116 11 N4 N3 146 0.550 1
116 12 N4 N2 0 0.550 0
117 1 N3 N5 0 0.100 0
117 2 N3 N2 138 0.100 0
117 3 N3 N3 192 0.100 1
117 4 N5 N3 126 0.240 1
117 5 N5 N2 115 0.240 0
117 6 N5 N5 0 0.240 0
117 7 N2 N5 0 0.210 0
117 8 N2 N3 111 0.210 0
117 9 N2 N2 237 0.210 1
117 10 N4 N5 0 1.640 0
117 11 N4 N3 146 1.640 1
117 12 N4 N2 0 1.640 0
118 1 N3 N5 0 1.210 0
118 2 N3 N2 138 1.210 0
118 3 N3 N3 192 1.210 1
118 4 N5 N3 126 1.350 1
118 5 N5 N2 115 1.350 0
118 6 N5 N5 0 1.350 0
118 7 N2 N5 0 0.280 0
118 8 N2 N3 111 0.280 0
118 9 N2 N2 236 0.280 1
118 10 N4 N5 0 2.750 0
118 11 N4 N3 146 2.750 1
118 12 N4 N2 0 2.750 0
119 1 N3 N5 0 0.820 0
119 2 N3 N2 139 0.820 0
119 3 N3 N3 189 0.820 1
119 4 N5 N3 126 2.440 1
119 5 N5 N2 115 2.440 0
119 6 N5 N5 0 2.440 0
119 7 N2 N5 0 0.340 0
119 8 N2 N3 109 0.340 0
119 9 N2 N2 236 0.340 1
119 10 N4 N5 0 0.970 0
119 11 N4 N3 148 0.970 1
119 12 N4 N2 0 0.970 0
120 1 N3 N5 0 0.360 0
120 2 N3 N2 141 0.360 0
120 3 N3 N3 185 0.360 1
120 4 N5 N3 126 3.530 1
120 5 N5 N2 115 3.530 0
120 6 N5 N5 0 3.530 0
120 7 N2 N5 0 0.370 0
120 8 N2 N3 114 0.370 0
120 9 N2 N2 236 0.370 1
120 10 N4 N5 0 0.480 0
120 11 N4 N3 149 0.480 1
120 12 N4 N2 0 0.480 0
121 1 N3 N5 0 0.410 0
121 2 N3 N2 141 0.410 0
121 3 N3 N3 186 0.410 1
121 4 N5 N3 126 4.620 1
121 5 N5 N2 115 4.620 0
121 6 N5 N5 0 4.620 0
121 7 N2 N5 0 0.470 0
121 8 N2 N3 114 0.470 0
121 9 N2 N2 236 0.470 1
121 10 N4 N5 0 1.570 0
121 11 N4 N3 149 1.570 1
121 12 N4 N2 0 1.570 0
122 1 N3 N5 0 0.980 0
122 2 N3 N2 142 0.980 0
122 3 N3 N3 184 0.980 1
122 4 N5 N3 126 5.710 1
122 5 N5 N2 115 5.710 0
122 6 N5 N5 0 5.710 0
122 7 N2 N5 0 0.020 0
122 8 N2 N3 114 0.020 0
122 9 N2 N2 236 0.020 1
122 10 N4 N5 0 2.660 0
122 11 N4 N3 149 2.660 1
122 12 N4 N2 0 2.660 0
123 1 N3 N5 0 0.420 0
123 2 N3 N2 142 0.420 0
123 3 N3 N3 183 0.420 1
123 4 N5 N3 126 6.800 1
123 5 N5 N2 115 6.800 0
123 6 N5 N5 0 6.800 0
123 7 N2 N5 0 0.100 0
123 8 N2 N3 118 0.100 0
123 9 N2 N2 236 0.100 1
123 10 N4 N5 0 1.000 0
123 11 N4 N3 151 1.000 1
123 12 N4 N2 0 1.000 0
124 1 N3 N5 0 1.510 0
124 2 N3 N2 142 1.510 0
124 3 N3 N3 183 1.510 1
124 4 N5 N3 126 7.890 1
124 5 N5 N2 115 7.890 0
124 6 N5 N5 0 7.890 0
124 7 N2 N5 0 0.150 0
124 8 N2 N3 118 0.150 0
124 9 N2 N2 236 0.150 1
124 10 N4 N5 0 2.090 0
124 11 N4 N3 151 2.090 1
124 12 N4 N2 0 2.090 0
125 1 N3 N5 0 0.280 0
125 2 N3 N2 143 0.280 0
125 3 N3 N3 186 0.280 1
125 4 N5 N3 126 8.980 1
125 5 N5 N2 115 8.980 0
125 6 N5 N5 0 8.980 0
125 7 N2 N5 0 0.220 0
125 8 N2 N3 118 0.220 0
125 9 N2 N2 237 0.220 1
125 10 N4 N5 0 3.180 0
125 11 N4 N3 151 3.180 1
125 12 N4 N2 0 3.180 0
126 1 N3 N5 0 1.370 0
126 2 N3 N2 143 1.370 0
126 3 N3 N3 186 1.370 1
126 4 N5 N3 126 10.070 1
126 5 N5 N2 115 10.070 0
126 6 N5 N5 0 10.070 0
126 7 N2 N5 0 0.290 0
126 8 N2 N3 125 0.290 0
126 9 N2 N2 237 0.290 1
126 10 N4 N5 0 4.270 0
126 11 N4 N3 151 4.270 1
126 12 N4 N2 0 4.270 0
127 1 N3 N5 0 0.630 0
127 2 N3 N2 141 0.630 0
127 3 N3 N3 192 0.630 1
127 4 N5 N3 126 11.160 1
127 5 N5 N2 115 11.160 0
127 6 N5 N5 0 11.160 0
127 7 N2 N5 0 0.350 0
127 8 N2 N3 0 0.350 0
127 9 N2 N2 238 0.350 1
127 10 N4 N5 0 0.750 0
127 11 N4 N3 155 0.750 1
127 12 N4 N2 0 0.750 0
128 1 N3 N5 0 1.720 0
128 2 N3 N2 141 1.720 0
128 3 N3 N3 192 1.720 1
128 4 N5 N3 126 12.250 1
128 5 N5 N2 115 12.250 0
128 6 N5 N5 0 12.250 0
128 7 N2 N5 0 0.410 0
128 8 N2 N3 0 0.410 0
128 9 N2 N2 238 0.410 1
128 10 N4 N5 0 1.840 0
128 11 N4 N3 155 1.840 1
128 12 N4 N2 0 1.840 0
129 1 N3 N5 0 0.900 0
129 2 N3 N2 140 0.900 0
129 3 N3 N3 189 0.900 1
129 4 N5 N3 126 13.360 1
129 5 N5 N2 115 13.360 0
129 6 N5 N5 0 13.360 0
129 7 N2 N5 0 0.500 0
129 8 N2 N3 0 0.500 0
129 9 N2 N2 239 0.500 1
129 10 N4 N5 0 0.910 0
129 11 N4 N3 154 0.910 1
129 12 N4 N2 0 0.910 0
130 1 N3 N5 0 0.590 0
130 2 N3 N2 136 0.590 0
130 3 N3 N3 188 0.590 1
130 4 N5 N3 126 14.460 1
130 5 N5 N2 115 14.460 0
130 6 N5 N5 0 14.460 0
130 7 N2 N5 0 0.040 0
130 8 N2 N3 0 0.040 0
130 9 N2 N2 239 0.040 1
130 10 N4 N5 0 0.720 0
130 11 N4 N3 155 0.720 1
130 12 N4 N2 0 0.720 0
131 1 N3 N5 0 0.200 0
131 2 N3 N2 135 0.200 0
131 3 N3 N3 188 0.200 1
131 4 N5 N3 126 15.550 1
131 5 N5 N2 115 15.550 0
131 6 N5 N5 0 15.550 0
131 7 N2 N5 0 0.070 0
131 8 N2 N3 0 0.070 0
131 9 N2 N2 240 0.070 1
131 10 N4 N5 0 1.810 0
131 11 N4 N3 155 1.810 1
131 12 N4 N2 0 1.810 0
132 1 N3 N5 0 0.880 0
132 2 N3 N2 133 0.880 0
132 3 N3 N3 186 0.880 1
132 4 N5 N3 126 16.650 1
132 5 N5 N2 115 16.650 0
132 6 N5 N5 0 16.650 0
132 7 N2 N5 0 0.160 0
132 8 N2 N3 106 0.160 0
132 9 N2 N2 241 0.160 1
132 10 N4 N5 0 1.020 0
132 11 N4 N3 156 1.020 1
132 12 N4 N2 0 1.020 0
133 1 N3 N5 0 0.130 0
133 2 N3 N2 130 0.130 0
133 3 N3 N3 185 0.130 1
133 4 N5 N3 109 0.120 1
133 5 N5 N2 115 0.120 0
133 6 N5 N5 0 0.120 0
133 7 N2 N5 0 0.220 0
133 8 N2 N3 106 0.220 0
133 9 N2 N2 241 0.220 1
133 10 N4 N5 0 0.090 0
133 11 N4 N3 155 0.090 1
133 12 N4 N2 0 0.090 0
134 1 N3 N5 0 0.320 0
134 2 N3 N2 130 0.320 0
134 3 N3 N3 184 0.320 1
134 4 N5 N3 109 1.210 1
134 5 N5 N2 115 1.210 0
134 6 N5 N5 0 1.210 0
134 7 N2 N5 0 0.330 0
134 8 N2 N3 109 0.330 0
134 9 N2 N2 241 0.330 1
134 10 N4 N5 0 1.180 0
134 11 N4 N3 155 1.180 1
134 12 N4 N2 0 1.180 0
135 1 N3 N5 0 0.400 0
135 2 N3 N2 128 0.400 0
135 3 N3 N3 181 0.400 1
135 4 N5 N3 109 2.300 1
135 5 N5 N2 115 2.300 0
135 6 N5 N5 0 2.300 0
135 7 N2 N5 0 0.260 0
135 8 N2 N3 106 0.260 0
135 9 N2 N2 240 0.260 1
135 10 N4 N5 0 0.670 0
135 11 N4 N3 154 0.670 1
135 12 N4 N2 0 0.670 0
136 1 N3 N5 0 0.460 0
136 2 N3 N2 128 0.460 0
136 3 N3 N3 175 0.460 1
136 4 N5 N3 109 3.390 1
136 5 N5 N2 115 3.390 0
136 6 N5 N5 0 3.390 0
136 7 N2 N5 0 0.310 0
136 8 N2 N3 105 0.310 0
136 9 N2 N2 240 0.310 1
136 10 N4 N5 0 0.770 0
136 11 N4 N3 154 0.770 1
136 12 N4 N2 0 0.770 0
137 1 N3 N5 0 0.510 0
137 2 N3 N2 129 0.510 0
137 3 N3 N3 175 0.510 1
137 4 N5 N3 102 0.830 1
137 5 N5 N2 115 0.830 0
137 6 N5 N5 0 0.830 0
137 7 N2 N5 0 0.470 0
137 8 N2 N3 103 0.470 0
137 9 N2 N2 240 0.470 1
137 10 N4 N5 0 0.320 0
137 11 N4 N3 153 0.320 1
137 12 N4 N2 0 0.320 0
138 1 N3 N5 0 0.050 0
138 2 N3 N2 131 0.050 0
138 3 N3 N3 177 0.050 1
138 4 N5 N3 90 0.510 1
138 5 N5 N2 114 0.510 0
138 6 N5 N5 0 0.510 0
138 7 N2 N5 0 0.010 0
138 8 N2 N3 106 0.010 0
138 9 N2 N2 239 0.010 1
138 10 N4 N5 0 0.360 0
138 11 N4 N3 153 0.360 1
138 12 N4 N2 0 0.360 0
139 1 N3 N5 0 0.610 0
139 2 N3 N2 132 0.610 0
139 3 N3 N3 175 0.610 1
139 4 N5 N3 85 0.890 1
139 5 N5 N2 114 0.890 0
139 6 N5 N5 0 0.890 0
139 7 N2 N5 0 0.080 0
139 8 N2 N3 105 0.080 0
139 9 N2 N2 239 0.080 1
139 10 N4 N5 0 0.920 0
139 11 N4 N3 153 0.920 1
139 12 N4 N2 0 0.920 0
140 1 N3 N5 0 0.140 0
140 2 N3 N2 132 0.140 0
140 3 N3 N3 174 0.140 1
140 4 N5 N3 85 1.980 1
140 5 N5 N2 114 1.980 0
140 6 N5 N5 0 1.980 0
140 7 N2 N5 0 0.140 0
140 8 N2 N3 105 0.140 0
140 9 N2 N2 240 0.140 1
140 10 N4 N5 0 0.480 0
140 11 N4 N3 148 0.480 1
140 12 N4 N2 0 0.480 0
141 1 N3 N5 0 0.220 0
141 2 N3 N2 134 0.220 0
141 3 N3 N3 171 0.220 1
141 4 N5 N3 78 0.420 1
141 5 N5 N2 114 0.420 0
141 6 N5 N5 0 0.420 0
141 7 N2 N5 0 0.050 0
141 8 N2 N3 110 0.050 0
141 9 N2 N2 241 0.050 1
141 10 N4 N5 0 0.500 0
141 11 N4 N3 146 0.500 1
141 12 N4 N2 0 0.500 0
142 1 N3 N5 0 1.320 0
142 2 N3 N2 134 1.320 0
142 3 N3 N3 171 1.320 1
142 4 N5 N3 78 1.520 1
142 5 N5 N2 114 1.520 0
142 6 N5 N5 0 1.520 0
142 7 N2 N5 0 0.220 0
142 8 N2 N3 113 0.220 0
142 9 N2 N2 242 0.220 1
142 10 N4 N5 0 0.040 0
142 11 N4 N3 145 0.040 1
142 12 N4 N2 0 0.040 0
143 1 N3 N5 0 0.370 0
143 2 N3 N2 135 0.370 0
143 3 N3 N3 169 0.370 1
143 4 N5 N3 78 2.610 1
143 5 N5 N2 114 2.610 0
143 6 N5 N5 0 2.610 0
143 7 N2 N5 0 0.290 0
143 8 N2 N3 116 0.290 0
143 9 N2 N2 243 0.290 1
143 10 N4 N5 0 0.620 0
143 11 N4 N3 143 0.620 1
143 12 N4 N2 0 0.620 0
144 1 N3 N5 0 0.960 0
144 2 N3 N2 135 0.960 0
144 3 N3 N3 168 0.960 1
144 4 N5 N3 78 0.270 1
144 5 N5 N2 113 0.270 0
144 6 N5 N5 0 0.270 0
144 7 N2 N5 0 0.370 0
144 8 N2 N3 114 0.370 0
144 9 N2 N2 245 0.370 1
144 10 N4 N5 0 1.730 0
144 11 N4 N3 143 1.730 1
144 12 N4 N2 0 1.730 0
145 1 N3 N5 0 0.080 0
145 2 N3 N2 136 0.080 0
145 3 N3 N3 168 0.080 1
145 4 N5 N3 78 0.840 1
145 5 N5 N2 109 0.840 0
145 6 N5 N5 0 0.840 0
145 7 N2 N5 0 0.430 0
145 8 N2 N3 114 0.430 0
145 9 N2 N2 245 0.430 1
145 10 N4 N5 0 0.280 0
145 11 N4 N3 140 0.280 1
145 12 N4 N2 0 0.280 0
146 1 N3 N5 0 0.050 0
146 2 N3 N2 139 0.050 0
146 3 N3 N3 167 0.050 1
146 4 N5 N3 78 0.890 1
146 5 N5 N2 99 0.890 0
146 6 N5 N5 0 0.890 0
146 7 N2 N5 0 0.380 0
146 8 N2 N3 113 0.380 0
146 9 N2 N2 246 0.380 1
146 10 N4 N5 0 0.880 0
146 11 N4 N3 137 0.880 1
146 12 N4 N2 0 0.880 0
147 1 N3 N5 0 0.600 0
147 2 N3 N2 141 0.600 0
147 3 N3 N3 167 0.600 1
147 4 N5 N3 78 0.960 1
147 5 N5 N2 0 0.960 0
147 6 N5 N5 0 0.960 0
147 7 N2 N5 0 0.040 0
147 8 N2 N3 110 0.040 0
147 9 N2 N2 248 0.040 1
147 10 N4 N5 0 0.960 0
147 11 N4 N3 135 0.960 1
147 12 N4 N2 0 0.960 0
148 1 N3 N5 0 0.130 0
148 2 N3 N2 143 0.130 0
148 3 N3 N3 167 0.130 1
148 4 N5 N3 78 2.060 1
148 5 N5 N2 0 2.060 0
148 6 N5 N5 0 2.060 0
148 7 N2 N5 0 0.100 0
148 8 N2 N3 107 0.100 0
148 9 N2 N2 249 0.100 1
148 10 N4 N5 0 2.060 0
148 11 N4 N3 135 2.060 1
148 12 N4 N2 0 2.060 0
149 1 N3 N5 0 0.320 0
149 2 N3 N2 145 0.320 0
149 3 N3 N3 165 0.320 1
149 4 N5 N3 75 0.620 1
149 5 N5 N2 0 0.620 0
149 6 N5 N5 0 0.620 0
149 7 N2 N5 0 0.160 0
149 8 N2 N3 107 0.160 0
149 9 N2 N2 250 0.160 1
149 10 N4 N5 0 0.050 0
149 11 N4 N3 133 0.050 1
149 12 N4 N2 0 0.050 0
150 1 N3 N5 0 0.280 0
150 2 N3 N2 146 0.280 0
150 3 N3 N3 164 0.280 1
150 4 N5 N3 71 0.110 1
150 5 N5 N2 0 0.110 0
150 6 N5 N5 0 0.110 0
150 7 N2 N5 0 0.230 0
150 8 N2 N3 106 0.230 0
150 9 N2 N2 250 0.230 1
150 10 N4 N5 0 0.120 0
150 11 N4 N3 128 0.120 1
150 12 N4 N2 0 0.120 0
151 1 N3 N5 0 0.340 0
151 2 N3 N2 147 0.340 0
151 3 N3 N3 163 0.340 1
151 4 N5 N3 72 0.700 1
151 5 N5 N2 0 0.700 0
151 6 N5 N5 0 0.700 0
151 7 N2 N5 0 0.290 0
151 8 N2 N3 106 0.290 0
151 9 N2 N2 250 0.290 1
151 10 N4 N5 0 0.700 0
151 11 N4 N3 126 0.700 1
151 12 N4 N2 0 0.700 0
152 1 N3 N5 0 0.390 0
152 2 N3 N2 147 0.390 0
152 3 N3 N3 162 0.390 1
152 4 N5 N3 72 1.800 1
152 5 N5 N2 0 1.800 0
152 6 N5 N5 0 1.800 0
152 7 N2 N5 0 0.860 0
152 8 N2 N3 106 0.860 0
152 9 N2 N2 250 0.860 1
152 10 N4 N5 0 1.800 0
152 11 N4 N3 126 1.800 1
152 12 N4 N2 0 1.800 0
153 1 N3 N5 0 0.070 0
153 2 N3 N2 145 0.070 0
153 3 N3 N3 163 0.070 1
153 4 N5 N3 72 0.020 1
153 5 N5 N2 0 0.020 0
153 6 N5 N5 0 0.020 0
153 7 N2 N5 0 0.420 0
153 8 N2 N3 109 0.420 0
153 9 N2 N2 252 0.420 1
153 10 N4 N5 0 0.350 0
153 11 N4 N3 122 0.350 1
153 12 N4 N2 0 0.350 0
154 1 N3 N5 0 0.200 0
154 2 N3 N2 141 0.200 0
154 3 N3 N3 162 0.200 1
154 4 N5 N3 73 0.030 1
154 5 N5 N2 0 0.030 0
154 6 N5 N5 0 0.030 0
154 7 N2 N5 0 0.180 0
154 8 N2 N3 111 0.180 0
154 9 N2 N2 252 0.180 1
154 10 N4 N5 0 1.620 0
154 11 N4 N3 122 1.620 1
154 12 N4 N2 0 1.620 0
155 1 N3 N5 0 0.070 0
155 2 N3 N2 139 0.070 0
155 3 N3 N3 162 0.070 1
155 4 N5 N3 73 1.120 1
155 5 N5 N2 0 1.120 0
155 6 N5 N5 0 1.120 0
155 7 N2 N5 0 0.240 0
155 8 N2 N3 118 0.240 0
155 9 N2 N2 252 0.240 1
155 10 N4 N5 0 0.070 0
155 11 N4 N3 121 0.070 1
155 12 N4 N2 0 0.070 0
156 1 N3 N5 0 0.850 0
156 2 N3 N2 137 0.850 0
156 3 N3 N3 162 0.850 1
156 4 N5 N3 73 2.210 1
156 5 N5 N2 0 2.210 0
156 6 N5 N5 0 2.210 0
156 7 N2 N5 0 0.300 0
156 8 N2 N3 118 0.300 0
156 9 N2 N2 251 0.300 1
156 10 N4 N5 0 1.160 0
156 11 N4 N3 121 1.160 1
156 12 N4 N2 0 1.160 0
157 1 N3 N5 6 0.330 0
157 2 N3 N2 134 0.330 0
157 3 N3 N3 162 0.330 1
157 4 N5 N3 77 0.260 1
157 5 N5 N2 0 0.260 0
157 6 N5 N5 0 0.260 0
157 7 N2 N5 0 0.370 0
157 8 N2 N3 118 0.370 0
157 9 N2 N2 251 0.370 1
157 10 N4 N5 0 0.290 0
157 11 N4 N3 121 0.290 1
157 12 N4 N2 0 0.290 0
158 1 N3 N5 6 0.060 0
158 2 N3 N2 132 0.060 0
158 3 N3 N3 164 0.060 1
158 4 N5 N3 78 0.800 1
158 5 N5 N2 0 0.800 0
158 6 N5 N5 0 0.800 0
158 7 N2 N5 0 0.430 0
158 8 N2 N3 118 0.430 0
158 9 N2 N2 251 0.430 1
158 10 N4 N5 9 0.790 0
158 11 N4 N3 121 0.790 1
158 12 N4 N2 0 0.790 0
159 1 N3 N5 6 0.060 0
159 2 N3 N2 130 0.060 0
159 3 N3 N3 163 0.060 1
159 4 N5 N3 81 0.190 1
159 5 N5 N2 0 0.190 0
159 6 N5 N5 11 0.190 0
159 7 N2 N5 0 0.040 0
159 8 N2 N3 118 0.040 0
159 9 N2 N2 251 0.040 1
159 10 N4 N5 9 0.340 0
159 11 N4 N3 119 0.340 1
159 12 N4 N2 0 0.340 0
160 1 N3 N5 6 0.620 0
160 2 N3 N2 129 0.620 0
160 3 N3 N3 161 0.620 1
160 4 N5 N3 84 0.690 1
160 5 N5 N2 0 0.690 0
160 6 N5 N5 10 0.690 0
160 7 N2 N5 0 0.090 0
160 8 N2 N3 128 0.090 0
160 9 N2 N2 251 0.090 1
160 10 N4 N5 8 0.550 0
160 11 N4 N3 118 0.550 1
160 12 N4 N2 0 0.550 0
161 1 N3 N5 6 0.160 0
161 2 N3 N2 128 0.160 0
161 3 N3 N3 156 0.160 1
161 4 N5 N3 85 0.260 1
161 5 N5 N2 0 0.260 0
161 6 N5 N5 10 0.260 0
161 7 N2 N5 0 0.140 0
161 8 N2 N3 128 0.140 0
161 9 N2 N2 250 0.140 1
161 10 N4 N5 8 0.090 0
161 11 N4 N3 115 0.090 1
161 12 N4 N2 0 0.090 0
162 1 N3 N5 6 0.720 0
162 2 N3 N2 128 0.720 0
162 3 N3 N3 154 0.720 1
162 4 N5 N3 85 0.720 1
162 5 N5 N2 0 0.720 0
162 6 N5 N5 10 0.720 0
162 7 N2 N5 0 0.210 0
162 8 N2 N3 128 0.210 0
162 9 N2 N2 249 0.210 1
162 10 N4 N5 8 0.150 0
162 11 N4 N3 111 0.150 1
162 12 N4 N2 0 0.150 0
163 1 N3 N5 6 0.300 0
163 2 N3 N2 127 0.300 0
163 3 N3 N3 153 0.300 1
163 4 N5 N3 85 0.170 1
163 5 N5 N2 0 0.170 0
163 6 N5 N5 11 0.170 0
163 7 N2 N5 0 0.170 0
163 8 N2 N3 121 0.170 0
163 9 N2 N2 248 0.170 1
163 10 N4 N5 11 0.580 0
163 11 N4 N3 110 0.580 1
163 12 N4 N2 0 0.580 0
164 1 N3 N5 7 0.250 0
164 2 N3 N2 126 0.250 0
164 3 N3 N3 153 0.250 1
164 4 N5 N3 78 0.250 1
164 5 N5 N2 0 0.250 0
164 6 N5 N5 12 0.250 0
164 7 N2 N5 0 0.260 0
164 8 N2 N3 121 0.260 0
164 9 N2 N2 248 0.260 1
164 10 N4 N5 11 1.670 0
164 11 N4 N3 110 1.670 1
164 12 N4 N2 0 1.670 0
165 1 N3 N5 7 0.060 0
165 2 N3 N2 124 0.060 0
165 3 N3 N3 148 0.060 1
165 4 N5 N3 78 1.340 1
165 5 N5 N2 0 1.340 0
165 6 N5 N5 12 1.340 0
165 7 N2 N5 0 0.420 0
165 8 N2 N3 121 0.420 0
165 9 N2 N2 248 0.420 1
165 10 N4 N5 11 0.340 0
165 11 N4 N3 109 0.340 1
165 12 N4 N2 0 0.340 0
166 1 N3 N5 8 0.010 0
166 2 N3 N2 118 0.010 0
166 3 N3 N3 142 0.010 1
166 4 N5 N3 78 2.430 1
166 5 N5 N2 0 2.430 0
166 6 N5 N5 12 2.430 0
166 7 N2 N5 0 0.370 0
166 8 N2 N3 107 0.370 0
166 9 N2 N2 248 0.370 1
166 10 N4 N5 11 0.330 0
166 11 N4 N3 106 0.330 1
166 12 N4 N2 0 0.330 0
167 1 N3 N5 10 0.400 0
167 2 N3 N2 117 0.400 0
167 3 N3 N3 136 0.400 1
167 4 N5 N3 74 0.400 1
167 5 N5 N2 0 0.400 0
167 6 N5 N5 14 0.400 0
167 7 N2 N5 0 0.010 0
167 8 N2 N3 102 0.010 0
167 9 N2 N2 248 0.010 1
167 10 N4 N5 12 0.420 0
167 11 N4 N3 106 0.420 1
167 12 N4 N2 0 0.420 0
168 1 N3 N5 15 0.120 0
168 2 N3 N2 115 0.120 0
168 3 N3 N3 131 0.120 1
168 4 N5 N3 74 0.440 1
168 5 N5 N2 0 0.440 0
168 6 N5 N5 16 0.440 0
168 7 N2 N5 0 0.070 0
168 8 N2 N3 99 0.070 0
168 9 N2 N2 249 0.070 1
168 10 N4 N5 12 1.510 0
168 11 N4 N3 106 1.510 1
168 12 N4 N2 0 1.510 0
169 1 N3 N5 17 0.170 0
169 2 N3 N2 113 0.170 0
169 3 N3 N3 125 0.170 1
169 4 N5 N3 74 1.530 1
169 5 N5 N2 0 1.530 0
169 6 N5 N5 16 1.530 0
169 7 N2 N5 0 0.020 0
169 8 N2 N3 94 0.020 0
169 9 N2 N2 249 0.020 1
169 10 N4 N5 12 0.910 0
169 11 N4 N3 102 0.910 1
169 12 N4 N2 0 0.910 0
170 1 N3 N5 21 0.340 0
170 2 N3 N2 113 0.340 0
170 3 N3 N3 124 0.340 1
170 4 N5 N3 71 1.050 1
170 5 N5 N2 0 1.050 0
170 6 N5 N5 19 1.050 0
170 7 N2 N5 0 0.070 0
170 8 N2 N3 95 0.070 0
170 9 N2 N2 249 0.070 1
170 10 N4 N5 12 2.000 0
170 11 N4 N3 102 2.000 1
170 12 N4 N2 0 2.000 0
171 1 N3 N5 25 0.280 0
171 2 N3 N2 115 0.280 0
171 3 N3 N3 121 0.280 1
171 4 N5 N3 71 0.310 1
171 5 N5 N2 0 0.310 0
171 6 N5 N5 26 0.310 0
171 7 N2 N5 34 0.240 0
171 8 N2 N3 94 0.240 0
171 9 N2 N2 248 0.240 1
171 10 N4 N5 12 0.300 0
171 11 N4 N3 99 0.300 1
171 12 N4 N2 0 0.300 0
172 1 N3 N5 25 0.370 0
172 2 N3 N2 114 0.370 0
172 3 N3 N3 121 0.370 1
172 4 N5 N3 71 1.400 1
172 5 N5 N2 0 1.400 0
172 6 N5 N5 26 1.400 0
172 7 N2 N5 34 0.290 0
172 8 N2 N3 94 0.290 0
172 9 N2 N2 248 0.290 1
172 10 N4 N5 12 1.390 0
172 11 N4 N3 99 1.390 1
172 12 N4 N2 0 1.390 0
173 1 N3 N5 27 0.040 0
173 2 N3 N2 113 0.040 0
173 3 N3 N3 117 0.040 1
173 4 N5 N3 74 0.490 1
173 5 N5 N2 0 0.490 0
173 6 N5 N5 30 0.490 0
173 7 N2 N5 34 0.390 0
173 8 N2 N3 94 0.390 0
173 9 N2 N2 247 0.390 1
173 10 N4 N5 12 0.910 0
173 11 N4 N3 95 0.910 1
173 12 N4 N2 0 0.910 0
174 1 N3 N5 37 0.020 0
174 2 N3 N2 111 0.020 0
174 3 N3 N3 117 0.020 1
174 4 N5 N3 75 0.600 1
174 5 N5 N2 0 0.600 0
174 6 N5 N5 36 0.600 0
174 7 N2 N5 33 0.130 0
174 8 N2 N3 96 0.130 0
174 9 N2 N2 247 0.130 1
174 10 N4 N5 13 0.630 0
174 11 N4 N3 88 0.630 1
174 12 N4 N2 0 0.630 0
175 1 N3 N5 37 0.080 0
175 2 N3 N2 109 0.080 0
175 3 N3 N3 117 0.080 1
175 4 N5 N3 75 1.690 1
175 5 N5 N2 0 1.690 0
175 6 N5 N5 36 1.690 0
175 7 N2 N5 33 0.020 0
175 8 N2 N3 96 0.020 0
175 9 N2 N2 247 0.020 1
175 10 N4 N5 13 0.480 0
175 11 N4 N3 85 0.480 1
175 12 N4 N2 0 0.480 0
176 1 N3 N5 40 0.270 0
176 2 N3 N2 108 0.270 0
176 3 N3 N3 118 0.270 1
176 4 N5 N3 76 0.750 1
176 5 N5 N2 0 0.750 0
176 6 N5 N5 39 0.750 0
176 7 N2 N5 33 0.090 0
176 8 N2 N3 97 0.090 0
176 9 N2 N2 247 0.090 1
176 10 N4 N5 13 1.570 0
176 11 N4 N3 85 1.570 1
176 12 N4 N2 0 1.570 0
177 1 N3 N5 44 0.330 0
177 2 N3 N2 107 0.330 0
177 3 N3 N3 119 0.330 1
177 4 N5 N3 79 0.320 1
177 5 N5 N2 0 0.320 0
177 6 N5 N5 46 0.320 0
177 7 N2 N5 33 0.160 0
177 8 N2 N3 94 0.160 0
177 9 N2 N2 247 0.160 1
177 10 N4 N5 15 0.130 0
177 11 N4 N3 82 0.130 1
177 12 N4 N2 0 0.130 0
178 1 N3 N5 49 0.270 0
178 2 N3 N2 107 0.270 0
178 3 N3 N3 119 0.270 1
178 4 N5 N3 80 0.150 1
178 5 N5 N2 0 0.150 0
178 6 N5 N5 55 0.150 0
178 7 N2 N5 38 0.220 0
178 8 N2 N3 94 0.220 0
178 9 N2 N2 247 0.220 1
178 10 N4 N5 15 0.450 0
178 11 N4 N3 80 0.450 1
178 12 N4 N2 0 0.450 0
179 1 N3 N5 49 0.350 0
179 2 N3 N2 107 0.350 0
179 3 N3 N3 119 0.350 1
179 4 N5 N3 80 1.240 1
179 5 N5 N2 0 1.240 0
179 6 N5 N5 55 1.240 0
179 7 N2 N5 38 0.290 0
179 8 N2 N3 93 0.290 0
179 9 N2 N2 247 0.290 1
179 10 N4 N5 15 0.760 0
179 11 N4 N3 79 0.760 1
179 12 N4 N2 0 0.760 0
180 1 N3 N5 49 0.220 0
180 2 N3 N2 107 0.220 0
180 3 N3 N3 119 0.220 1
180 4 N5 N3 81 0.220 1
180 5 N5 N2 0 0.220 0
180 6 N5 N5 58 0.220 0
180 7 N2 N5 38 0.210 0
180 8 N2 N3 93 0.210 0
180 9 N2 N2 247 0.210 1
180 10 N4 N5 15 0.100 0
180 11 N4 N3 78 0.100 1
180 12 N4 N2 0 0.100 0
181 1 N3 N5 54 0.060 0
181 2 N3 N2 108 0.060 0
181 3 N3 N3 116 0.060 1
181 4 N5 N3 82 0.550 1
181 5 N5 N2 0 0.550 0
181 6 N5 N5 63 0.550 0
181 7 N2 N5 44 0.290 0
181 8 N2 N3 91 0.290 0
181 9 N2 N2 247 0.290 1
181 10 N4 N5 15 1.190 0
181 11 N4 N3 78 1.190 1
181 12 N4 N2 0 1.190 0
182 1 N3 N5 58 0.020 0
182 2 N3 N2 111 0.020 0
182 3 N3 N3 116 0.020 1
182 4 N5 N3 83 0.060 1
182 5 N5 N2 0 0.060 0
182 6 N5 N5 67 0.060 0
182 7 N2 N5 46 0.460 0
182 8 N2 N3 91 0.460 0
182 9 N2 N2 245 0.460 1
182 10 N4 N5 15 2.280 0
182 11 N4 N3 78 2.280 1
182 12 N4 N2 0 2.280 0
183 1 N3 N5 66 0.080 0
183 2 N3 N2 112 0.080 0
183 3 N3 N3 114 0.080 1
183 4 N5 N3 83 0.170 1
183 5 N5 N2 0 0.170 0
183 6 N5 N5 75 0.170 0
183 7 N2 N5 50 0.020 0
183 8 N2 N3 88 0.020 0
183 9 N2 N2 243 0.020 1
183 10 N4 N5 15 3.380 0
183 11 N4 N3 78 3.380 1
183 12 N4 N2 0 3.380 0
184 1 N3 N5 71 0.120 0
184 2 N3 N2 113 0.120 0
184 3 N3 N3 112 0.120 1
184 4 N5 N3 83 0.120 1
184 5 N5 N2 0 0.120 0
184 6 N5 N5 80 0.120 0
184 7 N2 N5 56 0.080 0
184 8 N2 N3 87 0.080 0
184 9 N2 N2 241 0.080 1
184 10 N4 N5 15 4.470 0
184 11 N4 N3 78 4.470 1
184 12 N4 N2 0 4.470 0
185 1 N3 N5 74 0.170 0
185 2 N3 N2 115 0.170 0
185 3 N3 N3 110 0.170 1
185 4 N5 N3 83 0.290 1
185 5 N5 N2 0 0.290 0
185 6 N5 N5 87 0.290 0
185 7 N2 N5 62 0.030 0
185 8 N2 N3 85 0.030 0
185 9 N2 N2 240 0.030 1
185 10 N4 N5 15 0.530 0
185 11 N4 N3 76 0.530 1
185 12 N4 N2 0 0.530 0
186 1 N3 N5 77 0.250 0
186 2 N3 N2 117 0.250 1
186 3 N3 N3 108 0.250 0
186 4 N5 N3 85 0.220 0
186 5 N5 N2 100 0.220 1
186 6 N5 N5 91 0.220 0
186 7 N2 N5 62 0.200 0
186 8 N2 N3 85 0.200 0
186 9 N2 N2 239 0.200 1
186 10 N4 N5 15 1.620 0
186 11 N4 N3 76 1.620 1
186 12 N4 N2 0 1.620 0
187 1 N3 N5 79 0.320 0
187 2 N3 N2 117 0.320 1
187 3 N3 N3 107 0.320 0
187 4 N5 N3 85 0.290 0
187 5 N5 N2 105 0.290 1
187 6 N5 N5 93 0.290 0
187 7 N2 N5 69 0.140 0
187 8 N2 N3 84 0.140 0
187 9 N2 N2 238 0.140 1
187 10 N4 N5 39 1.060 0
187 11 N4 N3 74 1.060 1
187 12 N4 N2 77 1.060 0
188 1 N3 N5 79 0.400 0
188 2 N3 N2 117 0.400 1
188 3 N3 N3 106 0.400 0
188 4 N5 N3 86 0.380 0
188 5 N5 N2 108 0.380 1
188 6 N5 N5 98 0.380 0
188 7 N2 N5 74 0.370 0
188 8 N2 N3 84 0.370 0
188 9 N2 N2 237 0.370 1
188 10 N4 N5 50 0.100 0
188 11 N4 N3 72 0.100 1
188 12 N4 N2 71 0.100 0
189 1 N3 N5 79 0.040 0
189 2 N3 N2 117 0.040 1
189 3 N3 N3 111 0.040 0
189 4 N5 N3 89 0.020 0
189 5 N5 N2 108 0.020 1
189 6 N5 N5 101 0.020 0
189 7 N2 N5 81 0.320 0
189 8 N2 N3 85 0.320 0
189 9 N2 N2 237 0.320 1
189 10 N4 N5 51 0.240 0
189 11 N4 N3 73 0.240 1
189 12 N4 N2 71 0.240 0
190 1 N3 N5 80 0.490 0
190 2 N3 N2 117 0.490 1
190 3 N3 N3 111 0.490 0
190 4 N5 N3 89 0.060 0
190 5 N5 N2 110 0.060 1
190 6 N5 N5 106 0.060 0
190 7 N2 N5 86 0.380 0
190 8 N2 N3 86 0.380 0
190 9 N2 N2 237 0.380 1
190 10 N4 N5 51 1.320 0
190 11 N4 N3 73 1.320 1
190 12 N4 N2 71 1.320 0
191 1 N3 N5 80 0.590 0
191 2 N3 N2 117 0.590 1
191 3 N3 N3 111 0.590 0
191 4 N5 N3 89 0.030 0
191 5 N5 N2 114 0.030 1
191 6 N5 N5 111 0.030 0
191 7 N2 N5 92 0.070 0
191 8 N2 N3 88 0.070 0
191 9 N2 N2 239 0.070 1
191 10 N4 N5 51 2.420 0
191 11 N4 N3 73 2.420 1
191 12 N4 N2 71 2.420 0
192 1 N3 N5 79 0.100 0
192 2 N3 N2 117 0.100 1
192 3 N3 N3 116 0.100 0
192 4 N5 N3 95 0.120 0
192 5 N5 N2 118 0.120 1
192 6 N5 N5 116 0.120 0
192 7 N2 N5 96 0.020 0
192 8 N2 N3 88 0.020 0
192 9 N2 N2 240 0.020 1
192 10 N4 N5 53 0.830 0
192 11 N4 N3 74 0.830 1
192 12 N4 N2 73 0.830 0
193 1 N3 N5 80 0.180 0
193 2 N3 N2 119 0.180 1
193 3 N3 N3 122 0.180 0
193 4 N5 N3 106 0.180 0
193 5 N5 N2 120 0.180 1
193 6 N5 N5 120 0.180 0
193 7 N2 N5 98 0.170 0
193 8 N2 N3 92 0.170 0
193 9 N2 N2 239 0.170 1
193 10 N4 N5 55 0.010 0
193 11 N4 N3 81 0.010 1
193 12 N4 N2 75 0.010 0
194 1 N3 N5 80 0.770 0
194 2 N3 N2 120 0.770 1
194 3 N3 N3 126 0.770 0
194 4 N5 N3 106 0.240 0
194 5 N5 N2 123 0.240 1
194 6 N5 N5 122 0.240 0
194 7 N2 N5 98 0.150 0
194 8 N2 N3 92 0.150 0
194 9 N2 N2 239 0.150 1
194 10 N4 N5 55 1.100 0
194 11 N4 N3 81 1.100 1
194 12 N4 N2 75 1.100 0
195 1 N3 N5 89 0.300 0
195 2 N3 N2 123 0.300 1
195 3 N3 N3 128 0.300 0
195 4 N5 N3 106 0.220 0
195 5 N5 N2 126 0.220 1
195 6 N5 N5 126 0.220 0
195 7 N2 N5 99 0.220 0
195 8 N2 N3 93 0.220 0
195 9 N2 N2 238 0.220 1
195 10 N4 N5 58 0.820 0
195 11 N4 N3 83 0.820 1
195 12 N4 N2 76 0.820 0
196 1 N3 N5 95 0.380 0
196 2 N3 N2 125 0.380 0
196 3 N3 N3 137 0.380 1
196 4 N5 N3 106 0.360 0
196 5 N5 N2 128 0.360 1
196 6 N5 N5 130 0.360 0
196 7 N2 N5 100 0.290 0
196 8 N2 N3 95 0.290 0
196 9 N2 N2 238 0.290 1
196 10 N4 N5 61 0.270 0
196 11 N4 N3 89 0.270 1
196 12 N4 N2 78 0.270 0
197 1 N3 N5 105 0.480 0
197 2 N3 N2 125 0.480 0
197 3 N3 N3 141 0.480 1
197 4 N5 N3 108 0.040 0
197 5 N5 N2 132 0.040 1
197 6 N5 N5 132 0.040 0
197 7 N2 N5 102 0.350 0
197 8 N2 N3 96 0.350 0
197 9 N2 N2 237 0.350 1
197 10 N4 N5 61 0.650 0
197 11 N4 N3 92 0.650 1
197 12 N4 N2 79 0.650 0
198 1 N3 N5 112 0.050 0
198 2 N3 N2 121 0.050 0
198 3 N3 N3 149 0.050 1
198 4 N5 N3 107 0.100 0
198 5 N5 N2 137 0.100 1
198 6 N5 N5 134 0.100 0
198 7 N2 N5 106 0.390 0
198 8 N2 N3 96 0.390 0
198 9 N2 N2 236 0.390 1
198 10 N4 N5 61 1.740 0
198 11 N4 N3 92 1.740 1
198 12 N4 N2 79 1.740 0
199 1 N3 N5 114 0.080 0
199 2 N3 N2 119 0.080 0
199 3 N3 N3 154 0.080 1
199 4 N5 N3 108 0.030 0
199 5 N5 N2 142 0.030 1
199 6 N5 N5 136 0.030 0
199 7 N2 N5 113 0.080 0
199 8 N2 N3 109 0.080 0
199 9 N2 N2 234 0.080 1
199 10 N4 N5 61 2.840 0
199 11 N4 N3 92 2.840 1
199 12 N4 N2 79 2.840 0
200 1 N3 N5 115 0.250 0
200 2 N3 N2 117 0.250 0
200 3 N3 N3 156 0.250 1
200 4 N5 N3 108 0.090 0
200 5 N5 N2 148 0.090 1
200 6 N5 N5 140 0.090 0
200 7 N2 N5 116 0.090 0
200 8 N2 N3 109 0.090 0
200 9 N2 N2 233 0.090 1
200 10 N4 N5 64 0.640 0
200 11 N4 N3 93 0.640 1
200 12 N4 N2 79 0.640 0
201 1 N3 N5 116 0.220 0
201 2 N3 N2 114 0.220 0
201 3 N3 N3 158 0.220 1
201 4 N5 N3 110 0.150 0
201 5 N5 N2 153 0.150 1
201 6 N5 N5 144 0.150 0
201 7 N2 N5 121 0.060 0
201 8 N2 N3 115 0.060 0
201 9 N2 N2 233 0.060 1
201 10 N4 N5 64 0.580 0
201 11 N4 N3 94 0.580 1
201 12 N4 N2 81 0.580 0
202 1 N3 N5 116 0.790 0
202 2 N3 N2 113 0.790 0
202 3 N3 N3 158 0.790 1
202 4 N5 N3 106 0.240 0
202 5 N5 N2 160 0.240 1
202 6 N5 N5 148 0.240 0
202 7 N2 N5 123 0.150 0
202 8 N2 N3 115 0.150 0
202 9 N2 N2 233 0.150 1
202 10 N4 N5 64 1.690 0
202 11 N4 N3 94 1.690 1
202 12 N4 N2 81 1.690 0
203 1 N3 N5 120 0.320 0
203 2 N3 N2 114 0.320 0
203 3 N3 N3 159 0.320 1
203 4 N5 N3 105 0.310 0
203 5 N5 N2 167 0.310 1
203 6 N5 N5 153 0.310 0
203 7 N2 N5 128 0.180 0
203 8 N2 N3 122 0.180 0
203 9 N2 N2 233 0.180 1
203 10 N4 N5 66 0.860 0
203 11 N4 N3 95 0.860 1
203 12 N4 N2 81 0.860 0
204 1 N3 N5 122 0.880 0
204 2 N3 N2 114 0.880 0
204 3 N3 N3 159 0.880 1
204 4 N5 N3 102 0.390 0
204 5 N5 N2 174 0.390 1
204 6 N5 N5 159 0.390 0
204 7 N2 N5 129 0.260 0
204 8 N2 N3 117 0.260 0
204 9 N2 N2 233 0.260 1
204 10 N4 N5 66 1.950 0
204 11 N4 N3 95 1.950 1
204 12 N4 N2 81 1.950 0
205 1 N3 N5 124 0.040 0
205 2 N3 N2 119 0.040 0
205 3 N3 N3 160 0.040 1
205 4 N5 N3 102 0.040 0
205 5 N5 N2 178 0.040 1
205 6 N5 N5 165 0.040 0
205 7 N2 N5 132 0.330 0
205 8 N2 N3 115 0.330 0
205 9 N2 N2 233 0.330 1
205 10 N4 N5 66 0.140 0
205 11 N4 N3 96 0.140 1
205 12 N4 N2 80 0.140 0
206 1 N3 N5 124 1.140 0
206 2 N3 N2 119 1.140 0
206 3 N3 N3 160 1.140 1
206 4 N5 N3 102 0.100 0
206 5 N5 N2 181 0.100 1
206 6 N5 N5 168 0.100 0
206 7 N2 N5 135 0.390 0
206 8 N2 N3 112 0.390 0
206 9 N2 N2 233 0.390 1
206 10 N4 N5 68 0.840 0
206 11 N4 N3 104 0.840 1
206 12 N4 N2 80 0.840 0
207 1 N3 N5 126 0.080 0
207 2 N3 N2 121 0.080 0
207 3 N3 N3 159 0.080 1
207 4 N5 N3 102 0.070 0
207 5 N5 N2 183 0.070 1
207 6 N5 N5 171 0.070 0
207 7 N2 N5 135 0.100 0
207 8 N2 N3 111 0.100 0
207 9 N2 N2 231 0.100 1
207 10 N4 N5 70 0.410 0
207 11 N4 N3 106 0.410 1
207 12 N4 N2 80 0.410 0
208 1 N3 N5 126 0.030 0
208 2 N3 N2 121 0.030 0
208 3 N3 N3 160 0.030 1
208 4 N5 N3 101 0.160 0
208 5 N5 N2 183 0.160 1
208 6 N5 N5 174 0.160 0
208 7 N2 N5 134 0.080 0
208 8 N2 N3 112 0.080 0
208 9 N2 N2 230 0.080 1
208 10 N4 N5 70 0.970 0
208 11 N4 N3 108 0.970 1
208 12 N4 N2 80 0.970 0
209 1 N3 N5 127 0.830 0
209 2 N3 N2 123 0.830 0
209 3 N3 N3 161 0.830 1
209 4 N5 N3 104 0.200 0
209 5 N5 N2 182 0.200 1
209 6 N5 N5 177 0.200 0
209 7 N2 N5 137 0.170 0
209 8 N2 N3 115 0.170 0
209 9 N2 N2 228 0.170 1
209 10 N4 N5 70 0.430 0
209 11 N4 N3 108 0.430 1
209 12 N4 N2 84 0.430 0
210 1 N3 N5 128 0.090 0
210 2 N3 N2 124 0.090 0
210 3 N3 N3 161 0.090 1
210 4 N5 N3 104 0.180 0
210 5 N5 N2 181 0.180 1
210 6 N5 N5 179 0.180 0
210 7 N2 N5 141 0.250 0
210 8 N2 N3 115 0.250 0
210 9 N2 N2 227 0.250 1
210 10 N4 N5 70 1.530 0
210 11 N4 N3 108 1.530 1
210 12 N4 N2 84 1.530 0
211 1 N3 N5 128 1.170 0
211 2 N3 N2 124 1.170 0
211 3 N3 N3 161 1.170 1
211 4 N5 N3 103 0.230 0
211 5 N5 N2 179 0.230 1
211 6 N5 N5 181 0.230 0
211 7 N2 N5 144 0.220 0
211 8 N2 N3 113 0.220 0
211 9 N2 N2 226 0.220 1
211 10 N4 N5 70 0.920 0
211 11 N4 N3 109 0.920 1
211 12 N4 N2 87 0.920 0
212 1 N3 N5 127 0.460 0
212 2 N3 N2 125 0.460 0
212 3 N3 N3 161 0.460 1
212 4 N5 N3 101 0.210 0
212 5 N5 N2 178 0.210 1
212 6 N5 N5 182 0.210 0
212 7 N2 N5 147 0.000 0
212 8 N2 N3 113 0.000 0
212 9 N2 N2 225 0.000 1
212 10 N4 N5 70 2.010 0
212 11 N4 N3 109 2.010 1
212 12 N4 N2 87 2.010 0
213 1 N3 N5 126 0.310 0
213 2 N3 N2 127 0.310 0
213 3 N3 N3 162 0.310 1
213 4 N5 N3 101 1.300 0
213 5 N5 N2 178 1.300 1
213 6 N5 N5 182 1.300 0
213 7 N2 N5 147 0.050 0
213 8 N2 N3 113 0.050 0
213 9 N2 N2 225 0.050 1
213 10 N4 N5 70 3.100 0
213 11 N4 N3 109 3.100 1
213 12 N4 N2 87 3.100 0
214 1 N3 N5 126 0.710 0
214 2 N3 N2 125 0.710 0
214 3 N3 N3 162 0.710 1
214 4 N5 N3 97 0.290 0
214 5 N5 N2 176 0.290 1
214 6 N5 N5 184 0.290 0
214 7 N2 N5 149 0.130 0
214 8 N2 N3 110 0.130 0
214 9 N2 N2 224 0.130 1
214 10 N4 N5 70 4.200 0
214 11 N4 N3 109 4.200 1
214 12 N4 N2 87 4.200 0
215 1 N3 N5 127 0.260 0
215 2 N3 N2 125 0.260 0
215 3 N3 N3 163 0.260 1
215 4 N5 N3 94 0.280 0
215 5 N5 N2 175 0.280 0
215 6 N5 N5 186 0.280 1
215 7 N2 N5 155 0.190 0
215 8 N2 N3 107 0.190 0
215 9 N2 N2 224 0.190 1
215 10 N4 N5 72 0.190 0
215 11 N4 N3 108 0.190 1
215 12 N4 N2 81 0.190 0
216 1 N3 N5 128 0.110 0
216 2 N3 N2 124 0.110 0
216 3 N3 N3 163 0.110 1
216 4 N5 N3 89 0.170 0
216 5 N5 N2 174 0.170 0
216 6 N5 N5 189 0.170 1
216 7 N2 N5 157 0.140 0
216 8 N2 N3 107 0.140 0
216 9 N2 N2 225 0.140 1
216 10 N4 N5 72 0.490 0
216 11 N4 N3 108 0.490 1
216 12 N4 N2 81 0.490 0
217 1 N3 N5 130 0.160 0
217 2 N3 N2 121 0.160 0
217 3 N3 N3 163 0.160 1
217 4 N5 N3 81 0.250 0
217 5 N5 N2 175 0.250 0
217 6 N5 N5 192 0.250 1
217 7 N2 N5 160 0.190 0
217 8 N2 N3 106 0.190 0
217 9 N2 N2 225 0.190 1
217 10 N4 N5 72 1.590 0
217 11 N4 N3 108 1.590 1
217 12 N4 N2 81 1.590 0
218 1 N3 N5 130 1.250 0
218 2 N3 N2 121 1.250 0
218 3 N3 N3 163 1.250 1
218 4 N5 N3 76 0.430 0
218 5 N5 N2 177 0.430 0
218 6 N5 N5 194 0.430 1
218 7 N2 N5 163 0.270 0
218 8 N2 N3 106 0.270 0
218 9 N2 N2 225 0.270 1
218 10 N4 N5 72 2.680 0
218 11 N4 N3 108 2.680 1
218 12 N4 N2 81 2.680 0
219 1 N3 N5 131 0.690 0
219 2 N3 N2 122 0.690 0
219 3 N3 N3 161 0.690 1
219 4 N5 N3 76 0.100 0
219 5 N5 N2 179 0.100 0
219 6 N5 N5 195 0.100 1
219 7 N2 N5 164 0.100 0
219 8 N2 N3 106 0.100 0
219 9 N2 N2 226 0.100 1
219 10 N4 N5 0 0.690 0
219 11 N4 N3 107 0.690 1
219 12 N4 N2 81 0.690 0
220 1 N3 N5 132 0.630 0
220 2 N3 N2 119 0.630 0
220 3 N3 N3 161 0.630 1
220 4 N5 N3 79 0.240 0
220 5 N5 N2 182 0.240 0
220 6 N5 N5 198 0.240 1
220 7 N2 N5 166 0.040 0
220 8 N2 N3 108 0.040 0
220 9 N2 N2 226 0.040 1
220 10 N4 N5 0 0.770 0
220 11 N4 N3 107 0.770 1
220 12 N4 N2 81 0.770 0
221 1 N3 N5 132 1.720 0
221 2 N3 N2 119 1.720 0
221 3 N3 N3 161 1.720 1
221 4 N5 N3 83 0.270 0
221 5 N5 N2 184 0.270 0
221 6 N5 N5 201 0.270 1
221 7 N2 N5 167 0.090 0
221 8 N2 N3 108 0.090 0
221 9 N2 N2 227 0.090 1
221 10 N4 N5 0 0.330 0
221 11 N4 N3 106 0.330 1
221 12 N4 N2 81 0.330 0
222 1 N3 N5 132 0.280 0
222 2 N3 N2 118 0.280 0
222 3 N3 N3 160 0.280 1
222 4 N5 N3 86 0.070 0
222 5 N5 N2 183 0.070 0
222 6 N5 N5 206 0.070 1
222 7 N2 N5 170 0.050 0
222 8 N2 N3 108 0.050 0
222 9 N2 N2 226 0.050 1
222 10 N4 N5 0 1.420 0
222 11 N4 N3 106 1.420 1
222 12 N4 N2 81 1.420 0
223 1 N3 N5 132 1.370 0
223 2 N3 N2 118 1.370 0
223 3 N3 N3 160 1.370 1
223 4 N5 N3 90 0.200 0
223 5 N5 N2 183 0.200 0
223 6 N5 N5 208 0.200 1
223 7 N2 N5 171 0.220 0
223 8 N2 N3 109 0.220 0
223 9 N2 N2 227 0.220 1
223 10 N4 N5 0 2.510 0
223 11 N4 N3 106 2.510 1
223 12 N4 N2 81 2.510 0
224 1 N3 N5 132 0.450 0
224 2 N3 N2 118 0.450 0
224 3 N3 N3 158 0.450 1
224 4 N5 N3 90 0.120 0
224 5 N5 N2 181 0.120 0
224 6 N5 N5 214 0.120 1
224 7 N2 N5 175 0.150 0
224 8 N2 N3 114 0.150 0
224 9 N2 N2 228 0.150 1
224 10 N4 N5 0 0.600 0
224 11 N4 N3 107 0.600 1
224 12 N4 N2 81 0.600 0
225 1 N3 N5 132 0.510 0
225 2 N3 N2 118 0.510 0
225 3 N3 N3 157 0.510 1
225 4 N5 N3 90 0.160 0
225 5 N5 N2 181 0.160 0
225 6 N5 N5 218 0.160 1
225 7 N2 N5 185 0.070 0
225 8 N2 N3 113 0.070 0
225 9 N2 N2 229 0.070 1
225 10 N4 N5 0 1.690 0
225 11 N4 N3 107 1.690 1
225 12 N4 N2 81 1.690 0
226 1 N3 N5 132 0.440 0
226 2 N3 N2 123 0.440 0
226 3 N3 N3 156 0.440 1
226 4 N5 N3 91 0.270 0
226 5 N5 N2 180 0.270 0
226 6 N5 N5 222 0.270 1
226 7 N2 N5 191 0.200 0
226 8 N2 N3 113 0.200 0
226 9 N2 N2 230 0.200 1
226 10 N4 N5 0 2.780 0
226 11 N4 N3 107 2.780 1
226 12 N4 N2 81 2.780 0
227 1 N3 N5 113 0.010 0
227 2 N3 N2 130 0.010 0
227 3 N3 N3 153 0.010 1
227 4 N5 N3 88 0.140 0
227 5 N5 N2 179 0.140 0
227 6 N5 N5 227 0.140 1
227 7 N2 N5 196 0.340 0
227 8 N2 N3 113 0.340 0
227 9 N2 N2 231 0.340 1
227 10 N4 N5 0 3.870 0
227 11 N4 N3 107 3.870 1
227 12 N4 N2 81 3.870 0
228 1 N3 N5 99 0.070 0
228 2 N3 N2 135 0.070 0
228 3 N3 N3 153 0.070 1
228 4 N5 N3 84 0.280 0
228 5 N5 N2 180 0.280 0
228 6 N5 N5 231 0.280 1
228 7 N2 N5 199 0.010 0
228 8 N2 N3 113 0.010 0
228 9 N2 N2 233 0.010 1
228 10 N4 N5 0 4.960 0
228 11 N4 N3 107 4.960 1
228 12 N4 N2 81 4.960 0
229 1 N3 N5 99 0.650 0
229 2 N3 N2 138 0.650 0
229 3 N3 N3 154 0.650 1
229 4 N5 N3 84 0.040 0
229 5 N5 N2 181 0.040 0
229 6 N5 N5 236 0.040 1
229 7 N2 N5 200 0.090 0
229 8 N2 N3 113 0.090 0
229 9 N2 N2 234 0.090 1
229 10 N4 N5 0 0.940 0
229 11 N4 N3 108 0.940 1
229 12 N4 N2 81 0.940 0
230 1 N3 N5 95 0.100 0
230 2 N3 N2 137 0.100 0
230 3 N3 N3 152 0.100 1
230 4 N5 N3 86 0.100 0
230 5 N5 N2 180 0.100 0
230 6 N5 N5 238 0.100 1
230 7 N2 N5 201 0.120 0
230 8 N2 N3 113 0.120 0
230 9 N2 N2 236 0.120 1
230 10 N4 N5 0 0.460 0
230 11 N4 N3 111 0.460 1
230 12 N4 N2 81 0.460 0
231 1 N3 N5 97 0.260 0
231 2 N3 N2 137 0.260 0
231 3 N3 N3 155 0.260 1
231 4 N5 N3 86 0.070 0
231 5 N5 N2 179 0.070 0
231 6 N5 N5 240 0.070 1
231 7 N2 N5 200 0.200 0
231 8 N2 N3 117 0.200 0
231 9 N2 N2 236 0.200 1
231 10 N4 N5 0 1.570 0
231 11 N4 N3 111 1.570 1
231 12 N4 N2 81 1.570 0
232 1 N3 N5 97 0.830 0
232 2 N3 N2 137 0.830 0
232 3 N3 N3 155 0.830 1
232 4 N5 N3 86 0.280 0
232 5 N5 N2 177 0.280 0
232 6 N5 N5 241 0.280 1
232 7 N2 N5 199 0.250 0
232 8 N2 N3 120 0.250 0
232 9 N2 N2 237 0.250 1
232 10 N4 N5 0 0.090 0
232 11 N4 N3 113 0.090 1
232 12 N4 N2 81 0.090 0
233 1 N3 N5 103 0.240 0
233 2 N3 N2 138 0.240 0
233 3 N3 N3 156 0.240 1
233 4 N5 N3 88 0.350 0
233 5 N5 N2 178 0.350 0
233 6 N5 N5 242 0.350 1
233 7 N2 N5 199 0.200 0
233 8 N2 N3 124 0.200 0
233 9 N2 N2 238 0.200 1
233 10 N4 N5 0 0.150 0
233 11 N4 N3 114 0.150 1
233 12 N4 N2 76 0.150 0
234 1 N3 N5 111 0.320 0
234 2 N3 N2 137 0.320 0
234 3 N3 N3 156 0.320 1
234 4 N5 N3 91 0.440 0
234 5 N5 N2 178 0.440 0
234 6 N5 N5 242 0.440 1
234 7 N2 N5 199 0.270 0
234 8 N2 N3 124 0.270 0
234 9 N2 N2 239 0.270 1
234 10 N4 N5 0 1.250 0
234 11 N4 N3 114 1.250 1
234 12 N4 N2 76 1.250 0
235 1 N3 N5 116 0.420 0
235 2 N3 N2 138 0.420 0
235 3 N3 N3 160 0.420 1
235 4 N5 N3 93 0.310 0
235 5 N5 N2 180 0.310 0
235 6 N5 N5 242 0.310 1
235 7 N2 N5 200 0.370 0
235 8 N2 N3 124 0.370 0
235 9 N2 N2 239 0.370 1
235 10 N4 N5 0 0.340 0
235 11 N4 N3 115 0.340 1
235 12 N4 N2 64 0.340 0
236 1 N3 N5 117 0.040 0
236 2 N3 N2 140 0.040 0
236 3 N3 N3 171 0.040 1
236 4 N5 N3 92 0.460 0
236 5 N5 N2 181 0.460 0
236 6 N5 N5 243 0.460 1
236 7 N2 N5 201 0.060 0
236 8 N2 N3 123 0.060 0
236 9 N2 N2 239 0.060 1
236 10 N4 N5 0 1.430 0
236 11 N4 N3 115 1.430 1
236 12 N4 N2 64 1.430 0
237 1 N3 N5 118 0.120 0
237 2 N3 N2 141 0.120 0
237 3 N3 N3 175 0.120 1
237 4 N5 N3 92 0.040 0
237 5 N5 N2 181 0.040 0
237 6 N5 N5 244 0.040 1
237 7 N2 N5 203 0.010 0
237 8 N2 N3 123 0.010 0
237 9 N2 N2 241 0.010 1
237 10 N4 N5 0 2.520 0
237 11 N4 N3 115 2.520 1
237 12 N4 N2 64 2.520 0
238 1 N3 N5 118 0.690 0
238 2 N3 N2 141 0.690 0
238 3 N3 N3 176 0.690 1
238 4 N5 N3 90 0.090 0
238 5 N5 N2 182 0.090 0
238 6 N5 N5 246 0.090 1
238 7 N2 N5 203 0.200 0
238 8 N2 N3 122 0.200 0
238 9 N2 N2 242 0.200 1
238 10 N4 N5 0 0.500 0
238 11 N4 N3 116 0.500 1
238 12 N4 N2 64 0.500 0
239 1 N3 N5 119 0.230 0
239 2 N3 N2 142 0.230 0
239 3 N3 N3 176 0.230 1
239 4 N5 N3 86 0.080 0
239 5 N5 N2 182 0.080 0
239 6 N5 N5 248 0.080 1
239 7 N2 N5 204 0.260 0
239 8 N2 N3 122 0.260 0
239 9 N2 N2 243 0.260 1
239 10 N4 N5 0 0.580 0
239 11 N4 N3 117 0.580 1
239 12 N4 N2 64 0.580 0
240 1 N3 N5 119 0.230 0
240 2 N3 N2 144 0.230 0
240 3 N3 N3 176 0.230 1
240 4 N5 N3 85 0.100 0
240 5 N5 N2 182 0.100 0
240 6 N5 N5 249 0.100 1
240 7 N2 N5 206 0.200 0
240 8 N2 N3 122 0.200 0
240 9 N2 N2 244 0.200 1
240 10 N4 N5 0 1.670 0
240 11 N4 N3 117 1.670 1
240 12 N4 N2 64 1.670 0
241 1 N3 N5 119 0.360 0
241 2 N3 N2 146 0.360 0
241 3 N3 N3 175 0.360 1
241 4 N5 N3 85 1.200 0
241 5 N5 N2 182 1.200 0
241 6 N5 N5 249 1.200 1
241 7 N2 N5 206 0.360 0
241 8 N2 N3 122 0.360 0
241 9 N2 N2 246 0.360 1
241 10 N4 N5 0 2.770 0
241 11 N4 N3 117 2.770 1
241 12 N4 N2 64 2.770 0
242 1 N3 N5 119 0.950 0
242 2 N3 N2 146 0.950 0
242 3 N3 N3 175 0.950 1
242 4 N5 N3 83 0.270 0
242 5 N5 N2 183 0.270 0
242 6 N5 N5 252 0.270 1
242 7 N2 N5 206 0.300 0
242 8 N2 N3 121 0.300 0
242 9 N2 N2 247 0.300 1
242 10 N4 N5 0 0.780 0
242 11 N4 N3 120 0.780 1
242 12 N4 N2 64 0.780 0
243 1 N3 N5 120 0.470 0
243 2 N3 N2 146 0.470 0
243 3 N3 N3 177 0.470 1
243 4 N5 N3 80 0.440 0
243 5 N5 N2 184 0.440 0
243 6 N5 N5 253 0.440 1
243 7 N2 N5 207 0.350 0
243 8 N2 N3 119 0.350 0
243 9 N2 N2 248 0.350 1
243 10 N4 N5 0 0.350 0
243 11 N4 N3 124 0.350 1
243 12 N4 N2 0 0.350 0
244 1 N3 N5 123 0.110 0
244 2 N3 N2 147 0.110 0
244 3 N3 N3 178 0.110 1
244 4 N5 N3 86 0.240 0
244 5 N5 N2 185 0.240 0
244 6 N5 N5 254 0.240 1
244 7 N2 N5 206 0.000 0
244 8 N2 N3 122 0.000 0
244 9 N2 N2 251 0.000 1
244 10 N4 N5 0 0.430 0
244 11 N4 N3 127 0.430 1
244 12 N4 N2 0 0.430 0
245 1 N3 N5 123 0.590 0
245 2 N3 N2 149 0.590 0
245 3 N3 N3 178 0.590 1
245 4 N5 N3 95 0.050 0
245 5 N5 N2 187 0.050 0
245 6 N5 N5 255 0.050 1
245 7 N2 N5 205 0.100 0
245 8 N2 N3 124 0.100 0
245 9 N2 N2 251 0.100 1
245 10 N4 N5 0 1.540 0
245 11 N4 N3 127 1.540 1
245 12 N4 N2 0 1.540 0
246 1 N3 N5 125 0.220 0
246 2 N3 N2 151 0.220 0
246 3 N3 N3 178 0.220 1
246 4 N5 N3 101 0.080 0
246 5 N5 N2 194 0.080 0
246 6 N5 N5 255 0.080 1
246 7 N2 N5 200 0.170 0
246 8 N2 N3 121 0.170 0
246 9 N2 N2 251 0.170 1
246 10 N4 N5 0 0.170 0
246 11 N4 N3 131 0.170 1
246 12 N4 N2 0 0.170 0
247 1 N3 N5 0 0.250 0
247 2 N3 N2 152 0.250 0
247 3 N3 N3 177 0.250 1
247 4 N5 N3 100 0.030 0
247 5 N5 N2 196 0.030 0
247 6 N5 N5 255 0.030 1
247 7 N2 N5 199 0.370 0
247 8 N2 N3 121 0.370 0
247 9 N2 N2 251 0.370 1
247 10 N4 N5 0 0.750 0
247 11 N4 N3 134 0.750 1
247 12 N4 N2 0 0.750 0
248 1 N3 N5 0 0.310 0
248 2 N3 N2 151 0.310 0
248 3 N3 N3 177 0.310 1
248 4 N5 N3 99 0.080 0
248 5 N5 N2 192 0.080 0
248 6 N5 N5 255 0.080 1
248 7 N2 N5 196 0.330 0
248 8 N2 N3 124 0.330 0
248 9 N2 N2 249 0.330 1
248 10 N4 N5 0 0.830 0
248 11 N4 N3 137 0.830 1
248 12 N4 N2 0 0.830 0
249 1 N3 N5 0 0.340 0
249 2 N3 N2 150 0.340 0
249 3 N3 N3 177 0.340 1
249 4 N5 N3 99 0.160 0
249 5 N5 N2 188 0.160 0
249 6 N5 N5 255 0.160 1
249 7 N2 N5 195 0.350 0
249 8 N2 N3 124 0.350 0
249 9 N2 N2 247 0.350 1
249 10 N4 N5 0 1.910 0
249 11 N4 N3 137 1.910 1
249 12 N4 N2 0 1.910 0
250 1 N3 N5 0 0.050 0
250 2 N3 N2 147 0.050 0
250 3 N3 N3 173 0.050 1
250 4 N5 N3 97 0.000 0
250 5 N5 N2 184 0.000 0
250 6 N5 N5 255 0.000 1
250 7 N2 N5 197 0.030 0
250 8 N2 N3 122 0.030 0
250 9 N2 N2 245 0.030 1
250 10 N4 N5 0 0.990 0
250 11 N4 N3 140 0.990 1
250 12 N4 N2 0 0.990 0
251 1 N3 N5 0 0.020 0
251 2 N3 N2 145 0.020 0
251 3 N3 N3 172 0.020 1
251 4 N5 N3 95 0.090 0
251 5 N5 N2 181 0.090 0
251 6 N5 N5 255 0.090 1
251 7 N2 N5 200 0.000 0
251 8 N2 N3 116 0.000 0
251 9 N2 N2 243 0.000 1
251 10 N4 N5 0 2.090 0
251 11 N4 N3 140 2.090 1
251 12 N4 N2 0 2.090 0
252 1 N3 N5 0 0.080 0
252 2 N3 N2 144 0.080 0
252 3 N3 N3 170 0.080 1
252 4 N5 N3 92 0.050 0
252 5 N5 N2 181 0.050 0
252 6 N5 N5 255 0.050 1
252 7 N2 N5 201 0.090 0
252 8 N2 N3 114 0.090 0
252 9 N2 N2 242 0.090 1
252 10 N4 N5 0 3.190 0
252 11 N4 N3 140 3.190 1
252 12 N4 N2 0 3.190 0
253 1 N3 N5 0 0.140 0
253 2 N3 N2 142 0.140 0
253 3 N3 N3 167 0.140 1
253 4 N5 N3 91 0.030 0
253 5 N5 N2 183 0.030 0
253 6 N5 N5 255 0.030 1
253 7 N2 N5 199 0.170 0
253 8 N2 N3 111 0.170 0
253 9 N2 N2 241 0.170 1
253 10 N4 N5 0 4.280 0
253 11 N4 N3 140 4.280 1
253 12 N4 N2 0 4.280 0
254 1 N3 N5 0 0.220 0
254 2 N3 N2 143 0.220 0
254 3 N3 N3 167 0.220 1
254 4 N5 N3 88 0.220 0
254 5 N5 N2 184 0.220 0
254 6 N5 N5 255 0.220 1
254 7 N2 N5 197 0.220 0
254 8 N2 N3 109 0.220 0
254 9 N2 N2 240 0.220 1
254 10 N4 N5 0 0.740 0
254 11 N4 N3 141 0.740 1
254 12 N4 N2 0 0.740 0
255 1 N3 N5 0 1.310 0
255 2 N3 N2 143 1.310 0
255 3 N3 N3 167 1.310 1
255 4 N5 N3 86 0.410 0
255 5 N5 N2 184 0.410 0
255 6 N5 N5 255 0.410 1
255 7 N2 N5 196 0.810 0
255 8 N2 N3 109 0.810 0
255 9 N2 N2 239 0.810 1
255 10 N4 N5 0 1.830 0
255 11 N4 N3 141 1.830 1
255 12 N4 N2 0 1.830 0
256 1 N3 N5 0 2.400 0
256 2 N3 N2 143 2.400 0
256 3 N3 N3 167 2.400 1
256 4 N5 N3 86 0.850 0
256 5 N5 N2 183 0.850 0
256 6 N5 N5 255 0.850 1
256 7 N2 N5 194 0.370 0
256 8 N2 N3 109 0.370 0
256 9 N2 N2 238 0.370 1
256 10 N4 N5 0 2.920 0
256 11 N4 N3 141 2.920 1
256 12 N4 N2 0 2.920 0
257 1 N3 N5 0 0.420 0
257 2 N3 N2 144 0.420 0
257 3 N3 N3 163 0.420 1
257 4 N5 N3 80 0.060 0
257 5 N5 N2 184 0.060 0
257 6 N5 N5 255 0.060 1
257 7 N2 N5 188 0.510 0
257 8 N2 N3 109 0.510 0
257 9 N2 N2 237 0.510 1
257 10 N4 N5 0 0.470 0
257 11 N4 N3 141 0.470 1
257 12 N4 N2 0 0.470 0
258 1 N3 N5 0 0.110 0
258 2 N3 N2 144 0.110 0
258 3 N3 N3 159 0.110 1
258 4 N5 N3 80 0.120 0
258 5 N5 N2 184 0.120 0
258 6 N5 N5 255 0.120 1
258 7 N2 N5 185 0.030 0
258 8 N2 N3 101 0.030 0
258 9 N2 N2 237 0.030 1
258 10 N4 N5 0 0.500 0
258 11 N4 N3 140 0.500 1
258 12 N4 N2 0 0.500 0
259 1 N3 N5 0 0.080 0
259 2 N3 N2 148 0.080 0
259 3 N3 N3 159 0.080 1
259 4 N5 N3 71 0.090 0
259 5 N5 N2 181 0.090 0
259 6 N5 N5 255 0.090 1
259 7 N2 N5 182 0.100 0
259 8 N2 N3 97 0.100 0
259 9 N2 N2 236 0.100 1
259 10 N4 N5 0 1.610 0
259 11 N4 N3 140 1.610 1
259 12 N4 N2 0 1.610 0
260 1 N3 N5 0 0.660 0
260 2 N3 N2 148 0.660 0
260 3 N3 N3 157 0.660 1
260 4 N5 N3 61 0.050 0
260 5 N5 N2 178 0.050 0
260 6 N5 N5 255 0.050 1
260 7 N2 N5 180 0.170 0
260 8 N2 N3 79 0.170 0
260 9 N2 N2 235 0.170 1
260 10 N4 N5 0 0.660 0
260 11 N4 N3 138 0.660 1
260 12 N4 N2 0 0.660 0
261 1 N3 N5 0 0.240 0
261 2 N3 N2 149 0.240 0
261 3 N3 N3 150 0.240 1
261 4 N5 N3 61 0.230 0
261 5 N5 N2 179 0.230 0
261 6 N5 N5 255 0.230 1
261 7 N2 N5 179 0.250 0
261 8 N2 N3 79 0.250 0
261 9 N2 N2 234 0.250 1
261 10 N4 N5 0 0.730 0
261 11 N4 N3 135 0.730 1
261 12 N4 N2 0 0.730 0
262 1 N3 N5 116 0.200 0
262 2 N3 N2 149 0.200 0
262 3 N3 N3 144 0.200 1
262 4 N5 N3 60 0.680 0
262 5 N5 N2 177 0.680 0
262 6 N5 N5 255 0.680 1
262 7 N2 N5 179 0.310 0
262 8 N2 N3 79 0.310 0
262 9 N2 N2 232 0.310 1
262 10 N4 N5 0 0.280 0
262 11 N4 N3 131 0.280 1
262 12 N4 N2 0 0.280 0
263 1 N3 N5 115 0.240 0
263 2 N3 N2 150 0.240 0
263 3 N3 N3 143 0.240 1
263 4 N5 N3 58 0.240 0
263 5 N5 N2 177 0.240 0
263 6 N5 N5 255 0.240 1
263 7 N2 N5 176 0.350 0
263 8 N2 N3 77 0.350 0
263 9 N2 N2 230 0.350 1
263 10 N4 N5 96 0.320 0
263 11 N4 N3 128 0.320 1
263 12 N4 N2 0 0.320 0
264 1 N3 N5 115 0.410 0
264 2 N3 N2 152 0.410 1
264 3 N3 N3 143 0.410 0
264 4 N5 N3 58 0.020 0
264 5 N5 N2 177 0.020 0
264 6 N5 N5 255 0.020 1
264 7 N2 N5 174 0.030 0
264 8 N2 N3 77 0.030 0
264 9 N2 N2 230 0.030 1
264 10 N4 N5 96 0.260 0
264 11 N4 N3 124 0.260 0
264 12 N4 N2 133 0.260 1
265 1 N3 N5 115 1.500 0
265 2 N3 N2 152 1.500 1
265 3 N3 N3 143 1.500 0
265 4 N5 N3 58 1.110 0
265 5 N5 N2 177 1.110 0
265 6 N5 N5 255 1.110 1
265 7 N2 N5 174 0.060 0
265 8 N2 N3 76 0.060 0
265 9 N2 N2 230 0.060 1
265 10 N4 N5 96 1.350 0
265 11 N4 N3 124 1.350 0
265 12 N4 N2 133 1.350 1
266 1 N3 N5 115 2.590 0
266 2 N3 N2 152 2.590 1
266 3 N3 N3 143 2.590 0
266 4 N5 N3 58 2.200 0
266 5 N5 N2 177 2.200 0
266 6 N5 N5 255 2.200 1
266 7 N2 N5 174 0.660 0
266 8 N2 N3 76 0.660 0
266 9 N2 N2 231 0.660 1
266 10 N4 N5 96 2.440 0
266 11 N4 N3 124 2.440 0
266 12 N4 N2 133 2.440 1
267 1 N3 N5 115 0.080 0
267 2 N3 N2 157 0.080 1
267 3 N3 N3 136 0.080 0
267 4 N5 N3 58 0.090 0
267 5 N5 N2 178 0.090 0
267 6 N5 N5 255 0.090 1
267 7 N2 N5 172 0.090 0
267 8 N2 N3 73 0.090 0
267 9 N2 N2 232 0.090 1
267 10 N4 N5 96 0.410 0
267 11 N4 N3 122 0.410 0
267 12 N4 N2 136 0.410 1
268 1 N3 N5 115 0.170 0
268 2 N3 N2 158 0.170 1
268 3 N3 N3 134 0.170 0
268 4 N5 N3 62 0.030 0
268 5 N5 N2 179 0.030 0
268 6 N5 N5 255 0.030 1
268 7 N2 N5 173 0.160 0
268 8 N2 N3 72 0.160 0
268 9 N2 N2 232 0.160 1
268 10 N4 N5 96 0.510 0
268 11 N4 N3 119 0.510 0
268 12 N4 N2 138 0.510 1
269 1 N3 N5 115 0.220 0
269 2 N3 N2 160 0.220 1
269 3 N3 N3 138 0.220 0
269 4 N5 N3 64 0.100 0
269 5 N5 N2 180 0.100 0
269 6 N5 N5 255 0.100 1
269 7 N2 N5 173 0.230 0
269 8 N2 N3 75 0.230 0
269 9 N2 N2 231 0.230 1
269 10 N4 N5 96 0.580 0
269 11 N4 N3 117 0.580 0
269 12 N4 N2 138 0.580 1
270 1 N3 N5 115 0.270 0
270 2 N3 N2 160 0.270 1
270 3 N3 N3 138 0.270 0
270 4 N5 N3 66 0.300 0
270 5 N5 N2 180 0.300 0
270 6 N5 N5 255 0.300 1
270 7 N2 N5 170 0.300 0
270 8 N2 N3 80 0.300 0
270 9 N2 N2 231 0.300 1
270 10 N4 N5 96 0.140 0
270 11 N4 N3 113 0.140 0
270 12 N4 N2 136 0.140 1
271 1 N3 N5 115 0.320 0
271 2 N3 N2 160 0.320 1
271 3 N3 N3 139 0.320 0
271 4 N5 N3 67 0.370 0
271 5 N5 N2 177 0.370 0
271 6 N5 N5 255 0.370 1
271 7 N2 N5 170 0.370 0
271 8 N2 N3 80 0.370 0
271 9 N2 N2 230 0.370 1
271 10 N4 N5 96 0.720 0
271 11 N4 N3 110 0.720 0
271 12 N4 N2 135 0.720 1
272 1 N3 N5 115 0.380 0
272 2 N3 N2 159 0.380 1
272 3 N3 N3 140 0.380 0
272 4 N5 N3 67 0.030 0
272 5 N5 N2 176 0.030 0
272 6 N5 N5 255 0.030 1
272 7 N2 N5 169 0.070 0
272 8 N2 N3 84 0.070 0
272 9 N2 N2 229 0.070 1
272 10 N4 N5 96 0.260 0
272 11 N4 N3 109 0.260 0
272 12 N4 N2 134 0.260 1
273 1 N3 N5 114 0.450 0
273 2 N3 N2 156 0.450 1
273 3 N3 N3 144 0.450 0
273 4 N5 N3 67 0.080 0
273 5 N5 N2 176 0.080 0
273 6 N5 N5 255 0.080 1
273 7 N2 N5 168 0.020 0
273 8 N2 N3 85 0.020 0
273 9 N2 N2 226 0.020 1
273 10 N4 N5 96 0.350 0
273 11 N4 N3 109 0.350 0
273 12 N4 N2 133 0.350 1
274 1 N3 N5 0 0.090 0
274 2 N3 N2 153 0.090 1
274 3 N3 N3 142 0.090 0
274 4 N5 N3 65 0.070 0
274 5 N5 N2 177 0.070 0
274 6 N5 N5 255 0.070 1
274 7 N2 N5 170 0.100 0
274 8 N2 N3 85 0.100 0
274 9 N2 N2 224 0.100 1
274 10 N4 N5 0 0.020 0
274 11 N4 N3 111 0.020 0
274 12 N4 N2 132 0.020 1
275 1 N3 N5 0 0.680 0
275 2 N3 N2 152 0.680 1
275 3 N3 N3 141 0.680 0
275 4 N5 N3 64 0.060 0
275 5 N5 N2 176 0.060 0
275 6 N5 N5 255 0.060 1
275 7 N2 N5 170 0.780 0
275 8 N2 N3 84 0.780 0
275 9 N2 N2 223 0.780 1
275 10 N4 N5 0 1.000 0
275 11 N4 N3 111 1.000 0
275 12 N4 N2 131 1.000 1
276 1 N3 N5 0 0.120 0
276 2 N3 N2 149 0.120 1
276 3 N3 N3 139 0.120 0
276 4 N5 N3 64 0.470 0
276 5 N5 N2 175 0.470 0
276 6 N5 N5 255 0.470 1
276 7 N2 N5 172 0.210 0
276 8 N2 N3 84 0.210 0
276 9 N2 N2 222 0.210 1
276 10 N4 N5 0 2.090 0
276 11 N4 N3 111 2.090 0
276 12 N4 N2 131 2.090 1
277 1 N3 N5 0 0.210 0
277 2 N3 N2 146 0.210 1
277 3 N3 N3 135 0.210 0
277 4 N5 N3 64 0.240 0
277 5 N5 N2 175 0.240 0
277 6 N5 N5 255 0.240 1
277 7 N2 N5 173 0.280 0
277 8 N2 N3 84 0.280 0
277 9 N2 N2 221 0.280 1
277 10 N4 N5 0 0.100 0
277 11 N4 N3 112 0.100 0
277 12 N4 N2 130 0.100 1
278 1 N3 N5 0 0.270 0
278 2 N3 N2 144 0.270 1
278 3 N3 N3 133 0.270 0
278 4 N5 N3 64 0.810 0
278 5 N5 N2 175 0.810 0
278 6 N5 N5 255 0.810 1
278 7 N2 N5 173 1.370 0
278 8 N2 N3 84 1.370 0
278 9 N2 N2 221 1.370 1
278 10 N4 N5 0 1.190 0
278 11 N4 N3 112 1.190 0
278 12 N4 N2 130 1.190 1
279 1 N3 N5 0 0.350 0
279 2 N3 N2 139 0.350 1
279 3 N3 N3 132 0.350 0
279 4 N5 N3 61 0.240 0
279 5 N5 N2 172 0.240 0
279 6 N5 N5 254 0.240 1
279 7 N2 N5 174 0.020 0
279 8 N2 N3 84 0.020 0
279 9 N2 N2 220 0.020 1
279 10 N4 N5 0 0.260 0
279 11 N4 N3 113 0.260 0
279 12 N4 N2 128 0.260 1
280 1 N3 N5 0 0.430 0
280 2 N3 N2 136 0.430 1
280 3 N3 N3 128 0.430 0
280 4 N5 N3 60 0.020 0
280 5 N5 N2 167 0.020 0
280 6 N5 N5 254 0.020 1
280 7 N2 N5 175 0.080 0
280 8 N2 N3 79 0.080 0
280 9 N2 N2 218 0.080 1
280 10 N4 N5 0 0.840 0
280 11 N4 N3 110 0.840 0
280 12 N4 N2 125 0.840 1
281 1 N3 N5 0 0.030 0
281 2 N3 N2 134 0.030 1
281 3 N3 N3 127 0.030 0
281 4 N5 N3 61 0.080 0
281 5 N5 N2 167 0.080 0
281 6 N5 N5 254 0.080 1
281 7 N2 N5 173 0.000 0
281 8 N2 N3 79 0.000 0
281 9 N2 N2 218 0.000 1
281 10 N4 N5 0 0.490 0
281 11 N4 N3 92 0.490 0
281 12 N4 N2 123 0.490 1
282 1 N3 N5 0 0.130 0
282 2 N3 N2 133 0.130 1
282 3 N3 N3 125 0.130 0
282 4 N5 N3 61 0.050 0
282 5 N5 N2 165 0.050 0
282 6 N5 N5 254 0.050 1
282 7 N2 N5 174 0.070 0
282 8 N2 N3 76 0.070 0
282 9 N2 N2 217 0.070 1
282 10 N4 N5 0 0.070 0
282 11 N4 N3 87 0.070 0
282 12 N4 N2 117 0.070 1
283 1 N3 N5 0 0.210 0
283 2 N3 N2 133 0.210 1
283 3 N3 N3 125 0.210 0
283 4 N5 N3 57 0.100 0
283 5 N5 N2 164 0.100 0
283 6 N5 N5 254 0.100 1
283 7 N2 N5 176 0.150 0
283 8 N2 N3 75 0.150 0
283 9 N2 N2 216 0.150 1
283 10 N4 N5 0 0.050 0
283 11 N4 N3 86 0.050 0
283 12 N4 N2 109 0.050 1
284 1 N3 N5 0 0.280 0
284 2 N3 N2 132 0.280 1
284 3 N3 N3 124 0.280 0
284 4 N5 N3 57 0.130 0
284 5 N5 N2 166 0.130 0
284 6 N5 N5 254 0.130 1
284 7 N2 N5 177 0.190 0
284 8 N2 N3 79 0.190 0
284 9 N2 N2 216 0.190 1
284 10 N4 N5 0 0.640 0
284 11 N4 N3 86 0.640 0
284 12 N4 N2 105 0.640 1
285 1 N3 N5 0 0.360 0
285 2 N3 N2 133 0.360 1
285 3 N3 N3 121 0.360 0
285 4 N5 N3 58 0.210 0
285 5 N5 N2 167 0.210 0
285 6 N5 N5 254 0.210 1
285 7 N2 N5 183 0.230 0
285 8 N2 N3 82 0.230 0
285 9 N2 N2 216 0.230 1
285 10 N4 N5 0 0.170 0
285 11 N4 N3 87 0.170 0
285 12 N4 N2 98 0.170 1
286 1 N3 N5 0 0.400 0
286 2 N3 N2 133 0.400 1
286 3 N3 N3 118 0.400 0
286 4 N5 N3 64 0.120 0
286 5 N5 N2 171 0.120 0
286 6 N5 N5 254 0.120 1
286 7 N2 N5 188 0.260 0
286 8 N2 N3 84 0.260 0
286 9 N2 N2 217 0.260 1
286 10 N4 N5 0 0.750 0
286 11 N4 N3 87 0.750 0
286 12 N4 N2 94 0.750 1
287 1 N3 N5 0 0.470 0
287 2 N3 N2 133 0.470 1
287 3 N3 N3 119 0.470 0
287 4 N5 N3 64 0.290 0
287 5 N5 N2 172 0.290 0
287 6 N5 N5 254 0.290 1
287 7 N2 N5 192 0.330 0
287 8 N2 N3 84 0.330 0
287 9 N2 N2 219 0.330 1
287 10 N4 N5 0 1.840 0
287 11 N4 N3 87 1.840 0
287 12 N4 N2 94 1.840 1
288 1 N3 N5 0 0.600 0
288 2 N3 N2 132 0.600 1
288 3 N3 N3 121 0.600 0
288 4 N5 N3 73 0.050 0
288 5 N5 N2 176 0.050 0
288 6 N5 N5 254 0.050 1
288 7 N2 N5 194 0.060 0
288 8 N2 N3 91 0.060 0
288 9 N2 N2 222 0.060 1
288 10 N4 N5 0 0.390 0
288 11 N4 N3 89 0.390 0
288 12 N4 N2 93 0.390 1
289 1 N3 N5 0 0.280 0
289 2 N3 N2 132 0.280 1
289 3 N3 N3 124 0.280 0
289 4 N5 N3 73 0.100 0
289 5 N5 N2 176 0.100 0
289 6 N5 N5 254 0.100 1
289 7 N2 N5 194 0.090 0
289 8 N2 N3 91 0.090 0
289 9 N2 N2 222 0.090 1
289 10 N4 N5 0 0.040 0
289 11 N4 N3 90 0.040 0
289 12 N4 N2 94 0.040 1
290 1 N3 N5 0 0.240 0
290 2 N3 N2 132 0.240 1
290 3 N3 N3 124 0.240 0
290 4 N5 N3 73 0.050 0
290 5 N5 N2 176 0.050 0
290 6 N5 N5 254 0.050 1
290 7 N2 N5 192 0.030 0
290 8 N2 N3 92 0.030 0
290 9 N2 N2 224 0.030 1
290 10 N4 N5 0 0.510 0
290 11 N4 N3 89 0.510 0
290 12 N4 N2 96 0.510 1
291 1 N3 N5 0 0.270 0
291 2 N3 N2 131 0.270 1
291 3 N3 N3 126 0.270 0
291 4 N5 N3 73 0.240 0
291 5 N5 N2 176 0.240 0
291 6 N5 N5 254 0.240 1
291 7 N2 N5 191 0.210 0
291 8 N2 N3 90 0.210 0
291 9 N2 N2 224 0.210 1
291 10 N4 N5 0 0.560 0
291 11 N4 N3 89 0.560 0
291 12 N4 N2 96 0.560 1
292 1 N3 N5 0 0.300 0
292 2 N3 N2 132 0.300 1
292 3 N3 N3 127 0.300 0
292 4 N5 N3 72 0.090 0
292 5 N5 N2 177 0.090 0
292 6 N5 N5 254 0.090 1
292 7 N2 N5 187 0.130 0
292 8 N2 N3 89 0.130 0
292 9 N2 N2 224 0.130 1
292 10 N4 N5 0 0.110 0
292 11 N4 N3 89 0.110 0
292 12 N4 N2 97 0.110 1
293 1 N3 N5 0 0.350 0
293 2 N3 N2 135 0.350 1
293 3 N3 N3 127 0.350 0
293 4 N5 N3 73 0.270 0
293 5 N5 N2 177 0.270 0
293 6 N5 N5 255 0.270 1
293 7 N2 N5 186 0.180 0
293 8 N2 N3 88 0.180 0
293 9 N2 N2 224 0.180 1
293 10 N4 N5 0 0.180 0
293 11 N4 N3 92 0.180 0
293 12 N4 N2 98 0.180 1
294 1 N3 N5 0 0.420 0
294 2 N3 N2 136 0.420 1
294 3 N3 N3 127 0.420 0
294 4 N5 N3 75 0.350 0
294 5 N5 N2 178 0.350 0
294 6 N5 N5 255 0.350 1
294 7 N2 N5 184 0.250 0
294 8 N2 N3 87 0.250 0
294 9 N2 N2 224 0.250 1
294 10 N4 N5 0 0.760 0
294 11 N4 N3 94 0.760 0
294 12 N4 N2 98 0.760 1
295 1 N3 N5 0 0.980 0
295 2 N3 N2 135 0.980 1
295 3 N3 N3 127 0.980 0
295 4 N5 N3 78 0.020 0
295 5 N5 N2 179 0.020 0
295 6 N5 N5 255 0.020 1
295 7 N2 N5 182 0.320 0
295 8 N2 N3 90 0.320 0
295 9 N2 N2 223 0.320 1
295 10 N4 N5 0 0.300 0
295 11 N4 N3 99 0.300 0
295 12 N4 N2 96 0.300 1
296 1 N3 N5 0 0.040 0
296 2 N3 N2 132 0.040 1
296 3 N3 N3 130 0.040 0
296 4 N5 N3 78 0.100 0
296 5 N5 N2 178 0.100 0
296 6 N5 N5 255 0.100 1
296 7 N2 N5 182 0.010 0
296 8 N2 N3 97 0.010 0
296 9 N2 N2 222 0.010 1
296 10 N4 N5 0 0.860 0
296 11 N4 N3 99 0.860 0
296 12 N4 N2 95 0.860 1
297 1 N3 N5 0 0.600 0
297 2 N3 N2 131 0.600 1
297 3 N3 N3 131 0.600 0
297 4 N5 N3 78 0.050 0
297 5 N5 N2 178 0.050 0
297 6 N5 N5 255 0.050 1
297 7 N2 N5 182 0.060 0
297 8 N2 N3 105 0.060 0
297 9 N2 N2 222 0.060 1
297 10 N4 N5 0 0.420 0
297 11 N4 N3 99 0.420 0
297 12 N4 N2 94 0.420 1
298 1 N3 N5 0 0.150 0
298 2 N3 N2 131 0.150 1
298 3 N3 N3 132 0.150 0
298 4 N5 N3 80 0.080 0
298 5 N5 N2 179 0.080 0
298 6 N5 N5 255 0.080 1
298 7 N2 N5 183 0.110 0
298 8 N2 N3 105 0.110 0
298 9 N2 N2 222 0.110 1
298 10 N4 N5 79 0.370 0
298 11 N4 N3 101 0.370 1
298 12 N4 N2 92 0.370 0
299 1 N3 N5 0 0.190 0
299 2 N3 N2 131 0.190 1
299 3 N3 N3 132 0.190 0
299 4 N5 N3 80 0.050 0
299 5 N5 N2 181 0.050 0
299 6 N5 N5 255 0.050 1
299 7 N2 N5 186 0.020 0
299 8 N2 N3 108 0.020 0
299 9 N2 N2 222 0.020 1
299 10 N4 N5 79 1.460 0
299 11 N4 N3 101 1.460 1
299 12 N4 N2 92 1.460 0
300 1 N3 N5 0 0.260 0
300 2 N3 N2 131 0.260 1
300 3 N3 N3 133 0.260 0
300 4 N5 N3 80 0.210 0
300 5 N5 N2 185 0.210 0
300 6 N5 N5 255 0.210 1
300 7 N2 N5 187 0.110 0
300 8 N2 N3 106 0.110 0
300 9 N2 N2 224 0.110 1
300 10 N4 N5 85 0.100 0
300 11 N4 N3 100 0.100 1
300 12 N4 N2 95 0.100 0
