PING N4 (00:00:0c:18:11:04) 116(144) bytes of data
116 bytes from N4 icmp_seq=1 ttl=48 time=12.61 ms
RR: 	N1
	N3
	N4
	N4
	N3
	N2
	N1

116 bytes from N4 icmp_seq=2 ttl=48 time=136.10 ms	(same route)
116 bytes from N4 icmp_seq=3 ttl=48 time=3.40 ms	(same route)
116 bytes from N4 icmp_seq=4 ttl=48 time=5.65 ms	(same route)
116 bytes from N4 icmp_seq=5 ttl=48 time=43.04 ms	(same route)
116 bytes from N4 icmp_seq=6 ttl=48 time=366.34 ms	(same route)
116 bytes from N4 icmp_seq=7 ttl=48 time=5.36 ms	(same route)
116 bytes from N4 icmp_seq=8 ttl=48 time=16.02 ms	(same route)
116 bytes from N4 icmp_seq=9 ttl=48 time=26.03 ms	(same route)
116 bytes from N4 icmp_seq=10 ttl=48 time=3.44 ms	(same route)
116 bytes from N4 icmp_seq=11 ttl=48 time=3.81 ms	(same route)
116 bytes from N4 icmp_seq=12 ttl=48 time=4.10 ms	(same route)
116 bytes from N4 icmp_seq=13 ttl=48 time=4.40 ms	(same route)
116 bytes from N4 icmp_seq=14 ttl=48 time=49.62 ms	(same route)
116 bytes from N4 icmp_seq=15 ttl=48 time=331.86 ms	(same route)
116 bytes from N4 icmp_seq=16 ttl=48 time=10.69 ms	(same route)
116 bytes from N4 icmp_seq=17 ttl=48 time=67.76 ms	(same route)
116 bytes from N4 icmp_seq=18 ttl=48 time=9.05 ms	(same route)
116 bytes from N4 icmp_seq=19 ttl=48 time=2.96 ms	(same route)
116 bytes from N4 icmp_seq=20 ttl=48 time=6.79 ms	(same route)
116 bytes from N4 icmp_seq=21 ttl=48 time=7.02 ms	(same route)
116 bytes from N4 icmp_seq=22 ttl=48 time=5.39 ms	(same route)
116 bytes from N4 icmp_seq=23 ttl=48 time=29.25 ms	(same route)
116 bytes from N4 icmp_seq=24 ttl=48 time=5.07 ms	(same route)
116 bytes from N4 icmp_seq=25 ttl=48 time=95.68 ms	(same route)
116 bytes from N4 icmp_seq=26 ttl=48 time=34.62 ms	(same route)
116 bytes from N4 icmp_seq=27 ttl=48 time=130.61 ms	(same route)
116 bytes from N4 icmp_seq=28 ttl=48 time=16.87 ms	(same route)
116 bytes from N4 icmp_seq=29 ttl=48 time=65.43 ms	(same route)
116 bytes from N4 icmp_seq=30 ttl=48 time=18.49 ms	(same route)
116 bytes from N4 icmp_seq=31 ttl=48 time=3.70 ms	(same route)
116 bytes from N4 icmp_seq=32 ttl=48 time=67.19 ms	(same route)
116 bytes from N4 icmp_seq=33 ttl=48 time=7.51 ms	(same route)
116 bytes from N4 icmp_seq=34 ttl=48 time=27.49 ms	(same route)
116 bytes from N4 icmp_seq=35 ttl=48 time=9.75 ms	(same route)
116 bytes from N4 icmp_seq=36 ttl=48 time=6.05 ms	(same route)
116 bytes from N4 icmp_seq=37 ttl=48 time=26.74 ms	(same route)
116 bytes from N4 icmp_seq=38 ttl=48 time=3.77 ms	(same route)
116 bytes from N4 icmp_seq=39 ttl=48 time=118.00 ms	(same route)
116 bytes from N4 icmp_seq=40 ttl=48 time=4.40 ms	(same route)
116 bytes from N4 icmp_seq=41 ttl=48 time=9.02 ms	(same route)
116 bytes from N4 icmp_seq=42 ttl=48 time=16.34 ms	(same route)
116 bytes from N4 icmp_seq=43 ttl=48 time=11.39 ms	(same route)
116 bytes from N4 icmp_seq=44 ttl=48 time=151.99 ms	(same route)
116 bytes from N4 icmp_seq=45 ttl=48 time=50.71 ms	(same route)
116 bytes from N4 icmp_seq=46 ttl=48 time=23.50 ms	(same route)
116 bytes from N4 icmp_seq=47 ttl=48 time=3.20 ms	(same route)
116 bytes from N4 icmp_seq=48 ttl=48 time=577.67 ms	(same route)
116 bytes from N4 icmp_seq=49 ttl=48 time=243.56 ms	(same route)
116 bytes from N4 icmp_seq=50 ttl=48 time=26.90 ms	(same route)
116 bytes from N4 icmp_seq=51 ttl=48 time=2.83 ms	(same route)
116 bytes from N4 icmp_seq=52 ttl=48 time=644.97 ms	(same route)
116 bytes from N4 icmp_seq=53 ttl=48 time=588.99 ms	(same route)
116 bytes from N4 icmp_seq=54 ttl=48 time=7.63 ms	(same route)
116 bytes from N4 icmp_seq=55 ttl=48 time=9.64 ms	(same route)
116 bytes from N4 icmp_seq=56 ttl=48 time=116.40 ms	(same route)
116 bytes from N4 icmp_seq=57 ttl=48 time=30.12 ms	(same route)
116 bytes from N4 icmp_seq=58 ttl=48 time=27.32 ms	(same route)
116 bytes from N4 icmp_seq=59 ttl=48 time=122.38 ms	(same route)
116 bytes from N4 icmp_seq=60 ttl=48 time=225.77 ms	(same route)
116 bytes from N4 icmp_seq=61 ttl=48 time=3.69 ms	(same route)
116 bytes from N4 icmp_seq=62 ttl=48 time=5.30 ms	(same route)
116 bytes from N4 icmp_seq=63 ttl=48 time=11.19 ms	(same route)
116 bytes from N4 icmp_seq=64 ttl=48 time=69.68 ms
RR: 	N1
	N2
	N3
	N4
	N4
	N3
	N2
	N1

Reply from host N4 timed out
116 bytes from N4 icmp_seq=66 ttl=48 time=30.29 ms	(same route)
116 bytes from N4 icmp_seq=67 ttl=48 time=16.61 ms	(same route)
Reply from host N4 timed out
116 bytes from N4 icmp_seq=69 ttl=48 time=10.42 ms	(same route)
116 bytes from N4 icmp_seq=70 ttl=48 time=89.55 ms	(same route)
116 bytes from N4 icmp_seq=71 ttl=48 time=4.32 ms	(same route)
116 bytes from N4 icmp_seq=72 ttl=48 time=187.10 ms	(same route)
116 bytes from N4 icmp_seq=73 ttl=48 time=75.16 ms	(same route)
116 bytes from N4 icmp_seq=74 ttl=48 time=272.02 ms	(same route)
116 bytes from N4 icmp_seq=75 ttl=48 time=3.48 ms	(same route)
116 bytes from N4 icmp_seq=76 ttl=48 time=41.02 ms	(same route)
116 bytes from N4 icmp_seq=77 ttl=48 time=11.57 ms	(same route)
116 bytes from N4 icmp_seq=78 ttl=48 time=65.59 ms	(same route)
116 bytes from N4 icmp_seq=79 ttl=48 time=4.72 ms	(same route)
116 bytes from N4 icmp_seq=80 ttl=48 time=5.36 ms	(same route)
116 bytes from N4 icmp_seq=81 ttl=48 time=4.51 ms	(same route)
116 bytes from N4 icmp_seq=82 ttl=48 time=39.16 ms	(same route)
116 bytes from N4 icmp_seq=83 ttl=48 time=7.86 ms	(same route)
116 bytes from N4 icmp_seq=84 ttl=48 time=9.42 ms	(same route)
116 bytes from N4 icmp_seq=85 ttl=48 time=6.84 ms	(same route)
116 bytes from N4 icmp_seq=86 ttl=48 time=47.98 ms	(same route)
116 bytes from N4 icmp_seq=87 ttl=48 time=6.66 ms	(same route)
116 bytes from N4 icmp_seq=88 ttl=48 time=7.54 ms	(same route)
116 bytes from N4 icmp_seq=89 ttl=48 time=25.68 ms	(same route)
116 bytes from N4 icmp_seq=90 ttl=48 time=72.36 ms	(same route)
116 bytes from N4 icmp_seq=91 ttl=48 time=15.60 ms	(same route)
116 bytes from N4 icmp_seq=92 ttl=48 time=4.18 ms	(same route)
116 bytes from N4 icmp_seq=93 ttl=48 time=37.31 ms	(same route)
116 bytes from N4 icmp_seq=94 ttl=48 time=50.95 ms	(same route)
116 bytes from N4 icmp_seq=95 ttl=48 time=126.11 ms	(same route)
116 bytes from N4 icmp_seq=96 ttl=48 time=67.46 ms	(same route)
116 bytes from N4 icmp_seq=97 ttl=48 time=611.71 ms	(same route)
116 bytes from N4 icmp_seq=98 ttl=48 time=13.86 ms	(same route)
116 bytes from N4 icmp_seq=99 ttl=48 time=444.75 ms	(same route)
116 bytes from N4 icmp_seq=100 ttl=48 time=7.20 ms	(same route)
116 bytes from N4 icmp_seq=101 ttl=48 time=193.52 ms	(same route)
116 bytes from N4 icmp_seq=102 ttl=48 time=574.81 ms	(same route)
116 bytes from N4 icmp_seq=103 ttl=48 time=651.52 ms	(same route)
116 bytes from N4 icmp_seq=104 ttl=48 time=872.41 ms	(same route)
116 bytes from N4 icmp_seq=105 ttl=48 time=139.19 ms	(same route)
116 bytes from N4 icmp_seq=106 ttl=48 time=3.59 ms
RR: 	N1
	N3
	N4
	N4
	N3
	N2
	N1

116 bytes from N4 icmp_seq=107 ttl=48 time=56.36 ms	(same route)
Reply from host N4 timed out
116 bytes from N4 icmp_seq=109 ttl=48 time=55.59 ms	(same route)
116 bytes from N4 icmp_seq=110 ttl=48 time=39.43 ms	(same route)
116 bytes from N4 icmp_seq=111 ttl=48 time=37.83 ms	(same route)
116 bytes from N4 icmp_seq=112 ttl=48 time=79.55 ms	(same route)
116 bytes from N4 icmp_seq=113 ttl=48 time=656.25 ms	(same route)
116 bytes from N4 icmp_seq=114 ttl=48 time=454.54 ms	(same route)
116 bytes from N4 icmp_seq=115 ttl=48 time=18.54 ms	(same route)
116 bytes from N4 icmp_seq=116 ttl=48 time=519.01 ms	(same route)
Reply from host N4 timed out
Reply from host N4 timed out
Reply from host N4 timed out
Reply from host N4 timed out
Reply from host N4 timed out
Reply from host N4 timed out
Reply from host N4 timed out
Reply from host N4 timed out
Reply from host N4 timed out
Reply from host N4 timed out
Reply from host N4 timed out
Reply from host N4 timed out
Reply from host N4 timed out
Reply from host N4 timed out
Reply from host N4 timed out
Reply from host N4 timed out
Reply from host N4 timed out
Reply from host N4 timed out
Reply from host N4 timed out
Reply from host N4 timed out
116 bytes from N4 icmp_seq=137 ttl=48 time=0.01 ms	(same route)
Reply from host N4 timed out
Reply from host N4 timed out
Reply from host N4 timed out
Reply from host N4 timed out
Reply from host N4 timed out
Reply from host N4 timed out
116 bytes from N4 icmp_seq=144 ttl=48 time=2.46 ms	(same route)
116 bytes from N4 icmp_seq=145 ttl=48 time=27.86 ms	(same route)
116 bytes from N4 icmp_seq=146 ttl=48 time=4.42 ms	(same route)
116 bytes from N4 icmp_seq=147 ttl=48 time=0.80 ms	(same route)
116 bytes from N4 icmp_seq=148 ttl=48 time=392.04 ms	(same route)
116 bytes from N4 icmp_seq=149 ttl=48 time=114.13 ms	(same route)
116 bytes from N4 icmp_seq=150 ttl=48 time=166.56 ms	(same route)
116 bytes from N4 icmp_seq=151 ttl=48 time=13.04 ms	(same route)
116 bytes from N4 icmp_seq=152 ttl=48 time=4.20 ms	(same route)
116 bytes from N4 icmp_seq=153 ttl=48 time=27.66 ms	(same route)
116 bytes from N4 icmp_seq=154 ttl=48 time=15.79 ms	(same route)
116 bytes from N4 icmp_seq=155 ttl=48 time=3.10 ms	(same route)
116 bytes from N4 icmp_seq=156 ttl=48 time=21.62 ms	(same route)
116 bytes from N4 icmp_seq=157 ttl=48 time=4.18 ms	(same route)
116 bytes from N4 icmp_seq=158 ttl=48 time=22.19 ms	(same route)
116 bytes from N4 icmp_seq=159 ttl=48 time=3.45 ms	(same route)
116 bytes from N4 icmp_seq=160 ttl=48 time=8.59 ms	(same route)
116 bytes from N4 icmp_seq=161 ttl=48 time=8.32 ms	(same route)
116 bytes from N4 icmp_seq=162 ttl=48 time=36.15 ms	(same route)
116 bytes from N4 icmp_seq=163 ttl=48 time=4.59 ms	(same route)
116 bytes from N4 icmp_seq=164 ttl=48 time=12.91 ms	(same route)
116 bytes from N4 icmp_seq=165 ttl=48 time=13.55 ms	(same route)
116 bytes from N4 icmp_seq=166 ttl=48 time=33.63 ms	(same route)
116 bytes from N4 icmp_seq=167 ttl=48 time=15.41 ms	(same route)
116 bytes from N4 icmp_seq=168 ttl=48 time=15.78 ms	(same route)
116 bytes from N4 icmp_seq=169 ttl=48 time=4.93 ms	(same route)
116 bytes from N4 icmp_seq=170 ttl=48 time=86.79 ms	(same route)
116 bytes from N4 icmp_seq=171 ttl=48 time=29.82 ms	(same route)
116 bytes from N4 icmp_seq=172 ttl=48 time=168.15 ms	(same route)
116 bytes from N4 icmp_seq=173 ttl=48 time=18.11 ms	(same route)
116 bytes from N4 icmp_seq=174 ttl=48 time=26.26 ms	(same route)
116 bytes from N4 icmp_seq=175 ttl=48 time=157.28 ms	(same route)
116 bytes from N4 icmp_seq=176 ttl=48 time=468.71 ms	(same route)
Reply from host N4 timed out
116 bytes from N4 icmp_seq=178 ttl=48 time=29.52 ms	(same route)
116 bytes from N4 icmp_seq=179 ttl=48 time=964.59 ms	(same route)
Reply from host N4 timed out
Reply from host N4 timed out
116 bytes from N4 icmp_seq=182 ttl=48 time=119.71 ms	(same route)
Reply from host N4 timed out
116 bytes from N4 icmp_seq=184 ttl=48 time=485.59 ms	(same route)
116 bytes from N4 icmp_seq=185 ttl=48 time=460.76 ms	(same route)
Reply from host N4 timed out
Reply from host N4 timed out
116 bytes from N4 icmp_seq=188 ttl=48 time=1.47 ms	(same route)
Reply from host N4 timed out
Reply from host N4 timed out
Reply from host N4 timed out
Reply from host N4 timed out
Reply from host N4 timed out
Reply from host N4 timed out
116 bytes from N4 icmp_seq=195 ttl=48 time=576.34 ms	(same route)
Reply from host N4 timed out
Reply from host N4 timed out
116 bytes from N4 icmp_seq=198 ttl=48 time=31.64 ms	(same route)
Reply from host N4 timed out
116 bytes from N4 icmp_seq=200 ttl=48 time=11.08 ms	(same route)
116 bytes from N4 icmp_seq=201 ttl=48 time=945.04 ms	(same route)
Reply from host N4 timed out
Reply from host N4 timed out
116 bytes from N4 icmp_seq=204 ttl=48 time=275.52 ms	(same route)
Reply from host N4 timed out
116 bytes from N4 icmp_seq=206 ttl=48 time=105.66 ms	(same route)
Reply from host N4 timed out
Reply from host N4 timed out
116 bytes from N4 icmp_seq=209 ttl=48 time=116.46 ms	(same route)
116 bytes from N4 icmp_seq=210 ttl=48 time=761.53 ms	(same route)
Reply from host N4 timed out
Reply from host N4 timed out
116 bytes from N4 icmp_seq=213 ttl=48 time=6.03 ms	(same route)
Reply from host N4 timed out
Reply from host N4 timed out
Reply from host N4 timed out
Reply from host N4 timed out
Reply from host N4 timed out
Reply from host N4 timed out
Reply from host N4 timed out
Reply from host N4 timed out
Reply from host N4 timed out
116 bytes from N4 icmp_seq=223 ttl=48 time=100.08 ms	(same route)
116 bytes from N4 icmp_seq=224 ttl=48 time=104.43 ms	(same route)
116 bytes from N4 icmp_seq=225 ttl=48 time=3.30 ms	(same route)
116 bytes from N4 icmp_seq=226 ttl=48 time=3.19 ms	(same route)
116 bytes from N4 icmp_seq=227 ttl=48 time=16.70 ms	(same route)
116 bytes from N4 icmp_seq=228 ttl=48 time=16.39 ms	(same route)
116 bytes from N4 icmp_seq=229 ttl=48 time=169.91 ms	(same route)
116 bytes from N4 icmp_seq=230 ttl=48 time=264.86 ms	(same route)
116 bytes from N4 icmp_seq=231 ttl=48 time=315.31 ms	(same route)
116 bytes from N4 icmp_seq=232 ttl=48 time=15.72 ms	(same route)
116 bytes from N4 icmp_seq=233 ttl=48 time=11.06 ms	(same route)
116 bytes from N4 icmp_seq=234 ttl=48 time=24.49 ms	(same route)
116 bytes from N4 icmp_seq=235 ttl=48 time=5.16 ms	(same route)
116 bytes from N4 icmp_seq=236 ttl=48 time=3.79 ms	(same route)
116 bytes from N4 icmp_seq=237 ttl=48 time=721.66 ms	(same route)
116 bytes from N4 icmp_seq=238 ttl=48 time=3.01 ms	(same route)
116 bytes from N4 icmp_seq=239 ttl=48 time=4.27 ms	(same route)
116 bytes from N4 icmp_seq=240 ttl=48 time=10.64 ms	(same route)
116 bytes from N4 icmp_seq=241 ttl=48 time=257.33 ms	(same route)
116 bytes from N4 icmp_seq=242 ttl=48 time=3.21 ms	(same route)
116 bytes from N4 icmp_seq=243 ttl=48 time=43.55 ms	(same route)
116 bytes from N4 icmp_seq=244 ttl=48 time=13.10 ms	(same route)
116 bytes from N4 icmp_seq=245 ttl=48 time=8.78 ms	(same route)
116 bytes from N4 icmp_seq=246 ttl=48 time=3.06 ms	(same route)
116 bytes from N4 icmp_seq=247 ttl=48 time=5.99 ms	(same route)
116 bytes from N4 icmp_seq=248 ttl=48 time=4.68 ms	(same route)
116 bytes from N4 icmp_seq=249 ttl=48 time=468.32 ms	(same route)
116 bytes from N4 icmp_seq=250 ttl=48 time=7.99 ms	(same route)
116 bytes from N4 icmp_seq=251 ttl=48 time=8.30 ms	(same route)
116 bytes from N4 icmp_seq=252 ttl=48 time=3.07 ms	(same route)
116 bytes from N4 icmp_seq=253 ttl=48 time=11.26 ms	(same route)
116 bytes from N4 icmp_seq=254 ttl=48 time=7.12 ms	(same route)
116 bytes from N4 icmp_seq=255 ttl=48 time=16.96 ms	(same route)
116 bytes from N4 icmp_seq=256 ttl=48 time=4.26 ms	(same route)
116 bytes from N4 icmp_seq=257 ttl=48 time=8.44 ms	(same route)
116 bytes from N4 icmp_seq=258 ttl=48 time=6.64 ms	(same route)
116 bytes from N4 icmp_seq=259 ttl=48 time=113.93 ms	(same route)
116 bytes from N4 icmp_seq=260 ttl=48 time=6.75 ms	(same route)
116 bytes from N4 icmp_seq=261 ttl=48 time=7.08 ms	(same route)
116 bytes from N4 icmp_seq=262 ttl=48 time=21.99 ms	(same route)
116 bytes from N4 icmp_seq=263 ttl=48 time=6.06 ms	(same route)
116 bytes from N4 icmp_seq=264 ttl=48 time=6.58 ms	(same route)
116 bytes from N4 icmp_seq=265 ttl=48 time=11.42 ms	(same route)
116 bytes from N4 icmp_seq=266 ttl=48 time=7.31 ms	(same route)
116 bytes from N4 icmp_seq=267 ttl=48 time=250.94 ms	(same route)
116 bytes from N4 icmp_seq=268 ttl=48 time=12.49 ms	(same route)
116 bytes from N4 icmp_seq=269 ttl=48 time=6.10 ms	(same route)
116 bytes from N4 icmp_seq=270 ttl=48 time=10.32 ms	(same route)
116 bytes from N4 icmp_seq=271 ttl=48 time=13.29 ms	(same route)
116 bytes from N4 icmp_seq=272 ttl=48 time=9.00 ms	(same route)
116 bytes from N4 icmp_seq=273 ttl=48 time=4.21 ms	(same route)
116 bytes from N4 icmp_seq=274 ttl=48 time=8.06 ms	(same route)
116 bytes from N4 icmp_seq=275 ttl=48 time=6.91 ms	(same route)
116 bytes from N4 icmp_seq=276 ttl=48 time=592.93 ms	(same route)
116 bytes from N4 icmp_seq=277 ttl=48 time=687.05 ms	(same route)
Reply from host N4 timed out
116 bytes from N4 icmp_seq=279 ttl=48 time=11.40 ms	(same route)
116 bytes from N4 icmp_seq=280 ttl=48 time=165.50 ms	(same route)
116 bytes from N4 icmp_seq=281 ttl=48 time=123.64 ms	(same route)
116 bytes from N4 icmp_seq=282 ttl=48 time=3.70 ms	(same route)
116 bytes from N4 icmp_seq=283 ttl=48 time=5.43 ms	(same route)
116 bytes from N4 icmp_seq=284 ttl=48 time=3.48 ms	(same route)
116 bytes from N4 icmp_seq=285 ttl=48 time=296.63 ms	(same route)
116 bytes from N4 icmp_seq=286 ttl=48 time=27.70 ms	(same route)
116 bytes from N4 icmp_seq=287 ttl=48 time=6.90 ms
RR: 	N1
	N2
	N3
	N4
	N4
	N3
	N2
	N1

116 bytes from N4 icmp_seq=288 ttl=48 time=262.95 ms	(same route)
116 bytes from N4 icmp_seq=289 ttl=48 time=24.67 ms	(same route)
116 bytes from N4 icmp_seq=290 ttl=48 time=11.33 ms	(same route)
116 bytes from N4 icmp_seq=291 ttl=48 time=7.70 ms	(same route)
116 bytes from N4 icmp_seq=292 ttl=48 time=19.91 ms	(same route)
116 bytes from N4 icmp_seq=293 ttl=48 time=11.93 ms	(same route)
116 bytes from N4 icmp_seq=294 ttl=48 time=24.56 ms	(same route)
116 bytes from N4 icmp_seq=295 ttl=48 time=8.27 ms	(same route)
116 bytes from N4 icmp_seq=296 ttl=48 time=5.81 ms	(same route)
116 bytes from N4 icmp_seq=297 ttl=48 time=11.03 ms	(same route)
116 bytes from N4 icmp_seq=298 ttl=48 time=17.22 ms	(same route)
116 bytes from N4 icmp_seq=299 ttl=48 time=204.31 ms	(same route)
116 bytes from N4 icmp_seq=300 ttl=48 time=4.21 ms	(same route)
--- N4 ping statistics ---
350 packets transmitted, 239 received, 31% packet loss
rtt min/avg/max/mdev = 0.012/100.790/964.594/187.041 ms
