1 1 N3 N3 236 0.040 1
1 2 N5 N3 128 0.460 1
1 3 N1 N3 157 0.040 1
1 4 N2 N3 178 0.830 1
2 1 N3 N3 236 0.130 1
2 2 N5 N3 125 0.000 1
2 3 N1 N3 156 0.630 1
2 4 N2 N3 175 0.360 1
3 1 N3 N3 235 0.130 1
3 2 N5 N3 125 1.050 1
3 3 N1 N3 154 0.680 1
3 4 N2 N3 175 1.410 1
4 1 N3 N3 234 0.190 1
4 2 N5 N3 125 0.020 1
4 3 N1 N3 153 0.190 1
4 4 N2 N3 175 0.390 1
5 1 N3 N3 234 0.250 1
5 2 N5 N3 125 0.020 1
5 3 N1 N3 152 0.140 1
5 4 N2 N3 174 0.390 1
6 1 N3 N3 232 0.280 1
6 2 N5 N3 124 0.040 1
6 3 N1 N3 151 0.160 1
6 4 N2 N3 174 0.980 1
7 1 N3 N3 231 0.290 1
7 2 N5 N3 121 0.080 1
7 3 N1 N3 150 0.700 1
7 4 N2 N3 174 0.480 1
8 1 N3 N3 229 0.300 1
8 2 N5 N3 119 0.070 1
8 3 N1 N3 149 0.810 1
8 4 N2 N3 173 0.510 1
9 1 N3 N3 227 0.310 1
9 2 N5 N3 118 0.310 1
9 3 N1 N3 146 0.310 1
9 4 N2 N3 173 1.550 1
10 1 N3 N3 225 0.360 1
10 2 N5 N3 118 0.000 1
10 3 N1 N3 144 0.250 1
10 4 N2 N3 173 0.010 1
11 1 N3 N3 223 0.380 1
11 2 N5 N3 118 0.140 1
11 3 N1 N3 143 0.270 1
11 4 N2 N3 174 0.000 1
12 1 N3 N3 221 0.430 1
12 2 N5 N3 118 1.190 1
12 3 N1 N3 143 0.290 1
12 4 N2 N3 175 0.540 1
13 1 N3 N3 220 0.980 1
13 2 N5 N3 118 0.190 1
13 3 N1 N3 143 0.840 1
13 4 N2 N3 176 0.540 1
14 1 N3 N3 219 0.470 1
14 2 N5 N3 118 1.240 1
14 3 N1 N3 143 0.340 1
14 4 N2 N3 179 0.040 1
15 1 N3 N3 219 0.500 1
15 2 N5 N3 118 0.690 1
15 3 N1 N3 144 0.870 1
15 4 N2 N3 181 0.070 1
16 1 N3 N3 220 0.520 1
16 2 N5 N3 118 0.720 1
16 3 N1 N3 143 0.360 1
16 4 N2 N3 181 0.100 1
17 1 N3 N3 221 0.000 1
17 2 N5 N3 117 0.750 1
17 3 N1 N3 143 0.890 1
17 4 N2 N3 181 0.630 1
18 1 N3 N3 222 0.000 1
18 2 N5 N3 117 0.270 1
18 3 N1 N3 143 0.660 1
18 4 N2 N3 181 1.680 1
19 1 N3 N3 223 0.040 1
19 2 N5 N3 117 0.790 1
19 3 N1 N3 143 0.530 1
19 4 N2 N3 181 0.100 1
20 1 N3 N3 223 0.070 1
20 2 N5 N3 117 0.320 1
20 3 N1 N3 142 0.440 1
20 4 N2 N3 180 0.140 1
21 1 N3 N3 224 0.620 1
21 2 N5 N3 117 1.370 1
21 3 N1 N3 142 1.490 1
21 4 N2 N3 180 0.680 1
22 1 N3 N3 223 0.120 1
22 2 N5 N3 117 0.370 1
22 3 N1 N3 142 0.470 1
22 4 N2 N3 180 0.690 1
23 1 N3 N3 223 0.150 1
23 2 N5 N3 117 0.470 1
23 3 N1 N3 141 0.470 1
23 4 N2 N3 179 0.220 1
24 1 N3 N3 222 0.150 1
24 2 N5 N3 118 0.020 1
24 3 N1 N3 138 0.020 1
24 4 N2 N3 176 0.240 1
25 1 N3 N3 221 0.690 1
25 2 N5 N3 118 0.510 1
25 3 N1 N3 137 0.510 1
25 4 N2 N3 173 0.280 1
26 1 N3 N3 220 0.210 1
26 2 N5 N3 118 0.540 1
26 3 N1 N3 135 0.030 1
26 4 N2 N3 170 0.290 1
27 1 N3 N3 219 0.220 1
27 2 N5 N3 119 0.600 1
27 3 N1 N3 133 0.600 1
27 4 N2 N3 168 0.320 1
28 1 N3 N3 219 0.240 1
28 2 N5 N3 119 0.630 1
28 3 N1 N3 131 0.110 1
28 4 N2 N3 166 0.870 1
29 1 N3 N3 218 0.780 1
29 2 N5 N3 120 0.130 1
29 3 N1 N3 129 0.130 1
29 4 N2 N3 165 0.850 1
30 1 N3 N3 217 0.230 1
30 2 N5 N3 121 0.020 1
30 3 N1 N3 129 1.180 1
30 4 N2 N3 165 1.900 1
31 1 N3 N3 214 0.280 1
31 2 N5 N3 122 0.150 1
31 3 N1 N3 128 0.600 1
31 4 N2 N3 164 0.950 1
32 1 N3 N3 213 0.840 1
32 2 N5 N3 123 0.200 1
32 3 N1 N3 127 0.200 1
32 4 N2 N3 162 0.470 1
33 1 N3 N3 210 0.360 1
33 2 N5 N3 123 0.220 1
33 3 N1 N3 125 0.220 1
33 4 N2 N3 158 0.460 1
34 1 N3 N3 208 0.400 1
34 2 N5 N3 123 0.260 1
34 3 N1 N3 123 0.710 1
34 4 N2 N3 155 0.480 1
35 1 N3 N3 205 0.410 1
35 2 N5 N3 123 1.310 1
35 3 N1 N3 123 1.760 1
35 4 N2 N3 152 0.490 1
36 1 N3 N3 202 0.370 1
36 2 N5 N3 122 0.820 1
36 3 N1 N3 122 0.250 1
36 4 N2 N3 148 0.000 1
37 1 N3 N3 199 0.400 1
37 2 N5 N3 121 0.920 1
37 3 N1 N3 120 0.810 1
37 4 N2 N3 146 0.530 1
38 1 N3 N3 198 0.420 1
38 2 N5 N3 120 0.420 1
38 3 N1 N3 116 0.300 1
38 4 N2 N3 144 0.010 1
39 1 N3 N3 195 0.420 1
39 2 N5 N3 119 0.420 1
39 3 N1 N3 113 0.320 1
39 4 N2 N3 139 0.040 1
40 1 N3 N3 194 0.470 1
40 2 N5 N3 115 0.470 1
40 3 N1 N3 110 0.360 1
40 4 N2 N3 136 0.600 1
41 1 N3 N3 192 0.490 1
41 2 N5 N3 111 0.510 1
41 3 N1 N3 106 0.390 1
41 4 N2 N3 130 0.090 1
42 1 N3 N3 187 0.020 1
42 2 N5 N3 105 0.020 1
42 3 N1 N3 101 0.020 1
42 4 N2 N3 127 0.640 1
43 1 N3 N3 185 0.000 1
43 2 N5 N3 101 0.000 1
43 3 N1 N3 97 0.000 1
43 4 N2 N3 125 0.150 1
44 1 N3 N3 182 0.030 1
44 2 N5 N3 99 0.550 1
44 3 N1 N3 96 0.550 1
44 4 N2 N3 124 0.690 1
45 1 N3 N3 179 0.030 1
45 2 N5 N3 99 1.590 1
45 3 N1 N3 93 0.030 1
45 4 N2 N3 121 0.170 1
46 1 N3 N3 176 0.120 1
46 2 N5 N3 95 0.120 1
46 3 N1 N3 90 0.120 1
46 4 N2 N3 117 0.230 1
47 1 N3 N3 173 0.160 1
47 2 N5 N3 92 0.160 1
47 3 N1 N3 89 0.060 1
47 4 N2 N3 113 0.270 1
48 1 N3 N3 171 0.190 1
48 2 N5 N3 89 0.190 1
48 3 N1 N3 87 0.190 1
48 4 N2 N3 113 1.320 1
49 1 N3 N3 170 0.210 1
49 2 N5 N3 86 0.210 1
49 3 N1 N3 85 0.720 1
49 4 N2 N3 111 0.330 1
50 1 N3 N3 168 0.240 1
50 2 N5 N3 85 0.740 1
50 3 N1 N3 84 0.740 1
50 4 N2 N3 109 0.870 1
51 1 N3 N3 167 0.240 1
51 2 N5 N3 85 0.370 1
51 3 N1 N3 84 1.030 1
51 4 N2 N3 109 1.920 1
52 1 N3 N3 166 0.280 1
52 2 N5 N3 84 0.280 1
52 3 N1 N3 84 0.780 1
52 4 N2 N3 107 0.430 1
53 1 N3 N3 166 0.290 1
53 2 N5 N3 84 1.320 1
53 3 N1 N3 84 1.820 1
53 4 N2 N3 105 0.440 1
54 1 N3 N3 165 0.310 1
54 2 N5 N3 83 0.210 1
54 3 N1 N3 83 0.000 1
54 4 N2 N3 104 0.460 1
55 1 N3 N3 166 0.350 1
55 2 N5 N3 81 0.200 1
55 3 N1 N3 82 0.350 1
55 4 N2 N3 104 0.500 1
56 1 N3 N3 166 0.370 1
56 2 N5 N3 81 0.750 1
56 3 N1 N3 80 0.370 1
56 4 N2 N3 101 0.000 1
57 1 N3 N3 165 0.360 1
57 2 N5 N3 80 0.640 1
57 3 N1 N3 80 0.900 1
57 4 N2 N3 101 1.050 1
58 1 N3 N3 164 0.440 1
58 2 N5 N3 79 0.820 1
58 3 N1 N3 79 0.310 1
58 4 N2 N3 101 2.100 1
59 1 N3 N3 163 0.450 1
59 2 N5 N5 0 0.330 0
59 3 N5 N3 79 0.330 1
59 4 N1 N3 80 0.330 1
59 5 N2 N3 100 0.040 1
60 1 N3 N3 163 0.450 1
60 2 N5 N5 0 0.320 0
60 3 N5 N3 78 0.320 1
60 4 N1 N3 80 0.450 1
60 5 N2 N3 99 0.060 1
61 1 N3 N3 163 0.470 1
61 2 N5 N5 0 1.370 0
61 3 N5 N3 78 1.370 1
61 4 N1 N3 81 0.760 1
61 5 N2 N3 99 0.070 1
62 1 N3 N3 164 0.480 1
62 2 N5 N5 0 2.430 0
62 3 N5 N3 78 2.430 1
62 4 N1 N3 81 0.480 1
62 5 N2 N3 99 0.130 1
63 1 N3 N3 165 0.500 1
63 2 N5 N5 0 0.520 0
63 3 N5 N3 81 0.520 1
63 4 N1 N3 82 1.010 1
63 5 N2 N3 100 0.140 1
64 1 N3 N3 165 0.000 1
64 2 N5 N5 0 0.030 0
64 3 N5 N3 84 0.030 1
64 4 N1 N3 82 0.000 1
64 5 N2 N3 101 0.170 1
65 1 N3 N3 164 0.010 1
65 2 N5 N5 0 0.540 0
65 3 N5 N3 85 0.540 1
65 4 N1 N3 83 0.120 1
65 5 N2 N3 101 0.180 1
66 1 N3 N3 165 0.050 1
66 2 N5 N5 0 0.570 0
66 3 N5 N3 88 0.570 1
66 4 N1 N3 83 1.170 1
66 5 N2 N3 103 0.200 1
67 1 N3 N3 165 0.060 1
67 2 N5 N5 0 0.090 0
67 3 N5 N3 92 0.090 1
67 4 N1 N3 85 0.590 1
67 5 N2 N3 103 0.250 1
68 1 N3 N3 166 0.080 1
68 2 N5 N5 0 0.150 0
68 3 N5 N3 98 0.150 1
68 4 N1 N3 86 0.630 1
68 5 N2 N3 105 0.290 1
69 1 N3 N3 167 0.000 1
69 2 N5 N5 0 0.130 0
69 3 N5 N3 104 0.130 1
69 4 N1 N3 86 1.680 1
69 5 N2 N3 106 0.850 1
70 1 N3 N3 166 0.140 1
70 2 N5 N5 0 0.170 0
70 3 N5 N3 109 0.170 1
70 4 N1 N3 88 0.180 1
70 5 N2 N3 108 0.340 1
71 1 N3 N3 168 0.050 1
71 2 N5 N5 0 0.310 0
71 3 N5 N3 111 0.310 1
71 4 N1 N3 89 0.720 1
71 5 N2 N3 110 0.390 1
72 1 N3 N3 170 0.230 1
72 2 N5 N5 0 0.760 0
72 3 N5 N3 113 0.760 1
72 4 N1 N3 90 0.230 1
72 5 N2 N3 111 0.430 1
73 1 N3 N3 173 0.120 1
73 2 N5 N5 0 0.130 0
73 3 N5 N3 115 0.130 1
73 4 N1 N3 92 0.250 1
73 5 N2 N3 114 0.250 1
74 1 N3 N3 176 0.290 1
74 2 N5 N5 0 0.300 0
74 3 N5 N3 119 0.300 1
74 4 N1 N3 93 0.310 1
74 5 N2 N3 116 0.320 1
75 1 N3 N3 178 0.340 1
75 2 N5 N5 0 0.310 0
75 3 N5 N3 123 0.310 1
75 4 N1 N3 94 0.340 1
75 5 N2 N3 119 0.460 1
76 1 N3 N3 181 0.250 1
76 2 N5 N5 0 0.290 0
76 3 N5 N3 126 0.290 1
76 4 N1 N3 95 0.880 1
76 5 N2 N3 121 0.500 1
77 1 N3 N3 184 0.390 1
77 2 N5 N5 0 0.460 0
77 3 N5 N3 128 0.460 1
77 4 N1 N3 96 0.040 1
77 5 N2 N3 123 0.570 1
78 1 N3 N3 187 0.300 1
78 2 N5 N5 0 0.370 0
78 3 N5 N3 131 0.370 1
78 4 N1 N3 98 0.460 1
78 5 N2 N3 126 0.070 1
79 1 N3 N3 190 0.350 1
79 2 N5 N5 0 0.030 0
79 3 N5 N3 135 0.030 1
79 4 N1 N3 101 0.030 1
79 5 N2 N3 129 0.140 1
80 1 N3 N3 192 0.390 1
80 2 N5 N5 0 0.080 0
80 3 N5 N3 139 0.080 1
80 4 N1 N3 102 0.060 1
80 5 N2 N3 129 0.170 1
81 1 N3 N5 6 0.380 0
81 2 N3 N3 193 0.380 1
81 3 N5 N5 8 0.090 0
81 4 N5 N3 142 0.090 1
81 5 N1 N5 5 0.070 0
81 6 N1 N3 105 0.070 1
81 7 N2 N3 131 0.210 1
82 1 N3 N5 8 0.030 0
82 2 N3 N3 195 0.030 1
82 3 N5 N5 10 0.550 0
82 4 N5 N3 147 0.550 1
82 5 N1 N5 5 0.120 0
82 6 N1 N3 105 0.120 1
82 7 N2 N5 21 0.240 0
82 8 N2 N3 132 0.240 1
83 1 N3 N5 8 0.040 0
83 2 N3 N3 197 0.040 1
83 3 N5 N5 17 0.410 0
83 4 N5 N3 153 0.410 1
83 5 N1 N5 5 0.140 0
83 6 N1 N3 107 0.140 1
83 7 N2 N5 24 0.290 0
83 8 N2 N3 135 0.290 1
84 1 N3 N5 14 0.110 0
84 2 N3 N3 197 0.110 1
84 3 N5 N5 25 0.320 0
84 4 N5 N3 158 0.320 1
84 5 N1 N5 13 0.220 0
84 6 N1 N3 109 0.220 1
84 7 N2 N5 24 0.350 0
84 8 N2 N3 136 0.350 1
85 1 N3 N5 28 0.030 0
85 2 N3 N3 197 0.030 1
85 3 N5 N5 33 0.190 0
85 4 N5 N3 161 0.190 1
85 5 N1 N5 19 0.320 0
85 6 N1 N3 109 0.320 1
85 7 N2 N5 31 0.320 0
85 8 N2 N3 138 0.320 1
86 1 N3 N5 43 0.110 0
86 2 N3 N3 196 0.110 1
86 3 N5 N5 41 0.240 0
86 4 N5 N3 167 0.240 1
86 5 N1 N5 19 0.330 0
86 6 N1 N3 109 0.330 1
86 7 N2 N5 38 0.960 0
86 8 N2 N3 138 0.960 1
87 1 N3 N5 52 0.130 0
87 2 N3 N3 196 0.130 1
87 3 N5 N5 47 0.390 0
87 4 N5 N3 169 0.390 1
87 5 N1 N5 25 0.390 0
87 6 N1 N3 109 0.390 1
87 7 N2 N5 48 0.510 0
87 8 N2 N3 138 0.510 1
88 1 N3 N5 58 0.190 0
88 2 N3 N3 197 0.190 1
88 3 N5 N5 53 0.330 0
88 4 N5 N3 171 0.330 1
88 5 N1 N5 35 0.390 0
88 6 N1 N3 108 0.390 1
88 7 N2 N5 63 0.040 0
88 8 N2 N3 137 0.040 1
89 1 N3 N5 67 0.250 0
89 2 N3 N3 197 0.250 1
89 3 N5 N5 59 0.330 0
89 4 N5 N3 173 0.330 1
89 5 N1 N5 38 0.930 0
89 6 N1 N3 107 0.930 1
89 7 N2 N5 66 0.580 0
89 8 N2 N3 137 0.580 1
90 1 N3 N5 71 0.390 0
90 2 N3 N3 197 0.390 1
90 3 N5 N5 73 0.380 0
90 4 N5 N3 173 0.380 1
90 5 N1 N5 38 0.990 0
90 6 N1 N3 106 0.990 1
90 7 N2 N5 66 0.130 0
90 8 N2 N3 136 0.130 1
91 1 N3 N5 83 0.300 0
91 2 N3 N3 196 0.300 1
91 3 N5 N5 91 0.010 0
91 4 N5 N3 172 0.010 1
91 5 N1 N5 43 0.530 0
91 6 N1 N3 105 0.530 1
91 7 N2 N5 76 0.140 0
91 8 N2 N3 135 0.140 1
92 1 N3 N5 91 0.360 0
92 2 N3 N3 195 0.360 1
92 3 N5 N5 101 0.020 0
92 4 N5 N3 170 0.020 1
92 5 N1 N5 43 0.570 0
92 6 N1 N3 104 0.570 1
92 7 N2 N5 77 0.240 0
92 8 N2 N3 134 0.240 1
93 1 N3 N5 97 0.010 0
93 2 N3 N3 194 0.010 1
93 3 N5 N5 110 0.070 0
93 4 N5 N3 167 0.070 1
93 5 N1 N5 53 0.110 0
93 6 N1 N3 102 0.110 1
93 7 N2 N5 81 0.320 0
93 8 N2 N3 132 0.320 1
94 1 N3 N5 100 0.060 0
94 2 N3 N3 193 0.060 1
94 3 N5 N5 118 0.100 0
94 4 N5 N3 166 0.100 1
94 5 N1 N5 53 1.180 0
94 6 N1 N3 102 1.180 1
94 7 N2 N5 81 0.870 0
94 8 N2 N3 132 0.870 1
95 1 N3 N5 102 0.030 0
95 2 N3 N3 192 0.030 1
95 3 N5 N5 125 0.020 0
95 4 N5 N3 165 0.020 1
95 5 N1 N5 56 0.030 0
95 6 N1 N3 102 0.030 1
95 7 N2 N5 83 0.370 0
95 8 N2 N3 132 0.370 1
96 1 N3 N5 103 0.140 0
96 2 N3 N3 191 0.140 1
96 3 N5 N5 125 0.480 0
96 4 N5 N3 165 0.480 1
96 5 N1 N5 60 0.200 0
96 6 N1 N3 101 0.200 1
96 7 N2 N5 85 0.480 0
96 8 N2 N3 131 0.480 1
97 1 N3 N5 104 0.190 0
97 2 N3 N3 189 0.190 1
97 3 N5 N5 128 0.270 0
97 4 N5 N3 165 0.270 1
97 5 N1 N5 60 0.540 0
97 6 N1 N3 101 0.540 1
97 7 N2 N5 85 1.550 0
97 8 N2 N3 131 1.550 1
98 1 N3 N5 105 0.250 0
98 2 N3 N3 188 0.250 1
98 3 N5 N5 138 0.120 0
98 4 N5 N3 161 0.120 1
98 5 N1 N5 60 0.740 0
98 6 N1 N3 102 0.740 1
98 7 N2 N5 85 2.620 0
98 8 N2 N3 131 2.620 1
99 1 N3 N5 106 0.270 0
99 2 N3 N3 186 0.270 1
99 3 N5 N5 138 1.190 0
99 4 N5 N3 161 1.190 1
99 5 N1 N5 60 1.810 0
99 6 N1 N3 102 1.810 1
99 7 N2 N5 87 0.590 0
99 8 N2 N3 131 0.590 1
100 1 N3 N5 106 0.650 0
100 2 N3 N3 185 0.650 1
100 3 N5 N5 147 0.020 0
100 4 N5 N3 159 0.020 1
100 5 N1 N5 60 2.880 0
100 6 N1 N3 102 2.880 1
100 7 N2 N5 91 0.570 0
100 8 N2 N3 129 0.570 1
101 1 N3 N5 117 0.630 0
101 2 N3 N3 184 0.630 1
101 3 N5 N5 149 0.380 0
101 4 N5 N3 152 0.380 1
101 5 N1 N5 64 0.820 0
101 6 N1 N3 101 0.820 1
101 7 N2 N5 93 0.830 0
101 8 N2 N3 129 0.830 1
102 1 N3 N5 128 0.400 0
102 2 N3 N3 180 0.400 1
102 3 N5 N5 149 1.460 0
102 4 N5 N3 152 1.460 1
102 5 N1 N5 67 0.900 0
102 6 N1 N3 100 0.900 1
102 7 N2 N5 95 0.680 0
102 8 N2 N3 126 0.680 1
103 1 N3 N5 128 0.380 0
103 2 N3 N3 177 0.380 1
103 3 N5 N5 149 2.530 0
103 4 N5 N3 152 2.530 1
103 5 N1 N5 69 0.650 0
103 6 N1 N3 100 0.650 1
103 7 N2 N5 96 0.170 0
103 8 N2 N3 123 0.170 1
104 1 N3 N5 128 0.460 0
104 2 N3 N3 175 0.460 1
104 3 N5 N5 164 0.570 1
104 4 N5 N3 147 0.570 0
104 5 N1 N5 69 1.720 0
104 6 N1 N3 100 1.720 1
104 7 N2 N5 0 0.740 0
104 8 N2 N3 122 0.740 1
105 1 N3 N5 128 0.510 0
105 2 N3 N3 172 0.510 1
105 3 N5 N5 164 1.640 1
105 4 N5 N3 147 1.640 0
105 5 N1 N5 77 0.020 0
105 6 N1 N3 99 0.020 1
105 7 N2 N5 0 0.260 0
105 8 N2 N3 121 0.260 1
106 1 N3 N5 128 1.060 0
106 2 N3 N3 171 1.060 1
106 3 N5 N5 177 0.670 1
106 4 N5 N3 145 0.670 0
106 5 N1 N5 77 1.090 0
106 6 N1 N3 99 1.090 1
106 7 N2 N5 0 1.330 0
106 8 N2 N3 121 1.330 1
107 1 N3 N5 128 0.100 0
107 2 N3 N3 168 0.100 1
107 3 N5 N5 181 1.050 1
107 4 N5 N3 145 1.050 0
107 5 N1 N5 77 0.130 0
107 6 N1 N3 98 0.130 1
107 7 N2 N5 0 0.290 0
107 8 N2 N3 120 0.290 1
108 1 N3 N5 0 0.120 0
108 2 N3 N3 167 0.120 1
108 3 N5 N5 190 1.010 1
108 4 N5 N3 144 1.010 0
108 5 N1 N5 77 0.710 0
108 6 N1 N3 98 0.710 1
108 7 N2 N5 0 0.470 0
108 8 N2 N3 119 0.470 1
109 1 N3 N5 0 0.360 0
109 2 N3 N3 167 0.360 1
109 3 N5 N5 197 0.360 1
109 4 N5 N3 0 0.360 0
109 5 N1 N5 79 0.760 0
109 6 N1 N3 97 0.760 1
109 7 N2 N5 0 1.020 0
109 8 N2 N3 117 1.020 1
110 1 N3 N5 0 0.210 0
110 2 N3 N3 166 0.210 1
110 3 N5 N5 201 0.320 1
110 4 N5 N3 0 0.320 0
110 5 N1 N5 79 0.810 0
110 6 N1 N3 96 0.810 1
110 7 N2 N5 0 0.500 0
110 8 N2 N3 116 0.500 1
111 1 N3 N5 176 0.410 1
111 2 N3 N3 166 0.410 0
111 3 N5 N5 211 0.490 1
111 4 N5 N3 0 0.490 0
111 5 N1 N5 0 0.260 0
111 6 N1 N3 95 0.260 1
111 7 N2 N5 0 1.570 0
111 8 N2 N3 116 1.570 1
112 1 N3 N5 176 0.310 1
112 2 N3 N3 166 0.310 0
112 3 N5 N5 214 0.550 1
112 4 N5 N3 0 0.550 0
112 5 N1 N5 0 0.340 0
112 6 N1 N3 95 0.340 1
112 7 N2 N5 0 0.390 0
112 8 N2 N3 113 0.390 1
113 1 N3 N5 176 0.310 1
113 2 N3 N3 167 0.310 0
113 3 N5 N5 221 0.480 1
113 4 N5 N3 121 0.480 0
113 5 N1 N5 0 0.340 0
113 6 N1 N3 93 0.340 1
113 7 N2 N5 0 1.460 0
113 8 N2 N3 113 1.460 1
114 1 N3 N5 176 0.820 1
114 2 N3 N3 167 0.820 0
114 3 N5 N5 221 1.550 1
114 4 N5 N3 121 1.550 0
114 5 N1 N5 0 0.820 0
114 6 N1 N3 92 0.820 1
114 7 N2 N5 0 0.830 0
114 8 N2 N3 112 0.830 1
115 1 N3 N5 176 0.710 1
115 2 N3 N3 166 0.710 0
115 3 N5 N5 227 0.830 1
115 4 N5 N3 121 0.830 0
115 5 N1 N5 0 1.900 0
115 6 N1 N3 92 1.900 1
115 7 N2 N5 0 0.720 0
115 8 N2 N3 109 0.720 1
116 1 N3 N5 176 0.700 1
116 2 N3 N3 165 0.700 0
116 3 N5 N5 227 0.150 1
116 4 N5 N3 121 0.150 0
116 5 N1 N5 0 2.970 0
116 6 N1 N3 92 2.970 1
116 7 N2 N5 0 0.700 0
116 8 N2 N3 106 0.700 1
117 1 N3 N5 176 1.840 1
117 2 N3 N3 165 1.840 0
117 3 N5 N5 227 1.080 1
117 4 N5 N3 121 1.080 0
117 5 N1 N5 0 4.110 0
117 6 N1 N3 92 4.110 1
117 7 N2 N5 0 1.840 0
117 8 N2 N3 106 1.840 1
118 1 N3 N5 176 0.540 1
118 2 N3 N3 162 0.540 0
118 3 N5 N5 227 0.950 1
118 4 N5 N3 121 0.950 0
118 5 N1 N5 0 0.550 0
118 6 N1 N3 90 0.550 1
118 7 N2 N5 0 0.540 0
118 8 N2 N3 102 0.540 1
119 1 N3 N5 176 1.610 1
119 2 N3 N3 162 1.610 0
119 3 N5 N5 223 0.440 1
119 4 N5 N3 121 0.440 0
119 5 N1 N5 0 1.620 0
119 6 N1 N3 90 1.620 1
119 7 N2 N5 0 1.610 0
119 8 N2 N3 102 1.610 1
120 1 N3 N5 0 0.610 0
120 2 N3 N3 159 0.610 1
120 3 N5 N5 223 0.620 1
120 4 N5 N3 121 0.620 0
120 5 N1 N5 0 2.690 0
120 6 N1 N3 90 2.690 1
120 7 N2 N5 0 0.920 0
120 8 N2 N3 98 0.920 1
121 1 N3 N5 0 1.680 0
121 2 N3 N3 159 1.680 1
121 3 N5 N5 223 1.690 1
121 4 N5 N3 121 1.690 0
121 5 N1 N5 0 3.760 0
121 6 N1 N3 90 3.760 1
121 7 N2 N5 0 1.990 0
121 8 N2 N3 98 1.990 1
122 1 N3 N5 0 0.570 0
122 2 N3 N3 156 0.570 1
122 3 N5 N5 220 0.640 1
122 4 N5 N3 121 0.640 0
122 5 N1 N5 0 0.570 0
122 6 N1 N3 87 0.570 1
122 7 N2 N5 0 0.540 0
122 8 N2 N3 92 0.540 1
123 1 N3 N5 0 0.220 0
123 2 N3 N3 155 0.220 1
123 3 N5 N5 220 0.240 1
123 4 N5 N3 93 0.240 0
123 5 N1 N5 0 1.640 0
123 6 N1 N3 87 1.640 1
123 7 N2 N5 0 1.610 0
123 8 N2 N3 92 1.610 1
124 1 N3 N5 0 0.360 0
124 2 N3 N3 155 0.360 1
124 3 N5 N5 220 1.300 1
124 4 N5 N3 93 1.300 0
124 5 N1 N5 0 0.360 0
124 6 N1 N3 87 0.360 1
124 7 N2 N5 0 0.720 0
124 8 N2 N3 92 0.720 1
125 1 N3 N5 0 0.890 0
125 2 N3 N3 156 0.890 1
125 3 N5 N5 220 2.380 1
125 4 N5 N3 93 2.380 0
125 5 N1 N5 0 0.890 0
125 6 N1 N3 87 0.890 1
125 7 N2 N5 0 0.900 0
125 8 N2 N3 92 0.900 1
126 1 N3 N5 0 0.410 0
126 2 N3 N3 159 0.410 1
126 3 N5 N5 220 3.470 1
126 4 N5 N3 93 3.470 0
126 5 N1 N5 0 0.410 0
126 6 N1 N3 87 0.410 1
126 7 N2 N5 0 0.420 0
126 8 N2 N3 93 0.420 1
127 1 N3 N5 0 0.460 0
127 2 N3 N3 160 0.460 1
127 3 N5 N5 212 0.660 1
127 4 N5 N3 65 0.660 0
127 5 N1 N5 0 0.460 0
127 6 N1 N3 88 0.460 1
127 7 N2 N5 0 1.490 0
127 8 N2 N3 93 1.490 1
128 1 N3 N5 0 0.990 0
128 2 N3 N3 163 0.990 1
128 3 N5 N5 212 1.730 1
128 4 N5 N3 65 1.730 0
128 5 N1 N5 0 1.000 0
128 6 N1 N3 89 1.000 1
128 7 N2 N5 0 2.560 0
128 8 N2 N3 93 2.560 1
129 1 N3 N5 0 0.360 0
129 2 N3 N3 166 0.360 1
129 3 N5 N5 212 2.860 1
129 4 N5 N3 65 2.860 0
129 5 N1 N5 0 0.830 0
129 6 N1 N3 90 0.830 1
129 7 N2 N5 0 0.360 0
129 8 N2 N3 97 0.360 1
130 1 N3 N5 0 1.440 0
130 2 N3 N3 166 1.440 1
130 3 N5 N5 212 3.940 1
130 4 N5 N3 65 3.940 0
130 5 N1 N5 0 1.910 0
130 6 N1 N3 90 1.910 1
130 7 N2 N5 0 1.440 0
130 8 N2 N3 97 1.440 1
131 1 N3 N5 0 0.300 0
131 2 N3 N3 167 0.300 1
131 3 N5 N5 212 5.000 1
131 4 N5 N3 65 5.000 0
131 5 N1 N5 0 0.300 0
131 6 N1 N3 90 0.300 1
131 7 N2 N5 0 0.310 0
131 8 N2 N3 100 0.310 1
132 1 N3 N5 0 1.370 0
132 2 N3 N3 167 1.370 1
132 3 N5 N5 208 0.850 1
132 4 N5 N3 65 0.850 0
132 5 N1 N5 0 1.370 0
132 6 N1 N3 90 1.370 1
132 7 N2 N5 0 1.380 0
132 8 N2 N3 100 1.380 1
133 1 N3 N5 0 0.600 0
133 2 N3 N3 166 0.600 1
133 3 N5 N5 208 1.920 1
133 4 N5 N3 65 1.920 0
133 5 N1 N5 0 0.610 0
133 6 N1 N3 91 0.610 1
133 7 N2 N5 0 0.610 0
133 8 N2 N3 102 0.610 1
134 1 N3 N5 0 0.930 0
134 2 N3 N3 166 0.930 1
134 3 N5 N5 198 0.650 1
134 4 N5 N3 65 0.650 0
134 5 N1 N5 0 0.930 0
134 6 N1 N3 92 0.930 1
134 7 N2 N5 0 0.930 0
134 8 N2 N3 104 0.930 1
135 1 N3 N5 0 0.700 0
135 2 N3 N3 166 0.700 1
135 3 N5 N5 192 0.640 1
135 4 N5 N3 65 0.640 0
135 5 N1 N5 0 0.710 0
135 6 N1 N3 92 0.710 1
135 7 N2 N5 0 0.700 0
135 8 N2 N3 105 0.700 1
136 1 N3 N5 0 0.480 0
136 2 N3 N3 166 0.480 1
136 3 N5 N5 165 0.270 1
136 4 N5 N3 65 0.270 0
136 5 N1 N5 0 1.780 0
136 6 N1 N3 92 1.780 1
136 7 N2 N5 0 0.480 0
136 8 N2 N3 106 0.480 1
137 1 N3 N5 0 0.060 0
137 2 N3 N3 165 0.060 1
137 3 N5 N5 160 0.870 1
137 4 N5 N3 65 0.870 0
137 5 N1 N5 0 0.070 0
137 6 N1 N3 92 0.070 1
137 7 N2 N5 0 0.060 0
137 8 N2 N3 106 0.060 1
138 1 N3 N5 0 0.720 0
138 2 N3 N3 166 0.720 1
138 3 N5 N5 150 0.120 1
138 4 N5 N3 65 0.120 0
138 5 N1 N5 0 0.730 0
138 6 N1 N3 91 0.730 1
138 7 N2 N5 0 0.720 0
138 8 N2 N3 106 0.720 1
139 1 N3 N5 0 1.790 0
139 2 N3 N3 166 1.790 1
139 3 N5 N5 146 0.920 1
139 4 N5 N3 0 0.920 0
139 5 N1 N5 0 1.800 0
139 6 N1 N3 91 1.800 1
139 7 N2 N5 0 1.790 0
139 8 N2 N3 106 1.790 1
140 1 N3 N5 0 0.110 0
140 2 N3 N3 169 0.110 1
140 3 N5 N5 146 1.990 1
140 4 N5 N3 0 1.990 0
140 5 N1 N5 0 0.610 0
140 6 N1 N3 88 0.610 1
140 7 N2 N5 0 0.400 0
140 8 N2 N3 103 0.400 1
141 1 N3 N5 0 0.170 0
141 2 N3 N3 171 0.170 1
141 3 N5 N5 128 0.590 1
141 4 N5 N3 0 0.590 0
141 5 N1 N5 0 0.690 0
141 6 N1 N3 87 0.690 1
141 7 N2 N5 0 0.410 0
141 8 N2 N3 103 0.410 1
142 1 N3 N5 0 0.210 0
142 2 N3 N3 172 0.210 1
142 3 N5 N5 126 0.630 1
142 4 N5 N3 0 0.630 0
142 5 N1 N5 0 0.210 0
142 6 N1 N3 86 0.210 1
142 7 N2 N5 0 0.460 0
142 8 N2 N3 103 0.460 1
143 1 N3 N5 0 0.770 0
143 2 N3 N3 172 0.770 1
143 3 N5 N5 126 0.690 1
143 4 N5 N3 0 0.690 0
143 5 N1 N5 0 1.280 0
143 6 N1 N3 86 1.280 1
143 7 N2 N5 0 0.460 0
143 8 N2 N3 103 0.460 1
144 1 N3 N5 0 0.300 0
144 2 N3 N3 173 0.300 1
144 3 N5 N5 126 0.450 1
144 4 N5 N3 0 0.450 0
144 5 N1 N5 0 0.300 0
144 6 N1 N3 86 0.300 1
144 7 N2 N5 0 0.020 0
144 8 N2 N3 103 0.020 1
145 1 N3 N5 0 0.330 0
145 2 N3 N3 175 0.330 1
145 3 N5 N5 126 0.190 1
145 4 N5 N3 0 0.190 0
145 5 N1 N5 0 1.380 0
145 6 N1 N3 86 1.380 1
145 7 N2 N5 0 1.100 0
145 8 N2 N3 103 1.100 1
146 1 N3 N5 0 0.370 0
146 2 N3 N3 176 0.370 1
146 3 N5 N5 126 0.650 1
146 4 N5 N3 0 0.650 0
146 5 N1 N5 0 0.370 0
146 6 N1 N3 87 0.370 1
146 7 N2 N5 0 0.630 0
146 8 N2 N3 104 0.630 1
147 1 N3 N5 0 0.400 0
147 2 N3 N3 178 0.400 1
147 3 N5 N5 130 0.200 1
147 4 N5 N3 0 0.200 0
147 5 N1 N5 0 0.400 0
147 6 N1 N3 89 0.400 1
147 7 N2 N5 0 0.150 0
147 8 N2 N3 106 0.150 1
148 1 N3 N5 0 0.440 0
148 2 N3 N3 181 0.440 1
148 3 N5 N5 137 0.410 1
148 4 N5 N3 0 0.410 0
148 5 N1 N5 0 0.440 0
148 6 N1 N3 92 0.440 1
148 7 N2 N5 0 0.160 0
148 8 N2 N3 110 0.160 1
149 1 N3 N5 0 0.000 0
149 2 N3 N3 184 0.000 1
149 3 N5 N5 143 0.430 1
149 4 N5 N3 0 0.430 0
149 5 N1 N5 0 0.000 0
149 6 N1 N3 95 0.000 1
149 7 N2 N5 0 0.180 0
149 8 N2 N3 112 0.180 1
150 1 N3 N5 0 0.020 0
150 2 N3 N3 185 0.020 1
150 3 N5 N5 149 0.490 1
150 4 N5 N3 0 0.490 0
150 5 N1 N5 0 0.550 0
150 6 N1 N3 97 0.550 1
150 7 N2 N5 0 0.220 0
150 8 N2 N3 115 0.220 1
151 1 N3 N5 0 0.080 0
151 2 N3 N3 186 0.080 1
151 3 N5 N5 158 0.030 1
151 4 N5 N3 0 0.030 0
151 5 N1 N5 0 1.640 0
151 6 N1 N3 97 1.640 1
151 7 N2 N5 0 0.290 0
151 8 N2 N3 117 0.290 1
152 1 N3 N5 0 0.130 0
152 2 N3 N3 188 0.130 1
152 3 N5 N5 164 0.060 1
152 4 N5 N3 0 0.060 0
152 5 N1 N5 0 0.160 0
152 6 N1 N3 98 0.160 1
152 7 N2 N5 0 1.370 0
152 8 N2 N3 117 1.370 1
153 1 N3 N5 0 1.190 0
153 2 N3 N3 188 1.190 1
153 3 N5 N5 170 0.100 1
153 4 N5 N3 0 0.100 0
153 5 N1 N5 0 0.170 0
153 6 N1 N3 98 0.170 1
153 7 N2 N5 0 0.370 0
153 8 N2 N3 119 0.370 1
154 1 N3 N5 0 0.710 0
154 2 N3 N3 189 0.710 1
154 3 N5 N5 176 0.180 1
154 4 N5 N3 0 0.180 0
154 5 N1 N5 0 0.240 0
154 6 N1 N3 99 0.240 1
154 7 N2 N5 0 0.930 0
154 8 N2 N3 119 0.930 1
155 1 N3 N5 0 0.220 0
155 2 N3 N3 191 0.220 1
155 3 N5 N5 181 0.230 1
155 4 N5 N3 0 0.230 0
155 5 N1 N5 0 0.280 0
155 6 N1 N3 100 0.280 1
155 7 N2 N5 0 1.990 0
155 8 N2 N3 119 1.990 1
156 1 N3 N5 0 0.280 0
156 2 N3 N3 191 0.280 1
156 3 N5 N5 186 0.250 1
156 4 N5 N3 0 0.250 0
156 5 N1 N5 0 0.360 0
156 6 N1 N3 101 0.360 1
156 7 N2 N5 0 0.500 0
156 8 N2 N3 122 0.500 1
157 1 N3 N5 0 0.340 0
157 2 N3 N3 191 0.340 1
157 3 N5 N5 190 0.290 1
157 4 N5 N3 0 0.290 0
157 5 N1 N5 0 0.380 0
157 6 N1 N3 102 0.380 1
157 7 N2 N5 0 0.560 0
157 8 N2 N3 123 0.560 1
158 1 N3 N5 0 0.370 0
158 2 N3 N3 191 0.370 1
158 3 N5 N5 194 0.320 1
158 4 N5 N3 0 0.320 0
158 5 N1 N5 0 0.440 0
158 6 N1 N3 101 0.440 1
158 7 N2 N5 0 1.630 0
158 8 N2 N3 123 1.630 1
159 1 N3 N5 0 0.390 0
159 2 N3 N3 192 0.390 1
159 3 N5 N5 197 0.360 1
159 4 N5 N3 0 0.360 0
159 5 N1 N5 0 0.480 0
159 6 N1 N3 100 0.480 1
159 7 N2 N5 0 0.100 0
159 8 N2 N3 125 0.100 1
160 1 N3 N5 0 0.450 0
160 2 N3 N3 194 0.450 1
160 3 N5 N5 201 0.400 1
160 4 N5 N3 0 0.400 0
160 5 N1 N5 0 1.020 0
160 6 N1 N3 100 1.020 1
160 7 N2 N5 0 0.170 0
160 8 N2 N3 128 0.170 1
161 1 N3 N5 0 0.490 0
161 2 N3 N3 196 0.490 1
161 3 N5 N5 205 0.440 1
161 4 N5 N3 0 0.440 0
161 5 N1 N5 0 0.030 0
161 6 N1 N3 101 0.030 1
161 7 N2 N5 0 0.240 0
161 8 N2 N3 130 0.240 1
162 1 N3 N5 0 0.040 0
162 2 N3 N3 198 0.040 1
162 3 N5 N5 209 0.510 1
162 4 N5 N3 0 0.510 0
162 5 N1 N5 0 1.100 0
162 6 N1 N3 101 1.100 1
162 7 N2 N5 0 0.800 0
162 8 N2 N3 133 0.800 1
163 1 N3 N5 0 0.080 0
163 2 N3 N3 199 0.080 1
163 3 N5 N5 213 0.060 1
163 4 N5 N3 0 0.060 0
163 5 N1 N5 0 0.620 0
163 6 N1 N3 103 0.620 1
163 7 N2 N5 0 1.880 0
163 8 N2 N3 133 1.880 1
164 1 N3 N5 0 0.120 0
164 2 N3 N3 199 0.120 1
164 3 N5 N5 215 0.050 1
164 4 N5 N3 0 0.050 0
164 5 N1 N5 0 0.670 0
164 6 N1 N3 105 0.670 1
164 7 N2 N5 0 0.350 0
164 8 N2 N3 136 0.350 1
165 1 N3 N5 0 0.140 0
165 2 N3 N3 198 0.140 1
165 3 N5 N5 215 1.110 1
165 4 N5 N3 0 1.110 0
165 5 N1 N5 0 1.730 0
165 6 N1 N3 105 1.730 1
165 7 N2 N5 0 0.390 0
165 8 N2 N3 140 0.390 1
166 1 N3 N5 0 0.210 0
166 2 N3 N3 198 0.210 1
166 3 N5 N5 217 0.230 1
166 4 N5 N3 0 0.230 0
166 5 N1 N5 0 0.760 0
166 6 N1 N3 107 0.760 1
166 7 N2 N5 0 0.480 0
166 8 N2 N3 142 0.480 1
167 1 N3 N5 0 0.160 0
167 2 N3 N3 196 0.160 1
167 3 N5 N5 219 0.190 1
167 4 N5 N3 0 0.190 0
167 5 N1 N5 0 0.270 0
167 6 N1 N3 111 0.270 1
167 7 N2 N5 0 0.500 0
167 8 N2 N3 147 0.500 1
168 1 N3 N5 156 0.150 0
168 2 N3 N3 194 0.150 1
168 3 N5 N5 220 0.250 1
168 4 N5 N3 0 0.250 0
168 5 N1 N5 0 0.350 0
168 6 N1 N3 113 0.350 1
168 7 N2 N5 0 1.580 0
168 8 N2 N3 147 1.580 1
169 1 N3 N5 157 0.330 0
169 2 N3 N3 193 0.330 1
169 3 N5 N5 221 0.280 1
169 4 N5 N3 0 0.280 0
169 5 N1 N5 0 0.390 0
169 6 N1 N3 117 0.390 1
169 7 N2 N5 0 2.650 0
169 8 N2 N3 147 2.650 1
170 1 N3 N5 157 0.330 0
170 2 N3 N3 192 0.330 1
170 3 N5 N5 221 0.310 1
170 4 N5 N3 0 0.310 0
170 5 N1 N5 0 0.400 0
170 6 N1 N3 119 0.400 1
170 7 N2 N5 0 0.090 0
170 8 N2 N3 149 0.090 1
171 1 N3 N5 157 0.410 0
171 2 N3 N3 190 0.410 1
171 3 N5 N5 221 1.390 1
171 4 N5 N3 0 1.390 0
171 5 N1 N5 0 0.440 0
171 6 N1 N3 121 0.440 1
171 7 N2 N5 0 0.150 0
171 8 N2 N3 151 0.150 1
172 1 N3 N5 157 0.460 0
172 2 N3 N3 189 0.460 1
172 3 N5 N5 221 2.460 1
172 4 N5 N3 0 2.460 0
172 5 N1 N5 0 0.360 0
172 6 N1 N3 122 0.360 1
172 7 N2 N5 0 1.220 0
172 8 N2 N3 151 1.220 1
173 1 N3 N5 157 0.060 0
173 2 N3 N3 187 0.060 1
173 3 N5 N5 221 3.600 1
173 4 N5 N3 0 3.600 0
173 5 N1 N5 0 1.130 0
173 6 N1 N3 122 1.130 1
173 7 N2 N5 0 0.310 0
173 8 N2 N3 152 0.310 1
174 1 N3 N5 160 0.090 0
174 2 N3 N3 186 0.090 1
174 3 N5 N5 221 4.690 1
174 4 N5 N3 0 4.690 0
174 5 N1 N5 0 0.170 0
174 6 N1 N3 121 0.170 1
174 7 N2 N5 0 0.350 0
174 8 N2 N3 155 0.350 1
175 1 N3 N5 160 0.160 0
175 2 N3 N3 184 0.160 1
175 3 N5 N5 221 5.760 1
175 4 N5 N3 0 5.760 0
175 5 N1 N5 0 0.200 0
175 6 N1 N3 119 0.200 1
175 7 N2 N5 0 0.370 0
175 8 N2 N3 155 0.370 1
176 1 N3 N5 0 0.180 0
176 2 N3 N3 182 0.180 1
176 3 N5 N5 221 6.830 1
176 4 N5 N3 0 6.830 0
176 5 N1 N5 0 0.250 0
176 6 N1 N3 118 0.250 1
176 7 N2 N5 0 0.420 0
176 8 N2 N3 152 0.420 1
177 1 N3 N5 0 0.220 0
177 2 N3 N3 179 0.220 1
177 3 N5 N5 221 7.900 1
177 4 N5 N3 0 7.900 0
177 5 N1 N5 0 0.320 0
177 6 N1 N3 116 0.320 1
177 7 N2 N5 0 1.490 0
177 8 N2 N3 152 1.490 1
178 1 N3 N5 0 0.260 0
178 2 N3 N3 176 0.260 1
178 3 N5 N5 216 0.170 1
178 4 N5 N3 99 0.170 0
178 5 N1 N5 0 0.340 0
178 6 N1 N3 114 0.340 1
178 7 N2 N5 0 0.490 0
178 8 N2 N3 149 0.490 1
179 1 N3 N5 0 0.310 0
179 2 N3 N3 174 0.310 1
179 3 N5 N5 216 1.230 1
179 4 N5 N3 99 1.230 0
179 5 N1 N5 0 0.370 0
179 6 N1 N3 112 0.370 1
179 7 N2 N5 0 1.550 0
179 8 N2 N3 149 1.550 1
180 1 N3 N5 0 0.340 0
180 2 N3 N3 172 0.340 1
180 3 N5 N5 216 0.270 1
180 4 N5 N3 104 0.270 0
180 5 N1 N5 0 0.410 0
180 6 N1 N3 109 0.410 1
180 7 N2 N5 0 0.560 0
180 8 N2 N3 147 0.560 1
181 1 N3 N5 0 0.390 0
181 2 N3 N3 172 0.390 1
181 3 N5 N5 215 0.240 1
181 4 N5 N3 108 0.240 0
181 5 N1 N5 0 0.440 0
181 6 N1 N3 107 0.440 1
181 7 N2 N5 0 0.100 0
181 8 N2 N3 146 0.100 1
182 1 N3 N5 0 0.960 0
182 2 N3 N3 172 0.960 1
182 3 N5 N5 214 0.840 1
182 4 N5 N3 113 0.840 0
182 5 N1 N5 0 0.490 0
182 6 N1 N3 107 0.490 1
182 7 N2 N5 0 0.160 0
182 8 N2 N3 145 0.160 1
183 1 N3 N5 127 0.490 0
183 2 N3 N3 172 0.490 1
183 3 N5 N5 205 0.470 1
183 4 N5 N3 116 0.470 0
183 5 N1 N5 0 1.040 0
183 6 N1 N3 107 1.040 1
183 7 N2 N5 0 0.210 0
183 8 N2 N3 143 0.210 1
184 1 N3 N5 123 0.020 0
184 2 N3 N3 171 0.020 1
184 3 N5 N5 187 0.010 1
184 4 N5 N3 116 0.010 0
184 5 N1 N5 0 0.550 0
184 6 N1 N3 106 0.550 1
184 7 N2 N5 0 0.230 0
184 8 N2 N3 141 0.230 1
185 1 N3 N5 123 0.080 0
185 2 N3 N3 172 0.080 1
185 3 N5 N5 187 1.090 1
185 4 N5 N3 116 1.090 0
185 5 N1 N5 0 1.630 0
185 6 N1 N3 106 1.630 1
185 7 N2 N5 0 0.280 0
185 8 N2 N3 138 0.280 1
186 1 N3 N5 123 0.120 0
186 2 N3 N3 172 0.120 1
186 3 N5 N5 163 0.900 1
186 4 N5 N3 120 0.900 0
186 5 N1 N5 0 0.120 0
186 6 N1 N3 106 0.120 1
186 7 N2 N5 0 1.350 0
186 8 N2 N3 138 1.350 1
187 1 N3 N5 123 0.170 0
187 2 N3 N3 172 0.170 1
187 3 N5 N5 163 1.970 1
187 4 N5 N3 120 1.970 0
187 5 N1 N5 0 0.170 0
187 6 N1 N3 106 0.170 1
187 7 N2 N5 0 2.420 0
187 8 N2 N3 138 2.420 1
188 1 N3 N5 123 0.190 0
188 2 N3 N3 172 0.190 1
188 3 N5 N5 151 0.060 1
188 4 N5 N3 120 0.060 0
188 5 N1 N5 0 1.240 0
188 6 N1 N3 106 1.240 1
188 7 N2 N5 0 0.420 0
188 8 N2 N3 136 0.420 1
189 1 N3 N5 123 0.260 0
189 2 N3 N3 168 0.260 1
189 3 N5 N5 140 0.510 1
189 4 N5 N3 121 0.510 0
189 5 N1 N5 0 0.260 0
189 6 N1 N3 105 0.260 1
189 7 N2 N5 0 0.980 0
189 8 N2 N3 134 0.980 1
190 1 N3 N5 98 0.300 0
190 2 N3 N3 165 0.300 1
190 3 N5 N5 134 0.130 1
190 4 N5 N3 119 0.130 0
190 5 N1 N5 0 0.300 0
190 6 N1 N3 105 0.300 1
190 7 N2 N5 0 0.000 0
190 8 N2 N3 133 0.000 1
191 1 N3 N5 74 0.330 0
191 2 N3 N3 161 0.330 1
191 3 N5 N5 129 0.690 1
191 4 N5 N3 119 0.690 0
191 5 N1 N5 0 0.330 0
191 6 N1 N3 105 0.330 1
191 7 N2 N5 0 0.040 0
191 8 N2 N3 131 0.040 1
192 1 N3 N5 74 0.870 0
192 2 N3 N3 160 0.870 1
192 3 N5 N5 124 0.220 1
192 4 N5 N3 118 0.220 0
192 5 N1 N5 0 0.390 0
192 6 N1 N3 104 0.390 1
192 7 N2 N5 0 0.070 0
192 8 N2 N3 129 0.070 1
193 1 N3 N5 74 0.370 0
193 2 N3 N3 158 0.370 1
193 3 N5 N5 124 0.270 1
193 4 N5 N3 119 0.270 0
193 5 N1 N5 0 0.940 0
193 6 N1 N3 104 0.940 1
193 7 N2 N5 0 0.110 0
193 8 N2 N3 128 0.110 1
194 1 N3 N5 74 0.430 0
194 2 N3 N3 157 0.430 1
194 3 N5 N5 120 0.800 1
194 4 N5 N3 119 0.800 0
194 5 N1 N5 0 2.010 0
194 6 N1 N3 104 2.010 1
194 7 N2 N5 0 1.180 0
194 8 N2 N3 128 1.180 1
195 1 N3 N5 74 0.520 0
195 2 N3 N3 156 0.520 1
195 3 N5 N5 107 0.350 0
195 4 N5 N3 121 0.350 1
195 5 N1 N5 0 0.040 0
195 6 N1 N3 105 0.040 1
195 7 N2 N5 0 0.720 0
195 8 N2 N3 127 0.720 1
196 1 N3 N5 74 0.010 0
196 2 N3 N3 157 0.010 1
196 3 N5 N5 107 0.400 0
196 4 N5 N3 123 0.400 1
196 5 N1 N5 0 0.050 0
196 6 N1 N3 105 0.050 1
196 7 N2 N5 0 0.270 0
196 8 N2 N3 125 0.270 1
197 1 N3 N5 72 0.030 0
197 2 N3 N3 160 0.030 1
197 3 N5 N5 107 0.420 0
197 4 N5 N3 126 0.420 1
197 5 N1 N5 0 0.620 0
197 6 N1 N3 105 0.620 1
197 7 N2 N5 0 0.830 0
197 8 N2 N3 124 0.830 1
198 1 N3 N5 72 0.100 0
198 2 N3 N3 162 0.100 1
198 3 N5 N5 96 0.440 0
198 4 N5 N3 127 0.440 1
198 5 N1 N5 0 0.160 0
198 6 N1 N3 104 0.160 1
198 7 N2 N5 0 0.370 0
198 8 N2 N3 122 0.370 1
199 1 N3 N5 0 0.120 0
199 2 N3 N3 164 0.120 1
199 3 N5 N5 93 0.000 0
199 4 N5 N3 128 0.000 1
199 5 N1 N5 0 1.230 0
199 6 N1 N3 104 1.230 1
199 7 N2 N5 0 0.420 0
199 8 N2 N3 120 0.420 1
200 1 N3 N5 0 0.160 0
200 2 N3 N3 164 0.160 1
200 3 N5 N5 0 0.040 0
200 4 N5 N3 128 0.040 1
200 5 N1 N5 0 0.760 0
200 6 N1 N3 103 0.760 1
200 7 N2 N5 0 0.470 0
200 8 N2 N3 119 0.470 1
201 1 N3 N5 0 0.220 0
201 2 N3 N3 165 0.220 1
201 3 N5 N5 0 0.110 0
201 4 N5 N3 129 0.110 1
201 5 N1 N5 0 0.280 0
201 6 N1 N3 102 0.280 1
201 7 N2 N5 0 1.010 0
201 8 N2 N3 117 1.010 1
202 1 N3 N5 0 0.250 0
202 2 N3 N3 166 0.250 1
202 3 N5 N5 0 0.130 0
202 4 N5 N3 127 0.130 1
202 5 N1 N5 0 0.260 0
202 6 N1 N3 100 0.260 1
202 7 N2 N5 0 0.060 0
202 8 N2 N3 115 0.060 1
203 1 N3 N5 0 0.310 0
203 2 N3 N3 167 0.310 1
203 3 N5 N5 0 0.170 0
203 4 N5 N3 126 0.170 1
203 5 N1 N5 0 0.350 0
203 6 N1 N3 100 0.350 1
203 7 N2 N5 0 0.610 0
203 8 N2 N3 114 0.610 1
204 1 N3 N5 0 0.390 0
204 2 N3 N3 168 0.390 1
204 3 N5 N5 0 0.220 0
204 4 N5 N3 125 0.220 1
204 5 N1 N5 0 1.440 0
204 6 N1 N3 100 1.440 1
204 7 N2 N5 0 0.680 0
204 8 N2 N3 114 0.680 1
205 1 N3 N5 0 0.960 0
205 2 N3 N3 168 0.960 1
205 3 N5 N5 0 0.280 0
205 4 N5 N3 122 0.280 1
205 5 N1 N5 0 0.990 0
205 6 N1 N3 100 0.990 1
205 7 N2 N5 0 1.750 0
205 8 N2 N3 114 1.750 1
206 1 N3 N5 0 0.500 0
206 2 N3 N3 168 0.500 1
206 3 N5 N5 0 0.330 0
206 4 N5 N3 120 0.330 1
206 5 N1 N5 0 0.500 0
206 6 N1 N3 100 0.500 1
206 7 N2 N5 0 0.220 0
206 8 N2 N3 115 0.220 1
207 1 N3 N5 0 0.000 0
207 2 N3 N3 168 0.000 1
207 3 N5 N5 0 0.870 0
207 4 N5 N3 119 0.870 1
207 5 N1 N5 0 0.010 0
207 6 N1 N3 101 0.010 1
207 7 N2 N5 0 0.780 0
207 8 N2 N3 114 0.780 1
208 1 N3 N5 0 0.030 0
208 2 N3 N3 170 0.030 1
208 3 N5 N5 0 1.940 0
208 4 N5 N3 119 1.940 1
208 5 N1 N5 0 1.080 0
208 6 N1 N3 101 1.080 1
208 7 N2 N5 0 0.810 0
208 8 N2 N3 115 0.810 1
209 1 N3 N5 0 0.060 0
209 2 N3 N3 171 0.060 1
209 3 N5 N5 0 0.420 0
209 4 N5 N3 117 0.420 1
209 5 N1 N5 0 0.090 0
209 6 N1 N3 101 0.090 1
209 7 N2 N5 0 0.840 0
209 8 N2 N3 115 0.840 1
210 1 N3 N5 0 0.010 0
210 2 N3 N3 170 0.010 1
210 3 N5 N5 0 0.990 0
210 4 N5 N3 117 0.990 1
210 5 N1 N5 0 0.010 0
210 6 N1 N3 101 0.010 1
210 7 N2 N5 0 0.380 0
210 8 N2 N3 115 0.380 1
211 1 N3 N5 0 0.120 0
211 2 N3 N3 170 0.120 1
211 3 N5 N5 0 2.050 0
211 4 N5 N3 117 2.050 1
211 5 N1 N5 0 0.120 0
211 6 N1 N3 100 0.120 1
211 7 N2 N5 0 0.910 0
211 8 N2 N3 114 0.910 1
212 1 N3 N5 0 0.200 0
212 2 N3 N3 168 0.200 1
212 3 N5 N5 0 3.120 0
212 4 N5 N3 117 3.120 1
212 5 N1 N5 0 1.190 0
212 6 N1 N3 100 1.190 1
212 7 N2 N5 0 0.940 0
212 8 N2 N3 112 0.940 1
213 1 N3 N5 0 0.210 0
213 2 N3 N3 164 0.210 1
213 3 N5 N5 0 0.610 0
213 4 N5 N3 116 0.610 1
213 5 N1 N5 0 0.220 0
213 6 N1 N3 100 0.220 1
213 7 N2 N5 0 2.010 0
213 8 N2 N3 112 2.010 1
214 1 N3 N5 0 0.080 0
214 2 N3 N3 162 0.080 1
214 3 N5 N5 0 0.050 0
214 4 N5 N3 114 0.050 1
214 5 N1 N5 0 0.090 0
214 6 N1 N3 101 0.090 1
214 7 N2 N5 0 1.000 0
214 8 N2 N3 111 1.000 1
215 1 N3 N5 0 0.280 0
215 2 N3 N3 161 0.280 1
215 3 N5 N5 0 0.680 0
215 4 N5 N3 112 0.680 1
215 5 N1 N5 0 0.660 0
215 6 N1 N3 100 0.660 1
215 7 N2 N5 0 0.060 0
215 8 N2 N3 110 0.060 1
216 1 N3 N5 0 0.320 0
216 2 N3 N3 159 0.320 1
216 3 N5 N5 0 0.720 0
216 4 N5 N3 111 0.720 1
216 5 N1 N5 0 0.320 0
216 6 N1 N3 101 0.320 1
216 7 N2 N5 0 0.140 0
216 8 N2 N3 111 0.140 1
217 1 N3 N5 0 0.390 0
217 2 N3 N3 157 0.390 1
217 3 N5 N5 0 0.270 0
217 4 N5 N3 109 0.270 1
217 5 N1 N5 0 1.410 0
217 6 N1 N3 101 1.410 1
217 7 N2 N5 0 0.750 0
217 8 N2 N3 111 0.750 1
218 1 N3 N5 0 0.340 0
218 2 N3 N3 157 0.340 1
218 3 N5 N5 0 1.340 0
218 4 N5 N3 109 1.340 1
218 5 N1 N5 0 0.990 0
218 6 N1 N3 101 0.990 1
218 7 N2 N5 0 0.290 0
218 8 N2 N3 112 0.290 1
219 1 N3 N5 0 0.280 0
219 2 N3 N3 158 0.280 1
219 3 N5 N5 0 0.280 0
219 4 N5 N3 107 0.280 1
219 5 N1 N5 0 0.020 0
219 6 N1 N3 101 0.020 1
219 7 N2 N5 0 0.270 0
219 8 N2 N3 113 0.270 1
220 1 N3 N5 0 0.490 0
220 2 N3 N3 160 0.490 1
220 3 N5 N5 0 0.240 0
220 4 N5 N3 106 0.240 1
220 5 N1 N5 0 0.110 0
220 6 N1 N3 99 0.110 1
220 7 N2 N5 0 0.240 0
220 8 N2 N3 113 0.240 1
221 1 N3 N5 0 0.320 0
221 2 N3 N3 163 0.320 1
221 3 N5 N5 0 1.310 0
221 4 N5 N3 106 1.310 1
221 5 N1 N5 0 1.180 0
221 6 N1 N3 99 1.180 1
221 7 N2 N5 0 1.310 0
221 8 N2 N3 113 1.310 1
222 1 N3 N5 0 0.680 0
222 2 N3 N3 165 0.680 1
222 3 N5 N5 0 0.260 0
222 4 N5 N3 105 0.260 1
222 5 N1 N5 0 2.240 0
222 6 N1 N3 99 2.240 1
222 7 N2 N5 0 0.850 0
222 8 N2 N3 113 0.850 1
223 1 N3 N5 0 0.220 0
223 2 N3 N3 167 0.220 1
223 3 N5 N5 0 0.240 0
223 4 N5 N3 103 0.240 1
223 5 N1 N5 0 0.770 0
223 6 N1 N3 99 0.770 1
223 7 N2 N5 0 0.910 0
223 8 N2 N3 112 0.910 1
224 1 N3 N5 0 0.250 0
224 2 N3 N3 168 0.250 1
224 3 N5 N5 0 0.090 0
224 4 N5 N3 98 0.090 1
224 5 N1 N5 0 0.780 0
224 6 N1 N3 98 0.780 1
224 7 N2 N5 0 0.050 0
224 8 N2 N3 111 0.050 1
225 1 N3 N5 0 0.270 0
225 2 N3 N3 169 0.270 1
225 3 N5 N5 0 0.140 0
225 4 N5 N3 93 0.140 1
225 5 N1 N5 0 0.810 0
225 6 N1 N3 97 0.810 1
225 7 N2 N5 0 0.080 0
225 8 N2 N3 109 0.080 1
226 1 N3 N5 0 0.640 0
226 2 N3 N3 169 0.640 1
226 3 N5 N5 0 0.510 0
226 4 N5 N3 91 0.510 1
226 5 N1 N5 0 0.640 0
226 6 N1 N3 96 0.640 1
226 7 N2 N5 0 0.510 0
226 8 N2 N3 108 0.510 1
227 1 N3 N5 0 0.240 0
227 2 N3 N3 167 0.240 1
227 3 N5 N5 0 1.580 0
227 4 N5 N3 91 1.580 1
227 5 N1 N5 0 0.240 0
227 6 N1 N3 95 0.240 1
227 7 N2 N5 0 0.180 0
227 8 N2 N3 109 0.180 1
228 1 N3 N5 0 0.440 0
228 2 N3 N3 165 0.440 1
228 3 N5 N5 0 0.050 0
228 4 N5 N3 88 0.050 1
228 5 N1 N5 0 0.190 0
228 6 N1 N3 95 0.190 1
228 7 N2 N5 0 0.190 0
228 8 N2 N3 110 0.190 1
229 1 N3 N5 0 0.520 0
229 2 N3 N3 164 0.520 1
229 3 N5 N5 0 0.590 0
229 4 N5 N3 88 0.590 1
229 5 N1 N5 0 1.290 0
229 6 N1 N3 95 1.290 1
229 7 N2 N5 0 0.300 0
229 8 N2 N3 111 0.300 1
230 1 N3 N5 0 0.080 0
230 2 N3 N3 163 0.080 1
230 3 N5 N5 0 0.260 0
230 4 N5 N3 88 0.260 1
230 5 N1 N5 0 0.570 0
230 6 N1 N3 95 0.570 1
230 7 N2 N5 0 0.870 0
230 8 N2 N3 111 0.870 1
231 1 N3 N5 0 0.150 0
231 2 N3 N3 162 0.150 1
231 3 N5 N5 0 0.760 0
231 4 N5 N3 87 0.760 1
231 5 N1 N5 0 0.040 0
231 6 N1 N3 95 0.040 1
231 7 N2 N5 0 0.910 0
231 8 N2 N3 112 0.910 1
232 1 N3 N5 0 0.210 0
232 2 N3 N3 159 0.210 1
232 3 N5 N5 0 0.210 0
232 4 N5 N3 86 0.210 1
232 5 N1 N5 0 0.070 0
232 6 N1 N3 95 0.070 1
232 7 N2 N5 0 0.430 0
232 8 N2 N3 112 0.430 1
233 1 N3 N5 0 0.240 0
233 2 N3 N3 157 0.240 1
233 3 N5 N5 0 0.290 0
233 4 N5 N3 85 0.290 1
233 5 N1 N5 0 0.090 0
233 6 N1 N3 94 0.090 1
233 7 N2 N5 0 0.440 0
233 8 N2 N3 111 0.440 1
234 1 N3 N5 0 0.280 0
234 2 N3 N3 154 0.280 1
234 3 N5 N5 0 1.380 0
234 4 N5 N3 85 1.380 1
234 5 N1 N5 0 0.110 0
234 6 N1 N3 92 0.110 1
234 7 N2 N5 0 0.520 0
234 8 N2 N3 110 0.520 1
235 1 N3 N5 0 0.340 0
235 2 N3 N3 153 0.340 1
235 3 N5 N5 0 0.440 0
235 4 N5 N3 85 0.440 1
235 5 N1 N5 0 0.220 0
235 6 N1 N3 91 0.220 1
235 7 N2 N5 0 1.590 0
235 8 N2 N3 110 1.590 1
236 1 N3 N5 0 0.390 0
236 2 N3 N3 152 0.390 1
236 3 N5 N5 0 0.470 0
236 4 N5 N3 84 0.470 1
236 5 N1 N5 0 0.290 0
236 6 N1 N3 90 0.290 1
236 7 N2 N5 0 2.660 0
236 8 N2 N3 110 2.660 1
237 1 N3 N5 0 0.430 0
237 2 N3 N3 150 0.430 1
237 3 N5 N5 0 1.040 0
237 4 N5 N3 85 1.040 1
237 5 N1 N5 0 0.430 0
237 6 N1 N3 90 0.430 1
237 7 N2 N5 0 3.730 0
237 8 N2 N3 110 3.730 1
238 1 N3 N5 0 0.440 0
238 2 N3 N3 148 0.440 1
238 3 N5 N5 0 0.540 0
238 4 N5 N3 85 0.540 1
238 5 N1 N5 0 1.500 0
238 6 N1 N3 90 1.500 1
238 7 N2 N5 0 0.170 0
238 8 N2 N3 109 0.170 1
239 1 N3 N5 0 0.460 0
239 2 N3 N3 147 0.460 1
239 3 N5 N5 0 0.850 0
239 4 N5 N3 86 0.850 1
239 5 N1 N5 0 0.310 0
239 6 N1 N3 90 0.310 1
239 7 N2 N5 0 0.180 0
239 8 N2 N3 109 0.180 1
240 1 N3 N5 0 0.040 0
240 2 N3 N3 148 0.040 1
240 3 N5 N5 0 0.550 0
240 4 N5 N3 87 0.550 1
240 5 N1 N5 0 0.040 0
240 6 N1 N3 88 0.040 1
240 7 N2 N5 0 0.250 0
240 8 N2 N3 109 0.250 1
241 1 N3 N5 0 0.130 0
241 2 N3 N3 149 0.130 1
241 3 N5 N5 0 0.270 0
241 4 N5 N3 87 0.270 1
241 5 N1 N5 0 0.130 0
241 6 N1 N3 87 0.130 1
241 7 N2 N5 0 0.350 0
241 8 N2 N3 109 0.350 1
242 1 N3 N5 0 0.170 0
242 2 N3 N3 150 0.170 1
242 3 N5 N5 0 1.330 0
242 4 N5 N3 87 1.330 1
242 5 N1 N5 0 0.680 0
242 6 N1 N3 87 0.680 1
242 7 N2 N5 0 0.400 0
242 8 N2 N3 110 0.400 1
243 1 N3 N5 0 0.210 0
243 2 N3 N3 152 0.210 1
243 3 N5 N5 0 2.410 0
243 4 N5 N3 87 2.410 1
243 5 N1 N5 0 0.720 0
243 6 N1 N3 87 0.720 1
243 7 N2 N5 0 1.480 0
243 8 N2 N3 110 1.480 1
244 1 N3 N5 0 0.230 0
244 2 N3 N3 153 0.230 1
244 3 N5 N5 0 0.400 0
244 4 N5 N3 86 0.400 1
244 5 N1 N5 0 0.230 0
244 6 N1 N3 87 0.230 1
244 7 N2 N5 0 0.480 0
244 8 N2 N3 109 0.480 1
245 1 N3 N5 0 0.280 0
245 2 N3 N3 152 0.280 1
245 3 N5 N5 0 0.370 0
245 4 N5 N3 83 0.370 1
245 5 N1 N5 0 0.280 0
245 6 N1 N3 86 0.280 1
245 7 N2 N5 0 0.040 0
245 8 N2 N3 107 0.040 1
246 1 N3 N5 0 0.300 0
246 2 N3 N3 151 0.300 1
246 3 N5 N5 0 1.440 0
246 4 N5 N3 83 1.440 1
246 5 N1 N5 0 0.300 0
246 6 N1 N3 85 0.300 1
246 7 N2 N5 0 0.090 0
246 8 N2 N3 105 0.090 1
247 1 N3 N5 0 0.310 0
247 2 N3 N3 151 0.310 1
247 3 N5 N5 0 0.970 0
247 4 N5 N3 82 0.970 1
247 5 N1 N5 0 0.070 0
247 6 N1 N3 84 0.070 1
247 7 N2 N5 0 0.140 0
247 8 N2 N3 105 0.140 1
248 1 N3 N5 0 0.900 0
248 2 N3 N3 151 0.900 1
248 3 N5 N5 0 0.520 0
248 4 N5 N3 80 0.520 1
248 5 N1 N5 0 0.900 0
248 6 N1 N3 84 0.900 1
248 7 N2 N5 0 0.710 0
248 8 N2 N3 104 0.710 1
249 1 N3 N5 0 0.890 0
249 2 N3 N3 151 0.890 1
249 3 N5 N5 0 1.590 0
249 4 N5 N3 80 1.590 1
249 5 N1 N5 0 0.930 0
249 6 N1 N3 83 0.930 1
249 7 N2 N5 0 1.780 0
249 8 N2 N3 104 1.780 1
250 1 N3 N5 0 0.470 0
250 2 N3 N3 151 0.470 1
250 3 N5 N5 0 2.660 0
250 4 N5 N3 80 2.660 1
250 5 N1 N5 0 0.990 0
250 6 N1 N3 82 0.990 1
250 7 N2 N5 0 0.230 0
250 8 N2 N3 103 0.230 1
251 1 N3 N5 0 0.480 0
251 2 N3 N3 151 0.480 1
251 3 N5 N5 0 3.730 0
251 4 N5 N3 80 3.730 1
251 5 N1 N5 0 0.680 0
251 6 N1 N3 82 0.680 1
251 7 N2 N5 0 1.300 0
251 8 N2 N3 103 1.300 1
252 1 N3 N5 0 0.510 0
252 2 N3 N3 151 0.510 1
252 3 N5 N5 0 4.800 0
252 4 N5 N3 80 4.800 1
252 5 N1 N5 0 0.510 0
252 6 N1 N3 81 0.510 1
252 7 N2 N5 0 0.310 0
252 8 N2 N3 103 0.310 1
253 1 N3 N5 0 0.030 0
253 2 N3 N3 152 0.030 1
253 3 N5 N5 0 0.170 0
253 4 N5 N3 80 0.170 1
253 5 N1 N5 0 0.050 0
253 6 N1 N3 82 0.050 1
253 7 N2 N5 0 0.330 0
253 8 N2 N3 104 0.330 1
254 1 N3 N5 0 0.030 0
254 2 N3 N3 153 0.030 1
254 3 N5 N5 0 0.210 0
254 4 N5 N3 80 0.210 1
254 5 N1 N5 0 1.110 0
254 6 N1 N3 82 1.110 1
254 7 N2 N5 0 0.370 0
254 8 N2 N3 104 0.370 1
255 1 N3 N5 0 0.600 0
255 2 N3 N3 154 0.600 1
255 3 N5 N5 0 0.240 0
255 4 N5 N3 81 0.240 1
255 5 N1 N5 0 0.120 0
255 6 N1 N3 82 0.120 1
255 7 N2 N5 0 0.450 0
255 8 N2 N3 104 0.450 1
256 1 N3 N5 0 0.110 0
256 2 N3 N3 156 0.110 1
256 3 N5 N5 0 0.290 0
256 4 N5 N3 81 0.290 1
256 5 N1 N5 0 1.190 0
256 6 N1 N3 82 1.190 1
256 7 N2 N5 0 1.520 0
256 8 N2 N3 104 1.520 1
257 1 N3 N5 0 0.660 0
257 2 N3 N3 157 0.660 1
257 3 N5 N5 0 0.320 0
257 4 N5 N3 82 0.320 1
257 5 N1 N5 0 0.730 0
257 6 N1 N3 82 0.730 1
257 7 N2 N5 0 0.570 0
257 8 N2 N3 105 0.570 1
258 1 N3 N5 0 0.160 0
258 2 N3 N3 159 0.160 1
258 3 N5 N5 0 0.390 0
258 4 N5 N3 84 0.390 1
258 5 N1 N5 0 0.770 0
258 6 N1 N3 84 0.770 1
258 7 N2 N5 0 0.060 0
258 8 N2 N3 108 0.060 1
259 1 N3 N5 0 0.210 0
259 2 N3 N3 160 0.210 1
259 3 N5 N5 0 0.940 0
259 4 N5 N3 85 0.940 1
259 5 N1 N5 0 0.290 0
259 6 N1 N3 86 0.290 1
259 7 N2 N5 0 0.070 0
259 8 N2 N3 109 0.070 1
260 1 N3 N5 0 0.250 0
260 2 N3 N3 159 0.250 1
260 3 N5 N5 0 0.490 0
260 4 N5 N3 84 0.490 1
260 5 N1 N5 0 0.860 0
260 6 N1 N3 87 0.860 1
260 7 N2 N5 0 0.640 0
260 8 N2 N3 110 0.640 1
261 1 N3 N5 0 0.280 0
261 2 N3 N3 159 0.280 1
261 3 N5 N5 0 1.050 0
261 4 N5 N3 85 1.050 1
261 5 N1 N5 0 1.930 0
261 6 N1 N3 87 1.930 1
261 7 N2 N5 0 0.180 0
261 8 N2 N3 112 0.180 1
262 1 N3 N5 0 0.350 0
262 2 N3 N3 160 0.350 1
262 3 N5 N5 0 0.130 0
262 4 N5 N3 85 0.130 1
262 5 N1 N5 0 0.440 0
262 6 N1 N3 90 0.440 1
262 7 N2 N5 0 0.270 0
262 8 N2 N3 113 0.270 1
263 1 N3 N5 0 0.420 0
263 2 N3 N3 161 0.420 1
263 3 N5 N5 0 1.210 0
263 4 N5 N3 85 1.210 1
263 5 N1 N5 0 0.460 0
263 6 N1 N3 93 0.460 1
263 7 N2 N5 0 0.310 0
263 8 N2 N3 113 0.310 1
264 1 N3 N5 0 0.950 0
264 2 N3 N3 161 0.950 1
264 3 N5 N5 0 2.280 0
264 4 N5 N3 85 2.280 1
264 5 N1 N5 0 1.530 0
264 6 N1 N3 93 1.530 1
264 7 N2 N5 0 0.880 0
264 8 N2 N3 114 0.880 1
265 1 N3 N5 0 2.020 0
265 2 N3 N3 161 2.020 1
265 3 N5 N5 0 3.350 0
265 4 N5 N3 85 3.350 1
265 5 N1 N5 0 2.600 0
265 6 N1 N3 93 2.600 1
265 7 N2 N5 0 0.370 0
265 8 N2 N3 113 0.370 1
266 1 N3 N5 0 0.510 0
266 2 N3 N3 162 0.510 1
266 3 N5 N5 0 0.320 0
266 4 N5 N3 86 0.320 1
266 5 N1 N5 0 3.670 0
266 6 N1 N3 93 3.670 1
266 7 N2 N5 0 0.500 0
266 8 N2 N3 113 0.500 1
267 1 N3 N5 0 0.070 0
267 2 N3 N3 163 0.070 1
267 3 N5 N5 0 1.390 0
267 4 N5 N3 86 1.390 1
267 5 N1 N5 0 0.140 0
267 6 N1 N3 94 0.140 1
267 7 N2 N5 0 1.570 0
267 8 N2 N3 113 1.570 1
268 1 N3 N5 0 0.110 0
268 2 N3 N3 165 0.110 1
268 3 N5 N5 0 0.390 0
268 4 N5 N3 86 0.390 1
268 5 N1 N5 0 0.180 0
268 6 N1 N3 94 0.180 1
268 7 N2 N5 0 0.020 0
268 8 N2 N3 111 0.020 1
269 1 N3 N5 0 0.160 0
269 2 N3 N3 167 0.160 1
269 3 N5 N5 0 0.460 0
269 4 N5 N3 87 0.460 1
269 5 N1 N5 0 0.220 0
269 6 N1 N3 95 0.220 1
269 7 N2 N5 0 0.060 0
269 8 N2 N3 109 0.060 1
270 1 N3 N5 0 0.210 0
270 2 N3 N3 169 0.210 1
270 3 N5 N5 0 0.500 0
270 4 N5 N3 85 0.500 1
270 5 N1 N5 0 0.770 0
270 6 N1 N3 95 0.770 1
270 7 N2 N5 0 0.110 0
270 8 N2 N3 107 0.110 1
271 1 N3 N5 0 0.250 0
271 2 N3 N3 170 0.250 1
271 3 N5 N5 0 0.520 0
271 4 N5 N3 85 0.520 1
271 5 N1 N5 0 0.840 0
271 6 N1 N3 95 0.840 1
271 7 N2 N5 0 0.680 0
271 8 N2 N3 107 0.680 1
272 1 N3 N5 0 0.290 0
272 2 N3 N3 171 0.290 1
272 3 N5 N5 0 0.060 0
272 4 N5 N3 83 0.060 1
272 5 N1 N5 0 0.370 0
272 6 N1 N3 92 0.370 1
272 7 N2 N5 0 0.700 0
272 8 N2 N3 106 0.700 1
273 1 N3 N5 0 0.320 0
273 2 N3 N3 172 0.320 1
273 3 N5 N5 0 1.130 0
273 4 N5 N3 83 1.130 1
273 5 N1 N5 0 0.370 0
273 6 N1 N3 91 0.370 1
273 7 N2 N5 0 0.730 0
273 8 N2 N3 105 0.730 1
274 1 N3 N5 0 0.890 0
274 2 N3 N3 173 0.890 1
274 3 N5 N5 0 0.670 0
274 4 N5 N3 82 0.670 1
274 5 N1 N5 0 1.440 0
274 6 N1 N3 91 1.440 1
274 7 N2 N5 0 0.780 0
274 8 N2 N3 104 0.780 1
275 1 N3 N5 0 0.410 0
275 2 N3 N3 172 0.410 1
275 3 N5 N5 0 1.730 0
275 4 N5 N3 82 1.730 1
275 5 N1 N5 0 0.440 0
275 6 N1 N3 89 0.440 1
275 7 N2 N5 0 0.790 0
275 8 N2 N3 103 0.790 1
276 1 N3 N5 0 0.440 0
276 2 N3 N3 173 0.440 1
276 3 N5 N5 0 0.210 0
276 4 N5 N3 81 0.210 1
276 5 N1 N5 0 0.460 0
276 6 N1 N3 86 0.460 1
276 7 N2 N5 0 0.660 0
276 8 N2 N3 101 0.660 1
277 1 N3 N5 0 0.490 0
277 2 N3 N3 173 0.490 1
277 3 N5 N5 0 0.260 0
277 4 N5 N3 79 0.260 1
277 5 N1 N5 0 0.500 0
277 6 N1 N3 85 0.500 1
277 7 N2 N5 0 1.730 0
277 8 N2 N3 101 1.730 1
278 1 N3 N5 0 0.020 0
278 2 N3 N3 175 0.020 1
278 3 N5 N5 0 0.810 0
278 4 N5 N3 78 0.810 1
278 5 N1 N5 0 0.030 0
278 6 N1 N3 85 0.030 1
278 7 N2 N5 0 0.940 0
278 8 N2 N3 100 0.940 1
279 1 N3 N5 0 0.060 0
279 2 N3 N3 175 0.060 1
279 3 N5 N5 0 0.370 0
279 4 N5 N3 78 0.370 1
279 5 N1 N5 0 0.090 0
279 6 N1 N3 85 0.090 1
279 7 N2 N3 99 0.500 1
280 1 N3 N5 0 0.090 0
280 2 N3 N3 175 0.090 1
280 3 N5 N5 0 0.430 0
280 4 N5 N3 77 0.430 1
280 5 N1 N5 0 0.620 0
280 6 N1 N3 85 0.620 1
280 7 N2 N3 99 0.030 1
281 1 N3 N5 0 0.120 0
281 2 N3 N3 176 0.120 1
281 3 N5 N5 0 0.480 0
281 4 N5 N3 78 0.480 1
281 5 N1 N5 0 0.640 0
281 6 N1 N3 85 0.640 1
281 7 N2 N3 100 0.590 1
282 1 N3 N5 0 0.140 0
282 2 N3 N3 176 0.140 1
282 3 N5 N5 0 0.490 0
282 4 N5 N3 79 0.490 1
282 5 N1 N5 0 0.160 0
282 6 N1 N3 86 0.160 1
282 7 N2 N3 100 0.140 1
283 1 N3 N5 0 0.160 0
283 2 N3 N3 176 0.160 1
283 3 N5 N5 0 0.510 0
283 4 N5 N3 80 0.510 1
283 5 N1 N3 88 0.190 1
283 6 N2 N3 101 0.680 1
284 1 N3 N5 0 0.180 0
284 2 N3 N3 176 0.180 1
284 3 N5 N5 0 0.540 0
284 4 N5 N3 82 0.540 1
284 5 N1 N3 89 0.720 1
284 6 N2 N3 101 0.690 1
285 1 N3 N5 0 1.240 0
285 2 N3 N3 176 1.240 1
285 3 N5 N5 0 1.600 0
285 4 N5 N3 82 1.600 1
285 5 N1 N3 89 1.780 1
285 6 N2 N3 101 1.750 1
286 1 N3 N5 0 2.330 0
286 2 N3 N3 176 2.330 1
286 3 N5 N5 0 1.030 0
286 4 N5 N3 83 1.030 1
286 5 N1 N3 91 0.300 1
286 6 N2 N3 102 0.270 1
287 1 N3 N5 0 3.380 0
287 2 N3 N3 176 3.380 1
287 3 N5 N5 0 2.080 0
287 4 N5 N3 83 2.080 1
287 5 N1 N3 91 1.350 1
287 6 N2 N3 102 1.320 1
288 1 N3 N5 0 0.370 0
288 2 N3 N3 176 0.370 1
288 3 N5 N5 0 0.140 0
288 4 N5 N3 83 0.140 1
288 5 N1 N3 91 2.410 1
288 6 N2 N3 102 2.380 1
289 1 N3 N5 0 0.420 0
289 2 N3 N3 176 0.420 1
289 3 N5 N5 0 0.180 0
289 4 N5 N3 85 0.180 1
289 5 N1 N3 92 0.420 1
289 6 N2 N3 103 0.360 1
290 1 N3 N5 0 0.470 0
290 2 N3 N3 177 0.470 1
290 3 N5 N5 0 0.730 0
290 4 N5 N3 86 0.730 1
290 5 N1 N3 96 0.470 1
290 6 N2 N3 105 0.390 1
291 1 N3 N5 0 0.030 0
291 2 N3 N3 179 0.030 1
291 3 N5 N5 0 0.250 0
291 4 N5 N3 88 0.250 1
291 5 N1 N3 97 1.040 1
291 6 N2 N3 106 0.930 1
292 1 N3 N5 0 0.100 0
292 2 N3 N3 182 0.100 1
292 3 N5 N5 0 0.290 0
292 4 N5 N3 89 0.290 1
292 5 N1 N3 99 0.100 1
292 6 N2 N3 106 1.990 1
293 1 N3 N5 0 0.160 0
293 2 N3 N3 184 0.160 1
293 3 N5 N5 0 0.310 0
293 4 N5 N3 91 0.310 1
293 5 N1 N3 99 1.160 1
293 6 N2 N3 111 0.480 1
294 1 N3 N5 0 0.190 0
294 2 N3 N3 187 0.190 1
294 3 N5 N5 0 0.840 0
294 4 N5 N3 93 0.840 1
294 5 N1 N3 103 0.190 1
294 6 N2 N3 116 0.490 1
295 1 N3 N5 0 0.210 0
295 2 N3 N3 190 0.210 1
295 3 N5 N5 0 0.350 0
295 4 N5 N3 95 0.350 1
295 5 N1 N3 106 0.730 1
295 6 N2 N3 119 0.490 1
296 1 N3 N5 0 0.250 0
296 2 N3 N3 192 0.250 1
296 3 N5 N5 0 0.380 0
296 4 N5 N3 96 0.380 1
296 5 N1 N3 107 0.770 1
296 6 N2 N3 124 0.000 1
297 1 N3 N5 0 0.280 0
297 2 N3 N3 192 0.280 1
297 3 N5 N5 0 1.440 0
297 4 N5 N3 96 1.440 1
297 5 N1 N3 110 0.280 1
297 6 N2 N3 128 0.030 1
298 1 N3 N5 0 0.340 0
298 2 N3 N3 192 0.340 1
298 3 N5 N5 0 0.460 0
298 4 N5 N3 98 0.460 1
298 5 N1 N3 111 0.840 1
298 6 N2 N3 131 0.060 1
299 1 N3 N5 0 0.380 0
299 2 N3 N3 192 0.380 1
299 3 N5 N5 0 1.010 0
299 4 N5 N3 99 1.010 1
299 5 N1 N3 111 1.900 1
299 6 N2 N3 133 0.070 1
300 1 N3 N5 0 0.410 0
300 2 N3 N3 190 0.410 1
300 3 N5 N5 0 1.020 0
300 4 N5 N3 100 1.020 1
300 5 N1 N3 111 0.240 1
300 6 N2 N3 134 0.090 1
