PING N3 (00:00:0c:18:11:03) 116(144) bytes of data
116 bytes from N3 icmp_seq=1 ttl=50 time=5.78 ms
RR: 	N2
	N3
	N3
	N2

116 bytes from N3 icmp_seq=2 ttl=50 time=3.80 ms	(same route)
116 bytes from N3 icmp_seq=3 ttl=50 time=4.16 ms	(same route)
116 bytes from N3 icmp_seq=4 ttl=50 time=1.92 ms	(same route)
116 bytes from N3 icmp_seq=5 ttl=50 time=19.43 ms	(same route)
116 bytes from N3 icmp_seq=6 ttl=50 time=1.40 ms	(same route)
116 bytes from N3 icmp_seq=7 ttl=50 time=3.20 ms	(same route)
116 bytes from N3 icmp_seq=8 ttl=50 time=3.77 ms	(same route)
116 bytes from N3 icmp_seq=9 ttl=50 time=4.29 ms	(same route)
116 bytes from N3 icmp_seq=10 ttl=50 time=6.82 ms	(same route)
116 bytes from N3 icmp_seq=11 ttl=50 time=5.27 ms	(same route)
116 bytes from N3 icmp_seq=12 ttl=50 time=5.16 ms	(same route)
116 bytes from N3 icmp_seq=13 ttl=50 time=1.40 ms	(same route)
116 bytes from N3 icmp_seq=14 ttl=50 time=8.40 ms	(same route)
116 bytes from N3 icmp_seq=15 ttl=50 time=4.44 ms	(same route)
116 bytes from N3 icmp_seq=16 ttl=50 time=1.93 ms	(same route)
116 bytes from N3 icmp_seq=17 ttl=50 time=2.60 ms	(same route)
116 bytes from N3 icmp_seq=18 ttl=50 time=5.91 ms	(same route)
116 bytes from N3 icmp_seq=19 ttl=50 time=2.18 ms	(same route)
116 bytes from N3 icmp_seq=20 ttl=50 time=0.06 ms	(same route)
116 bytes from N3 icmp_seq=21 ttl=50 time=2.83 ms	(same route)
116 bytes from N3 icmp_seq=22 ttl=50 time=9.55 ms	(same route)
116 bytes from N3 icmp_seq=23 ttl=50 time=2.89 ms	(same route)
116 bytes from N3 icmp_seq=24 ttl=50 time=7.19 ms	(same route)
116 bytes from N3 icmp_seq=25 ttl=50 time=2.58 ms	(same route)
116 bytes from N3 icmp_seq=26 ttl=50 time=8.45 ms	(same route)
116 bytes from N3 icmp_seq=27 ttl=50 time=42.37 ms	(same route)
116 bytes from N3 icmp_seq=28 ttl=50 time=4.93 ms	(same route)
116 bytes from N3 icmp_seq=29 ttl=50 time=11.44 ms	(same route)
116 bytes from N3 icmp_seq=30 ttl=50 time=6.96 ms	(same route)
116 bytes from N3 icmp_seq=31 ttl=50 time=4.61 ms	(same route)
116 bytes from N3 icmp_seq=32 ttl=50 time=3.38 ms	(same route)
116 bytes from N3 icmp_seq=33 ttl=50 time=13.55 ms	(same route)
116 bytes from N3 icmp_seq=34 ttl=50 time=22.77 ms	(same route)
116 bytes from N3 icmp_seq=35 ttl=50 time=1.23 ms	(same route)
116 bytes from N3 icmp_seq=36 ttl=50 time=1.24 ms	(same route)
116 bytes from N3 icmp_seq=37 ttl=50 time=1.34 ms	(same route)
116 bytes from N3 icmp_seq=38 ttl=50 time=4.56 ms	(same route)
116 bytes from N3 icmp_seq=39 ttl=50 time=1.23 ms	(same route)
116 bytes from N3 icmp_seq=40 ttl=50 time=2.70 ms	(same route)
116 bytes from N3 icmp_seq=41 ttl=50 time=27.05 ms	(same route)
116 bytes from N3 icmp_seq=42 ttl=50 time=1.23 ms	(same route)
116 bytes from N3 icmp_seq=43 ttl=50 time=4.48 ms	(same route)
116 bytes from N3 icmp_seq=44 ttl=50 time=1.22 ms	(same route)
116 bytes from N3 icmp_seq=45 ttl=50 time=4.49 ms	(same route)
116 bytes from N3 icmp_seq=46 ttl=50 time=10.15 ms	(same route)
116 bytes from N3 icmp_seq=47 ttl=50 time=1.31 ms	(same route)
116 bytes from N3 icmp_seq=48 ttl=50 time=5.08 ms	(same route)
116 bytes from N3 icmp_seq=49 ttl=50 time=3.36 ms	(same route)
116 bytes from N3 icmp_seq=50 ttl=50 time=1.18 ms	(same route)
116 bytes from N3 icmp_seq=51 ttl=50 time=6.05 ms	(same route)
116 bytes from N3 icmp_seq=52 ttl=50 time=8.54 ms	(same route)
116 bytes from N3 icmp_seq=53 ttl=50 time=5.91 ms	(same route)
116 bytes from N3 icmp_seq=54 ttl=50 time=11.80 ms	(same route)
116 bytes from N3 icmp_seq=55 ttl=50 time=1.15 ms	(same route)
116 bytes from N3 icmp_seq=56 ttl=50 time=5.46 ms	(same route)
116 bytes from N3 icmp_seq=57 ttl=50 time=1.45 ms	(same route)
116 bytes from N3 icmp_seq=58 ttl=50 time=4.41 ms	(same route)
116 bytes from N3 icmp_seq=59 ttl=50 time=2.26 ms	(same route)
116 bytes from N3 icmp_seq=60 ttl=50 time=9.73 ms	(same route)
116 bytes from N3 icmp_seq=61 ttl=50 time=1.16 ms	(same route)
116 bytes from N3 icmp_seq=62 ttl=50 time=1.22 ms	(same route)
116 bytes from N3 icmp_seq=63 ttl=50 time=3.38 ms	(same route)
116 bytes from N3 icmp_seq=64 ttl=50 time=21.26 ms	(same route)
116 bytes from N3 icmp_seq=65 ttl=50 time=3.72 ms	(same route)
116 bytes from N3 icmp_seq=66 ttl=50 time=9.00 ms	(same route)
116 bytes from N3 icmp_seq=67 ttl=50 time=2.98 ms	(same route)
116 bytes from N3 icmp_seq=68 ttl=50 time=2.50 ms	(same route)
116 bytes from N3 icmp_seq=69 ttl=50 time=7.11 ms	(same route)
116 bytes from N3 icmp_seq=70 ttl=50 time=4.79 ms	(same route)
116 bytes from N3 icmp_seq=71 ttl=50 time=16.48 ms	(same route)
116 bytes from N3 icmp_seq=72 ttl=50 time=8.99 ms	(same route)
116 bytes from N3 icmp_seq=73 ttl=50 time=5.13 ms	(same route)
116 bytes from N3 icmp_seq=74 ttl=50 time=1.18 ms	(same route)
116 bytes from N3 icmp_seq=75 ttl=50 time=2.73 ms	(same route)
116 bytes from N3 icmp_seq=76 ttl=50 time=3.48 ms	(same route)
116 bytes from N3 icmp_seq=77 ttl=50 time=5.52 ms	(same route)
116 bytes from N3 icmp_seq=78 ttl=50 time=17.96 ms	(same route)
116 bytes from N3 icmp_seq=79 ttl=50 time=28.63 ms	(same route)
116 bytes from N3 icmp_seq=80 ttl=50 time=3.14 ms	(same route)
116 bytes from N3 icmp_seq=81 ttl=50 time=1.20 ms	(same route)
116 bytes from N3 icmp_seq=82 ttl=50 time=2.93 ms	(same route)
116 bytes from N3 icmp_seq=83 ttl=50 time=6.26 ms	(same route)
116 bytes from N3 icmp_seq=84 ttl=50 time=5.94 ms	(same route)
116 bytes from N3 icmp_seq=85 ttl=50 time=34.58 ms	(same route)
116 bytes from N3 icmp_seq=86 ttl=50 time=1.14 ms	(same route)
116 bytes from N3 icmp_seq=87 ttl=50 time=1.20 ms	(same route)
116 bytes from N3 icmp_seq=88 ttl=50 time=9.06 ms	(same route)
116 bytes from N3 icmp_seq=89 ttl=50 time=342.25 ms	(same route)
116 bytes from N3 icmp_seq=90 ttl=50 time=120.63 ms	(same route)
116 bytes from N3 icmp_seq=91 ttl=50 time=5.54 ms	(same route)
116 bytes from N3 icmp_seq=92 ttl=50 time=4.66 ms	(same route)
116 bytes from N3 icmp_seq=93 ttl=50 time=1.18 ms	(same route)
116 bytes from N3 icmp_seq=94 ttl=50 time=10.95 ms	(same route)
116 bytes from N3 icmp_seq=95 ttl=50 time=3.59 ms	(same route)
116 bytes from N3 icmp_seq=96 ttl=50 time=1.30 ms	(same route)
116 bytes from N3 icmp_seq=97 ttl=50 time=205.67 ms	(same route)
116 bytes from N3 icmp_seq=98 ttl=50 time=171.68 ms	(same route)
116 bytes from N3 icmp_seq=99 ttl=50 time=150.81 ms	(same route)
116 bytes from N3 icmp_seq=100 ttl=50 time=18.41 ms	(same route)
116 bytes from N3 icmp_seq=101 ttl=50 time=4.98 ms	(same route)
116 bytes from N3 icmp_seq=102 ttl=50 time=219.80 ms	(same route)
116 bytes from N3 icmp_seq=103 ttl=50 time=136.19 ms	(same route)
116 bytes from N3 icmp_seq=104 ttl=50 time=127.36 ms	(same route)
116 bytes from N3 icmp_seq=105 ttl=50 time=444.32 ms	(same route)
116 bytes from N3 icmp_seq=106 ttl=50 time=5.64 ms	(same route)
116 bytes from N3 icmp_seq=107 ttl=50 time=516.21 ms	(same route)
116 bytes from N3 icmp_seq=108 ttl=50 time=5.97 ms	(same route)
116 bytes from N3 icmp_seq=109 ttl=50 time=310.04 ms	(same route)
116 bytes from N3 icmp_seq=110 ttl=50 time=83.70 ms	(same route)
116 bytes from N3 icmp_seq=111 ttl=50 time=6.10 ms	(same route)
116 bytes from N3 icmp_seq=112 ttl=50 time=1.17 ms	(same route)
116 bytes from N3 icmp_seq=113 ttl=50 time=1.58 ms	(same route)
116 bytes from N3 icmp_seq=114 ttl=50 time=225.63 ms	(same route)
116 bytes from N3 icmp_seq=115 ttl=50 time=11.60 ms	(same route)
116 bytes from N3 icmp_seq=116 ttl=50 time=3.85 ms	(same route)
116 bytes from N3 icmp_seq=117 ttl=50 time=85.25 ms	(same route)
116 bytes from N3 icmp_seq=118 ttl=50 time=183.90 ms	(same route)
116 bytes from N3 icmp_seq=119 ttl=50 time=283.02 ms	(same route)
Reply from host N3 timed out
116 bytes from N3 icmp_seq=121 ttl=50 time=0.03 ms	(same route)
Reply from host N3 timed out
116 bytes from N3 icmp_seq=123 ttl=50 time=0.54 ms	(same route)
Reply from host N3 timed out
116 bytes from N3 icmp_seq=125 ttl=50 time=0.57 ms	(same route)
Reply from host N3 timed out
116 bytes from N3 icmp_seq=127 ttl=50 time=6.20 ms	(same route)
116 bytes from N3 icmp_seq=128 ttl=50 time=750.35 ms	(same route)
Reply from host N3 timed out
Reply from host N3 timed out
116 bytes from N3 icmp_seq=131 ttl=50 time=0.03 ms	(same route)
Reply from host N3 timed out
116 bytes from N3 icmp_seq=133 ttl=50 time=460.42 ms	(same route)
Reply from host N3 timed out
116 bytes from N3 icmp_seq=135 ttl=50 time=0.44 ms	(same route)
Reply from host N3 timed out
116 bytes from N3 icmp_seq=137 ttl=50 time=12.33 ms	(same route)
116 bytes from N3 icmp_seq=138 ttl=50 time=339.54 ms	(same route)
116 bytes from N3 icmp_seq=139 ttl=50 time=634.91 ms	(same route)
116 bytes from N3 icmp_seq=140 ttl=50 time=925.56 ms	(same route)
Reply from host N3 timed out
116 bytes from N3 icmp_seq=142 ttl=50 time=26.41 ms	(same route)
Reply from host N3 timed out
116 bytes from N3 icmp_seq=144 ttl=50 time=150.01 ms	(same route)
116 bytes from N3 icmp_seq=145 ttl=50 time=7.95 ms	(same route)
116 bytes from N3 icmp_seq=146 ttl=50 time=23.98 ms	(same route)
116 bytes from N3 icmp_seq=147 ttl=50 time=1.20 ms	(same route)
116 bytes from N3 icmp_seq=148 ttl=50 time=1.24 ms	(same route)
116 bytes from N3 icmp_seq=149 ttl=50 time=14.73 ms	(same route)
116 bytes from N3 icmp_seq=150 ttl=50 time=1.37 ms	(same route)
116 bytes from N3 icmp_seq=151 ttl=50 time=37.02 ms	(same route)
116 bytes from N3 icmp_seq=152 ttl=50 time=26.78 ms	(same route)
116 bytes from N3 icmp_seq=153 ttl=50 time=5.79 ms	(same route)
116 bytes from N3 icmp_seq=154 ttl=50 time=3.20 ms	(same route)
116 bytes from N3 icmp_seq=155 ttl=50 time=1.33 ms	(same route)
116 bytes from N3 icmp_seq=156 ttl=50 time=11.29 ms	(same route)
116 bytes from N3 icmp_seq=157 ttl=50 time=5.71 ms	(same route)
116 bytes from N3 icmp_seq=158 ttl=50 time=4.12 ms	(same route)
116 bytes from N3 icmp_seq=159 ttl=50 time=26.62 ms	(same route)
116 bytes from N3 icmp_seq=160 ttl=50 time=1.38 ms	(same route)
116 bytes from N3 icmp_seq=161 ttl=50 time=5.75 ms	(same route)
116 bytes from N3 icmp_seq=162 ttl=50 time=9.86 ms	(same route)
116 bytes from N3 icmp_seq=163 ttl=50 time=8.85 ms	(same route)
116 bytes from N3 icmp_seq=164 ttl=50 time=1.34 ms	(same route)
116 bytes from N3 icmp_seq=165 ttl=50 time=1.21 ms	(same route)
116 bytes from N3 icmp_seq=166 ttl=50 time=4.87 ms	(same route)
116 bytes from N3 icmp_seq=167 ttl=50 time=34.45 ms	(same route)
116 bytes from N3 icmp_seq=168 ttl=50 time=2.40 ms	(same route)
116 bytes from N3 icmp_seq=169 ttl=50 time=2.97 ms	(same route)
116 bytes from N3 icmp_seq=170 ttl=50 time=16.39 ms	(same route)
116 bytes from N3 icmp_seq=171 ttl=50 time=16.58 ms	(same route)
116 bytes from N3 icmp_seq=172 ttl=50 time=3.68 ms	(same route)
116 bytes from N3 icmp_seq=173 ttl=50 time=3.69 ms	(same route)
116 bytes from N3 icmp_seq=174 ttl=50 time=10.81 ms	(same route)
116 bytes from N3 icmp_seq=175 ttl=50 time=2.77 ms	(same route)
116 bytes from N3 icmp_seq=176 ttl=50 time=2.49 ms	(same route)
116 bytes from N3 icmp_seq=177 ttl=50 time=1.59 ms	(same route)
116 bytes from N3 icmp_seq=178 ttl=50 time=18.63 ms	(same route)
116 bytes from N3 icmp_seq=179 ttl=50 time=1.20 ms	(same route)
116 bytes from N3 icmp_seq=180 ttl=50 time=29.49 ms	(same route)
116 bytes from N3 icmp_seq=181 ttl=50 time=5.90 ms	(same route)
116 bytes from N3 icmp_seq=182 ttl=50 time=1.22 ms	(same route)
116 bytes from N3 icmp_seq=183 ttl=50 time=9.12 ms	(same route)
116 bytes from N3 icmp_seq=184 ttl=50 time=10.32 ms	(same route)
116 bytes from N3 icmp_seq=185 ttl=50 time=51.26 ms	(same route)
116 bytes from N3 icmp_seq=186 ttl=50 time=9.08 ms	(same route)
116 bytes from N3 icmp_seq=187 ttl=50 time=12.45 ms	(same route)
116 bytes from N3 icmp_seq=188 ttl=50 time=1.18 ms	(same route)
116 bytes from N3 icmp_seq=189 ttl=50 time=1.48 ms	(same route)
116 bytes from N3 icmp_seq=190 ttl=50 time=1.19 ms	(same route)
116 bytes from N3 icmp_seq=191 ttl=50 time=14.49 ms	(same route)
116 bytes from N3 icmp_seq=192 ttl=50 time=12.78 ms	(same route)
116 bytes from N3 icmp_seq=193 ttl=50 time=1.24 ms	(same route)
116 bytes from N3 icmp_seq=194 ttl=50 time=19.28 ms	(same route)
116 bytes from N3 icmp_seq=195 ttl=50 time=1.24 ms	(same route)
116 bytes from N3 icmp_seq=196 ttl=50 time=20.63 ms	(same route)
116 bytes from N3 icmp_seq=197 ttl=50 time=3.31 ms	(same route)
116 bytes from N3 icmp_seq=198 ttl=50 time=2.54 ms	(same route)
116 bytes from N3 icmp_seq=199 ttl=50 time=4.42 ms	(same route)
116 bytes from N3 icmp_seq=200 ttl=50 time=6.81 ms	(same route)
116 bytes from N3 icmp_seq=201 ttl=50 time=4.75 ms	(same route)
116 bytes from N3 icmp_seq=202 ttl=50 time=10.58 ms	(same route)
116 bytes from N3 icmp_seq=203 ttl=50 time=3.61 ms	(same route)
116 bytes from N3 icmp_seq=204 ttl=50 time=1.20 ms	(same route)
116 bytes from N3 icmp_seq=205 ttl=50 time=3.11 ms	(same route)
116 bytes from N3 icmp_seq=206 ttl=50 time=2.18 ms	(same route)
116 bytes from N3 icmp_seq=207 ttl=50 time=63.27 ms	(same route)
116 bytes from N3 icmp_seq=208 ttl=50 time=14.65 ms	(same route)
116 bytes from N3 icmp_seq=209 ttl=50 time=4.78 ms	(same route)
116 bytes from N3 icmp_seq=210 ttl=50 time=1.22 ms	(same route)
116 bytes from N3 icmp_seq=211 ttl=50 time=7.21 ms	(same route)
116 bytes from N3 icmp_seq=212 ttl=50 time=2.99 ms	(same route)
116 bytes from N3 icmp_seq=213 ttl=50 time=6.94 ms	(same route)
116 bytes from N3 icmp_seq=214 ttl=50 time=1.18 ms	(same route)
116 bytes from N3 icmp_seq=215 ttl=50 time=1.23 ms	(same route)
116 bytes from N3 icmp_seq=216 ttl=50 time=41.21 ms	(same route)
116 bytes from N3 icmp_seq=217 ttl=50 time=15.81 ms	(same route)
116 bytes from N3 icmp_seq=218 ttl=50 time=1.28 ms	(same route)
116 bytes from N3 icmp_seq=219 ttl=50 time=3.43 ms	(same route)
116 bytes from N3 icmp_seq=220 ttl=50 time=3.03 ms	(same route)
116 bytes from N3 icmp_seq=221 ttl=50 time=12.05 ms	(same route)
116 bytes from N3 icmp_seq=222 ttl=50 time=12.35 ms
RR: 	N2
	N5
	N3
	N3
	N2

116 bytes from N3 icmp_seq=223 ttl=50 time=11.99 ms	(same route)
116 bytes from N3 icmp_seq=224 ttl=50 time=484.04 ms	(same route)
116 bytes from N3 icmp_seq=225 ttl=50 time=1.76 ms	(same route)
116 bytes from N3 icmp_seq=226 ttl=50 time=110.19 ms	(same route)
116 bytes from N3 icmp_seq=227 ttl=50 time=262.08 ms	(same route)
116 bytes from N3 icmp_seq=228 ttl=50 time=503.58 ms	(same route)
116 bytes from N3 icmp_seq=229 ttl=50 time=12.83 ms	(same route)
116 bytes from N3 icmp_seq=230 ttl=50 time=506.14 ms	(same route)
Reply from host N3 timed out
116 bytes from N3 icmp_seq=232 ttl=50 time=106.32 ms	(same route)
Reply from host N3 timed out
116 bytes from N3 icmp_seq=234 ttl=50 time=375.12 ms	(same route)
116 bytes from N3 icmp_seq=235 ttl=50 time=42.90 ms	(same route)
116 bytes from N3 icmp_seq=236 ttl=50 time=40.49 ms	(same route)
116 bytes from N3 icmp_seq=237 ttl=50 time=918.49 ms	(same route)
116 bytes from N3 icmp_seq=238 ttl=50 time=532.55 ms	(same route)
116 bytes from N3 icmp_seq=239 ttl=50 time=223.82 ms	(same route)
116 bytes from N3 icmp_seq=240 ttl=50 time=252.99 ms	(same route)
116 bytes from N3 icmp_seq=241 ttl=50 time=1.99 ms	(same route)
116 bytes from N3 icmp_seq=242 ttl=50 time=664.57 ms	(same route)
116 bytes from N3 icmp_seq=243 ttl=50 time=510.34 ms	(same route)
116 bytes from N3 icmp_seq=244 ttl=50 time=113.89 ms	(same route)
116 bytes from N3 icmp_seq=245 ttl=50 time=43.17 ms	(same route)
116 bytes from N3 icmp_seq=246 ttl=50 time=4.59 ms
RR: 	N2
	N3
	N3
	N2

116 bytes from N3 icmp_seq=247 ttl=50 time=12.29 ms	(same route)
116 bytes from N3 icmp_seq=248 ttl=50 time=1.23 ms	(same route)
116 bytes from N3 icmp_seq=249 ttl=50 time=11.25 ms	(same route)
116 bytes from N3 icmp_seq=250 ttl=50 time=1.26 ms	(same route)
116 bytes from N3 icmp_seq=251 ttl=50 time=4.58 ms	(same route)
116 bytes from N3 icmp_seq=252 ttl=50 time=45.29 ms	(same route)
116 bytes from N3 icmp_seq=253 ttl=50 time=9.18 ms	(same route)
116 bytes from N3 icmp_seq=254 ttl=50 time=4.34 ms	(same route)
116 bytes from N3 icmp_seq=255 ttl=50 time=2.64 ms	(same route)
116 bytes from N3 icmp_seq=256 ttl=50 time=2.67 ms	(same route)
116 bytes from N3 icmp_seq=257 ttl=50 time=1.28 ms	(same route)
116 bytes from N3 icmp_seq=258 ttl=50 time=10.40 ms	(same route)
116 bytes from N3 icmp_seq=259 ttl=50 time=28.53 ms	(same route)
116 bytes from N3 icmp_seq=260 ttl=50 time=10.49 ms	(same route)
116 bytes from N3 icmp_seq=261 ttl=50 time=3.81 ms	(same route)
116 bytes from N3 icmp_seq=262 ttl=50 time=8.85 ms	(same route)
116 bytes from N3 icmp_seq=263 ttl=50 time=4.32 ms	(same route)
116 bytes from N3 icmp_seq=264 ttl=50 time=7.33 ms	(same route)
116 bytes from N3 icmp_seq=265 ttl=50 time=1.23 ms	(same route)
116 bytes from N3 icmp_seq=266 ttl=50 time=2.82 ms	(same route)
116 bytes from N3 icmp_seq=267 ttl=50 time=13.35 ms	(same route)
116 bytes from N3 icmp_seq=268 ttl=50 time=5.03 ms	(same route)
116 bytes from N3 icmp_seq=269 ttl=50 time=7.19 ms	(same route)
116 bytes from N3 icmp_seq=270 ttl=50 time=3.66 ms	(same route)
116 bytes from N3 icmp_seq=271 ttl=50 time=1.29 ms	(same route)
116 bytes from N3 icmp_seq=272 ttl=50 time=1.63 ms	(same route)
116 bytes from N3 icmp_seq=273 ttl=50 time=2.83 ms	(same route)
116 bytes from N3 icmp_seq=274 ttl=50 time=15.84 ms	(same route)
116 bytes from N3 icmp_seq=275 ttl=50 time=10.95 ms	(same route)
116 bytes from N3 icmp_seq=276 ttl=50 time=1.21 ms	(same route)
116 bytes from N3 icmp_seq=277 ttl=50 time=52.24 ms	(same route)
116 bytes from N3 icmp_seq=278 ttl=50 time=684.30 ms	(same route)
116 bytes from N3 icmp_seq=279 ttl=50 time=191.41 ms	(same route)
116 bytes from N3 icmp_seq=280 ttl=50 time=269.59 ms	(same route)
116 bytes from N3 icmp_seq=281 ttl=50 time=1.24 ms	(same route)
116 bytes from N3 icmp_seq=282 ttl=50 time=3.76 ms	(same route)
116 bytes from N3 icmp_seq=283 ttl=50 time=5.20 ms	(same route)
116 bytes from N3 icmp_seq=284 ttl=50 time=1.20 ms	(same route)
116 bytes from N3 icmp_seq=285 ttl=50 time=1.23 ms	(same route)
116 bytes from N3 icmp_seq=286 ttl=50 time=1.21 ms	(same route)
116 bytes from N3 icmp_seq=287 ttl=50 time=5.84 ms	(same route)
116 bytes from N3 icmp_seq=288 ttl=50 time=4.61 ms	(same route)
116 bytes from N3 icmp_seq=289 ttl=50 time=1.33 ms	(same route)
116 bytes from N3 icmp_seq=290 ttl=50 time=1.24 ms	(same route)
116 bytes from N3 icmp_seq=291 ttl=50 time=3.08 ms	(same route)
116 bytes from N3 icmp_seq=292 ttl=50 time=5.04 ms	(same route)
116 bytes from N3 icmp_seq=293 ttl=50 time=2.35 ms	(same route)
116 bytes from N3 icmp_seq=294 ttl=50 time=1.27 ms	(same route)
116 bytes from N3 icmp_seq=295 ttl=50 time=6.60 ms	(same route)
116 bytes from N3 icmp_seq=296 ttl=50 time=1.28 ms	(same route)
116 bytes from N3 icmp_seq=297 ttl=50 time=7.20 ms	(same route)
116 bytes from N3 icmp_seq=298 ttl=50 time=6.89 ms	(same route)
116 bytes from N3 icmp_seq=299 ttl=50 time=24.07 ms	(same route)
116 bytes from N3 icmp_seq=300 ttl=50 time=38.56 ms	(same route)
--- N3 ping statistics ---
312 packets transmitted, 287 received, 8% packet loss
rtt min/avg/max/mdev = 0.027/54.422/925.563/143.691 ms
