PING N2 (00:00:0c:18:11:02) 116(144) bytes of data
116 bytes from N2 icmp_seq=1 ttl=49 time=14.27 ms
RR: 	N4
	N3
	N2
	N2
	N3
	N4

116 bytes from N2 icmp_seq=2 ttl=49 time=3.97 ms	(same route)
116 bytes from N2 icmp_seq=3 ttl=49 time=6.01 ms	(same route)
116 bytes from N2 icmp_seq=4 ttl=49 time=6.12 ms	(same route)
116 bytes from N2 icmp_seq=5 ttl=49 time=6.36 ms	(same route)
116 bytes from N2 icmp_seq=6 ttl=49 time=22.52 ms	(same route)
116 bytes from N2 icmp_seq=7 ttl=49 time=4.68 ms	(same route)
116 bytes from N2 icmp_seq=8 ttl=49 time=16.87 ms	(same route)
116 bytes from N2 icmp_seq=9 ttl=49 time=26.37 ms	(same route)
116 bytes from N2 icmp_seq=10 ttl=49 time=6.67 ms	(same route)
116 bytes from N2 icmp_seq=11 ttl=49 time=9.27 ms	(same route)
116 bytes from N2 icmp_seq=12 ttl=49 time=6.55 ms	(same route)
116 bytes from N2 icmp_seq=13 ttl=49 time=3.03 ms	(same route)
116 bytes from N2 icmp_seq=14 ttl=49 time=16.29 ms	(same route)
116 bytes from N2 icmp_seq=15 ttl=49 time=6.33 ms	(same route)
116 bytes from N2 icmp_seq=16 ttl=49 time=12.86 ms	(same route)
116 bytes from N2 icmp_seq=17 ttl=49 time=4.95 ms	(same route)
116 bytes from N2 icmp_seq=18 ttl=49 time=3.27 ms	(same route)
116 bytes from N2 icmp_seq=19 ttl=49 time=16.89 ms	(same route)
116 bytes from N2 icmp_seq=20 ttl=49 time=4.42 ms	(same route)
116 bytes from N2 icmp_seq=21 ttl=49 time=3.28 ms	(same route)
116 bytes from N2 icmp_seq=22 ttl=49 time=3.70 ms	(same route)
116 bytes from N2 icmp_seq=23 ttl=49 time=5.01 ms	(same route)
116 bytes from N2 icmp_seq=24 ttl=49 time=19.65 ms	(same route)
116 bytes from N2 icmp_seq=25 ttl=49 time=4.96 ms	(same route)
116 bytes from N2 icmp_seq=26 ttl=49 time=10.89 ms	(same route)
116 bytes from N2 icmp_seq=27 ttl=49 time=47.16 ms	(same route)
116 bytes from N2 icmp_seq=28 ttl=49 time=11.40 ms	(same route)
116 bytes from N2 icmp_seq=29 ttl=49 time=47.86 ms	(same route)
116 bytes from N2 icmp_seq=30 ttl=49 time=17.81 ms	(same route)
116 bytes from N2 icmp_seq=31 ttl=49 time=81.16 ms	(same route)
116 bytes from N2 icmp_seq=32 ttl=49 time=12.28 ms	(same route)
116 bytes from N2 icmp_seq=33 ttl=49 time=11.26 ms	(same route)
116 bytes from N2 icmp_seq=34 ttl=49 time=6.29 ms	(same route)
116 bytes from N2 icmp_seq=35 ttl=49 time=6.40 ms	(same route)
116 bytes from N2 icmp_seq=36 ttl=49 time=38.97 ms	(same route)
116 bytes from N2 icmp_seq=37 ttl=49 time=106.35 ms	(same route)
116 bytes from N2 icmp_seq=38 ttl=49 time=19.71 ms	(same route)
116 bytes from N2 icmp_seq=39 ttl=49 time=13.62 ms	(same route)
116 bytes from N2 icmp_seq=40 ttl=49 time=7.76 ms	(same route)
116 bytes from N2 icmp_seq=41 ttl=49 time=11.26 ms	(same route)
116 bytes from N2 icmp_seq=42 ttl=49 time=12.63 ms	(same route)
116 bytes from N2 icmp_seq=43 ttl=49 time=22.37 ms	(same route)
116 bytes from N2 icmp_seq=44 ttl=49 time=11.17 ms	(same route)
116 bytes from N2 icmp_seq=45 ttl=49 time=13.52 ms	(same route)
116 bytes from N2 icmp_seq=46 ttl=49 time=11.30 ms	(same route)
116 bytes from N2 icmp_seq=47 ttl=49 time=6.03 ms	(same route)
116 bytes from N2 icmp_seq=48 ttl=49 time=6.00 ms	(same route)
116 bytes from N2 icmp_seq=49 ttl=49 time=5.92 ms	(same route)
116 bytes from N2 icmp_seq=50 ttl=49 time=2.72 ms	(same route)
116 bytes from N2 icmp_seq=51 ttl=49 time=3.50 ms	(same route)
116 bytes from N2 icmp_seq=52 ttl=49 time=22.38 ms	(same route)
116 bytes from N2 icmp_seq=53 ttl=49 time=38.61 ms	(same route)
116 bytes from N2 icmp_seq=54 ttl=49 time=40.37 ms	(same route)
116 bytes from N2 icmp_seq=55 ttl=49 time=32.59 ms	(same route)
116 bytes from N2 icmp_seq=56 ttl=49 time=8.74 ms	(same route)
116 bytes from N2 icmp_seq=57 ttl=49 time=10.19 ms	(same route)
116 bytes from N2 icmp_seq=58 ttl=49 time=3.16 ms	(same route)
116 bytes from N2 icmp_seq=59 ttl=49 time=5.72 ms	(same route)
116 bytes from N2 icmp_seq=60 ttl=49 time=8.42 ms	(same route)
116 bytes from N2 icmp_seq=61 ttl=49 time=27.02 ms	(same route)
116 bytes from N2 icmp_seq=62 ttl=49 time=12.81 ms	(same route)
116 bytes from N2 icmp_seq=63 ttl=49 time=7.23 ms	(same route)
116 bytes from N2 icmp_seq=64 ttl=49 time=6.92 ms	(same route)
116 bytes from N2 icmp_seq=65 ttl=49 time=4.32 ms	(same route)
116 bytes from N2 icmp_seq=66 ttl=49 time=6.55 ms	(same route)
116 bytes from N2 icmp_seq=67 ttl=49 time=17.99 ms	(same route)
116 bytes from N2 icmp_seq=68 ttl=49 time=6.52 ms	(same route)
116 bytes from N2 icmp_seq=69 ttl=49 time=3.11 ms	(same route)
116 bytes from N2 icmp_seq=70 ttl=49 time=14.66 ms	(same route)
116 bytes from N2 icmp_seq=71 ttl=49 time=11.24 ms	(same route)
116 bytes from N2 icmp_seq=72 ttl=49 time=17.52 ms	(same route)
116 bytes from N2 icmp_seq=73 ttl=49 time=26.03 ms	(same route)
116 bytes from N2 icmp_seq=74 ttl=49 time=2.62 ms	(same route)
116 bytes from N2 icmp_seq=75 ttl=49 time=10.36 ms	(same route)
116 bytes from N2 icmp_seq=76 ttl=49 time=2.45 ms	(same route)
116 bytes from N2 icmp_seq=77 ttl=49 time=6.06 ms	(same route)
116 bytes from N2 icmp_seq=78 ttl=49 time=2.80 ms	(same route)
116 bytes from N2 icmp_seq=79 ttl=49 time=14.79 ms	(same route)
116 bytes from N2 icmp_seq=80 ttl=49 time=37.04 ms	(same route)
116 bytes from N2 icmp_seq=81 ttl=49 time=37.22 ms	(same route)
116 bytes from N2 icmp_seq=82 ttl=49 time=2.36 ms	(same route)
116 bytes from N2 icmp_seq=83 ttl=49 time=3.06 ms	(same route)
116 bytes from N2 icmp_seq=84 ttl=49 time=3.63 ms	(same route)
116 bytes from N2 icmp_seq=85 ttl=49 time=5.12 ms	(same route)
116 bytes from N2 icmp_seq=86 ttl=49 time=76.31 ms	(same route)
116 bytes from N2 icmp_seq=87 ttl=49 time=11.62 ms	(same route)
116 bytes from N2 icmp_seq=88 ttl=49 time=2.82 ms	(same route)
116 bytes from N2 icmp_seq=89 ttl=49 time=3.65 ms	(same route)
116 bytes from N2 icmp_seq=90 ttl=49 time=6.20 ms	(same route)
116 bytes from N2 icmp_seq=91 ttl=49 time=311.58 ms	(same route)
116 bytes from N2 icmp_seq=92 ttl=49 time=90.83 ms	(same route)
116 bytes from N2 icmp_seq=93 ttl=49 time=3.65 ms	(same route)
116 bytes from N2 icmp_seq=94 ttl=49 time=13.00 ms	(same route)
116 bytes from N2 icmp_seq=95 ttl=49 time=5.63 ms	(same route)
116 bytes from N2 icmp_seq=96 ttl=49 time=27.68 ms	(same route)
116 bytes from N2 icmp_seq=97 ttl=49 time=15.01 ms	(same route)
116 bytes from N2 icmp_seq=98 ttl=49 time=8.90 ms	(same route)
116 bytes from N2 icmp_seq=99 ttl=49 time=166.45 ms	(same route)
116 bytes from N2 icmp_seq=100 ttl=49 time=132.45 ms	(same route)
116 bytes from N2 icmp_seq=101 ttl=49 time=157.94 ms	(same route)
116 bytes from N2 icmp_seq=102 ttl=49 time=27.86 ms	(same route)
116 bytes from N2 icmp_seq=103 ttl=49 time=28.90 ms	(same route)
116 bytes from N2 icmp_seq=104 ttl=49 time=284.97 ms	(same route)
116 bytes from N2 icmp_seq=105 ttl=49 time=162.41 ms	(same route)
116 bytes from N2 icmp_seq=106 ttl=49 time=201.79 ms	(same route)
116 bytes from N2 icmp_seq=107 ttl=49 time=631.12 ms	(same route)
116 bytes from N2 icmp_seq=108 ttl=49 time=3.50 ms	(same route)
116 bytes from N2 icmp_seq=109 ttl=49 time=514.07 ms	(same route)
116 bytes from N2 icmp_seq=110 ttl=49 time=6.24 ms	(same route)
116 bytes from N2 icmp_seq=111 ttl=49 time=674.73 ms	(same route)
116 bytes from N2 icmp_seq=112 ttl=49 time=72.27 ms	(same route)
116 bytes from N2 icmp_seq=113 ttl=49 time=3.00 ms	(same route)
116 bytes from N2 icmp_seq=114 ttl=49 time=4.62 ms	(same route)
116 bytes from N2 icmp_seq=115 ttl=49 time=8.64 ms	(same route)
116 bytes from N2 icmp_seq=116 ttl=49 time=258.17 ms	(same route)
116 bytes from N2 icmp_seq=117 ttl=49 time=293.19 ms	(same route)
116 bytes from N2 icmp_seq=118 ttl=49 time=93.10 ms	(same route)
Reply from host N2 timed out
Reply from host N2 timed out
Reply from host N2 timed out
Reply from host N2 timed out
Reply from host N2 timed out
Reply from host N2 timed out
Reply from host N2 timed out
Reply from host N2 timed out
Reply from host N2 timed out
Reply from host N2 timed out
Reply from host N2 timed out
Reply from host N2 timed out
Reply from host N2 timed out
Reply from host N2 timed out
Reply from host N2 timed out
Reply from host N2 timed out
Reply from host N2 timed out
Reply from host N2 timed out
Reply from host N2 timed out
Reply from host N2 timed out
Reply from host N2 timed out
Reply from host N2 timed out
Reply from host N2 timed out
Reply from host N2 timed out
Reply from host N2 timed out
Reply from host N2 timed out
Reply from host N2 timed out
116 bytes from N2 icmp_seq=146 ttl=49 time=22.14 ms	(same route)
116 bytes from N2 icmp_seq=147 ttl=49 time=81.51 ms	(same route)
116 bytes from N2 icmp_seq=148 ttl=49 time=6.71 ms	(same route)
116 bytes from N2 icmp_seq=149 ttl=49 time=2.73 ms	(same route)
116 bytes from N2 icmp_seq=150 ttl=49 time=34.24 ms	(same route)
116 bytes from N2 icmp_seq=151 ttl=49 time=13.39 ms	(same route)
116 bytes from N2 icmp_seq=152 ttl=49 time=58.24 ms	(same route)
116 bytes from N2 icmp_seq=153 ttl=49 time=19.60 ms	(same route)
116 bytes from N2 icmp_seq=154 ttl=49 time=16.73 ms	(same route)
116 bytes from N2 icmp_seq=155 ttl=49 time=2.54 ms	(same route)
116 bytes from N2 icmp_seq=156 ttl=49 time=8.61 ms	(same route)
116 bytes from N2 icmp_seq=157 ttl=49 time=2.78 ms	(same route)
116 bytes from N2 icmp_seq=158 ttl=49 time=4.43 ms	(same route)
116 bytes from N2 icmp_seq=159 ttl=49 time=18.42 ms	(same route)
116 bytes from N2 icmp_seq=160 ttl=49 time=2.32 ms	(same route)
116 bytes from N2 icmp_seq=161 ttl=49 time=12.65 ms	(same route)
116 bytes from N2 icmp_seq=162 ttl=49 time=20.67 ms	(same route)
116 bytes from N2 icmp_seq=163 ttl=49 time=3.02 ms	(same route)
116 bytes from N2 icmp_seq=164 ttl=49 time=16.73 ms	(same route)
116 bytes from N2 icmp_seq=165 ttl=49 time=9.31 ms	(same route)
116 bytes from N2 icmp_seq=166 ttl=49 time=2.86 ms	(same route)
116 bytes from N2 icmp_seq=167 ttl=49 time=10.42 ms	(same route)
116 bytes from N2 icmp_seq=168 ttl=49 time=42.67 ms	(same route)
116 bytes from N2 icmp_seq=169 ttl=49 time=29.70 ms	(same route)
116 bytes from N2 icmp_seq=170 ttl=49 time=3.78 ms	(same route)
116 bytes from N2 icmp_seq=171 ttl=49 time=7.17 ms	(same route)
116 bytes from N2 icmp_seq=172 ttl=49 time=23.31 ms	(same route)
116 bytes from N2 icmp_seq=173 ttl=49 time=17.13 ms	(same route)
116 bytes from N2 icmp_seq=174 ttl=49 time=725.57 ms	(same route)
116 bytes from N2 icmp_seq=175 ttl=49 time=26.66 ms	(same route)
116 bytes from N2 icmp_seq=176 ttl=49 time=4.97 ms	(same route)
116 bytes from N2 icmp_seq=177 ttl=49 time=11.13 ms	(same route)
116 bytes from N2 icmp_seq=178 ttl=49 time=18.65 ms	(same route)
116 bytes from N2 icmp_seq=179 ttl=49 time=25.77 ms	(same route)
Reply from host N2 timed out
Reply from host N2 timed out
116 bytes from N2 icmp_seq=182 ttl=49 time=129.80 ms	(same route)
Reply from host N2 timed out
Reply from host N2 timed out
116 bytes from N2 icmp_seq=185 ttl=49 time=10.15 ms	(same route)
Reply from host N2 timed out
116 bytes from N2 icmp_seq=187 ttl=49 time=782.58 ms	(same route)
Reply from host N2 timed out
Reply from host N2 timed out
Reply from host N2 timed out
Reply from host N2 timed out
116 bytes from N2 icmp_seq=192 ttl=49 time=587.12 ms	(same route)
Reply from host N2 timed out
Reply from host N2 timed out
Reply from host N2 timed out
116 bytes from N2 icmp_seq=196 ttl=49 time=90.37 ms	(same route)
Reply from host N2 timed out
Reply from host N2 timed out
Reply from host N2 timed out
Reply from host N2 timed out
116 bytes from N2 icmp_seq=201 ttl=49 time=1.02 ms	(same route)
Reply from host N2 timed out
Reply from host N2 timed out
116 bytes from N2 icmp_seq=204 ttl=49 time=9.57 ms	(same route)
Reply from host N2 timed out
116 bytes from N2 icmp_seq=206 ttl=49 time=690.23 ms	(same route)
116 bytes from N2 icmp_seq=207 ttl=49 time=564.10 ms	(same route)
Reply from host N2 timed out
Reply from host N2 timed out
Reply from host N2 timed out
Reply from host N2 timed out
116 bytes from N2 icmp_seq=212 ttl=49 time=17.54 ms	(same route)
116 bytes from N2 icmp_seq=213 ttl=49 time=576.40 ms	(same route)
Reply from host N2 timed out
116 bytes from N2 icmp_seq=215 ttl=49 time=7.69 ms	(same route)
Reply from host N2 timed out
Reply from host N2 timed out
Reply from host N2 timed out
Reply from host N2 timed out
Reply from host N2 timed out
Reply from host N2 timed out
Reply from host N2 timed out
Reply from host N2 timed out
Reply from host N2 timed out
116 bytes from N2 icmp_seq=225 ttl=48 time=34.34 ms
RR: 	N4
	N3
	N2
	N2
	N1
	N3
	N4

Reply from host N2 timed out
116 bytes from N2 icmp_seq=227 ttl=48 time=17.81 ms	(same route)
116 bytes from N2 icmp_seq=228 ttl=48 time=13.38 ms
RR: 	N4
	N3
	N2
	N2
	N5
	N3
	N4

116 bytes from N2 icmp_seq=229 ttl=48 time=324.38 ms	(same route)
116 bytes from N2 icmp_seq=230 ttl=48 time=580.25 ms	(same route)
116 bytes from N2 icmp_seq=231 ttl=48 time=59.35 ms	(same route)
Reply from host N2 timed out
Reply from host N2 timed out
116 bytes from N2 icmp_seq=234 ttl=48 time=654.59 ms	(same route)
116 bytes from N2 icmp_seq=235 ttl=48 time=911.01 ms	(same route)
116 bytes from N2 icmp_seq=236 ttl=48 time=83.78 ms	(same route)
116 bytes from N2 icmp_seq=237 ttl=48 time=81.34 ms	(same route)
116 bytes from N2 icmp_seq=238 ttl=48 time=100.51 ms	(same route)
Reply from host N2 timed out
116 bytes from N2 icmp_seq=240 ttl=48 time=29.79 ms	(same route)
116 bytes from N2 icmp_seq=241 ttl=48 time=274.20 ms	(same route)
116 bytes from N2 icmp_seq=242 ttl=48 time=293.24 ms	(same route)
116 bytes from N2 icmp_seq=243 ttl=48 time=11.47 ms	(same route)
116 bytes from N2 icmp_seq=244 ttl=48 time=718.56 ms	(same route)
Reply from host N2 timed out
116 bytes from N2 icmp_seq=246 ttl=48 time=177.07 ms	(same route)
116 bytes from N2 icmp_seq=247 ttl=49 time=20.25 ms
RR: 	N4
	N3
	N2
	N2
	N3
	N4

116 bytes from N2 icmp_seq=248 ttl=49 time=6.52 ms	(same route)
116 bytes from N2 icmp_seq=249 ttl=49 time=7.12 ms	(same route)
116 bytes from N2 icmp_seq=250 ttl=49 time=2.86 ms	(same route)
116 bytes from N2 icmp_seq=251 ttl=49 time=2.39 ms	(same route)
116 bytes from N2 icmp_seq=252 ttl=49 time=2.32 ms	(same route)
116 bytes from N2 icmp_seq=253 ttl=49 time=21.44 ms	(same route)
116 bytes from N2 icmp_seq=254 ttl=49 time=23.70 ms	(same route)
116 bytes from N2 icmp_seq=255 ttl=49 time=2.79 ms	(same route)
116 bytes from N2 icmp_seq=256 ttl=49 time=54.63 ms	(same route)
116 bytes from N2 icmp_seq=257 ttl=49 time=4.69 ms	(same route)
116 bytes from N2 icmp_seq=258 ttl=49 time=42.37 ms	(same route)
116 bytes from N2 icmp_seq=259 ttl=49 time=74.11 ms	(same route)
116 bytes from N2 icmp_seq=260 ttl=49 time=17.94 ms	(same route)
116 bytes from N2 icmp_seq=261 ttl=49 time=43.50 ms	(same route)
116 bytes from N2 icmp_seq=262 ttl=49 time=11.32 ms	(same route)
116 bytes from N2 icmp_seq=263 ttl=49 time=48.92 ms	(same route)
116 bytes from N2 icmp_seq=264 ttl=49 time=2.53 ms	(same route)
116 bytes from N2 icmp_seq=265 ttl=49 time=8.07 ms	(same route)
116 bytes from N2 icmp_seq=266 ttl=49 time=6.74 ms	(same route)
116 bytes from N2 icmp_seq=267 ttl=49 time=3.53 ms	(same route)
116 bytes from N2 icmp_seq=268 ttl=49 time=6.01 ms	(same route)
116 bytes from N2 icmp_seq=269 ttl=49 time=3.00 ms	(same route)
116 bytes from N2 icmp_seq=270 ttl=49 time=4.68 ms	(same route)
116 bytes from N2 icmp_seq=271 ttl=49 time=33.97 ms	(same route)
116 bytes from N2 icmp_seq=272 ttl=49 time=47.91 ms	(same route)
116 bytes from N2 icmp_seq=273 ttl=49 time=34.84 ms	(same route)
116 bytes from N2 icmp_seq=274 ttl=49 time=4.70 ms	(same route)
116 bytes from N2 icmp_seq=275 ttl=49 time=31.26 ms	(same route)
116 bytes from N2 icmp_seq=276 ttl=49 time=4.82 ms	(same route)
116 bytes from N2 icmp_seq=277 ttl=49 time=9.73 ms	(same route)
116 bytes from N2 icmp_seq=278 ttl=49 time=7.90 ms	(same route)
116 bytes from N2 icmp_seq=279 ttl=49 time=5.81 ms	(same route)
Reply from host N2 timed out
116 bytes from N2 icmp_seq=281 ttl=49 time=281.54 ms	(same route)
116 bytes from N2 icmp_seq=282 ttl=49 time=738.20 ms	(same route)
116 bytes from N2 icmp_seq=283 ttl=49 time=56.26 ms	(same route)
116 bytes from N2 icmp_seq=284 ttl=49 time=4.33 ms	(same route)
116 bytes from N2 icmp_seq=285 ttl=49 time=2.32 ms	(same route)
116 bytes from N2 icmp_seq=286 ttl=49 time=6.75 ms	(same route)
116 bytes from N2 icmp_seq=287 ttl=49 time=11.71 ms	(same route)
116 bytes from N2 icmp_seq=288 ttl=49 time=6.50 ms	(same route)
116 bytes from N2 icmp_seq=289 ttl=49 time=15.91 ms	(same route)
116 bytes from N2 icmp_seq=290 ttl=49 time=17.13 ms	(same route)
116 bytes from N2 icmp_seq=291 ttl=49 time=28.29 ms	(same route)
116 bytes from N2 icmp_seq=292 ttl=49 time=130.29 ms	(same route)
116 bytes from N2 icmp_seq=293 ttl=49 time=6.29 ms	(same route)
116 bytes from N2 icmp_seq=294 ttl=49 time=12.42 ms	(same route)
116 bytes from N2 icmp_seq=295 ttl=49 time=3.42 ms	(same route)
116 bytes from N2 icmp_seq=296 ttl=49 time=3.59 ms	(same route)
116 bytes from N2 icmp_seq=297 ttl=49 time=8.44 ms	(same route)
116 bytes from N2 icmp_seq=298 ttl=49 time=3.17 ms	(same route)
116 bytes from N2 icmp_seq=299 ttl=49 time=20.91 ms	(same route)
116 bytes from N2 icmp_seq=300 ttl=49 time=5.01 ms	(same route)
--- N2 ping statistics ---
354 packets transmitted, 234 received, 33% packet loss
rtt min/avg/max/mdev = 1.018/71.131/911.010/163.280 ms
