1 1 N3 N5 118 0.270 0
1 2 N3 N1 181 0.270 0
1 3 N3 N3 218 0.270 1
1 4 N5 N3 0 0.170 0
1 5 N5 N1 209 0.170 1
1 6 N5 N5 189 0.170 0
1 7 N1 N3 0 0.170 0
1 8 N1 N5 163 0.170 0
1 9 N1 N1 251 0.170 1
1 10 N4 N5 95 0.270 0
1 11 N4 N3 179 0.270 1
2 1 N3 N5 117 0.610 0
2 2 N3 N1 181 0.610 0
2 3 N3 N3 217 0.610 1
2 4 N5 N3 0 0.160 0
2 5 N5 N1 208 0.160 1
2 6 N5 N5 188 0.160 0
2 7 N1 N3 0 0.250 0
2 8 N1 N5 163 0.250 0
2 9 N1 N1 250 0.250 1
2 10 N4 N5 94 0.100 0
2 11 N4 N3 178 0.100 1
3 1 N3 N5 115 0.080 0
3 2 N3 N1 175 0.080 0
3 3 N3 N3 216 0.080 1
3 4 N5 N3 0 0.200 0
3 5 N5 N1 205 0.200 1
3 6 N5 N5 186 0.200 0
3 7 N1 N3 0 0.210 0
3 8 N1 N5 163 0.210 0
3 9 N1 N1 248 0.210 1
3 10 N4 N5 94 0.960 0
3 11 N4 N3 178 0.960 1
4 1 N3 N5 113 0.780 0
4 2 N3 N1 174 0.780 0
4 3 N3 N3 216 0.780 1
4 4 N5 N3 0 0.250 0
4 5 N5 N1 203 0.250 1
4 6 N5 N5 185 0.250 0
4 7 N1 N3 0 0.260 0
4 8 N1 N5 164 0.260 0
4 9 N1 N1 247 0.260 1
4 10 N4 N5 92 0.240 0
4 11 N4 N3 177 0.240 1
5 1 N3 N5 112 0.090 0
5 2 N3 N1 172 0.090 0
5 3 N3 N3 213 0.090 1
5 4 N5 N3 0 0.320 0
5 5 N5 N1 199 0.320 1
5 6 N5 N5 184 0.320 0
5 7 N1 N3 0 0.320 0
5 8 N1 N5 163 0.320 0
5 9 N1 N1 245 0.320 1
5 10 N4 N5 91 0.090 0
5 11 N4 N3 176 0.090 1
6 1 N3 N5 112 0.130 0
6 2 N3 N1 170 0.130 0
6 3 N3 N3 210 0.130 1
6 4 N5 N3 0 0.340 0
6 5 N5 N1 195 0.340 1
6 6 N5 N5 183 0.340 0
6 7 N1 N3 0 0.510 0
6 8 N1 N5 162 0.510 0
6 9 N1 N1 242 0.510 1
6 10 N4 N5 91 0.130 0
6 11 N4 N3 175 0.130 1
7 1 N3 N5 111 0.180 0
7 2 N3 N1 164 0.180 0
7 3 N3 N3 206 0.180 1
7 4 N5 N3 0 0.020 0
7 5 N5 N1 192 0.020 1
7 6 N5 N5 183 0.020 0
7 7 N1 N3 0 0.040 0
7 8 N1 N5 161 0.040 0
7 9 N1 N1 239 0.040 1
7 10 N4 N5 93 0.410 0
7 11 N4 N3 172 0.410 1
8 1 N3 N5 111 0.490 0
8 2 N3 N1 164 0.490 0
8 3 N3 N3 201 0.490 1
8 4 N5 N3 0 0.080 0
8 5 N5 N1 188 0.080 1
8 6 N5 N5 182 0.080 0
8 7 N1 N3 0 0.000 0
8 8 N1 N5 160 0.000 0
8 9 N1 N1 236 0.000 1
8 10 N4 N5 93 0.450 0
8 11 N4 N3 169 0.450 1
9 1 N3 N5 110 0.280 0
9 2 N3 N1 163 0.280 0
9 3 N3 N3 196 0.280 1
9 4 N5 N3 0 0.110 0
9 5 N5 N1 186 0.110 1
9 6 N5 N5 182 0.110 0
9 7 N1 N3 0 0.170 0
9 8 N1 N5 159 0.170 0
9 9 N1 N1 234 0.170 1
9 10 N4 N5 93 0.510 0
9 11 N4 N3 168 0.510 1
10 1 N3 N5 111 0.120 0
10 2 N3 N1 162 0.120 0
10 3 N3 N3 191 0.120 1
10 4 N5 N3 0 0.030 0
10 5 N5 N1 186 0.030 1
10 6 N5 N5 182 0.030 0
10 7 N1 N3 0 0.110 0
10 8 N1 N5 161 0.110 0
10 9 N1 N1 231 0.110 1
10 10 N4 N5 92 0.060 0
10 11 N4 N3 165 0.060 1
11 1 N3 N5 111 0.180 0
11 2 N3 N1 160 0.180 0
11 3 N3 N3 186 0.180 1
11 4 N5 N3 0 0.080 0
11 5 N5 N1 186 0.080 1
11 6 N5 N5 183 0.080 0
11 7 N1 N3 0 0.170 0
11 8 N1 N5 162 0.170 0
11 9 N1 N1 229 0.170 1
11 10 N4 N5 93 0.660 0
11 11 N4 N3 163 0.660 1
12 1 N3 N5 111 0.130 0
12 2 N3 N1 161 0.130 0
12 3 N3 N3 181 0.130 1
12 4 N5 N3 0 0.150 0
12 5 N5 N1 187 0.150 1
12 6 N5 N5 182 0.150 0
12 7 N1 N3 0 0.330 0
12 8 N1 N5 164 0.330 0
12 9 N1 N1 228 0.330 1
12 10 N4 N5 94 0.660 0
12 11 N4 N3 161 0.660 1
13 1 N3 N5 114 0.080 0
13 2 N3 N1 160 0.080 0
13 3 N3 N3 177 0.080 1
13 4 N5 N3 0 0.180 0
13 5 N5 N1 188 0.180 1
13 6 N5 N5 185 0.180 0
13 7 N1 N3 0 0.280 0
13 8 N1 N5 166 0.280 0
13 9 N1 N1 228 0.280 1
13 10 N4 N5 97 0.080 0
13 11 N4 N3 157 0.080 1
14 1 N3 N5 113 0.130 0
14 2 N3 N1 156 0.130 0
14 3 N3 N3 174 0.130 1
14 4 N5 N3 0 0.270 0
14 5 N5 N1 189 0.270 1
14 6 N5 N5 187 0.270 0
14 7 N1 N3 0 0.330 0
14 8 N1 N5 168 0.330 0
14 9 N1 N1 228 0.330 1
14 10 N4 N5 97 0.300 0
14 11 N4 N3 152 0.300 1
15 1 N3 N5 114 0.410 0
15 2 N3 N1 156 0.410 0
15 3 N3 N3 172 0.410 1
15 4 N5 N3 0 0.240 0
15 5 N5 N1 190 0.240 1
15 6 N5 N5 188 0.240 0
15 7 N1 N3 0 0.240 0
15 8 N1 N5 170 0.240 0
15 9 N1 N1 228 0.240 1
15 10 N4 N5 97 0.350 0
15 11 N4 N3 150 0.350 1
16 1 N3 N5 114 0.320 0
16 2 N3 N1 155 0.320 0
16 3 N3 N3 170 0.320 1
16 4 N5 N3 0 0.410 0
16 5 N5 N1 190 0.410 1
16 6 N5 N5 190 0.410 0
16 7 N1 N3 0 0.070 0
16 8 N1 N5 171 0.070 0
16 9 N1 N1 228 0.070 1
16 10 N4 N5 97 0.390 0
16 11 N4 N3 146 0.390 1
17 1 N3 N5 111 0.290 0
17 2 N3 N1 151 0.290 0
17 3 N3 N3 169 0.290 1
17 4 N5 N3 0 0.060 0
17 5 N5 N1 190 0.060 1
17 6 N5 N5 192 0.060 0
17 7 N1 N3 0 0.100 0
17 8 N1 N5 170 0.100 0
17 9 N1 N1 228 0.100 1
17 10 N4 N5 97 1.480 0
17 11 N4 N3 146 1.480 1
18 1 N3 N5 111 0.110 0
18 2 N3 N1 148 0.110 0
18 3 N3 N3 169 0.110 1
18 4 N5 N3 0 0.040 0
18 5 N5 N1 189 0.040 1
18 6 N5 N5 194 0.040 0
18 7 N1 N3 0 0.080 0
18 8 N1 N5 172 0.080 0
18 9 N1 N1 228 0.080 1
18 10 N4 N5 97 0.080 0
18 11 N4 N3 142 0.080 1
19 1 N3 N5 110 0.680 0
19 2 N3 N1 147 0.680 0
19 3 N3 N3 169 0.680 1
19 4 N5 N3 0 0.030 0
19 5 N5 N1 189 0.030 1
19 6 N5 N5 197 0.030 0
19 7 N1 N3 0 0.110 0
19 8 N1 N5 175 0.110 0
19 9 N1 N1 228 0.110 1
19 10 N4 N5 94 0.110 0
19 11 N4 N3 139 0.110 1
20 1 N3 N5 110 0.210 0
20 2 N3 N1 146 0.210 0
20 3 N3 N3 172 0.210 1
20 4 N5 N3 0 0.150 0
20 5 N5 N1 191 0.150 1
20 6 N5 N5 200 0.150 0
20 7 N1 N3 0 0.150 0
20 8 N1 N5 180 0.150 0
20 9 N1 N1 229 0.150 1
20 10 N4 N5 91 0.180 0
20 11 N4 N3 138 0.180 1
21 1 N3 N5 112 0.270 0
21 2 N3 N1 144 0.270 0
21 3 N3 N3 173 0.270 1
21 4 N5 N3 0 0.220 0
21 5 N5 N1 192 0.220 0
21 6 N5 N5 205 0.220 1
21 7 N1 N3 0 0.210 0
21 8 N1 N5 186 0.210 0
21 9 N1 N1 229 0.210 1
21 10 N4 N5 90 0.240 0
21 11 N4 N3 137 0.240 1
22 1 N3 N5 114 0.310 0
22 2 N3 N1 143 0.310 0
22 3 N3 N3 174 0.310 1
22 4 N5 N3 0 0.280 0
22 5 N5 N1 196 0.280 0
22 6 N5 N5 208 0.280 1
22 7 N1 N3 0 0.260 0
22 8 N1 N5 191 0.260 0
22 9 N1 N1 229 0.260 1
22 10 N4 N5 89 0.060 0
22 11 N4 N3 136 0.060 1
23 1 N3 N5 117 0.660 0
23 2 N3 N1 143 0.660 0
23 3 N3 N3 175 0.660 1
23 4 N5 N3 0 0.300 0
23 5 N5 N1 196 0.300 0
23 6 N5 N5 210 0.300 1
23 7 N1 N3 0 0.310 0
23 8 N1 N5 194 0.310 0
23 9 N1 N1 229 0.310 1
23 10 N4 N5 90 0.330 0
23 11 N4 N3 136 0.330 1
24 1 N3 N5 120 0.420 0
24 2 N3 N1 142 0.420 0
24 3 N3 N3 176 0.420 1
24 4 N5 N3 0 0.400 0
24 5 N5 N1 196 0.400 0
24 6 N5 N5 215 0.400 1
24 7 N1 N3 0 0.000 0
24 8 N1 N5 197 0.000 0
24 9 N1 N1 229 0.000 1
24 10 N4 N5 92 0.120 0
24 11 N4 N3 135 0.120 1
25 1 N3 N5 120 1.510 0
25 2 N3 N1 142 1.510 0
25 3 N3 N3 176 1.510 1
25 4 N5 N3 0 0.570 0
25 5 N5 N1 196 0.570 0
25 6 N5 N5 218 0.570 1
25 7 N1 N3 0 0.070 0
25 8 N1 N5 199 0.070 0
25 9 N1 N1 229 0.070 1
25 10 N4 N5 93 0.730 0
25 11 N4 N3 134 0.730 1
26 1 N3 N5 125 0.030 0
26 2 N3 N1 145 0.030 0
26 3 N3 N3 175 0.030 1
26 4 N5 N3 0 0.100 0
26 5 N5 N1 198 0.100 0
26 6 N5 N5 223 0.100 1
26 7 N1 N3 0 0.130 0
26 8 N1 N5 199 0.130 0
26 9 N1 N1 229 0.130 1
26 10 N4 N5 95 0.820 0
26 11 N4 N3 133 0.820 1
27 1 N3 N5 127 0.080 0
27 2 N3 N1 146 0.080 0
27 3 N3 N3 174 0.080 1
27 4 N5 N3 0 0.080 0
27 5 N5 N1 198 0.080 0
27 6 N5 N5 227 0.080 1
27 7 N1 N3 0 0.220 0
27 8 N1 N5 201 0.220 0
27 9 N1 N1 229 0.220 1
27 10 N4 N5 95 1.940 0
27 11 N4 N3 133 1.940 1
28 1 N3 N5 127 0.040 0
28 2 N3 N1 148 0.040 0
28 3 N3 N3 173 0.040 1
28 4 N5 N3 0 0.150 0
28 5 N5 N1 200 0.150 0
28 6 N5 N5 231 0.150 1
28 7 N1 N3 0 0.120 0
28 8 N1 N5 203 0.120 0
28 9 N1 N1 229 0.120 1
28 10 N4 N5 96 0.660 0
28 11 N4 N3 133 0.660 1
29 1 N3 N5 135 0.020 0
29 2 N3 N1 151 0.020 0
29 3 N3 N3 170 0.020 1
29 4 N5 N3 0 0.230 0
29 5 N5 N1 200 0.230 0
29 6 N5 N5 233 0.230 1
29 7 N1 N3 0 0.210 0
29 8 N1 N5 205 0.210 0
29 9 N1 N1 229 0.210 1
29 10 N4 N5 98 0.190 0
29 11 N4 N3 131 0.190 1
30 1 N3 N5 135 0.090 0
30 2 N3 N1 151 0.090 0
30 3 N3 N3 167 0.090 1
30 4 N5 N3 0 0.290 0
30 5 N5 N1 198 0.290 0
30 6 N5 N5 237 0.290 1
30 7 N1 N3 0 0.250 0
30 8 N1 N5 208 0.250 0
30 9 N1 N1 228 0.250 1
30 10 N4 N5 102 0.220 0
30 11 N4 N3 129 0.220 1
31 1 N3 N5 135 0.400 0
31 2 N3 N1 151 0.400 0
31 3 N3 N3 165 0.400 1
31 4 N5 N3 0 0.370 0
31 5 N5 N1 197 0.370 0
31 6 N5 N5 237 0.370 1
31 7 N1 N3 0 0.330 0
31 8 N1 N5 209 0.330 0
31 9 N1 N1 228 0.330 1
31 10 N4 N5 101 0.570 0
31 11 N4 N3 128 0.570 1
32 1 N3 N5 137 0.440 0
32 2 N3 N1 151 0.440 0
32 3 N3 N3 163 0.440 1
32 4 N5 N3 0 0.030 0
32 5 N5 N1 197 0.030 0
32 6 N5 N5 238 0.030 1
32 7 N1 N3 0 0.390 0
32 8 N1 N5 209 0.390 0
32 9 N1 N1 229 0.390 1
32 10 N4 N5 101 1.650 0
32 11 N4 N3 128 1.650 1
33 1 N3 N5 139 1.000 0
33 2 N3 N1 152 1.000 0
33 3 N3 N3 161 1.000 1
33 4 N5 N3 0 0.110 0
33 5 N5 N1 198 0.110 0
33 6 N5 N5 239 0.110 1
33 7 N1 N3 0 0.050 0
33 8 N1 N5 209 0.050 0
33 9 N1 N1 230 0.050 1
33 10 N4 N5 103 0.700 0
33 11 N4 N3 127 0.700 1
34 1 N3 N5 139 0.380 0
34 2 N3 N1 152 0.380 0
34 3 N3 N3 160 0.380 1
34 4 N5 N3 0 0.050 0
34 5 N5 N1 202 0.050 0
34 6 N5 N5 239 0.050 1
34 7 N1 N3 0 0.110 0
34 8 N1 N5 210 0.110 0
34 9 N1 N1 230 0.110 1
34 10 N4 N5 103 1.000 0
34 11 N4 N3 127 1.000 1
35 1 N3 N5 139 0.090 0
35 2 N3 N1 151 0.090 0
35 3 N3 N3 160 0.090 1
35 4 N5 N3 0 0.050 0
35 5 N5 N1 203 0.050 0
35 6 N5 N5 239 0.050 1
35 7 N1 N3 0 0.090 0
35 8 N1 N5 210 0.090 0
35 9 N1 N1 231 0.090 1
35 10 N4 N5 105 0.320 0
35 11 N4 N3 126 0.320 1
36 1 N3 N5 138 0.060 0
36 2 N3 N1 150 0.060 0
36 3 N3 N3 160 0.060 1
36 4 N5 N3 0 0.260 0
36 5 N5 N1 206 0.260 0
36 6 N5 N5 240 0.260 1
36 7 N1 N3 0 0.300 0
36 8 N1 N5 210 0.300 0
36 9 N1 N1 231 0.300 1
36 10 N4 N5 106 0.940 0
36 11 N4 N3 126 0.940 1
37 1 N3 N5 135 0.020 0
37 2 N3 N1 149 0.020 0
37 3 N3 N3 163 0.020 1
37 4 N5 N3 0 0.330 0
37 5 N5 N1 208 0.330 0
37 6 N5 N5 241 0.330 1
37 7 N1 N3 0 0.240 0
37 8 N1 N5 211 0.240 0
37 9 N1 N1 233 0.240 1
37 10 N4 N5 106 0.240 0
37 11 N4 N3 126 0.240 1
38 1 N3 N5 133 0.090 0
38 2 N3 N1 149 0.090 0
38 3 N3 N3 166 0.090 1
38 4 N5 N3 0 0.000 0
38 5 N5 N1 208 0.000 0
38 6 N5 N5 242 0.000 1
38 7 N1 N3 0 0.310 0
38 8 N1 N5 211 0.310 0
38 9 N1 N1 234 0.310 1
38 10 N4 N5 106 0.310 0
38 11 N4 N3 127 0.310 1
39 1 N3 N5 130 0.150 0
39 2 N3 N1 147 0.150 0
39 3 N3 N3 169 0.150 1
39 4 N5 N3 0 0.030 0
39 5 N5 N1 208 0.030 0
39 6 N5 N5 242 0.030 1
39 7 N1 N3 0 0.000 0
39 8 N1 N5 209 0.000 0
39 9 N1 N1 235 0.000 1
39 10 N4 N5 104 0.150 0
39 11 N4 N3 129 0.150 1
40 1 N3 N5 130 0.190 0
40 2 N3 N1 147 0.190 0
40 3 N3 N3 171 0.190 1
40 4 N5 N3 0 0.130 0
40 5 N5 N1 207 0.130 0
40 6 N5 N5 243 0.130 1
40 7 N1 N3 0 0.080 0
40 8 N1 N5 208 0.080 0
40 9 N1 N1 236 0.080 1
40 10 N4 N5 104 0.410 0
40 11 N4 N3 130 0.410 1
41 1 N3 N5 129 0.470 0
41 2 N3 N1 146 0.470 0
41 3 N3 N3 173 0.470 1
41 4 N5 N3 0 0.060 0
41 5 N5 N1 203 0.060 0
41 6 N5 N5 243 0.060 1
41 7 N1 N3 0 0.010 0
41 8 N1 N5 207 0.010 0
41 9 N1 N1 236 0.010 1
41 10 N4 N5 104 1.500 0
41 11 N4 N3 130 1.500 1
42 1 N3 N5 127 0.000 0
42 2 N3 N1 145 0.000 0
42 3 N3 N3 176 0.000 1
42 4 N5 N3 0 0.120 0
42 5 N5 N1 201 0.120 0
42 6 N5 N5 242 0.120 1
42 7 N1 N3 0 0.060 0
42 8 N1 N5 205 0.060 0
42 9 N1 N1 236 0.060 1
42 10 N4 N5 104 2.580 0
42 11 N4 N3 130 2.580 1
43 1 N3 N5 124 0.160 0
43 2 N3 N1 142 0.160 0
43 3 N3 N3 177 0.160 1
43 4 N5 N3 0 0.310 0
43 5 N5 N1 199 0.310 0
43 6 N5 N5 241 0.310 1
43 7 N1 N3 0 0.640 0
43 8 N1 N5 204 0.640 0
43 9 N1 N1 236 0.640 1
43 10 N4 N5 105 0.540 0
43 11 N4 N3 133 0.540 1
44 1 N3 N5 123 0.150 0
44 2 N3 N1 142 0.150 0
44 3 N3 N3 179 0.150 1
44 4 N5 N3 0 0.250 0
44 5 N5 N1 196 0.250 0
44 6 N5 N5 240 0.250 1
44 7 N1 N3 0 0.180 0
44 8 N1 N5 205 0.180 0
44 9 N1 N1 235 0.180 1
44 10 N4 N5 107 0.110 0
44 11 N4 N3 138 0.110 1
45 1 N3 N5 133 0.090 0
45 2 N3 N1 139 0.090 0
45 3 N3 N3 180 0.090 1
45 4 N5 N3 0 0.280 0
45 5 N5 N1 194 0.280 0
45 6 N5 N5 239 0.280 1
45 7 N1 N3 0 0.390 0
45 8 N1 N5 205 0.390 0
45 9 N1 N1 235 0.390 1
45 10 N4 N5 106 0.130 0
45 11 N4 N3 143 0.130 1
46 1 N3 N5 135 0.270 0
46 2 N3 N1 138 0.270 0
46 3 N3 N3 181 0.270 1
46 4 N5 N3 0 0.470 0
46 5 N5 N1 193 0.470 0
46 6 N5 N5 239 0.470 1
46 7 N1 N3 0 0.450 0
46 8 N1 N5 205 0.450 0
46 9 N1 N1 235 0.450 1
46 10 N4 N5 106 1.220 0
46 11 N4 N3 143 1.220 1
47 1 N3 N5 135 0.130 0
47 2 N3 N1 136 0.130 0
47 3 N3 N3 182 0.130 1
47 4 N5 N3 0 0.000 0
47 5 N5 N1 190 0.000 0
47 6 N5 N5 238 0.000 1
47 7 N1 N3 0 0.120 0
47 8 N1 N5 204 0.120 0
47 9 N1 N1 234 0.120 1
47 10 N4 N5 102 0.230 0
47 11 N4 N3 147 0.230 1
48 1 N3 N5 146 0.270 0
48 2 N3 N1 135 0.270 0
48 3 N3 N3 182 0.270 1
48 4 N5 N3 0 0.050 0
48 5 N5 N1 189 0.050 0
48 6 N5 N5 237 0.050 1
48 7 N1 N3 0 0.040 0
48 8 N1 N5 204 0.040 0
48 9 N1 N1 235 0.040 1
48 10 N4 N5 99 0.070 0
48 11 N4 N3 149 0.070 1
49 1 N3 N5 155 0.460 0
49 2 N3 N1 134 0.460 0
49 3 N3 N3 182 0.460 1
49 4 N5 N3 0 0.600 0
49 5 N5 N1 186 0.600 0
49 6 N5 N5 237 0.600 1
49 7 N1 N3 0 0.610 0
49 8 N1 N5 203 0.610 0
49 9 N1 N1 235 0.610 1
49 10 N4 N5 99 0.370 0
49 11 N4 N3 150 0.370 1
50 1 N3 N5 161 0.720 0
50 2 N3 N1 130 0.720 0
50 3 N3 N3 182 0.720 1
50 4 N5 N3 0 0.140 0
50 5 N5 N1 185 0.140 0
50 6 N5 N5 236 0.140 1
50 7 N1 N3 0 0.700 0
50 8 N1 N5 200 0.700 0
50 9 N1 N1 235 0.700 1
50 10 N4 N5 99 0.430 0
50 11 N4 N3 151 0.430 1
51 1 N3 N5 157 0.100 0
51 2 N3 N1 130 0.100 0
51 3 N3 N3 183 0.100 1
51 4 N5 N3 0 0.070 0
51 5 N5 N1 175 0.070 0
51 6 N5 N5 236 0.070 1
51 7 N1 N3 0 0.160 0
51 8 N1 N5 190 0.160 0
51 9 N1 N1 236 0.160 1
51 10 N4 N5 99 1.010 0
51 11 N4 N3 151 1.010 1
52 1 N3 N5 157 0.050 0
52 2 N3 N1 133 0.050 0
52 3 N3 N3 184 0.050 1
52 4 N5 N3 0 0.040 0
52 5 N5 N1 172 0.040 0
52 6 N5 N5 236 0.040 1
52 7 N1 N3 0 0.330 0
52 8 N1 N5 190 0.330 0
52 9 N1 N1 237 0.330 1
52 10 N4 N5 99 0.580 0
52 11 N4 N3 152 0.580 1
53 1 N3 N5 156 0.070 0
53 2 N3 N1 133 0.070 0
53 3 N3 N3 185 0.070 1
53 4 N5 N3 0 0.190 0
53 5 N5 N1 167 0.190 0
53 6 N5 N5 235 0.190 1
53 7 N1 N3 0 0.070 0
53 8 N1 N5 188 0.070 0
53 9 N1 N1 238 0.070 1
53 10 N4 N5 96 0.070 0
53 11 N4 N3 153 0.070 1
54 1 N3 N5 155 0.310 0
54 2 N3 N1 134 0.310 0
54 3 N3 N3 184 0.310 1
54 4 N5 N3 0 0.270 0
54 5 N5 N1 167 0.270 0
54 6 N5 N5 233 0.270 1
54 7 N1 N3 0 0.410 0
54 8 N1 N5 188 0.410 0
54 9 N1 N1 240 0.410 1
54 10 N4 N5 90 0.170 0
54 11 N4 N3 153 0.170 1
55 1 N3 N5 156 0.250 0
55 2 N3 N1 132 0.250 0
55 3 N3 N3 182 0.250 1
55 4 N5 N3 0 0.330 0
55 5 N5 N1 165 0.330 0
55 6 N5 N5 231 0.330 1
55 7 N1 N3 0 0.360 0
55 8 N1 N5 189 0.360 0
55 9 N1 N1 242 0.360 1
55 10 N4 N5 90 0.200 0
55 11 N4 N3 151 0.200 1
56 1 N3 N5 158 0.270 0
56 2 N3 N1 130 0.270 0
56 3 N3 N3 182 0.270 1
56 4 N5 N3 0 0.500 0
56 5 N5 N1 164 0.500 0
56 6 N5 N5 230 0.500 1
56 7 N1 N3 0 0.530 0
56 8 N1 N5 188 0.530 0
56 9 N1 N1 243 0.530 1
56 10 N4 N5 90 0.750 0
56 11 N4 N3 150 0.750 1
57 1 N3 N5 159 0.330 0
57 2 N3 N1 126 0.330 0
57 3 N3 N3 183 0.330 1
57 4 N5 N3 0 0.020 0
57 5 N5 N1 163 0.020 0
57 6 N5 N5 229 0.020 1
57 7 N1 N3 0 0.090 0
57 8 N1 N5 188 0.090 0
57 9 N1 N1 244 0.090 1
57 10 N4 N5 90 0.330 0
57 11 N4 N3 150 0.330 1
58 1 N3 N5 161 0.360 0
58 2 N3 N1 124 0.360 0
58 3 N3 N3 184 0.360 1
58 4 N5 N3 110 0.090 0
58 5 N5 N1 163 0.090 0
58 6 N5 N5 228 0.090 1
58 7 N1 N3 0 0.180 0
58 8 N1 N5 189 0.180 0
58 9 N1 N1 245 0.180 1
58 10 N4 N5 0 0.350 0
58 11 N4 N3 151 0.350 1
59 1 N3 N5 164 0.430 0
59 2 N3 N1 124 0.430 0
59 3 N3 N3 185 0.430 1
59 4 N5 N3 111 0.560 0
59 5 N5 N1 161 0.560 0
59 6 N5 N5 227 0.560 1
59 7 N1 N3 0 0.230 0
59 8 N1 N5 189 0.230 0
59 9 N1 N1 245 0.230 1
59 10 N4 N5 0 1.440 0
59 11 N4 N3 151 1.440 1
60 1 N3 N5 168 0.070 0
60 2 N3 N1 121 0.070 0
60 3 N3 N3 186 0.070 1
60 4 N5 N3 115 0.100 0
60 5 N5 N1 159 0.100 0
60 6 N5 N5 226 0.100 1
60 7 N1 N3 0 0.170 0
60 8 N1 N5 186 0.170 0
60 9 N1 N1 247 0.170 1
60 10 N4 N5 0 0.470 0
60 11 N4 N3 152 0.470 1
61 1 N3 N5 172 0.080 0
61 2 N3 N1 121 0.080 0
61 3 N3 N3 188 0.080 1
61 4 N5 N3 116 0.220 0
61 5 N5 N1 156 0.220 0
61 6 N5 N5 225 0.220 1
61 7 N1 N3 0 0.550 0
61 8 N1 N5 186 0.550 0
61 9 N1 N1 247 0.550 1
61 10 N4 N5 0 0.100 0
61 11 N4 N3 153 0.100 1
62 1 N3 N5 171 0.170 0
62 2 N3 N1 121 0.170 0
62 3 N3 N3 191 0.170 1
62 4 N5 N3 118 0.070 0
62 5 N5 N1 150 0.070 0
62 6 N5 N5 223 0.070 1
62 7 N1 N3 0 0.000 0
62 8 N1 N5 183 0.000 0
62 9 N1 N1 244 0.000 1
62 10 N4 N5 0 0.130 0
62 11 N4 N3 157 0.130 1
63 1 N3 N5 167 0.200 0
63 2 N3 N1 115 0.200 0
63 3 N3 N3 197 0.200 1
63 4 N5 N3 128 0.350 0
63 5 N5 N1 144 0.350 0
63 6 N5 N5 220 0.350 1
63 7 N1 N3 0 0.060 0
63 8 N1 N5 170 0.060 0
63 9 N1 N1 243 0.060 1
63 10 N4 N5 0 0.190 0
63 11 N4 N3 159 0.190 1
64 1 N3 N5 167 0.900 0
64 2 N3 N1 115 0.900 0
64 3 N3 N3 197 0.900 1
64 4 N5 N3 135 0.020 0
64 5 N5 N1 137 0.020 0
64 6 N5 N5 214 0.020 1
64 7 N1 N3 0 1.150 0
64 8 N1 N5 170 1.150 0
64 9 N1 N1 243 1.150 1
64 10 N4 N5 0 0.750 0
64 11 N4 N3 160 0.750 1
65 1 N3 N5 163 0.430 0
65 2 N3 N1 0 0.430 0
65 3 N3 N3 199 0.430 1
65 4 N5 N3 139 0.130 0
65 5 N5 N1 129 0.130 0
65 6 N5 N5 212 0.130 1
65 7 N1 N3 0 0.030 0
65 8 N1 N5 160 0.030 0
65 9 N1 N1 240 0.030 1
65 10 N4 N5 0 1.830 0
65 11 N4 N3 160 1.830 1
66 1 N3 N5 156 0.380 0
66 2 N3 N1 0 0.380 0
66 3 N3 N3 201 0.380 1
66 4 N5 N3 141 0.000 0
66 5 N5 N1 120 0.000 0
66 6 N5 N5 207 0.000 1
66 7 N1 N3 0 0.250 0
66 8 N1 N5 160 0.250 0
66 9 N1 N1 239 0.250 1
66 10 N4 N5 0 2.920 0
66 11 N4 N3 160 2.920 1
67 1 N3 N5 151 0.070 0
67 2 N3 N1 0 0.070 0
67 3 N3 N3 200 0.070 1
67 4 N5 N3 140 0.100 0
67 5 N5 N1 113 0.100 0
67 6 N5 N5 204 0.100 1
67 7 N1 N3 0 0.210 0
67 8 N1 N5 143 0.210 0
67 9 N1 N1 237 0.210 1
67 10 N4 N5 0 0.470 0
67 11 N4 N3 161 0.470 1
68 1 N3 N5 149 0.140 0
68 2 N3 N1 0 0.140 0
68 3 N3 N3 200 0.140 1
68 4 N5 N3 140 1.190 0
68 5 N5 N1 113 1.190 0
68 6 N5 N5 204 1.190 1
68 7 N1 N3 0 0.400 0
68 8 N1 N5 143 0.400 0
68 9 N1 N1 235 0.400 1
68 10 N4 N5 0 0.050 0
68 11 N4 N3 162 0.050 1
69 1 N3 N5 146 0.110 0
69 2 N3 N1 0 0.110 0
69 3 N3 N3 200 0.110 1
69 4 N5 N3 140 0.250 0
69 5 N5 N1 110 0.250 0
69 6 N5 N5 193 0.250 1
69 7 N1 N3 0 0.470 0
69 8 N1 N5 138 0.470 0
69 9 N1 N1 234 0.470 1
69 10 N4 N5 0 0.090 0
69 11 N4 N3 163 0.090 1
70 1 N3 N5 145 0.290 0
70 2 N3 N1 0 0.290 0
70 3 N3 N3 200 0.290 1
70 4 N5 N3 141 0.270 0
70 5 N5 N1 109 0.270 0
70 6 N5 N5 190 0.270 1
70 7 N1 N3 0 0.020 0
70 8 N1 N5 135 0.020 0
70 9 N1 N1 232 0.020 1
70 10 N4 N5 0 0.130 0
70 11 N4 N3 162 0.130 1
71 1 N3 N5 144 0.220 0
71 2 N3 N1 0 0.220 0
71 3 N3 N3 200 0.220 1
71 4 N5 N3 143 0.420 0
71 5 N5 N1 108 0.420 0
71 6 N5 N5 187 0.420 1
71 7 N1 N3 0 0.470 0
71 8 N1 N5 132 0.470 0
71 9 N1 N1 231 0.470 1
71 10 N4 N5 0 0.200 0
71 11 N4 N3 161 0.200 1
72 1 N3 N5 143 0.320 0
72 2 N3 N1 0 0.320 0
72 3 N3 N3 201 0.320 1
72 4 N5 N3 146 0.350 0
72 5 N5 N1 107 0.350 0
72 6 N5 N5 186 0.350 1
72 7 N1 N3 0 0.060 0
72 8 N1 N5 129 0.060 0
72 9 N1 N1 231 0.060 1
72 10 N4 N5 0 0.240 0
72 11 N4 N3 158 0.240 1
73 1 N3 N5 143 0.370 0
73 2 N3 N1 0 0.370 0
73 3 N3 N3 201 0.370 1
73 4 N5 N3 148 0.050 0
73 5 N5 N1 105 0.050 0
73 6 N5 N5 184 0.050 1
73 7 N1 N3 0 0.250 0
73 8 N1 N5 121 0.250 0
73 9 N1 N1 231 0.250 1
73 10 N4 N5 0 0.330 0
73 11 N4 N3 154 0.330 1
74 1 N3 N5 141 0.360 0
74 2 N3 N1 0 0.360 0
74 3 N3 N3 202 0.360 1
74 4 N5 N3 151 0.020 0
74 5 N5 N1 104 0.020 0
74 6 N5 N5 182 0.020 1
74 7 N1 N3 0 0.330 0
74 8 N1 N5 121 0.330 0
74 9 N1 N1 230 0.330 1
74 10 N4 N5 0 0.380 0
74 11 N4 N3 149 0.380 1
75 1 N3 N5 139 0.040 0
75 2 N3 N1 0 0.040 0
75 3 N3 N3 204 0.040 1
75 4 N5 N3 151 0.030 0
75 5 N5 N1 0 0.030 0
75 6 N5 N5 181 0.030 1
75 7 N1 N3 0 0.430 0
75 8 N1 N5 121 0.430 0
75 9 N1 N1 230 0.430 1
75 10 N4 N5 0 0.450 0
75 11 N4 N3 148 0.450 1
76 1 N3 N5 136 0.040 0
76 2 N3 N1 0 0.040 0
76 3 N3 N3 206 0.040 1
76 4 N5 N3 155 0.180 0
76 5 N5 N1 0 0.180 0
76 6 N5 N5 180 0.180 1
76 7 N1 N3 0 0.350 0
76 8 N1 N5 116 0.350 0
76 9 N1 N1 230 0.350 1
76 10 N4 N5 0 0.490 0
76 11 N4 N3 147 0.490 1
77 1 N3 N5 132 0.110 0
77 2 N3 N1 0 0.110 0
77 3 N3 N3 206 0.110 1
77 4 N5 N3 159 0.340 0
77 5 N5 N1 0 0.340 0
77 6 N5 N5 178 0.340 1
77 7 N1 N3 0 0.030 0
77 8 N1 N5 115 0.030 0
77 9 N1 N1 229 0.030 1
77 10 N4 N5 0 1.050 0
77 11 N4 N3 146 1.050 1
78 1 N3 N5 131 0.220 0
78 2 N3 N1 0 0.220 0
78 3 N3 N3 207 0.220 1
78 4 N5 N3 163 0.100 0
78 5 N5 N1 0 0.100 0
78 6 N5 N5 176 0.100 1
78 7 N1 N3 0 0.060 0
78 8 N1 N5 112 0.060 0
78 9 N1 N1 229 0.060 1
78 10 N4 N5 0 0.070 0
78 11 N4 N3 143 0.070 1
79 1 N3 N5 128 0.100 0
79 2 N3 N1 0 0.100 0
79 3 N3 N3 206 0.100 1
79 4 N5 N3 165 0.100 0
79 5 N5 N1 0 0.100 0
79 6 N5 N5 171 0.100 1
79 7 N1 N3 0 0.100 0
79 8 N1 N5 110 0.100 0
79 9 N1 N1 229 0.100 1
79 10 N4 N5 0 1.150 0
79 11 N4 N3 143 1.150 1
80 1 N3 N5 127 0.380 0
80 2 N3 N1 0 0.380 0
80 3 N3 N3 206 0.380 1
80 4 N5 N3 166 1.080 0
80 5 N5 N1 0 1.080 0
80 6 N5 N5 171 1.080 1
80 7 N1 N3 0 0.220 0
80 8 N1 N5 109 0.220 0
80 9 N1 N1 229 0.220 1
80 10 N4 N5 0 0.670 0
80 11 N4 N3 141 0.670 1
81 1 N3 N5 126 0.310 0
81 2 N3 N1 0 0.310 0
81 3 N3 N3 207 0.310 1
81 4 N5 N3 176 0.050 0
81 5 N5 N1 0 0.050 0
81 6 N5 N5 166 0.050 1
81 7 N1 N3 0 0.260 0
81 8 N1 N5 109 0.260 0
81 9 N1 N1 228 0.260 1
81 10 N4 N5 0 1.750 0
81 11 N4 N3 141 1.750 1
82 1 N3 N5 122 0.380 0
82 2 N3 N1 0 0.380 0
82 3 N3 N3 207 0.380 1
82 4 N5 N3 177 0.110 0
82 5 N5 N1 0 0.110 0
82 6 N5 N5 163 0.110 1
82 7 N1 N3 0 0.300 0
82 8 N1 N5 109 0.300 0
82 9 N1 N1 227 0.300 1
82 10 N4 N5 0 0.280 0
82 11 N4 N3 138 0.280 1
83 1 N3 N5 121 0.040 0
83 2 N3 N1 0 0.040 0
83 3 N3 N3 205 0.040 1
83 4 N5 N3 178 0.060 1
83 5 N5 N1 0 0.060 0
83 6 N5 N5 161 0.060 0
83 7 N1 N3 0 0.340 0
83 8 N1 N5 109 0.340 0
83 9 N1 N1 227 0.340 1
83 10 N4 N5 0 1.360 0
83 11 N4 N3 138 1.360 1
84 1 N3 N5 121 0.140 0
84 2 N3 N1 0 0.140 0
84 3 N3 N3 206 0.140 1
84 4 N5 N3 179 0.630 1
84 5 N5 N1 0 0.630 0
84 6 N5 N5 161 0.630 0
84 7 N1 N3 0 0.930 0
84 8 N1 N5 109 0.930 0
84 9 N1 N1 226 0.930 1
84 10 N4 N5 0 0.440 0
84 11 N4 N3 134 0.440 1
85 1 N3 N5 121 0.710 0
85 2 N3 N1 0 0.710 0
85 3 N3 N3 206 0.710 1
85 4 N5 N3 180 0.190 1
85 5 N5 N1 0 0.190 0
85 6 N5 N5 159 0.190 0
85 7 N1 N3 0 0.020 0
85 8 N1 N5 0 0.020 0
85 9 N1 N1 224 0.020 1
85 10 N4 N5 0 1.020 0
85 11 N4 N3 132 1.020 1
86 1 N3 N5 119 0.240 0
86 2 N3 N1 0 0.240 0
86 3 N3 N3 205 0.240 1
86 4 N5 N3 179 0.230 1
86 5 N5 N1 0 0.230 0
86 6 N5 N5 157 0.230 0
86 7 N1 N3 0 0.080 0
86 8 N1 N5 0 0.080 0
86 9 N1 N1 222 0.080 1
86 10 N4 N5 0 0.030 0
86 11 N4 N3 131 0.030 1
87 1 N3 N5 118 0.190 0
87 2 N3 N1 0 0.190 0
87 3 N3 N3 203 0.190 1
87 4 N5 N3 178 0.230 1
87 5 N5 N1 0 0.230 0
87 6 N5 N5 155 0.230 0
87 7 N1 N3 0 0.110 0
87 8 N1 N5 0 0.110 0
87 9 N1 N1 222 0.110 1
87 10 N4 N5 0 1.110 0
87 11 N4 N3 131 1.110 1
88 1 N3 N5 116 0.270 0
88 2 N3 N1 0 0.270 0
88 3 N3 N3 202 0.270 1
88 4 N5 N3 176 0.310 1
88 5 N5 N1 0 0.310 0
88 6 N5 N5 153 0.310 0
88 7 N1 N3 0 0.190 0
88 8 N1 N5 0 0.190 0
88 9 N1 N1 221 0.190 1
88 10 N4 N5 0 0.150 0
88 11 N4 N3 129 0.150 1
89 1 N3 N5 114 0.300 0
89 2 N3 N1 0 0.300 0
89 3 N3 N3 200 0.300 1
89 4 N5 N3 176 0.380 1
89 5 N5 N1 0 0.380 0
89 6 N5 N5 150 0.380 0
89 7 N1 N3 0 0.230 0
89 8 N1 N5 0 0.230 0
89 9 N1 N1 221 0.230 1
89 10 N4 N5 0 1.230 0
89 11 N4 N3 129 1.230 1
90 1 N3 N5 114 0.480 0
90 2 N3 N1 0 0.480 0
90 3 N3 N3 198 0.480 1
90 4 N5 N3 173 0.830 1
90 5 N5 N1 0 0.830 0
90 6 N5 N5 149 0.830 0
90 7 N1 N3 0 0.290 0
90 8 N1 N5 0 0.290 0
90 9 N1 N1 221 0.290 1
90 10 N4 N5 0 0.800 0
90 11 N4 N3 128 0.800 1
91 1 N3 N5 111 0.030 0
91 2 N3 N1 0 0.030 0
91 3 N3 N3 194 0.030 1
91 4 N5 N3 166 0.370 1
91 5 N5 N1 0 0.370 0
91 6 N5 N5 148 0.370 0
91 7 N1 N3 0 0.320 0
91 8 N1 N5 0 0.320 0
91 9 N1 N1 221 0.320 1
91 10 N4 N5 0 0.350 0
91 11 N4 N3 125 0.350 1
92 1 N3 N5 111 0.100 0
92 2 N3 N1 0 0.100 0
92 3 N3 N3 188 0.100 1
92 4 N5 N3 166 1.460 1
92 5 N5 N1 0 1.460 0
92 6 N5 N5 148 1.460 0
92 7 N1 N3 0 0.360 0
92 8 N1 N5 0 0.360 0
92 9 N1 N1 222 0.360 1
92 10 N4 N5 0 0.430 0
92 11 N4 N3 121 0.430 1
93 1 N3 N5 111 0.160 0
93 2 N3 N1 0 0.160 0
93 3 N3 N3 187 0.160 1
93 4 N5 N3 154 0.040 1
93 5 N5 N1 0 0.040 0
93 6 N5 N5 147 0.040 0
93 7 N1 N3 0 0.410 0
93 8 N1 N5 0 0.410 0
93 9 N1 N1 224 0.410 1
93 10 N4 N5 0 0.500 0
93 11 N4 N3 118 0.500 1
94 1 N3 N5 111 0.700 0
94 2 N3 N1 0 0.700 0
94 3 N3 N3 184 0.700 1
94 4 N5 N3 154 1.130 1
94 5 N5 N1 0 1.130 0
94 6 N5 N5 147 1.130 0
94 7 N1 N3 0 0.460 0
94 8 N1 N5 0 0.460 0
94 9 N1 N1 226 0.460 1
94 10 N4 N5 0 1.590 0
94 11 N4 N3 118 1.590 1
95 1 N3 N5 111 0.610 0
95 2 N3 N1 0 0.610 0
95 3 N3 N3 183 0.610 1
95 4 N5 N3 154 2.220 1
95 5 N5 N1 0 2.220 0
95 6 N5 N5 147 2.220 0
95 7 N1 N3 0 0.500 0
95 8 N1 N5 0 0.500 0
95 9 N1 N1 227 0.500 1
95 10 N4 N5 0 2.680 0
95 11 N4 N3 118 2.680 1
96 1 N3 N5 110 0.810 0
96 2 N3 N1 0 0.810 0
96 3 N3 N3 181 0.810 1
96 4 N5 N3 148 0.360 1
96 5 N5 N1 0 0.360 0
96 6 N5 N5 142 0.360 0
96 7 N1 N3 0 0.040 0
96 8 N1 N5 0 0.040 0
96 9 N1 N1 230 0.040 1
96 10 N4 N5 0 0.810 0
96 11 N4 N3 117 0.810 1
97 1 N3 N5 107 0.770 0
97 2 N3 N1 0 0.770 0
97 3 N3 N3 178 0.770 1
97 4 N5 N3 148 1.450 1
97 5 N5 N1 0 1.450 0
97 6 N5 N5 142 1.450 0
97 7 N1 N3 0 0.070 0
97 8 N1 N5 0 0.070 0
97 9 N1 N1 231 0.070 1
97 10 N4 N5 0 0.770 0
97 11 N4 N3 116 0.770 1
98 1 N3 N5 107 0.380 0
98 2 N3 N1 0 0.380 0
98 3 N3 N3 175 0.380 1
98 4 N5 N3 148 2.530 1
98 5 N5 N1 0 2.530 0
98 6 N5 N5 142 2.530 0
98 7 N1 N3 0 0.130 0
98 8 N1 N5 0 0.130 0
98 9 N1 N1 233 0.130 1
98 10 N4 N5 0 0.290 0
98 11 N4 N3 117 0.290 1
99 1 N3 N5 0 0.360 0
99 2 N3 N1 140 0.360 0
99 3 N3 N3 174 0.360 1
99 4 N5 N3 145 0.580 1
99 5 N5 N1 0 0.580 0
99 6 N5 N5 140 0.580 0
99 7 N1 N3 0 0.200 0
99 8 N1 N5 0 0.200 0
99 9 N1 N1 236 0.200 1
99 10 N4 N5 0 0.350 0
99 11 N4 N3 119 0.350 1
100 1 N3 N5 0 0.020 0
100 2 N3 N1 140 0.020 0
100 3 N3 N3 174 0.020 1
100 4 N5 N3 145 1.660 1
100 5 N5 N1 0 1.660 0
100 6 N5 N5 140 1.660 0
100 7 N1 N3 0 0.280 0
100 8 N1 N5 0 0.280 0
100 9 N1 N1 239 0.280 1
100 10 N4 N5 0 0.400 0
100 11 N4 N3 120 0.400 1
101 1 N3 N5 0 0.060 0
101 2 N3 N1 141 0.060 0
101 3 N3 N3 173 0.060 1
101 4 N5 N3 145 2.770 1
101 5 N5 N1 0 2.770 0
101 6 N5 N5 140 2.770 0
101 7 N1 N3 0 0.880 0
101 8 N1 N5 0 0.880 0
101 9 N1 N1 240 0.880 1
101 10 N4 N5 0 0.060 0
101 11 N4 N3 122 0.060 1
102 1 N3 N5 0 0.050 0
102 2 N3 N1 145 0.050 0
102 3 N3 N3 173 0.060 1
102 4 N5 N3 145 3.860 1
102 5 N5 N1 0 3.860 0
102 6 N5 N5 140 3.860 0
102 7 N1 N3 0 0.430 0
102 8 N1 N5 0 0.430 0
102 9 N1 N1 241 0.430 1
102 10 N4 N5 0 0.740 0
102 11 N4 N3 123 0.740 1
103 1 N3 N5 0 0.070 0
103 2 N3 N1 147 0.070 0
103 3 N3 N3 174 0.070 1
103 4 N5 N3 145 4.940 1
103 5 N5 N1 0 4.940 0
103 6 N5 N5 140 4.940 0
103 7 N1 N3 0 0.000 0
103 8 N1 N5 0 0.000 0
103 9 N1 N1 242 0.000 1
103 10 N4 N5 0 0.060 0
103 11 N4 N3 127 0.060 1
104 1 N3 N5 0 0.660 0
104 2 N3 N1 146 0.660 0
104 3 N3 N3 175 0.660 1
104 4 N5 N3 145 6.030 1
104 5 N5 N1 0 6.030 0
104 6 N5 N5 140 6.030 0
104 7 N1 N3 0 0.070 0
104 8 N1 N5 0 0.070 0
104 9 N1 N1 243 0.070 1
104 10 N4 N5 0 0.620 0
104 11 N4 N3 129 0.620 1
105 1 N3 N5 0 0.330 0
105 2 N3 N1 146 0.330 0
105 3 N3 N3 176 0.330 1
105 4 N5 N3 145 7.120 1
105 5 N5 N1 0 7.120 0
105 6 N5 N5 140 7.120 0
105 7 N1 N3 0 0.140 0
105 8 N1 N5 0 0.140 0
105 9 N1 N1 242 0.140 1
105 10 N4 N5 0 1.710 0
105 11 N4 N3 129 1.710 1
106 1 N3 N5 0 0.420 0
106 2 N3 N1 148 0.420 0
106 3 N3 N3 176 0.420 1
106 4 N5 N3 145 8.200 1
106 5 N5 N1 0 8.200 0
106 6 N5 N5 140 8.200 0
106 7 N1 N3 0 0.150 0
106 8 N1 N5 0 0.150 0
106 9 N1 N1 242 0.150 1
106 10 N4 N5 0 0.900 0
106 11 N4 N3 132 0.900 1
107 1 N3 N5 0 0.330 0
107 2 N3 N1 151 0.330 0
107 3 N3 N3 177 0.330 1
107 4 N5 N3 145 9.280 1
107 5 N5 N1 0 9.280 0
107 6 N5 N5 140 9.280 0
107 7 N1 N3 0 0.190 0
107 8 N1 N5 0 0.190 0
107 9 N1 N1 240 0.190 1
107 10 N4 N5 0 0.530 0
107 11 N4 N3 137 0.530 1
108 1 N3 N5 0 0.840 0
108 2 N3 N1 150 0.840 0
108 3 N3 N3 177 0.840 1
108 4 N5 N3 143 0.790 1
108 5 N5 N1 0 0.790 0
108 6 N5 N5 145 0.790 0
108 7 N1 N3 0 0.240 0
108 8 N1 N5 0 0.240 0
108 9 N1 N1 238 0.240 1
108 10 N4 N5 0 0.770 0
108 11 N4 N3 138 0.770 1
109 1 N3 N5 0 1.010 0
109 2 N3 N1 150 1.010 0
109 3 N3 N3 177 1.010 1
109 4 N5 N3 143 1.890 1
109 5 N5 N1 0 1.890 0
109 6 N5 N5 145 1.890 0
109 7 N1 N3 0 0.310 0
109 8 N1 N5 0 0.310 0
109 9 N1 N1 236 0.310 1
109 10 N4 N5 0 1.010 0
109 11 N4 N3 139 1.010 1
110 1 N3 N5 0 0.790 0
110 2 N3 N1 155 0.790 0
110 3 N3 N3 176 0.790 1
110 4 N5 N3 143 2.970 1
110 5 N5 N1 0 2.970 0
110 6 N5 N5 145 2.970 0
110 7 N1 N3 0 0.360 0
110 8 N1 N5 0 0.360 0
110 9 N1 N1 235 0.360 1
110 10 N4 N5 0 2.090 0
110 11 N4 N3 139 2.090 1
111 1 N3 N5 0 0.700 0
111 2 N3 N1 161 0.700 0
111 3 N3 N3 177 0.700 1
111 4 N5 N3 143 4.060 1
111 5 N5 N1 0 4.060 0
111 6 N5 N5 145 4.060 0
111 7 N1 N3 0 0.420 0
111 8 N1 N5 0 0.420 0
111 9 N1 N1 235 0.420 1
111 10 N4 N5 0 3.180 0
111 11 N4 N3 139 3.180 1
112 1 N3 N5 0 0.030 0
112 2 N3 N1 161 0.030 0
112 3 N3 N3 176 0.030 1
112 4 N5 N3 137 0.030 1
112 5 N5 N1 0 0.030 0
112 6 N5 N5 145 0.030 0
112 7 N1 N3 0 0.480 0
112 8 N1 N5 0 0.480 0
112 9 N1 N1 234 0.480 1
112 10 N4 N5 0 0.030 0
112 11 N4 N3 139 0.030 1
113 1 N3 N5 0 0.610 0
113 2 N3 N1 165 0.610 0
113 3 N3 N3 173 0.610 1
113 4 N5 N3 137 1.120 1
113 5 N5 N1 0 1.120 0
113 6 N5 N5 145 1.120 0
113 7 N1 N3 0 0.030 0
113 8 N1 N5 0 0.030 0
113 9 N1 N1 234 0.030 1
113 10 N4 N5 0 0.730 0
113 11 N4 N3 140 0.730 1
114 1 N3 N5 0 0.030 0
114 2 N3 N1 165 0.030 0
114 3 N3 N3 172 0.030 1
114 4 N5 N3 137 2.200 1
114 5 N5 N1 0 2.200 0
114 6 N5 N5 145 2.200 0
114 7 N1 N3 0 0.090 0
114 8 N1 N5 0 0.090 0
114 9 N1 N1 235 0.090 1
114 10 N4 N5 0 0.030 0
114 11 N4 N3 140 0.030 1
115 1 N3 N5 0 0.680 0
115 2 N3 N1 169 0.680 0
115 3 N3 N3 172 0.680 1
115 4 N5 N3 137 3.280 1
115 5 N5 N1 0 3.280 0
115 6 N5 N5 145 3.280 0
115 7 N1 N3 0 0.140 0
115 8 N1 N5 0 0.140 0
115 9 N1 N1 236 0.140 1
115 10 N4 N5 0 0.800 0
115 11 N4 N3 140 0.800 1
116 1 N3 N5 0 1.770 0
116 2 N3 N1 169 1.770 0
116 3 N3 N3 172 1.770 1
116 4 N5 N3 137 4.370 1
116 5 N5 N1 0 4.370 0
116 6 N5 N5 145 4.370 0
116 7 N1 N3 0 0.220 0
116 8 N1 N5 0 0.220 0
116 9 N1 N1 236 0.220 1
116 10 N4 N5 0 1.890 0
116 11 N4 N3 140 1.890 1
117 1 N3 N5 0 0.700 0
117 2 N3 N1 167 0.700 0
117 3 N3 N3 171 0.700 1
117 4 N5 N3 137 5.480 1
117 5 N5 N1 0 5.480 0
117 6 N5 N5 145 5.480 0
117 7 N1 N3 0 0.280 0
117 8 N1 N5 0 0.280 0
117 9 N1 N1 239 0.280 1
117 10 N4 N5 0 0.810 0
117 11 N4 N3 141 0.810 1
118 1 N3 N5 0 0.360 0
118 2 N3 N1 165 0.360 0
118 3 N3 N3 170 0.360 1
118 4 N5 N3 131 0.490 1
118 5 N5 N1 0 0.490 0
118 6 N5 N5 145 0.490 0
118 7 N1 N3 0 0.320 0
118 8 N1 N5 0 0.320 0
118 9 N1 N1 241 0.320 1
118 10 N4 N5 0 0.470 0
118 11 N4 N3 143 0.470 1
119 1 N3 N5 0 0.090 0
119 2 N3 N1 165 0.090 0
119 3 N3 N3 170 0.090 1
119 4 N5 N3 131 1.580 1
119 5 N5 N1 0 1.580 0
119 6 N5 N5 145 1.580 0
119 7 N1 N3 0 0.380 0
119 8 N1 N5 0 0.380 0
119 9 N1 N1 243 0.380 1
119 10 N4 N5 0 0.100 0
119 11 N4 N3 144 0.100 1
120 1 N3 N5 0 1.180 0
120 2 N3 N1 165 1.180 0
120 3 N3 N3 170 1.180 1
120 4 N5 N3 131 2.670 1
120 5 N5 N1 0 2.670 0
120 6 N5 N5 145 2.670 0
120 7 N1 N3 0 0.450 0
120 8 N1 N5 0 0.450 0
120 9 N1 N1 244 0.450 1
120 10 N4 N5 0 1.190 0
120 11 N4 N3 144 1.190 1
121 1 N3 N5 0 0.600 0
121 2 N3 N1 165 0.600 0
121 3 N3 N3 172 0.600 1
121 4 N5 N3 131 3.760 1
121 5 N5 N1 0 3.760 0
121 6 N5 N5 145 3.760 0
121 7 N1 N3 0 0.500 0
121 8 N1 N5 0 0.500 0
121 9 N1 N1 246 0.500 1
121 10 N4 N5 0 0.720 0
121 11 N4 N3 144 0.720 1
122 1 N3 N5 0 0.240 0
122 2 N3 N1 166 0.240 0
122 3 N3 N3 174 0.240 1
122 4 N5 N3 125 0.250 1
122 5 N5 N1 0 0.250 0
122 6 N5 N5 145 0.250 0
122 7 N1 N3 0 0.050 0
122 8 N1 N5 0 0.050 0
122 9 N1 N1 248 0.050 1
122 10 N4 N5 0 0.250 0
122 11 N4 N3 144 0.250 1
123 1 N3 N5 0 1.340 0
123 2 N3 N1 166 1.340 0
123 3 N3 N3 174 1.340 1
123 4 N5 N3 125 1.350 1
123 5 N5 N1 0 1.350 0
123 6 N5 N5 145 1.350 0
123 7 N1 N3 0 0.140 0
123 8 N1 N5 0 0.140 0
123 9 N1 N1 248 0.140 1
123 10 N4 N5 0 0.160 0
123 11 N4 N3 144 0.160 1
124 1 N3 N5 0 0.550 0
124 2 N3 N1 164 0.550 0
124 3 N3 N3 174 0.550 1
124 4 N5 N3 125 2.440 1
124 5 N5 N1 0 2.440 0
124 6 N5 N5 145 2.440 0
124 7 N1 N3 0 0.180 0
124 8 N1 N5 0 0.180 0
124 9 N1 N1 248 0.180 1
124 10 N4 N5 0 1.250 0
124 11 N4 N3 144 1.250 1
125 1 N3 N5 0 1.630 0
125 2 N3 N1 164 1.630 0
125 3 N3 N3 174 1.630 1
125 4 N5 N3 125 3.520 1
125 5 N5 N1 0 3.520 0
125 6 N5 N5 145 3.520 0
125 7 N1 N3 0 0.160 0
125 8 N1 N5 0 0.160 0
125 9 N1 N1 248 0.160 1
125 10 N4 N5 0 2.330 0
125 11 N4 N3 144 2.330 1
126 1 N3 N5 0 0.520 0
126 2 N3 N1 165 0.520 0
126 3 N3 N3 174 0.520 1
126 4 N5 N3 125 4.610 1
126 5 N5 N1 0 4.610 0
126 6 N5 N5 145 4.610 0
126 7 N1 N3 0 0.300 0
126 8 N1 N5 0 0.300 0
126 9 N1 N1 247 0.300 1
126 10 N4 N5 0 3.420 0
126 11 N4 N3 144 3.420 1
127 1 N3 N5 0 1.600 0
127 2 N3 N1 165 1.600 0
127 3 N3 N3 174 1.600 1
127 4 N5 N3 125 5.690 1
127 5 N5 N1 0 5.690 0
127 6 N5 N5 145 5.690 0
127 7 N1 N3 0 0.350 0
127 8 N1 N5 0 0.350 0
127 9 N1 N1 246 0.350 1
127 10 N4 N5 0 4.500 0
127 11 N4 N3 144 4.500 1
128 1 N3 N5 0 0.220 0
128 2 N3 N1 165 0.220 0
128 3 N3 N3 170 0.220 1
128 4 N5 N3 125 6.780 1
128 5 N5 N1 0 6.780 0
128 6 N5 N5 145 6.780 0
128 7 N1 N3 0 0.420 0
128 8 N1 N5 0 0.420 0
128 9 N1 N1 245 0.420 1
128 10 N4 N5 0 0.980 0
128 11 N4 N3 144 0.980 1
129 1 N3 N5 0 1.300 0
129 2 N3 N1 165 1.300 0
129 3 N3 N3 170 1.300 1
129 4 N5 N3 125 7.860 1
129 5 N5 N1 0 7.860 0
129 6 N5 N5 145 7.860 0
129 7 N1 N3 0 0.450 0
129 8 N1 N5 0 0.450 0
129 9 N1 N1 243 0.450 1
129 10 N4 N5 0 0.020 0
129 11 N4 N3 142 0.020 1
130 1 N3 N5 0 0.980 0
130 2 N3 N1 155 0.980 0
130 3 N3 N3 169 0.980 1
130 4 N5 N3 125 8.950 1
130 5 N5 N1 0 8.950 0
130 6 N5 N5 145 8.950 0
130 7 N1 N3 0 0.510 0
130 8 N1 N5 0 0.510 0
130 9 N1 N1 242 0.510 1
130 10 N4 N5 0 1.110 0
130 11 N4 N3 142 1.110 1
131 1 N3 N5 0 0.790 0
131 2 N3 N1 153 0.790 0
131 3 N3 N3 166 0.790 1
131 4 N5 N3 120 0.900 1
131 5 N5 N1 0 0.900 0
131 6 N5 N5 145 0.900 0
131 7 N1 N3 0 0.040 0
131 8 N1 N5 0 0.040 0
131 9 N1 N1 239 0.040 1
131 10 N4 N5 0 0.890 0
131 11 N4 N3 140 0.890 1
132 1 N3 N5 0 0.080 0
132 2 N3 N1 150 0.080 0
132 3 N3 N3 162 0.080 1
132 4 N5 N3 120 1.990 1
132 5 N5 N1 0 1.990 0
132 6 N5 N5 145 1.990 0
132 7 N1 N3 0 0.070 0
132 8 N1 N5 0 0.070 0
132 9 N1 N1 238 0.070 1
132 10 N4 N5 0 0.090 0
132 11 N4 N3 137 0.090 1
133 1 N3 N5 0 1.070 0
133 2 N3 N1 150 1.070 0
133 3 N3 N3 162 1.070 1
133 4 N5 N3 120 3.100 1
133 5 N5 N1 0 3.100 0
133 6 N5 N5 145 3.100 0
133 7 N1 N3 0 0.670 0
133 8 N1 N5 0 0.670 0
133 9 N1 N1 238 0.670 1
133 10 N4 N5 0 1.200 0
133 11 N4 N3 137 1.200 1
134 1 N3 N5 0 0.300 0
134 2 N3 N1 145 0.300 0
134 3 N3 N3 160 0.300 1
134 4 N5 N3 120 4.190 1
134 5 N5 N1 0 4.190 0
134 6 N5 N5 145 4.190 0
134 7 N1 N3 0 0.210 0
134 8 N1 N5 0 0.210 0
134 9 N1 N1 238 0.210 1
134 10 N4 N5 0 0.300 0
134 11 N4 N3 135 0.300 1
135 1 N3 N5 0 0.140 0
135 2 N3 N1 145 0.140 0
135 3 N3 N3 158 0.140 1
135 4 N5 N3 120 5.290 1
135 5 N5 N1 0 5.290 0
135 6 N5 N5 145 5.290 0
135 7 N1 N3 0 0.310 0
135 8 N1 N5 0 0.310 0
135 9 N1 N1 238 0.310 1
135 10 N4 N5 0 0.360 0
135 11 N4 N3 134 0.360 1
136 1 N3 N5 0 0.200 0
136 2 N3 N1 147 0.200 0
136 3 N3 N3 157 0.200 1
136 4 N5 N3 104 0.870 1
136 5 N5 N1 0 0.870 0
136 6 N5 N5 0 0.870 0
136 7 N1 N3 0 0.370 0
136 8 N1 N5 0 0.370 0
136 9 N1 N1 239 0.370 1
136 10 N4 N5 0 0.870 0
136 11 N4 N3 134 0.870 1
137 1 N3 N5 0 0.250 0
137 2 N3 N1 147 0.250 0
137 3 N3 N3 157 0.250 1
137 4 N5 N3 104 1.950 1
137 5 N5 N1 0 1.950 0
137 6 N5 N5 0 1.950 0
137 7 N1 N3 0 0.420 0
137 8 N1 N5 0 0.420 0
137 9 N1 N1 240 0.420 1
137 10 N4 N5 0 0.960 0
137 11 N4 N3 133 0.960 1
138 1 N3 N5 0 0.300 0
138 2 N3 N1 147 0.300 0
138 3 N3 N3 158 0.300 1
138 4 N5 N3 94 0.010 1
138 5 N5 N1 0 0.010 0
138 6 N5 N5 0 0.010 0
138 7 N1 N3 0 0.000 0
138 8 N1 N5 0 0.000 0
138 9 N1 N1 242 0.000 1
138 10 N4 N5 0 0.510 0
138 11 N4 N3 133 0.510 1
139 1 N3 N5 0 0.350 0
139 2 N3 N1 147 0.350 0
139 3 N3 N3 158 0.350 1
139 4 N5 N3 89 0.690 1
139 5 N5 N1 0 0.690 0
139 6 N5 N5 0 0.690 0
139 7 N1 N3 0 0.550 0
139 8 N1 N5 0 0.550 0
139 9 N1 N1 242 0.550 1
139 10 N4 N5 0 0.010 0
139 11 N4 N3 133 0.010 1
140 1 N3 N5 0 0.790 0
140 2 N3 N1 145 0.790 0
140 3 N3 N3 159 0.790 1
140 4 N5 N3 84 1.070 1
140 5 N5 N1 0 1.070 0
140 6 N5 N5 0 1.070 0
140 7 N1 N3 0 0.040 0
140 8 N1 N5 0 0.040 0
140 9 N1 N1 244 0.040 1
140 10 N4 N5 0 0.080 0
140 11 N4 N3 132 0.080 1
141 1 N3 N5 0 0.290 0
141 2 N3 N1 143 0.290 0
141 3 N3 N3 158 0.290 1
141 4 N5 N3 84 2.150 1
141 5 N5 N1 0 2.150 0
141 6 N5 N5 0 2.150 0
141 7 N1 N3 0 0.130 0
141 8 N1 N5 0 0.130 0
141 9 N1 N1 245 0.130 1
141 10 N4 N5 0 0.120 0
141 11 N4 N3 131 0.120 1
142 1 N3 N5 0 0.380 0
142 2 N3 N1 140 0.380 0
142 3 N3 N3 159 0.380 1
142 4 N5 N3 74 0.590 1
142 5 N5 N1 0 0.590 0
142 6 N5 N5 0 0.590 0
142 7 N1 N3 0 0.200 0
142 8 N1 N5 0 0.200 0
142 9 N1 N1 245 0.200 1
142 10 N4 N5 0 0.160 0
142 11 N4 N3 130 0.160 1
143 1 N3 N5 0 0.050 0
143 2 N3 N1 140 0.050 0
143 3 N3 N3 161 0.050 1
143 4 N5 N3 74 1.670 1
143 5 N5 N1 0 1.670 0
143 6 N5 N5 0 1.670 0
143 7 N1 N3 0 0.270 0
143 8 N1 N5 0 0.270 0
143 9 N1 N1 245 0.270 1
143 10 N4 N5 0 0.190 0
143 11 N4 N3 129 0.190 1
144 1 N3 N5 0 0.120 0
144 2 N3 N1 140 0.120 0
144 3 N3 N3 161 0.120 1
144 4 N5 N3 68 0.350 1
144 5 N5 N1 0 0.350 0
144 6 N5 N5 0 0.350 0
144 7 N1 N5 0 0.350 0
144 8 N1 N1 244 0.350 1
144 9 N4 N5 0 0.770 0
144 10 N4 N3 129 0.770 1
145 1 N3 N5 0 0.160 0
145 2 N3 N1 140 0.160 0
145 3 N3 N3 161 0.160 1
145 4 N5 N3 66 0.390 1
145 5 N5 N1 0 0.390 0
145 6 N5 N5 0 0.390 0
145 7 N1 N5 0 0.370 0
145 8 N1 N1 243 0.370 1
145 9 N4 N5 0 0.330 0
145 10 N4 N3 129 0.330 1
146 1 N3 N5 0 0.080 0
146 2 N3 N1 138 0.080 0
146 3 N3 N3 162 0.080 1
146 4 N5 N3 67 0.680 1
146 5 N5 N1 0 0.680 0
146 6 N5 N5 0 0.680 0
146 7 N1 N5 0 0.450 0
146 8 N1 N1 241 0.450 1
146 9 N4 N5 0 0.400 0
146 10 N4 N3 127 0.400 1
147 1 N3 N5 0 0.260 0
147 2 N3 N1 137 0.260 0
147 3 N3 N3 162 0.260 1
147 4 N5 N3 65 0.480 1
147 5 N5 N1 0 0.480 0
147 6 N5 N5 0 0.480 0
147 7 N1 N5 0 0.500 0
147 8 N1 N1 239 0.500 1
147 9 N4 N5 0 1.480 0
147 10 N4 N3 127 1.480 1
148 1 N3 N5 0 0.820 0
148 2 N3 N1 136 0.820 0
148 3 N3 N3 162 0.820 1
148 4 N5 N3 64 0.550 1
148 5 N5 N1 0 0.550 0
148 6 N5 N5 0 0.550 0
148 7 N1 N5 0 0.070 0
148 8 N1 N1 235 0.070 1
148 9 N4 N5 0 1.070 0
148 10 N4 N3 126 1.070 1
149 1 N3 N5 0 0.360 0
149 2 N3 N1 135 0.360 0
149 3 N3 N3 164 0.360 1
149 4 N5 N3 66 0.130 1
149 5 N5 N1 0 0.130 0
149 6 N5 N5 0 0.130 0
149 7 N1 N5 0 0.150 0
149 8 N1 N1 233 0.150 1
149 9 N4 N5 0 0.610 0
149 10 N4 N3 126 0.610 1
150 1 N3 N5 0 0.420 0
150 2 N3 N1 132 0.420 0
150 3 N3 N3 165 0.420 1
150 4 N5 N3 68 0.420 1
150 5 N5 N1 0 0.420 0
150 6 N5 N5 0 0.420 0
150 7 N1 N5 0 0.230 0
150 8 N1 N1 231 0.230 1
150 9 N4 N5 0 0.140 0
150 10 N4 N3 124 0.140 1
151 1 N3 N5 0 0.490 0
151 2 N3 N1 129 0.490 0
151 3 N3 N3 167 0.490 1
151 4 N5 N3 70 0.200 1
151 5 N5 N1 0 0.200 0
151 6 N5 N5 0 0.200 0
151 7 N1 N5 0 0.260 0
151 8 N1 N1 229 0.260 1
151 9 N4 N5 0 0.210 0
151 10 N4 N3 122 0.210 1
152 1 N3 N5 0 0.030 0
152 2 N3 N1 128 0.030 0
152 3 N3 N3 168 0.030 1
152 4 N5 N3 73 0.280 1
152 5 N5 N1 0 0.280 0
152 6 N5 N5 0 0.280 0
152 7 N1 N5 0 0.330 0
152 8 N1 N1 228 0.330 1
152 9 N4 N5 0 0.780 0
152 10 N4 N3 122 0.780 1
153 1 N3 N5 0 0.060 0
153 2 N3 N1 128 0.060 0
153 3 N3 N3 167 0.060 1
153 4 N5 N3 73 0.020 1
153 5 N5 N1 0 0.020 0
153 6 N5 N5 0 0.020 0
153 7 N1 N5 0 0.380 0
153 8 N1 N1 228 0.380 1
153 9 N4 N5 0 0.840 0
153 10 N4 N3 122 0.840 1
154 1 N3 N5 0 0.110 0
154 2 N3 N1 129 0.110 0
154 3 N3 N3 166 0.110 1
154 4 N5 N3 75 0.870 1
154 5 N5 N1 0 0.870 0
154 6 N5 N5 0 0.870 0
154 7 N1 N5 0 0.410 0
154 8 N1 N1 228 0.410 1
154 9 N4 N5 0 0.400 0
154 10 N4 N3 121 0.400 1
155 1 N3 N5 0 0.170 0
155 2 N3 N1 129 0.170 0
155 3 N3 N3 165 0.170 1
155 4 N5 N3 79 0.120 1
155 5 N5 N1 0 0.120 0
155 6 N5 N5 10 0.120 0
155 7 N1 N5 0 0.290 0
155 8 N1 N1 228 0.290 1
155 9 N4 N5 7 0.460 0
155 10 N4 N3 120 0.460 1
156 1 N3 N5 11 0.250 0
156 2 N3 N1 130 0.250 0
156 3 N3 N3 162 0.250 1
156 4 N5 N3 81 0.450 1
156 5 N5 N1 0 0.450 0
156 6 N5 N5 13 0.450 0
156 7 N1 N5 0 1.020 0
156 8 N1 N1 228 1.020 1
156 9 N4 N5 11 0.450 0
156 10 N4 N3 119 0.450 1
157 1 N3 N5 11 0.700 0
157 2 N3 N1 130 0.700 0
157 3 N3 N3 161 0.700 1
157 4 N5 N3 82 0.260 1
157 5 N5 N1 0 0.260 0
157 6 N5 N5 15 0.260 0
157 7 N1 N5 0 0.040 0
157 8 N1 N1 228 0.040 1
157 9 N4 N5 13 0.050 0
157 10 N4 N3 119 0.050 1
158 1 N3 N5 10 0.150 0
158 2 N3 N1 131 0.150 0
158 3 N3 N3 158 0.150 1
158 4 N5 N3 83 0.080 1
158 5 N5 N1 0 0.080 0
158 6 N5 N5 16 0.080 0
158 7 N1 N5 0 0.100 0
158 8 N1 N1 227 0.100 1
158 9 N4 N5 13 0.110 0
158 10 N4 N3 116 0.110 1
159 1 N3 N5 11 0.400 0
159 2 N3 N1 131 0.400 0
159 3 N3 N3 155 0.400 1
159 4 N5 N3 83 0.620 1
159 5 N5 N1 0 0.620 0
159 6 N5 N5 18 0.620 0
159 7 N1 N5 0 0.160 0
159 8 N1 N1 226 0.160 1
159 9 N4 N5 15 0.610 0
159 10 N4 N3 115 0.610 1
160 1 N3 N5 11 0.450 0
160 2 N3 N1 131 0.450 0
160 3 N3 N3 153 0.450 1
160 4 N5 N3 81 0.330 1
160 5 N5 N1 0 0.330 0
160 6 N5 N5 22 0.330 0
160 7 N1 N5 0 0.090 0
160 8 N1 N1 226 0.090 1
160 9 N4 N5 15 0.110 0
160 10 N4 N3 112 0.110 1
161 1 N3 N5 14 0.390 0
161 2 N3 N1 124 0.390 0
161 3 N3 N3 151 0.390 1
161 4 N5 N3 80 0.460 1
161 5 N5 N1 0 0.460 0
161 6 N5 N5 28 0.460 0
161 7 N1 N5 0 0.260 0
161 8 N1 N1 226 0.260 1
161 9 N4 N5 19 0.300 0
161 10 N4 N3 110 0.300 1
162 1 N3 N5 20 0.410 0
162 2 N3 N1 124 0.410 0
162 3 N3 N3 151 0.410 1
162 4 N5 N3 80 0.280 1
162 5 N5 N1 0 0.280 0
162 6 N5 N5 31 0.280 0
162 7 N1 N5 0 0.340 0
162 8 N1 N1 226 0.340 1
162 9 N4 N5 27 0.350 0
162 10 N4 N3 107 0.350 1
163 1 N3 N5 30 0.450 0
163 2 N3 N1 123 0.450 0
163 3 N3 N3 150 0.450 1
163 4 N5 N3 79 0.050 1
163 5 N5 N1 0 0.050 0
163 6 N5 N5 34 0.050 0
163 7 N1 N5 30 0.050 0
163 8 N1 N1 227 0.050 1
163 9 N4 N5 30 0.390 0
163 10 N4 N3 103 0.390 1
164 1 N3 N5 37 0.000 0
164 2 N3 N1 120 0.000 0
164 3 N3 N3 148 0.000 1
164 4 N5 N3 79 0.100 1
164 5 N5 N1 0 0.100 0
164 6 N5 N5 39 0.100 0
164 7 N1 N5 32 0.100 0
164 8 N1 N1 228 0.100 1
164 9 N4 N5 37 0.290 0
164 10 N4 N3 100 0.290 1
165 1 N3 N5 41 0.200 0
165 2 N3 N1 120 0.200 0
165 3 N3 N3 147 0.200 1
165 4 N5 N3 78 0.960 1
165 5 N5 N1 0 0.960 0
165 6 N5 N5 39 0.960 0
165 7 N1 N5 32 0.460 0
165 8 N1 N1 228 0.460 1
165 9 N4 N5 37 1.370 0
165 10 N4 N3 100 1.370 1
166 1 N3 N5 41 0.110 0
166 2 N3 N1 116 0.110 0
166 3 N3 N3 146 0.110 1
166 4 N5 N3 77 1.040 1
166 5 N5 N1 0 1.040 0
166 6 N5 N5 43 1.040 0
166 7 N1 N5 32 0.010 0
166 8 N1 N1 228 0.010 1
166 9 N4 N5 45 0.030 0
166 10 N4 N3 96 0.030 1
167 1 N3 N5 41 0.240 0
167 2 N3 N1 111 0.240 0
167 3 N3 N3 144 0.240 1
167 4 N5 N3 77 2.150 1
167 5 N5 N1 0 2.150 0
167 6 N5 N5 43 2.150 0
167 7 N1 N5 32 0.600 0
167 8 N1 N1 228 0.600 1
167 9 N4 N5 45 0.040 0
167 10 N4 N3 94 0.040 1
168 1 N3 N5 46 0.090 0
168 2 N3 N1 102 0.090 0
168 3 N3 N3 141 0.090 1
168 4 N5 N3 77 0.090 1
168 5 N5 N1 0 0.090 0
168 6 N5 N5 53 0.090 0
168 7 N1 N5 32 0.090 0
168 8 N1 N1 228 0.090 1
168 9 N4 N5 48 0.100 0
168 10 N4 N3 94 0.100 1
169 1 N3 N5 48 0.120 0
169 2 N3 N1 102 0.120 0
169 3 N3 N3 139 0.120 1
169 4 N5 N3 77 0.120 1
169 5 N5 N1 0 0.120 0
169 6 N5 N5 59 0.120 0
169 7 N1 N5 33 0.120 0
169 8 N1 N1 227 0.120 1
169 9 N4 N5 48 1.180 0
169 10 N4 N3 94 1.180 1
170 1 N3 N5 49 0.370 0
170 2 N3 N1 97 0.370 0
170 3 N3 N3 136 0.370 1
170 4 N5 N3 77 1.210 1
170 5 N5 N1 0 1.210 0
170 6 N5 N5 59 1.210 0
170 7 N1 N5 36 0.270 0
170 8 N1 N1 226 0.270 1
170 9 N4 N5 53 0.590 0
170 10 N4 N3 91 0.590 1
171 1 N3 N5 51 0.520 0
171 2 N3 N1 94 0.520 0
171 3 N3 N3 135 0.520 1
171 4 N5 N3 76 0.720 1
171 5 N5 N1 0 0.720 0
171 6 N5 N5 67 0.720 0
171 7 N1 N5 36 0.340 0
171 8 N1 N1 225 0.340 1
171 9 N4 N5 53 0.150 0
171 10 N4 N3 90 0.150 1
172 1 N3 N5 53 0.070 0
172 2 N3 N1 92 0.070 0
172 3 N3 N3 135 0.070 1
172 4 N5 N3 68 0.090 0
172 5 N5 N1 0 0.090 0
172 6 N5 N5 72 0.090 1
172 7 N1 N5 0 0.100 0
172 8 N1 N1 225 0.100 1
172 9 N4 N5 57 0.830 0
172 10 N4 N3 89 0.830 1
173 1 N3 N5 53 0.020 0
173 2 N3 N1 91 0.020 0
173 3 N3 N3 134 0.020 1
173 4 N5 N3 78 1.060 1
173 5 N5 N1 0 1.060 0
173 6 N5 N5 72 1.060 0
173 7 N1 N5 0 0.430 0
173 8 N1 N1 225 0.430 1
173 9 N4 N5 57 1.050 0
173 10 N4 N3 89 1.050 1
174 1 N3 N5 54 0.110 0
174 2 N3 N1 92 0.110 0
174 3 N3 N3 133 0.110 1
174 4 N5 N3 83 0.150 1
174 5 N5 N1 0 0.150 0
174 6 N5 N5 75 0.150 0
174 7 N1 N5 0 0.520 0
174 8 N1 N1 225 0.520 1
174 9 N4 N5 58 0.580 0
174 10 N4 N3 89 0.580 1
175 1 N3 N5 54 0.250 0
175 2 N3 N1 93 0.250 0
175 3 N3 N3 132 0.250 1
175 4 N5 N3 81 0.130 1
175 5 N5 N1 0 0.130 0
175 6 N5 N5 76 0.130 0
175 7 N1 N5 0 0.250 0
175 8 N1 N1 224 0.250 1
175 9 N4 N5 61 0.280 0
175 10 N4 N3 84 0.280 1
176 1 N3 N5 56 0.220 0
176 2 N3 N1 93 0.220 0
176 3 N3 N3 131 0.220 1
176 4 N5 N3 82 0.730 1
176 5 N5 N1 0 0.730 0
176 6 N5 N5 76 0.730 0
176 7 N1 N5 0 0.090 0
176 8 N1 N1 225 0.090 1
176 9 N4 N5 61 0.110 0
176 10 N4 N3 83 0.110 1
177 1 N3 N5 56 0.400 0
177 2 N3 N1 92 0.400 0
177 3 N3 N3 131 0.400 1
177 4 N5 N3 82 0.380 1
177 5 N5 N1 0 0.380 0
177 6 N5 N5 78 0.380 0
177 7 N1 N5 0 0.140 0
177 8 N1 N1 226 0.140 1
177 9 N4 N5 60 0.910 0
177 10 N4 N3 83 0.910 1
178 1 N3 N5 58 0.040 0
178 2 N3 N1 93 0.040 0
178 3 N3 N3 129 0.040 1
178 4 N5 N3 82 0.040 1
178 5 N5 N1 0 0.040 0
178 6 N5 N5 78 0.040 0
178 7 N1 N5 0 0.040 0
178 8 N1 N1 227 0.040 1
178 9 N4 N5 60 0.220 0
178 10 N4 N3 82 0.220 1
179 1 N3 N5 58 1.130 0
179 2 N3 N1 93 1.130 0
179 3 N3 N3 129 1.130 1
179 4 N5 N3 83 1.020 1
179 5 N5 N1 0 1.020 0
179 6 N5 N5 78 1.020 0
179 7 N1 N5 0 0.230 0
179 8 N1 N1 228 0.230 1
179 9 N4 N5 60 0.060 0
179 10 N4 N3 80 0.060 1
180 1 N3 N5 62 0.060 0
180 2 N3 N1 94 0.060 0
180 3 N3 N3 127 0.060 1
180 4 N5 N3 84 0.840 1
180 5 N5 N1 0 0.840 0
180 6 N5 N5 78 0.840 0
180 7 N1 N5 0 0.280 0
180 8 N1 N1 229 0.280 1
180 9 N4 N5 60 0.350 0
180 10 N4 N3 79 0.350 1
181 1 N3 N5 62 0.000 0
181 2 N3 N1 95 0.000 0
181 3 N3 N3 126 0.000 1
181 4 N5 N3 84 1.920 1
181 5 N5 N1 0 1.920 0
181 6 N5 N5 78 1.920 0
181 7 N1 N5 0 0.330 0
181 8 N1 N1 231 0.330 1
181 9 N4 N5 0 0.430 0
181 10 N4 N3 79 0.430 1
182 1 N3 N5 65 0.030 0
182 2 N3 N1 94 0.030 0
182 3 N3 N3 127 0.030 1
182 4 N5 N3 86 0.130 1
182 5 N5 N1 0 0.130 0
182 6 N5 N5 82 0.130 0
182 7 N1 N5 0 0.130 0
182 8 N1 N1 231 0.130 1
182 9 N4 N5 0 0.770 0
182 10 N4 N3 79 0.770 1
183 1 N3 N5 68 0.230 0
183 2 N3 N1 92 0.230 0
183 3 N3 N3 130 0.230 1
183 4 N5 N3 92 0.480 1
183 5 N5 N1 0 0.480 0
183 6 N5 N5 88 0.480 0
183 7 N1 N5 61 0.430 0
183 8 N1 N1 234 0.430 1
183 9 N4 N5 0 1.850 0
183 10 N4 N3 79 1.850 1
184 1 N3 N5 82 0.210 0
184 2 N3 N1 90 0.210 0
184 3 N3 N3 131 0.210 1
184 4 N5 N3 103 0.160 1
184 5 N5 N1 0 0.160 0
184 6 N5 N5 98 0.160 0
184 7 N1 N5 62 0.010 0
184 8 N1 N1 236 0.010 1
184 9 N4 N5 0 2.990 0
184 10 N4 N3 79 2.990 1
185 1 N3 N5 92 0.360 0
185 2 N3 N1 89 0.360 0
185 3 N3 N3 133 0.360 1
185 4 N5 N3 109 0.230 1
185 5 N5 N1 0 0.230 0
185 6 N5 N5 105 0.230 0
185 7 N1 N5 64 0.080 0
185 8 N1 N1 238 0.080 1
185 9 N4 N5 0 0.670 0
185 10 N4 N3 78 0.670 1
186 1 N3 N5 98 0.280 0
186 2 N3 N1 90 0.280 0
186 3 N3 N3 136 0.280 1
186 4 N5 N3 113 0.270 1
186 5 N5 N1 0 0.270 0
186 6 N5 N5 111 0.270 0
186 7 N1 N5 64 0.160 0
186 8 N1 N1 240 0.160 1
186 9 N4 N5 0 0.110 0
186 10 N4 N3 79 0.110 1
187 1 N3 N5 98 0.310 0
187 2 N3 N1 90 0.310 0
187 3 N3 N3 137 0.310 1
187 4 N5 N3 114 0.320 1
187 5 N5 N1 0 0.320 0
187 6 N5 N5 117 0.320 0
187 7 N1 N5 64 0.190 0
187 8 N1 N1 241 0.190 1
187 9 N4 N5 0 1.190 0
187 10 N4 N3 79 1.190 1
188 1 N3 N5 99 0.000 0
188 2 N3 N1 90 0.000 0
188 3 N3 N3 141 0.000 1
188 4 N5 N3 115 0.870 1
188 5 N5 N1 0 0.870 0
188 6 N5 N5 120 0.870 0
188 7 N1 N5 64 0.250 0
188 8 N1 N1 243 0.250 1
188 9 N4 N5 0 0.730 0
188 10 N4 N3 81 0.730 1
189 1 N3 N5 99 0.060 0
189 2 N3 N1 92 0.060 0
189 3 N3 N3 142 0.060 1
189 4 N5 N3 115 0.020 0
189 5 N5 N1 0 0.020 0
189 6 N5 N5 126 0.020 1
189 7 N1 N5 66 0.340 0
189 8 N1 N1 244 0.340 1
189 9 N4 N5 0 0.320 0
189 10 N4 N3 82 0.320 1
190 1 N3 N5 98 0.610 0
190 2 N3 N1 92 0.610 0
190 3 N3 N3 142 0.610 1
190 4 N5 N3 114 0.470 0
190 5 N5 N1 0 0.470 0
190 6 N5 N5 128 0.470 1
190 7 N1 N5 66 0.350 0
190 8 N1 N1 245 0.350 1
190 9 N4 N5 0 0.830 0
190 10 N4 N3 83 0.830 1
191 1 N3 N5 99 0.120 0
191 2 N3 N1 94 0.120 0
191 3 N3 N3 142 0.120 1
191 4 N5 N3 114 0.090 0
191 5 N5 N1 0 0.090 0
191 6 N5 N5 131 0.090 1
191 7 N1 N5 68 0.430 0
191 8 N1 N1 245 0.430 1
191 9 N4 N5 0 0.960 0
191 10 N4 N3 85 0.960 1
192 1 N3 N5 99 0.200 0
192 2 N3 N1 94 0.200 0
192 3 N3 N3 142 0.200 1
192 4 N5 N3 112 0.140 0
192 5 N5 N1 0 0.140 0
192 6 N5 N5 133 0.140 1
192 7 N1 N5 68 0.490 0
192 8 N1 N1 244 0.490 1
192 9 N4 N5 0 2.040 0
192 10 N4 N3 85 2.040 1
193 1 N3 N5 100 0.110 0
193 2 N3 N1 94 0.110 0
193 3 N3 N3 142 0.110 1
193 4 N5 N3 112 0.110 0
193 5 N5 N1 0 0.110 0
193 6 N5 N5 135 0.110 1
193 7 N1 N5 0 0.030 0
193 8 N1 N1 242 0.030 1
193 9 N4 N5 0 0.430 0
193 10 N4 N3 86 0.430 1
194 1 N3 N5 100 0.280 0
194 2 N3 N1 94 0.280 0
194 3 N3 N3 144 0.280 1
194 4 N5 N3 112 0.160 0
194 5 N5 N1 0 0.160 0
194 6 N5 N5 138 0.160 1
194 7 N1 N5 0 0.610 0
194 8 N1 N1 241 0.610 1
194 9 N4 N5 0 1.510 0
194 10 N4 N3 86 1.510 1
195 1 N3 N5 101 0.360 0
195 2 N3 N1 94 0.360 0
195 3 N3 N3 145 0.360 1
195 4 N5 N3 113 0.360 0
195 5 N5 N1 0 0.360 0
195 6 N5 N5 141 0.360 1
195 7 N1 N5 0 0.150 0
195 8 N1 N1 240 0.150 1
195 9 N4 N5 0 0.670 0
195 10 N4 N3 91 0.670 1
196 1 N3 N5 105 0.300 0
196 2 N3 N1 0 0.300 0
196 3 N3 N3 146 0.300 1
196 4 N5 N3 111 0.280 0
196 5 N5 N1 0 0.280 0
196 6 N5 N5 144 0.280 1
196 7 N1 N5 0 0.180 0
196 8 N1 N1 240 0.180 1
196 9 N4 N5 0 0.410 0
196 10 N4 N3 92 0.410 1
197 1 N3 N5 112 0.460 0
197 2 N3 N1 0 0.460 0
197 3 N3 N3 147 0.460 1
197 4 N5 N3 111 0.440 0
197 5 N5 N1 0 0.440 0
197 6 N5 N5 148 0.440 1
197 7 N1 N5 0 0.730 0
197 8 N1 N1 240 0.730 1
197 9 N4 N5 0 0.390 0
197 10 N4 N3 93 0.390 1
198 1 N3 N5 128 0.040 0
198 2 N3 N1 0 0.040 0
198 3 N3 N3 150 0.040 1
198 4 N5 N3 107 0.360 0
198 5 N5 N1 0 0.360 0
198 6 N5 N5 152 0.360 1
198 7 N1 N5 0 0.290 0
198 8 N1 N1 241 0.290 1
198 9 N4 N5 0 0.090 0
198 10 N4 N3 94 0.090 1
199 1 N3 N5 137 0.090 0
199 2 N3 N1 144 0.090 0
199 3 N3 N3 150 0.090 1
199 4 N5 N3 100 0.060 0
199 5 N5 N1 0 0.060 0
199 6 N5 N5 160 0.060 1
199 7 N1 N5 0 0.320 0
199 8 N1 N1 242 0.320 1
199 9 N4 N5 0 1.170 0
199 10 N4 N3 94 1.170 1
200 1 N3 N5 143 0.140 0
200 2 N3 N1 144 0.140 0
200 3 N3 N3 150 0.140 1
200 4 N5 N3 98 0.080 0
200 5 N5 N1 0 0.080 0
200 6 N5 N5 166 0.080 1
200 7 N1 N5 0 0.360 0
200 8 N1 N1 243 0.360 1
200 9 N4 N5 0 2.250 0
200 10 N4 N3 94 2.250 1
201 1 N3 N5 146 0.060 0
201 2 N3 N1 142 0.060 0
201 3 N3 N3 149 0.060 1
201 4 N5 N3 97 0.110 0
201 5 N5 N1 0 0.110 0
201 6 N5 N5 171 0.110 1
201 7 N1 N5 0 0.420 0
201 8 N1 N1 245 0.420 1
201 9 N4 N5 0 0.040 0
201 10 N4 N3 93 0.040 1
202 1 N3 N5 147 0.130 0
202 2 N3 N1 138 0.130 0
202 3 N3 N3 148 0.130 1
202 4 N5 N3 97 0.080 0
202 5 N5 N1 0 0.080 0
202 6 N5 N5 177 0.080 1
202 7 N1 N5 0 0.490 0
202 8 N1 N1 247 0.490 1
202 9 N4 N5 0 1.150 0
202 10 N4 N3 93 1.150 1
203 1 N3 N5 148 0.170 0
203 2 N3 N1 136 0.170 0
203 3 N3 N3 146 0.170 1
203 4 N5 N3 94 0.140 0
203 5 N5 N1 0 0.140 0
203 6 N5 N5 183 0.140 1
203 7 N1 N5 0 0.020 0
203 8 N1 N1 249 0.020 1
203 9 N4 N5 0 1.080 0
203 10 N4 N3 93 1.080 1
204 1 N3 N5 148 1.250 0
204 2 N3 N1 136 1.250 0
204 3 N3 N3 146 1.250 1
204 4 N5 N3 94 0.330 0
204 5 N5 N1 0 0.330 0
204 6 N5 N5 190 0.330 1
204 7 N1 N5 0 0.070 0
204 8 N1 N1 249 0.070 1
204 9 N4 N5 0 0.230 0
204 10 N4 N3 94 0.230 1
205 1 N3 N5 154 0.250 1
205 2 N3 N1 135 0.250 0
205 3 N3 N3 145 0.250 0
205 4 N5 N3 94 0.370 0
205 5 N5 N1 0 0.370 0
205 6 N5 N5 197 0.370 1
205 7 N1 N5 0 0.600 0
205 8 N1 N1 250 0.600 1
205 9 N4 N5 0 1.310 0
205 10 N4 N3 94 1.310 1
206 1 N3 N5 157 0.340 1
206 2 N3 N1 135 0.340 0
206 3 N3 N3 144 0.340 0
206 4 N5 N3 94 0.420 0
206 5 N5 N1 0 0.420 0
206 6 N5 N5 204 0.420 1
206 7 N1 N5 0 0.410 0
206 8 N1 N1 250 0.410 1
206 9 N4 N5 0 2.390 0
206 10 N4 N3 94 2.390 1
207 1 N3 N5 160 0.370 1
207 2 N3 N1 137 0.370 0
207 3 N3 N3 143 0.370 0
207 4 N5 N3 94 0.480 0
207 5 N5 N1 0 0.480 0
207 6 N5 N5 210 0.480 1
207 7 N1 N5 0 0.160 0
207 8 N1 N1 251 0.160 1
207 9 N4 N1 104 0.080 1
207 10 N4 N5 0 0.080 0
207 11 N4 N3 98 0.080 0
208 1 N3 N5 163 0.370 1
208 2 N3 N1 136 0.370 0
208 3 N3 N3 142 0.370 0
208 4 N5 N3 93 0.010 0
208 5 N5 N1 0 0.010 0
208 6 N5 N5 219 0.010 1
208 7 N1 N5 0 0.110 0
208 8 N1 N1 251 0.110 1
208 9 N4 N1 104 0.370 1
208 10 N4 N5 0 0.370 0
208 11 N4 N3 98 0.370 0
209 1 N3 N5 167 0.070 1
209 2 N3 N1 138 0.070 0
209 3 N3 N3 142 0.070 0
209 4 N5 N3 92 0.070 0
209 5 N5 N1 0 0.070 0
209 6 N5 N5 224 0.070 1
209 7 N1 N5 0 0.310 0
209 8 N1 N1 252 0.310 1
209 9 N4 N1 105 0.140 0
209 10 N4 N5 128 0.140 1
209 11 N4 N3 99 0.140 0
210 1 N3 N5 164 0.020 1
210 2 N3 N1 142 0.020 0
210 3 N3 N3 141 0.020 0
210 4 N5 N3 90 0.660 0
210 5 N5 N1 0 0.660 0
210 6 N5 N5 226 0.660 1
210 7 N1 N5 0 0.300 0
210 8 N1 N1 253 0.300 1
210 9 N4 N1 105 0.360 0
210 10 N4 N5 128 0.360 1
210 11 N4 N3 100 0.360 0
211 1 N3 N5 164 1.100 1
211 2 N3 N1 142 1.100 0
211 3 N3 N3 141 1.100 0
211 4 N5 N3 90 0.190 0
211 5 N5 N1 0 0.190 0
211 6 N5 N5 231 0.190 1
211 7 N1 N5 0 0.460 0
211 8 N1 N1 253 0.460 1
211 9 N4 N1 105 0.400 0
211 10 N4 N5 122 0.400 1
211 11 N4 N3 99 0.400 0
212 1 N3 N5 163 0.560 1
212 2 N3 N1 147 0.560 0
212 3 N3 N3 140 0.560 0
212 4 N5 N3 88 0.210 0
212 5 N5 N1 0 0.210 0
212 6 N5 N5 232 0.210 1
212 7 N1 N5 0 0.030 0
212 8 N1 N1 254 0.030 1
212 9 N4 N1 103 0.100 0
212 10 N4 N5 120 0.100 1
212 11 N4 N3 100 0.100 0
213 1 N3 N5 163 0.630 1
213 2 N3 N1 147 0.630 0
213 3 N3 N3 140 0.630 0
213 4 N5 N3 88 0.630 0
213 5 N5 N1 0 0.630 0
213 6 N5 N5 233 0.630 1
213 7 N1 N5 0 0.140 0
213 8 N1 N1 253 0.140 1
213 9 N4 N1 103 0.450 0
213 10 N4 N5 120 0.450 1
213 11 N4 N3 100 0.450 0
214 1 N3 N5 163 0.800 1
214 2 N3 N1 145 0.800 0
214 3 N3 N3 140 0.800 0
214 4 N5 N3 88 0.670 0
214 5 N5 N1 0 0.670 0
214 6 N5 N5 232 0.670 1
214 7 N1 N5 0 0.200 0
214 8 N1 N1 252 0.200 1
214 9 N4 N1 103 1.600 0
214 10 N4 N5 120 1.600 1
214 11 N4 N3 100 1.600 0
215 1 N3 N5 163 0.060 1
215 2 N3 N1 145 0.060 0
215 3 N3 N3 140 0.060 0
215 4 N5 N3 87 0.150 0
215 5 N5 N1 0 0.150 0
215 6 N5 N5 231 0.150 1
215 7 N1 N5 176 0.150 0
215 8 N1 N1 252 0.150 1
215 9 N4 N1 103 0.200 0
215 10 N4 N5 120 0.200 1
215 11 N4 N3 100 0.200 0
216 1 N3 N5 161 0.120 1
216 2 N3 N1 141 0.120 0
216 3 N3 N3 140 0.120 0
216 4 N5 N3 84 0.160 0
216 5 N5 N1 0 0.160 0
216 6 N5 N5 229 0.160 1
216 7 N1 N5 180 0.380 0
216 8 N1 N1 250 0.380 1
216 9 N4 N1 99 0.140 0
216 10 N4 N5 120 0.140 1
216 11 N4 N3 100 0.140 0
217 1 N3 N5 159 0.590 1
217 2 N3 N1 139 0.590 0
217 3 N3 N3 140 0.590 0
217 4 N5 N3 79 0.150 0
217 5 N5 N1 166 0.150 0
217 6 N5 N5 228 0.150 1
217 7 N1 N5 184 0.290 0
217 8 N1 N1 249 0.290 1
217 9 N4 N1 94 0.680 0
217 10 N4 N5 111 0.680 1
217 11 N4 N3 99 0.680 0
218 1 N3 N5 160 0.150 1
218 2 N3 N1 136 0.150 0
218 3 N3 N3 141 0.150 0
218 4 N5 N3 76 0.020 0
218 5 N5 N1 165 0.020 0
218 6 N5 N5 227 0.020 1
218 7 N1 N5 188 0.140 0
218 8 N1 N1 248 0.140 1
218 9 N4 N1 89 0.420 0
218 10 N4 N5 111 0.420 1
218 11 N4 N3 98 0.420 0
219 1 N3 N5 158 0.120 1
219 2 N3 N1 135 0.120 0
219 3 N3 N3 144 0.120 0
219 4 N5 N3 71 0.170 0
219 5 N5 N1 167 0.170 0
219 6 N5 N5 226 0.170 1
219 7 N1 N5 194 0.030 0
219 8 N1 N1 246 0.030 1
219 9 N4 N1 89 0.510 0
219 10 N4 N5 105 0.510 1
219 11 N4 N3 98 0.510 0
220 1 N3 N5 158 1.210 1
220 2 N3 N1 135 1.210 0
220 3 N3 N3 144 1.210 0
220 4 N5 N3 69 0.740 0
220 5 N5 N1 168 0.740 0
220 6 N5 N5 226 0.740 1
220 7 N1 N5 202 0.110 0
220 8 N1 N1 245 0.110 1
220 9 N4 N1 85 0.020 0
220 10 N4 N5 105 0.020 1
220 11 N4 N3 96 0.020 0
221 1 N3 N5 151 0.330 1
221 2 N3 N1 131 0.330 0
221 3 N3 N3 148 0.330 0
221 4 N5 N3 67 0.220 0
221 5 N5 N1 169 0.220 0
221 6 N5 N5 227 0.220 1
221 7 N1 N5 204 0.140 0
221 8 N1 N1 244 0.140 1
221 9 N4 N1 82 0.100 0
221 10 N4 N5 105 0.100 1
221 11 N4 N3 95 0.100 0
222 1 N3 N5 151 0.550 1
222 2 N3 N1 131 0.550 0
222 3 N3 N3 150 0.550 0
222 4 N5 N3 67 0.180 0
222 5 N5 N1 172 0.180 0
222 6 N5 N5 229 0.180 1
222 7 N1 N5 207 0.180 0
222 8 N1 N1 244 0.180 1
222 9 N4 N1 79 0.180 0
222 10 N4 N5 100 0.180 1
222 11 N4 N3 94 0.180 0
223 1 N3 N5 151 0.170 1
223 2 N3 N1 131 0.170 0
223 3 N3 N3 151 0.170 0
223 4 N5 N3 65 0.090 0
223 5 N5 N1 176 0.090 0
223 6 N5 N5 231 0.090 1
223 7 N1 N5 208 0.240 0
223 8 N1 N1 245 0.240 1
223 9 N4 N1 79 0.710 0
223 10 N4 N5 100 0.710 1
223 11 N4 N3 93 0.710 0
224 1 N3 N5 151 0.370 1
224 2 N3 N1 131 0.370 0
224 3 N3 N3 152 0.370 0
224 4 N5 N3 65 0.500 0
224 5 N5 N1 179 0.500 0
224 6 N5 N5 232 0.500 1
224 7 N1 N5 207 0.200 0
224 8 N1 N1 244 0.200 1
224 9 N4 N1 79 1.880 0
224 10 N4 N5 100 1.880 1
224 11 N4 N3 93 1.880 0
225 1 N3 N5 151 0.390 1
225 2 N3 N1 130 0.390 0
225 3 N3 N3 152 0.390 0
225 4 N5 N3 63 0.060 0
225 5 N5 N1 182 0.060 0
225 6 N5 N5 232 0.060 1
225 7 N1 N5 206 0.100 0
225 8 N1 N1 243 0.100 1
225 9 N4 N1 81 0.100 0
225 10 N4 N5 100 0.100 1
225 11 N4 N3 94 0.100 0
226 1 N3 N5 148 0.050 1
226 2 N3 N1 128 0.050 0
226 3 N3 N3 154 0.050 0
226 4 N5 N3 62 0.210 0
226 5 N5 N1 186 0.210 0
226 6 N5 N5 231 0.210 1
226 7 N1 N5 203 0.020 0
226 8 N1 N1 242 0.020 1
226 9 N4 N1 81 0.210 0
226 10 N4 N5 83 0.210 0
226 11 N4 N3 95 0.210 1
227 1 N3 N5 142 0.090 0
227 2 N3 N1 127 0.090 0
227 3 N3 N3 156 0.090 1
227 4 N5 N3 0 0.310 0
227 5 N5 N1 189 0.310 0
227 6 N5 N5 230 0.310 1
227 7 N1 N5 200 0.070 0
227 8 N1 N1 241 0.070 1
227 9 N4 N1 81 0.280 0
227 10 N4 N5 83 0.280 0
227 11 N4 N3 98 0.280 1
228 1 N3 N5 115 0.040 0
228 2 N3 N1 124 0.040 0
228 3 N3 N3 157 0.040 1
228 4 N5 N3 0 0.360 0
228 5 N5 N1 191 0.360 0
228 6 N5 N5 228 0.360 1
228 7 N1 N5 196 0.150 0
228 8 N1 N1 240 0.150 1
228 9 N4 N1 81 0.320 0
228 10 N4 N5 83 0.320 0
228 11 N4 N3 100 0.320 1
229 1 N3 N5 88 0.110 0
229 2 N3 N1 122 0.110 0
229 3 N3 N3 159 0.110 1
229 4 N5 N3 0 0.040 0
229 5 N5 N1 195 0.040 0
229 6 N5 N5 226 0.040 1
229 7 N1 N5 194 0.230 0
229 8 N1 N1 238 0.230 1
229 9 N4 N1 81 1.410 0
229 10 N4 N5 83 1.410 0
229 11 N4 N3 100 1.410 1
230 1 N3 N5 88 0.180 0
230 2 N3 N1 121 0.180 0
230 3 N3 N3 160 0.180 1
230 4 N5 N3 0 0.400 0
230 5 N5 N1 195 0.400 0
230 6 N5 N5 225 0.400 1
230 7 N1 N5 193 0.300 0
230 8 N1 N1 237 0.300 1
230 9 N4 N1 81 0.470 0
230 10 N4 N5 83 0.470 0
230 11 N4 N3 103 0.470 1
231 1 N3 N5 88 0.320 0
231 2 N3 N1 121 0.320 0
231 3 N3 N3 160 0.320 1
231 4 N5 N3 0 0.110 0
231 5 N5 N1 195 0.110 0
231 6 N5 N5 223 0.110 1
231 7 N1 N5 192 0.090 0
231 8 N1 N1 235 0.090 1
231 9 N4 N1 82 0.500 0
231 10 N4 N5 83 0.500 0
231 11 N4 N3 105 0.500 1
232 1 N3 N5 88 0.240 0
232 2 N3 N1 125 0.240 0
232 3 N3 N3 162 0.240 1
232 4 N5 N3 0 0.080 0
232 5 N5 N1 194 0.080 0
232 6 N5 N5 220 0.080 1
232 7 N1 N5 190 0.030 0
232 8 N1 N1 234 0.030 1
232 9 N4 N1 82 0.560 0
232 10 N4 N5 83 0.560 0
232 11 N4 N3 110 0.560 1
233 1 N3 N5 88 0.420 0
233 2 N3 N1 125 0.420 0
233 3 N3 N3 164 0.420 1
233 4 N5 N3 0 0.140 0
233 5 N5 N1 193 0.140 0
233 6 N5 N5 219 0.140 1
233 7 N1 N5 189 0.090 0
233 8 N1 N1 233 0.090 1
233 9 N4 N1 82 0.620 0
233 10 N4 N5 0 0.620 0
233 11 N4 N3 113 0.620 1
234 1 N3 N5 88 0.390 0
234 2 N3 N1 127 0.390 0
234 3 N3 N3 166 0.390 1
234 4 N5 N3 0 0.220 0
234 5 N5 N1 191 0.220 0
234 6 N5 N5 219 0.220 1
234 7 N1 N5 189 0.030 0
234 8 N1 N1 232 0.030 1
234 9 N4 N1 84 0.170 0
234 10 N4 N5 0 0.170 0
234 11 N4 N3 119 0.170 1
235 1 N3 N5 88 0.050 0
235 2 N3 N1 133 0.050 0
235 3 N3 N3 167 0.050 1
235 4 N5 N3 0 0.270 0
235 5 N5 N1 190 0.270 0
235 6 N5 N5 218 0.270 1
235 7 N1 N5 189 0.100 0
235 8 N1 N1 231 0.100 1
235 9 N4 N1 87 0.730 0
235 10 N4 N5 0 0.730 0
235 11 N4 N3 122 0.730 1
236 1 N3 N5 88 0.050 0
236 2 N3 N1 135 0.050 0
236 3 N3 N3 167 0.050 1
236 4 N5 N3 0 0.050 0
236 5 N5 N1 188 0.050 0
236 6 N5 N5 217 0.050 1
236 7 N1 N5 189 0.240 0
236 8 N1 N1 230 0.240 1
236 9 N4 N1 87 1.890 0
236 10 N4 N5 0 1.890 0
236 11 N4 N3 122 1.890 1
237 1 N3 N5 88 0.090 0
237 2 N3 N1 138 0.090 0
237 3 N3 N3 168 0.090 1
237 4 N5 N3 0 0.100 0
237 5 N5 N1 187 0.100 0
237 6 N5 N5 217 0.100 1
237 7 N1 N5 189 0.290 0
237 8 N1 N1 230 0.290 1
237 9 N4 N1 87 0.950 0
237 10 N4 N5 0 0.950 0
237 11 N4 N3 125 0.950 1
238 1 N3 N5 0 0.150 0
238 2 N3 N1 138 0.150 0
238 3 N3 N3 168 0.150 1
238 4 N5 N3 0 0.470 0
238 5 N5 N1 189 0.470 0
238 6 N5 N5 216 0.470 1
238 7 N1 N5 189 0.320 0
238 8 N1 N1 229 0.320 1
238 9 N4 N1 87 2.030 0
238 10 N4 N5 0 2.030 0
238 11 N4 N3 125 2.030 1
239 1 N3 N5 110 0.140 0
239 2 N3 N1 137 0.140 0
239 3 N3 N3 168 0.140 1
239 4 N5 N3 0 0.030 0
239 5 N5 N1 191 0.030 0
239 6 N5 N5 217 0.030 1
239 7 N1 N5 188 0.000 0
239 8 N1 N1 228 0.000 1
239 9 N4 N1 87 0.540 0
239 10 N4 N5 0 0.540 0
239 11 N4 N3 127 0.540 1
240 1 N3 N5 110 1.230 0
240 2 N3 N1 137 1.230 0
240 3 N3 N3 168 1.230 1
240 4 N5 N3 0 0.090 0
240 5 N5 N1 194 0.090 0
240 6 N5 N5 216 0.090 1
240 7 N1 N5 188 0.050 0
240 8 N1 N1 227 0.050 1
240 9 N4 N1 95 0.090 0
240 10 N4 N5 0 0.090 0
240 11 N4 N3 130 0.090 1
241 1 N3 N5 110 0.930 0
241 2 N3 N1 137 0.930 0
241 3 N3 N3 168 0.930 1
241 4 N5 N3 0 0.070 0
241 5 N5 N1 196 0.070 0
241 6 N5 N5 215 0.070 1
241 7 N1 N5 187 0.120 0
241 8 N1 N1 226 0.120 1
241 9 N4 N1 95 0.670 0
241 10 N4 N5 0 0.670 0
241 11 N4 N3 133 0.670 1
242 1 N3 N5 110 0.950 0
242 2 N3 N1 137 0.950 0
242 3 N3 N3 169 0.950 1
242 4 N5 N3 0 0.690 0
242 5 N5 N1 197 0.690 0
242 6 N5 N5 215 0.690 1
242 7 N1 N5 182 0.190 0
242 8 N1 N1 225 0.190 1
242 9 N4 N1 0 0.730 0
242 10 N4 N5 0 0.730 0
242 11 N4 N3 135 0.730 1
243 1 N3 N5 110 0.540 0
243 2 N3 N1 137 0.540 0
243 3 N3 N3 169 0.540 1
243 4 N5 N3 0 0.360 0
243 5 N5 N1 198 0.360 0
243 6 N5 N5 215 0.360 1
243 7 N1 N5 179 0.510 0
243 8 N1 N1 225 0.510 1
243 9 N4 N1 0 0.260 0
243 10 N4 N5 0 0.260 0
243 11 N4 N3 136 0.260 1
244 1 N3 N5 110 0.060 0
244 2 N3 N1 138 0.060 0
244 3 N3 N3 169 0.060 1
244 4 N5 N3 0 0.330 0
244 5 N5 N1 198 0.330 0
244 6 N5 N5 216 0.330 1
244 7 N1 N5 178 0.120 0
244 8 N1 N1 225 0.120 1
244 9 N4 N1 0 0.340 0
244 10 N4 N5 0 0.340 0
244 11 N4 N3 137 0.340 1
245 1 N3 N5 113 0.080 0
245 2 N3 N1 137 0.080 0
245 3 N3 N3 169 0.080 1
245 4 N5 N3 0 0.880 0
245 5 N5 N1 198 0.880 0
245 6 N5 N5 216 0.880 1
245 7 N1 N5 179 0.310 0
245 8 N1 N1 225 0.310 1
245 9 N4 N1 0 0.910 0
245 10 N4 N5 0 0.910 0
245 11 N4 N3 137 0.910 1
246 1 N3 N5 116 0.150 0
246 2 N3 N1 138 0.150 0
246 3 N3 N3 170 0.150 1
246 4 N5 N3 0 0.400 0
246 5 N5 N1 199 0.400 0
246 6 N5 N5 216 0.400 1
246 7 N1 N5 182 0.290 0
246 8 N1 N1 226 0.290 1
246 9 N4 N1 0 0.480 0
246 10 N4 N5 103 0.480 0
246 11 N4 N3 138 0.480 1
247 1 N3 N5 116 0.170 0
247 2 N3 N1 138 0.170 0
247 3 N3 N3 171 0.170 1
247 4 N5 N3 0 0.050 0
247 5 N5 N1 200 0.050 0
247 6 N5 N5 218 0.050 1
247 7 N1 N5 188 0.340 0
247 8 N1 N1 226 0.340 1
247 9 N4 N1 0 0.030 0
247 10 N4 N5 103 0.030 0
247 11 N4 N3 139 0.030 1
248 1 N3 N5 119 0.110 0
248 2 N3 N1 139 0.110 0
248 3 N3 N3 173 0.110 1
248 4 N5 N3 0 0.100 0
248 5 N5 N1 202 0.100 0
248 6 N5 N5 219 0.100 1
248 7 N1 N5 191 0.390 0
248 8 N1 N1 227 0.390 1
248 9 N4 N1 0 0.090 0
248 10 N4 N5 100 0.090 0
248 11 N4 N3 141 0.090 1
249 1 N3 N5 116 0.040 0
249 2 N3 N1 141 0.040 0
249 3 N3 N3 174 0.040 1
249 4 N5 N3 0 0.030 0
249 5 N5 N1 203 0.030 0
249 6 N5 N5 221 0.030 1
249 7 N1 N5 191 0.040 0
249 8 N1 N1 228 0.040 1
249 9 N4 N1 0 0.160 0
249 10 N4 N5 98 0.160 0
249 11 N4 N3 141 0.160 1
250 1 N3 N5 116 0.350 0
250 2 N3 N1 141 0.350 0
250 3 N3 N3 174 0.350 1
250 4 N5 N3 0 0.130 0
250 5 N5 N1 206 0.130 0
250 6 N5 N5 223 0.130 1
250 7 N1 N5 190 0.140 0
250 8 N1 N1 231 0.140 1
250 9 N4 N1 0 1.280 0
250 10 N4 N5 98 1.280 0
250 11 N4 N3 141 1.280 1
251 1 N3 N5 116 0.390 0
251 2 N3 N1 143 0.390 0
251 3 N3 N3 174 0.390 1
251 4 N5 N3 0 0.220 0
251 5 N5 N1 210 0.220 0
251 6 N5 N5 223 0.220 1
251 7 N1 N5 190 0.080 0
251 8 N1 N1 233 0.080 1
251 9 N4 N1 0 0.080 0
251 10 N4 N5 96 0.080 0
251 11 N4 N3 141 0.080 1
252 1 N3 N5 110 0.220 0
252 2 N3 N1 139 0.220 0
252 3 N3 N3 174 0.220 1
252 4 N5 N3 0 0.280 0
252 5 N5 N1 214 0.280 0
252 6 N5 N5 224 0.280 1
252 7 N1 N5 187 0.150 0
252 8 N1 N1 236 0.150 1
252 9 N4 N1 0 0.360 0
252 10 N4 N5 96 0.360 0
252 11 N4 N3 142 0.360 1
253 1 N3 N5 110 0.520 0
253 2 N3 N1 139 0.520 0
253 3 N3 N3 174 0.520 1
253 4 N5 N3 0 0.360 0
253 5 N5 N1 216 0.360 0
253 6 N5 N5 223 0.360 1
253 7 N1 N5 186 0.200 0
253 8 N1 N1 239 0.200 1
253 9 N4 N1 0 0.400 0
253 10 N4 N5 96 0.400 0
253 11 N4 N3 142 0.400 1
254 1 N3 N5 105 0.060 0
254 2 N3 N1 139 0.060 0
254 3 N3 N3 175 0.060 1
254 4 N5 N3 0 0.450 0
254 5 N5 N1 217 0.450 0
254 6 N5 N5 223 0.450 1
254 7 N1 N5 187 0.310 0
254 8 N1 N1 241 0.310 1
254 9 N4 N1 0 0.980 0
254 10 N4 N5 96 0.980 0
254 11 N4 N3 141 0.980 1
255 1 N3 N5 105 0.410 0
255 2 N3 N1 139 0.410 0
255 3 N3 N3 175 0.410 1
255 4 N5 N3 0 0.130 0
255 5 N5 N1 218 0.130 0
255 6 N5 N5 223 0.130 1
255 7 N1 N5 187 0.460 0
255 8 N1 N1 244 0.460 1
255 9 N4 N1 0 0.040 0
255 10 N4 N5 96 0.040 0
255 11 N4 N3 142 0.040 1
256 1 N3 N5 105 0.170 0
256 2 N3 N1 138 0.170 0
256 3 N3 N3 174 0.170 1
256 4 N5 N3 0 0.100 0
256 5 N5 N1 218 0.100 0
256 6 N5 N5 223 0.100 1
256 7 N1 N5 188 0.120 0
256 8 N1 N1 246 0.120 1
256 9 N4 N1 0 0.880 0
256 10 N4 N5 95 0.880 0
256 11 N4 N3 142 0.880 1
257 1 N3 N5 105 1.250 0
257 2 N3 N1 138 1.250 0
257 3 N3 N3 174 1.250 1
257 4 N5 N3 0 0.790 0
257 5 N5 N1 218 0.790 0
257 6 N5 N5 223 0.790 1
257 7 N1 N5 189 0.970 0
257 8 N1 N1 247 0.970 1
257 9 N4 N1 0 1.970 0
257 10 N4 N5 95 1.970 0
257 11 N4 N3 142 1.970 1
258 1 N3 N5 104 0.070 0
258 2 N3 N1 135 0.070 0
258 3 N3 N3 174 0.070 1
258 4 N5 N3 0 1.880 0
258 5 N5 N1 218 1.880 0
258 6 N5 N5 223 1.880 1
258 7 N1 N5 187 0.010 0
258 8 N1 N1 247 0.010 1
258 9 N4 N1 0 0.710 0
258 10 N4 N5 93 0.710 0
258 11 N4 N3 143 0.710 1
259 1 N3 N5 101 0.860 0
259 2 N3 N1 135 0.860 0
259 3 N3 N3 174 0.860 1
259 4 N5 N3 0 0.270 0
259 5 N5 N1 219 0.270 0
259 6 N5 N5 223 0.270 1
259 7 N1 N5 187 0.170 0
259 8 N1 N1 247 0.170 1
259 9 N4 N1 0 0.600 0
259 10 N4 N5 91 0.600 0
259 11 N4 N3 145 0.600 1
260 1 N3 N5 100 0.060 0
260 2 N3 N1 132 0.060 0
260 3 N3 N3 176 0.060 1
260 4 N5 N3 0 0.060 0
260 5 N5 N1 219 0.060 0
260 6 N5 N5 224 0.060 1
260 7 N1 N5 185 0.060 0
260 8 N1 N1 248 0.060 1
260 9 N4 N1 0 0.610 0
260 10 N4 N5 90 0.610 0
260 11 N4 N3 147 0.610 1
261 1 N3 N5 98 0.480 0
261 2 N3 N1 133 0.480 0
261 3 N3 N3 178 0.480 1
261 4 N5 N3 0 0.320 0
261 5 N5 N1 219 0.320 0
261 6 N5 N5 224 0.320 1
261 7 N1 N5 179 0.160 0
261 8 N1 N1 248 0.160 1
261 9 N4 N1 0 0.380 0
261 10 N4 N5 90 0.380 0
261 11 N4 N3 148 0.380 1
262 1 N3 N5 98 0.030 0
262 2 N3 N1 133 0.030 0
262 3 N3 N3 180 0.030 1
262 4 N5 N3 0 0.050 0
262 5 N5 N1 220 0.050 0
262 6 N5 N5 224 0.050 1
262 7 N1 N5 177 0.220 0
262 8 N1 N1 248 0.220 1
262 9 N4 N1 0 0.730 0
262 10 N4 N5 82 0.730 0
262 11 N4 N3 148 0.730 1
263 1 N3 N5 94 0.500 0
263 2 N3 N1 124 0.500 0
263 3 N3 N3 182 0.500 1
263 4 N5 N3 0 0.100 0
263 5 N5 N1 219 0.100 0
263 6 N5 N5 224 0.100 1
263 7 N1 N5 176 0.310 0
263 8 N1 N1 248 0.310 1
263 9 N4 N1 0 0.620 0
263 10 N4 N5 76 0.620 0
263 11 N4 N3 149 0.620 1
264 1 N3 N5 91 0.120 0
264 2 N3 N1 117 0.120 0
264 3 N3 N3 183 0.120 1
264 4 N5 N3 0 0.030 0
264 5 N5 N1 220 0.030 0
264 6 N5 N5 224 0.030 1
264 7 N1 N5 176 0.120 0
264 8 N1 N1 248 0.120 1
264 9 N4 N1 0 0.030 0
264 10 N4 N5 76 0.030 0
264 11 N4 N3 151 0.030 1
265 1 N3 N5 85 0.240 0
265 2 N3 N1 114 0.240 0
265 3 N3 N3 186 0.240 1
265 4 N5 N3 0 0.120 0
265 5 N5 N1 221 0.120 0
265 6 N5 N5 223 0.120 1
265 7 N1 N5 176 0.010 0
265 8 N1 N1 251 0.010 1
265 9 N4 N1 0 0.110 0
265 10 N4 N5 71 0.110 0
265 11 N4 N3 155 0.110 1
266 1 N3 N5 83 0.320 0
266 2 N3 N1 114 0.320 0
266 3 N3 N3 189 0.320 1
266 4 N5 N3 0 0.210 0
266 5 N5 N1 222 0.210 0
266 6 N5 N5 223 0.210 1
266 7 N1 N5 176 0.080 0
266 8 N1 N1 251 0.080 1
266 9 N4 N1 0 0.670 0
266 10 N4 N5 71 0.670 0
266 11 N4 N3 157 0.670 1
267 1 N3 N5 83 1.400 0
267 2 N3 N1 114 1.400 0
267 3 N3 N3 189 1.400 1
267 4 N5 N3 0 1.290 0
267 5 N5 N1 222 1.290 0
267 6 N5 N5 223 1.290 1
267 7 N1 N5 175 0.110 0
267 8 N1 N1 250 0.110 1
267 9 N4 N1 0 1.750 0
267 10 N4 N5 71 1.750 0
267 11 N4 N3 157 1.750 1
268 1 N3 N5 83 0.950 0
268 2 N3 N1 114 0.950 0
268 3 N3 N3 191 0.950 1
268 4 N5 N3 0 2.380 0
268 5 N5 N1 222 2.380 0
268 6 N5 N5 223 2.380 1
268 7 N1 N5 171 0.060 0
268 8 N1 N1 248 0.060 1
268 9 N4 N1 0 2.840 0
268 10 N4 N5 71 2.840 0
268 11 N4 N3 157 2.840 1
269 1 N3 N5 83 0.480 0
269 2 N3 N1 112 0.480 0
269 3 N3 N3 196 0.480 1
269 4 N5 N3 0 0.360 0
269 5 N5 N1 220 0.360 0
269 6 N5 N5 223 0.360 1
269 7 N1 N5 169 0.100 0
269 8 N1 N1 248 0.100 1
269 9 N4 N1 0 0.310 0
269 10 N4 N5 71 0.310 0
269 11 N4 N3 161 0.310 1
270 1 N3 N5 80 0.030 0
270 2 N3 N1 112 0.030 0
270 3 N3 N3 198 0.030 1
270 4 N5 N3 0 0.050 0
270 5 N5 N1 218 0.050 0
270 6 N5 N5 223 0.050 1
270 7 N1 N5 166 0.170 0
270 8 N1 N1 247 0.170 1
270 9 N4 N1 0 0.900 0
270 10 N4 N5 64 0.900 0
270 11 N4 N3 163 0.900 1
271 1 N3 N5 80 0.150 0
271 2 N3 N1 111 0.150 0
271 3 N3 N3 200 0.150 1
271 4 N5 N3 0 0.010 0
271 5 N5 N1 216 0.010 0
271 6 N5 N5 224 0.010 1
271 7 N1 N5 164 0.260 0
271 8 N1 N1 246 0.260 1
271 9 N4 N1 0 1.010 0
271 10 N4 N5 64 1.010 0
271 11 N4 N3 164 1.010 1
272 1 N3 N5 0 0.220 0
272 2 N3 N1 110 0.220 0
272 3 N3 N3 202 0.220 1
272 4 N5 N3 0 0.150 0
272 5 N5 N1 215 0.150 0
272 6 N5 N5 225 0.150 1
272 7 N1 N5 166 0.350 0
272 8 N1 N1 246 0.350 1
272 9 N4 N1 0 0.110 0
272 10 N4 N5 64 0.110 0
272 11 N4 N3 167 0.110 1
273 1 N3 N5 0 0.250 0
273 2 N3 N1 110 0.250 0
273 3 N3 N3 203 0.250 1
273 4 N5 N3 0 0.210 0
273 5 N5 N1 218 0.210 0
273 6 N5 N5 226 0.210 1
273 7 N1 N5 167 0.370 0
273 8 N1 N1 246 0.370 1
273 9 N4 N1 0 0.650 0
273 10 N4 N5 65 0.650 0
273 11 N4 N3 168 0.650 1
274 1 N3 N5 0 0.300 0
274 2 N3 N1 0 0.300 0
274 3 N3 N3 203 0.300 1
274 4 N5 N3 0 0.250 0
274 5 N5 N1 221 0.250 0
274 6 N5 N5 227 0.250 1
274 7 N1 N5 169 0.040 0
274 8 N1 N1 247 0.040 1
274 9 N4 N1 0 0.210 0
274 10 N4 N5 0 0.210 0
274 11 N4 N3 169 0.210 1
275 1 N3 N5 0 0.340 0
275 2 N3 N1 0 0.340 0
275 3 N3 N3 203 0.340 1
275 4 N5 N3 0 0.270 0
275 5 N5 N1 222 0.270 0
275 6 N5 N5 228 0.270 1
275 7 N1 N5 172 0.090 0
275 8 N1 N1 249 0.090 1
275 9 N4 N1 0 0.250 0
275 10 N4 N5 0 0.250 0
275 11 N4 N3 170 0.250 1
276 1 N3 N5 0 0.380 0
276 2 N3 N1 0 0.380 0
276 3 N3 N3 202 0.380 1
276 4 N5 N3 0 0.470 0
276 5 N5 N1 223 0.470 0
276 6 N5 N5 229 0.470 1
276 7 N1 N5 176 0.030 0
276 8 N1 N1 251 0.030 1
276 9 N4 N1 0 0.320 0
276 10 N4 N5 0 0.320 0
276 11 N4 N3 170 0.320 1
277 1 N3 N5 0 0.980 0
277 2 N3 N1 0 0.980 0
277 3 N3 N3 201 0.980 1
277 4 N5 N3 0 0.490 0
277 5 N5 N1 224 0.490 0
277 6 N5 N5 229 0.490 1
277 7 N1 N5 176 1.120 0
277 8 N1 N1 251 1.120 1
277 9 N4 N1 0 1.410 0
277 10 N4 N5 0 1.410 0
277 11 N4 N3 170 1.410 1
278 1 N3 N5 0 0.030 0
278 2 N3 N1 0 0.030 0
278 3 N3 N3 195 0.030 1
278 4 N5 N3 0 0.900 0
278 5 N5 N1 225 0.900 0
278 6 N5 N5 229 0.900 1
278 7 N1 N5 174 0.270 0
278 8 N1 N1 253 0.270 1
278 9 N4 N1 0 2.500 0
278 10 N4 N5 0 2.500 0
278 11 N4 N3 170 2.500 1
279 1 N3 N5 0 0.610 0
279 2 N3 N1 0 0.610 0
279 3 N3 N3 194 0.610 1
279 4 N5 N3 0 0.120 0
279 5 N5 N1 225 0.120 0
279 6 N5 N5 229 0.120 1
279 7 N1 N5 171 0.220 0
279 8 N1 N1 254 0.220 1
279 9 N4 N1 0 0.500 0
279 10 N4 N5 0 0.500 0
279 11 N4 N3 168 0.500 1
280 1 N3 N5 0 0.160 0
280 2 N3 N1 0 0.160 0
280 3 N3 N3 191 0.160 1
280 4 N5 N3 0 0.170 0
280 5 N5 N1 225 0.170 0
280 6 N5 N5 229 0.170 1
280 7 N1 N5 171 0.900 0
280 8 N1 N1 254 0.900 1
280 9 N4 N1 0 1.590 0
280 10 N4 N5 0 1.590 0
280 11 N4 N3 168 1.590 1
281 1 N3 N5 0 0.260 0
281 2 N3 N1 0 0.260 0
281 3 N3 N3 188 0.260 1
281 4 N5 N3 0 0.120 0
281 5 N5 N1 224 0.120 0
281 6 N5 N5 228 0.120 1
281 7 N1 N5 168 0.380 0
281 8 N1 N1 254 0.380 1
281 9 N4 N1 0 0.160 0
281 10 N4 N5 0 0.160 0
281 11 N4 N3 164 0.160 1
282 1 N3 N5 0 0.850 0
282 2 N3 N1 0 0.850 0
282 3 N3 N3 187 0.850 1
282 4 N5 N3 0 0.200 0
282 5 N5 N1 223 0.200 0
282 6 N5 N5 227 0.200 1
282 7 N1 N5 162 0.080 0
282 8 N1 N1 254 0.080 1
282 9 N4 N1 0 0.220 0
282 10 N4 N5 0 0.220 0
282 11 N4 N3 161 0.220 1
283 1 N3 N5 0 0.420 0
283 2 N3 N1 0 0.420 0
283 3 N3 N3 184 0.420 1
283 4 N5 N3 0 0.250 0
283 5 N5 N1 223 0.250 0
283 6 N5 N5 227 0.250 1
283 7 N1 N5 162 0.030 0
283 8 N1 N1 254 0.030 1
283 9 N4 N1 0 0.780 0
283 10 N4 N5 0 0.780 0
283 11 N4 N3 158 0.780 1
284 1 N3 N5 0 0.520 0
284 2 N3 N1 0 0.520 0
284 3 N3 N3 182 0.520 1
284 4 N5 N3 0 0.320 0
284 5 N5 N1 223 0.320 0
284 6 N5 N5 225 0.320 1
284 7 N1 N5 161 0.100 0
284 8 N1 N1 254 0.100 1
284 9 N4 N1 0 0.350 0
284 10 N4 N5 0 0.350 0
284 11 N4 N3 152 0.350 1
285 1 N3 N5 0 0.100 0
285 2 N3 N1 0 0.100 0
285 3 N3 N3 179 0.100 1
285 4 N5 N3 0 0.360 0
285 5 N5 N1 221 0.360 0
285 6 N5 N5 223 0.360 1
285 7 N1 N5 161 0.140 0
285 8 N1 N1 253 0.140 1
285 9 N4 N1 0 0.430 0
285 10 N4 N5 0 0.430 0
285 11 N4 N3 149 0.430 1
286 1 N3 N5 0 0.150 0
286 2 N3 N1 0 0.150 0
286 3 N3 N3 178 0.150 1
286 4 N5 N3 0 0.380 0
286 5 N5 N1 219 0.380 0
286 6 N5 N5 223 0.380 1
286 7 N1 N5 161 0.190 0
286 8 N1 N1 251 0.190 1
286 9 N4 N1 0 1.010 0
286 10 N4 N5 0 1.010 0
286 11 N4 N3 145 1.010 1
287 1 N3 N5 0 0.210 0
287 2 N3 N1 0 0.210 0
287 3 N3 N3 177 0.210 1
287 4 N5 N3 0 0.050 0
287 5 N5 N1 217 0.050 0
287 6 N5 N5 223 0.050 1
287 7 N1 N5 163 0.260 0
287 8 N1 N1 250 0.260 1
287 9 N4 N1 0 0.030 0
287 10 N4 N5 0 0.030 0
287 11 N4 N3 137 0.030 1
288 1 N3 N5 0 0.250 0
288 2 N3 N1 0 0.250 0
288 3 N3 N3 175 0.250 1
288 4 N5 N3 0 0.490 0
288 5 N5 N1 215 0.490 0
288 6 N5 N5 223 0.490 1
288 7 N1 N5 165 0.300 0
288 8 N1 N1 249 0.300 1
288 9 N4 N1 0 1.120 0
288 10 N4 N5 0 1.120 0
288 11 N4 N3 137 1.120 1
289 1 N3 N5 0 0.300 0
289 2 N3 N1 0 0.300 0
289 3 N3 N3 174 0.300 1
289 4 N5 N3 0 0.040 0
289 5 N5 N1 215 0.040 0
289 6 N5 N5 223 0.040 1
289 7 N1 N5 169 0.340 0
289 8 N1 N1 248 0.340 1
289 9 N4 N1 0 2.200 0
289 10 N4 N5 0 2.200 0
289 11 N4 N3 137 2.200 1
290 1 N3 N5 0 0.890 0
290 2 N3 N1 0 0.890 0
290 3 N3 N3 173 0.890 1
290 4 N5 N3 0 0.230 0
290 5 N5 N1 215 0.230 0
290 6 N5 N5 224 0.230 1
290 7 N1 N5 172 0.400 0
290 8 N1 N1 247 0.400 1
290 9 N4 N1 0 0.140 0
290 10 N4 N5 0 0.140 0
290 11 N4 N3 133 0.140 1
291 1 N3 N5 0 0.450 0
291 2 N3 N1 0 0.450 0
291 3 N3 N3 173 0.450 1
291 4 N5 N3 0 0.150 0
291 5 N5 N1 215 0.150 0
291 6 N5 N5 224 0.150 1
291 7 N1 N5 175 0.010 0
291 8 N1 N1 246 0.010 1
291 9 N4 N1 0 0.210 0
291 10 N4 N5 0 0.210 0
291 11 N4 N3 130 0.210 1
292 1 N3 N5 0 0.510 0
292 2 N3 N1 0 0.510 0
292 3 N3 N3 172 0.510 1
292 4 N5 N3 0 0.190 0
292 5 N5 N1 215 0.190 0
292 6 N5 N5 225 0.190 1
292 7 N1 N5 176 0.050 0
292 8 N1 N1 245 0.050 1
292 9 N4 N1 0 0.240 0
292 10 N4 N5 0 0.240 0
292 11 N4 N3 127 0.240 1
293 1 N3 N5 0 0.540 0
293 2 N3 N1 0 0.540 0
293 3 N3 N3 171 0.540 1
293 4 N5 N3 0 0.280 0
293 5 N5 N1 215 0.280 0
293 6 N5 N5 226 0.280 1
293 7 N1 N5 178 0.120 0
293 8 N1 N1 246 0.120 1
293 9 N4 N1 0 0.830 0
293 10 N4 N5 0 0.830 0
293 11 N4 N3 126 0.830 1
294 1 N3 N5 0 0.030 0
294 2 N3 N1 0 0.030 0
294 3 N3 N3 171 0.030 1
294 4 N5 N3 0 0.360 0
294 5 N5 N1 215 0.360 0
294 6 N5 N5 227 0.360 1
294 7 N1 N5 178 0.070 0
294 8 N1 N1 246 0.070 1
294 9 N4 N1 0 0.370 0
294 10 N4 N5 0 0.370 0
294 11 N4 N3 125 0.370 1
295 1 N3 N5 0 0.080 0
295 2 N3 N1 0 0.080 0
295 3 N3 N3 172 0.080 1
295 4 N5 N3 0 0.030 0
295 5 N5 N1 215 0.030 0
295 6 N5 N5 229 0.030 1
295 7 N1 N5 179 0.150 0
295 8 N1 N1 247 0.150 1
295 9 N4 N1 0 0.440 0
295 10 N4 N5 0 0.440 0
295 11 N4 N3 125 0.440 1
296 1 N3 N5 0 0.140 0
296 2 N3 N1 0 0.140 0
296 3 N3 N3 172 0.140 1
296 4 N5 N3 0 0.100 0
296 5 N5 N1 217 0.100 0
296 6 N5 N5 230 0.100 1
296 7 N1 N5 180 0.210 0
296 8 N1 N1 248 0.210 1
296 9 N4 N1 0 1.000 0
296 10 N4 N5 0 1.000 0
296 11 N4 N3 125 1.000 1
297 1 N3 N5 0 0.250 0
297 2 N3 N1 0 0.250 0
297 3 N3 N3 171 0.250 1
297 4 N5 N3 0 0.060 0
297 5 N5 N1 218 0.060 0
297 6 N5 N5 231 0.060 1
297 7 N1 N5 181 0.430 0
297 8 N1 N1 250 0.430 1
297 9 N4 N1 0 0.040 0
297 10 N4 N5 0 0.040 0
297 11 N4 N3 124 0.040 1
298 1 N3 N5 0 0.310 0
298 2 N3 N1 0 0.310 0
298 3 N3 N3 170 0.310 1
298 4 N5 N3 0 0.140 0
298 5 N5 N1 220 0.140 0
298 6 N5 N5 231 0.140 1
298 7 N1 N5 184 0.350 0
298 8 N1 N1 250 0.350 1
298 9 N4 N1 0 1.130 0
298 10 N4 N5 0 1.130 0
298 11 N4 N3 124 1.130 1
299 1 N3 N5 0 0.860 0
299 2 N3 N1 0 0.860 0
299 3 N3 N3 170 0.860 1
299 4 N5 N3 0 0.200 0
299 5 N5 N1 222 0.200 0
299 6 N5 N5 231 0.200 1
299 7 N1 N5 188 0.000 0
299 8 N1 N1 251 0.000 1
299 9 N4 N1 0 0.170 0
299 10 N4 N5 0 0.170 0
299 11 N4 N3 124 0.170 1
300 1 N3 N5 0 0.390 0
300 2 N3 N1 0 0.390 0
300 3 N3 N3 171 0.390 1
300 4 N5 N3 0 0.210 0
300 5 N5 N1 221 0.210 0
300 6 N5 N5 233 0.210 1
300 7 N1 N5 192 0.040 0
300 8 N1 N1 251 0.040 1
300 9 N4 N1 0 0.750 0
300 10 N4 N5 0 0.750 0
300 11 N4 N3 124 0.750 1
