PING N5 (00:00:0c:18:11:05) 116(144) bytes of data
116 bytes from N5 icmp_seq=1 ttl=48 time=15.29 ms
RR: 	N4
	N3
	N2
	N1
	N5
	N5
	N1
	N3
	N4

116 bytes from N5 icmp_seq=2 ttl=48 time=10.53 ms	(same route)
116 bytes from N5 icmp_seq=3 ttl=48 time=65.16 ms	(same route)
116 bytes from N5 icmp_seq=4 ttl=48 time=86.62 ms	(same route)
116 bytes from N5 icmp_seq=5 ttl=48 time=13.33 ms	(same route)
116 bytes from N5 icmp_seq=6 ttl=48 time=14.14 ms	(same route)
116 bytes from N5 icmp_seq=7 ttl=48 time=8.30 ms	(same route)
116 bytes from N5 icmp_seq=8 ttl=48 time=21.90 ms	(same route)
116 bytes from N5 icmp_seq=9 ttl=48 time=27.04 ms	(same route)
116 bytes from N5 icmp_seq=10 ttl=48 time=250.63 ms	(same route)
116 bytes from N5 icmp_seq=11 ttl=48 time=10.84 ms	(same route)
116 bytes from N5 icmp_seq=12 ttl=48 time=17.08 ms	(same route)
116 bytes from N5 icmp_seq=13 ttl=48 time=14.70 ms	(same route)
116 bytes from N5 icmp_seq=14 ttl=48 time=24.92 ms	(same route)
116 bytes from N5 icmp_seq=15 ttl=48 time=6.59 ms	(same route)
116 bytes from N5 icmp_seq=16 ttl=48 time=13.27 ms	(same route)
116 bytes from N5 icmp_seq=17 ttl=48 time=17.55 ms	(same route)
116 bytes from N5 icmp_seq=18 ttl=48 time=12.07 ms	(same route)
116 bytes from N5 icmp_seq=19 ttl=48 time=8.86 ms	(same route)
116 bytes from N5 icmp_seq=20 ttl=48 time=6.75 ms	(same route)
116 bytes from N5 icmp_seq=21 ttl=48 time=18.14 ms	(same route)
116 bytes from N5 icmp_seq=22 ttl=48 time=142.04 ms	(same route)
116 bytes from N5 icmp_seq=23 ttl=48 time=14.21 ms	(same route)
116 bytes from N5 icmp_seq=24 ttl=48 time=9.07 ms	(same route)
116 bytes from N5 icmp_seq=25 ttl=48 time=5.74 ms
RR: 	N4
	N3
	N2
	N5
	N5
	N1
	N3
	N4

116 bytes from N5 icmp_seq=26 ttl=48 time=20.12 ms	(same route)
116 bytes from N5 icmp_seq=27 ttl=48 time=60.88 ms	(same route)
116 bytes from N5 icmp_seq=28 ttl=48 time=24.70 ms	(same route)
116 bytes from N5 icmp_seq=29 ttl=48 time=41.19 ms	(same route)
116 bytes from N5 icmp_seq=30 ttl=48 time=64.28 ms	(same route)
116 bytes from N5 icmp_seq=31 ttl=48 time=86.99 ms	(same route)
116 bytes from N5 icmp_seq=32 ttl=48 time=23.70 ms	(same route)
116 bytes from N5 icmp_seq=33 ttl=48 time=21.28 ms	(same route)
116 bytes from N5 icmp_seq=34 ttl=48 time=10.17 ms	(same route)
116 bytes from N5 icmp_seq=35 ttl=48 time=94.29 ms	(same route)
116 bytes from N5 icmp_seq=36 ttl=48 time=47.77 ms	(same route)
116 bytes from N5 icmp_seq=37 ttl=48 time=255.05 ms	(same route)
116 bytes from N5 icmp_seq=38 ttl=48 time=34.20 ms	(same route)
116 bytes from N5 icmp_seq=39 ttl=48 time=12.93 ms	(same route)
116 bytes from N5 icmp_seq=40 ttl=48 time=6.98 ms	(same route)
116 bytes from N5 icmp_seq=41 ttl=48 time=13.81 ms	(same route)
116 bytes from N5 icmp_seq=42 ttl=48 time=19.08 ms	(same route)
116 bytes from N5 icmp_seq=43 ttl=48 time=28.15 ms	(same route)
116 bytes from N5 icmp_seq=44 ttl=48 time=12.77 ms	(same route)
116 bytes from N5 icmp_seq=45 ttl=48 time=15.53 ms	(same route)
116 bytes from N5 icmp_seq=46 ttl=48 time=12.91 ms	(same route)
116 bytes from N5 icmp_seq=47 ttl=48 time=8.44 ms	(same route)
116 bytes from N5 icmp_seq=48 ttl=48 time=196.92 ms	(same route)
116 bytes from N5 icmp_seq=49 ttl=48 time=10.09 ms	(same route)
116 bytes from N5 icmp_seq=50 ttl=48 time=5.95 ms	(same route)
116 bytes from N5 icmp_seq=51 ttl=48 time=112.78 ms	(same route)
116 bytes from N5 icmp_seq=52 ttl=48 time=695.78 ms	(same route)
116 bytes from N5 icmp_seq=53 ttl=48 time=89.79 ms	(same route)
116 bytes from N5 icmp_seq=54 ttl=48 time=42.30 ms	(same route)
116 bytes from N5 icmp_seq=55 ttl=49 time=345.98 ms
RR: 	N4
	N3
	N2
	N5
	N5
	N3
	N4

116 bytes from N5 icmp_seq=56 ttl=49 time=8.16 ms	(same route)
116 bytes from N5 icmp_seq=57 ttl=49 time=7.84 ms	(same route)
116 bytes from N5 icmp_seq=58 ttl=49 time=95.60 ms	(same route)
116 bytes from N5 icmp_seq=59 ttl=49 time=11.24 ms	(same route)
116 bytes from N5 icmp_seq=60 ttl=49 time=11.21 ms	(same route)
116 bytes from N5 icmp_seq=61 ttl=49 time=10.34 ms	(same route)
116 bytes from N5 icmp_seq=62 ttl=49 time=17.82 ms	(same route)
116 bytes from N5 icmp_seq=63 ttl=49 time=12.10 ms	(same route)
116 bytes from N5 icmp_seq=64 ttl=49 time=4.18 ms
RR: 	N4
	N3
	N5
	N5
	N3
	N4

116 bytes from N5 icmp_seq=65 ttl=49 time=27.92 ms	(same route)
116 bytes from N5 icmp_seq=66 ttl=49 time=38.17 ms	(same route)
116 bytes from N5 icmp_seq=67 ttl=49 time=2.92 ms	(same route)
116 bytes from N5 icmp_seq=68 ttl=49 time=8.98 ms	(same route)
116 bytes from N5 icmp_seq=69 ttl=49 time=14.97 ms	(same route)
116 bytes from N5 icmp_seq=70 ttl=49 time=10.94 ms	(same route)
116 bytes from N5 icmp_seq=71 ttl=49 time=12.74 ms	(same route)
116 bytes from N5 icmp_seq=72 ttl=49 time=16.43 ms	(same route)
116 bytes from N5 icmp_seq=73 ttl=49 time=63.26 ms	(same route)
116 bytes from N5 icmp_seq=74 ttl=49 time=14.36 ms	(same route)
116 bytes from N5 icmp_seq=75 ttl=49 time=661.32 ms	(same route)
116 bytes from N5 icmp_seq=76 ttl=49 time=15.87 ms	(same route)
116 bytes from N5 icmp_seq=77 ttl=49 time=19.54 ms	(same route)
116 bytes from N5 icmp_seq=78 ttl=49 time=6.40 ms	(same route)
116 bytes from N5 icmp_seq=79 ttl=49 time=11.91 ms	(same route)
116 bytes from N5 icmp_seq=80 ttl=49 time=66.57 ms	(same route)
116 bytes from N5 icmp_seq=81 ttl=49 time=3.72 ms	(same route)
116 bytes from N5 icmp_seq=82 ttl=49 time=13.31 ms	(same route)
116 bytes from N5 icmp_seq=83 ttl=49 time=201.65 ms	(same route)
116 bytes from N5 icmp_seq=84 ttl=49 time=3.38 ms	(same route)
116 bytes from N5 icmp_seq=85 ttl=49 time=14.74 ms	(same route)
116 bytes from N5 icmp_seq=86 ttl=49 time=246.78 ms	(same route)
116 bytes from N5 icmp_seq=87 ttl=49 time=441.76 ms	(same route)
116 bytes from N5 icmp_seq=88 ttl=49 time=610.74 ms	(same route)
116 bytes from N5 icmp_seq=89 ttl=49 time=3.87 ms	(same route)
116 bytes from N5 icmp_seq=90 ttl=49 time=9.74 ms	(same route)
116 bytes from N5 icmp_seq=91 ttl=49 time=36.69 ms	(same route)
116 bytes from N5 icmp_seq=92 ttl=49 time=153.87 ms	(same route)
116 bytes from N5 icmp_seq=93 ttl=49 time=13.03 ms	(same route)
116 bytes from N5 icmp_seq=94 ttl=49 time=338.99 ms	(same route)
116 bytes from N5 icmp_seq=95 ttl=49 time=18.38 ms	(same route)
116 bytes from N5 icmp_seq=96 ttl=49 time=77.11 ms	(same route)
116 bytes from N5 icmp_seq=97 ttl=49 time=9.86 ms	(same route)
116 bytes from N5 icmp_seq=98 ttl=49 time=17.87 ms	(same route)
Reply from host N5 timed out
Reply from host N5 timed out
Reply from host N5 timed out
Reply from host N5 timed out
Reply from host N5 timed out
Reply from host N5 timed out
116 bytes from N5 icmp_seq=105 ttl=50 time=0.02 ms
RR: 	N4
	N3
	N5
	N5
	N4

Reply from host N5 timed out
Reply from host N5 timed out
116 bytes from N5 icmp_seq=108 ttl=50 time=0.02 ms	(same route)
Reply from host N5 timed out
Reply from host N5 timed out
Reply from host N5 timed out
116 bytes from N5 icmp_seq=112 ttl=50 time=0.02 ms
RR: 	N4
	N5
	N5
	N4

Reply from host N5 timed out
116 bytes from N5 icmp_seq=114 ttl=50 time=6.71 ms	(same route)
Reply from host N5 timed out
116 bytes from N5 icmp_seq=116 ttl=50 time=0.03 ms	(same route)
Reply from host N5 timed out
Reply from host N5 timed out
Reply from host N5 timed out
116 bytes from N5 icmp_seq=120 ttl=50 time=47.68 ms	(same route)
Reply from host N5 timed out
Reply from host N5 timed out
Reply from host N5 timed out
116 bytes from N5 icmp_seq=124 ttl=50 time=116.48 ms	(same route)
Reply from host N5 timed out
Reply from host N5 timed out
Reply from host N5 timed out
Reply from host N5 timed out
Reply from host N5 timed out
Reply from host N5 timed out
Reply from host N5 timed out
Reply from host N5 timed out
Reply from host N5 timed out
Reply from host N5 timed out
Reply from host N5 timed out
Reply from host N5 timed out
Reply from host N5 timed out
Reply from host N5 timed out
Reply from host N5 timed out
Reply from host N5 timed out
Reply from host N5 timed out
Reply from host N5 timed out
Reply from host N5 timed out
Reply from host N5 timed out
116 bytes from N5 icmp_seq=145 ttl=50 time=0.01 ms	(same route)
Reply from host N5 timed out
Reply from host N5 timed out
116 bytes from N5 icmp_seq=148 ttl=50 time=0.02 ms	(same route)
116 bytes from N5 icmp_seq=149 ttl=50 time=185.02 ms	(same route)
116 bytes from N5 icmp_seq=150 ttl=50 time=188.78 ms	(same route)
116 bytes from N5 icmp_seq=151 ttl=50 time=459.59 ms	(same route)
116 bytes from N5 icmp_seq=152 ttl=50 time=336.42 ms	(same route)
116 bytes from N5 icmp_seq=153 ttl=50 time=408.26 ms	(same route)
116 bytes from N5 icmp_seq=154 ttl=50 time=194.92 ms	(same route)
116 bytes from N5 icmp_seq=155 ttl=50 time=565.09 ms	(same route)
116 bytes from N5 icmp_seq=156 ttl=50 time=1.13 ms	(same route)
116 bytes from N5 icmp_seq=157 ttl=50 time=4.66 ms	(same route)
116 bytes from N5 icmp_seq=158 ttl=50 time=3.68 ms	(same route)
116 bytes from N5 icmp_seq=159 ttl=50 time=4.35 ms	(same route)
116 bytes from N5 icmp_seq=160 ttl=50 time=1.96 ms	(same route)
116 bytes from N5 icmp_seq=161 ttl=50 time=1.82 ms	(same route)
116 bytes from N5 icmp_seq=162 ttl=50 time=4.22 ms	(same route)
116 bytes from N5 icmp_seq=163 ttl=50 time=4.58 ms	(same route)
116 bytes from N5 icmp_seq=164 ttl=50 time=1.12 ms	(same route)
116 bytes from N5 icmp_seq=165 ttl=50 time=1.24 ms	(same route)
116 bytes from N5 icmp_seq=166 ttl=50 time=1.08 ms	(same route)
116 bytes from N5 icmp_seq=167 ttl=50 time=1.10 ms	(same route)
116 bytes from N5 icmp_seq=168 ttl=50 time=59.28 ms	(same route)
116 bytes from N5 icmp_seq=169 ttl=50 time=45.75 ms	(same route)
116 bytes from N5 icmp_seq=170 ttl=50 time=8.11 ms	(same route)
116 bytes from N5 icmp_seq=171 ttl=50 time=1.52 ms	(same route)
116 bytes from N5 icmp_seq=172 ttl=50 time=1.11 ms	(same route)
116 bytes from N5 icmp_seq=173 ttl=50 time=59.21 ms	(same route)
116 bytes from N5 icmp_seq=174 ttl=50 time=752.23 ms	(same route)
116 bytes from N5 icmp_seq=175 ttl=50 time=457.30 ms	(same route)
116 bytes from N5 icmp_seq=176 ttl=50 time=5.43 ms	(same route)
116 bytes from N5 icmp_seq=177 ttl=50 time=1.19 ms	(same route)
116 bytes from N5 icmp_seq=178 ttl=50 time=328.97 ms	(same route)
116 bytes from N5 icmp_seq=179 ttl=50 time=50.63 ms	(same route)
Reply from host N5 timed out
Reply from host N5 timed out
Reply from host N5 timed out
Reply from host N5 timed out
Reply from host N5 timed out
Reply from host N5 timed out
Reply from host N5 timed out
Reply from host N5 timed out
Reply from host N5 timed out
Reply from host N5 timed out
Reply from host N5 timed out
Reply from host N5 timed out
Reply from host N5 timed out
Reply from host N5 timed out
Reply from host N5 timed out
Reply from host N5 timed out
Reply from host N5 timed out
Reply from host N5 timed out
Reply from host N5 timed out
Reply from host N5 timed out
Reply from host N5 timed out
Reply from host N5 timed out
Reply from host N5 timed out
Reply from host N5 timed out
Reply from host N5 timed out
Reply from host N5 timed out
Reply from host N5 timed out
116 bytes from N5 icmp_seq=207 ttl=49 time=617.02 ms
RR: 	N4
	N3
	N5
	N5
	N3
	N4

Reply from host N5 timed out
116 bytes from N5 icmp_seq=209 ttl=49 time=191.77 ms	(same route)
Reply from host N5 timed out
Reply from host N5 timed out
116 bytes from N5 icmp_seq=212 ttl=49 time=105.11 ms	(same route)
116 bytes from N5 icmp_seq=213 ttl=49 time=661.49 ms	(same route)
Reply from host N5 timed out
116 bytes from N5 icmp_seq=215 ttl=49 time=2.94 ms	(same route)
Reply from host N5 timed out
Reply from host N5 timed out
Reply from host N5 timed out
Reply from host N5 timed out
Reply from host N5 timed out
Reply from host N5 timed out
116 bytes from N5 icmp_seq=222 ttl=49 time=38.78 ms	(same route)
Reply from host N5 timed out
Reply from host N5 timed out
116 bytes from N5 icmp_seq=225 ttl=49 time=7.36 ms	(same route)
116 bytes from N5 icmp_seq=226 ttl=49 time=706.68 ms	(same route)
116 bytes from N5 icmp_seq=227 ttl=49 time=3.99 ms	(same route)
116 bytes from N5 icmp_seq=228 ttl=49 time=7.50 ms	(same route)
116 bytes from N5 icmp_seq=229 ttl=49 time=388.12 ms	(same route)
116 bytes from N5 icmp_seq=230 ttl=49 time=633.30 ms	(same route)
116 bytes from N5 icmp_seq=231 ttl=49 time=89.60 ms	(same route)
Reply from host N5 timed out
Reply from host N5 timed out
116 bytes from N5 icmp_seq=234 ttl=49 time=106.51 ms	(same route)
116 bytes from N5 icmp_seq=235 ttl=49 time=676.98 ms	(same route)
116 bytes from N5 icmp_seq=236 ttl=49 time=113.25 ms	(same route)
116 bytes from N5 icmp_seq=237 ttl=49 time=28.66 ms	(same route)
116 bytes from N5 icmp_seq=238 ttl=49 time=119.44 ms	(same route)
Reply from host N5 timed out
116 bytes from N5 icmp_seq=240 ttl=49 time=1.48 ms	(same route)
116 bytes from N5 icmp_seq=241 ttl=49 time=91.76 ms
RR: 	N4
	N3
	N2
	N5
	N5
	N3
	N4

116 bytes from N5 icmp_seq=242 ttl=49 time=215.69 ms	(same route)
116 bytes from N5 icmp_seq=243 ttl=49 time=30.28 ms	(same route)
Reply from host N5 timed out
116 bytes from N5 icmp_seq=245 ttl=49 time=488.71 ms	(same route)
116 bytes from N5 icmp_seq=246 ttl=49 time=204.08 ms	(same route)
116 bytes from N5 icmp_seq=247 ttl=49 time=134.11 ms	(same route)
116 bytes from N5 icmp_seq=248 ttl=49 time=16.99 ms	(same route)
116 bytes from N5 icmp_seq=249 ttl=49 time=47.95 ms	(same route)
116 bytes from N5 icmp_seq=250 ttl=49 time=68.97 ms	(same route)
116 bytes from N5 icmp_seq=251 ttl=49 time=9.75 ms	(same route)
116 bytes from N5 icmp_seq=252 ttl=49 time=11.59 ms	(same route)
116 bytes from N5 icmp_seq=253 ttl=49 time=542.96 ms	(same route)
116 bytes from N5 icmp_seq=254 ttl=49 time=43.83 ms	(same route)
116 bytes from N5 icmp_seq=255 ttl=49 time=164.23 ms	(same route)
Reply from host N5 timed out
Reply from host N5 timed out
116 bytes from N5 icmp_seq=258 ttl=49 time=344.40 ms	(same route)
Reply from host N5 timed out
116 bytes from N5 icmp_seq=260 ttl=49 time=4.90 ms	(same route)
116 bytes from N5 icmp_seq=261 ttl=49 time=173.78 ms	(same route)
116 bytes from N5 icmp_seq=262 ttl=49 time=92.29 ms	(same route)
116 bytes from N5 icmp_seq=263 ttl=49 time=279.56 ms	(same route)
116 bytes from N5 icmp_seq=264 ttl=49 time=931.51 ms	(same route)
Reply from host N5 timed out
Reply from host N5 timed out
116 bytes from N5 icmp_seq=267 ttl=48 time=3.76 ms
RR: 	N4
	N3
	N2
	N5
	N5
	N1
	N3
	N4

116 bytes from N5 icmp_seq=268 ttl=48 time=32.74 ms	(same route)
116 bytes from N5 icmp_seq=269 ttl=48 time=11.97 ms	(same route)
116 bytes from N5 icmp_seq=270 ttl=48 time=9.48 ms	(same route)
116 bytes from N5 icmp_seq=271 ttl=48 time=8.85 ms	(same route)
116 bytes from N5 icmp_seq=272 ttl=48 time=53.95 ms	(same route)
116 bytes from N5 icmp_seq=273 ttl=48 time=168.63 ms	(same route)
116 bytes from N5 icmp_seq=274 ttl=48 time=3.73 ms	(same route)
116 bytes from N5 icmp_seq=275 ttl=48 time=38.51 ms	(same route)
116 bytes from N5 icmp_seq=276 ttl=48 time=22.27 ms	(same route)
116 bytes from N5 icmp_seq=277 ttl=48 time=23.63 ms	(same route)
116 bytes from N5 icmp_seq=278 ttl=48 time=7.14 ms	(same route)
116 bytes from N5 icmp_seq=279 ttl=48 time=153.63 ms	(same route)
Reply from host N5 timed out
116 bytes from N5 icmp_seq=281 ttl=48 time=254.82 ms	(same route)
Reply from host N5 timed out
116 bytes from N5 icmp_seq=283 ttl=48 time=210.80 ms	(same route)
116 bytes from N5 icmp_seq=284 ttl=48 time=9.51 ms	(same route)
116 bytes from N5 icmp_seq=285 ttl=48 time=3.42 ms	(same route)
116 bytes from N5 icmp_seq=286 ttl=48 time=214.22 ms	(same route)
116 bytes from N5 icmp_seq=287 ttl=48 time=710.57 ms	(same route)
116 bytes from N5 icmp_seq=288 ttl=48 time=22.08 ms
RR: 	N4
	N3
	N2
	N5
	N5
	N2
	N3
	N4

116 bytes from N5 icmp_seq=289 ttl=48 time=8.75 ms	(same route)
116 bytes from N5 icmp_seq=290 ttl=48 time=21.64 ms	(same route)
116 bytes from N5 icmp_seq=291 ttl=48 time=7.02 ms	(same route)
116 bytes from N5 icmp_seq=292 ttl=48 time=164.03 ms	(same route)
116 bytes from N5 icmp_seq=293 ttl=48 time=3.46 ms	(same route)
116 bytes from N5 icmp_seq=294 ttl=48 time=18.33 ms	(same route)
116 bytes from N5 icmp_seq=295 ttl=48 time=14.76 ms	(same route)
116 bytes from N5 icmp_seq=296 ttl=48 time=9.09 ms	(same route)
116 bytes from N5 icmp_seq=297 ttl=48 time=24.65 ms	(same route)
116 bytes from N5 icmp_seq=298 ttl=48 time=3.44 ms	(same route)
116 bytes from N5 icmp_seq=299 ttl=48 time=62.30 ms	(same route)
116 bytes from N5 icmp_seq=300 ttl=48 time=88.07 ms	(same route)
--- N5 ping statistics ---
340 packets transmitted, 209 received, 38% packet loss
rtt min/avg/max/mdev = 0.013/103.987/931.512/178.822 ms
