PING N5 (00:00:0c:18:11:05) 116(144) bytes of data
116 bytes from N5 icmp_seq=1 ttl=49 time=5.55 ms
RR: 	N3
	N2
	N1
	N5
	N5
	N1
	N3

116 bytes from N5 icmp_seq=2 ttl=49 time=14.67 ms	(same route)
116 bytes from N5 icmp_seq=3 ttl=49 time=7.97 ms	(same route)
116 bytes from N5 icmp_seq=4 ttl=49 time=3.11 ms	(same route)
116 bytes from N5 icmp_seq=5 ttl=49 time=17.69 ms	(same route)
116 bytes from N5 icmp_seq=6 ttl=49 time=9.16 ms	(same route)
116 bytes from N5 icmp_seq=7 ttl=49 time=5.81 ms	(same route)
116 bytes from N5 icmp_seq=8 ttl=49 time=11.68 ms	(same route)
116 bytes from N5 icmp_seq=9 ttl=49 time=87.41 ms	(same route)
116 bytes from N5 icmp_seq=10 ttl=49 time=39.54 ms	(same route)
116 bytes from N5 icmp_seq=11 ttl=49 time=10.16 ms	(same route)
116 bytes from N5 icmp_seq=12 ttl=49 time=3.36 ms	(same route)
116 bytes from N5 icmp_seq=13 ttl=49 time=10.55 ms	(same route)
116 bytes from N5 icmp_seq=14 ttl=49 time=7.73 ms	(same route)
116 bytes from N5 icmp_seq=15 ttl=49 time=21.89 ms	(same route)
116 bytes from N5 icmp_seq=16 ttl=49 time=3.79 ms	(same route)
116 bytes from N5 icmp_seq=17 ttl=49 time=5.86 ms	(same route)
116 bytes from N5 icmp_seq=18 ttl=49 time=4.75 ms	(same route)
116 bytes from N5 icmp_seq=19 ttl=49 time=10.93 ms	(same route)
116 bytes from N5 icmp_seq=20 ttl=49 time=3.69 ms	(same route)
116 bytes from N5 icmp_seq=21 ttl=49 time=143.22 ms	(same route)
116 bytes from N5 icmp_seq=22 ttl=49 time=9.65 ms	(same route)
116 bytes from N5 icmp_seq=23 ttl=49 time=5.55 ms	(same route)
116 bytes from N5 icmp_seq=24 ttl=49 time=60.23 ms
RR: 	N3
	N2
	N5
	N5
	N1
	N3

116 bytes from N5 icmp_seq=25 ttl=49 time=5.72 ms	(same route)
116 bytes from N5 icmp_seq=26 ttl=49 time=10.33 ms	(same route)
116 bytes from N5 icmp_seq=27 ttl=49 time=2.71 ms	(same route)
116 bytes from N5 icmp_seq=28 ttl=49 time=40.41 ms	(same route)
116 bytes from N5 icmp_seq=29 ttl=49 time=18.92 ms	(same route)
116 bytes from N5 icmp_seq=30 ttl=49 time=208.66 ms	(same route)
116 bytes from N5 icmp_seq=31 ttl=49 time=8.74 ms	(same route)
116 bytes from N5 icmp_seq=32 ttl=49 time=3.31 ms	(same route)
116 bytes from N5 icmp_seq=33 ttl=49 time=2.36 ms	(same route)
116 bytes from N5 icmp_seq=34 ttl=49 time=2.14 ms	(same route)
116 bytes from N5 icmp_seq=35 ttl=49 time=2.43 ms	(same route)
116 bytes from N5 icmp_seq=36 ttl=49 time=104.31 ms	(same route)
116 bytes from N5 icmp_seq=37 ttl=49 time=5.82 ms	(same route)
116 bytes from N5 icmp_seq=38 ttl=49 time=3.71 ms	(same route)
116 bytes from N5 icmp_seq=39 ttl=49 time=3.84 ms	(same route)
116 bytes from N5 icmp_seq=40 ttl=49 time=29.58 ms	(same route)
116 bytes from N5 icmp_seq=41 ttl=49 time=2.35 ms	(same route)
116 bytes from N5 icmp_seq=42 ttl=49 time=77.50 ms	(same route)
116 bytes from N5 icmp_seq=43 ttl=49 time=69.69 ms	(same route)
116 bytes from N5 icmp_seq=44 ttl=49 time=2.95 ms	(same route)
116 bytes from N5 icmp_seq=45 ttl=49 time=20.08 ms	(same route)
116 bytes from N5 icmp_seq=46 ttl=49 time=4.02 ms	(same route)
116 bytes from N5 icmp_seq=47 ttl=49 time=51.75 ms	(same route)
116 bytes from N5 icmp_seq=48 ttl=49 time=6.59 ms	(same route)
116 bytes from N5 icmp_seq=49 ttl=50 time=74.65 ms
RR: 	N3
	N2
	N5
	N5
	N3

116 bytes from N5 icmp_seq=50 ttl=50 time=19.30 ms	(same route)
116 bytes from N5 icmp_seq=51 ttl=50 time=535.21 ms	(same route)
116 bytes from N5 icmp_seq=52 ttl=50 time=5.16 ms	(same route)
116 bytes from N5 icmp_seq=53 ttl=50 time=14.66 ms	(same route)
116 bytes from N5 icmp_seq=54 ttl=50 time=194.94 ms	(same route)
116 bytes from N5 icmp_seq=55 ttl=50 time=12.15 ms	(same route)
116 bytes from N5 icmp_seq=56 ttl=50 time=14.72 ms	(same route)
116 bytes from N5 icmp_seq=57 ttl=50 time=466.93 ms	(same route)
116 bytes from N5 icmp_seq=58 ttl=50 time=4.22 ms	(same route)
116 bytes from N5 icmp_seq=59 ttl=50 time=101.93 ms	(same route)
116 bytes from N5 icmp_seq=60 ttl=50 time=4.99 ms	(same route)
116 bytes from N5 icmp_seq=61 ttl=50 time=16.45 ms	(same route)
116 bytes from N5 icmp_seq=62 ttl=50 time=6.34 ms
RR: 	N3
	N5
	N5
	N3

116 bytes from N5 icmp_seq=63 ttl=50 time=5.28 ms	(same route)
116 bytes from N5 icmp_seq=64 ttl=50 time=30.00 ms	(same route)
116 bytes from N5 icmp_seq=65 ttl=50 time=8.90 ms	(same route)
116 bytes from N5 icmp_seq=66 ttl=50 time=26.16 ms	(same route)
116 bytes from N5 icmp_seq=67 ttl=50 time=8.91 ms	(same route)
116 bytes from N5 icmp_seq=68 ttl=50 time=393.96 ms	(same route)
116 bytes from N5 icmp_seq=69 ttl=50 time=1.22 ms	(same route)
116 bytes from N5 icmp_seq=70 ttl=50 time=2.49 ms	(same route)
116 bytes from N5 icmp_seq=71 ttl=50 time=1.13 ms	(same route)
116 bytes from N5 icmp_seq=72 ttl=50 time=3.07 ms	(same route)
116 bytes from N5 icmp_seq=73 ttl=50 time=22.72 ms	(same route)
116 bytes from N5 icmp_seq=74 ttl=50 time=510.98 ms	(same route)
116 bytes from N5 icmp_seq=75 ttl=50 time=1.51 ms	(same route)
116 bytes from N5 icmp_seq=76 ttl=50 time=5.50 ms	(same route)
116 bytes from N5 icmp_seq=77 ttl=50 time=1.12 ms	(same route)
116 bytes from N5 icmp_seq=78 ttl=50 time=1.72 ms	(same route)
116 bytes from N5 icmp_seq=79 ttl=50 time=1.11 ms	(same route)
116 bytes from N5 icmp_seq=80 ttl=50 time=2.43 ms	(same route)
116 bytes from N5 icmp_seq=81 ttl=50 time=48.07 ms	(same route)
116 bytes from N5 icmp_seq=82 ttl=50 time=58.06 ms	(same route)
116 bytes from N5 icmp_seq=83 ttl=50 time=1.56 ms	(same route)
116 bytes from N5 icmp_seq=84 ttl=50 time=6.89 ms	(same route)
116 bytes from N5 icmp_seq=85 ttl=50 time=109.46 ms	(same route)
116 bytes from N5 icmp_seq=86 ttl=50 time=301.05 ms	(same route)
116 bytes from N5 icmp_seq=87 ttl=50 time=476.94 ms	(same route)
116 bytes from N5 icmp_seq=88 ttl=50 time=2.07 ms	(same route)
116 bytes from N5 icmp_seq=89 ttl=50 time=1.79 ms	(same route)
116 bytes from N5 icmp_seq=90 ttl=50 time=8.55 ms	(same route)
116 bytes from N5 icmp_seq=91 ttl=50 time=19.84 ms	(same route)
116 bytes from N5 icmp_seq=92 ttl=50 time=44.79 ms	(same route)
116 bytes from N5 icmp_seq=93 ttl=50 time=203.88 ms	(same route)
116 bytes from N5 icmp_seq=94 ttl=50 time=53.52 ms	(same route)
116 bytes from N5 icmp_seq=95 ttl=50 time=11.81 ms	(same route)
116 bytes from N5 icmp_seq=96 ttl=50 time=2.21 ms	(same route)
116 bytes from N5 icmp_seq=97 ttl=50 time=9.17 ms	(same route)
116 bytes from N5 icmp_seq=98 ttl=50 time=570.54 ms	(same route)
Reply from host N5 timed out
Reply from host N5 timed out
Reply from host N5 timed out
Reply from host N5 timed out
Reply from host N5 timed out
116 bytes from N5 icmp_seq=104 ttl=50 time=0.02 ms	(same route)
Reply from host N5 timed out
Reply from host N5 timed out
116 bytes from N5 icmp_seq=107 ttl=50 time=0.01 ms	(same route)
Reply from host N5 timed out
Reply from host N5 timed out
Reply from host N5 timed out
Reply from host N5 timed out
Reply from host N5 timed out
Reply from host N5 timed out
Reply from host N5 timed out
Reply from host N5 timed out
Reply from host N5 timed out
Reply from host N5 timed out
Reply from host N5 timed out
Reply from host N5 timed out
Reply from host N5 timed out
Reply from host N5 timed out
Reply from host N5 timed out
Reply from host N5 timed out
Reply from host N5 timed out
Reply from host N5 timed out
Reply from host N5 timed out
Reply from host N5 timed out
Reply from host N5 timed out
Reply from host N5 timed out
Reply from host N5 timed out
Reply from host N5 timed out
Reply from host N5 timed out
Reply from host N5 timed out
Reply from host N5 timed out
Reply from host N5 timed out
Reply from host N5 timed out
Reply from host N5 timed out
Reply from host N5 timed out
Reply from host N5 timed out
Reply from host N5 timed out
Reply from host N5 timed out
Reply from host N5 timed out
Reply from host N5 timed out
Reply from host N5 timed out
Reply from host N5 timed out
Reply from host N5 timed out
116 bytes from N5 icmp_seq=147 ttl=50 time=0.01 ms
RR: 	N3
	N4
	N5
	N5
	N3

116 bytes from N5 icmp_seq=148 ttl=49 time=105.43 ms
RR: 	N3
	N4
	N5
	N5
	N4
	N3

116 bytes from N5 icmp_seq=149 ttl=49 time=101.76 ms	(same route)
116 bytes from N5 icmp_seq=150 ttl=49 time=624.06 ms	(same route)
116 bytes from N5 icmp_seq=151 ttl=49 time=287.28 ms	(same route)
116 bytes from N5 icmp_seq=152 ttl=49 time=659.04 ms	(same route)
116 bytes from N5 icmp_seq=153 ttl=49 time=151.72 ms	(same route)
116 bytes from N5 icmp_seq=154 ttl=49 time=727.25 ms	(same route)
116 bytes from N5 icmp_seq=155 ttl=49 time=4.23 ms	(same route)
116 bytes from N5 icmp_seq=156 ttl=49 time=30.19 ms	(same route)
116 bytes from N5 icmp_seq=157 ttl=49 time=6.44 ms	(same route)
116 bytes from N5 icmp_seq=158 ttl=49 time=3.16 ms	(same route)
116 bytes from N5 icmp_seq=159 ttl=49 time=47.78 ms	(same route)
116 bytes from N5 icmp_seq=160 ttl=49 time=8.95 ms	(same route)
116 bytes from N5 icmp_seq=161 ttl=49 time=34.36 ms	(same route)
116 bytes from N5 icmp_seq=162 ttl=49 time=12.46 ms	(same route)
116 bytes from N5 icmp_seq=163 ttl=49 time=33.99 ms	(same route)
116 bytes from N5 icmp_seq=164 ttl=49 time=2.18 ms	(same route)
116 bytes from N5 icmp_seq=165 ttl=49 time=2.24 ms	(same route)
116 bytes from N5 icmp_seq=166 ttl=49 time=4.20 ms	(same route)
116 bytes from N5 icmp_seq=167 ttl=49 time=5.81 ms	(same route)
116 bytes from N5 icmp_seq=168 ttl=49 time=4.60 ms	(same route)
116 bytes from N5 icmp_seq=169 ttl=49 time=189.09 ms	(same route)
116 bytes from N5 icmp_seq=170 ttl=49 time=115.33 ms	(same route)
116 bytes from N5 icmp_seq=171 ttl=49 time=7.32 ms	(same route)
116 bytes from N5 icmp_seq=172 ttl=49 time=374.86 ms	(same route)
116 bytes from N5 icmp_seq=173 ttl=49 time=829.00 ms	(same route)
116 bytes from N5 icmp_seq=174 ttl=49 time=366.17 ms	(same route)
116 bytes from N5 icmp_seq=175 ttl=49 time=2.96 ms	(same route)
116 bytes from N5 icmp_seq=176 ttl=50 time=1.76 ms
RR: 	N3
	N4
	N5
	N5
	N3

116 bytes from N5 icmp_seq=177 ttl=50 time=289.18 ms	(same route)
116 bytes from N5 icmp_seq=178 ttl=50 time=5.27 ms	(same route)
Reply from host N5 timed out
Reply from host N5 timed out
Reply from host N5 timed out
Reply from host N5 timed out
Reply from host N5 timed out
Reply from host N5 timed out
Reply from host N5 timed out
Reply from host N5 timed out
Reply from host N5 timed out
Reply from host N5 timed out
Reply from host N5 timed out
116 bytes from N5 icmp_seq=190 ttl=50 time=0.03 ms
RR: 	N3
	N5
	N5
	N3

116 bytes from N5 icmp_seq=191 ttl=50 time=959.36 ms	(same route)
Reply from host N5 timed out
116 bytes from N5 icmp_seq=193 ttl=50 time=30.48 ms	(same route)
116 bytes from N5 icmp_seq=194 ttl=50 time=712.01 ms	(same route)
Reply from host N5 timed out
Reply from host N5 timed out
116 bytes from N5 icmp_seq=197 ttl=50 time=0.03 ms	(same route)
116 bytes from N5 icmp_seq=198 ttl=50 time=298.91 ms	(same route)
116 bytes from N5 icmp_seq=199 ttl=50 time=483.97 ms	(same route)
116 bytes from N5 icmp_seq=200 ttl=50 time=1.05 ms	(same route)
116 bytes from N5 icmp_seq=201 ttl=50 time=23.80 ms	(same route)
116 bytes from N5 icmp_seq=202 ttl=50 time=12.16 ms	(same route)
116 bytes from N5 icmp_seq=203 ttl=50 time=42.83 ms	(same route)
116 bytes from N5 icmp_seq=204 ttl=50 time=3.00 ms	(same route)
116 bytes from N5 icmp_seq=205 ttl=50 time=1.41 ms	(same route)
116 bytes from N5 icmp_seq=206 ttl=50 time=7.28 ms	(same route)
116 bytes from N5 icmp_seq=207 ttl=50 time=2.26 ms	(same route)
116 bytes from N5 icmp_seq=208 ttl=50 time=107.59 ms	(same route)
116 bytes from N5 icmp_seq=209 ttl=50 time=20.69 ms	(same route)
116 bytes from N5 icmp_seq=210 ttl=50 time=10.09 ms	(same route)
116 bytes from N5 icmp_seq=211 ttl=50 time=3.21 ms	(same route)
116 bytes from N5 icmp_seq=212 ttl=50 time=5.93 ms	(same route)
116 bytes from N5 icmp_seq=213 ttl=50 time=121.26 ms	(same route)
116 bytes from N5 icmp_seq=214 ttl=50 time=1.37 ms	(same route)
116 bytes from N5 icmp_seq=215 ttl=50 time=1.30 ms	(same route)
116 bytes from N5 icmp_seq=216 ttl=50 time=1.19 ms	(same route)
116 bytes from N5 icmp_seq=217 ttl=50 time=74.50 ms	(same route)
116 bytes from N5 icmp_seq=218 ttl=50 time=1.44 ms	(same route)
116 bytes from N5 icmp_seq=219 ttl=50 time=1.49 ms	(same route)
116 bytes from N5 icmp_seq=220 ttl=50 time=6.07 ms	(same route)
116 bytes from N5 icmp_seq=221 ttl=50 time=95.54 ms	(same route)
116 bytes from N5 icmp_seq=222 ttl=50 time=11.90 ms	(same route)
116 bytes from N5 icmp_seq=223 ttl=50 time=15.39 ms	(same route)
116 bytes from N5 icmp_seq=224 ttl=50 time=3.86 ms	(same route)
116 bytes from N5 icmp_seq=225 ttl=50 time=627.44 ms	(same route)
116 bytes from N5 icmp_seq=226 ttl=50 time=7.06 ms	(same route)
116 bytes from N5 icmp_seq=227 ttl=50 time=88.45 ms	(same route)
116 bytes from N5 icmp_seq=228 ttl=50 time=187.82 ms	(same route)
116 bytes from N5 icmp_seq=229 ttl=50 time=503.51 ms	(same route)
116 bytes from N5 icmp_seq=230 ttl=50 time=625.36 ms	(same route)
Reply from host N5 timed out
Reply from host N5 timed out
116 bytes from N5 icmp_seq=233 ttl=50 time=57.45 ms	(same route)
116 bytes from N5 icmp_seq=234 ttl=50 time=853.39 ms	(same route)
116 bytes from N5 icmp_seq=235 ttl=50 time=367.06 ms	(same route)
116 bytes from N5 icmp_seq=236 ttl=50 time=7.90 ms	(same route)
116 bytes from N5 icmp_seq=237 ttl=50 time=49.83 ms	(same route)
Reply from host N5 timed out
116 bytes from N5 icmp_seq=239 ttl=50 time=18.04 ms	(same route)
116 bytes from N5 icmp_seq=240 ttl=50 time=211.55 ms
RR: 	N3
	N2
	N5
	N5
	N3

116 bytes from N5 icmp_seq=241 ttl=50 time=221.27 ms	(same route)
116 bytes from N5 icmp_seq=242 ttl=50 time=8.25 ms	(same route)
116 bytes from N5 icmp_seq=243 ttl=50 time=652.43 ms	(same route)
Reply from host N5 timed out
116 bytes from N5 icmp_seq=245 ttl=50 time=96.71 ms	(same route)
116 bytes from N5 icmp_seq=246 ttl=50 time=36.67 ms	(same route)
116 bytes from N5 icmp_seq=247 ttl=50 time=17.92 ms	(same route)
116 bytes from N5 icmp_seq=248 ttl=50 time=11.59 ms	(same route)
116 bytes from N5 icmp_seq=249 ttl=50 time=8.75 ms	(same route)
116 bytes from N5 icmp_seq=250 ttl=50 time=11.38 ms	(same route)
116 bytes from N5 icmp_seq=251 ttl=49 time=171.93 ms
RR: 	N3
	N2
	N5
	N5
	N2
	N3

Reply from host N5 timed out
116 bytes from N5 icmp_seq=253 ttl=49 time=26.80 ms	(same route)
116 bytes from N5 icmp_seq=254 ttl=49 time=60.89 ms	(same route)
116 bytes from N5 icmp_seq=255 ttl=49 time=23.43 ms	(same route)
116 bytes from N5 icmp_seq=256 ttl=49 time=15.46 ms	(same route)
116 bytes from N5 icmp_seq=257 ttl=49 time=53.65 ms	(same route)
116 bytes from N5 icmp_seq=258 ttl=49 time=17.68 ms	(same route)
116 bytes from N5 icmp_seq=259 ttl=49 time=173.41 ms
RR: 	N3
	N2
	N5
	N5
	N1
	N3

116 bytes from N5 icmp_seq=260 ttl=49 time=569.88 ms	(same route)
116 bytes from N5 icmp_seq=261 ttl=49 time=46.80 ms	(same route)
116 bytes from N5 icmp_seq=262 ttl=49 time=229.81 ms	(same route)
116 bytes from N5 icmp_seq=263 ttl=49 time=269.29 ms	(same route)
116 bytes from N5 icmp_seq=264 ttl=49 time=224.67 ms	(same route)
116 bytes from N5 icmp_seq=265 ttl=49 time=94.79 ms	(same route)
116 bytes from N5 icmp_seq=266 ttl=49 time=4.87 ms	(same route)
116 bytes from N5 icmp_seq=267 ttl=49 time=22.33 ms	(same route)
116 bytes from N5 icmp_seq=268 ttl=49 time=43.03 ms	(same route)
116 bytes from N5 icmp_seq=269 ttl=49 time=10.38 ms	(same route)
116 bytes from N5 icmp_seq=270 ttl=49 time=2.48 ms	(same route)
116 bytes from N5 icmp_seq=271 ttl=49 time=2.86 ms	(same route)
116 bytes from N5 icmp_seq=272 ttl=49 time=94.83 ms	(same route)
116 bytes from N5 icmp_seq=273 ttl=49 time=13.28 ms	(same route)
116 bytes from N5 icmp_seq=274 ttl=49 time=2.46 ms	(same route)
116 bytes from N5 icmp_seq=275 ttl=49 time=2.57 ms	(same route)
116 bytes from N5 icmp_seq=276 ttl=49 time=4.29 ms	(same route)
116 bytes from N5 icmp_seq=277 ttl=49 time=240.94 ms	(same route)
Reply from host N5 timed out
Reply from host N5 timed out
116 bytes from N5 icmp_seq=280 ttl=49 time=11.35 ms	(same route)
116 bytes from N5 icmp_seq=281 ttl=49 time=444.46 ms	(same route)
Reply from host N5 timed out
116 bytes from N5 icmp_seq=283 ttl=49 time=300.64 ms	(same route)
116 bytes from N5 icmp_seq=284 ttl=49 time=9.12 ms	(same route)
116 bytes from N5 icmp_seq=285 ttl=49 time=133.15 ms	(same route)
116 bytes from N5 icmp_seq=286 ttl=49 time=13.89 ms
RR: 	N3
	N2
	N5
	N5
	N2
	N3

116 bytes from N5 icmp_seq=287 ttl=49 time=6.07 ms	(same route)
116 bytes from N5 icmp_seq=288 ttl=49 time=96.09 ms	(same route)
116 bytes from N5 icmp_seq=289 ttl=49 time=6.08 ms	(same route)
116 bytes from N5 icmp_seq=290 ttl=49 time=3.60 ms	(same route)
116 bytes from N5 icmp_seq=291 ttl=49 time=14.75 ms	(same route)
116 bytes from N5 icmp_seq=292 ttl=49 time=5.76 ms	(same route)
116 bytes from N5 icmp_seq=293 ttl=49 time=9.33 ms	(same route)
116 bytes from N5 icmp_seq=294 ttl=49 time=16.39 ms	(same route)
116 bytes from N5 icmp_seq=295 ttl=49 time=2.27 ms	(same route)
116 bytes from N5 icmp_seq=296 ttl=49 time=13.90 ms	(same route)
116 bytes from N5 icmp_seq=297 ttl=49 time=3.32 ms	(same route)
116 bytes from N5 icmp_seq=298 ttl=49 time=2.37 ms	(same route)
116 bytes from N5 icmp_seq=299 ttl=49 time=11.43 ms	(same route)
116 bytes from N5 icmp_seq=300 ttl=49 time=65.01 ms	(same route)
--- N5 ping statistics ---
325 packets transmitted, 232 received, 28% packet loss
rtt min/avg/max/mdev = 0.013/94.755/959.358/180.265 ms
