PING N3 (00:00:0c:18:11:03) 116(144) bytes of data
116 bytes from N3 icmp_seq=1 ttl=49 time=11.60 ms
RR: 	N5
	N2
	N3
	N3
	N2
	N5

116 bytes from N3 icmp_seq=2 ttl=49 time=2.41 ms	(same route)
116 bytes from N3 icmp_seq=3 ttl=49 time=2.92 ms	(same route)
116 bytes from N3 icmp_seq=4 ttl=49 time=11.42 ms	(same route)
116 bytes from N3 icmp_seq=5 ttl=49 time=13.02 ms	(same route)
116 bytes from N3 icmp_seq=6 ttl=49 time=4.73 ms	(same route)
116 bytes from N3 icmp_seq=7 ttl=49 time=12.52 ms	(same route)
116 bytes from N3 icmp_seq=8 ttl=49 time=2.27 ms	(same route)
116 bytes from N3 icmp_seq=9 ttl=49 time=10.39 ms	(same route)
116 bytes from N3 icmp_seq=10 ttl=49 time=2.92 ms	(same route)
116 bytes from N3 icmp_seq=11 ttl=49 time=4.18 ms	(same route)
116 bytes from N3 icmp_seq=12 ttl=49 time=3.40 ms	(same route)
116 bytes from N3 icmp_seq=13 ttl=49 time=8.22 ms	(same route)
116 bytes from N3 icmp_seq=14 ttl=49 time=8.85 ms	(same route)
116 bytes from N3 icmp_seq=15 ttl=49 time=2.58 ms	(same route)
116 bytes from N3 icmp_seq=16 ttl=49 time=2.23 ms	(same route)
116 bytes from N3 icmp_seq=17 ttl=49 time=10.61 ms	(same route)
116 bytes from N3 icmp_seq=18 ttl=49 time=29.41 ms	(same route)
116 bytes from N3 icmp_seq=19 ttl=49 time=3.41 ms	(same route)
116 bytes from N3 icmp_seq=20 ttl=49 time=3.88 ms	(same route)
116 bytes from N3 icmp_seq=21 ttl=49 time=12.29 ms	(same route)
116 bytes from N3 icmp_seq=22 ttl=49 time=12.68 ms	(same route)
116 bytes from N3 icmp_seq=23 ttl=49 time=875.25 ms	(same route)
116 bytes from N3 icmp_seq=24 ttl=49 time=285.25 ms	(same route)
116 bytes from N3 icmp_seq=25 ttl=49 time=478.36 ms	(same route)
116 bytes from N3 icmp_seq=26 ttl=49 time=654.99 ms	(same route)
116 bytes from N3 icmp_seq=27 ttl=49 time=382.22 ms	(same route)
116 bytes from N3 icmp_seq=28 ttl=49 time=4.66 ms	(same route)
116 bytes from N3 icmp_seq=29 ttl=49 time=370.66 ms	(same route)
116 bytes from N3 icmp_seq=30 ttl=49 time=790.89 ms	(same route)
116 bytes from N3 icmp_seq=31 ttl=49 time=6.94 ms	(same route)
116 bytes from N3 icmp_seq=32 ttl=49 time=8.08 ms	(same route)
116 bytes from N3 icmp_seq=33 ttl=49 time=71.30 ms	(same route)
116 bytes from N3 icmp_seq=34 ttl=49 time=11.60 ms	(same route)
116 bytes from N3 icmp_seq=35 ttl=49 time=8.34 ms	(same route)
116 bytes from N3 icmp_seq=36 ttl=49 time=3.11 ms	(same route)
116 bytes from N3 icmp_seq=37 ttl=49 time=10.00 ms	(same route)
116 bytes from N3 icmp_seq=38 ttl=49 time=45.70 ms	(same route)
116 bytes from N3 icmp_seq=39 ttl=49 time=2.67 ms	(same route)
116 bytes from N3 icmp_seq=40 ttl=49 time=33.59 ms	(same route)
116 bytes from N3 icmp_seq=41 ttl=49 time=3.70 ms	(same route)
116 bytes from N3 icmp_seq=42 ttl=49 time=10.41 ms	(same route)
116 bytes from N3 icmp_seq=43 ttl=49 time=4.16 ms	(same route)
116 bytes from N3 icmp_seq=44 ttl=49 time=14.15 ms	(same route)
116 bytes from N3 icmp_seq=45 ttl=49 time=5.78 ms	(same route)
116 bytes from N3 icmp_seq=46 ttl=49 time=3.06 ms	(same route)
116 bytes from N3 icmp_seq=47 ttl=49 time=18.37 ms	(same route)
116 bytes from N3 icmp_seq=48 ttl=49 time=40.87 ms	(same route)
116 bytes from N3 icmp_seq=49 ttl=49 time=4.15 ms	(same route)
116 bytes from N3 icmp_seq=50 ttl=49 time=99.88 ms	(same route)
116 bytes from N3 icmp_seq=51 ttl=49 time=4.98 ms	(same route)
116 bytes from N3 icmp_seq=52 ttl=49 time=2.67 ms	(same route)
116 bytes from N3 icmp_seq=53 ttl=49 time=56.38 ms	(same route)
116 bytes from N3 icmp_seq=54 ttl=49 time=2.48 ms	(same route)
116 bytes from N3 icmp_seq=55 ttl=49 time=18.13 ms	(same route)
116 bytes from N3 icmp_seq=56 ttl=49 time=3.46 ms	(same route)
116 bytes from N3 icmp_seq=57 ttl=49 time=41.69 ms	(same route)
116 bytes from N3 icmp_seq=58 ttl=49 time=23.46 ms	(same route)
116 bytes from N3 icmp_seq=59 ttl=49 time=9.04 ms	(same route)
116 bytes from N3 icmp_seq=60 ttl=49 time=15.31 ms	(same route)
116 bytes from N3 icmp_seq=61 ttl=49 time=70.13 ms	(same route)
116 bytes from N3 icmp_seq=62 ttl=49 time=58.60 ms	(same route)
116 bytes from N3 icmp_seq=63 ttl=49 time=5.57 ms	(same route)
116 bytes from N3 icmp_seq=64 ttl=49 time=6.32 ms	(same route)
116 bytes from N3 icmp_seq=65 ttl=49 time=37.94 ms	(same route)
116 bytes from N3 icmp_seq=66 ttl=49 time=2.35 ms	(same route)
116 bytes from N3 icmp_seq=67 ttl=49 time=3.05 ms	(same route)
116 bytes from N3 icmp_seq=68 ttl=49 time=59.42 ms	(same route)
116 bytes from N3 icmp_seq=69 ttl=49 time=235.21 ms	(same route)
116 bytes from N3 icmp_seq=70 ttl=49 time=23.24 ms	(same route)
116 bytes from N3 icmp_seq=71 ttl=49 time=2.28 ms	(same route)
116 bytes from N3 icmp_seq=72 ttl=49 time=2.90 ms	(same route)
116 bytes from N3 icmp_seq=73 ttl=49 time=5.26 ms	(same route)
116 bytes from N3 icmp_seq=74 ttl=49 time=2.69 ms	(same route)
116 bytes from N3 icmp_seq=75 ttl=49 time=6.52 ms	(same route)
116 bytes from N3 icmp_seq=76 ttl=49 time=6.54 ms	(same route)
116 bytes from N3 icmp_seq=77 ttl=49 time=5.82 ms	(same route)
116 bytes from N3 icmp_seq=78 ttl=49 time=2.94 ms	(same route)
116 bytes from N3 icmp_seq=79 ttl=49 time=3.12 ms	(same route)
116 bytes from N3 icmp_seq=80 ttl=49 time=31.28 ms	(same route)
116 bytes from N3 icmp_seq=81 ttl=49 time=6.71 ms	(same route)
116 bytes from N3 icmp_seq=82 ttl=49 time=7.59 ms	(same route)
116 bytes from N3 icmp_seq=83 ttl=49 time=4.81 ms	(same route)
116 bytes from N3 icmp_seq=84 ttl=49 time=4.72 ms	(same route)
116 bytes from N3 icmp_seq=85 ttl=49 time=19.53 ms	(same route)
116 bytes from N3 icmp_seq=86 ttl=49 time=5.64 ms	(same route)
116 bytes from N3 icmp_seq=87 ttl=49 time=3.13 ms	(same route)
116 bytes from N3 icmp_seq=88 ttl=49 time=2.59 ms	(same route)
116 bytes from N3 icmp_seq=89 ttl=49 time=4.65 ms	(same route)
116 bytes from N3 icmp_seq=90 ttl=49 time=2.91 ms	(same route)
116 bytes from N3 icmp_seq=91 ttl=49 time=4.48 ms	(same route)
116 bytes from N3 icmp_seq=92 ttl=49 time=16.16 ms	(same route)
116 bytes from N3 icmp_seq=93 ttl=49 time=14.80 ms	(same route)
116 bytes from N3 icmp_seq=94 ttl=49 time=2.99 ms	(same route)
116 bytes from N3 icmp_seq=95 ttl=49 time=6.35 ms	(same route)
116 bytes from N3 icmp_seq=96 ttl=49 time=6.60 ms	(same route)
116 bytes from N3 icmp_seq=97 ttl=49 time=2.20 ms	(same route)
116 bytes from N3 icmp_seq=98 ttl=49 time=2.76 ms	(same route)
116 bytes from N3 icmp_seq=99 ttl=49 time=26.85 ms	(same route)
116 bytes from N3 icmp_seq=100 ttl=49 time=33.12 ms	(same route)
116 bytes from N3 icmp_seq=101 ttl=49 time=11.65 ms	(same route)
116 bytes from N3 icmp_seq=102 ttl=49 time=18.89 ms	(same route)
116 bytes from N3 icmp_seq=103 ttl=49 time=4.16 ms	(same route)
116 bytes from N3 icmp_seq=104 ttl=49 time=5.30 ms	(same route)
116 bytes from N3 icmp_seq=105 ttl=49 time=4.78 ms	(same route)
116 bytes from N3 icmp_seq=106 ttl=49 time=2.61 ms	(same route)
116 bytes from N3 icmp_seq=107 ttl=49 time=3.38 ms	(same route)
116 bytes from N3 icmp_seq=108 ttl=49 time=3.32 ms	(same route)
116 bytes from N3 icmp_seq=109 ttl=49 time=3.96 ms	(same route)
116 bytes from N3 icmp_seq=110 ttl=49 time=131.57 ms	(same route)
116 bytes from N3 icmp_seq=111 ttl=49 time=3.54 ms	(same route)
116 bytes from N3 icmp_seq=112 ttl=49 time=3.85 ms	(same route)
116 bytes from N3 icmp_seq=113 ttl=49 time=4.27 ms	(same route)
116 bytes from N3 icmp_seq=114 ttl=49 time=11.36 ms	(same route)
116 bytes from N3 icmp_seq=115 ttl=49 time=3.60 ms	(same route)
116 bytes from N3 icmp_seq=116 ttl=49 time=5.66 ms	(same route)
116 bytes from N3 icmp_seq=117 ttl=49 time=20.86 ms	(same route)
116 bytes from N3 icmp_seq=118 ttl=49 time=29.73 ms	(same route)
116 bytes from N3 icmp_seq=119 ttl=49 time=7.32 ms	(same route)
116 bytes from N3 icmp_seq=120 ttl=49 time=4.41 ms	(same route)
116 bytes from N3 icmp_seq=121 ttl=49 time=4.97 ms	(same route)
116 bytes from N3 icmp_seq=122 ttl=49 time=5.61 ms	(same route)
116 bytes from N3 icmp_seq=123 ttl=49 time=5.22 ms	(same route)
116 bytes from N3 icmp_seq=124 ttl=49 time=5.90 ms	(same route)
116 bytes from N3 icmp_seq=125 ttl=49 time=35.67 ms	(same route)
116 bytes from N3 icmp_seq=126 ttl=49 time=2.28 ms	(same route)
116 bytes from N3 icmp_seq=127 ttl=49 time=4.83 ms	(same route)
116 bytes from N3 icmp_seq=128 ttl=49 time=17.58 ms	(same route)
116 bytes from N3 icmp_seq=129 ttl=49 time=9.66 ms	(same route)
116 bytes from N3 icmp_seq=130 ttl=49 time=9.84 ms	(same route)
116 bytes from N3 icmp_seq=131 ttl=49 time=7.01 ms	(same route)
116 bytes from N3 icmp_seq=132 ttl=49 time=2.95 ms	(same route)
116 bytes from N3 icmp_seq=133 ttl=49 time=9.61 ms	(same route)
116 bytes from N3 icmp_seq=134 ttl=49 time=4.47 ms	(same route)
116 bytes from N3 icmp_seq=135 ttl=49 time=12.62 ms	(same route)
116 bytes from N3 icmp_seq=136 ttl=49 time=21.46 ms	(same route)
116 bytes from N3 icmp_seq=137 ttl=49 time=4.24 ms	(same route)
116 bytes from N3 icmp_seq=138 ttl=49 time=29.54 ms	(same route)
116 bytes from N3 icmp_seq=139 ttl=49 time=3.07 ms	(same route)
116 bytes from N3 icmp_seq=140 ttl=49 time=3.49 ms	(same route)
116 bytes from N3 icmp_seq=141 ttl=49 time=17.34 ms	(same route)
116 bytes from N3 icmp_seq=142 ttl=49 time=5.51 ms	(same route)
116 bytes from N3 icmp_seq=143 ttl=49 time=9.67 ms	(same route)
116 bytes from N3 icmp_seq=144 ttl=49 time=2.78 ms	(same route)
116 bytes from N3 icmp_seq=145 ttl=49 time=2.31 ms	(same route)
116 bytes from N3 icmp_seq=146 ttl=49 time=15.61 ms	(same route)
116 bytes from N3 icmp_seq=147 ttl=49 time=6.41 ms	(same route)
116 bytes from N3 icmp_seq=148 ttl=49 time=9.94 ms	(same route)
116 bytes from N3 icmp_seq=149 ttl=49 time=14.38 ms	(same route)
116 bytes from N3 icmp_seq=150 ttl=49 time=25.36 ms	(same route)
116 bytes from N3 icmp_seq=151 ttl=49 time=3.22 ms	(same route)
116 bytes from N3 icmp_seq=152 ttl=49 time=4.47 ms	(same route)
116 bytes from N3 icmp_seq=153 ttl=49 time=12.52 ms	(same route)
116 bytes from N3 icmp_seq=154 ttl=49 time=4.11 ms	(same route)
116 bytes from N3 icmp_seq=155 ttl=49 time=4.10 ms	(same route)
116 bytes from N3 icmp_seq=156 ttl=49 time=2.60 ms	(same route)
116 bytes from N3 icmp_seq=157 ttl=49 time=41.46 ms	(same route)
116 bytes from N3 icmp_seq=158 ttl=49 time=35.12 ms	(same route)
116 bytes from N3 icmp_seq=159 ttl=49 time=278.85 ms	(same route)
116 bytes from N3 icmp_seq=160 ttl=49 time=6.98 ms	(same route)
116 bytes from N3 icmp_seq=161 ttl=49 time=6.76 ms	(same route)
116 bytes from N3 icmp_seq=162 ttl=49 time=2.78 ms	(same route)
116 bytes from N3 icmp_seq=163 ttl=49 time=6.49 ms	(same route)
116 bytes from N3 icmp_seq=164 ttl=49 time=2.59 ms	(same route)
116 bytes from N3 icmp_seq=165 ttl=49 time=28.35 ms	(same route)
116 bytes from N3 icmp_seq=166 ttl=49 time=2.27 ms	(same route)
116 bytes from N3 icmp_seq=167 ttl=49 time=2.88 ms	(same route)
116 bytes from N3 icmp_seq=168 ttl=49 time=2.25 ms	(same route)
116 bytes from N3 icmp_seq=169 ttl=49 time=6.32 ms	(same route)
116 bytes from N3 icmp_seq=170 ttl=49 time=2.21 ms	(same route)
116 bytes from N3 icmp_seq=171 ttl=49 time=2.40 ms	(same route)
116 bytes from N3 icmp_seq=172 ttl=49 time=9.77 ms	(same route)
116 bytes from N3 icmp_seq=173 ttl=49 time=5.20 ms	(same route)
116 bytes from N3 icmp_seq=174 ttl=49 time=33.81 ms	(same route)
116 bytes from N3 icmp_seq=175 ttl=49 time=21.60 ms	(same route)
116 bytes from N3 icmp_seq=176 ttl=49 time=18.90 ms	(same route)
116 bytes from N3 icmp_seq=177 ttl=49 time=24.98 ms	(same route)
116 bytes from N3 icmp_seq=178 ttl=49 time=2.26 ms	(same route)
116 bytes from N3 icmp_seq=179 ttl=49 time=36.98 ms	(same route)
116 bytes from N3 icmp_seq=180 ttl=49 time=4.69 ms	(same route)
116 bytes from N3 icmp_seq=181 ttl=49 time=10.82 ms	(same route)
116 bytes from N3 icmp_seq=182 ttl=49 time=6.97 ms	(same route)
116 bytes from N3 icmp_seq=183 ttl=49 time=2.23 ms	(same route)
116 bytes from N3 icmp_seq=184 ttl=49 time=26.43 ms	(same route)
116 bytes from N3 icmp_seq=185 ttl=49 time=6.09 ms	(same route)
116 bytes from N3 icmp_seq=186 ttl=49 time=5.37 ms	(same route)
116 bytes from N3 icmp_seq=187 ttl=49 time=2.67 ms	(same route)
116 bytes from N3 icmp_seq=188 ttl=49 time=9.03 ms	(same route)
116 bytes from N3 icmp_seq=189 ttl=49 time=3.30 ms	(same route)
116 bytes from N3 icmp_seq=190 ttl=49 time=19.73 ms	(same route)
116 bytes from N3 icmp_seq=191 ttl=49 time=18.67 ms	(same route)
116 bytes from N3 icmp_seq=192 ttl=49 time=13.84 ms	(same route)
116 bytes from N3 icmp_seq=193 ttl=49 time=24.61 ms	(same route)
116 bytes from N3 icmp_seq=194 ttl=49 time=23.69 ms	(same route)
116 bytes from N3 icmp_seq=195 ttl=49 time=6.95 ms	(same route)
116 bytes from N3 icmp_seq=196 ttl=49 time=60.72 ms	(same route)
116 bytes from N3 icmp_seq=197 ttl=49 time=7.35 ms	(same route)
116 bytes from N3 icmp_seq=198 ttl=49 time=75.44 ms	(same route)
116 bytes from N3 icmp_seq=199 ttl=49 time=72.96 ms	(same route)
116 bytes from N3 icmp_seq=200 ttl=49 time=7.51 ms	(same route)
116 bytes from N3 icmp_seq=201 ttl=49 time=5.05 ms	(same route)
116 bytes from N3 icmp_seq=202 ttl=49 time=252.83 ms	(same route)
116 bytes from N3 icmp_seq=203 ttl=49 time=8.14 ms	(same route)
116 bytes from N3 icmp_seq=204 ttl=49 time=10.16 ms	(same route)
116 bytes from N3 icmp_seq=205 ttl=49 time=4.04 ms	(same route)
116 bytes from N3 icmp_seq=206 ttl=49 time=3.20 ms	(same route)
116 bytes from N3 icmp_seq=207 ttl=49 time=4.32 ms	(same route)
116 bytes from N3 icmp_seq=208 ttl=49 time=52.29 ms	(same route)
116 bytes from N3 icmp_seq=209 ttl=49 time=2.28 ms	(same route)
116 bytes from N3 icmp_seq=210 ttl=49 time=3.09 ms	(same route)
116 bytes from N3 icmp_seq=211 ttl=49 time=40.73 ms	(same route)
116 bytes from N3 icmp_seq=212 ttl=49 time=3.58 ms	(same route)
116 bytes from N3 icmp_seq=213 ttl=49 time=41.35 ms	(same route)
116 bytes from N3 icmp_seq=214 ttl=49 time=6.10 ms	(same route)
116 bytes from N3 icmp_seq=215 ttl=49 time=4.50 ms	(same route)
116 bytes from N3 icmp_seq=216 ttl=49 time=5.02 ms	(same route)
116 bytes from N3 icmp_seq=217 ttl=49 time=19.56 ms	(same route)
116 bytes from N3 icmp_seq=218 ttl=49 time=65.85 ms	(same route)
116 bytes from N3 icmp_seq=219 ttl=49 time=156.05 ms	(same route)
116 bytes from N3 icmp_seq=220 ttl=49 time=12.12 ms	(same route)
116 bytes from N3 icmp_seq=221 ttl=49 time=59.35 ms	(same route)
116 bytes from N3 icmp_seq=222 ttl=49 time=76.84 ms	(same route)
116 bytes from N3 icmp_seq=223 ttl=49 time=17.24 ms	(same route)
116 bytes from N3 icmp_seq=224 ttl=49 time=37.88 ms	(same route)
116 bytes from N3 icmp_seq=225 ttl=49 time=6.05 ms	(same route)
116 bytes from N3 icmp_seq=226 ttl=49 time=8.34 ms	(same route)
116 bytes from N3 icmp_seq=227 ttl=49 time=20.99 ms	(same route)
116 bytes from N3 icmp_seq=228 ttl=49 time=13.65 ms	(same route)
116 bytes from N3 icmp_seq=229 ttl=49 time=95.35 ms	(same route)
116 bytes from N3 icmp_seq=230 ttl=49 time=8.93 ms	(same route)
116 bytes from N3 icmp_seq=231 ttl=49 time=9.89 ms	(same route)
116 bytes from N3 icmp_seq=232 ttl=49 time=89.75 ms	(same route)
116 bytes from N3 icmp_seq=233 ttl=49 time=8.62 ms	(same route)
116 bytes from N3 icmp_seq=234 ttl=49 time=11.32 ms	(same route)
116 bytes from N3 icmp_seq=235 ttl=49 time=7.57 ms	(same route)
116 bytes from N3 icmp_seq=236 ttl=49 time=73.63 ms	(same route)
116 bytes from N3 icmp_seq=237 ttl=49 time=41.35 ms	(same route)
116 bytes from N3 icmp_seq=238 ttl=49 time=39.00 ms	(same route)
116 bytes from N3 icmp_seq=239 ttl=49 time=12.63 ms	(same route)
116 bytes from N3 icmp_seq=240 ttl=49 time=79.05 ms	(same route)
116 bytes from N3 icmp_seq=241 ttl=49 time=14.01 ms	(same route)
116 bytes from N3 icmp_seq=242 ttl=49 time=2.38 ms	(same route)
116 bytes from N3 icmp_seq=243 ttl=49 time=7.46 ms	(same route)
116 bytes from N3 icmp_seq=244 ttl=49 time=8.56 ms	(same route)
116 bytes from N3 icmp_seq=245 ttl=49 time=12.29 ms	(same route)
116 bytes from N3 icmp_seq=246 ttl=49 time=2.29 ms	(same route)
116 bytes from N3 icmp_seq=247 ttl=49 time=14.84 ms	(same route)
116 bytes from N3 icmp_seq=248 ttl=49 time=2.73 ms	(same route)
116 bytes from N3 icmp_seq=249 ttl=49 time=2.29 ms	(same route)
116 bytes from N3 icmp_seq=250 ttl=49 time=3.59 ms	(same route)
116 bytes from N3 icmp_seq=251 ttl=49 time=10.49 ms	(same route)
116 bytes from N3 icmp_seq=252 ttl=49 time=46.27 ms	(same route)
116 bytes from N3 icmp_seq=253 ttl=49 time=63.43 ms	(same route)
116 bytes from N3 icmp_seq=254 ttl=49 time=11.01 ms	(same route)
116 bytes from N3 icmp_seq=255 ttl=49 time=30.97 ms	(same route)
116 bytes from N3 icmp_seq=256 ttl=49 time=19.58 ms	(same route)
116 bytes from N3 icmp_seq=257 ttl=49 time=17.75 ms	(same route)
116 bytes from N3 icmp_seq=258 ttl=49 time=68.78 ms	(same route)
116 bytes from N3 icmp_seq=259 ttl=49 time=3.48 ms	(same route)
116 bytes from N3 icmp_seq=260 ttl=49 time=39.06 ms	(same route)
116 bytes from N3 icmp_seq=261 ttl=49 time=2.25 ms	(same route)
116 bytes from N3 icmp_seq=262 ttl=49 time=44.08 ms	(same route)
116 bytes from N3 icmp_seq=263 ttl=49 time=22.69 ms	(same route)
116 bytes from N3 icmp_seq=264 ttl=49 time=64.71 ms	(same route)
116 bytes from N3 icmp_seq=265 ttl=49 time=2.41 ms	(same route)
116 bytes from N3 icmp_seq=266 ttl=49 time=2.25 ms	(same route)
116 bytes from N3 icmp_seq=267 ttl=49 time=2.49 ms	(same route)
116 bytes from N3 icmp_seq=268 ttl=49 time=3.13 ms	(same route)
116 bytes from N3 icmp_seq=269 ttl=49 time=2.24 ms	(same route)
116 bytes from N3 icmp_seq=270 ttl=49 time=20.88 ms	(same route)
116 bytes from N3 icmp_seq=271 ttl=49 time=215.54 ms	(same route)
116 bytes from N3 icmp_seq=272 ttl=49 time=3.09 ms	(same route)
116 bytes from N3 icmp_seq=273 ttl=49 time=17.09 ms	(same route)
116 bytes from N3 icmp_seq=274 ttl=49 time=5.26 ms	(same route)
116 bytes from N3 icmp_seq=275 ttl=49 time=8.00 ms	(same route)
116 bytes from N3 icmp_seq=276 ttl=49 time=63.34 ms	(same route)
116 bytes from N3 icmp_seq=277 ttl=49 time=4.38 ms	(same route)
116 bytes from N3 icmp_seq=278 ttl=49 time=9.01 ms	(same route)
116 bytes from N3 icmp_seq=279 ttl=49 time=3.02 ms	(same route)
116 bytes from N3 icmp_seq=280 ttl=49 time=18.68 ms	(same route)
116 bytes from N3 icmp_seq=281 ttl=49 time=6.94 ms	(same route)
116 bytes from N3 icmp_seq=282 ttl=49 time=7.20 ms	(same route)
116 bytes from N3 icmp_seq=283 ttl=49 time=59.24 ms	(same route)
116 bytes from N3 icmp_seq=284 ttl=49 time=6.24 ms	(same route)
116 bytes from N3 icmp_seq=285 ttl=49 time=2.37 ms	(same route)
116 bytes from N3 icmp_seq=286 ttl=49 time=2.67 ms	(same route)
116 bytes from N3 icmp_seq=287 ttl=49 time=22.71 ms	(same route)
116 bytes from N3 icmp_seq=288 ttl=49 time=495.81 ms	(same route)
116 bytes from N3 icmp_seq=289 ttl=49 time=634.07 ms	(same route)
116 bytes from N3 icmp_seq=290 ttl=49 time=7.94 ms	(same route)
116 bytes from N3 icmp_seq=291 ttl=49 time=65.98 ms	(same route)
116 bytes from N3 icmp_seq=292 ttl=49 time=4.43 ms	(same route)
116 bytes from N3 icmp_seq=293 ttl=49 time=212.47 ms	(same route)
116 bytes from N3 icmp_seq=294 ttl=49 time=11.13 ms	(same route)
116 bytes from N3 icmp_seq=295 ttl=49 time=25.84 ms	(same route)
116 bytes from N3 icmp_seq=296 ttl=49 time=512.20 ms	(same route)
116 bytes from N3 icmp_seq=297 ttl=49 time=107.76 ms	(same route)
116 bytes from N3 icmp_seq=298 ttl=49 time=514.07 ms	(same route)
116 bytes from N3 icmp_seq=299 ttl=49 time=122.23 ms	(same route)
116 bytes from N3 icmp_seq=300 ttl=49 time=2.51 ms	(same route)
--- N3 ping statistics ---
300 packets transmitted, 300 received, 0% packet loss
rtt min/avg/max/mdev = 2.201/40.345/875.252/110.016 ms
