PING N3 (00:00:0c:18:11:03) 116(144) bytes of data
116 bytes from N3 icmp_seq=1 ttl=49 time=100.45 ms
RR: 	N1
	N2
	N3
	N3
	N2
	N1

116 bytes from N3 icmp_seq=2 ttl=49 time=9.20 ms	(same route)
116 bytes from N3 icmp_seq=3 ttl=49 time=6.00 ms	(same route)
116 bytes from N3 icmp_seq=4 ttl=49 time=2.24 ms	(same route)
116 bytes from N3 icmp_seq=5 ttl=49 time=61.01 ms	(same route)
116 bytes from N3 icmp_seq=6 ttl=49 time=76.19 ms	(same route)
116 bytes from N3 icmp_seq=7 ttl=49 time=11.41 ms	(same route)
116 bytes from N3 icmp_seq=8 ttl=49 time=3.87 ms	(same route)
116 bytes from N3 icmp_seq=9 ttl=49 time=15.50 ms	(same route)
116 bytes from N3 icmp_seq=10 ttl=49 time=2.36 ms	(same route)
116 bytes from N3 icmp_seq=11 ttl=49 time=5.65 ms	(same route)
116 bytes from N3 icmp_seq=12 ttl=49 time=15.19 ms	(same route)
116 bytes from N3 icmp_seq=13 ttl=49 time=4.84 ms	(same route)
116 bytes from N3 icmp_seq=14 ttl=49 time=6.38 ms	(same route)
116 bytes from N3 icmp_seq=15 ttl=49 time=2.86 ms	(same route)
116 bytes from N3 icmp_seq=16 ttl=49 time=11.48 ms	(same route)
116 bytes from N3 icmp_seq=17 ttl=49 time=29.48 ms	(same route)
116 bytes from N3 icmp_seq=18 ttl=49 time=5.27 ms	(same route)
116 bytes from N3 icmp_seq=19 ttl=49 time=22.68 ms	(same route)
116 bytes from N3 icmp_seq=20 ttl=49 time=30.75 ms	(same route)
116 bytes from N3 icmp_seq=21 ttl=49 time=6.68 ms	(same route)
116 bytes from N3 icmp_seq=22 ttl=49 time=7.43 ms	(same route)
116 bytes from N3 icmp_seq=23 ttl=50 time=624.12 ms
RR: 	N1
	N2
	N3
	N3
	N1

116 bytes from N3 icmp_seq=24 ttl=50 time=7.12 ms	(same route)
116 bytes from N3 icmp_seq=25 ttl=50 time=53.04 ms	(same route)
116 bytes from N3 icmp_seq=26 ttl=50 time=279.44 ms	(same route)
Reply from host N3 timed out
116 bytes from N3 icmp_seq=28 ttl=50 time=7.57 ms	(same route)
116 bytes from N3 icmp_seq=29 ttl=50 time=372.94 ms	(same route)
116 bytes from N3 icmp_seq=30 ttl=50 time=3.86 ms	(same route)
Reply from host N3 timed out
116 bytes from N3 icmp_seq=32 ttl=49 time=783.63 ms
RR: 	N1
	N2
	N3
	N3
	N2
	N1

116 bytes from N3 icmp_seq=33 ttl=49 time=4.33 ms	(same route)
116 bytes from N3 icmp_seq=34 ttl=49 time=5.94 ms	(same route)
116 bytes from N3 icmp_seq=35 ttl=49 time=57.47 ms	(same route)
116 bytes from N3 icmp_seq=36 ttl=49 time=9.67 ms	(same route)
116 bytes from N3 icmp_seq=37 ttl=49 time=5.70 ms	(same route)
116 bytes from N3 icmp_seq=38 ttl=49 time=7.33 ms	(same route)
116 bytes from N3 icmp_seq=39 ttl=49 time=4.37 ms	(same route)
116 bytes from N3 icmp_seq=40 ttl=49 time=55.90 ms	(same route)
116 bytes from N3 icmp_seq=41 ttl=49 time=46.49 ms	(same route)
116 bytes from N3 icmp_seq=42 ttl=49 time=27.22 ms	(same route)
116 bytes from N3 icmp_seq=43 ttl=49 time=15.89 ms	(same route)
116 bytes from N3 icmp_seq=44 ttl=49 time=41.20 ms	(same route)
116 bytes from N3 icmp_seq=45 ttl=49 time=23.00 ms	(same route)
116 bytes from N3 icmp_seq=46 ttl=49 time=7.06 ms	(same route)
116 bytes from N3 icmp_seq=47 ttl=49 time=11.50 ms	(same route)
116 bytes from N3 icmp_seq=48 ttl=49 time=4.42 ms	(same route)
116 bytes from N3 icmp_seq=49 ttl=49 time=4.50 ms	(same route)
116 bytes from N3 icmp_seq=50 ttl=49 time=42.53 ms	(same route)
116 bytes from N3 icmp_seq=51 ttl=49 time=83.10 ms	(same route)
116 bytes from N3 icmp_seq=52 ttl=49 time=134.31 ms	(same route)
116 bytes from N3 icmp_seq=53 ttl=49 time=19.46 ms	(same route)
116 bytes from N3 icmp_seq=54 ttl=49 time=17.68 ms	(same route)
116 bytes from N3 icmp_seq=55 ttl=49 time=80.95 ms	(same route)
116 bytes from N3 icmp_seq=56 ttl=49 time=10.32 ms	(same route)
116 bytes from N3 icmp_seq=57 ttl=49 time=14.02 ms	(same route)
116 bytes from N3 icmp_seq=58 ttl=49 time=5.70 ms	(same route)
116 bytes from N3 icmp_seq=59 ttl=49 time=63.14 ms	(same route)
116 bytes from N3 icmp_seq=60 ttl=49 time=53.90 ms	(same route)
116 bytes from N3 icmp_seq=61 ttl=49 time=9.26 ms	(same route)
116 bytes from N3 icmp_seq=62 ttl=49 time=23.46 ms	(same route)
116 bytes from N3 icmp_seq=63 ttl=49 time=782.07 ms
RR: 	N1
	N3
	N3
	N2
	N1

116 bytes from N3 icmp_seq=64 ttl=49 time=15.97 ms	(same route)
116 bytes from N3 icmp_seq=65 ttl=49 time=936.99 ms	(same route)
116 bytes from N3 icmp_seq=66 ttl=49 time=361.91 ms	(same route)
116 bytes from N3 icmp_seq=67 ttl=49 time=377.49 ms	(same route)
116 bytes from N3 icmp_seq=68 ttl=49 time=837.10 ms	(same route)
Reply from host N3 timed out
Reply from host N3 timed out
116 bytes from N3 icmp_seq=71 ttl=49 time=755.54 ms	(same route)
116 bytes from N3 icmp_seq=72 ttl=49 time=1.79 ms	(same route)
116 bytes from N3 icmp_seq=73 ttl=49 time=1.84 ms	(same route)
116 bytes from N3 icmp_seq=74 ttl=49 time=8.22 ms	(same route)
116 bytes from N3 icmp_seq=75 ttl=49 time=4.85 ms	(same route)
116 bytes from N3 icmp_seq=76 ttl=49 time=199.49 ms	(same route)
116 bytes from N3 icmp_seq=77 ttl=49 time=149.26 ms	(same route)
116 bytes from N3 icmp_seq=78 ttl=49 time=630.06 ms	(same route)
116 bytes from N3 icmp_seq=79 ttl=49 time=21.89 ms	(same route)
116 bytes from N3 icmp_seq=80 ttl=49 time=3.27 ms	(same route)
116 bytes from N3 icmp_seq=81 ttl=49 time=4.86 ms	(same route)
116 bytes from N3 icmp_seq=82 ttl=49 time=779.60 ms	(same route)
116 bytes from N3 icmp_seq=83 ttl=49 time=515.76 ms	(same route)
116 bytes from N3 icmp_seq=84 ttl=49 time=91.03 ms	(same route)
116 bytes from N3 icmp_seq=85 ttl=49 time=322.30 ms	(same route)
116 bytes from N3 icmp_seq=86 ttl=49 time=154.78 ms	(same route)
116 bytes from N3 icmp_seq=87 ttl=49 time=14.43 ms	(same route)
116 bytes from N3 icmp_seq=88 ttl=49 time=324.75 ms	(same route)
116 bytes from N3 icmp_seq=89 ttl=49 time=1.94 ms	(same route)
116 bytes from N3 icmp_seq=90 ttl=49 time=502.51 ms	(same route)
116 bytes from N3 icmp_seq=91 ttl=49 time=16.26 ms	(same route)
116 bytes from N3 icmp_seq=92 ttl=49 time=2.22 ms	(same route)
116 bytes from N3 icmp_seq=93 ttl=49 time=580.19 ms	(same route)
116 bytes from N3 icmp_seq=94 ttl=49 time=585.05 ms	(same route)
116 bytes from N3 icmp_seq=95 ttl=49 time=745.75 ms	(same route)
116 bytes from N3 icmp_seq=96 ttl=49 time=848.12 ms	(same route)
116 bytes from N3 icmp_seq=97 ttl=49 time=489.11 ms	(same route)
116 bytes from N3 icmp_seq=98 ttl=49 time=1.86 ms	(same route)
116 bytes from N3 icmp_seq=99 ttl=49 time=10.16 ms	(same route)
116 bytes from N3 icmp_seq=100 ttl=49 time=5.57 ms	(same route)
116 bytes from N3 icmp_seq=101 ttl=49 time=22.56 ms	(same route)
116 bytes from N3 icmp_seq=102 ttl=49 time=64.49 ms	(same route)
116 bytes from N3 icmp_seq=103 ttl=49 time=766.04 ms	(same route)
116 bytes from N3 icmp_seq=104 ttl=49 time=805.51 ms	(same route)
Reply from host N3 timed out
116 bytes from N3 icmp_seq=106 ttl=49 time=685.73 ms	(same route)
116 bytes from N3 icmp_seq=107 ttl=49 time=467.15 ms	(same route)
116 bytes from N3 icmp_seq=108 ttl=49 time=675.81 ms	(same route)
116 bytes from N3 icmp_seq=109 ttl=49 time=604.05 ms	(same route)
116 bytes from N3 icmp_seq=110 ttl=49 time=701.28 ms	(same route)
116 bytes from N3 icmp_seq=111 ttl=49 time=355.29 ms	(same route)
116 bytes from N3 icmp_seq=112 ttl=49 time=815.45 ms	(same route)
116 bytes from N3 icmp_seq=113 ttl=49 time=3.63 ms	(same route)
116 bytes from N3 icmp_seq=114 ttl=49 time=64.25 ms	(same route)
116 bytes from N3 icmp_seq=115 ttl=49 time=15.10 ms	(same route)
116 bytes from N3 icmp_seq=116 ttl=49 time=2.89 ms	(same route)
116 bytes from N3 icmp_seq=117 ttl=49 time=1.74 ms	(same route)
116 bytes from N3 icmp_seq=118 ttl=49 time=3.25 ms	(same route)
116 bytes from N3 icmp_seq=119 ttl=49 time=712.04 ms	(same route)
116 bytes from N3 icmp_seq=120 ttl=49 time=1.78 ms	(same route)
116 bytes from N3 icmp_seq=121 ttl=49 time=3.39 ms	(same route)
116 bytes from N3 icmp_seq=122 ttl=49 time=1.70 ms	(same route)
116 bytes from N3 icmp_seq=123 ttl=49 time=296.95 ms	(same route)
116 bytes from N3 icmp_seq=124 ttl=49 time=68.72 ms	(same route)
116 bytes from N3 icmp_seq=125 ttl=49 time=160.93 ms	(same route)
116 bytes from N3 icmp_seq=126 ttl=49 time=3.17 ms	(same route)
116 bytes from N3 icmp_seq=127 ttl=49 time=1.85 ms	(same route)
116 bytes from N3 icmp_seq=128 ttl=49 time=4.56 ms	(same route)
Reply from host N3 timed out
116 bytes from N3 icmp_seq=130 ttl=49 time=805.71 ms	(same route)
116 bytes from N3 icmp_seq=131 ttl=49 time=424.93 ms	(same route)
116 bytes from N3 icmp_seq=132 ttl=49 time=633.13 ms	(same route)
116 bytes from N3 icmp_seq=133 ttl=49 time=24.83 ms	(same route)
116 bytes from N3 icmp_seq=134 ttl=49 time=309.66 ms	(same route)
116 bytes from N3 icmp_seq=135 ttl=49 time=5.37 ms	(same route)
116 bytes from N3 icmp_seq=136 ttl=49 time=789.50 ms	(same route)
116 bytes from N3 icmp_seq=137 ttl=49 time=17.69 ms	(same route)
116 bytes from N3 icmp_seq=138 ttl=49 time=6.77 ms	(same route)
116 bytes from N3 icmp_seq=139 ttl=49 time=557.10 ms	(same route)
116 bytes from N3 icmp_seq=140 ttl=49 time=684.65 ms	(same route)
116 bytes from N3 icmp_seq=141 ttl=49 time=983.49 ms	(same route)
116 bytes from N3 icmp_seq=142 ttl=49 time=876.90 ms	(same route)
116 bytes from N3 icmp_seq=143 ttl=49 time=25.71 ms	(same route)
Reply from host N3 timed out
116 bytes from N3 icmp_seq=145 ttl=49 time=705.46 ms	(same route)
116 bytes from N3 icmp_seq=146 ttl=49 time=494.54 ms	(same route)
116 bytes from N3 icmp_seq=147 ttl=49 time=3.42 ms	(same route)
116 bytes from N3 icmp_seq=148 ttl=49 time=3.81 ms	(same route)
Reply from host N3 timed out
116 bytes from N3 icmp_seq=150 ttl=49 time=793.24 ms	(same route)
Reply from host N3 timed out
116 bytes from N3 icmp_seq=152 ttl=49 time=31.77 ms	(same route)
116 bytes from N3 icmp_seq=153 ttl=49 time=833.40 ms	(same route)
116 bytes from N3 icmp_seq=154 ttl=49 time=6.32 ms	(same route)
116 bytes from N3 icmp_seq=155 ttl=49 time=320.87 ms	(same route)
116 bytes from N3 icmp_seq=156 ttl=49 time=9.11 ms	(same route)
116 bytes from N3 icmp_seq=157 ttl=49 time=2.80 ms	(same route)
116 bytes from N3 icmp_seq=158 ttl=49 time=5.96 ms	(same route)
116 bytes from N3 icmp_seq=159 ttl=49 time=9.70 ms	(same route)
116 bytes from N3 icmp_seq=160 ttl=49 time=4.69 ms
RR: 	N1
	N2
	N3
	N3
	N2
	N1

116 bytes from N3 icmp_seq=161 ttl=49 time=18.05 ms	(same route)
116 bytes from N3 icmp_seq=162 ttl=49 time=2.48 ms	(same route)
116 bytes from N3 icmp_seq=163 ttl=49 time=4.67 ms	(same route)
116 bytes from N3 icmp_seq=164 ttl=49 time=4.94 ms	(same route)
116 bytes from N3 icmp_seq=165 ttl=49 time=6.48 ms	(same route)
116 bytes from N3 icmp_seq=166 ttl=49 time=2.86 ms	(same route)
116 bytes from N3 icmp_seq=167 ttl=49 time=4.88 ms	(same route)
116 bytes from N3 icmp_seq=168 ttl=49 time=5.77 ms	(same route)
116 bytes from N3 icmp_seq=169 ttl=49 time=7.34 ms	(same route)
116 bytes from N3 icmp_seq=170 ttl=49 time=5.53 ms	(same route)
116 bytes from N3 icmp_seq=171 ttl=49 time=3.77 ms	(same route)
116 bytes from N3 icmp_seq=172 ttl=49 time=3.48 ms	(same route)
116 bytes from N3 icmp_seq=173 ttl=49 time=2.68 ms	(same route)
116 bytes from N3 icmp_seq=174 ttl=49 time=10.07 ms	(same route)
116 bytes from N3 icmp_seq=175 ttl=49 time=4.50 ms
RR: 	N1
	N3
	N3
	N2
	N1

116 bytes from N3 icmp_seq=176 ttl=49 time=28.19 ms	(same route)
116 bytes from N3 icmp_seq=177 ttl=49 time=27.86 ms	(same route)
116 bytes from N3 icmp_seq=178 ttl=49 time=1.76 ms	(same route)
116 bytes from N3 icmp_seq=179 ttl=49 time=1.94 ms	(same route)
116 bytes from N3 icmp_seq=180 ttl=49 time=1.78 ms	(same route)
116 bytes from N3 icmp_seq=181 ttl=49 time=45.69 ms	(same route)
116 bytes from N3 icmp_seq=182 ttl=49 time=7.30 ms
RR: 	N1
	N2
	N3
	N3
	N2
	N1

116 bytes from N3 icmp_seq=183 ttl=49 time=2.29 ms	(same route)
116 bytes from N3 icmp_seq=184 ttl=49 time=2.59 ms	(same route)
116 bytes from N3 icmp_seq=185 ttl=49 time=4.23 ms	(same route)
116 bytes from N3 icmp_seq=186 ttl=49 time=30.79 ms	(same route)
116 bytes from N3 icmp_seq=187 ttl=49 time=13.90 ms	(same route)
116 bytes from N3 icmp_seq=188 ttl=49 time=12.60 ms	(same route)
116 bytes from N3 icmp_seq=189 ttl=49 time=3.01 ms	(same route)
116 bytes from N3 icmp_seq=190 ttl=49 time=2.76 ms	(same route)
116 bytes from N3 icmp_seq=191 ttl=49 time=7.51 ms	(same route)
Reply from host N3 timed out
116 bytes from N3 icmp_seq=193 ttl=49 time=919.90 ms
RR: 	N1
	N3
	N3
	N2
	N1

116 bytes from N3 icmp_seq=194 ttl=49 time=549.81 ms	(same route)
116 bytes from N3 icmp_seq=195 ttl=49 time=828.81 ms	(same route)
116 bytes from N3 icmp_seq=196 ttl=49 time=1.84 ms	(same route)
116 bytes from N3 icmp_seq=197 ttl=49 time=1.83 ms	(same route)
116 bytes from N3 icmp_seq=198 ttl=49 time=82.10 ms	(same route)
116 bytes from N3 icmp_seq=199 ttl=49 time=2.49 ms	(same route)
116 bytes from N3 icmp_seq=200 ttl=49 time=2.29 ms
RR: 	N1
	N2
	N3
	N3
	N2
	N1

116 bytes from N3 icmp_seq=201 ttl=49 time=9.57 ms	(same route)
116 bytes from N3 icmp_seq=202 ttl=49 time=35.59 ms	(same route)
116 bytes from N3 icmp_seq=203 ttl=49 time=125.00 ms	(same route)
116 bytes from N3 icmp_seq=204 ttl=49 time=292.86 ms	(same route)
116 bytes from N3 icmp_seq=205 ttl=49 time=671.70 ms	(same route)
116 bytes from N3 icmp_seq=206 ttl=49 time=175.14 ms	(same route)
116 bytes from N3 icmp_seq=207 ttl=49 time=425.53 ms	(same route)
116 bytes from N3 icmp_seq=208 ttl=49 time=2.68 ms	(same route)
116 bytes from N3 icmp_seq=209 ttl=49 time=2.53 ms	(same route)
116 bytes from N3 icmp_seq=210 ttl=49 time=9.02 ms	(same route)
116 bytes from N3 icmp_seq=211 ttl=49 time=3.01 ms	(same route)
116 bytes from N3 icmp_seq=212 ttl=49 time=70.53 ms	(same route)
116 bytes from N3 icmp_seq=213 ttl=49 time=6.53 ms	(same route)
116 bytes from N3 icmp_seq=214 ttl=49 time=32.86 ms	(same route)
116 bytes from N3 icmp_seq=215 ttl=49 time=3.26 ms	(same route)
116 bytes from N3 icmp_seq=216 ttl=49 time=2.80 ms	(same route)
116 bytes from N3 icmp_seq=217 ttl=49 time=25.33 ms	(same route)
116 bytes from N3 icmp_seq=218 ttl=49 time=12.44 ms	(same route)
116 bytes from N3 icmp_seq=219 ttl=49 time=25.54 ms	(same route)
116 bytes from N3 icmp_seq=220 ttl=49 time=96.97 ms	(same route)
116 bytes from N3 icmp_seq=221 ttl=49 time=184.37 ms	(same route)
116 bytes from N3 icmp_seq=222 ttl=49 time=2.41 ms	(same route)
116 bytes from N3 icmp_seq=223 ttl=49 time=2.45 ms	(same route)
116 bytes from N3 icmp_seq=224 ttl=49 time=2.34 ms	(same route)
116 bytes from N3 icmp_seq=225 ttl=49 time=4.53 ms	(same route)
116 bytes from N3 icmp_seq=226 ttl=49 time=122.69 ms
RR: 	N1
	N3
	N3
	N2
	N1

116 bytes from N3 icmp_seq=227 ttl=49 time=12.82 ms	(same route)
116 bytes from N3 icmp_seq=228 ttl=49 time=28.89 ms	(same route)
116 bytes from N3 icmp_seq=229 ttl=49 time=3.67 ms	(same route)
116 bytes from N3 icmp_seq=230 ttl=49 time=149.19 ms	(same route)
116 bytes from N3 icmp_seq=231 ttl=49 time=120.27 ms	(same route)
116 bytes from N3 icmp_seq=232 ttl=49 time=198.58 ms	(same route)
116 bytes from N3 icmp_seq=233 ttl=49 time=314.79 ms	(same route)
116 bytes from N3 icmp_seq=234 ttl=49 time=45.87 ms	(same route)
116 bytes from N3 icmp_seq=235 ttl=49 time=14.11 ms	(same route)
116 bytes from N3 icmp_seq=236 ttl=49 time=1.69 ms	(same route)
Reply from host N3 timed out
Reply from host N3 timed out
116 bytes from N3 icmp_seq=239 ttl=49 time=7.27 ms	(same route)
116 bytes from N3 icmp_seq=240 ttl=49 time=737.23 ms	(same route)
116 bytes from N3 icmp_seq=241 ttl=49 time=283.43 ms	(same route)
116 bytes from N3 icmp_seq=242 ttl=49 time=591.89 ms	(same route)
Reply from host N3 timed out
Reply from host N3 timed out
116 bytes from N3 icmp_seq=245 ttl=49 time=12.72 ms	(same route)
116 bytes from N3 icmp_seq=246 ttl=49 time=55.82 ms	(same route)
116 bytes from N3 icmp_seq=247 ttl=49 time=1.81 ms	(same route)
116 bytes from N3 icmp_seq=248 ttl=49 time=16.50 ms
RR: 	N1
	N2
	N3
	N3
	N2
	N1

116 bytes from N3 icmp_seq=249 ttl=49 time=8.49 ms	(same route)
116 bytes from N3 icmp_seq=250 ttl=49 time=3.04 ms	(same route)
116 bytes from N3 icmp_seq=251 ttl=49 time=8.65 ms	(same route)
116 bytes from N3 icmp_seq=252 ttl=49 time=4.49 ms	(same route)
116 bytes from N3 icmp_seq=253 ttl=49 time=5.50 ms	(same route)
116 bytes from N3 icmp_seq=254 ttl=49 time=78.93 ms	(same route)
116 bytes from N3 icmp_seq=255 ttl=49 time=20.57 ms	(same route)
116 bytes from N3 icmp_seq=256 ttl=49 time=42.85 ms	(same route)
116 bytes from N3 icmp_seq=257 ttl=49 time=20.91 ms	(same route)
116 bytes from N3 icmp_seq=258 ttl=49 time=6.34 ms	(same route)
116 bytes from N3 icmp_seq=259 ttl=49 time=2.13 ms	(same route)
116 bytes from N3 icmp_seq=260 ttl=49 time=95.08 ms	(same route)
116 bytes from N3 icmp_seq=261 ttl=49 time=2.17 ms	(same route)
116 bytes from N3 icmp_seq=262 ttl=49 time=3.60 ms	(same route)
116 bytes from N3 icmp_seq=263 ttl=49 time=6.90 ms	(same route)
116 bytes from N3 icmp_seq=264 ttl=49 time=5.87 ms	(same route)
116 bytes from N3 icmp_seq=265 ttl=49 time=4.00 ms	(same route)
116 bytes from N3 icmp_seq=266 ttl=49 time=6.85 ms	(same route)
116 bytes from N3 icmp_seq=267 ttl=49 time=8.51 ms	(same route)
116 bytes from N3 icmp_seq=268 ttl=49 time=2.72 ms	(same route)
116 bytes from N3 icmp_seq=269 ttl=49 time=23.77 ms	(same route)
116 bytes from N3 icmp_seq=270 ttl=49 time=5.42 ms	(same route)
116 bytes from N3 icmp_seq=271 ttl=49 time=4.39 ms	(same route)
116 bytes from N3 icmp_seq=272 ttl=49 time=10.51 ms	(same route)
116 bytes from N3 icmp_seq=273 ttl=49 time=251.59 ms	(same route)
116 bytes from N3 icmp_seq=274 ttl=49 time=59.92 ms	(same route)
116 bytes from N3 icmp_seq=275 ttl=49 time=45.49 ms	(same route)
116 bytes from N3 icmp_seq=276 ttl=49 time=14.76 ms	(same route)
116 bytes from N3 icmp_seq=277 ttl=49 time=12.78 ms	(same route)
116 bytes from N3 icmp_seq=278 ttl=49 time=11.14 ms	(same route)
116 bytes from N3 icmp_seq=279 ttl=49 time=8.55 ms	(same route)
116 bytes from N3 icmp_seq=280 ttl=49 time=6.72 ms	(same route)
116 bytes from N3 icmp_seq=281 ttl=49 time=12.04 ms	(same route)
116 bytes from N3 icmp_seq=282 ttl=49 time=6.06 ms	(same route)
116 bytes from N3 icmp_seq=283 ttl=49 time=10.33 ms	(same route)
116 bytes from N3 icmp_seq=284 ttl=49 time=44.34 ms	(same route)
116 bytes from N3 icmp_seq=285 ttl=49 time=34.47 ms	(same route)
116 bytes from N3 icmp_seq=286 ttl=49 time=14.13 ms	(same route)
116 bytes from N3 icmp_seq=287 ttl=49 time=13.19 ms	(same route)
116 bytes from N3 icmp_seq=288 ttl=49 time=6.30 ms	(same route)
116 bytes from N3 icmp_seq=289 ttl=49 time=69.15 ms	(same route)
Reply from host N3 timed out
116 bytes from N3 icmp_seq=291 ttl=50 time=38.50 ms
RR: 	N1
	N2
	N3
	N3
	N1

116 bytes from N3 icmp_seq=292 ttl=50 time=14.60 ms	(same route)
116 bytes from N3 icmp_seq=293 ttl=50 time=37.80 ms	(same route)
116 bytes from N3 icmp_seq=294 ttl=50 time=7.34 ms	(same route)
116 bytes from N3 icmp_seq=295 ttl=50 time=257.51 ms	(same route)
116 bytes from N3 icmp_seq=296 ttl=50 time=4.68 ms	(same route)
116 bytes from N3 icmp_seq=297 ttl=50 time=16.47 ms	(same route)
116 bytes from N3 icmp_seq=298 ttl=50 time=4.80 ms	(same route)
116 bytes from N3 icmp_seq=299 ttl=50 time=424.13 ms	(same route)
116 bytes from N3 icmp_seq=300 ttl=50 time=552.44 ms	(same route)
--- N3 ping statistics ---
305 packets transmitted, 285 received, 6% packet loss
rtt min/avg/max/mdev = 1.693/144.555/983.488/252.644 ms
