1 1 N5 N2 158 0.410 1
1 2 N5 N5 0 0.410 0
1 3 N1 N2 156 0.500 1
1 4 N1 N1 106 0.500 0
1 5 N2 N1 82 0.260 0
1 6 N2 N2 190 0.260 1
1 7 N4 N1 41 0.160 0
1 8 N4 N4 217 0.160 1
2 1 N5 N2 159 0.000 1
2 2 N5 N5 0 0.000 0
2 3 N1 N2 156 0.470 1
2 4 N1 N1 107 0.470 0
2 5 N2 N1 83 0.460 0
2 6 N2 N2 192 0.460 1
2 7 N4 N1 41 0.090 0
2 8 N4 N4 216 0.090 1
3 1 N5 N2 158 0.560 1
3 2 N5 N5 0 0.560 0
3 3 N1 N2 155 0.640 1
3 4 N1 N1 109 0.640 0
3 5 N2 N1 84 0.030 0
3 6 N2 N2 191 0.030 1
3 7 N4 N1 42 0.120 0
3 8 N4 N4 214 0.120 1
4 1 N5 N2 156 0.050 1
4 2 N5 N5 0 0.050 0
4 3 N1 N2 154 0.040 1
4 4 N1 N1 112 0.040 0
4 5 N2 N1 83 0.070 0
4 6 N2 N2 190 0.070 1
4 7 N4 N1 42 0.160 0
4 8 N4 N4 212 0.160 1
5 1 N5 N2 155 0.220 1
5 2 N5 N5 0 0.220 0
5 3 N1 N2 152 0.060 1
5 4 N1 N1 114 0.060 0
5 5 N2 N1 82 0.100 0
5 6 N2 N2 189 0.100 1
5 7 N4 N1 42 0.880 0
5 8 N4 N4 212 0.880 1
6 1 N5 N2 154 0.170 1
6 2 N5 N5 0 0.170 0
6 3 N1 N2 150 0.110 1
6 4 N1 N1 113 0.110 0
6 5 N2 N1 80 0.030 0
6 6 N2 N2 188 0.030 1
6 7 N4 N1 42 0.330 0
6 8 N4 N4 212 0.330 1
7 1 N5 N2 153 0.230 1
7 2 N5 N5 0 0.230 0
7 3 N1 N2 148 0.110 1
7 4 N1 N1 112 0.110 0
7 5 N2 N1 80 0.080 0
7 6 N2 N2 186 0.080 1
7 7 N4 N1 43 0.440 0
7 8 N4 N4 212 0.440 1
8 1 N5 N2 152 0.360 1
8 2 N5 N5 0 0.360 0
8 3 N1 N2 148 0.140 1
8 4 N1 N1 111 0.140 0
8 5 N2 N1 81 0.120 0
8 6 N2 N2 186 0.120 1
8 7 N4 N1 44 0.330 0
8 8 N4 N4 213 0.330 1
9 1 N5 N2 152 0.290 1
9 2 N5 N5 0 0.290 0
9 3 N1 N2 149 0.180 1
9 4 N1 N1 111 0.180 0
9 5 N2 N1 84 0.270 0
9 6 N2 N2 185 0.270 1
9 7 N4 N1 45 0.060 0
9 8 N4 N4 214 0.060 1
10 1 N5 N2 151 0.310 1
10 2 N5 N5 0 0.310 0
10 3 N1 N2 149 0.230 1
10 4 N1 N1 112 0.230 0
10 5 N2 N1 90 0.200 0
10 6 N2 N2 185 0.200 1
10 7 N4 N1 45 1.130 0
10 8 N4 N4 214 1.130 1
11 1 N5 N2 151 0.360 1
11 2 N5 N5 0 0.360 0
11 3 N1 N2 150 0.770 1
11 4 N1 N1 113 0.770 0
11 5 N2 N1 97 0.230 0
11 6 N2 N2 187 0.230 1
11 7 N4 N1 48 0.120 0
11 8 N4 N4 215 0.120 1
12 1 N5 N2 150 0.400 1
12 2 N5 N5 0 0.400 0
12 3 N1 N2 150 0.290 1
12 4 N1 N1 116 0.290 0
12 5 N2 N1 99 0.280 0
12 6 N2 N2 188 0.280 1
12 7 N4 N1 48 0.170 0
12 8 N4 N4 216 0.170 1
13 1 N5 N2 150 0.450 1
13 2 N5 N5 0 0.450 0
13 3 N1 N2 152 0.350 1
13 4 N1 N1 121 0.350 0
13 5 N2 N1 101 0.340 0
13 6 N2 N2 189 0.340 1
13 7 N4 N1 53 0.200 0
13 8 N4 N4 220 0.200 1
14 1 N5 N2 151 0.090 1
14 2 N5 N5 0 0.090 0
14 3 N1 N2 153 0.370 1
14 4 N1 N1 125 0.370 0
14 5 N2 N1 105 0.350 0
14 6 N2 N2 191 0.350 1
14 7 N4 N1 56 0.050 0
14 8 N4 N4 224 0.050 1
15 1 N5 N2 151 0.050 1
15 2 N5 N5 0 0.050 0
15 3 N1 N2 154 0.930 1
15 4 N1 N1 126 0.930 0
15 5 N2 N1 108 0.370 0
15 6 N2 N2 193 0.370 1
15 7 N4 N1 61 0.620 0
15 8 N4 N4 225 0.620 1
16 1 N5 N2 152 0.130 1
16 2 N5 N5 0 0.130 0
16 3 N1 N2 157 0.090 1
16 4 N1 N1 137 0.090 0
16 5 N2 N1 116 0.420 0
16 6 N2 N2 195 0.420 1
16 7 N4 N1 69 0.190 0
16 8 N4 N4 228 0.190 1
17 1 N5 N2 153 0.720 1
17 2 N5 N5 0 0.720 0
17 3 N1 N2 163 0.030 1
17 4 N1 N1 142 0.030 0
17 5 N2 N1 119 0.120 0
17 6 N2 N2 197 0.120 1
17 7 N4 N1 69 0.270 0
17 8 N4 N4 232 0.270 1
18 1 N5 N2 154 0.250 1
18 2 N5 N5 0 0.250 0
18 3 N1 N2 164 0.070 1
18 4 N1 N1 146 0.070 0
18 5 N2 N1 123 0.030 0
18 6 N2 N2 199 0.030 1
18 7 N4 N1 74 0.030 0
18 8 N4 N4 235 0.030 1
19 1 N5 N2 155 0.260 1
19 2 N5 N5 0 0.260 0
19 3 N1 N2 163 0.130 1
19 4 N1 N1 150 0.130 0
19 5 N2 N1 125 0.050 0
19 6 N2 N2 199 0.050 1
19 7 N4 N1 76 0.360 0
19 8 N4 N4 238 0.360 1
20 1 N5 N2 155 0.930 1
20 2 N5 N5 0 0.930 0
20 3 N1 N2 162 0.160 1
20 4 N1 N1 154 0.160 0
20 5 N2 N1 127 0.600 0
20 6 N2 N2 199 0.600 1
20 7 N4 N1 79 0.400 0
20 8 N4 N4 240 0.400 1
21 1 N5 N2 155 0.460 1
21 2 N5 N5 0 0.460 0
21 3 N1 N2 157 0.230 1
21 4 N1 N1 157 0.230 0
21 5 N2 N1 128 0.100 0
21 6 N2 N2 198 0.100 1
21 7 N4 N1 79 0.100 0
21 8 N4 N4 239 0.100 1
22 1 N5 N2 155 0.380 1
22 2 N5 N5 0 0.380 0
22 3 N1 N2 153 0.170 0
22 4 N1 N1 157 0.170 1
22 5 N2 N1 128 0.140 0
22 6 N2 N2 197 0.140 1
22 7 N4 N1 78 0.140 0
22 8 N4 N4 239 0.140 1
23 1 N5 N2 154 0.030 1
23 2 N5 N5 0 0.030 0
23 3 N1 N2 149 0.230 0
23 4 N1 N1 156 0.230 1
23 5 N2 N1 127 0.190 0
23 6 N2 N2 196 0.190 1
23 7 N4 N1 77 0.230 0
23 8 N4 N4 238 0.230 1
24 1 N5 N2 154 0.060 1
24 2 N5 N5 0 0.060 0
24 3 N1 N2 146 0.490 0
24 4 N1 N1 153 0.490 1
24 5 N2 N1 127 0.200 0
24 6 N2 N2 195 0.200 1
24 7 N4 N1 77 0.060 0
24 8 N4 N4 238 0.060 1
25 1 N5 N2 153 0.090 1
25 2 N5 N5 0 0.090 0
25 3 N1 N2 143 0.050 0
25 4 N1 N1 149 0.050 1
25 5 N2 N1 126 0.250 0
25 6 N2 N2 191 0.250 1
25 7 N4 N1 76 0.070 0
25 8 N4 N4 237 0.070 1
26 1 N5 N2 152 0.530 1
26 2 N5 N5 0 0.530 0
26 3 N1 N2 141 0.110 0
26 4 N1 N1 145 0.110 1
26 5 N2 N1 124 0.280 0
26 6 N2 N2 185 0.280 1
26 7 N4 N1 76 0.160 0
26 8 N4 N4 237 0.160 1
27 1 N5 N2 150 0.080 1
27 2 N5 N5 0 0.080 0
27 3 N1 N2 138 0.040 0
27 4 N1 N1 143 0.040 1
27 5 N2 N1 124 0.450 0
27 6 N2 N2 184 0.450 1
27 7 N4 N1 75 0.660 0
27 8 N4 N4 237 0.660 1
28 1 N5 N2 149 0.120 1
28 2 N5 N5 0 0.120 0
28 3 N1 N2 136 0.070 0
28 4 N1 N1 140 0.070 1
28 5 N2 N1 123 0.370 0
28 6 N2 N2 181 0.370 1
28 7 N4 N1 75 0.270 0
28 8 N4 N4 238 0.270 1
29 1 N5 N2 149 0.260 1
29 2 N5 N5 0 0.260 0
29 3 N1 N2 133 0.120 0
29 4 N1 N1 137 0.120 1
29 5 N2 N1 118 0.330 0
29 6 N2 N2 179 0.330 1
29 7 N4 N1 72 0.320 0
29 8 N4 N4 238 0.320 1
30 1 N5 N2 148 0.200 1
30 2 N5 N5 0 0.200 0
30 3 N1 N2 132 0.050 0
30 4 N1 N1 133 0.050 1
30 5 N2 N1 108 0.060 0
30 6 N2 N2 177 0.060 1
30 7 N4 N1 72 0.350 0
30 8 N4 N4 238 0.350 1
31 1 N5 N2 145 0.250 1
31 2 N5 N5 0 0.250 0
31 3 N1 N2 131 0.340 1
31 4 N1 N1 128 0.340 0
31 5 N2 N1 106 0.020 0
31 6 N2 N2 174 0.020 1
31 7 N4 N1 69 0.410 0
31 8 N4 N4 238 0.410 1
32 1 N5 N2 143 0.270 1
32 2 N5 N5 0 0.270 0
32 3 N1 N2 128 0.270 1
32 4 N1 N1 123 0.270 0
32 5 N2 N1 100 0.090 0
32 6 N2 N2 172 0.090 1
32 7 N4 N1 67 0.440 0
32 8 N4 N4 238 0.440 1
33 1 N5 N2 141 0.320 1
33 2 N5 N5 0 0.320 0
33 3 N1 N2 124 0.320 1
33 4 N1 N1 118 0.320 0
33 5 N2 N1 96 0.140 0
33 6 N2 N2 171 0.140 1
33 7 N4 N1 67 0.990 0
33 8 N4 N4 238 0.990 1
34 1 N5 N2 141 0.460 1
34 2 N5 N5 0 0.460 0
34 3 N1 N2 125 0.870 1
34 4 N1 N1 115 0.870 0
34 5 N2 N1 93 0.170 0
34 6 N2 N2 170 0.170 1
34 7 N4 N1 63 0.170 0
34 8 N4 N4 239 0.170 1
35 1 N5 N2 140 0.360 1
35 2 N5 N5 0 0.360 0
35 3 N1 N2 124 0.420 1
35 4 N1 N1 111 0.420 0
35 5 N2 N1 93 0.240 0
35 6 N2 N2 169 0.240 1
35 7 N4 N1 61 0.070 0
35 8 N4 N4 239 0.070 1
36 1 N5 N2 139 0.420 1
36 2 N5 N5 0 0.420 0
36 3 N1 N2 124 0.500 1
36 4 N1 N1 108 0.500 0
36 5 N2 N1 93 0.280 0
36 6 N2 N2 168 0.280 1
36 7 N4 N1 62 0.110 0
36 8 N4 N4 238 0.110 1
37 1 N5 N2 139 0.460 1
37 2 N5 N5 0 0.460 0
37 3 N1 N2 125 0.120 1
37 4 N1 N1 108 0.120 0
37 5 N2 N1 93 0.320 0
37 6 N2 N2 169 0.320 1
37 7 N4 N1 62 0.320 0
37 8 N4 N4 236 0.320 1
38 1 N5 N2 139 0.100 1
38 2 N5 N5 0 0.100 0
38 3 N1 N2 128 0.070 1
38 4 N1 N1 107 0.070 0
38 5 N2 N1 94 0.360 0
38 6 N2 N2 169 0.360 1
38 7 N4 N1 61 0.180 0
38 8 N4 N4 236 0.180 1
39 1 N5 N2 140 0.040 1
39 2 N5 N5 0 0.040 0
39 3 N1 N2 128 0.120 1
39 4 N1 N1 107 0.120 0
39 5 N2 N1 95 0.370 0
39 6 N2 N2 169 0.370 1
39 7 N4 N1 62 0.220 0
39 8 N4 N4 234 0.220 1
40 1 N5 N2 140 0.090 1
40 2 N5 N5 0 0.090 0
40 3 N1 N2 128 0.290 1
40 4 N1 N1 105 0.290 0
40 5 N2 N1 96 0.060 0
40 6 N2 N2 169 0.060 1
40 7 N4 N1 62 0.260 0
40 8 N4 N4 232 0.260 1
41 1 N5 N2 141 0.250 1
41 2 N5 N5 0 0.250 0
41 3 N1 N2 129 0.160 1
41 4 N1 N1 104 0.160 0
41 5 N2 N1 94 0.070 0
41 6 N2 N2 169 0.070 1
41 7 N4 N1 61 0.290 0
41 8 N4 N4 231 0.290 1
42 1 N5 N2 141 0.140 1
42 2 N5 N5 0 0.140 0
42 3 N1 N2 130 0.230 1
42 4 N1 N1 102 0.230 0
42 5 N2 N1 89 0.520 0
42 6 N2 N2 169 0.520 1
42 7 N4 N1 56 0.020 0
42 8 N4 N4 231 0.020 1
43 1 N5 N2 143 0.210 1
43 2 N5 N5 0 0.210 0
43 3 N1 N2 131 0.300 1
43 4 N1 N1 101 0.300 0
43 5 N2 N1 87 0.120 0
43 6 N2 N2 170 0.120 1
43 7 N4 N1 55 0.390 0
43 8 N4 N4 231 0.390 1
44 1 N5 N2 145 0.250 1
44 2 N5 N5 0 0.250 0
44 3 N1 N2 133 0.340 1
44 4 N1 N1 99 0.340 0
44 5 N2 N1 80 0.040 0
44 6 N2 N2 171 0.040 1
44 7 N4 N1 51 0.110 0
44 8 N4 N4 230 0.110 1
45 1 N5 N2 146 0.280 1
45 2 N5 N5 0 0.280 0
45 3 N1 N2 134 0.350 1
45 4 N1 N1 99 0.350 0
45 5 N2 N1 78 0.100 0
45 6 N2 N2 172 0.100 1
45 7 N4 N1 48 0.530 0
45 8 N4 N4 229 0.530 1
46 1 N5 N2 148 0.330 1
46 2 N5 N5 0 0.330 0
46 3 N1 N2 136 0.010 1
46 4 N1 N1 96 0.010 0
46 5 N2 N1 78 0.280 0
46 6 N2 N2 172 0.280 1
46 7 N4 N1 47 0.040 0
46 8 N4 N4 227 0.040 1
47 1 N5 N2 149 0.400 1
47 2 N5 N5 0 0.400 0
47 3 N1 N2 138 0.480 1
47 4 N1 N1 95 0.480 0
47 5 N2 N1 77 0.230 0
47 6 N2 N2 172 0.230 1
47 7 N4 N1 46 0.100 0
47 8 N4 N4 226 0.100 1
48 1 N5 N2 150 0.080 1
48 2 N5 N5 0 0.080 0
48 3 N1 N2 140 0.100 1
48 4 N1 N1 92 0.100 0
48 5 N2 N1 76 0.270 0
48 6 N2 N2 173 0.270 1
48 7 N4 N1 45 0.140 0
48 8 N4 N4 225 0.140 1
49 1 N5 N2 150 0.030 1
49 2 N5 N5 0 0.030 0
49 3 N1 N2 141 0.030 1
49 4 N1 N1 89 0.030 0
49 5 N2 N1 74 0.280 0
49 6 N2 N2 173 0.280 1
49 7 N4 N1 45 1.210 0
49 8 N4 N4 225 1.210 1
50 1 N5 N2 151 0.080 1
50 2 N5 N5 0 0.080 0
50 3 N1 N2 142 0.040 1
50 4 N1 N1 88 0.040 0
50 5 N2 N1 74 0.440 0
50 6 N2 N2 173 0.440 1
50 7 N4 N1 45 0.160 0
50 8 N4 N4 225 0.160 1
51 1 N5 N2 152 0.100 1
51 2 N5 N5 0 0.100 0
51 3 N1 N2 142 0.590 1
51 4 N1 N1 88 0.590 0
51 5 N2 N1 70 0.330 0
51 6 N2 N2 175 0.330 1
51 7 N4 N1 44 0.380 0
51 8 N4 N4 225 0.380 1
52 1 N5 N2 153 0.130 1
52 2 N5 N5 0 0.130 0
52 3 N1 N2 142 0.130 1
52 4 N1 N1 88 0.130 0
52 5 N2 N1 68 0.340 0
52 6 N2 N2 175 0.340 1
52 7 N4 N1 44 0.240 0
52 8 N4 N4 227 0.240 1
53 1 N5 N2 153 0.180 1
53 2 N5 N5 0 0.180 0
53 3 N1 N2 142 0.680 1
53 4 N1 N1 87 0.680 0
53 5 N2 N1 67 0.380 0
53 6 N2 N2 175 0.380 1
53 7 N4 N1 43 0.300 0
53 8 N4 N4 229 0.300 1
54 1 N5 N2 153 0.360 1
54 2 N5 N5 0 0.360 0
54 3 N1 N2 144 0.300 1
54 4 N1 N1 85 0.300 0
54 5 N2 N1 65 0.010 0
54 6 N2 N2 174 0.010 1
54 7 N4 N1 43 0.370 0
54 8 N4 N4 231 0.370 1
55 1 N5 N2 153 0.290 1
55 2 N5 N5 0 0.290 0
55 3 N1 N2 144 0.210 1
55 4 N1 N1 84 0.210 0
55 5 N2 N1 65 0.080 0
55 6 N2 N2 174 0.080 1
55 7 N4 N1 42 0.100 0
55 8 N4 N4 233 0.100 1
56 1 N5 N2 153 0.350 1
56 2 N5 N5 0 0.350 0
56 3 N1 N2 144 0.400 1
56 4 N1 N1 82 0.400 0
56 5 N2 N1 64 0.110 0
56 6 N2 N2 174 0.110 1
56 7 N4 N1 42 0.480 0
56 8 N4 N4 236 0.480 1
57 1 N5 N2 153 0.500 1
57 2 N5 N5 0 0.500 0
57 3 N1 N2 143 0.430 1
57 4 N1 N1 81 0.430 0
57 5 N2 N1 64 0.050 0
57 6 N2 N2 173 0.050 1
57 7 N4 N1 40 0.000 0
57 8 N4 N4 240 0.000 1
58 1 N5 N2 152 0.030 1
58 2 N5 N5 0 0.030 0
58 3 N1 N2 143 0.360 1
58 4 N1 N1 80 0.360 0
58 5 N2 N1 63 0.240 0
58 6 N2 N2 172 0.240 1
58 7 N4 N1 39 0.030 0
58 8 N4 N4 241 0.030 1
59 1 N5 N2 152 0.070 1
59 2 N5 N5 0 0.070 0
59 3 N1 N2 139 0.030 1
59 4 N1 N1 81 0.030 0
59 5 N2 N1 62 0.260 0
59 6 N2 N2 171 0.260 1
59 7 N4 N1 40 0.150 0
59 8 N4 N4 242 0.150 1
60 1 N5 N2 152 0.110 1
60 2 N5 N5 0 0.110 0
60 3 N1 N2 137 0.060 1
60 4 N1 N1 82 0.060 0
60 5 N2 N1 65 0.330 0
60 6 N2 N2 170 0.330 1
60 7 N4 N1 41 0.200 0
60 8 N4 N4 242 0.200 1
61 1 N5 N2 152 0.290 1
61 2 N5 N5 0 0.290 0
61 3 N1 N2 137 1.140 1
61 4 N1 N1 82 1.140 0
61 5 N2 N1 67 0.400 0
61 6 N2 N2 170 0.400 1
61 7 N4 N1 41 1.280 0
61 8 N4 N4 242 1.280 1
62 1 N5 N2 151 0.350 1
62 2 N5 N5 0 0.350 0
62 3 N1 N2 137 0.470 1
62 4 N1 N1 82 0.470 0
62 5 N2 N1 68 0.070 0
62 6 N2 N2 170 0.070 1
62 7 N4 N1 41 0.510 0
62 8 N4 N4 243 0.510 1
63 1 N5 N2 150 0.790 1
63 2 N5 N5 0 0.790 0
63 3 N1 N2 137 0.230 1
63 4 N1 N1 84 0.230 0
63 5 N2 N1 75 0.030 0
63 6 N2 N2 169 0.030 1
63 7 N4 N1 41 1.580 0
63 8 N4 N4 243 1.580 1
64 1 N5 N2 150 0.320 1
64 2 N5 N5 0 0.320 0
64 3 N1 N2 137 0.880 1
64 4 N1 N1 85 0.880 0
64 5 N2 N1 77 0.090 0
64 6 N2 N2 169 0.090 1
64 7 N4 N1 41 0.090 0
64 8 N4 N4 244 0.090 1
65 1 N5 N2 149 0.480 1
65 2 N5 N5 0 0.480 0
65 3 N1 N2 136 0.600 1
65 4 N1 N1 87 0.600 0
65 5 N2 N1 77 0.110 0
65 6 N2 N2 171 0.110 1
65 7 N4 N1 42 0.630 0
65 8 N4 N4 244 0.630 1
66 1 N5 N2 150 0.020 1
66 2 N5 N5 0 0.020 0
66 3 N1 N2 137 0.480 1
66 4 N1 N1 88 0.480 0
66 5 N2 N1 78 0.140 0
66 6 N2 N2 172 0.140 1
66 7 N4 N1 42 0.500 0
66 8 N4 N4 246 0.500 1
67 1 N5 N2 150 0.070 1
67 2 N5 N5 0 0.070 0
67 3 N1 N2 139 0.870 1
67 4 N1 N1 91 0.870 0
67 5 N2 N1 78 0.820 0
67 6 N2 N2 173 0.820 1
67 7 N4 N1 44 0.040 0
67 8 N4 N4 248 0.040 1
68 1 N5 N2 150 0.530 1
68 2 N5 N5 0 0.530 0
68 3 N1 N2 139 0.040 1
68 4 N1 N1 95 0.040 0
68 5 N2 N1 78 0.200 0
68 6 N2 N2 175 0.200 1
68 7 N4 N1 45 0.120 0
68 8 N4 N4 249 0.120 1
69 1 N5 N2 151 0.070 1
69 2 N5 N5 0 0.070 0
69 3 N1 N2 140 0.080 1
69 4 N1 N1 96 0.080 0
69 5 N2 N1 81 0.270 0
69 6 N2 N2 175 0.270 1
69 7 N4 N1 46 0.140 0
69 8 N4 N4 249 0.140 1
70 1 N5 N2 152 0.130 1
70 2 N5 N5 0 0.130 0
70 3 N1 N2 142 0.020 1
70 4 N1 N1 98 0.020 0
70 5 N2 N1 82 0.350 0
70 6 N2 N2 177 0.350 1
70 7 N4 N1 46 1.230 0
70 8 N4 N4 249 1.230 1
71 1 N5 N2 152 0.170 1
71 2 N5 N5 0 0.170 0
71 3 N1 N2 143 0.590 1
71 4 N1 N1 99 0.590 0
71 5 N2 N1 85 0.370 0
71 6 N2 N2 179 0.370 1
71 7 N4 N1 0 0.210 0
71 8 N4 N4 249 0.210 1
72 1 N5 N2 152 0.240 1
72 2 N5 N5 0 0.240 0
72 3 N1 N2 142 0.040 1
72 4 N1 N1 102 0.040 0
72 5 N2 N1 89 0.160 0
72 6 N2 N2 179 0.160 1
72 7 N4 N1 0 0.250 0
72 8 N4 N4 249 0.250 1
73 1 N5 N2 152 0.270 1
73 2 N5 N5 0 0.270 0
73 3 N1 N2 141 0.200 1
73 4 N1 N1 104 0.200 0
73 5 N2 N1 90 0.310 0
73 6 N2 N2 179 0.310 1
73 7 N4 N1 0 0.300 0
73 8 N4 N4 247 0.300 1
74 1 N5 N2 151 0.330 1
74 2 N5 N5 0 0.330 0
74 3 N1 N2 141 0.220 1
74 4 N1 N1 107 0.220 0
74 5 N2 N1 90 0.580 0
74 6 N2 N2 179 0.580 1
74 7 N4 N1 0 0.320 0
74 8 N4 N4 245 0.320 1
75 1 N5 N2 149 0.380 1
75 2 N5 N5 0 0.380 0
75 3 N1 N2 141 0.280 1
75 4 N1 N1 110 0.280 0
75 5 N2 N1 91 0.120 0
75 6 N2 N2 180 0.120 1
75 7 N4 N1 0 0.360 0
75 8 N4 N4 243 0.360 1
76 1 N5 N2 148 0.930 1
76 2 N5 N5 0 0.930 0
76 3 N1 N2 138 0.330 1
76 4 N1 N1 111 0.330 0
76 5 N2 N1 88 0.050 0
76 6 N2 N2 180 0.050 1
76 7 N4 N1 0 0.400 0
76 8 N4 N4 241 0.400 1
77 1 N5 N2 148 0.060 1
77 2 N5 N5 0 0.060 0
77 3 N1 N2 136 0.350 1
77 4 N1 N1 109 0.350 0
77 5 N2 N1 84 0.070 0
77 6 N2 N2 179 0.070 1
77 7 N4 N1 0 0.100 0
77 8 N4 N4 237 0.100 1
78 1 N5 N2 146 0.090 1
78 2 N5 N5 0 0.090 0
78 3 N1 N2 136 0.880 1
78 4 N1 N1 108 0.880 0
78 5 N2 N1 83 0.130 0
78 6 N2 N2 178 0.130 1
78 7 N4 N1 0 0.130 0
78 8 N4 N4 236 0.130 1
79 1 N5 N2 145 0.150 1
79 2 N5 N5 0 0.150 0
79 3 N1 N2 135 0.200 1
79 4 N1 N1 108 0.200 0
79 5 N2 N1 80 0.200 0
79 6 N2 N2 176 0.200 1
79 7 N4 N1 0 0.520 0
79 8 N4 N4 234 0.520 1
80 1 N5 N2 143 0.100 1
80 2 N5 N5 0 0.100 0
80 3 N1 N2 135 0.420 1
80 4 N1 N1 107 0.420 0
80 5 N2 N1 78 0.230 0
80 6 N2 N2 176 0.230 1
80 7 N4 N1 0 0.040 0
80 8 N4 N4 231 0.040 1
81 1 N5 N2 142 0.140 1
81 2 N5 N5 0 0.140 0
81 3 N1 N2 134 0.480 1
81 4 N1 N1 103 0.480 0
81 5 N2 N1 77 0.300 0
81 6 N2 N2 175 0.300 1
81 7 N4 N1 0 0.100 0
81 8 N4 N4 229 0.100 1
82 1 N5 N2 142 0.310 1
82 2 N5 N5 0 0.310 0
82 3 N1 N2 134 0.110 1
82 4 N1 N1 98 0.110 0
82 5 N2 N1 76 0.310 0
82 6 N2 N2 176 0.310 1
82 7 N4 N1 0 0.130 0
82 8 N4 N4 226 0.130 1
83 1 N5 N2 142 0.240 1
83 2 N5 N5 0 0.240 0
83 3 N1 N2 134 1.180 1
83 4 N1 N1 98 1.180 0
83 5 N2 N1 76 0.360 0
83 6 N2 N2 178 0.360 1
83 7 N4 N1 0 0.180 0
83 8 N4 N4 223 0.180 1
84 1 N5 N2 143 0.260 1
84 2 N5 N5 0 0.260 0
84 3 N1 N2 138 0.110 1
84 4 N1 N1 96 0.110 0
84 5 N2 N1 76 0.500 0
84 6 N2 N2 181 0.500 1
84 7 N4 N1 0 0.200 0
84 8 N4 N4 220 0.200 1
85 1 N5 N2 144 0.310 1
85 2 N5 N5 0 0.310 0
85 3 N1 N2 142 0.230 1
85 4 N1 N1 96 0.230 0
85 5 N2 N1 77 0.020 0
85 6 N2 N2 183 0.020 1
85 7 N4 N1 0 0.250 0
85 8 N4 N4 218 0.250 1
86 1 N5 N2 147 0.370 1
86 2 N5 N5 0 0.370 0
86 3 N1 N2 147 0.180 1
86 4 N1 N1 98 0.180 0
86 5 N2 N1 77 0.110 0
86 6 N2 N2 187 0.110 1
86 7 N4 N1 0 0.340 0
86 8 N4 N4 216 0.340 1
87 1 N5 N2 149 0.020 1
87 2 N5 N5 0 0.020 0
87 3 N1 N2 151 0.220 1
87 4 N1 N1 99 0.220 0
87 5 N2 N1 85 0.040 0
87 6 N2 N2 192 0.040 1
87 7 N4 N1 0 0.100 0
87 8 N4 N4 214 0.100 1
88 1 N5 N2 150 0.060 1
88 2 N5 N5 0 0.060 0
88 3 N1 N2 152 0.770 1
88 4 N1 N1 99 0.770 0
88 5 N2 N1 90 0.180 0
88 6 N2 N2 197 0.180 1
88 7 N4 N1 0 0.930 0
88 8 N4 N4 213 0.930 1
89 1 N5 N2 153 0.090 1
89 2 N5 N5 0 0.090 0
89 3 N1 N2 156 0.430 1
89 4 N1 N1 104 0.430 0
89 5 N2 N1 95 0.120 0
89 6 N2 N2 201 0.120 1
89 7 N4 N1 0 0.470 0
89 8 N4 N4 210 0.470 1
90 1 N5 N2 154 0.060 1
90 2 N5 N5 0 0.060 0
90 3 N1 N2 160 0.260 1
90 4 N1 N1 110 0.260 0
90 5 N2 N1 99 0.140 0
90 6 N2 N2 204 0.140 1
90 7 N4 N1 0 0.060 0
90 8 N4 N4 204 0.060 1
91 1 N5 N2 155 0.610 1
91 2 N5 N5 0 0.610 0
91 3 N1 N2 164 0.790 1
91 4 N1 N1 113 0.790 0
91 5 N2 N1 98 0.220 0
91 6 N2 N2 207 0.220 1
91 7 N4 N1 0 0.110 0
91 8 N4 N4 202 0.110 1
92 1 N5 N2 156 0.250 1
92 2 N5 N5 0 0.250 0
92 3 N1 N2 167 0.020 1
92 4 N1 N1 116 0.020 0
92 5 N2 N1 96 0.220 0
92 6 N2 N2 208 0.220 1
92 7 N4 N1 0 0.150 0
92 8 N4 N4 200 0.150 1
93 1 N5 N2 158 0.200 1
93 2 N5 N5 0 0.200 0
93 3 N1 N2 170 0.070 1
93 4 N1 N1 118 0.070 0
93 5 N2 N1 92 0.170 0
93 6 N2 N2 210 0.170 1
93 7 N4 N1 0 0.210 0
93 8 N4 N4 199 0.210 1
94 1 N5 N2 159 0.220 1
94 2 N5 N5 0 0.220 0
94 3 N1 N2 174 0.500 1
94 4 N1 N1 117 0.500 0
94 5 N2 N1 89 0.380 0
94 6 N2 N2 212 0.380 1
94 7 N4 N1 0 0.240 0
94 8 N4 N4 197 0.240 1
95 1 N5 N2 159 0.790 1
95 2 N5 N5 0 0.790 0
95 3 N1 N2 173 0.100 1
95 4 N1 N1 116 0.100 0
95 5 N2 N1 87 0.030 0
95 6 N2 N2 210 0.030 1
95 7 N4 N1 0 0.460 0
95 8 N4 N4 196 0.460 1
96 1 N5 N2 159 0.340 1
96 2 N5 N5 0 0.340 0
96 3 N1 N2 172 0.570 1
96 4 N1 N1 116 0.570 0
96 5 N2 N1 87 0.070 0
96 6 N2 N2 209 0.070 1
96 7 N4 N1 0 0.500 0
96 8 N4 N4 195 0.500 1
97 1 N5 N2 159 0.880 1
97 2 N5 N5 0 0.880 0
97 3 N1 N2 173 0.030 1
97 4 N1 N1 113 0.030 0
97 5 N2 N1 86 0.130 0
97 6 N2 N2 208 0.130 1
97 7 N4 N1 0 0.010 0
97 8 N4 N4 193 0.010 1
98 1 N5 N2 159 0.030 1
98 2 N5 N5 0 0.030 0
98 3 N1 N2 173 1.000 1
98 4 N1 N1 113 1.000 0
98 5 N2 N1 85 0.180 0
98 6 N2 N2 207 0.180 1
98 7 N4 N1 0 0.930 0
98 8 N4 N4 193 0.930 1
99 1 N5 N2 158 0.600 1
99 2 N5 N5 0 0.600 0
99 3 N1 N2 171 0.730 1
99 4 N1 N1 112 0.730 0
99 5 N2 N1 86 0.100 0
99 6 N2 N2 206 0.100 1
99 7 N4 N1 0 0.150 0
99 8 N4 N4 193 0.150 1
100 1 N5 N2 157 0.120 1
100 2 N5 N5 0 0.120 0
100 3 N1 N2 169 0.120 1
100 4 N1 N1 108 0.120 0
100 5 N2 N1 86 0.150 0
100 6 N2 N2 206 0.150 1
100 7 N4 N1 0 0.010 0
100 8 N4 N4 194 0.010 1
101 1 N5 N2 155 0.030 1
101 2 N5 N5 0 0.030 0
101 3 N1 N2 169 0.180 1
101 4 N1 N1 106 0.180 0
101 5 N2 N1 84 0.350 0
101 6 N2 N2 204 0.350 1
101 7 N4 N1 0 0.030 0
101 8 N4 N4 193 0.030 1
102 1 N5 N2 154 0.070 1
102 2 N5 N5 0 0.070 0
102 3 N1 N2 169 0.280 1
102 4 N1 N1 104 0.280 0
102 5 N2 N1 81 0.260 0
102 6 N2 N2 203 0.260 1
102 7 N4 N1 0 0.260 0
102 8 N4 N4 193 0.260 1
103 1 N5 N2 153 0.140 1
103 2 N5 N5 0 0.140 0
103 3 N1 N2 170 0.780 1
103 4 N1 N1 104 0.780 0
103 5 N2 N1 80 0.300 0
103 6 N2 N2 204 0.300 1
103 7 N4 N1 0 0.160 0
103 8 N4 N4 194 0.160 1
104 1 N5 N2 152 0.210 1
104 2 N5 N5 0 0.210 0
104 3 N1 N2 167 0.140 1
104 4 N1 N1 101 0.140 0
104 5 N2 N1 78 0.250 0
104 6 N2 N2 204 0.250 1
104 7 N4 N1 0 0.200 0
104 8 N4 N4 195 0.200 1
105 1 N5 N2 152 0.260 1
105 2 N5 N5 0 0.260 0
105 3 N1 N2 167 0.150 1
105 4 N1 N1 98 0.150 0
105 5 N2 N1 75 0.260 0
105 6 N2 N2 204 0.260 1
105 7 N4 N1 0 0.230 0
105 8 N4 N4 198 0.230 1
106 1 N5 N2 150 0.300 1
106 2 N5 N5 0 0.300 0
106 3 N1 N2 167 0.540 1
106 4 N1 N1 97 0.540 0
106 5 N2 N1 74 0.030 0
106 6 N2 N2 203 0.030 1
106 7 N4 N1 0 0.280 0
106 8 N4 N4 200 0.280 1
107 1 N5 N2 150 0.320 1
107 2 N5 N5 0 0.320 0
107 3 N1 N2 166 0.040 1
107 4 N1 N1 93 0.040 0
107 5 N2 N1 72 0.070 0
107 6 N2 N2 203 0.070 1
107 7 N4 N1 0 0.290 0
107 8 N4 N4 202 0.290 1
108 1 N5 N2 150 0.370 1
108 2 N5 N5 0 0.370 0
108 3 N1 N2 166 0.110 1
108 4 N1 N1 92 0.110 0
108 5 N2 N1 73 0.090 0
108 6 N2 N2 203 0.090 1
108 7 N4 N1 0 0.330 0
108 8 N4 N4 207 0.330 1
109 1 N5 N2 152 0.390 1
109 2 N5 N5 0 0.390 0
109 3 N1 N2 169 0.050 1
109 4 N1 N1 93 0.050 0
109 5 N2 N1 76 0.020 0
109 6 N2 N2 203 0.020 1
109 7 N4 N1 0 0.380 0
109 8 N4 N4 211 0.380 1
110 1 N5 N2 154 0.050 1
110 2 N5 N5 0 0.050 0
110 3 N1 N2 173 0.110 1
110 4 N1 N1 95 0.110 0
110 5 N2 N1 78 0.060 0
110 6 N2 N2 203 0.060 1
110 7 N4 N1 0 0.420 0
110 8 N4 N4 214 0.420 1
111 1 N5 N2 154 0.070 1
111 2 N5 N5 0 0.070 0
111 3 N1 N2 174 0.640 1
111 4 N1 N1 96 0.640 0
111 5 N2 N1 82 0.080 0
111 6 N2 N2 203 0.080 1
111 7 N4 N1 0 1.480 0
111 8 N4 N4 214 1.480 1
112 1 N5 N2 155 0.120 1
112 2 N5 N5 0 0.120 0
112 3 N1 N2 176 0.090 1
112 4 N1 N1 98 0.090 0
112 5 N2 N1 83 0.280 0
112 6 N2 N2 202 0.280 1
112 7 N4 N1 0 0.050 0
112 8 N4 N4 217 0.050 1
113 1 N5 N2 154 0.050 1
113 2 N5 N5 0 0.050 0
113 3 N1 N2 176 0.260 1
113 4 N1 N1 99 0.260 0
113 5 N2 N1 85 0.160 0
113 6 N2 N2 202 0.160 1
113 7 N4 N1 0 0.080 0
113 8 N4 N4 225 0.080 1
114 1 N5 N2 154 0.210 1
114 2 N5 N5 0 0.210 0
114 3 N1 N2 176 0.180 1
114 4 N1 N1 103 0.180 0
114 5 N2 N1 86 0.240 0
114 6 N2 N2 202 0.240 1
114 7 N4 N1 0 0.660 0
114 8 N4 N4 228 0.660 1
115 1 N5 N2 153 0.190 1
115 2 N5 N5 0 0.190 0
115 3 N1 N2 172 0.260 1
115 4 N1 N1 106 0.260 0
115 5 N2 N1 86 0.270 0
115 6 N2 N2 202 0.270 1
115 7 N4 N1 0 0.230 0
115 8 N4 N4 234 0.230 1
116 1 N5 N2 153 0.250 1
116 2 N5 N5 0 0.250 0
116 3 N1 N2 170 0.050 1
116 4 N1 N1 107 0.050 0
116 5 N2 N1 86 0.050 0
116 6 N2 N2 201 0.050 1
116 7 N4 N1 0 0.270 0
116 8 N4 N4 239 0.270 1
117 1 N5 N2 152 0.280 1
117 2 N5 N5 0 0.280 0
117 3 N1 N2 169 0.220 1
117 4 N1 N1 107 0.220 0
117 5 N2 N1 85 0.330 0
117 6 N2 N2 199 0.330 1
117 7 N4 N1 0 0.300 0
117 8 N4 N4 241 0.300 1
118 1 N5 N2 152 0.310 1
118 2 N5 N5 0 0.310 0
118 3 N1 N2 169 0.010 1
118 4 N1 N1 107 0.010 0
118 5 N2 N1 82 0.040 0
118 6 N2 N2 196 0.040 1
118 7 N4 N1 0 0.320 0
118 8 N4 N4 245 0.320 1
119 1 N5 N2 152 0.340 1
119 2 N5 N5 0 0.340 0
119 3 N1 N2 169 0.090 1
119 4 N1 N1 106 0.090 0
119 5 N2 N1 82 0.480 0
119 6 N2 N2 195 0.480 1
119 7 N4 N1 0 0.360 0
119 8 N4 N4 247 0.360 1
120 1 N5 N2 152 0.490 1
120 2 N5 N5 0 0.490 0
120 3 N1 N2 170 0.020 1
120 4 N1 N1 106 0.020 0
120 5 N2 N1 80 0.030 0
120 6 N2 N2 195 0.030 1
120 7 N4 N1 0 0.090 0
120 8 N4 N4 250 0.090 1
121 1 N5 N2 151 0.430 1
121 2 N5 N5 0 0.430 0
121 3 N1 N2 170 0.680 1
121 4 N1 N1 105 0.680 0
121 5 N2 N1 80 0.060 0
121 6 N2 N2 194 0.060 1
121 7 N4 N1 0 0.490 0
121 8 N4 N4 251 0.490 1
122 1 N5 N2 150 0.080 1
122 2 N5 N5 0 0.080 0
122 3 N1 N2 169 0.050 1
122 4 N1 N1 104 0.050 0
122 5 N2 N1 80 0.240 0
122 6 N2 N2 193 0.240 1
122 7 N4 N1 0 0.030 0
122 8 N4 N4 251 0.030 1
123 1 N5 N2 148 0.530 1
123 2 N5 N5 0 0.530 0
123 3 N1 N2 168 0.570 1
123 4 N1 N1 105 0.570 0
123 5 N2 N1 81 0.280 0
123 6 N2 N2 192 0.280 1
123 7 N4 N1 0 0.080 0
123 8 N4 N4 251 0.080 1
124 1 N5 N2 147 0.120 1
124 2 N5 N5 0 0.120 0
124 3 N1 N2 167 0.450 1
124 4 N1 N1 105 0.450 0
124 5 N2 N1 83 0.450 0
124 6 N2 N2 192 0.450 1
124 7 N4 N1 0 0.130 0
124 8 N4 N4 251 0.130 1
125 1 N5 N2 147 0.030 1
125 2 N5 N5 0 0.030 0
125 3 N1 N2 166 0.040 1
125 4 N1 N1 105 0.040 0
125 5 N2 N1 85 0.150 0
125 6 N2 N2 190 0.150 1
125 7 N4 N1 0 0.190 0
125 8 N4 N4 251 0.190 1
126 1 N5 N2 148 0.050 1
126 2 N5 N5 0 0.050 0
126 3 N1 N2 166 0.210 1
126 4 N1 N1 107 0.210 0
126 5 N2 N1 87 0.410 0
126 6 N2 N2 190 0.410 1
126 7 N4 N1 0 0.230 0
126 8 N4 N4 252 0.230 1
127 1 N5 N2 148 0.220 1
127 2 N5 N5 0 0.220 0
127 3 N1 N2 165 0.250 1
127 4 N1 N1 109 0.250 0
127 5 N2 N1 88 0.300 0
127 6 N2 N2 189 0.300 1
127 7 N4 N1 0 0.260 0
127 8 N4 N4 252 0.260 1
128 1 N5 N2 149 0.260 1
128 2 N5 N5 0 0.260 0
128 3 N1 N2 166 0.300 1
128 4 N1 N1 111 0.300 0
128 5 N2 N1 90 0.330 0
128 6 N2 N2 188 0.330 1
128 7 N4 N1 0 0.270 0
128 8 N4 N4 252 0.270 1
129 1 N5 N2 150 0.210 1
129 2 N5 N5 0 0.210 0
129 3 N1 N2 169 0.190 1
129 4 N1 N1 113 0.190 0
129 5 N2 N1 90 0.310 0
129 6 N2 N2 190 0.310 1
129 7 N4 N1 0 0.280 0
129 8 N4 N4 252 0.280 1
130 1 N5 N2 150 0.240 1
130 2 N5 N5 0 0.240 0
130 3 N1 N2 170 0.370 1
130 4 N1 N1 115 0.370 0
130 5 N2 N1 92 0.020 0
130 6 N2 N2 193 0.020 1
130 7 N4 N1 0 0.320 0
130 8 N4 N4 252 0.320 1
131 1 N5 N2 152 0.320 1
131 2 N5 N5 0 0.320 0
131 3 N1 N2 172 0.450 1
131 4 N1 N1 117 0.450 0
131 5 N2 N1 93 0.080 0
131 6 N2 N2 195 0.080 1
131 7 N4 N1 0 0.360 0
131 8 N4 N4 252 0.360 1
132 1 N5 N2 153 0.000 1
132 2 N5 N5 0 0.000 0
132 3 N1 N2 174 0.140 1
132 4 N1 N1 118 0.140 0
132 5 N2 N1 96 0.110 0
132 6 N2 N2 197 0.110 1
132 7 N4 N1 0 0.060 0
132 8 N4 N4 252 0.060 1
133 1 N5 N2 154 0.570 1
133 2 N5 N5 0 0.570 0
133 3 N1 N2 175 0.040 1
133 4 N1 N1 120 0.040 0
133 5 N2 N1 96 0.030 0
133 6 N2 N2 197 0.030 1
133 7 N4 N1 0 0.970 0
133 8 N4 N4 252 0.970 1
134 1 N5 N2 158 0.100 1
134 2 N5 N5 0 0.100 0
134 3 N1 N2 175 1.110 1
134 4 N1 N1 120 1.110 0
134 5 N2 N1 96 0.040 0
134 6 N2 N2 202 0.040 1
134 7 N4 N1 0 0.130 0
134 8 N4 N4 252 0.130 1
135 1 N5 N2 163 0.060 1
135 2 N5 N5 0 0.060 0
135 3 N1 N2 179 0.480 1
135 4 N1 N1 122 0.480 0
135 5 N2 N1 97 0.200 0
135 6 N2 N2 204 0.200 1
135 7 N4 N1 0 0.000 0
135 8 N4 N4 252 0.000 1
136 1 N5 N2 165 0.090 1
136 2 N5 N5 0 0.090 0
136 3 N1 N2 181 0.700 1
136 4 N1 N1 125 0.700 0
136 5 N2 N1 97 0.160 0
136 6 N2 N2 205 0.160 1
136 7 N4 N1 0 0.050 0
136 8 N4 N4 252 0.050 1
137 1 N5 N2 166 0.150 1
137 2 N5 N5 0 0.150 0
137 3 N1 N2 184 0.350 1
137 4 N1 N1 127 0.350 0
137 5 N2 N1 99 0.460 0
137 6 N2 N2 206 0.460 1
137 7 N4 N1 0 0.130 0
137 8 N4 N4 252 0.130 1
138 1 N5 N2 165 0.240 1
138 2 N5 N5 0 0.240 0
138 3 N1 N2 185 0.160 1
138 4 N1 N1 129 0.160 0
138 5 N2 N1 102 0.270 0
138 6 N2 N2 208 0.270 1
138 7 N4 N1 0 0.240 0
138 8 N4 N4 251 0.240 1
139 1 N5 N2 165 0.370 1
139 2 N5 N5 0 0.370 0
139 3 N1 N2 183 0.330 1
139 4 N1 N1 130 0.330 0
139 5 N2 N1 103 0.390 0
139 6 N2 N2 209 0.390 1
139 7 N4 N1 0 0.300 0
139 8 N4 N4 249 0.300 1
140 1 N5 N2 164 0.330 1
140 2 N5 N5 0 0.330 0
140 3 N1 N2 183 0.480 1
140 4 N1 N1 131 0.480 0
140 5 N2 N1 104 0.030 0
140 6 N2 N2 212 0.030 1
140 7 N4 N1 0 0.370 0
140 8 N4 N4 248 0.370 1
141 1 N5 N2 163 0.380 1
141 2 N5 N5 0 0.380 0
141 3 N1 N2 182 0.330 1
141 4 N1 N1 132 0.330 0
141 5 N2 N1 104 0.090 0
141 6 N2 N2 211 0.090 1
141 7 N4 N1 0 0.560 0
141 8 N4 N4 246 0.560 1
142 1 N5 N2 162 0.420 1
142 2 N5 N5 0 0.420 0
142 3 N1 N2 182 0.120 1
142 4 N1 N1 132 0.120 0
142 5 N2 N1 105 0.030 0
142 6 N2 N2 211 0.030 1
142 7 N4 N1 0 0.100 0
142 8 N4 N4 243 0.100 1
143 1 N5 N2 162 0.060 1
143 2 N5 N5 0 0.060 0
143 3 N1 N2 182 1.190 1
143 4 N1 N1 132 1.190 0
143 5 N2 N1 105 0.160 0
143 6 N2 N2 212 0.160 1
143 7 N4 N1 0 0.660 0
143 8 N4 N4 242 0.660 1
144 1 N5 N2 164 0.090 1
144 2 N5 N5 0 0.090 0
144 3 N1 N2 183 0.220 1
144 4 N1 N1 133 0.220 0
144 5 N2 N1 105 0.090 0
144 6 N2 N2 214 0.090 1
144 7 N4 N1 0 1.740 0
144 8 N4 N4 242 1.740 1
145 1 N5 N2 165 0.510 1
145 2 N5 N5 0 0.510 0
145 3 N1 N2 184 0.290 1
145 4 N1 N1 133 0.290 0
145 5 N2 N1 108 0.130 0
145 6 N2 N2 217 0.130 1
145 7 N4 N1 0 0.050 0
145 8 N4 N4 239 0.050 1
146 1 N5 N2 165 0.060 1
146 2 N5 N5 0 0.060 0
146 3 N1 N2 185 0.100 1
146 4 N1 N1 133 0.100 0
146 5 N2 N1 108 0.160 0
146 6 N2 N2 217 0.160 1
146 7 N4 N1 0 0.090 0
146 8 N4 N4 237 0.090 1
147 1 N5 N2 167 0.110 1
147 2 N5 N5 0 0.110 0
147 3 N1 N2 185 0.680 1
147 4 N1 N1 134 0.680 0
147 5 N2 N1 109 0.220 0
147 6 N2 N2 219 0.220 1
147 7 N4 N1 0 0.140 0
147 8 N4 N4 235 0.140 1
148 1 N5 N2 169 0.170 1
148 2 N5 N5 0 0.170 0
148 3 N1 N2 188 0.240 1
148 4 N1 N1 135 0.240 0
148 5 N2 N1 112 0.290 0
148 6 N2 N2 221 0.290 1
148 7 N4 N1 0 0.350 0
148 8 N4 N4 234 0.350 1
149 1 N5 N2 170 0.340 1
149 2 N5 N5 0 0.340 0
149 3 N1 N2 189 0.290 1
149 4 N1 N1 139 0.290 0
149 5 N2 N1 112 0.340 0
149 6 N2 N2 223 0.340 1
149 7 N4 N1 0 0.210 0
149 8 N4 N4 234 0.210 1
150 1 N5 N2 173 0.330 1
150 2 N5 N5 0 0.330 0
150 3 N1 N2 187 0.380 1
150 4 N1 N1 141 0.380 0
150 5 N2 N1 114 0.030 0
150 6 N2 N2 226 0.030 1
150 7 N4 N1 0 0.040 0
150 8 N4 N4 234 0.040 1
151 1 N5 N2 173 0.470 1
151 2 N5 N5 0 0.470 0
151 3 N1 N2 186 0.050 1
151 4 N1 N1 144 0.050 0
151 5 N2 N1 118 0.060 0
151 6 N2 N2 230 0.060 1
151 7 N4 N1 0 0.090 0
151 8 N4 N4 234 0.090 1
152 1 N5 N2 176 0.400 1
152 2 N5 N5 0 0.400 0
152 3 N1 N2 187 0.500 1
152 4 N1 N1 145 0.500 0
152 5 N2 N1 119 0.090 0
152 6 N2 N2 234 0.090 1
152 7 N4 N1 0 0.070 0
152 8 N4 N4 234 0.070 1
153 1 N5 N2 177 0.050 1
153 2 N5 N5 0 0.050 0
153 3 N1 N2 186 0.520 1
153 4 N1 N1 146 0.520 0
153 5 N2 N1 118 0.010 0
153 6 N2 N2 235 0.010 1
153 7 N4 N1 0 0.470 0
153 8 N4 N4 236 0.470 1
154 1 N5 N2 178 0.100 1
154 2 N5 N5 0 0.100 0
154 3 N1 N2 188 0.160 1
154 4 N1 N1 145 0.160 0
154 5 N2 N1 117 0.010 0
154 6 N2 N2 239 0.010 1
154 7 N4 N1 0 0.470 0
154 8 N4 N4 237 0.470 1
155 1 N5 N2 181 0.060 1
155 2 N5 N5 0 0.060 0
155 3 N1 N2 190 0.050 1
155 4 N1 N1 143 0.050 0
155 5 N2 N1 116 0.050 0
155 6 N2 N2 242 0.050 1
155 7 N4 N1 0 0.030 0
155 8 N4 N4 239 0.030 1
156 1 N5 N2 184 0.090 1
156 2 N5 N5 0 0.090 0
156 3 N1 N2 190 0.220 1
156 4 N1 N1 140 0.220 0
156 5 N2 N1 111 0.090 0
156 6 N2 N2 245 0.090 1
156 7 N4 N1 60 0.050 0
156 8 N4 N4 241 0.050 1
157 1 N5 N2 185 0.140 1
157 2 N5 N5 0 0.140 0
157 3 N1 N2 189 0.130 1
157 4 N1 N1 137 0.130 0
157 5 N2 N1 110 0.140 0
157 6 N2 N2 246 0.140 1
157 7 N4 N1 59 0.090 0
157 8 N4 N4 241 0.090 1
158 1 N5 N2 186 0.190 1
158 2 N5 N5 0 0.190 0
158 3 N1 N2 186 0.210 1
158 4 N1 N1 135 0.210 0
158 5 N2 N1 104 0.180 0
158 6 N2 N2 245 0.180 1
158 7 N4 N1 58 0.150 0
158 8 N4 N4 240 0.150 1
159 1 N5 N2 185 0.220 1
159 2 N5 N5 0 0.220 0
159 3 N1 N2 181 0.290 1
159 4 N1 N1 132 0.290 0
159 5 N2 N1 99 0.220 0
159 6 N2 N2 243 0.220 1
159 7 N4 N1 58 0.220 0
159 8 N4 N4 240 0.220 1
160 1 N5 N2 185 0.260 1
160 2 N5 N5 0 0.260 0
160 3 N1 N2 176 0.300 1
160 4 N1 N1 128 0.300 0
160 5 N2 N1 96 0.260 0
160 6 N2 N2 240 0.260 1
160 7 N4 N1 57 0.260 0
160 8 N4 N4 240 0.260 1
161 1 N5 N2 184 0.400 1
161 2 N5 N5 0 0.400 0
161 3 N1 N2 175 0.340 1
161 4 N1 N1 126 0.340 0
161 5 N2 N1 93 0.320 0
161 6 N2 N2 238 0.320 1
161 7 N4 N1 57 0.300 0
161 8 N4 N4 240 0.300 1
162 1 N5 N2 183 0.350 1
162 2 N5 N5 0 0.350 0
162 3 N1 N2 174 0.370 1
162 4 N1 N1 123 0.370 0
162 5 N2 N1 92 0.490 0
162 6 N2 N2 235 0.490 1
162 7 N4 N1 55 0.350 0
162 8 N4 N4 241 0.350 1
163 1 N5 N2 180 0.020 1
163 2 N5 N5 0 0.020 0
163 3 N1 N2 173 0.410 1
163 4 N1 N1 121 0.410 0
163 5 N2 N1 92 0.510 0
163 6 N2 N2 234 0.510 1
163 7 N4 N1 55 0.050 0
163 8 N4 N4 241 0.050 1
164 1 N5 N2 179 0.080 1
164 2 N5 N5 0 0.080 0
164 3 N1 N2 173 0.070 1
164 4 N1 N1 122 0.070 0
164 5 N2 N1 92 0.560 0
164 6 N2 N2 231 0.560 1
164 7 N4 N1 55 0.120 0
164 8 N4 N4 240 0.120 1
165 1 N5 N2 175 0.050 1
165 2 N5 N5 0 0.050 0
165 3 N1 N2 171 0.110 1
165 4 N1 N1 123 0.110 0
165 5 N2 N1 97 0.120 0
165 6 N2 N2 229 0.120 1
165 7 N4 N1 55 0.190 0
165 8 N4 N4 240 0.190 1
166 1 N5 N2 175 0.090 1
166 2 N5 N5 0 0.090 0
166 3 N1 N2 170 0.160 1
166 4 N1 N1 124 0.160 0
166 5 N2 N1 106 0.030 0
166 6 N2 N2 228 0.030 1
166 7 N4 N1 55 0.050 0
166 8 N4 N4 241 0.050 1
167 1 N5 N2 175 0.140 1
167 2 N5 N5 0 0.140 0
167 3 N1 N2 170 0.080 1
167 4 N1 N1 127 0.080 0
167 5 N2 N1 112 0.070 0
167 6 N2 N2 230 0.070 1
167 7 N4 N1 61 0.110 0
167 8 N4 N4 243 0.110 1
168 1 N5 N2 175 0.290 1
168 2 N5 N5 0 0.290 0
168 3 N1 N2 169 0.240 1
168 4 N1 N1 130 0.240 0
168 5 N2 N1 114 0.110 0
168 6 N2 N2 230 0.110 1
168 7 N4 N1 62 0.170 0
168 8 N4 N4 244 0.170 1
169 1 N5 N2 175 0.330 1
169 2 N5 N5 0 0.330 0
169 3 N1 N2 166 0.150 1
169 4 N1 N1 135 0.150 0
169 5 N2 N1 114 0.160 0
169 6 N2 N2 230 0.160 1
169 7 N4 N1 66 0.200 0
169 8 N4 N4 246 0.200 1
170 1 N5 N2 176 0.360 1
170 2 N5 N5 0 0.360 0
170 3 N1 N2 165 0.210 1
170 4 N1 N1 139 0.210 0
170 5 N2 N1 115 0.200 0
170 6 N2 N2 229 0.200 1
170 7 N4 N1 66 0.250 0
170 8 N4 N4 248 0.250 1
171 1 N5 N2 177 0.300 1
171 2 N5 N5 0 0.300 0
171 3 N1 N2 164 0.390 1
171 4 N1 N1 140 0.390 0
171 5 N2 N1 114 0.250 0
171 6 N2 N2 227 0.250 1
171 7 N4 N1 68 0.280 0
171 8 N4 N4 248 0.280 1
172 1 N5 N2 178 0.360 1
172 2 N5 N5 0 0.360 0
172 3 N1 N2 162 0.300 1
172 4 N1 N1 140 0.300 0
172 5 N2 N1 113 0.270 0
172 6 N2 N2 226 0.270 1
172 7 N4 N1 68 0.330 0
172 8 N4 N4 249 0.330 1
173 1 N5 N2 178 0.380 1
173 2 N5 N5 0 0.380 0
173 3 N1 N2 159 0.330 1
173 4 N1 N1 139 0.330 0
173 5 N2 N1 111 0.310 0
173 6 N2 N2 225 0.310 1
173 7 N4 N1 68 0.030 0
173 8 N4 N4 251 0.030 1
174 1 N5 N2 178 0.520 1
174 2 N5 N5 0 0.520 0
174 3 N1 N2 159 0.500 1
174 4 N1 N1 138 0.500 0
174 5 N2 N1 107 0.370 0
174 6 N2 N2 221 0.370 1
174 7 N4 N1 67 0.070 0
174 8 N4 N4 252 0.070 1
175 1 N5 N2 179 0.470 1
175 2 N5 N5 0 0.470 0
175 3 N1 N2 158 0.040 1
175 4 N1 N1 134 0.040 0
175 5 N2 N1 103 0.390 0
175 6 N2 N2 217 0.390 1
175 7 N4 N1 65 0.130 0
175 8 N4 N4 251 0.130 1
176 1 N5 N2 178 0.100 1
176 2 N5 N5 0 0.100 0
176 3 N1 N2 156 0.060 1
176 4 N1 N1 130 0.060 0
176 5 N2 N1 101 0.060 0
176 6 N2 N2 212 0.060 1
176 7 N4 N1 63 0.020 0
176 8 N4 N4 248 0.020 1
177 1 N5 N2 179 0.050 1
177 2 N5 N5 0 0.050 0
177 3 N1 N2 154 0.100 1
177 4 N1 N1 124 0.100 0
177 5 N2 N1 97 0.120 0
177 6 N2 N2 211 0.120 1
177 7 N4 N1 63 0.040 0
177 8 N4 N4 246 0.040 1
178 1 N5 N2 177 0.120 1
178 2 N5 N5 0 0.120 0
178 3 N1 N2 153 0.120 1
178 4 N1 N1 122 0.120 0
178 5 N2 N1 97 0.660 0
178 6 N2 N2 209 0.660 1
178 7 N4 N1 61 0.260 0
178 8 N4 N4 245 0.260 1
179 1 N5 N2 174 0.130 1
179 2 N5 N5 0 0.130 0
179 3 N1 N2 151 0.060 1
179 4 N1 N1 119 0.060 0
179 5 N2 N1 96 0.070 0
179 6 N2 N2 207 0.070 1
179 7 N4 N1 61 0.150 0
179 8 N4 N4 244 0.150 1
180 1 N5 N2 172 0.220 1
180 2 N5 N5 0 0.220 0
180 3 N1 N2 153 0.110 1
180 4 N1 N1 118 0.110 0
180 5 N2 N1 96 0.160 0
180 6 N2 N2 204 0.160 1
180 7 N4 N1 59 0.370 0
180 8 N4 N4 243 0.370 1
181 1 N5 N2 172 0.310 1
181 2 N5 N5 0 0.310 0
181 3 N1 N2 153 1.200 1
181 4 N1 N1 118 1.200 0
181 5 N2 N1 97 0.120 0
181 6 N2 N2 201 0.120 1
181 7 N4 N1 59 0.120 0
181 8 N4 N4 241 0.120 1
182 1 N5 N2 171 0.450 1
182 2 N5 N5 0 0.450 0
182 3 N1 N2 152 0.390 1
182 4 N1 N1 117 0.390 0
182 5 N2 N1 98 0.490 0
182 6 N2 N2 200 0.490 1
182 7 N4 N1 59 0.350 0
182 8 N4 N4 239 0.350 1
183 1 N5 N2 167 0.400 1
183 2 N5 N5 0 0.400 0
183 3 N1 N2 151 0.300 1
183 4 N1 N1 116 0.300 0
183 5 N2 N1 99 0.400 0
183 6 N2 N2 198 0.400 1
183 7 N4 N1 59 0.100 0
183 8 N4 N4 238 0.100 1
184 1 N5 N2 164 0.410 1
184 2 N5 N5 0 0.410 0
184 3 N1 N2 150 0.540 1
184 4 N1 N1 116 0.540 0
184 5 N2 N1 100 0.650 0
184 6 N2 N2 196 0.650 1
184 7 N4 N1 60 0.100 0
184 8 N4 N4 238 0.100 1
185 1 N5 N2 162 0.460 1
185 2 N5 N5 0 0.460 0
185 3 N1 N2 149 0.460 1
185 4 N1 N1 117 0.460 0
185 5 N2 N1 103 0.340 0
185 6 N2 N2 194 0.340 1
185 7 N4 N1 59 0.160 0
185 8 N4 N4 238 0.160 1
186 1 N5 N2 161 0.100 1
186 2 N5 N5 0 0.100 0
186 3 N1 N2 147 0.090 1
186 4 N1 N1 122 0.090 0
186 5 N2 N1 106 0.870 0
186 6 N2 N2 192 0.870 1
186 7 N4 N1 60 0.140 0
186 8 N4 N4 238 0.140 1
187 1 N5 N2 159 0.030 1
187 2 N5 N5 0 0.030 0
187 3 N1 N2 149 0.030 1
187 4 N1 N1 126 0.030 0
187 5 N2 N1 112 0.010 0
187 6 N2 N2 190 0.010 1
187 7 N4 N1 61 0.080 0
187 8 N4 N4 238 0.080 1
188 1 N5 N2 158 0.040 1
188 2 N5 N5 0 0.040 0
188 3 N1 N2 149 0.040 1
188 4 N1 N1 131 0.040 0
188 5 N2 N1 117 0.020 0
188 6 N2 N2 190 0.020 1
188 7 N4 N1 61 0.120 0
188 8 N4 N4 240 0.120 1
189 1 N5 N2 157 0.100 1
189 2 N5 N5 0 0.100 0
189 3 N1 N2 150 0.080 1
189 4 N1 N1 136 0.080 0
189 5 N2 N1 117 0.440 0
189 6 N2 N2 190 0.440 1
189 7 N4 N1 62 0.150 0
189 8 N4 N4 242 0.150 1
190 1 N5 N2 156 0.650 1
190 2 N5 N5 0 0.650 0
190 3 N1 N2 150 0.160 1
190 4 N1 N1 136 0.160 0
190 5 N2 N1 123 0.260 0
190 6 N2 N2 189 0.260 1
190 7 N4 N1 62 0.220 0
190 8 N4 N4 243 0.220 1
191 1 N5 N2 155 0.170 1
191 2 N5 N5 0 0.170 0
191 3 N1 N2 150 0.120 1
191 4 N1 N1 141 0.120 0
191 5 N2 N1 126 0.040 0
191 6 N2 N2 190 0.040 1
191 7 N4 N1 63 0.040 0
191 8 N4 N4 245 0.040 1
192 1 N5 N2 155 0.840 1
192 2 N5 N5 0 0.840 0
192 3 N1 N2 150 0.220 1
192 4 N1 N1 143 0.220 0
192 5 N2 N1 127 0.210 0
192 6 N2 N2 190 0.210 1
192 7 N4 N1 70 0.380 0
192 8 N4 N4 245 0.380 1
193 1 N5 N2 154 0.270 1
193 2 N5 N5 0 0.270 0
193 3 N1 N2 149 0.520 1
193 4 N1 N1 143 0.520 0
193 5 N2 N1 127 0.130 0
193 6 N2 N2 190 0.130 1
193 7 N4 N1 70 0.900 0
193 8 N4 N4 246 0.900 1
194 1 N5 N2 154 0.420 1
194 2 N5 N5 0 0.420 0
194 3 N1 N2 148 0.300 1
194 4 N1 N1 145 0.300 0
194 5 N2 N1 130 0.150 0
194 6 N2 N2 191 0.150 1
194 7 N4 N1 78 0.410 0
194 8 N4 N4 247 0.410 1
195 1 N5 N2 153 0.370 1
195 2 N5 N5 0 0.370 0
195 3 N1 N2 146 0.120 1
195 4 N1 N1 144 0.120 0
195 5 N2 N1 128 0.220 0
195 6 N2 N2 190 0.220 1
195 7 N4 N1 78 0.510 0
195 8 N4 N4 248 0.510 1
196 1 N5 N2 153 0.410 1
196 2 N5 N5 0 0.410 0
196 3 N1 N2 145 0.340 1
196 4 N1 N1 143 0.340 0
196 5 N2 N1 126 0.260 0
196 6 N2 N2 190 0.260 1
196 7 N4 N1 78 0.020 0
196 8 N4 N4 249 0.020 1
197 1 N5 N2 151 0.430 1
197 2 N5 N5 0 0.430 0
197 3 N1 N2 143 0.370 1
197 4 N1 N1 142 0.370 0
197 5 N2 N1 122 0.290 0
197 6 N2 N2 190 0.290 1
197 7 N4 N1 74 0.030 0
197 8 N4 N4 251 0.030 1
198 1 N5 N2 150 0.040 1
198 2 N5 N5 0 0.040 0
198 3 N1 N2 142 0.040 1
198 4 N1 N1 142 0.040 0
198 5 N2 N1 123 0.320 0
198 6 N2 N2 188 0.320 1
198 7 N4 N1 74 0.070 0
198 8 N4 N4 252 0.070 1
199 1 N5 N2 148 0.080 1
199 2 N5 N5 0 0.080 0
199 3 N1 N2 142 0.470 1
199 4 N1 N1 142 0.470 0
199 5 N2 N1 122 0.360 0
199 6 N2 N2 188 0.360 1
199 7 N4 N1 73 0.130 0
199 8 N4 N4 252 0.130 1
200 1 N5 N2 148 0.130 1
200 2 N5 N5 0 0.130 0
200 3 N1 N2 143 0.130 1
200 4 N1 N1 142 0.130 0
200 5 N2 N1 122 0.400 0
200 6 N2 N2 188 0.400 1
200 7 N4 N1 72 0.170 0
200 8 N4 N4 252 0.170 1
201 1 N5 N2 146 0.080 1
201 2 N5 N5 0 0.080 0
201 3 N1 N2 148 0.080 1
201 4 N1 N1 142 0.080 0
201 5 N2 N1 122 0.070 0
201 6 N2 N2 190 0.070 1
201 7 N4 N1 72 0.240 0
201 8 N4 N4 252 0.240 1
202 1 N5 N2 146 0.180 1
202 2 N5 N5 0 0.180 0
202 3 N1 N2 150 0.300 1
202 4 N1 N1 142 0.300 0
202 5 N2 N1 124 0.060 0
202 6 N2 N2 192 0.060 1
202 7 N4 N1 72 0.060 0
202 8 N4 N4 252 0.060 1
203 1 N5 N2 146 0.200 1
203 2 N5 N5 0 0.200 0
203 3 N1 N2 152 0.210 1
203 4 N1 N1 144 0.210 0
203 5 N2 N1 125 0.110 0
203 6 N2 N2 194 0.110 1
203 7 N4 N1 71 0.600 0
203 8 N4 N4 252 0.600 1
204 1 N5 N2 145 0.370 1
204 2 N5 N5 0 0.370 0
204 3 N1 N2 154 0.250 1
204 4 N1 N1 146 0.250 0
204 5 N2 N1 124 0.150 0
204 6 N2 N2 195 0.150 1
204 7 N4 N1 69 0.650 0
204 8 N4 N4 252 0.650 1
205 1 N5 N2 144 0.300 1
205 2 N5 N5 0 0.300 0
205 3 N1 N2 154 0.290 1
205 4 N1 N1 146 0.290 0
205 5 N2 N1 123 0.200 0
205 6 N2 N2 196 0.200 1
205 7 N4 N1 67 0.600 0
205 8 N4 N4 252 0.600 1
206 1 N5 N2 143 0.340 1
206 2 N5 N5 0 0.340 0
206 3 N1 N2 153 0.330 1
206 4 N1 N1 147 0.330 0
206 5 N2 N1 124 0.250 0
206 6 N2 N2 197 0.250 1
206 7 N4 N1 66 0.470 0
206 8 N4 N4 252 0.470 1
207 1 N5 N2 142 0.890 1
207 2 N5 N5 0 0.890 0
207 3 N1 N2 153 1.400 1
207 4 N1 N1 147 1.400 0
207 5 N2 N1 123 0.280 0
207 6 N2 N2 197 0.280 1
207 7 N4 N1 66 1.540 0
207 8 N4 N4 252 1.540 1
208 1 N5 N2 142 0.020 1
208 2 N5 N5 0 0.020 0
208 3 N1 N2 151 0.040 1
208 4 N1 N1 147 0.040 0
208 5 N2 N1 120 0.240 0
208 6 N2 N2 195 0.240 1
208 7 N4 N1 66 0.060 0
208 8 N4 N4 251 0.060 1
209 1 N5 N2 141 0.100 1
209 2 N5 N5 0 0.100 0
209 3 N1 N2 150 0.070 1
209 4 N1 N1 147 0.070 0
209 5 N2 N1 116 0.420 0
209 6 N2 N2 194 0.420 1
209 7 N4 N1 62 0.090 0
209 8 N4 N4 251 0.090 1
210 1 N5 N2 140 0.170 1
210 2 N5 N5 0 0.170 0
210 3 N1 N2 151 0.500 1
210 4 N1 N1 148 0.500 0
210 5 N2 N1 112 0.050 0
210 6 N2 N2 190 0.050 1
210 7 N4 N1 60 0.120 0
210 8 N4 N4 250 0.120 1
211 1 N5 N2 139 0.090 1
211 2 N5 N5 0 0.090 0
211 3 N1 N2 151 0.530 1
211 4 N1 N1 146 0.530 0
211 5 N2 N1 109 0.100 0
211 6 N2 N2 189 0.100 1
211 7 N4 N1 57 0.670 0
211 8 N4 N4 250 0.670 1
212 1 N5 N2 137 0.130 1
212 2 N5 N5 0 0.130 0
212 3 N1 N2 151 0.170 1
212 4 N1 N1 142 0.170 0
212 5 N2 N1 103 0.110 0
212 6 N2 N2 188 0.110 1
212 7 N4 N1 57 0.710 0
212 8 N4 N4 250 0.710 1
213 1 N5 N2 136 0.210 1
213 2 N5 N5 0 0.210 0
213 3 N1 N2 151 1.240 1
213 4 N1 N1 142 1.240 0
213 5 N2 N1 100 0.040 0
213 6 N2 N2 187 0.040 1
213 7 N4 N1 56 0.280 0
213 8 N4 N4 249 0.280 1
214 1 N5 N2 134 0.250 1
214 2 N5 N5 0 0.250 0
214 3 N1 N2 150 0.160 1
214 4 N1 N1 140 0.160 0
214 5 N2 N1 90 0.070 0
214 6 N2 N2 185 0.070 1
214 7 N4 N1 45 0.330 0
214 8 N4 N4 249 0.330 1
215 1 N5 N2 132 0.280 1
215 2 N5 N5 0 0.280 0
215 3 N1 N2 148 0.190 1
215 4 N1 N1 137 0.190 0
215 5 N2 N1 84 0.110 0
215 6 N2 N2 183 0.110 1
215 7 N4 N1 45 0.380 0
215 8 N4 N4 249 0.380 1
216 1 N5 N2 132 0.310 1
216 2 N5 N5 0 0.310 0
216 3 N1 N2 148 1.260 1
216 4 N1 N1 137 1.260 0
216 5 N2 N1 83 0.170 0
216 6 N2 N2 183 0.170 1
216 7 N4 N1 43 0.670 0
216 8 N4 N4 248 0.670 1
217 1 N5 N2 131 0.330 1
217 2 N5 N5 0 0.330 0
217 3 N1 N2 146 0.300 1
217 4 N1 N1 131 0.300 0
217 5 N2 N1 79 0.200 0
217 6 N2 N2 182 0.200 1
217 7 N4 N1 43 0.200 0
217 8 N4 N4 248 0.200 1
218 1 N5 N2 131 0.380 1
218 2 N5 N5 0 0.380 0
218 3 N1 N2 145 0.870 1
218 4 N1 N1 127 0.870 0
218 5 N2 N1 78 0.120 0
218 6 N2 N2 181 0.120 1
218 7 N4 N1 43 0.240 0
218 8 N4 N4 248 0.240 1
219 1 N5 N2 132 0.400 1
219 2 N5 N5 0 0.400 0
219 3 N1 N2 145 0.450 1
219 4 N1 N1 121 0.450 0
219 5 N2 N1 75 0.430 0
219 6 N2 N2 180 0.430 1
219 7 N4 N1 41 0.020 0
219 8 N4 N4 248 0.020 1
220 1 N5 N2 132 0.410 1
220 2 N5 N5 0 0.410 0
220 3 N1 N2 147 0.020 1
220 4 N1 N1 117 0.020 0
220 5 N2 N1 72 0.350 0
220 6 N2 N2 179 0.350 1
220 7 N4 N1 41 0.080 0
220 8 N4 N4 248 0.080 1
221 1 N5 N2 133 0.040 1
221 2 N5 N5 0 0.040 0
221 3 N1 N2 149 0.100 1
221 4 N1 N1 111 0.100 0
221 5 N2 N1 66 0.030 0
221 6 N2 N2 182 0.030 1
221 7 N4 N1 41 0.120 0
221 8 N4 N4 248 0.120 1
222 1 N5 N2 135 0.080 1
222 2 N5 N5 0 0.080 0
222 3 N1 N2 152 0.530 1
222 4 N1 N1 108 0.530 0
222 5 N2 N1 64 0.070 0
222 6 N2 N2 184 0.070 1
222 7 N4 N1 0 0.140 0
222 8 N4 N4 248 0.140 1
223 1 N5 N2 136 0.050 1
223 2 N5 N5 0 0.050 0
223 3 N1 N2 157 0.560 1
223 4 N1 N1 103 0.560 0
223 5 N2 N1 61 0.090 0
223 6 N2 N2 187 0.090 1
223 7 N4 N1 0 0.170 0
223 8 N4 N4 248 0.170 1
224 1 N5 N2 137 0.140 1
224 2 N5 N5 0 0.140 0
224 3 N1 N2 162 0.950 1
224 4 N1 N1 100 0.950 0
224 5 N2 N1 61 0.040 0
224 6 N2 N2 188 0.040 1
224 7 N4 N1 0 0.450 0
224 8 N4 N4 247 0.450 1
225 1 N5 N2 138 0.180 1
225 2 N5 N5 0 0.180 0
225 3 N1 N2 168 0.440 1
225 4 N1 N1 97 0.440 0
225 5 N2 N1 58 0.050 0
225 6 N2 N2 190 0.050 1
225 7 N4 N1 0 0.280 0
225 8 N4 N4 246 0.280 1
226 1 N5 N2 139 0.220 1
226 2 N5 N5 0 0.220 0
226 3 N1 N2 171 0.030 1
226 4 N1 N1 94 0.030 0
226 5 N2 N1 56 0.030 0
226 6 N2 N2 192 0.030 1
226 7 N4 N1 0 0.340 0
226 8 N4 N4 244 0.340 1
227 1 N5 N2 139 0.270 1
227 2 N5 N5 0 0.270 0
227 3 N1 N2 171 0.230 1
227 4 N1 N1 90 0.230 0
227 5 N2 N1 51 0.170 0
227 6 N2 N2 192 0.170 1
227 7 N4 N1 0 0.410 0
227 8 N4 N4 243 0.410 1
228 1 N5 N2 137 0.270 1
228 2 N5 N5 0 0.270 0
228 3 N1 N2 172 0.310 1
228 4 N1 N1 87 0.310 0
228 5 N2 N1 47 0.200 0
228 6 N2 N2 191 0.200 1
228 7 N4 N1 0 0.420 0
228 8 N4 N4 241 0.420 1
229 1 N5 N2 137 0.840 1
229 2 N5 N5 0 0.840 0
229 3 N1 N2 171 0.580 1
229 4 N1 N1 87 0.580 0
229 5 N2 N1 48 0.250 0
229 6 N2 N2 190 0.250 1
229 7 N4 N1 0 0.450 0
229 8 N4 N4 238 0.450 1
230 1 N5 N2 135 0.360 1
230 2 N5 N5 0 0.360 0
230 3 N1 N2 170 0.200 1
230 4 N1 N1 83 0.200 0
230 5 N2 N1 48 0.320 0
230 6 N2 N2 190 0.320 1
230 7 N4 N1 0 0.490 0
230 8 N4 N4 236 0.490 1
231 1 N5 N2 135 0.400 1
231 2 N5 N5 0 0.400 0
231 3 N1 N2 168 0.130 1
231 4 N1 N1 82 0.130 0
231 5 N2 N1 48 0.820 0
231 6 N2 N2 189 0.820 1
231 7 N4 N1 0 0.010 0
231 8 N4 N4 236 0.010 1
232 1 N5 N2 135 0.030 1
232 2 N5 N5 0 0.030 0
232 3 N1 N2 167 0.480 1
232 4 N1 N1 80 0.480 0
232 5 N2 N1 48 0.380 0
232 6 N2 N2 190 0.380 1
232 7 N4 N1 0 0.040 0
232 8 N4 N4 235 0.040 1
233 1 N5 N2 134 0.080 1
233 2 N5 N5 0 0.080 0
233 3 N1 N2 168 0.130 1
233 4 N1 N1 81 0.130 0
233 5 N2 N1 50 0.430 0
233 6 N2 N2 189 0.430 1
233 7 N4 N1 0 0.050 0
233 8 N4 N4 235 0.050 1
234 1 N5 N2 134 0.000 1
234 2 N5 N5 0 0.000 0
234 3 N1 N2 168 0.170 1
234 4 N1 N1 81 0.170 0
234 5 N2 N1 50 0.040 0
234 6 N2 N2 190 0.040 1
234 7 N4 N1 27 0.100 0
234 8 N4 N4 234 0.100 1
235 1 N5 N2 135 0.050 1
235 2 N5 N5 0 0.050 0
235 3 N1 N2 172 0.130 1
235 4 N1 N1 80 0.130 0
235 5 N2 N1 50 0.500 0
235 6 N2 N2 191 0.500 1
235 7 N4 N1 26 0.140 0
235 8 N4 N4 233 0.140 1
236 1 N5 N2 136 0.220 1
236 2 N5 N5 0 0.220 0
236 3 N1 N2 174 0.180 1
236 4 N1 N1 81 0.180 0
236 5 N2 N1 49 0.140 0
236 6 N2 N2 193 0.140 1
236 7 N4 N1 25 0.170 0
236 8 N4 N4 231 0.170 1
237 1 N5 N2 137 0.660 1
237 2 N5 N5 0 0.660 0
237 3 N1 N2 176 0.710 1
237 4 N1 N1 80 0.710 0
237 5 N2 N1 48 0.040 0
237 6 N2 N2 196 0.040 1
237 7 N4 N1 25 0.200 0
237 8 N4 N4 229 0.200 1
238 1 N5 N2 141 0.190 1
238 2 N5 N5 0 0.190 0
238 3 N1 N2 182 0.230 1
238 4 N1 N1 77 0.230 0
238 5 N2 N1 47 0.100 0
238 6 N2 N2 200 0.100 1
238 7 N4 N1 25 0.260 0
238 8 N4 N4 226 0.260 1
239 1 N5 N2 143 0.730 1
239 2 N5 N5 0 0.730 0
239 3 N1 N2 188 0.300 1
239 4 N1 N1 76 0.300 0
239 5 N2 N1 48 0.150 0
239 6 N2 N2 205 0.150 1
239 7 N4 N1 24 0.460 0
239 8 N4 N4 224 0.460 1
240 1 N5 N2 146 0.260 1
240 2 N5 N5 0 0.260 0
240 3 N1 N2 189 0.430 1
240 4 N1 N1 76 0.430 0
240 5 N2 N1 49 0.190 0
240 6 N2 N2 208 0.190 1
240 7 N4 N1 23 0.320 0
240 8 N4 N4 219 0.320 1
241 1 N5 N2 147 0.310 1
241 2 N5 N5 0 0.310 0
241 3 N1 N2 188 0.380 1
241 4 N1 N1 76 0.380 0
241 5 N2 N1 54 0.240 0
241 6 N2 N2 211 0.240 1
241 7 N4 N1 23 0.870 0
241 8 N4 N4 216 0.870 1
242 1 N5 N2 151 0.350 1
242 2 N5 N5 0 0.350 0
242 3 N1 N2 188 0.400 1
242 4 N1 N1 77 0.400 0
242 5 N2 N1 57 0.290 0
242 6 N2 N2 213 0.290 1
242 7 N4 N1 25 0.400 0
242 8 N4 N4 212 0.400 1
243 1 N5 N2 155 0.400 1
243 2 N5 N5 0 0.400 0
243 3 N1 N2 189 0.020 1
243 4 N1 N1 83 0.020 0
243 5 N2 N1 64 0.290 0
243 6 N2 N2 215 0.290 1
243 7 N4 N1 29 0.130 0
243 8 N4 N4 207 0.130 1
244 1 N5 N2 157 0.030 1
244 2 N5 N5 0 0.030 0
244 3 N1 N2 190 0.030 1
244 4 N1 N1 87 0.030 0
244 5 N2 N1 70 0.390 0
244 6 N2 N2 218 0.390 1
244 7 N4 N1 32 0.020 0
244 8 N4 N4 203 0.020 1
245 1 N5 N2 162 0.460 1
245 2 N5 N5 0 0.460 0
245 3 N1 N2 192 0.060 1
245 4 N1 N1 91 0.060 0
245 5 N2 N1 72 0.430 0
245 6 N2 N2 222 0.430 1
245 7 N4 N1 35 0.060 0
245 8 N4 N4 201 0.060 1
246 1 N5 N2 162 1.560 1
246 2 N5 N5 0 1.560 0
246 3 N1 N2 196 0.130 1
246 4 N1 N1 96 0.130 0
246 5 N2 N1 76 0.050 0
246 6 N2 N2 224 0.050 1
246 7 N4 N1 35 0.140 0
246 8 N4 N4 200 0.140 1
247 1 N5 N2 162 0.160 1
247 2 N5 N5 0 0.160 0
247 3 N1 N2 197 0.060 1
247 4 N1 N1 101 0.060 0
247 5 N2 N1 77 0.120 0
247 6 N2 N2 227 0.120 1
247 7 N4 N1 35 0.680 0
247 8 N4 N4 199 0.680 1
248 1 N5 N2 163 0.070 1
248 2 N5 N5 0 0.070 0
248 3 N1 N2 197 0.090 1
248 4 N1 N1 104 0.090 0
248 5 N2 N1 78 0.290 0
248 6 N2 N2 229 0.290 1
248 7 N4 N1 35 0.210 0
248 8 N4 N4 199 0.210 1
249 1 N5 N2 163 0.740 1
249 2 N5 N5 0 0.740 0
249 3 N1 N2 194 0.130 1
249 4 N1 N1 105 0.130 0
249 5 N2 N1 80 0.210 0
249 6 N2 N2 230 0.210 1
249 7 N4 N1 35 0.750 0
249 8 N4 N4 200 0.750 1
250 1 N5 N2 164 0.170 1
250 2 N5 N5 0 0.170 0
250 3 N1 N2 194 1.200 1
250 4 N1 N1 105 1.200 0
250 5 N2 N1 80 0.230 0
250 6 N2 N2 229 0.230 1
250 7 N4 N1 35 1.820 0
250 8 N4 N4 200 1.820 1
251 1 N5 N2 165 0.230 1
251 2 N5 N5 0 0.230 0
251 3 N1 N2 189 0.230 1
251 4 N1 N1 107 0.230 0
251 5 N2 N1 82 0.300 0
251 6 N2 N2 229 0.300 1
251 7 N4 N1 36 0.820 0
251 8 N4 N4 202 0.820 1
252 1 N5 N2 165 0.390 1
252 2 N5 N5 0 0.390 0
252 3 N1 N2 184 0.270 1
252 4 N1 N1 107 0.270 0
252 5 N2 N1 86 0.350 0
252 6 N2 N2 227 0.350 1
252 7 N4 N1 39 0.530 0
252 8 N4 N4 204 0.530 1
253 1 N5 N2 165 0.440 1
253 2 N5 N5 0 0.440 0
253 3 N1 N2 179 0.440 1
253 4 N1 N1 109 0.440 0
253 5 N2 N1 88 0.030 0
253 6 N2 N2 224 0.030 1
253 7 N4 N1 39 0.450 0
253 8 N4 N4 206 0.450 1
254 1 N5 N2 165 0.360 1
254 2 N5 N5 0 0.360 0
254 3 N1 N2 174 0.330 1
254 4 N1 N1 111 0.330 0
254 5 N2 N1 90 0.090 0
254 6 N2 N2 220 0.090 1
254 7 N4 N1 42 0.490 0
254 8 N4 N4 209 0.490 1
255 1 N5 N2 165 0.530 1
255 2 N5 N5 0 0.530 0
255 3 N1 N2 172 0.030 1
255 4 N1 N1 112 0.030 0
255 5 N2 N1 95 0.020 0
255 6 N2 N2 218 0.020 1
255 7 N4 N1 47 0.040 0
255 8 N4 N4 215 0.040 1
256 1 N5 N2 166 0.450 1
256 2 N5 N5 0 0.450 0
256 3 N1 N2 165 0.080 1
256 4 N1 N1 114 0.080 0
256 5 N2 N1 97 0.070 0
256 6 N2 N2 215 0.070 1
256 7 N4 N1 52 0.070 0
256 8 N4 N4 218 0.070 1
257 1 N5 N2 167 0.480 1
257 2 N5 N5 0 0.480 0
257 3 N1 N2 164 0.100 1
257 4 N1 N1 118 0.100 0
257 5 N2 N1 98 0.150 0
257 6 N2 N2 213 0.150 1
257 7 N4 N1 52 0.470 0
257 8 N4 N4 218 0.470 1
258 1 N5 N2 168 0.120 1
258 2 N5 N5 0 0.120 0
258 3 N1 N2 160 0.140 1
258 4 N1 N1 119 0.140 0
258 5 N2 N1 99 0.150 0
258 6 N2 N2 211 0.150 1
258 7 N4 N1 52 1.540 0
258 8 N4 N4 218 1.540 1
259 1 N5 N2 168 0.040 1
259 2 N5 N5 0 0.040 0
259 3 N1 N2 158 0.060 1
259 4 N1 N1 121 0.060 0
259 5 N2 N1 100 0.170 0
259 6 N2 N2 210 0.170 1
259 7 N4 N1 52 0.220 0
259 8 N4 N4 224 0.220 1
260 1 N5 N2 169 0.190 1
260 2 N5 N5 0 0.190 0
260 3 N1 N2 157 0.100 1
260 4 N1 N1 120 0.100 0
260 5 N2 N1 99 0.240 0
260 6 N2 N2 209 0.240 1
260 7 N4 N1 51 0.280 0
260 8 N4 N4 229 0.280 1
261 1 N5 N2 168 0.130 1
261 2 N5 N5 0 0.130 0
261 3 N1 N2 156 0.120 1
261 4 N1 N1 118 0.120 0
261 5 N2 N1 97 0.280 0
261 6 N2 N2 207 0.280 1
261 7 N4 N1 52 0.330 0
261 8 N4 N4 233 0.330 1
262 1 N5 N2 167 0.230 1
262 2 N5 N5 0 0.230 0
262 3 N1 N2 155 0.760 1
262 4 N1 N1 118 0.760 0
262 5 N2 N1 96 0.500 0
262 6 N2 N2 206 0.500 1
262 7 N4 N1 52 0.450 0
262 8 N4 N4 235 0.450 1
263 1 N5 N2 166 0.270 1
263 2 N5 N5 0 0.270 0
263 3 N1 N2 155 0.300 1
263 4 N1 N1 117 0.300 0
263 5 N2 N1 93 0.420 0
263 6 N2 N2 204 0.420 1
263 7 N4 N1 51 0.660 0
263 8 N4 N4 235 0.660 1
264 1 N5 N2 166 0.340 1
264 2 N5 N5 0 0.340 0
264 3 N1 N2 154 0.360 1
264 4 N1 N1 115 0.360 0
264 5 N2 N1 90 0.060 0
264 6 N2 N2 201 0.060 1
264 7 N4 N1 50 0.560 0
264 8 N4 N4 236 0.560 1
265 1 N5 N2 165 0.370 1
265 2 N5 N5 0 0.370 0
265 3 N1 N2 153 0.400 1
265 4 N1 N1 115 0.400 0
265 5 N2 N1 91 0.100 0
265 6 N2 N2 198 0.100 1
265 7 N4 N1 48 0.090 0
265 8 N4 N4 239 0.090 1
266 1 N5 N2 164 0.470 1
266 2 N5 N5 0 0.470 0
266 3 N1 N2 150 0.480 1
266 4 N1 N1 115 0.480 0
266 5 N2 N1 94 0.060 0
266 6 N2 N2 196 0.060 1
266 7 N4 N1 54 0.180 0
266 8 N4 N4 242 0.180 1
267 1 N5 N2 162 0.060 1
267 2 N5 N5 0 0.060 0
267 3 N1 N2 147 0.090 1
267 4 N1 N1 117 0.090 0
267 5 N2 N1 100 0.140 0
267 6 N2 N2 193 0.140 1
267 7 N4 N1 54 0.280 0
267 8 N4 N4 243 0.280 1
268 1 N5 N2 158 0.100 1
268 2 N5 N5 0 0.100 0
268 3 N1 N2 143 0.170 1
268 4 N1 N1 120 0.170 0
268 5 N2 N1 106 0.230 0
268 6 N2 N2 190 0.230 1
268 7 N4 N1 59 0.380 0
268 8 N4 N4 245 0.380 1
269 1 N5 N2 154 0.120 1
269 2 N5 N5 0 0.120 0
269 3 N1 N2 140 0.220 1
269 4 N1 N1 121 0.220 0
269 5 N2 N1 109 0.790 0
269 6 N2 N2 187 0.790 1
269 7 N4 N1 61 0.080 0
269 8 N4 N4 246 0.080 1
270 1 N5 N2 152 0.180 1
270 2 N5 N5 0 0.180 0
270 3 N1 N2 139 0.370 1
270 4 N1 N1 127 0.370 0
270 5 N2 N1 113 0.320 0
270 6 N2 N2 186 0.320 1
270 7 N4 N1 65 0.130 0
270 8 N4 N4 247 0.130 1
271 1 N5 N2 147 0.210 1
271 2 N5 N5 0 0.210 0
271 3 N1 N2 136 0.420 1
271 4 N1 N1 131 0.420 0
271 5 N2 N1 115 0.340 0
271 6 N2 N2 182 0.340 1
271 7 N4 N1 65 0.040 0
271 8 N4 N4 249 0.040 1
272 1 N5 N2 145 0.760 1
272 2 N5 N5 0 0.760 0
272 3 N1 N2 129 0.240 0
272 4 N1 N1 135 0.240 1
272 5 N2 N1 115 0.380 0
272 6 N2 N2 179 0.380 1
272 7 N4 N1 66 0.060 0
272 8 N4 N4 249 0.060 1
273 1 N5 N2 142 0.420 1
273 2 N5 N5 0 0.420 0
273 3 N1 N2 128 0.940 0
273 4 N1 N1 135 0.940 1
273 5 N2 N1 114 0.410 0
273 6 N2 N2 175 0.410 1
273 7 N4 N1 66 0.090 0
273 8 N4 N4 250 0.090 1
274 1 N5 N2 138 0.330 1
274 2 N5 N5 0 0.330 0
274 3 N1 N2 123 0.020 0
274 4 N1 N1 137 0.020 1
274 5 N2 N1 113 0.060 0
274 6 N2 N2 171 0.060 1
274 7 N4 N1 66 0.140 0
274 8 N4 N4 250 0.140 1
275 1 N5 N2 136 0.490 1
275 2 N5 N5 0 0.490 0
275 3 N1 N2 120 0.080 0
275 4 N1 N1 139 0.080 1
275 5 N2 N1 115 0.070 0
275 6 N2 N2 169 0.070 1
275 7 N4 N1 67 0.180 0
275 8 N4 N4 250 0.180 1
276 1 N5 N2 134 0.400 1
276 2 N5 N5 0 0.400 0
276 3 N1 N2 120 0.650 0
276 4 N1 N1 139 0.650 1
276 5 N2 N1 117 0.110 0
276 6 N2 N2 166 0.110 1
276 7 N4 N1 68 0.200 0
276 8 N4 N4 250 0.200 1
277 1 N5 N2 130 0.030 1
277 2 N5 N5 0 0.030 0
277 3 N1 N2 119 0.030 0
277 4 N1 N1 140 0.030 1
277 5 N2 N1 119 0.040 0
277 6 N2 N2 165 0.040 1
277 7 N4 N1 69 0.270 0
277 8 N4 N4 250 0.270 1
278 1 N5 N2 127 0.460 1
278 2 N5 N5 0 0.460 0
278 3 N1 N2 119 0.110 0
278 4 N1 N1 140 0.110 1
278 5 N2 N1 120 0.080 0
278 6 N2 N2 164 0.080 1
278 7 N4 N1 72 0.320 0
278 8 N4 N4 250 0.320 1
279 1 N5 N2 125 0.510 1
279 2 N5 N5 0 0.510 0
279 3 N1 N2 118 0.140 0
279 4 N1 N1 140 0.140 1
279 5 N2 N1 120 0.140 0
279 6 N2 N2 163 0.140 1
279 7 N4 N1 74 0.340 0
279 8 N4 N4 250 0.340 1
280 1 N5 N2 124 0.160 1
280 2 N5 N5 0 0.160 0
280 3 N1 N2 119 0.280 0
280 4 N1 N1 142 0.280 1
280 5 N2 N1 120 0.180 0
280 6 N2 N2 162 0.180 1
280 7 N4 N1 75 0.400 0
280 8 N4 N4 251 0.400 1
281 1 N5 N2 123 0.210 1
281 2 N5 N5 0 0.210 0
281 3 N1 N2 117 0.110 0
281 4 N1 N1 143 0.110 1
281 5 N2 N1 120 0.310 0
281 6 N2 N2 161 0.310 1
281 7 N4 N1 76 0.220 0
281 8 N4 N4 251 0.220 1
282 1 N5 N2 122 0.130 1
282 2 N5 N5 0 0.130 0
282 3 N1 N2 117 0.230 0
282 4 N1 N1 142 0.230 1
282 5 N2 N1 120 0.010 0
282 6 N2 N2 160 0.010 1
282 7 N4 N1 77 0.490 0
282 8 N4 N4 251 0.490 1
283 1 N5 N2 122 0.190 1
283 2 N5 N5 0 0.190 0
283 3 N1 N2 117 0.150 0
283 4 N1 N1 142 0.150 1
283 5 N2 N1 118 0.260 0
283 6 N2 N2 159 0.260 1
283 7 N4 N1 77 0.520 0
283 8 N4 N4 251 0.520 1
284 1 N5 N2 122 0.260 1
284 2 N5 N5 0 0.260 0
284 3 N1 N2 118 0.240 0
284 4 N1 N1 142 0.240 1
284 5 N2 N1 117 0.330 0
284 6 N2 N2 158 0.330 1
284 7 N4 N1 77 0.060 0
284 8 N4 N4 252 0.060 1
