1 1 N3 N1 0 0.100 0
1 2 N3 N2 170 0.100 1
1 3 N1 N1 29 1.350 0
1 4 N1 N2 195 1.350 1
1 5 N2 N1 26 0.220 0
1 6 N2 N2 243 0.220 1
1 7 N4 N1 0 0.190 0
1 8 N4 N2 130 0.190 1
2 1 N3 N1 0 0.710 0
2 2 N3 N2 171 0.710 1
2 3 N1 N1 29 0.400 0
2 4 N1 N2 196 0.400 1
2 5 N2 N1 28 0.310 0
2 6 N2 N2 245 0.310 1
2 7 N4 N1 0 0.290 0
2 8 N4 N2 130 0.290 1
3 1 N3 N1 0 0.730 0
3 2 N3 N2 172 0.730 1
3 3 N1 N1 32 0.410 0
3 4 N1 N2 198 0.420 1
3 5 N2 N1 29 0.350 0
3 6 N2 N2 246 0.350 1
3 7 N4 N1 0 1.360 0
3 8 N4 N2 130 1.360 1
4 1 N3 N1 0 1.800 0
4 2 N3 N2 172 1.800 1
4 3 N1 N1 33 0.460 0
4 4 N1 N2 199 0.460 1
4 5 N2 N1 30 0.500 0
4 6 N2 N2 246 0.500 1
4 7 N4 N1 0 0.800 0
4 8 N4 N2 130 0.800 1
5 1 N3 N1 0 0.320 0
5 2 N3 N2 173 0.320 1
5 3 N1 N1 34 0.460 0
5 4 N1 N2 199 0.460 1
5 5 N2 N1 29 0.430 0
5 6 N2 N2 246 0.430 1
5 7 N4 N1 0 0.920 0
5 8 N4 N2 130 0.920 1
6 1 N3 N1 0 0.860 0
6 2 N3 N2 174 0.860 1
6 3 N1 N1 34 0.100 0
6 4 N1 N2 198 0.100 1
6 5 N2 N1 30 0.080 0
6 6 N2 N2 247 0.080 1
6 7 N4 N1 0 0.440 0
6 8 N4 N2 129 0.440 1
7 1 N3 N1 0 0.340 0
7 2 N3 N2 175 0.340 1
7 3 N1 N1 36 0.030 0
7 4 N1 N2 200 0.030 1
7 5 N2 N1 30 0.110 0
7 6 N2 N2 249 0.110 1
7 7 N4 N1 0 0.500 0
7 8 N4 N2 128 0.500 1
8 1 N3 N1 0 0.380 0
8 2 N3 N2 175 0.380 1
8 3 N1 N1 37 0.050 0
8 4 N1 N2 200 0.050 1
8 5 N2 N1 30 0.020 0
8 6 N2 N2 249 0.020 1
8 7 N4 N1 0 1.570 0
8 8 N4 N2 128 1.570 1
9 1 N3 N1 0 0.440 0
9 2 N3 N2 176 0.440 1
9 3 N1 N1 37 0.080 0
9 4 N1 N2 199 0.080 1
9 5 N2 N1 29 0.190 0
9 6 N2 N2 250 0.190 1
9 7 N4 N1 0 0.590 0
9 8 N4 N2 129 0.590 1
10 1 N3 N1 0 0.480 0
10 2 N3 N2 178 0.480 1
10 3 N1 N1 37 0.120 0
10 4 N1 N2 200 0.120 1
10 5 N2 N1 30 0.110 0
10 6 N2 N2 250 0.110 1
10 7 N4 N1 0 0.110 0
10 8 N4 N2 133 0.110 1
11 1 N3 N1 0 0.510 0
11 2 N3 N2 180 0.510 1
11 3 N1 N1 36 0.690 0
11 4 N1 N2 200 0.690 1
11 5 N2 N1 31 0.270 0
11 6 N2 N2 250 0.270 1
11 7 N4 N1 0 0.650 0
11 8 N4 N2 134 0.650 1
12 1 N3 N1 0 0.030 0
12 2 N3 N2 182 0.030 1
12 3 N1 N1 36 0.310 0
12 4 N1 N2 200 0.310 1
12 5 N2 N1 31 0.290 0
12 6 N2 N2 251 0.290 1
12 7 N4 N1 0 0.170 0
12 8 N4 N2 138 0.170 1
13 1 N3 N1 0 0.100 0
13 2 N3 N2 180 0.100 1
13 3 N1 N1 36 0.240 0
13 4 N1 N2 200 0.240 1
13 5 N2 N1 31 0.300 0
13 6 N2 N2 250 0.300 1
13 7 N4 N1 0 0.730 0
13 8 N4 N2 139 0.730 1
14 1 N3 N1 0 0.640 0
14 2 N3 N2 180 0.640 1
14 3 N1 N1 36 0.280 0
14 4 N1 N2 199 0.280 1
14 5 N2 N1 31 0.250 0
14 6 N2 N2 249 0.250 1
14 7 N4 N1 0 0.370 0
14 8 N4 N2 141 0.370 1
15 1 N3 N1 0 0.680 0
15 2 N3 N2 180 0.680 1
15 3 N1 N1 36 0.310 0
15 4 N1 N2 199 0.310 1
15 5 N2 N1 31 0.400 0
15 6 N2 N2 248 0.400 1
15 7 N4 N1 0 1.430 0
15 8 N4 N2 141 1.430 1
16 1 N3 N1 0 0.210 0
16 2 N3 N2 181 0.210 1
16 3 N1 N1 36 0.350 0
16 4 N1 N2 199 0.350 1
16 5 N2 N1 29 0.430 0
16 6 N2 N2 248 0.430 1
16 7 N4 N1 0 0.430 0
16 8 N4 N2 144 0.430 1
17 1 N3 N1 0 1.320 0
17 2 N3 N2 181 1.320 1
17 3 N1 N1 36 0.450 0
17 4 N1 N2 199 0.450 1
17 5 N2 N1 27 0.890 0
17 6 N2 N2 247 0.890 1
17 7 N4 N1 0 1.000 0
17 8 N4 N2 145 1.000 1
18 1 N3 N1 0 0.280 0
18 2 N3 N2 181 0.280 1
18 3 N1 N1 36 0.470 0
18 4 N1 N2 199 0.470 1
18 5 N2 N1 27 0.470 0
18 6 N2 N2 247 0.470 1
18 7 N4 N1 0 1.030 0
18 8 N4 N2 146 1.030 1
19 1 N3 N1 0 0.340 0
19 2 N3 N2 182 0.340 1
19 3 N1 N1 36 0.040 0
19 4 N1 N2 197 0.040 1
19 5 N2 N1 28 0.020 0
19 6 N2 N2 246 0.020 1
19 7 N4 N1 0 2.110 0
19 8 N4 N2 146 2.110 1
20 1 N3 N1 0 0.890 0
20 2 N3 N2 182 0.890 1
20 3 N1 N1 38 0.100 0
20 4 N1 N2 196 0.100 1
20 5 N2 N1 30 0.070 0
20 6 N2 N2 245 0.070 1
20 7 N4 N1 0 0.070 0
20 8 N4 N2 148 0.070 1
21 1 N3 N1 0 0.920 0
21 2 N3 N2 181 0.920 1
21 3 N1 N1 39 0.130 0
21 4 N1 N2 194 0.130 1
21 5 N2 N1 31 0.080 0
21 6 N2 N2 245 0.080 1
21 7 N4 N1 0 0.610 0
21 8 N4 N2 149 0.610 1
22 1 N3 N1 0 0.940 0
22 2 N3 N2 180 0.940 1
22 3 N1 N1 39 0.120 0
22 4 N1 N2 194 0.120 1
22 5 N2 N1 31 0.060 0
22 6 N2 N2 245 0.060 1
22 7 N4 N1 0 1.670 0
22 8 N4 N2 149 1.670 1
23 1 N3 N1 0 0.080 0
23 2 N3 N2 177 0.080 1
23 3 N1 N1 41 0.200 0
23 4 N1 N2 192 0.200 1
23 5 N2 N1 31 0.130 0
23 6 N2 N2 244 0.130 1
23 7 N4 N1 0 0.450 0
23 8 N4 N2 148 0.450 1
24 1 N3 N1 0 0.450 0
24 2 N3 N2 176 0.450 1
24 3 N1 N1 41 0.260 0
24 4 N1 N2 189 0.260 1
24 5 N2 N1 35 0.170 0
24 6 N2 N2 242 0.170 1
24 7 N4 N1 0 1.520 0
24 8 N4 N2 148 1.520 1
25 1 N3 N1 0 1.550 0
25 2 N3 N2 176 1.550 1
25 3 N1 N1 43 0.340 0
25 4 N1 N2 186 0.340 1
25 5 N2 N1 35 0.240 0
25 6 N2 N2 240 0.240 1
25 7 N4 N1 0 1.000 0
25 8 N4 N2 148 1.000 1
26 1 N3 N1 0 0.210 0
26 2 N3 N2 176 0.210 1
26 3 N1 N1 43 0.390 0
26 4 N1 N2 186 0.390 1
26 5 N2 N1 39 0.280 0
26 6 N2 N2 238 0.280 1
26 7 N4 N1 0 0.280 0
26 8 N4 N2 148 0.280 1
27 1 N3 N1 0 0.100 0
27 2 N3 N2 176 0.100 1
27 3 N1 N1 43 0.440 0
27 4 N1 N2 183 0.440 1
27 5 N2 N1 50 0.330 0
27 6 N2 N2 236 0.330 1
27 7 N4 N1 0 1.350 0
27 8 N4 N2 148 1.350 1
28 1 N3 N1 0 1.170 0
28 2 N3 N2 176 1.170 1
28 3 N1 N1 49 0.110 0
28 4 N1 N2 181 0.110 1
28 5 N2 N1 50 0.380 0
28 6 N2 N2 233 0.380 1
28 7 N4 N1 0 2.420 0
28 8 N4 N2 148 2.420 1
29 1 N3 N1 0 0.890 0
29 2 N3 N2 176 0.890 1
29 3 N1 N1 53 0.030 0
29 4 N1 N2 177 0.030 1
29 5 N2 N1 50 0.330 0
29 6 N2 N2 231 0.330 1
29 7 N4 N1 0 0.950 0
29 8 N4 N2 147 0.950 1
30 1 N3 N1 0 0.250 0
30 2 N3 N2 176 0.250 1
30 3 N1 N1 53 0.080 0
30 4 N1 N2 174 0.080 1
30 5 N2 N1 50 0.000 0
30 6 N2 N2 227 0.000 1
30 7 N4 N1 0 0.520 0
30 8 N4 N2 147 0.520 1
31 1 N3 N1 0 0.830 0
31 2 N3 N2 176 0.830 1
31 3 N1 N1 53 0.120 0
31 4 N1 N2 171 0.120 1
31 5 N2 N1 50 0.580 0
31 6 N2 N2 226 0.580 1
31 7 N4 N1 0 1.600 0
31 8 N4 N2 147 1.600 1
32 1 N3 N1 0 0.360 0
32 2 N3 N2 176 0.360 1
32 3 N1 N1 53 0.210 0
32 4 N1 N2 170 0.210 1
32 5 N2 N1 50 0.140 0
32 6 N2 N2 225 0.140 1
32 7 N4 N1 0 0.640 0
32 8 N4 N2 146 0.640 1
33 1 N3 N1 0 0.400 0
33 2 N3 N2 176 0.400 1
33 3 N1 N1 52 0.270 0
33 4 N1 N2 167 0.270 1
33 5 N2 N1 50 0.180 0
33 6 N2 N2 223 0.180 1
33 7 N4 N1 0 1.710 0
33 8 N4 N2 146 1.710 1
34 1 N3 N1 0 0.950 0
34 2 N3 N2 176 0.950 1
34 3 N1 N1 52 0.850 0
34 4 N1 N2 166 0.850 1
34 5 N2 N1 50 0.240 0
34 6 N2 N2 222 0.240 1
34 7 N4 N1 0 0.240 0
34 8 N4 N2 145 0.240 1
35 1 N3 N1 0 0.980 0
35 2 N3 N2 176 0.980 1
35 3 N1 N1 52 0.360 0
35 4 N1 N2 164 0.360 1
35 5 N2 N1 48 0.280 0
35 6 N2 N2 221 0.280 1
35 7 N4 N1 0 0.790 0
35 8 N4 N2 144 0.790 1
36 1 N3 N1 0 0.520 0
36 2 N3 N2 177 0.520 1
36 3 N1 N1 51 0.420 0
36 4 N1 N2 165 0.420 1
36 5 N2 N1 45 0.300 0
36 6 N2 N2 221 0.300 1
36 7 N4 N1 0 0.300 0
36 8 N4 N2 144 0.300 1
37 1 N3 N1 0 0.070 0
37 2 N3 N2 177 0.070 1
37 3 N1 N1 52 0.070 0
37 4 N1 N2 163 0.070 1
37 5 N2 N1 45 0.330 0
37 6 N2 N2 220 0.330 1
37 7 N4 N1 0 0.330 0
37 8 N4 N2 144 0.330 1
38 1 N3 N1 0 0.130 0
38 2 N3 N2 177 0.130 1
38 3 N1 N1 52 0.630 0
38 4 N1 N2 163 0.630 1
38 5 N2 N1 45 0.400 0
38 6 N2 N2 218 0.400 1
38 7 N4 N1 0 0.400 0
38 8 N4 N2 144 0.400 1
39 1 N3 N1 0 0.670 0
39 2 N3 N2 176 0.670 1
39 3 N1 N1 51 0.030 0
39 4 N1 N2 162 0.030 1
39 5 N2 N1 42 0.420 0
39 6 N2 N2 217 0.420 1
39 7 N4 N1 0 0.940 0
39 8 N4 N2 142 0.940 1
40 1 N3 N1 0 0.200 0
40 2 N3 N2 175 0.200 1
40 3 N1 N1 53 0.070 0
40 4 N1 N2 163 0.070 1
40 5 N2 N1 42 0.990 0
40 6 N2 N2 217 0.990 1
40 7 N4 N1 0 0.990 0
40 8 N4 N2 142 0.990 1
41 1 N3 N1 0 0.230 0
41 2 N3 N2 173 0.230 1
41 3 N1 N1 53 0.120 0
41 4 N1 N2 163 0.120 1
41 5 N2 N1 44 0.340 0
41 6 N2 N2 217 0.340 1
41 7 N4 N1 0 0.000 0
41 8 N4 N2 140 0.000 1
42 1 N3 N1 0 0.790 0
42 2 N3 N2 172 0.790 1
42 3 N1 N1 53 0.680 0
42 4 N1 N2 164 0.680 1
42 5 N2 N1 45 0.010 0
42 6 N2 N2 217 0.010 1
42 7 N4 N1 0 0.060 0
42 8 N4 N2 138 0.060 1
43 1 N3 N1 0 0.300 0
43 2 N3 N2 171 0.300 1
43 3 N1 N1 54 0.680 0
43 4 N1 N2 166 0.680 1
43 5 N2 N1 46 0.430 0
43 6 N2 N2 217 0.430 1
43 7 N4 N1 0 0.100 0
43 8 N4 N2 138 0.100 1
44 1 N3 N1 0 0.360 0
44 2 N3 N2 171 0.360 1
44 3 N1 N1 54 0.210 0
44 4 N1 N2 169 0.210 1
44 5 N2 N1 46 0.090 0
44 6 N2 N2 219 0.090 1
44 7 N4 N1 0 0.130 0
44 8 N4 N2 137 0.130 1
45 1 N3 N1 0 0.420 0
45 2 N3 N2 171 0.420 1
45 3 N1 N1 55 0.240 0
45 4 N1 N2 173 0.240 1
45 5 N2 N1 46 0.130 0
45 6 N2 N2 221 0.130 1
45 7 N4 N1 0 0.170 0
45 8 N4 N2 136 0.170 1
46 1 N3 N1 0 1.510 0
46 2 N3 N2 171 1.510 1
46 3 N1 N1 57 0.290 0
46 4 N1 N2 178 0.290 1
46 5 N2 N1 46 0.160 0
46 6 N2 N2 223 0.160 1
46 7 N4 N1 0 1.260 0
46 8 N4 N2 136 1.260 1
47 1 N3 N1 0 0.010 0
47 2 N3 N2 169 0.010 1
47 3 N1 N1 57 0.350 0
47 4 N1 N2 179 0.350 1
47 5 N2 N1 46 0.200 0
47 6 N2 N2 225 0.200 1
47 7 N4 N1 0 2.350 0
47 8 N4 N2 136 2.350 1
48 1 N3 N1 0 0.580 0
48 2 N3 N2 168 0.580 1
48 3 N1 N1 57 0.400 0
48 4 N1 N2 180 0.400 1
48 5 N2 N1 48 0.150 0
48 6 N2 N2 226 0.150 1
48 7 N4 N1 0 0.290 0
48 8 N4 N2 134 0.290 1
49 1 N3 N1 0 0.110 0
49 2 N3 N2 169 0.110 1
49 3 N1 N1 58 0.430 0
49 4 N1 N2 182 0.430 1
49 5 N2 N1 48 0.280 0
49 6 N2 N2 226 0.280 1
49 7 N4 N1 0 0.860 0
49 8 N4 N2 134 0.860 1
50 1 N3 N1 0 0.160 0
50 2 N3 N2 169 0.160 1
50 3 N1 N1 56 0.080 0
50 4 N1 N2 183 0.080 1
50 5 N2 N1 47 0.130 0
50 6 N2 N2 227 0.130 1
50 7 N4 N1 0 0.360 0
50 8 N4 N2 135 0.360 1
51 1 N3 N1 0 0.210 0
51 2 N3 N2 169 0.210 1
51 3 N1 N1 56 1.040 0
51 4 N1 N2 184 1.040 1
51 5 N2 N1 47 0.330 0
51 6 N2 N2 227 0.330 1
51 7 N4 N1 0 0.430 0
51 8 N4 N2 136 0.430 1
52 1 N3 N1 0 0.260 0
52 2 N3 N2 170 0.260 1
52 3 N1 N1 56 0.650 0
52 4 N1 N2 184 0.650 1
52 5 N2 N1 47 0.360 0
52 6 N2 N2 227 0.360 1
52 7 N4 N1 0 1.000 0
52 8 N4 N2 137 1.000 1
53 1 N3 N1 0 0.300 0
53 2 N3 N2 170 0.300 1
53 3 N1 N1 56 0.070 0
53 4 N1 N2 183 0.070 1
53 5 N2 N1 46 0.310 0
53 6 N2 N2 226 0.310 1
53 7 N4 N1 0 0.050 0
53 8 N4 N2 138 0.050 1
54 1 N3 N1 0 0.860 0
54 2 N3 N2 170 0.860 1
54 3 N1 N1 56 0.100 0
54 4 N1 N2 183 0.100 1
54 5 N2 N1 46 0.460 0
54 6 N2 N2 224 0.460 1
54 7 N4 N1 0 0.080 0
54 8 N4 N2 138 0.080 1
55 1 N3 N1 0 0.400 0
55 2 N3 N2 170 0.400 1
55 3 N1 N1 55 0.270 0
55 4 N1 N2 182 0.270 1
55 5 N2 N1 43 0.020 0
55 6 N2 N2 224 0.020 1
55 7 N4 N1 0 0.120 0
55 8 N4 N2 139 0.120 1
56 1 N3 N1 0 0.970 0
56 2 N3 N2 169 0.970 1
56 3 N1 N1 54 0.180 0
56 4 N1 N2 183 0.180 1
56 5 N2 N1 42 0.090 0
56 6 N2 N2 224 0.090 1
56 7 N4 N1 0 0.130 0
56 8 N4 N2 140 0.130 1
57 1 N3 N1 0 0.460 0
57 2 N3 N2 168 0.460 1
57 3 N1 N1 50 0.300 0
57 4 N1 N2 182 0.300 1
57 5 N2 N1 42 0.090 0
57 6 N2 N2 224 0.090 1
57 7 N4 N1 0 0.090 0
57 8 N4 N2 140 0.090 1
58 1 N3 N1 0 0.490 0
58 2 N3 N2 166 0.490 1
58 3 N1 N1 50 0.340 0
58 4 N1 N2 182 0.340 1
58 5 N2 N1 40 0.080 0
58 6 N2 N2 224 0.080 1
58 7 N4 N1 0 0.250 0
58 8 N4 N2 141 0.250 1
59 1 N3 N1 0 0.600 0
59 2 N3 N2 167 0.600 1
59 3 N1 N1 50 1.470 0
59 4 N1 N2 182 1.470 1
59 5 N2 N1 39 0.320 0
59 6 N2 N2 225 0.320 1
59 7 N4 N1 0 1.380 0
59 8 N4 N2 141 1.380 1
60 1 N3 N1 23 0.130 0
60 2 N3 N2 167 0.130 1
60 3 N1 N1 49 0.020 0
60 4 N1 N2 182 0.020 1
60 5 N2 N1 36 0.130 0
60 6 N2 N2 225 0.130 1
60 7 N4 N1 20 0.810 0
60 8 N4 N2 142 0.810 1
61 1 N3 N1 23 0.210 0
61 2 N3 N2 165 0.210 1
61 3 N1 N1 48 0.040 0
61 4 N1 N2 181 0.040 1
61 5 N2 N1 34 0.500 0
61 6 N2 N2 224 0.500 1
61 7 N4 N1 20 1.890 0
61 8 N4 N2 142 1.890 1
62 1 N3 N1 23 0.270 0
62 2 N3 N2 163 0.270 1
62 3 N1 N1 48 1.110 0
62 4 N1 N2 181 1.110 1
62 5 N2 N1 32 0.030 0
62 6 N2 N2 222 0.030 1
62 7 N4 N1 20 0.030 0
62 8 N4 N2 143 0.030 1
63 1 N3 N1 23 0.310 0
63 2 N3 N2 162 0.310 1
63 3 N1 N1 46 0.980 0
63 4 N1 N2 179 0.980 1
63 5 N2 N1 32 0.090 0
63 6 N2 N2 221 0.090 1
63 7 N4 N1 20 0.090 0
63 8 N4 N2 142 0.090 1
64 1 N3 N1 23 0.330 0
64 2 N3 N2 160 0.330 1
64 3 N1 N1 42 0.180 0
64 4 N1 N2 175 0.180 1
64 5 N2 N1 32 0.130 0
64 6 N2 N2 220 0.130 1
64 7 N4 N1 22 0.320 0
64 8 N4 N2 142 0.320 1
65 1 N3 N1 28 0.290 0
65 2 N3 N2 158 0.290 1
65 3 N1 N1 42 0.170 0
65 4 N1 N2 173 0.170 1
65 5 N2 N1 32 0.160 0
65 6 N2 N2 218 0.160 1
65 7 N4 N1 22 0.710 0
65 8 N4 N2 141 0.710 1
66 1 N3 N1 28 0.450 0
66 2 N3 N2 154 0.450 1
66 3 N1 N1 42 0.310 0
66 4 N1 N2 169 0.310 1
66 5 N2 N1 32 0.700 0
66 6 N2 N2 216 0.700 1
66 7 N4 N1 22 0.760 0
66 8 N4 N2 139 0.760 1
67 1 N3 N1 27 0.510 0
67 2 N3 N2 148 0.510 1
67 3 N1 N1 42 1.380 0
67 4 N1 N2 169 1.380 1
67 5 N2 N1 32 0.770 0
67 6 N2 N2 215 0.770 1
67 7 N4 N1 22 0.810 0
67 8 N4 N2 137 0.810 1
68 1 N3 N1 27 0.050 0
68 2 N3 N2 146 0.050 1
68 3 N1 N1 42 0.380 0
68 4 N1 N2 167 0.380 1
68 5 N2 N1 34 0.190 0
68 6 N2 N2 213 0.190 1
68 7 N4 N1 22 1.880 0
68 8 N4 N2 137 1.880 1
69 1 N3 N1 27 1.120 0
69 2 N3 N2 146 1.120 1
69 3 N1 N1 42 0.950 0
69 4 N1 N2 167 0.950 1
69 5 N2 N1 33 0.350 0
69 6 N2 N2 213 0.350 1
69 7 N4 N1 21 0.350 0
69 8 N4 N2 135 0.350 1
70 1 N3 N1 27 2.190 0
70 2 N3 N2 146 2.190 1
70 3 N1 N1 41 0.390 0
70 4 N1 N2 167 0.390 1
70 5 N2 N1 33 0.360 0
70 6 N2 N2 214 0.360 1
70 7 N4 N1 20 0.370 0
70 8 N4 N2 134 0.370 1
71 1 N3 N1 27 0.200 0
71 2 N3 N2 144 0.200 1
71 3 N1 N1 41 0.570 0
71 4 N1 N2 168 0.570 1
71 5 N2 N1 33 0.930 0
71 6 N2 N2 214 0.930 1
71 7 N4 N1 20 0.440 0
71 8 N4 N2 133 0.440 1
72 1 N3 N1 27 1.270 0
72 2 N3 N2 144 1.270 1
72 3 N1 N1 43 0.090 0
72 4 N1 N2 170 0.090 1
72 5 N2 N1 35 0.330 0
72 6 N2 N2 215 0.330 1
72 7 N4 N1 21 0.470 0
72 8 N4 N2 131 0.470 1
73 1 N3 N1 27 0.260 0
73 2 N3 N2 142 0.260 1
73 3 N1 N1 44 0.120 0
73 4 N1 N2 173 0.120 1
73 5 N2 N1 36 0.480 0
73 6 N2 N2 216 0.480 1
73 7 N4 N1 21 0.510 0
73 8 N4 N2 129 0.510 1
74 1 N3 N1 28 0.310 0
74 2 N3 N2 141 0.310 1
74 3 N1 N1 45 0.290 0
74 4 N1 N2 173 0.290 1
74 5 N2 N1 38 0.010 0
74 6 N2 N2 218 0.010 1
74 7 N4 N1 22 0.020 0
74 8 N4 N2 125 0.020 1
75 1 N3 N1 28 0.360 0
75 2 N3 N2 140 0.360 1
75 3 N1 N1 46 0.190 0
75 4 N1 N2 172 0.190 1
75 5 N2 N1 38 0.050 0
75 6 N2 N2 219 0.050 1
75 7 N4 N1 22 0.600 0
75 8 N4 N2 122 0.600 1
76 1 N3 N1 27 0.390 0
76 2 N3 N2 140 0.390 1
76 3 N1 N1 46 0.230 0
76 4 N1 N2 170 0.230 1
76 5 N2 N1 39 0.120 0
76 6 N2 N2 219 0.120 1
76 7 N4 N1 22 0.620 0
76 8 N4 N2 120 0.620 1
77 1 N3 N1 27 0.420 0
77 2 N3 N2 138 0.420 1
77 3 N1 N1 47 0.250 0
77 4 N1 N2 169 0.250 1
77 5 N2 N1 39 0.160 0
77 6 N2 N2 218 0.160 1
77 7 N4 N1 22 0.160 0
77 8 N4 N2 118 0.160 1
78 1 N3 N1 27 0.470 0
78 2 N3 N2 138 0.470 1
78 3 N1 N1 47 0.790 0
78 4 N1 N2 169 0.790 1
78 5 N2 N1 39 0.720 0
78 6 N2 N2 218 0.720 1
78 7 N4 N1 20 0.680 0
78 8 N4 N2 116 0.680 1
79 1 N3 N1 29 0.530 0
79 2 N3 N2 136 0.530 1
79 3 N1 N1 49 0.060 0
79 4 N1 N2 166 0.060 1
79 5 N2 N1 38 0.180 0
79 6 N2 N2 219 0.180 1
79 7 N4 N1 20 1.750 0
79 8 N4 N2 116 1.750 1
80 1 N3 N1 31 0.070 0
80 2 N3 N2 133 0.070 1
80 3 N1 N1 49 0.360 0
80 4 N1 N2 164 0.360 1
80 5 N2 N1 36 0.150 0
80 6 N2 N2 219 0.150 1
80 7 N4 N1 20 0.270 0
80 8 N4 N2 114 0.270 1
81 1 N3 N1 31 0.130 0
81 2 N3 N2 132 0.130 1
81 3 N1 N1 43 0.020 0
81 4 N1 N2 164 0.020 1
81 5 N2 N1 32 0.110 0
81 6 N2 N2 220 0.110 1
81 7 N4 N1 21 0.310 0
81 8 N4 N2 109 0.310 1
82 1 N3 N1 21 0.150 0
82 2 N3 N2 132 0.150 1
82 3 N1 N1 40 0.060 0
82 4 N1 N2 165 0.060 1
82 5 N2 N1 30 0.340 0
82 6 N2 N2 220 0.340 1
82 7 N4 N1 17 0.330 0
82 8 N4 N2 106 0.330 1
83 1 N3 N1 21 0.180 0
83 2 N3 N2 133 0.180 1
83 3 N1 N1 39 0.480 0
83 4 N1 N2 168 0.480 1
83 5 N2 N1 30 0.390 0
83 6 N2 N2 221 0.390 1
83 7 N4 N1 17 0.390 0
83 8 N4 N2 106 0.390 1
84 1 N3 N1 23 0.210 0
84 2 N3 N2 134 0.210 1
84 3 N1 N1 37 0.120 0
84 4 N1 N2 171 0.120 1
84 5 N2 N1 30 0.450 0
84 6 N2 N2 224 0.450 1
84 7 N4 N1 17 0.450 0
84 8 N4 N2 103 0.450 1
85 1 N3 N1 23 0.270 0
85 2 N3 N2 135 0.270 1
85 3 N1 N1 38 0.040 0
85 4 N1 N2 176 0.040 1
85 5 N2 N1 30 0.500 0
85 6 N2 N2 226 0.500 1
85 7 N4 N1 17 0.500 0
85 8 N4 N2 102 0.500 1
86 1 N3 N1 23 0.310 0
86 2 N3 N2 136 0.310 1
86 3 N1 N1 38 0.200 0
86 4 N1 N2 176 0.200 1
86 5 N2 N1 28 0.010 0
86 6 N2 N2 230 0.010 1
86 7 N4 N1 17 1.060 0
86 8 N4 N2 101 1.060 1
87 1 N3 N1 25 0.250 0
87 2 N3 N2 138 0.250 1
87 3 N1 N1 39 0.140 0
87 4 N1 N2 178 0.140 1
87 5 N2 N1 33 0.040 0
87 6 N2 N2 232 0.040 1
87 7 N4 N1 17 0.090 0
87 8 N4 N2 101 0.090 1
88 1 N3 N1 25 0.390 0
88 2 N3 N2 140 0.390 1
88 3 N1 N1 43 0.040 0
88 4 N1 N2 181 0.040 1
88 5 N2 N1 38 0.080 0
88 6 N2 N2 232 0.080 1
88 7 N4 N1 18 0.700 0
88 8 N4 N2 101 0.700 1
89 1 N3 N1 25 0.950 0
89 2 N3 N2 141 0.950 1
89 3 N1 N1 45 0.000 0
89 4 N1 N2 182 0.000 1
89 5 N2 N1 39 0.140 0
89 6 N2 N2 232 0.140 1
89 7 N4 N1 19 0.120 0
89 8 N4 N2 100 0.120 1
90 1 N3 N1 25 0.500 0
90 2 N3 N2 141 0.500 1
90 3 N1 N1 51 0.230 0
90 4 N1 N2 182 0.230 1
90 5 N2 N1 45 0.090 0
90 6 N2 N2 232 0.090 1
90 7 N4 N1 21 0.250 0
90 8 N4 N2 99 0.250 1
91 1 N3 N1 26 0.580 0
91 2 N3 N2 142 0.580 1
91 3 N1 N1 53 0.310 0
91 4 N1 N2 183 0.310 1
91 5 N2 N1 47 0.320 0
91 6 N2 N2 232 0.320 1
91 7 N4 N1 21 0.330 0
91 8 N4 N2 99 0.330 1
92 1 N3 N1 27 0.650 0
92 2 N3 N2 142 0.650 1
92 3 N1 N1 53 0.860 0
92 4 N1 N2 184 0.860 1
92 5 N2 N1 49 0.330 0
92 6 N2 N2 232 0.330 1
92 7 N4 N1 21 0.360 0
92 8 N4 N2 99 0.360 1
93 1 N3 N1 36 0.280 0
93 2 N3 N2 143 0.280 1
93 3 N1 N1 55 0.440 0
93 4 N1 N2 187 0.440 1
93 5 N2 N1 53 0.500 0
93 6 N2 N2 232 0.500 1
93 7 N4 N1 22 0.010 0
93 8 N4 N2 99 0.010 1
94 1 N3 N1 39 0.360 0
94 2 N3 N2 144 0.360 1
94 3 N1 N1 63 0.000 0
94 4 N1 N2 190 0.000 1
94 5 N2 N1 57 0.040 0
94 6 N2 N2 233 0.040 1
94 7 N4 N1 27 0.060 0
94 8 N4 N2 99 0.060 1
95 1 N3 N1 43 0.420 0
95 2 N3 N2 144 0.420 1
95 3 N1 N1 66 0.400 0
95 4 N1 N2 191 0.400 1
95 5 N2 N1 57 0.610 0
95 6 N2 N2 233 0.610 1
95 7 N4 N1 28 0.510 0
95 8 N4 N2 99 0.510 1
96 1 N3 N1 48 0.820 0
96 2 N3 N2 144 0.820 1
96 3 N1 N1 72 0.130 0
96 4 N1 N2 195 0.130 1
96 5 N2 N1 59 0.140 0
96 6 N2 N2 235 0.140 1
96 7 N4 N1 28 0.170 0
96 8 N4 N2 99 0.170 1
97 1 N3 N1 48 0.460 0
97 2 N3 N2 146 0.460 1
97 3 N1 N1 80 0.070 0
97 4 N1 N2 196 0.070 1
97 5 N2 N1 60 0.190 0
97 6 N2 N2 236 0.190 1
97 7 N4 N1 28 0.190 0
97 8 N4 N2 100 0.190 1
98 1 N3 N1 48 0.530 0
98 2 N3 N2 148 0.530 1
98 3 N1 N1 80 0.590 0
98 4 N1 N2 195 0.590 1
98 5 N2 N1 63 0.240 0
98 6 N2 N2 235 0.240 1
98 7 N4 N1 28 0.760 0
98 8 N4 N2 101 0.760 1
99 1 N3 N1 48 0.060 0
99 2 N3 N2 148 0.060 1
99 3 N1 N1 81 0.170 0
99 4 N1 N2 195 0.170 1
99 5 N2 N1 63 0.310 0
99 6 N2 N2 235 0.310 1
99 7 N4 N1 30 0.310 0
99 8 N4 N2 101 0.310 1
100 1 N3 N1 48 0.640 0
100 2 N3 N2 148 0.640 1
100 3 N1 N1 79 0.180 0
100 4 N1 N2 192 0.180 1
100 5 N2 N1 65 0.320 0
100 6 N2 N2 234 0.320 1
100 7 N4 N1 30 0.850 0
100 8 N4 N2 101 0.850 1
101 1 N3 N1 48 0.130 0
101 2 N3 N2 149 0.130 1
101 3 N1 N1 79 0.200 0
101 4 N1 N2 190 0.200 1
101 5 N2 N1 65 0.370 0
101 6 N2 N2 232 0.370 1
101 7 N4 N1 32 0.400 0
101 8 N4 N2 102 0.400 1
102 1 N3 N1 48 0.170 0
102 2 N3 N2 149 0.170 1
102 3 N1 N1 79 0.610 0
102 4 N1 N2 189 0.610 1
102 5 N2 N1 63 0.420 0
102 6 N2 N2 230 0.420 1
102 7 N4 N1 32 0.430 0
102 8 N4 N2 103 0.430 1
103 1 N3 N1 48 0.220 0
103 2 N3 N2 150 0.220 1
103 3 N1 N1 79 0.630 0
103 4 N1 N2 187 0.630 1
103 5 N2 N1 62 0.470 0
103 6 N2 N2 227 0.470 1
103 7 N4 N1 33 0.470 0
103 8 N4 N2 105 0.470 1
104 1 N3 N1 47 0.320 0
104 2 N3 N2 152 0.320 1
104 3 N1 N1 78 0.280 0
104 4 N1 N2 183 0.280 1
104 5 N2 N1 62 0.040 0
104 6 N2 N2 223 0.040 1
104 7 N4 N1 33 1.600 0
104 8 N4 N2 105 1.600 1
105 1 N3 N1 47 0.360 0
105 2 N3 N2 153 0.360 1
105 3 N1 N1 77 0.110 0
105 4 N1 N2 181 0.110 1
105 5 N2 N1 64 0.090 0
105 6 N2 N2 221 0.090 1
105 7 N4 N1 33 0.090 0
105 8 N4 N2 109 0.090 1
106 1 N3 N1 51 0.380 0
106 2 N3 N2 155 0.380 1
106 3 N1 N1 77 0.040 0
106 4 N1 N2 182 0.040 1
106 5 N2 N1 64 0.120 0
106 6 N2 N2 221 0.120 1
106 7 N4 N1 33 0.650 0
106 8 N4 N2 112 0.650 1
107 1 N3 N1 57 0.410 0
107 2 N3 N2 158 0.410 1
107 3 N1 N1 82 0.580 0
107 4 N1 N2 182 0.580 1
107 5 N2 N1 72 0.020 0
107 6 N2 N2 220 0.020 1
107 7 N4 N1 44 0.700 0
107 8 N4 N2 112 0.700 1
108 1 N3 N1 64 0.460 0
108 2 N3 N2 161 0.460 1
108 3 N1 N1 88 0.100 0
108 4 N1 N2 185 0.100 1
108 5 N2 N1 76 0.080 0
108 6 N2 N2 220 0.080 1
108 7 N4 N1 49 0.720 0
108 8 N4 N2 116 0.720 1
109 1 N3 N1 64 0.010 0
109 2 N3 N2 164 0.010 1
109 3 N1 N1 88 1.180 0
109 4 N1 N2 185 1.180 1
109 5 N2 N1 79 0.240 0
109 6 N2 N2 219 0.240 1
109 7 N4 N1 49 1.800 0
109 8 N4 N2 116 1.800 1
110 1 N3 N1 64 0.580 0
110 2 N3 N2 166 0.580 1
110 3 N1 N1 90 0.490 0
110 4 N1 N2 186 0.490 1
110 5 N2 N1 79 0.280 0
110 6 N2 N2 219 0.280 1
110 7 N4 N1 58 0.350 0
110 8 N4 N2 119 0.350 1
111 1 N3 N1 72 0.090 0
111 2 N3 N2 168 0.090 1
111 3 N1 N1 97 0.160 0
111 4 N1 N2 189 0.160 1
111 5 N2 N1 83 0.200 0
111 6 N2 N2 219 0.200 1
111 7 N4 N1 63 0.390 0
111 8 N4 N2 127 0.390 1
112 1 N3 N1 76 0.120 0
112 2 N3 N2 169 0.120 1
112 3 N1 N1 101 0.210 0
112 4 N1 N2 191 0.210 1
112 5 N2 N1 85 0.370 0
112 6 N2 N2 219 0.370 1
112 7 N4 N1 66 0.020 0
112 8 N4 N2 129 0.020 1
113 1 N3 N1 76 0.160 0
113 2 N3 N2 169 0.160 1
113 3 N1 N1 102 0.240 0
113 4 N1 N2 190 0.240 1
113 5 N2 N1 86 0.390 0
113 6 N2 N2 220 0.390 1
113 7 N4 N1 66 0.510 0
113 8 N4 N2 136 0.510 1
114 1 N3 N1 79 0.210 0
114 2 N3 N2 170 0.210 1
114 3 N1 N1 105 0.300 0
114 4 N1 N2 189 0.300 1
114 5 N2 N1 86 0.440 0
114 6 N2 N2 219 0.440 1
114 7 N4 N1 66 0.540 0
114 8 N4 N2 142 0.540 1
115 1 N3 N1 80 0.250 0
115 2 N3 N2 170 0.250 1
115 3 N1 N1 105 0.730 0
115 4 N1 N2 188 0.730 1
115 5 N2 N1 87 0.300 0
115 6 N2 N2 219 0.300 1
115 7 N4 N1 66 0.580 0
115 8 N4 N2 145 0.580 1
116 1 N3 N1 86 0.320 0
116 2 N3 N2 170 0.320 1
116 3 N1 N1 110 0.540 0
116 4 N1 N2 187 0.540 1
116 5 N2 N1 89 0.070 0
116 6 N2 N2 217 0.070 1
116 7 N4 N1 66 0.620 0
116 8 N4 N2 147 0.620 1
117 1 N3 N1 85 0.370 0
117 2 N3 N2 170 0.370 1
117 3 N1 N1 112 0.120 0
117 4 N1 N2 187 0.120 1
117 5 N2 N1 91 0.120 0
117 6 N2 N2 217 0.120 1
117 7 N4 N1 66 0.160 0
117 8 N4 N2 149 0.160 1
118 1 N3 N1 85 0.400 0
118 2 N3 N2 170 0.400 1
118 3 N1 N1 113 0.540 0
118 4 N1 N2 188 0.540 1
118 5 N2 N1 91 0.160 0
118 6 N2 N2 217 0.160 1
118 7 N4 N1 66 0.730 0
118 8 N4 N2 149 0.730 1
119 1 N3 N1 85 0.430 0
119 2 N3 N2 170 0.430 1
119 3 N1 N1 113 0.590 0
119 4 N1 N2 189 0.590 1
119 5 N2 N1 91 0.190 0
119 6 N2 N2 217 0.190 1
119 7 N4 N1 67 0.260 0
119 8 N4 N2 150 0.260 1
120 1 N3 N1 86 0.130 0
120 2 N3 N2 172 0.130 1
120 3 N1 N1 113 0.020 0
120 4 N1 N2 191 0.020 1
120 5 N2 N1 91 0.140 0
120 6 N2 N2 218 0.140 1
120 7 N4 N1 72 0.130 0
120 8 N4 N2 150 0.130 1
121 1 N3 N1 86 0.030 0
121 2 N3 N2 171 0.030 1
121 3 N1 N1 113 0.410 0
121 4 N1 N2 192 0.410 1
121 5 N2 N1 86 0.280 0
121 6 N2 N2 219 0.280 1
121 7 N4 N1 72 0.370 0
121 8 N4 N2 150 0.370 1
122 1 N3 N1 86 0.070 0
122 2 N3 N2 170 0.070 1
122 3 N1 N1 110 0.250 0
122 4 N1 N2 194 0.250 1
122 5 N2 N1 82 0.340 0
122 6 N2 N2 220 0.340 1
122 7 N4 N1 72 0.420 0
122 8 N4 N2 150 0.420 1
123 1 N3 N1 82 0.620 0
123 2 N3 N2 169 0.620 1
123 3 N1 N1 108 0.170 0
123 4 N1 N2 194 0.170 1
123 5 N2 N1 79 0.390 0
123 6 N2 N2 221 0.390 1
123 7 N4 N1 72 0.490 0
123 8 N4 N2 149 0.490 1
124 1 N3 N1 80 0.150 0
124 2 N3 N2 168 0.150 1
124 3 N1 N1 103 0.100 0
124 4 N1 N2 195 0.100 1
124 5 N2 N1 77 0.100 0
124 6 N2 N2 222 0.100 1
124 7 N4 N1 70 0.010 0
124 8 N4 N2 148 0.010 1
125 1 N3 N1 71 0.170 0
125 2 N3 N2 166 0.170 1
125 3 N1 N1 100 0.250 0
125 4 N1 N2 196 0.250 1
125 5 N2 N1 75 0.410 0
125 6 N2 N2 224 0.410 1
125 7 N4 N1 70 0.000 0
125 8 N4 N2 147 0.000 1
126 1 N3 N1 71 0.710 0
126 2 N3 N2 165 0.710 1
126 3 N1 N1 98 0.820 0
126 4 N1 N2 197 0.820 1
126 5 N2 N1 74 0.470 0
126 6 N2 N2 224 0.470 1
126 7 N4 N1 69 0.030 0
126 8 N4 N2 146 0.030 1
127 1 N3 N1 71 0.250 0
127 2 N3 N2 162 0.250 1
127 3 N1 N1 98 0.350 0
127 4 N1 N2 199 0.350 1
127 5 N2 N1 75 0.380 0
127 6 N2 N2 225 0.380 1
127 7 N4 N1 69 0.070 0
127 8 N4 N2 144 0.070 1
128 1 N3 N1 70 0.320 0
128 2 N3 N2 160 0.320 1
128 3 N1 N1 96 0.400 0
128 4 N1 N2 201 0.400 1
128 5 N2 N1 75 0.020 0
128 6 N2 N2 227 0.020 1
128 7 N4 N1 68 0.630 0
128 8 N4 N2 143 0.630 1
129 1 N3 N1 67 0.350 0
129 2 N3 N2 159 0.350 1
129 3 N1 N1 96 0.170 0
129 4 N1 N2 203 0.170 1
129 5 N2 N1 74 0.090 0
129 6 N2 N2 229 0.090 1
129 7 N4 N1 68 0.150 0
129 8 N4 N2 143 0.150 1
130 1 N3 N1 67 0.130 0
130 2 N3 N2 160 0.130 1
130 3 N1 N1 96 0.660 0
130 4 N1 N2 203 0.660 1
130 5 N2 N1 74 0.120 0
130 6 N2 N2 229 0.120 1
130 7 N4 N1 65 0.200 0
130 8 N4 N2 142 0.200 1
131 1 N3 N1 66 0.420 0
131 2 N3 N2 159 0.420 1
131 3 N1 N1 96 0.560 0
131 4 N1 N2 204 0.560 1
131 5 N2 N1 75 0.130 0
131 6 N2 N2 230 0.130 1
131 7 N4 N1 65 1.270 0
131 8 N4 N2 142 1.270 1
132 1 N3 N1 65 0.330 0
132 2 N3 N2 158 0.330 1
132 3 N1 N1 95 0.040 0
132 4 N1 N2 204 0.040 1
132 5 N2 N1 74 0.030 0
132 6 N2 N2 231 0.030 1
132 7 N4 N1 65 0.760 0
132 8 N4 N2 142 0.760 1
133 1 N3 N1 65 0.510 0
133 2 N3 N2 158 0.510 1
133 3 N1 N1 96 0.130 0
133 4 N1 N2 204 0.130 1
133 5 N2 N1 72 0.220 0
133 6 N2 N2 231 0.220 1
133 7 N4 N1 65 0.290 0
133 8 N4 N2 141 0.290 1
134 1 N3 N1 63 0.410 0
134 2 N3 N2 158 0.410 1
134 3 N1 N1 95 0.310 0
134 4 N1 N2 204 0.310 1
134 5 N2 N1 72 0.260 0
134 6 N2 N2 232 0.260 1
134 7 N4 N1 0 0.330 0
134 8 N4 N2 140 0.330 1
135 1 N3 N1 60 0.410 0
135 2 N3 N2 157 0.410 1
135 3 N1 N1 93 0.300 0
135 4 N1 N2 203 0.300 1
135 5 N2 N1 70 0.300 0
135 6 N2 N2 233 0.300 1
135 7 N4 N1 0 0.380 0
135 8 N4 N2 139 0.380 1
136 1 N3 N1 58 0.150 0
136 2 N3 N2 157 0.150 1
136 3 N1 N1 92 0.240 0
136 4 N1 N2 205 0.240 1
136 5 N2 N1 70 0.260 0
136 6 N2 N2 233 0.260 1
136 7 N4 N1 0 0.450 0
136 8 N4 N2 139 0.450 1
137 1 N3 N1 58 0.210 0
137 2 N3 N2 157 0.210 1
137 3 N1 N1 92 0.280 0
137 4 N1 N2 205 0.280 1
137 5 N2 N1 70 0.440 0
137 6 N2 N2 233 0.440 1
137 7 N4 N1 0 0.040 0
137 8 N4 N2 138 0.040 1
138 1 N3 N1 55 0.250 0
138 2 N3 N2 156 0.250 1
138 3 N1 N1 91 0.330 0
138 4 N1 N2 206 0.330 1
138 5 N2 N1 71 0.020 0
138 6 N2 N2 234 0.020 1
138 7 N4 N1 0 0.100 0
138 8 N4 N2 137 0.100 1
139 1 N3 N1 55 0.280 0
139 2 N3 N2 156 0.280 1
139 3 N1 N1 89 0.130 0
139 4 N1 N2 206 0.130 1
139 5 N2 N1 71 0.080 0
139 6 N2 N2 236 0.080 1
139 7 N4 N1 0 0.140 0
139 8 N4 N2 136 0.140 1
140 1 N3 N1 54 0.310 0
140 2 N3 N2 155 0.310 1
140 3 N1 N1 89 0.610 0
140 4 N1 N2 206 0.610 1
140 5 N2 N1 73 0.110 0
140 6 N2 N2 237 0.110 1
140 7 N4 N1 45 0.200 0
140 8 N4 N2 133 0.200 1
141 1 N3 N1 54 0.330 0
141 2 N3 N2 156 0.330 1
141 3 N1 N1 88 0.250 0
141 4 N1 N2 205 0.250 1
141 5 N2 N1 73 0.370 0
141 6 N2 N2 237 0.370 1
141 7 N4 N1 45 1.270 0
141 8 N4 N2 133 1.270 1
142 1 N3 N1 54 0.390 0
142 2 N3 N2 156 0.390 1
142 3 N1 N1 88 0.710 0
142 4 N1 N2 204 0.710 1
142 5 N2 N1 73 0.160 0
142 6 N2 N2 239 0.160 1
142 7 N4 N1 45 2.340 0
142 8 N4 N2 133 2.340 1
143 1 N3 N1 54 0.420 0
143 2 N3 N2 156 0.420 1
143 3 N1 N1 90 0.770 0
143 4 N1 N2 203 0.770 1
143 5 N2 N1 73 1.230 0
143 6 N2 N2 239 1.230 1
143 7 N4 N1 45 0.300 0
143 8 N4 N2 131 0.300 1
144 1 N3 N1 54 0.470 0
144 2 N3 N2 157 0.470 1
144 3 N1 N1 90 0.100 0
144 4 N1 N2 204 0.100 1
144 5 N2 N1 74 0.260 0
144 6 N2 N2 241 0.260 1
144 7 N4 N1 45 1.370 0
144 8 N4 N2 131 1.370 1
145 1 N3 N1 54 0.510 0
145 2 N3 N2 157 0.510 1
145 3 N1 N1 89 0.140 0
145 4 N1 N2 204 0.140 1
145 5 N2 N1 74 0.140 0
145 6 N2 N2 243 0.140 1
145 7 N4 N1 40 0.400 0
145 8 N4 N2 129 0.400 1
146 1 N3 N1 47 0.010 0
146 2 N3 N2 158 0.010 1
146 3 N1 N1 89 0.200 0
146 4 N1 N2 205 0.200 1
146 5 N2 N1 76 0.380 0
146 6 N2 N2 246 0.380 1
146 7 N4 N1 40 0.940 0
146 8 N4 N2 129 0.940 1
147 1 N3 N1 47 0.030 0
147 2 N3 N2 158 0.030 1
147 3 N1 N1 88 0.240 0
147 4 N1 N2 204 0.240 1
147 5 N2 N1 69 0.300 0
147 6 N2 N2 248 0.300 1
147 7 N4 N1 36 0.460 0
147 8 N4 N2 129 0.460 1
148 1 N3 N1 47 0.100 0
148 2 N3 N2 158 0.100 1
148 3 N1 N1 88 0.820 0
148 4 N1 N2 203 0.820 1
148 5 N2 N1 69 0.470 0
148 6 N2 N2 250 0.470 1
148 7 N4 N1 36 0.530 0
148 8 N4 N2 129 0.530 1
149 1 N3 N1 40 0.130 0
149 2 N3 N2 158 0.130 1
149 3 N1 N1 88 0.370 0
149 4 N1 N2 202 0.370 1
149 5 N2 N1 65 0.500 0
149 6 N2 N2 251 0.500 1
149 7 N4 N1 36 0.580 0
149 8 N4 N2 128 0.580 1
150 1 N3 N1 40 1.200 0
150 2 N3 N2 158 1.200 1
150 3 N1 N1 87 0.150 0
150 4 N1 N2 201 0.150 1
150 5 N2 N1 72 0.000 0
150 6 N2 N2 253 0.000 1
150 7 N4 N1 36 0.630 0
150 8 N4 N2 127 0.630 1
151 1 N3 N1 40 0.250 0
151 2 N3 N2 157 0.250 1
151 3 N1 N1 91 0.040 0
151 4 N1 N2 197 0.040 1
151 5 N2 N1 74 0.030 0
151 6 N2 N2 254 0.030 1
151 7 N4 N1 36 0.140 0
151 8 N4 N2 127 0.140 1
152 1 N3 N1 40 0.820 0
152 2 N3 N2 157 0.820 1
152 3 N1 N1 91 0.990 0
152 4 N1 N2 196 0.990 1
152 5 N2 N1 74 0.060 0
152 6 N2 N2 254 0.060 1
152 7 N4 N1 36 0.190 0
152 8 N4 N2 127 0.190 1
153 1 N3 N1 40 0.860 0
153 2 N3 N2 158 0.860 1
153 3 N1 N1 93 0.090 0
153 4 N1 N2 194 0.090 1
153 5 N2 N1 77 0.090 0
153 6 N2 N2 254 0.090 1
153 7 N4 N1 32 0.250 0
153 8 N4 N2 130 0.250 1
154 1 N3 N1 40 0.390 0
154 2 N3 N2 159 0.390 1
154 3 N1 N1 93 0.120 0
154 4 N1 N2 193 0.120 1
154 5 N2 N1 79 0.110 0
154 6 N2 N2 254 0.110 1
154 7 N4 N1 32 0.250 0
154 8 N4 N2 133 0.250 1
155 1 N3 N1 40 0.440 0
155 2 N3 N2 161 0.440 1
155 3 N1 N1 95 0.060 0
155 4 N1 N2 194 0.060 1
155 5 N2 N1 78 0.050 0
155 6 N2 N2 254 0.050 1
155 7 N4 N1 28 0.290 0
155 8 N4 N2 135 0.290 1
156 1 N3 N1 0 1.000 0
156 2 N3 N2 162 1.000 1
156 3 N1 N1 94 0.120 0
156 4 N1 N2 195 0.120 1
156 5 N2 N1 76 0.090 0
156 6 N2 N2 254 0.090 1
156 7 N4 N1 28 0.350 0
156 8 N4 N2 137 0.350 1
157 1 N3 N1 0 0.530 0
157 2 N3 N2 165 0.530 1
157 3 N1 N1 94 0.170 0
157 4 N1 N2 195 0.170 1
157 5 N2 N1 74 0.220 0
157 6 N2 N2 255 0.220 1
157 7 N4 N1 28 0.400 0
157 8 N4 N2 138 0.400 1
158 1 N3 N1 0 0.560 0
158 2 N3 N2 168 0.560 1
158 3 N1 N1 95 0.190 0
158 4 N1 N2 195 0.190 1
158 5 N2 N1 76 0.160 0
158 6 N2 N2 255 0.160 1
158 7 N4 N1 0 0.430 0
158 8 N4 N2 140 0.430 1
159 1 N3 N1 0 0.130 0
159 2 N3 N2 170 0.130 1
159 3 N1 N1 97 0.240 0
159 4 N1 N2 196 0.240 1
159 5 N2 N1 77 0.350 0
159 6 N2 N2 255 0.350 1
159 7 N4 N1 0 0.000 0
159 8 N4 N2 143 0.000 1
160 1 N3 N1 0 0.200 0
160 2 N3 N2 172 0.200 1
160 3 N1 N1 98 0.280 0
160 4 N1 N2 196 0.280 1
160 5 N2 N1 80 0.270 0
160 6 N2 N2 255 0.270 1
160 7 N4 N1 0 0.550 0
160 8 N4 N2 144 0.550 1
161 1 N3 N1 0 0.240 0
161 2 N3 N2 173 0.240 1
161 3 N1 N1 98 0.320 0
161 4 N1 N2 195 0.320 1
161 5 N2 N1 80 0.430 0
161 6 N2 N2 255 0.430 1
161 7 N4 N1 0 0.090 0
161 8 N4 N2 144 0.090 1
162 1 N3 N1 0 0.780 0
162 2 N3 N2 173 0.780 1
162 3 N1 N1 100 0.370 0
162 4 N1 N2 194 0.370 1
162 5 N2 N1 80 0.480 0
162 6 N2 N2 255 0.480 1
162 7 N4 N1 0 0.660 0
162 8 N4 N2 144 0.660 1
163 1 N3 N1 0 0.320 0
163 2 N3 N2 172 0.320 1
163 3 N1 N1 101 0.420 0
163 4 N1 N2 193 0.420 1
163 5 N2 N1 86 0.010 0
163 6 N2 N2 255 0.010 1
163 7 N4 N1 0 0.740 0
163 8 N4 N2 144 0.740 1
164 1 N3 N1 63 0.340 0
164 2 N3 N2 171 0.340 1
164 3 N1 N1 102 0.460 0
164 4 N1 N2 191 0.460 1
164 5 N2 N1 87 0.040 0
164 6 N2 N2 255 0.040 1
164 7 N4 N1 0 0.770 0
164 8 N4 N2 144 0.770 1
165 1 N3 N1 62 0.920 0
165 2 N3 N2 170 0.920 1
165 3 N1 N1 103 0.510 0
165 4 N1 N2 190 0.510 1
165 5 N2 N1 91 0.090 0
165 6 N2 N2 254 0.090 1
165 7 N4 N1 0 0.310 0
165 8 N4 N2 144 0.310 1
166 1 N3 N1 62 0.960 0
166 2 N3 N2 168 0.960 1
166 3 N1 N1 107 0.040 0
166 4 N1 N2 188 0.040 1
166 5 N2 N1 94 0.130 0
166 6 N2 N2 253 0.130 1
166 7 N4 N1 0 0.360 0
166 8 N4 N2 144 0.360 1
167 1 N3 N1 62 0.510 0
167 2 N3 N2 167 0.510 1
167 3 N1 N1 109 0.060 0
167 4 N1 N2 184 0.060 1
167 5 N2 N1 93 0.080 0
167 6 N2 N2 252 0.080 1
167 7 N4 N1 0 0.390 0
167 8 N4 N2 143 0.390 1
168 1 N3 N1 62 0.060 0
168 2 N3 N2 166 0.060 1
168 3 N1 N1 109 0.140 0
168 4 N1 N2 180 0.140 1
168 5 N2 N1 95 0.120 0
168 6 N2 N2 249 0.120 1
168 7 N4 N1 0 0.430 0
168 8 N4 N2 141 0.430 1
169 1 N3 N1 62 0.080 0
169 2 N3 N2 165 0.080 1
169 3 N1 N1 107 0.170 0
169 4 N1 N2 179 0.170 1
169 5 N2 N1 93 0.140 0
169 6 N2 N2 246 0.140 1
169 7 N4 N1 0 0.470 0
169 8 N4 N2 141 0.470 1
170 1 N3 N1 62 0.610 0
170 2 N3 N2 164 0.610 1
170 3 N1 N1 105 0.190 0
170 4 N1 N2 177 0.190 1
170 5 N2 N1 92 0.290 0
170 6 N2 N2 243 0.290 1
170 7 N4 N1 0 0.010 0
170 8 N4 N2 141 0.010 1
171 1 N3 N1 62 0.150 0
171 2 N3 N2 164 0.150 1
171 3 N1 N1 104 0.250 0
171 4 N1 N2 177 0.250 1
171 5 N2 N1 88 0.350 0
171 6 N2 N2 240 0.350 1
171 7 N4 N1 0 0.070 0
171 8 N4 N2 142 0.070 1
172 1 N3 N1 62 0.720 0
172 2 N3 N2 164 0.720 1
172 3 N1 N1 103 0.300 0
172 4 N1 N2 178 0.300 1
172 5 N2 N1 88 0.390 0
172 6 N2 N2 237 0.390 1
172 7 N4 N1 0 0.090 0
172 8 N4 N2 143 0.090 1
173 1 N3 N1 62 0.250 0
173 2 N3 N2 164 0.250 1
173 3 N1 N1 103 0.340 0
173 4 N1 N2 178 0.340 1
173 5 N2 N1 89 0.310 0
173 6 N2 N2 234 0.310 1
173 7 N4 N1 0 0.170 0
173 8 N4 N2 143 0.170 1
174 1 N3 N1 62 0.310 0
174 2 N3 N2 164 0.310 1
174 3 N1 N1 104 0.360 0
174 4 N1 N2 177 0.360 1
174 5 N2 N1 89 0.480 0
174 6 N2 N2 231 0.480 1
174 7 N4 N1 0 0.730 0
174 8 N4 N2 142 0.730 1
175 1 N3 N1 62 0.890 0
175 2 N3 N2 164 0.890 1
175 3 N1 N1 103 0.390 0
175 4 N1 N2 176 0.390 1
175 5 N2 N1 92 0.530 0
175 6 N2 N2 230 0.530 1
175 7 N4 N1 0 0.220 0
175 8 N4 N2 141 0.220 1
176 1 N3 N1 62 0.440 0
176 2 N3 N2 163 0.440 1
176 3 N1 N1 102 0.410 0
176 4 N1 N2 175 0.410 1
176 5 N2 N1 95 0.040 0
176 6 N2 N2 228 0.040 1
176 7 N4 N1 0 0.790 0
176 8 N4 N2 140 0.790 1
177 1 N3 N1 0 0.480 0
177 2 N3 N2 163 0.480 1
177 3 N1 N1 106 0.080 0
177 4 N1 N2 175 0.080 1
177 5 N2 N1 99 0.090 0
177 6 N2 N2 227 0.090 1
177 7 N4 N1 0 0.330 0
177 8 N4 N2 140 0.330 1
178 1 N3 N1 0 1.060 0
178 2 N3 N2 163 1.060 1
178 3 N1 N1 109 0.510 0
178 4 N1 N2 176 0.510 1
178 5 N2 N1 99 0.150 0
178 6 N2 N2 226 0.150 1
178 7 N4 N1 0 0.890 0
178 8 N4 N2 140 0.890 1
179 1 N3 N1 0 0.030 0
179 2 N3 N2 166 0.030 1
179 3 N1 N1 113 0.510 0
179 4 N1 N2 176 0.510 1
179 5 N2 N1 99 0.180 0
179 6 N2 N2 227 0.180 1
179 7 N4 N1 0 0.450 0
179 8 N4 N2 140 0.450 1
180 1 N3 N1 0 0.070 0
180 2 N3 N2 166 0.070 1
180 3 N1 N1 118 0.120 0
180 4 N1 N2 179 0.120 1
180 5 N2 N1 101 0.210 0
180 6 N2 N2 228 0.210 1
180 7 N4 N1 0 0.520 0
180 8 N4 N2 140 0.520 1
181 1 N3 N1 0 0.610 0
181 2 N3 N2 167 0.610 1
181 3 N1 N1 121 0.580 0
181 4 N1 N2 180 0.580 1
181 5 N2 N1 103 0.260 0
181 6 N2 N2 230 0.260 1
181 7 N4 N1 0 0.070 0
181 8 N4 N2 139 0.070 1
182 1 N3 N1 61 0.200 0
182 2 N3 N2 168 0.200 1
182 3 N1 N1 123 0.310 0
182 4 N1 N2 185 0.310 1
182 5 N2 N1 103 0.330 0
182 6 N2 N2 232 0.330 1
182 7 N4 N1 0 1.170 0
182 8 N4 N2 139 1.170 1
183 1 N3 N1 61 0.250 0
183 2 N3 N2 168 0.250 1
183 3 N1 N1 123 0.380 0
183 4 N1 N2 187 0.380 1
183 5 N2 N1 98 0.230 0
183 6 N2 N2 234 0.230 1
183 7 N4 N1 0 0.690 0
183 8 N4 N2 139 0.690 1
184 1 N3 N1 64 0.240 0
184 2 N3 N2 170 0.240 1
184 3 N1 N1 122 0.000 0
184 4 N1 N2 190 0.000 1
184 5 N2 N1 98 0.370 0
184 6 N2 N2 235 0.370 1
184 7 N4 N1 0 0.690 0
184 8 N4 N2 139 0.690 1
185 1 N3 N1 64 0.350 0
185 2 N3 N2 171 0.350 1
185 3 N1 N1 122 0.450 0
185 4 N1 N2 191 0.450 1
185 5 N2 N1 98 0.430 0
185 6 N2 N2 237 0.430 1
185 7 N4 N1 0 0.270 0
185 8 N4 N2 139 0.270 1
186 1 N3 N1 66 0.890 0
186 2 N3 N2 173 0.890 1
186 3 N1 N1 117 0.460 0
186 4 N1 N2 191 0.460 1
186 5 N2 N1 98 0.970 0
186 6 N2 N2 239 0.970 1
186 7 N4 N1 0 0.830 0
186 8 N4 N2 140 0.830 1
187 1 N3 N1 66 1.960 0
187 2 N3 N2 173 1.960 1
187 3 N1 N1 113 0.500 0
187 4 N1 N2 191 0.500 1
187 5 N2 N1 107 0.370 0
187 6 N2 N2 241 0.370 1
187 7 N4 N1 0 0.330 0
187 8 N4 N2 141 0.330 1
188 1 N3 N1 66 0.470 0
188 2 N3 N2 174 0.470 1
188 3 N1 N1 121 0.580 0
188 4 N1 N2 191 0.580 1
188 5 N2 N1 111 0.010 0
188 6 N2 N2 244 0.010 1
188 7 N4 N1 0 0.410 0
188 8 N4 N2 143 0.410 1
189 1 N3 N1 66 0.500 0
189 2 N3 N2 175 0.500 1
189 3 N1 N1 121 0.540 0
189 4 N1 N2 193 0.540 1
189 5 N2 N1 111 0.080 0
189 6 N2 N2 246 0.080 1
189 7 N4 N1 0 0.480 0
189 8 N4 N2 145 0.480 1
190 1 N3 N1 66 0.020 0
190 2 N3 N2 175 0.020 1
190 3 N1 N1 121 0.630 0
190 4 N1 N2 193 0.630 1
190 5 N2 N1 111 0.100 0
190 6 N2 N2 248 0.100 1
190 7 N4 N1 0 0.100 0
190 8 N4 N2 146 0.100 1
191 1 N3 N1 66 1.100 0
191 2 N3 N2 175 1.100 1
191 3 N1 N1 123 0.130 0
191 4 N1 N2 191 0.130 1
191 5 N2 N1 115 0.140 0
191 6 N2 N2 250 0.140 1
191 7 N4 N1 0 0.140 0
191 8 N4 N2 147 0.140 1
192 1 N3 N1 69 0.090 0
192 2 N3 N2 176 0.090 1
192 3 N1 N1 124 0.260 0
192 4 N1 N2 191 0.260 1
192 5 N2 N1 115 0.690 0
192 6 N2 N2 250 0.690 1
192 7 N4 N1 0 0.690 0
192 8 N4 N2 147 0.690 1
193 1 N3 N1 72 0.130 0
193 2 N3 N2 176 0.130 1
193 3 N1 N1 126 0.210 0
193 4 N1 N2 192 0.210 1
193 5 N2 N1 114 0.130 0
193 6 N2 N2 251 0.130 1
193 7 N4 N1 0 0.760 0
193 8 N4 N2 148 0.760 1
194 1 N3 N1 72 0.140 0
194 2 N3 N2 176 0.140 1
194 3 N1 N1 126 0.250 0
194 4 N1 N2 192 0.250 1
194 5 N2 N1 113 0.680 0
194 6 N2 N2 251 0.680 1
194 7 N4 N1 0 1.830 0
194 8 N4 N2 148 1.830 1
195 1 N3 N1 74 0.210 0
195 2 N3 N2 177 0.210 1
195 3 N1 N1 129 0.290 0
195 4 N1 N2 193 0.290 1
195 5 N2 N1 119 0.190 0
195 6 N2 N2 252 0.190 1
195 7 N4 N1 0 0.310 0
195 8 N4 N2 149 0.310 1
196 1 N3 N1 74 0.270 0
196 2 N3 N2 177 0.270 1
196 3 N1 N1 133 0.340 0
196 4 N1 N2 195 0.340 1
196 5 N2 N1 119 0.350 0
196 6 N2 N2 252 0.350 1
196 7 N4 N1 0 0.350 0
196 8 N4 N2 149 0.350 1
197 1 N3 N1 74 0.820 0
197 2 N3 N2 176 0.820 1
197 3 N1 N1 134 0.890 0
197 4 N1 N2 196 0.890 1
197 5 N2 N1 119 0.900 0
197 6 N2 N2 252 0.900 1
197 7 N4 N1 0 0.900 0
197 8 N4 N2 150 0.900 1
198 1 N3 N1 0 0.290 0
198 2 N3 N2 175 0.290 1
198 3 N1 N1 134 0.410 0
198 4 N1 N2 197 0.410 1
198 5 N2 N1 122 0.300 0
198 6 N2 N2 252 0.300 1
198 7 N4 N1 0 0.780 0
198 8 N4 N2 150 0.780 1
199 1 N3 N1 0 0.320 0
199 2 N3 N2 171 0.320 1
199 3 N1 N1 134 0.490 0
199 4 N1 N2 198 0.490 1
199 5 N2 N1 122 0.490 0
199 6 N2 N2 252 0.490 1
199 7 N4 N1 0 0.490 0
199 8 N4 N2 149 0.490 1
200 1 N3 N1 0 0.860 0
200 2 N3 N2 169 0.860 1
200 3 N1 N1 139 0.000 0
200 4 N1 N2 197 0.000 1
200 5 N2 N1 126 0.020 0
200 6 N2 N2 252 0.020 1
200 7 N4 N1 0 0.520 0
200 8 N4 N2 149 0.520 1
201 1 N3 N1 0 0.400 0
201 2 N3 N2 166 0.400 1
201 3 N1 N1 140 0.040 0
201 4 N1 N2 197 0.040 1
201 5 N2 N1 127 0.070 0
201 6 N2 N2 253 0.070 1
201 7 N4 N1 0 0.990 0
201 8 N4 N2 148 0.990 1
202 1 N3 N1 0 0.460 0
202 2 N3 N2 161 0.460 1
202 3 N1 N1 142 0.590 0
202 4 N1 N2 197 0.590 1
202 5 N2 N1 127 0.110 0
202 6 N2 N2 254 0.110 1
202 7 N4 N1 0 1.030 0
202 8 N4 N2 146 1.030 1
203 1 N3 N1 0 0.020 0
203 2 N3 N2 159 0.020 1
203 3 N1 N1 145 0.150 0
203 4 N1 N2 198 0.150 1
203 5 N2 N1 127 0.050 0
203 6 N2 N2 254 0.050 1
203 7 N4 N1 0 1.090 0
203 8 N4 N2 144 1.090 1
204 1 N3 N1 0 1.090 0
204 2 N3 N2 159 1.090 1
204 3 N1 N1 145 1.220 0
204 4 N1 N2 198 1.220 1
204 5 N2 N1 128 0.210 0
204 6 N2 N2 254 0.210 1
204 7 N4 N1 0 2.160 0
204 8 N4 N2 144 2.160 1
205 1 N3 N1 0 2.160 0
205 2 N3 N2 159 2.160 1
205 3 N1 N1 145 2.290 0
205 4 N1 N2 198 2.290 1
205 5 N2 N1 125 0.150 0
205 6 N2 N2 254 0.150 1
205 7 N4 N1 0 3.230 0
205 8 N4 N2 144 3.230 1
206 1 N3 N1 0 0.180 0
206 2 N3 N2 155 0.180 1
206 3 N1 N1 144 0.290 0
206 4 N1 N2 199 0.290 1
206 5 N2 N1 122 0.330 0
206 6 N2 N2 254 0.330 1
206 7 N4 N1 0 0.180 0
206 8 N4 N2 142 0.180 1
207 1 N3 N1 0 0.200 0
207 2 N3 N2 150 0.200 1
207 3 N1 N1 144 0.820 0
207 4 N1 N2 199 0.820 1
207 5 N2 N1 122 0.370 0
207 6 N2 N2 254 0.370 1
207 7 N4 N1 0 0.220 0
207 8 N4 N2 139 0.220 1
208 1 N3 N1 0 0.760 0
208 2 N3 N2 148 0.760 1
208 3 N1 N1 148 0.340 0
208 4 N1 N2 201 0.340 1
208 5 N2 N1 116 0.410 0
208 6 N2 N2 254 0.410 1
208 7 N4 N1 0 0.140 0
208 8 N4 N2 136 0.140 1
209 1 N3 N1 0 0.300 0
209 2 N3 N2 144 0.300 1
209 3 N1 N1 148 0.890 0
209 4 N1 N2 202 0.890 1
209 5 N2 N1 111 0.460 0
209 6 N2 N2 254 0.460 1
209 7 N4 N1 0 1.210 0
209 8 N4 N2 136 1.210 1
210 1 N3 N1 0 0.330 0
210 2 N3 N2 142 0.330 1
210 3 N1 N1 148 0.370 0
210 4 N1 N2 203 0.370 1
210 5 N2 N1 111 1.000 0
210 6 N2 N2 254 1.000 1
210 7 N4 N1 0 0.830 0
210 8 N4 N2 133 0.830 1
211 1 N3 N1 59 0.230 0
211 2 N3 N2 140 0.230 1
211 3 N1 N1 148 0.120 0
211 4 N1 N2 204 0.120 1
211 5 N2 N1 107 0.520 0
211 6 N2 N2 254 0.520 1
211 7 N4 N1 0 0.410 0
211 8 N4 N2 129 0.410 1
212 1 N3 N1 59 0.450 0
212 2 N3 N2 139 0.450 1
212 3 N1 N1 148 0.520 0
212 4 N1 N2 205 0.520 1
212 5 N2 N1 101 0.020 0
212 6 N2 N2 254 0.020 1
212 7 N4 N1 0 0.020 0
212 8 N4 N2 126 0.020 1
213 1 N3 N1 59 0.490 0
213 2 N3 N2 140 0.490 1
213 3 N1 N1 147 0.550 0
213 4 N1 N2 205 0.550 1
213 5 N2 N1 101 0.080 0
213 6 N2 N2 254 0.080 1
213 7 N4 N1 0 0.080 0
213 8 N4 N2 125 0.080 1
214 1 N3 N1 58 0.300 0
214 2 N3 N2 140 0.300 1
214 3 N1 N1 137 0.090 0
214 4 N1 N2 207 0.090 1
214 5 N2 N1 101 0.130 0
214 6 N2 N2 254 0.130 1
214 7 N4 N1 0 0.130 0
214 8 N4 N2 124 0.130 1
215 1 N3 N1 58 0.040 0
215 2 N3 N2 140 0.040 1
215 3 N1 N1 137 0.160 0
215 4 N1 N2 208 0.160 1
215 5 N2 N1 97 0.170 0
215 6 N2 N2 254 0.170 1
215 7 N4 N1 0 0.680 0
215 8 N4 N2 124 0.680 1
216 1 N3 N1 58 0.090 0
216 2 N3 N2 141 0.090 1
216 3 N1 N1 129 0.370 0
216 4 N1 N2 209 0.370 1
216 5 N2 N1 94 0.480 0
216 6 N2 N2 254 0.480 1
216 7 N4 N1 48 0.480 0
216 8 N4 N2 123 0.480 1
217 1 N3 N1 58 0.110 0
217 2 N3 N2 141 0.110 1
217 3 N1 N1 133 0.190 0
217 4 N1 N2 210 0.190 1
217 5 N2 N1 94 0.260 0
217 6 N2 N2 254 0.260 1
217 7 N4 N1 48 0.150 0
217 8 N4 N2 123 0.150 1
218 1 N3 N1 58 0.150 0
218 2 N3 N2 141 0.150 1
218 3 N1 N1 129 0.260 0
218 4 N1 N2 210 0.260 1
218 5 N2 N1 90 0.330 0
218 6 N2 N2 253 0.330 1
218 7 N4 N1 48 0.200 0
218 8 N4 N2 122 0.200 1
219 1 N3 N1 58 0.220 0
219 2 N3 N2 141 0.220 1
219 3 N1 N1 129 1.330 0
219 4 N1 N2 210 1.330 1
219 5 N2 N1 85 0.250 0
219 6 N2 N2 253 0.250 1
219 7 N4 N1 45 0.240 0
219 8 N4 N2 122 0.240 1
220 1 N3 N1 58 0.250 0
220 2 N3 N2 142 0.250 1
220 3 N1 N1 127 0.310 0
220 4 N1 N2 212 0.310 1
220 5 N2 N1 83 0.300 0
220 6 N2 N2 252 0.300 1
220 7 N4 N1 45 0.250 0
220 8 N4 N2 122 0.250 1
221 1 N3 N1 58 0.300 0
221 2 N3 N2 144 0.300 1
221 3 N1 N1 127 0.180 0
221 4 N1 N2 215 0.180 1
221 5 N2 N1 80 0.300 0
221 6 N2 N2 252 0.300 1
221 7 N4 N1 45 0.280 0
221 8 N4 N2 123 0.280 1
222 1 N3 N1 58 0.870 0
222 2 N3 N2 145 0.870 1
222 3 N1 N1 127 1.250 0
222 4 N1 N2 215 1.250 1
222 5 N2 N1 80 0.470 0
222 6 N2 N2 251 0.470 1
222 7 N4 N1 45 0.830 0
222 8 N4 N2 124 0.830 1
223 1 N3 N1 60 0.360 0
223 2 N3 N2 147 0.360 1
223 3 N1 N1 127 0.250 0
223 4 N1 N2 219 0.250 1
223 5 N2 N1 79 0.360 0
223 6 N2 N2 251 0.360 1
223 7 N4 N1 46 0.360 0
223 8 N4 N2 123 0.360 1
224 1 N3 N1 63 0.950 0
224 2 N3 N2 148 0.950 1
224 3 N1 N1 127 0.230 0
224 4 N1 N2 221 0.230 1
224 5 N2 N1 80 0.040 0
224 6 N2 N2 251 0.040 1
224 7 N4 N1 46 1.440 0
224 8 N4 N2 123 1.440 1
225 1 N3 N1 61 0.000 0
225 2 N3 N2 151 0.000 1
225 3 N1 N1 127 0.040 0
225 4 N1 N2 223 0.040 1
225 5 N2 N1 80 0.050 0
225 6 N2 N2 250 0.050 1
225 7 N4 N1 46 0.510 0
225 8 N4 N2 124 0.510 1
226 1 N3 N1 57 0.560 0
226 2 N3 N2 152 0.560 1
226 3 N1 N1 126 0.660 0
226 4 N1 N2 223 0.660 1
226 5 N2 N1 80 0.150 0
226 6 N2 N2 250 0.150 1
226 7 N4 N1 46 1.050 0
226 8 N4 N2 125 1.050 1
227 1 N3 N1 57 0.630 0
227 2 N3 N2 154 0.630 1
227 3 N1 N1 125 0.920 0
227 4 N1 N2 223 0.920 1
227 5 N2 N1 80 0.200 0
227 6 N2 N2 250 0.200 1
227 7 N4 N1 46 2.120 0
227 8 N4 N2 125 2.120 1
228 1 N3 N1 57 0.150 0
228 2 N3 N2 162 0.150 1
228 3 N1 N1 125 0.100 0
228 4 N1 N2 224 0.100 1
228 5 N2 N1 77 0.100 0
228 6 N2 N2 250 0.100 1
228 7 N4 N1 43 0.080 0
228 8 N4 N2 127 0.080 1
229 1 N3 N1 57 0.180 0
229 2 N3 N2 165 0.180 1
229 3 N1 N1 123 0.250 0
229 4 N1 N2 224 0.250 1
229 5 N2 N1 73 0.160 0
229 6 N2 N2 251 0.160 1
229 7 N4 N1 43 1.140 0
229 8 N4 N2 127 1.140 1
230 1 N3 N1 57 0.250 0
230 2 N3 N2 167 0.250 1
230 3 N1 N1 122 0.820 0
230 4 N1 N2 224 0.820 1
230 5 N2 N1 73 0.840 0
230 6 N2 N2 251 0.840 1
230 7 N4 N1 43 0.150 0
230 8 N4 N2 127 0.150 1
231 1 N3 N1 57 0.250 0
231 2 N3 N2 169 0.250 1
231 3 N1 N1 114 0.350 0
231 4 N1 N2 224 0.350 1
231 5 N2 N1 67 0.360 0
231 6 N2 N2 252 0.360 1
231 7 N4 N1 42 0.160 0
231 8 N4 N2 130 0.160 1
232 1 N3 N1 57 0.280 0
232 2 N3 N2 169 0.280 1
232 3 N1 N1 112 0.390 0
232 4 N1 N2 224 0.390 1
232 5 N2 N1 62 0.270 0
232 6 N2 N2 252 0.270 1
232 7 N4 N1 41 0.210 0
232 8 N4 N2 133 0.210 1
233 1 N3 N1 54 0.840 0
233 2 N3 N2 171 0.840 1
233 3 N1 N1 107 0.060 0
233 4 N1 N2 224 0.060 1
233 5 N2 N1 62 0.450 0
233 6 N2 N2 252 0.450 1
233 7 N4 N1 41 0.250 0
233 8 N4 N2 134 0.250 1
234 1 N3 N1 54 0.350 0
234 2 N3 N2 172 0.350 1
234 3 N1 N1 105 0.500 0
234 4 N1 N2 224 0.500 1
234 5 N2 N1 61 0.460 0
234 6 N2 N2 253 0.460 1
234 7 N4 N1 41 0.790 0
234 8 N4 N2 134 0.790 1
235 1 N3 N1 50 0.420 0
235 2 N3 N2 172 0.420 1
235 3 N1 N1 101 0.120 0
235 4 N1 N2 224 0.120 1
235 5 N2 N1 57 0.500 0
235 6 N2 N2 254 0.500 1
235 7 N4 N1 41 0.300 0
235 8 N4 N2 134 0.300 1
236 1 N3 N1 0 0.490 0
236 2 N3 N2 171 0.490 1
236 3 N1 N1 98 0.050 0
236 4 N1 N2 224 0.050 1
236 5 N2 N1 55 0.010 0
236 6 N2 N2 255 0.010 1
236 7 N4 N1 36 0.350 0
236 8 N4 N2 133 0.350 1
237 1 N3 N1 0 0.010 0
237 2 N3 N2 171 0.010 1
237 3 N1 N1 94 0.100 0
237 4 N1 N2 223 0.100 1
237 5 N2 N1 54 0.080 0
237 6 N2 N2 254 0.080 1
237 7 N4 N1 36 0.910 0
237 8 N4 N2 132 0.910 1
238 1 N3 N1 0 0.050 0
238 2 N3 N2 171 0.050 1
238 3 N1 N1 92 0.130 0
238 4 N1 N2 221 0.130 1
238 5 N2 N1 53 0.120 0
238 6 N2 N2 254 0.120 1
238 7 N4 N1 36 0.420 0
238 8 N4 N2 130 0.420 1
239 1 N3 N1 0 0.140 0
239 2 N3 N2 171 0.140 1
239 3 N1 N1 92 0.720 0
239 4 N1 N2 220 0.720 1
239 5 N2 N1 52 0.200 0
239 6 N2 N2 253 0.200 1
239 7 N4 N1 36 1.510 0
239 8 N4 N2 130 1.510 1
240 1 N3 N1 0 0.170 0
240 2 N3 N2 172 0.170 1
240 3 N1 N1 87 0.190 0
240 4 N1 N2 220 0.190 1
240 5 N2 N1 52 0.230 0
240 6 N2 N2 253 0.230 1
240 7 N4 N1 35 0.000 0
240 8 N4 N2 128 0.000 1
241 1 N3 N1 0 0.730 0
241 2 N3 N2 171 0.730 1
241 3 N1 N1 84 0.240 0
241 4 N1 N2 219 0.240 1
241 5 N2 N1 52 0.280 0
241 6 N2 N2 252 0.280 1
241 7 N4 N1 0 0.080 0
241 8 N4 N2 125 0.080 1
242 1 N3 N1 0 0.740 0
242 2 N3 N2 172 0.740 1
242 3 N1 N1 80 0.230 0
242 4 N1 N2 219 0.230 1
242 5 N2 N1 58 0.320 0
242 6 N2 N2 252 0.320 1
242 7 N4 N1 0 0.110 0
242 8 N4 N2 122 0.110 1
243 1 N3 N1 0 0.240 0
243 2 N3 N2 171 0.240 1
243 3 N1 N1 78 0.280 0
243 4 N1 N2 218 0.280 1
243 5 N2 N1 54 0.270 0
243 6 N2 N2 251 0.270 1
243 7 N4 N1 0 0.160 0
243 8 N4 N2 119 0.160 1
244 1 N3 N1 0 0.280 0
244 2 N3 N2 169 0.280 1
244 3 N1 N1 79 0.300 0
244 4 N1 N2 217 0.300 1
244 5 N2 N1 54 0.970 0
244 6 N2 N2 251 0.970 1
244 7 N4 N1 0 1.230 0
244 8 N4 N2 119 1.230 1
245 1 N3 N1 0 0.860 0
245 2 N3 N2 169 0.860 1
245 3 N1 N1 76 0.390 0
245 4 N1 N2 216 0.390 1
245 5 N2 N1 53 0.070 0
245 6 N2 N2 250 0.070 1
245 7 N4 N1 0 0.770 0
245 8 N4 N2 118 0.770 1
246 1 N3 N1 0 0.640 0
246 2 N3 N2 168 0.640 1
246 3 N1 N1 76 0.150 0
246 4 N1 N2 214 0.150 1
246 5 N2 N1 53 0.320 0
246 6 N2 N2 251 0.320 1
246 7 N4 N1 0 0.540 0
246 8 N4 N2 117 0.540 1
247 1 N3 N1 0 0.150 0
247 2 N3 N2 167 0.150 1
247 3 N1 N1 76 0.190 0
247 4 N1 N2 209 0.190 1
247 5 N2 N1 53 0.360 0
247 6 N2 N2 249 0.360 1
247 7 N4 N1 0 1.620 0
247 8 N4 N2 117 1.620 1
248 1 N3 N1 0 0.200 0
248 2 N3 N2 165 0.200 1
248 3 N1 N1 72 0.240 0
248 4 N1 N2 205 0.240 1
248 5 N2 N1 51 0.370 0
248 6 N2 N2 247 0.370 1
248 7 N4 N1 0 2.700 0
248 8 N4 N2 117 2.700 1
249 1 N3 N1 0 0.250 0
249 2 N3 N2 164 0.250 1
249 3 N1 N1 70 0.300 0
249 4 N1 N2 201 0.300 1
249 5 N2 N1 50 0.500 0
249 6 N2 N2 245 0.500 1
249 7 N4 N1 0 3.770 0
249 8 N4 N2 117 3.770 1
250 1 N3 N1 0 0.300 0
250 2 N3 N2 163 0.300 1
250 3 N1 N1 65 0.320 0
250 4 N1 N2 195 0.320 1
250 5 N2 N1 49 0.030 0
250 6 N2 N2 242 0.030 1
250 7 N4 N1 0 4.840 0
250 8 N4 N2 117 4.840 1
251 1 N3 N1 0 1.370 0
251 2 N3 N2 163 1.370 1
251 3 N1 N1 65 1.390 0
251 4 N1 N2 195 1.390 1
251 5 N2 N1 49 0.100 0
251 6 N2 N2 240 0.100 1
251 7 N4 N1 0 0.270 0
251 8 N4 N2 116 0.270 1
252 1 N3 N1 0 0.900 0
252 2 N3 N2 161 0.900 1
252 3 N1 N1 64 0.430 0
252 4 N1 N2 190 0.430 1
252 5 N2 N1 50 0.150 0
252 6 N2 N2 236 0.150 1
252 7 N4 N1 0 0.340 0
252 8 N4 N2 116 0.340 1
253 1 N3 N1 0 0.430 0
253 2 N3 N2 158 0.430 1
253 3 N1 N1 56 0.110 0
253 4 N1 N2 185 0.110 1
253 5 N2 N1 50 0.200 0
253 6 N2 N2 233 0.200 1
253 7 N4 N1 0 1.410 0
253 8 N4 N2 116 1.410 1
254 1 N3 N1 0 0.980 0
254 2 N3 N2 157 0.980 1
254 3 N1 N1 54 0.030 0
254 4 N1 N2 178 0.030 1
254 5 N2 N1 50 0.090 0
254 6 N2 N2 228 0.090 1
254 7 N4 N1 0 0.100 0
254 8 N4 N2 116 0.100 1
255 1 N3 N1 0 2.050 0
255 2 N3 N2 157 2.050 1
255 3 N1 N1 54 0.060 0
255 4 N1 N2 175 0.060 1
255 5 N2 N1 45 0.310 0
255 6 N2 N2 225 0.310 1
255 7 N4 N1 0 1.170 0
255 8 N4 N2 116 1.170 1
256 1 N3 N1 0 0.040 0
256 2 N3 N2 153 0.040 1
256 3 N1 N1 51 0.080 0
256 4 N1 N2 168 0.080 1
256 5 N2 N1 41 0.330 0
256 6 N2 N2 222 0.330 1
256 7 N4 N1 0 2.240 0
256 8 N4 N2 116 2.240 1
257 1 N3 N1 0 0.040 0
257 2 N3 N2 150 0.040 1
257 3 N1 N1 48 0.100 0
257 4 N1 N2 166 0.100 1
257 5 N2 N1 41 0.360 0
257 6 N2 N2 220 0.360 1
257 7 N4 N1 0 0.050 0
257 8 N4 N2 116 0.050 1
258 1 N3 N1 0 0.080 0
258 2 N3 N2 147 0.080 1
258 3 N1 N1 47 0.160 0
258 4 N1 N2 164 0.160 1
258 5 N2 N1 41 0.940 0
258 6 N2 N2 219 0.940 1
258 7 N4 N1 0 0.630 0
258 8 N4 N2 115 0.630 1
259 1 N3 N1 0 0.620 0
259 2 N3 N2 146 0.620 1
259 3 N1 N1 41 0.180 0
259 4 N1 N2 163 0.180 1
259 5 N2 N1 41 0.450 0
259 6 N2 N2 218 0.450 1
259 7 N4 N1 0 0.670 0
259 8 N4 N2 115 0.670 1
260 1 N3 N1 0 1.690 0
260 2 N3 N2 146 1.690 1
260 3 N1 N1 41 0.230 0
260 4 N1 N2 165 0.230 1
260 5 N2 N1 37 0.370 0
260 6 N2 N2 217 0.370 1
260 7 N4 N1 0 0.200 0
260 8 N4 N2 115 0.200 1
261 1 N3 N1 0 0.150 0
261 2 N3 N2 144 0.150 1
261 3 N1 N1 41 0.290 0
261 4 N1 N2 166 0.290 1
261 5 N2 N1 36 0.000 0
261 6 N2 N2 216 0.000 1
261 7 N4 N1 0 1.270 0
261 8 N4 N2 115 1.270 1
262 1 N3 N1 0 0.200 0
262 2 N3 N2 142 0.200 1
262 3 N1 N1 40 0.850 0
262 4 N1 N2 166 0.850 1
262 5 N2 N1 34 0.040 0
262 6 N2 N2 216 0.040 1
262 7 N4 N1 0 2.340 0
262 8 N4 N2 115 2.340 1
263 1 N3 N1 0 0.240 0
263 2 N3 N2 141 0.240 1
263 3 N1 N1 41 0.380 0
263 4 N1 N2 167 0.380 1
263 5 N2 N1 34 0.060 0
263 6 N2 N2 216 0.060 1
263 7 N4 N1 0 0.350 0
263 8 N4 N2 115 0.350 1
264 1 N3 N1 0 0.820 0
264 2 N3 N2 141 0.820 1
264 3 N1 N1 41 0.040 0
264 4 N1 N2 166 0.040 1
264 5 N2 N1 35 0.510 0
264 6 N2 N2 216 0.510 1
264 7 N4 N1 0 0.920 0
264 8 N4 N2 116 0.920 1
265 1 N3 N1 0 0.880 0
265 2 N3 N2 140 0.880 1
265 3 N1 N1 41 0.010 0
265 4 N1 N2 163 0.010 1
265 5 N2 N1 36 0.070 0
265 6 N2 N2 216 0.070 1
265 7 N4 N1 0 0.470 0
265 8 N4 N2 116 0.470 1
266 1 N3 N1 0 0.410 0
266 2 N3 N2 140 0.410 1
266 3 N1 N1 43 0.060 0
266 4 N1 N2 160 0.060 1
266 5 N2 N1 38 0.220 0
266 6 N2 N2 217 0.220 1
266 7 N4 N1 0 0.540 0
266 8 N4 N2 117 0.540 1
267 1 N3 N1 0 0.450 0
267 2 N3 N2 141 0.450 1
267 3 N1 N1 46 0.200 0
267 4 N1 N2 159 0.200 1
267 5 N2 N1 38 1.290 0
267 6 N2 N2 217 1.290 1
267 7 N4 N1 0 0.070 0
267 8 N4 N2 118 0.070 1
268 1 N3 N1 0 0.010 0
268 2 N3 N2 144 0.010 1
268 3 N1 N1 47 0.150 0
268 4 N1 N2 160 0.150 1
268 5 N2 N1 39 0.330 0
268 6 N2 N2 218 0.330 1
268 7 N4 N1 0 0.670 0
268 8 N4 N2 119 0.670 1
269 1 N3 N1 0 0.060 0
269 2 N3 N2 146 0.060 1
269 3 N1 N1 46 0.200 0
269 4 N1 N2 161 0.200 1
269 5 N2 N1 41 0.360 0
269 6 N2 N2 220 0.360 1
269 7 N4 N1 0 1.730 0
269 8 N4 N2 119 1.730 1
270 1 N3 N1 0 0.630 0
270 2 N3 N2 147 0.630 1
270 3 N1 N1 46 0.280 0
270 4 N1 N2 164 0.280 1
270 5 N2 N1 39 0.270 0
270 6 N2 N2 222 0.270 1
270 7 N4 N1 0 2.800 0
270 8 N4 N2 119 2.800 1
271 1 N3 N1 0 0.690 0
271 2 N3 N2 149 0.690 1
271 3 N1 N1 45 0.290 0
271 4 N1 N2 164 0.290 1
271 5 N2 N1 39 0.940 0
271 6 N2 N2 223 0.940 1
271 7 N4 N1 0 0.820 0
271 8 N4 N2 120 0.820 1
272 1 N3 N1 0 0.240 0
272 2 N3 N2 150 0.240 1
272 3 N1 N1 45 0.340 0
272 4 N1 N2 165 0.340 1
272 5 N2 N1 39 0.370 0
272 6 N2 N2 225 0.370 1
272 7 N4 N1 0 0.320 0
272 8 N4 N2 122 0.320 1
273 1 N3 N1 0 0.860 0
273 2 N3 N2 151 0.860 1
273 3 N1 N1 45 0.460 0
273 4 N1 N2 166 0.460 1
273 5 N2 N1 35 0.050 0
273 6 N2 N2 227 0.050 1
273 7 N4 N1 0 0.440 0
273 8 N4 N2 124 0.440 1
274 1 N3 N1 0 0.870 0
274 2 N3 N2 152 0.870 1
274 3 N1 N1 44 0.000 0
274 4 N1 N2 167 0.000 1
274 5 N2 N1 35 0.090 0
274 6 N2 N2 229 0.090 1
274 7 N4 N1 0 0.450 0
274 8 N4 N2 126 0.450 1
275 1 N3 N1 0 0.420 0
275 2 N3 N2 154 0.420 1
275 3 N1 N1 44 0.010 0
275 4 N1 N2 169 0.010 1
275 5 N2 N1 35 0.020 0
275 6 N2 N2 231 0.020 1
275 7 N4 N1 0 0.010 0
275 8 N4 N2 128 0.010 1
276 1 N3 N1 0 0.000 0
276 2 N3 N2 156 0.000 1
276 3 N1 N1 42 0.060 0
276 4 N1 N2 170 0.060 1
276 5 N2 N1 37 0.170 0
276 6 N2 N2 232 0.170 1
276 7 N4 N1 0 0.040 0
276 8 N4 N2 130 0.040 1
277 1 N3 N1 0 1.100 0
277 2 N3 N2 156 1.100 1
277 3 N1 N1 42 0.230 0
277 4 N1 N2 171 0.230 1
277 5 N2 N1 39 0.120 0
277 6 N2 N2 233 0.120 1
277 7 N4 N1 0 0.100 0
277 8 N4 N2 135 0.100 1
278 1 N3 N1 0 0.480 0
278 2 N3 N2 158 0.480 1
278 3 N1 N1 43 0.300 0
278 4 N1 N2 175 0.300 1
278 5 N2 N1 41 0.400 0
278 6 N2 N2 235 0.400 1
278 7 N4 N1 0 0.470 0
278 8 N4 N2 137 0.470 1
279 1 N3 N1 0 0.970 0
279 2 N3 N2 161 0.970 1
279 3 N1 N1 44 0.860 0
279 4 N1 N2 177 0.860 1
279 5 N2 N1 41 0.940 0
279 6 N2 N2 236 0.940 1
279 7 N4 N1 0 0.970 0
279 8 N4 N2 140 0.970 1
280 1 N3 N1 0 0.330 0
280 2 N3 N2 166 0.330 1
280 3 N1 N1 48 0.390 0
280 4 N1 N2 182 0.390 1
280 5 N2 N1 41 0.470 0
280 6 N2 N2 238 0.470 1
280 7 N4 N1 0 2.060 0
280 8 N4 N2 140 2.060 1
281 1 N3 N1 0 0.360 0
281 2 N3 N2 170 0.360 1
281 3 N1 N1 48 0.940 0
281 4 N1 N2 183 0.940 1
281 5 N2 N1 39 0.020 0
281 6 N2 N2 241 0.020 1
281 7 N4 N1 0 1.040 0
281 8 N4 N2 142 1.040 1
282 1 N3 N1 0 0.410 0
282 2 N3 N2 174 0.410 1
282 3 N1 N1 48 1.000 0
282 4 N1 N2 185 1.000 1
282 5 N2 N1 39 0.080 0
282 6 N2 N2 243 0.080 1
282 7 N4 N1 0 0.460 0
282 8 N4 N2 144 0.460 1
283 1 N3 N1 0 0.010 0
283 2 N3 N2 178 0.010 1
283 3 N1 N1 46 0.030 0
283 4 N1 N2 187 0.030 1
283 5 N2 N1 39 0.150 0
283 6 N2 N2 245 0.150 1
283 7 N4 N1 0 0.010 0
283 8 N4 N2 148 0.010 1
284 1 N3 N1 0 0.260 0
284 2 N3 N2 180 0.260 1
284 3 N1 N1 45 0.290 0
284 4 N1 N2 190 0.290 1
284 5 N2 N1 33 0.400 0
284 6 N2 N2 247 0.400 1
284 7 N4 N1 0 0.250 0
284 8 N4 N2 149 0.250 1
285 1 N3 N1 0 0.800 0
285 2 N3 N2 181 0.800 1
285 3 N1 N1 45 0.820 0
285 4 N1 N2 192 0.820 1
285 5 N2 N1 30 0.430 0
285 6 N2 N2 249 0.430 1
285 7 N4 N1 0 1.320 0
285 8 N4 N2 149 1.320 1
286 1 N3 N1 0 0.830 0
286 2 N3 N2 180 0.830 1
286 3 N1 N1 45 1.890 0
286 4 N1 N2 192 1.890 1
286 5 N2 N1 30 0.430 0
286 6 N2 N2 250 0.430 1
286 7 N4 N1 0 0.280 0
286 8 N4 N2 150 0.280 1
287 1 N3 N1 0 1.900 0
287 2 N3 N2 180 1.900 1
287 3 N1 N1 45 0.300 0
287 4 N1 N2 195 0.300 1
287 5 N2 N1 30 0.430 0
287 6 N2 N2 251 0.430 1
287 7 N4 N1 0 0.290 0
287 8 N4 N2 151 0.290 1
288 1 N3 N1 0 0.440 0
288 2 N3 N2 179 0.440 1
288 3 N1 N1 40 0.060 0
288 4 N1 N2 197 0.060 1
288 5 N2 N1 30 0.560 0
288 6 N2 N2 252 0.560 1
288 7 N4 N1 0 0.940 0
288 8 N4 N2 152 0.940 1
289 1 N3 N1 0 1.520 0
289 2 N3 N2 179 1.520 1
289 3 N1 N1 40 0.020 0
289 4 N1 N2 200 0.020 1
289 5 N2 N1 24 0.080 0
289 6 N2 N2 254 0.080 1
289 7 N4 N1 0 1.000 0
289 8 N4 N2 152 1.000 1
290 1 N3 N1 0 0.530 0
290 2 N3 N2 177 0.530 1
290 3 N1 N1 33 0.100 0
290 4 N1 N2 202 0.100 1
290 5 N2 N1 23 0.060 0
290 6 N2 N2 252 0.060 1
290 7 N4 N1 0 2.100 0
290 8 N4 N2 152 2.100 1
291 1 N3 N1 0 0.110 0
291 2 N3 N2 173 0.110 1
291 3 N1 N1 33 1.180 0
291 4 N1 N2 202 1.180 1
291 5 N2 N1 21 0.230 0
291 6 N2 N2 250 0.230 1
291 7 N4 N1 0 0.600 0
291 8 N4 N2 152 0.600 1
292 1 N3 N1 0 0.710 0
292 2 N3 N2 172 0.710 1
292 3 N1 N1 33 0.250 0
292 4 N1 N2 203 0.250 1
292 5 N2 N1 21 0.300 0
292 6 N2 N2 247 0.300 1
292 7 N4 N1 0 0.180 0
292 8 N4 N2 150 0.180 1
293 1 N3 N1 0 0.810 0
293 2 N3 N2 170 0.810 1
293 3 N1 N1 33 0.330 0
293 4 N1 N2 202 0.330 1
293 5 N2 N1 21 0.370 0
293 6 N2 N2 245 0.370 1
293 7 N4 N1 0 0.270 0
293 8 N4 N2 149 0.270 1
