PING N2 (00:00:0c:18:11:02) 116(144) bytes of data
116 bytes from N2 icmp_seq=1 ttl=49 time=10.04 ms
RR: 	N4
	N3
	N2
	N2
	N3
	N4

116 bytes from N2 icmp_seq=2 ttl=49 time=33.89 ms	(same route)
116 bytes from N2 icmp_seq=3 ttl=49 time=5.21 ms	(same route)
116 bytes from N2 icmp_seq=4 ttl=49 time=3.35 ms	(same route)
116 bytes from N2 icmp_seq=5 ttl=49 time=12.39 ms	(same route)
116 bytes from N2 icmp_seq=6 ttl=49 time=5.13 ms	(same route)
116 bytes from N2 icmp_seq=7 ttl=49 time=22.09 ms	(same route)
116 bytes from N2 icmp_seq=8 ttl=49 time=2.42 ms	(same route)
116 bytes from N2 icmp_seq=9 ttl=49 time=53.97 ms	(same route)
116 bytes from N2 icmp_seq=10 ttl=49 time=26.85 ms	(same route)
116 bytes from N2 icmp_seq=11 ttl=49 time=4.98 ms	(same route)
116 bytes from N2 icmp_seq=12 ttl=49 time=3.18 ms	(same route)
116 bytes from N2 icmp_seq=13 ttl=49 time=3.15 ms	(same route)
116 bytes from N2 icmp_seq=14 ttl=49 time=3.49 ms	(same route)
116 bytes from N2 icmp_seq=15 ttl=49 time=8.55 ms	(same route)
116 bytes from N2 icmp_seq=16 ttl=49 time=27.04 ms	(same route)
116 bytes from N2 icmp_seq=17 ttl=49 time=3.86 ms	(same route)
116 bytes from N2 icmp_seq=18 ttl=49 time=4.48 ms	(same route)
116 bytes from N2 icmp_seq=19 ttl=49 time=107.76 ms	(same route)
116 bytes from N2 icmp_seq=20 ttl=49 time=66.77 ms	(same route)
116 bytes from N2 icmp_seq=21 ttl=49 time=129.37 ms	(same route)
116 bytes from N2 icmp_seq=22 ttl=49 time=23.40 ms	(same route)
116 bytes from N2 icmp_seq=23 ttl=49 time=14.68 ms	(same route)
116 bytes from N2 icmp_seq=24 ttl=49 time=14.34 ms	(same route)
116 bytes from N2 icmp_seq=25 ttl=49 time=25.84 ms	(same route)
116 bytes from N2 icmp_seq=26 ttl=49 time=18.63 ms	(same route)
116 bytes from N2 icmp_seq=27 ttl=49 time=727.05 ms	(same route)
116 bytes from N2 icmp_seq=28 ttl=49 time=24.77 ms	(same route)
116 bytes from N2 icmp_seq=29 ttl=49 time=19.36 ms	(same route)
116 bytes from N2 icmp_seq=30 ttl=49 time=823.97 ms	(same route)
116 bytes from N2 icmp_seq=31 ttl=49 time=19.53 ms	(same route)
116 bytes from N2 icmp_seq=32 ttl=49 time=46.34 ms	(same route)
Reply from host N2 timed out
116 bytes from N2 icmp_seq=34 ttl=49 time=32.30 ms	(same route)
116 bytes from N2 icmp_seq=35 ttl=49 time=8.69 ms	(same route)
116 bytes from N2 icmp_seq=36 ttl=49 time=5.72 ms	(same route)
116 bytes from N2 icmp_seq=37 ttl=49 time=23.48 ms	(same route)
116 bytes from N2 icmp_seq=38 ttl=49 time=30.44 ms	(same route)
116 bytes from N2 icmp_seq=39 ttl=49 time=7.56 ms	(same route)
116 bytes from N2 icmp_seq=40 ttl=49 time=6.82 ms	(same route)
116 bytes from N2 icmp_seq=41 ttl=49 time=24.50 ms	(same route)
116 bytes from N2 icmp_seq=42 ttl=49 time=13.16 ms	(same route)
116 bytes from N2 icmp_seq=43 ttl=49 time=13.18 ms	(same route)
116 bytes from N2 icmp_seq=44 ttl=49 time=53.51 ms	(same route)
116 bytes from N2 icmp_seq=45 ttl=49 time=83.45 ms	(same route)
116 bytes from N2 icmp_seq=46 ttl=49 time=4.16 ms	(same route)
116 bytes from N2 icmp_seq=47 ttl=49 time=16.60 ms	(same route)
116 bytes from N2 icmp_seq=48 ttl=49 time=22.67 ms	(same route)
116 bytes from N2 icmp_seq=49 ttl=49 time=66.82 ms	(same route)
116 bytes from N2 icmp_seq=50 ttl=49 time=15.46 ms	(same route)
116 bytes from N2 icmp_seq=51 ttl=49 time=16.20 ms	(same route)
116 bytes from N2 icmp_seq=52 ttl=49 time=8.16 ms	(same route)
116 bytes from N2 icmp_seq=53 ttl=49 time=9.35 ms	(same route)
116 bytes from N2 icmp_seq=54 ttl=49 time=22.56 ms	(same route)
116 bytes from N2 icmp_seq=55 ttl=49 time=16.14 ms	(same route)
116 bytes from N2 icmp_seq=56 ttl=49 time=31.81 ms	(same route)
116 bytes from N2 icmp_seq=57 ttl=49 time=3.38 ms	(same route)
116 bytes from N2 icmp_seq=58 ttl=49 time=45.57 ms	(same route)
116 bytes from N2 icmp_seq=59 ttl=49 time=35.13 ms	(same route)
116 bytes from N2 icmp_seq=60 ttl=49 time=12.54 ms	(same route)
116 bytes from N2 icmp_seq=61 ttl=49 time=84.17 ms	(same route)
116 bytes from N2 icmp_seq=62 ttl=49 time=3.90 ms	(same route)
116 bytes from N2 icmp_seq=63 ttl=49 time=29.80 ms	(same route)
116 bytes from N2 icmp_seq=64 ttl=49 time=47.68 ms	(same route)
116 bytes from N2 icmp_seq=65 ttl=49 time=10.05 ms	(same route)
116 bytes from N2 icmp_seq=66 ttl=49 time=7.01 ms	(same route)
116 bytes from N2 icmp_seq=67 ttl=49 time=15.86 ms	(same route)
116 bytes from N2 icmp_seq=68 ttl=49 time=13.01 ms	(same route)
116 bytes from N2 icmp_seq=69 ttl=49 time=23.28 ms	(same route)
116 bytes from N2 icmp_seq=70 ttl=49 time=9.98 ms	(same route)
116 bytes from N2 icmp_seq=71 ttl=49 time=2.93 ms	(same route)
116 bytes from N2 icmp_seq=72 ttl=49 time=29.69 ms	(same route)
116 bytes from N2 icmp_seq=73 ttl=49 time=25.46 ms	(same route)
116 bytes from N2 icmp_seq=74 ttl=49 time=65.52 ms	(same route)
116 bytes from N2 icmp_seq=75 ttl=49 time=7.65 ms	(same route)
116 bytes from N2 icmp_seq=76 ttl=49 time=67.34 ms	(same route)
116 bytes from N2 icmp_seq=77 ttl=49 time=76.41 ms	(same route)
116 bytes from N2 icmp_seq=78 ttl=49 time=2.20 ms	(same route)
116 bytes from N2 icmp_seq=79 ttl=49 time=4.59 ms	(same route)
116 bytes from N2 icmp_seq=80 ttl=49 time=2.30 ms	(same route)
116 bytes from N2 icmp_seq=81 ttl=49 time=13.18 ms	(same route)
116 bytes from N2 icmp_seq=82 ttl=49 time=3.37 ms	(same route)
116 bytes from N2 icmp_seq=83 ttl=49 time=6.36 ms	(same route)
116 bytes from N2 icmp_seq=84 ttl=49 time=2.38 ms	(same route)
116 bytes from N2 icmp_seq=85 ttl=49 time=2.30 ms	(same route)
116 bytes from N2 icmp_seq=86 ttl=49 time=9.32 ms	(same route)
116 bytes from N2 icmp_seq=87 ttl=49 time=7.28 ms	(same route)
116 bytes from N2 icmp_seq=88 ttl=49 time=70.99 ms	(same route)
116 bytes from N2 icmp_seq=89 ttl=49 time=16.18 ms	(same route)
116 bytes from N2 icmp_seq=90 ttl=49 time=29.23 ms	(same route)
116 bytes from N2 icmp_seq=91 ttl=49 time=4.01 ms	(same route)
116 bytes from N2 icmp_seq=92 ttl=49 time=23.74 ms	(same route)
116 bytes from N2 icmp_seq=93 ttl=49 time=3.12 ms	(same route)
116 bytes from N2 icmp_seq=94 ttl=49 time=8.84 ms	(same route)
116 bytes from N2 icmp_seq=95 ttl=49 time=5.81 ms	(same route)
116 bytes from N2 icmp_seq=96 ttl=49 time=11.30 ms	(same route)
116 bytes from N2 icmp_seq=97 ttl=49 time=2.13 ms	(same route)
116 bytes from N2 icmp_seq=98 ttl=49 time=2.47 ms	(same route)
116 bytes from N2 icmp_seq=99 ttl=49 time=2.46 ms	(same route)
116 bytes from N2 icmp_seq=100 ttl=49 time=10.44 ms	(same route)
116 bytes from N2 icmp_seq=101 ttl=49 time=7.39 ms	(same route)
116 bytes from N2 icmp_seq=102 ttl=49 time=2.28 ms	(same route)
116 bytes from N2 icmp_seq=103 ttl=49 time=23.69 ms	(same route)
116 bytes from N2 icmp_seq=104 ttl=49 time=2.79 ms	(same route)
116 bytes from N2 icmp_seq=105 ttl=49 time=7.46 ms	(same route)
116 bytes from N2 icmp_seq=106 ttl=49 time=7.36 ms	(same route)
116 bytes from N2 icmp_seq=107 ttl=49 time=2.24 ms	(same route)
116 bytes from N2 icmp_seq=108 ttl=49 time=13.88 ms	(same route)
116 bytes from N2 icmp_seq=109 ttl=49 time=31.66 ms	(same route)
116 bytes from N2 icmp_seq=110 ttl=49 time=2.18 ms	(same route)
116 bytes from N2 icmp_seq=111 ttl=49 time=84.47 ms	(same route)
116 bytes from N2 icmp_seq=112 ttl=49 time=4.50 ms	(same route)
116 bytes from N2 icmp_seq=113 ttl=49 time=61.51 ms	(same route)
116 bytes from N2 icmp_seq=114 ttl=49 time=12.30 ms	(same route)
116 bytes from N2 icmp_seq=115 ttl=49 time=4.68 ms	(same route)
116 bytes from N2 icmp_seq=116 ttl=49 time=2.30 ms	(same route)
116 bytes from N2 icmp_seq=117 ttl=49 time=2.69 ms	(same route)
116 bytes from N2 icmp_seq=118 ttl=49 time=6.01 ms	(same route)
116 bytes from N2 icmp_seq=119 ttl=49 time=4.07 ms	(same route)
116 bytes from N2 icmp_seq=120 ttl=49 time=7.76 ms	(same route)
116 bytes from N2 icmp_seq=121 ttl=49 time=7.89 ms	(same route)
116 bytes from N2 icmp_seq=122 ttl=49 time=11.15 ms	(same route)
116 bytes from N2 icmp_seq=123 ttl=49 time=5.35 ms	(same route)
116 bytes from N2 icmp_seq=124 ttl=49 time=3.23 ms	(same route)
116 bytes from N2 icmp_seq=125 ttl=49 time=3.61 ms	(same route)
116 bytes from N2 icmp_seq=126 ttl=49 time=5.06 ms	(same route)
116 bytes from N2 icmp_seq=127 ttl=49 time=6.33 ms	(same route)
116 bytes from N2 icmp_seq=128 ttl=49 time=11.69 ms	(same route)
116 bytes from N2 icmp_seq=129 ttl=49 time=62.50 ms	(same route)
116 bytes from N2 icmp_seq=130 ttl=49 time=58.88 ms	(same route)
116 bytes from N2 icmp_seq=131 ttl=49 time=2.92 ms	(same route)
116 bytes from N2 icmp_seq=132 ttl=49 time=6.36 ms	(same route)
116 bytes from N2 icmp_seq=133 ttl=49 time=28.38 ms	(same route)
116 bytes from N2 icmp_seq=134 ttl=49 time=3.21 ms	(same route)
116 bytes from N2 icmp_seq=135 ttl=49 time=3.14 ms	(same route)
116 bytes from N2 icmp_seq=136 ttl=49 time=2.44 ms	(same route)
116 bytes from N2 icmp_seq=137 ttl=49 time=19.30 ms	(same route)
116 bytes from N2 icmp_seq=138 ttl=49 time=2.69 ms	(same route)
116 bytes from N2 icmp_seq=139 ttl=49 time=2.30 ms	(same route)
116 bytes from N2 icmp_seq=140 ttl=49 time=8.87 ms	(same route)
116 bytes from N2 icmp_seq=141 ttl=49 time=4.73 ms	(same route)
116 bytes from N2 icmp_seq=142 ttl=49 time=2.35 ms	(same route)
116 bytes from N2 icmp_seq=143 ttl=49 time=5.40 ms	(same route)
116 bytes from N2 icmp_seq=144 ttl=49 time=2.34 ms	(same route)
116 bytes from N2 icmp_seq=145 ttl=49 time=16.58 ms	(same route)
116 bytes from N2 icmp_seq=146 ttl=49 time=10.35 ms	(same route)
116 bytes from N2 icmp_seq=147 ttl=49 time=6.51 ms	(same route)
116 bytes from N2 icmp_seq=148 ttl=49 time=6.20 ms	(same route)
116 bytes from N2 icmp_seq=149 ttl=49 time=2.88 ms	(same route)
116 bytes from N2 icmp_seq=150 ttl=49 time=5.87 ms	(same route)
116 bytes from N2 icmp_seq=151 ttl=49 time=13.20 ms	(same route)
116 bytes from N2 icmp_seq=152 ttl=49 time=20.98 ms	(same route)
116 bytes from N2 icmp_seq=153 ttl=49 time=3.75 ms	(same route)
116 bytes from N2 icmp_seq=154 ttl=49 time=31.83 ms	(same route)
116 bytes from N2 icmp_seq=155 ttl=49 time=6.86 ms	(same route)
116 bytes from N2 icmp_seq=156 ttl=49 time=25.42 ms	(same route)
116 bytes from N2 icmp_seq=157 ttl=49 time=7.05 ms	(same route)
116 bytes from N2 icmp_seq=158 ttl=49 time=37.11 ms	(same route)
116 bytes from N2 icmp_seq=159 ttl=49 time=4.01 ms	(same route)
116 bytes from N2 icmp_seq=160 ttl=49 time=11.30 ms	(same route)
116 bytes from N2 icmp_seq=161 ttl=49 time=8.96 ms	(same route)
116 bytes from N2 icmp_seq=162 ttl=49 time=9.47 ms	(same route)
116 bytes from N2 icmp_seq=163 ttl=49 time=11.19 ms	(same route)
116 bytes from N2 icmp_seq=164 ttl=49 time=11.99 ms	(same route)
116 bytes from N2 icmp_seq=165 ttl=49 time=4.26 ms	(same route)
116 bytes from N2 icmp_seq=166 ttl=49 time=7.26 ms	(same route)
116 bytes from N2 icmp_seq=167 ttl=49 time=3.28 ms	(same route)
116 bytes from N2 icmp_seq=168 ttl=49 time=5.88 ms	(same route)
116 bytes from N2 icmp_seq=169 ttl=49 time=12.03 ms	(same route)
116 bytes from N2 icmp_seq=170 ttl=49 time=4.23 ms	(same route)
116 bytes from N2 icmp_seq=171 ttl=49 time=39.83 ms	(same route)
116 bytes from N2 icmp_seq=172 ttl=49 time=2.45 ms	(same route)
116 bytes from N2 icmp_seq=173 ttl=49 time=2.66 ms	(same route)
116 bytes from N2 icmp_seq=174 ttl=49 time=27.70 ms	(same route)
116 bytes from N2 icmp_seq=175 ttl=49 time=4.95 ms	(same route)
116 bytes from N2 icmp_seq=176 ttl=49 time=7.98 ms	(same route)
116 bytes from N2 icmp_seq=177 ttl=49 time=3.06 ms	(same route)
116 bytes from N2 icmp_seq=178 ttl=49 time=2.64 ms	(same route)
116 bytes from N2 icmp_seq=179 ttl=49 time=9.70 ms	(same route)
116 bytes from N2 icmp_seq=180 ttl=49 time=12.48 ms	(same route)
116 bytes from N2 icmp_seq=181 ttl=49 time=7.18 ms	(same route)
116 bytes from N2 icmp_seq=182 ttl=49 time=5.82 ms	(same route)
116 bytes from N2 icmp_seq=183 ttl=49 time=3.24 ms	(same route)
116 bytes from N2 icmp_seq=184 ttl=49 time=3.91 ms	(same route)
116 bytes from N2 icmp_seq=185 ttl=49 time=5.06 ms	(same route)
116 bytes from N2 icmp_seq=186 ttl=49 time=2.36 ms	(same route)
116 bytes from N2 icmp_seq=187 ttl=49 time=2.78 ms	(same route)
116 bytes from N2 icmp_seq=188 ttl=49 time=4.82 ms	(same route)
116 bytes from N2 icmp_seq=189 ttl=49 time=36.24 ms	(same route)
116 bytes from N2 icmp_seq=190 ttl=49 time=10.50 ms	(same route)
116 bytes from N2 icmp_seq=191 ttl=49 time=7.42 ms	(same route)
116 bytes from N2 icmp_seq=192 ttl=49 time=12.47 ms	(same route)
116 bytes from N2 icmp_seq=193 ttl=49 time=2.43 ms	(same route)
116 bytes from N2 icmp_seq=194 ttl=49 time=6.44 ms	(same route)
116 bytes from N2 icmp_seq=195 ttl=49 time=2.52 ms	(same route)
116 bytes from N2 icmp_seq=196 ttl=49 time=17.95 ms	(same route)
116 bytes from N2 icmp_seq=197 ttl=49 time=6.51 ms	(same route)
116 bytes from N2 icmp_seq=198 ttl=49 time=28.20 ms	(same route)
116 bytes from N2 icmp_seq=199 ttl=49 time=6.42 ms	(same route)
116 bytes from N2 icmp_seq=200 ttl=49 time=2.89 ms	(same route)
116 bytes from N2 icmp_seq=201 ttl=49 time=2.78 ms	(same route)
116 bytes from N2 icmp_seq=202 ttl=49 time=53.82 ms	(same route)
116 bytes from N2 icmp_seq=203 ttl=49 time=7.05 ms	(same route)
116 bytes from N2 icmp_seq=204 ttl=49 time=20.22 ms	(same route)
116 bytes from N2 icmp_seq=205 ttl=49 time=717.51 ms	(same route)
116 bytes from N2 icmp_seq=206 ttl=49 time=2.63 ms	(same route)
116 bytes from N2 icmp_seq=207 ttl=49 time=5.98 ms	(same route)
116 bytes from N2 icmp_seq=208 ttl=49 time=50.72 ms	(same route)
116 bytes from N2 icmp_seq=209 ttl=49 time=10.10 ms	(same route)
116 bytes from N2 icmp_seq=210 ttl=49 time=5.49 ms	(same route)
116 bytes from N2 icmp_seq=211 ttl=49 time=10.29 ms	(same route)
116 bytes from N2 icmp_seq=212 ttl=49 time=6.88 ms	(same route)
116 bytes from N2 icmp_seq=213 ttl=49 time=11.93 ms	(same route)
116 bytes from N2 icmp_seq=214 ttl=49 time=10.70 ms	(same route)
116 bytes from N2 icmp_seq=215 ttl=49 time=8.46 ms	(same route)
116 bytes from N2 icmp_seq=216 ttl=49 time=2.96 ms	(same route)
116 bytes from N2 icmp_seq=217 ttl=49 time=4.64 ms	(same route)
116 bytes from N2 icmp_seq=218 ttl=49 time=8.61 ms	(same route)
116 bytes from N2 icmp_seq=219 ttl=49 time=24.11 ms	(same route)
116 bytes from N2 icmp_seq=220 ttl=49 time=14.41 ms	(same route)
116 bytes from N2 icmp_seq=221 ttl=49 time=64.26 ms	(same route)
116 bytes from N2 icmp_seq=222 ttl=49 time=444.39 ms	(same route)
116 bytes from N2 icmp_seq=223 ttl=49 time=23.50 ms	(same route)
116 bytes from N2 icmp_seq=224 ttl=49 time=3.26 ms	(same route)
116 bytes from N2 icmp_seq=225 ttl=49 time=2.54 ms	(same route)
116 bytes from N2 icmp_seq=226 ttl=49 time=7.96 ms	(same route)
116 bytes from N2 icmp_seq=227 ttl=49 time=49.28 ms	(same route)
116 bytes from N2 icmp_seq=228 ttl=49 time=7.78 ms	(same route)
116 bytes from N2 icmp_seq=229 ttl=49 time=5.64 ms	(same route)
116 bytes from N2 icmp_seq=230 ttl=49 time=47.86 ms	(same route)
116 bytes from N2 icmp_seq=231 ttl=49 time=114.38 ms	(same route)
116 bytes from N2 icmp_seq=232 ttl=49 time=33.65 ms	(same route)
116 bytes from N2 icmp_seq=233 ttl=49 time=16.56 ms	(same route)
116 bytes from N2 icmp_seq=234 ttl=49 time=3.36 ms	(same route)
116 bytes from N2 icmp_seq=235 ttl=49 time=3.41 ms	(same route)
116 bytes from N2 icmp_seq=236 ttl=49 time=10.12 ms	(same route)
116 bytes from N2 icmp_seq=237 ttl=49 time=7.21 ms	(same route)
116 bytes from N2 icmp_seq=238 ttl=49 time=28.75 ms	(same route)
116 bytes from N2 icmp_seq=239 ttl=49 time=22.87 ms	(same route)
116 bytes from N2 icmp_seq=240 ttl=49 time=8.58 ms	(same route)
116 bytes from N2 icmp_seq=241 ttl=49 time=14.13 ms	(same route)
116 bytes from N2 icmp_seq=242 ttl=49 time=9.75 ms	(same route)
116 bytes from N2 icmp_seq=243 ttl=49 time=7.66 ms	(same route)
116 bytes from N2 icmp_seq=244 ttl=49 time=4.92 ms	(same route)
116 bytes from N2 icmp_seq=245 ttl=49 time=5.20 ms	(same route)
116 bytes from N2 icmp_seq=246 ttl=49 time=4.87 ms	(same route)
116 bytes from N2 icmp_seq=247 ttl=49 time=18.41 ms	(same route)
116 bytes from N2 icmp_seq=248 ttl=49 time=6.64 ms	(same route)
116 bytes from N2 icmp_seq=249 ttl=49 time=6.66 ms	(same route)
116 bytes from N2 icmp_seq=250 ttl=49 time=2.33 ms	(same route)
116 bytes from N2 icmp_seq=251 ttl=49 time=6.98 ms	(same route)
116 bytes from N2 icmp_seq=252 ttl=49 time=7.04 ms	(same route)
116 bytes from N2 icmp_seq=253 ttl=49 time=6.80 ms	(same route)
116 bytes from N2 icmp_seq=254 ttl=49 time=6.52 ms	(same route)
116 bytes from N2 icmp_seq=255 ttl=49 time=2.86 ms	(same route)
116 bytes from N2 icmp_seq=256 ttl=49 time=6.70 ms	(same route)
116 bytes from N2 icmp_seq=257 ttl=49 time=2.83 ms	(same route)
116 bytes from N2 icmp_seq=258 ttl=49 time=6.68 ms	(same route)
116 bytes from N2 icmp_seq=259 ttl=49 time=24.68 ms	(same route)
116 bytes from N2 icmp_seq=260 ttl=49 time=5.05 ms	(same route)
116 bytes from N2 icmp_seq=261 ttl=49 time=55.81 ms	(same route)
116 bytes from N2 icmp_seq=262 ttl=49 time=9.89 ms	(same route)
116 bytes from N2 icmp_seq=263 ttl=49 time=2.60 ms	(same route)
116 bytes from N2 icmp_seq=264 ttl=49 time=5.05 ms	(same route)
116 bytes from N2 icmp_seq=265 ttl=49 time=6.89 ms	(same route)
116 bytes from N2 icmp_seq=266 ttl=49 time=36.10 ms	(same route)
116 bytes from N2 icmp_seq=267 ttl=49 time=9.69 ms	(same route)
116 bytes from N2 icmp_seq=268 ttl=49 time=3.86 ms	(same route)
116 bytes from N2 icmp_seq=269 ttl=49 time=3.16 ms	(same route)
116 bytes from N2 icmp_seq=270 ttl=49 time=7.71 ms	(same route)
116 bytes from N2 icmp_seq=271 ttl=49 time=12.97 ms	(same route)
116 bytes from N2 icmp_seq=272 ttl=49 time=6.14 ms	(same route)
116 bytes from N2 icmp_seq=273 ttl=49 time=6.05 ms	(same route)
116 bytes from N2 icmp_seq=274 ttl=49 time=2.38 ms	(same route)
116 bytes from N2 icmp_seq=275 ttl=49 time=5.00 ms	(same route)
116 bytes from N2 icmp_seq=276 ttl=49 time=2.51 ms	(same route)
116 bytes from N2 icmp_seq=277 ttl=49 time=2.35 ms	(same route)
116 bytes from N2 icmp_seq=278 ttl=49 time=11.10 ms	(same route)
116 bytes from N2 icmp_seq=279 ttl=49 time=2.41 ms	(same route)
116 bytes from N2 icmp_seq=280 ttl=49 time=2.38 ms	(same route)
116 bytes from N2 icmp_seq=281 ttl=49 time=2.37 ms	(same route)
116 bytes from N2 icmp_seq=282 ttl=49 time=7.35 ms	(same route)
116 bytes from N2 icmp_seq=283 ttl=49 time=24.71 ms	(same route)
116 bytes from N2 icmp_seq=284 ttl=49 time=2.66 ms	(same route)
116 bytes from N2 icmp_seq=285 ttl=49 time=3.09 ms	(same route)
116 bytes from N2 icmp_seq=286 ttl=49 time=2.53 ms	(same route)
116 bytes from N2 icmp_seq=287 ttl=49 time=34.23 ms	(same route)
116 bytes from N2 icmp_seq=288 ttl=49 time=3.21 ms	(same route)
116 bytes from N2 icmp_seq=289 ttl=49 time=2.77 ms	(same route)
116 bytes from N2 icmp_seq=290 ttl=49 time=6.00 ms	(same route)
116 bytes from N2 icmp_seq=291 ttl=49 time=3.35 ms	(same route)
116 bytes from N2 icmp_seq=292 ttl=49 time=3.42 ms	(same route)
116 bytes from N2 icmp_seq=293 ttl=49 time=41.17 ms	(same route)
116 bytes from N2 icmp_seq=294 ttl=49 time=6.85 ms	(same route)
116 bytes from N2 icmp_seq=295 ttl=49 time=6.88 ms	(same route)
116 bytes from N2 icmp_seq=296 ttl=49 time=618.44 ms	(same route)
116 bytes from N2 icmp_seq=297 ttl=49 time=4.65 ms	(same route)
116 bytes from N2 icmp_seq=298 ttl=49 time=9.44 ms	(same route)
116 bytes from N2 icmp_seq=299 ttl=49 time=9.66 ms	(same route)
116 bytes from N2 icmp_seq=300 ttl=49 time=502.18 ms	(same route)
--- N2 ping statistics ---
301 packets transmitted, 299 received, 0% packet loss
rtt min/avg/max/mdev = 2.125/27.952/823.972/91.495 ms
