PING N2 (00:00:0c:18:11:02) 116(144) bytes of data
116 bytes from N2 icmp_seq=1 ttl=50 time=69.40 ms
RR: 	N1
	N2
	N2
	N1

116 bytes from N2 icmp_seq=2 ttl=50 time=1.05 ms	(same route)
116 bytes from N2 icmp_seq=3 ttl=50 time=2.47 ms	(same route)
116 bytes from N2 icmp_seq=4 ttl=50 time=1.01 ms	(same route)
116 bytes from N2 icmp_seq=5 ttl=50 time=36.91 ms	(same route)
116 bytes from N2 icmp_seq=6 ttl=50 time=52.32 ms	(same route)
116 bytes from N2 icmp_seq=7 ttl=50 time=32.79 ms	(same route)
116 bytes from N2 icmp_seq=8 ttl=50 time=1.20 ms	(same route)
116 bytes from N2 icmp_seq=9 ttl=50 time=39.71 ms	(same route)
116 bytes from N2 icmp_seq=10 ttl=50 time=1.06 ms	(same route)
116 bytes from N2 icmp_seq=11 ttl=50 time=1.02 ms	(same route)
116 bytes from N2 icmp_seq=12 ttl=50 time=4.58 ms	(same route)
116 bytes from N2 icmp_seq=13 ttl=50 time=1.12 ms	(same route)
116 bytes from N2 icmp_seq=14 ttl=50 time=10.95 ms	(same route)
116 bytes from N2 icmp_seq=15 ttl=50 time=1.08 ms	(same route)
116 bytes from N2 icmp_seq=16 ttl=50 time=6.77 ms	(same route)
116 bytes from N2 icmp_seq=17 ttl=50 time=23.74 ms	(same route)
116 bytes from N2 icmp_seq=18 ttl=50 time=1.09 ms	(same route)
116 bytes from N2 icmp_seq=19 ttl=50 time=4.83 ms	(same route)
116 bytes from N2 icmp_seq=20 ttl=50 time=4.31 ms	(same route)
116 bytes from N2 icmp_seq=21 ttl=50 time=3.35 ms	(same route)
116 bytes from N2 icmp_seq=22 ttl=50 time=1.02 ms	(same route)
116 bytes from N2 icmp_seq=23 ttl=50 time=7.51 ms	(same route)
116 bytes from N2 icmp_seq=24 ttl=50 time=1.45 ms	(same route)
116 bytes from N2 icmp_seq=25 ttl=50 time=51.96 ms	(same route)
116 bytes from N2 icmp_seq=26 ttl=50 time=33.50 ms	(same route)
116 bytes from N2 icmp_seq=27 ttl=50 time=16.10 ms	(same route)
116 bytes from N2 icmp_seq=28 ttl=50 time=29.02 ms	(same route)
116 bytes from N2 icmp_seq=29 ttl=50 time=6.17 ms	(same route)
116 bytes from N2 icmp_seq=30 ttl=50 time=17.41 ms	(same route)
116 bytes from N2 icmp_seq=31 ttl=50 time=33.98 ms	(same route)
116 bytes from N2 icmp_seq=32 ttl=50 time=1.04 ms	(same route)
116 bytes from N2 icmp_seq=33 ttl=50 time=10.35 ms	(same route)
116 bytes from N2 icmp_seq=34 ttl=50 time=1.00 ms	(same route)
116 bytes from N2 icmp_seq=35 ttl=50 time=5.24 ms	(same route)
116 bytes from N2 icmp_seq=36 ttl=50 time=2.24 ms	(same route)
116 bytes from N2 icmp_seq=37 ttl=50 time=1.03 ms	(same route)
116 bytes from N2 icmp_seq=38 ttl=50 time=3.23 ms	(same route)
116 bytes from N2 icmp_seq=39 ttl=50 time=5.75 ms	(same route)
116 bytes from N2 icmp_seq=40 ttl=50 time=1.05 ms	(same route)
116 bytes from N2 icmp_seq=41 ttl=50 time=1.06 ms	(same route)
116 bytes from N2 icmp_seq=42 ttl=50 time=20.54 ms	(same route)
116 bytes from N2 icmp_seq=43 ttl=50 time=6.59 ms	(same route)
116 bytes from N2 icmp_seq=44 ttl=50 time=1.15 ms	(same route)
116 bytes from N2 icmp_seq=45 ttl=50 time=32.87 ms	(same route)
116 bytes from N2 icmp_seq=46 ttl=50 time=13.83 ms	(same route)
116 bytes from N2 icmp_seq=47 ttl=50 time=5.04 ms	(same route)
116 bytes from N2 icmp_seq=48 ttl=50 time=1.03 ms	(same route)
116 bytes from N2 icmp_seq=49 ttl=50 time=2.56 ms	(same route)
116 bytes from N2 icmp_seq=50 ttl=50 time=1.08 ms	(same route)
116 bytes from N2 icmp_seq=51 ttl=50 time=45.94 ms	(same route)
116 bytes from N2 icmp_seq=52 ttl=50 time=14.12 ms	(same route)
116 bytes from N2 icmp_seq=53 ttl=50 time=3.41 ms	(same route)
116 bytes from N2 icmp_seq=54 ttl=50 time=1.09 ms	(same route)
116 bytes from N2 icmp_seq=55 ttl=50 time=50.12 ms	(same route)
116 bytes from N2 icmp_seq=56 ttl=50 time=2.48 ms	(same route)
116 bytes from N2 icmp_seq=57 ttl=50 time=1.11 ms	(same route)
116 bytes from N2 icmp_seq=58 ttl=50 time=1.11 ms	(same route)
116 bytes from N2 icmp_seq=59 ttl=50 time=7.26 ms	(same route)
116 bytes from N2 icmp_seq=60 ttl=50 time=15.48 ms	(same route)
116 bytes from N2 icmp_seq=61 ttl=50 time=1.07 ms	(same route)
116 bytes from N2 icmp_seq=62 ttl=50 time=7.41 ms	(same route)
116 bytes from N2 icmp_seq=63 ttl=50 time=5.83 ms	(same route)
Reply from host N2 timed out
116 bytes from N2 icmp_seq=65 ttl=50 time=2.19 ms	(same route)
116 bytes from N2 icmp_seq=66 ttl=50 time=362.15 ms	(same route)
Reply from host N2 timed out
116 bytes from N2 icmp_seq=68 ttl=50 time=19.89 ms	(same route)
116 bytes from N2 icmp_seq=69 ttl=50 time=952.51 ms	(same route)
Reply from host N2 timed out
116 bytes from N2 icmp_seq=71 ttl=50 time=60.04 ms	(same route)
116 bytes from N2 icmp_seq=72 ttl=50 time=1.13 ms	(same route)
116 bytes from N2 icmp_seq=73 ttl=50 time=1.11 ms	(same route)
116 bytes from N2 icmp_seq=74 ttl=50 time=1.06 ms	(same route)
116 bytes from N2 icmp_seq=75 ttl=50 time=1.12 ms	(same route)
116 bytes from N2 icmp_seq=76 ttl=50 time=157.41 ms	(same route)
116 bytes from N2 icmp_seq=77 ttl=50 time=65.02 ms	(same route)
116 bytes from N2 icmp_seq=78 ttl=50 time=1.13 ms	(same route)
116 bytes from N2 icmp_seq=79 ttl=50 time=2.46 ms	(same route)
116 bytes from N2 icmp_seq=80 ttl=50 time=3.42 ms	(same route)
116 bytes from N2 icmp_seq=81 ttl=50 time=4.27 ms	(same route)
116 bytes from N2 icmp_seq=82 ttl=50 time=733.57 ms	(same route)
116 bytes from N2 icmp_seq=83 ttl=50 time=485.83 ms	(same route)
116 bytes from N2 icmp_seq=84 ttl=50 time=120.02 ms	(same route)
116 bytes from N2 icmp_seq=85 ttl=50 time=263.52 ms	(same route)
116 bytes from N2 icmp_seq=86 ttl=50 time=97.12 ms	(same route)
116 bytes from N2 icmp_seq=87 ttl=50 time=4.65 ms	(same route)
116 bytes from N2 icmp_seq=88 ttl=50 time=275.93 ms	(same route)
116 bytes from N2 icmp_seq=89 ttl=50 time=3.84 ms	(same route)
116 bytes from N2 icmp_seq=90 ttl=50 time=461.22 ms	(same route)
116 bytes from N2 icmp_seq=91 ttl=50 time=8.44 ms	(same route)
116 bytes from N2 icmp_seq=92 ttl=50 time=19.95 ms	(same route)
116 bytes from N2 icmp_seq=93 ttl=50 time=410.36 ms	(same route)
116 bytes from N2 icmp_seq=94 ttl=50 time=24.89 ms	(same route)
116 bytes from N2 icmp_seq=95 ttl=50 time=153.15 ms	(same route)
116 bytes from N2 icmp_seq=96 ttl=50 time=209.16 ms	(same route)
116 bytes from N2 icmp_seq=97 ttl=50 time=336.18 ms	(same route)
116 bytes from N2 icmp_seq=98 ttl=50 time=575.12 ms	(same route)
116 bytes from N2 icmp_seq=99 ttl=50 time=1.08 ms	(same route)
116 bytes from N2 icmp_seq=100 ttl=50 time=3.52 ms	(same route)
116 bytes from N2 icmp_seq=101 ttl=50 time=37.09 ms	(same route)
116 bytes from N2 icmp_seq=102 ttl=50 time=5.31 ms	(same route)
116 bytes from N2 icmp_seq=103 ttl=50 time=703.07 ms	(same route)
116 bytes from N2 icmp_seq=104 ttl=50 time=296.40 ms	(same route)
116 bytes from N2 icmp_seq=105 ttl=50 time=969.71 ms	(same route)
116 bytes from N2 icmp_seq=106 ttl=50 time=660.97 ms	(same route)
116 bytes from N2 icmp_seq=107 ttl=50 time=398.67 ms	(same route)
116 bytes from N2 icmp_seq=108 ttl=50 time=499.71 ms	(same route)
116 bytes from N2 icmp_seq=109 ttl=50 time=545.29 ms	(same route)
116 bytes from N2 icmp_seq=110 ttl=50 time=214.57 ms	(same route)
116 bytes from N2 icmp_seq=111 ttl=50 time=286.38 ms	(same route)
116 bytes from N2 icmp_seq=112 ttl=50 time=735.36 ms	(same route)
116 bytes from N2 icmp_seq=113 ttl=50 time=514.42 ms	(same route)
116 bytes from N2 icmp_seq=114 ttl=50 time=9.50 ms	(same route)
116 bytes from N2 icmp_seq=115 ttl=50 time=9.67 ms	(same route)
116 bytes from N2 icmp_seq=116 ttl=50 time=3.44 ms	(same route)
116 bytes from N2 icmp_seq=117 ttl=50 time=3.80 ms	(same route)
116 bytes from N2 icmp_seq=118 ttl=50 time=5.98 ms	(same route)
116 bytes from N2 icmp_seq=119 ttl=50 time=668.38 ms	(same route)
116 bytes from N2 icmp_seq=120 ttl=50 time=32.83 ms	(same route)
116 bytes from N2 icmp_seq=121 ttl=50 time=1.07 ms	(same route)
116 bytes from N2 icmp_seq=122 ttl=50 time=1.05 ms	(same route)
116 bytes from N2 icmp_seq=123 ttl=50 time=231.39 ms	(same route)
116 bytes from N2 icmp_seq=124 ttl=50 time=9.68 ms	(same route)
116 bytes from N2 icmp_seq=125 ttl=50 time=96.91 ms	(same route)
116 bytes from N2 icmp_seq=126 ttl=50 time=4.58 ms	(same route)
116 bytes from N2 icmp_seq=127 ttl=50 time=18.98 ms	(same route)
116 bytes from N2 icmp_seq=128 ttl=50 time=5.37 ms	(same route)
116 bytes from N2 icmp_seq=129 ttl=50 time=513.78 ms	(same route)
116 bytes from N2 icmp_seq=130 ttl=50 time=64.24 ms	(same route)
116 bytes from N2 icmp_seq=131 ttl=50 time=384.20 ms	(same route)
116 bytes from N2 icmp_seq=132 ttl=50 time=583.92 ms	(same route)
116 bytes from N2 icmp_seq=133 ttl=50 time=2.52 ms	(same route)
116 bytes from N2 icmp_seq=134 ttl=50 time=247.79 ms	(same route)
116 bytes from N2 icmp_seq=135 ttl=50 time=0.90 ms	(same route)
116 bytes from N2 icmp_seq=136 ttl=50 time=734.91 ms	(same route)
116 bytes from N2 icmp_seq=137 ttl=50 time=1.12 ms	(same route)
116 bytes from N2 icmp_seq=138 ttl=50 time=1.08 ms	(same route)
116 bytes from N2 icmp_seq=139 ttl=50 time=398.49 ms	(same route)
116 bytes from N2 icmp_seq=140 ttl=50 time=618.29 ms	(same route)
116 bytes from N2 icmp_seq=141 ttl=50 time=145.04 ms	(same route)
116 bytes from N2 icmp_seq=142 ttl=50 time=829.72 ms	(same route)
116 bytes from N2 icmp_seq=143 ttl=50 time=638.17 ms	(same route)
116 bytes from N2 icmp_seq=144 ttl=50 time=598.33 ms	(same route)
116 bytes from N2 icmp_seq=145 ttl=50 time=154.17 ms	(same route)
116 bytes from N2 icmp_seq=146 ttl=50 time=433.51 ms	(same route)
116 bytes from N2 icmp_seq=147 ttl=50 time=0.83 ms	(same route)
116 bytes from N2 icmp_seq=148 ttl=50 time=6.61 ms	(same route)
116 bytes from N2 icmp_seq=149 ttl=50 time=469.20 ms	(same route)
116 bytes from N2 icmp_seq=150 ttl=50 time=159.79 ms	(same route)
Reply from host N2 timed out
116 bytes from N2 icmp_seq=152 ttl=50 time=2.87 ms	(same route)
116 bytes from N2 icmp_seq=153 ttl=50 time=785.90 ms	(same route)
116 bytes from N2 icmp_seq=154 ttl=50 time=10.17 ms	(same route)
116 bytes from N2 icmp_seq=155 ttl=50 time=280.52 ms	(same route)
116 bytes from N2 icmp_seq=156 ttl=50 time=662.72 ms	(same route)
116 bytes from N2 icmp_seq=157 ttl=50 time=2.03 ms	(same route)
116 bytes from N2 icmp_seq=158 ttl=50 time=2.82 ms	(same route)
116 bytes from N2 icmp_seq=159 ttl=50 time=5.19 ms	(same route)
116 bytes from N2 icmp_seq=160 ttl=50 time=15.31 ms	(same route)
116 bytes from N2 icmp_seq=161 ttl=50 time=28.32 ms	(same route)
116 bytes from N2 icmp_seq=162 ttl=50 time=6.88 ms	(same route)
116 bytes from N2 icmp_seq=163 ttl=50 time=8.60 ms	(same route)
116 bytes from N2 icmp_seq=164 ttl=50 time=581.93 ms	(same route)
116 bytes from N2 icmp_seq=165 ttl=50 time=1.02 ms	(same route)
116 bytes from N2 icmp_seq=166 ttl=50 time=61.95 ms	(same route)
116 bytes from N2 icmp_seq=167 ttl=50 time=8.64 ms	(same route)
116 bytes from N2 icmp_seq=168 ttl=50 time=3.34 ms	(same route)
116 bytes from N2 icmp_seq=169 ttl=50 time=12.48 ms	(same route)
116 bytes from N2 icmp_seq=170 ttl=50 time=7.17 ms	(same route)
116 bytes from N2 icmp_seq=171 ttl=50 time=1.05 ms	(same route)
116 bytes from N2 icmp_seq=172 ttl=50 time=6.37 ms	(same route)
116 bytes from N2 icmp_seq=173 ttl=50 time=4.37 ms	(same route)
116 bytes from N2 icmp_seq=174 ttl=50 time=1.10 ms	(same route)
116 bytes from N2 icmp_seq=175 ttl=50 time=1.14 ms	(same route)
116 bytes from N2 icmp_seq=176 ttl=50 time=1.46 ms	(same route)
116 bytes from N2 icmp_seq=177 ttl=50 time=5.10 ms	(same route)
116 bytes from N2 icmp_seq=178 ttl=50 time=1.30 ms	(same route)
116 bytes from N2 icmp_seq=179 ttl=50 time=5.91 ms	(same route)
116 bytes from N2 icmp_seq=180 ttl=50 time=1.24 ms	(same route)
116 bytes from N2 icmp_seq=181 ttl=50 time=4.45 ms	(same route)
116 bytes from N2 icmp_seq=182 ttl=50 time=5.53 ms	(same route)
116 bytes from N2 icmp_seq=183 ttl=50 time=3.75 ms	(same route)
116 bytes from N2 icmp_seq=184 ttl=50 time=1.27 ms	(same route)
116 bytes from N2 icmp_seq=185 ttl=50 time=1.09 ms	(same route)
116 bytes from N2 icmp_seq=186 ttl=50 time=7.68 ms	(same route)
116 bytes from N2 icmp_seq=187 ttl=50 time=1.54 ms	(same route)
116 bytes from N2 icmp_seq=188 ttl=50 time=6.43 ms	(same route)
116 bytes from N2 icmp_seq=189 ttl=50 time=1.12 ms	(same route)
116 bytes from N2 icmp_seq=190 ttl=50 time=5.65 ms	(same route)
116 bytes from N2 icmp_seq=191 ttl=50 time=3.18 ms	(same route)
116 bytes from N2 icmp_seq=192 ttl=50 time=543.63 ms	(same route)
116 bytes from N2 icmp_seq=193 ttl=50 time=243.29 ms	(same route)
116 bytes from N2 icmp_seq=194 ttl=50 time=515.92 ms	(same route)
116 bytes from N2 icmp_seq=195 ttl=50 time=261.32 ms	(same route)
116 bytes from N2 icmp_seq=196 ttl=50 time=7.41 ms	(same route)
116 bytes from N2 icmp_seq=197 ttl=50 time=45.45 ms	(same route)
116 bytes from N2 icmp_seq=198 ttl=50 time=0.85 ms	(same route)
116 bytes from N2 icmp_seq=199 ttl=50 time=1.06 ms	(same route)
116 bytes from N2 icmp_seq=200 ttl=50 time=47.46 ms	(same route)
116 bytes from N2 icmp_seq=201 ttl=50 time=28.86 ms	(same route)
Reply from host N2 timed out
116 bytes from N2 icmp_seq=203 ttl=50 time=4.68 ms	(same route)
116 bytes from N2 icmp_seq=204 ttl=50 time=767.36 ms	(same route)
116 bytes from N2 icmp_seq=205 ttl=50 time=597.87 ms	(same route)
116 bytes from N2 icmp_seq=206 ttl=50 time=101.15 ms	(same route)
116 bytes from N2 icmp_seq=207 ttl=50 time=351.67 ms	(same route)
116 bytes from N2 icmp_seq=208 ttl=50 time=6.17 ms	(same route)
116 bytes from N2 icmp_seq=209 ttl=50 time=1.07 ms	(same route)
116 bytes from N2 icmp_seq=210 ttl=50 time=58.06 ms	(same route)
116 bytes from N2 icmp_seq=211 ttl=50 time=1.09 ms	(same route)
116 bytes from N2 icmp_seq=212 ttl=50 time=258.07 ms	(same route)
116 bytes from N2 icmp_seq=213 ttl=50 time=3.87 ms	(same route)
116 bytes from N2 icmp_seq=214 ttl=50 time=1.06 ms	(same route)
116 bytes from N2 icmp_seq=215 ttl=50 time=18.23 ms	(same route)
116 bytes from N2 icmp_seq=216 ttl=50 time=3.47 ms	(same route)
116 bytes from N2 icmp_seq=217 ttl=50 time=69.12 ms	(same route)
116 bytes from N2 icmp_seq=218 ttl=50 time=1.12 ms	(same route)
116 bytes from N2 icmp_seq=219 ttl=50 time=4.39 ms	(same route)
116 bytes from N2 icmp_seq=220 ttl=50 time=17.19 ms	(same route)
116 bytes from N2 icmp_seq=221 ttl=50 time=115.81 ms	(same route)
116 bytes from N2 icmp_seq=222 ttl=50 time=33.52 ms	(same route)
116 bytes from N2 icmp_seq=223 ttl=50 time=32.75 ms	(same route)
116 bytes from N2 icmp_seq=224 ttl=50 time=37.33 ms	(same route)
116 bytes from N2 icmp_seq=225 ttl=50 time=1.08 ms	(same route)
116 bytes from N2 icmp_seq=226 ttl=50 time=1.05 ms	(same route)
116 bytes from N2 icmp_seq=227 ttl=50 time=11.12 ms	(same route)
116 bytes from N2 icmp_seq=228 ttl=50 time=2.15 ms	(same route)
Reply from host N2 timed out
116 bytes from N2 icmp_seq=230 ttl=50 time=7.23 ms	(same route)
116 bytes from N2 icmp_seq=231 ttl=50 time=151.15 ms	(same route)
116 bytes from N2 icmp_seq=232 ttl=50 time=18.00 ms	(same route)
116 bytes from N2 icmp_seq=233 ttl=50 time=243.09 ms	(same route)
116 bytes from N2 icmp_seq=234 ttl=50 time=23.59 ms	(same route)
116 bytes from N2 icmp_seq=235 ttl=50 time=9.21 ms	(same route)
116 bytes from N2 icmp_seq=236 ttl=50 time=440.43 ms	(same route)
116 bytes from N2 icmp_seq=237 ttl=50 time=511.08 ms	(same route)
Reply from host N2 timed out
116 bytes from N2 icmp_seq=239 ttl=50 time=203.51 ms	(same route)
116 bytes from N2 icmp_seq=240 ttl=50 time=25.14 ms	(same route)
116 bytes from N2 icmp_seq=241 ttl=50 time=238.81 ms	(same route)
116 bytes from N2 icmp_seq=242 ttl=50 time=516.70 ms	(same route)
116 bytes from N2 icmp_seq=243 ttl=50 time=224.76 ms	(same route)
116 bytes from N2 icmp_seq=244 ttl=50 time=648.93 ms	(same route)
116 bytes from N2 icmp_seq=245 ttl=50 time=196.94 ms	(same route)
116 bytes from N2 icmp_seq=246 ttl=50 time=1.09 ms	(same route)
116 bytes from N2 icmp_seq=247 ttl=50 time=577.31 ms	(same route)
116 bytes from N2 icmp_seq=248 ttl=50 time=1.08 ms	(same route)
116 bytes from N2 icmp_seq=249 ttl=50 time=10.26 ms	(same route)
116 bytes from N2 icmp_seq=250 ttl=50 time=3.59 ms	(same route)
116 bytes from N2 icmp_seq=251 ttl=50 time=1.10 ms	(same route)
116 bytes from N2 icmp_seq=252 ttl=50 time=1.05 ms	(same route)
116 bytes from N2 icmp_seq=253 ttl=50 time=6.89 ms	(same route)
116 bytes from N2 icmp_seq=254 ttl=50 time=17.87 ms	(same route)
116 bytes from N2 icmp_seq=255 ttl=50 time=0.81 ms	(same route)
116 bytes from N2 icmp_seq=256 ttl=50 time=9.93 ms	(same route)
116 bytes from N2 icmp_seq=257 ttl=50 time=86.45 ms	(same route)
116 bytes from N2 icmp_seq=258 ttl=50 time=1.07 ms	(same route)
116 bytes from N2 icmp_seq=259 ttl=50 time=4.17 ms	(same route)
116 bytes from N2 icmp_seq=260 ttl=50 time=49.25 ms	(same route)
116 bytes from N2 icmp_seq=261 ttl=50 time=4.19 ms	(same route)
116 bytes from N2 icmp_seq=262 ttl=50 time=2.30 ms	(same route)
116 bytes from N2 icmp_seq=263 ttl=50 time=1.11 ms	(same route)
116 bytes from N2 icmp_seq=264 ttl=50 time=1.14 ms	(same route)
116 bytes from N2 icmp_seq=265 ttl=50 time=1.03 ms	(same route)
116 bytes from N2 icmp_seq=266 ttl=50 time=3.39 ms	(same route)
116 bytes from N2 icmp_seq=267 ttl=50 time=1.10 ms	(same route)
116 bytes from N2 icmp_seq=268 ttl=50 time=1.07 ms	(same route)
116 bytes from N2 icmp_seq=269 ttl=50 time=1.34 ms	(same route)
116 bytes from N2 icmp_seq=270 ttl=50 time=2.63 ms	(same route)
116 bytes from N2 icmp_seq=271 ttl=50 time=3.47 ms	(same route)
116 bytes from N2 icmp_seq=272 ttl=50 time=3.07 ms	(same route)
116 bytes from N2 icmp_seq=273 ttl=50 time=112.55 ms	(same route)
116 bytes from N2 icmp_seq=274 ttl=50 time=123.39 ms	(same route)
116 bytes from N2 icmp_seq=275 ttl=50 time=1.20 ms	(same route)
116 bytes from N2 icmp_seq=276 ttl=50 time=1.10 ms	(same route)
116 bytes from N2 icmp_seq=277 ttl=50 time=3.59 ms	(same route)
116 bytes from N2 icmp_seq=278 ttl=50 time=1.09 ms	(same route)
116 bytes from N2 icmp_seq=279 ttl=50 time=1.10 ms	(same route)
116 bytes from N2 icmp_seq=280 ttl=50 time=1.09 ms	(same route)
116 bytes from N2 icmp_seq=281 ttl=50 time=1.09 ms	(same route)
116 bytes from N2 icmp_seq=282 ttl=50 time=5.49 ms	(same route)
116 bytes from N2 icmp_seq=283 ttl=50 time=4.55 ms	(same route)
116 bytes from N2 icmp_seq=284 ttl=50 time=1.06 ms	(same route)
116 bytes from N2 icmp_seq=285 ttl=50 time=4.90 ms	(same route)
116 bytes from N2 icmp_seq=286 ttl=50 time=10.85 ms	(same route)
116 bytes from N2 icmp_seq=287 ttl=50 time=1.09 ms	(same route)
116 bytes from N2 icmp_seq=288 ttl=50 time=1.96 ms	(same route)
116 bytes from N2 icmp_seq=289 ttl=50 time=4.40 ms	(same route)
116 bytes from N2 icmp_seq=290 ttl=50 time=1.05 ms	(same route)
116 bytes from N2 icmp_seq=291 ttl=50 time=1.08 ms	(same route)
116 bytes from N2 icmp_seq=292 ttl=50 time=4.04 ms	(same route)
116 bytes from N2 icmp_seq=293 ttl=50 time=7.67 ms	(same route)
116 bytes from N2 icmp_seq=294 ttl=50 time=25.16 ms	(same route)
116 bytes from N2 icmp_seq=295 ttl=50 time=1.20 ms	(same route)
116 bytes from N2 icmp_seq=296 ttl=50 time=1.07 ms	(same route)
116 bytes from N2 icmp_seq=297 ttl=50 time=1.12 ms	(same route)
116 bytes from N2 icmp_seq=298 ttl=50 time=1.19 ms	(same route)
116 bytes from N2 icmp_seq=299 ttl=50 time=3.01 ms	(same route)
116 bytes from N2 icmp_seq=300 ttl=50 time=390.65 ms	(same route)
--- N2 ping statistics ---
306 packets transmitted, 293 received, 4% packet loss
rtt min/avg/max/mdev = 0.815/110.167/969.709/207.442 ms
