PING N4 (00:00:0c:18:11:04) 116(144) bytes of data
116 bytes from N4 icmp_seq=1 ttl=48 time=6.42 ms
RR: 	N5
	N2
	N3
	N4
	N4
	N3
	N2
	N5

116 bytes from N4 icmp_seq=2 ttl=48 time=3.91 ms	(same route)
116 bytes from N4 icmp_seq=3 ttl=48 time=10.28 ms	(same route)
116 bytes from N4 icmp_seq=4 ttl=48 time=4.21 ms	(same route)
116 bytes from N4 icmp_seq=5 ttl=48 time=10.36 ms	(same route)
116 bytes from N4 icmp_seq=6 ttl=48 time=36.96 ms	(same route)
116 bytes from N4 icmp_seq=7 ttl=48 time=4.01 ms	(same route)
116 bytes from N4 icmp_seq=8 ttl=48 time=6.02 ms	(same route)
116 bytes from N4 icmp_seq=9 ttl=48 time=4.10 ms	(same route)
116 bytes from N4 icmp_seq=10 ttl=48 time=19.60 ms	(same route)
116 bytes from N4 icmp_seq=11 ttl=48 time=5.01 ms	(same route)
116 bytes from N4 icmp_seq=12 ttl=48 time=5.55 ms	(same route)
116 bytes from N4 icmp_seq=13 ttl=48 time=5.42 ms	(same route)
116 bytes from N4 icmp_seq=14 ttl=48 time=6.45 ms	(same route)
116 bytes from N4 icmp_seq=15 ttl=48 time=4.09 ms	(same route)
116 bytes from N4 icmp_seq=16 ttl=48 time=3.51 ms	(same route)
116 bytes from N4 icmp_seq=17 ttl=48 time=12.47 ms	(same route)
116 bytes from N4 icmp_seq=18 ttl=48 time=3.64 ms	(same route)
116 bytes from N4 icmp_seq=19 ttl=48 time=5.57 ms	(same route)
116 bytes from N4 icmp_seq=20 ttl=48 time=6.45 ms	(same route)
116 bytes from N4 icmp_seq=21 ttl=48 time=9.24 ms	(same route)
116 bytes from N4 icmp_seq=22 ttl=48 time=7.27 ms	(same route)
116 bytes from N4 icmp_seq=23 ttl=48 time=4.04 ms	(same route)
116 bytes from N4 icmp_seq=24 ttl=48 time=321.19 ms	(same route)
116 bytes from N4 icmp_seq=25 ttl=48 time=38.70 ms	(same route)
116 bytes from N4 icmp_seq=26 ttl=48 time=4.99 ms	(same route)
116 bytes from N4 icmp_seq=27 ttl=48 time=431.54 ms	(same route)
116 bytes from N4 icmp_seq=28 ttl=48 time=19.75 ms	(same route)
116 bytes from N4 icmp_seq=29 ttl=48 time=302.63 ms	(same route)
116 bytes from N4 icmp_seq=30 ttl=48 time=853.67 ms	(same route)
116 bytes from N4 icmp_seq=31 ttl=48 time=5.10 ms	(same route)
116 bytes from N4 icmp_seq=32 ttl=48 time=10.63 ms	(same route)
116 bytes from N4 icmp_seq=33 ttl=48 time=24.18 ms	(same route)
116 bytes from N4 icmp_seq=34 ttl=48 time=4.25 ms	(same route)
116 bytes from N4 icmp_seq=35 ttl=48 time=3.64 ms	(same route)
116 bytes from N4 icmp_seq=36 ttl=48 time=3.53 ms	(same route)
116 bytes from N4 icmp_seq=37 ttl=48 time=15.09 ms	(same route)
116 bytes from N4 icmp_seq=38 ttl=48 time=3.38 ms	(same route)
116 bytes from N4 icmp_seq=39 ttl=48 time=5.87 ms	(same route)
116 bytes from N4 icmp_seq=40 ttl=48 time=12.92 ms	(same route)
116 bytes from N4 icmp_seq=41 ttl=48 time=6.00 ms	(same route)
116 bytes from N4 icmp_seq=42 ttl=48 time=42.41 ms	(same route)
116 bytes from N4 icmp_seq=43 ttl=48 time=7.39 ms	(same route)
116 bytes from N4 icmp_seq=44 ttl=48 time=3.79 ms	(same route)
116 bytes from N4 icmp_seq=45 ttl=48 time=14.98 ms	(same route)
116 bytes from N4 icmp_seq=46 ttl=48 time=10.09 ms	(same route)
116 bytes from N4 icmp_seq=47 ttl=48 time=9.90 ms	(same route)
116 bytes from N4 icmp_seq=48 ttl=48 time=64.14 ms	(same route)
116 bytes from N4 icmp_seq=49 ttl=48 time=44.43 ms	(same route)
116 bytes from N4 icmp_seq=50 ttl=48 time=132.66 ms	(same route)
116 bytes from N4 icmp_seq=51 ttl=48 time=23.78 ms	(same route)
116 bytes from N4 icmp_seq=52 ttl=48 time=30.78 ms	(same route)
116 bytes from N4 icmp_seq=53 ttl=48 time=87.32 ms	(same route)
116 bytes from N4 icmp_seq=54 ttl=48 time=6.28 ms	(same route)
116 bytes from N4 icmp_seq=55 ttl=48 time=11.27 ms	(same route)
116 bytes from N4 icmp_seq=56 ttl=48 time=14.10 ms	(same route)
116 bytes from N4 icmp_seq=57 ttl=48 time=61.85 ms	(same route)
116 bytes from N4 icmp_seq=58 ttl=48 time=3.57 ms	(same route)
116 bytes from N4 icmp_seq=59 ttl=48 time=12.38 ms	(same route)
116 bytes from N4 icmp_seq=60 ttl=48 time=24.50 ms	(same route)
116 bytes from N4 icmp_seq=61 ttl=48 time=59.50 ms	(same route)
116 bytes from N4 icmp_seq=62 ttl=48 time=3.30 ms	(same route)
116 bytes from N4 icmp_seq=63 ttl=48 time=6.34 ms	(same route)
116 bytes from N4 icmp_seq=64 ttl=48 time=27.28 ms	(same route)
116 bytes from N4 icmp_seq=65 ttl=48 time=6.75 ms	(same route)
116 bytes from N4 icmp_seq=66 ttl=48 time=8.24 ms	(same route)
116 bytes from N4 icmp_seq=67 ttl=48 time=16.45 ms	(same route)
116 bytes from N4 icmp_seq=68 ttl=48 time=76.80 ms	(same route)
116 bytes from N4 icmp_seq=69 ttl=48 time=245.81 ms	(same route)
116 bytes from N4 icmp_seq=70 ttl=48 time=7.36 ms	(same route)
116 bytes from N4 icmp_seq=71 ttl=48 time=3.95 ms	(same route)
116 bytes from N4 icmp_seq=72 ttl=48 time=15.15 ms	(same route)
116 bytes from N4 icmp_seq=73 ttl=48 time=14.87 ms	(same route)
116 bytes from N4 icmp_seq=74 ttl=48 time=3.73 ms	(same route)
116 bytes from N4 icmp_seq=75 ttl=48 time=5.12 ms	(same route)
116 bytes from N4 icmp_seq=76 ttl=48 time=7.32 ms	(same route)
116 bytes from N4 icmp_seq=77 ttl=48 time=29.68 ms	(same route)
116 bytes from N4 icmp_seq=78 ttl=48 time=3.53 ms	(same route)
116 bytes from N4 icmp_seq=79 ttl=48 time=10.02 ms	(same route)
116 bytes from N4 icmp_seq=80 ttl=48 time=6.13 ms	(same route)
116 bytes from N4 icmp_seq=81 ttl=48 time=3.47 ms	(same route)
116 bytes from N4 icmp_seq=82 ttl=48 time=13.30 ms	(same route)
116 bytes from N4 icmp_seq=83 ttl=48 time=23.52 ms	(same route)
116 bytes from N4 icmp_seq=84 ttl=48 time=3.50 ms	(same route)
116 bytes from N4 icmp_seq=85 ttl=48 time=9.78 ms	(same route)
116 bytes from N4 icmp_seq=86 ttl=48 time=5.10 ms	(same route)
116 bytes from N4 icmp_seq=87 ttl=48 time=5.83 ms	(same route)
116 bytes from N4 icmp_seq=88 ttl=48 time=6.27 ms	(same route)
116 bytes from N4 icmp_seq=89 ttl=48 time=5.30 ms	(same route)
116 bytes from N4 icmp_seq=90 ttl=48 time=10.72 ms	(same route)
116 bytes from N4 icmp_seq=91 ttl=48 time=3.64 ms	(same route)
116 bytes from N4 icmp_seq=92 ttl=48 time=29.56 ms	(same route)
116 bytes from N4 icmp_seq=93 ttl=48 time=27.98 ms	(same route)
116 bytes from N4 icmp_seq=94 ttl=48 time=3.45 ms	(same route)
116 bytes from N4 icmp_seq=95 ttl=48 time=3.75 ms	(same route)
116 bytes from N4 icmp_seq=96 ttl=48 time=6.96 ms	(same route)
116 bytes from N4 icmp_seq=97 ttl=48 time=27.82 ms	(same route)
116 bytes from N4 icmp_seq=98 ttl=48 time=8.81 ms	(same route)
116 bytes from N4 icmp_seq=99 ttl=48 time=7.88 ms	(same route)
116 bytes from N4 icmp_seq=100 ttl=48 time=13.27 ms	(same route)
116 bytes from N4 icmp_seq=101 ttl=48 time=14.20 ms	(same route)
116 bytes from N4 icmp_seq=102 ttl=48 time=9.40 ms	(same route)
116 bytes from N4 icmp_seq=103 ttl=48 time=4.81 ms	(same route)
116 bytes from N4 icmp_seq=104 ttl=48 time=14.19 ms	(same route)
116 bytes from N4 icmp_seq=105 ttl=48 time=6.21 ms	(same route)
116 bytes from N4 icmp_seq=106 ttl=48 time=5.36 ms	(same route)
116 bytes from N4 icmp_seq=107 ttl=48 time=12.99 ms	(same route)
116 bytes from N4 icmp_seq=108 ttl=48 time=3.57 ms	(same route)
116 bytes from N4 icmp_seq=109 ttl=48 time=3.47 ms	(same route)
116 bytes from N4 icmp_seq=110 ttl=48 time=150.20 ms	(same route)
116 bytes from N4 icmp_seq=111 ttl=48 time=14.65 ms	(same route)
116 bytes from N4 icmp_seq=112 ttl=48 time=5.60 ms	(same route)
116 bytes from N4 icmp_seq=113 ttl=48 time=11.08 ms	(same route)
116 bytes from N4 icmp_seq=114 ttl=48 time=6.75 ms	(same route)
116 bytes from N4 icmp_seq=115 ttl=48 time=8.34 ms	(same route)
116 bytes from N4 icmp_seq=116 ttl=48 time=3.36 ms	(same route)
116 bytes from N4 icmp_seq=117 ttl=48 time=52.22 ms	(same route)
116 bytes from N4 icmp_seq=118 ttl=48 time=60.84 ms	(same route)
116 bytes from N4 icmp_seq=119 ttl=48 time=7.97 ms	(same route)
116 bytes from N4 icmp_seq=120 ttl=48 time=4.04 ms	(same route)
116 bytes from N4 icmp_seq=121 ttl=48 time=3.65 ms	(same route)
116 bytes from N4 icmp_seq=122 ttl=48 time=4.24 ms	(same route)
116 bytes from N4 icmp_seq=123 ttl=48 time=7.87 ms	(same route)
116 bytes from N4 icmp_seq=124 ttl=48 time=7.95 ms	(same route)
116 bytes from N4 icmp_seq=125 ttl=48 time=5.01 ms	(same route)
116 bytes from N4 icmp_seq=126 ttl=48 time=3.30 ms	(same route)
116 bytes from N4 icmp_seq=127 ttl=48 time=16.21 ms	(same route)
116 bytes from N4 icmp_seq=128 ttl=48 time=10.04 ms	(same route)
116 bytes from N4 icmp_seq=129 ttl=48 time=8.22 ms	(same route)
116 bytes from N4 icmp_seq=130 ttl=48 time=8.68 ms	(same route)
116 bytes from N4 icmp_seq=131 ttl=48 time=10.92 ms	(same route)
116 bytes from N4 icmp_seq=132 ttl=48 time=25.45 ms	(same route)
116 bytes from N4 icmp_seq=133 ttl=48 time=5.30 ms	(same route)
116 bytes from N4 icmp_seq=134 ttl=48 time=7.87 ms	(same route)
116 bytes from N4 icmp_seq=135 ttl=48 time=6.34 ms	(same route)
116 bytes from N4 icmp_seq=136 ttl=48 time=19.62 ms	(same route)
116 bytes from N4 icmp_seq=137 ttl=48 time=17.24 ms	(same route)
116 bytes from N4 icmp_seq=138 ttl=48 time=32.10 ms	(same route)
116 bytes from N4 icmp_seq=139 ttl=48 time=6.59 ms	(same route)
116 bytes from N4 icmp_seq=140 ttl=48 time=11.22 ms	(same route)
116 bytes from N4 icmp_seq=141 ttl=48 time=17.25 ms	(same route)
116 bytes from N4 icmp_seq=142 ttl=48 time=14.19 ms	(same route)
116 bytes from N4 icmp_seq=143 ttl=48 time=3.56 ms	(same route)
116 bytes from N4 icmp_seq=144 ttl=48 time=18.94 ms	(same route)
116 bytes from N4 icmp_seq=145 ttl=48 time=8.23 ms	(same route)
116 bytes from N4 icmp_seq=146 ttl=48 time=28.98 ms	(same route)
116 bytes from N4 icmp_seq=147 ttl=48 time=7.17 ms	(same route)
116 bytes from N4 icmp_seq=148 ttl=48 time=20.85 ms	(same route)
116 bytes from N4 icmp_seq=149 ttl=48 time=5.73 ms	(same route)
116 bytes from N4 icmp_seq=150 ttl=48 time=14.16 ms	(same route)
116 bytes from N4 icmp_seq=151 ttl=48 time=4.18 ms	(same route)
116 bytes from N4 icmp_seq=152 ttl=48 time=15.13 ms	(same route)
116 bytes from N4 icmp_seq=153 ttl=48 time=11.27 ms	(same route)
116 bytes from N4 icmp_seq=154 ttl=48 time=8.44 ms	(same route)
116 bytes from N4 icmp_seq=155 ttl=48 time=4.23 ms	(same route)
116 bytes from N4 icmp_seq=156 ttl=48 time=6.29 ms	(same route)
116 bytes from N4 icmp_seq=157 ttl=48 time=32.89 ms	(same route)
116 bytes from N4 icmp_seq=158 ttl=48 time=98.24 ms	(same route)
116 bytes from N4 icmp_seq=159 ttl=48 time=262.59 ms	(same route)
116 bytes from N4 icmp_seq=160 ttl=48 time=6.60 ms	(same route)
116 bytes from N4 icmp_seq=161 ttl=48 time=18.52 ms	(same route)
116 bytes from N4 icmp_seq=162 ttl=48 time=19.00 ms	(same route)
116 bytes from N4 icmp_seq=163 ttl=48 time=3.38 ms	(same route)
116 bytes from N4 icmp_seq=164 ttl=48 time=71.63 ms	(same route)
116 bytes from N4 icmp_seq=165 ttl=48 time=18.35 ms	(same route)
116 bytes from N4 icmp_seq=166 ttl=48 time=7.79 ms	(same route)
116 bytes from N4 icmp_seq=167 ttl=48 time=5.49 ms	(same route)
116 bytes from N4 icmp_seq=168 ttl=48 time=8.79 ms	(same route)
116 bytes from N4 icmp_seq=169 ttl=48 time=12.90 ms	(same route)
116 bytes from N4 icmp_seq=170 ttl=48 time=14.47 ms	(same route)
116 bytes from N4 icmp_seq=171 ttl=48 time=29.41 ms	(same route)
116 bytes from N4 icmp_seq=172 ttl=48 time=4.38 ms	(same route)
116 bytes from N4 icmp_seq=173 ttl=48 time=5.59 ms	(same route)
116 bytes from N4 icmp_seq=174 ttl=48 time=11.61 ms	(same route)
116 bytes from N4 icmp_seq=175 ttl=48 time=14.13 ms	(same route)
116 bytes from N4 icmp_seq=176 ttl=48 time=28.28 ms	(same route)
116 bytes from N4 icmp_seq=177 ttl=48 time=6.22 ms	(same route)
116 bytes from N4 icmp_seq=178 ttl=48 time=12.06 ms	(same route)
116 bytes from N4 icmp_seq=179 ttl=48 time=12.31 ms	(same route)
116 bytes from N4 icmp_seq=180 ttl=48 time=8.52 ms	(same route)
116 bytes from N4 icmp_seq=181 ttl=48 time=10.36 ms	(same route)
116 bytes from N4 icmp_seq=182 ttl=48 time=13.75 ms	(same route)
116 bytes from N4 icmp_seq=183 ttl=48 time=4.89 ms	(same route)
116 bytes from N4 icmp_seq=184 ttl=48 time=34.30 ms	(same route)
116 bytes from N4 icmp_seq=185 ttl=48 time=3.79 ms	(same route)
116 bytes from N4 icmp_seq=186 ttl=48 time=13.16 ms	(same route)
116 bytes from N4 icmp_seq=187 ttl=48 time=6.05 ms	(same route)
116 bytes from N4 icmp_seq=188 ttl=48 time=6.79 ms	(same route)
116 bytes from N4 icmp_seq=189 ttl=48 time=6.42 ms	(same route)
116 bytes from N4 icmp_seq=190 ttl=48 time=10.74 ms	(same route)
116 bytes from N4 icmp_seq=191 ttl=48 time=9.25 ms	(same route)
116 bytes from N4 icmp_seq=192 ttl=48 time=4.48 ms	(same route)
116 bytes from N4 icmp_seq=193 ttl=48 time=27.13 ms	(same route)
116 bytes from N4 icmp_seq=194 ttl=48 time=25.12 ms	(same route)
116 bytes from N4 icmp_seq=195 ttl=48 time=34.27 ms	(same route)
116 bytes from N4 icmp_seq=196 ttl=48 time=94.12 ms	(same route)
116 bytes from N4 icmp_seq=197 ttl=48 time=9.60 ms	(same route)
116 bytes from N4 icmp_seq=198 ttl=48 time=66.32 ms	(same route)
116 bytes from N4 icmp_seq=199 ttl=48 time=48.46 ms	(same route)
116 bytes from N4 icmp_seq=200 ttl=48 time=24.61 ms	(same route)
116 bytes from N4 icmp_seq=201 ttl=48 time=10.45 ms	(same route)
116 bytes from N4 icmp_seq=202 ttl=48 time=238.78 ms	(same route)
116 bytes from N4 icmp_seq=203 ttl=48 time=4.65 ms	(same route)
116 bytes from N4 icmp_seq=204 ttl=48 time=5.89 ms	(same route)
116 bytes from N4 icmp_seq=205 ttl=48 time=6.27 ms	(same route)
116 bytes from N4 icmp_seq=206 ttl=48 time=5.66 ms	(same route)
116 bytes from N4 icmp_seq=207 ttl=48 time=3.54 ms	(same route)
116 bytes from N4 icmp_seq=208 ttl=48 time=54.58 ms	(same route)
116 bytes from N4 icmp_seq=209 ttl=48 time=6.30 ms	(same route)
116 bytes from N4 icmp_seq=210 ttl=48 time=293.82 ms	(same route)
116 bytes from N4 icmp_seq=211 ttl=48 time=22.85 ms	(same route)
116 bytes from N4 icmp_seq=212 ttl=48 time=5.88 ms	(same route)
116 bytes from N4 icmp_seq=213 ttl=48 time=32.99 ms	(same route)
116 bytes from N4 icmp_seq=214 ttl=48 time=42.52 ms	(same route)
116 bytes from N4 icmp_seq=215 ttl=48 time=10.04 ms	(same route)
116 bytes from N4 icmp_seq=216 ttl=48 time=34.97 ms	(same route)
116 bytes from N4 icmp_seq=217 ttl=48 time=16.09 ms	(same route)
116 bytes from N4 icmp_seq=218 ttl=48 time=424.80 ms	(same route)
116 bytes from N4 icmp_seq=219 ttl=48 time=132.35 ms	(same route)
116 bytes from N4 icmp_seq=220 ttl=48 time=94.39 ms	(same route)
116 bytes from N4 icmp_seq=221 ttl=48 time=54.47 ms	(same route)
116 bytes from N4 icmp_seq=222 ttl=48 time=57.10 ms	(same route)
116 bytes from N4 icmp_seq=223 ttl=48 time=9.29 ms	(same route)
116 bytes from N4 icmp_seq=224 ttl=48 time=17.92 ms	(same route)
116 bytes from N4 icmp_seq=225 ttl=48 time=17.15 ms	(same route)
116 bytes from N4 icmp_seq=226 ttl=48 time=42.71 ms	(same route)
116 bytes from N4 icmp_seq=227 ttl=48 time=13.92 ms	(same route)
116 bytes from N4 icmp_seq=228 ttl=48 time=4.51 ms	(same route)
116 bytes from N4 icmp_seq=229 ttl=48 time=85.62 ms	(same route)
116 bytes from N4 icmp_seq=230 ttl=48 time=11.99 ms	(same route)
116 bytes from N4 icmp_seq=231 ttl=48 time=14.39 ms	(same route)
116 bytes from N4 icmp_seq=232 ttl=48 time=80.27 ms	(same route)
116 bytes from N4 icmp_seq=233 ttl=48 time=9.69 ms	(same route)
116 bytes from N4 icmp_seq=234 ttl=48 time=15.02 ms	(same route)
116 bytes from N4 icmp_seq=235 ttl=48 time=6.94 ms	(same route)
116 bytes from N4 icmp_seq=236 ttl=48 time=57.38 ms	(same route)
116 bytes from N4 icmp_seq=237 ttl=48 time=24.50 ms	(same route)
116 bytes from N4 icmp_seq=238 ttl=48 time=45.16 ms	(same route)
116 bytes from N4 icmp_seq=239 ttl=48 time=6.19 ms	(same route)
116 bytes from N4 icmp_seq=240 ttl=48 time=71.26 ms	(same route)
116 bytes from N4 icmp_seq=241 ttl=48 time=28.45 ms	(same route)
116 bytes from N4 icmp_seq=242 ttl=48 time=134.29 ms	(same route)
116 bytes from N4 icmp_seq=243 ttl=48 time=4.18 ms	(same route)
116 bytes from N4 icmp_seq=244 ttl=48 time=7.08 ms	(same route)
116 bytes from N4 icmp_seq=245 ttl=48 time=7.35 ms	(same route)
116 bytes from N4 icmp_seq=246 ttl=48 time=13.63 ms	(same route)
116 bytes from N4 icmp_seq=247 ttl=48 time=12.91 ms	(same route)
116 bytes from N4 icmp_seq=248 ttl=48 time=10.60 ms	(same route)
116 bytes from N4 icmp_seq=249 ttl=48 time=3.35 ms	(same route)
116 bytes from N4 icmp_seq=250 ttl=48 time=14.49 ms	(same route)
116 bytes from N4 icmp_seq=251 ttl=48 time=20.16 ms	(same route)
116 bytes from N4 icmp_seq=252 ttl=48 time=44.05 ms	(same route)
116 bytes from N4 icmp_seq=253 ttl=48 time=57.67 ms	(same route)
116 bytes from N4 icmp_seq=254 ttl=48 time=24.47 ms	(same route)
116 bytes from N4 icmp_seq=255 ttl=48 time=101.32 ms	(same route)
116 bytes from N4 icmp_seq=256 ttl=48 time=8.94 ms	(same route)
116 bytes from N4 icmp_seq=257 ttl=48 time=40.11 ms	(same route)
116 bytes from N4 icmp_seq=258 ttl=48 time=51.28 ms	(same route)
116 bytes from N4 icmp_seq=259 ttl=48 time=3.51 ms	(same route)
116 bytes from N4 icmp_seq=260 ttl=48 time=38.81 ms	(same route)
116 bytes from N4 icmp_seq=261 ttl=48 time=9.63 ms	(same route)
116 bytes from N4 icmp_seq=262 ttl=48 time=28.44 ms	(same route)
116 bytes from N4 icmp_seq=263 ttl=48 time=16.12 ms	(same route)
116 bytes from N4 icmp_seq=264 ttl=48 time=58.21 ms	(same route)
116 bytes from N4 icmp_seq=265 ttl=48 time=22.37 ms	(same route)
116 bytes from N4 icmp_seq=266 ttl=48 time=35.74 ms	(same route)
116 bytes from N4 icmp_seq=267 ttl=48 time=5.82 ms	(same route)
116 bytes from N4 icmp_seq=268 ttl=48 time=49.59 ms	(same route)
116 bytes from N4 icmp_seq=269 ttl=48 time=10.74 ms	(same route)
116 bytes from N4 icmp_seq=270 ttl=48 time=12.46 ms	(same route)
116 bytes from N4 icmp_seq=271 ttl=48 time=197.93 ms	(same route)
116 bytes from N4 icmp_seq=272 ttl=48 time=7.01 ms	(same route)
116 bytes from N4 icmp_seq=273 ttl=48 time=6.45 ms	(same route)
116 bytes from N4 icmp_seq=274 ttl=48 time=5.35 ms	(same route)
116 bytes from N4 icmp_seq=275 ttl=48 time=7.46 ms	(same route)
116 bytes from N4 icmp_seq=276 ttl=48 time=45.21 ms	(same route)
116 bytes from N4 icmp_seq=277 ttl=48 time=4.07 ms	(same route)
116 bytes from N4 icmp_seq=278 ttl=48 time=20.09 ms	(same route)
116 bytes from N4 icmp_seq=279 ttl=48 time=4.71 ms	(same route)
116 bytes from N4 icmp_seq=280 ttl=48 time=21.73 ms	(same route)
116 bytes from N4 icmp_seq=281 ttl=48 time=39.69 ms	(same route)
116 bytes from N4 icmp_seq=282 ttl=48 time=32.78 ms	(same route)
116 bytes from N4 icmp_seq=283 ttl=48 time=49.77 ms	(same route)
116 bytes from N4 icmp_seq=284 ttl=48 time=3.95 ms	(same route)
116 bytes from N4 icmp_seq=285 ttl=48 time=14.92 ms	(same route)
116 bytes from N4 icmp_seq=286 ttl=48 time=16.86 ms	(same route)
116 bytes from N4 icmp_seq=287 ttl=48 time=11.69 ms	(same route)
116 bytes from N4 icmp_seq=288 ttl=48 time=486.75 ms	(same route)
116 bytes from N4 icmp_seq=289 ttl=48 time=629.85 ms	(same route)
116 bytes from N4 icmp_seq=290 ttl=48 time=48.06 ms	(same route)
116 bytes from N4 icmp_seq=291 ttl=48 time=42.67 ms	(same route)
116 bytes from N4 icmp_seq=292 ttl=48 time=54.55 ms	(same route)
116 bytes from N4 icmp_seq=293 ttl=48 time=191.34 ms	(same route)
116 bytes from N4 icmp_seq=294 ttl=48 time=3.42 ms	(same route)
116 bytes from N4 icmp_seq=295 ttl=48 time=23.20 ms	(same route)
116 bytes from N4 icmp_seq=296 ttl=48 time=502.76 ms	(same route)
116 bytes from N4 icmp_seq=297 ttl=48 time=354.82 ms	(same route)
116 bytes from N4 icmp_seq=298 ttl=48 time=512.39 ms	(same route)
116 bytes from N4 icmp_seq=299 ttl=48 time=88.47 ms	(same route)
116 bytes from N4 icmp_seq=300 ttl=48 time=3.27 ms	(same route)
--- N4 ping statistics ---
300 packets transmitted, 300 received, 0% packet loss
rtt min/avg/max/mdev = 3.273/40.021/853.671/95.176 ms
