PING N5 (00:00:0c:18:11:05) 116(144) bytes of data
116 bytes from N5 icmp_seq=1 ttl=49 time=38.23 ms
RR: 	N3
	N2
	N5
	N5
	N2
	N3

116 bytes from N5 icmp_seq=2 ttl=49 time=3.14 ms	(same route)
116 bytes from N5 icmp_seq=3 ttl=49 time=4.23 ms	(same route)
116 bytes from N5 icmp_seq=4 ttl=49 time=2.39 ms	(same route)
116 bytes from N5 icmp_seq=5 ttl=49 time=2.63 ms	(same route)
116 bytes from N5 icmp_seq=6 ttl=49 time=25.27 ms	(same route)
116 bytes from N5 icmp_seq=7 ttl=49 time=2.78 ms	(same route)
116 bytes from N5 icmp_seq=8 ttl=49 time=2.37 ms	(same route)
116 bytes from N5 icmp_seq=9 ttl=49 time=2.70 ms	(same route)
116 bytes from N5 icmp_seq=10 ttl=49 time=4.80 ms	(same route)
116 bytes from N5 icmp_seq=11 ttl=49 time=2.62 ms	(same route)
116 bytes from N5 icmp_seq=12 ttl=49 time=6.68 ms	(same route)
116 bytes from N5 icmp_seq=13 ttl=49 time=4.31 ms	(same route)
116 bytes from N5 icmp_seq=14 ttl=49 time=3.15 ms	(same route)
116 bytes from N5 icmp_seq=15 ttl=49 time=3.56 ms	(same route)
116 bytes from N5 icmp_seq=16 ttl=49 time=13.05 ms	(same route)
116 bytes from N5 icmp_seq=17 ttl=49 time=2.58 ms	(same route)
116 bytes from N5 icmp_seq=18 ttl=49 time=31.79 ms	(same route)
116 bytes from N5 icmp_seq=19 ttl=49 time=2.44 ms	(same route)
116 bytes from N5 icmp_seq=20 ttl=49 time=41.34 ms	(same route)
116 bytes from N5 icmp_seq=21 ttl=49 time=2.72 ms	(same route)
116 bytes from N5 icmp_seq=22 ttl=49 time=2.54 ms	(same route)
116 bytes from N5 icmp_seq=23 ttl=49 time=2.30 ms	(same route)
116 bytes from N5 icmp_seq=24 ttl=49 time=2.36 ms	(same route)
116 bytes from N5 icmp_seq=25 ttl=49 time=28.64 ms	(same route)
116 bytes from N5 icmp_seq=26 ttl=49 time=450.94 ms	(same route)
116 bytes from N5 icmp_seq=27 ttl=49 time=10.06 ms	(same route)
116 bytes from N5 icmp_seq=28 ttl=49 time=17.02 ms	(same route)
116 bytes from N5 icmp_seq=29 ttl=49 time=230.21 ms	(same route)
116 bytes from N5 icmp_seq=30 ttl=49 time=7.27 ms	(same route)
116 bytes from N5 icmp_seq=31 ttl=49 time=29.80 ms	(same route)
Reply from host N5 timed out
116 bytes from N5 icmp_seq=33 ttl=49 time=44.31 ms	(same route)
116 bytes from N5 icmp_seq=34 ttl=49 time=11.65 ms	(same route)
116 bytes from N5 icmp_seq=35 ttl=49 time=4.00 ms	(same route)
116 bytes from N5 icmp_seq=36 ttl=49 time=2.25 ms	(same route)
116 bytes from N5 icmp_seq=37 ttl=49 time=69.99 ms	(same route)
116 bytes from N5 icmp_seq=38 ttl=49 time=8.67 ms	(same route)
116 bytes from N5 icmp_seq=39 ttl=49 time=2.30 ms	(same route)
116 bytes from N5 icmp_seq=40 ttl=49 time=4.45 ms	(same route)
116 bytes from N5 icmp_seq=41 ttl=49 time=19.75 ms	(same route)
116 bytes from N5 icmp_seq=42 ttl=49 time=37.39 ms	(same route)
116 bytes from N5 icmp_seq=43 ttl=49 time=125.48 ms	(same route)
116 bytes from N5 icmp_seq=44 ttl=49 time=2.86 ms	(same route)
116 bytes from N5 icmp_seq=45 ttl=49 time=4.26 ms	(same route)
116 bytes from N5 icmp_seq=46 ttl=49 time=2.53 ms	(same route)
116 bytes from N5 icmp_seq=47 ttl=49 time=5.87 ms	(same route)
116 bytes from N5 icmp_seq=48 ttl=49 time=40.56 ms	(same route)
116 bytes from N5 icmp_seq=49 ttl=49 time=2.33 ms	(same route)
116 bytes from N5 icmp_seq=50 ttl=49 time=5.95 ms	(same route)
116 bytes from N5 icmp_seq=51 ttl=49 time=10.58 ms	(same route)
116 bytes from N5 icmp_seq=52 ttl=49 time=5.94 ms	(same route)
116 bytes from N5 icmp_seq=53 ttl=49 time=3.63 ms	(same route)
116 bytes from N5 icmp_seq=54 ttl=49 time=2.31 ms	(same route)
116 bytes from N5 icmp_seq=55 ttl=49 time=3.09 ms	(same route)
116 bytes from N5 icmp_seq=56 ttl=49 time=17.68 ms	(same route)
116 bytes from N5 icmp_seq=57 ttl=49 time=3.35 ms	(same route)
116 bytes from N5 icmp_seq=58 ttl=49 time=102.60 ms	(same route)
116 bytes from N5 icmp_seq=59 ttl=49 time=5.64 ms	(same route)
116 bytes from N5 icmp_seq=60 ttl=49 time=17.02 ms	(same route)
116 bytes from N5 icmp_seq=61 ttl=49 time=13.62 ms	(same route)
116 bytes from N5 icmp_seq=62 ttl=49 time=10.86 ms	(same route)
116 bytes from N5 icmp_seq=63 ttl=49 time=17.06 ms	(same route)
116 bytes from N5 icmp_seq=64 ttl=49 time=7.67 ms	(same route)
116 bytes from N5 icmp_seq=65 ttl=49 time=4.13 ms	(same route)
116 bytes from N5 icmp_seq=66 ttl=49 time=63.00 ms	(same route)
116 bytes from N5 icmp_seq=67 ttl=49 time=4.16 ms	(same route)
116 bytes from N5 icmp_seq=68 ttl=49 time=5.71 ms	(same route)
116 bytes from N5 icmp_seq=69 ttl=49 time=6.35 ms	(same route)
116 bytes from N5 icmp_seq=70 ttl=49 time=5.49 ms	(same route)
116 bytes from N5 icmp_seq=71 ttl=49 time=35.50 ms	(same route)
116 bytes from N5 icmp_seq=72 ttl=49 time=2.33 ms	(same route)
116 bytes from N5 icmp_seq=73 ttl=49 time=62.48 ms	(same route)
116 bytes from N5 icmp_seq=74 ttl=49 time=88.65 ms	(same route)
116 bytes from N5 icmp_seq=75 ttl=49 time=5.45 ms	(same route)
116 bytes from N5 icmp_seq=76 ttl=49 time=14.31 ms	(same route)
116 bytes from N5 icmp_seq=77 ttl=49 time=2.35 ms	(same route)
116 bytes from N5 icmp_seq=78 ttl=49 time=6.82 ms	(same route)
116 bytes from N5 icmp_seq=79 ttl=49 time=5.61 ms	(same route)
116 bytes from N5 icmp_seq=80 ttl=49 time=21.15 ms	(same route)
116 bytes from N5 icmp_seq=81 ttl=49 time=2.30 ms	(same route)
116 bytes from N5 icmp_seq=82 ttl=49 time=2.92 ms	(same route)
116 bytes from N5 icmp_seq=83 ttl=49 time=4.30 ms	(same route)
116 bytes from N5 icmp_seq=84 ttl=49 time=8.27 ms	(same route)
116 bytes from N5 icmp_seq=85 ttl=49 time=2.94 ms	(same route)
116 bytes from N5 icmp_seq=86 ttl=49 time=18.73 ms	(same route)
116 bytes from N5 icmp_seq=87 ttl=49 time=2.71 ms	(same route)
116 bytes from N5 icmp_seq=88 ttl=49 time=2.44 ms	(same route)
116 bytes from N5 icmp_seq=89 ttl=49 time=4.36 ms	(same route)
116 bytes from N5 icmp_seq=90 ttl=49 time=3.41 ms	(same route)
116 bytes from N5 icmp_seq=91 ttl=49 time=22.45 ms	(same route)
116 bytes from N5 icmp_seq=92 ttl=49 time=25.45 ms	(same route)
116 bytes from N5 icmp_seq=93 ttl=49 time=3.10 ms	(same route)
116 bytes from N5 icmp_seq=94 ttl=49 time=38.00 ms	(same route)
116 bytes from N5 icmp_seq=95 ttl=49 time=12.65 ms	(same route)
116 bytes from N5 icmp_seq=96 ttl=49 time=2.46 ms	(same route)
116 bytes from N5 icmp_seq=97 ttl=49 time=2.62 ms	(same route)
116 bytes from N5 icmp_seq=98 ttl=49 time=2.24 ms	(same route)
116 bytes from N5 icmp_seq=99 ttl=49 time=7.81 ms	(same route)
116 bytes from N5 icmp_seq=100 ttl=49 time=10.50 ms	(same route)
116 bytes from N5 icmp_seq=101 ttl=49 time=5.71 ms	(same route)
116 bytes from N5 icmp_seq=102 ttl=49 time=9.71 ms	(same route)
116 bytes from N5 icmp_seq=103 ttl=49 time=5.40 ms	(same route)
116 bytes from N5 icmp_seq=104 ttl=49 time=3.05 ms	(same route)
116 bytes from N5 icmp_seq=105 ttl=49 time=2.27 ms	(same route)
116 bytes from N5 icmp_seq=106 ttl=49 time=3.37 ms	(same route)
116 bytes from N5 icmp_seq=107 ttl=49 time=5.56 ms	(same route)
116 bytes from N5 icmp_seq=108 ttl=49 time=2.44 ms	(same route)
116 bytes from N5 icmp_seq=109 ttl=49 time=2.35 ms	(same route)
116 bytes from N5 icmp_seq=110 ttl=49 time=9.47 ms	(same route)
116 bytes from N5 icmp_seq=111 ttl=49 time=36.03 ms	(same route)
116 bytes from N5 icmp_seq=112 ttl=49 time=5.83 ms	(same route)
116 bytes from N5 icmp_seq=113 ttl=49 time=2.41 ms	(same route)
116 bytes from N5 icmp_seq=114 ttl=49 time=2.94 ms	(same route)
116 bytes from N5 icmp_seq=115 ttl=49 time=28.26 ms	(same route)
116 bytes from N5 icmp_seq=116 ttl=49 time=4.59 ms	(same route)
116 bytes from N5 icmp_seq=117 ttl=49 time=2.17 ms	(same route)
116 bytes from N5 icmp_seq=118 ttl=49 time=41.43 ms	(same route)
116 bytes from N5 icmp_seq=119 ttl=49 time=8.82 ms	(same route)
116 bytes from N5 icmp_seq=120 ttl=49 time=2.67 ms	(same route)
116 bytes from N5 icmp_seq=121 ttl=49 time=3.01 ms	(same route)
116 bytes from N5 icmp_seq=122 ttl=49 time=5.04 ms	(same route)
116 bytes from N5 icmp_seq=123 ttl=49 time=5.46 ms	(same route)
116 bytes from N5 icmp_seq=124 ttl=49 time=4.98 ms	(same route)
116 bytes from N5 icmp_seq=125 ttl=49 time=6.89 ms	(same route)
116 bytes from N5 icmp_seq=126 ttl=49 time=10.95 ms	(same route)
116 bytes from N5 icmp_seq=127 ttl=49 time=2.41 ms	(same route)
116 bytes from N5 icmp_seq=128 ttl=49 time=2.42 ms	(same route)
116 bytes from N5 icmp_seq=129 ttl=49 time=27.09 ms	(same route)
116 bytes from N5 icmp_seq=130 ttl=49 time=3.45 ms	(same route)
116 bytes from N5 icmp_seq=131 ttl=49 time=7.48 ms	(same route)
116 bytes from N5 icmp_seq=132 ttl=49 time=6.89 ms	(same route)
116 bytes from N5 icmp_seq=133 ttl=49 time=6.19 ms	(same route)
116 bytes from N5 icmp_seq=134 ttl=49 time=6.35 ms	(same route)
116 bytes from N5 icmp_seq=135 ttl=49 time=2.74 ms	(same route)
116 bytes from N5 icmp_seq=136 ttl=49 time=4.50 ms	(same route)
116 bytes from N5 icmp_seq=137 ttl=49 time=3.13 ms	(same route)
116 bytes from N5 icmp_seq=138 ttl=49 time=7.85 ms	(same route)
116 bytes from N5 icmp_seq=139 ttl=49 time=7.13 ms	(same route)
116 bytes from N5 icmp_seq=140 ttl=49 time=6.91 ms	(same route)
116 bytes from N5 icmp_seq=141 ttl=49 time=17.73 ms	(same route)
116 bytes from N5 icmp_seq=142 ttl=49 time=3.26 ms	(same route)
116 bytes from N5 icmp_seq=143 ttl=49 time=2.40 ms	(same route)
116 bytes from N5 icmp_seq=144 ttl=49 time=2.92 ms	(same route)
116 bytes from N5 icmp_seq=145 ttl=49 time=2.31 ms	(same route)
116 bytes from N5 icmp_seq=146 ttl=49 time=2.46 ms	(same route)
116 bytes from N5 icmp_seq=147 ttl=49 time=2.37 ms	(same route)
116 bytes from N5 icmp_seq=148 ttl=49 time=5.37 ms	(same route)
116 bytes from N5 icmp_seq=149 ttl=49 time=2.31 ms	(same route)
116 bytes from N5 icmp_seq=150 ttl=49 time=9.80 ms	(same route)
116 bytes from N5 icmp_seq=151 ttl=49 time=8.20 ms	(same route)
116 bytes from N5 icmp_seq=152 ttl=49 time=2.35 ms	(same route)
116 bytes from N5 icmp_seq=153 ttl=49 time=16.55 ms	(same route)
116 bytes from N5 icmp_seq=154 ttl=49 time=7.46 ms	(same route)
116 bytes from N5 icmp_seq=155 ttl=49 time=13.31 ms	(same route)
116 bytes from N5 icmp_seq=156 ttl=49 time=2.35 ms	(same route)
116 bytes from N5 icmp_seq=157 ttl=49 time=5.34 ms	(same route)
116 bytes from N5 icmp_seq=158 ttl=49 time=2.55 ms	(same route)
116 bytes from N5 icmp_seq=159 ttl=49 time=5.07 ms	(same route)
116 bytes from N5 icmp_seq=160 ttl=49 time=10.42 ms	(same route)
116 bytes from N5 icmp_seq=161 ttl=49 time=11.56 ms	(same route)
116 bytes from N5 icmp_seq=162 ttl=49 time=11.59 ms	(same route)
116 bytes from N5 icmp_seq=163 ttl=49 time=6.08 ms	(same route)
116 bytes from N5 icmp_seq=164 ttl=49 time=2.50 ms	(same route)
116 bytes from N5 icmp_seq=165 ttl=49 time=3.77 ms	(same route)
116 bytes from N5 icmp_seq=166 ttl=49 time=4.49 ms	(same route)
116 bytes from N5 icmp_seq=167 ttl=49 time=34.00 ms	(same route)
116 bytes from N5 icmp_seq=168 ttl=49 time=2.34 ms	(same route)
116 bytes from N5 icmp_seq=169 ttl=49 time=12.01 ms	(same route)
116 bytes from N5 icmp_seq=170 ttl=49 time=7.42 ms	(same route)
116 bytes from N5 icmp_seq=171 ttl=49 time=10.90 ms	(same route)
116 bytes from N5 icmp_seq=172 ttl=49 time=4.70 ms	(same route)
116 bytes from N5 icmp_seq=173 ttl=49 time=2.40 ms	(same route)
116 bytes from N5 icmp_seq=174 ttl=49 time=2.97 ms	(same route)
116 bytes from N5 icmp_seq=175 ttl=49 time=5.14 ms	(same route)
116 bytes from N5 icmp_seq=176 ttl=49 time=9.17 ms	(same route)
116 bytes from N5 icmp_seq=177 ttl=49 time=3.88 ms	(same route)
116 bytes from N5 icmp_seq=178 ttl=49 time=3.74 ms	(same route)
116 bytes from N5 icmp_seq=179 ttl=49 time=26.10 ms	(same route)
116 bytes from N5 icmp_seq=180 ttl=49 time=2.71 ms	(same route)
116 bytes from N5 icmp_seq=181 ttl=49 time=2.77 ms	(same route)
116 bytes from N5 icmp_seq=182 ttl=49 time=2.52 ms	(same route)
116 bytes from N5 icmp_seq=183 ttl=49 time=2.87 ms	(same route)
116 bytes from N5 icmp_seq=184 ttl=49 time=4.25 ms	(same route)
116 bytes from N5 icmp_seq=185 ttl=49 time=25.03 ms	(same route)
116 bytes from N5 icmp_seq=186 ttl=49 time=4.39 ms	(same route)
116 bytes from N5 icmp_seq=187 ttl=49 time=3.42 ms	(same route)
116 bytes from N5 icmp_seq=188 ttl=49 time=2.37 ms	(same route)
116 bytes from N5 icmp_seq=189 ttl=49 time=9.63 ms	(same route)
116 bytes from N5 icmp_seq=190 ttl=49 time=4.70 ms	(same route)
116 bytes from N5 icmp_seq=191 ttl=49 time=9.97 ms	(same route)
116 bytes from N5 icmp_seq=192 ttl=49 time=15.73 ms	(same route)
116 bytes from N5 icmp_seq=193 ttl=49 time=2.75 ms	(same route)
116 bytes from N5 icmp_seq=194 ttl=49 time=4.58 ms	(same route)
116 bytes from N5 icmp_seq=195 ttl=49 time=3.08 ms	(same route)
116 bytes from N5 icmp_seq=196 ttl=49 time=2.37 ms	(same route)
116 bytes from N5 icmp_seq=197 ttl=49 time=2.29 ms	(same route)
116 bytes from N5 icmp_seq=198 ttl=49 time=3.01 ms	(same route)
116 bytes from N5 icmp_seq=199 ttl=49 time=3.22 ms	(same route)
116 bytes from N5 icmp_seq=200 ttl=49 time=5.36 ms	(same route)
116 bytes from N5 icmp_seq=201 ttl=49 time=33.30 ms	(same route)
116 bytes from N5 icmp_seq=202 ttl=49 time=2.33 ms	(same route)
116 bytes from N5 icmp_seq=203 ttl=49 time=2.32 ms	(same route)
116 bytes from N5 icmp_seq=204 ttl=49 time=43.71 ms	(same route)
116 bytes from N5 icmp_seq=205 ttl=49 time=33.22 ms	(same route)
116 bytes from N5 icmp_seq=206 ttl=49 time=3.94 ms	(same route)
116 bytes from N5 icmp_seq=207 ttl=49 time=8.00 ms	(same route)
116 bytes from N5 icmp_seq=208 ttl=49 time=10.71 ms	(same route)
116 bytes from N5 icmp_seq=209 ttl=49 time=9.27 ms	(same route)
116 bytes from N5 icmp_seq=210 ttl=49 time=8.11 ms	(same route)
116 bytes from N5 icmp_seq=211 ttl=49 time=10.02 ms	(same route)
116 bytes from N5 icmp_seq=212 ttl=49 time=15.76 ms	(same route)
116 bytes from N5 icmp_seq=213 ttl=49 time=4.21 ms	(same route)
116 bytes from N5 icmp_seq=214 ttl=49 time=5.74 ms	(same route)
116 bytes from N5 icmp_seq=215 ttl=49 time=8.56 ms	(same route)
116 bytes from N5 icmp_seq=216 ttl=49 time=3.46 ms	(same route)
116 bytes from N5 icmp_seq=217 ttl=49 time=8.16 ms	(same route)
116 bytes from N5 icmp_seq=218 ttl=49 time=2.99 ms	(same route)
116 bytes from N5 icmp_seq=219 ttl=49 time=21.58 ms	(same route)
116 bytes from N5 icmp_seq=220 ttl=49 time=51.12 ms	(same route)
116 bytes from N5 icmp_seq=221 ttl=49 time=592.93 ms	(same route)
116 bytes from N5 icmp_seq=222 ttl=49 time=2.35 ms	(same route)
116 bytes from N5 icmp_seq=223 ttl=49 time=63.06 ms	(same route)
116 bytes from N5 icmp_seq=224 ttl=49 time=11.20 ms	(same route)
116 bytes from N5 icmp_seq=225 ttl=49 time=12.75 ms	(same route)
116 bytes from N5 icmp_seq=226 ttl=49 time=6.31 ms	(same route)
116 bytes from N5 icmp_seq=227 ttl=49 time=2.32 ms	(same route)
116 bytes from N5 icmp_seq=228 ttl=49 time=3.00 ms	(same route)
116 bytes from N5 icmp_seq=229 ttl=49 time=3.68 ms	(same route)
116 bytes from N5 icmp_seq=230 ttl=49 time=28.00 ms	(same route)
116 bytes from N5 icmp_seq=231 ttl=49 time=3.10 ms	(same route)
116 bytes from N5 icmp_seq=232 ttl=49 time=3.67 ms	(same route)
116 bytes from N5 icmp_seq=233 ttl=49 time=52.18 ms	(same route)
116 bytes from N5 icmp_seq=234 ttl=49 time=2.26 ms	(same route)
116 bytes from N5 icmp_seq=235 ttl=49 time=3.86 ms	(same route)
116 bytes from N5 icmp_seq=236 ttl=49 time=15.42 ms	(same route)
116 bytes from N5 icmp_seq=237 ttl=49 time=10.49 ms	(same route)
116 bytes from N5 icmp_seq=238 ttl=49 time=2.30 ms	(same route)
116 bytes from N5 icmp_seq=239 ttl=49 time=6.24 ms	(same route)
116 bytes from N5 icmp_seq=240 ttl=49 time=3.14 ms	(same route)
116 bytes from N5 icmp_seq=241 ttl=49 time=2.33 ms	(same route)
116 bytes from N5 icmp_seq=242 ttl=49 time=10.50 ms	(same route)
116 bytes from N5 icmp_seq=243 ttl=49 time=51.50 ms	(same route)
116 bytes from N5 icmp_seq=244 ttl=49 time=4.63 ms	(same route)
116 bytes from N5 icmp_seq=245 ttl=49 time=13.88 ms	(same route)
116 bytes from N5 icmp_seq=246 ttl=49 time=3.66 ms	(same route)
116 bytes from N5 icmp_seq=247 ttl=49 time=2.47 ms	(same route)
116 bytes from N5 icmp_seq=248 ttl=49 time=9.61 ms	(same route)
116 bytes from N5 icmp_seq=249 ttl=49 time=4.72 ms	(same route)
116 bytes from N5 icmp_seq=250 ttl=49 time=3.17 ms	(same route)
116 bytes from N5 icmp_seq=251 ttl=49 time=6.36 ms	(same route)
116 bytes from N5 icmp_seq=252 ttl=49 time=3.30 ms	(same route)
116 bytes from N5 icmp_seq=253 ttl=49 time=2.79 ms	(same route)
116 bytes from N5 icmp_seq=254 ttl=49 time=6.10 ms	(same route)
116 bytes from N5 icmp_seq=255 ttl=49 time=17.47 ms	(same route)
116 bytes from N5 icmp_seq=256 ttl=49 time=11.16 ms	(same route)
116 bytes from N5 icmp_seq=257 ttl=49 time=9.40 ms	(same route)
116 bytes from N5 icmp_seq=258 ttl=49 time=9.73 ms	(same route)
116 bytes from N5 icmp_seq=259 ttl=49 time=49.92 ms	(same route)
116 bytes from N5 icmp_seq=260 ttl=49 time=25.80 ms	(same route)
116 bytes from N5 icmp_seq=261 ttl=49 time=3.87 ms	(same route)
116 bytes from N5 icmp_seq=262 ttl=49 time=3.91 ms	(same route)
116 bytes from N5 icmp_seq=263 ttl=49 time=17.90 ms	(same route)
116 bytes from N5 icmp_seq=264 ttl=49 time=12.94 ms	(same route)
116 bytes from N5 icmp_seq=265 ttl=49 time=2.42 ms	(same route)
116 bytes from N5 icmp_seq=266 ttl=49 time=10.76 ms	(same route)
116 bytes from N5 icmp_seq=267 ttl=49 time=20.58 ms	(same route)
116 bytes from N5 icmp_seq=268 ttl=49 time=5.56 ms	(same route)
116 bytes from N5 icmp_seq=269 ttl=49 time=5.06 ms	(same route)
116 bytes from N5 icmp_seq=270 ttl=49 time=3.54 ms	(same route)
116 bytes from N5 icmp_seq=271 ttl=49 time=12.96 ms	(same route)
116 bytes from N5 icmp_seq=272 ttl=49 time=2.61 ms	(same route)
116 bytes from N5 icmp_seq=273 ttl=49 time=4.62 ms	(same route)
116 bytes from N5 icmp_seq=274 ttl=49 time=10.04 ms	(same route)
116 bytes from N5 icmp_seq=275 ttl=49 time=2.63 ms	(same route)
116 bytes from N5 icmp_seq=276 ttl=49 time=8.33 ms	(same route)
116 bytes from N5 icmp_seq=277 ttl=49 time=4.00 ms	(same route)
116 bytes from N5 icmp_seq=278 ttl=49 time=2.39 ms	(same route)
116 bytes from N5 icmp_seq=279 ttl=49 time=2.30 ms	(same route)
116 bytes from N5 icmp_seq=280 ttl=49 time=2.30 ms	(same route)
116 bytes from N5 icmp_seq=281 ttl=49 time=35.93 ms	(same route)
116 bytes from N5 icmp_seq=282 ttl=49 time=9.99 ms	(same route)
116 bytes from N5 icmp_seq=283 ttl=49 time=2.96 ms	(same route)
116 bytes from N5 icmp_seq=284 ttl=49 time=25.13 ms	(same route)
116 bytes from N5 icmp_seq=285 ttl=49 time=4.91 ms	(same route)
116 bytes from N5 icmp_seq=286 ttl=49 time=2.76 ms	(same route)
116 bytes from N5 icmp_seq=287 ttl=49 time=25.36 ms	(same route)
116 bytes from N5 icmp_seq=288 ttl=49 time=13.25 ms	(same route)
116 bytes from N5 icmp_seq=289 ttl=49 time=5.61 ms	(same route)
116 bytes from N5 icmp_seq=290 ttl=49 time=7.49 ms	(same route)
116 bytes from N5 icmp_seq=291 ttl=49 time=150.56 ms	(same route)
116 bytes from N5 icmp_seq=292 ttl=49 time=294.90 ms	(same route)
116 bytes from N5 icmp_seq=293 ttl=49 time=2.29 ms	(same route)
116 bytes from N5 icmp_seq=294 ttl=49 time=3.69 ms	(same route)
116 bytes from N5 icmp_seq=295 ttl=49 time=40.81 ms	(same route)
116 bytes from N5 icmp_seq=296 ttl=49 time=2.36 ms	(same route)
116 bytes from N5 icmp_seq=297 ttl=49 time=15.68 ms	(same route)
116 bytes from N5 icmp_seq=298 ttl=49 time=4.25 ms	(same route)
116 bytes from N5 icmp_seq=299 ttl=49 time=184.97 ms	(same route)
Reply from host N5 timed out
--- N5 ping statistics ---
301 packets transmitted, 298 received, 0% packet loss
rtt min/avg/max/mdev = 2.173/17.347/592.931/50.830 ms
