1 1 N3 N3 200 0.240 1
1 2 N5 N3 133 0.240 1
1 3 N1 N3 136 0.300 1
1 4 N2 N3 160 0.450 1
2 1 N3 N3 201 0.270 1
2 2 N5 N3 133 1.340 1
2 3 N1 N3 132 0.270 1
2 4 N2 N3 159 1.040 1
3 1 N3 N3 201 0.320 1
3 2 N5 N3 132 0.320 1
3 3 N1 N3 130 0.320 1
3 4 N2 N3 158 0.040 1
4 1 N3 N3 201 0.320 1
4 2 N5 N3 131 0.320 1
4 3 N1 N3 128 0.320 1
4 4 N2 N3 157 0.560 1
5 1 N3 N3 200 0.330 1
5 2 N5 N3 131 1.370 1
5 3 N1 N3 122 0.420 1
5 4 N2 N3 155 0.090 1
6 1 N3 N3 199 0.350 1
6 2 N5 N3 130 0.350 1
6 3 N1 N3 120 0.980 1
6 4 N2 N3 153 0.080 1
7 1 N3 N3 198 0.370 1
7 2 N5 N3 129 0.890 1
7 3 N1 N3 117 0.500 1
7 4 N2 N3 152 0.110 1
8 1 N3 N3 196 0.420 1
8 2 N5 N3 127 0.290 1
8 3 N1 N3 116 1.040 1
8 4 N2 N3 151 0.140 1
9 1 N3 N3 194 0.440 1
9 2 N5 N3 124 0.320 1
9 3 N1 N3 113 0.440 1
9 4 N2 N3 149 0.650 1
10 1 N3 N3 194 0.480 1
10 2 N5 N3 124 1.360 1
10 3 N1 N3 111 0.130 1
10 4 N2 N3 148 0.140 1
11 1 N3 N3 193 0.510 1
11 2 N5 N3 123 0.380 1
11 3 N1 N3 110 0.510 1
11 4 N2 N3 146 0.180 1
12 1 N3 N3 192 0.040 1
12 2 N5 N3 123 1.430 1
12 3 N1 N3 108 0.140 1
12 4 N2 N3 145 0.200 1
13 1 N3 N3 191 0.030 1
13 2 N5 N3 120 0.360 1
13 3 N1 N3 107 0.600 1
13 4 N2 N3 145 0.740 1
14 1 N3 N3 191 0.080 1
14 2 N5 N3 117 0.400 1
14 3 N1 N3 106 0.770 1
14 4 N2 N3 144 0.240 1
15 1 N3 N3 190 0.100 1
15 2 N5 N3 116 0.920 1
15 3 N1 N3 106 0.310 1
15 4 N2 N3 144 0.230 1
16 1 N3 N3 190 0.120 1
16 2 N5 N3 114 0.430 1
16 3 N1 N3 105 0.640 1
16 4 N2 N3 143 0.760 1
17 1 N3 N3 190 0.160 1
17 2 N5 N3 113 0.450 1
17 3 N1 N3 104 0.160 1
17 4 N2 N3 143 0.310 1
18 1 N3 N3 189 0.170 1
18 2 N5 N3 110 0.540 1
18 3 N1 N3 103 0.170 1
18 4 N2 N3 142 0.820 1
19 1 N3 N3 187 0.200 1
19 2 N5 N3 107 0.010 1
19 3 N1 N3 103 0.200 1
19 4 N2 N3 140 0.330 1
20 1 N3 N3 185 0.230 1
20 2 N5 N3 105 0.050 1
20 3 N1 N3 102 0.230 1
20 4 N2 N3 139 0.330 1
21 1 N3 N3 183 0.280 1
21 2 N5 N3 103 0.050 1
21 3 N1 N3 101 0.280 1
21 4 N2 N3 139 1.380 1
22 1 N3 N3 181 0.320 1
22 2 N5 N3 100 0.050 1
22 3 N1 N3 101 0.730 1
22 4 N2 N3 137 0.390 1
23 1 N3 N3 180 0.360 1
23 2 N5 N3 99 0.090 1
23 3 N1 N3 101 0.720 1
23 4 N2 N3 135 0.410 1
24 1 N3 N3 177 0.410 1
24 2 N5 N3 99 1.140 1
24 3 N1 N3 101 1.770 1
24 4 N2 N3 132 0.430 1
25 1 N3 N3 174 0.400 1
25 2 N5 N3 98 0.630 1
25 3 N1 N3 99 0.020 1
25 4 N2 N3 130 0.430 1
26 1 N3 N3 171 0.430 1
26 2 N5 N3 95 0.130 1
26 3 N1 N3 98 0.740 1
26 4 N2 N3 127 0.460 1
27 1 N3 N3 168 0.440 1
27 2 N5 N3 93 0.150 1
27 3 N1 N3 96 0.310 1
27 4 N2 N3 120 0.020 1
28 1 N3 N3 168 1.490 1
28 2 N5 N3 89 0.180 1
28 3 N1 N3 94 0.180 1
28 4 N2 N3 118 0.560 1
29 1 N3 N3 165 0.460 1
29 2 N5 N3 86 0.170 1
29 3 N1 N3 93 0.880 1
29 4 N2 N3 115 0.020 1
30 1 N3 N3 162 0.450 1
30 2 N5 N3 82 0.210 1
30 3 N1 N3 93 1.930 1
30 4 N2 N3 113 0.030 1
31 1 N3 N3 160 0.470 1
31 2 N5 N3 82 1.260 1
31 3 N1 N3 92 0.360 1
31 4 N2 N3 112 0.550 1
32 1 N3 N3 157 0.490 1
32 2 N5 N3 80 0.300 1
32 3 N1 N3 89 0.120 1
32 4 N2 N3 110 0.090 1
33 1 N3 N3 152 0.020 1
33 2 N5 N3 78 0.330 1
33 3 N1 N3 89 1.170 1
33 4 N2 N3 109 0.100 1
34 1 N3 N3 149 0.040 1
34 2 N5 N3 76 0.420 1
34 3 N1 N3 87 0.420 1
34 4 N2 N3 108 0.650 1
35 1 N3 N3 147 0.060 1
35 2 N5 N3 73 0.350 1
35 3 N1 N3 87 1.470 1
35 4 N2 N3 106 0.210 1
36 1 N3 N3 146 0.100 1
36 2 N5 N3 71 0.340 1
36 3 N1 N3 87 1.020 1
36 4 N2 N3 105 0.200 1
37 1 N3 N3 144 0.120 1
37 2 N5 N3 70 0.320 1
37 3 N1 N3 86 0.510 1
37 4 N2 N3 103 0.210 1
38 1 N3 N3 142 0.140 1
38 2 N5 N3 69 0.380 1
38 3 N1 N3 86 0.380 1
38 4 N2 N3 103 0.230 1
39 1 N3 N3 142 0.170 1
39 2 N5 N3 68 0.410 1
39 3 N1 N3 86 0.240 1
39 4 N2 N3 103 0.250 1
40 1 N3 N3 143 0.220 1
40 2 N5 N3 68 0.420 1
40 3 N1 N3 86 0.730 1
40 4 N2 N3 103 0.770 1
41 1 N3 N3 145 0.260 1
41 2 N5 N3 69 0.440 1
41 3 N1 N3 87 0.080 1
41 4 N2 N3 102 0.280 1
42 1 N3 N3 146 0.260 1
42 2 N5 N3 69 0.450 1
42 3 N1 N3 88 0.250 1
42 4 N2 N3 102 0.810 1
43 1 N3 N3 146 0.290 1
43 2 N5 N3 69 0.470 1
43 3 N1 N3 88 0.800 1
43 4 N2 N3 102 0.310 1
44 1 N3 N3 146 0.300 1
44 2 N5 N3 68 0.470 1
44 3 N1 N3 87 0.990 1
44 4 N2 N3 101 0.330 1
45 1 N3 N3 145 0.340 1
45 2 N5 N3 67 0.450 1
45 3 N1 N3 87 0.840 1
45 4 N2 N3 99 0.360 1
46 1 N3 N3 145 0.380 1
46 2 N5 N3 66 0.480 1
46 3 N1 N3 85 0.380 1
46 4 N2 N3 97 0.380 1
47 1 N3 N3 143 0.420 1
47 2 N5 N3 65 0.010 1
47 3 N1 N3 84 0.230 1
47 4 N2 N3 95 0.400 1
48 1 N3 N3 142 0.460 1
48 2 N5 N3 63 0.550 1
48 3 N1 N3 82 0.110 1
48 4 N2 N3 93 0.430 1
49 1 N3 N3 141 0.450 1
49 2 N5 N3 62 0.050 1
49 3 N1 N3 82 1.160 1
49 4 N2 N3 91 0.470 1
50 1 N3 N3 141 0.460 1
50 2 N5 N3 61 0.050 1
50 3 N1 N3 78 0.170 1
50 4 N2 N3 85 0.020 1
51 1 N3 N3 140 0.490 1
51 2 N5 N3 59 0.590 1
51 3 N1 N3 75 0.210 1
51 4 N2 N3 84 0.530 1
52 1 N3 N3 140 0.500 1
52 2 N5 N3 58 0.080 1
52 3 N1 N3 74 0.250 1
52 4 N2 N3 83 0.560 1
53 1 N3 N3 141 0.020 1
53 2 N5 N3 57 0.050 1
53 3 N1 N3 74 1.300 1
53 4 N2 N3 83 0.100 1
54 1 N3 N3 141 0.020 1
54 2 N5 N3 56 0.060 1
54 3 N1 N3 72 0.330 1
54 4 N2 N3 83 1.150 1
55 1 N3 N3 141 0.050 1
55 2 N5 N3 56 0.120 1
55 3 N1 N3 71 0.350 1
55 4 N2 N3 84 0.120 1
56 1 N3 N3 141 0.580 1
56 2 N5 N3 56 0.110 1
56 3 N1 N3 72 0.350 1
56 4 N2 N3 85 0.100 1
57 1 N3 N3 141 0.080 1
57 2 N5 N3 56 0.660 1
57 3 N1 N3 72 0.430 1
57 4 N2 N3 85 0.090 1
58 1 N3 N3 142 0.100 1
58 2 N5 N3 57 0.160 1
58 3 N1 N3 73 0.970 1
58 4 N2 N3 85 0.630 1
59 1 N3 N3 141 0.120 1
59 2 N5 N3 57 0.200 1
59 3 N1 N3 73 0.440 1
59 4 N2 N3 85 0.120 1
60 1 N3 N3 140 0.150 1
60 2 N5 N3 57 0.720 1
60 3 N1 N3 73 0.490 1
60 4 N2 N3 85 0.150 1
61 1 N3 N3 139 0.190 1
61 2 N5 N3 57 0.240 1
61 3 N1 N3 73 1.540 1
61 4 N2 N3 85 0.210 1
62 1 N3 N3 139 0.150 1
62 2 N5 N3 57 0.760 1
62 3 N1 N3 72 0.010 1
62 4 N2 N3 85 0.190 1
63 1 N3 N3 139 0.210 1
63 2 N5 N3 57 0.280 1
63 3 N1 N3 72 0.030 1
63 4 N2 N3 86 0.750 1
64 1 N3 N3 140 0.200 1
64 2 N5 N3 58 0.340 1
64 3 N1 N3 72 0.560 1
64 4 N2 N3 86 0.270 1
65 1 N3 N3 141 0.220 1
65 2 N5 N3 59 0.370 1
65 3 N1 N3 71 0.070 1
65 4 N2 N3 86 0.280 1
66 1 N3 N3 142 0.260 1
66 2 N5 N3 59 0.380 1
66 3 N1 N3 70 0.110 1
66 4 N2 N3 85 0.280 1
67 1 N3 N3 143 0.270 1
67 2 N5 N3 59 0.410 1
67 3 N1 N3 70 0.640 1
67 4 N2 N3 85 1.330 1
68 1 N3 N3 145 0.250 1
68 2 N5 N3 59 0.940 1
68 3 N1 N3 70 0.150 1
68 4 N2 N3 86 0.320 1
69 1 N3 N3 148 0.280 1
69 2 N5 N3 60 0.420 1
69 3 N1 N3 70 0.130 1
69 4 N2 N3 88 0.370 1
70 1 N3 N3 151 0.270 1
70 2 N5 N3 62 0.440 1
70 3 N1 N3 71 0.810 1
70 4 N2 N3 90 0.430 1
71 1 N3 N3 155 0.310 1
71 2 N5 N3 64 0.480 1
71 3 N1 N3 73 0.050 1
71 4 N2 N3 93 0.440 1
72 1 N3 N3 157 0.310 1
72 2 N5 N3 66 0.010 1
72 3 N1 N3 74 0.310 1
72 4 N2 N3 95 0.460 1
73 1 N3 N3 159 0.310 1
73 2 N5 N3 68 0.030 1
73 3 N1 N3 76 0.310 1
73 4 N2 N3 97 0.460 1
74 1 N3 N3 161 0.350 1
74 2 N5 N3 69 0.540 1
74 3 N1 N3 78 0.350 1
74 4 N2 N3 100 0.450 1
75 1 N3 N3 163 0.400 1
75 2 N5 N3 72 0.030 1
75 3 N1 N3 80 0.400 1
75 4 N2 N3 104 0.460 1
76 1 N3 N3 165 0.950 1
76 2 N5 N3 75 0.050 1
76 3 N1 N3 81 0.830 1
76 4 N2 N3 108 0.460 1
77 1 N3 N3 169 0.460 1
77 2 N5 N3 80 0.050 1
77 3 N1 N3 83 0.460 1
77 4 N2 N3 110 0.480 1
78 1 N3 N3 174 0.470 1
78 2 N5 N3 83 0.070 1
78 3 N1 N3 90 0.880 1
78 4 N2 N3 118 0.020 1
79 1 N3 N3 176 0.490 1
79 2 N5 N3 86 0.120 1
79 3 N1 N3 92 0.910 1
79 4 N2 N3 123 0.010 1
80 1 N3 N3 183 0.010 1
80 2 N5 N3 89 0.140 1
80 3 N1 N3 95 0.440 1
80 4 N2 N3 126 0.580 1
81 1 N3 N3 187 0.040 1
81 2 N5 N3 92 0.180 1
81 3 N1 N3 98 0.420 1
81 4 N2 N3 128 0.600 1
82 1 N3 N3 192 0.050 1
82 2 N5 N3 94 0.190 1
82 3 N1 N3 102 0.050 1
82 4 N2 N3 133 0.110 1
83 1 N3 N3 197 0.030 1
83 2 N5 N3 97 0.210 1
83 3 N1 N3 103 0.450 1
83 4 N2 N3 137 0.100 1
84 1 N3 N3 200 0.060 1
84 2 N5 N3 100 0.210 1
84 3 N1 N3 106 0.060 1
84 4 N2 N3 140 0.140 1
85 1 N3 N3 203 0.070 1
85 2 N5 N3 102 0.240 1
85 3 N1 N3 108 0.070 1
85 4 N2 N3 141 0.660 1
86 1 N3 N3 205 0.110 1
86 2 N5 N3 104 0.240 1
86 3 N1 N3 108 0.110 1
86 4 N2 N3 143 0.180 1
87 1 N3 N3 206 0.150 1
87 2 N5 N3 104 0.240 1
87 3 N1 N3 108 1.160 1
87 4 N2 N3 142 0.180 1
88 1 N3 N3 207 0.130 1
88 2 N5 N3 105 0.230 1
88 3 N1 N3 107 1.040 1
88 4 N2 N3 142 0.190 1
89 1 N3 N3 207 1.170 1
89 2 N5 N3 105 1.270 1
89 3 N1 N3 108 0.680 1
89 4 N2 N3 142 1.230 1
90 1 N3 N3 209 1.030 1
90 2 N5 N3 108 1.030 1
90 3 N1 N3 109 1.030 1
90 4 N2 N3 142 1.040 1
91 1 N3 N3 212 0.550 1
91 2 N5 N3 110 0.550 1
91 3 N1 N3 110 0.570 1
91 4 N2 N3 144 0.550 1
92 1 N3 N3 215 0.170 1
92 2 N5 N3 111 0.850 1
92 3 N1 N3 117 0.170 1
92 4 N2 N3 145 0.170 1
93 1 N3 N3 217 0.210 1
93 2 N5 N3 115 0.210 1
93 3 N1 N3 120 0.200 1
93 4 N2 N3 147 0.200 1
94 1 N3 N3 218 0.160 1
94 2 N5 N3 117 0.170 1
94 3 N1 N3 120 1.240 1
94 4 N2 N3 148 0.170 1
95 1 N3 N3 218 1.220 1
95 2 N5 N3 117 1.230 1
95 3 N1 N3 120 2.300 1
95 4 N2 N3 148 1.230 1
96 1 N3 N3 218 0.140 1
96 2 N5 N3 121 0.140 1
96 3 N1 N3 121 0.150 1
96 4 N2 N3 149 0.140 1
97 1 N3 N3 218 1.190 1
97 2 N5 N3 121 1.190 1
97 3 N1 N3 121 1.200 1
97 4 N2 N3 149 1.190 1
98 1 N3 N3 217 0.380 1
98 2 N5 N3 126 0.380 1
98 3 N1 N3 125 0.380 1
98 4 N2 N3 151 0.390 1
99 1 N3 N3 217 0.610 1
99 2 N5 N3 126 1.430 1
99 3 N1 N3 126 0.610 1
99 4 N2 N3 152 0.610 1
100 1 N3 N3 217 0.250 1
100 2 N5 N3 128 0.240 1
100 3 N1 N3 127 0.240 1
100 4 N2 N3 156 0.240 1
101 1 N3 N3 217 0.180 1
101 2 N5 N3 130 0.420 1
101 3 N1 N3 126 0.420 1
101 4 N2 N3 157 0.420 1
102 1 N3 N3 217 0.270 1
102 2 N5 N3 129 0.020 1
102 3 N1 N3 125 0.510 1
102 4 N2 N3 157 0.490 1
103 1 N3 N3 216 0.290 1
103 2 N5 N3 128 0.090 1
103 3 N1 N3 124 0.470 1
103 4 N2 N3 156 0.010 1
104 1 N3 N3 216 0.330 1
104 2 N5 N3 128 0.090 1
104 3 N1 N3 124 1.520 1
104 4 N2 N3 155 0.020 1
105 1 N3 N3 217 0.350 1
105 2 N5 N3 128 0.110 1
105 3 N1 N3 125 0.490 1
105 4 N2 N3 154 0.010 1
106 1 N3 N3 217 0.370 1
106 2 N5 N3 128 0.640 1
106 3 N1 N3 126 1.020 1
106 4 N2 N3 154 0.010 1
107 1 N3 N3 216 0.400 1
107 2 N5 N3 128 0.160 1
107 3 N1 N3 128 0.040 1
107 4 N2 N3 153 0.030 1
108 1 N3 N3 215 0.450 1
108 2 N5 N3 126 0.190 1
108 3 N1 N3 127 0.030 1
108 4 N2 N3 151 0.010 1
109 1 N3 N3 212 0.450 1
109 2 N5 N3 125 0.180 1
109 3 N1 N3 127 0.050 1
109 4 N2 N3 150 0.080 1
110 1 N3 N3 210 0.490 1
110 2 N5 N3 123 0.210 1
110 3 N1 N3 125 0.060 1
110 4 N2 N3 147 0.090 1
111 1 N3 N3 208 0.500 1
111 2 N5 N3 121 0.240 1
111 3 N1 N3 123 0.090 1
111 4 N2 N3 146 0.120 1
112 1 N3 N3 205 0.520 1
112 2 N5 N3 121 0.750 1
112 3 N1 N3 121 0.110 1
112 4 N2 N3 144 0.130 1
113 1 N3 N3 199 0.030 1
113 2 N5 N3 120 0.310 1
113 3 N1 N3 121 0.680 1
113 4 N2 N3 143 0.190 1
114 1 N3 N3 196 0.080 1
114 2 N5 N3 119 0.360 1
114 3 N1 N3 118 0.490 1
114 4 N2 N3 141 0.220 1
115 1 N3 N3 193 0.130 1
115 2 N5 N3 119 1.410 1
115 3 N1 N3 117 0.720 1
115 4 N2 N3 140 0.200 1
116 1 N3 N3 191 0.130 1
116 2 N5 N3 118 0.930 1
116 3 N1 N3 115 0.230 1
116 4 N2 N3 139 0.750 1
117 1 N3 N3 191 0.670 1
117 2 N5 N3 118 1.980 1
117 3 N1 N3 115 1.280 1
117 4 N2 N3 139 0.230 1
118 1 N3 N3 191 0.200 1
118 2 N5 N3 117 0.990 1
118 3 N1 N3 114 0.290 1
118 4 N2 N3 139 0.270 1
119 1 N3 N3 192 0.200 1
119 2 N5 N3 116 1.000 1
119 3 N1 N3 113 0.520 1
119 4 N2 N3 139 0.280 1
120 1 N3 N3 192 0.230 1
120 2 N5 N3 113 0.500 1
120 3 N1 N3 111 0.740 1
120 4 N2 N3 139 0.300 1
121 1 N3 N3 193 0.220 1
121 2 N5 N3 111 0.010 1
121 3 N1 N3 111 0.350 1
121 4 N2 N3 137 0.340 1
122 1 N3 N3 194 0.240 1
122 2 N5 N3 109 0.520 1
122 3 N1 N3 109 0.380 1
122 4 N2 N3 136 0.890 1
123 1 N3 N3 195 0.240 1
123 2 N5 N3 107 0.050 1
123 3 N1 N3 108 0.400 1
123 4 N2 N3 135 0.370 1
124 1 N3 N3 195 0.780 1
124 2 N5 N3 105 0.550 1
124 3 N1 N3 107 0.950 1
124 4 N2 N3 134 0.900 1
125 1 N3 N3 192 0.190 1
125 2 N5 N3 103 0.070 1
125 3 N1 N3 107 2.000 1
125 4 N2 N3 134 1.950 1
126 1 N3 N3 189 0.300 1
126 2 N5 N3 103 1.110 1
126 3 N1 N3 107 3.040 1
126 4 N2 N3 134 2.990 1
127 1 N3 N3 186 0.220 1
127 2 N5 N3 103 2.160 1
127 3 N1 N3 107 4.090 1
127 4 N2 N3 134 4.040 1
128 1 N3 N3 184 0.310 1
128 2 N5 N3 103 3.200 1
128 3 N1 N3 104 0.870 1
128 4 N2 N3 132 0.850 1
129 1 N3 N3 180 0.270 1
129 2 N5 N3 103 4.260 1
129 3 N1 N3 104 1.930 1
129 4 N2 N3 132 1.910 1
130 1 N3 N3 176 0.330 1
130 2 N5 N3 100 0.840 1
130 3 N1 N3 102 0.330 1
130 4 N2 N3 132 2.950 1
131 1 N3 N3 173 0.340 1
131 2 N5 N3 94 0.240 1
131 3 N1 N3 102 1.380 1
131 4 N2 N3 129 0.530 1
132 1 N3 N3 170 0.370 1
132 2 N5 N3 94 1.290 1
132 3 N1 N3 102 2.430 1
132 4 N2 N3 126 0.560 1
133 1 N3 N3 168 0.380 1
133 2 N5 N3 91 0.240 1
133 3 N1 N3 102 3.480 1
133 4 N2 N3 123 0.560 1
134 1 N3 N3 167 0.410 1
134 2 N5 N3 88 0.780 1
134 3 N1 N3 102 4.520 1
134 4 N2 N3 123 1.600 1
135 1 N3 N3 167 0.430 1
135 2 N5 N3 84 0.330 1
135 3 N1 N3 99 0.150 1
135 4 N2 N3 121 0.600 1
136 1 N3 N3 166 0.020 1
136 2 N5 N3 82 0.540 1
136 3 N1 N3 99 1.290 1
136 4 N2 N3 119 0.720 1
137 1 N3 N3 165 0.050 1
137 2 N5 N3 80 0.450 1
137 3 N1 N3 99 2.340 1
137 4 N2 N3 117 0.240 1
138 1 N3 N3 164 0.080 1
138 2 N5 N3 78 0.490 1
138 3 N1 N3 96 0.200 1
138 4 N2 N3 115 0.290 1
139 1 N3 N3 164 0.100 1
139 2 N5 N3 76 0.520 1
139 3 N1 N3 96 1.250 1
139 4 N2 N3 112 0.300 1
140 1 N3 N3 163 0.110 1
140 2 N5 N3 74 0.520 1
140 3 N1 N3 93 0.110 1
140 4 N2 N3 110 0.340 1
141 1 N3 N3 163 0.110 1
141 2 N5 N3 75 0.530 1
141 3 N1 N3 92 0.900 1
141 4 N2 N3 110 0.350 1
142 1 N3 N3 163 0.140 1
142 2 N5 N3 77 0.140 1
142 3 N1 N3 92 1.950 1
142 4 N2 N3 108 0.350 1
143 1 N3 N3 163 0.660 1
143 2 N5 N3 79 0.660 1
143 3 N1 N3 91 0.960 1
143 4 N2 N3 109 0.380 1
144 1 N3 N3 164 0.160 1
144 2 N5 N3 79 1.710 1
144 3 N1 N3 90 0.010 1
144 4 N2 N3 109 1.430 1
145 1 N3 N3 164 0.180 1
145 2 N5 N3 81 0.080 1
145 3 N1 N3 90 0.080 1
145 4 N2 N3 110 0.410 1
146 1 N3 N3 165 0.210 1
146 2 N5 N3 82 0.210 1
146 3 N1 N3 90 0.380 1
146 4 N2 N3 112 0.930 1
147 1 N3 N3 165 0.200 1
147 2 N5 N3 83 0.200 1
147 3 N1 N3 92 0.020 1
147 4 N2 N3 114 0.960 1
148 1 N3 N3 165 0.200 1
148 2 N5 N3 84 0.200 1
148 3 N1 N3 94 0.130 1
148 4 N2 N3 114 0.960 1
149 1 N3 N3 163 0.240 1
149 2 N5 N3 84 0.240 1
149 3 N1 N3 94 0.240 1
149 4 N2 N3 114 2.010 1
150 1 N3 N3 162 0.260 1
150 2 N5 N3 84 1.280 1
150 3 N1 N3 95 0.260 1
150 4 N2 N3 114 0.500 1
151 1 N3 N3 160 0.290 1
151 2 N5 N3 85 0.290 1
151 3 N1 N3 96 0.700 1
151 4 N2 N3 114 1.040 1
152 1 N3 N3 158 0.300 1
152 2 N5 N3 86 0.300 1
152 3 N1 N3 96 0.810 1
152 4 N2 N3 115 0.030 1
153 1 N3 N3 156 0.290 1
153 2 N5 N3 86 0.290 1
153 3 N1 N3 97 0.290 1
153 4 N2 N3 115 0.040 1
154 1 N3 N3 153 0.300 1
154 2 N5 N3 86 0.300 1
154 3 N1 N3 98 0.820 1
154 4 N2 N3 115 0.570 1
155 1 N3 N3 152 0.320 1
155 2 N5 N3 86 1.350 1
155 3 N1 N3 98 0.830 1
155 4 N2 N3 115 0.090 1
156 1 N3 N3 151 0.330 1
156 2 N5 N3 86 0.330 1
156 3 N1 N3 98 1.880 1
156 4 N2 N3 116 0.590 1
157 1 N3 N3 152 0.370 1
157 2 N5 N3 87 0.370 1
157 3 N1 N3 100 0.370 1
157 4 N2 N3 117 0.620 1
158 1 N3 N3 156 0.390 1
158 2 N5 N3 89 0.900 1
158 3 N1 N3 103 0.390 1
158 4 N2 N3 117 1.670 1
159 1 N3 N3 159 0.430 1
159 2 N5 N3 90 0.430 1
159 3 N1 N3 104 0.900 1
159 4 N2 N3 118 0.660 1
160 1 N3 N3 162 0.440 1
160 2 N5 N3 91 0.950 1
160 3 N1 N3 105 0.440 1
160 4 N2 N3 119 0.160 1
161 1 N3 N3 164 0.430 1
161 2 N5 N3 94 0.430 1
161 3 N1 N3 106 0.430 1
161 4 N2 N3 122 0.150 1
162 1 N3 N3 167 0.440 1
162 2 N5 N3 98 0.440 1
162 3 N1 N3 107 0.660 1
162 4 N2 N3 126 0.160 1
163 1 N3 N3 170 0.470 1
163 2 N5 N3 101 0.480 1
163 3 N1 N3 108 0.480 1
163 4 N2 N3 129 0.170 1
164 1 N3 N3 174 0.510 1
164 2 N5 N3 103 0.510 1
164 3 N1 N3 110 0.510 1
164 4 N2 N3 129 1.220 1
165 1 N3 N3 177 0.010 1
165 2 N5 N3 107 0.020 1
165 3 N1 N3 113 0.220 1
165 4 N2 N3 132 0.220 1
166 1 N3 N3 178 0.040 1
166 2 N5 N3 109 0.580 1
166 3 N1 N3 116 0.040 1
166 4 N2 N3 134 0.780 1
167 1 N3 N3 179 0.060 1
167 2 N5 N3 112 0.120 1
167 3 N1 N3 117 0.620 1
167 4 N2 N3 136 0.790 1
168 1 N3 N3 181 0.080 1
168 2 N5 N3 114 0.140 1
168 3 N1 N3 119 0.140 1
168 4 N2 N3 139 0.330 1
169 1 N3 N3 183 0.080 1
169 2 N5 N3 115 0.130 1
169 3 N1 N3 119 0.650 1
169 4 N2 N3 142 0.360 1
170 1 N3 N3 186 0.070 1
170 2 N5 N3 116 0.660 1
170 3 N1 N3 120 0.150 1
170 4 N2 N3 146 0.360 1
171 1 N3 N3 188 0.070 1
171 2 N5 N3 118 0.130 1
171 3 N1 N3 120 0.690 1
171 4 N2 N3 149 0.360 1
172 1 N3 N3 190 0.100 1
172 2 N5 N3 119 0.150 1
172 3 N1 N3 121 0.240 1
172 4 N2 N3 149 1.410 1
173 1 N3 N3 192 0.110 1
173 2 N5 N3 121 0.140 1
173 3 N1 N3 122 0.250 1
173 4 N2 N3 153 0.370 1
174 1 N3 N3 194 0.120 1
174 2 N5 N3 122 0.150 1
174 3 N1 N3 122 1.300 1
174 4 N2 N3 157 0.390 1
175 1 N3 N3 196 0.150 1
175 2 N5 N3 124 0.180 1
175 3 N1 N3 123 0.920 1
175 4 N2 N3 160 0.430 1
176 1 N3 N3 199 0.170 1
176 2 N5 N3 125 0.170 1
176 3 N1 N3 125 0.170 1
176 4 N2 N3 162 0.950 1
177 1 N3 N3 201 0.160 1
177 2 N5 N3 126 0.190 1
177 3 N1 N3 126 0.190 1
177 4 N2 N3 163 0.980 1
178 1 N3 N3 203 0.200 1
178 2 N5 N3 128 0.230 1
178 3 N1 N3 127 0.400 1
178 4 N2 N3 166 0.010 1
179 1 N3 N3 205 0.260 1
179 2 N5 N3 130 0.270 1
179 3 N1 N3 128 0.380 1
179 4 N2 N3 168 0.020 1
180 1 N3 N3 207 0.250 1
180 2 N5 N3 131 0.280 1
180 3 N1 N3 128 1.430 1
180 4 N2 N3 169 0.120 1
181 1 N3 N3 209 0.300 1
181 2 N5 N3 132 0.300 1
181 3 N1 N3 129 0.950 1
181 4 N2 N3 169 0.150 1
182 1 N3 N3 211 0.350 1
182 2 N5 N3 132 0.350 1
182 3 N1 N3 130 0.920 1
182 4 N2 N3 170 0.160 1
183 1 N3 N3 212 0.380 1
183 2 N5 N3 133 0.280 1
183 3 N1 N3 131 0.490 1
183 4 N2 N3 170 0.690 1
184 1 N3 N3 212 0.420 1
184 2 N5 N3 133 1.330 1
184 3 N1 N3 131 1.010 1
184 4 N2 N3 171 0.190 1
185 1 N3 N3 212 0.450 1
185 2 N5 N3 132 0.850 1
185 3 N1 N3 130 0.000 1
185 4 N2 N3 171 0.710 1
186 1 N3 N3 212 0.450 1
186 2 N5 N3 132 1.900 1
186 3 N1 N3 130 1.050 1
186 4 N2 N3 171 1.760 1
187 1 N3 N3 212 0.450 1
187 2 N5 N3 131 0.740 1
187 3 N1 N3 128 0.340 1
187 4 N2 N3 171 2.810 1
188 1 N3 N3 211 1.000 1
188 2 N5 N3 129 0.910 1
188 3 N1 N3 128 1.390 1
188 4 N2 N3 171 3.860 1
189 1 N3 N3 208 0.010 1
189 2 N5 N3 127 0.010 1
189 3 N1 N3 128 2.440 1
189 4 N2 N3 165 0.310 1
190 1 N3 N3 204 0.040 1
190 2 N5 N3 124 0.540 1
190 3 N1 N3 122 0.210 1
190 4 N2 N3 162 0.830 1
191 1 N3 N3 201 0.580 1
191 2 N5 N3 118 0.460 1
191 3 N1 N3 122 1.260 1
191 4 N2 N3 158 0.850 1
192 1 N3 N3 195 0.050 1
192 2 N5 N3 112 0.410 1
192 3 N1 N3 119 0.790 1
192 4 N2 N3 148 0.050 1
193 1 N3 N3 191 0.070 1
193 2 N5 N3 106 0.470 1
193 3 N1 N3 113 0.210 1
193 4 N2 N3 145 0.340 1
194 1 N3 N3 186 0.130 1
194 2 N5 N3 100 0.490 1
194 3 N1 N3 109 0.270 1
194 4 N2 N3 138 0.360 1
195 1 N3 N3 182 0.160 1
195 2 N5 N3 92 0.010 1
195 3 N1 N3 106 0.280 1
195 4 N2 N3 132 0.400 1
196 1 N3 N3 179 0.180 1
196 2 N5 N3 92 1.050 1
196 3 N1 N3 105 0.820 1
196 4 N2 N3 129 0.430 1
197 1 N3 N3 178 0.580 1
197 2 N5 N3 87 0.570 1
197 3 N1 N3 104 0.580 1
197 4 N2 N3 129 1.490 1
198 1 N3 N3 177 0.670 1
198 2 N5 N3 86 0.670 1
198 3 N1 N3 104 1.630 1
198 4 N2 N3 126 0.670 1
199 1 N3 N3 176 0.120 1
199 2 N5 N3 86 0.060 1
199 3 N1 N3 105 0.120 1
199 4 N2 N3 119 0.120 1
200 1 N3 N3 176 0.290 1
200 2 N5 N3 86 0.080 1
200 3 N1 N3 106 0.380 1
200 4 N2 N3 119 0.500 1
201 1 N3 N3 175 0.290 1
201 2 N5 N3 86 0.120 1
201 3 N1 N3 105 0.560 1
201 4 N2 N3 119 0.510 1
202 1 N3 N3 175 0.330 1
202 2 N5 N3 86 0.120 1
202 3 N1 N3 104 0.370 1
202 4 N2 N3 121 0.050 1
203 1 N3 N3 174 0.350 1
203 2 N5 N3 86 0.640 1
203 3 N1 N3 103 0.910 1
203 4 N2 N3 122 0.570 1
204 1 N3 N3 174 0.260 1
204 2 N5 N3 86 0.270 1
204 3 N1 N3 100 0.090 1
204 4 N2 N3 122 0.110 1
205 1 N3 N3 172 0.420 1
205 2 N5 N3 85 0.750 1
205 3 N1 N3 99 0.450 1
205 4 N2 N3 122 1.190 1
206 1 N3 N3 171 0.440 1
206 2 N5 N3 85 0.220 1
206 3 N1 N3 99 1.510 1
206 4 N2 N3 122 2.250 1
207 1 N3 N3 168 0.420 1
207 2 N5 N3 85 0.480 1
207 3 N1 N3 97 0.490 1
207 4 N2 N3 122 0.480 1
208 1 N3 N3 166 0.120 1
208 2 N5 N3 84 0.120 1
208 3 N1 N3 97 1.530 1
208 4 N2 N3 120 0.120 1
209 1 N3 N3 165 0.490 1
209 2 N5 N3 84 0.310 1
209 3 N1 N3 96 0.270 1
209 4 N2 N3 120 0.770 1
210 1 N3 N3 163 0.510 1
210 2 N5 N3 84 1.380 1
210 3 N1 N3 95 0.740 1
210 4 N2 N3 120 0.290 1
211 1 N3 N3 162 0.000 1
211 2 N5 N3 84 0.370 1
211 3 N1 N3 95 0.700 1
211 4 N2 N3 121 0.340 1
212 1 N3 N3 161 0.530 1
212 2 N5 N3 85 0.880 1
212 3 N1 N3 95 1.740 1
212 4 N2 N3 122 0.870 1
213 1 N3 N3 161 1.580 1
213 2 N5 N3 85 0.810 1
213 3 N1 N3 94 0.840 1
213 4 N2 N3 123 0.810 1
214 1 N3 N3 162 1.030 1
214 2 N5 N3 85 1.860 1
214 3 N1 N3 94 1.040 1
214 4 N2 N3 123 1.860 1
215 1 N3 N3 164 0.100 1
215 2 N5 N3 88 0.460 1
215 3 N1 N3 95 0.130 1
215 4 N2 N3 124 0.410 1
216 1 N3 N3 165 0.150 1
216 2 N5 N3 89 0.970 1
216 3 N1 N3 99 0.150 1
216 4 N2 N3 125 0.430 1
217 1 N3 N3 167 0.160 1
217 2 N5 N3 90 1.000 1
217 3 N1 N3 101 0.690 1
217 4 N2 N3 128 0.480 1
218 1 N3 N3 169 0.210 1
218 2 N5 N3 95 0.080 1
218 3 N1 N3 105 0.080 1
218 4 N2 N3 132 0.530 1
219 1 N3 N3 171 0.250 1
219 2 N5 N3 99 0.100 1
219 3 N1 N3 111 0.110 1
219 4 N2 N3 135 0.040 1
220 1 N3 N3 174 0.260 1
220 2 N5 N3 104 0.090 1
220 3 N1 N3 111 1.160 1
220 4 N2 N3 138 0.060 1
221 1 N3 N3 176 0.290 1
221 2 N5 N3 104 1.150 1
221 3 N1 N3 111 2.220 1
221 4 N2 N3 141 0.610 1
222 1 N3 N3 179 0.170 1
222 2 N5 N3 104 2.220 1
222 3 N1 N3 111 3.290 1
222 4 N2 N3 141 1.680 1
223 1 N3 N3 180 0.400 1
223 2 N5 N3 104 3.270 1
223 3 N1 N3 111 4.340 1
223 4 N2 N3 141 2.730 1
224 1 N3 N3 182 0.390 1
224 2 N5 N3 104 4.320 1
224 3 N1 N3 111 5.390 1
224 4 N2 N3 141 3.780 1
225 1 N3 N3 184 0.490 1
225 2 N5 N3 104 5.370 1
225 3 N1 N3 115 0.770 1
225 4 N2 N3 143 0.740 1
226 1 N3 N3 185 0.480 1
226 2 N5 N3 104 6.420 1
226 3 N1 N3 115 1.820 1
226 4 N2 N3 143 1.790 1
227 1 N3 N3 185 1.010 1
227 2 N5 N3 104 7.470 1
227 3 N1 N3 115 2.870 1
227 4 N2 N3 143 2.840 1
228 1 N3 N3 185 2.060 1
228 2 N5 N3 104 8.520 1
228 3 N1 N3 115 3.920 1
228 4 N2 N3 143 3.890 1
229 1 N3 N3 185 3.110 1
229 2 N5 N3 104 0.880 1
229 3 N1 N3 115 4.970 1
229 4 N2 N3 143 4.940 1
230 1 N3 N3 184 0.050 1
230 2 N5 N3 104 0.390 1
230 3 N1 N3 117 0.650 1
230 4 N2 N3 143 0.750 1
231 1 N3 N3 183 0.080 1
231 2 N5 N3 104 1.440 1
231 3 N1 N3 118 0.120 1
231 4 N2 N3 143 0.800 1
232 1 N3 N3 180 0.120 1
232 2 N5 N3 105 0.460 1
232 3 N1 N3 118 0.890 1
232 4 N2 N3 143 0.350 1
233 1 N3 N3 177 0.180 1
233 2 N5 N3 105 1.000 1
233 3 N1 N3 117 1.000 1
233 4 N2 N3 142 0.940 1
234 1 N3 N3 173 0.190 1
234 2 N5 N3 103 0.000 1
234 3 N1 N3 116 0.290 1
234 4 N2 N3 141 0.430 1
235 1 N3 N3 169 0.210 1
235 2 N5 N3 100 0.040 1
235 3 N1 N3 114 0.430 1
235 4 N2 N3 137 0.450 1
236 1 N3 N3 168 0.730 1
236 2 N5 N3 98 0.070 1
236 3 N1 N3 111 0.450 1
236 4 N2 N3 134 0.480 1
237 1 N3 N3 166 0.230 1
237 2 N5 N3 96 0.590 1
237 3 N1 N3 108 0.440 1
237 4 N2 N3 132 0.530 1
238 1 N3 N3 166 0.250 1
238 2 N5 N3 94 0.130 1
238 3 N1 N3 106 0.990 1
238 4 N2 N3 127 0.030 1
239 1 N3 N3 166 0.280 1
239 2 N5 N3 92 0.110 1
239 3 N1 N3 103 0.480 1
239 4 N2 N3 123 0.040 1
240 1 N3 N3 167 0.340 1
240 2 N5 N3 91 0.170 1
240 3 N1 N3 103 0.540 1
240 4 N2 N3 123 0.060 1
241 1 N3 N3 168 0.360 1
241 2 N5 N3 90 0.710 1
241 3 N1 N3 102 0.000 1
241 4 N2 N3 123 0.080 1
242 1 N3 N3 170 0.380 1
242 2 N5 N3 90 0.240 1
242 3 N1 N3 101 0.040 1
242 4 N2 N3 121 0.080 1
243 1 N3 N3 171 0.930 1
243 2 N5 N3 90 0.710 1
243 3 N1 N3 100 0.030 1
243 4 N2 N3 121 0.100 1
244 1 N3 N3 172 0.440 1
244 2 N5 N3 89 0.780 1
244 3 N1 N3 100 0.110 1
244 4 N2 N3 120 0.110 1
245 1 N3 N3 174 0.430 1
245 2 N5 N3 90 0.310 1
245 3 N1 N3 100 0.150 1
245 4 N2 N3 121 0.100 1
246 1 N3 N3 176 0.470 1
246 2 N5 N3 90 1.360 1
246 3 N1 N3 100 0.720 1
246 4 N2 N3 120 0.620 1
247 1 N3 N3 176 0.470 1
247 2 N5 N3 89 0.330 1
247 3 N1 N3 99 0.040 1
247 4 N2 N3 120 0.150 1
248 1 N3 N3 177 0.490 1
248 2 N5 N3 89 0.380 1
248 3 N1 N3 99 1.090 1
248 4 N2 N3 119 0.620 1
249 1 N3 N3 178 0.480 1
249 2 N5 N3 89 1.010 1
249 3 N1 N3 99 0.790 1
249 4 N2 N3 119 0.740 1
250 1 N3 N3 180 0.510 1
250 2 N5 N3 90 0.500 1
250 3 N1 N3 98 0.820 1
250 4 N2 N3 119 1.790 1
251 1 N3 N3 181 0.010 1
251 2 N5 N3 91 0.010 1
251 3 N1 N3 98 0.330 1
251 4 N2 N3 119 0.270 1
252 1 N3 N3 183 0.050 1
252 2 N5 N3 92 0.450 1
252 3 N1 N3 98 0.350 1
252 4 N2 N3 119 0.300 1
253 1 N3 N3 184 0.030 1
253 2 N5 N3 96 0.030 1
253 3 N1 N3 99 0.380 1
253 4 N2 N3 119 1.350 1
254 1 N3 N3 185 0.600 1
254 2 N5 N3 96 1.080 1
254 3 N1 N3 101 0.730 1
254 4 N2 N3 120 0.850 1
255 1 N3 N3 187 0.130 1
255 2 N5 N3 100 0.000 1
255 3 N1 N3 105 0.000 1
255 4 N2 N3 122 0.390 1
256 1 N3 N3 190 0.160 1
256 2 N5 N3 102 0.160 1
256 3 N1 N3 106 0.010 1
256 4 N2 N3 125 0.430 1
257 1 N3 N3 192 0.150 1
257 2 N5 N3 103 0.680 1
257 3 N1 N3 107 0.010 1
257 4 N2 N3 125 1.480 1
258 1 N3 N3 194 0.170 1
258 2 N5 N3 106 0.700 1
258 3 N1 N3 109 0.550 1
258 4 N2 N3 127 0.460 1
259 1 N3 N3 197 0.180 1
259 2 N5 N3 107 0.180 1
259 3 N1 N3 111 0.030 1
259 4 N2 N3 129 0.470 1
260 1 N3 N3 198 0.230 1
260 2 N5 N3 111 0.220 1
260 3 N1 N3 111 1.080 1
260 4 N2 N3 132 0.500 1
261 1 N3 N3 199 0.760 1
261 2 N5 N3 112 0.760 1
261 3 N1 N3 112 0.070 1
261 4 N2 N3 132 0.020 1
262 1 N3 N3 199 0.270 1
262 2 N5 N3 112 0.780 1
262 3 N1 N3 112 0.090 1
262 4 N2 N3 132 1.070 1
263 1 N3 N3 200 0.820 1
263 2 N5 N3 113 0.200 1
263 3 N1 N3 113 0.060 1
263 4 N2 N3 132 0.580 1
264 1 N3 N3 202 0.320 1
264 2 N5 N3 114 0.200 1
264 3 N1 N3 114 0.200 1
264 4 N2 N3 133 0.060 1
265 1 N3 N3 203 0.350 1
265 2 N5 N3 115 0.870 1
265 3 N1 N3 113 0.140 1
265 4 N2 N3 133 0.600 1
266 1 N3 N3 206 0.400 1
266 2 N5 N3 114 0.260 1
266 3 N1 N3 115 0.150 1
266 4 N2 N3 133 0.110 1
267 1 N3 N3 208 0.420 1
267 2 N5 N3 114 1.310 1
267 3 N1 N3 116 0.170 1
267 4 N2 N3 135 0.160 1
268 1 N3 N3 210 0.460 1
268 2 N5 N3 114 0.810 1
268 3 N1 N3 116 1.220 1
268 4 N2 N3 135 0.190 1
269 1 N3 N3 211 0.520 1
269 2 N5 N3 114 0.850 1
269 3 N1 N3 117 0.220 1
269 4 N2 N3 136 0.740 1
270 1 N3 N3 213 0.520 1
270 2 N5 N3 114 0.350 1
270 3 N1 N3 118 0.350 1
270 4 N2 N3 136 0.260 1
271 1 N3 N3 213 0.530 1
271 2 N5 N3 113 0.360 1
271 3 N1 N3 120 0.190 1
271 4 N2 N3 137 0.280 1
272 1 N3 N3 212 0.060 1
272 2 N5 N3 113 1.400 1
272 3 N1 N3 120 1.230 1
272 4 N2 N3 137 1.320 1
273 1 N3 N3 211 0.120 1
273 2 N5 N3 113 0.370 1
273 3 N1 N3 122 0.120 1
273 4 N2 N3 139 0.350 1
274 1 N3 N3 210 0.160 1
274 2 N5 N3 113 0.380 1
274 3 N1 N3 122 0.380 1
274 4 N2 N3 141 0.360 1
275 1 N3 N3 208 0.180 1
275 2 N5 N3 114 0.340 1
275 3 N1 N3 124 0.180 1
275 4 N2 N3 142 0.420 1
276 1 N3 N3 206 0.210 1
276 2 N5 N3 114 0.420 1
276 3 N1 N3 124 1.240 1
276 4 N2 N3 143 0.470 1
277 1 N3 N3 205 0.750 1
277 2 N5 N3 113 0.980 1
277 3 N1 N3 122 0.280 1
277 4 N2 N3 143 0.420 1
278 1 N3 N3 205 0.250 1
278 2 N5 N3 113 0.000 1
278 3 N1 N3 122 1.320 1
278 4 N2 N3 143 1.010 1
279 1 N3 N3 205 0.270 1
279 2 N5 N3 112 0.520 1
279 3 N1 N3 122 2.370 1
279 4 N2 N3 142 0.010 1
280 1 N3 N3 204 0.290 1
280 2 N5 N3 112 0.050 1
280 3 N1 N3 122 3.420 1
280 4 N2 N3 142 0.060 1
281 1 N3 N3 204 0.320 1
281 2 N5 N3 112 0.370 1
281 3 N1 N3 122 0.970 1
281 4 N2 N3 142 0.090 1
282 1 N3 N3 204 0.310 1
282 2 N5 N3 110 0.070 1
282 3 N1 N3 122 0.970 1
282 4 N2 N3 141 0.070 1
283 1 N3 N3 204 0.330 1
283 2 N5 N3 109 0.120 1
283 3 N1 N3 122 0.470 1
283 4 N2 N3 140 0.640 1
284 1 N3 N3 205 0.350 1
284 2 N5 N3 108 0.140 1
284 3 N1 N3 124 0.470 1
284 4 N2 N3 140 1.690 1
285 1 N3 N3 206 0.380 1
285 2 N5 N3 107 0.160 1
285 3 N1 N3 124 0.000 1
285 4 N2 N3 139 0.160 1
286 1 N3 N3 208 0.410 1
286 2 N5 N3 106 0.690 1
286 3 N1 N3 125 0.030 1
286 4 N2 N3 140 0.170 1
287 1 N3 N3 208 0.410 1
287 2 N5 N3 106 0.730 1
287 3 N1 N3 125 1.070 1
287 4 N2 N3 142 0.170 1
288 1 N3 N3 209 0.430 1
288 2 N5 N3 106 0.750 1
288 3 N1 N3 125 0.110 1
288 4 N2 N3 142 0.710 1
289 1 N3 N3 210 0.460 1
289 2 N5 N3 106 0.300 1
289 3 N1 N3 125 0.670 1
289 4 N2 N3 144 0.230 1
290 1 N3 N3 211 0.480 1
290 2 N5 N3 106 0.300 1
290 3 N1 N3 126 0.680 1
290 4 N2 N3 144 1.280 1
291 1 N3 N3 212 1.000 1
291 2 N5 N3 106 1.350 1
291 3 N1 N3 126 1.730 1
291 4 N2 N3 144 2.330 1
292 1 N3 N3 213 1.020 1
292 2 N5 N3 107 0.350 1
292 3 N1 N3 128 0.710 1
292 4 N2 N3 145 0.800 1
293 1 N3 N3 214 0.460 1
293 2 N5 N3 108 0.380 1
293 3 N1 N3 130 0.200 1
293 4 N2 N3 149 0.320 1
294 1 N3 N3 216 0.520 1
294 2 N5 N3 109 0.870 1
294 3 N1 N3 133 0.210 1
294 4 N2 N3 151 0.340 1
295 1 N3 N3 217 0.000 1
295 2 N5 N3 109 0.920 1
295 3 N1 N3 135 0.240 1
295 4 N2 N3 152 0.900 1
296 1 N3 N3 217 0.530 1
296 2 N5 N3 110 0.430 1
296 3 N1 N3 135 0.230 1
296 4 N2 N3 154 0.410 1
297 1 N3 N3 218 0.010 1
297 2 N5 N3 110 0.530 1
297 3 N1 N3 136 0.760 1
297 4 N2 N3 155 0.440 1
298 1 N3 N3 218 0.030 1
298 2 N5 N3 111 0.030 1
298 3 N1 N3 136 1.810 1
298 4 N2 N3 155 0.440 1
299 1 N3 N3 217 0.040 1
299 2 N5 N3 111 0.470 1
299 3 N1 N3 136 0.790 1
299 4 N2 N3 154 0.470 1
300 1 N3 N3 216 0.070 1
300 2 N5 N3 112 0.450 1
300 3 N1 N3 138 0.270 1
300 4 N2 N3 154 1.510 1
