PING N1 (00:00:0c:18:11:01) 116(144) bytes of data
116 bytes from N1 icmp_seq=1 ttl=49 time=721.76 ms
RR: 	N5
	N2
	N1
	N1
	N2
	N5

116 bytes from N1 icmp_seq=2 ttl=49 time=3.35 ms	(same route)
116 bytes from N1 icmp_seq=3 ttl=49 time=538.72 ms	(same route)
116 bytes from N1 icmp_seq=4 ttl=49 time=1.98 ms	(same route)
116 bytes from N1 icmp_seq=5 ttl=49 time=750.82 ms	(same route)
116 bytes from N1 icmp_seq=6 ttl=49 time=237.79 ms	(same route)
116 bytes from N1 icmp_seq=7 ttl=49 time=546.32 ms	(same route)
116 bytes from N1 icmp_seq=8 ttl=49 time=167.09 ms	(same route)
116 bytes from N1 icmp_seq=9 ttl=49 time=621.13 ms	(same route)
116 bytes from N1 icmp_seq=10 ttl=49 time=2.12 ms	(same route)
116 bytes from N1 icmp_seq=11 ttl=49 time=75.94 ms	(same route)
116 bytes from N1 icmp_seq=12 ttl=49 time=571.50 ms	(same route)
116 bytes from N1 icmp_seq=13 ttl=49 time=7.86 ms	(same route)
116 bytes from N1 icmp_seq=14 ttl=49 time=333.56 ms	(same route)
116 bytes from N1 icmp_seq=15 ttl=49 time=463.02 ms	(same route)
116 bytes from N1 icmp_seq=16 ttl=49 time=67.14 ms	(same route)
116 bytes from N1 icmp_seq=17 ttl=49 time=12.76 ms	(same route)
116 bytes from N1 icmp_seq=18 ttl=49 time=533.19 ms	(same route)
116 bytes from N1 icmp_seq=19 ttl=49 time=2.63 ms	(same route)
116 bytes from N1 icmp_seq=20 ttl=49 time=4.70 ms	(same route)
116 bytes from N1 icmp_seq=21 ttl=49 time=473.10 ms	(same route)
Reply from host N1 timed out
116 bytes from N1 icmp_seq=23 ttl=49 time=290.51 ms	(same route)
116 bytes from N1 icmp_seq=24 ttl=49 time=254.77 ms	(same route)
116 bytes from N1 icmp_seq=25 ttl=49 time=25.47 ms	(same route)
116 bytes from N1 icmp_seq=26 ttl=49 time=275.62 ms	(same route)
116 bytes from N1 icmp_seq=27 ttl=49 time=8.74 ms	(same route)
116 bytes from N1 icmp_seq=28 ttl=49 time=9.65 ms	(same route)
116 bytes from N1 icmp_seq=29 ttl=49 time=2.13 ms	(same route)
116 bytes from N1 icmp_seq=30 ttl=49 time=524.15 ms	(same route)
116 bytes from N1 icmp_seq=31 ttl=49 time=349.01 ms	(same route)
116 bytes from N1 icmp_seq=32 ttl=49 time=6.14 ms	(same route)
116 bytes from N1 icmp_seq=33 ttl=49 time=66.93 ms	(same route)
116 bytes from N1 icmp_seq=34 ttl=49 time=52.15 ms	(same route)
116 bytes from N1 icmp_seq=35 ttl=49 time=44.98 ms	(same route)
116 bytes from N1 icmp_seq=36 ttl=49 time=500.23 ms	(same route)
116 bytes from N1 icmp_seq=37 ttl=49 time=145.84 ms	(same route)
116 bytes from N1 icmp_seq=38 ttl=49 time=310.61 ms	(same route)
116 bytes from N1 icmp_seq=39 ttl=49 time=110.74 ms	(same route)
116 bytes from N1 icmp_seq=40 ttl=49 time=853.64 ms	(same route)
116 bytes from N1 icmp_seq=41 ttl=49 time=436.97 ms	(same route)
116 bytes from N1 icmp_seq=42 ttl=49 time=248.41 ms	(same route)
116 bytes from N1 icmp_seq=43 ttl=49 time=473.77 ms	(same route)
116 bytes from N1 icmp_seq=44 ttl=49 time=966.60 ms	(same route)
Reply from host N1 timed out
116 bytes from N1 icmp_seq=46 ttl=49 time=4.28 ms	(same route)
116 bytes from N1 icmp_seq=47 ttl=49 time=266.60 ms	(same route)
Reply from host N1 timed out
116 bytes from N1 icmp_seq=49 ttl=49 time=36.57 ms	(same route)
116 bytes from N1 icmp_seq=50 ttl=49 time=21.14 ms	(same route)
116 bytes from N1 icmp_seq=51 ttl=49 time=8.29 ms	(same route)
116 bytes from N1 icmp_seq=52 ttl=49 time=527.20 ms	(same route)
116 bytes from N1 icmp_seq=53 ttl=49 time=4.22 ms	(same route)
116 bytes from N1 icmp_seq=54 ttl=49 time=7.60 ms	(same route)
116 bytes from N1 icmp_seq=55 ttl=49 time=379.56 ms	(same route)
116 bytes from N1 icmp_seq=56 ttl=49 time=37.02 ms	(same route)
116 bytes from N1 icmp_seq=57 ttl=49 time=10.56 ms	(same route)
116 bytes from N1 icmp_seq=58 ttl=49 time=16.93 ms	(same route)
116 bytes from N1 icmp_seq=59 ttl=49 time=31.32 ms	(same route)
Reply from host N1 timed out
116 bytes from N1 icmp_seq=61 ttl=49 time=16.10 ms	(same route)
116 bytes from N1 icmp_seq=62 ttl=49 time=13.69 ms	(same route)
116 bytes from N1 icmp_seq=63 ttl=49 time=9.51 ms	(same route)
116 bytes from N1 icmp_seq=64 ttl=49 time=641.07 ms	(same route)
116 bytes from N1 icmp_seq=65 ttl=49 time=10.10 ms	(same route)
116 bytes from N1 icmp_seq=66 ttl=49 time=2.52 ms	(same route)
116 bytes from N1 icmp_seq=67 ttl=49 time=2.80 ms	(same route)
116 bytes from N1 icmp_seq=68 ttl=49 time=2.21 ms	(same route)
116 bytes from N1 icmp_seq=69 ttl=49 time=2.37 ms	(same route)
116 bytes from N1 icmp_seq=70 ttl=49 time=4.89 ms	(same route)
116 bytes from N1 icmp_seq=71 ttl=49 time=291.22 ms	(same route)
116 bytes from N1 icmp_seq=72 ttl=49 time=4.89 ms	(same route)
116 bytes from N1 icmp_seq=73 ttl=49 time=5.92 ms	(same route)
116 bytes from N1 icmp_seq=74 ttl=49 time=7.65 ms	(same route)
116 bytes from N1 icmp_seq=75 ttl=49 time=59.69 ms	(same route)
116 bytes from N1 icmp_seq=76 ttl=49 time=576.16 ms	(same route)
116 bytes from N1 icmp_seq=77 ttl=49 time=801.61 ms	(same route)
116 bytes from N1 icmp_seq=78 ttl=49 time=429.11 ms	(same route)
116 bytes from N1 icmp_seq=79 ttl=49 time=431.80 ms	(same route)
116 bytes from N1 icmp_seq=80 ttl=49 time=11.07 ms	(same route)
116 bytes from N1 icmp_seq=81 ttl=49 time=8.70 ms	(same route)
116 bytes from N1 icmp_seq=82 ttl=49 time=828.76 ms	(same route)
116 bytes from N1 icmp_seq=83 ttl=49 time=5.24 ms	(same route)
116 bytes from N1 icmp_seq=84 ttl=49 time=4.93 ms	(same route)
116 bytes from N1 icmp_seq=85 ttl=49 time=634.03 ms	(same route)
116 bytes from N1 icmp_seq=86 ttl=49 time=2.36 ms	(same route)
116 bytes from N1 icmp_seq=87 ttl=49 time=4.52 ms	(same route)
116 bytes from N1 icmp_seq=88 ttl=49 time=84.44 ms	(same route)
116 bytes from N1 icmp_seq=89 ttl=49 time=204.33 ms	(same route)
116 bytes from N1 icmp_seq=90 ttl=49 time=522.68 ms	(same route)
116 bytes from N1 icmp_seq=91 ttl=49 time=180.38 ms	(same route)
116 bytes from N1 icmp_seq=92 ttl=49 time=217.80 ms	(same route)
116 bytes from N1 icmp_seq=93 ttl=49 time=5.58 ms	(same route)
116 bytes from N1 icmp_seq=94 ttl=49 time=2.95 ms	(same route)
116 bytes from N1 icmp_seq=95 ttl=49 time=8.03 ms	(same route)
116 bytes from N1 icmp_seq=96 ttl=49 time=7.00 ms	(same route)
116 bytes from N1 icmp_seq=97 ttl=49 time=2.49 ms	(same route)
116 bytes from N1 icmp_seq=98 ttl=49 time=4.25 ms	(same route)
116 bytes from N1 icmp_seq=99 ttl=49 time=7.39 ms	(same route)
116 bytes from N1 icmp_seq=100 ttl=49 time=14.39 ms	(same route)
116 bytes from N1 icmp_seq=101 ttl=49 time=8.05 ms	(same route)
116 bytes from N1 icmp_seq=102 ttl=49 time=2.09 ms	(same route)
116 bytes from N1 icmp_seq=103 ttl=49 time=4.11 ms	(same route)
116 bytes from N1 icmp_seq=104 ttl=49 time=15.99 ms	(same route)
116 bytes from N1 icmp_seq=105 ttl=49 time=451.43 ms	(same route)
116 bytes from N1 icmp_seq=106 ttl=49 time=3.00 ms	(same route)
116 bytes from N1 icmp_seq=107 ttl=49 time=2.23 ms	(same route)
116 bytes from N1 icmp_seq=108 ttl=49 time=50.35 ms	(same route)
116 bytes from N1 icmp_seq=109 ttl=49 time=20.59 ms	(same route)
116 bytes from N1 icmp_seq=110 ttl=49 time=331.30 ms	(same route)
116 bytes from N1 icmp_seq=111 ttl=49 time=3.42 ms	(same route)
116 bytes from N1 icmp_seq=112 ttl=49 time=24.09 ms	(same route)
116 bytes from N1 icmp_seq=113 ttl=49 time=26.33 ms	(same route)
116 bytes from N1 icmp_seq=114 ttl=49 time=9.95 ms	(same route)
116 bytes from N1 icmp_seq=115 ttl=49 time=2.75 ms	(same route)
116 bytes from N1 icmp_seq=116 ttl=49 time=2.19 ms	(same route)
116 bytes from N1 icmp_seq=117 ttl=49 time=2.25 ms	(same route)
116 bytes from N1 icmp_seq=118 ttl=49 time=2.62 ms	(same route)
116 bytes from N1 icmp_seq=119 ttl=49 time=8.75 ms	(same route)
116 bytes from N1 icmp_seq=120 ttl=49 time=3.99 ms	(same route)
116 bytes from N1 icmp_seq=121 ttl=49 time=559.04 ms	(same route)
116 bytes from N1 icmp_seq=122 ttl=49 time=29.65 ms	(same route)
116 bytes from N1 icmp_seq=123 ttl=49 time=19.12 ms	(same route)
116 bytes from N1 icmp_seq=124 ttl=49 time=7.57 ms	(same route)
116 bytes from N1 icmp_seq=125 ttl=49 time=18.29 ms	(same route)
116 bytes from N1 icmp_seq=126 ttl=49 time=13.00 ms	(same route)
Reply from host N1 timed out
Reply from host N1 timed out
Reply from host N1 timed out
116 bytes from N1 icmp_seq=130 ttl=49 time=389.06 ms	(same route)
Reply from host N1 timed out
Reply from host N1 timed out
Reply from host N1 timed out
116 bytes from N1 icmp_seq=134 ttl=49 time=407.25 ms	(same route)
116 bytes from N1 icmp_seq=135 ttl=49 time=385.23 ms	(same route)
Reply from host N1 timed out
Reply from host N1 timed out
116 bytes from N1 icmp_seq=138 ttl=49 time=35.97 ms	(same route)
116 bytes from N1 icmp_seq=139 ttl=49 time=644.11 ms	(same route)
116 bytes from N1 icmp_seq=140 ttl=49 time=837.66 ms	(same route)
116 bytes from N1 icmp_seq=141 ttl=49 time=241.85 ms	(same route)
116 bytes from N1 icmp_seq=142 ttl=49 time=722.89 ms	(same route)
116 bytes from N1 icmp_seq=143 ttl=49 time=433.38 ms	(same route)
116 bytes from N1 icmp_seq=144 ttl=49 time=581.40 ms	(same route)
116 bytes from N1 icmp_seq=145 ttl=49 time=263.46 ms	(same route)
116 bytes from N1 icmp_seq=146 ttl=49 time=3.05 ms	(same route)
116 bytes from N1 icmp_seq=147 ttl=49 time=5.40 ms	(same route)
116 bytes from N1 icmp_seq=148 ttl=49 time=4.95 ms	(same route)
116 bytes from N1 icmp_seq=149 ttl=49 time=6.32 ms	(same route)
116 bytes from N1 icmp_seq=150 ttl=49 time=5.69 ms	(same route)
116 bytes from N1 icmp_seq=151 ttl=49 time=45.76 ms	(same route)
116 bytes from N1 icmp_seq=152 ttl=49 time=6.78 ms	(same route)
116 bytes from N1 icmp_seq=153 ttl=49 time=11.03 ms	(same route)
116 bytes from N1 icmp_seq=154 ttl=49 time=16.39 ms	(same route)
Reply from host N1 timed out
116 bytes from N1 icmp_seq=156 ttl=49 time=2.54 ms	(same route)
116 bytes from N1 icmp_seq=157 ttl=49 time=2.83 ms	(same route)
116 bytes from N1 icmp_seq=158 ttl=49 time=7.82 ms	(same route)
116 bytes from N1 icmp_seq=159 ttl=49 time=2.63 ms	(same route)
116 bytes from N1 icmp_seq=160 ttl=49 time=2.17 ms	(same route)
116 bytes from N1 icmp_seq=161 ttl=49 time=8.96 ms	(same route)
116 bytes from N1 icmp_seq=162 ttl=49 time=9.34 ms	(same route)
116 bytes from N1 icmp_seq=163 ttl=49 time=5.75 ms	(same route)
116 bytes from N1 icmp_seq=164 ttl=49 time=2.90 ms	(same route)
116 bytes from N1 icmp_seq=165 ttl=49 time=2.27 ms	(same route)
116 bytes from N1 icmp_seq=166 ttl=49 time=2.77 ms	(same route)
116 bytes from N1 icmp_seq=167 ttl=49 time=2.30 ms	(same route)
116 bytes from N1 icmp_seq=168 ttl=49 time=2.71 ms	(same route)
116 bytes from N1 icmp_seq=169 ttl=49 time=27.08 ms	(same route)
116 bytes from N1 icmp_seq=170 ttl=49 time=5.04 ms	(same route)
116 bytes from N1 icmp_seq=171 ttl=49 time=2.10 ms	(same route)
116 bytes from N1 icmp_seq=172 ttl=49 time=3.33 ms	(same route)
116 bytes from N1 icmp_seq=173 ttl=49 time=2.21 ms	(same route)
116 bytes from N1 icmp_seq=174 ttl=49 time=7.06 ms	(same route)
116 bytes from N1 icmp_seq=175 ttl=49 time=3.36 ms	(same route)
116 bytes from N1 icmp_seq=176 ttl=49 time=2.22 ms	(same route)
116 bytes from N1 icmp_seq=177 ttl=49 time=15.38 ms	(same route)
116 bytes from N1 icmp_seq=178 ttl=49 time=7.13 ms	(same route)
116 bytes from N1 icmp_seq=179 ttl=49 time=168.72 ms	(same route)
116 bytes from N1 icmp_seq=180 ttl=49 time=474.90 ms	(same route)
116 bytes from N1 icmp_seq=181 ttl=49 time=391.73 ms	(same route)
116 bytes from N1 icmp_seq=182 ttl=49 time=5.67 ms	(same route)
116 bytes from N1 icmp_seq=183 ttl=49 time=2.85 ms	(same route)
116 bytes from N1 icmp_seq=184 ttl=49 time=4.87 ms	(same route)
116 bytes from N1 icmp_seq=185 ttl=49 time=2.19 ms	(same route)
116 bytes from N1 icmp_seq=186 ttl=49 time=14.06 ms	(same route)
116 bytes from N1 icmp_seq=187 ttl=49 time=2.15 ms	(same route)
116 bytes from N1 icmp_seq=188 ttl=49 time=44.76 ms	(same route)
116 bytes from N1 icmp_seq=189 ttl=49 time=47.83 ms	(same route)
116 bytes from N1 icmp_seq=190 ttl=49 time=12.49 ms	(same route)
Reply from host N1 timed out
116 bytes from N1 icmp_seq=192 ttl=49 time=122.48 ms	(same route)
116 bytes from N1 icmp_seq=193 ttl=49 time=249.24 ms	(same route)
116 bytes from N1 icmp_seq=194 ttl=49 time=932.34 ms	(same route)
116 bytes from N1 icmp_seq=195 ttl=49 time=25.42 ms	(same route)
116 bytes from N1 icmp_seq=196 ttl=49 time=3.10 ms	(same route)
116 bytes from N1 icmp_seq=197 ttl=49 time=2.83 ms	(same route)
Reply from host N1 timed out
116 bytes from N1 icmp_seq=199 ttl=49 time=441.17 ms	(same route)
116 bytes from N1 icmp_seq=200 ttl=49 time=24.44 ms	(same route)
116 bytes from N1 icmp_seq=201 ttl=49 time=2.29 ms	(same route)
116 bytes from N1 icmp_seq=202 ttl=49 time=9.32 ms	(same route)
116 bytes from N1 icmp_seq=203 ttl=49 time=22.54 ms	(same route)
116 bytes from N1 icmp_seq=204 ttl=49 time=274.97 ms	(same route)
116 bytes from N1 icmp_seq=205 ttl=49 time=29.06 ms	(same route)
116 bytes from N1 icmp_seq=206 ttl=49 time=9.21 ms	(same route)
116 bytes from N1 icmp_seq=207 ttl=49 time=6.05 ms	(same route)
116 bytes from N1 icmp_seq=208 ttl=49 time=3.05 ms	(same route)
116 bytes from N1 icmp_seq=209 ttl=49 time=2.50 ms	(same route)
116 bytes from N1 icmp_seq=210 ttl=49 time=390.00 ms	(same route)
116 bytes from N1 icmp_seq=211 ttl=49 time=4.45 ms	(same route)
116 bytes from N1 icmp_seq=212 ttl=49 time=650.76 ms	(same route)
116 bytes from N1 icmp_seq=213 ttl=49 time=2.79 ms	(same route)
116 bytes from N1 icmp_seq=214 ttl=49 time=2.38 ms	(same route)
116 bytes from N1 icmp_seq=215 ttl=49 time=450.32 ms	(same route)
116 bytes from N1 icmp_seq=216 ttl=49 time=67.81 ms	(same route)
116 bytes from N1 icmp_seq=217 ttl=49 time=156.77 ms	(same route)
116 bytes from N1 icmp_seq=218 ttl=49 time=483.46 ms	(same route)
116 bytes from N1 icmp_seq=219 ttl=49 time=2.73 ms	(same route)
116 bytes from N1 icmp_seq=220 ttl=49 time=6.54 ms	(same route)
116 bytes from N1 icmp_seq=221 ttl=49 time=8.24 ms	(same route)
116 bytes from N1 icmp_seq=222 ttl=49 time=370.22 ms	(same route)
116 bytes from N1 icmp_seq=223 ttl=49 time=4.72 ms	(same route)
116 bytes from N1 icmp_seq=224 ttl=49 time=2.61 ms	(same route)
116 bytes from N1 icmp_seq=225 ttl=49 time=2.86 ms	(same route)
116 bytes from N1 icmp_seq=226 ttl=49 time=3.94 ms	(same route)
116 bytes from N1 icmp_seq=227 ttl=49 time=596.34 ms	(same route)
116 bytes from N1 icmp_seq=228 ttl=49 time=629.54 ms	(same route)
Reply from host N1 timed out
Reply from host N1 timed out
116 bytes from N1 icmp_seq=231 ttl=49 time=7.89 ms	(same route)
Reply from host N1 timed out
116 bytes from N1 icmp_seq=233 ttl=49 time=336.60 ms	(same route)
116 bytes from N1 icmp_seq=234 ttl=49 time=790.79 ms	(same route)
116 bytes from N1 icmp_seq=235 ttl=49 time=354.33 ms	(same route)
116 bytes from N1 icmp_seq=236 ttl=49 time=261.20 ms	(same route)
116 bytes from N1 icmp_seq=237 ttl=49 time=812.92 ms	(same route)
116 bytes from N1 icmp_seq=238 ttl=49 time=781.22 ms	(same route)
116 bytes from N1 icmp_seq=239 ttl=49 time=3.85 ms	(same route)
116 bytes from N1 icmp_seq=240 ttl=49 time=895.31 ms	(same route)
116 bytes from N1 icmp_seq=241 ttl=49 time=7.15 ms	(same route)
116 bytes from N1 icmp_seq=242 ttl=49 time=7.83 ms	(same route)
116 bytes from N1 icmp_seq=243 ttl=49 time=2.43 ms	(same route)
116 bytes from N1 icmp_seq=244 ttl=49 time=5.70 ms	(same route)
116 bytes from N1 icmp_seq=245 ttl=49 time=7.02 ms	(same route)
116 bytes from N1 icmp_seq=246 ttl=49 time=8.89 ms	(same route)
116 bytes from N1 icmp_seq=247 ttl=49 time=11.74 ms	(same route)
116 bytes from N1 icmp_seq=248 ttl=49 time=4.69 ms	(same route)
116 bytes from N1 icmp_seq=249 ttl=49 time=29.47 ms	(same route)
116 bytes from N1 icmp_seq=250 ttl=49 time=2.31 ms	(same route)
116 bytes from N1 icmp_seq=251 ttl=49 time=8.82 ms	(same route)
116 bytes from N1 icmp_seq=252 ttl=49 time=5.21 ms	(same route)
116 bytes from N1 icmp_seq=253 ttl=49 time=16.34 ms	(same route)
116 bytes from N1 icmp_seq=254 ttl=49 time=13.31 ms	(same route)
116 bytes from N1 icmp_seq=255 ttl=49 time=371.75 ms	(same route)
116 bytes from N1 icmp_seq=256 ttl=49 time=34.62 ms	(same route)
116 bytes from N1 icmp_seq=257 ttl=49 time=2.21 ms	(same route)
116 bytes from N1 icmp_seq=258 ttl=49 time=6.56 ms	(same route)
116 bytes from N1 icmp_seq=259 ttl=49 time=3.35 ms	(same route)
116 bytes from N1 icmp_seq=260 ttl=49 time=2.24 ms	(same route)
116 bytes from N1 icmp_seq=261 ttl=49 time=17.08 ms	(same route)
116 bytes from N1 icmp_seq=262 ttl=49 time=4.25 ms	(same route)
116 bytes from N1 icmp_seq=263 ttl=49 time=2.64 ms	(same route)
116 bytes from N1 icmp_seq=264 ttl=49 time=6.90 ms	(same route)
116 bytes from N1 icmp_seq=265 ttl=49 time=5.06 ms	(same route)
116 bytes from N1 icmp_seq=266 ttl=49 time=2.38 ms	(same route)
116 bytes from N1 icmp_seq=267 ttl=49 time=2.37 ms	(same route)
116 bytes from N1 icmp_seq=268 ttl=49 time=2.36 ms	(same route)
116 bytes from N1 icmp_seq=269 ttl=49 time=2.71 ms	(same route)
116 bytes from N1 icmp_seq=270 ttl=49 time=10.33 ms	(same route)
116 bytes from N1 icmp_seq=271 ttl=49 time=2.73 ms	(same route)
116 bytes from N1 icmp_seq=272 ttl=49 time=70.61 ms	(same route)
116 bytes from N1 icmp_seq=273 ttl=49 time=5.16 ms	(same route)
116 bytes from N1 icmp_seq=274 ttl=49 time=10.68 ms	(same route)
116 bytes from N1 icmp_seq=275 ttl=49 time=2.22 ms	(same route)
116 bytes from N1 icmp_seq=276 ttl=49 time=4.71 ms	(same route)
116 bytes from N1 icmp_seq=277 ttl=49 time=18.80 ms	(same route)
116 bytes from N1 icmp_seq=278 ttl=49 time=14.52 ms	(same route)
116 bytes from N1 icmp_seq=279 ttl=49 time=26.32 ms	(same route)
116 bytes from N1 icmp_seq=280 ttl=49 time=9.32 ms	(same route)
116 bytes from N1 icmp_seq=281 ttl=49 time=52.46 ms	(same route)
116 bytes from N1 icmp_seq=282 ttl=49 time=11.21 ms	(same route)
116 bytes from N1 icmp_seq=283 ttl=49 time=2.72 ms	(same route)
116 bytes from N1 icmp_seq=284 ttl=49 time=35.67 ms	(same route)
116 bytes from N1 icmp_seq=285 ttl=49 time=7.51 ms	(same route)
116 bytes from N1 icmp_seq=286 ttl=49 time=420.58 ms	(same route)
116 bytes from N1 icmp_seq=287 ttl=49 time=2.38 ms	(same route)
116 bytes from N1 icmp_seq=288 ttl=49 time=2.84 ms	(same route)
116 bytes from N1 icmp_seq=289 ttl=49 time=2.81 ms	(same route)
116 bytes from N1 icmp_seq=290 ttl=49 time=4.82 ms	(same route)
116 bytes from N1 icmp_seq=291 ttl=49 time=7.13 ms	(same route)
116 bytes from N1 icmp_seq=292 ttl=49 time=39.18 ms	(same route)
116 bytes from N1 icmp_seq=293 ttl=49 time=29.80 ms	(same route)
116 bytes from N1 icmp_seq=294 ttl=49 time=2.87 ms	(same route)
116 bytes from N1 icmp_seq=295 ttl=49 time=2.31 ms	(same route)
116 bytes from N1 icmp_seq=296 ttl=49 time=4.36 ms	(same route)
116 bytes from N1 icmp_seq=297 ttl=49 time=5.94 ms	(same route)
116 bytes from N1 icmp_seq=298 ttl=49 time=5.69 ms	(same route)
116 bytes from N1 icmp_seq=299 ttl=49 time=8.59 ms	(same route)
116 bytes from N1 icmp_seq=300 ttl=49 time=5.75 ms	(same route)
--- N1 ping statistics ---
312 packets transmitted, 282 received, 9% packet loss
rtt min/avg/max/mdev = 1.985/138.863/966.596/231.858 ms
