1 1 N3 N5 59 0.070 0
1 2 N3 N3 212 0.070 1
1 3 N3 N2 163 0.070 0
1 4 N5 N2 205 0.260 1
1 5 N5 N5 113 0.260 0
1 6 N2 N5 93 0.400 0
1 7 N2 N3 162 0.400 0
1 8 N2 N2 242 0.400 1
1 9 N4 N5 48 0.970 0
1 10 N4 N3 173 0.970 1
2 1 N3 N5 59 0.020 0
2 2 N3 N3 212 0.020 1
2 3 N3 N2 163 0.020 0
2 4 N5 N2 207 0.310 1
2 5 N5 N5 112 0.310 0
2 6 N2 N5 94 0.110 0
2 7 N2 N3 163 0.110 0
2 8 N2 N2 245 0.110 1
2 9 N4 N5 48 2.080 0
2 10 N4 N3 173 2.080 1
3 1 N3 N5 59 1.100 0
3 2 N3 N3 212 1.100 1
3 3 N3 N2 163 1.100 0
3 4 N5 N2 207 0.340 1
3 5 N5 N5 112 0.340 0
3 6 N2 N5 94 1.190 0
3 7 N2 N3 163 1.190 0
3 8 N2 N2 245 1.190 1
3 9 N4 N5 48 3.160 0
3 10 N4 N3 173 3.160 1
4 1 N3 N5 60 0.230 0
4 2 N3 N3 211 0.230 1
4 3 N3 N2 164 0.230 0
4 4 N5 N2 208 0.400 1
4 5 N5 N5 112 0.400 0
4 6 N2 N5 93 0.210 0
4 7 N2 N3 163 0.210 0
4 8 N2 N2 247 0.210 1
4 9 N4 N5 48 4.240 0
4 10 N4 N3 173 4.240 1
5 1 N3 N5 61 0.280 0
5 2 N3 N3 211 0.280 1
5 3 N3 N2 165 0.280 0
5 4 N5 N2 210 0.440 1
5 5 N5 N5 114 0.440 0
5 6 N2 N5 93 0.130 0
5 7 N2 N3 164 0.130 0
5 8 N2 N2 248 0.130 1
5 9 N4 N5 48 5.320 0
5 10 N4 N3 173 5.320 1
6 1 N3 N5 52 0.240 0
6 2 N3 N3 212 0.240 1
6 3 N3 N2 166 0.240 0
6 4 N5 N2 211 0.070 1
6 5 N5 N5 102 0.070 0
6 6 N2 N5 88 0.170 0
6 7 N2 N3 164 0.170 0
6 8 N2 N2 249 0.170 1
6 9 N4 N5 48 6.400 0
6 10 N4 N3 173 6.400 1
7 1 N3 N5 51 0.820 0
7 2 N3 N3 212 0.820 1
7 3 N3 N2 166 0.820 0
7 4 N5 N2 213 0.020 1
7 5 N5 N5 96 0.020 0
7 6 N2 N5 77 0.230 0
7 7 N2 N3 164 0.230 0
7 8 N2 N2 250 0.230 1
7 9 N4 N5 48 7.480 0
7 10 N4 N3 173 7.480 1
8 1 N3 N5 47 0.090 0
8 2 N3 N3 212 0.090 1
8 3 N3 N2 168 0.090 0
8 4 N5 N2 211 0.060 1
8 5 N5 N5 89 0.060 0
8 6 N2 N5 70 0.270 0
8 7 N2 N3 164 0.270 0
8 8 N2 N2 250 0.270 1
8 9 N4 N5 48 0.370 0
8 10 N4 N3 172 0.370 1
9 1 N3 N5 45 0.050 0
9 2 N3 N3 211 0.050 1
9 3 N3 N2 167 0.050 0
9 4 N5 N2 211 0.140 1
9 5 N5 N5 86 0.140 0
9 6 N2 N5 66 0.330 0
9 7 N2 N3 161 0.330 0
9 8 N2 N2 251 0.330 1
9 9 N4 N5 48 0.930 0
9 10 N4 N3 171 0.930 1
10 1 N3 N5 42 0.110 0
10 2 N3 N3 212 0.110 1
10 3 N3 N2 167 0.110 0
10 4 N5 N2 207 0.170 1
10 5 N5 N5 79 0.170 0
10 6 N2 N5 65 0.400 0
10 7 N2 N3 157 0.400 0
10 8 N2 N2 251 0.400 1
10 9 N4 N5 46 0.280 0
10 10 N4 N3 171 0.280 1
11 1 N3 N5 41 0.180 0
11 2 N3 N3 210 0.180 1
11 3 N3 N2 167 0.180 0
11 4 N5 N2 204 0.200 1
11 5 N5 N5 79 0.200 0
11 6 N2 N5 64 0.040 0
11 7 N2 N3 154 0.040 0
11 8 N2 N2 252 0.040 1
11 9 N4 N5 46 1.360 0
11 10 N4 N3 171 1.360 1
12 1 N3 N5 39 0.070 0
12 2 N3 N3 207 0.070 1
12 3 N3 N2 165 0.070 0
12 4 N5 N2 202 0.250 1
12 5 N5 N5 76 0.250 0
12 6 N2 N5 63 0.100 0
12 7 N2 N3 152 0.100 0
12 8 N2 N2 252 0.100 1
12 9 N4 N5 47 0.080 0
12 10 N4 N3 168 0.080 1
13 1 N3 N5 39 0.260 0
13 2 N3 N3 206 0.260 1
13 3 N3 N2 164 0.260 0
13 4 N5 N2 199 0.300 1
13 5 N5 N5 76 0.300 0
13 6 N2 N5 65 0.130 0
13 7 N2 N3 151 0.130 0
13 8 N2 N2 253 0.130 1
13 9 N4 N5 47 1.170 0
13 10 N4 N3 168 1.170 1
14 1 N3 N5 41 0.230 0
14 2 N3 N3 204 0.230 1
14 3 N3 N2 164 0.230 0
14 4 N5 N2 197 0.370 1
14 5 N5 N5 76 0.370 0
14 6 N2 N5 67 0.100 0
14 7 N2 N3 149 0.100 0
14 8 N2 N2 253 0.100 1
14 9 N4 N5 47 2.260 0
14 10 N4 N3 168 2.260 1
15 1 N3 N5 42 0.290 0
15 2 N3 N3 202 0.290 1
15 3 N3 N2 161 0.290 0
15 4 N5 N2 196 0.420 1
15 5 N5 N5 75 0.420 0
15 6 N2 N5 67 0.160 0
15 7 N2 N3 147 0.160 0
15 8 N2 N2 254 0.160 1
15 9 N4 N5 47 0.240 0
15 10 N4 N3 166 0.240 1
16 1 N3 N5 42 0.480 0
16 2 N3 N3 198 0.480 1
16 3 N3 N2 160 0.480 0
16 4 N5 N2 195 0.100 1
16 5 N5 N5 75 0.100 0
16 6 N2 N5 68 0.320 0
16 7 N2 N3 147 0.320 0
16 8 N2 N2 255 0.320 1
16 9 N4 N5 41 0.100 0
16 10 N4 N3 164 0.100 1
17 1 N3 N5 42 0.420 0
17 2 N3 N3 195 0.420 1
17 3 N3 N2 159 0.420 0
17 4 N5 N2 194 0.060 1
17 5 N5 N5 76 0.060 0
17 6 N2 N5 70 0.380 0
17 7 N2 N3 148 0.380 0
17 8 N2 N2 254 0.380 1
17 9 N4 N5 41 1.200 0
17 10 N4 N3 164 1.200 1
18 1 N3 N5 42 0.080 0
18 2 N3 N3 193 0.080 1
18 3 N3 N2 157 0.080 0
18 4 N5 N2 194 0.130 1
18 5 N5 N5 77 0.130 0
18 6 N2 N5 70 0.430 0
18 7 N2 N3 145 0.430 0
18 8 N2 N2 254 0.430 1
18 9 N4 N5 41 0.410 0
18 10 N4 N3 163 0.410 1
19 1 N3 N5 43 0.050 0
19 2 N3 N3 193 0.050 1
19 3 N3 N2 158 0.050 0
19 4 N5 N2 193 0.160 1
19 5 N5 N5 78 0.160 0
19 6 N2 N5 70 1.000 0
19 7 N2 N3 145 1.000 0
19 8 N2 N2 254 1.000 1
19 9 N4 N5 38 0.960 0
19 10 N4 N3 161 0.960 1
20 1 N3 N5 44 0.250 0
20 2 N3 N3 190 0.250 1
20 3 N3 N2 158 0.250 0
20 4 N5 N2 193 0.220 1
20 5 N5 N5 80 0.220 0
20 6 N2 N5 70 0.020 0
20 7 N2 N3 135 0.020 0
20 8 N2 N2 254 0.020 1
20 9 N4 N5 36 0.530 0
20 10 N4 N3 157 0.530 1
21 1 N3 N5 44 0.850 0
21 2 N3 N3 189 0.850 1
21 3 N3 N2 158 0.850 0
21 4 N5 N2 193 0.280 1
21 5 N5 N5 82 0.280 0
21 6 N2 N5 70 0.090 0
21 7 N2 N3 132 0.090 0
21 8 N2 N2 254 0.090 1
21 9 N4 N5 32 0.920 0
21 10 N4 N3 156 0.920 1
22 1 N3 N5 43 0.800 0
22 2 N3 N3 189 0.800 1
22 3 N3 N2 158 0.800 0
22 4 N5 N2 192 0.850 1
22 5 N5 N5 83 0.850 0
22 6 N2 N5 70 0.140 0
22 7 N2 N3 133 0.140 0
22 8 N2 N2 254 0.140 1
22 9 N4 N5 32 0.120 0
22 10 N4 N3 154 0.120 1
23 1 N3 N5 44 0.040 0
23 2 N3 N3 187 0.040 1
23 3 N3 N2 158 0.040 0
23 4 N5 N2 191 0.380 1
23 5 N5 N5 83 0.380 0
23 6 N2 N5 70 0.080 0
23 7 N2 N3 134 0.080 0
23 8 N2 N2 254 0.080 1
23 9 N4 N5 32 0.690 0
23 10 N4 N3 153 0.690 1
24 1 N3 N5 46 0.090 0
24 2 N3 N3 185 0.090 1
24 3 N3 N2 159 0.090 0
24 4 N5 N2 190 0.420 1
24 5 N5 N5 83 0.420 0
24 6 N2 N5 76 0.140 0
24 7 N2 N3 132 0.140 0
24 8 N2 N2 254 0.140 1
24 9 N4 N5 32 0.730 0
24 10 N4 N3 152 0.730 1
25 1 N3 N5 49 0.050 0
25 2 N3 N3 184 0.050 1
25 3 N3 N2 161 0.050 0
25 4 N5 N2 189 0.100 1
25 5 N5 N5 89 0.100 0
25 6 N2 N5 76 0.260 0
25 7 N2 N3 134 0.260 0
25 8 N2 N2 254 0.260 1
25 9 N4 N5 32 0.840 0
25 10 N4 N3 150 0.840 1
26 1 N3 N5 51 0.480 0
26 2 N3 N3 184 0.480 1
26 3 N3 N2 162 0.480 0
26 4 N5 N2 186 0.050 1
26 5 N5 N5 93 0.050 0
26 6 N2 N5 82 0.320 0
26 7 N2 N3 134 0.320 0
26 8 N2 N2 254 0.320 1
26 9 N4 N5 32 0.410 0
26 10 N4 N3 148 0.410 1
27 1 N3 N5 52 0.130 0
27 2 N3 N3 185 0.130 1
27 3 N3 N2 162 0.130 0
27 4 N5 N2 184 0.090 1
27 5 N5 N5 94 0.090 0
27 6 N2 N5 84 0.460 0
27 7 N2 N3 134 0.460 0
27 8 N2 N2 254 0.460 1
27 9 N4 N5 32 0.220 0
27 10 N4 N3 147 0.220 1
28 1 N3 N5 51 0.050 0
28 2 N3 N3 185 0.050 1
28 3 N3 N2 162 0.050 0
28 4 N5 N2 181 0.180 1
28 5 N5 N5 95 0.180 0
28 6 N2 N5 81 0.390 0
28 7 N2 N3 129 0.390 0
28 8 N2 N2 254 0.390 1
28 9 N4 N5 32 0.510 0
28 10 N4 N3 144 0.510 1
29 1 N3 N5 50 0.100 0
29 2 N3 N3 184 0.100 1
29 3 N3 N2 162 0.100 0
29 4 N5 N2 177 0.260 1
29 5 N5 N5 95 0.260 0
29 6 N2 N5 78 0.040 0
29 7 N2 N3 127 0.040 0
29 8 N2 N2 254 0.040 1
29 9 N4 N5 33 0.420 0
29 10 N4 N3 143 0.420 1
30 1 N3 N5 49 0.150 0
30 2 N3 N3 182 0.150 1
30 3 N3 N2 162 0.150 0
30 4 N5 N2 174 0.330 1
30 5 N5 N5 91 0.330 0
30 6 N2 N5 74 0.110 0
30 7 N2 N3 123 0.110 0
30 8 N2 N2 253 0.110 1
30 9 N4 N5 33 0.440 0
30 10 N4 N3 143 0.440 1
31 1 N3 N5 49 0.860 0
31 2 N3 N3 182 0.860 1
31 3 N3 N2 161 0.860 0
31 4 N5 N2 173 0.380 1
31 5 N5 N5 91 0.380 0
31 6 N2 N5 71 0.050 0
31 7 N2 N3 124 0.050 0
31 8 N2 N2 252 0.050 1
31 9 N4 N5 33 0.040 0
31 10 N4 N3 143 0.040 1
32 1 N3 N5 47 0.270 0
32 2 N3 N3 181 0.270 1
32 3 N3 N2 161 0.270 0
32 4 N5 N2 172 0.390 1
32 5 N5 N5 91 0.390 0
32 6 N2 N5 70 0.130 0
32 7 N2 N3 123 0.130 0
32 8 N2 N2 251 0.130 1
32 9 N4 N5 34 0.260 0
32 10 N4 N3 144 0.260 1
33 1 N3 N5 45 0.060 0
33 2 N3 N3 179 0.060 1
33 3 N3 N2 160 0.060 0
33 4 N5 N2 170 0.020 1
33 5 N5 N5 88 0.020 0
33 6 N2 N5 70 0.170 0
33 7 N2 N3 126 0.170 0
33 8 N2 N2 250 0.170 1
33 9 N4 N5 34 0.300 0
33 10 N4 N3 144 0.300 1
34 1 N3 N5 46 0.510 0
34 2 N3 N3 178 0.510 1
34 3 N3 N2 160 0.510 0
34 4 N5 N2 169 0.580 1
34 5 N5 N5 87 0.580 0
34 6 N2 N5 72 0.220 0
34 7 N2 N3 129 0.220 0
34 8 N2 N2 247 0.220 1
34 9 N4 N5 34 0.870 0
34 10 N4 N3 145 0.870 1
35 1 N3 N5 47 0.060 0
35 2 N3 N3 178 0.060 1
35 3 N3 N2 158 0.060 0
35 4 N5 N2 166 0.010 1
35 5 N5 N5 86 0.010 0
35 6 N2 N5 75 0.290 0
35 7 N2 N3 131 0.290 0
35 8 N2 N2 245 0.290 1
35 9 N4 N5 35 0.660 0
35 10 N4 N3 146 0.660 1
36 1 N3 N5 48 0.100 0
36 2 N3 N3 178 0.100 1
36 3 N3 N2 157 0.100 0
36 4 N5 N2 165 0.080 1
36 5 N5 N5 86 0.080 0
36 6 N2 N5 76 0.290 0
36 7 N2 N3 130 0.290 0
36 8 N2 N2 244 0.290 1
36 9 N4 N5 35 0.440 0
36 10 N4 N3 145 0.440 1
37 1 N3 N5 49 0.070 0
37 2 N3 N3 179 0.070 1
37 3 N3 N2 156 0.070 0
37 4 N5 N2 163 0.120 1
37 5 N5 N5 87 0.120 0
37 6 N2 N5 79 0.460 0
37 7 N2 N3 130 0.460 0
37 8 N2 N2 242 0.460 1
37 9 N4 N5 36 0.340 0
37 10 N4 N3 145 0.340 1
38 1 N3 N5 49 0.170 0
38 2 N3 N3 180 0.170 1
38 3 N3 N2 153 0.170 0
38 4 N5 N2 161 0.200 1
38 5 N5 N5 89 0.200 0
38 6 N2 N5 79 0.030 0
38 7 N2 N3 130 0.030 0
38 8 N2 N2 240 0.030 1
38 9 N4 N5 36 0.590 0
38 10 N4 N3 146 0.590 1
39 1 N3 N5 49 0.350 0
39 2 N3 N3 183 0.350 1
39 3 N3 N2 152 0.350 0
39 4 N5 N2 161 0.240 1
39 5 N5 N5 89 0.240 0
39 6 N2 N5 74 0.070 0
39 7 N2 N3 130 0.070 0
39 8 N2 N2 239 0.070 1
39 9 N4 N5 36 0.480 0
39 10 N4 N3 146 0.480 1
40 1 N3 N5 49 1.440 0
40 2 N3 N3 183 1.440 1
40 3 N3 N2 152 1.440 0
40 4 N5 N2 161 0.310 1
40 5 N5 N5 89 0.310 0
40 6 N2 N5 74 0.020 0
40 7 N2 N3 130 0.020 0
40 8 N2 N2 239 0.020 1
40 9 N4 N5 36 1.570 0
40 10 N4 N3 146 1.570 1
41 1 N3 N5 49 2.520 0
41 2 N3 N3 183 2.520 1
41 3 N3 N2 152 2.520 0
41 4 N5 N2 162 0.340 1
41 5 N5 N5 88 0.340 0
41 6 N2 N5 72 0.090 0
41 7 N2 N3 129 0.090 0
41 8 N2 N2 239 0.090 1
41 9 N4 N5 37 0.270 0
41 10 N4 N3 147 0.270 1
42 1 N3 N5 49 1.030 0
42 2 N3 N3 183 1.030 1
42 3 N3 N2 153 1.030 0
42 4 N5 N2 163 0.360 1
42 5 N5 N5 87 0.360 0
42 6 N2 N5 70 0.150 0
42 7 N2 N3 130 0.150 0
42 8 N2 N2 239 0.150 1
42 9 N4 N5 37 1.350 0
42 10 N4 N3 147 1.350 1
43 1 N3 N5 49 0.070 0
43 2 N3 N3 186 0.070 1
43 3 N3 N2 159 0.070 0
43 4 N5 N2 162 0.400 1
43 5 N5 N5 83 0.400 0
43 6 N2 N5 69 0.300 0
43 7 N2 N3 130 0.300 0
43 8 N2 N2 238 0.300 1
43 9 N4 N5 37 0.860 0
43 10 N4 N3 149 0.860 1
44 1 N3 N5 48 0.120 0
44 2 N3 N3 187 0.120 1
44 3 N3 N2 162 0.120 0
44 4 N5 N2 162 0.430 1
44 5 N5 N5 80 0.430 0
44 6 N2 N5 69 0.210 0
44 7 N2 N3 126 0.210 0
44 8 N2 N2 238 0.210 1
44 9 N4 N5 38 0.390 0
44 10 N4 N3 152 0.390 1
45 1 N3 N5 48 0.190 0
45 2 N3 N3 187 0.190 1
45 3 N3 N2 164 0.190 0
45 4 N5 N2 162 0.510 1
45 5 N5 N5 78 0.510 0
45 6 N2 N5 69 0.280 0
45 7 N2 N3 122 0.280 0
45 8 N2 N2 239 0.280 1
45 9 N4 N5 38 0.940 0
45 10 N4 N3 153 0.940 1
46 1 N3 N5 48 0.210 0
46 2 N3 N3 188 0.210 1
46 3 N3 N2 171 0.210 0
46 4 N5 N2 162 0.050 1
46 5 N5 N5 72 0.050 0
46 6 N2 N5 69 0.460 0
46 7 N2 N3 121 0.460 0
46 8 N2 N2 239 0.460 1
46 9 N4 N5 38 0.500 0
46 10 N4 N3 156 0.500 1
47 1 N3 N5 48 0.260 0
47 2 N3 N3 191 0.260 1
47 3 N3 N2 173 0.260 0
47 4 N5 N2 161 0.610 1
47 5 N5 N5 72 0.610 0
47 6 N2 N5 70 0.030 0
47 7 N2 N3 119 0.030 0
47 8 N2 N2 239 0.030 1
47 9 N4 N5 38 0.540 0
47 10 N4 N3 157 0.540 1
48 1 N3 N5 48 0.310 0
48 2 N3 N3 195 0.310 1
48 3 N3 N2 177 0.310 0
48 4 N5 N2 160 0.120 1
48 5 N5 N5 72 0.120 0
48 6 N2 N5 65 0.070 0
48 7 N2 N3 117 0.070 0
48 8 N2 N2 239 0.070 1
48 9 N4 N5 37 0.050 0
48 10 N4 N3 158 0.050 1
49 1 N3 N5 47 0.260 0
49 2 N3 N3 197 0.260 1
49 3 N3 N2 180 0.260 0
49 4 N5 N2 160 0.260 1
49 5 N5 N5 71 0.260 0
49 6 N2 N5 64 0.520 0
49 7 N2 N3 116 0.520 0
49 8 N2 N2 239 0.520 1
49 9 N4 N5 37 0.600 0
49 10 N4 N3 159 0.600 1
50 1 N3 N5 47 0.400 0
50 2 N3 N3 198 0.400 1
50 3 N3 N2 181 0.400 0
50 4 N5 N2 160 0.180 1
50 5 N5 N5 71 0.180 0
50 6 N2 N5 64 0.220 0
50 7 N2 N3 115 0.220 0
50 8 N2 N2 238 0.220 1
50 9 N4 N5 37 0.130 0
50 10 N4 N3 160 0.130 1
51 1 N3 N5 47 0.050 0
51 2 N3 N3 199 0.050 1
51 3 N3 N2 181 0.050 0
51 4 N5 N2 159 0.330 1
51 5 N5 N5 71 0.330 0
51 6 N2 N5 61 0.250 0
51 7 N2 N3 116 0.250 0
51 8 N2 N2 238 0.250 1
51 9 N4 N5 37 0.980 0
51 10 N4 N3 160 0.980 1
52 1 N3 N5 46 0.010 0
52 2 N3 N3 196 0.010 1
52 3 N3 N2 177 0.010 0
52 4 N5 N2 159 0.410 1
52 5 N5 N5 71 0.410 0
52 6 N2 N5 61 0.190 0
52 7 N2 N3 116 0.190 0
52 8 N2 N2 238 0.190 1
52 9 N4 N5 37 0.550 0
52 10 N4 N3 161 0.550 1
53 1 N3 N5 45 0.030 0
53 2 N3 N3 195 0.030 1
53 3 N3 N2 175 0.030 0
53 4 N5 N2 160 0.330 1
53 5 N5 N5 70 0.330 0
53 6 N2 N5 61 0.200 0
53 7 N2 N3 116 0.200 0
53 8 N2 N2 238 0.200 1
53 9 N4 N5 37 1.630 0
53 10 N4 N3 161 1.630 1
54 1 N3 N5 45 0.210 0
54 2 N3 N3 195 0.210 1
54 3 N3 N2 174 0.210 0
54 4 N5 N2 160 0.910 1
54 5 N5 N5 69 0.910 0
54 6 N2 N5 59 0.230 0
54 7 N2 N3 117 0.230 0
54 8 N2 N2 237 0.230 1
54 9 N4 N5 37 2.710 0
54 10 N4 N3 161 2.710 1
55 1 N3 N5 42 0.080 0
55 2 N3 N3 192 0.080 1
55 3 N3 N2 170 0.080 0
55 4 N5 N2 159 0.450 1
55 5 N5 N5 68 0.450 0
55 6 N2 N5 57 0.390 0
55 7 N2 N3 116 0.390 0
55 8 N2 N2 237 0.390 1
55 9 N4 N5 34 0.270 0
55 10 N4 N3 161 0.270 1
56 1 N3 N5 42 0.220 0
56 2 N3 N3 191 0.220 1
56 3 N3 N2 169 0.220 0
56 4 N5 N2 161 0.010 1
56 5 N5 N5 65 0.010 0
56 6 N2 N5 54 0.330 0
56 7 N2 N3 116 0.330 0
56 8 N2 N2 237 0.330 1
56 9 N4 N5 34 1.370 0
56 10 N4 N3 161 1.370 1
57 1 N3 N5 42 1.300 0
57 2 N3 N3 191 1.300 1
57 3 N3 N2 169 1.300 0
57 4 N5 N2 162 0.070 1
57 5 N5 N5 63 0.070 0
57 6 N2 N5 54 0.030 0
57 7 N2 N3 115 0.030 0
57 8 N2 N2 237 0.030 1
57 9 N4 N5 34 2.450 0
57 10 N4 N3 161 2.450 1
58 1 N3 N5 39 0.350 0
58 2 N3 N3 189 0.350 1
58 3 N3 N2 169 0.350 0
58 4 N5 N2 162 0.110 1
58 5 N5 N5 62 0.110 0
58 6 N2 N5 48 0.070 0
58 7 N2 N3 113 0.070 0
58 8 N2 N2 237 0.070 1
58 9 N4 N5 34 3.530 0
58 10 N4 N3 161 3.530 1
59 1 N3 N5 35 0.470 0
59 2 N3 N3 188 0.470 1
59 3 N3 N2 168 0.470 0
59 4 N5 N2 164 0.150 1
59 5 N5 N5 57 0.150 0
59 6 N2 N5 48 0.630 0
59 7 N2 N3 113 0.630 0
59 8 N2 N2 238 0.630 1
59 9 N4 N5 34 0.560 0
59 10 N4 N3 162 0.560 1
60 1 N3 N5 28 0.440 0
60 2 N3 N3 187 0.440 1
60 3 N3 N2 168 0.440 0
60 4 N5 N2 166 0.240 1
60 5 N5 N5 51 0.240 0
60 6 N2 N5 46 0.180 0
60 7 N2 N3 113 0.180 0
60 8 N2 N2 239 0.180 1
60 9 N4 N5 31 0.110 0
60 10 N4 N3 163 0.110 1
61 1 N3 N5 27 0.060 0
61 2 N3 N3 187 0.060 1
61 3 N3 N2 168 0.060 0
61 4 N5 N2 167 0.330 1
61 5 N5 N5 48 0.330 0
61 6 N2 N5 42 0.130 0
61 7 N2 N3 112 0.130 0
61 8 N2 N2 239 0.130 1
61 9 N4 N5 27 0.180 0
61 10 N4 N3 163 0.180 1
62 1 N3 N5 26 0.030 0
62 2 N3 N3 189 0.030 1
62 3 N3 N2 171 0.030 0
62 4 N5 N2 168 0.410 1
62 5 N5 N5 46 0.410 0
62 6 N2 N5 38 0.160 0
62 7 N2 N3 114 0.160 0
62 8 N2 N2 240 0.160 1
62 9 N4 N5 27 0.770 0
62 10 N4 N3 164 0.770 1
63 1 N3 N5 24 0.040 0
63 2 N3 N3 192 0.040 1
63 3 N3 N2 173 0.040 0
63 4 N5 N2 170 0.040 1
63 5 N5 N5 43 0.040 0
63 6 N2 N5 37 0.360 0
63 7 N2 N3 115 0.360 0
63 8 N2 N2 241 0.360 1
63 9 N4 N5 26 0.590 0
63 10 N4 N3 164 0.590 1
64 1 N3 N5 22 0.110 0
64 2 N3 N3 193 0.110 1
64 3 N3 N2 173 0.110 0
64 4 N5 N2 171 0.500 1
64 5 N5 N5 41 0.500 0
64 6 N2 N5 31 0.300 0
64 7 N2 N3 116 0.300 0
64 8 N2 N2 243 0.300 1
64 9 N4 N5 26 1.670 0
64 10 N4 N3 164 1.670 1
65 1 N3 N5 20 0.170 0
65 2 N3 N3 194 0.170 1
65 3 N3 N2 174 0.170 0
65 4 N5 N2 173 0.050 1
65 5 N5 N5 37 0.050 0
65 6 N2 N5 29 0.380 0
65 7 N2 N3 118 0.380 0
65 8 N2 N2 244 0.380 1
65 9 N4 N5 22 0.400 0
65 10 N4 N3 163 0.400 1
66 1 N3 N5 19 0.350 0
66 2 N3 N3 197 0.350 1
66 3 N3 N2 175 0.350 0
66 4 N5 N2 175 0.100 1
66 5 N5 N5 36 0.100 0
66 6 N2 N5 27 0.080 0
66 7 N2 N3 120 0.080 0
66 8 N2 N2 247 0.080 1
66 9 N4 N5 21 0.280 0
66 10 N4 N3 163 0.280 1
67 1 N3 N5 19 0.280 0
67 2 N3 N3 196 0.280 1
67 3 N3 N2 174 0.280 0
67 4 N5 N2 177 0.190 1
67 5 N5 N5 34 0.190 0
67 6 N2 N5 27 0.130 0
67 7 N2 N3 122 0.130 0
67 8 N2 N2 248 0.130 1
67 9 N4 N5 18 0.520 0
67 10 N4 N3 162 0.520 1
68 1 N3 N5 17 0.330 0
68 2 N3 N3 195 0.330 1
68 3 N3 N2 172 0.330 0
68 4 N5 N2 178 0.250 1
68 5 N5 N5 32 0.250 0
68 6 N2 N5 25 0.070 0
68 7 N2 N3 121 0.070 0
68 8 N2 N2 248 0.070 1
68 9 N4 N5 16 0.570 0
68 10 N4 N3 160 0.570 1
69 1 N3 N5 15 0.390 0
69 2 N3 N3 194 0.390 1
69 3 N3 N2 173 0.390 0
69 4 N5 N2 179 0.310 1
69 5 N5 N5 31 0.310 0
69 6 N2 N5 23 0.110 0
69 7 N2 N3 122 0.110 0
69 8 N2 N2 249 0.110 1
69 9 N4 N5 16 0.460 0
69 10 N4 N3 159 0.460 1
70 1 N3 N5 14 0.550 0
70 2 N3 N3 192 0.550 1
70 3 N3 N2 173 0.550 0
70 4 N5 N2 181 0.360 1
70 5 N5 N5 31 0.360 0
70 6 N2 N5 23 0.670 0
70 7 N2 N3 122 0.670 0
70 8 N2 N2 249 0.670 1
70 9 N4 N5 15 0.500 0
70 10 N4 N3 157 0.500 1
71 1 N3 N5 17 0.010 0
71 2 N3 N3 190 0.010 1
71 3 N3 N2 172 0.010 0
71 4 N5 N2 180 0.380 1
71 5 N5 N5 29 0.380 0
71 6 N2 N5 24 0.190 0
71 7 N2 N3 122 0.190 0
71 8 N2 N2 249 0.190 1
71 9 N4 N5 14 0.270 0
71 10 N4 N3 154 0.270 1
72 1 N3 N5 20 0.080 0
72 2 N3 N3 188 0.080 1
72 3 N3 N2 172 0.080 0
72 4 N5 N2 179 0.030 1
72 5 N5 N5 30 0.030 0
72 6 N2 N5 26 0.210 0
72 7 N2 N3 122 0.210 0
72 8 N2 N2 250 0.210 1
72 9 N4 N5 14 0.090 0
72 10 N4 N3 152 0.090 1
73 1 N3 N5 20 0.140 0
73 2 N3 N3 187 0.140 1
73 3 N3 N2 171 0.140 0
73 4 N5 N2 178 0.480 1
73 5 N5 N5 30 0.480 0
73 6 N2 N5 26 0.270 0
73 7 N2 N3 125 0.270 0
73 8 N2 N2 249 0.270 1
73 9 N4 N5 13 0.200 0
73 10 N4 N3 148 0.200 1
74 1 N3 N5 19 0.660 0
74 2 N3 N3 187 0.660 1
74 3 N3 N2 172 0.660 0
74 4 N5 N2 178 0.040 1
74 5 N5 N5 32 0.040 0
74 6 N2 N5 26 0.370 0
74 7 N2 N3 129 0.370 0
74 8 N2 N2 248 0.370 1
74 9 N4 N5 13 0.460 0
74 10 N4 N3 142 0.460 1
75 1 N3 N5 20 0.230 0
75 2 N3 N3 189 0.230 1
75 3 N3 N2 172 0.230 0
75 4 N5 N2 178 0.120 1
75 5 N5 N5 33 0.120 0
75 6 N2 N5 27 0.030 0
75 7 N2 N3 135 0.030 0
75 8 N2 N2 248 0.030 1
75 9 N4 N5 13 0.800 0
75 10 N4 N3 140 0.800 1
76 1 N3 N5 21 0.350 0
76 2 N3 N3 191 0.350 1
76 3 N3 N2 171 0.350 0
76 4 N5 N2 178 0.170 1
76 5 N5 N5 34 0.170 0
76 6 N2 N5 27 0.080 0
76 7 N2 N3 141 0.080 0
76 8 N2 N2 249 0.080 1
76 9 N4 N5 13 0.050 0
76 10 N4 N3 137 0.050 1
77 1 N3 N5 22 0.400 0
77 2 N3 N3 192 0.400 1
77 3 N3 N2 172 0.400 0
77 4 N5 N2 178 0.250 1
77 5 N5 N5 35 0.250 0
77 6 N2 N5 29 0.050 0
77 7 N2 N3 140 0.050 0
77 8 N2 N2 249 0.050 1
77 9 N4 N5 13 0.090 0
77 10 N4 N3 132 0.090 1
78 1 N3 N5 21 0.060 0
78 2 N3 N3 193 0.060 1
78 3 N3 N2 173 0.060 0
78 4 N5 N2 180 0.330 1
78 5 N5 N5 36 0.330 0
78 6 N2 N5 31 0.120 0
78 7 N2 N3 139 0.120 0
78 8 N2 N2 250 0.120 1
78 9 N4 N5 13 1.190 0
78 10 N4 N3 132 1.190 1
79 1 N3 N5 21 0.500 0
79 2 N3 N3 193 0.500 1
79 3 N3 N2 174 0.500 0
79 4 N5 N2 184 0.370 1
79 5 N5 N5 36 0.370 0
79 6 N2 N5 32 0.150 0
79 7 N2 N3 138 0.150 0
79 8 N2 N2 251 0.150 1
79 9 N4 N5 13 0.520 0
79 10 N4 N3 130 0.520 1
80 1 N3 N5 23 0.020 0
80 2 N3 N3 194 0.020 1
80 3 N3 N2 176 0.020 0
80 4 N5 N2 185 0.410 1
80 5 N5 N5 37 0.410 0
80 6 N2 N5 32 0.320 0
80 7 N2 N3 137 0.320 0
80 8 N2 N2 252 0.320 1
80 9 N4 N5 13 0.590 0
80 10 N4 N3 129 0.590 1
81 1 N3 N5 23 0.590 0
81 2 N3 N3 194 0.590 1
81 3 N3 N2 177 0.590 0
81 4 N5 N2 187 0.050 1
81 5 N5 N5 41 0.050 0
81 6 N2 N5 38 0.270 0
81 7 N2 N3 136 0.270 0
81 8 N2 N2 253 0.270 1
81 9 N4 N5 15 0.150 0
81 10 N4 N3 126 0.150 1
82 1 N3 N5 23 0.160 0
82 2 N3 N3 197 0.160 1
82 3 N3 N2 180 0.160 0
82 4 N5 N2 189 0.500 1
82 5 N5 N5 42 0.500 0
82 6 N2 N5 41 0.330 0
82 7 N2 N3 135 0.330 0
82 8 N2 N2 254 0.330 1
82 9 N4 N5 15 0.940 0
82 10 N4 N3 125 0.940 1
83 1 N3 N5 24 0.230 0
83 2 N3 N3 195 0.230 1
83 3 N3 N2 182 0.230 0
83 4 N5 N2 192 0.020 1
83 5 N5 N5 43 0.020 0
83 6 N2 N5 42 0.370 0
83 7 N2 N3 133 0.370 0
83 8 N2 N2 255 0.370 1
83 9 N4 N5 16 0.490 0
83 10 N4 N3 124 0.490 1
84 1 N3 N5 27 0.250 0
84 2 N3 N3 194 0.250 1
84 3 N3 N2 185 0.250 0
84 4 N5 N2 194 0.060 1
84 5 N5 N5 44 0.060 0
84 6 N2 N5 43 0.000 0
84 7 N2 N3 132 0.000 0
84 8 N2 N2 255 0.000 1
84 9 N4 N5 17 0.550 0
84 10 N4 N3 124 0.550 1
85 1 N3 N5 27 0.100 0
85 2 N3 N3 194 0.100 1
85 3 N3 N2 185 0.100 0
85 4 N5 N2 197 0.100 1
85 5 N5 N5 46 0.100 0
85 6 N2 N5 43 0.050 0
85 7 N2 N3 131 0.050 0
85 8 N2 N2 255 0.050 1
85 9 N4 N5 17 0.230 0
85 10 N4 N3 122 0.230 1
86 1 N3 N5 27 1.180 0
86 2 N3 N3 194 1.180 1
86 3 N3 N2 185 1.180 0
86 4 N5 N2 199 0.140 1
86 5 N5 N5 47 0.140 0
86 6 N2 N5 43 0.100 0
86 7 N2 N3 131 0.100 0
86 8 N2 N2 254 0.100 1
86 9 N4 N5 17 1.310 0
86 10 N4 N3 122 1.310 1
87 1 N3 N5 29 0.100 0
87 2 N3 N3 194 0.100 1
87 3 N3 N2 182 0.100 0
87 4 N5 N2 202 0.210 1
87 5 N5 N5 48 0.210 0
87 6 N2 N5 41 0.020 0
87 7 N2 N3 132 0.020 0
87 8 N2 N2 253 0.020 1
87 9 N4 N5 18 0.100 0
87 10 N4 N3 118 0.100 1
88 1 N3 N5 32 0.390 0
88 2 N3 N3 194 0.390 1
88 3 N3 N2 179 0.390 0
88 4 N5 N2 203 0.260 1
88 5 N5 N5 47 0.260 0
88 6 N2 N5 40 0.160 0
88 7 N2 N3 132 0.160 0
88 8 N2 N2 252 0.160 1
88 9 N4 N5 18 0.510 0
88 10 N4 N3 118 0.510 1
89 1 N3 N5 28 0.410 0
89 2 N3 N3 193 0.410 1
89 3 N3 N2 178 0.410 0
89 4 N5 N2 204 0.300 1
89 5 N5 N5 46 0.300 0
89 6 N2 N5 40 0.220 0
89 7 N2 N3 133 0.220 0
89 8 N2 N2 252 0.220 1
89 9 N4 N5 16 0.410 0
89 10 N4 N3 114 0.410 1
90 1 N3 N5 27 0.340 0
90 2 N3 N3 191 0.340 1
90 3 N3 N2 174 0.340 0
90 4 N5 N2 204 0.340 1
90 5 N5 N5 46 0.340 0
90 6 N2 N5 40 0.270 0
90 7 N2 N3 138 0.270 0
90 8 N2 N2 250 0.270 1
90 9 N4 N5 14 0.340 0
90 10 N4 N3 111 0.340 1
91 1 N3 N5 27 1.440 0
91 2 N3 N3 191 1.440 1
91 3 N3 N2 174 1.440 0
91 4 N5 N2 203 0.420 1
91 5 N5 N5 46 0.420 0
91 6 N2 N5 39 0.330 0
91 7 N2 N3 138 0.330 0
91 8 N2 N2 249 0.330 1
91 9 N4 N5 14 1.440 0
91 10 N4 N3 111 1.440 1
92 1 N3 N5 25 0.520 0
92 2 N3 N3 186 0.520 1
92 3 N3 N2 168 0.520 0
92 4 N5 N2 203 0.080 1
92 5 N5 N5 46 0.080 0
92 6 N2 N5 39 0.310 0
92 7 N2 N3 131 0.310 0
92 8 N2 N2 247 0.310 1
92 9 N4 N5 13 0.660 0
92 10 N4 N3 107 0.660 1
93 1 N3 N5 25 1.600 0
93 2 N3 N3 186 1.600 1
93 3 N3 N2 168 1.600 0
93 4 N5 N2 201 0.030 1
93 5 N5 N5 45 0.030 0
93 6 N2 N5 41 0.490 0
93 7 N2 N3 131 0.490 0
93 8 N2 N2 245 0.490 1
93 9 N4 N5 13 1.740 0
93 10 N4 N3 107 1.740 1
94 1 N3 N5 25 0.010 0
94 2 N3 N3 181 0.010 1
94 3 N3 N2 163 0.010 0
94 4 N5 N2 200 0.080 1
94 5 N5 N5 44 0.080 0
94 6 N2 N5 44 0.060 0
94 7 N2 N3 122 0.060 0
94 8 N2 N2 244 0.060 1
94 9 N4 N5 13 0.120 0
94 10 N4 N3 102 0.120 1
95 1 N3 N5 26 0.270 0
95 2 N3 N3 179 0.270 1
95 3 N3 N2 164 0.270 0
95 4 N5 N2 198 0.120 1
95 5 N5 N5 46 0.120 0
95 6 N2 N5 44 0.490 0
95 7 N2 N3 122 0.490 0
95 8 N2 N2 244 0.490 1
95 9 N4 N5 14 0.270 0
95 10 N4 N3 101 0.270 1
96 1 N3 N5 27 0.640 0
96 2 N3 N3 179 0.640 1
96 3 N3 N2 162 0.640 0
96 4 N5 N2 198 0.160 1
96 5 N5 N5 47 0.160 0
96 6 N2 N5 43 0.030 0
96 7 N2 N3 122 0.030 0
96 8 N2 N2 242 0.030 1
96 9 N4 N5 14 0.640 0
96 10 N4 N3 100 0.640 1
97 1 N3 N5 28 0.610 0
97 2 N3 N3 177 0.610 1
97 3 N3 N2 164 0.610 0
97 4 N5 N2 199 0.240 1
97 5 N5 N5 49 0.240 0
97 6 N2 N5 44 0.090 0
97 7 N2 N3 120 0.090 0
97 8 N2 N2 241 0.090 1
97 9 N4 N5 14 0.150 0
97 10 N4 N3 99 0.150 1
98 1 N3 N5 30 0.210 0
98 2 N3 N3 174 0.210 1
98 3 N3 N2 165 0.210 0
98 4 N5 N2 199 0.320 1
98 5 N5 N5 49 0.320 0
98 6 N2 N5 44 0.260 0
98 7 N2 N3 120 0.260 0
98 8 N2 N2 241 0.260 1
98 9 N4 N5 14 1.230 0
98 10 N4 N3 99 1.230 1
99 1 N3 N5 30 1.290 0
99 2 N3 N3 174 1.290 1
99 3 N3 N2 165 1.290 0
99 4 N5 N2 198 0.380 1
99 5 N5 N5 49 0.380 0
99 6 N2 N5 44 0.190 0
99 7 N2 N3 119 0.190 0
99 8 N2 N2 241 0.190 1
99 9 N4 N5 14 0.280 0
99 10 N4 N3 97 0.280 1
100 1 N3 N5 30 0.050 0
100 2 N3 N3 173 0.050 1
100 3 N3 N2 168 0.050 0
100 4 N5 N2 198 0.560 1
100 5 N5 N5 50 0.560 0
100 6 N2 N5 46 0.230 0
100 7 N2 N3 121 0.230 0
100 8 N2 N2 240 0.230 1
100 9 N4 N5 15 0.080 0
100 10 N4 N3 96 0.080 1
101 1 N3 N5 32 0.110 0
101 2 N3 N3 175 0.110 1
101 3 N3 N2 168 0.110 0
101 4 N5 N2 198 0.490 1
101 5 N5 N5 50 0.490 0
101 6 N2 N5 49 0.260 0
101 7 N2 N3 124 0.260 0
101 8 N2 N2 240 0.260 1
101 9 N4 N5 15 1.160 0
101 10 N4 N3 96 1.160 1
102 1 N3 N5 32 0.160 0
102 2 N3 N3 175 0.160 1
102 3 N3 N2 167 0.160 0
102 4 N5 N2 197 0.030 1
102 5 N5 N5 51 0.030 0
102 6 N2 N5 51 0.310 0
102 7 N2 N3 123 0.310 0
102 8 N2 N2 238 0.310 1
102 9 N4 N5 15 0.160 0
102 10 N4 N3 95 0.160 1
103 1 N3 N5 32 0.130 0
103 2 N3 N3 176 0.130 1
103 3 N3 N2 165 0.130 0
103 4 N5 N2 196 0.100 1
103 5 N5 N5 55 0.100 0
103 6 N2 N5 54 0.360 0
103 7 N2 N3 124 0.360 0
103 8 N2 N2 238 0.360 1
103 9 N4 N5 15 0.750 0
103 10 N4 N3 95 0.750 1
104 1 N3 N5 33 0.290 0
104 2 N3 N3 174 0.290 1
104 3 N3 N2 164 0.290 0
104 4 N5 N2 196 0.140 1
104 5 N5 N5 57 0.140 0
104 6 N2 N5 55 0.020 0
104 7 N2 N3 124 0.020 0
104 8 N2 N2 236 0.020 1
104 9 N4 N5 15 0.790 0
104 10 N4 N3 94 0.790 1
105 1 N3 N5 34 0.250 0
105 2 N3 N3 172 0.250 1
105 3 N3 N2 164 0.250 0
105 4 N5 N2 195 0.200 1
105 5 N5 N5 60 0.200 0
105 6 N2 N5 55 0.080 0
105 7 N2 N3 123 0.080 0
105 8 N2 N2 234 0.080 1
105 9 N4 N5 15 0.320 0
105 10 N4 N3 94 0.320 1
106 1 N3 N5 36 0.270 0
106 2 N3 N3 170 0.270 1
106 3 N3 N2 165 0.270 0
106 4 N5 N2 194 0.260 1
106 5 N5 N5 63 0.260 0
106 6 N2 N5 55 0.030 0
106 7 N2 N3 121 0.030 0
106 8 N2 N2 233 0.030 1
106 9 N4 N5 15 0.890 0
106 10 N4 N3 94 0.890 1
107 1 N3 N5 36 0.350 0
107 2 N3 N3 170 0.350 1
107 3 N3 N2 165 0.350 0
107 4 N5 N2 194 0.320 1
107 5 N5 N5 63 0.320 0
107 6 N2 N5 55 0.070 0
107 7 N2 N3 120 0.070 0
107 8 N2 N2 232 0.070 1
107 9 N4 N5 15 0.420 0
107 10 N4 N3 96 0.420 1
108 1 N3 N5 0 0.000 0
108 2 N3 N3 166 0.000 1
108 3 N3 N2 164 0.000 0
108 4 N5 N2 193 0.400 1
108 5 N5 N5 65 0.400 0
108 6 N2 N5 55 0.150 0
108 7 N2 N3 125 0.150 0
108 8 N2 N2 231 0.150 1
108 9 N4 N5 15 0.480 0
108 10 N4 N3 100 0.480 1
109 1 N3 N5 0 0.060 0
109 2 N3 N3 165 0.060 1
109 3 N3 N2 163 0.060 0
109 4 N5 N2 192 0.050 1
109 5 N5 N5 65 0.050 0
109 6 N2 N5 55 0.190 0
109 7 N2 N3 125 0.190 0
109 8 N2 N2 231 0.190 1
109 9 N4 N5 18 0.020 0
109 10 N4 N3 104 0.020 1
110 1 N3 N5 34 0.050 0
110 2 N3 N3 165 0.050 1
110 3 N3 N2 160 0.050 0
110 4 N5 N2 191 0.030 1
110 5 N5 N5 66 0.030 0
110 6 N2 N5 56 0.240 0
110 7 N2 N3 126 0.240 0
110 8 N2 N2 231 0.240 1
110 9 N4 N5 19 0.590 0
110 10 N4 N3 105 0.590 1
111 1 N3 N5 33 0.090 0
111 2 N3 N3 165 0.090 1
111 3 N3 N2 157 0.090 0
111 4 N5 N2 191 0.090 1
111 5 N5 N5 65 0.090 0
111 6 N2 N5 55 0.410 0
111 7 N2 N3 124 0.410 0
111 8 N2 N2 231 0.410 1
111 9 N4 N5 23 0.140 0
111 10 N4 N3 106 0.140 1
112 1 N3 N5 32 0.020 0
112 2 N3 N3 166 0.020 1
112 3 N3 N2 155 0.020 0
112 4 N5 N2 190 0.250 1
112 5 N5 N5 64 0.250 0
112 6 N2 N5 55 0.330 0
112 7 N2 N3 122 0.330 0
112 8 N2 N2 231 0.330 1
112 9 N4 N5 23 0.190 0
112 10 N4 N3 106 0.190 1
113 1 N3 N5 32 0.200 0
113 2 N3 N3 167 0.200 1
113 3 N3 N2 153 0.200 0
113 4 N5 N2 187 0.190 1
113 5 N5 N5 64 0.190 0
113 6 N2 N5 53 0.390 0
113 7 N2 N3 118 0.390 0
113 8 N2 N2 231 0.390 1
113 9 N4 N5 23 0.250 0
113 10 N4 N3 105 0.250 1
114 1 N3 N5 32 0.260 0
114 2 N3 N3 168 0.260 1
114 3 N3 N2 151 0.260 0
114 4 N5 N2 184 0.260 1
114 5 N5 N5 63 0.260 0
114 6 N2 N5 49 0.060 0
114 7 N2 N3 115 0.060 0
114 8 N2 N2 230 0.060 1
114 9 N4 N5 23 1.330 0
114 10 N4 N3 105 1.330 1
115 1 N3 N5 32 0.940 0
115 2 N3 N3 168 0.940 1
115 3 N3 N2 150 0.940 0
115 4 N5 N2 181 0.300 1
115 5 N5 N5 63 0.300 0
115 6 N2 N5 48 0.110 0
115 7 N2 N3 114 0.110 0
115 8 N2 N2 230 0.110 1
115 9 N4 N5 23 0.780 0
115 10 N4 N3 106 0.780 1
116 1 N3 N5 32 0.460 0
116 2 N3 N3 167 0.460 1
116 3 N3 N2 151 0.460 0
116 4 N5 N2 180 0.360 1
116 5 N5 N5 60 0.360 0
116 6 N2 N5 47 0.080 0
116 7 N2 N3 111 0.080 0
116 8 N2 N2 231 0.080 1
116 9 N4 N5 23 0.410 0
116 10 N4 N3 105 0.410 1
117 1 N3 N5 32 0.270 0
117 2 N3 N3 166 0.270 1
117 3 N3 N2 154 0.270 0
117 4 N5 N2 179 0.410 1
117 5 N5 N5 59 0.410 0
117 6 N2 N5 47 0.110 0
117 7 N2 N3 110 0.110 0
117 8 N2 N2 231 0.110 1
117 9 N4 N5 21 0.780 0
117 10 N4 N3 106 0.780 1
118 1 N3 N5 32 0.030 0
118 2 N3 N3 166 0.030 1
118 3 N3 N2 155 0.030 0
118 4 N5 N2 179 0.460 1
118 5 N5 N5 57 0.460 0
118 6 N2 N5 48 0.150 0
118 7 N2 N3 107 0.150 0
118 8 N2 N2 232 0.150 1
118 9 N4 N5 21 1.860 0
118 10 N4 N3 106 1.860 1
119 1 N3 N5 32 0.990 0
119 2 N3 N3 166 0.990 1
119 3 N3 N2 156 0.990 0
119 4 N5 N2 179 0.500 1
119 5 N5 N5 57 0.500 0
119 6 N2 N5 49 0.700 0
119 7 N2 N3 106 0.700 0
119 8 N2 N2 232 0.700 1
119 9 N4 N5 21 2.940 0
119 10 N4 N3 106 2.940 1
120 1 N3 N5 32 0.550 0
120 2 N3 N3 162 0.550 1
120 3 N3 N2 159 0.550 0
120 4 N5 N2 177 0.150 1
120 5 N5 N5 56 0.150 0
120 6 N2 N5 52 0.580 0
120 7 N2 N3 104 0.580 0
120 8 N2 N2 231 0.580 1
120 9 N4 N5 21 4.020 0
120 10 N4 N3 106 4.020 1
121 1 N3 N5 32 0.090 0
121 2 N3 N3 161 0.090 1
121 3 N3 N2 162 0.090 0
121 4 N5 N2 176 0.370 1
121 5 N5 N5 57 0.370 0
121 6 N2 N5 52 0.220 0
121 7 N2 N3 104 0.220 0
121 8 N2 N2 231 0.220 1
121 9 N4 N5 21 5.100 0
121 10 N4 N3 106 5.100 1
122 1 N3 N5 32 0.080 0
122 2 N3 N3 160 0.080 1
122 3 N3 N2 158 0.080 0
122 4 N5 N2 173 0.140 1
122 5 N5 N5 56 0.140 0
122 6 N2 N5 52 0.240 0
122 7 N2 N3 99 0.240 0
122 8 N2 N2 231 0.240 1
122 9 N4 N5 21 0.640 0
122 10 N4 N3 105 0.640 1
123 1 N3 N5 32 0.190 0
123 2 N3 N3 159 0.190 1
123 3 N3 N2 154 0.190 0
123 4 N5 N2 173 0.560 1
123 5 N5 N5 56 0.560 0
123 6 N2 N5 52 1.040 0
123 7 N2 N3 99 1.040 0
123 8 N2 N2 231 1.040 1
123 9 N4 N5 21 1.720 0
123 10 N4 N3 105 1.720 1
124 1 N3 N5 32 0.210 0
124 2 N3 N3 158 0.210 1
124 3 N3 N2 145 0.210 0
124 4 N5 N2 167 0.290 1
124 5 N5 N5 57 0.290 0
124 6 N2 N5 54 0.130 0
124 7 N2 N3 99 0.130 0
124 8 N2 N2 230 0.130 1
124 9 N4 N5 20 0.560 0
124 10 N4 N3 100 0.560 1
125 1 N3 N5 34 0.260 0
125 2 N3 N3 155 0.260 1
125 3 N3 N2 144 0.260 0
125 4 N5 N2 167 0.370 1
125 5 N5 N5 59 0.370 0
125 6 N2 N5 53 0.020 0
125 7 N2 N3 84 0.020 0
125 8 N2 N2 229 0.020 1
125 9 N4 N5 19 0.380 0
125 10 N4 N3 98 0.380 1
126 1 N3 N5 33 0.200 0
126 2 N3 N3 151 0.200 1
126 3 N3 N2 140 0.200 0
126 4 N5 N2 167 0.410 1
126 5 N5 N5 59 0.410 0
126 6 N2 N5 53 0.090 0
126 7 N2 N3 81 0.090 0
126 8 N2 N2 228 0.090 1
126 9 N4 N5 19 1.460 0
126 10 N4 N3 98 1.460 1
127 1 N3 N5 32 0.310 0
127 2 N3 N3 147 0.310 1
127 3 N3 N2 136 0.310 0
127 4 N5 N2 165 0.470 1
127 5 N5 N5 59 0.470 0
127 6 N2 N5 53 0.150 0
127 7 N2 N3 79 0.150 0
127 8 N2 N2 227 0.150 1
127 9 N4 N5 19 1.020 0
127 10 N4 N3 96 1.020 1
128 1 N3 N5 32 0.460 0
128 2 N3 N3 144 0.460 1
128 3 N3 N2 129 0.460 0
128 4 N5 N2 164 0.530 1
128 5 N5 N5 59 0.530 0
128 6 N2 N5 55 0.310 0
128 7 N2 N3 76 0.310 0
128 8 N2 N2 225 0.310 1
128 9 N4 N5 19 0.580 0
128 10 N4 N3 96 0.580 1
129 1 N3 N5 32 0.090 0
129 2 N3 N3 136 0.090 1
129 3 N3 N2 123 0.090 0
129 4 N5 N2 163 0.100 1
129 5 N5 N5 60 0.100 0
129 6 N2 N5 56 0.260 0
129 7 N2 N3 76 0.260 0
129 8 N2 N2 225 0.260 1
129 9 N4 N5 19 0.140 0
129 10 N4 N3 92 0.140 1
130 1 N3 N5 30 0.140 0
130 2 N3 N3 129 0.140 1
130 3 N3 N2 119 0.140 0
130 4 N5 N2 163 0.160 1
130 5 N5 N5 62 0.160 0
130 6 N2 N5 55 0.320 0
130 7 N2 N3 75 0.320 0
130 8 N2 N2 224 0.320 1
130 9 N4 N5 19 0.210 0
130 10 N4 N3 90 0.210 1
131 1 N3 N5 30 0.080 0
131 2 N3 N3 121 0.080 1
131 3 N3 N2 115 0.080 0
131 4 N5 N2 161 0.200 1
131 5 N5 N5 61 0.200 0
131 6 N2 N5 55 0.390 0
131 7 N2 N3 75 0.390 0
131 8 N2 N2 224 0.390 1
131 9 N4 N5 19 0.230 0
131 10 N4 N3 88 0.230 1
132 1 N3 N5 27 0.120 0
132 2 N3 N3 118 0.120 1
132 3 N3 N2 113 0.120 0
132 4 N5 N2 163 0.240 1
132 5 N5 N5 59 0.240 0
132 6 N2 N5 52 0.060 0
132 7 N2 N3 74 0.060 0
132 8 N2 N2 224 0.060 1
132 9 N4 N5 19 0.280 0
132 10 N4 N3 87 0.280 1
133 1 N3 N5 26 0.200 0
133 2 N3 N3 115 0.200 1
133 3 N3 N2 110 0.200 0
133 4 N5 N2 166 0.310 1
133 5 N5 N5 58 0.310 0
133 6 N2 N5 51 0.100 0
133 7 N2 N3 73 0.100 0
133 8 N2 N2 224 0.100 1
133 9 N4 N5 16 0.320 0
133 10 N4 N3 85 0.320 1
134 1 N3 N5 24 0.230 0
134 2 N3 N3 112 0.230 1
134 3 N3 N2 108 0.230 0
134 4 N5 N2 167 0.350 1
134 5 N5 N5 56 0.350 0
134 6 N2 N5 48 0.040 0
134 7 N2 N3 74 0.040 0
134 8 N2 N2 225 0.040 1
134 9 N4 N5 16 0.360 0
134 10 N4 N3 84 0.360 1
135 1 N3 N5 21 0.270 0
135 2 N3 N3 111 0.270 1
135 3 N3 N2 106 0.270 0
135 4 N5 N2 169 0.390 1
135 5 N5 N5 56 0.390 0
135 6 N2 N5 46 0.080 0
135 7 N2 N3 74 0.080 0
135 8 N2 N2 227 0.080 1
135 9 N4 N5 16 0.430 0
135 10 N4 N3 82 0.430 1
136 1 N3 N5 20 0.310 0
136 2 N3 N3 109 0.310 1
136 3 N3 N2 105 0.310 0
136 4 N5 N2 169 0.040 1
136 5 N5 N5 53 0.040 0
136 6 N2 N5 44 0.120 0
136 7 N2 N3 73 0.120 0
136 8 N2 N2 229 0.120 1
136 9 N4 N5 16 1.510 0
136 10 N4 N3 82 1.510 1
137 1 N3 N5 19 0.240 0
137 2 N3 N3 106 0.240 1
137 3 N3 N2 103 0.240 0
137 4 N5 N2 169 0.490 1
137 5 N5 N5 52 0.490 0
137 6 N2 N5 44 0.300 0
137 7 N2 N3 74 0.300 0
137 8 N2 N2 230 0.300 1
137 9 N4 N5 16 1.010 0
137 10 N4 N3 79 1.010 1
138 1 N3 N5 19 0.400 0
138 2 N3 N3 103 0.400 1
138 3 N3 N2 102 0.400 0
138 4 N5 N2 168 0.020 1
138 5 N5 N5 51 0.020 0
138 6 N2 N5 43 0.210 0
138 7 N2 N3 71 0.210 0
138 8 N2 N2 231 0.210 1
138 9 N4 N5 16 2.090 0
138 10 N4 N3 79 2.090 1
139 1 N3 N5 18 0.050 0
139 2 N3 N3 100 0.050 1
139 3 N3 N2 101 0.050 0
139 4 N5 N2 169 0.060 1
139 5 N5 N5 49 0.060 0
139 6 N2 N5 43 0.270 0
139 7 N2 N3 69 0.270 0
139 8 N2 N2 232 0.270 1
139 9 N4 N5 16 0.090 0
139 10 N4 N3 74 0.090 1
140 1 N3 N5 19 0.000 0
140 2 N3 N3 94 0.000 0
140 3 N3 N2 103 0.000 1
140 4 N5 N2 170 0.130 1
140 5 N5 N5 47 0.130 0
140 6 N2 N5 42 0.320 0
140 7 N2 N3 64 0.320 0
140 8 N2 N2 231 0.320 1
140 9 N4 N5 14 0.410 0
140 10 N4 N3 72 0.410 1
141 1 N3 N5 19 0.010 0
141 2 N3 N3 90 0.010 0
141 3 N3 N2 105 0.010 1
141 4 N5 N2 171 0.180 1
141 5 N5 N5 46 0.180 0
141 6 N2 N5 41 0.390 0
141 7 N2 N3 64 0.390 0
141 8 N2 N2 231 0.390 1
141 9 N4 N2 78 0.570 1
141 10 N4 N5 14 0.570 0
141 11 N4 N3 69 0.570 0
142 1 N3 N5 19 0.070 0
142 2 N3 N3 88 0.070 0
142 3 N3 N2 105 0.070 1
142 4 N5 N2 172 0.240 1
142 5 N5 N5 46 0.240 0
142 6 N2 N5 41 0.050 0
142 7 N2 N3 61 0.050 0
142 8 N2 N2 233 0.050 1
142 9 N4 N2 77 0.650 1
142 10 N4 N5 14 0.650 0
142 11 N4 N3 68 0.650 0
143 1 N3 N5 19 0.140 0
143 2 N3 N3 91 0.140 0
143 3 N3 N2 105 0.140 1
143 4 N5 N2 173 0.290 1
143 5 N5 N5 46 0.290 0
143 6 N2 N5 41 0.110 0
143 7 N2 N3 61 0.110 0
143 8 N2 N2 233 0.110 1
143 9 N4 N2 77 1.740 1
143 10 N4 N5 14 1.740 0
143 11 N4 N3 68 1.740 0
144 1 N3 N5 19 0.230 0
144 2 N3 N3 91 0.230 0
144 3 N3 N2 105 0.230 1
144 4 N5 N2 173 0.900 1
144 5 N5 N5 46 0.900 0
144 6 N2 N5 44 0.070 0
144 7 N2 N3 70 0.070 0
144 8 N2 N2 233 0.070 1
144 9 N4 N2 78 0.290 1
144 10 N4 N5 13 0.290 0
144 11 N4 N3 67 0.290 0
145 1 N3 N5 19 0.220 0
145 2 N3 N3 95 0.220 0
145 3 N3 N2 104 0.220 1
145 4 N5 N2 174 0.020 1
145 5 N5 N5 49 0.020 0
145 6 N2 N5 44 0.110 0
145 7 N2 N3 76 0.110 0
145 8 N2 N2 234 0.110 1
145 9 N4 N2 78 0.870 1
145 10 N4 N5 13 0.870 0
145 11 N4 N3 68 0.870 0
146 1 N3 N5 20 0.330 0
146 2 N3 N3 97 0.330 0
146 3 N3 N2 101 0.330 1
146 4 N5 N2 174 0.590 1
146 5 N5 N5 51 0.590 0
146 6 N2 N5 47 0.170 0
146 7 N2 N3 83 0.170 0
146 8 N2 N2 234 0.170 1
146 9 N4 N2 76 0.050 1
146 10 N4 N5 13 0.050 0
146 11 N4 N3 71 0.050 0
147 1 N3 N5 19 0.360 0
147 2 N3 N3 101 0.360 0
147 3 N3 N2 99 0.360 1
147 4 N5 N2 175 0.020 1
147 5 N5 N5 51 0.020 0
147 6 N2 N5 51 0.340 0
147 7 N2 N3 88 0.340 0
147 8 N2 N2 234 0.340 1
147 9 N4 N2 76 0.100 1
147 10 N4 N5 13 0.100 0
147 11 N4 N3 72 0.100 0
148 1 N3 N5 0 0.400 0
148 2 N3 N3 104 0.400 0
148 3 N3 N2 98 0.400 1
148 4 N5 N2 175 0.050 1
148 5 N5 N5 55 0.050 0
148 6 N2 N5 51 0.400 0
148 7 N2 N3 88 0.400 0
148 8 N2 N2 234 0.400 1
148 9 N4 N2 76 0.160 1
148 10 N4 N5 13 0.160 0
148 11 N4 N3 75 0.160 0
149 1 N3 N5 0 0.080 0
149 2 N3 N3 109 0.080 1
149 3 N3 N2 98 0.080 0
149 4 N5 N2 175 0.110 1
149 5 N5 N5 59 0.110 0
149 6 N2 N5 52 0.350 0
149 7 N2 N3 91 0.350 0
149 8 N2 N2 234 0.350 1
149 9 N4 N2 76 0.090 1
149 10 N4 N5 13 0.090 0
149 11 N4 N3 76 0.090 0
150 1 N3 N5 25 0.020 0
150 2 N3 N3 119 0.020 1
150 3 N3 N2 97 0.020 0
150 4 N5 N2 175 0.200 1
150 5 N5 N5 62 0.200 0
150 6 N2 N5 54 0.490 0
150 7 N2 N3 96 0.490 0
150 8 N2 N2 233 0.490 1
150 9 N4 N2 75 0.280 0
150 10 N4 N5 13 0.280 0
150 11 N4 N3 82 0.280 1
151 1 N3 N5 25 0.070 0
151 2 N3 N3 122 0.070 1
151 3 N3 N2 98 0.070 0
151 4 N5 N2 176 0.740 1
151 5 N5 N5 64 0.740 0
151 6 N2 N5 56 0.030 0
151 7 N2 N3 99 0.030 0
151 8 N2 N2 233 0.030 1
151 9 N4 N2 75 0.110 0
151 10 N4 N5 20 0.110 0
151 11 N4 N3 82 0.110 1
152 1 N3 N5 25 0.090 0
152 2 N3 N3 128 0.090 1
152 3 N3 N2 100 0.090 0
152 4 N5 N2 177 0.330 1
152 5 N5 N5 64 0.330 0
152 6 N2 N5 56 0.080 0
152 7 N2 N3 100 0.080 0
152 8 N2 N2 233 0.080 1
152 9 N4 N2 75 0.380 0
152 10 N4 N5 20 0.380 0
152 11 N4 N3 90 0.380 1
153 1 N3 N5 26 0.620 0
153 2 N3 N3 131 0.620 1
153 3 N3 N2 101 0.620 0
153 4 N5 N2 177 0.380 1
153 5 N5 N5 66 0.380 0
153 6 N2 N5 61 0.040 0
153 7 N2 N3 100 0.040 0
153 8 N2 N2 233 0.040 1
153 9 N4 N2 74 0.460 0
153 10 N4 N5 20 0.460 0
153 11 N4 N3 94 0.460 1
154 1 N3 N5 27 0.130 0
154 2 N3 N3 138 0.130 1
154 3 N3 N2 104 0.130 0
154 4 N5 N2 179 0.050 1
154 5 N5 N5 71 0.050 0
154 6 N2 N5 63 0.080 0
154 7 N2 N3 116 0.080 0
154 8 N2 N2 233 0.080 1
154 9 N4 N2 74 1.560 0
154 10 N4 N5 20 1.560 0
154 11 N4 N3 94 1.560 1
155 1 N3 N5 28 0.300 0
155 2 N3 N3 143 0.300 1
155 3 N3 N2 107 0.300 0
155 4 N5 N2 180 0.510 1
155 5 N5 N5 72 0.510 0
155 6 N2 N5 61 0.130 0
155 7 N2 N3 123 0.130 0
155 8 N2 N2 235 0.130 1
155 9 N4 N2 75 0.050 0
155 10 N4 N5 20 0.050 0
155 11 N4 N3 99 0.050 1
156 1 N3 N5 27 0.210 0
156 2 N3 N3 150 0.210 1
156 3 N3 N2 110 0.210 0
156 4 N5 N2 183 0.080 1
156 5 N5 N5 74 0.080 0
156 6 N2 N5 60 0.180 0
156 7 N2 N3 132 0.180 0
156 8 N2 N2 237 0.180 1
156 9 N4 N2 75 0.140 0
156 10 N4 N5 20 0.140 0
156 11 N4 N3 106 0.140 1
157 1 N3 N5 28 0.290 0
157 2 N3 N3 153 0.290 1
157 3 N3 N2 114 0.290 0
157 4 N5 N2 185 0.140 1
157 5 N5 N5 72 0.140 0
157 6 N2 N5 59 0.230 0
157 7 N2 N3 138 0.230 0
157 8 N2 N2 239 0.230 1
157 9 N4 N2 75 0.190 0
157 10 N4 N5 20 0.190 0
157 11 N4 N3 110 0.190 1
158 1 N3 N5 29 0.070 0
158 2 N3 N3 165 0.070 1
158 3 N3 N2 119 0.070 0
158 4 N5 N2 186 0.210 1
158 5 N5 N5 72 0.210 0
158 6 N2 N5 57 0.420 0
158 7 N2 N3 138 0.420 0
158 8 N2 N2 242 0.420 1
158 9 N4 N2 75 0.250 0
158 10 N4 N5 21 0.250 0
158 11 N4 N3 115 0.250 1
159 1 N3 N5 29 0.040 0
159 2 N3 N3 171 0.040 1
159 3 N3 N2 122 0.040 0
159 4 N5 N2 187 0.290 1
159 5 N5 N5 73 0.290 0
159 6 N2 N5 57 0.370 0
159 7 N2 N3 146 0.370 0
159 8 N2 N2 244 0.370 1
159 9 N4 N2 74 0.110 0
159 10 N4 N5 22 0.110 0
159 11 N4 N3 122 0.110 1
160 1 N3 N5 29 0.500 0
160 2 N3 N3 175 0.500 1
160 3 N3 N2 125 0.500 0
160 4 N5 N2 187 0.390 1
160 5 N5 N5 73 0.390 0
160 6 N2 N5 56 0.450 0
160 7 N2 N3 149 0.450 0
160 8 N2 N2 245 0.450 1
160 9 N4 N2 74 1.220 0
160 10 N4 N5 22 1.220 0
160 11 N4 N3 122 1.220 1
161 1 N3 N5 31 0.050 0
161 2 N3 N3 180 0.050 1
161 3 N3 N2 127 0.050 0
161 4 N5 N2 188 0.450 1
161 5 N5 N5 72 0.450 0
161 6 N2 N5 57 0.020 0
161 7 N2 N3 153 0.020 0
161 8 N2 N2 247 0.020 1
161 9 N4 N2 77 0.450 0
161 10 N4 N5 22 0.450 0
161 11 N4 N3 130 0.450 1
162 1 N3 N5 31 0.090 0
162 2 N3 N3 182 0.090 1
162 3 N3 N2 129 0.090 0
162 4 N5 N2 188 0.070 1
162 5 N5 N5 71 0.070 0
162 6 N2 N5 60 0.070 0
162 7 N2 N3 158 0.070 0
162 8 N2 N2 249 0.070 1
162 9 N4 N2 0 0.500 0
162 10 N4 N5 22 0.500 0
162 11 N4 N3 138 0.500 1
163 1 N3 N5 31 0.250 0
163 2 N3 N3 186 0.250 1
163 3 N3 N2 132 0.250 0
163 4 N5 N2 188 0.030 1
163 5 N5 N5 71 0.030 0
163 6 N2 N5 60 0.120 0
163 7 N2 N3 158 0.120 0
163 8 N2 N2 250 0.120 1
163 9 N4 N2 0 0.030 0
163 10 N4 N5 24 0.030 0
163 11 N4 N3 144 0.030 1
164 1 N3 N5 31 0.270 0
164 2 N3 N3 188 0.270 1
164 3 N3 N2 134 0.270 0
164 4 N5 N2 190 0.050 1
164 5 N5 N5 71 0.050 0
164 6 N2 N5 60 0.160 0
164 7 N2 N3 158 0.160 0
164 8 N2 N2 251 0.160 1
164 9 N4 N2 0 0.100 0
164 10 N4 N5 24 0.100 0
164 11 N4 N3 147 0.100 1
165 1 N3 N5 31 0.310 0
165 2 N3 N3 190 0.310 1
165 3 N3 N2 136 0.310 0
165 4 N5 N2 190 0.100 1
165 5 N5 N5 71 0.100 0
165 6 N2 N5 62 0.180 0
165 7 N2 N3 158 0.180 0
165 8 N2 N2 252 0.180 1
165 9 N4 N2 0 1.190 0
165 10 N4 N5 24 1.190 0
165 11 N4 N3 147 1.190 1
166 1 N3 N5 31 1.400 0
166 2 N3 N3 190 1.400 1
166 3 N3 N2 136 1.400 0
166 4 N5 N2 191 0.130 1
166 5 N5 N5 71 0.130 0
166 6 N2 N5 62 0.360 0
166 7 N2 N3 161 0.360 0
166 8 N2 N2 252 0.360 1
166 9 N4 N2 0 0.020 0
166 10 N4 N5 26 0.020 0
166 11 N4 N3 149 0.020 1
167 1 N3 N5 33 0.320 0
167 2 N3 N3 192 0.320 1
167 3 N3 N2 135 0.320 0
167 4 N5 N2 192 0.190 1
167 5 N5 N5 72 0.190 0
167 6 N2 N5 65 0.310 0
167 7 N2 N3 163 0.310 0
167 8 N2 N2 253 0.310 1
167 9 N4 N2 0 0.090 0
167 10 N4 N5 26 0.090 0
167 11 N4 N3 151 0.090 1
168 1 N3 N5 34 0.010 0
168 2 N3 N3 195 0.010 1
168 3 N3 N2 133 0.010 0
168 4 N5 N2 193 0.270 1
168 5 N5 N5 73 0.270 0
168 6 N2 N5 69 0.390 0
168 7 N2 N3 165 0.390 0
168 8 N2 N2 254 0.390 1
168 9 N4 N2 0 0.380 0
168 10 N4 N5 26 0.380 0
168 11 N4 N3 153 0.380 1
169 1 N3 N5 36 0.080 0
169 2 N3 N3 197 0.080 1
169 3 N3 N2 132 0.080 0
169 4 N5 N2 193 0.310 1
169 5 N5 N5 73 0.310 0
169 6 N2 N5 69 0.080 0
169 7 N2 N3 168 0.080 0
169 8 N2 N2 254 0.080 1
169 9 N4 N2 0 0.440 0
169 10 N4 N5 27 0.440 0
169 11 N4 N3 153 0.440 1
170 1 N3 N5 36 0.270 0
170 2 N3 N3 199 0.270 1
170 3 N3 N2 131 0.270 0
170 4 N5 N2 193 0.030 1
170 5 N5 N5 77 0.030 0
170 6 N2 N5 70 0.080 0
170 7 N2 N3 170 0.080 0
170 8 N2 N2 254 0.080 1
170 9 N4 N2 0 0.040 0
170 10 N4 N5 26 0.040 0
170 11 N4 N3 154 0.040 1
171 1 N3 N5 36 0.230 0
171 2 N3 N3 201 0.230 1
171 3 N3 N2 129 0.230 0
171 4 N5 N2 193 0.480 1
171 5 N5 N5 80 0.480 0
171 6 N2 N5 72 0.140 0
171 7 N2 N3 172 0.140 0
171 8 N2 N2 254 0.140 1
171 9 N4 N2 0 1.120 0
171 10 N4 N5 26 1.120 0
171 11 N4 N3 154 1.120 1
172 1 N3 N5 36 1.310 0
172 2 N3 N3 201 1.310 1
172 3 N3 N2 129 1.310 0
172 4 N5 N2 193 0.000 1
172 5 N5 N5 82 0.000 0
172 6 N2 N5 74 0.160 0
172 7 N2 N3 171 0.160 0
172 8 N2 N2 254 0.160 1
172 9 N4 N2 0 0.420 0
172 10 N4 N5 26 0.420 0
172 11 N4 N3 154 0.420 1
173 1 N3 N5 36 0.330 0
173 2 N3 N3 204 0.330 1
173 3 N3 N2 130 0.330 0
173 4 N5 N2 194 0.050 1
173 5 N5 N5 82 0.050 0
173 6 N2 N5 74 0.320 0
173 7 N2 N3 169 0.320 0
173 8 N2 N2 255 0.320 1
173 9 N4 N2 0 0.220 0
173 10 N4 N5 26 0.220 0
173 11 N4 N3 153 0.220 1
174 1 N3 N5 37 0.030 0
174 2 N3 N3 205 0.030 1
174 3 N3 N2 130 0.030 0
174 4 N5 N2 194 0.110 1
174 5 N5 N5 82 0.110 0
174 6 N2 N5 75 0.510 0
174 7 N2 N3 169 0.510 0
174 8 N2 N2 255 0.510 1
174 9 N4 N2 0 1.310 0
174 10 N4 N5 26 1.310 0
174 11 N4 N3 153 1.310 1
175 1 N3 N5 37 0.110 0
175 2 N3 N3 204 0.110 1
175 3 N3 N2 130 0.110 0
175 4 N5 N2 193 0.170 1
175 5 N5 N5 82 0.170 0
175 6 N2 N5 74 0.440 0
175 7 N2 N3 166 0.440 0
175 8 N2 N2 254 0.440 1
175 9 N4 N2 0 0.090 0
175 10 N4 N5 27 0.090 0
175 11 N4 N3 153 0.090 1
176 1 N3 N5 38 0.210 0
176 2 N3 N3 201 0.210 1
176 3 N3 N2 131 0.210 0
176 4 N5 N2 193 0.740 1
176 5 N5 N5 83 0.740 0
176 6 N2 N5 73 0.110 0
176 7 N2 N3 164 0.110 0
176 8 N2 N2 254 0.110 1
176 9 N4 N2 0 0.430 0
176 10 N4 N5 27 0.430 0
176 11 N4 N3 152 0.430 1
177 1 N3 N5 38 0.300 0
177 2 N3 N3 198 0.300 1
177 3 N3 N2 131 0.300 0
177 4 N5 N2 193 0.300 1
177 5 N5 N5 85 0.300 0
177 6 N2 N5 71 0.040 0
177 7 N2 N3 154 0.040 0
177 8 N2 N2 254 0.040 1
177 9 N4 N2 0 1.010 0
177 10 N4 N5 27 1.010 0
177 11 N4 N3 150 1.010 1
178 1 N3 N5 38 0.870 0
178 2 N3 N3 196 0.870 1
178 3 N3 N2 131 0.870 0
178 4 N5 N2 192 0.850 1
178 5 N5 N5 83 0.850 0
178 6 N2 N5 71 1.120 0
178 7 N2 N3 154 1.120 0
178 8 N2 N2 254 1.120 1
178 9 N4 N2 0 2.090 0
178 10 N4 N5 27 2.090 0
178 11 N4 N3 150 2.090 1
179 1 N3 N5 38 0.910 0
179 2 N3 N3 194 0.910 1
179 3 N3 N2 133 0.910 0
179 4 N5 N2 191 0.020 1
179 5 N5 N5 79 0.020 0
179 6 N2 N5 71 0.810 0
179 7 N2 N3 154 0.810 0
179 8 N2 N2 254 0.810 1
179 9 N4 N2 0 3.180 0
179 10 N4 N5 27 3.180 0
179 11 N4 N3 150 3.180 1
180 1 N3 N5 39 0.440 0
180 2 N3 N3 189 0.440 1
180 3 N3 N2 133 0.440 0
180 4 N5 N2 190 0.460 1
180 5 N5 N5 75 0.460 0
180 6 N2 N5 66 0.200 0
180 7 N2 N3 151 0.200 0
180 8 N2 N2 254 0.200 1
180 9 N4 N2 0 4.260 0
180 10 N4 N5 27 4.260 0
180 11 N4 N3 150 4.260 1
181 1 N3 N5 39 1.580 0
181 2 N3 N3 189 1.580 1
181 3 N3 N2 133 1.580 0
181 4 N5 N2 187 0.060 1
181 5 N5 N5 71 0.060 0
181 6 N2 N5 64 0.280 0
181 7 N2 N3 151 0.280 0
181 8 N2 N2 254 0.280 1
181 9 N4 N2 0 5.400 0
181 10 N4 N5 27 5.400 0
181 11 N4 N3 150 5.400 1
182 1 N3 N5 31 0.110 0
182 2 N3 N3 182 0.110 1
182 3 N3 N2 127 0.110 0
182 4 N5 N2 186 0.140 1
182 5 N5 N5 70 0.140 0
182 6 N2 N5 62 0.510 0
182 7 N2 N3 138 0.510 0
182 8 N2 N2 254 0.510 1
182 9 N4 N2 0 0.600 0
182 10 N4 N5 26 0.600 0
182 11 N4 N3 149 0.600 1
183 1 N3 N5 31 0.060 0
183 2 N3 N3 177 0.060 1
183 3 N3 N2 127 0.060 0
183 4 N5 N2 184 0.170 1
183 5 N5 N5 69 0.170 0
183 6 N2 N5 58 0.030 0
183 7 N2 N3 134 0.030 0
183 8 N2 N2 253 0.030 1
183 9 N4 N2 0 0.380 0
183 10 N4 N5 26 0.380 0
183 11 N4 N3 148 0.380 1
184 1 N3 N5 26 0.120 0
184 2 N3 N3 171 0.120 1
184 3 N3 N2 127 0.120 0
184 4 N5 N2 183 0.200 1
184 5 N5 N5 67 0.200 0
184 6 N2 N5 56 0.070 0
184 7 N2 N3 127 0.070 0
184 8 N2 N2 253 0.070 1
184 9 N4 N2 0 0.420 0
184 10 N4 N5 26 0.420 0
184 11 N4 N3 146 0.420 1
185 1 N3 N5 28 0.050 0
185 2 N3 N3 168 0.050 1
185 3 N3 N2 127 0.050 0
185 4 N5 N2 183 0.260 1
185 5 N5 N5 66 0.260 0
185 6 N2 N5 56 0.130 0
185 7 N2 N3 120 0.130 0
185 8 N2 N2 252 0.130 1
185 9 N4 N2 0 1.510 0
185 10 N4 N5 26 1.510 0
185 11 N4 N3 146 1.510 1
186 1 N3 N5 28 0.240 0
186 2 N3 N3 168 0.240 1
186 3 N3 N2 128 0.240 0
186 4 N5 N2 182 0.320 1
186 5 N5 N5 66 0.320 0
186 6 N2 N5 59 0.080 0
186 7 N2 N3 116 0.080 0
186 8 N2 N2 252 0.080 1
186 9 N4 N2 0 0.550 0
186 10 N4 N5 27 0.550 0
186 11 N4 N3 146 0.550 1
187 1 N3 N5 31 0.300 0
187 2 N3 N3 168 0.300 1
187 3 N3 N2 129 0.300 0
187 4 N5 N2 182 0.400 1
187 5 N5 N5 71 0.400 0
187 6 N2 N5 65 0.140 0
187 7 N2 N3 119 0.140 0
187 8 N2 N2 251 0.140 1
187 9 N4 N2 0 0.100 0
187 10 N4 N5 28 0.100 0
187 11 N4 N3 145 0.100 1
188 1 N3 N5 34 0.260 0
188 2 N3 N3 169 0.260 1
188 3 N3 N2 131 0.260 0
188 4 N5 N2 181 0.470 1
188 5 N5 N5 72 0.470 0
188 6 N2 N5 68 0.230 0
188 7 N2 N3 121 0.230 0
188 8 N2 N2 251 0.230 1
188 9 N4 N2 0 0.190 0
188 10 N4 N5 30 0.190 0
188 11 N4 N3 145 0.190 1
189 1 N3 N5 38 0.140 0
189 2 N3 N3 170 0.140 1
189 3 N3 N2 131 0.140 0
189 4 N5 N2 178 0.110 1
189 5 N5 N5 77 0.110 0
189 6 N2 N5 68 0.400 0
189 7 N2 N3 121 0.400 0
189 8 N2 N2 250 0.400 1
189 9 N4 N2 0 0.420 0
189 10 N4 N5 30 0.420 0
189 11 N4 N3 146 0.420 1
190 1 N3 N5 38 0.350 0
190 2 N3 N3 171 0.350 1
190 3 N3 N2 132 0.350 0
190 4 N5 N2 175 0.040 1
190 5 N5 N5 78 0.040 0
190 6 N2 N5 71 0.470 0
190 7 N2 N3 124 0.470 0
190 8 N2 N2 248 0.470 1
190 9 N4 N2 0 0.350 0
190 10 N4 N5 30 0.350 0
190 11 N4 N3 146 0.350 1
191 1 N3 N5 39 0.040 0
191 2 N3 N3 175 0.040 1
191 3 N3 N2 131 0.040 0
191 4 N5 N2 173 0.100 1
191 5 N5 N5 80 0.100 0
191 6 N2 N5 70 0.040 0
191 7 N2 N3 123 0.040 0
191 8 N2 N2 246 0.040 1
191 9 N4 N2 0 0.410 0
191 10 N4 N5 32 0.410 0
191 11 N4 N3 145 0.410 1
192 1 N3 N5 39 0.650 0
192 2 N3 N3 176 0.650 1
192 3 N3 N2 131 0.650 0
192 4 N5 N2 170 0.170 1
192 5 N5 N5 80 0.170 0
192 6 N2 N5 68 0.060 0
192 7 N2 N3 124 0.060 0
192 8 N2 N2 243 0.060 1
192 9 N4 N2 0 0.820 0
192 10 N4 N5 32 0.820 0
192 11 N4 N3 145 0.820 1
193 1 N3 N5 38 0.190 0
193 2 N3 N3 179 0.190 1
193 3 N3 N2 132 0.190 0
193 4 N5 N2 166 0.240 1
193 5 N5 N5 80 0.240 0
193 6 N2 N5 68 0.140 0
193 7 N2 N3 126 0.140 0
193 8 N2 N2 242 0.140 1
193 9 N4 N2 0 0.060 0
193 10 N4 N5 32 0.060 0
193 11 N4 N3 146 0.060 1
194 1 N3 N5 38 0.160 0
194 2 N3 N3 181 0.160 1
194 3 N3 N2 132 0.160 0
194 4 N5 N2 165 0.280 1
194 5 N5 N5 79 0.280 0
194 6 N2 N5 67 0.090 0
194 7 N2 N3 130 0.090 0
194 8 N2 N2 240 0.090 1
194 9 N4 N2 0 0.090 0
194 10 N4 N5 32 0.090 0
194 11 N4 N3 149 0.090 1
195 1 N3 N5 37 0.200 0
195 2 N3 N3 182 0.200 1
195 3 N3 N2 133 0.200 0
195 4 N5 N2 165 0.350 1
195 5 N5 N5 78 0.350 0
195 6 N2 N5 66 0.160 0
195 7 N2 N3 134 0.160 0
195 8 N2 N2 239 0.160 1
195 9 N4 N2 0 0.140 0
195 10 N4 N5 32 0.140 0
195 11 N4 N3 150 0.140 1
196 1 N3 N5 37 0.390 0
196 2 N3 N3 182 0.390 1
196 3 N3 N2 133 0.390 0
196 4 N5 N2 165 0.420 1
196 5 N5 N5 78 0.420 0
196 6 N2 N5 65 0.350 0
196 7 N2 N3 138 0.350 0
196 8 N2 N2 236 0.350 1
196 9 N4 N2 0 1.230 0
196 10 N4 N5 32 1.230 0
196 11 N4 N3 150 1.230 1
197 1 N3 N5 37 0.310 0
197 2 N3 N3 183 0.310 1
197 3 N3 N2 134 0.310 0
197 4 N5 N2 165 0.470 1
197 5 N5 N5 77 0.470 0
197 6 N2 N5 65 0.270 0
197 7 N2 N3 138 0.270 0
197 8 N2 N2 235 0.270 1
197 9 N4 N2 0 0.290 0
197 10 N4 N5 31 0.290 0
197 11 N4 N3 152 0.290 1
198 1 N3 N5 37 0.470 0
198 2 N3 N3 183 0.470 1
198 3 N3 N2 134 0.470 0
198 4 N5 N2 165 0.080 1
198 5 N5 N5 69 0.080 0
198 6 N2 N5 65 0.360 0
198 7 N2 N3 140 0.360 0
198 8 N2 N2 235 0.360 1
198 9 N4 N2 0 0.090 0
198 10 N4 N5 28 0.090 0
198 11 N4 N3 152 0.090 1
199 1 N3 N5 37 0.050 0
199 2 N3 N3 185 0.050 1
199 3 N3 N2 134 0.050 0
199 4 N5 N2 167 0.160 1
199 5 N5 N5 65 0.160 0
199 6 N2 N5 60 0.030 0
199 7 N2 N3 141 0.030 0
199 8 N2 N2 235 0.030 1
199 9 N4 N2 0 0.660 0
199 10 N4 N5 28 0.660 0
199 11 N4 N3 153 0.660 1
200 1 N3 N5 37 0.030 0
200 2 N3 N3 185 0.030 1
200 3 N3 N2 137 0.030 0
200 4 N5 N2 168 0.150 1
200 5 N5 N5 60 0.150 0
200 6 N2 N5 59 0.110 0
200 7 N2 N3 136 0.110 0
200 8 N2 N2 235 0.110 1
200 9 N4 N2 0 0.390 0
200 10 N4 N5 28 0.390 0
200 11 N4 N3 153 0.390 1
201 1 N3 N5 32 0.150 0
201 2 N3 N3 184 0.150 1
201 3 N3 N2 138 0.150 0
201 4 N5 N2 168 0.230 1
201 5 N5 N5 57 0.230 0
201 6 N2 N5 55 0.170 0
201 7 N2 N3 134 0.170 0
201 8 N2 N2 235 0.170 1
201 9 N4 N2 0 0.520 0
201 10 N4 N5 26 0.520 0
201 11 N4 N3 153 0.520 1
202 1 N3 N5 31 0.190 0
202 2 N3 N3 181 0.190 1
202 3 N3 N2 138 0.190 0
202 4 N5 N2 169 0.270 1
202 5 N5 N5 58 0.270 0
202 6 N2 N5 53 0.240 0
202 7 N2 N3 131 0.240 0
202 8 N2 N2 234 0.240 1
202 9 N4 N2 0 1.610 0
202 10 N4 N5 26 1.610 0
202 11 N4 N3 153 1.610 1
203 1 N3 N5 29 0.200 0
203 2 N3 N3 178 0.200 1
203 3 N3 N2 139 0.200 0
203 4 N5 N2 170 0.310 1
203 5 N5 N5 58 0.310 0
203 6 N2 N5 49 0.200 0
203 7 N2 N3 129 0.200 0
203 8 N2 N2 235 0.200 1
203 9 N4 N2 0 0.180 0
203 10 N4 N5 26 0.180 0
203 11 N4 N3 152 0.180 1
204 1 N3 N5 29 0.090 0
204 2 N3 N3 176 0.090 1
204 3 N3 N2 138 0.090 0
204 4 N5 N2 171 0.370 1
204 5 N5 N5 58 0.370 0
204 6 N2 N5 50 0.210 0
204 7 N2 N3 129 0.210 0
204 8 N2 N2 237 0.210 1
204 9 N4 N2 0 0.160 0
204 10 N4 N5 22 0.160 0
204 11 N4 N3 152 0.160 1
205 1 N3 N5 29 0.300 0
205 2 N3 N3 172 0.300 1
205 3 N3 N2 137 0.300 0
205 4 N5 N2 172 0.440 1
205 5 N5 N5 55 0.440 0
205 6 N2 N5 50 0.330 0
205 7 N2 N3 129 0.330 0
205 8 N2 N2 238 0.330 1
205 9 N4 N2 0 1.240 0
205 10 N4 N5 22 1.240 0
205 11 N4 N3 152 1.240 1
206 1 N3 N5 29 0.200 0
206 2 N3 N3 170 0.200 1
206 3 N3 N2 135 0.200 0
206 4 N5 N2 174 0.010 1
206 5 N5 N5 54 0.010 0
206 6 N2 N5 50 0.440 0
206 7 N2 N3 131 0.440 0
206 8 N2 N2 238 0.440 1
206 9 N4 N2 0 0.440 0
206 10 N4 N5 22 0.440 0
206 11 N4 N3 151 0.440 1
207 1 N3 N5 27 0.020 0
207 2 N3 N3 166 0.020 1
207 3 N3 N2 137 0.020 0
207 4 N5 N2 174 0.060 1
207 5 N5 N5 55 0.060 0
207 6 N2 N5 48 0.040 0
207 7 N2 N3 132 0.040 0
207 8 N2 N2 237 0.040 1
207 9 N4 N2 0 0.730 0
207 10 N4 N5 21 0.730 0
207 11 N4 N3 150 0.730 1
208 1 N3 N5 26 0.100 0
208 2 N3 N3 164 0.100 1
208 3 N3 N2 136 0.100 0
208 4 N5 N2 175 0.120 1
208 5 N5 N5 55 0.120 0
208 6 N2 N5 46 0.110 0
208 7 N2 N3 135 0.110 0
208 8 N2 N2 238 0.110 1
208 9 N4 N2 0 0.510 0
208 10 N4 N5 21 0.510 0
208 11 N4 N3 149 0.510 1
209 1 N3 N5 26 0.140 0
209 2 N3 N3 162 0.140 1
209 3 N3 N2 136 0.140 0
209 4 N5 N2 175 0.200 1
209 5 N5 N5 53 0.200 0
209 6 N2 N5 45 0.190 0
209 7 N2 N3 137 0.190 0
209 8 N2 N2 239 0.190 1
209 9 N4 N2 0 0.360 0
209 10 N4 N5 21 0.360 0
209 11 N4 N3 149 0.360 1
210 1 N3 N5 25 0.110 0
210 2 N3 N3 162 0.110 1
210 3 N3 N2 136 0.110 0
210 4 N5 N2 173 0.260 1
210 5 N5 N5 51 0.260 0
210 6 N2 N5 44 0.150 0
210 7 N2 N3 137 0.150 0
210 8 N2 N2 239 0.150 1
210 9 N4 N2 0 0.140 0
210 10 N4 N5 20 0.140 0
210 11 N4 N3 146 0.140 1
211 1 N3 N5 25 0.270 0
211 2 N3 N3 163 0.270 1
211 3 N3 N2 136 0.270 0
211 4 N5 N2 173 0.320 1
211 5 N5 N5 49 0.320 0
211 6 N2 N5 43 0.180 0
211 7 N2 N3 137 0.180 0
211 8 N2 N2 238 0.180 1
211 9 N4 N2 0 1.210 0
211 10 N4 N5 20 1.210 0
211 11 N4 N3 146 1.210 1
212 1 N3 N5 25 0.750 0
212 2 N3 N3 163 0.750 1
212 3 N3 N2 136 0.750 0
212 4 N5 N2 173 0.040 1
212 5 N5 N5 50 0.040 0
212 6 N2 N5 43 0.270 0
212 7 N2 N3 142 0.270 0
212 8 N2 N2 237 0.270 1
212 9 N4 N2 0 0.730 0
212 10 N4 N5 20 0.730 0
212 11 N4 N3 146 0.730 1
213 1 N3 N5 25 0.180 0
213 2 N3 N3 162 0.180 1
213 3 N3 N2 136 0.180 0
213 4 N5 N2 171 0.190 1
213 5 N5 N5 50 0.190 0
213 6 N2 N5 43 0.180 0
213 7 N2 N3 144 0.180 0
213 8 N2 N2 235 0.180 1
213 9 N4 N2 0 1.810 0
213 10 N4 N5 20 1.810 0
213 11 N4 N3 146 1.810 1
214 1 N3 N5 25 0.120 0
214 2 N3 N3 163 0.120 1
214 3 N3 N2 136 0.120 0
214 4 N5 N2 171 0.180 1
214 5 N5 N5 50 0.180 0
214 6 N2 N5 43 1.290 0
214 7 N2 N3 144 1.290 0
214 8 N2 N2 235 1.290 1
214 9 N4 N2 0 0.020 0
214 10 N4 N5 20 0.020 0
214 11 N4 N3 144 0.020 1
215 1 N3 N5 25 0.050 0
215 2 N3 N3 161 0.050 1
215 3 N3 N2 132 0.050 0
215 4 N5 N2 169 0.130 1
215 5 N5 N5 50 0.130 0
215 6 N2 N5 41 0.100 0
215 7 N2 N3 145 0.100 0
215 8 N2 N2 234 0.100 1
215 9 N4 N2 0 0.020 0
215 10 N4 N5 20 0.020 0
215 11 N4 N3 141 0.020 1
216 1 N3 N5 25 0.180 0
216 2 N3 N3 158 0.180 1
216 3 N3 N2 128 0.180 0
216 4 N5 N2 169 0.180 1
216 5 N5 N5 48 0.180 0
216 6 N2 N5 41 0.160 0
216 7 N2 N3 138 0.160 0
216 8 N2 N2 233 0.160 1
216 9 N4 N2 0 0.430 0
216 10 N4 N5 20 0.430 0
216 11 N4 N3 138 0.430 1
217 1 N3 N5 25 0.210 0
217 2 N3 N3 155 0.210 1
217 3 N3 N2 125 0.210 0
217 4 N5 N2 168 0.240 1
217 5 N5 N5 48 0.240 0
217 6 N2 N5 36 0.100 0
217 7 N2 N3 138 0.100 0
217 8 N2 N2 232 0.100 1
217 9 N4 N2 0 1.520 0
217 10 N4 N5 20 1.520 0
217 11 N4 N3 138 1.520 1
218 1 N3 N5 25 0.110 0
218 2 N3 N3 152 0.110 1
218 3 N3 N2 119 0.110 0
218 4 N5 N2 166 0.110 1
218 5 N5 N5 48 0.110 0
218 6 N2 N5 36 0.110 0
218 7 N2 N3 138 0.110 0
218 8 N2 N2 230 0.110 1
218 9 N4 N2 0 2.600 0
218 10 N4 N5 20 2.600 0
218 11 N4 N3 138 2.600 1
219 1 N3 N5 25 0.320 0
219 2 N3 N3 149 0.320 1
219 3 N3 N2 116 0.320 0
219 4 N5 N2 165 0.350 1
219 5 N5 N5 47 0.350 0
219 6 N2 N5 32 0.190 0
219 7 N2 N3 133 0.190 0
219 8 N2 N2 229 0.190 1
219 9 N4 N2 0 3.690 0
219 10 N4 N5 20 3.690 0
219 11 N4 N3 138 3.690 1
220 1 N3 N5 19 0.740 0
220 2 N3 N3 148 0.740 1
220 3 N3 N2 114 0.740 0
220 4 N5 N2 164 0.430 1
220 5 N5 N5 47 0.430 0
220 6 N2 N5 32 0.380 0
220 7 N2 N3 120 0.380 0
220 8 N2 N2 228 0.380 1
220 9 N4 N2 0 4.770 0
220 10 N4 N5 20 4.770 0
220 11 N4 N3 138 4.770 1
221 1 N3 N5 19 0.040 0
221 2 N3 N3 144 0.040 1
221 3 N3 N2 112 0.040 0
221 4 N5 N2 165 0.490 1
221 5 N5 N5 46 0.490 0
221 6 N2 N5 31 0.300 0
221 7 N2 N3 111 0.300 0
221 8 N2 N2 228 0.300 1
221 9 N4 N2 0 0.750 0
221 10 N4 N5 20 0.750 0
221 11 N4 N3 136 0.750 1
222 1 N3 N5 13 0.490 0
222 2 N3 N3 141 0.490 1
222 3 N3 N2 107 0.490 0
222 4 N5 N2 166 0.060 1
222 5 N5 N5 42 0.060 0
222 6 N2 N5 30 0.460 0
222 7 N2 N3 111 0.460 0
222 8 N2 N2 226 0.460 1
222 9 N4 N2 0 0.670 0
222 10 N4 N5 19 0.670 0
222 11 N4 N3 133 0.670 1
223 1 N3 N5 13 0.060 0
223 2 N3 N3 138 0.060 1
223 3 N3 N2 104 0.060 0
223 4 N5 N2 167 0.110 1
223 5 N5 N5 40 0.110 0
223 6 N2 N5 32 0.040 0
223 7 N2 N3 100 0.040 0
223 8 N2 N2 226 0.040 1
223 9 N4 N2 0 1.780 0
223 10 N4 N5 19 1.780 0
223 11 N4 N3 133 1.780 1
224 1 N3 N5 13 0.140 0
224 2 N3 N3 135 0.140 1
224 3 N3 N2 104 0.140 0
224 4 N5 N2 169 0.170 1
224 5 N5 N5 40 0.170 0
224 6 N2 N5 32 0.080 0
224 7 N2 N3 98 0.080 0
224 8 N2 N2 225 0.080 1
224 9 N4 N2 0 0.990 0
224 10 N4 N5 19 0.990 0
224 11 N4 N3 130 0.990 1
225 1 N3 N5 15 0.060 0
225 2 N3 N3 131 0.060 1
225 3 N3 N2 103 0.060 0
225 4 N5 N2 173 0.240 1
225 5 N5 N5 39 0.240 0
225 6 N2 N5 36 0.030 0
225 7 N2 N3 98 0.030 0
225 8 N2 N2 225 0.030 1
225 9 N4 N2 0 0.050 0
225 10 N4 N5 17 0.050 0
225 11 N4 N3 127 0.050 1
226 1 N3 N5 15 0.880 0
226 2 N3 N3 129 0.880 1
226 3 N3 N2 103 0.880 0
226 4 N5 N2 175 0.300 1
226 5 N5 N5 40 0.300 0
226 6 N2 N5 35 0.100 0
226 7 N2 N3 95 0.100 0
226 8 N2 N2 227 0.100 1
226 9 N4 N2 0 0.110 0
226 10 N4 N5 15 0.110 0
226 11 N4 N3 121 0.110 1
227 1 N3 N5 15 0.180 0
227 2 N3 N3 126 0.180 1
227 3 N3 N2 104 0.180 0
227 4 N5 N2 176 0.370 1
227 5 N5 N5 39 0.370 0
227 6 N2 N5 35 0.170 0
227 7 N2 N3 92 0.170 0
227 8 N2 N2 228 0.170 1
227 9 N4 N2 0 0.670 0
227 10 N4 N5 12 0.670 0
227 11 N4 N3 118 0.670 1
228 1 N3 N5 16 0.730 0
228 2 N3 N3 125 0.730 1
228 3 N3 N2 105 0.730 0
228 4 N5 N2 175 0.020 1
228 5 N5 N5 39 0.020 0
228 6 N2 N5 34 0.210 0
228 7 N2 N3 90 0.210 0
228 8 N2 N2 228 0.210 1
228 9 N4 N2 0 0.200 0
228 10 N4 N5 12 0.200 0
228 11 N4 N3 115 0.200 1
229 1 N3 N5 16 0.030 0
229 2 N3 N3 123 0.030 1
229 3 N3 N2 107 0.030 0
229 4 N5 N2 176 0.100 1
229 5 N5 N5 39 0.100 0
229 6 N2 N5 33 0.280 0
229 7 N2 N3 90 0.280 0
229 8 N2 N2 228 0.280 1
229 9 N4 N2 0 0.100 0
229 10 N4 N5 13 0.100 0
229 11 N4 N3 113 0.100 1
230 1 N3 N5 17 0.460 0
230 2 N3 N3 122 0.460 1
230 3 N3 N2 108 0.460 0
230 4 N5 N2 176 0.020 1
230 5 N5 N5 39 0.020 0
230 6 N2 N5 34 0.330 0
230 7 N2 N3 93 0.330 0
230 8 N2 N2 228 0.330 1
230 9 N4 N2 0 0.350 0
230 10 N4 N5 13 0.350 0
230 11 N4 N3 110 0.350 1
231 1 N3 N5 16 0.160 0
231 2 N3 N3 123 0.160 1
231 3 N3 N2 110 0.160 0
231 4 N5 N2 177 0.120 1
231 5 N5 N5 39 0.120 0
231 6 N2 N5 35 0.520 0
231 7 N2 N3 94 0.520 0
231 8 N2 N2 227 0.520 1
231 9 N4 N2 0 1.440 0
231 10 N4 N5 13 1.440 0
231 11 N4 N3 110 1.440 1
232 1 N3 N5 16 0.090 0
232 2 N3 N3 127 0.090 1
232 3 N3 N2 110 0.090 0
232 4 N5 N2 177 0.160 1
232 5 N5 N5 39 0.160 0
232 6 N2 N5 35 0.050 0
232 7 N2 N3 96 0.050 0
232 8 N2 N2 227 0.050 1
232 9 N4 N2 0 0.480 0
232 10 N4 N5 12 0.480 0
232 11 N4 N3 108 0.480 1
233 1 N3 N5 16 0.060 0
233 2 N3 N3 129 0.060 1
233 3 N3 N2 111 0.060 0
233 4 N5 N2 178 0.200 1
233 5 N5 N5 39 0.200 0
233 6 N2 N5 36 0.090 0
233 7 N2 N3 100 0.090 0
233 8 N2 N2 227 0.090 1
233 9 N4 N2 0 0.030 0
233 10 N4 N5 13 0.030 0
233 11 N4 N3 108 0.030 1
234 1 N3 N5 16 0.230 0
234 2 N3 N3 131 0.230 1
234 3 N3 N2 112 0.230 0
234 4 N5 N2 178 0.290 1
234 5 N5 N5 38 0.290 0
234 6 N2 N5 36 0.020 0
234 7 N2 N3 99 0.020 0
234 8 N2 N2 227 0.020 1
234 9 N4 N2 0 0.090 0
234 10 N4 N5 12 0.090 0
234 11 N4 N3 108 0.090 1
235 1 N3 N5 16 0.280 0
235 2 N3 N3 136 0.280 1
235 3 N3 N2 112 0.280 0
235 4 N5 N2 180 0.390 1
235 5 N5 N5 38 0.390 0
235 6 N2 N5 36 0.170 0
235 7 N2 N3 100 0.170 0
235 8 N2 N2 228 0.170 1
235 9 N4 N2 0 0.160 0
235 10 N4 N5 13 0.160 0
235 11 N4 N3 109 0.160 1
236 1 N3 N5 15 0.310 0
236 2 N3 N3 142 0.310 1
236 3 N3 N2 112 0.310 0
236 4 N5 N2 182 0.420 1
236 5 N5 N5 38 0.420 0
236 6 N2 N5 32 0.090 0
236 7 N2 N3 100 0.090 0
236 8 N2 N2 230 0.090 1
236 9 N4 N2 0 0.210 0
236 10 N4 N5 13 0.210 0
236 11 N4 N3 111 0.210 1
237 1 N3 N5 15 0.000 0
237 2 N3 N3 147 0.000 1
237 3 N3 N2 113 0.000 0
237 4 N5 N2 184 0.000 1
237 5 N5 N5 39 0.000 0
237 6 N2 N5 32 0.000 0
237 7 N2 N3 99 0.000 0
237 8 N2 N2 230 0.000 1
237 9 N4 N2 0 1.300 0
237 10 N4 N5 13 1.300 0
237 11 N4 N3 111 1.300 1
238 1 N3 N5 15 0.040 0
238 2 N3 N3 151 0.040 1
238 3 N3 N2 113 0.040 0
238 4 N5 N2 185 0.050 1
238 5 N5 N5 39 0.050 0
238 6 N2 N5 32 0.360 0
238 7 N2 N3 99 0.360 0
238 8 N2 N2 231 0.360 1
238 9 N4 N2 0 0.660 0
238 10 N4 N5 12 0.660 0
238 11 N4 N3 111 0.660 1
239 1 N3 N5 15 0.090 0
239 2 N3 N3 151 0.090 1
239 3 N3 N2 113 0.090 0
239 4 N5 N2 186 0.160 1
239 5 N5 N5 39 0.160 0
239 6 N2 N5 31 0.470 0
239 7 N2 N3 99 0.470 0
239 8 N2 N2 231 0.470 1
239 9 N4 N2 0 0.450 0
239 10 N4 N5 12 0.450 0
239 11 N4 N3 112 0.450 1
240 1 N3 N5 15 0.040 0
240 2 N3 N3 151 0.040 1
240 3 N3 N2 113 0.040 0
240 4 N5 N2 187 0.190 1
240 5 N5 N5 39 0.190 0
240 6 N2 N5 31 0.030 0
240 7 N2 N3 100 0.030 0
240 8 N2 N2 232 0.030 1
240 9 N4 N2 0 0.300 0
240 10 N4 N5 12 0.300 0
240 11 N4 N3 114 0.300 1
241 1 N3 N5 14 0.080 0
241 2 N3 N3 152 0.080 1
241 3 N3 N2 113 0.080 0
241 4 N5 N2 188 0.250 1
241 5 N5 N5 39 0.250 0
241 6 N2 N5 31 0.070 0
241 7 N2 N3 101 0.070 0
241 8 N2 N2 233 0.070 1
241 9 N4 N2 0 1.380 0
241 10 N4 N5 12 1.380 0
241 11 N4 N3 114 1.380 1
242 1 N3 N5 14 0.160 0
242 2 N3 N3 153 0.160 1
242 3 N3 N2 113 0.160 0
242 4 N5 N2 188 0.290 1
242 5 N5 N5 39 0.290 0
242 6 N2 N5 30 0.020 0
242 7 N2 N3 106 0.020 0
242 8 N2 N2 233 0.020 1
242 9 N4 N2 0 0.600 0
242 10 N4 N5 12 0.600 0
242 11 N4 N3 116 0.600 1
243 1 N3 N5 13 0.140 0
243 2 N3 N3 152 0.140 1
243 3 N3 N2 114 0.140 0
243 4 N5 N2 189 0.360 1
243 5 N5 N5 39 0.360 0
243 6 N2 N5 28 0.080 0
243 7 N2 N3 106 0.080 0
243 8 N2 N2 232 0.080 1
243 9 N4 N2 0 0.190 0
243 10 N4 N5 12 0.190 0
243 11 N4 N3 117 0.190 1
244 1 N3 N5 13 0.390 0
244 2 N3 N3 153 0.390 1
244 3 N3 N2 114 0.390 0
244 4 N5 N2 190 0.390 1
244 5 N5 N5 39 0.390 0
244 6 N2 N5 28 0.140 0
244 7 N2 N3 110 0.140 0
244 8 N2 N2 230 0.140 1
244 9 N4 N2 0 0.220 0
244 10 N4 N5 11 0.220 0
244 11 N4 N3 118 0.220 1
245 1 N3 N5 13 0.230 0
245 2 N3 N3 154 0.230 1
245 3 N3 N2 117 0.230 0
245 4 N5 N2 190 0.970 1
245 5 N5 N5 39 0.970 0
245 6 N2 N5 27 0.210 0
245 7 N2 N3 111 0.210 0
245 8 N2 N2 230 0.210 1
245 9 N4 N2 0 0.230 0
245 10 N4 N5 11 0.230 0
245 11 N4 N3 118 0.230 1
246 1 N3 N5 13 0.400 0
246 2 N3 N3 153 0.400 1
246 3 N3 N2 122 0.400 0
246 4 N5 N2 192 0.030 1
246 5 N5 N5 36 0.030 0
246 6 N2 N5 24 0.260 0
246 7 N2 N3 111 0.260 0
246 8 N2 N2 229 0.260 1
246 9 N4 N2 0 0.320 0
246 10 N4 N5 10 0.320 0
246 11 N4 N3 118 0.320 1
247 1 N3 N5 12 0.440 0
247 2 N3 N3 152 0.440 1
247 3 N3 N2 127 0.440 0
247 4 N5 N2 195 0.090 1
247 5 N5 N5 35 0.090 0
247 6 N2 N5 24 0.450 0
247 7 N2 N3 112 0.450 0
247 8 N2 N2 229 0.450 1
247 9 N4 N2 0 0.390 0
247 10 N4 N5 10 0.390 0
247 11 N4 N3 118 0.390 1
248 1 N3 N5 12 0.610 0
248 2 N3 N3 154 0.610 1
248 3 N3 N2 129 0.610 0
248 4 N5 N2 198 0.140 1
248 5 N5 N5 30 0.140 0
248 6 N2 N5 21 0.360 0
248 7 N2 N3 113 0.360 0
248 8 N2 N2 230 0.360 1
248 9 N4 N2 0 1.470 0
248 10 N4 N5 10 1.470 0
248 11 N4 N3 118 1.470 1
249 1 N3 N5 12 0.020 0
249 2 N3 N3 156 0.020 1
249 3 N3 N2 134 0.020 0
249 4 N5 N2 203 0.220 1
249 5 N5 N5 24 0.220 0
249 6 N2 N5 19 0.020 0
249 7 N2 N3 111 0.020 0
249 8 N2 N2 233 0.020 1
249 9 N4 N2 0 0.500 0
249 10 N4 N5 10 0.500 0
249 11 N4 N3 118 0.500 1
250 1 N3 N5 12 0.100 0
250 2 N3 N3 156 0.100 1
250 3 N3 N2 138 0.100 0
250 4 N5 N2 207 0.300 1
250 5 N5 N5 28 0.300 0
250 6 N2 N5 19 0.090 0
250 7 N2 N3 105 0.090 0
250 8 N2 N2 235 0.090 1
250 9 N4 N2 0 1.590 0
250 10 N4 N5 10 1.590 0
250 11 N4 N3 118 1.590 1
251 1 N3 N5 12 0.150 0
251 2 N3 N3 157 0.150 1
251 3 N3 N2 142 0.150 0
251 4 N5 N2 211 0.320 1
251 5 N5 N5 31 0.320 0
251 6 N2 N5 19 0.560 0
251 7 N2 N3 102 0.560 0
251 8 N2 N2 236 0.560 1
251 9 N4 N2 0 0.080 0
251 10 N4 N5 11 0.080 0
251 11 N4 N3 118 0.080 1
252 1 N3 N5 12 0.720 0
252 2 N3 N3 158 0.720 1
252 3 N3 N2 145 0.720 0
252 4 N5 N2 211 0.390 1
252 5 N5 N5 32 0.390 0
252 6 N2 N5 21 0.100 0
252 7 N2 N3 102 0.100 0
252 8 N2 N2 239 0.100 1
252 9 N4 N2 0 0.130 0
252 10 N4 N5 11 0.130 0
252 11 N4 N3 117 0.130 1
253 1 N3 N5 12 0.290 0
253 2 N3 N3 160 0.290 1
253 3 N3 N2 148 0.290 0
253 4 N5 N2 210 0.420 1
253 5 N5 N5 32 0.420 0
253 6 N2 N5 22 0.280 0
253 7 N2 N3 102 0.280 0
253 8 N2 N2 241 0.280 1
253 9 N4 N2 0 0.710 0
253 10 N4 N5 11 0.710 0
253 11 N4 N3 117 0.710 1
254 1 N3 N5 10 0.460 0
254 2 N3 N3 159 0.460 1
254 3 N3 N2 150 0.460 0
254 4 N5 N2 208 0.070 1
254 5 N5 N5 34 0.070 0
254 6 N2 N5 27 0.200 0
254 7 N2 N3 103 0.200 0
254 8 N2 N2 243 0.200 1
254 9 N4 N2 0 1.800 0
254 10 N4 N5 11 1.800 0
254 11 N4 N3 117 1.800 1
255 1 N3 N5 0 0.030 0
255 2 N3 N3 160 0.030 1
255 3 N3 N2 150 0.030 0
255 4 N5 N2 204 0.020 1
255 5 N5 N5 37 0.020 0
255 6 N2 N5 32 0.280 0
255 7 N2 N3 103 0.280 0
255 8 N2 N2 244 0.280 1
255 9 N4 N2 0 0.820 0
255 10 N4 N5 11 0.820 0
255 11 N4 N3 116 0.820 1
256 1 N3 N5 0 0.080 0
256 2 N3 N3 163 0.080 1
256 3 N3 N2 152 0.080 0
256 4 N5 N2 202 0.590 1
256 5 N5 N5 40 0.590 0
256 6 N2 N5 32 0.320 0
256 7 N2 N3 108 0.320 0
256 8 N2 N2 245 0.320 1
256 9 N4 N2 0 0.700 0
256 10 N4 N5 11 0.700 0
256 11 N4 N3 116 0.700 1
257 1 N3 N5 20 0.060 0
257 2 N3 N3 164 0.060 1
257 3 N3 N2 151 0.060 0
257 4 N5 N2 202 0.130 1
257 5 N5 N5 40 0.130 0
257 6 N2 N5 32 0.030 0
257 7 N2 N3 113 0.030 0
257 8 N2 N2 245 0.030 1
257 9 N4 N2 0 0.250 0
257 10 N4 N5 12 0.250 0
257 11 N4 N3 116 0.250 1
258 1 N3 N5 20 0.240 0
258 2 N3 N3 164 0.240 1
258 3 N3 N2 151 0.240 0
258 4 N5 N2 200 0.200 1
258 5 N5 N5 39 0.200 0
258 6 N2 N5 33 0.080 0
258 7 N2 N3 114 0.080 0
258 8 N2 N2 244 0.080 1
258 9 N4 N2 0 0.040 0
258 10 N4 N5 13 0.040 0
258 11 N4 N3 115 0.040 1
259 1 N3 N5 20 0.140 0
259 2 N3 N3 163 0.140 1
259 3 N3 N2 150 0.140 0
259 4 N5 N2 199 0.140 1
259 5 N5 N5 40 0.140 0
259 6 N2 N5 33 0.020 0
259 7 N2 N3 114 0.020 0
259 8 N2 N2 244 0.020 1
259 9 N4 N2 0 1.130 0
259 10 N4 N5 13 1.130 0
259 11 N4 N3 115 1.130 1
260 1 N3 N5 20 0.230 0
260 2 N3 N3 163 0.230 1
260 3 N3 N2 147 0.230 0
260 4 N5 N2 199 0.300 1
260 5 N5 N5 39 0.300 0
260 6 N2 N5 30 0.110 0
260 7 N2 N3 114 0.110 0
260 8 N2 N2 244 0.110 1
260 9 N4 N2 0 0.170 0
260 10 N4 N5 13 0.170 0
260 11 N4 N3 115 0.170 1
261 1 N3 N5 17 0.190 0
261 2 N3 N3 162 0.190 1
261 3 N3 N2 145 0.190 0
261 4 N5 N2 199 0.360 1
261 5 N5 N5 39 0.360 0
261 6 N2 N5 30 0.290 0
261 7 N2 N3 113 0.290 0
261 8 N2 N2 245 0.290 1
261 9 N4 N2 0 0.760 0
261 10 N4 N5 13 0.760 0
261 11 N4 N3 115 0.760 1
262 1 N3 N5 17 0.030 0
262 2 N3 N3 162 0.030 1
262 3 N3 N2 143 0.030 0
262 4 N5 N2 198 0.020 1
262 5 N5 N5 38 0.020 0
262 6 N2 N5 30 0.290 0
262 7 N2 N3 111 0.290 0
262 8 N2 N2 244 0.290 1
262 9 N4 N2 0 0.360 0
262 10 N4 N5 13 0.360 0
262 11 N4 N3 113 0.360 1
263 1 N3 N5 17 0.110 0
263 2 N3 N3 162 0.110 1
263 3 N3 N2 143 0.110 0
263 4 N5 N2 196 0.050 1
263 5 N5 N5 37 0.050 0
263 6 N2 N5 29 0.470 0
263 7 N2 N3 110 0.470 0
263 8 N2 N2 243 0.470 1
263 9 N4 N2 0 0.280 0
263 10 N4 N5 13 0.280 0
263 11 N4 N3 113 0.280 1
264 1 N3 N5 17 0.060 0
264 2 N3 N3 162 0.060 1
264 3 N3 N2 141 0.060 0
264 4 N5 N2 194 0.500 1
264 5 N5 N5 36 0.500 0
264 6 N2 N5 29 0.030 0
264 7 N2 N3 112 0.030 0
264 8 N2 N2 241 0.030 1
264 9 N4 N2 0 0.830 0
264 10 N4 N5 13 0.830 0
264 11 N4 N3 113 0.830 1
265 1 N3 N5 17 0.630 0
265 2 N3 N3 162 0.630 1
265 3 N3 N2 141 0.630 0
265 4 N5 N2 190 0.060 1
265 5 N5 N5 36 0.060 0
265 6 N2 N5 31 0.110 0
265 7 N2 N3 115 0.110 0
265 8 N2 N2 241 0.110 1
265 9 N4 N2 0 1.920 0
265 10 N4 N5 13 1.920 0
265 11 N4 N3 113 1.920 1
266 1 N3 N5 17 0.810 0
266 2 N3 N3 162 0.810 1
266 3 N3 N2 140 0.810 0
266 4 N5 N2 187 0.100 1
266 5 N5 N5 37 0.100 0
266 6 N2 N5 33 0.090 0
266 7 N2 N3 117 0.090 0
266 8 N2 N2 240 0.090 1
266 9 N4 N2 0 0.070 0
266 10 N4 N5 13 0.070 0
266 11 N4 N3 114 0.070 1
267 1 N3 N5 17 0.380 0
267 2 N3 N3 162 0.380 1
267 3 N3 N2 142 0.380 0
267 4 N5 N2 185 0.220 1
267 5 N5 N5 36 0.220 0
267 6 N2 N5 33 0.220 0
267 7 N2 N3 119 0.220 0
267 8 N2 N2 239 0.220 1
267 9 N4 N2 0 0.120 0
267 10 N4 N5 13 0.120 0
267 11 N4 N3 115 0.120 1
268 1 N3 N5 19 0.200 0
268 2 N3 N3 163 0.200 1
268 3 N3 N2 145 0.200 0
268 4 N5 N2 184 0.270 1
268 5 N5 N5 37 0.270 0
268 6 N2 N5 37 0.150 0
268 7 N2 N3 121 0.150 0
268 8 N2 N2 238 0.150 1
268 9 N4 N2 0 0.040 0
268 10 N4 N5 15 0.040 0
268 11 N4 N3 115 0.040 1
269 1 N3 N5 24 0.250 0
269 2 N3 N3 165 0.250 1
269 3 N3 N2 149 0.250 0
269 4 N5 N2 183 0.360 1
269 5 N5 N5 41 0.360 0
269 6 N2 N5 39 0.230 0
269 7 N2 N3 120 0.230 0
269 8 N2 N2 238 0.230 1
269 9 N4 N2 0 0.770 0
269 10 N4 N5 15 0.770 0
269 11 N4 N3 115 0.770 1
270 1 N3 N5 28 0.040 0
270 2 N3 N3 168 0.040 1
270 3 N3 N2 156 0.040 0
270 4 N5 N2 184 0.440 1
270 5 N5 N5 44 0.440 0
270 6 N2 N5 40 0.100 0
270 7 N2 N3 120 0.100 0
270 8 N2 N2 238 0.100 1
270 9 N4 N2 0 0.090 0
270 10 N4 N5 15 0.090 0
270 11 N4 N3 116 0.090 1
271 1 N3 N5 28 0.080 0
271 2 N3 N3 170 0.080 1
271 3 N3 N2 160 0.080 0
271 4 N5 N2 185 0.080 1
271 5 N5 N5 45 0.080 0
271 6 N2 N5 41 0.370 0
271 7 N2 N3 120 0.370 0
271 8 N2 N2 239 0.370 1
271 9 N4 N2 0 0.320 0
271 10 N4 N5 16 0.320 0
271 11 N4 N3 115 0.320 1
272 1 N3 N5 28 0.030 0
272 2 N3 N3 169 0.030 1
272 3 N3 N2 162 0.030 0
272 4 N5 N2 185 0.040 1
272 5 N5 N5 46 0.040 0
272 6 N2 N5 42 0.040 0
272 7 N2 N3 119 0.040 0
272 8 N2 N2 238 0.040 1
272 9 N4 N2 0 0.390 0
272 10 N4 N5 17 0.390 0
272 11 N4 N3 116 0.390 1
273 1 N3 N5 28 0.210 0
273 2 N3 N3 170 0.210 1
273 3 N3 N2 163 0.210 0
273 4 N5 N2 184 0.630 1
273 5 N5 N5 46 0.630 0
273 6 N2 N5 42 0.110 0
273 7 N2 N3 119 0.110 0
273 8 N2 N2 239 0.110 1
273 9 N4 N2 0 0.480 0
273 10 N4 N5 18 0.480 0
273 11 N4 N3 117 0.480 1
274 1 N3 N5 29 0.040 0
274 2 N3 N3 169 0.040 1
274 3 N3 N2 163 0.040 0
274 4 N5 N2 181 0.170 1
274 5 N5 N5 48 0.170 0
274 6 N2 N5 42 0.060 0
274 7 N2 N3 116 0.060 0
274 8 N2 N2 239 0.060 1
274 9 N4 N2 0 0.280 0
274 10 N4 N5 20 0.280 0
274 11 N4 N3 118 0.280 1
275 1 N3 N5 29 0.220 0
275 2 N3 N3 170 0.220 1
275 3 N3 N2 163 0.220 0
275 4 N5 N2 179 0.240 1
275 5 N5 N5 49 0.240 0
275 6 N2 N5 43 0.100 0
275 7 N2 N3 115 0.100 0
275 8 N2 N2 239 0.100 1
275 9 N4 N2 0 0.070 0
275 10 N4 N5 21 0.070 0
275 11 N4 N3 122 0.070 1
276 1 N3 N5 29 0.260 0
276 2 N3 N3 171 0.260 1
276 3 N3 N2 162 0.260 0
276 4 N5 N2 176 0.310 1
276 5 N5 N5 50 0.310 0
276 6 N2 N5 43 0.150 0
276 7 N2 N3 119 0.150 0
276 8 N2 N2 239 0.150 1
276 9 N4 N2 0 0.130 0
276 10 N4 N5 21 0.130 0
276 11 N4 N3 123 0.130 1
277 1 N3 N5 34 0.200 0
277 2 N3 N3 172 0.200 1
277 3 N3 N2 164 0.200 0
277 4 N5 N2 175 0.340 1
277 5 N5 N5 52 0.340 0
277 6 N2 N5 47 0.190 0
277 7 N2 N3 120 0.190 0
277 8 N2 N2 239 0.190 1
277 9 N4 N2 0 0.180 0
277 10 N4 N5 23 0.180 0
277 11 N4 N3 124 0.180 1
278 1 N3 N5 40 0.260 0
278 2 N3 N3 171 0.260 1
278 3 N3 N2 166 0.260 0
278 4 N5 N2 174 0.440 1
278 5 N5 N5 55 0.440 0
278 6 N2 N5 57 0.250 0
278 7 N2 N3 121 0.250 0
278 8 N2 N2 238 0.250 1
278 9 N4 N2 0 0.540 0
278 10 N4 N5 26 0.540 0
278 11 N4 N3 124 0.540 1
279 1 N3 N5 40 0.430 0
279 2 N3 N3 171 0.430 1
279 3 N3 N2 167 0.430 0
279 4 N5 N2 174 0.480 1
279 5 N5 N5 56 0.480 0
279 6 N2 N5 62 0.300 0
279 7 N2 N3 123 0.300 0
279 8 N2 N2 238 0.300 1
279 9 N4 N2 0 0.810 0
279 10 N4 N5 26 0.810 0
279 11 N4 N3 124 0.810 1
280 1 N3 N5 42 0.070 0
280 2 N3 N3 172 0.070 1
280 3 N3 N2 167 0.070 0
280 4 N5 N2 173 0.070 1
280 5 N5 N5 58 0.070 0
280 6 N2 N5 65 0.490 0
280 7 N2 N3 125 0.490 0
280 8 N2 N2 238 0.490 1
280 9 N4 N2 0 1.890 0
280 10 N4 N5 26 1.890 0
280 11 N4 N3 124 1.890 1
281 1 N3 N5 45 0.060 0
281 2 N3 N3 173 0.060 1
281 3 N3 N2 163 0.060 0
281 4 N5 N2 171 0.180 1
281 5 N5 N5 58 0.180 0
281 6 N2 N5 65 0.110 0
281 7 N2 N3 127 0.110 0
281 8 N2 N2 237 0.110 1
281 9 N4 N2 0 0.470 0
281 10 N4 N5 27 0.470 0
281 11 N4 N3 125 0.470 1
282 1 N3 N5 43 0.140 0
282 2 N3 N3 172 0.140 1
282 3 N3 N2 159 0.140 0
282 4 N5 N2 169 0.200 1
282 5 N5 N5 61 0.200 0
282 6 N2 N5 62 0.060 0
282 7 N2 N3 125 0.060 0
282 8 N2 N2 236 0.060 1
282 9 N4 N2 0 0.020 0
282 10 N4 N5 27 0.020 0
282 11 N4 N3 125 0.020 1
283 1 N3 N5 43 0.710 0
283 2 N3 N3 172 0.710 1
283 3 N3 N2 157 0.710 0
283 4 N5 N2 167 0.280 1
283 5 N5 N5 63 0.280 0
283 6 N2 N5 61 0.150 0
283 7 N2 N3 122 0.150 0
283 8 N2 N2 234 0.150 1
283 9 N4 N2 0 0.900 0
283 10 N4 N5 27 0.900 0
283 11 N4 N3 125 0.900 1
284 1 N3 N5 43 0.220 0
284 2 N3 N3 173 0.220 1
284 3 N3 N2 155 0.220 0
284 4 N5 N2 166 0.330 1
284 5 N5 N5 63 0.330 0
284 6 N2 N5 57 0.200 0
284 7 N2 N3 120 0.200 0
284 8 N2 N2 232 0.200 1
284 9 N4 N2 0 1.980 0
284 10 N4 N5 27 1.980 0
284 11 N4 N3 125 1.980 1
285 1 N3 N5 39 0.130 0
285 2 N3 N3 172 0.130 1
285 3 N3 N2 152 0.130 0
285 4 N5 N2 162 0.400 1
285 5 N5 N5 62 0.400 0
285 6 N2 N5 54 0.390 0
285 7 N2 N3 119 0.390 0
285 8 N2 N2 230 0.390 1
285 9 N4 N2 0 0.220 0
285 10 N4 N5 28 0.220 0
285 11 N4 N3 125 0.220 1
286 1 N3 N5 36 0.430 0
286 2 N3 N3 171 0.430 1
286 3 N3 N2 152 0.430 0
286 4 N5 N2 162 1.000 1
286 5 N5 N5 62 1.000 0
286 6 N2 N5 52 0.450 0
286 7 N2 N3 119 0.450 0
286 8 N2 N2 229 0.450 1
286 9 N4 N2 0 0.280 0
286 10 N4 N5 28 0.280 0
286 11 N4 N3 125 0.280 1
287 1 N3 N5 36 0.370 0
287 2 N3 N3 171 0.370 1
287 3 N3 N2 153 0.370 0
287 4 N5 N2 162 0.520 1
287 5 N5 N5 60 0.520 0
287 6 N2 N5 53 0.400 0
287 7 N2 N3 119 0.400 0
287 8 N2 N2 226 0.400 1
287 9 N4 N2 0 0.310 0
287 10 N4 N5 28 0.310 0
287 11 N4 N3 125 0.310 1
288 1 N3 N5 36 0.420 0
288 2 N3 N3 172 0.420 1
288 3 N3 N2 154 0.420 0
288 4 N5 N2 162 0.020 1
288 5 N5 N5 60 0.020 0
288 6 N2 N5 54 0.040 0
288 7 N2 N3 120 0.040 0
288 8 N2 N2 224 0.040 1
288 9 N4 N2 0 0.130 0
288 10 N4 N5 26 0.130 0
288 11 N4 N3 126 0.130 1
289 1 N3 N5 36 0.080 0
289 2 N3 N3 173 0.080 1
289 3 N3 N2 152 0.080 0
289 4 N5 N2 161 0.050 1
289 5 N5 N5 60 0.050 0
289 6 N2 N5 54 0.470 0
289 7 N2 N3 120 0.470 0
289 8 N2 N2 223 0.470 1
289 9 N4 N2 0 0.420 0
289 10 N4 N5 26 0.420 0
289 11 N4 N3 126 0.420 1
290 1 N3 N5 37 0.040 0
290 2 N3 N3 174 0.040 1
290 3 N3 N2 149 0.040 0
290 4 N5 N2 162 0.090 1
290 5 N5 N5 61 0.090 0
290 6 N2 N5 54 0.020 0
290 7 N2 N3 123 0.020 0
290 8 N2 N2 222 0.020 1
290 9 N4 N2 0 0.330 0
290 10 N4 N5 27 0.330 0
290 11 N4 N3 127 0.330 1
291 1 N3 N5 38 0.070 0
291 2 N3 N3 175 0.070 1
291 3 N3 N2 149 0.070 0
291 4 N5 N2 161 0.130 1
291 5 N5 N5 61 0.130 0
291 6 N2 N5 54 0.170 0
291 7 N2 N3 124 0.170 0
291 8 N2 N2 221 0.170 1
291 9 N4 N2 0 1.420 0
291 10 N4 N5 27 1.420 0
291 11 N4 N3 127 1.420 1
292 1 N3 N5 38 0.120 0
292 2 N3 N3 175 0.120 1
292 3 N3 N2 150 0.120 0
292 4 N5 N2 161 0.180 1
292 5 N5 N5 61 0.180 0
292 6 N2 N5 54 0.190 0
292 7 N2 N3 124 0.190 0
292 8 N2 N2 220 0.190 1
292 9 N4 N2 0 0.820 0
292 10 N4 N5 27 0.820 0
292 11 N4 N3 127 0.820 1
293 1 N3 N5 38 0.190 0
293 2 N3 N3 177 0.190 1
293 3 N3 N2 152 0.190 0
293 4 N5 N2 161 0.250 1
293 5 N5 N5 59 0.250 0
293 6 N2 N5 53 0.110 0
293 7 N2 N3 128 0.110 0
293 8 N2 N2 220 0.110 1
293 9 N4 N2 0 0.360 0
293 10 N4 N5 26 0.360 0
293 11 N4 N3 127 0.360 1
294 1 N3 N5 38 0.740 0
294 2 N3 N3 176 0.740 1
294 3 N3 N2 153 0.740 0
294 4 N5 N2 162 0.300 1
294 5 N5 N5 58 0.300 0
294 6 N2 N5 51 0.150 0
294 7 N2 N3 127 0.150 0
294 8 N2 N2 219 0.150 1
294 9 N4 N2 0 0.140 0
294 10 N4 N5 25 0.140 0
294 11 N4 N3 126 0.140 1
295 1 N3 N5 36 0.160 0
295 2 N3 N3 176 0.160 1
295 3 N3 N2 155 0.160 0
295 4 N5 N2 163 0.350 1
295 5 N5 N5 57 0.350 0
295 6 N2 N5 50 0.180 0
295 7 N2 N3 125 0.180 0
295 8 N2 N2 219 0.180 1
295 9 N4 N2 0 0.480 0
295 10 N4 N5 25 0.480 0
295 11 N4 N3 126 0.480 1
296 1 N3 N5 35 0.220 0
296 2 N3 N3 175 0.220 1
296 3 N3 N2 156 0.220 0
296 4 N5 N2 164 0.920 1
296 5 N5 N5 56 0.920 0
296 6 N2 N5 48 0.190 0
296 7 N2 N3 122 0.190 0
296 8 N2 N2 219 0.190 1
296 9 N4 N2 0 0.550 0
296 10 N4 N5 25 0.550 0
296 11 N4 N3 125 0.550 1
297 1 N3 N5 34 0.430 0
297 2 N3 N3 174 0.430 1
297 3 N3 N2 156 0.430 0
297 4 N5 N2 164 0.470 1
297 5 N5 N5 55 0.470 0
297 6 N2 N5 47 0.250 0
297 7 N2 N3 121 0.250 0
297 8 N2 N2 218 0.250 1
297 9 N4 N2 0 0.580 0
297 10 N4 N5 24 0.580 0
297 11 N4 N3 125 0.580 1
298 1 N3 N5 32 0.360 0
298 2 N3 N3 172 0.360 1
298 3 N3 N2 156 0.360 0
298 4 N5 N2 165 0.100 1
298 5 N5 N5 52 0.100 0
298 6 N2 N5 45 0.280 0
298 7 N2 N3 120 0.280 0
298 8 N2 N2 217 0.280 1
298 9 N4 N2 0 1.660 0
298 10 N4 N5 24 1.660 0
298 11 N4 N3 125 1.660 1
299 1 N3 N5 31 0.010 0
299 2 N3 N3 170 0.010 1
299 3 N3 N2 156 0.010 0
299 4 N5 N2 166 0.060 1
299 5 N5 N5 52 0.060 0
299 6 N2 N5 45 0.470 0
299 7 N2 N3 119 0.470 0
299 8 N2 N2 217 0.470 1
299 9 N4 N2 0 0.950 0
299 10 N4 N5 24 0.950 0
299 11 N4 N3 125 0.950 1
300 1 N3 N5 31 0.040 0
300 2 N3 N3 166 0.040 1
300 3 N3 N2 156 0.040 0
300 4 N5 N2 165 0.120 1
300 5 N5 N5 51 0.120 0
300 6 N2 N5 45 0.020 0
300 7 N2 N3 121 0.020 0
300 8 N2 N2 216 0.020 1
300 9 N4 N2 0 0.740 0
300 10 N4 N5 24 0.740 0
300 11 N4 N3 125 0.740 1
