PING N5 (00:00:0c:18:11:05) 116(144) bytes of data
116 bytes from N5 icmp_seq=1 ttl=49 time=103.77 ms
RR: 	N1
	N2
	N5
	N5
	N2
	N1

116 bytes from N5 icmp_seq=2 ttl=49 time=787.45 ms	(same route)
116 bytes from N5 icmp_seq=3 ttl=49 time=7.31 ms	(same route)
116 bytes from N5 icmp_seq=4 ttl=49 time=556.50 ms	(same route)
116 bytes from N5 icmp_seq=5 ttl=49 time=26.73 ms	(same route)
116 bytes from N5 icmp_seq=6 ttl=49 time=775.93 ms	(same route)
116 bytes from N5 icmp_seq=7 ttl=49 time=269.60 ms	(same route)
116 bytes from N5 icmp_seq=8 ttl=49 time=588.59 ms	(same route)
116 bytes from N5 icmp_seq=9 ttl=49 time=200.59 ms	(same route)
116 bytes from N5 icmp_seq=10 ttl=49 time=655.20 ms	(same route)
116 bytes from N5 icmp_seq=11 ttl=49 time=11.14 ms	(same route)
116 bytes from N5 icmp_seq=12 ttl=49 time=111.92 ms	(same route)
116 bytes from N5 icmp_seq=13 ttl=49 time=605.08 ms	(same route)
116 bytes from N5 icmp_seq=14 ttl=49 time=4.26 ms	(same route)
116 bytes from N5 icmp_seq=15 ttl=49 time=360.76 ms	(same route)
116 bytes from N5 icmp_seq=16 ttl=49 time=492.01 ms	(same route)
116 bytes from N5 icmp_seq=17 ttl=49 time=95.71 ms	(same route)
116 bytes from N5 icmp_seq=18 ttl=49 time=2.37 ms	(same route)
116 bytes from N5 icmp_seq=19 ttl=49 time=551.71 ms	(same route)
116 bytes from N5 icmp_seq=20 ttl=49 time=0.05 ms	(same route)
116 bytes from N5 icmp_seq=21 ttl=49 time=6.62 ms	(same route)
116 bytes from N5 icmp_seq=22 ttl=49 time=493.74 ms	(same route)
116 bytes from N5 icmp_seq=23 ttl=49 time=360.63 ms	(same route)
116 bytes from N5 icmp_seq=24 ttl=49 time=319.64 ms	(same route)
116 bytes from N5 icmp_seq=25 ttl=49 time=277.38 ms	(same route)
116 bytes from N5 icmp_seq=26 ttl=49 time=7.90 ms	(same route)
116 bytes from N5 icmp_seq=27 ttl=49 time=249.94 ms	(same route)
116 bytes from N5 icmp_seq=28 ttl=49 time=25.93 ms	(same route)
116 bytes from N5 icmp_seq=29 ttl=49 time=4.42 ms	(same route)
116 bytes from N5 icmp_seq=30 ttl=49 time=13.37 ms	(same route)
116 bytes from N5 icmp_seq=31 ttl=49 time=539.87 ms	(same route)
116 bytes from N5 icmp_seq=32 ttl=49 time=355.91 ms	(same route)
116 bytes from N5 icmp_seq=33 ttl=49 time=7.98 ms	(same route)
116 bytes from N5 icmp_seq=34 ttl=49 time=31.95 ms	(same route)
116 bytes from N5 icmp_seq=35 ttl=49 time=59.98 ms	(same route)
116 bytes from N5 icmp_seq=36 ttl=49 time=53.94 ms	(same route)
116 bytes from N5 icmp_seq=37 ttl=49 time=503.91 ms	(same route)
116 bytes from N5 icmp_seq=38 ttl=49 time=166.40 ms	(same route)
116 bytes from N5 icmp_seq=39 ttl=49 time=321.36 ms	(same route)
116 bytes from N5 icmp_seq=40 ttl=49 time=133.85 ms	(same route)
116 bytes from N5 icmp_seq=41 ttl=49 time=864.98 ms	(same route)
116 bytes from N5 icmp_seq=42 ttl=49 time=510.61 ms	(same route)
116 bytes from N5 icmp_seq=43 ttl=49 time=261.91 ms	(same route)
116 bytes from N5 icmp_seq=44 ttl=49 time=489.09 ms	(same route)
116 bytes from N5 icmp_seq=45 ttl=49 time=986.60 ms	(same route)
Reply from host N5 timed out
116 bytes from N5 icmp_seq=47 ttl=49 time=19.46 ms	(same route)
116 bytes from N5 icmp_seq=48 ttl=49 time=295.10 ms	(same route)
116 bytes from N5 icmp_seq=49 ttl=49 time=686.50 ms	(same route)
116 bytes from N5 icmp_seq=50 ttl=49 time=57.97 ms	(same route)
116 bytes from N5 icmp_seq=51 ttl=49 time=24.52 ms	(same route)
116 bytes from N5 icmp_seq=52 ttl=49 time=17.62 ms	(same route)
116 bytes from N5 icmp_seq=53 ttl=49 time=579.82 ms	(same route)
116 bytes from N5 icmp_seq=54 ttl=49 time=8.95 ms	(same route)
116 bytes from N5 icmp_seq=55 ttl=49 time=3.41 ms	(same route)
116 bytes from N5 icmp_seq=56 ttl=49 time=389.99 ms	(same route)
116 bytes from N5 icmp_seq=57 ttl=49 time=11.48 ms	(same route)
116 bytes from N5 icmp_seq=58 ttl=49 time=5.44 ms	(same route)
116 bytes from N5 icmp_seq=59 ttl=49 time=2.85 ms	(same route)
116 bytes from N5 icmp_seq=60 ttl=49 time=70.04 ms	(same route)
Reply from host N5 timed out
116 bytes from N5 icmp_seq=62 ttl=49 time=21.76 ms	(same route)
116 bytes from N5 icmp_seq=63 ttl=49 time=12.29 ms	(same route)
116 bytes from N5 icmp_seq=64 ttl=49 time=3.45 ms	(same route)
116 bytes from N5 icmp_seq=65 ttl=49 time=632.62 ms	(same route)
116 bytes from N5 icmp_seq=66 ttl=49 time=2.49 ms	(same route)
116 bytes from N5 icmp_seq=67 ttl=49 time=2.37 ms	(same route)
116 bytes from N5 icmp_seq=68 ttl=49 time=3.55 ms	(same route)
116 bytes from N5 icmp_seq=69 ttl=49 time=4.41 ms	(same route)
116 bytes from N5 icmp_seq=70 ttl=49 time=83.53 ms	(same route)
116 bytes from N5 icmp_seq=71 ttl=49 time=4.84 ms	(same route)
116 bytes from N5 icmp_seq=72 ttl=49 time=261.91 ms	(same route)
116 bytes from N5 icmp_seq=73 ttl=49 time=2.76 ms	(same route)
116 bytes from N5 icmp_seq=74 ttl=49 time=8.61 ms	(same route)
116 bytes from N5 icmp_seq=75 ttl=49 time=12.77 ms	(same route)
116 bytes from N5 icmp_seq=76 ttl=49 time=70.65 ms	(same route)
Reply from host N5 timed out
116 bytes from N5 icmp_seq=78 ttl=49 time=587.84 ms	(same route)
116 bytes from N5 icmp_seq=79 ttl=49 time=400.37 ms	(same route)
116 bytes from N5 icmp_seq=80 ttl=49 time=409.76 ms	(same route)
116 bytes from N5 icmp_seq=81 ttl=49 time=2.79 ms	(same route)
116 bytes from N5 icmp_seq=82 ttl=49 time=10.36 ms	(same route)
116 bytes from N5 icmp_seq=83 ttl=49 time=787.30 ms	(same route)
116 bytes from N5 icmp_seq=84 ttl=49 time=2.95 ms	(same route)
116 bytes from N5 icmp_seq=85 ttl=49 time=5.31 ms	(same route)
116 bytes from N5 icmp_seq=86 ttl=49 time=603.27 ms	(same route)
116 bytes from N5 icmp_seq=87 ttl=49 time=5.18 ms	(same route)
116 bytes from N5 icmp_seq=88 ttl=49 time=6.28 ms	(same route)
116 bytes from N5 icmp_seq=89 ttl=49 time=47.72 ms	(same route)
116 bytes from N5 icmp_seq=90 ttl=49 time=170.49 ms	(same route)
116 bytes from N5 icmp_seq=91 ttl=49 time=495.54 ms	(same route)
116 bytes from N5 icmp_seq=92 ttl=49 time=146.73 ms	(same route)
116 bytes from N5 icmp_seq=93 ttl=49 time=183.45 ms	(same route)
116 bytes from N5 icmp_seq=94 ttl=49 time=16.29 ms	(same route)
116 bytes from N5 icmp_seq=95 ttl=49 time=26.24 ms	(same route)
116 bytes from N5 icmp_seq=96 ttl=49 time=16.01 ms	(same route)
116 bytes from N5 icmp_seq=97 ttl=49 time=44.65 ms	(same route)
116 bytes from N5 icmp_seq=98 ttl=49 time=608.43 ms	(same route)
116 bytes from N5 icmp_seq=99 ttl=49 time=7.13 ms	(same route)
116 bytes from N5 icmp_seq=100 ttl=49 time=2.72 ms	(same route)
116 bytes from N5 icmp_seq=101 ttl=49 time=2.44 ms	(same route)
116 bytes from N5 icmp_seq=102 ttl=49 time=2.88 ms	(same route)
116 bytes from N5 icmp_seq=103 ttl=49 time=8.17 ms	(same route)
116 bytes from N5 icmp_seq=104 ttl=49 time=7.06 ms	(same route)
116 bytes from N5 icmp_seq=105 ttl=49 time=5.34 ms	(same route)
116 bytes from N5 icmp_seq=106 ttl=49 time=419.88 ms	(same route)
116 bytes from N5 icmp_seq=107 ttl=49 time=19.08 ms	(same route)
116 bytes from N5 icmp_seq=108 ttl=49 time=10.14 ms	(same route)
116 bytes from N5 icmp_seq=109 ttl=49 time=29.67 ms	(same route)
116 bytes from N5 icmp_seq=110 ttl=49 time=35.88 ms	(same route)
116 bytes from N5 icmp_seq=111 ttl=49 time=90.87 ms	(same route)
116 bytes from N5 icmp_seq=112 ttl=49 time=36.18 ms	(same route)
116 bytes from N5 icmp_seq=113 ttl=49 time=3.55 ms	(same route)
116 bytes from N5 icmp_seq=114 ttl=49 time=12.20 ms	(same route)
116 bytes from N5 icmp_seq=115 ttl=49 time=6.93 ms	(same route)
116 bytes from N5 icmp_seq=116 ttl=49 time=751.09 ms	(same route)
116 bytes from N5 icmp_seq=117 ttl=49 time=8.44 ms	(same route)
116 bytes from N5 icmp_seq=118 ttl=49 time=2.27 ms	(same route)
116 bytes from N5 icmp_seq=119 ttl=49 time=2.15 ms	(same route)
116 bytes from N5 icmp_seq=120 ttl=49 time=1.91 ms	(same route)
116 bytes from N5 icmp_seq=121 ttl=49 time=6.40 ms	(same route)
116 bytes from N5 icmp_seq=122 ttl=49 time=531.13 ms	(same route)
116 bytes from N5 icmp_seq=123 ttl=49 time=656.14 ms	(same route)
116 bytes from N5 icmp_seq=124 ttl=49 time=11.16 ms	(same route)
116 bytes from N5 icmp_seq=125 ttl=49 time=10.88 ms	(same route)
116 bytes from N5 icmp_seq=126 ttl=49 time=10.41 ms	(same route)
Reply from host N5 timed out
116 bytes from N5 icmp_seq=128 ttl=49 time=1.57 ms	(same route)
Reply from host N5 timed out
Reply from host N5 timed out
116 bytes from N5 icmp_seq=131 ttl=49 time=323.79 ms	(same route)
Reply from host N5 timed out
116 bytes from N5 icmp_seq=133 ttl=49 time=268.87 ms	(same route)
Reply from host N5 timed out
Reply from host N5 timed out
116 bytes from N5 icmp_seq=136 ttl=49 time=7.44 ms	(same route)
Reply from host N5 timed out
Reply from host N5 timed out
116 bytes from N5 icmp_seq=139 ttl=49 time=19.79 ms	(same route)
116 bytes from N5 icmp_seq=140 ttl=49 time=602.45 ms	(same route)
116 bytes from N5 icmp_seq=141 ttl=49 time=801.52 ms	(same route)
116 bytes from N5 icmp_seq=142 ttl=49 time=192.21 ms	(same route)
116 bytes from N5 icmp_seq=143 ttl=49 time=677.61 ms	(same route)
116 bytes from N5 icmp_seq=144 ttl=49 time=391.82 ms	(same route)
116 bytes from N5 icmp_seq=145 ttl=49 time=543.25 ms	(same route)
116 bytes from N5 icmp_seq=146 ttl=49 time=221.91 ms	(same route)
116 bytes from N5 icmp_seq=147 ttl=49 time=4.52 ms	(same route)
116 bytes from N5 icmp_seq=148 ttl=49 time=18.27 ms	(same route)
116 bytes from N5 icmp_seq=149 ttl=49 time=317.51 ms	(same route)
116 bytes from N5 icmp_seq=150 ttl=49 time=10.53 ms	(same route)
116 bytes from N5 icmp_seq=151 ttl=49 time=2.16 ms	(same route)
116 bytes from N5 icmp_seq=152 ttl=49 time=45.43 ms	(same route)
116 bytes from N5 icmp_seq=153 ttl=49 time=58.67 ms	(same route)
116 bytes from N5 icmp_seq=154 ttl=49 time=7.72 ms	(same route)
116 bytes from N5 icmp_seq=155 ttl=49 time=46.60 ms	(same route)
116 bytes from N5 icmp_seq=156 ttl=49 time=355.10 ms	(same route)
116 bytes from N5 icmp_seq=157 ttl=49 time=12.03 ms	(same route)
116 bytes from N5 icmp_seq=158 ttl=49 time=7.61 ms	(same route)
116 bytes from N5 icmp_seq=159 ttl=49 time=3.26 ms	(same route)
116 bytes from N5 icmp_seq=160 ttl=49 time=11.09 ms	(same route)
116 bytes from N5 icmp_seq=161 ttl=49 time=6.10 ms	(same route)
116 bytes from N5 icmp_seq=162 ttl=49 time=33.06 ms	(same route)
116 bytes from N5 icmp_seq=163 ttl=49 time=2.38 ms	(same route)
116 bytes from N5 icmp_seq=164 ttl=49 time=4.86 ms	(same route)
116 bytes from N5 icmp_seq=165 ttl=49 time=318.40 ms	(same route)
116 bytes from N5 icmp_seq=166 ttl=49 time=14.08 ms	(same route)
116 bytes from N5 icmp_seq=167 ttl=49 time=2.30 ms	(same route)
116 bytes from N5 icmp_seq=168 ttl=49 time=8.00 ms	(same route)
116 bytes from N5 icmp_seq=169 ttl=49 time=8.89 ms	(same route)
116 bytes from N5 icmp_seq=170 ttl=49 time=326.93 ms	(same route)
116 bytes from N5 icmp_seq=171 ttl=49 time=2.27 ms	(same route)
116 bytes from N5 icmp_seq=172 ttl=49 time=3.41 ms	(same route)
116 bytes from N5 icmp_seq=173 ttl=49 time=4.09 ms	(same route)
116 bytes from N5 icmp_seq=174 ttl=49 time=8.85 ms	(same route)
116 bytes from N5 icmp_seq=175 ttl=49 time=4.61 ms	(same route)
116 bytes from N5 icmp_seq=176 ttl=49 time=3.16 ms	(same route)
116 bytes from N5 icmp_seq=177 ttl=49 time=5.08 ms	(same route)
116 bytes from N5 icmp_seq=178 ttl=49 time=557.67 ms	(same route)
116 bytes from N5 icmp_seq=179 ttl=49 time=16.81 ms	(same route)
116 bytes from N5 icmp_seq=180 ttl=49 time=106.31 ms	(same route)
116 bytes from N5 icmp_seq=181 ttl=49 time=403.89 ms	(same route)
116 bytes from N5 icmp_seq=182 ttl=49 time=331.62 ms	(same route)
116 bytes from N5 icmp_seq=183 ttl=49 time=702.38 ms	(same route)
116 bytes from N5 icmp_seq=184 ttl=49 time=7.27 ms	(same route)
116 bytes from N5 icmp_seq=185 ttl=49 time=9.05 ms	(same route)
116 bytes from N5 icmp_seq=186 ttl=49 time=2.36 ms	(same route)
116 bytes from N5 icmp_seq=187 ttl=49 time=409.48 ms	(same route)
116 bytes from N5 icmp_seq=188 ttl=49 time=3.04 ms	(same route)
116 bytes from N5 icmp_seq=189 ttl=49 time=6.57 ms	(same route)
116 bytes from N5 icmp_seq=190 ttl=49 time=53.59 ms	(same route)
116 bytes from N5 icmp_seq=191 ttl=49 time=4.84 ms	(same route)
Reply from host N5 timed out
116 bytes from N5 icmp_seq=193 ttl=49 time=74.99 ms	(same route)
116 bytes from N5 icmp_seq=194 ttl=49 time=169.09 ms	(same route)
116 bytes from N5 icmp_seq=195 ttl=49 time=857.09 ms	(same route)
116 bytes from N5 icmp_seq=196 ttl=49 time=5.13 ms	(same route)
116 bytes from N5 icmp_seq=197 ttl=49 time=491.07 ms	(same route)
Reply from host N5 timed out
116 bytes from N5 icmp_seq=199 ttl=49 time=109.65 ms	(same route)
116 bytes from N5 icmp_seq=200 ttl=49 time=322.87 ms	(same route)
116 bytes from N5 icmp_seq=201 ttl=49 time=5.27 ms	(same route)
116 bytes from N5 icmp_seq=202 ttl=49 time=6.61 ms	(same route)
116 bytes from N5 icmp_seq=203 ttl=49 time=3.23 ms	(same route)
116 bytes from N5 icmp_seq=204 ttl=49 time=18.33 ms	(same route)
116 bytes from N5 icmp_seq=205 ttl=49 time=184.66 ms	(same route)
116 bytes from N5 icmp_seq=206 ttl=49 time=3.53 ms	(same route)
116 bytes from N5 icmp_seq=207 ttl=49 time=7.31 ms	(same route)
116 bytes from N5 icmp_seq=208 ttl=49 time=2.33 ms	(same route)
116 bytes from N5 icmp_seq=209 ttl=49 time=6.53 ms	(same route)
116 bytes from N5 icmp_seq=210 ttl=49 time=409.74 ms	(same route)
116 bytes from N5 icmp_seq=211 ttl=49 time=305.22 ms	(same route)
116 bytes from N5 icmp_seq=212 ttl=49 time=8.98 ms	(same route)
116 bytes from N5 icmp_seq=213 ttl=49 time=545.43 ms	(same route)
116 bytes from N5 icmp_seq=214 ttl=49 time=5.63 ms	(same route)
116 bytes from N5 icmp_seq=215 ttl=49 time=642.36 ms	(same route)
116 bytes from N5 icmp_seq=216 ttl=49 time=360.98 ms	(same route)
116 bytes from N5 icmp_seq=217 ttl=49 time=490.43 ms	(same route)
116 bytes from N5 icmp_seq=218 ttl=49 time=60.63 ms	(same route)
116 bytes from N5 icmp_seq=219 ttl=49 time=418.33 ms	(same route)
116 bytes from N5 icmp_seq=220 ttl=49 time=2.26 ms	(same route)
116 bytes from N5 icmp_seq=221 ttl=49 time=8.13 ms	(same route)
116 bytes from N5 icmp_seq=222 ttl=49 time=12.05 ms	(same route)
116 bytes from N5 icmp_seq=223 ttl=49 time=298.15 ms	(same route)
116 bytes from N5 icmp_seq=224 ttl=49 time=71.28 ms	(same route)
116 bytes from N5 icmp_seq=225 ttl=49 time=26.06 ms	(same route)
116 bytes from N5 icmp_seq=226 ttl=49 time=709.57 ms	(same route)
116 bytes from N5 icmp_seq=227 ttl=49 time=8.31 ms	(same route)
116 bytes from N5 icmp_seq=228 ttl=49 time=558.44 ms	(same route)
116 bytes from N5 icmp_seq=229 ttl=49 time=874.25 ms	(same route)
Reply from host N5 timed out
116 bytes from N5 icmp_seq=231 ttl=49 time=10.04 ms	(same route)
116 bytes from N5 icmp_seq=232 ttl=49 time=555.95 ms	(same route)
Reply from host N5 timed out
116 bytes from N5 icmp_seq=234 ttl=49 time=2.63 ms	(same route)
116 bytes from N5 icmp_seq=235 ttl=49 time=691.08 ms	(same route)
116 bytes from N5 icmp_seq=236 ttl=49 time=270.32 ms	(same route)
116 bytes from N5 icmp_seq=237 ttl=49 time=845.08 ms	(same route)
Reply from host N5 timed out
116 bytes from N5 icmp_seq=239 ttl=49 time=268.65 ms	(same route)
116 bytes from N5 icmp_seq=240 ttl=49 time=290.41 ms	(same route)
116 bytes from N5 icmp_seq=241 ttl=49 time=820.98 ms	(same route)
116 bytes from N5 icmp_seq=242 ttl=49 time=457.38 ms	(same route)
116 bytes from N5 icmp_seq=243 ttl=49 time=5.41 ms	(same route)
116 bytes from N5 icmp_seq=244 ttl=49 time=11.76 ms	(same route)
116 bytes from N5 icmp_seq=245 ttl=49 time=3.18 ms	(same route)
116 bytes from N5 icmp_seq=246 ttl=49 time=20.45 ms	(same route)
116 bytes from N5 icmp_seq=247 ttl=49 time=7.09 ms	(same route)
116 bytes from N5 icmp_seq=248 ttl=49 time=13.81 ms	(same route)
116 bytes from N5 icmp_seq=249 ttl=49 time=11.85 ms	(same route)
116 bytes from N5 icmp_seq=250 ttl=49 time=43.05 ms	(same route)
116 bytes from N5 icmp_seq=251 ttl=49 time=7.37 ms	(same route)
116 bytes from N5 icmp_seq=252 ttl=49 time=16.84 ms	(same route)
116 bytes from N5 icmp_seq=253 ttl=49 time=4.00 ms	(same route)
116 bytes from N5 icmp_seq=254 ttl=49 time=4.54 ms	(same route)
Reply from host N5 timed out
116 bytes from N5 icmp_seq=256 ttl=49 time=175.90 ms	(same route)
116 bytes from N5 icmp_seq=257 ttl=49 time=12.01 ms	(same route)
116 bytes from N5 icmp_seq=258 ttl=49 time=2.78 ms	(same route)
116 bytes from N5 icmp_seq=259 ttl=49 time=55.12 ms	(same route)
116 bytes from N5 icmp_seq=260 ttl=49 time=6.70 ms	(same route)
116 bytes from N5 icmp_seq=261 ttl=49 time=24.92 ms	(same route)
116 bytes from N5 icmp_seq=262 ttl=49 time=26.85 ms	(same route)
116 bytes from N5 icmp_seq=263 ttl=49 time=5.94 ms	(same route)
116 bytes from N5 icmp_seq=264 ttl=49 time=30.57 ms	(same route)
116 bytes from N5 icmp_seq=265 ttl=49 time=8.52 ms	(same route)
116 bytes from N5 icmp_seq=266 ttl=49 time=199.02 ms	(same route)
116 bytes from N5 icmp_seq=267 ttl=49 time=3.58 ms	(same route)
116 bytes from N5 icmp_seq=268 ttl=49 time=315.06 ms	(same route)
116 bytes from N5 icmp_seq=269 ttl=49 time=3.49 ms	(same route)
116 bytes from N5 icmp_seq=270 ttl=49 time=15.45 ms	(same route)
116 bytes from N5 icmp_seq=271 ttl=49 time=5.16 ms	(same route)
116 bytes from N5 icmp_seq=272 ttl=49 time=4.96 ms	(same route)
116 bytes from N5 icmp_seq=273 ttl=49 time=12.01 ms	(same route)
116 bytes from N5 icmp_seq=274 ttl=49 time=2.28 ms	(same route)
116 bytes from N5 icmp_seq=275 ttl=49 time=27.94 ms	(same route)
116 bytes from N5 icmp_seq=276 ttl=49 time=3.43 ms	(same route)
116 bytes from N5 icmp_seq=277 ttl=49 time=4.28 ms	(same route)
116 bytes from N5 icmp_seq=278 ttl=49 time=17.98 ms	(same route)
116 bytes from N5 icmp_seq=279 ttl=49 time=11.41 ms	(same route)
116 bytes from N5 icmp_seq=280 ttl=49 time=4.99 ms	(same route)
116 bytes from N5 icmp_seq=281 ttl=49 time=229.08 ms	(same route)
116 bytes from N5 icmp_seq=282 ttl=49 time=505.46 ms	(same route)
116 bytes from N5 icmp_seq=283 ttl=49 time=458.48 ms	(same route)
116 bytes from N5 icmp_seq=284 ttl=49 time=40.22 ms	(same route)
116 bytes from N5 icmp_seq=285 ttl=49 time=41.80 ms	(same route)
116 bytes from N5 icmp_seq=286 ttl=49 time=974.23 ms	(same route)
116 bytes from N5 icmp_seq=287 ttl=49 time=346.58 ms	(same route)
116 bytes from N5 icmp_seq=288 ttl=49 time=3.81 ms	(same route)
116 bytes from N5 icmp_seq=289 ttl=49 time=2.87 ms	(same route)
116 bytes from N5 icmp_seq=290 ttl=49 time=2.24 ms	(same route)
116 bytes from N5 icmp_seq=291 ttl=49 time=11.27 ms	(same route)
116 bytes from N5 icmp_seq=292 ttl=49 time=2.19 ms	(same route)
116 bytes from N5 icmp_seq=293 ttl=49 time=13.85 ms	(same route)
116 bytes from N5 icmp_seq=294 ttl=49 time=5.42 ms	(same route)
116 bytes from N5 icmp_seq=295 ttl=49 time=2.32 ms	(same route)
116 bytes from N5 icmp_seq=296 ttl=49 time=5.84 ms	(same route)
116 bytes from N5 icmp_seq=297 ttl=49 time=5.50 ms	(same route)
116 bytes from N5 icmp_seq=298 ttl=49 time=2.29 ms	(same route)
116 bytes from N5 icmp_seq=299 ttl=49 time=22.34 ms	(same route)
116 bytes from N5 icmp_seq=300 ttl=49 time=25.84 ms	(same route)
--- N5 ping statistics ---
316 packets transmitted, 283 received, 10% packet loss
rtt min/avg/max/mdev = 0.051/170.589/986.598/245.011 ms
