1 1 N3 N1 167 0.030 0
1 2 N3 N3 191 0.030 1
1 3 N5 N5 242 0.220 1
1 4 N1 N3 0 0.760 0
1 5 N1 N1 232 0.760 1
1 6 N4 N3 155 1.860 1
2 1 N3 N1 167 0.260 0
2 2 N3 N3 191 0.260 1
2 3 N5 N5 242 0.260 1
2 4 N1 N3 0 0.240 0
2 5 N1 N1 227 0.240 1
2 6 N4 N3 155 2.970 1
3 1 N3 N1 165 0.130 0
3 2 N3 N3 191 0.130 1
3 3 N5 N5 242 0.290 1
3 4 N1 N3 0 0.470 0
3 5 N1 N1 225 0.470 1
3 6 N4 N3 154 0.970 1
4 1 N3 N1 162 0.060 0
4 2 N3 N3 191 0.060 1
4 3 N5 N5 243 0.320 1
4 4 N1 N3 0 0.010 0
4 5 N1 N1 222 0.010 1
4 6 N4 N3 154 2.030 1
5 1 N3 N1 160 0.220 0
5 2 N3 N3 191 0.220 1
5 3 N5 N5 243 0.350 1
5 4 N1 N3 0 0.570 0
5 5 N1 N1 221 0.570 1
5 6 N4 N3 154 3.090 1
6 1 N3 N1 160 0.400 0
6 2 N3 N3 191 0.400 1
6 3 N5 N5 243 0.350 1
6 4 N1 N3 0 0.390 0
6 5 N1 N1 220 0.390 1
6 6 N4 N3 154 0.030 1
7 1 N3 N1 160 0.800 0
7 2 N3 N3 191 0.800 1
7 3 N5 N5 243 0.400 1
7 4 N1 N3 0 0.390 0
7 5 N1 N1 219 0.390 1
7 6 N4 N3 153 0.080 1
8 1 N3 N1 160 0.090 0
8 2 N3 N3 191 0.090 1
8 3 N5 N5 242 0.940 1
8 4 N1 N3 0 0.090 0
8 5 N1 N1 217 0.090 1
8 6 N4 N3 152 0.610 1
9 1 N3 N1 160 0.410 0
9 2 N3 N3 191 0.410 1
9 3 N5 N5 241 0.470 1
9 4 N1 N3 0 0.570 0
9 5 N1 N1 216 0.570 1
9 6 N4 N3 151 0.130 1
10 1 N3 N1 157 0.300 0
10 2 N3 N3 191 0.300 1
10 3 N5 N5 239 0.480 1
10 4 N1 N3 0 0.200 0
10 5 N1 N1 214 0.200 1
10 6 N4 N3 152 0.170 1
11 1 N3 N1 156 0.350 0
11 2 N3 N3 191 0.350 1
11 3 N5 N5 237 0.490 1
11 4 N1 N3 0 0.350 0
11 5 N1 N1 213 0.350 1
11 6 N4 N3 151 0.200 1
12 1 N3 N1 156 0.490 0
12 2 N3 N3 189 0.490 1
12 3 N5 N5 231 0.000 1
12 4 N1 N3 0 0.620 0
12 5 N1 N1 213 0.620 1
12 6 N4 N3 150 0.760 1
13 1 N3 N1 153 0.030 0
13 2 N3 N3 188 0.030 1
13 3 N5 N5 230 0.050 1
13 4 N1 N3 0 0.270 0
13 5 N1 N1 210 0.270 1
13 6 N4 N3 150 0.780 1
14 1 N3 N1 148 0.080 0
14 2 N3 N3 186 0.080 1
14 3 N5 N5 227 0.090 1
14 4 N1 N3 0 0.270 0
14 5 N1 N1 210 0.270 1
14 6 N4 N3 149 0.830 1
15 1 N3 N1 144 0.030 0
15 2 N3 N3 184 0.030 1
15 3 N5 N5 225 0.150 1
15 4 N1 N3 0 0.210 0
15 5 N1 N1 210 0.210 1
15 6 N4 N3 147 0.860 1
16 1 N3 N1 141 0.020 0
16 2 N3 N3 184 0.020 1
16 3 N5 N5 223 0.200 1
16 4 N1 N3 0 0.340 0
16 5 N1 N1 211 0.340 1
16 6 N4 N3 145 0.350 1
17 1 N3 N1 141 0.160 0
17 2 N3 N3 183 0.160 1
17 3 N5 N5 222 0.240 1
17 4 N1 N3 0 0.360 0
17 5 N1 N1 213 0.360 1
17 6 N4 N3 145 1.420 1
18 1 N3 N1 142 0.290 0
18 2 N3 N3 183 0.290 1
18 3 N5 N5 221 0.260 1
18 4 N1 N3 0 0.290 0
18 5 N1 N1 215 0.290 1
18 6 N4 N3 143 0.420 1
19 1 N3 N1 142 0.300 0
19 2 N3 N3 181 0.300 1
19 3 N5 N5 219 0.290 1
19 4 N1 N3 0 0.420 0
19 5 N1 N1 217 0.420 1
19 6 N4 N3 142 0.470 1
20 1 N3 N1 142 0.370 0
20 2 N3 N3 180 0.370 1
20 3 N5 N5 219 0.330 1
20 4 N1 N3 0 0.440 0
20 5 N1 N1 219 0.440 1
20 6 N4 N3 138 0.500 1
21 1 N3 N1 142 0.420 0
21 2 N3 N3 180 0.420 1
21 3 N5 N5 219 0.350 1
21 4 N1 N3 0 1.500 0
21 5 N1 N1 219 1.500 1
21 6 N4 N3 138 1.560 1
22 1 N3 N1 142 0.430 0
22 2 N3 N3 180 0.430 1
22 3 N5 N5 218 0.370 1
22 4 N1 N3 0 0.840 0
22 5 N1 N1 221 0.840 1
22 6 N4 N3 137 0.070 1
23 1 N3 N1 144 0.460 0
23 2 N3 N3 180 0.460 1
23 3 N5 N5 218 0.400 1
23 4 N1 N3 0 0.500 0
23 5 N1 N1 223 0.500 1
23 6 N4 N3 137 1.120 1
24 1 N3 N1 146 0.230 0
24 2 N3 N3 181 0.230 1
24 3 N5 N5 216 0.420 1
24 4 N1 N3 0 0.060 0
24 5 N1 N1 224 0.060 1
24 6 N4 N3 137 0.120 1
25 1 N3 N1 147 0.380 0
25 2 N3 N3 182 0.380 1
25 3 N5 N5 215 0.440 1
25 4 N1 N3 0 0.600 0
25 5 N1 N1 224 0.600 1
25 6 N4 N3 137 0.170 1
26 1 N3 N1 147 1.010 0
26 2 N3 N3 182 1.010 1
26 3 N5 N5 213 0.470 1
26 4 N1 N3 0 0.130 0
26 5 N1 N1 225 0.130 1
26 6 N4 N3 137 0.200 1
27 1 N3 N1 147 0.410 0
27 2 N3 N3 183 0.410 1
27 3 N5 N5 211 0.490 1
27 4 N1 N3 0 0.130 0
27 5 N1 N1 226 0.130 1
27 6 N4 N3 136 0.220 1
28 1 N3 N1 146 0.030 0
28 2 N3 N3 184 0.030 1
28 3 N5 N5 208 0.050 1
28 4 N1 N3 0 0.160 0
28 5 N1 N1 227 0.160 1
28 6 N4 N3 136 0.760 1
29 1 N3 N1 146 0.060 0
29 2 N3 N3 185 0.060 1
29 3 N5 N5 205 0.110 1
29 4 N1 N3 0 0.720 0
29 5 N1 N1 228 0.720 1
29 6 N4 N3 137 0.830 1
30 1 N3 N1 144 0.110 0
30 2 N3 N3 185 0.110 1
30 3 N5 N5 203 0.140 1
30 4 N1 N3 0 0.140 0
30 5 N1 N1 231 0.140 1
30 6 N4 N3 138 0.840 1
31 1 N3 N1 146 0.150 0
31 2 N3 N3 185 0.150 1
31 3 N5 N5 201 0.160 1
31 4 N1 N3 0 0.240 0
31 5 N1 N1 234 0.240 1
31 6 N4 N3 140 0.400 1
32 1 N3 N1 146 0.190 0
32 2 N3 N3 187 0.190 1
32 3 N5 N5 200 0.210 1
32 4 N1 N3 0 0.320 0
32 5 N1 N1 238 0.320 1
32 6 N4 N3 141 0.460 1
33 1 N3 N1 152 0.120 0
33 2 N3 N3 188 0.120 1
33 3 N5 N5 199 0.210 1
33 4 N1 N3 0 0.350 0
33 5 N1 N1 240 0.350 1
33 6 N4 N3 143 0.490 1
34 1 N3 N1 152 0.790 0
34 2 N3 N3 187 0.790 1
34 3 N5 N5 198 0.220 1
34 4 N1 N3 0 0.400 0
34 5 N1 N1 243 0.400 1
34 6 N4 N3 143 1.550 1
35 1 N3 N1 152 0.280 0
35 2 N3 N3 186 0.280 1
35 3 N5 N5 198 0.260 1
35 4 N1 N3 0 0.280 0
35 5 N1 N1 247 0.280 1
35 6 N4 N3 144 0.550 1
36 1 N3 N1 155 0.150 0
36 2 N3 N3 186 0.150 1
36 3 N5 N5 197 0.320 1
36 4 N1 N3 0 0.150 0
36 5 N1 N1 249 0.150 1
36 6 N4 N3 145 0.570 1
37 1 N3 N1 156 0.420 0
37 2 N3 N3 187 0.420 1
37 3 N5 N5 197 0.350 1
37 4 N1 N3 0 0.600 0
37 5 N1 N1 249 0.600 1
37 6 N4 N3 145 0.100 1
38 1 N3 N1 159 0.020 0
38 2 N3 N3 187 0.020 1
38 3 N5 N5 197 0.380 1
38 4 N1 N3 0 0.020 0
38 5 N1 N1 250 0.020 1
38 6 N4 N3 146 0.670 1
39 1 N3 N1 160 0.150 0
39 2 N3 N3 187 0.150 1
39 3 N5 N5 197 0.410 1
39 4 N1 N3 0 0.160 0
39 5 N1 N1 250 0.160 1
39 6 N4 N3 147 0.700 1
40 1 N3 N1 160 1.210 0
40 2 N3 N3 187 1.210 1
40 3 N5 N5 197 0.430 1
40 4 N1 N3 0 0.670 0
40 5 N1 N1 250 0.670 1
40 6 N4 N3 147 1.760 1
41 1 N3 N1 161 0.060 0
41 2 N3 N3 189 0.060 1
41 3 N5 N5 197 0.450 1
41 4 N1 N3 0 0.900 0
41 5 N1 N1 250 0.900 1
41 6 N4 N3 149 0.270 1
42 1 N3 N1 161 1.120 0
42 2 N3 N3 189 1.120 1
42 3 N5 N5 198 0.450 1
42 4 N1 N3 0 0.740 0
42 5 N1 N1 249 0.740 1
42 6 N4 N3 149 1.330 1
43 1 N3 N1 163 0.130 0
43 2 N3 N3 192 0.130 1
43 3 N5 N5 198 0.460 1
43 4 N1 N3 0 0.280 0
43 5 N1 N1 249 0.280 1
43 6 N4 N3 151 0.800 1
44 1 N3 N1 165 0.160 0
44 2 N3 N3 194 0.160 1
44 3 N5 N5 198 0.470 1
44 4 N1 N3 0 0.200 0
44 5 N1 N1 248 0.200 1
44 6 N4 N3 155 0.320 1
45 1 N3 N1 166 0.070 0
45 2 N3 N3 197 0.070 1
45 3 N5 N5 198 0.530 1
45 4 N1 N3 0 0.080 0
45 5 N1 N1 249 0.080 1
45 6 N4 N3 157 0.850 1
46 1 N3 N1 166 0.210 0
46 2 N3 N3 203 0.210 1
46 3 N5 N5 197 0.050 1
46 4 N1 N3 0 1.140 0
46 5 N1 N1 249 1.140 1
46 6 N4 N3 159 0.900 1
47 1 N3 N1 172 0.120 0
47 2 N3 N3 207 0.120 1
47 3 N5 N5 196 0.050 1
47 4 N1 N3 0 0.190 0
47 5 N1 N1 250 0.190 1
47 6 N4 N3 161 0.400 1
48 1 N3 N1 173 0.270 0
48 2 N3 N3 212 0.270 1
48 3 N5 N5 195 0.080 1
48 4 N1 N3 0 0.230 0
48 5 N1 N1 250 0.230 1
48 6 N4 N3 161 1.460 1
49 1 N3 N1 174 0.180 0
49 2 N3 N3 215 0.180 1
49 3 N5 N5 195 0.090 1
49 4 N1 N3 0 0.280 0
49 5 N1 N1 250 0.280 1
49 6 N4 N3 163 0.430 1
50 1 N3 N1 174 0.140 0
50 2 N3 N3 217 0.140 1
50 3 N5 N5 195 0.100 1
50 4 N1 N3 0 0.140 0
50 5 N1 N1 251 0.140 1
50 6 N4 N3 163 1.490 1
51 1 N3 N1 177 0.350 0
51 2 N3 N3 219 0.350 1
51 3 N5 N5 195 0.120 1
51 4 N1 N3 0 0.370 0
51 5 N1 N1 251 0.370 1
51 6 N4 N3 165 1.000 1
52 1 N3 N1 175 0.310 0
52 2 N3 N3 219 0.310 1
52 3 N5 N5 195 0.200 1
52 4 N1 N3 0 0.440 0
52 5 N1 N1 251 0.440 1
52 6 N4 N3 167 0.070 1
53 1 N3 N1 171 0.460 0
53 2 N3 N3 219 0.460 1
53 3 N5 N5 195 0.230 1
53 4 N1 N3 0 0.000 0
53 5 N1 N1 251 0.000 1
53 6 N4 N3 169 0.620 1
54 1 N3 N1 166 0.380 0
54 2 N3 N3 218 0.380 1
54 3 N5 N5 195 0.800 1
54 4 N1 N3 0 0.060 0
54 5 N1 N1 251 0.060 1
54 6 N4 N3 169 1.700 1
55 1 N3 N1 161 0.040 0
55 2 N3 N3 215 0.040 1
55 3 N5 N5 195 0.330 1
55 4 N1 N3 0 0.080 0
55 5 N1 N1 250 0.080 1
55 6 N4 N3 170 0.180 1
56 1 N3 N1 158 0.060 0
56 2 N3 N3 213 0.060 1
56 3 N5 N5 196 0.370 1
56 4 N1 N3 0 0.120 0
56 5 N1 N1 249 0.120 1
56 6 N4 N3 170 1.240 1
57 1 N3 N1 158 1.120 0
57 2 N3 N3 213 1.120 1
57 3 N5 N5 197 0.400 1
57 4 N1 N3 0 0.160 0
57 5 N1 N1 248 0.160 1
57 6 N4 N3 170 2.300 1
58 1 N3 N1 158 0.030 0
58 2 N3 N3 212 0.030 1
58 3 N5 N5 197 0.430 1
58 4 N1 N3 0 0.040 0
58 5 N1 N1 246 0.040 1
58 6 N4 N3 172 0.240 1
59 1 N3 N1 160 0.020 0
59 2 N3 N3 209 0.020 1
59 3 N5 N5 197 0.470 1
59 4 N1 N3 0 0.220 0
59 5 N1 N1 244 0.220 1
59 6 N4 N3 172 0.770 1
60 1 N3 N1 160 0.080 0
60 2 N3 N3 207 0.080 1
60 3 N5 N5 198 0.510 1
60 4 N1 N3 0 0.250 0
60 5 N1 N1 242 0.250 1
60 6 N4 N3 172 0.800 1
61 1 N3 N1 160 0.720 0
61 2 N3 N3 206 0.720 1
61 3 N5 N5 199 0.050 1
61 4 N1 N3 0 0.790 0
61 5 N1 N1 241 0.790 1
61 6 N4 N3 171 0.320 1
62 1 N3 N1 160 0.140 0
62 2 N3 N3 205 0.140 1
62 3 N5 N5 201 0.130 1
62 4 N1 N3 0 0.330 0
62 5 N1 N1 239 0.330 1
62 6 N4 N3 170 0.370 1
63 1 N3 N1 161 0.180 0
63 2 N3 N3 206 0.180 1
63 3 N5 N5 201 0.160 1
63 4 N1 N3 0 0.380 0
63 5 N1 N1 237 0.380 1
63 6 N4 N3 170 0.400 1
64 1 N3 N1 163 0.320 0
64 2 N3 N3 205 0.320 1
64 3 N5 N5 202 0.180 1
64 4 N1 N3 0 0.420 0
64 5 N1 N1 235 0.420 1
64 6 N4 N3 168 0.400 1
65 1 N3 N1 161 0.320 0
65 2 N3 N3 204 0.320 1
65 3 N5 N5 202 0.200 1
65 4 N1 N3 0 0.450 0
65 5 N1 N1 234 0.450 1
65 6 N4 N3 167 0.430 1
66 1 N3 N1 162 0.350 0
66 2 N3 N3 204 0.350 1
66 3 N5 N5 203 0.200 1
66 4 N1 N3 0 0.440 0
66 5 N1 N1 232 0.440 1
66 6 N4 N3 166 0.970 1
67 1 N3 N1 162 0.240 0
67 2 N3 N3 203 0.240 1
67 3 N5 N5 204 0.250 1
67 4 N1 N3 0 0.520 0
67 5 N1 N1 231 0.520 1
67 6 N4 N3 166 0.480 1
68 1 N3 N1 159 0.070 0
68 2 N3 N3 202 0.070 1
68 3 N5 N5 205 0.280 1
68 4 N1 N3 0 0.060 0
68 5 N1 N1 230 0.060 1
68 6 N4 N3 165 0.520 1
69 1 N3 N1 156 0.400 0
69 2 N3 N3 202 0.400 1
69 3 N5 N5 206 0.340 1
69 4 N1 N3 0 0.080 0
69 5 N1 N1 230 0.080 1
69 6 N4 N3 164 0.020 1
70 1 N3 N1 153 0.430 0
70 2 N3 N3 201 0.430 1
70 3 N5 N5 207 0.360 1
70 4 N1 N3 0 0.100 0
70 5 N1 N1 229 0.100 1
70 6 N4 N3 163 0.090 1
71 1 N3 N1 150 0.040 0
71 2 N3 N3 200 0.040 1
71 3 N5 N5 208 0.420 1
71 4 N1 N3 0 0.710 0
71 5 N1 N1 228 0.710 1
71 6 N4 N3 163 0.180 1
72 1 N3 N1 150 0.600 0
72 2 N3 N3 201 0.600 1
72 3 N5 N5 208 0.470 1
72 4 N1 N3 0 0.220 0
72 5 N1 N1 227 0.220 1
72 6 N4 N3 161 0.220 1
73 1 N3 N1 146 0.140 0
73 2 N3 N3 200 0.140 1
73 3 N5 N5 208 0.490 1
73 4 N1 N3 0 1.280 0
73 5 N1 N1 227 1.280 1
73 6 N4 N3 159 0.250 1
74 1 N3 N1 146 0.150 0
74 2 N3 N3 200 0.150 1
74 3 N5 N5 208 0.510 1
74 4 N1 N3 0 0.260 0
74 5 N1 N1 225 0.260 1
74 6 N4 N3 154 0.280 1
75 1 N3 N1 146 0.190 0
75 2 N3 N3 200 0.190 1
75 3 N5 N5 208 0.530 1
75 4 N1 N3 0 0.320 0
75 5 N1 N1 225 0.320 1
75 6 N4 N3 150 0.330 1
76 1 N3 N1 154 0.120 0
76 2 N3 N3 200 0.120 1
76 3 N5 N5 209 0.090 1
76 4 N1 N3 0 0.370 0
76 5 N1 N1 224 0.370 1
76 6 N4 N3 148 0.350 1
77 1 N3 N1 156 0.260 0
77 2 N3 N3 201 0.260 1
77 3 N5 N5 208 0.120 1
77 4 N1 N3 0 0.400 0
77 5 N1 N1 223 0.400 1
77 6 N4 N3 143 0.390 1
78 1 N3 N1 156 0.820 0
78 2 N3 N3 201 0.820 1
78 3 N5 N5 208 0.160 1
78 4 N1 N3 0 0.410 0
78 5 N1 N1 223 0.410 1
78 6 N4 N3 139 0.400 1
79 1 N3 N1 157 0.210 0
79 2 N3 N3 200 0.210 1
79 3 N5 N5 208 0.200 1
79 4 N1 N3 0 0.440 0
79 5 N1 N1 222 0.440 1
79 6 N4 N3 139 1.460 1
80 1 N3 N1 156 0.330 0
80 2 N3 N3 199 0.330 1
80 3 N5 N5 209 0.200 1
80 4 N1 N3 0 0.470 0
80 5 N1 N1 222 0.470 1
80 6 N4 N3 136 0.990 1
81 1 N3 N1 154 0.360 0
81 2 N3 N3 200 0.360 1
81 3 N5 N5 210 0.240 1
81 4 N1 N3 0 0.510 0
81 5 N1 N1 222 0.510 1
81 6 N4 N3 132 0.030 1
82 1 N3 N1 152 0.780 0
82 2 N3 N3 200 0.780 1
82 3 N5 N5 212 0.240 1
82 4 N1 N3 0 0.030 0
82 5 N1 N1 221 0.030 1
82 6 N4 N3 128 0.050 1
83 1 N3 N1 149 0.330 0
83 2 N3 N3 202 0.330 1
83 3 N5 N5 212 0.780 1
83 4 N1 N3 0 0.590 0
83 5 N1 N1 220 0.590 1
83 6 N4 N3 128 0.070 1
84 1 N3 N1 149 0.480 0
84 2 N3 N3 203 0.480 1
84 3 N5 N5 214 0.280 1
84 4 N1 N3 0 0.540 0
84 5 N1 N1 220 0.540 1
84 6 N4 N3 127 0.120 1
85 1 N3 N1 149 0.480 0
85 2 N3 N3 205 0.480 1
85 3 N5 N5 216 0.300 1
85 4 N1 N3 0 0.480 0
85 5 N1 N1 220 0.480 1
85 6 N4 N3 127 0.670 1
86 1 N3 N1 150 0.210 0
86 2 N3 N3 206 0.210 1
86 3 N5 N5 219 0.330 1
86 4 N1 N3 120 0.340 0
86 5 N1 N1 220 0.340 1
86 6 N4 N3 126 0.330 1
87 1 N3 N1 150 1.270 0
87 2 N3 N3 206 1.270 1
87 3 N5 N5 222 0.350 1
87 4 N1 N3 120 0.620 0
87 5 N1 N1 220 0.620 1
87 6 N4 N3 126 1.390 1
88 1 N3 N1 152 0.040 0
88 2 N3 N3 206 0.040 1
88 3 N5 N5 224 0.390 1
88 4 N1 N3 118 0.170 0
88 5 N1 N1 222 0.170 1
88 6 N4 N3 123 0.170 1
89 1 N3 N1 152 0.550 0
89 2 N3 N3 206 0.550 1
89 3 N5 N5 226 0.420 1
89 4 N1 N3 118 0.270 0
89 5 N1 N1 224 0.270 1
89 6 N4 N3 123 1.230 1
90 1 N3 N1 153 0.470 0
90 2 N3 N3 205 0.470 1
90 3 N5 N5 229 0.440 1
90 4 N1 N3 117 0.310 0
90 5 N1 N1 227 0.310 1
90 6 N4 N3 120 0.580 1
91 1 N3 N1 155 0.450 0
91 2 N3 N3 202 0.450 1
91 3 N5 N5 232 0.470 1
91 4 N1 N3 115 0.360 0
91 5 N1 N1 228 0.360 1
91 6 N4 N3 117 0.570 1
92 1 N3 N1 155 1.530 0
92 2 N3 N3 202 1.530 1
92 3 N5 N5 234 0.010 1
92 4 N1 N3 114 0.340 0
92 5 N1 N1 231 0.340 1
92 6 N4 N3 117 1.650 1
93 1 N3 N1 153 0.460 0
93 2 N3 N3 197 0.460 1
93 3 N5 N5 235 0.020 1
93 4 N1 N3 111 0.480 0
93 5 N1 N1 233 0.480 1
93 6 N4 N3 112 0.580 1
94 1 N3 N1 153 1.520 0
94 2 N3 N3 197 1.520 1
94 3 N5 N5 236 0.060 1
94 4 N1 N3 110 0.010 0
94 5 N1 N1 236 0.010 1
94 6 N4 N3 111 0.130 1
95 1 N3 N1 147 0.020 0
95 2 N3 N3 195 0.020 1
95 3 N5 N5 238 0.090 1
95 4 N1 N3 109 0.020 0
95 5 N1 N1 238 0.020 1
95 6 N4 N3 108 0.010 1
96 1 N3 N1 145 0.280 0
96 2 N3 N3 195 0.280 1
96 3 N5 N5 238 0.110 1
96 4 N1 N3 108 0.050 0
96 5 N1 N1 239 0.050 1
96 6 N4 N3 107 0.380 1
97 1 N3 N1 143 0.740 0
97 2 N3 N3 194 0.740 1
97 3 N5 N5 238 0.140 1
97 4 N1 N3 108 0.110 0
97 5 N1 N1 240 0.110 1
97 6 N4 N3 106 0.740 1
98 1 N3 N1 143 0.560 0
98 2 N3 N3 194 0.560 1
98 3 N5 N5 238 0.190 1
98 4 N1 N3 109 0.110 0
98 5 N1 N1 241 0.110 1
98 6 N4 N3 105 0.210 1
99 1 N3 N1 141 0.140 0
99 2 N3 N3 196 0.140 1
99 3 N5 N5 238 0.250 1
99 4 N1 N3 109 0.150 0
99 5 N1 N1 241 0.150 1
99 6 N4 N3 105 1.270 1
100 1 N3 N1 141 1.200 0
100 2 N3 N3 196 1.200 1
100 3 N5 N5 238 0.290 1
100 4 N1 N3 109 0.090 0
100 5 N1 N1 241 0.090 1
100 6 N4 N3 105 0.310 1
101 1 N3 N1 143 0.230 0
101 2 N3 N3 197 0.230 1
101 3 N5 N5 237 0.840 1
101 4 N1 N3 109 0.200 0
101 5 N1 N1 242 0.200 1
101 6 N4 N3 105 0.350 1
102 1 N3 N1 150 0.270 0
102 2 N3 N3 198 0.270 1
102 3 N5 N5 238 0.360 1
102 4 N1 N3 110 0.740 0
102 5 N1 N1 242 0.740 1
102 6 N4 N3 106 0.910 1
103 1 N3 N1 151 0.300 0
103 2 N3 N3 199 0.300 1
103 3 N5 N5 239 0.380 1
103 4 N1 N3 110 0.280 0
103 5 N1 N1 243 0.280 1
103 6 N4 N3 106 0.420 1
104 1 N3 N1 151 0.330 0
104 2 N3 N3 200 0.330 1
104 3 N5 N5 239 0.420 1
104 4 N1 N3 110 0.310 0
104 5 N1 N1 243 0.310 1
104 6 N4 N3 108 0.450 1
105 1 N3 N1 150 0.370 0
105 2 N3 N3 201 0.370 1
105 3 N5 N5 240 0.450 1
105 4 N1 N3 0 0.320 0
105 5 N1 N1 244 0.320 1
105 6 N4 N3 109 0.480 1
106 1 N3 N1 144 0.020 0
106 2 N3 N3 203 0.020 1
106 3 N5 N5 241 0.490 1
106 4 N1 N3 0 0.360 0
106 5 N1 N1 244 0.360 1
106 6 N4 N3 109 1.540 1
107 1 N3 N1 137 0.060 0
107 2 N3 N3 203 0.060 1
107 3 N5 N5 240 0.020 1
107 4 N1 N3 0 0.390 0
107 5 N1 N1 244 0.390 1
107 6 N4 N3 112 0.530 1
108 1 N3 N1 136 0.100 0
108 2 N3 N3 202 0.100 1
108 3 N5 N5 241 0.060 1
108 4 N1 N3 0 0.450 0
108 5 N1 N1 244 0.450 1
108 6 N4 N3 114 0.060 1
109 1 N3 N1 135 0.130 0
109 2 N3 N3 202 0.130 1
109 3 N5 N5 241 0.140 1
109 4 N1 N3 0 0.500 0
109 5 N1 N1 242 0.500 1
109 6 N4 N3 119 0.100 1
110 1 N3 N1 134 0.070 0
110 2 N3 N3 202 0.070 1
110 3 N5 N5 240 0.180 1
110 4 N1 N3 0 0.310 0
110 5 N1 N1 240 0.310 1
110 6 N4 N3 120 0.100 1
111 1 N3 N1 135 0.120 0
111 2 N3 N3 201 0.120 1
111 3 N5 N5 239 0.230 1
111 4 N1 N3 0 0.550 0
111 5 N1 N1 239 0.550 1
111 6 N4 N3 122 0.160 1
112 1 N3 N1 136 0.270 0
112 2 N3 N3 199 0.270 1
112 3 N5 N5 238 0.240 1
112 4 N1 N3 0 0.070 0
112 5 N1 N1 237 0.070 1
112 6 N4 N3 122 0.210 1
113 1 N3 N1 135 0.180 0
113 2 N3 N3 197 0.180 1
113 3 N5 N5 236 0.270 1
113 4 N1 N3 0 0.620 0
113 5 N1 N1 236 0.620 1
113 6 N4 N3 123 0.230 1
114 1 N3 N1 134 0.200 0
114 2 N3 N3 195 0.200 1
114 3 N5 N5 235 0.310 1
114 4 N1 N3 0 0.140 0
114 5 N1 N1 235 0.140 1
114 6 N4 N3 123 1.280 1
115 1 N3 N1 133 0.360 0
115 2 N3 N3 193 0.360 1
115 3 N5 N5 234 0.360 1
115 4 N1 N3 0 0.400 0
115 5 N1 N1 234 0.400 1
115 6 N4 N3 123 0.810 1
116 1 N3 N1 132 0.920 0
116 2 N3 N3 192 0.920 1
116 3 N5 N5 232 0.400 1
116 4 N1 N3 0 0.630 0
116 5 N1 N1 234 0.630 1
116 6 N4 N3 123 0.250 1
117 1 N3 N1 133 0.430 0
117 2 N3 N3 191 0.430 1
117 3 N5 N5 230 0.430 1
117 4 N1 N3 0 0.260 0
117 5 N1 N1 233 0.260 1
117 6 N4 N3 123 0.370 1
118 1 N3 N1 132 0.320 0
118 2 N3 N3 192 0.320 1
118 3 N5 N5 229 0.430 1
118 4 N1 N3 0 0.300 0
118 5 N1 N1 233 0.300 1
118 6 N4 N3 122 0.390 1
119 1 N3 N1 132 0.860 0
119 2 N3 N3 192 0.860 1
119 3 N5 N5 227 0.490 1
119 4 N1 N3 0 0.330 0
119 5 N1 N1 233 0.330 1
119 6 N4 N3 122 0.420 1
120 1 N3 N1 132 0.480 0
120 2 N3 N3 193 0.480 1
120 3 N5 N5 225 0.500 1
120 4 N1 N3 0 0.880 0
120 5 N1 N1 233 0.880 1
120 6 N4 N3 122 1.480 1
121 1 N3 N1 132 0.260 0
121 2 N3 N3 193 0.260 1
121 3 N5 N5 221 0.070 1
121 4 N1 N3 0 0.260 0
121 5 N1 N1 232 0.260 1
121 6 N4 N3 122 2.580 1
122 1 N3 N1 130 0.090 0
122 2 N3 N3 196 0.090 1
122 3 N5 N5 220 0.090 1
122 4 N1 N3 0 0.420 0
122 5 N1 N1 231 0.420 1
122 6 N4 N3 122 3.660 1
123 1 N3 N1 126 0.030 0
123 2 N3 N3 196 0.030 1
123 3 N5 N5 219 0.170 1
123 4 N1 N3 0 0.210 0
123 5 N1 N1 229 0.210 1
123 6 N4 N3 121 0.060 1
124 1 N3 N1 125 0.150 0
124 2 N3 N3 196 0.150 1
124 3 N5 N5 217 0.220 1
124 4 N1 N3 0 0.690 0
124 5 N1 N1 228 0.690 1
124 6 N4 N3 121 1.120 1
125 1 N3 N1 124 0.100 0
125 2 N3 N3 193 0.100 1
125 3 N5 N5 215 0.270 1
125 4 N1 N3 0 0.230 0
125 5 N1 N1 226 0.230 1
125 6 N4 N3 121 2.180 1
126 1 N3 N1 121 0.410 0
126 2 N3 N3 192 0.410 1
126 3 N5 N5 214 0.280 1
126 4 N1 N3 0 0.410 0
126 5 N1 N1 222 0.410 1
126 6 N4 N3 117 0.020 1
127 1 N3 N1 116 0.220 0
127 2 N3 N3 187 0.220 1
127 3 N5 N5 213 0.350 1
127 4 N1 N3 0 0.520 0
127 5 N1 N1 222 0.520 1
127 6 N4 N3 116 0.760 1
128 1 N3 N1 116 0.260 0
128 2 N3 N3 181 0.260 1
128 3 N5 N5 212 0.360 1
128 4 N1 N3 0 0.940 0
128 5 N1 N1 222 0.940 1
128 6 N4 N3 115 0.260 1
129 1 N3 N1 115 0.290 0
129 2 N3 N3 176 0.290 1
129 3 N5 N5 211 0.370 1
129 4 N1 N3 0 0.860 0
129 5 N1 N1 222 0.860 1
129 6 N4 N3 115 0.320 1
130 1 N3 N1 112 0.280 0
130 2 N3 N3 172 0.280 1
130 3 N5 N5 211 0.410 1
130 4 N1 N3 0 0.260 0
130 5 N1 N1 224 0.260 1
130 6 N4 N3 114 0.860 1
131 1 N3 N1 110 0.280 0
131 2 N3 N3 167 0.280 1
131 3 N5 N5 210 0.470 1
131 4 N1 N3 0 0.270 0
131 5 N1 N1 225 0.270 1
131 6 N4 N3 113 0.390 1
132 1 N3 N1 110 0.330 0
132 2 N3 N3 164 0.330 1
132 3 N5 N5 209 0.510 1
132 4 N1 N3 0 1.330 0
132 5 N1 N1 225 1.330 1
132 6 N4 N3 112 0.440 1
133 1 N3 N1 98 0.410 0
133 2 N3 N3 158 0.410 1
133 3 N5 N5 209 0.010 1
133 4 N1 N3 0 0.790 0
133 5 N1 N1 228 0.790 1
133 6 N4 N3 111 0.440 1
134 1 N3 N1 89 0.270 0
134 2 N3 N3 153 0.270 1
134 3 N5 N5 209 0.040 1
134 4 N1 N3 0 0.270 0
134 5 N1 N1 231 0.270 1
134 6 N4 N3 109 0.470 1
135 1 N3 N1 89 0.490 0
135 2 N3 N3 149 0.490 1
135 3 N5 N5 210 0.070 1
135 4 N1 N3 0 1.330 0
135 5 N1 N1 231 1.330 1
135 6 N4 N3 104 0.490 1
136 1 N3 N1 87 0.170 0
136 2 N3 N3 145 0.170 1
136 3 N5 N5 209 0.110 1
136 4 N1 N3 0 0.170 0
136 5 N1 N1 232 0.170 1
136 6 N4 N3 101 0.510 1
137 1 N3 N1 87 0.520 0
137 2 N3 N3 140 0.520 1
137 3 N5 N5 209 0.140 1
137 4 N1 N3 0 0.090 0
137 5 N1 N1 233 0.090 1
137 6 N4 N3 99 0.570 1
138 1 N3 N1 86 0.470 0
138 2 N3 N3 137 0.470 1
138 3 N5 N5 210 0.160 1
138 4 N1 N3 0 0.040 0
138 5 N1 N1 234 0.040 1
138 6 N4 N3 97 0.050 1
139 1 N3 N1 85 0.030 0
139 2 N3 N3 133 0.030 1
139 3 N5 N5 210 0.180 1
139 4 N1 N3 0 0.090 0
139 5 N1 N1 235 0.090 1
139 6 N4 N3 96 0.070 1
140 1 N3 N1 80 0.070 0
140 2 N3 N3 131 0.070 1
140 3 N5 N5 212 0.210 1
140 4 N1 N3 0 0.150 0
140 5 N1 N1 236 0.150 1
140 6 N4 N3 96 1.140 1
141 1 N3 N1 80 0.120 0
141 2 N3 N3 129 0.120 1
141 3 N5 N5 213 0.240 1
141 4 N1 N3 0 0.200 0
141 5 N1 N1 237 0.200 1
141 6 N4 N3 92 0.150 1
142 1 N3 N1 75 0.050 0
142 2 N3 N3 130 0.050 1
142 3 N5 N5 214 0.290 1
142 4 N1 N3 0 0.240 0
142 5 N1 N1 240 0.240 1
142 6 N4 N3 91 0.690 1
143 1 N3 N1 75 0.160 0
143 2 N3 N3 130 0.160 1
143 3 N5 N5 214 0.310 1
143 4 N1 N3 0 0.270 0
143 5 N1 N1 242 0.270 1
143 6 N4 N3 90 0.700 1
144 1 N3 N1 73 0.180 0
144 2 N3 N3 130 0.180 1
144 3 N5 N5 216 0.350 1
144 4 N1 N3 0 0.330 0
144 5 N1 N1 244 0.330 1
144 6 N4 N3 90 0.760 1
145 1 N3 N1 71 0.220 0
145 2 N3 N3 130 0.220 1
145 3 N5 N5 217 0.370 1
145 4 N1 N3 0 0.380 0
145 5 N1 N1 245 0.380 1
145 6 N4 N3 90 1.820 1
146 1 N3 N1 71 0.260 0
146 2 N3 N3 130 0.260 1
146 3 N5 N5 217 0.920 1
146 4 N1 N3 0 0.400 0
146 5 N1 N1 246 0.400 1
146 6 N4 N3 89 0.320 1
147 1 N3 N1 72 0.300 0
147 2 N3 N3 129 0.300 1
147 3 N5 N5 217 0.450 1
147 4 N1 N3 0 0.450 0
147 5 N1 N1 246 0.450 1
147 6 N4 N3 89 0.880 1
148 1 N3 N1 72 0.310 0
148 2 N3 N3 127 0.310 1
148 3 N5 N5 217 0.460 1
148 4 N1 N3 0 0.980 0
148 5 N1 N1 246 0.980 1
148 6 N4 N3 89 0.430 1
149 1 N3 N1 73 0.320 0
149 2 N3 N3 126 0.320 1
149 3 N5 N5 217 0.500 1
149 4 N1 N3 0 0.020 0
149 5 N1 N1 247 0.020 1
149 6 N4 N3 90 0.980 1
150 1 N3 N1 72 0.360 0
150 2 N3 N3 126 0.360 1
150 3 N5 N5 218 0.010 1
150 4 N1 N3 0 0.060 0
150 5 N1 N1 248 0.060 1
150 6 N4 N3 91 0.520 1
151 1 N3 N1 72 0.900 0
151 2 N3 N3 125 0.900 1
151 3 N5 N5 218 0.040 1
151 4 N1 N3 0 0.070 0
151 5 N1 N1 248 0.070 1
151 6 N4 N3 91 0.020 1
152 1 N3 N1 115 0.300 0
152 2 N3 N3 123 0.300 1
152 3 N5 N5 219 0.090 1
152 4 N1 N3 0 0.090 0
152 5 N1 N1 248 0.090 1
152 6 N4 N3 93 0.070 1
153 1 N3 N1 117 0.350 0
153 2 N3 N3 122 0.350 1
153 3 N5 N5 220 0.130 1
153 4 N1 N3 0 0.110 0
153 5 N1 N1 249 0.110 1
153 6 N4 N3 95 0.090 1
154 1 N3 N1 119 0.370 0
154 2 N3 N3 123 0.370 1
154 3 N5 N5 220 0.190 1
154 4 N1 N3 0 0.170 0
154 5 N1 N1 250 0.170 1
154 6 N4 N3 96 0.130 1
155 1 N3 N1 122 0.430 0
155 2 N3 N3 123 0.430 1
155 3 N5 N5 221 0.200 1
155 4 N1 N3 0 0.190 0
155 5 N1 N1 251 0.190 1
155 6 N4 N3 97 0.170 1
156 1 N3 N1 122 0.030 0
156 2 N3 N3 125 0.030 1
156 3 N5 N5 222 0.240 1
156 4 N1 N3 0 0.250 0
156 5 N1 N1 250 0.250 1
156 6 N4 N3 97 1.230 1
157 1 N3 N1 125 0.050 0
157 2 N3 N3 128 0.050 1
157 3 N5 N5 223 0.260 1
157 4 N1 N3 0 0.780 0
157 5 N1 N1 249 0.780 1
157 6 N4 N3 97 0.750 1
158 1 N3 N1 130 0.060 0
158 2 N3 N3 130 0.060 1
158 3 N5 N5 223 0.300 1
158 4 N1 N3 0 0.290 0
158 5 N1 N1 245 0.290 1
158 6 N4 N3 100 0.250 1
159 1 N3 N1 134 0.110 0
159 2 N3 N3 133 0.110 1
159 3 N5 N5 223 0.360 1
159 4 N1 N3 0 0.320 0
159 5 N1 N1 242 0.320 1
159 6 N4 N3 102 0.800 1
160 1 N3 N1 138 0.020 0
160 2 N3 N3 136 0.020 1
160 3 N5 N5 223 0.390 1
160 4 N1 N3 0 0.330 0
160 5 N1 N1 240 0.330 1
160 6 N4 N3 104 0.330 1
161 1 N3 N1 140 0.070 0
161 2 N3 N3 138 0.070 1
161 3 N5 N5 223 0.440 1
161 4 N1 N3 0 0.080 0
161 5 N1 N1 237 0.080 1
161 6 N4 N3 106 0.360 1
162 1 N3 N1 144 0.120 0
162 2 N3 N3 141 0.120 1
162 3 N5 N5 223 0.000 1
162 4 N1 N3 0 0.450 0
162 5 N1 N1 234 0.450 1
162 6 N4 N3 108 0.910 1
163 1 N3 N1 145 0.160 0
163 2 N3 N3 142 0.160 1
163 3 N5 N5 222 0.040 1
163 4 N1 N3 0 0.510 0
163 5 N1 N1 231 0.510 1
163 6 N4 N3 109 0.440 1
164 1 N3 N1 149 0.180 0
164 2 N3 N3 145 0.180 1
164 3 N5 N5 221 0.050 1
164 4 N1 N3 0 0.010 0
164 5 N1 N1 229 0.010 1
164 6 N4 N3 113 0.460 1
165 1 N3 N1 149 0.180 0
165 2 N3 N3 148 0.180 1
165 3 N5 N5 221 0.050 1
165 4 N1 N3 0 0.060 0
165 5 N1 N1 227 0.060 1
165 6 N4 N3 114 1.000 1
166 1 N3 N1 149 0.310 0
166 2 N3 N3 150 0.310 1
166 3 N5 N5 220 0.080 1
166 4 N1 N3 0 0.120 0
166 5 N1 N1 226 0.120 1
166 6 N4 N3 118 0.500 1
167 1 N3 N1 150 0.200 0
167 2 N3 N3 151 0.200 1
167 3 N5 N5 220 0.100 1
167 4 N1 N3 0 0.170 0
167 5 N1 N1 224 0.170 1
167 6 N4 N3 122 0.050 1
168 1 N3 N1 149 0.730 0
168 2 N3 N3 152 0.730 1
168 3 N5 N5 220 0.120 1
168 4 N1 N3 0 0.740 0
168 5 N1 N1 224 0.740 1
168 6 N4 N3 122 0.580 1
169 1 N3 N1 149 0.380 0
169 2 N3 N3 153 0.380 1
169 3 N5 N5 219 0.130 1
169 4 N1 N3 0 0.750 0
169 5 N1 N1 222 0.750 1
169 6 N4 N3 122 0.140 1
170 1 N3 N1 148 0.380 0
170 2 N3 N3 153 0.380 1
170 3 N5 N5 219 0.150 1
170 4 N1 N3 0 0.380 0
170 5 N1 N1 221 0.380 1
170 6 N4 N3 122 0.130 1
171 1 N3 N1 151 0.130 0
171 2 N3 N3 153 0.130 1
171 3 N5 N5 219 0.190 1
171 4 N1 N3 0 0.130 0
171 5 N1 N1 220 0.130 1
171 6 N4 N3 122 0.700 1
172 1 N3 N1 153 0.500 0
172 2 N3 N3 152 0.500 1
172 3 N5 N5 220 0.210 1
172 4 N1 N3 0 0.270 0
172 5 N1 N1 219 0.270 1
172 6 N4 N3 121 0.750 1
173 1 N3 N1 155 0.720 0
173 2 N3 N3 152 0.720 1
173 3 N5 N5 220 0.260 1
173 4 N1 N3 0 0.720 0
173 5 N1 N1 219 0.720 1
173 6 N4 N3 118 0.260 1
174 1 N3 N1 158 0.540 0
174 2 N3 N3 150 0.540 1
174 3 N5 N5 221 0.270 1
174 4 N1 N3 0 0.370 0
174 5 N1 N1 219 0.370 1
174 6 N4 N3 117 0.820 1
175 1 N3 N1 158 0.050 0
175 2 N3 N3 150 0.050 1
175 3 N5 N5 220 0.300 1
175 4 N1 N3 0 0.930 0
175 5 N1 N1 219 0.930 1
175 6 N4 N3 115 0.840 1
176 1 N3 N1 158 0.470 0
176 2 N3 N3 150 0.470 1
176 3 N5 N5 221 0.300 1
176 4 N1 N3 0 0.460 0
176 5 N1 N1 219 0.460 1
176 6 N4 N3 112 0.360 1
177 1 N3 N1 157 0.020 1
177 2 N3 N3 149 0.020 0
177 3 N5 N5 221 0.330 1
177 4 N1 N3 0 0.010 0
177 5 N1 N1 220 0.010 1
177 6 N4 N3 112 1.420 1
178 1 N3 N1 156 0.100 1
178 2 N3 N3 150 0.100 0
178 3 N5 N5 221 0.370 1
178 4 N1 N3 0 0.050 0
178 5 N1 N1 221 0.050 1
178 6 N4 N1 116 0.420 0
178 7 N4 N3 110 0.420 1
179 1 N3 N1 149 0.170 1
179 2 N3 N3 151 0.170 0
179 3 N5 N5 221 0.410 1
179 4 N1 N3 0 0.610 0
179 5 N1 N1 221 0.610 1
179 6 N4 N1 110 0.390 0
179 7 N4 N3 110 0.390 1
180 1 N3 N1 145 0.230 1
180 2 N3 N3 152 0.230 0
180 3 N5 N5 221 0.450 1
180 4 N1 N3 0 0.140 0
180 5 N1 N1 220 0.140 1
180 6 N4 N1 108 0.940 0
180 7 N4 N3 109 0.940 1
181 1 N3 N1 142 0.780 1
181 2 N3 N3 152 0.780 0
181 3 N5 N5 220 0.990 1
181 4 N1 N3 0 0.680 0
181 5 N1 N1 220 0.680 1
181 6 N4 N1 108 2.000 0
181 7 N4 N3 109 2.000 1
182 1 N3 N1 142 0.920 0
182 2 N3 N3 153 0.920 1
182 3 N5 N5 220 0.030 1
182 4 N1 N3 0 0.010 0
182 5 N1 N1 219 0.010 1
182 6 N4 N1 108 3.070 0
182 7 N4 N3 109 3.070 1
183 1 N3 N1 134 0.110 0
183 2 N3 N3 153 0.110 1
183 3 N5 N5 218 0.070 1
183 4 N1 N3 0 0.100 0
183 5 N1 N1 216 0.100 1
183 6 N4 N1 108 4.140 0
183 7 N4 N3 109 4.140 1
184 1 N3 N1 134 0.980 0
184 2 N3 N3 152 0.980 1
184 3 N5 N5 216 0.090 1
184 4 N1 N3 0 1.160 0
184 5 N1 N1 216 1.160 1
184 6 N4 N1 108 5.200 0
184 7 N4 N3 109 5.200 1
185 1 N3 N1 128 0.390 0
185 2 N3 N3 151 0.390 1
185 3 N5 N5 214 0.130 1
185 4 N1 N3 0 0.310 0
185 5 N1 N1 214 0.310 1
185 6 N4 N1 108 0.720 0
185 7 N4 N3 109 0.720 1
186 1 N3 N1 125 0.050 0
186 2 N3 N3 150 0.050 1
186 3 N5 N5 213 0.160 1
186 4 N1 N3 90 0.740 0
186 5 N1 N1 213 0.740 1
186 6 N4 N1 108 0.260 0
186 7 N4 N3 110 0.260 1
187 1 N3 N1 120 0.090 0
187 2 N3 N3 149 0.090 1
187 3 N5 N5 212 0.170 1
187 4 N1 N3 91 0.280 0
187 5 N1 N1 212 0.280 1
187 6 N4 N1 108 0.280 0
187 7 N4 N3 111 0.280 1
188 1 N3 N1 117 0.120 0
188 2 N3 N3 148 0.120 1
188 3 N5 N5 211 0.210 1
188 4 N1 N3 91 0.290 0
188 5 N1 N1 211 0.290 1
188 6 N4 N1 108 0.620 0
188 7 N4 N3 113 0.620 1
189 1 N3 N1 120 0.060 0
189 2 N3 N3 148 0.060 1
189 3 N5 N5 210 0.250 1
189 4 N1 N3 91 0.160 0
189 5 N1 N1 211 0.160 1
189 6 N4 N1 108 0.360 0
189 7 N4 N3 116 0.360 1
190 1 N3 N1 127 0.100 0
190 2 N3 N3 148 0.100 1
190 3 N5 N5 209 0.310 1
190 4 N1 N3 91 0.360 0
190 5 N1 N1 212 0.360 1
190 6 N4 N1 108 0.420 0
190 7 N4 N3 118 0.420 1
191 1 N3 N1 135 0.140 0
191 2 N3 N3 149 0.140 1
191 3 N5 N5 209 0.340 1
191 4 N1 N3 91 0.380 0
191 5 N1 N1 213 0.380 1
191 6 N4 N1 108 0.450 0
191 7 N4 N3 123 0.450 1
192 1 N3 N1 139 0.040 0
192 2 N3 N3 151 0.040 1
192 3 N5 N5 210 0.380 1
192 4 N1 N3 91 0.010 0
192 5 N1 N1 217 0.010 1
192 6 N4 N1 108 0.150 0
192 7 N4 N3 126 0.150 1
193 1 N3 N1 139 0.280 0
193 2 N3 N3 152 0.280 1
193 3 N5 N5 209 0.420 1
193 4 N1 N3 91 1.100 0
193 5 N1 N1 217 1.100 1
193 6 N4 N1 105 0.290 0
193 7 N4 N3 128 0.290 1
194 1 N3 N1 139 0.050 0
194 2 N3 N3 153 0.050 1
194 3 N5 N5 208 0.470 1
194 4 N1 N3 91 0.150 0
194 5 N1 N1 220 0.150 1
194 6 N4 N1 105 0.140 0
194 7 N4 N3 131 0.140 1
195 1 N3 N1 139 0.350 0
195 2 N3 N3 155 0.350 1
195 3 N5 N5 207 0.520 1
195 4 N1 N3 95 0.050 0
195 5 N1 N1 222 0.050 1
195 6 N4 N1 0 0.700 0
195 7 N4 N3 131 0.700 1
196 1 N3 N1 141 0.140 0
196 2 N3 N3 156 0.140 1
196 3 N5 N5 205 0.040 1
196 4 N1 N3 96 0.190 0
196 5 N1 N1 222 0.190 1
196 6 N4 N1 0 0.230 0
196 7 N4 N3 133 0.230 1
197 1 N3 N1 143 0.040 0
197 2 N3 N3 159 0.040 1
197 3 N5 N5 204 0.050 1
197 4 N1 N3 97 0.080 0
197 5 N1 N1 224 0.080 1
197 6 N4 N1 0 0.280 0
197 7 N4 N3 133 0.280 1
198 1 N3 N1 145 0.070 0
198 2 N3 N3 160 0.070 1
198 3 N5 N5 204 0.100 1
198 4 N1 N3 97 0.760 0
198 5 N1 N1 224 0.760 1
198 6 N4 N1 0 0.820 0
198 7 N4 N3 134 0.820 1
199 1 N3 N1 144 0.830 0
199 2 N3 N3 160 0.830 1
199 3 N5 N5 204 0.130 1
199 4 N1 N3 96 0.720 0
199 5 N1 N1 225 0.720 1
199 6 N4 N1 0 0.000 0
199 7 N4 N3 135 0.000 1
200 1 N3 N1 145 0.140 0
200 2 N3 N3 162 0.140 1
200 3 N5 N5 204 0.180 1
200 4 N1 N3 93 0.170 0
200 5 N1 N1 228 0.170 1
200 6 N4 N1 0 1.070 0
200 7 N4 N3 135 1.070 1
201 1 N3 N1 146 0.160 0
201 2 N3 N3 164 0.160 1
201 3 N5 N5 204 0.190 1
201 4 N1 N3 92 0.840 0
201 5 N1 N1 228 0.840 1
201 6 N4 N1 0 0.940 0
201 7 N4 N3 135 0.940 1
202 1 N3 N1 146 0.110 0
202 2 N3 N3 164 0.110 1
202 3 N5 N5 204 0.230 1
202 4 N1 N3 92 0.230 0
202 5 N1 N1 228 0.230 1
202 6 N4 N1 0 0.220 0
202 7 N4 N3 136 0.220 1
203 1 N3 N1 145 0.540 0
203 2 N3 N3 165 0.540 1
203 3 N5 N5 205 0.260 1
203 4 N1 N3 92 0.900 0
203 5 N1 N1 228 0.900 1
203 6 N4 N1 0 1.280 0
203 7 N4 N3 136 1.280 1
204 1 N3 N1 143 0.200 0
204 2 N3 N3 168 0.200 1
204 3 N5 N5 206 0.330 1
204 4 N1 N3 93 0.080 0
204 5 N1 N1 229 0.080 1
204 6 N4 N1 0 0.010 0
204 7 N4 N3 140 0.010 1
205 1 N3 N1 139 0.120 0
205 2 N3 N3 168 0.120 1
205 3 N5 N5 207 0.360 1
205 4 N1 N3 94 0.120 0
205 5 N1 N1 228 0.120 1
205 6 N4 N1 0 0.570 0
205 7 N4 N3 141 0.570 1
206 1 N3 N1 137 0.330 0
206 2 N3 N3 168 0.330 1
206 3 N5 N5 208 0.400 1
206 4 N1 N3 97 0.510 0
206 5 N1 N1 228 0.510 1
206 6 N4 N1 0 0.140 0
206 7 N4 N3 142 0.140 1
207 1 N3 N1 136 0.330 0
207 2 N3 N3 169 0.330 1
207 3 N5 N5 208 0.440 1
207 4 N1 N3 100 0.050 0
207 5 N1 N1 227 0.050 1
207 6 N4 N1 0 0.680 0
207 7 N4 N3 142 0.680 1
208 1 N3 N1 135 0.590 0
208 2 N3 N3 168 0.590 1
208 3 N5 N5 209 0.470 1
208 4 N1 N3 100 0.090 0
208 5 N1 N1 227 0.090 1
208 6 N4 N1 0 1.750 0
208 7 N4 N3 142 1.750 1
209 1 N3 N1 132 0.780 0
209 2 N3 N3 168 0.780 1
209 3 N5 N5 210 0.000 1
209 4 N1 N3 100 0.620 0
209 5 N1 N1 227 0.620 1
209 6 N4 N1 0 2.810 0
209 7 N4 N3 142 2.810 1
210 1 N3 N1 132 0.250 0
210 2 N3 N3 168 0.250 1
210 3 N5 N5 210 0.040 1
210 4 N1 N3 100 0.240 0
210 5 N1 N1 228 0.240 1
210 6 N4 N1 0 0.310 0
210 7 N4 N3 142 0.310 1
211 1 N3 N1 129 0.050 0
211 2 N3 N3 167 0.050 1
211 3 N5 N5 210 0.100 1
211 4 N1 N3 100 0.180 0
211 5 N1 N1 229 0.180 1
211 6 N4 N1 0 0.380 0
211 7 N4 N3 142 0.380 1
212 1 N3 N1 130 0.500 0
212 2 N3 N3 166 0.500 1
212 3 N5 N5 210 0.130 1
212 4 N1 N3 101 0.230 0
212 5 N1 N1 229 0.230 1
212 6 N4 N1 0 0.420 0
212 7 N4 N3 142 0.420 1
213 1 N3 N1 130 0.630 0
213 2 N3 N3 166 0.630 1
213 3 N5 N5 210 0.190 1
213 4 N1 N3 100 0.240 0
213 5 N1 N1 231 0.240 1
213 6 N4 N1 0 0.970 0
213 7 N4 N3 142 0.970 1
214 1 N3 N1 131 0.190 0
214 2 N3 N3 166 0.190 1
214 3 N5 N5 211 0.230 1
214 4 N1 N3 100 0.290 0
214 5 N1 N1 234 0.290 1
214 6 N4 N1 0 0.490 0
214 7 N4 N3 143 0.490 1
215 1 N3 N1 133 0.220 0
215 2 N3 N3 167 0.220 1
215 3 N5 N5 211 0.280 1
215 4 N1 N3 100 0.380 0
215 5 N1 N1 235 0.380 1
215 6 N4 N1 0 0.490 0
215 7 N4 N3 143 0.490 1
216 1 N3 N1 133 0.250 0
216 2 N3 N3 167 0.250 1
216 3 N5 N5 211 0.350 1
216 4 N1 N3 0 0.740 0
216 5 N1 N1 236 0.740 1
216 6 N4 N1 0 1.030 0
216 7 N4 N3 142 1.030 1
217 1 N3 N1 135 0.150 0
217 2 N3 N3 167 0.150 1
217 3 N5 N5 210 0.390 1
217 4 N1 N3 0 0.500 0
217 5 N1 N1 237 0.500 1
217 6 N4 N1 0 2.110 0
217 7 N4 N3 142 2.110 1
218 1 N3 N1 136 0.040 0
218 2 N3 N3 167 0.040 1
218 3 N5 N5 210 0.440 1
218 4 N1 N3 0 0.040 0
218 5 N1 N1 238 0.040 1
218 6 N4 N1 0 0.230 0
218 7 N4 N3 139 0.230 1
219 1 N3 N1 136 0.400 0
219 2 N3 N3 165 0.400 1
219 3 N5 N5 210 0.480 1
219 4 N1 N3 0 1.110 0
219 5 N1 N1 238 1.110 1
219 6 N4 N1 0 0.260 0
219 7 N4 N3 137 0.260 1
220 1 N3 N1 134 0.500 0
220 2 N3 N3 163 0.500 1
220 3 N5 N5 210 0.510 1
220 4 N1 N3 0 1.000 0
220 5 N1 N1 239 1.000 1
220 6 N4 N1 0 1.320 0
220 7 N4 N3 137 1.320 1
221 1 N3 N1 134 0.520 0
221 2 N3 N3 161 0.520 1
221 3 N5 N5 210 0.030 1
221 4 N1 N3 0 0.400 0
221 5 N1 N1 239 0.400 1
221 6 N4 N1 0 2.390 0
221 7 N4 N3 137 2.390 1
222 1 N3 N1 132 1.060 0
222 2 N3 N3 160 1.060 1
222 3 N5 N5 210 1.090 1
222 4 N1 N3 0 1.460 0
222 5 N1 N1 239 1.460 1
222 6 N4 N1 0 3.450 0
222 7 N4 N3 137 3.450 1
223 1 N3 N1 119 0.050 0
223 2 N3 N3 157 0.050 1
223 3 N5 N5 210 0.120 1
223 4 N1 N3 0 0.460 0
223 5 N1 N1 239 0.460 1
223 6 N4 N1 0 4.520 0
223 7 N4 N3 137 4.520 1
224 1 N3 N1 118 0.620 0
224 2 N3 N3 157 0.620 1
224 3 N5 N5 210 0.150 1
224 4 N1 N3 0 0.620 0
224 5 N1 N1 239 0.620 1
224 6 N4 N1 0 5.580 0
224 7 N4 N3 137 5.580 1
225 1 N3 N1 118 0.150 0
225 2 N3 N3 150 0.150 1
225 3 N5 N5 211 0.210 1
225 4 N1 N3 0 1.000 0
225 5 N1 N1 239 1.000 1
225 6 N4 N1 0 0.860 0
225 7 N4 N3 135 0.860 1
226 1 N3 N1 111 0.470 0
226 2 N3 N3 148 0.470 1
226 3 N5 N5 213 0.280 1
226 4 N1 N3 0 0.180 0
226 5 N1 N1 237 0.180 1
226 6 N4 N1 0 0.920 0
226 7 N4 N3 134 0.920 1
227 1 N3 N1 105 0.130 0
227 2 N3 N3 143 0.130 1
227 3 N5 N5 215 0.300 1
227 4 N1 N3 0 0.220 0
227 5 N1 N1 238 0.220 1
227 6 N4 N1 0 1.990 0
227 7 N4 N3 134 1.990 1
228 1 N3 N1 104 0.180 0
228 2 N3 N3 140 0.180 1
228 3 N5 N5 217 0.320 1
228 4 N1 N3 0 0.230 0
228 5 N1 N1 237 0.230 1
228 6 N4 N1 0 1.030 0
228 7 N4 N3 132 1.030 1
229 1 N3 N1 103 0.210 0
229 2 N3 N3 137 0.210 1
229 3 N5 N5 218 0.390 1
229 4 N1 N3 0 0.290 0
229 5 N1 N1 237 0.290 1
229 6 N4 N1 0 0.080 0
229 7 N4 N3 127 0.080 1
230 1 N3 N1 99 0.780 0
230 2 N3 N3 136 0.780 1
230 3 N5 N5 221 0.430 1
230 4 N1 N3 0 0.310 0
230 5 N1 N1 237 0.310 1
230 6 N4 N1 0 0.130 0
230 7 N4 N3 124 0.130 1
231 1 N3 N1 98 0.300 0
231 2 N3 N3 135 0.300 1
231 3 N5 N5 222 0.480 1
231 4 N1 N3 0 0.330 0
231 5 N1 N1 236 0.330 1
231 6 N4 N1 0 0.140 0
231 7 N4 N3 120 0.140 1
232 1 N3 N1 97 0.820 0
232 2 N3 N3 135 0.820 1
232 3 N5 N5 222 1.020 1
232 4 N1 N3 0 0.360 0
232 5 N1 N1 236 0.360 1
232 6 N4 N1 0 0.710 0
232 7 N4 N3 119 0.710 1
233 1 N3 N1 97 0.460 0
233 2 N3 N3 135 0.460 1
233 3 N5 N5 222 0.050 1
233 4 N1 N3 0 0.360 0
233 5 N1 N1 238 0.360 1
233 6 N4 N1 0 0.230 0
233 7 N4 N3 116 0.230 1
234 1 N3 N1 98 0.520 0
234 2 N3 N3 136 0.520 1
234 3 N5 N5 223 0.080 1
234 4 N1 N3 0 0.440 0
234 5 N1 N1 238 0.440 1
234 6 N4 N1 0 0.800 0
234 7 N4 N3 115 0.800 1
235 1 N3 N1 98 0.070 0
235 2 N3 N3 137 0.070 1
235 3 N5 N5 223 0.140 1
235 4 N1 N3 0 0.480 0
235 5 N1 N1 237 0.480 1
235 6 N4 N1 0 0.320 0
235 7 N4 N3 114 0.320 1
236 1 N3 N1 105 0.090 0
236 2 N3 N3 138 0.090 1
236 3 N5 N5 223 0.170 1
236 4 N1 N3 0 0.500 0
236 5 N1 N1 238 0.500 1
236 6 N4 N1 0 0.370 0
236 7 N4 N3 113 0.370 1
237 1 N3 N1 114 0.050 0
237 2 N3 N3 139 0.050 1
237 3 N5 N5 223 0.230 1
237 4 N1 N3 0 0.050 0
237 5 N1 N1 239 0.050 1
237 6 N4 N1 0 0.910 0
237 7 N4 N3 113 0.910 1
238 1 N3 N1 118 0.090 0
238 2 N3 N3 140 0.090 1
238 3 N5 N5 223 0.280 1
238 4 N1 N3 0 0.080 0
238 5 N1 N1 240 0.080 1
238 6 N4 N1 0 0.460 0
238 7 N4 N3 113 0.460 1
239 1 N3 N1 121 0.100 0
239 2 N3 N3 141 0.100 1
239 3 N5 N5 224 0.340 1
239 4 N1 N3 0 0.150 0
239 5 N1 N1 240 0.150 1
239 6 N4 N1 0 1.010 0
239 7 N4 N3 114 1.010 1
240 1 N3 N1 122 0.230 0
240 2 N3 N3 141 0.230 1
240 3 N5 N5 226 0.340 1
240 4 N1 N3 0 0.200 0
240 5 N1 N1 240 0.200 1
240 6 N4 N1 0 0.020 0
240 7 N4 N3 114 0.020 1
241 1 N3 N1 123 0.310 0
241 2 N3 N3 142 0.310 1
241 3 N5 N5 227 0.380 1
241 4 N1 N3 0 1.270 0
241 5 N1 N1 240 1.270 1
241 6 N4 N1 0 1.090 0
241 7 N4 N3 114 1.090 1
242 1 N3 N1 124 0.320 0
242 2 N3 N3 142 0.320 1
242 3 N5 N5 227 0.430 1
242 4 N1 N3 0 0.640 0
242 5 N1 N1 238 0.640 1
242 6 N4 N1 0 0.610 0
242 7 N4 N3 114 0.610 1
243 1 N3 N1 127 0.760 0
243 2 N3 N3 142 0.760 1
243 3 N5 N5 228 0.490 1
243 4 N1 N3 0 0.360 0
243 5 N1 N1 238 0.360 1
243 6 N4 N1 0 0.170 0
243 7 N4 N3 113 0.170 1
244 1 N3 N1 126 0.260 0
244 2 N3 N3 141 0.260 1
244 3 N5 N5 230 0.010 1
244 4 N1 N3 0 0.410 0
244 5 N1 N1 237 0.410 1
244 6 N4 N1 0 0.220 0
244 7 N4 N3 112 0.220 1
245 1 N3 N1 124 0.330 0
245 2 N3 N3 141 0.330 1
245 3 N5 N5 232 0.100 1
245 4 N1 N3 0 0.480 0
245 5 N1 N1 237 0.480 1
245 6 N4 N1 0 0.280 0
245 7 N4 N3 111 0.280 1
246 1 N3 N1 123 0.860 0
246 2 N3 N3 141 0.860 1
246 3 N5 N5 233 0.100 1
246 4 N1 N3 0 0.000 0
246 5 N1 N1 237 0.000 1
246 6 N4 N1 0 0.310 0
246 7 N4 N3 111 0.310 1
247 1 N3 N1 123 0.030 0
247 2 N3 N3 143 0.030 1
247 3 N5 N5 234 0.160 1
247 4 N1 N3 0 0.050 0
247 5 N1 N1 237 0.050 1
247 6 N4 N1 0 0.890 0
247 7 N4 N3 110 0.890 1
248 1 N3 N1 122 0.540 0
248 2 N3 N3 144 0.540 1
248 3 N5 N5 237 0.170 1
248 4 N1 N3 0 0.420 0
248 5 N1 N1 237 0.420 1
248 6 N4 N1 0 0.410 0
248 7 N4 N3 110 0.410 1
249 1 N3 N1 123 0.100 0
249 2 N3 N3 147 0.100 1
249 3 N5 N5 238 0.740 1
249 4 N1 N3 0 0.140 0
249 5 N1 N1 238 0.140 1
249 6 N4 N1 0 0.430 0
249 7 N4 N3 110 0.430 1
250 1 N3 N1 126 0.030 0
250 2 N3 N3 150 0.030 1
250 3 N5 N5 241 0.270 1
250 4 N1 N3 0 0.170 0
250 5 N1 N1 240 0.170 1
250 6 N4 N1 0 0.450 0
250 7 N4 N3 112 0.450 1
251 1 N3 N1 129 0.040 0
251 2 N3 N3 153 0.040 1
251 3 N5 N5 244 0.320 1
251 4 N1 N3 0 0.240 0
251 5 N1 N1 242 0.240 1
251 6 N4 N1 0 1.020 0
251 7 N4 N3 112 1.020 1
252 1 N3 N1 130 0.090 0
252 2 N3 N3 157 0.090 1
252 3 N5 N5 247 0.370 1
252 4 N1 N3 0 0.270 0
252 5 N1 N1 243 0.270 1
252 6 N4 N1 0 2.080 0
252 7 N4 N3 112 2.080 1
253 1 N3 N1 132 0.100 0
253 2 N3 N3 159 0.100 1
253 3 N5 N5 249 0.400 1
253 4 N1 N3 0 0.290 0
253 5 N1 N1 244 0.290 1
253 6 N4 N1 0 0.060 0
253 7 N4 N3 114 0.060 1
254 1 N3 N1 134 0.780 0
254 2 N3 N3 161 0.780 1
254 3 N5 N5 251 0.470 1
254 4 N1 N3 0 0.320 0
254 5 N1 N1 245 0.320 1
254 6 N4 N1 0 1.150 0
254 7 N4 N3 114 1.150 1
255 1 N3 N1 134 0.200 0
255 2 N3 N3 166 0.200 1
255 3 N5 N5 253 0.500 1
255 4 N1 N3 0 0.380 0
255 5 N1 N1 246 0.380 1
255 6 N4 N1 0 0.130 0
255 7 N4 N3 117 0.130 1
256 1 N3 N1 133 0.210 0
256 2 N3 N3 170 0.210 1
256 3 N5 N5 252 0.020 1
256 4 N1 N3 0 0.400 0
256 5 N1 N1 247 0.400 1
256 6 N4 N1 0 0.680 0
256 7 N4 N3 118 0.680 1
257 1 N3 N1 133 0.430 0
257 2 N3 N3 172 0.430 1
257 3 N5 N5 251 0.040 1
257 4 N1 N3 0 0.960 0
257 5 N1 N1 247 0.960 1
257 6 N4 N1 0 0.210 0
257 7 N4 N3 120 0.210 1
258 1 N3 N1 136 0.340 0
258 2 N3 N3 174 0.340 1
258 3 N5 N5 249 0.060 1
258 4 N1 N3 0 0.460 0
258 5 N1 N1 247 0.460 1
258 6 N4 N1 0 0.750 0
258 7 N4 N3 121 0.750 1
259 1 N3 N1 136 0.890 0
259 2 N3 N3 175 0.890 1
259 3 N5 N5 247 0.080 1
259 4 N1 N3 0 0.500 0
259 5 N1 N1 248 0.500 1
259 6 N4 N1 0 0.260 0
259 7 N4 N3 122 0.260 1
260 1 N3 N1 137 0.040 0
260 2 N3 N3 178 0.040 1
260 3 N5 N5 245 0.130 1
260 4 N1 N3 0 0.020 0
260 5 N1 N1 249 0.020 1
260 6 N4 N1 0 0.330 0
260 7 N4 N3 124 0.330 1
261 1 N3 N1 141 0.080 0
261 2 N3 N3 179 0.080 1
261 3 N5 N5 244 0.160 1
261 4 N1 N3 0 0.060 0
261 5 N1 N1 249 0.060 1
261 6 N4 N1 0 0.390 0
261 7 N4 N3 124 0.390 1
262 1 N3 N1 144 0.010 0
262 2 N3 N3 180 0.010 1
262 3 N5 N5 243 0.210 1
262 4 N1 N3 0 0.110 0
262 5 N1 N1 249 0.110 1
262 6 N4 N1 0 0.950 0
262 7 N4 N3 124 0.950 1
263 1 N3 N1 145 0.090 0
263 2 N3 N3 180 0.090 1
263 3 N5 N5 242 0.240 1
263 4 N1 N3 0 0.140 0
263 5 N1 N1 250 0.140 1
263 6 N4 N1 0 0.500 0
263 7 N4 N3 124 0.500 1
264 1 N3 N1 144 0.100 0
264 2 N3 N3 179 0.100 1
264 3 N5 N5 240 0.270 1
264 4 N1 N3 0 0.190 0
264 5 N1 N1 249 0.190 1
264 6 N4 N1 0 1.050 0
264 7 N4 N3 124 1.050 1
265 1 N3 N1 140 0.120 0
265 2 N3 N3 177 0.120 1
265 3 N5 N5 239 0.290 1
265 4 N1 N3 0 0.130 0
265 5 N1 N1 250 0.130 1
265 6 N4 N1 0 0.070 0
265 7 N4 N3 123 0.070 1
266 1 N3 N1 139 0.690 0
266 2 N3 N3 176 0.690 1
266 3 N5 N5 239 0.330 1
266 4 N1 N3 0 0.800 0
266 5 N1 N1 250 0.800 1
266 6 N4 N1 0 0.260 0
266 7 N4 N3 122 0.260 1
267 1 N3 N1 136 0.020 0
267 2 N3 N3 176 0.020 1
267 3 N5 N5 238 0.350 1
267 4 N1 N3 0 0.020 0
267 5 N1 N1 250 0.020 1
267 6 N4 N1 0 1.320 0
267 7 N4 N3 122 1.320 1
268 1 N3 N1 136 0.300 0
268 2 N3 N3 174 0.300 1
268 3 N5 N5 237 0.370 1
268 4 N1 N3 0 0.300 0
268 5 N1 N1 250 0.300 1
268 6 N4 N1 0 0.230 0
268 7 N4 N3 120 0.230 1
269 1 N3 N1 138 0.480 0
269 2 N3 N3 172 0.480 1
269 3 N5 N5 235 0.400 1
269 4 N1 N3 0 0.180 0
269 5 N1 N1 250 0.180 1
269 6 N4 N1 0 0.760 0
269 7 N4 N3 119 0.760 1
270 1 N3 N1 139 0.910 0
270 2 N3 N3 172 0.910 1
270 3 N5 N5 232 0.450 1
270 4 N1 N3 0 0.900 0
270 5 N1 N1 250 0.900 1
270 6 N4 N1 0 1.830 0
270 7 N4 N3 119 1.830 1
271 1 N3 N1 142 0.050 0
271 2 N3 N3 172 0.050 1
271 3 N5 N5 229 0.010 1
271 4 N1 N3 0 0.320 0
271 5 N1 N1 249 0.320 1
271 6 N4 N1 0 0.330 0
271 7 N4 N3 119 0.330 1
272 1 N3 N1 144 0.090 0
272 2 N3 N3 172 0.090 1
272 3 N5 N5 227 0.060 1
272 4 N1 N3 0 0.960 0
272 5 N1 N1 249 0.960 1
272 6 N4 N1 0 0.360 0
272 7 N4 N3 120 0.360 1
273 1 N3 N1 148 0.010 0
273 2 N3 N3 174 0.010 1
273 3 N5 N5 226 0.110 1
273 4 N1 N3 0 0.500 0
273 5 N1 N1 249 0.500 1
273 6 N4 N1 0 0.430 0
273 7 N4 N3 121 0.430 1
274 1 N3 N1 148 0.160 0
274 2 N3 N3 178 0.160 1
274 3 N5 N5 225 0.150 1
274 4 N1 N3 0 0.010 0
274 5 N1 N1 250 0.010 1
274 6 N4 N1 0 0.960 0
274 7 N4 N3 121 0.960 1
275 1 N3 N1 149 0.080 0
275 2 N3 N3 181 0.080 1
275 3 N5 N5 224 0.210 1
275 4 N1 N3 0 0.040 0
275 5 N1 N1 250 0.040 1
275 6 N4 N1 0 0.240 0
275 7 N4 N3 122 0.240 1
276 1 N3 N1 149 0.110 0
276 2 N3 N3 186 0.110 1
276 3 N5 N5 224 0.230 1
276 4 N1 N3 0 1.110 0
276 5 N1 N1 250 1.110 1
276 6 N4 N1 0 0.470 0
276 7 N4 N3 123 0.470 1
277 1 N3 N1 148 0.140 0
277 2 N3 N3 190 0.140 1
277 3 N5 N5 224 0.280 1
277 4 N1 N3 0 0.100 0
277 5 N1 N1 251 0.100 1
277 6 N4 N1 0 1.030 0
277 7 N4 N3 125 1.030 1
278 1 N3 N1 149 0.170 0
278 2 N3 N3 191 0.170 1
278 3 N5 N5 223 0.310 1
278 4 N1 N3 0 0.120 0
278 5 N1 N1 252 0.120 1
278 6 N4 N1 0 0.550 0
278 7 N4 N3 127 0.550 1
279 1 N3 N1 149 0.360 0
279 2 N3 N3 193 0.360 1
279 3 N5 N5 221 0.370 1
279 4 N1 N3 0 0.200 0
279 5 N1 N1 252 0.200 1
279 6 N4 N1 0 0.090 0
279 7 N4 N3 131 0.090 1
280 1 N3 N1 148 0.300 0
280 2 N3 N3 194 0.300 1
280 3 N5 N5 219 0.420 1
280 4 N1 N3 0 0.260 0
280 5 N1 N1 252 0.260 1
280 6 N4 N1 0 0.130 0
280 7 N4 N3 135 0.130 1
281 1 N3 N1 150 0.310 0
281 2 N3 N3 196 0.310 1
281 3 N5 N5 217 0.470 1
281 4 N1 N3 0 0.310 0
281 5 N1 N1 252 0.310 1
281 6 N4 N1 0 0.170 0
281 7 N4 N3 137 0.170 1
282 1 N3 N1 152 0.350 0
282 2 N3 N3 198 0.350 1
282 3 N5 N5 215 0.500 1
282 4 N1 N3 0 0.370 0
282 5 N1 N1 252 0.370 1
282 6 N4 N1 0 0.210 0
282 7 N4 N3 142 0.210 1
283 1 N3 N1 150 0.370 0
283 2 N3 N3 199 0.370 1
283 3 N5 N5 212 0.030 1
283 4 N1 N3 0 0.400 0
283 5 N1 N1 252 0.400 1
283 6 N4 N1 0 0.760 0
283 7 N4 N3 144 0.760 1
284 1 N3 N1 151 0.400 0
284 2 N3 N3 200 0.400 1
284 3 N5 N5 211 0.070 1
284 4 N1 N3 0 0.440 0
284 5 N1 N1 252 0.440 1
284 6 N4 N1 0 0.790 0
284 7 N4 N3 145 0.790 1
285 1 N3 N1 151 0.030 0
285 2 N3 N3 199 0.030 1
285 3 N5 N5 210 0.140 1
285 4 N1 N3 0 0.980 0
285 5 N1 N1 251 0.980 1
285 6 N4 N1 0 0.820 0
285 7 N4 N3 145 0.820 1
286 1 N3 N1 150 0.030 0
286 2 N3 N3 199 0.030 1
286 3 N5 N5 208 0.150 1
286 4 N1 N3 0 1.010 0
286 5 N1 N1 251 1.010 1
286 6 N4 N1 0 0.320 0
286 7 N4 N3 146 0.320 1
287 1 N3 N1 149 0.090 0
287 2 N3 N3 198 0.090 1
287 3 N5 N5 207 0.150 1
287 4 N1 N3 0 0.010 0
287 5 N1 N1 251 0.010 1
287 6 N4 N1 0 0.360 0
287 7 N4 N3 146 0.360 1
288 1 N3 N1 148 0.630 0
288 2 N3 N3 199 0.630 1
288 3 N5 N5 207 0.200 1
288 4 N1 N3 0 0.050 0
288 5 N1 N1 252 0.050 1
288 6 N4 N1 0 0.920 0
288 7 N4 N3 146 0.920 1
289 1 N3 N1 150 0.020 0
289 2 N3 N3 199 0.020 1
289 3 N5 N5 208 0.240 1
289 4 N1 N3 0 0.070 0
289 5 N1 N1 253 0.070 1
289 6 N4 N1 0 1.990 0
289 7 N4 N3 146 1.990 1
290 1 N3 N1 150 0.030 0
290 2 N3 N3 200 0.030 1
290 3 N5 N5 208 0.290 1
290 4 N1 N3 0 0.070 0
290 5 N1 N1 253 0.070 1
290 6 N4 N1 0 0.510 0
290 7 N4 N3 146 0.510 1
291 1 N3 N1 150 0.050 0
291 2 N3 N3 200 0.050 1
291 3 N5 N5 208 0.850 1
291 4 N1 N3 0 0.100 0
291 5 N1 N1 253 0.100 1
291 6 N4 N1 0 0.010 0
291 7 N4 N3 147 0.010 1
292 1 N3 N1 151 0.080 0
292 2 N3 N3 200 0.080 1
292 3 N5 N5 208 0.350 1
292 4 N1 N3 0 0.130 0
292 5 N1 N1 253 0.130 1
292 6 N4 N1 0 0.020 0
292 7 N4 N3 147 0.020 1
293 1 N3 N1 152 0.110 0
293 2 N3 N3 199 0.110 1
293 3 N5 N5 209 0.360 1
293 4 N1 N3 0 0.160 0
293 5 N1 N1 254 0.160 1
293 6 N4 N1 0 0.050 0
293 7 N4 N3 147 0.050 1
294 1 N3 N1 154 0.160 0
294 2 N3 N3 199 0.160 1
294 3 N5 N5 209 0.370 1
294 4 N1 N3 0 0.190 0
294 5 N1 N1 254 0.190 1
294 6 N4 N1 0 0.100 0
294 7 N4 N3 146 0.100 1
295 1 N3 N1 156 0.210 0
295 2 N3 N3 200 0.210 1
295 3 N5 N5 211 0.370 1
295 4 N1 N3 0 0.210 0
295 5 N1 N1 254 0.210 1
295 6 N4 N1 0 0.120 0
295 7 N4 N3 146 0.120 1
296 1 N3 N1 157 0.240 0
296 2 N3 N3 201 0.240 1
296 3 N5 N5 212 0.390 1
296 4 N1 N3 0 0.250 0
296 5 N1 N1 254 0.250 1
296 6 N4 N1 0 0.670 0
296 7 N4 N3 147 0.670 1
297 1 N3 N1 156 0.240 0
297 2 N3 N3 201 0.240 1
297 3 N5 N5 212 0.430 1
297 4 N1 N3 0 0.290 0
297 5 N1 N1 254 0.290 1
297 6 N4 N1 0 0.670 0
297 7 N4 N3 148 0.670 1
298 1 N3 N1 155 0.270 0
298 2 N3 N3 202 0.270 1
298 3 N5 N5 213 0.440 1
298 4 N1 N3 0 0.330 0
298 5 N1 N1 254 0.330 1
298 6 N4 N1 0 0.170 0
298 7 N4 N3 148 0.170 1
299 1 N3 N1 155 0.420 0
299 2 N3 N3 202 0.420 1
299 3 N5 N5 213 0.500 1
299 4 N1 N3 0 0.360 0
299 5 N1 N1 254 0.360 1
299 6 N4 N1 0 0.210 0
299 7 N4 N3 148 0.210 1
300 1 N3 N1 153 0.350 0
300 2 N3 N3 203 0.350 1
300 3 N5 N5 214 0.000 1
300 4 N1 N3 0 0.890 0
300 5 N1 N1 254 0.890 1
300 6 N4 N1 0 0.250 0
300 7 N4 N3 149 0.250 1
