[B.A.T.M.A.N. adv 2018.1, MainIF/MAC: wlan1/00:00:0d:18:08:03 (bat0/72:58:3a:ce:f2:ec BATMAN_IV)]
   Originator        last-seen (#/255) Nexthop           [outgoingIF]
   00:00:0d:18:08:04    0.870s   (  0) 00:00:0d:18:08:02 [     wlan1]
   00:00:0d:18:08:04    0.870s   ( 46) 00:00:0d:18:08:05 [     wlan1]
   00:00:0d:18:08:04    0.870s   (185) 00:00:0d:18:08:07 [     wlan1]
 * 00:00:0d:18:08:04    0.870s   (233) 00:00:0d:18:08:04 [     wlan1]
   00:00:0d:18:08:05    0.170s   ( 58) 00:00:0d:18:08:05 [     wlan1]
   00:00:0d:18:08:05    0.170s   (138) 00:00:0d:18:08:07 [     wlan1]
 * 00:00:0d:18:08:05    0.170s   (183) 00:00:0d:18:08:02 [     wlan1]
   00:00:0d:18:08:02    0.790s   ( 58) 00:00:0d:18:08:05 [     wlan1]
   00:00:0d:18:08:02    0.790s   (  0) 00:00:0d:18:08:07 [     wlan1]
 * 00:00:0d:18:08:02    0.790s   (217) 00:00:0d:18:08:02 [     wlan1]
   00:00:0d:18:08:07    0.790s   (  0) 00:00:0d:18:08:02 [     wlan1]
   00:00:0d:18:08:07    0.790s   (  0) 00:00:0d:18:08:05 [     wlan1]
 * 00:00:0d:18:08:07    0.790s   (255) 00:00:0d:18:08:07 [     wlan1]
   00:00:0d:18:08:06    0.190s   (  0) 00:00:0d:18:08:05 [     wlan1]
 * 00:00:0d:18:08:06    0.190s   (155) 00:00:0d:18:08:02 [     wlan1]
   00:00:0d:18:08:06    0.190s   (156) 00:00:0d:18:08:07 [     wlan1]
   00:00:0d:18:08:01    0.120s   ( 52) 00:00:0d:18:08:05 [     wlan1]
   00:00:0d:18:08:01    0.120s   (124) 00:00:0d:18:08:07 [     wlan1]
 * 00:00:0d:18:08:01    0.120s   (172) 00:00:0d:18:08:02 [     wlan1]
