[B.A.T.M.A.N. adv 2018.1, MainIF/MAC: wlan1/00:00:0d:18:08:05 (bat0/32:9b:c3:2f:ca:1f BATMAN_IV)]
   Originator        last-seen (#/255) Nexthop           [outgoingIF]
   00:00:0d:18:08:04    0.820s   (  0) 00:00:0d:18:08:01 [     wlan1]
   00:00:0d:18:08:04    0.820s   (  0) 00:00:0d:18:08:06 [     wlan1]
   00:00:0d:18:08:04    0.820s   ( 26) 00:00:0d:18:08:03 [     wlan1]
 * 00:00:0d:18:08:04    0.820s   (202) 00:00:0d:18:08:02 [     wlan1]
   00:00:0d:18:08:04    0.820s   (175) 00:00:0d:18:08:07 [     wlan1]
   00:00:0d:18:08:03    0.680s   (  0) 00:00:0d:18:08:06 [     wlan1]
   00:00:0d:18:08:03    0.680s   ( 29) 00:00:0d:18:08:03 [     wlan1]
   00:00:0d:18:08:03    0.680s   (188) 00:00:0d:18:08:07 [     wlan1]
 * 00:00:0d:18:08:03    0.680s   (235) 00:00:0d:18:08:02 [     wlan1]
   00:00:0d:18:08:02    0.720s   ( 23) 00:00:0d:18:08:03 [     wlan1]
   00:00:0d:18:08:02    0.720s   (145) 00:00:0d:18:08:07 [     wlan1]
   00:00:0d:18:08:02    0.720s   (224) 00:00:0d:18:08:01 [     wlan1]
 * 00:00:0d:18:08:02    0.720s   (255) 00:00:0d:18:08:02 [     wlan1]
   00:00:0d:18:08:07    0.600s   (192) 00:00:0d:18:08:06 [     wlan1]
   00:00:0d:18:08:07    0.600s   ( 28) 00:00:0d:18:08:03 [     wlan1]
   00:00:0d:18:08:07    0.600s   (196) 00:00:0d:18:08:01 [     wlan1]
   00:00:0d:18:08:07    0.600s   (224) 00:00:0d:18:08:02 [     wlan1]
 * 00:00:0d:18:08:07    0.600s   (253) 00:00:0d:18:08:07 [     wlan1]
   00:00:0d:18:08:06    0.350s   (  0) 00:00:0d:18:08:01 [     wlan1]
   00:00:0d:18:08:06    0.350s   (  0) 00:00:0d:18:08:02 [     wlan1]
   00:00:0d:18:08:06    0.350s   (162) 00:00:0d:18:08:07 [     wlan1]
   00:00:0d:18:08:06    0.350s   ( 18) 00:00:0d:18:08:03 [     wlan1]
 * 00:00:0d:18:08:06    0.350s   (235) 00:00:0d:18:08:06 [     wlan1]
   00:00:0d:18:08:01    0.410s   ( 18) 00:00:0d:18:08:03 [     wlan1]
   00:00:0d:18:08:01    0.410s   (  0) 00:00:0d:18:08:07 [     wlan1]
   00:00:0d:18:08:01    0.410s   (200) 00:00:0d:18:08:02 [     wlan1]
 * 00:00:0d:18:08:01    0.410s   (234) 00:00:0d:18:08:01 [     wlan1]
