1 1 n4 n5 0 0.620 0
1 2 n4 n3 189 0.620 1
1 3 n3 n5 0 0.520 0
1 4 n3 n1 200 0.520 0
1 5 n3 n3 246 0.520 1
1 6 n5 n3 0 0.450 0
1 7 n5 n1 229 0.450 0
1 8 n5 n5 244 0.450 1
1 9 n1 n5 214 0.890 0
1 10 n1 n3 198 0.890 0
1 11 n1 n1 236 0.890 1
2 1 n4 n5 0 1.800 0
2 2 n4 n3 189 1.800 1
2 3 n3 n5 0 0.660 0
2 4 n3 n1 200 0.660 0
2 5 n3 n3 245 0.660 1
2 6 n5 n3 0 0.600 0
2 7 n5 n1 230 0.600 0
2 8 n5 n5 244 0.600 1
2 9 n1 n5 215 0.000 0
2 10 n1 n3 197 0.000 0
2 11 n1 n1 236 0.000 1
3 1 n4 n5 0 0.860 0
3 2 n4 n3 188 0.860 1
3 3 n3 n5 0 0.750 0
3 4 n3 n1 200 0.750 0
3 5 n3 n3 243 0.750 1
3 6 n5 n3 0 0.690 0
3 7 n5 n1 227 0.690 0
3 8 n5 n5 245 0.690 1
3 9 n1 n5 217 0.090 0
3 10 n1 n3 196 0.090 0
3 11 n1 n1 234 0.090 1
4 1 n4 n5 0 1.950 0
4 2 n4 n3 188 1.950 1
4 3 n3 n5 0 0.800 0
4 4 n3 n1 198 0.800 0
4 5 n3 n3 242 0.800 1
4 6 n5 n3 0 0.740 0
4 7 n5 n1 224 0.740 0
4 8 n5 n5 244 0.740 1
4 9 n1 n5 218 0.130 0
4 10 n1 n3 194 0.130 0
4 11 n1 n1 232 0.130 1
5 1 n4 n5 0 0.960 0
5 2 n4 n3 186 0.960 1
5 3 n3 n5 0 0.860 0
5 4 n3 n1 195 0.860 0
5 5 n3 n3 241 0.860 1
5 6 n5 n3 0 0.800 0
5 7 n5 n1 220 0.800 0
5 8 n5 n5 243 0.800 1
5 9 n1 n5 217 0.190 0
5 10 n1 n3 193 0.190 0
5 11 n1 n1 229 0.190 1
6 1 n4 n5 0 1.030 0
6 2 n4 n3 184 1.030 1
6 3 n3 n5 0 0.000 0
6 4 n3 n1 190 0.000 0
6 5 n3 n3 238 0.000 1
6 6 n5 n3 0 0.860 0
6 7 n5 n1 217 0.860 0
6 8 n5 n5 244 0.860 1
6 9 n1 n5 217 0.250 0
6 10 n1 n3 192 0.250 0
6 11 n1 n1 227 0.250 1
7 1 n4 n5 0 0.050 0
7 2 n4 n3 182 0.050 1
7 3 n3 n5 0 0.060 0
7 4 n3 n1 192 0.060 0
7 5 n3 n3 238 0.060 1
7 6 n5 n3 0 0.010 0
7 7 n5 n1 217 0.010 0
7 8 n5 n5 245 0.010 1
7 9 n1 n5 219 0.330 0
7 10 n1 n3 193 0.330 0
7 11 n1 n1 225 0.330 1
8 1 n4 n5 0 0.100 0
8 2 n4 n3 180 0.100 1
8 3 n3 n5 0 0.000 0
8 4 n3 n1 195 0.000 0
8 5 n3 n3 238 0.000 1
8 6 n5 n3 0 0.060 0
8 7 n5 n1 220 0.060 0
8 8 n5 n5 246 0.060 1
8 9 n1 n5 221 0.380 0
8 10 n1 n3 193 0.380 0
8 11 n1 n1 225 0.380 1
9 1 n4 n5 0 0.170 0
9 2 n4 n3 178 0.170 1
9 3 n3 n5 0 0.190 0
9 4 n3 n1 194 0.190 0
9 5 n3 n3 238 0.190 1
9 6 n5 n3 0 0.130 0
9 7 n5 n1 218 0.130 0
9 8 n5 n5 247 0.130 1
9 9 n1 n5 222 0.450 0
9 10 n1 n3 193 0.450 0
9 11 n1 n1 225 0.450 1
10 1 n4 n5 0 1.270 0
10 2 n4 n3 178 1.270 1
10 3 n3 n5 0 0.130 0
10 4 n3 n1 191 0.130 0
10 5 n3 n3 238 0.130 1
10 6 n5 n3 0 0.190 0
10 7 n5 n1 218 0.190 0
10 8 n5 n5 246 0.190 1
10 9 n1 n5 222 0.510 0
10 10 n1 n3 193 0.510 0
10 11 n1 n1 225 0.510 1
11 1 n4 n5 0 0.290 0
11 2 n4 n3 178 0.290 1
11 3 n3 n5 0 0.290 0
11 4 n3 n1 191 0.290 0
11 5 n3 n3 236 0.290 1
11 6 n5 n3 0 0.240 0
11 7 n5 n1 216 0.240 0
11 8 n5 n5 246 0.240 1
11 9 n1 n5 222 0.570 0
11 10 n1 n3 194 0.570 0
11 11 n1 n1 226 0.570 1
12 1 n4 n5 0 0.360 0
12 2 n4 n3 176 0.360 1
12 3 n3 n5 0 0.380 0
12 4 n3 n1 189 0.380 0
12 5 n3 n3 235 0.380 1
12 6 n5 n3 0 1.350 0
12 7 n5 n1 216 1.350 0
12 8 n5 n5 246 1.350 1
12 9 n1 n5 218 0.640 0
12 10 n1 n3 192 0.640 0
12 11 n1 n1 226 0.640 1
13 1 n4 n5 0 0.420 0
13 2 n4 n3 174 0.420 1
13 3 n3 n5 0 0.320 0
13 4 n3 n1 192 0.320 0
13 5 n3 n3 233 0.320 1
13 6 n5 n3 0 0.270 0
13 7 n5 n1 220 0.270 0
13 8 n5 n5 243 0.270 1
13 9 n1 n5 213 0.700 0
13 10 n1 n3 188 0.700 0
13 11 n1 n1 227 0.700 1
14 1 n4 n5 0 0.480 0
14 2 n4 n3 173 0.480 1
14 3 n3 n5 0 0.380 0
14 4 n3 n1 196 0.380 0
14 5 n3 n3 232 0.380 1
14 6 n5 n3 0 0.320 0
14 7 n5 n1 220 0.320 0
14 8 n5 n5 241 0.320 1
14 9 n1 n5 212 0.750 0
14 10 n1 n3 184 0.750 0
14 11 n1 n1 227 0.750 1
15 1 n4 n5 0 1.580 0
15 2 n4 n3 173 1.580 1
15 3 n3 n5 0 0.440 0
15 4 n3 n1 196 0.440 0
15 5 n3 n3 231 0.440 1
15 6 n5 n3 0 0.500 0
15 7 n5 n1 220 0.500 0
15 8 n5 n5 239 0.500 1
15 9 n1 n5 210 0.820 0
15 10 n1 n3 183 0.820 0
15 11 n1 n1 228 0.820 1
16 1 n4 n5 0 2.670 0
16 2 n4 n3 173 2.670 1
16 3 n3 n5 0 0.480 0
16 4 n3 n1 195 0.480 0
16 5 n3 n3 231 0.480 1
16 6 n5 n3 0 0.430 0
16 7 n5 n1 218 0.430 0
16 8 n5 n5 238 0.430 1
16 9 n1 n5 210 0.860 0
16 10 n1 n3 183 0.860 0
16 11 n1 n1 228 0.860 1
17 1 n4 n5 0 0.660 0
17 2 n4 n3 173 0.660 1
17 3 n3 n5 0 0.680 0
17 4 n3 n1 194 0.680 0
17 5 n3 n3 231 0.680 1
17 6 n5 n3 0 0.500 0
17 7 n5 n1 216 0.500 0
17 8 n5 n5 238 0.500 1
17 9 n1 n5 210 0.010 0
17 10 n1 n3 183 0.010 0
17 11 n1 n1 226 0.010 1
18 1 n4 n5 0 0.750 0
18 2 n4 n3 173 0.750 1
18 3 n3 n5 0 0.640 0
18 4 n3 n1 195 0.640 0
18 5 n3 n3 231 0.640 1
18 6 n5 n3 0 0.580 0
18 7 n5 n1 216 0.580 0
18 8 n5 n5 238 0.580 1
18 9 n1 n5 210 0.090 0
18 10 n1 n3 183 0.090 0
18 11 n1 n1 226 0.090 1
19 1 n4 n5 0 1.860 0
19 2 n4 n3 173 1.860 1
19 3 n3 n5 0 0.710 0
19 4 n3 n1 196 0.710 0
19 5 n3 n3 231 0.710 1
19 6 n5 n3 0 0.650 0
19 7 n5 n1 216 0.650 0
19 8 n5 n5 239 0.650 1
19 9 n1 n5 212 0.040 0
19 10 n1 n3 186 0.040 0
19 11 n1 n1 226 0.040 1
20 1 n4 n5 0 0.870 0
20 2 n4 n3 174 0.870 1
20 3 n3 n5 0 0.770 0
20 4 n3 n1 198 0.770 0
20 5 n3 n3 232 0.770 1
20 6 n5 n3 0 0.710 0
20 7 n5 n1 215 0.710 0
20 8 n5 n5 238 0.710 1
20 9 n1 n5 211 0.110 0
20 10 n1 n3 187 0.110 0
20 11 n1 n1 224 0.110 1
21 1 n4 n5 0 1.960 0
21 2 n4 n3 174 1.960 1
21 3 n3 n5 0 0.940 0
21 4 n3 n1 199 0.940 0
21 5 n3 n3 233 0.940 1
21 6 n5 n3 0 0.870 0
21 7 n5 n1 215 0.870 0
21 8 n5 n5 238 0.870 1
21 9 n1 n5 210 0.160 0
21 10 n1 n3 185 0.160 0
21 11 n1 n1 224 0.160 1
22 1 n4 n5 0 0.990 0
22 2 n4 n3 175 0.990 1
22 3 n3 n5 183 0.780 0
22 4 n3 n1 199 0.780 0
22 5 n3 n3 234 0.780 1
22 6 n5 n3 0 0.830 0
22 7 n5 n1 215 0.830 0
22 8 n5 n5 238 0.830 1
22 9 n1 n5 209 0.220 0
22 10 n1 n3 182 0.220 0
22 11 n1 n1 224 0.220 1
23 1 n4 n5 0 0.020 0
23 2 n4 n3 176 0.020 1
23 3 n3 n5 183 0.040 0
23 4 n3 n1 199 0.040 0
23 5 n3 n3 234 0.040 1
23 6 n5 n3 0 0.900 0
23 7 n5 n1 215 0.900 0
23 8 n5 n5 238 0.900 1
23 9 n1 n5 209 0.300 0
23 10 n1 n3 180 0.300 0
23 11 n1 n1 224 0.300 1
24 1 n4 n5 133 0.930 0
24 2 n4 n3 176 0.930 1
24 3 n3 n5 183 0.100 0
24 4 n3 n1 199 0.100 0
24 5 n3 n3 234 0.100 1
24 6 n5 n3 0 0.030 0
24 7 n5 n1 215 0.030 0
24 8 n5 n5 236 0.030 1
24 9 n1 n5 209 0.360 0
24 10 n1 n3 179 0.360 0
24 11 n1 n1 224 0.360 1
25 1 n4 n5 133 2.030 0
25 2 n4 n3 176 2.030 1
25 3 n3 n5 181 0.050 0
25 4 n3 n1 199 0.050 0
25 5 n3 n3 234 0.050 1
25 6 n5 n3 0 0.100 0
25 7 n5 n1 215 0.100 0
25 8 n5 n5 234 0.100 1
25 9 n1 n5 209 1.460 0
25 10 n1 n3 179 1.460 0
25 11 n1 n1 224 1.460 1
26 1 n4 n5 133 3.130 0
26 2 n4 n3 176 3.130 1
26 3 n3 n5 178 0.100 0
26 4 n3 n1 200 0.100 0
26 5 n3 n3 234 0.100 1
26 6 n5 n3 0 0.040 0
26 7 n5 n1 216 0.040 0
26 8 n5 n5 233 0.040 1
26 9 n1 n5 209 0.590 0
26 10 n1 n3 179 0.590 0
26 11 n1 n1 224 0.590 1
27 1 n4 n5 133 0.260 0
27 2 n4 n3 174 0.260 1
27 3 n3 n5 178 0.280 0
27 4 n3 n1 200 0.280 0
27 5 n3 n3 234 0.280 1
27 6 n5 n3 0 0.210 0
27 7 n5 n1 217 0.210 0
27 8 n5 n5 231 0.210 1
27 9 n1 n5 209 1.690 0
27 10 n1 n3 179 1.690 0
27 11 n1 n1 224 1.690 1
28 1 n4 n5 133 1.360 0
28 2 n4 n3 174 1.360 1
28 3 n3 n5 176 0.330 0
28 4 n3 n1 200 0.330 0
28 5 n3 n3 234 0.330 1
28 6 n5 n3 0 0.160 0
28 7 n5 n1 220 0.160 0
28 8 n5 n5 229 0.160 1
28 9 n1 n5 206 0.600 0
28 10 n1 n3 179 0.600 0
28 11 n1 n1 226 0.600 1
29 1 n4 n5 133 0.170 0
29 2 n4 n3 175 0.170 1
29 3 n3 n5 176 0.290 0
29 4 n3 n1 201 0.290 0
29 5 n3 n3 234 0.290 1
29 6 n5 n3 0 0.230 0
29 7 n5 n1 224 0.230 0
29 8 n5 n5 229 0.230 1
29 9 n1 n5 205 0.660 0
29 10 n1 n3 179 0.660 0
29 11 n1 n1 227 0.660 1
30 1 n4 n5 133 0.440 0
30 2 n4 n3 175 0.440 1
30 3 n3 n5 0 0.340 0
30 4 n3 n1 203 0.340 0
30 5 n3 n3 234 0.340 1
30 6 n5 n3 0 0.280 0
30 7 n5 n1 224 0.280 0
30 8 n5 n5 229 0.280 1
30 9 n1 n5 204 0.720 0
30 10 n1 n3 0 0.720 0
30 11 n1 n1 230 0.720 1
31 1 n4 n5 134 0.490 0
31 2 n4 n3 174 0.490 1
31 3 n3 n5 0 0.520 0
31 4 n3 n1 203 0.520 0
31 5 n3 n3 234 0.520 1
31 6 n5 n3 0 0.340 0
31 7 n5 n1 227 0.340 0
31 8 n5 n5 229 0.340 1
31 9 n1 n5 204 0.770 0
31 10 n1 n3 0 0.770 0
31 11 n1 n1 232 0.770 1
32 1 n4 n5 134 0.560 0
32 2 n4 n3 174 0.560 1
32 3 n3 n5 0 0.460 0
32 4 n3 n1 210 0.460 0
32 5 n3 n3 233 0.460 1
32 6 n5 n3 0 0.400 0
32 7 n5 n1 229 0.400 0
32 8 n5 n5 229 0.400 1
32 9 n1 n5 204 0.840 0
32 10 n1 n3 0 0.840 0
32 11 n1 n1 236 0.840 1
33 1 n4 n5 134 1.670 0
33 2 n4 n3 174 1.670 1
33 3 n3 n5 186 0.530 0
33 4 n3 n1 214 0.530 0
33 5 n3 n3 232 0.530 1
33 6 n5 n3 0 0.470 0
33 7 n5 n1 231 0.470 1
33 8 n5 n5 229 0.470 0
33 9 n1 n5 204 0.910 0
33 10 n1 n3 0 0.910 0
33 11 n1 n1 239 0.910 1
34 1 n4 n5 134 2.770 0
34 2 n4 n3 174 2.770 1
34 3 n3 n5 183 0.590 0
34 4 n3 n1 214 0.590 0
34 5 n3 n3 231 0.590 1
34 6 n5 n3 0 0.530 0
34 7 n5 n1 231 0.530 1
34 8 n5 n5 228 0.530 0
34 9 n1 n5 204 0.040 0
34 10 n1 n3 0 0.040 0
34 11 n1 n1 241 0.040 1
35 1 n4 n5 134 3.890 0
35 2 n4 n3 174 3.890 1
35 3 n3 n5 183 0.790 0
35 4 n3 n1 214 0.790 0
35 5 n3 n3 230 0.790 1
35 6 n5 n3 0 0.610 0
35 7 n5 n1 231 0.610 1
35 8 n5 n5 226 0.610 0
35 9 n1 n5 202 0.010 0
35 10 n1 n3 0 0.010 0
35 11 n1 n1 241 0.010 1
36 1 n4 n5 134 0.830 0
36 2 n4 n3 173 0.830 1
36 3 n3 n5 177 0.740 0
36 4 n3 n1 216 0.740 0
36 5 n3 n3 230 0.740 1
36 6 n5 n3 0 0.680 0
36 7 n5 n1 231 0.680 1
36 8 n5 n5 224 0.680 0
36 9 n1 n5 200 0.070 0
36 10 n1 n3 0 0.070 0
36 11 n1 n1 240 0.070 1
37 1 n4 n5 134 1.980 0
37 2 n4 n3 173 1.980 1
37 3 n3 n5 177 0.830 0
37 4 n3 n1 218 0.830 0
37 5 n3 n3 230 0.830 1
37 6 n5 n3 0 0.900 0
37 7 n5 n1 231 0.900 1
37 8 n5 n5 221 0.900 0
37 9 n1 n5 200 0.170 0
37 10 n1 n3 0 0.170 0
37 11 n1 n1 240 0.170 1
38 1 n4 n5 0 1.020 0
38 2 n4 n3 171 1.020 1
38 3 n3 n5 175 0.000 0
38 4 n3 n1 218 0.000 0
38 5 n3 n3 231 0.000 1
38 6 n5 n3 0 0.860 0
38 7 n5 n1 231 0.860 1
38 8 n5 n5 219 0.860 0
38 9 n1 n5 200 0.260 0
38 10 n1 n3 0 0.260 0
38 11 n1 n1 240 0.260 1
39 1 n4 n5 0 0.060 0
39 2 n4 n3 171 0.060 1
39 3 n3 n5 177 0.080 0
39 4 n3 n1 218 0.080 0
39 5 n3 n3 232 0.080 1
39 6 n5 n3 0 0.020 0
39 7 n5 n1 231 0.020 1
39 8 n5 n5 216 0.020 0
39 9 n1 n5 200 0.450 0
39 10 n1 n3 0 0.450 0
39 11 n1 n1 240 0.450 1
40 1 n4 n5 0 0.120 0
40 2 n4 n3 173 0.120 1
40 3 n3 n5 177 0.020 0
40 4 n3 n1 219 0.020 0
40 5 n3 n3 233 0.020 1
40 6 n5 n3 0 0.080 0
40 7 n5 n1 231 0.080 1
40 8 n5 n5 215 0.080 0
40 9 n1 n5 198 0.400 0
40 10 n1 n3 0 0.400 0
40 11 n1 n1 240 0.400 1
41 1 n4 n5 0 1.220 0
41 2 n4 n3 173 1.220 1
41 3 n3 n5 177 0.080 0
41 4 n3 n1 221 0.080 0
41 5 n3 n3 233 0.080 1
41 6 n5 n3 0 0.020 0
41 7 n5 n1 231 0.020 1
41 8 n5 n5 214 0.020 0
41 9 n1 n5 197 0.460 0
41 10 n1 n3 0 0.460 0
41 11 n1 n1 241 0.460 1
42 1 n4 n5 0 2.330 0
42 2 n4 n3 173 2.330 1
42 3 n3 n5 177 0.150 0
42 4 n3 n1 223 0.150 0
42 5 n3 n3 232 0.150 1
42 6 n5 n3 0 0.090 0
42 7 n5 n1 229 0.090 1
42 8 n5 n5 214 0.090 0
42 9 n1 n5 197 0.530 0
42 10 n1 n3 0 0.530 0
42 11 n1 n1 241 0.530 1
43 1 n4 n5 0 3.430 0
43 2 n4 n3 173 3.430 1
43 3 n3 n5 0 0.220 0
43 4 n3 n1 223 0.220 0
43 5 n3 n3 231 0.220 1
43 6 n5 n3 0 0.150 0
43 7 n5 n1 227 0.150 1
43 8 n5 n5 214 0.150 0
43 9 n1 n5 199 0.590 0
43 10 n1 n3 0 0.590 0
43 11 n1 n1 241 0.590 1
44 1 n4 n5 135 0.170 0
44 2 n4 n3 174 0.170 1
44 3 n3 n5 193 0.270 0
44 4 n3 n1 223 0.270 0
44 5 n3 n3 230 0.270 1
44 6 n5 n3 0 0.330 0
44 7 n5 n1 227 0.330 1
44 8 n5 n5 214 0.330 0
44 9 n1 n5 201 0.650 0
44 10 n1 n3 0 0.650 0
44 11 n1 n1 241 0.650 1
45 1 n4 n5 135 1.270 0
45 2 n4 n3 174 1.270 1
45 3 n3 n5 191 0.330 0
45 4 n3 n1 223 0.330 0
45 5 n3 n3 230 0.330 1
45 6 n5 n3 0 0.270 0
45 7 n5 n1 226 0.270 1
45 8 n5 n5 214 0.270 0
45 9 n1 n5 202 0.710 0
45 10 n1 n3 0 0.710 0
45 11 n1 n1 241 0.710 1
46 1 n4 n5 133 0.290 0
46 2 n4 n3 175 0.290 1
46 3 n3 n5 191 0.510 0
46 4 n3 n1 223 0.510 0
46 5 n3 n3 230 0.510 1
46 6 n5 n3 0 0.330 0
46 7 n5 n1 228 0.330 1
46 8 n5 n5 214 0.330 0
46 9 n1 n5 201 0.770 0
46 10 n1 n3 0 0.770 0
46 11 n1 n1 241 0.770 1
47 1 n4 n5 133 0.550 0
47 2 n4 n3 174 0.550 1
47 3 n3 n5 191 0.440 0
47 4 n3 n1 220 0.440 0
47 5 n3 n3 230 0.440 1
47 6 n5 n3 0 0.380 0
47 7 n5 n1 227 0.380 1
47 8 n5 n5 213 0.380 0
47 9 n1 n5 200 0.820 0
47 10 n1 n3 0 0.820 0
47 11 n1 n1 241 0.820 1
48 1 n4 n5 133 0.610 0
48 2 n4 n3 171 0.610 1
48 3 n3 n5 187 0.510 0
48 4 n3 n1 218 0.510 0
48 5 n3 n3 230 0.510 1
48 6 n5 n3 0 0.450 0
48 7 n5 n1 229 0.450 1
48 8 n5 n5 213 0.450 0
48 9 n1 n5 200 0.890 0
48 10 n1 n3 0 0.890 0
48 11 n1 n1 241 0.890 1
49 1 n4 n5 131 0.660 0
49 2 n4 n3 169 0.660 1
49 3 n3 n5 186 0.560 0
49 4 n3 n1 216 0.560 0
49 5 n3 n3 231 0.560 1
49 6 n5 n3 0 0.500 0
49 7 n5 n1 227 0.500 1
49 8 n5 n5 213 0.500 0
49 9 n1 n5 201 0.010 0
49 10 n1 n3 0 0.010 0
49 11 n1 n1 241 0.010 1
50 1 n4 n5 131 0.730 0
50 2 n4 n3 170 0.730 1
50 3 n3 n5 186 0.630 0
50 4 n3 n1 215 0.630 0
50 5 n3 n3 233 0.630 1
50 6 n5 n3 0 0.570 0
50 7 n5 n1 228 0.570 1
50 8 n5 n5 215 0.570 0
50 9 n1 n5 201 0.080 0
50 10 n1 n3 0 0.080 0
50 11 n1 n1 242 0.080 1
51 1 n4 n5 0 0.820 0
51 2 n4 n3 172 0.820 1
51 3 n3 n5 188 0.720 0
51 4 n3 n1 214 0.720 0
51 5 n3 n3 234 0.720 1
51 6 n5 n3 0 0.660 0
51 7 n5 n1 226 0.660 1
51 8 n5 n5 217 0.660 0
51 9 n1 n5 212 0.060 0
51 10 n1 n3 0 0.060 0
51 11 n1 n1 243 0.060 1
52 1 n4 n5 0 0.880 0
52 2 n4 n3 175 0.880 1
52 3 n3 n5 190 0.780 0
52 4 n3 n1 215 0.780 0
52 5 n3 n3 236 0.780 1
52 6 n5 n3 0 0.720 0
52 7 n5 n1 227 0.720 1
52 8 n5 n5 219 0.720 0
52 9 n1 n5 212 0.120 0
52 10 n1 n3 204 0.120 0
52 11 n1 n1 244 0.120 1
53 1 n4 n5 0 1.990 0
53 2 n4 n3 175 1.990 1
53 3 n3 n5 190 0.850 0
53 4 n3 n1 215 0.850 0
53 5 n3 n3 237 0.850 1
53 6 n5 n3 0 0.790 0
53 7 n5 n1 227 0.790 1
53 8 n5 n5 220 0.790 0
53 9 n1 n5 212 0.190 0
53 10 n1 n3 204 0.190 0
53 11 n1 n1 245 0.190 1
54 1 n4 n5 0 1.010 0
54 2 n4 n3 175 1.010 1
54 3 n3 n5 192 0.910 0
54 4 n3 n1 216 0.910 0
54 5 n3 n3 238 0.910 1
54 6 n5 n3 0 0.850 0
54 7 n5 n1 228 0.850 1
54 8 n5 n5 221 0.850 0
54 9 n1 n5 213 0.250 0
54 10 n1 n3 204 0.250 0
54 11 n1 n1 246 0.250 1
55 1 n4 n5 0 0.030 0
55 2 n4 n3 172 0.030 1
55 3 n3 n5 196 0.050 0
55 4 n3 n1 216 0.050 0
55 5 n3 n3 240 0.050 1
55 6 n5 n3 0 0.910 0
55 7 n5 n1 228 0.910 1
55 8 n5 n5 222 0.910 0
55 9 n1 n5 214 0.300 0
55 10 n1 n3 204 0.300 0
55 11 n1 n1 246 0.300 1
56 1 n4 n5 0 0.100 0
56 2 n4 n3 170 0.100 1
56 3 n3 n5 200 0.110 0
56 4 n3 n1 212 0.110 0
56 5 n3 n3 241 0.110 1
56 6 n5 n3 0 0.040 0
56 7 n5 n1 225 0.040 1
56 8 n5 n5 224 0.040 0
56 9 n1 n5 216 0.370 0
56 10 n1 n3 204 0.370 0
56 11 n1 n1 245 0.370 1
57 1 n4 n5 0 0.150 0
57 2 n4 n3 167 0.150 1
57 3 n3 n5 202 0.050 0
57 4 n3 n1 210 0.050 0
57 5 n3 n3 242 0.050 1
57 6 n5 n3 0 0.110 0
57 7 n5 n1 223 0.110 0
57 8 n5 n5 225 0.110 1
57 9 n1 n5 216 0.430 0
57 10 n1 n3 0 0.430 0
57 11 n1 n1 244 0.430 1
58 1 n4 n5 0 0.220 0
58 2 n4 n3 167 0.220 1
58 3 n3 n5 204 0.120 0
58 4 n3 n1 210 0.120 0
58 5 n3 n3 242 0.120 1
58 6 n5 n3 0 0.060 0
58 7 n5 n1 223 0.060 0
58 8 n5 n5 225 0.060 1
58 9 n1 n5 216 0.500 0
58 10 n1 n3 207 0.500 0
58 11 n1 n1 243 0.500 1
59 1 n4 n5 0 0.280 0
59 2 n4 n3 167 0.280 1
59 3 n3 n5 202 0.180 0
59 4 n3 n1 212 0.180 0
59 5 n3 n3 242 0.180 1
59 6 n5 n3 191 0.120 0
59 7 n5 n1 225 0.120 1
59 8 n5 n5 225 0.120 0
59 9 n1 n5 216 0.550 0
59 10 n1 n3 207 0.550 0
59 11 n1 n1 242 0.550 1
60 1 n4 n5 0 1.380 0
60 2 n4 n3 167 1.380 1
60 3 n3 n5 202 0.240 0
60 4 n3 n1 215 0.240 0
60 5 n3 n3 242 0.240 1
60 6 n5 n3 191 0.180 0
60 7 n5 n1 228 0.180 1
60 8 n5 n5 225 0.180 0
60 9 n1 n5 216 0.620 0
60 10 n1 n3 208 0.620 0
60 11 n1 n1 243 0.620 1
61 1 n4 n5 0 2.480 0
61 2 n4 n3 167 2.480 1
61 3 n3 n5 199 0.280 0
61 4 n3 n1 218 0.280 0
61 5 n3 n3 242 0.280 1
61 6 n5 n3 191 0.230 0
61 7 n5 n1 231 0.230 1
61 8 n5 n5 225 0.230 0
61 9 n1 n5 216 0.670 0
61 10 n1 n3 210 0.670 0
61 11 n1 n1 245 0.670 1
62 1 n4 n5 0 0.460 0
62 2 n4 n3 168 0.460 1
62 3 n3 n5 198 0.360 0
62 4 n3 n1 218 0.360 0
62 5 n3 n3 242 0.360 1
62 6 n5 n3 191 0.300 0
62 7 n5 n1 231 0.300 1
62 8 n5 n5 225 0.300 0
62 9 n1 n5 216 0.740 0
62 10 n1 n3 212 0.740 0
62 11 n1 n1 247 0.740 1
63 1 n4 n5 0 0.530 0
63 2 n4 n3 170 0.530 1
63 3 n3 n5 196 0.440 0
63 4 n3 n1 218 0.440 0
63 5 n3 n3 243 0.440 1
63 6 n5 n3 0 0.370 0
63 7 n5 n1 231 0.370 1
63 8 n5 n5 225 0.370 0
63 9 n1 n5 216 0.780 0
63 10 n1 n3 212 0.780 0
63 11 n1 n1 250 0.780 1
64 1 n4 n5 0 1.630 0
64 2 n4 n3 170 1.630 1
64 3 n3 n5 198 0.490 0
64 4 n3 n1 220 0.490 0
64 5 n3 n3 244 0.490 1
64 6 n5 n3 0 0.430 0
64 7 n5 n1 231 0.430 1
64 8 n5 n5 225 0.430 0
64 9 n1 n5 216 0.870 0
64 10 n1 n3 212 0.870 0
64 11 n1 n1 250 0.870 1
65 1 n4 n5 0 0.650 0
65 2 n4 n3 172 0.650 1
65 3 n3 n5 199 0.540 0
65 4 n3 n1 224 0.540 0
65 5 n3 n3 245 0.540 1
65 6 n5 n3 0 0.490 0
65 7 n5 n1 231 0.490 1
65 8 n5 n5 225 0.490 0
65 9 n1 n5 216 0.930 0
65 10 n1 n3 212 0.930 0
65 11 n1 n1 250 0.930 1
66 1 n4 n5 0 0.710 0
66 2 n4 n3 173 0.710 1
66 3 n3 n5 198 0.620 0
66 4 n3 n1 226 0.620 0
66 5 n3 n3 246 0.620 1
66 6 n5 n3 0 0.550 0
66 7 n5 n1 232 0.550 1
66 8 n5 n5 225 0.550 0
66 9 n1 n5 216 0.060 0
66 10 n1 n3 211 0.060 0
66 11 n1 n1 251 0.060 1
67 1 n4 n5 0 1.830 0
67 2 n4 n3 173 1.830 1
67 3 n3 n5 197 0.700 0
67 4 n3 n1 228 0.700 0
67 5 n3 n3 246 0.700 1
67 6 n5 n3 0 0.630 0
67 7 n5 n1 234 0.630 1
67 8 n5 n5 225 0.630 0
67 9 n1 n5 216 0.020 0
67 10 n1 n3 211 0.020 0
67 11 n1 n1 252 0.020 1
68 1 n4 n5 0 0.850 0
68 2 n4 n3 176 0.850 1
68 3 n3 n5 198 0.750 0
68 4 n3 n1 233 0.750 0
68 5 n3 n3 246 0.750 1
68 6 n5 n3 0 0.690 0
68 7 n5 n1 236 0.690 1
68 8 n5 n5 225 0.690 0
68 9 n1 n5 216 0.100 0
68 10 n1 n3 211 0.100 0
68 11 n1 n1 253 0.100 1
69 1 n4 n5 0 0.910 0
69 2 n4 n3 175 0.910 1
69 3 n3 n5 200 0.810 0
69 4 n3 n1 236 0.810 0
69 5 n3 n3 245 0.810 1
69 6 n5 n3 0 0.870 0
69 7 n5 n1 236 0.870 1
69 8 n5 n5 225 0.870 0
69 9 n1 n5 216 0.150 0
69 10 n1 n3 211 0.150 0
69 11 n1 n1 255 0.150 1
70 1 n4 n5 0 0.980 0
70 2 n4 n3 174 0.980 1
70 3 n3 n5 203 0.860 0
70 4 n3 n1 234 0.860 0
70 5 n3 n3 245 0.860 1
70 6 n5 n3 0 0.810 0
70 7 n5 n1 236 0.810 1
70 8 n5 n5 225 0.810 0
70 9 n1 n5 217 0.200 0
70 10 n1 n3 211 0.200 0
70 11 n1 n1 255 0.200 1
71 1 n4 n5 0 1.030 0
71 2 n4 n3 172 1.030 1
71 3 n3 n5 208 0.000 0
71 4 n3 n1 233 0.000 0
71 5 n3 n3 245 0.000 1
71 6 n5 n3 0 0.990 0
71 7 n5 n1 236 0.990 1
71 8 n5 n5 227 0.990 0
71 9 n1 n5 218 0.380 0
71 10 n1 n3 0 0.380 0
71 11 n1 n1 254 0.380 1
72 1 n4 n5 0 0.040 0
72 2 n4 n3 173 0.040 1
72 3 n3 n5 208 0.060 0
72 4 n3 n1 231 0.060 0
72 5 n3 n3 246 0.060 1
72 6 n5 n3 0 0.900 0
72 7 n5 n1 233 0.900 1
72 8 n5 n5 230 0.900 0
72 9 n1 n5 222 0.320 0
72 10 n1 n3 0 0.320 0
72 11 n1 n1 253 0.320 1
73 1 n4 n5 0 0.120 0
73 2 n4 n3 171 0.120 1
73 3 n3 n5 212 0.010 0
73 4 n3 n1 224 0.010 0
73 5 n3 n3 247 0.010 1
73 6 n5 n3 0 0.070 0
73 7 n5 n1 231 0.070 0
73 8 n5 n5 235 0.070 1
73 9 n1 n5 224 0.340 0
73 10 n1 n3 0 0.340 0
73 11 n1 n1 252 0.340 1
74 1 n4 n5 0 0.190 0
74 2 n4 n3 172 0.190 1
74 3 n3 n5 214 0.090 0
74 4 n3 n1 220 0.090 0
74 5 n3 n3 248 0.090 1
74 6 n5 n3 0 0.130 0
74 7 n5 n1 229 0.130 0
74 8 n5 n5 237 0.130 1
74 9 n1 n5 222 0.470 0
74 10 n1 n3 0 0.470 0
74 11 n1 n1 250 0.470 1
75 1 n4 n5 0 0.260 0
75 2 n4 n3 172 0.260 1
75 3 n3 n5 216 0.160 0
75 4 n3 n1 216 0.160 0
75 5 n3 n3 249 0.160 1
75 6 n5 n3 0 0.100 0
75 7 n5 n1 225 0.100 0
75 8 n5 n5 238 0.100 1
75 9 n1 n5 220 0.540 0
75 10 n1 n3 0 0.540 0
75 11 n1 n1 248 0.540 1
76 1 n4 n5 0 0.310 0
76 2 n4 n3 174 0.310 1
76 3 n3 n5 219 0.220 0
76 4 n3 n1 216 0.220 0
76 5 n3 n3 250 0.220 1
76 6 n5 n3 0 0.270 0
76 7 n5 n1 225 0.270 0
76 8 n5 n5 238 0.270 1
76 9 n1 n5 217 0.590 0
76 10 n1 n3 215 0.590 0
76 11 n1 n1 248 0.590 1
77 1 n4 n5 0 1.410 0
77 2 n4 n3 174 1.410 1
77 3 n3 n5 219 0.280 0
77 4 n3 n1 216 0.280 0
77 5 n3 n3 250 0.280 1
77 6 n5 n3 0 0.210 0
77 7 n5 n1 227 0.210 0
77 8 n5 n5 238 0.210 1
77 9 n1 n5 214 0.640 0
77 10 n1 n3 213 0.640 0
77 11 n1 n1 248 0.640 1
78 1 n4 n5 0 2.510 0
78 2 n4 n3 174 2.510 1
78 3 n3 n5 217 0.330 0
78 4 n3 n1 220 0.330 0
78 5 n3 n3 250 0.330 1
78 6 n5 n3 0 0.270 0
78 7 n5 n1 233 0.270 0
78 8 n5 n5 237 0.270 1
78 9 n1 n5 213 0.710 0
78 10 n1 n3 214 0.710 0
78 11 n1 n1 247 0.710 1
79 1 n4 n5 0 0.490 0
79 2 n4 n3 176 0.490 1
79 3 n3 n5 216 0.390 0
79 4 n3 n1 227 0.390 0
79 5 n3 n3 251 0.390 1
79 6 n5 n3 0 0.340 0
79 7 n5 n1 234 0.340 0
79 8 n5 n5 236 0.340 1
79 9 n1 n5 211 0.770 0
79 10 n1 n3 214 0.770 0
79 11 n1 n1 250 0.770 1
80 1 n4 n5 0 1.590 0
80 2 n4 n3 176 1.590 1
80 3 n3 n5 216 1.490 0
80 4 n3 n1 227 1.490 0
80 5 n3 n3 251 1.490 1
80 6 n5 n3 0 1.440 0
80 7 n5 n1 234 1.440 0
80 8 n5 n5 236 1.440 1
80 9 n1 n5 210 0.940 0
80 10 n1 n3 213 0.940 0
80 11 n1 n1 251 0.940 1
81 1 n4 n5 0 0.600 0
81 2 n4 n3 178 0.600 1
81 3 n3 n5 217 0.500 0
81 4 n3 n1 228 0.500 0
81 5 n3 n3 252 0.500 1
81 6 n5 n3 0 0.440 0
81 7 n5 n1 236 0.440 0
81 8 n5 n5 237 0.440 1
81 9 n1 n5 210 0.870 0
81 10 n1 n3 213 0.870 0
81 11 n1 n1 252 0.870 1
82 1 n4 n5 0 0.680 0
82 2 n4 n3 180 0.680 1
82 3 n3 n5 220 0.580 0
82 4 n3 n1 229 0.580 0
82 5 n3 n3 253 0.580 1
82 6 n5 n3 0 0.510 0
82 7 n5 n1 234 0.510 0
82 8 n5 n5 238 0.510 1
82 9 n1 n5 214 0.020 0
82 10 n1 n3 216 0.020 0
82 11 n1 n1 254 0.020 1
83 1 n4 n5 0 0.730 0
83 2 n4 n3 182 0.730 1
83 3 n3 n5 223 0.740 0
83 4 n3 n1 229 0.740 0
83 5 n3 n3 254 0.740 1
83 6 n5 n3 0 0.680 0
83 7 n5 n1 234 0.680 0
83 8 n5 n5 238 0.680 1
83 9 n1 n5 216 0.070 0
83 10 n1 n3 216 0.070 0
83 11 n1 n1 254 0.070 1
84 1 n4 n5 0 0.830 0
84 2 n4 n3 185 0.830 1
84 3 n3 n5 220 0.740 0
84 4 n3 n1 235 0.740 0
84 5 n3 n3 255 0.740 1
84 6 n5 n3 0 0.670 0
84 7 n5 n1 232 0.670 0
84 8 n5 n5 239 0.670 1
84 9 n1 n5 216 0.180 0
84 10 n1 n3 214 0.180 0
84 11 n1 n1 255 0.180 1
85 1 n4 n5 0 0.900 0
85 2 n4 n3 186 0.900 1
85 3 n3 n5 220 0.790 0
85 4 n3 n1 237 0.790 0
85 5 n3 n3 254 0.790 1
85 6 n5 n3 0 0.730 0
85 7 n5 n1 230 0.730 0
85 8 n5 n5 241 0.730 1
85 9 n1 n5 216 0.130 0
85 10 n1 n3 211 0.130 0
85 11 n1 n1 254 0.130 1
86 1 n4 n5 0 0.970 0
86 2 n4 n3 186 0.970 1
86 3 n3 n5 220 0.990 0
86 4 n3 n1 237 0.990 0
86 5 n3 n3 254 0.990 1
86 6 n5 n3 0 0.810 0
86 7 n5 n1 226 0.810 0
86 8 n5 n5 242 0.810 1
86 9 n1 n5 218 0.210 0
86 10 n1 n3 211 0.210 0
86 11 n1 n1 253 0.210 1
87 1 n4 n5 0 2.070 0
87 2 n4 n3 186 2.070 1
87 3 n3 n5 224 0.010 0
87 4 n3 n1 235 0.010 0
87 5 n3 n3 254 0.010 1
87 6 n5 n3 0 0.870 0
87 7 n5 n1 220 0.870 0
87 8 n5 n5 242 0.870 1
87 9 n1 n5 214 0.270 0
87 10 n1 n3 208 0.270 0
87 11 n1 n1 251 0.270 1
88 1 n4 n5 0 0.080 0
88 2 n4 n3 184 0.080 1
88 3 n3 n5 227 0.080 0
88 4 n3 n1 236 0.080 0
88 5 n3 n3 254 0.080 1
88 6 n5 n3 0 0.030 0
88 7 n5 n1 215 0.030 0
88 8 n5 n5 245 0.030 1
88 9 n1 n5 214 0.460 0
88 10 n1 n3 207 0.460 0
88 11 n1 n1 249 0.460 1
89 1 n4 n5 0 0.130 0
89 2 n4 n3 183 0.130 1
89 3 n3 n5 228 0.030 0
89 4 n3 n1 229 0.030 0
89 5 n3 n3 255 0.030 1
89 6 n5 n3 0 0.090 0
89 7 n5 n1 211 0.090 0
89 8 n5 n5 246 0.090 1
89 9 n1 n5 212 0.410 0
89 10 n1 n3 205 0.410 0
89 11 n1 n1 245 0.410 1
90 1 n4 n5 0 0.200 0
90 2 n4 n3 180 0.200 1
90 3 n3 n5 229 0.100 0
90 4 n3 n1 226 0.100 0
90 5 n3 n3 255 0.100 1
90 6 n5 n3 0 0.160 0
90 7 n5 n1 211 0.160 0
90 8 n5 n5 246 0.160 1
90 9 n1 n5 212 0.480 0
90 10 n1 n3 207 0.480 0
90 11 n1 n1 243 0.480 1
91 1 n4 n5 0 1.300 0
91 2 n4 n3 180 1.300 1
91 3 n3 n5 228 0.160 0
91 4 n3 n1 225 0.160 0
91 5 n3 n3 255 0.160 1
91 6 n5 n3 0 0.090 0
91 7 n5 n1 203 0.090 0
91 8 n5 n5 246 0.090 1
91 9 n1 n5 209 0.540 0
91 10 n1 n3 207 0.540 0
91 11 n1 n1 241 0.540 1
92 1 n4 n5 0 0.310 0
92 2 n4 n3 179 0.310 1
92 3 n3 n5 226 0.210 0
92 4 n3 n1 224 0.210 0
92 5 n3 n3 255 0.210 1
92 6 n5 n3 0 0.150 0
92 7 n5 n1 198 0.150 0
92 8 n5 n5 246 0.150 1
92 9 n1 n5 207 0.590 0
92 10 n1 n3 207 0.590 0
92 11 n1 n1 238 0.590 1
93 1 n4 n5 0 0.400 0
93 2 n4 n3 181 0.400 1
93 3 n3 n5 225 0.290 0
93 4 n3 n1 223 0.290 0
93 5 n3 n3 255 0.290 1
93 6 n5 n3 0 0.230 0
93 7 n5 n1 197 0.230 0
93 8 n5 n5 246 0.230 1
93 9 n1 n5 207 0.660 0
93 10 n1 n3 207 0.660 0
93 11 n1 n1 235 0.660 1
94 1 n4 n5 0 1.500 0
94 2 n4 n3 181 1.500 1
94 3 n3 n5 228 0.340 0
94 4 n3 n1 221 0.340 0
94 5 n3 n3 255 0.340 1
94 6 n5 n3 0 0.410 0
94 7 n5 n1 196 0.410 0
94 8 n5 n5 246 0.410 1
94 9 n1 n5 207 0.720 0
94 10 n1 n3 207 0.720 0
94 11 n1 n1 234 0.720 1
95 1 n4 n5 0 0.510 0
95 2 n4 n3 181 0.510 1
95 3 n3 n5 227 0.410 0
95 4 n3 n1 220 0.410 0
95 5 n3 n3 255 0.410 1
95 6 n5 n3 0 0.460 0
95 7 n5 n1 196 0.460 0
95 8 n5 n5 245 0.460 1
95 9 n1 n5 211 0.790 0
95 10 n1 n3 207 0.790 0
95 11 n1 n1 233 0.790 1
96 1 n4 n5 0 0.560 0
96 2 n4 n3 183 0.560 1
96 3 n3 n5 226 0.460 0
96 4 n3 n1 219 0.460 0
96 5 n3 n3 255 0.460 1
96 6 n5 n3 0 0.520 0
96 7 n5 n1 196 0.520 0
96 8 n5 n5 243 0.520 1
96 9 n1 n5 211 0.840 0
96 10 n1 n3 208 0.840 0
96 11 n1 n1 233 0.840 1
97 1 n4 n5 0 0.620 0
97 2 n4 n3 184 0.620 1
97 3 n3 n5 224 0.520 0
97 4 n3 n1 219 0.520 0
97 5 n3 n3 255 0.520 1
97 6 n5 n3 0 0.570 0
97 7 n5 n1 196 0.570 0
97 8 n5 n5 242 0.570 1
97 9 n1 n5 211 0.900 0
97 10 n1 n3 210 0.900 0
97 11 n1 n1 233 0.900 1
98 1 n4 n5 0 1.720 0
98 2 n4 n3 184 1.720 1
98 3 n3 n5 224 0.580 0
98 4 n3 n1 217 0.580 0
98 5 n3 n3 254 0.580 1
98 6 n5 n3 0 0.640 0
98 7 n5 n1 0 0.640 0
98 8 n5 n5 240 0.640 1
98 9 n1 n5 210 0.030 0
98 10 n1 n3 212 0.030 0
98 11 n1 n1 233 0.030 1
99 1 n4 n5 0 0.740 0
99 2 n4 n3 182 0.740 1
99 3 n3 n5 225 0.650 0
99 4 n3 n1 216 0.650 0
99 5 n3 n3 253 0.650 1
99 6 n5 n3 0 0.700 0
99 7 n5 n1 0 0.700 0
99 8 n5 n5 238 0.700 1
99 9 n1 n5 208 0.090 0
99 10 n1 n3 209 0.090 0
99 11 n1 n1 233 0.090 1
100 1 n4 n5 0 0.830 0
100 2 n4 n3 179 0.830 1
100 3 n3 n5 224 0.710 0
100 4 n3 n1 216 0.710 0
100 5 n3 n3 252 0.710 1
100 6 n5 n3 0 0.790 0
100 7 n5 n1 0 0.790 0
100 8 n5 n5 238 0.790 1
100 9 n1 n5 206 0.080 0
100 10 n1 n3 202 0.080 0
100 11 n1 n1 233 0.080 1
101 1 n4 n5 0 1.920 0
101 2 n4 n3 179 1.920 1
101 3 n3 n5 224 0.900 0
101 4 n3 n1 214 0.900 0
101 5 n3 n3 251 0.900 1
101 6 n5 n3 0 0.840 0
101 7 n5 n1 0 0.840 0
101 8 n5 n5 238 0.840 1
101 9 n1 n5 206 0.110 0
101 10 n1 n3 200 0.110 0
101 11 n1 n1 233 0.110 1
102 1 n4 n5 0 3.020 0
102 2 n4 n3 179 3.020 1
102 3 n3 n5 220 0.840 0
102 4 n3 n1 218 0.840 0
102 5 n3 n3 251 0.840 1
102 6 n5 n3 0 1.940 0
102 7 n5 n1 0 1.940 0
102 8 n5 n5 238 1.940 1
102 9 n1 n5 206 0.180 0
102 10 n1 n3 200 0.180 0
102 11 n1 n1 234 0.180 1
103 1 n4 n5 0 4.120 0
103 2 n4 n3 179 4.120 1
103 3 n3 n5 213 0.870 0
103 4 n3 n1 218 0.870 0
103 5 n3 n3 251 0.870 1
103 6 n5 n3 0 3.040 0
103 7 n5 n1 0 3.040 0
103 8 n5 n5 238 3.040 1
103 9 n1 n5 206 0.350 0
103 10 n1 n3 200 0.350 0
103 11 n1 n1 235 0.350 1
104 1 n4 n5 0 0.050 0
104 2 n4 n3 176 0.050 1
104 3 n3 n5 208 0.070 0
104 4 n3 n1 216 0.070 0
104 5 n3 n3 253 0.070 1
104 6 n5 n3 0 0.330 0
104 7 n5 n1 0 0.330 0
104 8 n5 n5 239 0.330 1
104 9 n1 n5 0 0.330 0
104 10 n1 n3 205 0.330 0
104 11 n1 n1 236 0.330 1
105 1 n4 n5 0 0.130 0
105 2 n4 n3 172 0.130 1
105 3 n3 n5 209 0.030 0
105 4 n3 n1 214 0.030 0
105 5 n3 n3 254 0.030 1
105 6 n5 n3 0 0.990 0
105 7 n5 n1 0 0.990 0
105 8 n5 n5 240 0.990 1
105 9 n1 n5 0 0.410 0
105 10 n1 n3 207 0.410 0
105 11 n1 n1 237 0.410 1
106 1 n4 n5 0 0.200 0
106 2 n4 n3 168 0.200 1
106 3 n3 n5 209 0.090 0
106 4 n3 n1 213 0.090 0
106 5 n3 n3 253 0.090 1
106 6 n5 n3 204 0.260 0
106 7 n5 n1 0 0.260 0
106 8 n5 n5 241 0.260 1
106 9 n1 n5 0 0.580 0
106 10 n1 n3 207 0.580 0
106 11 n1 n1 237 0.580 1
107 1 n4 n5 0 0.250 0
107 2 n4 n3 166 0.250 1
107 3 n3 n5 212 0.140 0
107 4 n3 n1 210 0.140 0
107 5 n3 n3 253 0.140 1
107 6 n5 n3 206 0.550 0
107 7 n5 n1 0 0.550 0
107 8 n5 n5 239 0.550 1
107 9 n1 n5 0 0.510 0
107 10 n1 n3 209 0.510 0
107 11 n1 n1 236 0.510 1
108 1 n4 n5 0 0.310 0
108 2 n4 n3 165 0.310 1
108 3 n3 n5 212 0.210 0
108 4 n3 n1 207 0.210 0
108 5 n3 n3 252 0.210 1
108 6 n5 n3 204 0.000 0
108 7 n5 n1 0 0.000 0
108 8 n5 n5 239 0.000 1
108 9 n1 n5 0 0.700 0
108 10 n1 n3 209 0.700 0
108 11 n1 n1 235 0.700 1
109 1 n4 n5 0 1.410 0
109 2 n4 n3 165 1.410 1
109 3 n3 n5 0 0.270 0
109 4 n3 n1 206 0.270 0
109 5 n3 n3 251 0.270 1
109 6 n5 n3 204 1.100 0
109 7 n5 n1 0 1.100 0
109 8 n5 n5 239 1.100 1
109 9 n1 n5 0 0.650 0
109 10 n1 n3 213 0.650 0
109 11 n1 n1 234 0.650 1
110 1 n4 n5 0 2.510 0
110 2 n4 n3 165 2.510 1
110 3 n3 n5 0 0.450 0
110 4 n3 n1 206 0.450 0
110 5 n3 n3 250 0.450 1
110 6 n5 n3 204 2.200 0
110 7 n5 n1 0 2.200 0
110 8 n5 n5 239 2.200 1
110 9 n1 n5 0 0.700 0
110 10 n1 n3 215 0.700 0
110 11 n1 n1 233 0.700 1
111 1 n4 n5 0 3.610 0
111 2 n4 n3 165 3.610 1
111 3 n3 n5 0 1.550 0
111 4 n3 n1 206 1.550 0
111 5 n3 n3 250 1.550 1
111 6 n5 n3 204 0.340 0
111 7 n5 n1 0 0.340 0
111 8 n5 n5 237 0.340 1
111 9 n1 n5 0 0.760 0
111 10 n1 n3 213 0.760 0
111 11 n1 n1 233 0.760 1
112 1 n4 n5 0 0.550 0
112 2 n4 n3 163 0.550 1
112 3 n3 n5 0 2.650 0
112 4 n3 n1 206 2.650 0
112 5 n3 n3 250 2.650 1
112 6 n5 n3 204 1.440 0
112 7 n5 n1 0 1.440 0
112 8 n5 n5 237 1.440 1
112 9 n1 n5 0 0.830 0
112 10 n1 n3 210 0.830 0
112 11 n1 n1 233 0.830 1
113 1 n4 n5 0 0.610 0
113 2 n4 n3 163 0.610 1
113 3 n3 n5 0 0.510 0
113 4 n3 n1 214 0.510 0
113 5 n3 n3 251 0.510 1
113 6 n5 n3 204 0.450 0
113 7 n5 n1 0 0.450 0
113 8 n5 n5 237 0.450 1
113 9 n1 n5 0 0.860 0
113 10 n1 n3 206 0.860 0
113 11 n1 n1 233 0.860 1
114 1 n4 n5 0 0.670 0
114 2 n4 n3 163 0.670 1
114 3 n3 n5 0 0.570 0
114 4 n3 n1 223 0.570 0
114 5 n3 n3 252 0.570 1
114 6 n5 n3 204 1.550 0
114 7 n5 n1 0 1.550 0
114 8 n5 n5 237 1.550 1
114 9 n1 n5 0 0.020 0
114 10 n1 n3 202 0.020 0
114 11 n1 n1 233 0.020 1
115 1 n4 n5 0 0.740 0
115 2 n4 n3 162 0.740 1
115 3 n3 n5 0 0.640 0
115 4 n3 n1 224 0.640 0
115 5 n3 n3 253 0.640 1
115 6 n5 n3 204 2.660 0
115 7 n5 n1 0 2.660 0
115 8 n5 n5 237 2.660 1
115 9 n1 n5 0 0.090 0
115 10 n1 n3 202 0.090 0
115 11 n1 n1 233 0.090 1
116 1 n4 n5 0 0.830 0
116 2 n4 n3 162 0.830 1
116 3 n3 n5 0 0.730 0
116 4 n3 n1 227 0.730 0
116 5 n3 n3 254 0.730 1
116 6 n5 n3 204 3.790 0
116 7 n5 n1 0 3.790 0
116 8 n5 n5 237 3.790 1
116 9 n1 n5 0 0.060 0
116 10 n1 n3 202 0.060 0
116 11 n1 n1 235 0.060 1
117 1 n4 n5 0 0.900 0
117 2 n4 n3 162 0.900 1
117 3 n3 n5 0 0.790 0
117 4 n3 n1 229 0.790 0
117 5 n3 n3 255 0.790 1
117 6 n5 n3 204 4.890 0
117 7 n5 n1 0 4.890 0
117 8 n5 n5 237 4.890 1
117 9 n1 n5 0 0.140 0
117 10 n1 n3 202 0.140 0
117 11 n1 n1 237 0.140 1
118 1 n4 n5 0 0.950 0
118 2 n4 n3 161 0.950 1
118 3 n3 n5 0 0.970 0
118 4 n3 n1 231 0.970 0
118 5 n3 n3 255 0.970 1
118 6 n5 n3 204 5.990 0
118 7 n5 n1 0 5.990 0
118 8 n5 n5 237 5.990 1
118 9 n1 n5 0 0.190 0
118 10 n1 n3 202 0.190 0
118 11 n1 n1 238 0.190 1
119 1 n4 n5 0 2.050 0
119 2 n4 n3 161 2.050 1
119 3 n3 n5 0 0.920 0
119 4 n3 n1 231 0.920 0
119 5 n3 n3 255 0.920 1
119 6 n5 n3 204 7.090 0
119 7 n5 n1 0 7.090 0
119 8 n5 n5 237 7.090 1
119 9 n1 n5 0 0.240 0
119 10 n1 n3 201 0.240 0
119 11 n1 n1 239 0.240 1
120 1 n4 n5 0 3.130 0
120 2 n4 n3 161 3.130 1
120 3 n3 n5 0 0.790 0
120 4 n3 n1 229 0.790 0
120 5 n3 n3 255 0.790 1
120 6 n5 n3 204 8.170 0
120 7 n5 n1 0 8.170 0
120 8 n5 n5 237 8.170 1
120 9 n1 n5 0 0.240 0
120 10 n1 n3 200 0.240 0
120 11 n1 n1 239 0.240 1
121 1 n4 n5 0 4.240 0
121 2 n4 n3 161 4.240 1
121 3 n3 n5 0 0.940 0
121 4 n3 n1 225 0.940 0
121 5 n3 n3 255 0.940 1
121 6 n5 n3 204 9.280 0
121 7 n5 n1 0 9.280 0
121 8 n5 n5 237 9.280 1
121 9 n1 n5 0 0.320 0
121 10 n1 n3 199 0.320 0
121 11 n1 n1 239 0.320 1
122 1 n4 n5 0 5.360 0
122 2 n4 n3 161 5.360 1
122 3 n3 n5 0 0.690 0
122 4 n3 n1 227 0.690 0
122 5 n3 n3 255 0.690 1
122 6 n5 n3 204 10.400 0
122 7 n5 n1 0 10.400 0
122 8 n5 n5 237 10.400 1
122 9 n1 n5 0 0.190 0
122 10 n1 n3 199 0.190 0
122 11 n1 n1 239 0.190 1
123 1 n4 n5 0 0.040 0
123 2 n4 n3 164 0.040 1
123 3 n3 n5 0 0.900 0
123 4 n3 n1 227 0.900 0
123 5 n3 n3 255 0.900 1
123 6 n5 n3 204 11.500 0
123 7 n5 n1 0 11.500 0
123 8 n5 n5 237 11.500 1
123 9 n1 n5 0 0.420 0
123 10 n1 n3 198 0.420 0
123 11 n1 n1 239 0.420 1
124 1 n4 n5 0 1.140 0
124 2 n4 n3 164 1.140 1
124 3 n3 n5 0 2.000 0
124 4 n3 n1 227 2.000 0
124 5 n3 n3 255 2.000 1
124 6 n5 n3 204 12.600 0
124 7 n5 n1 0 12.600 0
124 8 n5 n5 237 12.600 1
124 9 n1 n5 0 0.330 0
124 10 n1 n3 197 0.330 0
124 11 n1 n1 241 0.330 1
125 1 n4 n5 0 0.160 0
125 2 n4 n3 169 0.160 1
125 3 n3 n5 0 0.040 0
125 4 n3 n1 231 0.040 0
125 5 n3 n3 255 0.040 1
125 6 n5 n3 204 13.720 0
125 7 n5 n1 0 13.720 0
125 8 n5 n5 237 13.720 1
125 9 n1 n5 0 0.590 0
125 10 n1 n3 194 0.590 0
125 11 n1 n1 243 0.590 1
126 1 n4 n5 0 1.250 0
126 2 n4 n3 169 1.250 1
126 3 n3 n5 0 0.220 0
126 4 n3 n1 231 0.220 0
126 5 n3 n3 255 0.220 1
126 6 n5 n3 204 14.810 0
126 7 n5 n1 0 14.810 0
126 8 n5 n5 237 14.810 1
126 9 n1 n5 0 0.560 0
126 10 n1 n3 194 0.560 0
126 11 n1 n1 242 0.560 1
127 1 n4 n5 0 1.060 0
127 2 n4 n3 171 1.060 1
127 3 n3 n5 0 0.360 0
127 4 n3 n1 228 0.360 0
127 5 n3 n3 255 0.360 1
127 6 n5 n3 204 15.910 0
127 7 n5 n1 0 15.910 0
127 8 n5 n5 237 15.910 1
127 9 n1 n5 0 0.860 0
127 10 n1 n3 193 0.860 0
127 11 n1 n1 241 0.860 1
128 1 n4 n5 0 0.130 0
128 2 n4 n3 172 0.130 1
128 3 n3 n5 0 0.110 0
128 4 n3 n1 225 0.110 0
128 5 n3 n3 255 0.110 1
128 6 n5 n3 204 17.010 0
128 7 n5 n1 0 17.010 0
128 8 n5 n5 237 17.010 1
128 9 n1 n5 0 0.650 0
128 10 n1 n3 197 0.650 0
128 11 n1 n1 240 0.650 1
129 1 n4 n5 0 1.230 0
129 2 n4 n3 172 1.230 1
129 3 n3 n5 0 0.310 0
129 4 n3 n1 224 0.310 0
129 5 n3 n3 255 0.310 1
129 6 n5 n3 204 18.110 0
129 7 n5 n1 0 18.110 0
129 8 n5 n5 237 18.110 1
129 9 n1 n5 0 0.720 0
129 10 n1 n3 200 0.720 0
129 11 n1 n1 238 0.720 1
130 1 n4 n5 0 2.340 0
130 2 n4 n3 172 2.340 1
130 3 n3 n5 0 0.510 0
130 4 n3 n1 223 0.510 0
130 5 n3 n3 255 0.510 1
130 6 n5 n3 204 19.220 0
130 7 n5 n1 0 19.220 0
130 8 n5 n5 237 19.220 1
130 9 n1 n5 0 0.010 0
130 10 n1 n3 202 0.010 0
130 11 n1 n1 237 0.010 1
131 1 n4 n5 0 0.560 0
131 2 n4 n3 173 0.560 1
131 3 n3 n5 0 1.600 0
131 4 n3 n1 223 1.600 0
131 5 n3 n3 255 1.600 1
131 6 n5 n3 204 20.310 0
131 7 n5 n1 0 20.310 0
131 8 n5 n5 237 20.310 1
131 9 n1 n5 0 0.060 0
131 10 n1 n3 202 0.060 0
131 11 n1 n1 237 0.060 1
132 1 n4 n5 0 0.630 0
132 2 n4 n3 172 0.630 1
132 3 n3 n5 0 0.520 0
132 4 n3 n1 224 0.520 0
132 5 n3 n3 255 0.520 1
132 6 n5 n3 204 21.440 0
132 7 n5 n1 0 21.440 0
132 8 n5 n5 237 21.440 1
132 9 n1 n5 0 0.150 0
132 10 n1 n3 200 0.150 0
132 11 n1 n1 237 0.150 1
133 1 n4 n5 0 0.760 0
133 2 n4 n3 170 0.760 1
133 3 n3 n5 0 0.640 0
133 4 n3 n1 225 0.640 0
133 5 n3 n3 255 0.640 1
133 6 n5 n3 204 22.530 0
133 7 n5 n1 0 22.530 0
133 8 n5 n5 237 22.530 1
133 9 n1 n5 0 0.050 0
133 10 n1 n3 199 0.050 0
133 11 n1 n1 237 0.050 1
134 1 n4 n5 0 1.870 0
134 2 n4 n3 170 1.870 1
134 3 n3 n5 0 0.740 0
134 4 n3 n1 228 0.740 0
134 5 n3 n3 255 0.740 1
134 6 n5 n3 204 23.640 0
134 7 n5 n1 0 23.640 0
134 8 n5 n5 237 23.640 1
134 9 n1 n5 0 0.140 0
134 10 n1 n3 198 0.140 0
134 11 n1 n1 238 0.140 1
135 1 n4 n5 0 3.000 0
135 2 n4 n3 170 3.000 1
135 3 n3 n5 0 0.900 0
135 4 n3 n1 230 0.900 0
135 5 n3 n3 255 0.900 1
135 6 n5 n3 204 24.770 0
135 7 n5 n1 0 24.770 0
135 8 n5 n5 237 24.770 1
135 9 n1 n5 0 0.240 0
135 10 n1 n3 197 0.240 0
135 11 n1 n1 239 0.240 1
136 1 n4 n5 0 1.080 0
136 2 n4 n3 170 1.080 1
136 3 n3 n5 0 0.980 0
136 4 n3 n1 232 0.980 0
136 5 n3 n3 255 0.980 1
136 6 n5 n3 204 25.880 0
136 7 n5 n1 0 25.880 0
136 8 n5 n5 237 25.880 1
136 9 n1 n5 0 0.270 0
136 10 n1 n3 196 0.270 0
136 11 n1 n1 240 0.270 1
137 1 n4 n5 0 2.190 0
137 2 n4 n3 170 2.190 1
137 3 n3 n5 0 0.010 0
137 4 n3 n1 230 0.010 0
137 5 n3 n3 255 0.010 1
137 6 n5 n3 204 26.990 0
137 7 n5 n1 0 26.990 0
137 8 n5 n5 237 26.990 1
137 9 n1 n5 0 0.500 0
137 10 n1 n3 196 0.500 0
137 11 n1 n1 241 0.500 1
138 1 n4 n5 0 0.180 0
138 2 n4 n3 166 0.180 1
138 3 n3 n5 0 0.070 0
138 4 n3 n1 226 0.070 0
138 5 n3 n3 255 0.070 1
138 6 n5 n3 180 0.870 1
138 7 n5 n1 0 0.870 0
138 8 n5 n5 0 0.870 0
138 9 n1 n5 0 0.450 0
138 10 n1 n3 197 0.450 0
138 11 n1 n1 240 0.450 1
139 1 n4 n5 0 0.210 0
139 2 n4 n3 160 0.210 1
139 3 n3 n5 0 0.120 0
139 4 n3 n1 222 0.120 0
139 5 n3 n3 255 0.120 1
139 6 n5 n3 180 1.970 1
139 7 n5 n1 0 1.970 0
139 8 n5 n5 0 1.970 0
139 9 n1 n5 0 0.510 0
139 10 n1 n3 198 0.510 0
139 11 n1 n1 237 0.510 1
140 1 n4 n5 0 0.290 0
140 2 n4 n3 155 0.290 1
140 3 n3 n5 0 0.310 0
140 4 n3 n1 220 0.310 0
140 5 n3 n3 255 0.310 1
140 6 n5 n3 154 0.010 1
140 7 n5 n1 0 0.010 0
140 8 n5 n5 0 0.010 0
140 9 n1 n5 0 0.560 0
140 10 n1 n3 198 0.560 0
140 11 n1 n1 235 0.560 1
141 1 n4 n5 0 0.350 0
141 2 n4 n3 151 0.350 1
141 3 n3 n5 0 0.370 0
141 4 n3 n1 220 0.370 0
141 5 n3 n3 255 0.370 1
141 6 n5 n3 154 1.110 1
141 7 n5 n1 0 1.110 0
141 8 n5 n5 0 1.110 0
141 9 n1 n5 0 0.740 0
141 10 n1 n3 198 0.740 0
141 11 n1 n1 232 0.740 1
142 1 n4 n5 0 0.410 0
142 2 n4 n3 145 0.410 1
142 3 n3 n5 0 0.310 0
142 4 n3 n1 217 0.310 0
142 5 n3 n3 255 0.310 1
142 6 n5 n3 130 0.130 1
142 7 n5 n1 0 0.130 0
142 8 n5 n5 0 0.130 0
142 9 n1 n5 0 0.690 0
142 10 n1 n3 199 0.690 0
142 11 n1 n1 230 0.690 1
143 1 n4 n5 0 0.470 0
143 2 n4 n3 143 0.470 1
143 3 n3 n5 0 0.370 0
143 4 n3 n1 213 0.370 0
143 5 n3 n3 255 0.370 1
143 6 n5 n3 105 0.190 1
143 7 n5 n1 0 0.190 0
143 8 n5 n5 0 0.190 0
143 9 n1 n5 0 0.740 0
143 10 n1 n3 203 0.740 0
143 11 n1 n1 229 0.740 1
144 1 n4 n5 0 0.530 0
144 2 n4 n3 143 0.530 1
144 3 n3 n5 0 0.430 0
144 4 n3 n1 212 0.430 0
144 5 n3 n3 255 0.430 1
144 6 n5 n3 105 1.290 1
144 7 n5 n1 0 1.290 0
144 8 n5 n5 0 1.290 0
144 9 n1 n5 0 0.810 0
144 10 n1 n3 205 0.810 0
144 11 n1 n1 229 0.810 1
145 1 n4 n5 0 0.600 0
145 2 n4 n3 142 0.600 1
145 3 n3 n5 0 0.500 0
145 4 n3 n1 212 0.500 0
145 5 n3 n3 255 0.500 1
145 6 n5 n3 105 2.400 1
145 7 n5 n1 0 2.400 0
145 8 n5 n5 0 2.400 0
145 9 n1 n5 0 0.880 0
145 10 n1 n3 209 0.880 0
145 11 n1 n1 229 0.880 1
146 1 n4 n5 0 0.660 0
146 2 n4 n3 141 0.660 1
146 3 n3 n5 0 0.570 0
146 4 n3 n1 211 0.570 0
146 5 n3 n3 255 0.570 1
146 6 n5 n3 78 0.390 1
146 7 n5 n1 0 0.390 0
146 8 n5 n5 0 0.390 0
146 9 n1 n5 0 0.940 0
146 10 n1 n3 210 0.940 0
146 11 n1 n1 229 0.940 1
147 1 n4 n5 0 0.740 0
147 2 n4 n3 139 0.740 1
147 3 n3 n5 0 0.630 0
147 4 n3 n1 210 0.630 0
147 5 n3 n3 255 0.630 1
147 6 n5 n3 76 0.450 1
147 7 n5 n1 0 0.450 0
147 8 n5 n5 0 0.450 0
147 9 n1 n5 0 0.080 0
147 10 n1 n3 211 0.080 0
147 11 n1 n1 229 0.080 1
148 1 n4 n5 0 0.800 0
148 2 n4 n3 137 0.800 1
148 3 n3 n5 0 0.830 0
148 4 n3 n1 207 0.830 0
148 5 n3 n3 255 0.830 1
148 6 n5 n3 76 1.570 1
148 7 n5 n1 0 1.570 0
148 8 n5 n5 0 1.570 0
148 9 n1 n5 0 0.050 0
148 10 n1 n3 212 0.050 0
148 11 n1 n1 229 0.050 1
149 1 n4 n5 0 0.870 0
149 2 n4 n3 134 0.870 1
149 3 n3 n5 0 0.890 0
149 4 n3 n1 207 0.890 0
149 5 n3 n3 255 0.890 1
149 6 n5 n3 76 2.670 1
149 7 n5 n1 0 2.670 0
149 8 n5 n5 0 2.670 0
149 9 n1 n5 0 0.110 0
149 10 n1 n3 212 0.110 0
149 11 n1 n1 229 0.110 1
150 1 n4 n5 0 1.970 0
150 2 n4 n3 134 1.970 1
150 3 n3 n5 0 0.950 0
150 4 n3 n1 207 0.950 0
150 5 n3 n3 255 0.950 1
150 6 n5 n3 76 3.770 1
150 7 n5 n1 0 3.770 0
150 8 n5 n5 0 3.770 0
150 9 n1 n5 0 0.170 0
150 10 n1 n3 211 0.170 0
150 11 n1 n1 230 0.170 1
151 1 n4 n5 0 0.990 0
151 2 n4 n3 131 0.990 1
151 3 n3 n5 0 0.890 0
151 4 n3 n1 211 0.890 0
151 5 n3 n3 255 0.890 1
151 6 n5 n3 76 4.870 1
151 7 n5 n1 0 4.870 0
151 8 n5 n5 0 4.870 0
151 9 n1 n5 0 0.240 0
151 10 n1 n3 211 0.240 0
151 11 n1 n1 229 0.240 1
152 1 n4 n5 0 2.090 0
152 2 n4 n3 131 2.090 1
152 3 n3 n5 0 0.030 0
152 4 n3 n1 211 0.030 0
152 5 n3 n3 255 0.030 1
152 6 n5 n3 76 5.970 1
152 7 n5 n1 0 5.970 0
152 8 n5 n5 0 5.970 0
152 9 n1 n5 0 0.290 0
152 10 n1 n3 211 0.290 0
152 11 n1 n1 229 0.290 1
153 1 n4 n5 0 0.070 0
153 2 n4 n3 128 0.070 1
153 3 n3 n5 0 0.090 0
153 4 n3 n1 211 0.090 0
153 5 n3 n3 255 0.090 1
153 6 n5 n3 76 7.070 1
153 7 n5 n1 0 7.070 0
153 8 n5 n5 0 7.070 0
153 9 n1 n5 0 0.350 0
153 10 n1 n3 211 0.350 0
153 11 n1 n1 229 0.350 1
154 1 n4 n5 0 1.170 0
154 2 n4 n3 128 1.170 1
154 3 n3 n5 0 0.030 0
154 4 n3 n1 212 0.030 0
154 5 n3 n3 255 0.030 1
154 6 n5 n3 76 8.170 1
154 7 n5 n1 0 8.170 0
154 8 n5 n5 0 8.170 0
154 9 n1 n5 0 0.400 0
154 10 n1 n3 211 0.400 0
154 11 n1 n1 229 0.400 1
155 1 n4 n5 0 0.200 0
155 2 n4 n3 126 0.200 1
155 3 n3 n5 0 0.100 0
155 4 n3 n1 213 0.100 0
155 5 n3 n3 255 0.100 1
155 6 n5 n3 74 0.960 1
155 7 n5 n1 0 0.960 0
155 8 n5 n5 0 0.960 0
155 9 n1 n5 0 0.490 0
155 10 n1 n3 211 0.490 0
155 11 n1 n1 228 0.490 1
156 1 n4 n5 0 0.270 0
156 2 n4 n3 122 0.270 1
156 3 n3 n5 0 0.170 0
156 4 n3 n1 216 0.170 0
156 5 n3 n3 255 0.170 1
156 6 n5 n3 71 1.040 1
156 7 n5 n1 0 1.040 0
156 8 n5 n5 0 1.040 0
156 9 n1 n5 0 0.550 0
156 10 n1 n3 211 0.550 0
156 11 n1 n1 229 0.550 1
157 1 n4 n5 0 0.300 0
157 2 n4 n3 119 0.300 1
157 3 n3 n5 0 0.210 0
157 4 n3 n1 217 0.210 0
157 5 n3 n3 255 0.210 1
157 6 n5 n3 66 0.040 1
157 7 n5 n1 0 0.040 0
157 8 n5 n5 0 0.040 0
157 9 n1 n5 0 0.590 0
157 10 n1 n3 209 0.590 0
157 11 n1 n1 230 0.590 1
158 1 n4 n5 0 0.370 0
158 2 n4 n3 115 0.370 1
158 3 n3 n5 0 0.270 0
158 4 n3 n1 220 0.270 0
158 5 n3 n3 255 0.270 1
158 6 n5 n3 63 0.110 1
158 7 n5 n1 0 0.110 0
158 8 n5 n5 0 0.110 0
158 9 n1 n5 0 0.650 0
158 10 n1 n3 208 0.650 0
158 11 n1 n1 231 0.650 1
159 1 n4 n5 0 0.430 0
159 2 n4 n3 112 0.430 1
159 3 n3 n5 0 0.340 0
159 4 n3 n1 221 0.340 0
159 5 n3 n3 255 0.340 1
159 6 n5 n3 58 0.150 1
159 7 n5 n1 0 0.150 0
159 8 n5 n5 0 0.150 0
159 9 n1 n5 0 0.710 0
159 10 n1 n3 205 0.710 0
159 11 n1 n1 232 0.710 1
160 1 n4 n5 0 0.500 0
160 2 n4 n3 111 0.500 1
160 3 n3 n5 0 0.390 0
160 4 n3 n1 221 0.390 0
160 5 n3 n3 255 0.390 1
160 6 n5 n3 58 1.250 1
160 7 n5 n1 0 1.250 0
160 8 n5 n5 0 1.250 0
160 9 n1 n5 0 0.770 0
160 10 n1 n3 205 0.770 0
160 11 n1 n1 233 0.770 1
161 1 n4 n5 0 1.600 0
161 2 n4 n3 111 1.600 1
161 3 n3 n5 0 0.450 0
161 4 n3 n1 222 0.450 0
161 5 n3 n3 255 0.450 1
161 6 n5 n3 58 2.350 1
161 7 n5 n1 0 2.350 0
161 8 n5 n5 0 2.350 0
161 9 n1 n5 0 0.820 0
161 10 n1 n3 207 0.820 0
161 11 n1 n1 233 0.820 1
162 1 n4 n5 0 2.700 0
162 2 n4 n3 111 2.700 1
162 3 n3 n5 5 0.400 0
162 4 n3 n1 224 0.400 0
162 5 n3 n3 255 0.400 1
162 6 n5 n3 58 3.450 1
162 7 n5 n1 0 3.450 0
162 8 n5 n5 0 3.450 0
162 9 n1 n5 0 0.720 0
162 10 n1 n3 209 0.720 0
162 11 n1 n1 234 0.720 1
163 1 n4 n5 0 0.670 0
163 2 n4 n3 110 0.670 1
163 3 n3 n5 5 0.570 0
163 4 n3 n1 226 0.570 0
163 5 n3 n3 255 0.570 1
163 6 n5 n3 58 4.550 1
163 7 n5 n1 0 4.550 0
163 8 n5 n5 0 4.550 0
163 9 n1 n5 0 0.020 0
163 10 n1 n3 211 0.020 0
163 11 n1 n1 236 0.020 1
164 1 n4 n5 0 0.760 0
164 2 n4 n3 111 0.760 1
164 3 n3 n5 5 0.570 0
164 4 n3 n1 227 0.570 0
164 5 n3 n3 255 0.570 1
164 6 n5 n3 58 0.720 1
164 7 n5 n1 0 0.720 0
164 8 n5 n5 0 0.720 0
164 9 n1 n5 0 0.010 0
164 10 n1 n3 211 0.010 0
164 11 n1 n1 237 0.010 1
165 1 n4 n5 0 0.840 0
165 2 n4 n3 114 0.840 1
165 3 n3 n5 5 0.650 0
165 4 n3 n1 227 0.650 0
165 5 n3 n3 255 0.650 1
165 6 n5 n3 58 0.800 1
165 7 n5 n1 0 0.800 0
165 8 n5 n5 0 0.800 0
165 9 n1 n5 0 0.080 0
165 10 n1 n3 211 0.080 0
165 11 n1 n1 237 0.080 1
166 1 n4 n5 0 0.910 0
166 2 n4 n3 115 0.910 1
166 3 n3 n5 5 0.720 0
166 4 n3 n1 225 0.720 0
166 5 n3 n3 255 0.720 1
166 6 n5 n3 58 1.910 1
166 7 n5 n1 0 1.910 0
166 8 n5 n5 0 1.910 0
166 9 n1 n5 0 0.150 0
166 10 n1 n3 209 0.150 0
166 11 n1 n1 236 0.150 1
167 1 n4 n5 0 0.970 0
167 2 n4 n3 115 0.970 1
167 3 n3 n5 0 0.870 0
167 4 n3 n1 225 0.870 0
167 5 n3 n3 255 0.870 1
167 6 n5 n3 51 0.810 1
167 7 n5 n1 0 0.810 0
167 8 n5 n5 0 0.810 0
167 9 n1 n5 0 0.210 0
167 10 n1 n3 208 0.210 0
167 11 n1 n1 236 0.210 1
168 1 n4 n5 0 1.020 0
168 2 n4 n3 115 1.020 1
168 3 n3 n5 0 0.000 0
168 4 n3 n1 227 0.000 0
168 5 n3 n3 255 0.000 1
168 6 n5 n3 51 1.900 1
168 7 n5 n1 0 1.900 0
168 8 n5 n5 0 1.900 0
168 9 n1 n5 0 0.260 0
168 10 n1 n3 205 0.260 0
168 11 n1 n1 236 0.260 1
169 1 n4 n5 0 0.050 0
169 2 n4 n3 115 0.050 1
169 3 n3 n5 0 0.060 0
169 4 n3 n1 225 0.060 0
169 5 n3 n3 255 0.060 1
169 6 n5 n3 51 3.000 1
169 7 n5 n1 0 3.000 0
169 8 n5 n5 0 3.000 0
169 9 n1 n5 0 0.320 0
169 10 n1 n3 204 0.320 0
169 11 n1 n1 235 0.320 1
170 1 n4 n5 0 0.100 0
170 2 n4 n3 113 0.100 1
170 3 n3 n5 0 0.120 0
170 4 n3 n1 223 0.120 0
170 5 n3 n3 255 0.120 1
170 6 n5 n3 50 0.060 1
170 7 n5 n1 0 0.060 0
170 8 n5 n5 0 0.060 0
170 9 n1 n5 0 0.380 0
170 10 n1 n3 203 0.380 0
170 11 n1 n1 234 0.380 1
171 1 n4 n5 0 0.160 0
171 2 n4 n3 112 0.160 1
171 3 n3 n5 0 0.070 0
171 4 n3 n1 221 0.070 0
171 5 n3 n3 255 0.070 1
171 6 n5 n3 50 0.110 1
171 7 n5 n1 0 0.110 0
171 8 n5 n5 0 0.110 0
171 9 n1 n5 0 0.160 0
171 10 n1 n3 204 0.160 0
171 11 n1 n1 233 0.160 1
172 1 n4 n5 0 0.220 0
172 2 n4 n3 113 0.220 1
172 3 n3 n5 0 0.120 0
172 4 n3 n1 218 0.120 0
172 5 n3 n3 255 0.120 1
172 6 n5 n3 51 0.180 1
172 7 n5 n1 0 0.180 0
172 8 n5 n5 0 0.180 0
172 9 n1 n5 0 0.280 0
172 10 n1 n3 207 0.280 0
172 11 n1 n1 232 0.280 1
173 1 n4 n5 0 0.290 0
173 2 n4 n3 113 0.290 1
173 3 n3 n5 0 0.180 0
173 4 n3 n1 215 0.180 0
173 5 n3 n3 255 0.180 1
173 6 n5 n3 51 0.240 1
173 7 n5 n1 0 0.240 0
173 8 n5 n5 0 0.240 0
173 9 n1 n5 0 0.290 0
173 10 n1 n3 211 0.290 0
173 11 n1 n1 230 0.290 1
174 1 n4 n5 0 0.340 0
174 2 n4 n3 113 0.340 1
174 3 n3 n5 0 0.240 0
174 4 n3 n1 211 0.240 0
174 5 n3 n3 255 0.240 1
174 6 n5 n3 51 0.300 1
174 7 n5 n1 0 0.300 0
174 8 n5 n5 0 0.300 0
174 9 n1 n5 0 0.380 0
174 10 n1 n3 214 0.380 0
174 11 n1 n1 228 0.380 1
175 1 n4 n5 0 0.380 0
175 2 n4 n3 113 0.380 1
175 3 n3 n5 0 0.290 0
175 4 n3 n1 210 0.290 0
175 5 n3 n3 255 0.290 1
175 6 n5 n3 51 0.340 1
175 7 n5 n1 0 0.340 0
175 8 n5 n5 0 0.340 0
175 9 n1 n5 0 0.340 0
175 10 n1 n3 216 0.340 0
175 11 n1 n1 227 0.340 1
176 1 n4 n5 0 0.500 0
176 2 n4 n3 112 0.500 1
176 3 n3 n5 0 0.400 0
176 4 n3 n1 210 0.400 0
176 5 n3 n3 255 0.400 1
176 6 n5 n3 51 0.460 1
176 7 n5 n1 0 0.460 0
176 8 n5 n5 0 0.460 0
176 9 n1 n5 0 0.540 0
176 10 n1 n3 216 0.540 0
176 11 n1 n1 226 0.540 1
177 1 n4 n5 7 0.570 0
177 2 n4 n3 112 0.570 1
177 3 n3 n5 5 0.360 0
177 4 n3 n1 210 0.360 0
177 5 n3 n3 255 0.360 1
177 6 n5 n3 51 0.280 1
177 7 n5 n1 0 0.280 0
177 8 n5 n5 10 0.280 0
177 9 n1 n5 0 0.620 0
177 10 n1 n3 216 0.620 0
177 11 n1 n1 225 0.620 1
178 1 n4 n5 10 0.620 0
178 2 n4 n3 115 0.620 1
178 3 n3 n5 5 0.520 0
178 4 n3 n1 210 0.520 0
178 5 n3 n3 255 0.520 1
178 6 n5 n3 58 0.580 1
178 7 n5 n1 0 0.580 0
178 8 n5 n5 15 0.580 0
178 9 n1 n5 5 0.700 0
178 10 n1 n3 216 0.700 0
178 11 n1 n1 224 0.700 1
179 1 n4 n5 14 0.680 0
179 2 n4 n3 118 0.680 1
179 3 n3 n5 11 0.480 0
179 4 n3 n1 209 0.480 0
179 5 n3 n3 255 0.480 1
179 6 n5 n3 71 0.520 1
179 7 n5 n1 0 0.520 0
179 8 n5 n5 19 0.520 0
179 9 n1 n5 7 0.720 0
179 10 n1 n3 216 0.720 0
179 11 n1 n1 224 0.720 1
180 1 n4 n5 14 0.770 0
180 2 n4 n3 119 0.770 1
180 3 n3 n5 11 0.670 0
180 4 n3 n1 206 0.670 0
180 5 n3 n3 255 0.670 1
180 6 n5 n3 71 1.650 1
180 7 n5 n1 0 1.650 0
180 8 n5 n5 19 1.650 0
180 9 n1 n5 7 0.010 0
180 10 n1 n3 218 0.010 0
180 11 n1 n1 224 0.010 1
181 1 n4 n5 21 0.830 0
181 2 n4 n3 115 0.830 1
181 3 n3 n5 20 0.640 0
181 4 n3 n1 205 0.640 0
181 5 n3 n3 255 0.640 1
181 6 n5 n3 91 0.670 1
181 7 n5 n1 0 0.670 0
181 8 n5 n5 24 0.670 0
181 9 n1 n5 16 0.070 0
181 10 n1 n3 221 0.070 0
181 11 n1 n1 223 0.070 1
182 1 n4 n5 28 0.880 0
182 2 n4 n3 109 0.880 1
182 3 n3 n5 20 0.790 0
182 4 n3 n1 204 0.790 0
182 5 n3 n3 255 0.790 1
182 6 n5 n3 96 0.720 1
182 7 n5 n1 0 0.720 0
182 8 n5 n5 28 0.720 0
182 9 n1 n5 16 0.120 0
182 10 n1 n3 224 0.120 1
182 11 n1 n1 222 0.120 0
183 1 n4 n5 31 0.950 0
183 2 n4 n3 106 0.950 1
183 3 n3 n5 24 0.850 0
183 4 n3 n1 204 0.850 0
183 5 n3 n3 255 0.850 1
183 6 n5 n3 107 0.790 1
183 7 n5 n1 0 0.790 0
183 8 n5 n5 38 0.790 0
183 9 n1 n5 25 0.190 0
183 10 n1 n3 225 0.190 1
183 11 n1 n1 221 0.190 0
184 1 n4 n5 37 1.000 0
184 2 n4 n3 104 1.000 1
184 3 n3 n5 31 0.810 0
184 4 n3 n1 202 0.810 0
184 5 n3 n3 255 0.810 1
184 6 n5 n3 111 0.830 1
184 7 n5 n1 0 0.830 0
184 8 n5 n5 46 0.830 0
184 9 n1 n5 30 0.240 0
184 10 n1 n3 228 0.240 1
184 11 n1 n1 220 0.240 0
185 1 n4 n5 45 0.020 0
185 2 n4 n3 101 0.020 1
185 3 n3 n5 39 0.050 0
185 4 n3 n1 200 0.050 0
185 5 n3 n3 255 0.050 1
185 6 n5 n3 115 0.910 1
185 7 n5 n1 0 0.910 0
185 8 n5 n5 55 0.910 0
185 9 n1 n5 30 0.420 0
185 10 n1 n3 230 0.420 1
185 11 n1 n1 220 0.420 0
186 1 n4 n5 53 0.100 0
186 2 n4 n3 100 0.100 1
186 3 n3 n5 39 0.120 0
186 4 n3 n1 200 0.120 0
186 5 n3 n3 255 0.120 1
186 6 n5 n3 122 0.050 1
186 7 n5 n1 0 0.050 0
186 8 n5 n5 71 0.050 0
186 9 n1 n5 40 0.160 0
186 10 n1 n3 234 0.160 1
186 11 n1 n1 220 0.160 0
187 1 n4 n5 53 1.200 0
187 2 n4 n3 100 1.200 1
187 3 n3 n5 39 0.060 0
187 4 n3 n1 200 0.060 0
187 5 n3 n3 255 0.060 1
187 6 n5 n3 131 0.000 1
187 7 n5 n1 0 0.000 0
187 8 n5 n5 79 0.000 0
187 9 n1 n5 49 0.550 0
187 10 n1 n3 234 0.550 1
187 11 n1 n1 221 0.550 0
188 1 n4 n5 63 0.220 0
188 2 n4 n3 101 0.220 1
188 3 n3 n5 0 0.120 0
188 4 n3 n1 201 0.120 0
188 5 n3 n3 255 0.120 1
188 6 n5 n3 137 0.040 1
188 7 n5 n1 0 0.040 0
188 8 n5 n5 86 0.040 0
188 9 n1 n5 49 0.500 0
188 10 n1 n3 238 0.500 1
188 11 n1 n1 223 0.500 0
189 1 n4 n5 63 1.330 0
189 2 n4 n3 101 1.330 1
189 3 n3 n5 61 0.190 0
189 4 n3 n1 203 0.190 0
189 5 n3 n3 254 0.190 1
189 6 n5 n3 141 0.130 1
189 7 n5 n1 0 0.130 0
189 8 n5 n5 93 0.130 0
189 9 n1 n5 49 0.580 0
189 10 n1 n3 240 0.580 1
189 11 n1 n1 225 0.580 0
190 1 n4 n5 63 2.430 0
190 2 n4 n3 101 2.430 1
190 3 n3 n5 64 0.250 0
190 4 n3 n1 204 0.250 0
190 5 n3 n3 253 0.250 1
190 6 n5 n3 146 0.190 1
190 7 n5 n1 0 0.190 0
190 8 n5 n5 100 0.190 0
190 9 n1 n5 49 0.640 0
190 10 n1 n3 238 0.640 1
190 11 n1 n1 227 0.640 0
191 1 n4 n5 63 3.520 0
191 2 n4 n3 101 3.520 1
191 3 n3 n5 65 0.300 0
191 4 n3 n1 201 0.300 0
191 5 n3 n3 250 0.300 1
191 6 n5 n3 148 0.240 1
191 7 n5 n1 0 0.240 0
191 8 n5 n5 105 0.240 0
191 9 n1 n5 0 0.680 0
191 10 n1 n3 236 0.680 1
191 11 n1 n1 228 0.680 0
192 1 n4 n5 63 4.620 0
192 2 n4 n3 101 4.620 1
192 3 n3 n5 67 0.360 0
192 4 n3 n1 198 0.360 0
192 5 n3 n3 247 0.360 1
192 6 n5 n3 150 0.300 1
192 7 n5 n1 0 0.300 0
192 8 n5 n5 108 0.300 0
192 9 n1 n5 0 0.740 0
192 10 n1 n3 234 0.740 1
192 11 n1 n1 228 0.740 0
193 1 n4 n5 69 0.520 0
193 2 n4 n3 104 0.520 1
193 3 n3 n5 67 0.430 0
193 4 n3 n1 195 0.430 0
193 5 n3 n3 245 0.430 1
193 6 n5 n3 150 0.360 1
193 7 n5 n1 0 0.360 0
193 8 n5 n5 111 0.360 0
193 9 n1 n5 0 0.800 0
193 10 n1 n3 233 0.800 1
193 11 n1 n1 227 0.800 0
194 1 n4 n5 69 1.620 0
194 2 n4 n3 104 1.620 1
194 3 n3 n5 67 1.530 0
194 4 n3 n1 195 1.530 0
194 5 n3 n3 245 1.530 1
194 6 n5 n3 152 0.420 1
194 7 n5 n1 0 0.420 0
194 8 n5 n5 114 0.420 0
194 9 n1 n5 0 0.860 0
194 10 n1 n3 232 0.860 1
194 11 n1 n1 226 0.860 0
195 1 n4 n5 82 0.550 0
195 2 n4 n3 112 0.550 1
195 3 n3 n5 79 0.300 0
195 4 n3 n1 195 0.300 0
195 5 n3 n3 244 0.300 1
195 6 n5 n3 153 0.500 1
195 7 n5 n1 0 0.500 0
195 8 n5 n5 117 0.500 0
195 9 n1 n5 0 0.010 0
195 10 n1 n3 232 0.010 1
195 11 n1 n1 226 0.010 0
196 1 n4 n5 82 1.660 0
196 2 n4 n3 112 1.660 1
196 3 n3 n5 92 0.520 0
196 4 n3 n1 195 0.520 0
196 5 n3 n3 243 0.520 1
196 6 n5 n3 157 0.570 1
196 7 n5 n1 0 0.570 0
196 8 n5 n5 121 0.570 0
196 9 n1 n5 0 0.080 0
196 10 n1 n3 234 0.080 1
196 11 n1 n1 227 0.080 0
197 1 n4 n5 82 2.760 0
197 2 n4 n3 112 2.760 1
197 3 n3 n5 92 0.680 0
197 4 n3 n1 195 0.680 0
197 5 n3 n3 244 0.680 1
197 6 n5 n3 160 0.630 1
197 7 n5 n1 0 0.630 0
197 8 n5 n5 126 0.630 0
197 9 n1 n5 0 0.140 0
197 10 n1 n3 236 0.140 1
197 11 n1 n1 228 0.140 0
198 1 n4 n5 82 3.870 0
198 2 n4 n3 112 3.870 1
198 3 n3 n5 92 0.760 0
198 4 n3 n1 195 0.760 0
198 5 n3 n3 245 0.760 1
198 6 n5 n3 160 1.740 1
198 7 n5 n1 0 1.740 0
198 8 n5 n5 126 1.740 0
198 9 n1 n5 0 0.100 0
198 10 n1 n3 236 0.100 1
198 11 n1 n1 229 0.100 0
199 1 n4 n5 82 4.970 0
199 2 n4 n3 112 4.970 1
199 3 n3 n5 94 0.820 0
199 4 n3 n1 196 0.820 0
199 5 n3 n3 245 0.820 1
199 6 n5 n3 163 0.540 1
199 7 n5 n1 0 0.540 0
199 8 n5 n5 133 0.540 0
199 9 n1 n5 0 0.270 0
199 10 n1 n3 236 0.270 1
199 11 n1 n1 230 0.270 0
200 1 n4 n5 82 6.060 0
200 2 n4 n3 112 6.060 1
200 3 n3 n5 110 0.600 0
200 4 n3 n1 198 0.600 0
200 5 n3 n3 243 0.600 1
200 6 n5 n3 164 0.630 1
200 7 n5 n1 0 0.630 0
200 8 n5 n5 139 0.630 0
200 9 n1 n5 0 0.210 0
200 10 n1 n3 232 0.210 1
200 11 n1 n1 232 0.210 0
201 1 n4 n5 82 7.180 0
201 2 n4 n3 112 7.180 1
201 3 n3 n5 113 0.030 0
201 4 n3 n1 198 0.030 0
201 5 n3 n3 240 0.030 1
201 6 n5 n3 166 0.690 1
201 7 n5 n1 0 0.690 0
201 8 n5 n5 145 0.690 0
201 9 n1 n5 0 0.290 0
201 10 n1 n3 230 0.290 1
201 11 n1 n1 233 0.290 0
202 1 n4 n5 82 8.280 0
202 2 n4 n3 112 8.280 1
202 3 n3 n5 118 0.090 0
202 4 n3 n1 197 0.090 0
202 5 n3 n3 238 0.090 1
202 6 n5 n3 168 0.930 1
202 7 n5 n1 0 0.930 0
202 8 n5 n5 151 0.930 0
202 9 n1 n5 119 0.210 0
202 10 n1 n3 228 0.210 0
202 11 n1 n1 237 0.210 1
203 1 n4 n5 82 9.370 0
203 2 n4 n3 112 9.370 1
203 3 n3 n5 123 0.020 0
203 4 n3 n1 195 0.020 0
203 5 n3 n3 238 0.020 1
203 6 n5 n3 170 0.890 1
203 7 n5 n1 0 0.890 0
203 8 n5 n5 157 0.890 0
203 9 n1 n5 119 1.300 0
203 10 n1 n3 228 1.300 0
203 11 n1 n1 237 1.300 1
204 1 n4 n5 82 10.470 0
204 2 n4 n3 112 10.470 1
204 3 n3 n5 127 0.080 0
204 4 n3 n1 195 0.080 0
204 5 n3 n3 238 0.080 1
204 6 n5 n3 173 0.970 1
204 7 n5 n1 0 0.970 0
204 8 n5 n5 160 0.970 0
204 9 n1 n5 119 0.450 0
204 10 n1 n3 228 0.450 0
204 11 n1 n1 239 0.450 1
205 1 n4 n5 82 0.240 0
205 2 n4 n3 121 0.240 1
205 3 n3 n5 134 0.020 0
205 4 n3 n1 195 0.020 0
205 5 n3 n3 238 0.020 1
205 6 n5 n3 177 0.020 1
205 7 n5 n1 0 0.020 0
205 8 n5 n5 168 0.020 0
205 9 n1 n5 124 0.520 0
205 10 n1 n3 228 0.520 0
205 11 n1 n1 240 0.520 1
206 1 n4 n5 88 0.310 0
206 2 n4 n3 124 0.310 1
206 3 n3 n5 134 0.210 0
206 4 n3 n1 198 0.210 0
206 5 n3 n3 238 0.210 1
206 6 n5 n3 176 0.010 1
206 7 n5 n1 0 0.010 0
206 8 n5 n5 171 0.010 0
206 9 n1 n5 124 0.580 0
206 10 n1 n3 228 0.580 0
206 11 n1 n1 241 0.580 1
207 1 n4 n5 94 0.340 0
207 2 n4 n3 129 0.340 1
207 3 n3 n5 143 0.180 0
207 4 n3 n1 199 0.180 0
207 5 n3 n3 238 0.180 1
207 6 n5 n3 176 0.100 1
207 7 n5 n1 0 0.100 0
207 8 n5 n5 174 0.100 0
207 9 n1 n5 134 0.470 0
207 10 n1 n3 228 0.470 0
207 11 n1 n1 241 0.470 1
208 1 n4 n5 100 0.430 0
208 2 n4 n3 130 0.430 1
208 3 n3 n5 143 0.430 0
208 4 n3 n1 201 0.430 0
208 5 n3 n3 238 0.430 1
208 6 n5 n3 176 0.180 0
208 7 n5 n1 0 0.180 0
208 8 n5 n5 177 0.180 1
208 9 n1 n5 140 0.470 0
208 10 n1 n3 228 0.470 0
208 11 n1 n1 241 0.470 1
209 1 n4 n5 0 0.510 0
209 2 n4 n3 132 0.510 1
209 3 n3 n5 147 0.390 0
209 4 n3 n1 200 0.390 0
209 5 n3 n3 238 0.390 1
209 6 n5 n3 176 0.320 0
209 7 n5 n1 0 0.320 0
209 8 n5 n5 180 0.320 1
209 9 n1 n5 141 0.670 0
209 10 n1 n3 228 0.670 0
209 11 n1 n1 241 0.670 1
210 1 n4 n5 0 1.600 0
210 2 n4 n3 132 1.600 1
210 3 n3 n5 149 0.450 0
210 4 n3 n1 200 0.450 0
210 5 n3 n3 238 0.450 1
210 6 n5 n3 177 0.280 0
210 7 n5 n1 149 0.280 0
210 8 n5 n5 183 0.280 1
210 9 n1 n5 143 0.720 0
210 10 n1 n3 228 0.720 0
210 11 n1 n1 240 0.720 1
211 1 n4 n5 0 2.770 0
211 2 n4 n3 132 2.770 1
211 3 n3 n5 151 0.590 0
211 4 n3 n1 201 0.590 0
211 5 n3 n3 239 0.590 1
211 6 n5 n3 177 0.400 0
211 7 n5 n1 148 0.400 0
211 8 n5 n5 185 0.400 1
211 9 n1 n5 147 0.030 0
211 10 n1 n3 230 0.030 0
211 11 n1 n1 241 0.030 1
212 1 n4 n5 0 0.740 0
212 2 n4 n3 133 0.740 1
212 3 n3 n5 153 0.640 0
212 4 n3 n1 202 0.640 0
212 5 n3 n3 240 0.640 1
212 6 n5 n3 176 0.560 0
212 7 n5 n1 148 0.560 0
212 8 n5 n5 188 0.560 1
212 9 n1 n5 149 0.090 0
212 10 n1 n3 232 0.090 0
212 11 n1 n1 241 0.090 1
213 1 n4 n5 0 1.840 0
213 2 n4 n3 133 1.840 1
213 3 n3 n5 154 0.700 0
213 4 n3 n1 202 0.700 0
213 5 n3 n3 240 0.700 1
213 6 n5 n3 173 0.630 0
213 7 n5 n1 148 0.630 0
213 8 n5 n5 190 0.630 1
213 9 n1 n5 149 0.030 0
213 10 n1 n3 230 0.030 0
213 11 n1 n1 241 0.030 1
214 1 n4 n5 0 0.860 0
214 2 n4 n3 134 0.860 1
214 3 n3 n5 154 0.750 0
214 4 n3 n1 200 0.750 0
214 5 n3 n3 240 0.750 1
214 6 n5 n3 173 0.700 0
214 7 n5 n1 148 0.700 0
214 8 n5 n5 192 0.700 1
214 9 n1 n5 150 0.090 0
214 10 n1 n3 229 0.090 0
214 11 n1 n1 242 0.090 1
215 1 n4 n5 0 0.920 0
215 2 n4 n3 135 0.920 1
215 3 n3 n5 154 0.820 0
215 4 n3 n1 200 0.820 0
215 5 n3 n3 239 0.820 1
215 6 n5 n3 174 0.760 0
215 7 n5 n1 148 0.760 0
215 8 n5 n5 194 0.760 1
215 9 n1 n5 169 0.160 0
215 10 n1 n3 228 0.160 0
215 11 n1 n1 242 0.160 1
216 1 n4 n5 0 0.990 0
216 2 n4 n3 134 0.990 1
216 3 n3 n5 155 0.890 0
216 4 n3 n1 199 0.890 0
216 5 n3 n3 238 0.890 1
216 6 n5 n3 174 0.830 0
216 7 n5 n1 0 0.830 0
216 8 n5 n5 195 0.830 1
216 9 n1 n5 172 0.230 0
216 10 n1 n3 226 0.230 0
216 11 n1 n1 239 0.230 1
217 1 n4 n5 0 1.060 0
217 2 n4 n3 134 1.060 1
217 3 n3 n5 155 0.040 0
217 4 n3 n1 198 0.040 0
217 5 n3 n3 234 0.040 1
217 6 n5 n3 175 0.900 0
217 7 n5 n1 0 0.900 0
217 8 n5 n5 198 0.900 1
217 9 n1 n5 174 0.300 0
217 10 n1 n3 225 0.300 0
217 11 n1 n1 237 0.300 1
218 1 n4 n5 0 0.080 0
218 2 n4 n3 135 0.080 1
218 3 n3 n5 155 0.100 0
218 4 n3 n1 193 0.100 0
218 5 n3 n3 233 0.100 1
218 6 n5 n3 174 0.040 0
218 7 n5 n1 0 0.040 0
218 8 n5 n5 204 0.040 1
218 9 n1 n5 178 0.360 0
218 10 n1 n3 222 0.360 0
218 11 n1 n1 234 0.360 1
219 1 n4 n5 0 0.140 0
219 2 n4 n3 135 0.140 1
219 3 n3 n5 0 0.040 0
219 4 n3 n1 187 0.040 0
219 5 n3 n3 231 0.040 1
219 6 n5 n3 174 0.090 0
219 7 n5 n1 0 0.090 0
219 8 n5 n5 207 0.090 1
219 9 n1 n5 178 1.460 0
219 10 n1 n3 222 1.460 0
219 11 n1 n1 234 1.460 1
220 1 n4 n5 0 0.210 0
220 2 n4 n3 135 0.210 1
220 3 n3 n5 0 0.110 0
220 4 n3 n1 187 0.110 0
220 5 n3 n3 230 0.110 1
220 6 n5 n3 172 0.160 0
220 7 n5 n1 0 0.160 0
220 8 n5 n5 207 0.160 1
220 9 n1 n5 181 0.480 0
220 10 n1 n3 221 0.480 0
220 11 n1 n1 233 0.480 1
221 1 n4 n5 0 0.270 0
221 2 n4 n3 137 0.270 1
221 3 n3 n5 0 0.160 0
221 4 n3 n1 186 0.160 0
221 5 n3 n3 230 0.160 1
221 6 n5 n3 172 0.220 0
221 7 n5 n1 0 0.220 0
221 8 n5 n5 209 0.220 1
221 9 n1 n5 184 0.530 0
221 10 n1 n3 220 0.530 0
221 11 n1 n1 230 0.530 1
222 1 n4 n5 0 1.370 0
222 2 n4 n3 137 1.370 1
222 3 n3 n5 0 0.220 0
222 4 n3 n1 186 0.220 0
222 5 n3 n3 230 0.220 1
222 6 n5 n3 171 0.280 0
222 7 n5 n1 0 0.280 0
222 8 n5 n5 209 0.280 1
222 9 n1 n5 187 0.600 0
222 10 n1 n3 220 0.600 0
222 11 n1 n1 229 0.600 1
223 1 n4 n5 0 0.380 0
223 2 n4 n3 137 0.380 1
223 3 n3 n5 0 0.280 0
223 4 n3 n1 185 0.280 0
223 5 n3 n3 230 0.280 1
223 6 n5 n3 171 0.340 0
223 7 n5 n1 0 0.340 0
223 8 n5 n5 209 0.340 1
223 9 n1 n5 189 0.660 0
223 10 n1 n3 220 0.660 0
223 11 n1 n1 229 0.660 1
224 1 n4 n5 0 0.430 0
224 2 n4 n3 136 0.430 1
224 3 n3 n5 0 0.330 0
224 4 n3 n1 187 0.330 0
224 5 n3 n3 230 0.330 1
224 6 n5 n3 0 0.390 0
224 7 n5 n1 0 0.390 0
224 8 n5 n5 210 0.390 1
224 9 n1 n5 190 0.710 0
224 10 n1 n3 220 0.710 0
224 11 n1 n1 230 0.710 1
225 1 n4 n5 0 0.500 0
225 2 n4 n3 134 0.500 1
225 3 n3 n5 0 0.400 0
225 4 n3 n1 190 0.400 0
225 5 n3 n3 230 0.400 1
225 6 n5 n3 0 0.460 0
225 7 n5 n1 0 0.460 0
225 8 n5 n5 212 0.460 1
225 9 n1 n5 192 0.770 0
225 10 n1 n3 220 0.770 0
225 11 n1 n1 230 0.770 1
226 1 n4 n5 0 0.570 0
226 2 n4 n3 133 0.570 1
226 3 n3 n5 0 0.460 0
226 4 n3 n1 192 0.460 0
226 5 n3 n3 230 0.460 1
226 6 n5 n3 0 0.520 0
226 7 n5 n1 0 0.520 0
226 8 n5 n5 213 0.520 1
226 9 n1 n5 196 0.830 0
226 10 n1 n3 220 0.830 0
226 11 n1 n1 231 0.830 1
227 1 n4 n5 0 1.700 0
227 2 n4 n3 133 1.700 1
227 3 n3 n5 0 0.550 0
227 4 n3 n1 192 0.550 0
227 5 n3 n3 230 0.550 1
227 6 n5 n3 0 0.600 0
227 7 n5 n1 0 0.600 0
227 8 n5 n5 215 0.600 1
227 9 n1 n5 202 0.000 0
227 10 n1 n3 220 0.000 0
227 11 n1 n1 235 0.000 1
228 1 n4 n5 0 0.720 0
228 2 n4 n3 133 0.720 1
228 3 n3 n5 0 0.620 0
228 4 n3 n1 192 0.620 0
228 5 n3 n3 230 0.620 1
228 6 n5 n3 0 0.680 0
228 7 n5 n1 0 0.680 0
228 8 n5 n5 217 0.680 1
228 9 n1 n5 204 0.070 0
228 10 n1 n3 220 0.070 0
228 11 n1 n1 235 0.070 1
229 1 n4 n5 0 0.780 0
229 2 n4 n3 133 0.780 1
229 3 n3 n5 0 0.680 0
229 4 n3 n1 193 0.680 0
229 5 n3 n3 230 0.680 1
229 6 n5 n3 0 0.740 0
229 7 n5 n1 0 0.740 0
229 8 n5 n5 217 0.740 1
229 9 n1 n5 204 0.020 0
229 10 n1 n3 220 0.020 0
229 11 n1 n1 237 0.020 1
230 1 n4 n5 0 0.850 0
230 2 n4 n3 131 0.850 1
230 3 n3 n5 0 0.740 0
230 4 n3 n1 192 0.740 0
230 5 n3 n3 230 0.740 1
230 6 n5 n3 0 0.790 0
230 7 n5 n1 0 0.790 0
230 8 n5 n5 217 0.790 1
230 9 n1 n5 204 0.080 0
230 10 n1 n3 220 0.080 0
230 11 n1 n1 238 0.080 1
231 1 n4 n5 0 1.950 0
231 2 n4 n3 131 1.950 1
231 3 n3 n5 0 0.800 0
231 4 n3 n1 192 0.800 0
231 5 n3 n3 229 0.800 1
231 6 n5 n3 0 0.860 0
231 7 n5 n1 0 0.860 0
231 8 n5 n5 217 0.860 1
231 9 n1 n5 206 0.140 0
231 10 n1 n3 220 0.140 0
231 11 n1 n1 239 0.140 1
232 1 n4 n5 0 3.050 0
232 2 n4 n3 131 3.050 1
232 3 n3 n5 0 0.860 0
232 4 n3 n1 191 0.860 0
232 5 n3 n3 229 0.860 1
232 6 n5 n3 0 0.920 0
232 7 n5 n1 0 0.920 0
232 8 n5 n5 219 0.920 1
232 9 n1 n5 209 0.200 0
232 10 n1 n3 220 0.200 0
232 11 n1 n1 240 0.200 1
233 1 n4 n5 0 1.020 0
233 2 n4 n3 132 1.020 1
233 3 n3 n5 0 0.920 0
233 4 n3 n1 190 0.920 0
233 5 n3 n3 229 0.920 1
233 6 n5 n3 0 0.980 0
233 7 n5 n1 0 0.980 0
233 8 n5 n5 221 0.980 1
233 9 n1 n5 213 0.260 0
233 10 n1 n3 220 0.260 0
233 11 n1 n1 241 0.260 1
234 1 n4 n5 0 1.080 0
234 2 n4 n3 133 1.080 1
234 3 n3 n5 0 0.060 0
234 4 n3 n1 190 0.060 0
234 5 n3 n3 229 0.060 1
234 6 n5 n3 0 2.080 0
234 7 n5 n1 0 2.080 0
234 8 n5 n5 221 2.080 1
234 9 n1 n5 217 0.310 0
234 10 n1 n3 220 0.310 0
234 11 n1 n1 242 0.310 1
235 1 n4 n5 0 0.100 0
235 2 n4 n3 133 0.100 1
235 3 n3 n5 0 0.000 0
235 4 n3 n1 192 0.000 0
235 5 n3 n3 230 0.000 1
235 6 n5 n3 0 0.050 0
235 7 n5 n1 0 0.050 0
235 8 n5 n5 226 0.050 1
235 9 n1 n5 218 0.380 0
235 10 n1 n3 220 0.380 0
235 11 n1 n1 243 0.380 1
236 1 n4 n5 0 0.160 0
236 2 n4 n3 134 0.160 1
236 3 n3 n5 0 0.060 0
236 4 n3 n1 190 0.060 0
236 5 n3 n3 230 0.060 1
236 6 n5 n3 0 0.120 0
236 7 n5 n1 0 0.120 0
236 8 n5 n5 232 0.120 1
236 9 n1 n5 223 0.420 0
236 10 n1 n3 220 0.420 0
236 11 n1 n1 244 0.420 1
237 1 n4 n5 0 1.260 0
237 2 n4 n3 134 1.260 1
237 3 n3 n5 0 0.240 0
237 4 n3 n1 190 0.240 0
237 5 n3 n3 230 0.240 1
237 6 n5 n3 0 0.170 0
237 7 n5 n1 0 0.170 0
237 8 n5 n5 237 0.170 1
237 9 n1 n5 229 0.490 0
237 10 n1 n3 220 0.490 0
237 11 n1 n1 245 0.490 1
238 1 n4 n5 0 2.400 0
238 2 n4 n3 134 2.400 1
238 3 n3 n5 0 0.220 0
238 4 n3 n1 187 0.220 0
238 5 n3 n3 229 0.220 1
238 6 n5 n3 0 0.270 0
238 7 n5 n1 0 0.270 0
238 8 n5 n5 241 0.270 1
238 9 n1 n5 234 0.590 0
238 10 n1 n3 220 0.590 0
238 11 n1 n1 246 0.590 1
239 1 n4 n5 0 3.500 0
239 2 n4 n3 134 3.500 1
239 3 n3 n5 0 0.280 0
239 4 n3 n1 187 0.280 0
239 5 n3 n3 229 0.280 1
239 6 n5 n3 0 0.340 0
239 7 n5 n1 0 0.340 0
239 8 n5 n5 245 0.340 1
239 9 n1 n5 236 0.660 0
239 10 n1 n3 220 0.660 0
239 11 n1 n1 246 0.660 1
240 1 n4 n5 0 4.600 0
240 2 n4 n3 134 4.600 1
240 3 n3 n5 0 0.460 0
240 4 n3 n1 187 0.460 0
240 5 n3 n3 229 0.460 1
240 6 n5 n3 0 0.400 0
240 7 n5 n1 0 0.400 0
240 8 n5 n5 245 0.400 1
240 9 n1 n5 236 0.720 0
240 10 n1 n3 220 0.720 0
240 11 n1 n1 246 0.720 1
241 1 n4 n5 0 0.500 0
241 2 n4 n3 138 0.500 1
241 3 n3 n5 0 0.400 0
241 4 n3 n1 192 0.400 0
241 5 n3 n3 228 0.400 1
241 6 n5 n3 0 0.450 0
241 7 n5 n1 0 0.450 0
241 8 n5 n5 245 0.450 1
241 9 n1 n5 234 0.780 0
241 10 n1 n3 220 0.780 0
241 11 n1 n1 247 0.780 1
242 1 n4 n5 0 0.560 0
242 2 n4 n3 139 0.560 1
242 3 n3 n5 0 0.460 0
242 4 n3 n1 198 0.460 0
242 5 n3 n3 227 0.460 1
242 6 n5 n3 0 0.520 0
242 7 n5 n1 0 0.520 0
242 8 n5 n5 245 0.520 1
242 9 n1 n5 234 0.830 0
242 10 n1 n3 219 0.830 0
242 11 n1 n1 247 0.830 1
243 1 n4 n5 0 0.640 0
243 2 n4 n3 142 0.640 1
243 3 n3 n5 0 0.540 0
243 4 n3 n1 198 0.540 0
243 5 n3 n3 227 0.540 1
243 6 n5 n3 0 0.600 0
243 7 n5 n1 0 0.600 0
243 8 n5 n5 245 0.600 1
243 9 n1 n5 234 0.920 0
243 10 n1 n3 218 0.920 0
243 11 n1 n1 248 0.920 1
244 1 n4 n5 0 1.740 0
244 2 n4 n3 142 1.740 1
244 3 n3 n5 0 0.600 0
244 4 n3 n1 200 0.600 0
244 5 n3 n3 226 0.600 1
244 6 n5 n3 0 0.660 0
244 7 n5 n1 0 0.660 0
244 8 n5 n5 244 0.660 1
244 9 n1 n5 236 0.980 0
244 10 n1 n3 217 0.980 0
244 11 n1 n1 252 0.980 1
245 1 n4 n5 0 0.760 0
245 2 n4 n3 144 0.760 1
245 3 n3 n5 0 0.660 0
245 4 n3 n1 200 0.660 0
245 5 n3 n3 226 0.660 1
245 6 n5 n3 0 0.600 0
245 7 n5 n1 201 0.600 0
245 8 n5 n5 244 0.600 1
245 9 n1 n5 234 0.110 0
245 10 n1 n3 217 0.110 0
245 11 n1 n1 255 0.110 1
246 1 n4 n5 0 1.860 0
246 2 n4 n3 144 1.860 1
246 3 n3 n5 0 0.720 0
246 4 n3 n1 201 0.720 0
246 5 n3 n3 226 0.720 1
246 6 n5 n3 0 0.660 0
246 7 n5 n1 203 0.660 0
246 8 n5 n5 243 0.660 1
246 9 n1 n5 232 0.060 0
246 10 n1 n3 217 0.060 0
246 11 n1 n1 255 0.060 1
247 1 n4 n5 0 2.970 0
247 2 n4 n3 144 2.970 1
247 3 n3 n5 0 0.790 0
247 4 n3 n1 202 0.790 0
247 5 n3 n3 226 0.790 1
247 6 n5 n3 0 0.730 0
247 7 n5 n1 203 0.730 0
247 8 n5 n5 242 0.730 1
247 9 n1 n5 232 0.130 0
247 10 n1 n3 215 0.130 0
247 11 n1 n1 255 0.130 1
248 1 n4 n5 0 0.960 0
248 2 n4 n3 148 0.960 1
248 3 n3 n5 0 0.860 0
248 4 n3 n1 204 0.860 0
248 5 n3 n3 226 0.860 1
248 6 n5 n3 0 0.800 0
248 7 n5 n1 206 0.800 0
248 8 n5 n5 242 0.800 1
248 9 n1 n5 232 0.190 0
248 10 n1 n3 213 0.190 0
248 11 n1 n1 255 0.190 1
249 1 n4 n5 0 1.020 0
249 2 n4 n3 149 1.020 1
249 3 n3 n5 187 0.830 0
249 4 n3 n1 205 0.830 0
249 5 n3 n3 226 0.830 1
249 6 n5 n3 0 0.980 0
249 7 n5 n1 207 0.980 0
249 8 n5 n5 242 0.980 1
249 9 n1 n5 232 0.250 0
249 10 n1 n3 212 0.250 0
249 11 n1 n1 255 0.250 1
250 1 n4 n5 0 2.120 0
250 2 n4 n3 149 2.120 1
250 3 n3 n5 187 0.060 0
250 4 n3 n1 207 0.060 0
250 5 n3 n3 227 0.060 1
250 6 n5 n3 0 0.920 0
250 7 n5 n1 211 0.920 0
250 8 n5 n5 242 0.920 1
250 9 n1 n5 232 0.320 0
250 10 n1 n3 212 0.320 0
250 11 n1 n1 255 0.320 1
251 1 n4 n5 0 3.260 0
251 2 n4 n3 149 3.260 1
251 3 n3 n5 188 0.040 0
251 4 n3 n1 211 0.040 0
251 5 n3 n3 229 0.040 1
251 6 n5 n3 0 0.100 0
251 7 n5 n1 213 0.100 0
251 8 n5 n5 242 0.100 1
251 9 n1 n5 232 0.420 0
251 10 n1 n3 212 0.420 0
251 11 n1 n1 255 0.420 1
252 1 n4 n5 0 0.200 0
252 2 n4 n3 152 0.200 1
252 3 n3 n5 190 0.110 0
252 4 n3 n1 211 0.110 0
252 5 n3 n3 231 0.110 1
252 6 n5 n3 0 0.040 0
252 7 n5 n1 219 0.040 0
252 8 n5 n5 242 0.040 1
252 9 n1 n5 232 0.480 0
252 10 n1 n3 213 0.480 0
252 11 n1 n1 255 0.480 1
253 1 n4 n5 125 0.050 0
253 2 n4 n3 152 0.050 1
253 3 n3 n5 193 0.050 0
253 4 n3 n1 212 0.050 0
253 5 n3 n3 234 0.050 1
253 6 n5 n3 0 0.220 0
253 7 n5 n1 219 0.220 0
253 8 n5 n5 243 0.220 1
253 9 n1 n5 234 0.540 0
253 10 n1 n3 216 0.540 0
253 11 n1 n1 255 0.540 1
254 1 n4 n5 125 1.150 0
254 2 n4 n3 152 1.150 1
254 3 n3 n5 194 0.110 0
254 4 n3 n1 213 0.110 0
254 5 n3 n3 234 0.110 1
254 6 n5 n3 0 0.160 0
254 7 n5 n1 226 0.160 0
254 8 n5 n5 244 0.160 1
254 9 n1 n5 233 0.590 0
254 10 n1 n3 218 0.590 0
254 11 n1 n1 255 0.590 1
255 1 n4 n5 121 0.180 0
255 2 n4 n3 152 0.180 1
255 3 n3 n5 192 0.180 0
255 4 n3 n1 213 0.180 0
255 5 n3 n3 235 0.180 1
255 6 n5 n3 0 0.220 0
255 7 n5 n1 232 0.220 0
255 8 n5 n5 245 0.220 1
255 9 n1 n5 232 0.660 0
255 10 n1 n3 218 0.660 0
255 11 n1 n1 255 0.660 1
256 1 n4 n5 119 0.250 0
256 2 n4 n3 150 0.250 1
256 3 n3 n5 189 0.250 0
256 4 n3 n1 212 0.250 0
256 5 n3 n3 235 0.250 1
256 6 n5 n3 0 0.280 0
256 7 n5 n1 232 0.280 0
256 8 n5 n5 246 0.280 1
256 9 n1 n5 231 0.720 0
256 10 n1 n3 222 0.720 0
256 11 n1 n1 255 0.720 1
257 1 n4 n5 119 1.360 0
257 2 n4 n3 150 1.360 1
257 3 n3 n5 188 0.530 0
257 4 n3 n1 211 0.530 0
257 5 n3 n3 234 0.530 1
257 6 n5 n3 0 0.350 0
257 7 n5 n1 232 0.350 0
257 8 n5 n5 246 0.350 1
257 9 n1 n5 231 0.790 0
257 10 n1 n3 224 0.790 0
257 11 n1 n1 255 0.790 1
258 1 n4 n5 116 0.380 0
258 2 n4 n3 147 0.380 1
258 3 n3 n5 189 0.380 0
258 4 n3 n1 215 0.380 0
258 5 n3 n3 232 0.380 1
258 6 n5 n3 0 0.440 0
258 7 n5 n1 232 0.440 0
258 8 n5 n5 245 0.440 1
258 9 n1 n5 231 0.880 0
258 10 n1 n3 220 0.880 0
258 11 n1 n1 255 0.880 1
259 1 n4 n5 114 0.450 0
259 2 n4 n3 143 0.450 1
259 3 n3 n5 191 0.450 0
259 4 n3 n1 219 0.450 0
259 5 n3 n3 233 0.450 1
259 6 n5 n3 0 0.500 0
259 7 n5 n1 232 0.500 0
259 8 n5 n5 244 0.500 1
259 9 n1 n5 229 0.010 0
259 10 n1 n3 213 0.010 0
259 11 n1 n1 255 0.010 1
260 1 n4 n5 112 0.510 0
260 2 n4 n3 140 0.510 1
260 3 n3 n5 192 0.510 0
260 4 n3 n1 220 0.510 0
260 5 n3 n3 234 0.510 1
260 6 n5 n3 0 0.680 0
260 7 n5 n1 232 0.680 0
260 8 n5 n5 243 0.680 1
260 9 n1 n5 227 0.070 0
260 10 n1 n3 215 0.070 0
260 11 n1 n1 255 0.070 1
261 1 n4 n5 110 0.580 0
261 2 n4 n3 138 0.580 1
261 3 n3 n5 193 0.580 0
261 4 n3 n1 221 0.580 0
261 5 n3 n3 235 0.580 1
261 6 n5 n3 0 0.630 0
261 7 n5 n1 232 0.630 0
261 8 n5 n5 242 0.630 1
261 9 n1 n5 227 0.020 0
261 10 n1 n3 217 0.020 0
261 11 n1 n1 255 0.020 1
262 1 n4 n5 110 1.670 0
262 2 n4 n3 138 1.670 1
262 3 n3 n5 194 0.620 0
262 4 n3 n1 223 0.620 0
262 5 n3 n3 236 0.620 1
262 6 n5 n3 0 0.670 0
262 7 n5 n1 232 0.670 0
262 8 n5 n5 242 0.670 1
262 9 n1 n5 227 0.070 0
262 10 n1 n3 217 0.070 0
262 11 n1 n1 255 0.070 1
263 1 n4 n5 110 2.780 0
263 2 n4 n3 138 2.780 1
263 3 n3 n5 195 0.690 0
263 4 n3 n1 223 0.690 0
263 5 n3 n3 237 0.690 1
263 6 n5 n3 0 0.750 0
263 7 n5 n1 232 0.750 0
263 8 n5 n5 242 0.750 1
263 9 n1 n5 228 0.140 0
263 10 n1 n3 217 0.140 0
263 11 n1 n1 255 0.140 1
264 1 n4 n5 110 0.760 0
264 2 n4 n3 135 0.760 1
264 3 n3 n5 198 0.760 0
264 4 n3 n1 225 0.760 0
264 5 n3 n3 238 0.760 1
264 6 n5 n3 0 0.800 0
264 7 n5 n1 232 0.800 0
264 8 n5 n5 242 0.800 1
264 9 n1 n5 230 0.200 0
264 10 n1 n3 217 0.200 0
264 11 n1 n1 255 0.200 1
265 1 n4 n5 110 0.820 0
265 2 n4 n3 133 0.820 1
265 3 n3 n5 203 0.000 0
265 4 n3 n1 228 0.000 0
265 5 n3 n3 238 0.000 1
265 6 n5 n3 0 0.860 0
265 7 n5 n1 232 0.860 0
265 8 n5 n5 242 0.860 1
265 9 n1 n5 232 0.270 0
265 10 n1 n3 217 0.270 0
265 11 n1 n1 255 0.270 1
266 1 n4 n5 110 1.920 0
266 2 n4 n3 133 1.920 1
266 3 n3 n5 203 0.050 0
266 4 n3 n1 228 0.050 0
266 5 n3 n3 238 0.050 1
266 6 n5 n3 0 0.920 0
266 7 n5 n1 232 0.920 0
266 8 n5 n5 242 0.920 1
266 9 n1 n5 232 0.320 0
266 10 n1 n3 0 0.320 0
266 11 n1 n1 255 0.320 1
267 1 n4 n5 110 0.110 0
267 2 n4 n3 135 0.110 1
267 3 n3 n5 200 0.010 0
267 4 n3 n1 224 0.010 0
267 5 n3 n3 239 0.010 1
267 6 n5 n3 0 0.070 0
267 7 n5 n1 232 0.070 0
267 8 n5 n5 242 0.070 1
267 9 n1 n5 232 0.380 0
267 10 n1 n3 0 0.380 0
267 11 n1 n1 255 0.380 1
268 1 n4 n5 110 1.220 0
268 2 n4 n3 135 1.220 1
268 3 n3 n5 200 0.080 0
268 4 n3 n1 223 0.080 0
268 5 n3 n3 239 0.080 1
268 6 n5 n3 0 0.140 0
268 7 n5 n1 232 0.140 0
268 8 n5 n5 243 0.140 1
268 9 n1 n5 233 0.460 0
268 10 n1 n3 0 0.460 0
268 11 n1 n1 255 0.460 1
269 1 n4 n5 117 0.030 0
269 2 n4 n3 137 0.030 1
269 3 n3 n5 201 0.030 0
269 4 n3 n1 223 0.030 0
269 5 n3 n3 238 0.030 1
269 6 n5 n3 0 0.070 0
269 7 n5 n1 232 0.070 0
269 8 n5 n5 244 0.070 1
269 9 n1 n5 234 0.520 0
269 10 n1 n3 0 0.520 0
269 11 n1 n1 255 0.520 1
270 1 n4 n5 117 1.130 0
270 2 n4 n3 137 1.130 1
270 3 n3 n5 199 0.070 0
270 4 n3 n1 223 0.070 0
270 5 n3 n3 236 0.070 1
270 6 n5 n3 0 0.140 0
270 7 n5 n1 234 0.140 0
270 8 n5 n5 245 0.140 1
270 9 n1 n5 236 0.580 0
270 10 n1 n3 0 0.580 0
270 11 n1 n1 255 0.580 1
271 1 n4 n5 117 0.360 0
271 2 n4 n3 138 0.360 1
271 3 n3 n5 199 0.380 0
271 4 n3 n1 223 0.380 0
271 5 n3 n3 235 0.380 1
271 6 n5 n3 0 0.310 0
271 7 n5 n1 234 0.310 0
271 8 n5 n5 246 0.310 1
271 9 n1 n5 236 0.750 0
271 10 n1 n3 0 0.750 0
271 11 n1 n1 255 0.750 1
272 1 n4 n5 122 0.210 0
272 2 n4 n3 141 0.210 1
272 3 n3 n5 197 0.210 0
272 4 n3 n1 221 0.210 0
272 5 n3 n3 235 0.210 1
272 6 n5 n3 0 0.260 0
272 7 n5 n1 236 0.260 0
272 8 n5 n5 246 0.260 1
272 9 n1 n5 236 0.690 0
272 10 n1 n3 0 0.690 0
272 11 n1 n1 255 0.690 1
273 1 n4 n5 117 0.250 0
273 2 n4 n3 143 0.250 1
273 3 n3 n5 199 0.250 0
273 4 n3 n1 221 0.250 0
273 5 n3 n3 235 0.250 1
273 6 n5 n3 0 0.310 0
273 7 n5 n1 236 0.310 0
273 8 n5 n5 246 0.310 1
273 9 n1 n5 236 0.750 0
273 10 n1 n3 0 0.750 0
273 11 n1 n1 255 0.750 1
274 1 n4 n5 117 0.550 0
274 2 n4 n3 142 0.550 1
274 3 n3 n5 200 0.340 0
274 4 n3 n1 221 0.340 0
274 5 n3 n3 235 0.340 1
274 6 n5 n3 0 0.390 0
274 7 n5 n1 234 0.390 0
274 8 n5 n5 246 0.390 1
274 9 n1 n5 236 0.940 0
274 10 n1 n3 0 0.940 0
274 11 n1 n1 255 0.940 1
275 1 n4 n5 121 0.390 0
275 2 n4 n3 143 0.390 1
275 3 n3 n5 202 0.630 0
275 4 n3 n1 223 0.630 0
275 5 n3 n3 237 0.630 1
275 6 n5 n3 0 0.560 0
275 7 n5 n1 234 0.560 0
275 8 n5 n5 247 0.560 1
275 9 n1 n5 238 0.890 0
275 10 n1 n3 0 0.890 0
275 11 n1 n1 255 0.890 1
276 1 n4 n5 121 1.490 0
276 2 n4 n3 143 1.490 1
276 3 n3 n5 204 0.460 0
276 4 n3 n1 225 0.460 0
276 5 n3 n3 238 0.460 1
276 6 n5 n3 0 0.510 0
276 7 n5 n1 233 0.510 0
276 8 n5 n5 247 0.510 1
276 9 n1 n5 240 0.020 0
276 10 n1 n3 0 0.020 0
276 11 n1 n1 255 0.020 1
277 1 n4 n5 128 0.500 0
277 2 n4 n3 144 0.500 1
277 3 n3 n5 204 0.750 0
277 4 n3 n1 225 0.750 0
277 5 n3 n3 239 0.750 1
277 6 n5 n3 0 0.570 0
277 7 n5 n1 232 0.570 0
277 8 n5 n5 247 0.570 1
277 9 n1 n5 238 0.080 0
277 10 n1 n3 0 0.080 0
277 11 n1 n1 255 0.080 1
278 1 n4 n5 128 0.580 0
278 2 n4 n3 146 0.580 1
278 3 n3 n5 207 0.580 0
278 4 n3 n1 229 0.580 0
278 5 n3 n3 239 0.580 1
278 6 n5 n3 0 0.640 0
278 7 n5 n1 232 0.640 0
278 8 n5 n5 247 0.640 1
278 9 n1 n5 236 0.140 0
278 10 n1 n3 0 0.140 0
278 11 n1 n1 255 0.140 1
279 1 n4 n5 128 0.660 0
279 2 n4 n3 148 0.660 1
279 3 n3 n5 207 0.660 0
279 4 n3 n1 229 0.660 0
279 5 n3 n3 240 0.660 1
279 6 n5 n3 0 0.690 0
279 7 n5 n1 232 0.690 0
279 8 n5 n5 247 0.690 1
279 9 n1 n5 233 0.090 0
279 10 n1 n3 0 0.090 0
279 11 n1 n1 255 0.090 1
280 1 n4 n5 129 0.720 0
280 2 n4 n3 151 0.720 1
280 3 n3 n5 206 0.720 0
280 4 n3 n1 229 0.720 0
280 5 n3 n3 241 0.720 1
280 6 n5 n3 0 0.750 0
280 7 n5 n1 233 0.750 0
280 8 n5 n5 246 0.750 1
280 9 n1 n5 231 0.150 0
280 10 n1 n3 0 0.150 0
280 11 n1 n1 255 0.150 1
281 1 n4 n5 129 1.820 0
281 2 n4 n3 151 1.820 1
281 3 n3 n5 205 0.760 0
281 4 n3 n1 229 0.760 0
281 5 n3 n3 242 0.760 1
281 6 n5 n3 0 0.820 0
281 7 n5 n1 234 0.820 0
281 8 n5 n5 246 0.820 1
281 9 n1 n5 231 0.200 0
281 10 n1 n3 0 0.200 0
281 11 n1 n1 255 0.200 1
282 1 n4 n5 129 2.920 0
282 2 n4 n3 151 2.920 1
282 3 n3 n5 203 0.010 0
282 4 n3 n1 231 0.010 0
282 5 n3 n3 243 0.010 1
282 6 n5 n3 0 0.870 0
282 7 n5 n1 236 0.870 0
282 8 n5 n5 245 0.870 1
282 9 n1 n5 229 0.270 0
282 10 n1 n3 0 0.270 0
282 11 n1 n1 255 0.270 1
283 1 n4 n5 129 0.050 0
283 2 n4 n3 159 0.050 1
283 3 n3 n5 203 0.070 0
283 4 n3 n1 231 0.070 0
283 5 n3 n3 243 0.070 1
283 6 n5 n3 0 0.010 0
283 7 n5 n1 236 0.010 0
283 8 n5 n5 242 0.010 1
283 9 n1 n5 228 0.330 0
283 10 n1 n3 0 0.330 0
283 11 n1 n1 255 0.330 1
284 1 n4 n5 134 0.940 0
284 2 n4 n3 159 0.940 1
284 3 n3 n5 199 0.130 0
284 4 n3 n1 231 0.130 0
284 5 n3 n3 243 0.130 1
284 6 n5 n3 0 0.070 0
284 7 n5 n1 236 0.070 0
284 8 n5 n5 240 0.070 1
284 9 n1 n5 225 0.390 0
284 10 n1 n3 0 0.390 0
284 11 n1 n1 254 0.390 1
285 1 n4 n5 134 0.170 0
285 2 n4 n3 164 0.170 1
285 3 n3 n5 197 0.190 0
285 4 n3 n1 231 0.190 0
285 5 n3 n3 242 0.190 1
285 6 n5 n3 0 0.130 0
285 7 n5 n1 233 0.130 0
285 8 n5 n5 239 0.130 1
285 9 n1 n5 224 0.450 0
285 10 n1 n3 0 0.450 0
285 11 n1 n1 253 0.450 1
286 1 n4 n5 138 0.230 0
286 2 n4 n3 170 0.230 1
286 3 n3 n5 197 0.130 0
286 4 n3 n1 240 0.130 0
286 5 n3 n3 241 0.130 1
286 6 n5 n3 0 0.070 0
286 7 n5 n1 231 0.070 0
286 8 n5 n5 238 0.070 1
286 9 n1 n5 223 0.620 0
286 10 n1 n3 0 0.620 0
286 11 n1 n1 252 0.620 1
287 1 n4 n5 138 1.330 0
287 2 n4 n3 170 1.330 1
287 3 n3 n5 213 0.080 0
287 4 n3 n1 240 0.080 0
287 5 n3 n3 240 0.080 1
287 6 n5 n3 0 0.120 0
287 7 n5 n1 231 0.120 0
287 8 n5 n5 237 0.120 1
287 9 n1 n5 223 0.570 0
287 10 n1 n3 0 0.570 0
287 11 n1 n1 251 0.570 1
288 1 n4 n5 151 0.160 0
288 2 n4 n3 175 0.160 1
288 3 n3 n5 213 0.250 0
288 4 n3 n1 240 0.250 1
288 5 n3 n3 239 0.250 0
288 6 n5 n3 0 0.190 0
288 7 n5 n1 231 0.190 0
288 8 n5 n5 239 0.190 1
288 9 n1 n5 224 0.630 0
288 10 n1 n3 0 0.630 0
288 11 n1 n1 250 0.630 1
289 1 n4 n5 167 0.250 0
289 2 n4 n3 179 0.250 1
289 3 n3 n5 213 0.340 0
289 4 n3 n1 241 0.340 1
289 5 n3 n3 239 0.340 0
289 6 n5 n3 0 0.280 0
289 7 n5 n1 232 0.280 0
289 8 n5 n5 241 0.280 1
289 9 n1 n5 226 0.720 0
289 10 n1 n3 0 0.720 0
289 11 n1 n1 250 0.720 1
290 1 n4 n5 167 1.340 0
290 2 n4 n3 179 1.340 1
290 3 n3 n5 213 0.510 0
290 4 n3 n1 242 0.510 1
290 5 n3 n3 239 0.510 0
290 6 n5 n3 0 0.330 0
290 7 n5 n1 234 0.330 0
290 8 n5 n5 243 0.330 1
290 9 n1 n5 229 0.770 0
290 10 n1 n3 0 0.770 0
290 11 n1 n1 251 0.770 1
291 1 n4 n5 167 2.440 0
291 2 n4 n3 179 2.440 1
291 3 n3 n5 213 0.450 0
291 4 n3 n1 245 0.450 1
291 5 n3 n3 239 0.450 0
291 6 n5 n3 0 0.390 0
291 7 n5 n1 236 0.390 0
291 8 n5 n5 244 0.390 1
291 9 n1 n5 231 0.830 0
291 10 n1 n3 0 0.830 0
291 11 n1 n1 252 0.830 1
292 1 n4 n1 196 0.530 1
292 2 n4 n5 167 0.530 0
292 3 n4 n3 183 0.530 0
292 4 n3 n5 0 0.510 0
292 5 n3 n1 245 0.510 1
292 6 n3 n3 239 0.510 0
292 7 n5 n3 0 0.450 0
292 8 n5 n1 236 0.450 0
292 9 n5 n5 244 0.450 1
292 10 n1 n5 229 0.890 0
292 11 n1 n3 0 0.890 0
292 12 n1 n1 253 0.890 1
293 1 n4 n1 198 0.580 1
293 2 n4 n5 167 0.580 0
293 3 n4 n3 187 0.580 0
293 4 n3 n5 0 0.570 0
293 5 n3 n1 245 0.570 1
293 6 n3 n3 239 0.570 0
293 7 n5 n3 0 0.510 0
293 8 n5 n1 236 0.510 0
293 9 n5 n5 243 0.510 1
293 10 n1 n5 226 0.020 0
293 11 n1 n3 0 0.020 0
293 12 n1 n1 255 0.020 1
294 1 n4 n1 199 0.640 1
294 2 n4 n5 170 0.640 0
294 3 n4 n3 190 0.640 0
294 4 n3 n5 0 0.630 0
294 5 n3 n1 245 0.630 1
294 6 n3 n3 239 0.630 0
294 7 n5 n3 0 0.550 0
294 8 n5 n1 236 0.550 0
294 9 n5 n5 242 0.550 1
294 10 n1 n5 226 0.080 0
294 11 n1 n3 0 0.080 0
294 12 n1 n1 255 0.080 1
295 1 n4 n1 199 1.740 1
295 2 n4 n5 170 1.740 0
295 3 n4 n3 190 1.740 0
295 4 n3 n5 0 0.690 0
295 5 n3 n1 245 0.690 1
295 6 n3 n3 238 0.690 0
295 7 n5 n3 0 0.630 0
295 8 n5 n1 236 0.630 0
295 9 n5 n5 241 0.630 1
295 10 n1 n5 226 0.140 0
295 11 n1 n3 0 0.140 0
295 12 n1 n1 255 0.140 1
296 1 n4 n1 203 0.760 1
296 2 n4 n5 170 0.760 0
296 3 n4 n3 194 0.760 0
296 4 n3 n5 0 0.760 0
296 5 n3 n1 245 0.760 1
296 6 n3 n3 237 0.760 0
296 7 n5 n3 0 0.680 0
296 8 n5 n1 236 0.680 0
296 9 n5 n5 241 0.680 1
296 10 n1 n5 227 0.080 0
296 11 n1 n3 0 0.080 0
296 12 n1 n1 255 0.080 1
297 1 n4 n1 203 1.850 1
297 2 n4 n5 170 1.850 0
297 3 n4 n3 194 1.850 0
297 4 n3 n5 0 0.920 0
297 5 n3 n1 245 0.920 1
297 6 n3 n3 236 0.920 0
297 7 n5 n3 0 0.740 0
297 8 n5 n1 236 0.740 0
297 9 n5 n5 241 0.740 1
297 10 n1 n5 225 0.150 0
297 11 n1 n3 0 0.150 0
297 12 n1 n1 255 0.150 1
298 1 n4 n1 207 0.920 1
298 2 n4 n5 0 0.920 0
298 3 n4 n3 198 0.920 0
298 4 n3 n5 0 0.910 0
298 5 n3 n1 245 0.910 1
298 6 n3 n3 235 0.910 0
298 7 n5 n3 0 0.850 0
298 8 n5 n1 236 0.850 0
298 9 n5 n5 239 0.850 1
298 10 n1 n5 223 0.250 0
298 11 n1 n3 0 0.250 0
298 12 n1 n1 255 0.250 1
299 1 n4 n1 210 1.020 1
299 2 n4 n5 0 1.020 0
299 3 n4 n3 200 1.020 0
299 4 n3 n5 0 0.090 0
299 5 n3 n1 245 0.090 1
299 6 n3 n3 235 0.090 0
299 7 n5 n3 0 0.020 0
299 8 n5 n1 236 0.020 0
299 9 n5 n5 235 0.020 1
299 10 n1 n5 220 0.350 0
299 11 n1 n3 0 0.350 0
299 12 n1 n1 255 0.350 1
300 1 n4 n1 206 0.070 1
300 2 n4 n5 0 0.070 0
300 3 n4 n3 199 0.070 0
300 4 n3 n5 0 0.180 0
300 5 n3 n1 245 0.180 1
300 6 n3 n3 235 0.180 0
300 7 n5 n3 0 0.110 0
300 8 n5 n1 236 0.110 1
300 9 n5 n5 233 0.110 0
300 10 n1 n5 219 0.440 0
300 11 n1 n3 0 0.440 0
300 12 n1 n1 255 0.440 1
