1 1 n3 n3 190 1.640 1
1 2 n5 n3 157 0.310 1
1 3 n2 n3 172 0.610 1
1 4 n1 n3 157 0.860 1
2 1 n3 n3 191 0.670 1
2 2 n5 n3 157 1.420 1
2 3 n2 n3 173 0.680 1
2 4 n1 n3 159 0.930 1
3 1 n3 n3 191 1.730 1
3 2 n5 n3 159 0.400 1
3 3 n2 n3 173 1.740 1
3 4 n1 n3 159 1.990 1
4 1 n3 n3 191 2.800 1
4 2 n5 n3 159 0.430 1
4 3 n2 n3 173 2.810 1
4 4 n1 n3 160 0.970 1
5 1 n3 n3 192 0.730 1
5 2 n5 n3 160 0.440 1
5 3 n2 n3 173 3.860 1
5 4 n1 n3 160 2.020 1
6 1 n3 n3 194 0.750 1
6 2 n5 n3 160 0.460 1
6 3 n2 n3 175 0.760 1
6 4 n1 n3 160 1.010 1
7 1 n3 n3 195 0.760 1
7 2 n5 n3 160 0.480 1
7 3 n2 n3 175 1.820 1
7 4 n1 n3 160 2.070 1
8 1 n3 n3 195 1.820 1
8 2 n5 n3 162 0.510 1
8 3 n2 n3 176 0.800 1
8 4 n1 n3 161 1.040 1
9 1 n3 n3 195 2.880 1
9 2 n5 n3 163 0.510 1
9 3 n2 n3 177 0.820 1
9 4 n1 n3 160 0.020 1
10 1 n3 n3 196 0.820 1
10 2 n5 n3 163 1.570 1
10 3 n2 n3 176 0.840 1
10 4 n1 n3 160 1.080 1
11 1 n3 n3 196 0.850 1
11 2 n5 n3 165 0.560 1
11 3 n2 n3 176 0.860 1
11 4 n1 n3 160 2.140 1
12 1 n3 n3 196 0.870 1
12 2 n5 n3 167 0.570 1
12 3 n2 n3 176 0.880 1
12 4 n1 n3 160 3.200 1
13 1 n3 n3 195 0.880 1
13 2 n5 n3 166 0.510 1
13 3 n2 n3 176 0.900 1
13 4 n1 n3 161 0.110 1
14 1 n3 n3 195 1.950 1
14 2 n5 n3 166 0.560 1
14 3 n2 n3 176 0.900 1
14 4 n1 n3 161 1.180 1
15 1 n3 n3 196 0.940 1
15 2 n5 n3 166 1.620 1
15 3 n2 n3 176 1.960 1
15 4 n1 n3 161 0.160 1
16 1 n3 n3 196 0.950 1
16 2 n5 n3 166 2.670 1
16 3 n2 n3 178 0.960 1
16 4 n1 n3 161 0.150 1
17 1 n3 n3 196 0.970 1
17 2 n5 n3 166 0.670 1
17 3 n2 n3 179 0.970 1
17 4 n1 n3 160 0.190 1
18 1 n3 n3 195 0.990 1
18 2 n5 n3 166 1.730 1
18 3 n2 n3 179 1.000 1
18 4 n1 n3 159 0.210 1
19 1 n3 n3 194 1.010 1
19 2 n5 n3 163 0.730 1
19 3 n2 n3 179 1.030 1
19 4 n1 n3 157 0.230 1
20 1 n3 n3 190 0.000 1
20 2 n5 n3 161 0.760 1
20 3 n2 n3 177 0.020 1
20 4 n1 n3 156 0.270 1
21 1 n3 n3 188 0.030 1
21 2 n5 n3 161 1.820 1
21 3 n2 n3 177 1.080 1
21 4 n1 n3 154 0.280 1
22 1 n3 n3 186 0.050 1
22 2 n5 n3 160 0.800 1
22 3 n2 n3 174 0.060 1
22 4 n1 n3 152 0.300 1
23 1 n3 n3 183 0.070 1
23 2 n5 n3 157 0.810 1
23 3 n2 n3 171 0.080 1
23 4 n1 n3 150 0.330 1
24 1 n3 n3 180 0.090 1
24 2 n5 n3 153 0.830 1
24 3 n2 n3 168 0.090 1
24 4 n1 n3 147 0.360 1
25 1 n3 n3 180 1.140 1
25 2 n5 n3 151 0.850 1
25 3 n2 n3 167 0.110 1
25 4 n1 n3 144 0.360 1
26 1 n3 n3 180 0.120 1
26 2 n5 n3 150 0.870 1
26 3 n2 n3 167 0.120 1
26 4 n1 n3 142 0.370 1
27 1 n3 n3 181 0.150 1
27 2 n5 n3 150 1.940 1
27 3 n2 n3 167 1.190 1
27 4 n1 n3 142 0.290 1
28 1 n3 n3 182 0.170 1
28 2 n5 n3 150 3.000 1
28 3 n2 n3 169 0.180 1
28 4 n1 n3 142 1.350 1
29 1 n3 n3 182 1.220 1
29 2 n5 n3 149 0.920 1
29 3 n2 n3 171 0.190 1
29 4 n1 n3 143 0.320 1
30 1 n3 n3 184 0.190 1
30 2 n5 n3 149 1.980 1
30 3 n2 n3 172 0.210 1
30 4 n1 n3 143 1.380 1
31 1 n3 n3 186 0.200 1
31 2 n5 n3 149 0.960 1
31 3 n2 n3 173 0.220 1
31 4 n1 n3 145 0.340 1
32 1 n3 n3 185 0.220 1
32 2 n5 n3 149 0.980 1
32 3 n2 n3 171 0.230 1
32 4 n1 n3 145 1.400 1
33 1 n3 n3 183 0.260 1
33 2 n5 n3 148 1.020 1
33 3 n2 n3 170 0.270 1
33 4 n1 n3 148 0.400 1
34 1 n3 n3 183 0.270 1
34 2 n5 n3 147 1.010 1
34 3 n2 n3 169 0.280 1
34 4 n1 n3 148 1.450 1
35 1 n3 n3 183 0.290 1
35 2 n5 n3 147 1.040 1
35 3 n2 n3 169 1.340 1
35 4 n1 n3 151 0.430 1
36 1 n3 n3 183 0.300 1
36 2 n5 n3 147 1.040 1
36 3 n2 n3 169 2.390 1
36 4 n1 n3 153 0.440 1
37 1 n3 n3 184 0.330 1
37 2 n5 n3 148 0.950 1
37 3 n2 n3 170 0.340 1
37 4 n1 n3 153 1.510 1
38 1 n3 n3 184 0.360 1
38 2 n5 n3 148 0.990 1
38 3 n2 n3 169 0.360 1
38 4 n1 n3 154 0.490 1
39 1 n3 n3 183 0.380 1
39 2 n5 n3 148 1.010 1
39 3 n2 n3 169 0.390 1
39 4 n1 n3 154 0.520 1
40 1 n3 n3 183 0.390 1
40 2 n5 n3 148 2.070 1
40 3 n2 n3 169 0.410 1
40 4 n1 n3 154 1.580 1
41 1 n3 n3 182 0.410 1
41 2 n5 n3 148 0.010 1
41 3 n2 n3 168 0.440 1
41 4 n1 n3 155 0.560 1
42 1 n3 n3 181 0.440 1
42 2 n5 n3 146 0.030 1
42 3 n2 n3 166 0.450 1
42 4 n1 n3 153 0.570 1
43 1 n3 n3 179 0.450 1
43 2 n5 n3 144 0.040 1
43 3 n2 n3 164 0.460 1
43 4 n1 n3 151 0.590 1
44 1 n3 n3 178 0.460 1
44 2 n5 n3 144 1.100 1
44 3 n2 n3 164 1.520 1
44 4 n1 n3 151 1.650 1
45 1 n3 n3 176 0.490 1
45 2 n5 n3 142 0.070 1
45 3 n2 n3 164 2.580 1
45 4 n1 n3 151 2.710 1
46 1 n3 n3 174 0.540 1
46 2 n5 n3 139 0.130 1
46 3 n2 n3 162 0.550 1
46 4 n1 n3 148 0.670 1
47 1 n3 n3 171 0.550 1
47 2 n5 n3 136 0.140 1
47 3 n2 n3 158 0.560 1
47 4 n1 n3 146 0.700 1
48 1 n3 n3 169 0.570 1
48 2 n5 n3 136 1.200 1
48 3 n2 n3 156 0.580 1
48 4 n1 n3 143 0.730 1
49 1 n3 n3 169 1.630 1
49 2 n5 n3 133 0.190 1
49 3 n2 n3 154 0.610 1
49 4 n1 n3 143 1.790 1
50 1 n3 n3 168 0.610 1
50 2 n5 n3 133 0.200 1
50 3 n2 n3 153 0.630 1
50 4 n1 n3 140 0.760 1
51 1 n3 n3 166 0.640 1
51 2 n5 n3 133 0.230 1
51 3 n2 n3 153 0.650 1
51 4 n1 n3 140 0.780 1
52 1 n3 n3 167 0.660 1
52 2 n5 n3 133 1.300 1
52 3 n2 n3 153 1.720 1
52 4 n1 n3 141 0.810 1
53 1 n3 n3 168 0.680 1
53 2 n5 n3 134 0.270 1
53 3 n2 n3 153 2.770 1
53 4 n1 n3 142 0.810 1
54 1 n3 n3 170 0.700 1
54 2 n5 n3 135 0.290 1
54 3 n2 n3 153 3.830 1
54 4 n1 n3 144 0.820 1
55 1 n3 n3 170 1.760 1
55 2 n5 n3 135 1.350 1
55 3 n2 n3 153 4.890 1
55 4 n1 n3 144 1.880 1
56 1 n3 n3 171 0.750 1
56 2 n5 n3 138 0.460 1
56 3 n2 n3 153 0.760 1
56 4 n1 n3 144 2.950 1
57 1 n3 n3 172 0.770 1
57 2 n5 n3 137 0.480 1
57 3 n2 n3 154 0.770 1
57 4 n1 n3 147 1.030 1
58 1 n3 n3 172 0.790 1
58 2 n5 n3 138 0.490 1
58 3 n2 n3 156 0.810 1
58 4 n1 n3 147 2.090 1
59 1 n3 n3 173 0.800 1
59 2 n5 n3 139 0.390 1
59 3 n2 n3 158 0.800 1
59 4 n1 n3 147 3.140 1
60 1 n3 n3 173 0.830 1
60 2 n5 n3 139 1.460 1
60 3 n2 n3 160 0.840 1
60 4 n1 n3 149 0.970 1
61 1 n3 n3 173 1.880 1
61 2 n5 n3 139 0.420 1
61 3 n2 n3 161 0.850 1
61 4 n1 n3 149 0.980 1
62 1 n3 n3 173 2.950 1
62 2 n5 n3 139 1.490 1
62 3 n2 n3 161 0.880 1
62 4 n1 n3 150 0.090 1
63 1 n3 n3 175 0.880 1
63 2 n5 n3 140 0.580 1
63 3 n2 n3 162 0.890 1
63 4 n1 n3 153 0.090 1
64 1 n3 n3 176 0.910 1
64 2 n5 n3 143 0.620 1
64 3 n2 n3 163 0.920 1
64 4 n1 n3 155 0.130 1
65 1 n3 n3 176 1.960 1
65 2 n5 n3 145 0.620 1
65 3 n2 n3 163 1.970 1
65 4 n1 n3 157 0.140 1
66 1 n3 n3 178 0.940 1
66 2 n5 n3 146 0.640 1
66 3 n2 n3 163 3.030 1
66 4 n1 n3 159 0.040 1
67 1 n3 n3 179 0.970 1
67 2 n5 n3 148 0.680 1
67 3 n2 n3 164 0.980 1
67 4 n1 n3 159 0.040 1
68 1 n3 n3 179 0.970 1
68 2 n5 n3 147 0.680 1
68 3 n2 n3 164 0.980 1
68 4 n1 n3 159 0.080 1
69 1 n3 n3 179 2.030 1
69 2 n5 n3 145 0.590 1
69 3 n2 n3 165 1.000 1
69 4 n1 n3 159 1.140 1
70 1 n3 n3 178 1.030 1
70 2 n5 n3 143 0.630 1
70 3 n2 n3 165 2.070 1
70 4 n1 n3 156 0.240 1
71 1 n3 n3 174 0.010 1
71 2 n5 n3 143 1.690 1
71 3 n2 n3 162 0.020 1
71 4 n1 n3 154 0.270 1
72 1 n3 n3 172 0.030 1
72 2 n5 n3 141 0.660 1
72 3 n2 n3 162 1.080 1
72 4 n1 n3 152 0.160 1
73 1 n3 n3 172 0.050 1
73 2 n5 n5 0 0.680 0
73 3 n5 n3 141 0.680 1
73 4 n2 n3 160 0.050 1
73 5 n1 n3 152 0.190 1
74 1 n3 n3 170 0.080 1
74 2 n5 n5 0 1.750 0
74 3 n5 n3 141 1.750 1
74 4 n2 n3 160 1.120 1
74 5 n1 n3 152 0.180 1
75 1 n3 n3 172 0.100 1
75 2 n5 n5 0 0.730 0
75 3 n5 n3 141 0.730 1
75 4 n2 n3 161 0.130 1
75 5 n1 n3 153 0.230 1
76 1 n3 n3 171 0.140 1
76 2 n5 n5 0 1.810 0
76 3 n5 n3 141 1.810 1
76 4 n2 n3 161 1.210 1
76 5 n1 n3 153 0.290 1
77 1 n3 n3 169 0.180 1
77 2 n5 n5 0 0.120 0
77 3 n5 n3 139 0.120 1
77 4 n2 n3 157 0.200 1
77 5 n1 n3 152 0.320 1
78 1 n3 n3 168 0.200 1
78 2 n5 n5 0 1.180 0
78 3 n5 n3 139 1.180 1
78 4 n2 n3 155 0.210 1
78 5 n1 n3 149 0.350 1
79 1 n3 n3 166 0.230 1
79 2 n5 n5 0 2.240 0
79 3 n5 n3 139 2.240 1
79 4 n2 n3 152 0.230 1
79 5 n1 n3 149 1.410 1
80 1 n3 n3 165 0.270 1
80 2 n5 n5 0 3.320 0
80 3 n5 n3 139 3.320 1
80 4 n2 n3 151 0.270 1
80 5 n1 n3 149 2.490 1
81 1 n3 n3 166 0.270 1
81 2 n5 n5 0 0.210 0
81 3 n5 n3 139 0.210 1
81 4 n2 n3 151 0.280 1
81 5 n1 n3 149 0.530 1
82 1 n3 n3 168 0.210 1
82 2 n5 n5 0 0.040 0
82 3 n5 n3 138 0.040 1
82 4 n2 n3 150 0.330 1
82 5 n1 n3 148 0.580 1
83 1 n3 n3 169 0.250 1
83 2 n5 n5 0 0.090 0
83 3 n5 n3 136 0.090 1
83 4 n2 n3 150 1.410 1
83 5 n1 n3 148 1.660 1
84 1 n3 n5 10 0.270 0
84 2 n3 n3 170 0.270 1
84 3 n5 n5 11 0.090 0
84 4 n5 n3 135 0.090 1
84 5 n2 n3 150 0.390 1
84 6 n1 n3 145 0.640 1
85 1 n3 n5 10 1.340 0
85 2 n3 n3 170 1.340 1
85 3 n5 n5 11 1.160 0
85 4 n5 n3 135 1.160 1
85 5 n2 n5 10 0.420 0
85 6 n2 n3 151 0.420 1
85 7 n1 n3 143 0.560 1
86 1 n3 n5 15 0.330 0
86 2 n3 n3 170 0.330 1
86 3 n5 n5 16 0.150 0
86 4 n5 n3 134 0.150 1
86 5 n2 n5 10 0.450 0
86 6 n2 n3 150 0.450 1
86 7 n1 n5 9 0.690 0
86 8 n1 n3 144 0.690 1
87 1 n3 n5 16 0.390 0
87 2 n3 n3 170 0.390 1
87 3 n5 n5 18 0.440 0
87 4 n5 n3 135 0.440 1
87 5 n2 n5 13 0.510 0
87 6 n2 n3 148 0.510 1
87 7 n1 n5 9 0.770 0
87 8 n1 n3 145 0.770 1
88 1 n3 n5 20 0.550 0
88 2 n3 n3 169 0.550 1
88 3 n5 n5 19 0.480 0
88 4 n5 n3 135 0.480 1
88 5 n2 n5 16 0.550 0
88 6 n2 n3 146 0.550 1
88 7 n1 n5 14 0.810 0
88 8 n1 n3 146 0.810 1
89 1 n3 n5 20 0.610 0
89 2 n3 n3 169 0.610 1
89 3 n5 n5 19 0.310 0
89 4 n5 n3 133 0.310 1
89 5 n2 n5 20 0.620 0
89 6 n2 n3 145 0.620 1
89 7 n1 n5 14 0.860 0
89 8 n1 n3 147 0.860 1
90 1 n3 n5 19 0.530 0
90 2 n3 n3 169 0.530 1
90 3 n5 n5 21 0.340 0
90 4 n5 n3 133 0.340 1
90 5 n2 n5 19 0.650 0
90 6 n2 n3 145 0.650 1
90 7 n1 n5 14 1.940 0
90 8 n1 n3 147 1.940 1
91 1 n3 n5 19 0.700 0
91 2 n3 n3 170 0.700 1
91 3 n5 n5 22 0.400 0
91 4 n5 n3 136 0.400 1
91 5 n2 n5 18 0.700 0
91 6 n2 n3 146 0.700 1
91 7 n1 n5 14 0.950 0
91 8 n1 n3 146 0.950 1
92 1 n3 n5 22 0.620 0
92 2 n3 n3 170 0.620 1
92 3 n5 n5 24 0.460 0
92 4 n5 n3 142 0.460 1
92 5 n2 n5 20 0.750 0
92 6 n2 n3 148 0.750 1
92 7 n1 n5 19 1.010 0
92 8 n1 n3 146 1.010 1
93 1 n3 n5 24 0.680 0
93 2 n3 n3 173 0.680 1
93 3 n5 n5 26 0.510 0
93 4 n5 n3 143 0.510 1
93 5 n2 n5 23 0.810 0
93 6 n2 n3 151 0.810 1
93 7 n1 n5 19 1.060 0
93 8 n1 n3 145 1.060 1
94 1 n3 n5 29 0.710 0
94 2 n3 n3 176 0.710 1
94 3 n5 n5 29 0.560 0
94 4 n5 n3 144 0.560 1
94 5 n2 n5 23 0.840 0
94 6 n2 n3 153 0.840 1
94 7 n1 n5 33 0.050 0
94 8 n1 n3 145 0.050 1
95 1 n3 n5 35 0.760 0
95 2 n3 n3 176 0.760 1
95 3 n5 n5 34 0.600 0
95 4 n5 n3 144 0.600 1
95 5 n2 n5 27 0.880 0
95 6 n2 n3 154 0.880 1
95 7 n1 n5 36 0.100 0
95 8 n1 n3 145 0.100 1
96 1 n3 n5 44 0.800 0
96 2 n3 n3 176 0.800 1
96 3 n5 n5 36 0.630 0
96 4 n5 n3 146 0.630 1
96 5 n2 n5 36 0.920 0
96 6 n2 n3 154 0.920 1
96 7 n1 n5 40 0.130 0
96 8 n1 n3 146 0.130 1
97 1 n3 n5 49 0.840 0
97 2 n3 n3 176 0.840 1
97 3 n5 n5 42 0.660 0
97 4 n5 n3 144 0.660 1
97 5 n2 n5 36 0.980 0
97 6 n2 n3 154 0.980 1
97 7 n1 n5 40 0.180 0
97 8 n1 n3 146 0.180 1
98 1 n3 n5 51 0.890 0
98 2 n3 n3 176 0.890 1
98 3 n5 n5 49 0.710 0
98 4 n5 n3 143 0.710 1
98 5 n2 n5 39 1.010 0
98 6 n2 n3 154 1.010 1
98 7 n1 n5 46 0.220 0
98 8 n1 n3 146 0.220 1
99 1 n3 n5 55 0.010 0
99 2 n3 n3 179 0.010 1
99 3 n5 n5 55 0.750 0
99 4 n5 n3 143 0.750 1
99 5 n2 n5 48 0.010 0
99 6 n2 n3 155 0.010 1
99 7 n1 n5 46 0.250 0
99 8 n1 n3 146 0.250 1
100 1 n3 n5 59 0.060 0
100 2 n3 n3 180 0.060 1
100 3 n5 n5 59 0.820 0
100 4 n5 n3 145 0.820 1
100 5 n2 n5 49 0.060 0
100 6 n2 n3 156 0.060 1
100 7 n1 n5 50 0.310 0
100 8 n1 n3 147 0.310 1
101 1 n3 n5 57 0.100 0
101 2 n3 n3 181 0.100 1
101 3 n5 n5 61 0.030 0
101 4 n5 n3 149 0.030 1
101 5 n2 n5 49 0.100 0
101 6 n2 n3 158 0.100 1
101 7 n1 n5 50 0.360 0
101 8 n1 n3 148 0.360 1
102 1 n3 n5 64 0.020 0
102 2 n3 n3 182 0.020 1
102 3 n5 n5 66 0.070 0
102 4 n5 n3 148 0.070 1
102 5 n2 n5 55 0.140 0
102 6 n2 n3 159 0.140 1
102 7 n1 n5 57 0.390 0
102 8 n1 n3 151 0.390 1
103 1 n3 n5 69 0.060 0
103 2 n3 n3 185 0.060 1
103 3 n5 n5 68 0.120 0
103 4 n5 n3 150 0.120 1
103 5 n2 n5 62 0.190 0
103 6 n2 n3 161 0.190 1
103 7 n1 n5 60 0.440 0
103 8 n1 n3 153 0.440 1
104 1 n3 n5 70 0.120 0
104 2 n3 n3 186 0.120 1
104 3 n5 n5 72 0.170 0
104 4 n5 n3 152 0.170 1
104 5 n2 n5 62 1.280 0
104 6 n2 n3 161 1.280 1
104 7 n1 n5 64 0.490 0
104 8 n1 n3 156 0.490 1
105 1 n3 n5 74 0.130 0
105 2 n3 n3 187 0.130 1
105 3 n5 n5 77 0.210 0
105 4 n5 n3 152 0.210 1
105 5 n2 n5 64 0.280 0
105 6 n2 n3 164 0.280 1
105 7 n1 n5 65 0.530 0
105 8 n1 n3 156 0.530 1
106 1 n3 n5 78 0.200 0
106 2 n3 n3 191 0.200 1
106 3 n5 n5 82 0.030 0
106 4 n5 n3 154 0.030 1
106 5 n2 n5 64 0.330 0
106 6 n2 n3 167 0.330 1
106 7 n1 n5 65 1.610 0
106 8 n1 n3 156 1.610 1
107 1 n3 n5 83 0.260 0
107 2 n3 n3 193 0.260 1
107 3 n5 n5 87 0.300 0
107 4 n5 n3 156 0.300 1
107 5 n2 n5 73 0.370 0
107 6 n2 n3 169 0.370 1
107 7 n1 n5 65 2.700 0
107 8 n1 n3 156 2.700 1
108 1 n3 n5 85 0.270 0
108 2 n3 n3 196 0.270 1
108 3 n5 n5 92 0.340 0
108 4 n5 n3 156 0.340 1
108 5 n2 n5 80 0.340 0
108 6 n2 n3 171 0.340 1
108 7 n1 n5 67 0.680 0
108 8 n1 n3 156 0.680 1
109 1 n3 n5 85 1.370 0
109 2 n3 n3 196 1.370 1
109 3 n5 n5 92 1.440 0
109 4 n5 n3 156 1.440 1
109 5 n2 n5 80 1.440 0
109 6 n2 n3 171 1.440 1
109 7 n1 n5 67 1.780 0
109 8 n1 n3 156 1.780 1
110 1 n3 n5 90 0.310 0
110 2 n3 n3 197 0.310 1
110 3 n5 n5 101 0.310 0
110 4 n5 n3 158 0.310 1
110 5 n2 n5 80 0.530 0
110 6 n2 n3 172 0.530 1
110 7 n1 n5 67 2.860 0
110 8 n1 n3 156 2.860 1
111 1 n3 n5 90 1.390 0
111 2 n3 n3 197 1.390 1
111 3 n5 n5 101 1.390 0
111 4 n5 n3 158 1.390 1
111 5 n2 n5 80 1.610 0
111 6 n2 n3 172 1.610 1
111 7 n1 n5 67 3.940 0
111 8 n1 n3 156 3.940 1
112 1 n3 n5 96 0.600 0
112 2 n3 n3 198 0.600 1
112 3 n5 n5 105 0.760 0
112 4 n5 n3 158 0.760 1
112 5 n2 n5 81 0.440 0
112 6 n2 n3 171 0.440 1
112 7 n1 n5 67 5.020 0
112 8 n1 n3 156 5.020 1
113 1 n3 n5 99 0.650 0
113 2 n3 n3 196 0.650 1
113 3 n5 n5 113 0.100 0
113 4 n5 n3 159 0.100 1
113 5 n2 n5 81 0.160 0
113 6 n2 n3 169 0.160 1
113 7 n1 n5 67 0.880 0
113 8 n1 n3 159 0.880 1
114 1 n3 n5 103 0.280 0
114 2 n3 n3 196 0.280 1
114 3 n5 n5 117 0.350 0
114 4 n5 n3 156 0.350 1
114 5 n2 n5 81 1.240 0
114 6 n2 n3 169 1.240 1
114 7 n1 n5 67 1.960 0
114 8 n1 n3 159 1.960 1
115 1 n3 n5 112 0.280 0
115 2 n3 n3 194 0.280 1
115 3 n5 n5 120 0.280 0
115 4 n5 n3 154 0.280 1
115 5 n2 n5 81 2.320 0
115 6 n2 n3 169 2.320 1
115 7 n1 n5 67 3.040 0
115 8 n1 n3 159 3.040 1
116 1 n3 n5 112 1.370 0
116 2 n3 n3 194 1.370 1
116 3 n5 n5 122 0.630 0
116 4 n5 n3 154 0.630 1
116 5 n2 n5 81 0.630 0
116 6 n2 n3 165 0.630 1
116 7 n1 n5 70 1.020 0
116 8 n1 n3 159 1.020 1
117 1 n3 n5 112 0.710 0
117 2 n3 n3 194 0.710 1
117 3 n5 n5 124 0.760 0
117 4 n5 n3 152 0.760 1
117 5 n2 n5 81 1.720 0
117 6 n2 n3 165 1.720 1
117 7 n1 n5 70 1.070 0
117 8 n1 n3 158 1.070 1
118 1 n3 n5 112 0.860 0
118 2 n3 n3 189 0.860 1
118 3 n5 n5 127 0.800 0
118 4 n5 n3 152 0.800 1
118 5 n2 n5 0 0.400 0
118 6 n2 n3 164 0.400 1
118 7 n1 n5 0 0.060 0
118 8 n1 n3 156 0.060 1
119 1 n3 n5 112 1.950 0
119 2 n3 n3 189 1.950 1
119 3 n5 n5 130 0.850 1
119 4 n5 n3 0 0.850 0
119 5 n2 n5 0 0.870 0
119 6 n2 n3 161 0.870 1
119 7 n1 n5 0 0.130 0
119 8 n1 n3 155 0.130 1
120 1 n3 n5 112 3.020 0
120 2 n3 n3 189 3.020 1
120 3 n5 n5 133 0.880 1
120 4 n5 n3 0 0.880 0
120 5 n2 n5 0 1.940 0
120 6 n2 n3 161 1.940 1
120 7 n1 n5 0 1.200 0
120 8 n1 n3 155 1.200 1
121 1 n3 n5 113 1.000 0
121 2 n3 n3 186 1.000 1
121 3 n5 n5 137 0.930 1
121 4 n5 n3 0 0.930 0
121 5 n2 n5 0 3.030 0
121 6 n2 n3 161 3.030 1
121 7 n1 n5 0 2.290 0
121 8 n1 n3 155 2.290 1
122 1 n3 n5 113 0.010 0
122 2 n3 n3 186 0.010 1
122 3 n5 n5 140 0.980 1
122 4 n5 n3 0 0.980 0
122 5 n2 n5 0 0.010 0
122 6 n2 n3 156 0.010 1
122 7 n1 n5 0 3.380 0
122 8 n1 n3 155 3.380 1
123 1 n3 n5 113 1.090 0
123 2 n3 n3 186 1.090 1
123 3 n5 n5 144 1.020 1
123 4 n5 n3 0 1.020 0
123 5 n2 n5 0 0.060 0
123 6 n2 n3 154 0.060 1
123 7 n1 n5 0 4.460 0
123 8 n1 n3 155 4.460 1
124 1 n3 n5 113 2.180 0
124 2 n3 n3 186 2.180 1
124 3 n5 n5 146 1.070 1
124 4 n5 n3 0 1.070 0
124 5 n2 n5 0 1.150 0
124 6 n2 n3 154 1.150 1
124 7 n1 n5 0 0.360 0
124 8 n1 n3 152 0.360 1
125 1 n3 n5 113 1.050 0
125 2 n3 n3 183 1.050 1
125 3 n5 n5 146 2.140 1
125 4 n5 n3 0 2.140 0
125 5 n2 n5 0 2.220 0
125 6 n2 n3 154 2.220 1
125 7 n1 n5 0 0.380 0
125 8 n1 n3 148 0.380 1
126 1 n3 n5 0 1.040 0
126 2 n3 n3 181 1.040 1
126 3 n5 n5 147 0.030 1
126 4 n5 n3 0 0.030 0
126 5 n2 n5 0 3.300 0
126 6 n2 n3 154 3.300 1
126 7 n1 n5 0 0.370 0
126 8 n1 n3 144 0.370 1
127 1 n3 n5 0 2.130 0
127 2 n3 n3 181 2.130 1
127 3 n5 n5 147 1.120 1
127 4 n5 n3 0 1.120 0
127 5 n2 n5 0 0.800 0
127 6 n2 n3 150 0.800 1
127 7 n1 n5 0 0.440 0
127 8 n1 n3 141 0.440 1
128 1 n3 n5 0 0.890 0
128 2 n3 n3 179 0.890 1
128 3 n5 n5 146 0.850 1
128 4 n5 n3 0 0.850 0
128 5 n2 n5 0 0.720 0
128 6 n2 n3 145 0.720 1
128 7 n1 n5 0 0.270 0
128 8 n1 n3 138 0.270 1
129 1 n3 n5 0 0.110 0
129 2 n3 n3 175 0.110 1
129 3 n5 n5 145 0.990 1
129 4 n5 n3 0 0.990 0
129 5 n2 n5 0 0.610 0
129 6 n2 n3 143 0.610 1
129 7 n1 n5 0 1.350 0
129 8 n1 n3 138 1.350 1
130 1 n3 n5 0 1.200 0
130 2 n3 n3 175 1.200 1
130 3 n5 n5 145 2.080 1
130 4 n5 n3 0 2.080 0
130 5 n2 n5 0 0.800 0
130 6 n2 n3 140 0.800 1
130 7 n1 n5 0 2.440 0
130 8 n1 n3 138 2.440 1
131 1 n3 n5 0 0.190 0
131 2 n3 n3 176 0.190 1
131 3 n5 n5 145 3.180 1
131 4 n5 n3 0 3.180 0
131 5 n2 n5 0 1.900 0
131 6 n2 n3 140 1.900 1
131 7 n1 n5 0 0.620 0
131 8 n1 n3 136 0.620 1
132 1 n3 n5 0 0.380 0
132 2 n3 n3 177 0.380 1
132 3 n5 n5 145 4.280 1
132 4 n5 n3 0 4.280 0
132 5 n2 n5 0 0.380 0
132 6 n2 n3 139 0.380 1
132 7 n1 n5 0 0.600 0
132 8 n1 n3 137 0.600 1
133 1 n3 n5 0 0.490 0
133 2 n3 n3 180 0.490 1
133 3 n5 n5 145 5.350 1
133 4 n5 n3 0 5.350 0
133 5 n2 n5 0 0.290 0
133 6 n2 n3 141 0.290 1
133 7 n1 n5 0 0.690 0
133 8 n1 n3 138 0.690 1
134 1 n3 n5 0 0.240 0
134 2 n3 n3 181 0.240 1
134 3 n5 n5 145 6.430 1
134 4 n5 n3 0 6.430 0
134 5 n2 n5 0 0.130 0
134 6 n2 n3 143 0.130 1
134 7 n1 n5 0 0.650 0
134 8 n1 n3 141 0.650 1
135 1 n3 n5 0 0.400 0
135 2 n3 n3 183 0.400 1
135 3 n5 n5 145 7.520 1
135 4 n5 n3 0 7.520 0
135 5 n2 n5 0 0.400 0
135 6 n2 n3 143 0.400 1
135 7 n1 n5 0 1.740 0
135 8 n1 n3 141 1.740 1
136 1 n3 n5 0 0.590 0
136 2 n3 n3 181 0.590 1
136 3 n5 n5 145 8.600 1
136 4 n5 n3 0 8.600 0
136 5 n2 n5 0 0.380 0
136 6 n2 n3 142 0.380 1
136 7 n1 n5 0 0.590 0
136 8 n1 n3 142 0.590 1
137 1 n3 n5 0 1.670 0
137 2 n3 n3 181 1.670 1
137 3 n5 n5 145 9.680 1
137 4 n5 n3 0 9.680 0
137 5 n2 n5 0 0.510 0
137 6 n2 n3 142 0.510 1
137 7 n1 n5 0 0.890 0
137 8 n1 n3 143 0.890 1
138 1 n3 n5 0 0.520 0
138 2 n3 n3 183 0.520 1
138 3 n5 n5 145 10.760 1
138 4 n5 n3 0 10.760 0
138 5 n2 n5 0 1.590 0
138 6 n2 n3 142 1.590 1
138 7 n1 n5 0 0.920 0
138 8 n1 n3 144 0.920 1
139 1 n3 n5 0 1.610 0
139 2 n3 n3 183 1.610 1
139 3 n5 n5 145 11.850 1
139 4 n5 n3 0 11.850 0
139 5 n2 n5 0 2.680 0
139 6 n2 n3 142 2.680 1
139 7 n1 n5 0 0.660 0
139 8 n1 n3 145 0.660 1
140 1 n3 n5 0 2.700 0
140 2 n3 n3 183 2.700 1
140 3 n5 n5 143 0.590 1
140 4 n5 n3 0 0.590 0
140 5 n2 n5 0 3.770 0
140 6 n2 n3 142 3.770 1
140 7 n1 n5 0 1.040 0
140 8 n1 n3 145 1.040 1
141 1 n3 n5 0 0.860 0
141 2 n3 n3 183 0.860 1
141 3 n5 n5 143 1.670 1
141 4 n5 n3 0 1.670 0
141 5 n2 n5 0 0.870 0
141 6 n2 n3 142 0.870 1
141 7 n1 n5 0 2.120 0
141 8 n1 n3 145 2.120 1
142 1 n3 n5 0 0.900 0
142 2 n3 n3 183 0.900 1
142 3 n5 n5 143 2.760 1
142 4 n5 n3 0 2.760 0
142 5 n2 n5 0 0.770 0
142 6 n2 n3 142 0.770 1
142 7 n1 n5 0 0.070 0
142 8 n1 n3 146 0.070 1
143 1 n3 n5 0 1.980 0
143 2 n3 n3 183 1.980 1
143 3 n5 n5 144 0.760 1
143 4 n5 n3 0 0.760 0
143 5 n2 n5 0 0.890 0
143 6 n2 n3 143 0.890 1
143 7 n1 n5 0 1.150 0
143 8 n1 n3 146 1.150 1
144 1 n3 n5 0 3.060 0
144 2 n3 n3 183 3.060 1
144 3 n5 n5 145 0.860 1
144 4 n5 n3 0 0.860 0
144 5 n2 n5 0 1.970 0
144 6 n2 n3 143 1.970 1
144 7 n1 n5 0 2.230 0
144 8 n1 n3 146 2.230 1
145 1 n3 n5 0 4.150 0
145 2 n3 n3 183 4.150 1
145 3 n5 n5 145 1.950 1
145 4 n5 n3 0 1.950 0
145 5 n2 n5 0 0.000 0
145 6 n2 n3 144 0.000 1
145 7 n1 n5 0 0.260 0
145 8 n1 n3 146 0.260 1
146 1 n3 n5 0 5.230 0
146 2 n3 n3 183 5.230 1
146 3 n5 n5 146 1.000 1
146 4 n5 n3 0 1.000 0
146 5 n2 n5 0 1.080 0
146 6 n2 n3 144 1.080 1
146 7 n1 n5 0 0.280 0
146 8 n1 n3 145 0.280 1
147 1 n3 n5 0 6.350 0
147 2 n3 n3 183 6.350 1
147 3 n5 n5 146 1.090 1
147 4 n5 n3 0 1.090 0
147 5 n2 n5 0 2.200 0
147 6 n2 n3 144 2.200 1
147 7 n1 n5 0 0.380 0
147 8 n1 n3 143 0.380 1
148 1 n3 n5 0 0.170 0
148 2 n3 n3 184 0.170 1
148 3 n5 n5 147 0.100 1
148 4 n5 n3 0 0.100 0
148 5 n2 n5 0 0.180 0
148 6 n2 n3 144 0.180 1
148 7 n1 n5 0 1.470 0
148 8 n1 n3 143 1.470 1
149 1 n3 n5 0 0.210 0
149 2 n3 n3 187 0.210 1
149 3 n5 n5 146 0.150 1
149 4 n5 n3 0 0.150 0
149 5 n2 n5 0 0.240 0
149 6 n2 n3 147 0.240 1
149 7 n1 n5 0 0.470 0
149 8 n1 n3 145 0.470 1
150 1 n3 n5 0 0.260 0
150 2 n3 n3 188 0.260 1
150 3 n5 n5 146 1.230 1
150 4 n5 n3 0 1.230 0
150 5 n2 n5 0 0.270 0
150 6 n2 n3 150 0.270 1
150 7 n1 n5 0 0.520 0
150 8 n1 n3 149 0.520 1
151 1 n3 n5 0 1.350 0
151 2 n3 n3 188 1.350 1
151 3 n5 n5 146 2.320 1
151 4 n5 n3 0 2.320 0
151 5 n2 n5 0 1.360 0
151 6 n2 n3 150 1.360 1
151 7 n1 n5 0 0.570 0
151 8 n1 n3 154 0.570 1
152 1 n3 n5 0 0.360 0
152 2 n3 n3 189 0.360 1
152 3 n5 n5 145 0.290 1
152 4 n5 n3 0 0.290 0
152 5 n2 n5 0 0.370 0
152 6 n2 n3 153 0.370 1
152 7 n1 n5 0 0.620 0
152 8 n1 n3 158 0.620 1
153 1 n3 n5 0 0.440 0
153 2 n3 n3 192 0.440 1
153 3 n5 n5 146 0.370 1
153 4 n5 n3 0 0.370 0
153 5 n2 n5 0 0.450 0
153 6 n2 n3 156 0.450 1
153 7 n1 n5 0 0.680 0
153 8 n1 n3 163 0.680 1
154 1 n3 n5 0 1.540 0
154 2 n3 n3 192 1.540 1
154 3 n5 n5 146 1.470 1
154 4 n5 n3 0 1.470 0
154 5 n2 n5 0 0.510 0
154 6 n2 n3 161 0.510 1
154 7 n1 n5 0 1.780 0
154 8 n1 n3 163 1.780 1
155 1 n3 n5 0 2.620 0
155 2 n3 n3 192 2.620 1
155 3 n5 n5 146 2.550 1
155 4 n5 n3 0 2.550 0
155 5 n2 n5 0 0.550 0
155 6 n2 n3 162 0.550 1
155 7 n1 n5 0 0.800 0
155 8 n1 n3 165 0.800 1
156 1 n3 n5 0 3.700 0
156 2 n3 n3 192 3.700 1
156 3 n5 n5 146 0.510 1
156 4 n5 n3 0 0.510 0
156 5 n2 n5 0 1.630 0
156 6 n2 n3 162 1.630 1
156 7 n1 n5 0 0.830 0
156 8 n1 n3 166 0.830 1
157 1 n3 n5 0 0.610 0
157 2 n3 n3 194 0.610 1
157 3 n5 n5 146 1.590 1
157 4 n5 n3 0 1.590 0
157 5 n2 n5 0 0.620 0
157 6 n2 n3 162 0.620 1
157 7 n1 n5 0 0.870 0
157 8 n1 n3 166 0.870 1
158 1 n3 n5 0 0.670 0
158 2 n3 n3 197 0.670 1
158 3 n5 n5 146 2.680 1
158 4 n5 n3 0 2.680 0
158 5 n2 n5 0 1.710 0
158 6 n2 n3 162 1.710 1
158 7 n1 n5 0 0.940 0
158 8 n1 n3 167 0.940 1
159 1 n3 n5 0 0.700 0
159 2 n3 n3 198 0.700 1
159 3 n5 n5 145 0.630 1
159 4 n5 n3 0 0.630 0
159 5 n2 n5 0 0.710 0
159 6 n2 n3 164 0.710 1
159 7 n1 n5 0 0.950 0
159 8 n1 n3 169 0.950 1
160 1 n3 n5 0 1.790 0
160 2 n3 n3 198 1.790 1
160 3 n5 n5 145 1.720 1
160 4 n5 n3 0 1.720 0
160 5 n2 n5 0 0.760 0
160 6 n2 n3 163 0.760 1
160 7 n1 n5 0 1.010 0
160 8 n1 n3 168 1.010 1
161 1 n3 n5 0 0.790 0
161 2 n3 n3 201 0.790 1
161 3 n5 n5 145 0.720 1
161 4 n5 n3 0 0.720 0
161 5 n2 n5 0 0.800 0
161 6 n2 n3 164 0.800 1
161 7 n1 n5 0 0.020 0
161 8 n1 n3 168 0.020 1
162 1 n3 n5 0 1.880 0
162 2 n3 n3 201 1.880 1
162 3 n5 n5 145 0.770 1
162 4 n5 n3 0 0.770 0
162 5 n2 n5 0 0.850 0
162 6 n2 n3 163 0.850 1
162 7 n1 n5 0 0.060 0
162 8 n1 n3 168 0.060 1
163 1 n3 n5 0 2.960 0
163 2 n3 n3 201 2.960 1
163 3 n5 n5 145 1.850 1
163 4 n5 n3 0 1.850 0
163 5 n2 n5 0 0.890 0
163 6 n2 n3 164 0.890 1
163 7 n1 n5 0 0.100 0
163 8 n1 n3 167 0.100 1
164 1 n3 n5 0 4.050 0
164 2 n3 n3 201 4.050 1
164 3 n5 n5 142 0.860 1
164 4 n5 n3 0 0.860 0
164 5 n2 n5 0 0.940 0
164 6 n2 n3 163 0.940 1
164 7 n1 n5 0 0.150 0
164 8 n1 n3 167 0.150 1
165 1 n3 n5 0 0.970 0
165 2 n3 n3 204 0.970 1
165 3 n5 n5 140 0.900 1
165 4 n5 n3 0 0.900 0
165 5 n2 n5 0 0.980 0
165 6 n2 n3 165 0.980 1
165 7 n1 n5 0 0.180 0
165 8 n1 n3 169 0.180 1
166 1 n3 n5 0 1.020 0
166 2 n3 n3 207 1.020 1
166 3 n5 n5 138 0.950 1
166 4 n5 n3 0 0.950 0
166 5 n2 n5 0 1.030 0
166 6 n2 n3 168 1.030 1
166 7 n1 n5 0 0.230 0
166 8 n1 n3 171 0.230 1
167 1 n3 n5 0 1.060 0
167 2 n3 n3 208 1.060 1
167 3 n5 n5 138 2.040 1
167 4 n5 n3 0 2.040 0
167 5 n2 n5 0 0.040 0
167 6 n2 n3 174 0.040 1
167 7 n1 n5 0 0.280 0
167 8 n1 n3 173 0.280 1
168 1 n3 n5 0 0.070 0
168 2 n3 n3 212 0.070 1
168 3 n5 n5 134 1.040 1
168 4 n5 n3 0 1.040 0
168 5 n2 n5 0 0.070 0
168 6 n2 n3 177 0.070 1
168 7 n1 n5 0 1.360 0
168 8 n1 n3 173 1.360 1
169 1 n3 n5 0 0.100 0
169 2 n3 n3 213 0.100 1
169 3 n5 n5 127 0.040 1
169 4 n5 n3 0 0.040 0
169 5 n2 n5 0 0.120 0
169 6 n2 n3 179 0.120 1
169 7 n1 n5 0 0.360 0
169 8 n1 n3 176 0.360 1
170 1 n3 n5 0 0.150 0
170 2 n3 n3 214 0.150 1
170 3 n5 n5 125 0.080 1
170 4 n5 n3 0 0.080 0
170 5 n2 n5 0 0.140 0
170 6 n2 n3 179 0.140 1
170 7 n1 n5 0 1.440 0
170 8 n1 n3 176 1.440 1
171 1 n3 n5 0 0.190 0
171 2 n3 n3 216 0.190 1
171 3 n5 n5 123 0.120 1
171 4 n5 n3 0 0.120 0
171 5 n2 n5 0 0.200 0
171 6 n2 n3 180 0.200 1
171 7 n1 n5 0 2.520 0
171 8 n1 n3 176 2.520 1
172 1 n3 n5 0 0.240 0
172 2 n3 n3 217 0.240 1
172 3 n5 n5 123 0.170 1
172 4 n5 n3 0 0.170 0
172 5 n2 n5 0 0.230 0
172 6 n2 n3 181 0.230 1
172 7 n1 n5 0 0.500 0
172 8 n1 n3 180 0.500 1
173 1 n3 n5 0 0.270 0
173 2 n3 n3 218 0.270 1
173 3 n5 n5 125 0.090 1
173 4 n5 n3 28 0.090 0
173 5 n2 n5 0 0.280 0
173 6 n2 n3 183 0.280 1
173 7 n1 n5 0 0.530 0
173 8 n1 n3 182 0.530 1
174 1 n3 n5 0 0.320 0
174 2 n3 n3 222 0.320 1
174 3 n5 n5 126 0.250 1
174 4 n5 n3 28 0.250 0
174 5 n2 n5 0 0.330 0
174 6 n2 n3 186 0.330 1
174 7 n1 n5 0 1.620 0
174 8 n1 n3 182 1.620 1
175 1 n3 n5 0 0.360 0
175 2 n3 n3 224 0.360 1
175 3 n5 n5 127 0.290 1
175 4 n5 n3 28 0.290 0
175 5 n2 n5 0 0.370 0
175 6 n2 n3 190 0.370 1
175 7 n1 n5 0 0.620 0
175 8 n1 n3 184 0.620 1
176 1 n3 n5 0 0.430 0
176 2 n3 n3 226 0.430 1
176 3 n5 n5 128 0.360 1
176 4 n5 n3 28 0.360 0
176 5 n2 n5 0 0.440 0
176 6 n2 n3 193 0.440 1
176 7 n1 n5 0 0.690 0
176 8 n1 n3 185 0.690 1
177 1 n3 n5 0 0.480 0
177 2 n3 n3 228 0.480 1
177 3 n5 n5 130 0.410 1
177 4 n5 n3 28 0.410 0
177 5 n2 n5 0 0.490 0
177 6 n2 n3 196 0.490 1
177 7 n1 n5 0 0.740 0
177 8 n1 n3 186 0.740 1
178 1 n3 n5 0 0.530 0
178 2 n3 n3 230 0.530 1
178 3 n5 n5 132 0.460 1
178 4 n5 n3 0 0.460 0
178 5 n2 n5 0 0.550 0
178 6 n2 n3 199 0.550 1
178 7 n1 n5 0 0.790 0
178 8 n1 n3 186 0.790 1
179 1 n3 n5 0 0.610 0
179 2 n3 n3 230 0.610 1
179 3 n5 n5 132 0.540 1
179 4 n5 n3 0 0.540 0
179 5 n2 n5 0 0.620 0
179 6 n2 n3 200 0.620 1
179 7 n1 n5 0 0.870 0
179 8 n1 n3 189 0.870 1
180 1 n3 n5 0 0.660 0
180 2 n3 n3 231 0.660 1
180 3 n5 n5 132 0.590 1
180 4 n5 n3 0 0.590 0
180 5 n2 n5 0 0.680 0
180 6 n2 n3 203 0.680 1
180 7 n1 n5 0 0.910 0
180 8 n1 n3 191 0.910 1
181 1 n3 n5 0 1.740 0
181 2 n3 n3 231 1.740 1
181 3 n5 n5 132 0.630 1
181 4 n5 n3 0 0.630 0
181 5 n2 n5 0 0.710 0
181 6 n2 n3 204 0.710 1
181 7 n1 n5 0 0.950 0
181 8 n1 n3 194 0.950 1
182 1 n3 n5 0 2.820 0
182 2 n3 n3 231 2.820 1
182 3 n5 n5 131 0.670 1
182 4 n5 n3 0 0.670 0
182 5 n2 n5 0 1.790 0
182 6 n2 n3 204 1.790 1
182 7 n1 n5 0 0.990 0
182 8 n1 n3 196 0.990 1
183 1 n3 n5 0 0.780 0
183 2 n3 n3 228 0.780 1
183 3 n5 n5 130 0.710 1
183 4 n5 n3 0 0.710 0
183 5 n2 n5 0 0.790 0
183 6 n2 n3 204 0.790 1
183 7 n1 n5 0 1.030 0
183 8 n1 n3 196 1.030 1
184 1 n3 n5 0 0.820 0
184 2 n3 n3 228 0.820 1
184 3 n5 n5 130 0.760 1
184 4 n5 n3 0 0.760 0
184 5 n2 n5 0 0.840 0
184 6 n2 n3 204 0.840 1
184 7 n1 n5 0 0.060 0
184 8 n1 n3 193 0.060 1
185 1 n3 n5 0 1.900 0
185 2 n3 n3 228 1.900 1
185 3 n5 n5 131 0.800 1
185 4 n5 n3 0 0.800 0
185 5 n2 n5 0 0.870 0
185 6 n2 n3 203 0.870 1
185 7 n1 n5 0 0.080 0
185 8 n1 n3 192 0.080 1
186 1 n3 n5 0 0.900 0
186 2 n3 n3 227 0.900 1
186 3 n5 n5 133 0.840 1
186 4 n5 n3 0 0.840 0
186 5 n2 n5 0 0.900 0
186 6 n2 n3 201 0.900 1
186 7 n1 n5 0 1.160 0
186 8 n1 n3 192 1.160 1
187 1 n3 n5 0 1.980 0
187 2 n3 n3 227 1.980 1
187 3 n5 n5 136 0.880 1
187 4 n5 n3 0 0.880 0
187 5 n2 n5 0 0.950 0
187 6 n2 n3 201 0.950 1
187 7 n1 n5 0 0.170 0
187 8 n1 n3 195 0.170 1
188 1 n3 n5 0 1.000 0
188 2 n3 n3 228 1.000 1
188 3 n5 n5 140 0.810 1
188 4 n5 n3 96 0.810 0
188 5 n2 n5 0 1.010 0
188 6 n2 n3 205 1.010 1
188 7 n1 n5 0 0.220 0
188 8 n1 n3 200 0.220 1
189 1 n3 n5 0 2.080 0
189 2 n3 n3 228 2.080 1
189 3 n5 n5 145 0.860 1
189 4 n5 n3 99 0.860 0
189 5 n2 n5 0 0.000 0
189 6 n2 n3 214 0.000 1
189 7 n1 n5 0 0.270 0
189 8 n1 n3 204 0.270 1
190 1 n3 n5 0 0.040 0
190 2 n3 n3 230 0.040 1
190 3 n5 n5 151 1.010 1
190 4 n5 n3 99 1.010 0
190 5 n2 n5 0 0.050 0
190 6 n2 n3 218 0.050 1
190 7 n1 n5 0 0.300 0
190 8 n1 n3 210 0.300 1
191 1 n3 n5 0 0.100 0
191 2 n3 n3 234 0.100 1
191 3 n5 n5 160 0.030 1
191 4 n5 n3 104 0.030 0
191 5 n2 n5 0 0.110 0
191 6 n2 n3 221 0.110 1
191 7 n1 n5 0 0.360 0
191 8 n1 n3 215 0.360 1
192 1 n3 n5 0 0.150 0
192 2 n3 n3 238 0.150 1
192 3 n5 n5 163 0.060 1
192 4 n5 n3 109 0.060 0
192 5 n2 n5 0 0.160 0
192 6 n2 n3 221 0.160 1
192 7 n1 n5 0 1.450 0
192 8 n1 n3 215 1.450 1
193 1 n3 n5 0 0.180 0
193 2 n3 n3 241 0.180 1
193 3 n5 n5 166 0.110 1
193 4 n5 n3 109 0.110 0
193 5 n2 n5 0 0.190 0
193 6 n2 n3 222 0.190 1
193 7 n1 n5 0 0.440 0
193 8 n1 n3 218 0.440 1
194 1 n3 n5 0 0.230 0
194 2 n3 n3 242 0.230 1
194 3 n5 n5 166 0.050 1
194 4 n5 n3 127 0.050 0
194 5 n2 n5 0 1.280 0
194 6 n2 n3 222 1.280 1
194 7 n1 n5 0 1.530 0
194 8 n1 n3 218 1.530 1
195 1 n3 n5 0 0.270 0
195 2 n3 n3 242 0.270 1
195 3 n5 n5 166 0.060 1
195 4 n5 n3 130 0.060 0
195 5 n2 n5 0 0.270 0
195 6 n2 n3 222 0.270 1
195 7 n1 n5 0 0.530 0
195 8 n1 n3 220 0.530 1
196 1 n3 n5 94 0.210 0
196 2 n3 n3 242 0.210 1
196 3 n5 n5 166 0.140 1
196 4 n5 n3 135 0.140 0
196 5 n2 n5 0 1.360 0
196 6 n2 n3 222 1.360 1
196 7 n1 n5 0 0.580 0
196 8 n1 n3 223 0.580 1
197 1 n3 n5 94 0.360 0
197 2 n3 n3 242 0.360 1
197 3 n5 n5 165 0.180 1
197 4 n5 n3 140 0.180 0
197 5 n2 n5 87 0.360 0
197 6 n2 n3 223 0.360 1
197 7 n1 n5 0 0.620 0
197 8 n1 n3 224 0.620 1
198 1 n3 n5 94 1.460 0
198 2 n3 n3 242 1.460 1
198 3 n5 n5 165 0.240 1
198 4 n5 n3 144 0.240 0
198 5 n2 n5 87 1.460 0
198 6 n2 n3 223 1.460 1
198 7 n1 n5 0 0.680 0
198 8 n1 n3 226 0.680 1
199 1 n3 n5 94 0.460 0
199 2 n3 n3 242 0.460 1
199 3 n5 n5 163 0.280 1
199 4 n5 n3 149 0.280 0
199 5 n2 n5 87 2.540 0
199 6 n2 n3 223 2.540 1
199 7 n1 n5 0 0.720 0
199 8 n1 n3 228 0.720 1
200 1 n3 n5 94 0.490 0
200 2 n3 n3 242 0.490 1
200 3 n5 n5 161 0.320 1
200 4 n5 n3 151 0.320 0
200 5 n2 n5 87 0.510 0
200 6 n2 n3 225 0.510 1
200 7 n1 n5 0 0.760 0
200 8 n1 n3 229 0.760 1
201 1 n3 n5 94 1.570 0
201 2 n3 n3 242 1.570 1
201 3 n5 n5 160 0.360 1
201 4 n5 n3 153 0.360 0
201 5 n2 n5 87 0.520 0
201 6 n2 n3 227 0.520 1
201 7 n1 n5 0 0.800 0
201 8 n1 n3 230 0.800 1
202 1 n3 n5 94 0.590 0
202 2 n3 n3 242 0.590 1
202 3 n5 n5 160 0.520 1
202 4 n5 n3 153 0.520 0
202 5 n2 n5 87 0.600 0
202 6 n2 n3 229 0.600 1
202 7 n1 n5 0 1.890 0
202 8 n1 n3 230 1.890 1
203 1 n3 n5 0 0.630 0
203 2 n3 n3 243 0.630 1
203 3 n5 n5 158 0.560 1
203 4 n5 n3 154 0.560 0
203 5 n2 n5 87 1.680 0
203 6 n2 n3 229 1.680 1
203 7 n1 n5 0 0.890 0
203 8 n1 n3 231 0.890 1
204 1 n3 n5 0 0.670 0
204 2 n3 n3 243 0.670 1
204 3 n5 n5 158 0.500 1
204 4 n5 n3 157 0.500 0
204 5 n2 n5 87 0.690 0
204 6 n2 n3 230 0.690 1
204 7 n1 n5 0 1.980 0
204 8 n1 n3 231 1.980 1
205 1 n3 n5 0 0.730 0
205 2 n3 n3 243 0.730 1
205 3 n5 n5 158 1.590 1
205 4 n5 n3 157 1.590 0
205 5 n2 n5 87 1.780 0
205 6 n2 n3 230 1.780 1
205 7 n1 n5 0 3.070 0
205 8 n1 n3 231 3.070 1
206 1 n3 n5 0 0.750 0
206 2 n3 n3 240 0.750 1
206 3 n5 n5 157 0.350 0
206 4 n5 n3 158 0.350 1
206 5 n2 n5 87 2.850 0
206 6 n2 n3 230 2.850 1
206 7 n1 n5 0 1.020 0
206 8 n1 n3 232 1.020 1
207 1 n3 n5 0 0.800 0
207 2 n3 n3 237 0.800 1
207 3 n5 n5 157 0.430 0
207 4 n5 n3 159 0.430 1
207 5 n2 n5 87 3.930 0
207 6 n2 n3 230 3.930 1
207 7 n1 n5 0 2.100 0
207 8 n1 n3 232 2.100 1
208 1 n3 n5 0 0.850 0
208 2 n3 n3 232 0.850 1
208 3 n5 n5 153 0.470 0
208 4 n5 n3 158 0.470 1
208 5 n2 n5 0 0.870 0
208 6 n2 n3 228 0.870 1
208 7 n1 n5 0 0.070 0
208 8 n1 n3 228 0.070 1
209 1 n3 n5 0 0.890 0
209 2 n3 n3 226 0.890 1
209 3 n5 n5 0 0.690 0
209 4 n5 n3 157 0.690 1
209 5 n2 n5 0 1.950 0
209 6 n2 n3 228 1.950 1
209 7 n1 n5 0 0.110 0
209 8 n1 n3 223 0.110 1
210 1 n3 n5 0 0.920 0
210 2 n3 n3 219 0.920 1
210 3 n5 n5 0 1.770 0
210 4 n5 n3 157 1.770 1
210 5 n2 n5 0 0.940 0
210 6 n2 n3 221 0.940 1
210 7 n1 n5 0 1.190 0
210 8 n1 n3 223 1.190 1
211 1 n3 n5 0 0.960 0
211 2 n3 n3 215 0.960 1
211 3 n5 n5 0 0.690 0
211 4 n5 n3 155 0.690 1
211 5 n2 n5 0 0.980 0
211 6 n2 n3 214 0.980 1
211 7 n1 n5 0 0.180 0
211 8 n1 n3 216 0.180 1
212 1 n3 n5 0 1.010 0
212 2 n3 n3 210 1.010 1
212 3 n5 n5 0 1.780 0
212 4 n5 n3 155 1.780 1
212 5 n2 n5 0 1.030 0
212 6 n2 n3 207 1.030 1
212 7 n1 n5 0 0.230 0
212 8 n1 n3 208 0.230 1
213 1 n3 n5 0 1.050 0
213 2 n3 n3 205 1.050 1
213 3 n5 n5 0 0.710 0
213 4 n5 n3 154 0.710 1
213 5 n2 n5 0 1.070 0
213 6 n2 n3 200 1.070 1
213 7 n1 n5 0 0.260 0
213 8 n1 n3 201 0.260 1
214 1 n3 n5 0 0.040 0
214 2 n3 n3 203 0.040 1
214 3 n5 n5 0 1.790 0
214 4 n5 n3 154 1.790 1
214 5 n2 n5 0 2.150 0
214 6 n2 n3 200 2.150 1
214 7 n1 n5 0 1.340 0
214 8 n1 n3 201 1.340 1
215 1 n3 n5 0 1.130 0
215 2 n3 n3 203 1.130 1
215 3 n5 n5 0 0.850 0
215 4 n5 n3 153 0.850 1
215 5 n2 n5 0 0.080 0
215 6 n2 n3 196 0.080 1
215 7 n1 n5 0 2.430 0
215 8 n1 n3 201 2.430 1
216 1 n3 n5 0 0.150 0
216 2 n3 n3 201 0.150 1
216 3 n5 n5 0 1.940 0
216 4 n5 n3 153 1.940 1
216 5 n2 n5 0 0.150 0
216 6 n2 n3 195 0.150 1
216 7 n1 n5 0 0.420 0
216 8 n1 n3 198 0.420 1
217 1 n3 n5 0 0.190 0
217 2 n3 n3 199 0.190 1
217 3 n5 n5 0 0.020 0
217 4 n5 n3 151 0.020 1
217 5 n2 n5 0 0.190 0
217 6 n2 n3 194 0.190 1
217 7 n1 n5 0 0.460 0
217 8 n1 n3 196 0.460 1
218 1 n3 n5 0 0.240 0
218 2 n3 n3 198 0.240 1
218 3 n5 n5 0 0.060 0
218 4 n5 n3 149 0.060 1
218 5 n2 n5 0 0.250 0
218 6 n2 n3 193 0.250 1
218 7 n1 n5 0 0.510 0
218 8 n1 n3 195 0.510 1
219 1 n3 n5 0 0.290 0
219 2 n3 n3 197 0.290 1
219 3 n5 n5 0 0.090 0
219 4 n5 n3 147 0.090 1
219 5 n2 n5 0 0.290 0
219 6 n2 n3 191 0.290 1
219 7 n1 n5 0 0.550 0
219 8 n1 n3 193 0.550 1
220 1 n3 n5 0 0.340 0
220 2 n3 n3 196 0.340 1
220 3 n5 n5 0 0.160 0
220 4 n5 n3 145 0.160 1
220 5 n2 n5 0 1.390 0
220 6 n2 n3 191 1.390 1
220 7 n1 n5 0 1.650 0
220 8 n1 n3 193 1.650 1
221 1 n3 n5 0 0.400 0
221 2 n3 n3 195 0.400 1
221 3 n5 n5 0 0.220 0
221 4 n5 n3 144 0.220 1
221 5 n2 n5 0 0.410 0
221 6 n2 n3 190 0.410 1
221 7 n1 n5 0 0.650 0
221 8 n1 n3 192 0.650 1
222 1 n3 n5 0 1.490 0
222 2 n3 n3 195 1.490 1
222 3 n5 n5 0 0.270 0
222 4 n5 n3 144 0.270 1
222 5 n2 n5 0 0.460 0
222 6 n2 n3 189 0.460 1
222 7 n1 n5 0 0.700 0
222 8 n1 n3 190 0.700 1
223 1 n3 n5 0 0.490 0
223 2 n3 n3 194 0.490 1
223 3 n5 n5 0 0.310 0
223 4 n5 n3 146 0.310 1
223 5 n2 n5 0 1.540 0
223 6 n2 n3 189 1.540 1
223 7 n1 n5 0 0.750 0
223 8 n1 n3 190 0.750 1
224 1 n3 n5 0 0.530 0
224 2 n3 n3 194 0.530 1
224 3 n5 n5 0 0.350 0
224 4 n5 n3 147 0.350 1
224 5 n2 n5 0 0.530 0
224 6 n2 n3 187 0.530 1
224 7 n1 n5 0 0.790 0
224 8 n1 n3 190 0.790 1
225 1 n3 n5 0 0.570 0
225 2 n3 n3 193 0.570 1
225 3 n5 n5 0 1.430 0
225 4 n5 n3 147 1.430 1
225 5 n2 n5 0 1.610 0
225 6 n2 n3 187 1.610 1
225 7 n1 n5 0 0.830 0
225 8 n1 n3 191 0.830 1
226 1 n3 n5 0 1.650 0
226 2 n3 n3 193 1.650 1
226 3 n5 n5 0 0.430 0
226 4 n5 n3 147 0.430 1
226 5 n2 n5 0 0.630 0
226 6 n2 n3 185 0.630 1
226 7 n1 n5 0 0.880 0
226 8 n1 n3 189 0.880 1
227 1 n3 n5 0 0.670 0
227 2 n3 n3 191 0.670 1
227 3 n5 n5 0 0.490 0
227 4 n5 n3 147 0.490 1
227 5 n2 n5 0 0.680 0
227 6 n2 n3 183 0.680 1
227 7 n1 n5 0 1.980 0
227 8 n1 n3 189 1.980 1
228 1 n3 n5 0 0.710 0
228 2 n3 n3 191 0.710 1
228 3 n5 n5 0 0.410 0
228 4 n5 n3 146 0.410 1
228 5 n2 n5 0 0.710 0
228 6 n2 n3 182 0.710 1
228 7 n1 n5 0 0.970 0
228 8 n1 n3 189 0.970 1
229 1 n3 n5 0 1.800 0
229 2 n3 n3 191 1.800 1
229 3 n5 n5 0 0.470 0
229 4 n5 n3 146 0.470 1
229 5 n2 n5 0 0.760 0
229 6 n2 n3 182 0.760 1
229 7 n1 n5 0 1.030 0
229 8 n1 n3 187 1.030 1
230 1 n3 n5 0 0.810 0
230 2 n3 n3 191 0.810 1
230 3 n5 n5 0 1.560 0
230 4 n5 n3 146 1.560 1
230 5 n2 n5 0 0.810 0
230 6 n2 n3 182 0.810 1
230 7 n1 n5 0 1.070 0
230 8 n1 n3 186 1.070 1
231 1 n3 n5 0 0.850 0
231 2 n3 n3 191 0.850 1
231 3 n5 n5 0 2.640 0
231 4 n5 n3 146 2.640 1
231 5 n2 n5 0 0.850 0
231 6 n2 n3 183 0.850 1
231 7 n1 n5 0 0.070 0
231 8 n1 n3 186 0.070 1
232 1 n3 n5 0 0.890 0
232 2 n3 n3 192 0.890 1
232 3 n5 n5 0 0.600 0
232 4 n5 n3 147 0.600 1
232 5 n2 n5 0 1.930 0
232 6 n2 n3 183 1.930 1
232 7 n1 n5 0 1.150 0
232 8 n1 n3 186 1.150 1
233 1 n3 n5 0 1.970 0
233 2 n3 n3 192 1.970 1
233 3 n5 n5 0 0.650 0
233 4 n5 n3 149 0.650 1
233 5 n2 n5 0 3.010 0
233 6 n2 n3 183 3.010 1
233 7 n1 n5 0 0.150 0
233 8 n1 n3 188 0.150 1
234 1 n3 n5 0 0.960 0
234 2 n3 n3 193 0.960 1
234 3 n5 n5 0 0.670 0
234 4 n5 n3 152 0.670 1
234 5 n2 n5 0 0.970 0
234 6 n2 n3 185 0.970 1
234 7 n1 n5 0 0.180 0
234 8 n1 n3 189 0.180 1
235 1 n3 n5 0 1.010 0
235 2 n3 n3 195 1.010 1
235 3 n5 n5 0 1.760 0
235 4 n5 n3 152 1.760 1
235 5 n2 n5 0 1.020 0
235 6 n2 n3 186 1.020 1
235 7 n1 n5 0 0.230 0
235 8 n1 n3 190 0.230 1
236 1 n3 n5 0 0.010 0
236 2 n3 n3 193 0.010 1
236 3 n5 n5 0 0.770 0
236 4 n5 n3 153 0.770 1
236 5 n2 n5 0 1.060 0
236 6 n2 n3 186 1.060 1
236 7 n1 n5 0 0.260 0
236 8 n1 n3 190 0.260 1
237 1 n3 n5 0 0.060 0
237 2 n3 n3 194 0.060 1
237 3 n5 n5 0 0.820 0
237 4 n5 n3 153 0.820 1
237 5 n2 n5 0 0.060 0
237 6 n2 n3 185 0.060 1
237 7 n1 n5 0 0.320 0
237 8 n1 n3 189 0.320 1
238 1 n3 n5 0 0.100 0
238 2 n3 n3 194 0.100 1
238 3 n5 n5 0 0.840 0
238 4 n5 n3 154 0.840 1
238 5 n2 n5 0 0.090 0
238 6 n2 n3 186 0.090 1
238 7 n1 n5 0 0.350 0
238 8 n1 n3 190 0.350 1
239 1 n3 n5 0 0.150 0
239 2 n3 n3 193 0.150 1
239 3 n5 n5 0 0.900 0
239 4 n5 n3 154 0.900 1
239 5 n2 n5 0 0.160 0
239 6 n2 n3 186 0.160 1
239 7 n1 n5 0 0.410 0
239 8 n1 n3 189 0.410 1
240 1 n3 n5 0 0.190 0
240 2 n3 n3 192 0.190 1
240 3 n5 n5 0 0.940 0
240 4 n5 n3 153 0.940 1
240 5 n2 n5 0 0.200 0
240 6 n2 n3 184 0.200 1
240 7 n1 n5 0 0.460 0
240 8 n1 n3 188 0.460 1
241 1 n3 n5 0 0.230 0
241 2 n3 n3 192 0.230 1
241 3 n5 n5 0 2.020 0
241 4 n5 n3 153 2.020 1
241 5 n2 n5 0 0.240 0
241 6 n2 n3 184 0.240 1
241 7 n1 n5 0 0.500 0
241 8 n1 n3 187 0.500 1
242 1 n3 n5 0 0.360 0
242 2 n3 n3 191 0.360 1
242 3 n5 n5 0 3.190 0
242 4 n5 n3 153 3.190 1
242 5 n2 n5 0 0.370 0
242 6 n2 n3 184 0.370 1
242 7 n1 n5 0 0.600 0
242 8 n1 n3 187 0.600 1
243 1 n3 n5 0 1.490 0
243 2 n3 n3 191 1.490 1
243 3 n5 n5 0 0.150 0
243 4 n5 n3 157 0.150 1
243 5 n2 n5 0 0.460 0
243 6 n2 n3 183 0.460 1
243 7 n1 n5 0 1.730 0
243 8 n1 n3 187 1.730 1
244 1 n3 n5 0 0.490 0
244 2 n3 n3 190 0.490 1
244 3 n5 n5 0 0.210 0
244 4 n5 n3 162 0.210 1
244 5 n2 n5 0 0.510 0
244 6 n2 n3 184 0.510 1
244 7 n1 n5 0 0.740 0
244 8 n1 n3 186 0.740 1
245 1 n3 n5 0 0.540 0
245 2 n3 n3 192 0.540 1
245 3 n5 n5 0 0.240 0
245 4 n5 n3 165 0.240 1
245 5 n2 n5 0 0.550 0
245 6 n2 n3 186 0.550 1
245 7 n1 n5 0 0.790 0
245 8 n1 n3 186 0.790 1
246 1 n3 n5 0 0.570 0
246 2 n3 n3 193 0.570 1
246 3 n5 n5 0 0.280 0
246 4 n5 n3 168 0.280 1
246 5 n2 n5 0 0.570 0
246 6 n2 n3 186 0.570 1
246 7 n1 n5 0 0.830 0
246 8 n1 n3 188 0.830 1
247 1 n3 n5 0 0.600 0
247 2 n3 n3 191 0.600 1
247 3 n5 n5 0 0.320 0
247 4 n5 n3 170 0.320 1
247 5 n2 n5 0 0.620 0
247 6 n2 n3 184 0.620 1
247 7 n1 n5 0 0.870 0
247 8 n1 n3 188 0.870 1
248 1 n3 n5 0 0.660 0
248 2 n3 n3 188 0.660 1
248 3 n5 n5 0 0.380 0
248 4 n5 n3 167 0.380 1
248 5 n2 n5 0 0.670 0
248 6 n2 n3 181 0.670 1
248 7 n1 n5 0 0.920 0
248 8 n1 n3 186 0.920 1
249 1 n3 n5 0 1.740 0
249 2 n3 n3 188 1.740 1
249 3 n5 n5 0 0.390 0
249 4 n5 n3 163 0.390 1
249 5 n2 n5 0 1.750 0
249 6 n2 n3 181 1.750 1
249 7 n1 n5 0 0.960 0
249 8 n1 n3 182 0.960 1
250 1 n3 n5 0 0.740 0
250 2 n3 n3 184 0.740 1
250 3 n5 n5 0 0.450 0
250 4 n5 n3 160 0.450 1
250 5 n2 n5 0 0.750 0
250 6 n2 n3 177 0.750 1
250 7 n1 n5 0 1.000 0
250 8 n1 n3 178 1.000 1
251 1 n3 n5 0 0.790 0
251 2 n3 n3 178 0.790 1
251 3 n5 n5 0 0.490 0
251 4 n5 n3 157 0.490 1
251 5 n2 n5 0 0.810 0
251 6 n2 n3 172 0.810 1
251 7 n1 n5 0 1.050 0
251 8 n1 n3 174 1.050 1
252 1 n3 n5 0 0.820 0
252 2 n3 n3 174 0.820 1
252 3 n5 n5 0 0.540 0
252 4 n5 n3 154 0.540 1
252 5 n2 n5 0 0.850 0
252 6 n2 n3 168 0.850 1
252 7 n1 n5 0 0.040 0
252 8 n1 n3 170 0.040 1
253 1 n3 n5 0 0.870 0
253 2 n3 n3 170 0.870 1
253 3 n5 n5 0 0.590 0
253 4 n5 n3 152 0.590 1
253 5 n2 n5 0 0.880 0
253 6 n2 n3 164 0.880 1
253 7 n1 n5 0 0.090 0
253 8 n1 n3 167 0.090 1
254 1 n3 n5 0 0.920 0
254 2 n3 n3 168 0.920 1
254 3 n5 n5 0 0.630 0
254 4 n5 n3 150 0.630 1
254 5 n2 n5 0 0.930 0
254 6 n2 n3 161 0.930 1
254 7 n1 n5 0 1.180 0
254 8 n1 n3 167 1.180 1
255 1 n3 n5 0 0.970 0
255 2 n3 n3 166 0.970 1
255 3 n5 n5 0 0.680 0
255 4 n5 n3 146 0.680 1
255 5 n2 n5 0 0.980 0
255 6 n2 n3 159 0.980 1
255 7 n1 n5 0 0.190 0
255 8 n1 n3 163 0.190 1
256 1 n3 n5 0 1.010 0
256 2 n3 n3 164 1.010 1
256 3 n5 n5 0 0.720 0
256 4 n5 n3 144 0.720 1
256 5 n2 n5 0 1.010 0
256 6 n2 n3 157 1.010 1
256 7 n1 n5 0 0.230 0
256 8 n1 n3 160 0.230 1
257 1 n3 n5 0 2.100 0
257 2 n3 n3 164 2.100 1
257 3 n5 n5 0 1.810 0
257 4 n5 n3 144 1.810 1
257 5 n2 n5 0 1.060 0
257 6 n2 n3 155 1.060 1
257 7 n1 n5 0 0.270 0
257 8 n1 n3 157 0.270 1
258 1 n3 n5 0 0.060 0
258 2 n3 n3 163 0.060 1
258 3 n5 n5 0 0.800 0
258 4 n5 n3 142 0.800 1
258 5 n2 n5 0 0.070 0
258 6 n2 n3 154 0.070 1
258 7 n1 n5 0 0.320 0
258 8 n1 n3 154 0.320 1
259 1 n3 n5 0 1.140 0
259 2 n3 n3 163 1.140 1
259 3 n5 n5 0 0.850 0
259 4 n5 n3 141 0.850 1
259 5 n2 n5 0 1.150 0
259 6 n2 n3 154 1.150 1
259 7 n1 n5 0 1.400 0
259 8 n1 n3 154 1.400 1
260 1 n3 n5 0 2.230 0
260 2 n3 n3 163 2.230 1
260 3 n5 n5 0 1.940 0
260 4 n5 n3 141 1.940 1
260 5 n2 n5 0 0.150 0
260 6 n2 n3 154 0.150 1
260 7 n1 n5 0 0.410 0
260 8 n1 n3 152 0.410 1
261 1 n3 n5 0 0.170 0
261 2 n3 n3 163 0.170 1
261 3 n5 n5 0 3.010 0
261 4 n5 n3 141 3.010 1
261 5 n2 n5 0 0.190 0
261 6 n2 n3 155 0.190 1
261 7 n1 n5 0 1.480 0
261 8 n1 n3 152 1.480 1
262 1 n3 n5 0 0.220 0
262 2 n3 n3 164 0.220 1
262 3 n5 n5 0 0.970 0
262 4 n5 n3 143 0.970 1
262 5 n2 n5 0 0.220 0
262 6 n2 n3 157 0.220 1
262 7 n1 n5 0 0.470 0
262 8 n1 n3 154 0.470 1
263 1 n3 n5 0 1.310 0
263 2 n3 n3 164 1.310 1
263 3 n5 n5 0 1.020 0
263 4 n5 n3 145 1.020 1
263 5 n2 n5 0 0.270 0
263 6 n2 n3 158 0.270 1
263 7 n1 n5 0 1.560 0
263 8 n1 n3 154 1.560 1
264 1 n3 n5 0 2.420 0
264 2 n3 n3 164 2.420 1
264 3 n5 n5 0 0.060 0
264 4 n5 n3 149 0.060 1
264 5 n2 n5 0 1.380 0
264 6 n2 n3 158 1.380 1
264 7 n1 n5 0 0.600 0
264 8 n1 n3 155 0.600 1
265 1 n3 n5 0 0.390 0
265 2 n3 n3 167 0.390 1
265 3 n5 n5 0 1.150 0
265 4 n5 n3 149 1.150 1
265 5 n2 n5 0 0.390 0
265 6 n2 n3 160 0.390 1
265 7 n1 n5 0 1.690 0
265 8 n1 n3 155 1.690 1
266 1 n3 n5 0 1.480 0
266 2 n3 n3 167 1.480 1
266 3 n5 n5 0 0.150 0
266 4 n5 n3 151 0.150 1
266 5 n2 n5 0 0.450 0
266 6 n2 n3 162 0.450 1
266 7 n1 n5 0 0.700 0
266 8 n1 n3 157 0.700 1
267 1 n3 n5 0 0.490 0
267 2 n3 n3 171 0.490 1
267 3 n5 n5 0 1.240 0
267 4 n5 n3 151 1.240 1
267 5 n2 n5 0 0.510 0
267 6 n2 n3 165 0.510 1
267 7 n1 n5 0 0.750 0
267 8 n1 n3 160 0.750 1
268 1 n3 n5 0 0.510 0
268 2 n3 n3 175 0.510 1
268 3 n5 n5 0 0.230 0
268 4 n5 n3 153 0.230 1
268 5 n2 n5 0 0.530 0
268 6 n2 n3 167 0.530 1
268 7 n1 n5 0 0.780 0
268 8 n1 n3 164 0.780 1
269 1 n3 n5 0 0.570 0
269 2 n3 n3 179 0.570 1
269 3 n5 n5 0 0.270 0
269 4 n5 n3 157 0.270 1
269 5 n2 n5 0 0.580 0
269 6 n2 n3 172 0.580 1
269 7 n1 n5 0 0.820 0
269 8 n1 n3 166 0.820 1
270 1 n3 n5 0 0.610 0
270 2 n3 n3 184 0.610 1
270 3 n5 n5 0 0.320 0
270 4 n5 n3 161 0.320 1
270 5 n2 n5 0 0.620 0
270 6 n2 n3 176 0.620 1
270 7 n1 n5 0 0.870 0
270 8 n1 n3 169 0.870 1
271 1 n3 n5 0 1.700 0
271 2 n3 n3 184 1.700 1
271 3 n5 n5 0 1.410 0
271 4 n5 n3 161 1.410 1
271 5 n2 n5 0 1.710 0
271 6 n2 n3 176 1.710 1
271 7 n1 n5 0 0.790 0
271 8 n1 n3 172 0.790 1
272 1 n3 n5 0 0.700 0
272 2 n3 n3 187 0.700 1
272 3 n5 n5 0 0.420 0
272 4 n5 n3 165 0.420 1
272 5 n2 n5 0 0.700 0
272 6 n2 n3 179 0.700 1
272 7 n1 n5 0 0.840 0
272 8 n1 n3 174 0.840 1
273 1 n3 n5 0 0.740 0
273 2 n3 n3 191 0.740 1
273 3 n5 n5 0 0.460 0
273 4 n5 n3 169 0.460 1
273 5 n2 n5 0 0.750 0
273 6 n2 n3 183 0.750 1
273 7 n1 n5 0 0.880 0
273 8 n1 n3 177 0.880 1
274 1 n3 n5 0 0.780 0
274 2 n3 n3 193 0.780 1
274 3 n5 n5 0 1.540 0
274 4 n5 n3 169 1.540 1
274 5 n2 n5 0 0.790 0
274 6 n2 n3 185 0.790 1
274 7 n1 n5 0 0.920 0
274 8 n1 n3 179 0.920 1
275 1 n3 n5 0 1.860 0
275 2 n3 n3 193 1.860 1
275 3 n5 n5 0 2.620 0
275 4 n5 n3 169 2.620 1
275 5 n2 n5 0 0.830 0
275 6 n2 n3 185 0.830 1
275 7 n1 n5 0 0.960 0
275 8 n1 n3 179 0.960 1
276 1 n3 n5 0 0.870 0
276 2 n3 n3 192 0.870 1
276 3 n5 n5 0 3.710 0
276 4 n5 n3 169 3.710 1
276 5 n2 n5 0 0.890 0
276 6 n2 n3 182 0.890 1
276 7 n1 n5 0 1.010 0
276 8 n1 n3 178 1.010 1
277 1 n3 n5 0 1.950 0
277 2 n3 n3 192 1.950 1
277 3 n5 n5 0 0.620 0
277 4 n5 n3 168 0.620 1
277 5 n2 n5 0 0.910 0
277 6 n2 n3 181 0.910 1
277 7 n1 n5 0 0.010 0
277 8 n1 n3 175 0.010 1
278 1 n3 n5 0 0.950 0
278 2 n3 n3 188 0.950 1
278 3 n5 n5 0 0.650 0
278 4 n5 n3 167 0.650 1
278 5 n2 n5 0 1.990 0
278 6 n2 n3 181 1.990 1
278 7 n1 n5 0 0.050 0
278 8 n1 n3 172 0.050 1
279 1 n3 n5 0 0.990 0
279 2 n3 n3 186 0.990 1
279 3 n5 n5 0 0.690 0
279 4 n5 n3 166 0.690 1
279 5 n2 n5 0 0.960 0
279 6 n2 n3 178 0.960 1
279 7 n1 n5 0 0.090 0
279 8 n1 n3 170 0.090 1
280 1 n3 n5 0 1.030 0
280 2 n3 n3 183 1.030 1
280 3 n5 n5 0 1.780 0
280 4 n5 n3 166 1.780 1
280 5 n2 n5 0 1.040 0
280 6 n2 n3 176 1.040 1
280 7 n1 n5 0 0.140 0
280 8 n1 n3 170 0.140 1
281 1 n3 n5 0 0.050 0
281 2 n3 n3 182 0.050 1
281 3 n5 n5 0 0.780 0
281 4 n5 n3 165 0.780 1
281 5 n2 n5 0 2.130 0
281 6 n2 n3 176 2.130 1
281 7 n1 n5 0 0.190 0
281 8 n1 n3 170 0.190 1
282 1 n3 n5 0 0.090 0
282 2 n3 n3 184 0.090 1
282 3 n5 n5 0 1.860 0
282 4 n5 n3 165 1.860 1
282 5 n2 n5 0 0.100 0
282 6 n2 n3 176 0.100 1
282 7 n1 n5 0 0.230 0
282 8 n1 n3 172 0.230 1
283 1 n3 n5 0 0.140 0
283 2 n3 n3 185 0.140 1
283 3 n5 n5 0 2.950 0
283 4 n5 n3 165 2.950 1
283 5 n2 n5 0 0.150 0
283 6 n2 n3 177 0.150 1
283 7 n1 n5 0 1.320 0
283 8 n1 n3 172 1.320 1
284 1 n3 n5 0 1.220 0
284 2 n3 n3 185 1.220 1
284 3 n5 n5 0 0.920 0
284 4 n5 n3 164 0.920 1
284 5 n2 n5 0 1.230 0
284 6 n2 n3 177 1.230 1
284 7 n1 n5 0 0.310 0
284 8 n1 n3 173 0.310 1
285 1 n3 n5 0 0.230 0
285 2 n3 n3 185 0.230 1
285 3 n5 n5 0 2.010 0
285 4 n5 n3 164 2.010 1
285 5 n2 n5 0 0.240 0
285 6 n2 n3 176 0.240 1
285 7 n1 n5 0 0.370 0
285 8 n1 n3 173 0.370 1
286 1 n3 n5 0 0.260 0
286 2 n3 n3 186 0.260 1
286 3 n5 n5 0 3.080 0
286 4 n5 n3 164 3.080 1
286 5 n2 n5 0 0.270 0
286 6 n2 n3 176 0.270 1
286 7 n1 n5 0 0.400 0
286 8 n1 n3 173 0.400 1
287 1 n3 n5 0 0.330 0
287 2 n3 n3 184 0.330 1
287 3 n5 n5 0 0.040 0
287 4 n5 n3 166 0.040 1
287 5 n2 n5 0 0.330 0
287 6 n2 n3 176 0.330 1
287 7 n1 n5 0 0.470 0
287 8 n1 n3 173 0.470 1
288 1 n3 n5 0 0.370 0
288 2 n3 n3 182 0.370 1
288 3 n5 n5 0 1.120 0
288 4 n5 n3 166 1.120 1
288 5 n2 n5 0 0.380 0
288 6 n2 n3 174 0.380 1
288 7 n1 n5 0 0.510 0
288 8 n1 n3 171 0.510 1
289 1 n3 n5 0 0.420 0
289 2 n3 n3 182 0.420 1
289 3 n5 n5 0 0.130 0
289 4 n5 n3 166 0.130 1
289 5 n2 n5 0 0.430 0
289 6 n2 n3 174 0.430 1
289 7 n1 n5 0 1.600 0
289 8 n1 n3 171 1.600 1
290 1 n3 n5 0 0.470 0
290 2 n3 n3 181 0.470 1
290 3 n5 n5 0 0.180 0
290 4 n5 n3 163 0.180 1
290 5 n2 n5 0 0.480 0
290 6 n2 n3 174 0.480 1
290 7 n1 n3 170 0.610 1
291 1 n3 n5 0 0.490 0
291 2 n3 n3 178 0.490 1
291 3 n5 n5 0 0.210 0
291 4 n5 n3 160 0.210 1
291 5 n2 n5 0 0.500 0
291 6 n2 n3 172 0.500 1
291 7 n1 n3 169 0.640 1
292 1 n3 n5 0 0.520 0
292 2 n3 n3 176 0.520 1
292 3 n5 n5 0 0.240 0
292 4 n5 n3 157 0.240 1
292 5 n2 n5 0 0.530 0
292 6 n2 n3 170 0.530 1
292 7 n1 n3 167 0.670 1
293 1 n3 n5 0 0.570 0
293 2 n3 n3 174 0.570 1
293 3 n5 n5 0 1.320 0
293 4 n5 n3 157 1.320 1
293 5 n2 n5 0 0.570 0
293 6 n2 n3 169 0.570 1
293 7 n1 n3 165 0.700 1
294 1 n3 n5 0 0.600 0
294 2 n3 n3 171 0.600 1
294 3 n5 n5 0 0.310 0
294 4 n5 n3 153 0.310 1
294 5 n2 n5 0 1.640 0
294 6 n2 n3 169 1.640 1
294 7 n1 n3 162 0.730 1
295 1 n3 n5 0 0.630 0
295 2 n3 n3 170 0.630 1
295 3 n5 n5 0 0.340 0
295 4 n5 n3 150 0.340 1
295 5 n2 n5 0 0.640 0
295 6 n2 n3 166 0.640 1
295 7 n1 n3 159 0.780 1
296 1 n3 n5 0 0.680 0
296 2 n3 n3 169 0.680 1
296 3 n5 n5 0 1.430 0
296 4 n5 n3 150 1.430 1
296 5 n2 n5 0 0.700 0
296 6 n2 n3 165 0.700 1
296 7 n1 n3 159 1.870 1
297 1 n3 n5 0 0.710 0
297 2 n3 n3 168 0.710 1
297 3 n5 n5 0 0.420 0
297 4 n5 n3 149 0.420 1
297 5 n2 n5 0 0.730 0
297 6 n2 n3 163 0.730 1
297 7 n1 n3 159 2.940 1
298 1 n3 n5 0 0.750 0
298 2 n3 n3 166 0.750 1
298 3 n5 n5 0 1.500 0
298 4 n5 n3 149 1.500 1
298 5 n2 n5 0 0.760 0
298 6 n2 n3 161 0.760 1
298 7 n1 n3 159 4.020 1
299 1 n3 n5 0 0.790 0
299 2 n3 n3 165 0.790 1
299 3 n5 n5 0 2.580 0
299 4 n5 n3 149 2.580 1
299 5 n2 n5 0 0.800 0
299 6 n2 n3 158 0.800 1
299 7 n1 n3 158 0.940 1
300 1 n3 n5 0 0.800 0
300 2 n3 n3 164 0.800 1
300 3 n5 n5 0 3.640 0
300 4 n5 n3 149 3.640 1
300 5 n2 n5 0 0.820 0
300 6 n2 n3 157 0.820 1
300 7 n1 n3 154 0.960 1
