1 1 N3 N3 184 0.350 1
1 2 N3 N2 179 0.350 0
1 3 N5 N3 105 0.260 0
1 4 N5 N2 0 0.260 0
1 5 N5 N5 246 0.260 1
1 6 N2 N3 144 0.070 0
1 7 N2 N5 0 0.070 0
1 8 N2 N2 226 0.070 1
1 9 N4 N3 137 0.600 1
1 10 N4 N2 129 0.600 0
2 1 N3 N3 184 0.960 1
2 2 N3 N2 179 0.960 0
2 3 N5 N3 105 0.320 0
2 4 N5 N2 0 0.320 0
2 5 N5 N5 245 0.320 1
2 6 N2 N3 142 0.040 0
2 7 N2 N5 0 0.040 0
2 8 N2 N2 224 0.040 1
2 9 N4 N3 136 0.710 1
2 10 N4 N2 129 0.710 0
3 1 N3 N3 178 0.500 1
3 2 N3 N2 178 0.500 0
3 3 N5 N3 102 0.390 0
3 4 N5 N2 0 0.390 0
3 5 N5 N5 244 0.390 1
3 6 N2 N3 137 0.090 0
3 7 N2 N5 168 0.090 0
3 8 N2 N2 222 0.090 1
3 9 N4 N5 103 0.090 0
3 10 N4 N3 134 0.090 1
3 11 N4 N2 129 0.090 0
4 1 N3 N5 136 0.150 0
4 2 N3 N3 174 0.150 1
4 3 N3 N2 178 0.150 0
4 4 N5 N3 102 0.970 0
4 5 N5 N2 0 0.970 0
4 6 N5 N5 243 0.970 1
4 7 N2 N3 137 0.160 0
4 8 N2 N5 167 0.160 0
4 9 N2 N2 221 0.160 1
4 10 N4 N5 101 0.160 0
4 11 N4 N3 132 0.160 1
4 12 N4 N2 127 0.160 0
5 1 N3 N5 138 0.540 0
5 2 N3 N3 173 0.540 1
5 3 N3 N2 178 0.540 0
5 4 N5 N3 91 0.040 0
5 5 N5 N2 0 0.040 0
5 6 N5 N5 242 0.040 1
5 7 N2 N3 137 0.190 0
5 8 N2 N5 168 0.190 0
5 9 N2 N2 219 0.190 1
5 10 N4 N5 102 0.190 0
5 11 N4 N3 130 0.190 1
5 12 N4 N2 127 0.190 0
6 1 N3 N5 139 0.520 0
6 2 N3 N3 173 0.520 1
6 3 N3 N2 178 0.520 0
6 4 N5 N3 87 0.130 0
6 5 N5 N2 0 0.130 0
6 6 N5 N5 242 0.130 1
6 7 N2 N3 131 0.260 0
6 8 N2 N5 168 0.260 0
6 9 N2 N2 218 0.260 1
6 10 N4 N5 103 0.790 0
6 11 N4 N3 127 0.790 1
6 12 N4 N2 126 0.790 0
7 1 N3 N5 138 0.060 0
7 2 N3 N3 168 0.060 1
7 3 N3 N2 177 0.060 0
7 4 N5 N3 87 0.180 0
7 5 N5 N2 0 0.180 0
7 6 N5 N5 241 0.180 1
7 7 N2 N3 124 0.320 0
7 8 N2 N5 168 0.320 0
7 9 N2 N2 217 0.320 1
7 10 N4 N5 103 1.870 0
7 11 N4 N3 127 1.870 1
7 12 N4 N2 126 1.870 0
8 1 N3 N5 138 0.260 0
8 2 N3 N3 158 0.260 0
8 3 N3 N2 176 0.260 1
8 4 N5 N3 87 0.220 0
8 5 N5 N2 0 0.220 0
8 6 N5 N5 241 0.220 1
8 7 N2 N3 117 0.370 0
8 8 N2 N5 167 0.370 0
8 9 N2 N2 214 0.370 1
8 10 N4 N5 102 0.090 0
8 11 N4 N3 125 0.090 1
8 12 N4 N2 123 0.090 0
9 1 N3 N5 138 0.320 0
9 2 N3 N3 154 0.320 0
9 3 N3 N2 174 0.320 1
9 4 N5 N3 85 0.300 0
9 5 N5 N2 0 0.300 0
9 6 N5 N5 240 0.300 1
9 7 N2 N3 106 0.030 0
9 8 N2 N5 166 0.030 0
9 9 N2 N2 211 0.030 1
9 10 N4 N5 100 0.450 0
9 11 N4 N3 123 0.450 1
9 12 N4 N2 127 0.450 0
10 1 N3 N5 138 0.880 0
10 2 N3 N3 153 0.880 0
10 3 N3 N2 173 0.880 1
10 4 N5 N3 83 0.380 0
10 5 N5 N2 0 0.380 0
10 6 N5 N5 239 0.380 1
10 7 N2 N3 106 0.100 0
10 8 N2 N5 162 0.100 0
10 9 N2 N2 209 0.100 1
10 10 N4 N5 100 1.540 0
10 11 N4 N3 123 1.540 1
10 12 N4 N2 127 1.540 0
11 1 N3 N5 138 0.400 0
11 2 N3 N3 150 0.400 0
11 3 N3 N2 173 0.400 1
11 4 N5 N3 82 0.460 0
11 5 N5 N2 0 0.460 0
11 6 N5 N5 237 0.460 1
11 7 N2 N3 105 0.050 0
11 8 N2 N5 158 0.050 0
11 9 N2 N2 207 0.050 1
11 10 N4 N5 99 0.110 0
11 11 N4 N3 123 0.110 1
11 12 N4 N2 126 0.110 0
12 1 N3 N5 138 0.080 0
12 2 N3 N3 149 0.080 0
12 3 N3 N2 173 0.080 1
12 4 N5 N3 80 0.060 0
12 5 N5 N2 0 0.060 0
12 6 N5 N5 236 0.060 1
12 7 N2 N3 103 0.120 0
12 8 N2 N5 157 0.120 0
12 9 N2 N2 206 0.120 1
12 10 N4 N5 98 0.120 0
12 11 N4 N3 122 0.120 1
12 12 N4 N2 127 0.120 0
13 1 N3 N5 138 0.030 0
13 2 N3 N3 148 0.030 0
13 3 N3 N2 169 0.030 1
13 4 N5 N3 78 0.160 0
13 5 N5 N2 0 0.160 0
13 6 N5 N5 234 0.160 1
13 7 N2 N3 103 0.210 0
13 8 N2 N5 158 0.210 0
13 9 N2 N2 206 0.210 1
13 10 N4 N5 98 0.250 0
13 11 N4 N3 120 0.250 0
13 12 N4 N2 127 0.250 1
14 1 N3 N5 138 0.230 0
14 2 N3 N3 148 0.230 0
14 3 N3 N2 167 0.230 1
14 4 N5 N3 78 0.210 0
14 5 N5 N2 0 0.210 0
14 6 N5 N5 234 0.210 1
14 7 N2 N3 103 0.280 0
14 8 N2 N5 160 0.280 0
14 9 N2 N2 205 0.280 1
14 10 N4 N5 98 0.400 0
14 11 N4 N3 117 0.400 0
14 12 N4 N2 127 0.400 1
15 1 N3 N5 136 0.700 0
15 2 N3 N3 147 0.700 0
15 3 N3 N2 166 0.700 1
15 4 N5 N3 80 0.300 0
15 5 N5 N2 0 0.300 0
15 6 N5 N5 234 0.300 1
15 7 N2 N3 106 0.450 0
15 8 N2 N5 163 0.450 0
15 9 N2 N2 205 0.450 1
15 10 N4 N5 98 1.490 0
15 11 N4 N3 117 1.490 0
15 12 N4 N2 127 1.490 1
16 1 N3 N5 134 0.200 0
16 2 N3 N3 148 0.200 0
16 3 N3 N2 163 0.200 1
16 4 N5 N3 80 0.340 0
16 5 N5 N2 0 0.340 0
16 6 N5 N5 234 0.340 1
16 7 N2 N3 110 0.020 0
16 8 N2 N5 164 0.020 0
16 9 N2 N2 205 0.020 1
16 10 N4 N5 96 0.020 0
16 11 N4 N3 113 0.020 0
16 12 N4 N2 128 0.020 1
17 1 N3 N5 0 0.260 0
17 2 N3 N3 150 0.260 0
17 3 N3 N2 160 0.260 1
17 4 N5 N3 82 0.440 0
17 5 N5 N2 0 0.440 0
17 6 N5 N5 234 0.440 1
17 7 N2 N3 110 0.110 0
17 8 N2 N5 165 0.110 0
17 9 N2 N2 206 0.110 1
17 10 N4 N5 96 0.110 0
17 11 N4 N3 114 0.110 0
17 12 N4 N2 129 0.110 1
18 1 N3 N5 0 0.290 0
18 2 N3 N3 150 0.290 0
18 3 N3 N2 158 0.290 1
18 4 N5 N3 78 0.130 0
18 5 N5 N2 0 0.130 0
18 6 N5 N5 234 0.130 1
18 7 N2 N3 111 0.070 0
18 8 N2 N5 167 0.070 0
18 9 N2 N2 206 0.070 1
18 10 N4 N5 96 0.190 0
18 11 N4 N3 115 0.190 0
18 12 N4 N2 128 0.190 1
19 1 N3 N5 0 0.350 0
19 2 N3 N3 148 0.350 0
19 3 N3 N2 156 0.350 1
19 4 N5 N3 76 0.010 0
19 5 N5 N2 0 0.010 0
19 6 N5 N5 233 0.010 1
19 7 N2 N3 109 0.250 0
19 8 N2 N5 165 0.250 0
19 9 N2 N2 208 0.250 1
19 10 N4 N5 96 0.770 0
19 11 N4 N3 115 0.770 0
19 12 N4 N2 129 0.770 1
20 1 N3 N5 0 0.040 0
20 2 N3 N3 146 0.040 0
20 3 N3 N2 155 0.040 1
20 4 N5 N3 72 0.080 0
20 5 N5 N2 0 0.080 0
20 6 N5 N5 233 0.080 1
20 7 N2 N3 99 0.180 0
20 8 N2 N5 164 0.180 0
20 9 N2 N2 209 0.180 1
20 10 N4 N5 98 0.810 0
20 11 N4 N3 116 0.810 0
20 12 N4 N2 128 0.810 1
21 1 N3 N5 0 0.950 0
21 2 N3 N3 146 0.950 0
21 3 N3 N2 154 0.950 1
21 4 N5 N3 70 0.150 0
21 5 N5 N2 0 0.150 0
21 6 N5 N5 232 0.150 1
21 7 N2 N3 99 0.270 0
21 8 N2 N5 164 0.270 0
21 9 N2 N2 209 0.270 1
21 10 N4 N5 98 0.270 0
21 11 N4 N3 118 0.270 0
21 12 N4 N2 128 0.270 1
22 1 N3 N5 0 0.060 0
22 2 N3 N3 142 0.060 0
22 3 N3 N2 153 0.060 1
22 4 N5 N3 63 0.240 0
22 5 N5 N2 0 0.240 0
22 6 N5 N5 231 0.240 1
22 7 N2 N3 95 0.310 0
22 8 N2 N5 162 0.310 0
22 9 N2 N2 210 0.310 1
22 10 N4 N5 99 0.430 0
22 11 N4 N3 112 0.430 0
22 12 N4 N2 128 0.430 1
23 1 N3 N5 0 0.110 0
23 2 N3 N3 135 0.110 0
23 3 N3 N2 151 0.110 1
23 4 N5 N3 61 0.290 0
23 5 N5 N2 0 0.290 0
23 6 N5 N5 229 0.290 1
23 7 N2 N3 95 0.380 0
23 8 N2 N5 161 0.380 0
23 9 N2 N2 209 0.380 1
23 10 N4 N5 99 1.520 0
23 11 N4 N3 112 1.520 0
23 12 N4 N2 128 1.520 1
24 1 N3 N5 0 0.220 0
24 2 N3 N3 127 0.220 0
24 3 N3 N2 149 0.220 1
24 4 N5 N3 51 0.360 0
24 5 N5 N2 0 0.360 0
24 6 N5 N5 228 0.360 1
24 7 N2 N3 85 0.030 0
24 8 N2 N5 160 0.030 0
24 9 N2 N2 211 0.030 1
24 10 N4 N5 99 0.030 0
24 11 N4 N3 107 0.030 0
24 12 N4 N2 127 0.030 1
25 1 N3 N5 0 0.790 0
25 2 N3 N3 121 0.790 0
25 3 N3 N2 148 0.790 1
25 4 N5 N3 51 0.470 0
25 5 N5 N2 0 0.470 0
25 6 N5 N5 227 0.470 1
25 7 N2 N3 79 0.110 0
25 8 N2 N5 158 0.110 0
25 9 N2 N2 213 0.110 1
25 10 N4 N5 0 0.110 0
25 11 N4 N3 102 0.110 0
25 12 N4 N2 125 0.110 1
26 1 N3 N5 0 0.830 0
26 2 N3 N3 117 0.830 0
26 3 N3 N2 147 0.830 1
26 4 N5 N3 49 0.020 0
26 5 N5 N2 0 0.020 0
26 6 N5 N5 226 0.020 1
26 7 N2 N3 71 0.050 0
26 8 N2 N5 158 0.050 0
26 9 N2 N2 215 0.050 1
26 10 N4 N5 0 0.170 0
26 11 N4 N3 99 0.170 0
26 12 N4 N2 124 0.170 1
27 1 N3 N5 0 0.370 0
27 2 N3 N3 113 0.370 0
27 3 N3 N2 146 0.370 1
27 4 N5 N3 48 0.080 0
27 5 N5 N2 0 0.080 0
27 6 N5 N5 226 0.080 1
27 7 N2 N3 72 0.120 0
27 8 N2 N5 158 0.120 0
27 9 N2 N2 217 0.120 1
27 10 N4 N5 0 1.260 0
27 11 N4 N3 99 1.260 0
27 12 N4 N2 124 1.260 1
28 1 N3 N5 0 0.410 0
28 2 N3 N3 102 0.410 0
28 3 N3 N2 145 0.410 1
28 4 N5 N3 48 0.120 0
28 5 N5 N2 0 0.120 0
28 6 N5 N5 226 0.120 1
28 7 N2 N3 71 0.200 0
28 8 N2 N5 160 0.200 0
28 9 N2 N2 219 0.200 1
28 10 N4 N5 0 2.350 0
28 11 N4 N3 99 2.350 0
28 12 N4 N2 124 2.350 1
29 1 N3 N5 0 0.460 0
29 2 N3 N3 97 0.460 0
29 3 N3 N2 144 0.460 1
29 4 N5 N3 48 0.170 0
29 5 N5 N2 0 0.170 0
29 6 N5 N5 227 0.170 1
29 7 N2 N3 75 0.290 0
29 8 N2 N5 162 0.290 0
29 9 N2 N2 221 0.290 1
29 10 N4 N5 0 0.410 0
29 11 N4 N3 99 0.410 0
29 12 N4 N2 125 0.410 1
30 1 N3 N5 0 0.510 0
30 2 N3 N3 94 0.510 0
30 3 N3 N2 144 0.510 1
30 4 N5 N3 50 0.220 0
30 5 N5 N2 0 0.220 0
30 6 N5 N5 228 0.220 1
30 7 N2 N3 76 0.360 0
30 8 N2 N5 163 0.360 0
30 9 N2 N2 223 0.360 1
30 10 N4 N5 0 1.500 0
30 11 N4 N3 99 1.500 0
30 12 N4 N2 125 1.500 1
31 1 N3 N5 0 0.060 0
31 2 N3 N3 91 0.060 0
31 3 N3 N2 147 0.060 1
31 4 N5 N3 51 0.330 0
31 5 N5 N2 0 0.330 0
31 6 N5 N5 229 0.330 1
31 7 N2 N3 76 0.040 0
31 8 N2 N5 165 0.040 0
31 9 N2 N2 227 0.040 1
31 10 N4 N5 0 0.550 0
31 11 N4 N3 99 0.550 0
31 12 N4 N2 126 0.550 1
32 1 N3 N5 0 0.150 0
32 2 N3 N3 97 0.150 0
32 3 N3 N2 148 0.150 1
32 4 N5 N3 51 0.430 0
32 5 N5 N2 0 0.430 0
32 6 N5 N5 230 0.430 1
32 7 N2 N3 77 0.100 0
32 8 N2 N5 168 0.100 0
32 9 N2 N2 228 0.100 1
32 10 N4 N5 0 0.210 0
32 11 N4 N3 99 0.210 0
32 12 N4 N2 127 0.210 1
33 1 N3 N5 0 0.720 0
33 2 N3 N3 99 0.720 0
33 3 N3 N2 148 0.720 1
33 4 N5 N3 52 0.150 0
33 5 N5 N2 0 0.150 0
33 6 N5 N5 231 0.150 1
33 7 N2 N3 78 0.040 0
33 8 N2 N5 171 0.040 0
33 9 N2 N2 229 0.040 1
33 10 N4 N5 0 0.270 0
33 11 N4 N3 93 0.270 0
33 12 N4 N2 126 0.270 1
34 1 N3 N5 0 1.810 0
34 2 N3 N3 99 1.810 0
34 3 N3 N2 148 1.810 1
34 4 N5 N3 54 0.020 0
34 5 N5 N2 0 0.020 0
34 6 N5 N5 231 0.020 1
34 7 N2 N3 78 0.090 0
34 8 N2 N5 173 0.090 0
34 9 N2 N2 230 0.090 1
34 10 N4 N5 0 0.380 0
34 11 N4 N3 82 0.380 0
34 12 N4 N2 126 0.380 1
35 1 N3 N5 0 0.330 0
35 2 N3 N3 102 0.330 0
35 3 N3 N2 149 0.330 1
35 4 N5 N3 54 0.060 0
35 5 N5 N2 184 0.060 0
35 6 N5 N5 231 0.060 1
35 7 N2 N3 78 0.170 0
35 8 N2 N5 173 0.170 0
35 9 N2 N2 231 0.170 1
35 10 N4 N5 0 0.330 0
35 11 N4 N3 82 0.330 0
35 12 N4 N2 126 0.330 1
36 1 N3 N5 0 0.400 0
36 2 N3 N3 105 0.400 0
36 3 N3 N2 150 0.400 1
36 4 N5 N3 54 0.030 0
36 5 N5 N2 189 0.030 0
36 6 N5 N5 231 0.030 1
36 7 N2 N3 75 0.230 0
36 8 N2 N5 173 0.230 0
36 9 N2 N2 232 0.230 1
36 10 N4 N5 0 0.400 0
36 11 N4 N3 83 0.400 0
36 12 N4 N2 126 0.400 1
37 1 N3 N5 0 0.450 0
37 2 N3 N3 105 0.450 0
37 3 N3 N2 149 0.450 1
37 4 N5 N3 58 0.090 0
37 5 N5 N2 189 0.090 0
37 6 N5 N5 230 0.090 1
37 7 N2 N3 77 0.260 0
37 8 N2 N5 173 0.260 0
37 9 N2 N2 233 0.260 1
37 10 N4 N5 0 0.040 0
37 11 N4 N3 86 0.040 0
37 12 N4 N2 124 0.040 1
38 1 N3 N5 0 0.030 0
38 2 N3 N3 108 0.030 0
38 3 N3 N2 148 0.030 1
38 4 N5 N3 58 0.170 0
38 5 N5 N2 189 0.170 0
38 6 N5 N5 230 0.170 1
38 7 N2 N3 78 0.340 0
38 8 N2 N5 175 0.340 0
38 9 N2 N2 234 0.340 1
38 10 N4 N5 0 0.480 0
38 11 N4 N3 87 0.480 0
38 12 N4 N2 123 0.480 1
39 1 N3 N5 0 0.610 0
39 2 N3 N3 108 0.610 0
39 3 N3 N2 148 0.610 1
39 4 N5 N3 58 0.230 0
39 5 N5 N2 191 0.230 0
39 6 N5 N5 230 0.230 1
39 7 N2 N3 78 0.400 0
39 8 N2 N5 179 0.400 0
39 9 N2 N2 235 0.400 1
39 10 N4 N5 0 0.520 0
39 11 N4 N3 87 0.520 0
39 12 N4 N2 122 0.520 1
40 1 N3 N5 0 0.170 0
40 2 N3 N3 108 0.170 0
40 3 N3 N2 148 0.170 1
40 4 N5 N3 62 0.290 0
40 5 N5 N2 191 0.290 0
40 6 N5 N5 230 0.290 1
40 7 N2 N3 82 0.070 0
40 8 N2 N5 182 0.070 0
40 9 N2 N2 237 0.070 1
40 10 N4 N5 0 0.070 0
40 11 N4 N3 86 0.070 0
40 12 N4 N2 118 0.070 1
41 1 N3 N5 0 0.240 0
41 2 N3 N3 105 0.240 0
41 3 N3 N2 147 0.240 1
41 4 N5 N3 63 0.350 0
41 5 N5 N2 191 0.350 0
41 6 N5 N5 231 0.350 1
41 7 N2 N3 82 0.000 0
41 8 N2 N5 187 0.000 0
41 9 N2 N2 238 0.000 1
41 10 N4 N5 0 0.120 0
41 11 N4 N3 86 0.120 0
41 12 N4 N2 117 0.120 1
42 1 N3 N5 0 0.290 0
42 2 N3 N3 106 0.290 0
42 3 N3 N2 147 0.290 1
42 4 N5 N3 63 0.000 0
42 5 N5 N2 192 0.000 0
42 6 N5 N5 233 0.000 1
42 7 N2 N3 82 0.220 0
42 8 N2 N5 188 0.220 0
42 9 N2 N2 240 0.220 1
42 10 N4 N5 0 0.710 0
42 11 N4 N3 86 0.710 0
42 12 N4 N2 116 0.710 1
43 1 N3 N5 0 0.330 0
43 2 N3 N3 106 0.330 0
43 3 N3 N2 147 0.330 1
43 4 N5 N3 63 0.090 0
43 5 N5 N2 193 0.090 0
43 6 N5 N5 233 0.090 1
43 7 N2 N3 82 0.150 0
43 8 N2 N5 187 0.150 0
43 9 N2 N2 241 0.150 1
43 10 N4 N5 0 0.270 0
43 11 N4 N3 86 0.270 0
43 12 N4 N2 115 0.270 1
44 1 N3 N5 0 0.920 0
44 2 N3 N3 106 0.920 0
44 3 N3 N2 146 0.920 1
44 4 N5 N3 63 0.160 0
44 5 N5 N2 194 0.160 0
44 6 N5 N5 233 0.160 1
44 7 N2 N3 82 0.230 0
44 8 N2 N5 185 0.230 0
44 9 N2 N2 240 0.230 1
44 10 N4 N5 0 0.340 0
44 11 N4 N3 85 0.340 0
44 12 N4 N2 113 0.340 1
45 1 N3 N5 0 0.020 0
45 2 N3 N3 103 0.020 0
45 3 N3 N2 147 0.020 1
45 4 N5 N3 63 0.020 0
45 5 N5 N2 195 0.020 0
45 6 N5 N5 231 0.020 1
45 7 N2 N3 82 0.290 0
45 8 N2 N5 184 0.290 0
45 9 N2 N2 240 0.290 1
45 10 N4 N5 0 0.410 0
45 11 N4 N3 84 0.410 0
45 12 N4 N2 111 0.410 1
46 1 N3 N5 0 1.000 0
46 2 N3 N3 103 1.000 0
46 3 N3 N2 147 1.000 1
46 4 N5 N3 63 0.170 0
46 5 N5 N2 196 0.170 0
46 6 N5 N5 230 0.170 1
46 7 N2 N3 77 0.340 0
46 8 N2 N5 179 0.340 0
46 9 N2 N2 241 0.340 1
46 10 N4 N5 0 0.470 0
46 11 N4 N3 86 0.470 0
46 12 N4 N2 109 0.470 1
47 1 N3 N5 0 0.030 0
47 2 N3 N3 103 0.030 0
47 3 N3 N2 149 0.030 1
47 4 N5 N3 62 0.300 0
47 5 N5 N2 197 0.300 0
47 6 N5 N5 226 0.300 1
47 7 N2 N3 73 0.070 0
47 8 N2 N5 175 0.070 0
47 9 N2 N2 240 0.070 1
47 10 N4 N5 0 1.600 0
47 11 N4 N3 86 1.600 0
47 12 N4 N2 109 1.600 1
48 1 N3 N5 0 0.090 0
48 2 N3 N3 103 0.090 0
48 3 N3 N2 150 0.090 1
48 4 N5 N3 57 0.390 0
48 5 N5 N2 198 0.390 0
48 6 N5 N5 222 0.390 1
48 7 N2 N3 73 0.140 0
48 8 N2 N5 170 0.140 0
48 9 N2 N2 240 0.140 1
48 10 N4 N5 0 0.040 0
48 11 N4 N3 86 0.040 0
48 12 N4 N2 109 0.040 1
49 1 N3 N5 0 0.050 0
49 2 N3 N3 100 0.050 0
49 3 N3 N2 151 0.050 1
49 4 N5 N3 55 0.060 0
49 5 N5 N2 198 0.060 0
49 6 N5 N5 216 0.060 1
49 7 N2 N3 66 0.050 0
49 8 N2 N5 169 0.050 0
49 9 N2 N2 240 0.050 1
49 10 N4 N5 0 0.050 0
49 11 N4 N3 76 0.050 0
49 12 N4 N2 107 0.050 1
50 1 N3 N5 0 0.220 0
50 2 N3 N3 100 0.220 0
50 3 N3 N2 151 0.220 1
50 4 N5 N3 57 0.010 0
50 5 N5 N2 197 0.010 0
50 6 N5 N5 212 0.010 1
50 7 N2 N3 66 0.100 0
50 8 N2 N5 165 0.100 0
50 9 N2 N2 240 0.100 1
50 10 N4 N5 0 0.150 0
50 11 N4 N3 75 0.150 0
50 12 N4 N2 106 0.150 1
51 1 N3 N5 0 0.280 0
51 2 N3 N3 100 0.280 0
51 3 N3 N2 152 0.280 1
51 4 N5 N3 56 0.070 0
51 5 N5 N2 195 0.070 0
51 6 N5 N5 206 0.070 1
51 7 N2 N3 66 1.190 0
51 8 N2 N5 165 1.190 0
51 9 N2 N2 240 1.190 1
51 10 N4 N5 0 1.240 0
51 11 N4 N3 75 1.240 0
51 12 N4 N2 106 1.240 1
52 1 N3 N5 123 0.330 0
52 2 N3 N3 100 0.330 0
52 3 N3 N2 152 0.330 1
52 4 N5 N3 56 0.070 0
52 5 N5 N2 194 0.070 0
52 6 N5 N5 202 0.070 1
52 7 N2 N3 68 0.290 0
52 8 N2 N5 165 0.290 0
52 9 N2 N2 241 0.290 1
52 10 N4 N5 0 2.330 0
52 11 N4 N3 75 2.330 0
52 12 N4 N2 106 2.330 1
53 1 N3 N5 123 0.370 0
53 2 N3 N3 100 0.370 0
53 3 N3 N2 155 0.370 1
53 4 N5 N3 56 0.200 0
53 5 N5 N2 196 0.200 0
53 6 N5 N5 199 0.200 1
53 7 N2 N3 66 0.370 0
53 8 N2 N5 165 0.370 0
53 9 N2 N2 244 0.370 1
53 10 N4 N5 0 0.300 0
53 11 N4 N3 74 0.300 0
53 12 N4 N2 107 0.300 1
54 1 N3 N5 123 0.450 0
54 2 N3 N3 100 0.450 0
54 3 N3 N2 155 0.450 1
54 4 N5 N3 56 0.250 0
54 5 N5 N2 198 0.250 0
54 6 N5 N5 197 0.250 1
54 7 N2 N3 66 0.060 0
54 8 N2 N5 163 0.060 0
54 9 N2 N2 246 0.060 1
54 10 N4 N5 0 1.390 0
54 11 N4 N3 74 1.390 0
54 12 N4 N2 107 1.390 1
55 1 N3 N5 122 0.040 0
55 2 N3 N3 98 0.040 0
55 3 N3 N2 156 0.040 1
55 4 N5 N3 56 0.040 0
55 5 N5 N2 200 0.040 0
55 6 N5 N5 192 0.040 1
55 7 N2 N3 65 0.040 0
55 8 N2 N5 163 0.040 0
55 9 N2 N2 248 0.040 1
55 10 N4 N5 82 0.040 0
55 11 N4 N3 73 0.040 0
55 12 N4 N2 109 0.040 1
56 1 N3 N5 121 0.030 0
56 2 N3 N3 97 0.030 0
56 3 N3 N2 162 0.030 1
56 4 N5 N3 57 0.380 0
56 5 N5 N2 200 0.380 1
56 6 N5 N5 188 0.380 0
56 7 N2 N3 65 0.050 0
56 8 N2 N5 162 0.050 0
56 9 N2 N2 249 0.050 1
56 10 N4 N5 85 0.000 0
56 11 N4 N3 72 0.000 0
56 12 N4 N2 113 0.000 1
57 1 N3 N5 120 0.080 0
57 2 N3 N3 97 0.080 0
57 3 N3 N2 166 0.080 1
57 4 N5 N3 64 0.440 0
57 5 N5 N2 200 0.440 1
57 6 N5 N5 186 0.440 0
57 7 N2 N3 64 0.140 0
57 8 N2 N5 155 0.140 0
57 9 N2 N2 251 0.140 1
57 10 N4 N5 86 0.070 0
57 11 N4 N3 72 0.070 0
57 12 N4 N2 117 0.070 1
58 1 N3 N5 117 0.170 0
58 2 N3 N3 100 0.170 0
58 3 N3 N2 168 0.170 1
58 4 N5 N3 77 0.020 0
58 5 N5 N2 199 0.020 1
58 6 N5 N5 181 0.020 0
58 7 N2 N3 66 0.230 0
58 8 N2 N5 152 0.230 0
58 9 N2 N2 253 0.230 1
58 10 N4 N5 83 0.130 0
58 11 N4 N3 71 0.130 0
58 12 N4 N2 121 0.130 1
59 1 N3 N5 114 0.250 0
59 2 N3 N3 101 0.250 0
59 3 N3 N2 167 0.250 1
59 4 N5 N3 77 0.200 0
59 5 N5 N2 198 0.200 1
59 6 N5 N5 178 0.200 0
59 7 N2 N3 68 0.330 0
59 8 N2 N5 143 0.330 0
59 9 N2 N2 254 0.330 1
59 10 N4 N5 83 0.220 0
59 11 N4 N3 72 0.220 0
59 12 N4 N2 122 0.220 1
60 1 N3 N5 114 0.310 0
60 2 N3 N3 100 0.310 0
60 3 N3 N2 164 0.310 1
60 4 N5 N3 76 0.160 0
60 5 N5 N2 195 0.160 1
60 6 N5 N5 173 0.160 0
60 7 N2 N3 69 0.510 0
60 8 N2 N5 142 0.510 0
60 9 N2 N2 254 0.510 1
60 10 N4 N5 84 0.280 0
60 11 N4 N3 72 0.280 0
60 12 N4 N2 122 0.280 1
61 1 N3 N5 112 0.360 0
61 2 N3 N3 100 0.360 0
61 3 N3 N2 161 0.360 1
61 4 N5 N3 76 0.230 0
61 5 N5 N2 192 0.230 1
61 6 N5 N5 168 0.230 0
61 7 N2 N3 68 0.050 0
61 8 N2 N5 140 0.050 0
61 9 N2 N2 254 0.050 1
61 10 N4 N5 83 0.340 0
61 11 N4 N3 73 0.340 0
61 12 N4 N2 120 0.340 1
62 1 N3 N5 112 0.030 0
62 2 N3 N3 101 0.030 0
62 3 N3 N2 161 0.030 1
62 4 N5 N3 76 0.120 0
62 5 N5 N2 188 0.120 1
62 6 N5 N5 162 0.120 0
62 7 N2 N3 69 0.120 0
62 8 N2 N5 138 0.120 0
62 9 N2 N2 255 0.120 1
62 10 N4 N5 82 0.080 0
62 11 N4 N3 74 0.080 0
62 12 N4 N2 120 0.080 1
63 1 N3 N5 110 0.320 0
63 2 N3 N3 101 0.320 0
63 3 N3 N2 161 0.320 1
63 4 N5 N3 77 0.320 0
63 5 N5 N2 180 0.320 1
63 6 N5 N5 157 0.320 0
63 7 N2 N3 68 0.060 0
63 8 N2 N5 137 0.060 0
63 9 N2 N2 255 0.060 1
63 10 N4 N5 80 0.040 0
63 11 N4 N3 75 0.040 0
63 12 N4 N2 122 0.040 1
64 1 N3 N5 108 0.510 0
64 2 N3 N3 103 0.510 0
64 3 N3 N2 162 0.510 1
64 4 N5 N3 77 0.400 0
64 5 N5 N2 179 0.400 1
64 6 N5 N5 154 0.400 0
64 7 N2 N3 69 0.100 0
64 8 N2 N5 124 0.100 0
64 9 N2 N2 255 0.100 1
64 10 N4 N5 79 0.110 0
64 11 N4 N3 76 0.110 0
64 12 N4 N2 122 0.110 1
65 1 N3 N5 102 0.060 0
65 2 N3 N3 103 0.060 0
65 3 N3 N2 162 0.060 1
65 4 N5 N3 79 0.450 0
65 5 N5 N2 175 0.450 1
65 6 N5 N5 151 0.450 0
65 7 N2 N3 70 0.170 0
65 8 N2 N5 111 0.170 0
65 9 N2 N2 255 0.170 1
65 10 N4 N5 77 0.190 0
65 11 N4 N3 77 0.190 0
65 12 N4 N2 122 0.190 1
66 1 N3 N5 96 0.150 0
66 2 N3 N3 102 0.150 0
66 3 N3 N2 161 0.150 1
66 4 N5 N3 79 0.090 0
66 5 N5 N2 173 0.090 1
66 6 N5 N5 145 0.090 0
66 7 N2 N3 72 0.250 0
66 8 N2 N5 111 0.250 0
66 9 N2 N2 255 0.250 1
66 10 N4 N5 74 0.260 0
66 11 N4 N3 77 0.260 0
66 12 N4 N2 123 0.260 1
67 1 N3 N5 92 0.210 0
67 2 N3 N3 102 0.210 0
67 3 N3 N2 161 0.210 1
67 4 N5 N3 82 0.050 0
67 5 N5 N2 169 0.050 1
67 6 N5 N5 139 0.050 0
67 7 N2 N3 72 0.300 0
67 8 N2 N5 109 0.300 0
67 9 N2 N2 255 0.300 1
67 10 N4 N5 72 0.820 0
67 11 N4 N3 77 0.820 0
67 12 N4 N2 122 0.820 1
68 1 N3 N5 88 0.250 0
68 2 N3 N3 100 0.250 0
68 3 N3 N2 161 0.250 1
68 4 N5 N3 79 0.100 0
68 5 N5 N2 165 0.100 1
68 6 N5 N5 132 0.100 0
68 7 N2 N3 72 0.350 0
68 8 N2 N5 106 0.350 0
68 9 N2 N2 254 0.350 1
68 10 N4 N5 70 0.390 0
68 11 N4 N3 77 0.390 0
68 12 N4 N2 123 0.390 1
69 1 N3 N5 85 0.050 0
69 2 N3 N3 99 0.050 0
69 3 N3 N2 162 0.050 1
69 4 N5 N3 78 0.280 0
69 5 N5 N2 160 0.280 1
69 6 N5 N5 124 0.280 0
69 7 N2 N3 68 0.140 0
69 8 N2 N5 104 0.140 0
69 9 N2 N2 254 0.140 1
69 10 N4 N5 65 0.030 0
69 11 N4 N3 75 0.030 0
69 12 N4 N2 124 0.030 1
70 1 N3 N5 82 0.210 0
70 2 N3 N3 97 0.210 0
70 3 N3 N2 163 0.210 1
70 4 N5 N3 75 0.090 0
70 5 N5 N2 159 0.090 1
70 6 N5 N5 116 0.090 0
70 7 N2 N3 65 0.220 0
70 8 N2 N5 103 0.220 0
70 9 N2 N2 254 0.220 1
70 10 N4 N5 58 0.040 0
70 11 N4 N3 74 0.040 0
70 12 N4 N2 124 0.040 1
71 1 N3 N5 76 0.060 0
71 2 N3 N3 95 0.060 0
71 3 N3 N2 164 0.060 1
71 4 N5 N3 75 1.180 0
71 5 N5 N2 159 1.180 1
71 6 N5 N5 116 1.180 0
71 7 N2 N3 62 0.290 0
71 8 N2 N5 88 0.290 0
71 9 N2 N2 252 0.290 1
71 10 N4 N5 55 0.100 0
71 11 N4 N3 74 0.100 0
71 12 N4 N2 126 0.100 1
72 1 N3 N5 70 0.130 0
72 2 N3 N3 93 0.130 0
72 3 N3 N2 164 0.130 1
72 4 N5 N3 72 0.350 0
72 5 N5 N2 153 0.350 1
72 6 N5 N5 103 0.350 0
72 7 N2 N3 61 0.210 0
72 8 N2 N5 88 0.210 0
72 9 N2 N2 251 0.210 1
72 10 N4 N5 52 0.130 0
72 11 N4 N3 74 0.130 0
72 12 N4 N2 128 0.130 1
73 1 N3 N5 62 0.160 0
73 2 N3 N3 92 0.160 0
73 3 N3 N2 164 0.160 1
73 4 N5 N3 72 0.080 0
73 5 N5 N2 149 0.080 1
73 6 N5 N5 98 0.080 0
73 7 N2 N3 60 0.300 0
73 8 N2 N5 88 0.300 0
73 9 N2 N2 250 0.300 1
73 10 N4 N5 50 0.190 0
73 11 N4 N3 73 0.190 0
73 12 N4 N2 129 0.190 1
74 1 N3 N5 61 0.240 0
74 2 N3 N3 91 0.240 0
74 3 N3 N2 164 0.240 1
74 4 N5 N3 72 0.060 0
74 5 N5 N2 145 0.060 1
74 6 N5 N5 91 0.060 0
74 7 N2 N3 60 0.360 0
74 8 N2 N5 81 0.360 0
74 9 N2 N2 249 0.360 1
74 10 N4 N5 49 0.260 0
74 11 N4 N3 71 0.260 0
74 12 N4 N2 129 0.260 1
75 1 N3 N5 59 0.310 0
75 2 N3 N3 90 0.310 0
75 3 N3 N2 165 0.310 1
75 4 N5 N3 72 0.660 0
75 5 N5 N2 144 0.660 1
75 6 N5 N5 88 0.660 0
75 7 N2 N3 60 0.040 0
75 8 N2 N5 68 0.040 0
75 9 N2 N2 248 0.040 1
75 10 N4 N5 48 0.320 0
75 11 N4 N3 70 0.320 0
75 12 N4 N2 129 0.320 1
76 1 N3 N5 59 0.380 0
76 2 N3 N3 89 0.380 0
76 3 N3 N2 164 0.380 1
76 4 N5 N3 74 0.210 0
76 5 N5 N2 143 0.210 1
76 6 N5 N5 84 0.210 0
76 7 N2 N3 61 0.110 0
76 8 N2 N5 68 0.110 0
76 9 N2 N2 246 0.110 1
76 10 N4 N5 47 0.370 0
76 11 N4 N3 71 0.370 0
76 12 N4 N2 128 0.370 1
77 1 N3 N5 58 0.070 0
77 2 N3 N3 91 0.070 0
77 3 N3 N2 162 0.070 1
77 4 N5 N3 77 0.300 0
77 5 N5 N2 140 0.300 1
77 6 N5 N5 80 0.300 0
77 7 N2 N3 63 0.070 0
77 8 N2 N5 68 0.070 0
77 9 N2 N2 244 0.070 1
77 10 N4 N5 47 1.480 0
77 11 N4 N3 71 1.480 0
77 12 N4 N2 128 1.480 1
78 1 N3 N5 57 0.040 0
78 2 N3 N3 91 0.040 0
78 3 N3 N2 161 0.040 1
78 4 N5 N3 77 0.350 0
78 5 N5 N2 138 0.350 1
78 6 N5 N5 77 0.350 0
78 7 N2 N3 63 0.260 0
78 8 N2 N5 64 0.260 0
78 9 N2 N2 243 0.260 1
78 10 N4 N5 46 0.010 0
78 11 N4 N3 71 0.010 0
78 12 N4 N2 128 0.010 1
79 1 N3 N5 56 0.100 0
79 2 N3 N3 90 0.100 0
79 3 N3 N2 158 0.100 1
79 4 N5 N3 81 0.390 0
79 5 N5 N2 135 0.390 1
79 6 N5 N5 76 0.390 0
79 7 N2 N3 63 0.200 0
79 8 N2 N5 60 0.200 0
79 9 N2 N2 242 0.200 1
79 10 N4 N5 45 0.070 0
79 11 N4 N3 71 0.070 0
79 12 N4 N2 127 0.070 1
80 1 N3 N5 56 0.240 0
80 2 N3 N3 85 0.240 0
80 3 N3 N2 156 0.240 1
80 4 N5 N3 78 0.030 0
80 5 N5 N2 129 0.030 1
80 6 N5 N5 73 0.030 0
80 7 N2 N3 64 0.480 0
80 8 N2 N5 60 0.480 0
80 9 N2 N2 240 0.480 1
80 10 N4 N5 45 0.340 0
80 11 N4 N3 70 0.340 0
80 12 N4 N2 127 0.340 1
81 1 N3 N5 55 0.320 0
81 2 N3 N3 81 0.320 0
81 3 N3 N2 157 0.320 1
81 4 N5 N3 76 0.560 0
81 5 N5 N2 129 0.560 1
81 6 N5 N5 73 0.560 0
81 7 N2 N3 67 0.060 0
81 8 N2 N5 55 0.060 0
81 9 N2 N2 237 0.060 1
81 10 N4 N5 45 0.260 0
81 11 N4 N3 70 0.260 0
81 12 N4 N2 127 0.260 1
82 1 N3 N5 55 1.410 0
82 2 N3 N3 81 1.410 0
82 3 N3 N2 157 1.410 1
82 4 N5 N3 76 0.640 0
82 5 N5 N2 131 0.640 1
82 6 N5 N5 72 0.640 0
82 7 N2 N3 67 0.110 0
82 8 N2 N5 55 0.110 0
82 9 N2 N2 235 0.110 1
82 10 N4 N5 45 1.350 0
82 11 N4 N3 70 1.350 0
82 12 N4 N2 127 1.350 1
83 1 N3 N5 55 0.060 0
83 2 N3 N3 81 0.060 0
83 3 N3 N2 159 0.060 1
83 4 N5 N3 75 0.540 0
83 5 N5 N2 132 0.540 1
83 6 N5 N5 71 0.540 0
83 7 N2 N3 67 0.170 0
83 8 N2 N5 55 0.170 0
83 9 N2 N2 233 0.170 1
83 10 N4 N5 45 0.420 0
83 11 N4 N3 69 0.420 0
83 12 N4 N2 127 0.420 1
84 1 N3 N5 54 0.120 0
84 2 N3 N3 80 0.120 0
84 3 N3 N2 161 0.120 1
84 4 N5 N3 73 0.000 0
84 5 N5 N2 133 0.000 1
84 6 N5 N5 71 0.000 0
84 7 N2 N3 67 0.250 0
84 8 N2 N5 55 0.250 0
84 9 N2 N2 232 0.250 1
84 10 N4 N5 44 0.000 0
84 11 N4 N3 68 0.000 0
84 12 N4 N2 125 0.000 1
85 1 N3 N5 52 0.560 0
85 2 N3 N3 80 0.560 0
85 3 N3 N2 161 0.560 1
85 4 N5 N3 73 1.090 0
85 5 N5 N2 133 1.090 1
85 6 N5 N5 71 1.090 0
85 7 N2 N3 0 0.290 0
85 8 N2 N5 55 0.290 0
85 9 N2 N2 231 0.290 1
85 10 N4 N5 44 0.560 0
85 11 N4 N3 66 0.560 0
85 12 N4 N2 123 0.560 1
86 1 N3 N5 52 0.610 0
86 2 N3 N3 80 0.610 0
86 3 N3 N2 161 0.610 1
86 4 N5 N3 73 2.180 0
86 5 N5 N2 133 2.180 1
86 6 N5 N5 71 2.180 0
86 7 N2 N3 0 0.360 0
86 8 N2 N5 55 0.360 0
86 9 N2 N2 230 0.360 1
86 10 N4 N5 44 0.100 0
86 11 N4 N3 64 0.100 0
86 12 N4 N2 120 0.100 1
87 1 N3 N5 51 0.130 0
87 2 N3 N3 77 0.130 0
87 3 N3 N2 158 0.130 1
87 4 N5 N3 66 0.250 0
87 5 N5 N2 135 0.250 1
87 6 N5 N5 69 0.250 0
87 7 N2 N3 0 0.420 0
87 8 N2 N5 55 0.420 0
87 9 N2 N2 230 0.420 1
87 10 N4 N5 44 0.250 0
87 11 N4 N3 62 0.250 0
87 12 N4 N2 120 0.250 1
88 1 N3 N5 51 0.720 0
88 2 N3 N3 77 0.720 0
88 3 N3 N2 158 0.720 1
88 4 N5 N3 65 0.350 0
88 5 N5 N2 136 0.350 1
88 6 N5 N5 69 0.350 0
88 7 N2 N3 0 0.510 0
88 8 N2 N5 55 0.510 0
88 9 N2 N2 229 0.510 1
88 10 N4 N5 42 0.180 0
88 11 N4 N3 58 0.180 0
88 12 N4 N2 116 0.180 1
89 1 N3 N5 0 0.220 0
89 2 N3 N3 76 0.220 0
89 3 N3 N2 157 0.220 1
89 4 N5 N3 65 1.440 0
89 5 N5 N2 136 1.440 1
89 6 N5 N5 69 1.440 0
89 7 N2 N3 0 0.050 0
89 8 N2 N5 0 0.050 0
89 9 N2 N2 230 0.050 1
89 10 N4 N5 42 0.220 0
89 11 N4 N3 55 0.220 0
89 12 N4 N2 111 0.220 1
90 1 N3 N5 0 0.350 0
90 2 N3 N3 76 0.350 0
90 3 N3 N2 158 0.350 1
90 4 N5 N3 65 2.540 0
90 5 N5 N2 136 2.540 1
90 6 N5 N5 69 2.540 0
90 7 N2 N3 0 0.150 0
90 8 N2 N5 0 0.150 0
90 9 N2 N2 230 0.150 1
90 10 N4 N5 0 0.300 0
90 11 N4 N3 52 0.300 0
90 12 N4 N2 106 0.300 1
91 1 N3 N5 0 0.420 0
91 2 N3 N3 76 0.420 0
91 3 N3 N2 159 0.420 1
91 4 N5 N3 63 0.850 0
91 5 N5 N2 137 0.850 1
91 6 N5 N5 68 0.850 0
91 7 N2 N3 0 0.220 0
91 8 N2 N5 0 0.220 0
91 9 N2 N2 231 0.220 1
91 10 N4 N5 0 0.390 0
91 11 N4 N3 50 0.390 0
91 12 N4 N2 105 0.390 1
92 1 N3 N5 0 0.090 0
92 2 N3 N3 76 0.090 0
92 3 N3 N2 161 0.090 1
92 4 N5 N3 63 1.940 0
92 5 N5 N2 137 1.940 1
92 6 N5 N5 68 1.940 0
92 7 N2 N3 0 0.260 0
92 8 N2 N5 0 0.260 0
92 9 N2 N2 232 0.260 1
92 10 N4 N5 0 0.090 0
92 11 N4 N3 49 0.090 0
92 12 N4 N2 105 0.090 1
93 1 N3 N5 0 0.050 0
93 2 N3 N3 75 0.050 0
93 3 N3 N2 165 0.050 1
93 4 N5 N3 60 0.590 0
93 5 N5 N2 133 0.590 1
93 6 N5 N5 0 0.590 0
93 7 N2 N3 57 0.350 0
93 8 N2 N5 0 0.350 0
93 9 N2 N2 233 0.350 1
93 10 N4 N5 0 0.070 0
93 11 N4 N3 47 0.070 0
93 12 N4 N2 103 0.070 1
94 1 N3 N5 0 0.260 0
94 2 N3 N3 75 0.260 0
94 3 N3 N2 166 0.260 1
94 4 N5 N3 60 1.680 0
94 5 N5 N2 133 1.680 1
94 6 N5 N5 0 1.680 0
94 7 N2 N3 57 0.410 0
94 8 N2 N5 0 0.410 0
94 9 N2 N2 233 0.410 1
94 10 N4 N5 0 0.670 0
94 11 N4 N3 47 0.670 0
94 12 N4 N2 101 0.670 1
95 1 N3 N5 0 0.840 0
95 2 N3 N3 75 0.840 0
95 3 N3 N2 167 0.840 1
95 4 N5 N3 60 0.540 0
95 5 N5 N2 130 0.540 1
95 6 N5 N5 0 0.540 0
95 7 N2 N3 57 0.480 0
95 8 N2 N5 0 0.480 0
95 9 N2 N2 233 0.480 1
95 10 N4 N5 0 0.720 0
95 11 N4 N3 47 0.720 0
95 12 N4 N2 101 0.720 1
96 1 N3 N5 0 0.290 0
96 2 N3 N3 76 0.290 0
96 3 N3 N2 163 0.290 1
96 4 N5 N3 60 0.300 0
96 5 N5 N2 125 0.300 1
96 6 N5 N5 0 0.300 0
96 7 N2 N3 57 0.040 0
96 8 N2 N5 0 0.040 0
96 9 N2 N2 233 0.040 1
96 10 N4 N5 0 0.300 0
96 11 N4 N3 48 0.300 0
96 12 N4 N2 100 0.300 1
97 1 N3 N5 0 0.020 0
97 2 N3 N3 77 0.020 0
97 3 N3 N2 160 0.020 1
97 4 N5 N3 60 1.390 0
97 5 N5 N2 125 1.390 1
97 6 N5 N5 0 1.390 0
97 7 N2 N3 57 0.090 0
97 8 N2 N5 0 0.090 0
97 9 N2 N2 233 0.090 1
97 10 N4 N5 0 0.090 0
97 11 N4 N3 48 0.090 0
97 12 N4 N2 100 0.090 1
98 1 N3 N5 0 0.350 0
98 2 N3 N3 77 0.350 0
98 3 N3 N2 156 0.350 1
98 4 N5 N3 57 0.350 0
98 5 N5 N2 119 0.350 1
98 6 N5 N5 0 0.350 0
98 7 N2 N3 59 0.150 0
98 8 N2 N5 0 0.150 0
98 9 N2 N2 233 0.150 1
98 10 N4 N5 0 0.350 0
98 11 N4 N3 48 0.350 0
98 12 N4 N2 100 0.350 1
99 1 N3 N5 0 0.030 0
99 2 N3 N3 78 0.030 0
99 3 N3 N2 151 0.030 1
99 4 N5 N3 57 1.440 0
99 5 N5 N2 119 1.440 1
99 6 N5 N5 0 1.440 0
99 7 N2 N3 59 0.210 0
99 8 N2 N5 0 0.210 0
99 9 N2 N2 232 0.210 1
99 10 N4 N5 0 0.450 0
99 11 N4 N3 48 0.450 0
99 12 N4 N2 100 0.450 1
100 1 N3 N5 0 0.120 0
100 2 N3 N3 78 0.120 0
100 3 N3 N2 151 0.120 1
100 4 N5 N3 58 0.780 0
100 5 N5 N2 117 0.780 1
100 6 N5 N5 0 0.780 0
100 7 N2 N3 60 0.100 0
100 8 N2 N5 0 0.100 0
100 9 N2 N2 230 0.100 1
100 10 N4 N5 0 0.490 0
100 11 N4 N3 49 0.490 0
100 12 N4 N2 99 0.490 1
101 1 N3 N5 0 0.120 0
101 2 N3 N3 78 0.120 0
101 3 N3 N2 150 0.120 1
101 4 N5 N3 58 1.870 0
101 5 N5 N2 117 1.870 1
101 6 N5 N5 0 1.870 0
101 7 N2 N3 60 0.320 0
101 8 N2 N5 0 0.320 0
101 9 N2 N2 230 0.320 1
101 10 N4 N5 0 0.540 0
101 11 N4 N3 49 0.540 0
101 12 N4 N2 99 0.540 1
102 1 N3 N5 0 0.350 0
102 2 N3 N3 79 0.350 0
102 3 N3 N2 149 0.350 1
102 4 N5 N3 58 2.970 0
102 5 N5 N2 117 2.970 1
102 6 N5 N5 0 2.970 0
102 7 N2 N3 60 0.420 0
102 8 N2 N5 0 0.420 0
102 9 N2 N2 230 0.420 1
102 10 N4 N5 0 0.640 0
102 11 N4 N3 49 0.640 0
102 12 N4 N2 99 0.640 1
103 1 N3 N5 0 0.270 0
103 2 N3 N3 79 0.270 0
103 3 N3 N2 147 0.270 1
103 4 N5 N3 58 4.060 0
103 5 N5 N2 117 4.060 1
103 6 N5 N5 0 4.060 0
103 7 N2 N3 60 0.390 0
103 8 N2 N5 0 0.390 0
103 9 N2 N2 229 0.390 1
103 10 N4 N5 0 0.280 0
103 11 N4 N3 49 0.280 0
103 12 N4 N2 97 0.280 1
104 1 N3 N5 0 0.010 0
104 2 N3 N3 81 0.010 0
104 3 N3 N2 143 0.010 1
104 4 N5 N3 58 5.150 0
104 5 N5 N2 117 5.150 1
104 6 N5 N5 0 5.150 0
104 7 N2 N3 61 0.040 0
104 8 N2 N5 0 0.040 0
104 9 N2 N2 228 0.040 1
104 10 N4 N5 0 0.780 0
104 11 N4 N3 49 0.780 0
104 12 N4 N2 96 0.780 1
105 1 N3 N5 0 1.100 0
105 2 N3 N3 81 1.100 0
105 3 N3 N2 143 1.100 1
105 4 N5 N3 58 0.380 0
105 5 N5 N2 111 0.380 1
105 6 N5 N5 0 0.380 0
105 7 N2 N3 61 0.070 0
105 8 N2 N5 0 0.070 0
105 9 N2 N2 227 0.070 1
105 10 N4 N5 0 1.860 0
105 11 N4 N3 49 1.860 0
105 12 N4 N2 96 1.860 1
106 1 N3 N5 0 0.060 0
106 2 N3 N3 84 0.060 0
106 3 N3 N2 142 0.060 1
106 4 N5 N3 58 1.470 0
106 5 N5 N2 111 1.470 1
106 6 N5 N5 0 1.470 0
106 7 N2 N3 63 0.090 0
106 8 N2 N5 0 0.090 0
106 9 N2 N2 226 0.090 1
106 10 N4 N5 0 0.090 0
106 11 N4 N3 51 0.090 0
106 12 N4 N2 95 0.090 1
107 1 N3 N5 0 1.150 0
107 2 N3 N3 84 1.150 0
107 3 N3 N2 142 1.150 1
107 4 N5 N3 58 2.560 0
107 5 N5 N2 111 2.560 1
107 6 N5 N5 0 2.560 0
107 7 N2 N3 65 0.200 0
107 8 N2 N5 0 0.200 0
107 9 N2 N2 226 0.200 1
107 10 N4 N5 0 1.180 0
107 11 N4 N3 51 1.180 0
107 12 N4 N2 95 1.180 1
108 1 N3 N5 0 0.270 0
108 2 N3 N3 88 0.270 0
108 3 N3 N2 141 0.270 1
108 4 N5 N3 58 3.680 0
108 5 N5 N2 111 3.680 1
108 6 N5 N5 0 3.680 0
108 7 N2 N3 67 0.260 0
108 8 N2 N5 0 0.260 0
108 9 N2 N2 226 0.260 1
108 10 N4 N5 0 0.280 0
108 11 N4 N3 55 0.280 0
108 12 N4 N2 91 0.280 1
109 1 N3 N5 0 1.360 0
109 2 N3 N3 88 1.360 0
109 3 N3 N2 141 1.360 1
109 4 N5 N3 58 4.770 0
109 5 N5 N2 111 4.770 1
109 6 N5 N5 0 4.770 0
109 7 N2 N3 67 0.300 0
109 8 N2 N5 0 0.300 0
109 9 N2 N2 226 0.300 1
109 10 N4 N5 0 1.370 0
109 11 N4 N3 55 1.370 0
109 12 N4 N2 91 1.370 1
110 1 N3 N5 0 0.030 0
110 2 N3 N3 96 0.030 0
110 3 N3 N2 142 0.030 1
110 4 N5 N3 58 5.850 0
110 5 N5 N2 111 5.850 1
110 6 N5 N5 0 5.850 0
110 7 N2 N3 74 0.030 0
110 8 N2 N5 0 0.030 0
110 9 N2 N2 226 0.030 1
110 10 N4 N5 0 0.410 0
110 11 N4 N3 56 0.410 0
110 12 N4 N2 90 0.410 1
111 1 N3 N5 0 1.050 0
111 2 N3 N3 96 1.050 0
111 3 N3 N2 142 1.050 1
111 4 N5 N3 58 6.950 0
111 5 N5 N2 111 6.950 1
111 6 N5 N5 0 6.950 0
111 7 N2 N3 74 0.470 0
111 8 N2 N5 0 0.470 0
111 9 N2 N2 226 0.470 1
111 10 N4 N5 0 1.020 0
111 11 N4 N3 56 1.020 0
111 12 N4 N2 89 1.020 1
112 1 N3 N5 0 0.840 0
112 2 N3 N3 96 0.840 0
112 3 N3 N2 142 0.840 1
112 4 N5 N3 58 8.040 0
112 5 N5 N2 111 8.040 1
112 6 N5 N5 0 8.040 0
112 7 N2 N3 79 0.040 0
112 8 N2 N5 0 0.040 0
112 9 N2 N2 227 0.040 1
112 10 N4 N5 0 2.110 0
112 11 N4 N3 56 2.110 0
112 12 N4 N2 89 2.110 1
113 1 N3 N5 0 0.550 0
113 2 N3 N3 99 0.550 0
113 3 N3 N2 143 0.550 1
113 4 N5 N3 58 9.140 0
113 5 N5 N2 111 9.140 1
113 6 N5 N5 0 9.140 0
113 7 N2 N3 79 0.120 0
113 8 N2 N5 0 0.120 0
113 9 N2 N2 228 0.120 1
113 10 N4 N5 0 0.430 0
113 11 N4 N3 63 0.430 0
113 12 N4 N2 89 0.430 1
114 1 N3 N5 0 0.100 0
114 2 N3 N3 107 0.100 0
114 3 N3 N2 142 0.100 1
114 4 N5 N3 58 10.260 0
114 5 N5 N2 111 10.260 1
114 6 N5 N5 0 10.260 0
114 7 N2 N3 79 0.200 0
114 8 N2 N5 0 0.200 0
114 9 N2 N2 229 0.200 1
114 10 N4 N5 0 1.550 0
114 11 N4 N3 63 1.550 0
114 12 N4 N2 89 1.550 1
115 1 N3 N5 0 1.190 0
115 2 N3 N3 107 1.190 0
115 3 N3 N2 142 1.190 1
115 4 N5 N3 58 11.350 0
115 5 N5 N2 111 11.350 1
115 6 N5 N5 0 11.350 0
115 7 N2 N3 86 0.240 0
115 8 N2 N5 0 0.240 0
115 9 N2 N2 229 0.240 1
115 10 N4 N5 0 2.640 0
115 11 N4 N3 63 2.640 0
115 12 N4 N2 89 2.640 1
116 1 N3 N5 0 0.760 0
116 2 N3 N3 113 0.760 0
116 3 N3 N2 141 0.760 1
116 4 N5 N3 58 12.440 0
116 5 N5 N2 111 12.440 1
116 6 N5 N5 0 12.440 0
116 7 N2 N3 86 0.290 0
116 8 N2 N5 0 0.290 0
116 9 N2 N2 229 0.290 1
116 10 N4 N5 0 0.800 0
116 11 N4 N3 67 0.800 0
116 12 N4 N2 93 0.800 1
117 1 N3 N5 0 1.850 0
117 2 N3 N3 113 1.850 0
117 3 N3 N2 141 1.850 1
117 4 N5 N3 58 13.530 0
117 5 N5 N2 111 13.530 1
117 6 N5 N5 0 13.530 0
117 7 N2 N3 86 0.330 0
117 8 N2 N5 0 0.330 0
117 9 N2 N2 228 0.330 1
117 10 N4 N5 0 1.890 0
117 11 N4 N3 67 1.890 0
117 12 N4 N2 93 1.890 1
118 1 N3 N5 0 0.360 0
118 2 N3 N3 118 0.360 0
118 3 N3 N2 138 0.360 1
118 4 N5 N3 58 14.620 0
118 5 N5 N2 111 14.620 1
118 6 N5 N5 0 14.620 0
118 7 N2 N3 0 0.400 0
118 8 N2 N5 0 0.400 0
118 9 N2 N2 227 0.400 1
118 10 N4 N5 0 0.720 0
118 11 N4 N3 68 0.720 0
118 12 N4 N2 94 0.720 1
119 1 N3 N5 0 1.450 0
119 2 N3 N3 118 1.450 0
119 3 N3 N2 138 1.450 1
119 4 N5 N3 58 15.710 0
119 5 N5 N2 111 15.710 1
119 6 N5 N5 0 15.710 0
119 7 N2 N3 0 0.460 0
119 8 N2 N5 0 0.460 0
119 9 N2 N2 225 0.460 1
119 10 N4 N5 0 1.810 0
119 11 N4 N3 68 1.810 0
119 12 N4 N2 94 1.810 1
120 1 N3 N5 0 0.630 0
120 2 N3 N3 120 0.630 0
120 3 N3 N2 137 0.630 1
120 4 N5 N3 58 16.800 0
120 5 N5 N2 111 16.800 1
120 6 N5 N5 0 16.800 0
120 7 N2 N3 0 0.510 0
120 8 N2 N5 0 0.510 0
120 9 N2 N2 223 0.510 1
120 10 N4 N5 0 0.630 0
120 11 N4 N3 70 0.630 0
120 12 N4 N2 98 0.630 1
121 1 N3 N5 0 0.480 0
121 2 N3 N3 122 0.480 0
121 3 N3 N2 135 0.480 1
121 4 N5 N3 58 17.890 0
121 5 N5 N2 111 17.890 1
121 6 N5 N5 0 17.890 0
121 7 N2 N3 0 0.040 0
121 8 N2 N5 0 0.040 0
121 9 N2 N2 220 0.040 1
121 10 N4 N5 0 1.720 0
121 11 N4 N3 70 1.720 0
121 12 N4 N2 98 1.720 1
122 1 N3 N5 0 1.590 0
122 2 N3 N3 122 1.590 0
122 3 N3 N2 135 1.590 1
122 4 N5 N3 58 19.000 0
122 5 N5 N2 111 19.000 1
122 6 N5 N5 0 19.000 0
122 7 N2 N3 0 0.130 0
122 8 N2 N5 0 0.130 0
122 9 N2 N2 218 0.130 1
122 10 N4 N5 0 2.830 0
122 11 N4 N3 70 2.830 0
122 12 N4 N2 98 2.830 1
123 1 N3 N5 0 2.680 0
123 2 N3 N3 122 2.680 0
123 3 N3 N2 135 2.680 1
123 4 N5 N3 58 20.090 0
123 5 N5 N2 111 20.090 1
123 6 N5 N5 0 20.090 0
123 7 N2 N3 0 0.170 0
123 8 N2 N5 0 0.170 0
123 9 N2 N2 217 0.170 1
123 10 N4 N5 0 3.920 0
123 11 N4 N3 70 3.920 0
123 12 N4 N2 98 3.920 1
124 1 N3 N5 0 0.240 0
124 2 N3 N3 122 0.240 0
124 3 N3 N2 135 0.240 1
124 4 N5 N3 58 21.190 0
124 5 N5 N2 111 21.190 1
124 6 N5 N5 0 21.190 0
124 7 N2 N3 0 0.260 0
124 8 N2 N5 0 0.260 0
124 9 N2 N2 216 0.260 1
124 10 N4 N5 0 0.260 0
124 11 N4 N3 74 0.260 0
124 12 N4 N2 100 0.260 1
125 1 N3 N5 0 0.310 0
125 2 N3 N3 121 0.310 0
125 3 N3 N2 134 0.310 1
125 4 N5 N3 58 22.280 0
125 5 N5 N2 111 22.280 1
125 6 N5 N5 0 22.280 0
125 7 N2 N3 57 0.330 0
125 8 N2 N5 0 0.330 0
125 9 N2 N2 216 0.330 1
125 10 N4 N5 0 1.350 0
125 11 N4 N3 74 1.350 0
125 12 N4 N2 100 1.350 1
126 1 N3 N5 0 1.410 0
126 2 N3 N3 121 1.410 0
126 3 N3 N2 134 1.410 1
126 4 N5 N3 58 23.380 0
126 5 N5 N2 111 23.380 1
126 6 N5 N5 0 23.380 0
126 7 N2 N3 57 0.030 0
126 8 N2 N5 0 0.030 0
126 9 N2 N2 216 0.030 1
126 10 N4 N5 0 2.450 0
126 11 N4 N3 74 2.450 0
126 12 N4 N2 100 2.450 1
127 1 N3 N5 0 0.690 0
127 2 N3 N3 118 0.690 0
127 3 N3 N2 134 0.690 1
127 4 N5 N3 58 24.460 0
127 5 N5 N2 111 24.460 1
127 6 N5 N5 0 24.460 0
127 7 N2 N3 59 0.440 0
127 8 N2 N5 0 0.440 0
127 9 N2 N2 217 0.440 1
127 10 N4 N5 0 0.700 0
127 11 N4 N3 79 0.700 0
127 12 N4 N2 102 0.700 1
128 1 N3 N5 0 0.080 0
128 2 N3 N3 114 0.080 0
128 3 N3 N2 134 0.080 1
128 4 N5 N3 58 25.560 0
128 5 N5 N2 111 25.560 1
128 6 N5 N5 0 25.560 0
128 7 N2 N3 59 0.520 0
128 8 N2 N5 0 0.520 0
128 9 N2 N2 218 0.520 1
128 10 N4 N5 0 0.100 0
128 11 N4 N3 85 0.100 0
128 12 N4 N2 101 0.100 1
129 1 N3 N5 0 0.120 0
129 2 N3 N3 114 0.120 0
129 3 N3 N2 133 0.120 1
129 4 N5 N3 58 26.650 0
129 5 N5 N2 111 26.650 1
129 6 N5 N5 0 26.650 0
129 7 N2 N3 59 0.060 0
129 8 N2 N5 0 0.060 0
129 9 N2 N2 220 0.060 1
129 10 N4 N5 0 0.120 0
129 11 N4 N3 87 0.120 0
129 12 N4 N2 101 0.120 1
130 1 N3 N5 0 0.950 0
130 2 N3 N3 112 0.950 0
130 3 N3 N2 133 0.950 1
130 4 N5 N3 58 27.740 0
130 5 N5 N2 111 27.740 1
130 6 N5 N5 0 27.740 0
130 7 N2 N3 59 0.110 0
130 8 N2 N5 0 0.110 0
130 9 N2 N2 221 0.110 1
130 10 N4 N5 0 1.210 0
130 11 N4 N3 87 1.210 0
130 12 N4 N2 101 1.210 1
131 1 N3 N5 0 0.540 0
131 2 N3 N3 115 0.540 0
131 3 N3 N2 131 0.540 1
131 4 N5 N3 50 0.530 0
131 5 N5 N2 98 0.530 1
131 6 N5 N5 0 0.530 0
131 7 N2 N3 59 0.150 0
131 8 N2 N5 0 0.150 0
131 9 N2 N2 221 0.150 1
131 10 N4 N5 0 0.530 0
131 11 N4 N3 88 0.530 0
131 12 N4 N2 100 0.530 1
132 1 N3 N5 0 0.780 0
132 2 N3 N3 116 0.780 0
132 3 N3 N2 129 0.780 1
132 4 N5 N3 50 1.620 0
132 5 N5 N2 98 1.620 1
132 6 N5 N5 0 1.620 0
132 7 N2 N3 61 0.210 0
132 8 N2 N5 0 0.210 0
132 9 N2 N2 221 0.210 1
132 10 N4 N5 0 0.820 0
132 11 N4 N3 90 0.820 0
132 12 N4 N2 100 0.820 1
133 1 N3 N5 0 0.130 0
133 2 N3 N3 117 0.130 0
133 3 N3 N2 128 0.130 1
133 4 N5 N3 50 2.710 0
133 5 N5 N2 98 2.710 1
133 6 N5 N5 0 2.710 0
133 7 N2 N3 65 0.120 0
133 8 N2 N5 0 0.120 0
133 9 N2 N2 221 0.120 1
133 10 N4 N5 0 0.240 0
133 11 N4 N3 89 0.240 0
133 12 N4 N2 101 0.240 1
134 1 N3 N5 0 1.220 0
134 2 N3 N3 117 1.220 0
134 3 N3 N2 128 1.220 1
134 4 N5 N3 50 3.800 0
134 5 N5 N2 98 3.800 1
134 6 N5 N5 0 3.800 0
134 7 N2 N3 65 0.270 0
134 8 N2 N5 0 0.270 0
134 9 N2 N2 221 0.270 1
134 10 N4 N5 0 0.290 0
134 11 N4 N3 90 0.290 0
134 12 N4 N2 102 0.290 1
135 1 N3 N5 0 0.320 0
135 2 N3 N3 115 0.320 0
135 3 N3 N2 128 0.320 1
135 4 N5 N3 48 0.940 0
135 5 N5 N2 64 0.940 1
135 6 N5 N5 0 0.940 0
135 7 N2 N3 70 0.340 0
135 8 N2 N5 0 0.340 0
135 9 N2 N2 221 0.340 1
135 10 N4 N5 0 1.380 0
135 11 N4 N3 90 1.380 0
135 12 N4 N2 102 1.380 1
136 1 N3 N5 0 0.290 0
136 2 N3 N3 112 0.290 0
136 3 N3 N2 128 0.290 1
136 4 N5 N3 48 2.040 0
136 5 N5 N2 64 2.040 1
136 6 N5 N5 0 2.040 0
136 7 N2 N3 63 0.440 0
136 8 N2 N5 0 0.440 0
136 9 N2 N2 221 0.440 1
136 10 N4 N5 0 0.950 0
136 11 N4 N3 91 0.950 0
136 12 N4 N2 102 0.950 1
137 1 N3 N5 0 0.350 0
137 2 N3 N3 109 0.350 0
137 3 N3 N2 130 0.350 1
137 4 N5 N3 46 0.670 0
137 5 N5 N2 57 0.670 1
137 6 N5 N5 0 0.670 0
137 7 N2 N3 61 0.510 0
137 8 N2 N5 0 0.510 0
137 9 N2 N2 221 0.510 1
137 10 N4 N5 0 0.000 0
137 11 N4 N3 91 0.000 0
137 12 N4 N2 103 0.000 1
138 1 N3 N5 0 0.950 0
138 2 N3 N3 109 0.950 0
138 3 N3 N2 131 0.950 1
138 4 N5 N3 46 1.770 0
138 5 N5 N2 57 1.770 1
138 6 N5 N5 0 1.770 0
138 7 N2 N3 61 0.080 0
138 8 N2 N5 0 0.080 0
138 9 N2 N2 221 0.080 1
138 10 N4 N5 0 0.090 0
138 11 N4 N3 91 0.090 0
138 12 N4 N2 106 0.090 1
139 1 N3 N5 0 0.120 0
139 2 N3 N3 103 0.120 0
139 3 N3 N2 131 0.120 1
139 4 N5 N3 46 2.860 0
139 5 N5 N2 57 2.860 1
139 6 N5 N5 0 2.860 0
139 7 N2 N3 57 0.020 0
139 8 N2 N5 0 0.020 0
139 9 N2 N2 223 0.020 1
139 10 N4 N5 0 0.160 0
139 11 N4 N3 89 0.160 0
139 12 N4 N2 107 0.160 1
140 1 N3 N5 0 0.080 0
140 2 N3 N3 103 0.080 0
140 3 N3 N2 131 0.080 1
140 4 N5 N3 44 0.980 0
140 5 N5 N2 47 0.980 1
140 6 N5 N5 0 0.980 0
140 7 N2 N3 53 0.230 0
140 8 N2 N5 0 0.230 0
140 9 N2 N2 224 0.230 1
140 10 N4 N5 0 0.230 0
140 11 N4 N3 86 0.230 0
140 12 N4 N2 106 0.230 1
141 1 N3 N5 0 0.640 0
141 2 N3 N3 100 0.640 0
141 3 N3 N2 130 0.640 1
141 4 N5 N3 42 0.300 0
141 5 N5 N2 42 0.300 1
141 6 N5 N5 0 0.300 0
141 7 N2 N3 54 0.180 0
141 8 N2 N5 0 0.180 0
141 9 N2 N2 225 0.180 1
141 10 N4 N5 0 0.190 0
141 11 N4 N3 85 0.190 0
141 12 N4 N2 105 0.190 1
142 1 N3 N5 0 0.180 0
142 2 N3 N3 99 0.180 0
142 3 N3 N2 131 0.180 1
142 4 N5 N3 42 1.390 0
142 5 N5 N2 42 1.390 1
142 6 N5 N5 0 1.390 0
142 7 N2 N3 54 0.230 0
142 8 N2 N5 0 0.230 0
142 9 N2 N2 226 0.230 1
142 10 N4 N5 0 0.340 0
142 11 N4 N3 78 0.340 0
142 12 N4 N2 103 0.340 1
143 1 N3 N5 0 0.350 0
143 2 N3 N3 98 0.350 0
143 3 N3 N2 131 0.350 1
143 4 N5 N3 42 2.480 0
143 5 N5 N2 42 2.480 1
143 6 N5 N5 0 2.480 0
143 7 N2 N3 54 0.400 0
143 8 N2 N5 0 0.400 0
143 9 N2 N2 227 0.400 1
143 10 N4 N5 0 0.400 0
143 11 N4 N3 78 0.400 0
143 12 N4 N2 103 0.400 1
144 1 N3 N5 0 0.310 0
144 2 N3 N3 98 0.310 0
144 3 N3 N2 132 0.310 1
144 4 N5 N3 42 3.570 0
144 5 N5 N2 42 3.570 1
144 6 N5 N5 0 3.570 0
144 7 N2 N3 54 0.460 0
144 8 N2 N5 0 0.460 0
144 9 N2 N2 228 0.460 1
144 10 N4 N5 0 0.040 0
144 11 N4 N3 74 0.040 0
144 12 N4 N2 102 0.040 1
145 1 N3 N5 0 0.360 0
145 2 N3 N3 96 0.360 0
145 3 N3 N2 133 0.360 1
145 4 N5 N3 30 0.880 0
145 5 N5 N2 31 0.880 1
145 6 N5 N5 0 0.880 0
145 7 N2 N3 56 0.040 0
145 8 N2 N5 0 0.040 0
145 9 N2 N2 229 0.040 1
145 10 N4 N5 0 0.550 0
145 11 N4 N3 73 0.550 0
145 12 N4 N2 100 0.550 1
146 1 N3 N5 0 0.050 0
146 2 N3 N3 96 0.050 0
146 3 N3 N2 133 0.050 1
146 4 N5 N3 30 0.600 0
146 5 N5 N2 28 0.600 1
146 6 N5 N5 0 0.600 0
146 7 N2 N3 56 0.060 0
146 8 N2 N5 0 0.060 0
146 9 N2 N2 230 0.060 1
146 10 N4 N5 0 0.060 0
146 11 N4 N3 71 0.060 0
146 12 N4 N2 98 0.060 1
147 1 N3 N5 0 0.140 0
147 2 N3 N3 98 0.140 0
147 3 N3 N2 131 0.140 1
147 4 N5 N3 30 1.700 0
147 5 N5 N2 28 1.700 1
147 6 N5 N5 0 1.700 0
147 7 N2 N3 61 0.180 0
147 8 N2 N5 0 0.180 0
147 9 N2 N2 231 0.180 1
147 10 N4 N5 0 0.180 0
147 11 N4 N3 71 0.180 0
147 12 N4 N2 96 0.180 1
148 1 N3 N5 0 0.100 0
148 2 N3 N3 98 0.100 0
148 3 N3 N2 128 0.100 1
148 4 N5 N3 28 0.370 0
148 5 N5 N2 30 0.370 1
148 6 N5 N5 0 0.370 0
148 7 N2 N3 65 0.140 0
148 8 N2 N5 0 0.140 0
148 9 N2 N2 232 0.140 1
148 10 N4 N5 0 0.760 0
148 11 N4 N3 70 0.760 0
148 12 N4 N2 94 0.760 1
149 1 N3 N5 0 0.270 0
149 2 N3 N3 100 0.270 0
149 3 N3 N2 126 0.270 1
149 4 N5 N3 29 0.910 0
149 5 N5 N2 32 0.910 1
149 6 N5 N5 0 0.910 0
149 7 N2 N3 70 0.310 0
149 8 N2 N5 0 0.310 0
149 9 N2 N2 233 0.310 1
149 10 N4 N5 0 0.730 0
149 11 N4 N3 71 0.730 0
149 12 N4 N2 91 0.730 1
150 1 N3 N5 0 0.210 0
150 2 N3 N3 101 0.210 0
150 3 N3 N2 124 0.210 1
150 4 N5 N3 34 0.460 0
150 5 N5 N2 36 0.460 1
150 6 N5 N5 0 0.460 0
150 7 N2 N3 70 0.370 0
150 8 N2 N5 0 0.370 0
150 9 N2 N2 235 0.370 1
150 10 N4 N5 0 0.370 0
150 11 N4 N3 74 0.370 0
150 12 N4 N2 90 0.370 1
151 1 N3 N5 0 0.820 0
151 2 N3 N3 103 0.820 0
151 3 N3 N2 124 0.820 1
151 4 N5 N3 37 0.370 0
151 5 N5 N2 42 0.370 1
151 6 N5 N5 0 0.370 0
151 7 N2 N3 70 0.430 0
151 8 N2 N5 0 0.430 0
151 9 N2 N2 237 0.430 1
151 10 N4 N5 0 0.420 0
151 11 N4 N3 75 0.420 0
151 12 N4 N2 91 0.420 1
152 1 N3 N5 0 0.390 0
152 2 N3 N3 104 0.390 0
152 3 N3 N2 124 0.390 1
152 4 N5 N3 38 0.590 0
152 5 N5 N2 46 0.590 1
152 6 N5 N5 0 0.590 0
152 7 N2 N3 72 0.500 0
152 8 N2 N5 0 0.500 0
152 9 N2 N2 239 0.500 1
152 10 N4 N5 0 1.510 0
152 11 N4 N3 75 1.510 0
152 12 N4 N2 91 1.510 1
153 1 N3 N5 0 0.030 0
153 2 N3 N3 105 0.030 0
153 3 N3 N2 125 0.030 1
153 4 N5 N3 38 0.490 0
153 5 N5 N2 46 0.490 1
153 6 N5 N5 0 0.490 0
153 7 N2 N3 73 0.030 0
153 8 N2 N5 0 0.030 0
153 9 N2 N2 240 0.030 1
153 10 N4 N5 0 2.600 0
153 11 N4 N3 75 2.600 0
153 12 N4 N2 91 2.600 1
154 1 N3 N5 0 0.080 0
154 2 N3 N3 108 0.080 0
154 3 N3 N2 125 0.080 1
154 4 N5 N3 41 0.210 0
154 5 N5 N2 50 0.210 1
154 6 N5 N5 0 0.210 0
154 7 N2 N3 73 0.120 0
154 8 N2 N5 0 0.120 0
154 9 N2 N2 241 0.120 1
154 10 N4 N5 0 0.120 0
154 11 N4 N3 76 0.120 0
154 12 N4 N2 93 0.120 1
155 1 N3 N5 0 0.040 0
155 2 N3 N3 107 0.040 0
155 3 N3 N2 125 0.040 1
155 4 N5 N3 41 1.300 0
155 5 N5 N2 50 1.300 1
155 6 N5 N5 0 1.300 0
155 7 N2 N3 73 0.190 0
155 8 N2 N5 0 0.190 0
155 9 N2 N2 241 0.190 1
155 10 N4 N5 0 0.720 0
155 11 N4 N3 76 0.720 0
155 12 N4 N2 93 0.720 1
156 1 N3 N5 0 0.190 0
156 2 N3 N3 106 0.190 0
156 3 N3 N2 125 0.190 1
156 4 N5 N3 41 0.650 0
156 5 N5 N2 52 0.650 1
156 6 N5 N5 0 0.650 0
156 7 N2 N3 75 0.260 0
156 8 N2 N5 0 0.260 0
156 9 N2 N2 241 0.260 1
156 10 N4 N5 0 1.810 0
156 11 N4 N3 76 1.810 0
156 12 N4 N2 93 1.810 1
157 1 N3 N5 0 0.110 0
157 2 N3 N3 105 0.110 0
157 3 N3 N2 127 0.110 1
157 4 N5 N3 42 0.860 0
157 5 N5 N2 55 0.860 1
157 6 N5 N5 0 0.860 0
157 7 N2 N3 79 0.330 0
157 8 N2 N5 0 0.330 0
157 9 N2 N2 240 0.330 1
157 10 N4 N5 0 0.720 0
157 11 N4 N3 76 0.720 0
157 12 N4 N2 95 0.720 1
158 1 N3 N5 0 0.160 0
158 2 N3 N3 105 0.160 0
158 3 N3 N2 127 0.160 1
158 4 N5 N3 42 0.200 0
158 5 N5 N2 60 0.200 1
158 6 N5 N5 0 0.200 0
158 7 N2 N3 71 0.260 0
158 8 N2 N5 0 0.260 0
158 9 N2 N2 239 0.260 1
158 10 N4 N5 0 1.810 0
158 11 N4 N3 76 1.810 0
158 12 N4 N2 95 1.810 1
159 1 N3 N5 0 0.130 0
159 2 N3 N3 103 0.130 0
159 3 N3 N2 127 0.130 1
159 4 N5 N3 42 0.420 0
159 5 N5 N2 60 0.420 1
159 6 N5 N5 0 0.420 0
159 7 N2 N3 64 0.130 0
159 8 N2 N5 0 0.130 0
159 9 N2 N2 239 0.130 1
159 10 N4 N5 0 0.310 0
159 11 N4 N3 77 0.310 0
159 12 N4 N2 98 0.310 1
160 1 N3 N5 0 1.220 0
160 2 N3 N3 103 1.220 0
160 3 N3 N2 127 1.220 1
160 4 N5 N3 42 0.400 0
160 5 N5 N2 60 0.400 1
160 6 N5 N5 0 0.400 0
160 7 N2 N3 60 0.030 0
160 8 N2 N5 0 0.030 0
160 9 N2 N2 239 0.030 1
160 10 N4 N5 0 0.370 0
160 11 N4 N3 77 0.370 0
160 12 N4 N2 100 0.370 1
161 1 N3 N5 0 0.020 0
161 2 N3 N3 99 0.020 0
161 3 N3 N2 131 0.020 1
161 4 N5 N3 44 0.140 0
161 5 N5 N2 64 0.140 1
161 6 N5 N5 0 0.140 0
161 7 N2 N3 59 0.500 0
161 8 N2 N5 0 0.500 0
161 9 N2 N2 239 0.500 1
161 10 N4 N5 0 0.660 0
161 11 N4 N3 77 0.660 0
161 12 N4 N2 100 0.660 1
162 1 N3 N5 0 0.460 0
162 2 N3 N3 98 0.460 0
162 3 N3 N2 132 0.460 1
162 4 N5 N3 44 0.560 0
162 5 N5 N2 64 0.560 1
162 6 N5 N5 0 0.560 0
162 7 N2 N3 59 0.150 0
162 8 N2 N5 0 0.150 0
162 9 N2 N2 240 0.150 1
162 10 N4 N5 0 0.980 0
162 11 N4 N3 78 0.980 0
162 12 N4 N2 102 0.980 1
163 1 N3 N5 0 0.460 0
163 2 N3 N3 97 0.460 0
163 3 N3 N2 134 0.460 1
163 4 N5 N3 44 0.460 0
163 5 N5 N2 64 0.460 1
163 6 N5 N5 0 0.460 0
163 7 N2 N3 57 0.190 0
163 8 N2 N5 0 0.190 0
163 9 N2 N2 241 0.190 1
163 10 N4 N5 0 0.060 0
163 11 N4 N3 78 0.060 0
163 12 N4 N2 104 0.060 1
164 1 N3 N5 0 0.110 0
164 2 N3 N3 94 0.110 0
164 3 N3 N2 136 0.110 1
164 4 N5 N3 44 0.140 0
164 5 N5 N2 67 0.140 1
164 6 N5 N5 0 0.140 0
164 7 N2 N3 57 0.220 0
164 8 N2 N5 0 0.220 0
164 9 N2 N2 242 0.220 1
164 10 N4 N5 0 0.220 0
164 11 N4 N3 77 0.220 0
164 12 N4 N2 106 0.220 1
165 1 N3 N5 0 0.270 0
165 2 N3 N3 91 0.270 0
165 3 N3 N2 142 0.270 1
165 4 N5 N3 46 0.480 0
165 5 N5 N2 75 0.480 1
165 6 N5 N5 0 0.480 0
165 7 N2 N3 56 0.300 0
165 8 N2 N5 0 0.300 0
165 9 N2 N2 244 0.300 1
165 10 N4 N5 0 0.180 0
165 11 N4 N3 76 0.180 0
165 12 N4 N2 113 0.180 1
166 1 N3 N5 0 0.220 0
166 2 N3 N3 90 0.220 0
166 3 N3 N2 144 0.220 1
166 4 N5 N3 46 0.570 0
166 5 N5 N2 76 0.570 1
166 6 N5 N5 0 0.570 0
166 7 N2 N3 56 0.280 0
166 8 N2 N5 0 0.280 0
166 9 N2 N2 246 0.280 1
166 10 N4 N5 0 1.300 0
166 11 N4 N3 76 1.300 0
166 12 N4 N2 113 1.300 1
167 1 N3 N5 0 0.310 0
167 2 N3 N3 89 0.310 0
167 3 N3 N2 148 0.310 1
167 4 N5 N3 46 0.630 0
167 5 N5 N2 82 0.630 1
167 6 N5 N5 0 0.630 0
167 7 N2 N3 55 0.380 0
167 8 N2 N5 0 0.380 0
167 9 N2 N2 248 0.380 1
167 10 N4 N5 0 0.840 0
167 11 N4 N3 75 0.840 0
167 12 N4 N2 113 0.840 1
168 1 N3 N5 0 0.370 0
168 2 N3 N3 89 0.370 0
168 3 N3 N2 148 0.370 1
168 4 N5 N3 50 0.130 0
168 5 N5 N2 86 0.130 1
168 6 N5 N5 0 0.130 0
168 7 N2 N3 55 0.020 0
168 8 N2 N5 0 0.020 0
168 9 N2 N2 247 0.020 1
168 10 N4 N5 0 0.740 0
168 11 N4 N3 74 0.740 0
168 12 N4 N2 114 0.740 1
169 1 N3 N5 0 0.040 0
169 2 N3 N3 89 0.040 0
169 3 N3 N2 150 0.040 1
169 4 N5 N3 51 0.190 0
169 5 N5 N2 90 0.190 1
169 6 N5 N5 0 0.190 0
169 7 N2 N3 56 0.060 0
169 8 N2 N5 0 0.060 0
169 9 N2 N2 247 0.060 1
169 10 N4 N5 0 1.830 0
169 11 N4 N3 74 1.830 0
169 12 N4 N2 114 1.830 1
170 1 N3 N5 5 0.100 0
170 2 N3 N3 88 0.100 0
170 3 N3 N2 151 0.100 1
170 4 N5 N3 53 0.490 0
170 5 N5 N2 96 0.490 1
170 6 N5 N5 7 0.490 0
170 7 N2 N3 56 0.100 0
170 8 N2 N5 0 0.100 0
170 9 N2 N2 247 0.100 1
170 10 N4 N5 0 0.910 0
170 11 N4 N3 73 0.910 0
170 12 N4 N2 115 0.910 1
171 1 N3 N5 5 1.060 0
171 2 N3 N3 88 1.060 0
171 3 N3 N2 151 1.060 1
171 4 N5 N3 54 1.050 0
171 5 N5 N2 96 1.050 1
171 6 N5 N5 7 1.050 0
171 7 N2 N3 56 0.680 0
171 8 N2 N5 0 0.680 0
171 9 N2 N2 247 0.680 1
171 10 N4 N5 0 2.000 0
171 11 N4 N3 73 2.000 0
171 12 N4 N2 115 2.000 1
172 1 N3 N5 5 0.110 0
172 2 N3 N3 87 0.110 0
172 3 N3 N2 147 0.110 1
172 4 N5 N3 57 0.750 0
172 5 N5 N2 101 0.750 1
172 6 N5 N5 7 0.750 0
172 7 N2 N3 51 0.250 0
172 8 N2 N5 2 0.250 0
172 9 N2 N2 247 0.250 1
172 10 N4 N5 0 3.090 0
172 11 N4 N3 73 3.090 0
172 12 N4 N2 115 3.090 1
173 1 N3 N5 5 0.710 0
173 2 N3 N3 87 0.710 0
173 3 N3 N2 146 0.710 1
173 4 N5 N3 60 0.860 0
173 5 N5 N2 107 0.860 1
173 6 N5 N5 7 0.860 0
173 7 N2 N3 49 0.300 0
173 8 N2 N5 2 0.300 0
173 9 N2 N2 247 0.300 1
173 10 N4 N5 0 0.860 0
173 11 N4 N3 71 0.860 0
173 12 N4 N2 114 0.860 1
174 1 N3 N5 4 0.260 0
174 2 N3 N3 88 0.260 0
174 3 N3 N2 145 0.260 1
174 4 N5 N3 64 0.080 0
174 5 N5 N2 109 0.080 1
174 6 N5 N5 8 0.080 0
174 7 N2 N3 47 0.250 0
174 8 N2 N5 2 0.250 0
174 9 N2 N2 247 0.250 1
174 10 N4 N5 0 0.400 0
174 11 N4 N3 68 0.400 0
174 12 N4 N2 113 0.400 1
175 1 N3 N5 5 0.350 0
175 2 N3 N3 88 0.350 0
175 3 N3 N2 146 0.350 1
175 4 N5 N3 65 0.030 0
175 5 N5 N2 118 0.030 1
175 6 N5 N5 11 0.030 0
175 7 N2 N3 47 0.440 0
175 8 N2 N5 4 0.440 0
175 9 N2 N2 248 0.440 1
175 10 N4 N5 11 0.390 0
175 11 N4 N3 67 0.390 0
175 12 N4 N2 113 0.390 1
176 1 N3 N5 7 0.910 0
176 2 N3 N3 87 0.910 0
176 3 N3 N2 147 0.910 1
176 4 N5 N3 63 0.190 0
176 5 N5 N2 120 0.190 1
176 6 N5 N5 12 0.190 0
176 7 N2 N3 47 0.480 0
176 8 N2 N5 4 0.480 0
176 9 N2 N2 248 0.480 1
176 10 N4 N5 11 1.470 0
176 11 N4 N3 67 1.470 0
176 12 N4 N2 113 1.470 1
177 1 N3 N5 9 0.090 0
177 2 N3 N3 83 0.090 0
177 3 N3 N2 150 0.090 1
177 4 N5 N3 62 0.140 0
177 5 N5 N2 126 0.140 1
177 6 N5 N5 14 0.140 0
177 7 N2 N3 47 0.020 0
177 8 N2 N5 8 0.020 0
177 9 N2 N2 248 0.020 1
177 10 N4 N5 13 0.470 0
177 11 N4 N3 67 0.470 0
177 12 N4 N2 112 0.470 1
178 1 N3 N5 16 0.010 0
178 2 N3 N3 83 0.010 0
178 3 N3 N2 157 0.010 1
178 4 N5 N3 62 0.190 0
178 5 N5 N2 131 0.190 1
178 6 N5 N5 16 0.190 0
178 7 N2 N3 48 0.070 0
178 8 N2 N5 12 0.070 0
178 9 N2 N2 248 0.070 1
178 10 N4 N5 13 0.070 0
178 11 N4 N3 66 0.070 0
178 12 N4 N2 113 0.070 1
179 1 N3 N5 20 0.110 0
179 2 N3 N3 84 0.110 0
179 3 N3 N2 159 0.110 1
179 4 N5 N3 63 0.260 0
179 5 N5 N2 132 0.260 1
179 6 N5 N5 19 0.260 0
179 7 N2 N3 48 0.530 0
179 8 N2 N5 15 0.530 0
179 9 N2 N2 247 0.530 1
179 10 N4 N5 20 0.890 0
179 11 N4 N3 66 0.890 0
179 12 N4 N2 113 0.890 1
180 1 N3 N5 27 0.180 0
180 2 N3 N3 83 0.180 0
180 3 N3 N2 160 0.180 1
180 4 N5 N3 63 0.290 0
180 5 N5 N2 134 0.290 1
180 6 N5 N5 28 0.290 0
180 7 N2 N3 43 0.100 0
180 8 N2 N5 22 0.100 0
180 9 N2 N2 247 0.100 1
180 10 N4 N5 20 1.980 0
180 11 N4 N3 66 1.980 0
180 12 N4 N2 113 1.980 1
181 1 N3 N5 37 0.260 0
181 2 N3 N3 79 0.260 0
181 3 N3 N2 163 0.260 1
181 4 N5 N3 61 0.070 0
181 5 N5 N2 134 0.070 1
181 6 N5 N5 38 0.070 0
181 7 N2 N3 40 0.300 0
181 8 N2 N5 29 0.300 0
181 9 N2 N2 246 0.300 1
181 10 N4 N5 23 0.910 0
181 11 N4 N3 65 0.910 0
181 12 N4 N2 116 0.910 1
182 1 N3 N5 47 0.330 0
182 2 N3 N3 77 0.330 0
182 3 N3 N2 164 0.330 1
182 4 N5 N3 59 0.140 0
182 5 N5 N2 133 0.140 1
182 6 N5 N5 47 0.140 0
182 7 N2 N3 40 0.240 0
182 8 N2 N5 38 0.240 0
182 9 N2 N2 246 0.240 1
182 10 N4 N5 28 0.250 0
182 11 N4 N3 62 0.250 0
182 12 N4 N2 118 0.250 1
183 1 N3 N5 47 0.900 0
183 2 N3 N3 76 0.900 0
183 3 N3 N2 165 0.900 1
183 4 N5 N3 59 0.100 0
183 5 N5 N2 132 0.100 1
183 6 N5 N5 55 0.100 0
183 7 N2 N3 39 0.280 0
183 8 N2 N5 38 0.280 0
183 9 N2 N2 246 0.280 1
183 10 N4 N5 28 1.340 0
183 11 N4 N3 62 1.340 0
183 12 N4 N2 118 1.340 1
184 1 N3 N5 54 0.050 0
184 2 N3 N3 75 0.050 0
184 3 N3 N2 169 0.050 1
184 4 N5 N3 58 0.150 0
184 5 N5 N2 134 0.150 1
184 6 N5 N5 64 0.150 0
184 7 N2 N3 37 0.360 0
184 8 N2 N5 47 0.360 0
184 9 N2 N2 246 0.360 1
184 10 N4 N5 30 0.620 0
184 11 N4 N3 60 0.620 0
184 12 N4 N2 122 0.620 1
185 1 N3 N5 64 0.000 0
185 2 N3 N3 75 0.000 0
185 3 N3 N2 172 0.000 1
185 4 N5 N3 57 0.610 0
185 5 N5 N2 135 0.610 1
185 6 N5 N5 64 0.610 0
185 7 N2 N3 36 0.520 0
185 8 N2 N5 50 0.520 0
185 9 N2 N2 247 0.520 1
185 10 N4 N5 30 1.710 0
185 11 N4 N3 60 1.710 0
185 12 N4 N2 122 1.710 1
186 1 N3 N5 65 0.020 0
186 2 N3 N3 75 0.020 0
186 3 N3 N2 175 0.020 1
186 4 N5 N3 56 0.410 0
186 5 N5 N2 135 0.410 1
186 6 N5 N5 70 0.410 0
186 7 N2 N3 37 0.040 0
186 8 N2 N5 52 0.040 0
186 9 N2 N2 249 0.040 1
186 10 N4 N5 39 0.600 0
186 11 N4 N3 57 0.600 0
186 12 N4 N2 125 0.600 1
187 1 N3 N5 66 0.040 0
187 2 N3 N3 74 0.040 0
187 3 N3 N2 176 0.040 1
187 4 N5 N3 56 0.010 0
187 5 N5 N2 135 0.010 1
187 6 N5 N5 73 0.010 0
187 7 N2 N3 39 0.110 0
187 8 N2 N5 50 0.110 0
187 9 N2 N2 250 0.110 1
187 10 N4 N5 44 0.040 0
187 11 N4 N3 56 0.040 0
187 12 N4 N2 124 0.040 1
188 1 N3 N5 67 0.170 0
188 2 N3 N3 72 0.170 0
188 3 N3 N2 176 0.170 1
188 4 N5 N3 57 0.070 0
188 5 N5 N2 134 0.070 1
188 6 N5 N5 74 0.070 0
188 7 N2 N3 40 0.060 0
188 8 N2 N5 48 0.060 0
188 9 N2 N2 252 0.060 1
188 10 N4 N5 45 0.060 0
188 11 N4 N3 53 0.060 0
188 12 N4 N2 125 0.060 1
189 1 N3 N5 67 0.240 0
189 2 N3 N3 73 0.240 0
189 3 N3 N2 174 0.240 1
189 4 N5 N3 57 0.130 0
189 5 N5 N2 129 0.130 1
189 6 N5 N5 76 0.130 0
189 7 N2 N3 44 0.110 0
189 8 N2 N5 48 0.110 0
189 9 N2 N2 253 0.110 1
189 10 N4 N5 45 0.030 0
189 11 N4 N3 54 0.030 0
189 12 N4 N2 124 0.030 1
190 1 N3 N5 67 0.310 0
190 2 N3 N3 76 0.310 0
190 3 N3 N2 174 0.310 1
190 4 N5 N3 59 0.100 0
190 5 N5 N2 126 0.100 1
190 6 N5 N5 77 0.100 0
190 7 N2 N3 50 0.130 0
190 8 N2 N5 50 0.130 0
190 9 N2 N2 254 0.130 1
190 10 N4 N5 47 0.020 0
190 11 N4 N3 55 0.020 0
190 12 N4 N2 122 0.020 1
191 1 N3 N5 68 0.370 0
191 2 N3 N3 79 0.370 0
191 3 N3 N2 173 0.370 1
191 4 N5 N3 59 0.280 0
191 5 N5 N2 126 0.280 1
191 6 N5 N5 78 0.280 0
191 7 N2 N3 52 0.240 0
191 8 N2 N5 53 0.240 0
191 9 N2 N2 254 0.240 1
191 10 N4 N5 48 0.450 0
191 11 N4 N3 56 0.450 0
191 12 N4 N2 121 0.450 1
192 1 N3 N5 70 0.040 0
192 2 N3 N3 81 0.040 0
192 3 N3 N2 174 0.040 1
192 4 N5 N3 63 0.240 0
192 5 N5 N2 127 0.240 1
192 6 N5 N5 80 0.240 0
192 7 N2 N3 54 0.280 0
192 8 N2 N5 55 0.280 0
192 9 N2 N2 254 0.280 1
192 10 N4 N5 50 0.160 0
192 11 N4 N3 58 0.160 0
192 12 N4 N2 123 0.160 1
193 1 N3 N5 72 0.090 0
193 2 N3 N3 85 0.090 0
193 3 N3 N2 177 0.090 1
193 4 N5 N3 63 0.300 0
193 5 N5 N2 134 0.300 1
193 6 N5 N5 82 0.300 0
193 7 N2 N3 57 0.360 0
193 8 N2 N5 58 0.360 0
193 9 N2 N2 254 0.360 1
193 10 N4 N5 52 0.290 0
193 11 N4 N3 59 0.290 0
193 12 N4 N2 123 0.290 1
194 1 N3 N5 78 0.040 0
194 2 N3 N3 90 0.040 0
194 3 N3 N2 176 0.040 1
194 4 N5 N3 67 0.380 0
194 5 N5 N2 141 0.380 1
194 6 N5 N5 84 0.380 0
194 7 N2 N3 60 0.050 0
194 8 N2 N5 60 0.050 0
194 9 N2 N2 253 0.050 1
194 10 N4 N5 53 0.360 0
194 11 N4 N3 60 0.360 0
194 12 N4 N2 122 0.360 1
195 1 N3 N5 83 0.100 0
195 2 N3 N3 94 0.100 0
195 3 N3 N2 177 0.100 1
195 4 N5 N3 67 0.030 0
195 5 N5 N2 149 0.030 1
195 6 N5 N5 90 0.030 0
195 7 N2 N3 62 0.010 0
195 8 N2 N5 65 0.010 0
195 9 N2 N2 252 0.010 1
195 10 N4 N5 57 0.030 0
195 11 N4 N3 63 0.030 0
195 12 N4 N2 121 0.030 1
196 1 N3 N5 87 0.190 0
196 2 N3 N3 94 0.190 0
196 3 N3 N2 176 0.190 1
196 4 N5 N3 68 0.010 0
196 5 N5 N2 153 0.010 1
196 6 N5 N5 95 0.010 0
196 7 N2 N3 63 0.080 0
196 8 N2 N5 68 0.080 0
196 9 N2 N2 251 0.080 1
196 10 N4 N5 61 0.070 0
196 11 N4 N3 65 0.070 0
196 12 N4 N2 119 0.070 1
197 1 N3 N5 94 0.260 0
197 2 N3 N3 95 0.260 0
197 3 N3 N2 177 0.260 1
197 4 N5 N3 66 0.090 0
197 5 N5 N2 156 0.090 1
197 6 N5 N5 100 0.090 0
197 7 N2 N3 64 0.100 0
197 8 N2 N5 73 0.100 0
197 9 N2 N2 251 0.100 1
197 10 N4 N5 62 0.630 0
197 11 N4 N3 65 0.630 0
197 12 N4 N2 119 0.630 1
198 1 N3 N5 97 0.310 0
198 2 N3 N3 96 0.310 0
198 3 N3 N2 178 0.310 1
198 4 N5 N3 64 0.130 0
198 5 N5 N2 158 0.130 1
198 6 N5 N5 104 0.130 0
198 7 N2 N3 63 0.180 0
198 8 N2 N5 83 0.180 0
198 9 N2 N2 251 0.180 1
198 10 N4 N5 62 0.670 0
198 11 N4 N3 66 0.670 0
198 12 N4 N2 119 0.670 1
199 1 N3 N5 105 0.200 0
199 2 N3 N3 95 0.200 0
199 3 N3 N2 179 0.200 1
199 4 N5 N3 64 0.080 0
199 5 N5 N2 161 0.080 1
199 6 N5 N5 111 0.080 0
199 7 N2 N3 62 0.190 0
199 8 N2 N5 93 0.190 0
199 9 N2 N2 251 0.190 1
199 10 N4 N5 62 1.760 0
199 11 N4 N3 66 1.760 0
199 12 N4 N2 119 1.760 1
200 1 N3 N5 109 0.400 0
200 2 N3 N3 94 0.400 0
200 3 N3 N2 181 0.400 1
200 4 N5 N3 63 0.250 0
200 5 N5 N2 163 0.250 1
200 6 N5 N5 116 0.250 0
200 7 N2 N3 63 0.300 0
200 8 N2 N5 101 0.300 0
200 9 N2 N2 251 0.300 1
200 10 N4 N5 66 0.260 0
200 11 N4 N3 66 0.260 0
200 12 N4 N2 121 0.260 1
201 1 N3 N5 115 0.540 0
201 2 N3 N3 93 0.540 0
201 3 N3 N2 182 0.540 1
201 4 N5 N3 58 0.440 0
201 5 N5 N2 164 0.440 1
201 6 N5 N5 124 0.440 0
201 7 N2 N3 63 0.350 0
201 8 N2 N5 107 0.350 0
201 9 N2 N2 252 0.350 1
201 10 N4 N5 74 0.440 0
201 11 N4 N3 66 0.440 0
201 12 N4 N2 124 0.440 1
202 1 N3 N5 115 0.590 0
202 2 N3 N3 89 0.590 0
202 3 N3 N2 182 0.590 1
202 4 N5 N3 55 0.020 0
202 5 N5 N2 168 0.020 1
202 6 N5 N5 137 0.020 0
202 7 N2 N3 61 0.000 0
202 8 N2 N5 112 0.000 0
202 9 N2 N2 252 0.000 1
202 10 N4 N5 74 0.530 0
202 11 N4 N3 65 0.530 0
202 12 N4 N2 126 0.530 1
203 1 N3 N5 121 0.150 0
203 2 N3 N3 85 0.150 0
203 3 N3 N2 180 0.150 1
203 4 N5 N3 55 0.100 0
203 5 N5 N2 172 0.100 1
203 6 N5 N5 145 0.100 0
203 7 N2 N3 61 0.050 0
203 8 N2 N5 117 0.050 0
203 9 N2 N2 252 0.050 1
203 10 N4 N5 79 0.900 0
203 11 N4 N3 65 0.900 0
203 12 N4 N2 127 0.900 1
204 1 N3 N5 122 0.220 0
204 2 N3 N3 84 0.220 0
204 3 N3 N2 177 0.220 1
204 4 N5 N3 55 0.060 0
204 5 N5 N2 177 0.060 1
204 6 N5 N5 152 0.060 0
204 7 N2 N3 61 0.110 0
204 8 N2 N5 123 0.110 0
204 9 N2 N2 252 0.110 1
204 10 N4 N5 84 0.110 0
204 11 N4 N3 65 0.110 0
204 12 N4 N2 129 0.110 1
205 1 N3 N5 125 0.290 0
205 2 N3 N3 84 0.290 0
205 3 N3 N2 175 0.290 1
205 4 N5 N3 50 0.140 0
205 5 N5 N2 179 0.140 1
205 6 N5 N5 157 0.140 0
205 7 N2 N3 66 0.030 0
205 8 N2 N5 128 0.030 0
205 9 N2 N2 251 0.030 1
205 10 N4 N5 89 0.150 0
205 11 N4 N3 66 0.150 0
205 12 N4 N2 131 0.150 1
206 1 N3 N5 126 0.390 0
206 2 N3 N3 86 0.390 0
206 3 N3 N2 175 0.390 1
206 4 N5 N3 50 0.690 0
206 5 N5 N2 180 0.690 1
206 6 N5 N5 159 0.690 0
206 7 N2 N3 69 0.060 0
206 8 N2 N5 128 0.060 0
206 9 N2 N2 250 0.060 1
206 10 N4 N5 91 0.550 0
206 11 N4 N3 67 0.550 0
206 12 N4 N2 132 0.550 1
207 1 N3 N5 130 0.080 0
207 2 N3 N3 91 0.080 0
207 3 N3 N2 175 0.080 1
207 4 N5 N3 50 0.220 0
207 5 N5 N2 181 0.220 1
207 6 N5 N5 168 0.220 0
207 7 N2 N3 69 0.160 0
207 8 N2 N5 132 0.160 0
207 9 N2 N2 250 0.160 1
207 10 N4 N5 97 0.760 0
207 11 N4 N3 69 0.760 0
207 12 N4 N2 135 0.760 1
208 1 N3 N5 131 0.020 0
208 2 N3 N3 96 0.020 0
208 3 N3 N2 178 0.020 1
208 4 N5 N3 50 0.280 0
208 5 N5 N2 184 0.280 1
208 6 N5 N5 170 0.280 0
208 7 N2 N3 76 0.180 0
208 8 N2 N5 135 0.180 0
208 9 N2 N2 250 0.180 1
208 10 N4 N5 97 0.350 0
208 11 N4 N3 73 0.350 0
208 12 N4 N2 139 0.350 1
209 1 N3 N5 130 0.040 0
209 2 N3 N3 101 0.040 0
209 3 N3 N2 180 0.040 1
209 4 N5 N3 50 0.350 0
209 5 N5 N2 187 0.350 1
209 6 N5 N5 173 0.350 0
209 7 N2 N3 79 0.230 0
209 8 N2 N5 139 0.230 0
209 9 N2 N2 250 0.230 1
209 10 N4 N5 100 0.390 0
209 11 N4 N3 77 0.390 0
209 12 N4 N2 143 0.390 1
210 1 N3 N5 130 0.160 0
210 2 N3 N3 102 0.160 0
210 3 N3 N2 181 0.160 1
210 4 N5 N3 0 0.030 0
210 5 N5 N2 189 0.030 1
210 6 N5 N5 177 0.030 0
210 7 N2 N3 81 0.340 0
210 8 N2 N5 140 0.340 0
210 9 N2 N2 249 0.340 1
210 10 N4 N5 102 0.980 0
210 11 N4 N3 78 0.980 0
210 12 N4 N2 143 0.980 1
211 1 N3 N5 130 1.250 0
211 2 N3 N3 102 1.250 0
211 3 N3 N2 181 1.250 1
211 4 N5 N3 0 1.010 0
211 5 N5 N2 189 1.010 1
211 6 N5 N5 177 1.010 0
211 7 N2 N3 83 0.490 0
211 8 N2 N5 141 0.490 0
211 9 N2 N2 249 0.490 1
211 10 N4 N5 102 2.070 0
211 11 N4 N3 78 2.070 0
211 12 N4 N2 143 2.070 1
212 1 N3 N5 126 0.290 0
212 2 N3 N3 112 0.290 0
212 3 N3 N2 182 0.290 1
212 4 N5 N3 80 0.030 0
212 5 N5 N2 193 0.030 1
212 6 N5 N5 181 0.030 0
212 7 N2 N3 86 0.020 0
212 8 N2 N5 140 0.020 0
212 9 N2 N2 248 0.020 1
212 10 N4 N5 104 0.080 0
212 11 N4 N3 85 0.080 0
212 12 N4 N2 145 0.080 1
213 1 N3 N5 124 0.370 0
213 2 N3 N3 119 0.370 0
213 3 N3 N2 182 0.370 1
213 4 N5 N3 80 0.120 0
213 5 N5 N2 196 0.120 1
213 6 N5 N5 182 0.120 0
213 7 N2 N3 88 0.100 0
213 8 N2 N5 140 0.100 0
213 9 N2 N2 247 0.100 1
213 10 N4 N5 104 1.170 0
213 11 N4 N3 85 1.170 0
213 12 N4 N2 145 1.170 1
214 1 N3 N5 121 0.070 0
214 2 N3 N3 124 0.070 0
214 3 N3 N2 183 0.070 1
214 4 N5 N3 80 0.200 0
214 5 N5 N2 199 0.200 1
214 6 N5 N5 185 0.200 0
214 7 N2 N3 94 0.570 0
214 8 N2 N5 141 0.570 0
214 9 N2 N2 247 0.570 1
214 10 N4 N5 103 0.210 0
214 11 N4 N3 88 0.210 0
214 12 N4 N2 144 0.210 1
215 1 N3 N5 118 0.040 0
215 2 N3 N3 128 0.040 0
215 3 N3 N2 182 0.040 1
215 4 N5 N3 80 0.070 0
215 5 N5 N2 200 0.070 1
215 6 N5 N5 188 0.070 0
215 7 N2 N3 98 0.140 0
215 8 N2 N5 141 0.140 0
215 9 N2 N2 247 0.140 1
215 10 N4 N5 102 0.260 0
215 11 N4 N3 92 0.260 0
215 12 N4 N2 143 0.260 1
216 1 N3 N5 115 0.090 0
216 2 N3 N3 132 0.090 0
216 3 N3 N2 183 0.090 1
216 4 N5 N3 80 0.310 0
216 5 N5 N2 199 0.310 1
216 6 N5 N5 190 0.310 0
216 7 N2 N3 103 0.210 0
216 8 N2 N5 146 0.210 0
216 9 N2 N2 246 0.210 1
216 10 N4 N5 93 0.220 0
216 11 N4 N3 97 0.220 0
216 12 N4 N2 141 0.220 1
217 1 N3 N5 113 0.170 0
217 2 N3 N3 134 0.170 0
217 3 N3 N2 184 0.170 1
217 4 N5 N3 80 0.340 0
217 5 N5 N2 199 0.340 1
217 6 N5 N5 194 0.340 0
217 7 N2 N3 101 0.240 0
217 8 N2 N5 150 0.240 0
217 9 N2 N2 245 0.240 1
217 10 N4 N5 93 0.920 0
217 11 N4 N3 99 0.920 0
217 12 N4 N2 141 0.920 1
218 1 N3 N5 111 0.220 0
218 2 N3 N3 133 0.220 0
218 3 N3 N2 185 0.220 1
218 4 N5 N3 80 0.380 0
218 5 N5 N2 197 0.380 1
218 6 N5 N5 198 0.380 0
218 7 N2 N3 100 0.370 0
218 8 N2 N5 159 0.370 0
218 9 N2 N2 245 0.370 1
218 10 N4 N5 85 0.480 0
218 11 N4 N3 100 0.480 0
218 12 N4 N2 142 0.480 1
219 1 N3 N5 109 0.300 0
219 2 N3 N3 132 0.300 0
219 3 N3 N2 186 0.300 1
219 4 N5 N3 80 0.020 0
219 5 N5 N2 196 0.020 1
219 6 N5 N5 202 0.020 0
219 7 N2 N3 99 0.040 0
219 8 N2 N5 165 0.040 0
219 9 N2 N2 244 0.040 1
219 10 N4 N5 85 0.050 0
219 11 N4 N3 101 0.050 0
219 12 N4 N2 143 0.050 1
220 1 N3 N5 107 0.320 0
220 2 N3 N3 131 0.320 0
220 3 N3 N2 186 0.320 1
220 4 N5 N3 78 0.090 0
220 5 N5 N2 196 0.090 0
220 6 N5 N5 208 0.090 1
220 7 N2 N3 99 0.070 0
220 8 N2 N5 168 0.070 0
220 9 N2 N2 243 0.070 1
220 10 N4 N5 83 0.090 0
220 11 N4 N3 101 0.090 0
220 12 N4 N2 143 0.090 1
221 1 N3 N5 107 1.410 0
221 2 N3 N3 131 1.410 0
221 3 N3 N2 186 1.410 1
221 4 N5 N3 78 0.060 0
221 5 N5 N2 195 0.060 0
221 6 N5 N5 211 0.060 1
221 7 N2 N3 98 0.110 0
221 8 N2 N5 176 0.110 0
221 9 N2 N2 242 0.110 1
221 10 N4 N5 83 0.150 0
221 11 N4 N3 101 0.150 0
221 12 N4 N2 141 0.150 1
222 1 N3 N5 107 0.940 0
222 2 N3 N3 131 0.940 0
222 3 N3 N2 184 0.940 1
222 4 N5 N3 78 0.120 0
222 5 N5 N2 194 0.120 0
222 6 N5 N5 217 0.120 1
222 7 N2 N3 97 0.040 0
222 8 N2 N5 184 0.040 0
222 9 N2 N2 240 0.040 1
222 10 N4 N5 83 0.740 0
222 11 N4 N3 100 0.740 0
222 12 N4 N2 140 0.740 1
223 1 N3 N5 104 0.080 0
223 2 N3 N3 130 0.080 0
223 3 N3 N2 182 0.080 1
223 4 N5 N3 78 0.170 0
223 5 N5 N2 194 0.170 0
223 6 N5 N5 223 0.170 1
223 7 N2 N3 95 0.090 0
223 8 N2 N5 186 0.090 0
223 9 N2 N2 239 0.090 1
223 10 N4 N5 83 1.030 0
223 11 N4 N3 100 1.030 0
223 12 N4 N2 138 1.030 1
224 1 N3 N5 104 1.080 0
224 2 N3 N3 130 1.080 0
224 3 N3 N2 180 1.080 1
224 4 N5 N3 78 0.240 0
224 5 N5 N2 193 0.240 0
224 6 N5 N5 229 0.240 1
224 7 N2 N3 91 0.030 0
224 8 N2 N5 190 0.030 0
224 9 N2 N2 238 0.030 1
224 10 N4 N5 84 0.030 0
224 11 N4 N3 98 0.030 0
224 12 N4 N2 136 0.030 1
225 1 N3 N5 104 0.240 0
225 2 N3 N3 129 0.240 0
225 3 N3 N2 178 0.240 1
225 4 N5 N3 78 0.340 0
225 5 N5 N2 191 0.340 0
225 6 N5 N5 235 0.340 1
225 7 N2 N3 91 0.280 0
225 8 N2 N5 194 0.280 0
225 9 N2 N2 238 0.280 1
225 10 N4 N5 84 1.010 0
225 11 N4 N3 98 1.010 0
225 12 N4 N2 134 1.010 1
226 1 N3 N5 105 0.180 0
226 2 N3 N3 128 0.180 0
226 3 N3 N2 175 0.180 1
226 4 N5 N3 78 0.000 0
226 5 N5 N2 190 0.000 0
226 6 N5 N5 240 0.000 1
226 7 N2 N3 92 0.310 0
226 8 N2 N5 197 0.310 0
226 9 N2 N2 237 0.310 1
226 10 N4 N5 83 0.110 0
226 11 N4 N3 99 0.110 0
226 12 N4 N2 133 0.110 1
227 1 N3 N5 106 0.220 0
227 2 N3 N3 128 0.220 0
227 3 N3 N2 174 0.220 1
227 4 N5 N3 82 0.040 0
227 5 N5 N2 190 0.040 0
227 6 N5 N5 245 0.040 1
227 7 N2 N3 92 0.380 0
227 8 N2 N5 198 0.380 0
227 9 N2 N2 236 0.380 1
227 10 N4 N5 83 0.060 0
227 11 N4 N3 99 0.060 0
227 12 N4 N2 133 0.060 1
228 1 N3 N5 106 0.940 0
228 2 N3 N3 128 0.940 0
228 3 N3 N2 172 0.940 1
228 4 N5 N3 82 0.090 0
228 5 N5 N2 188 0.090 0
228 6 N5 N5 248 0.090 1
228 7 N2 N3 92 0.030 0
228 8 N2 N5 198 0.030 0
228 9 N2 N2 234 0.030 1
228 10 N4 N5 83 0.090 0
228 11 N4 N3 100 0.090 0
228 12 N4 N2 134 0.090 1
229 1 N3 N5 106 0.270 0
229 2 N3 N3 129 0.270 0
229 3 N3 N2 171 0.270 1
229 4 N5 N3 82 0.070 0
229 5 N5 N2 185 0.070 0
229 6 N5 N5 250 0.070 1
229 7 N2 N3 92 0.090 0
229 8 N2 N5 198 0.090 0
229 9 N2 N2 233 0.090 1
229 10 N4 N5 83 0.270 0
229 11 N4 N3 101 0.270 0
229 12 N4 N2 134 0.270 1
230 1 N3 N5 0 0.290 0
230 2 N3 N3 132 0.290 0
230 3 N3 N2 170 0.290 1
230 4 N5 N3 82 0.160 0
230 5 N5 N2 182 0.160 0
230 6 N5 N5 252 0.160 1
230 7 N2 N3 93 0.040 0
230 8 N2 N5 196 0.040 0
230 9 N2 N2 231 0.040 1
230 10 N4 N5 83 1.360 0
230 11 N4 N3 101 1.360 0
230 12 N4 N2 134 1.360 1
231 1 N3 N5 0 0.430 0
231 2 N3 N3 133 0.430 0
231 3 N3 N2 170 0.430 1
231 4 N5 N3 82 0.220 0
231 5 N5 N2 178 0.220 0
231 6 N5 N5 252 0.220 1
231 7 N2 N3 94 0.080 0
231 8 N2 N5 194 0.080 0
231 9 N2 N2 230 0.080 1
231 10 N4 N5 83 0.780 0
231 11 N4 N3 103 0.780 0
231 12 N4 N2 135 0.780 1
232 1 N3 N5 0 1.520 0
232 2 N3 N3 133 1.520 0
232 3 N3 N2 170 1.520 1
232 4 N5 N3 82 0.280 0
232 5 N5 N2 174 0.280 0
232 6 N5 N5 252 0.280 1
232 7 N2 N3 94 0.150 0
232 8 N2 N5 195 0.150 0
232 9 N2 N2 228 0.150 1
232 10 N4 N5 83 0.840 0
232 11 N4 N3 104 0.840 0
232 12 N4 N2 137 0.840 1
233 1 N3 N5 0 0.950 0
233 2 N3 N3 133 0.950 0
233 3 N3 N2 170 0.950 1
233 4 N5 N3 86 0.360 0
233 5 N5 N2 167 0.360 0
233 6 N5 N5 251 0.360 1
233 7 N2 N3 94 0.190 0
233 8 N2 N5 195 0.190 0
233 9 N2 N2 226 0.190 1
233 10 N4 N5 83 0.950 0
233 11 N4 N3 104 0.950 0
233 12 N4 N2 138 0.950 1
234 1 N3 N5 0 0.220 0
234 2 N3 N3 133 0.220 0
234 3 N3 N2 166 0.220 1
234 4 N5 N3 0 0.010 0
234 5 N5 N2 162 0.010 0
234 6 N5 N5 250 0.010 1
234 7 N2 N3 94 0.250 0
234 8 N2 N5 194 0.250 0
234 9 N2 N2 224 0.250 1
234 10 N4 N5 83 0.230 0
234 11 N4 N3 104 0.230 0
234 12 N4 N2 137 0.230 1
235 1 N3 N5 0 0.060 0
235 2 N3 N3 132 0.060 0
235 3 N3 N2 165 0.060 1
235 4 N5 N3 0 0.040 0
235 5 N5 N2 158 0.040 0
235 6 N5 N5 250 0.040 1
235 7 N2 N3 95 0.060 0
235 8 N2 N5 194 0.060 0
235 9 N2 N2 222 0.060 1
235 10 N4 N5 0 0.430 0
235 11 N4 N3 106 0.430 0
235 12 N4 N2 135 0.430 1
236 1 N3 N5 0 1.030 0
236 2 N3 N3 132 1.030 0
236 3 N3 N2 166 1.030 1
236 4 N5 N3 0 0.070 0
236 5 N5 N2 154 0.070 0
236 6 N5 N5 250 0.070 1
236 7 N2 N3 95 0.390 0
236 8 N2 N5 193 0.390 0
236 9 N2 N2 220 0.390 1
236 10 N4 N5 0 0.050 0
236 11 N4 N3 105 0.050 0
236 12 N4 N2 134 0.050 1
237 1 N3 N5 0 0.260 0
237 2 N3 N3 132 0.260 0
237 3 N3 N2 165 0.260 1
237 4 N5 N3 0 0.040 0
237 5 N5 N2 153 0.040 0
237 6 N5 N5 250 0.040 1
237 7 N2 N3 91 0.030 0
237 8 N2 N5 191 0.030 0
237 9 N2 N2 218 0.030 1
237 10 N4 N5 0 0.130 0
237 11 N4 N3 104 0.130 0
237 12 N4 N2 129 0.130 1
238 1 N3 N5 0 0.880 0
238 2 N3 N3 130 0.880 0
238 3 N3 N2 165 0.880 1
238 4 N5 N3 62 0.150 0
238 5 N5 N2 152 0.150 0
238 6 N5 N5 249 0.150 1
238 7 N2 N3 88 0.090 0
238 8 N2 N5 190 0.090 0
238 9 N2 N2 217 0.090 1
238 10 N4 N5 0 0.240 0
238 11 N4 N3 103 0.240 0
238 12 N4 N2 128 0.240 1
239 1 N3 N5 0 0.000 0
239 2 N3 N3 129 0.000 0
239 3 N3 N2 166 0.000 1
239 4 N5 N3 62 0.350 0
239 5 N5 N2 151 0.350 0
239 6 N5 N5 248 0.350 1
239 7 N2 N3 88 0.080 0
239 8 N2 N5 187 0.080 0
239 9 N2 N2 217 0.080 1
239 10 N4 N5 0 0.840 0
239 11 N4 N3 102 0.840 0
239 12 N4 N2 129 0.840 1
240 1 N3 N5 0 0.470 0
240 2 N3 N3 128 0.470 0
240 3 N3 N2 167 0.470 1
240 4 N5 N3 67 0.150 0
240 5 N5 N2 151 0.150 0
240 6 N5 N5 248 0.150 1
240 7 N2 N3 88 0.150 0
240 8 N2 N5 185 0.150 0
240 9 N2 N2 217 0.150 1
240 10 N4 N5 0 0.930 0
240 11 N4 N3 101 0.930 0
240 12 N4 N2 131 0.930 1
241 1 N3 N5 0 0.530 0
241 2 N3 N3 127 0.530 0
241 3 N3 N2 168 0.530 1
241 4 N5 N3 68 0.500 0
241 5 N5 N2 151 0.500 0
241 6 N5 N5 247 0.500 1
241 7 N2 N3 88 0.360 0
241 8 N2 N5 184 0.360 0
241 9 N2 N2 217 0.360 1
241 10 N4 N5 0 0.060 0
241 11 N4 N3 99 0.060 0
241 12 N4 N2 131 0.060 1
242 1 N3 N5 0 0.070 0
242 2 N3 N3 124 0.070 0
242 3 N3 N2 168 0.070 1
242 4 N5 N3 69 0.040 0
242 5 N5 N2 151 0.040 0
242 6 N5 N5 247 0.040 1
242 7 N2 N3 86 0.300 0
242 8 N2 N5 186 0.300 0
242 9 N2 N2 217 0.300 1
242 10 N4 N5 0 1.020 0
242 11 N4 N3 99 1.020 0
242 12 N4 N2 132 1.020 1
243 1 N3 N5 0 0.140 0
243 2 N3 N3 125 0.140 0
243 3 N3 N2 168 0.140 1
243 4 N5 N3 69 0.070 0
243 5 N5 N2 150 0.070 0
243 6 N5 N5 247 0.070 1
243 7 N2 N3 90 0.340 0
243 8 N2 N5 188 0.340 0
243 9 N2 N2 217 0.340 1
243 10 N4 N5 0 2.110 0
243 11 N4 N3 99 2.110 0
243 12 N4 N2 132 2.110 1
244 1 N3 N5 0 0.230 0
244 2 N3 N3 124 0.230 0
244 3 N3 N2 168 0.230 1
244 4 N5 N3 66 0.140 0
244 5 N5 N2 150 0.140 0
244 6 N5 N5 247 0.140 1
244 7 N2 N3 88 0.260 0
244 8 N2 N5 191 0.260 0
244 9 N2 N2 216 0.260 1
244 10 N4 N5 0 0.660 0
244 11 N4 N3 99 0.660 0
244 12 N4 N2 133 0.660 1
245 1 N3 N5 0 0.290 0
245 2 N3 N3 121 0.290 0
245 3 N3 N2 165 0.290 1
245 4 N5 N3 66 0.210 0
245 5 N5 N2 148 0.210 0
245 6 N5 N5 247 0.210 1
245 7 N2 N3 91 0.040 0
245 8 N2 N5 191 0.040 0
245 9 N2 N2 215 0.040 1
245 10 N4 N5 0 0.200 0
245 11 N4 N3 98 0.200 0
245 12 N4 N2 135 0.200 1
246 1 N3 N5 0 0.350 0
246 2 N3 N3 120 0.350 0
246 3 N3 N2 162 0.350 1
246 4 N5 N3 63 0.270 0
246 5 N5 N2 0 0.270 0
246 6 N5 N5 248 0.270 1
246 7 N2 N3 87 0.090 0
246 8 N2 N5 192 0.090 0
246 9 N2 N2 215 0.090 1
246 10 N4 N5 0 0.270 0
246 11 N4 N3 98 0.270 0
246 12 N4 N2 138 0.270 1
247 1 N3 N5 0 0.400 0
247 2 N3 N3 120 0.400 0
247 3 N3 N2 160 0.400 1
247 4 N5 N3 63 0.320 0
247 5 N5 N2 0 0.320 0
247 6 N5 N5 250 0.320 1
247 7 N2 N3 87 0.030 0
247 8 N2 N5 189 0.030 0
247 9 N2 N2 215 0.030 1
247 10 N4 N5 0 0.320 0
247 11 N4 N3 99 0.320 0
247 12 N4 N2 139 0.320 1
248 1 N3 N5 0 0.450 0
248 2 N3 N3 120 0.450 0
248 3 N3 N2 160 0.450 1
248 4 N5 N3 61 0.370 0
248 5 N5 N2 0 0.370 0
248 6 N5 N5 251 0.370 1
248 7 N2 N3 86 0.220 0
248 8 N2 N5 189 0.220 0
248 9 N2 N2 215 0.220 1
248 10 N4 N5 0 1.410 0
248 11 N4 N3 99 1.410 0
248 12 N4 N2 139 1.410 1
249 1 N3 N5 0 0.030 0
249 2 N3 N3 121 0.030 0
249 3 N3 N2 161 0.030 1
249 4 N5 N3 61 0.460 0
249 5 N5 N2 0 0.460 0
249 6 N5 N5 252 0.460 1
249 7 N2 N3 88 0.170 0
249 8 N2 N5 185 0.170 0
249 9 N2 N2 215 0.170 1
249 10 N4 N5 0 0.460 0
249 11 N4 N3 102 0.460 0
249 12 N4 N2 138 0.460 1
250 1 N3 N5 0 1.130 0
250 2 N3 N3 121 1.130 0
250 3 N3 N2 161 1.130 1
250 4 N5 N3 64 0.020 0
250 5 N5 N2 0 0.020 0
250 6 N5 N5 253 0.020 1
250 7 N2 N3 88 0.240 0
250 8 N2 N5 181 0.240 0
250 9 N2 N2 215 0.240 1
250 10 N4 N5 0 0.530 0
250 11 N4 N3 102 0.530 0
250 12 N4 N2 139 0.530 1
251 1 N3 N5 0 0.120 0
251 2 N3 N3 121 0.120 0
251 3 N3 N2 164 0.120 1
251 4 N5 N3 64 0.100 0
251 5 N5 N2 0 0.100 0
251 6 N5 N5 253 0.100 1
251 7 N2 N3 89 0.310 0
251 8 N2 N5 178 0.310 0
251 9 N2 N2 217 0.310 1
251 10 N4 N5 0 0.050 0
251 11 N4 N3 103 0.050 0
251 12 N4 N2 140 0.050 1
252 1 N3 N5 0 0.170 0
252 2 N3 N3 122 0.170 0
252 3 N3 N2 165 0.170 1
252 4 N5 N3 71 0.170 0
252 5 N5 N2 0 0.170 0
252 6 N5 N5 253 0.170 1
252 7 N2 N3 89 0.350 0
252 8 N2 N5 177 0.350 0
252 9 N2 N2 218 0.350 1
252 10 N4 N5 0 0.130 0
252 11 N4 N3 106 0.130 0
252 12 N4 N2 141 0.130 1
253 1 N3 N5 0 0.250 0
253 2 N3 N3 123 0.250 0
253 3 N3 N2 165 0.250 1
253 4 N5 N3 75 0.290 0
253 5 N5 N2 0 0.290 0
253 6 N5 N5 253 0.290 1
253 7 N2 N3 90 0.060 0
253 8 N2 N5 177 0.060 0
253 9 N2 N2 221 0.060 1
253 10 N4 N5 0 0.850 0
253 11 N4 N3 107 0.850 0
253 12 N4 N2 141 0.850 1
254 1 N3 N5 0 0.320 0
254 2 N3 N3 127 0.320 0
254 3 N3 N2 166 0.320 1
254 4 N5 N3 75 0.370 0
254 5 N5 N2 0 0.370 0
254 6 N5 N5 252 0.370 1
254 7 N2 N3 96 0.020 0
254 8 N2 N5 178 0.020 0
254 9 N2 N2 223 0.020 1
254 10 N4 N5 0 0.270 0
254 11 N4 N3 109 0.270 0
254 12 N4 N2 142 0.270 1
255 1 N3 N5 0 0.370 0
255 2 N3 N3 133 0.370 0
255 3 N3 N2 165 0.370 1
255 4 N5 N3 75 0.080 0
255 5 N5 N2 0 0.080 0
255 6 N5 N5 251 0.080 1
255 7 N2 N3 105 0.080 0
255 8 N2 N5 178 0.080 0
255 9 N2 N2 224 0.080 1
255 10 N4 N5 0 0.840 0
255 11 N4 N3 111 0.840 0
255 12 N4 N2 143 0.840 1
256 1 N3 N5 0 0.410 0
256 2 N3 N3 132 0.410 0
256 3 N3 N2 163 0.410 1
256 4 N5 N3 79 0.480 0
256 5 N5 N2 0 0.480 0
256 6 N5 N5 250 0.480 1
256 7 N2 N3 111 0.170 0
256 8 N2 N5 177 0.170 0
256 9 N2 N2 226 0.170 1
256 10 N4 N5 0 0.410 0
256 11 N4 N3 112 0.410 0
256 12 N4 N2 142 0.410 1
257 1 N3 N5 0 0.110 0
257 2 N3 N3 133 0.110 0
257 3 N3 N2 159 0.110 1
257 4 N5 N3 78 0.050 0
257 5 N5 N2 0 0.050 0
257 6 N5 N5 248 0.050 1
257 7 N2 N3 109 0.280 0
257 8 N2 N5 177 0.280 0
257 9 N2 N2 227 0.280 1
257 10 N4 N5 0 0.000 0
257 11 N4 N3 114 0.000 0
257 12 N4 N2 139 0.000 1
258 1 N3 N5 0 0.020 0
258 2 N3 N3 133 0.020 0
258 3 N3 N2 158 0.020 1
258 4 N5 N3 77 0.110 0
258 5 N5 N2 0 0.110 0
258 6 N5 N5 248 0.110 1
258 7 N2 N3 109 0.370 0
258 8 N2 N5 178 0.370 0
258 9 N2 N2 229 0.370 1
258 10 N4 N5 0 0.570 0
258 11 N4 N3 114 0.570 0
258 12 N4 N2 137 0.570 1
259 1 N3 N5 0 0.110 0
259 2 N3 N3 133 0.110 0
259 3 N3 N2 155 0.110 1
259 4 N5 N3 76 0.170 0
259 5 N5 N2 0 0.170 0
259 6 N5 N5 248 0.170 1
259 7 N2 N3 109 0.010 0
259 8 N2 N5 179 0.010 0
259 9 N2 N2 231 0.010 1
259 10 N4 N5 0 0.140 0
259 11 N4 N3 115 0.140 0
259 12 N4 N2 135 0.140 1
260 1 N3 N5 0 0.170 0
260 2 N3 N3 134 0.170 0
260 3 N3 N2 153 0.170 1
260 4 N5 N3 76 0.230 0
260 5 N5 N2 0 0.230 0
260 6 N5 N5 248 0.230 1
260 7 N2 N3 109 0.100 0
260 8 N2 N5 181 0.100 0
260 9 N2 N2 234 0.100 1
260 10 N4 N5 0 0.300 0
260 11 N4 N3 116 0.300 0
260 12 N4 N2 133 0.300 1
261 1 N3 N5 0 0.770 0
261 2 N3 N3 134 0.770 0
261 3 N3 N2 152 0.770 1
261 4 N5 N3 76 0.290 0
261 5 N5 N2 0 0.290 0
261 6 N5 N5 248 0.290 1
261 7 N2 N3 107 0.060 0
261 8 N2 N5 185 0.060 0
261 9 N2 N2 236 0.060 1
261 10 N4 N5 0 0.240 0
261 11 N4 N3 117 0.240 0
261 12 N4 N2 132 0.240 1
262 1 N3 N5 0 0.790 0
262 2 N3 N3 134 0.790 0
262 3 N3 N2 152 0.790 1
262 4 N5 N3 73 0.350 0
262 5 N5 N2 0 0.350 0
262 6 N5 N5 248 0.350 1
262 7 N2 N3 106 0.140 0
262 8 N2 N5 184 0.140 0
262 9 N2 N2 238 0.140 1
262 10 N4 N5 0 0.780 0
262 11 N4 N3 117 0.780 0
262 12 N4 N2 132 0.780 1
263 1 N3 N5 0 0.340 0
263 2 N3 N3 132 0.340 0
263 3 N3 N2 153 0.340 1
263 4 N5 N3 69 0.070 0
263 5 N5 N2 0 0.070 0
263 6 N5 N5 247 0.070 1
263 7 N2 N3 105 0.220 0
263 8 N2 N5 184 0.220 0
263 9 N2 N2 240 0.220 1
263 10 N4 N5 0 1.870 0
263 11 N4 N3 117 1.870 0
263 12 N4 N2 132 1.870 1
264 1 N3 N5 0 1.430 0
264 2 N3 N3 132 1.430 0
264 3 N3 N2 153 1.430 1
264 4 N5 N3 68 0.470 0
264 5 N5 N2 0 0.470 0
264 6 N5 N5 247 0.470 1
264 7 N2 N3 105 0.280 0
264 8 N2 N5 182 0.280 0
264 9 N2 N2 242 0.280 1
264 10 N4 N5 0 0.750 0
264 11 N4 N3 117 0.750 0
264 12 N4 N2 132 0.750 1
265 1 N3 N5 0 0.440 0
265 2 N3 N3 132 0.440 0
265 3 N3 N2 156 0.440 1
265 4 N5 N3 67 0.000 0
265 5 N5 N2 0 0.000 0
265 6 N5 N5 246 0.000 1
265 7 N2 N3 98 0.330 0
265 8 N2 N5 179 0.330 0
265 9 N2 N2 243 0.330 1
265 10 N4 N5 0 0.970 0
265 11 N4 N3 117 0.970 0
265 12 N4 N2 133 0.970 1
266 1 N3 N5 0 0.490 0
266 2 N3 N3 132 0.490 0
266 3 N3 N2 159 0.490 1
266 4 N5 N3 66 0.060 0
266 5 N5 N2 0 0.060 0
266 6 N5 N5 245 0.060 1
266 7 N2 N3 98 0.000 0
266 8 N2 N5 178 0.000 0
266 9 N2 N2 245 0.000 1
266 10 N4 N5 0 0.540 0
266 11 N4 N3 115 0.540 0
266 12 N4 N2 135 0.540 1
267 1 N3 N5 0 0.070 0
267 2 N3 N3 129 0.070 0
267 3 N3 N2 163 0.070 1
267 4 N5 N3 65 0.680 0
267 5 N5 N2 0 0.680 0
267 6 N5 N5 244 0.680 1
267 7 N2 N3 98 0.070 0
267 8 N2 N5 177 0.070 0
267 9 N2 N2 246 0.070 1
267 10 N4 N5 0 0.110 0
267 11 N4 N3 109 0.110 0
267 12 N4 N2 137 0.110 1
268 1 N3 N5 0 0.250 0
268 2 N3 N3 121 0.250 0
268 3 N3 N2 164 0.250 1
268 4 N5 N3 64 0.350 0
268 5 N5 N2 0 0.350 0
268 6 N5 N5 244 0.350 1
268 7 N2 N3 98 0.620 0
268 8 N2 N5 178 0.620 0
268 9 N2 N2 247 0.620 1
268 10 N4 N5 0 1.290 0
268 11 N4 N3 109 1.290 0
268 12 N4 N2 137 1.290 1
269 1 N3 N5 0 0.310 0
269 2 N3 N3 115 0.310 0
269 3 N3 N2 164 0.310 1
269 4 N5 N3 64 0.940 0
269 5 N5 N2 0 0.940 0
269 6 N5 N5 243 0.940 1
269 7 N2 N3 90 0.140 0
269 8 N2 N5 181 0.140 0
269 9 N2 N2 248 0.140 1
269 10 N4 N5 0 0.360 0
269 11 N4 N3 105 0.360 0
269 12 N4 N2 138 0.360 1
270 1 N3 N5 0 0.510 0
270 2 N3 N3 106 0.510 0
270 3 N3 N2 163 0.510 1
270 4 N5 N3 60 0.010 0
270 5 N5 N2 0 0.010 0
270 6 N5 N5 243 0.010 1
270 7 N2 N3 80 0.230 0
270 8 N2 N5 183 0.230 0
270 9 N2 N2 249 0.230 1
270 10 N4 N5 0 0.950 0
270 11 N4 N3 105 0.950 0
270 12 N4 N2 137 0.950 1
271 1 N3 N5 0 0.450 0
271 2 N3 N3 101 0.450 0
271 3 N3 N2 160 0.450 1
271 4 N5 N3 58 0.070 0
271 5 N5 N2 0 0.070 0
271 6 N5 N5 243 0.070 1
271 7 N2 N3 80 0.280 0
271 8 N2 N5 186 0.280 0
271 9 N2 N2 250 0.280 1
271 10 N4 N5 0 0.120 0
271 11 N4 N3 100 0.120 0
271 12 N4 N2 137 0.120 1
272 1 N3 N5 0 0.030 0
272 2 N3 N3 101 0.030 0
272 3 N3 N2 154 0.030 1
272 4 N5 N3 58 0.130 0
272 5 N5 N2 0 0.130 0
272 6 N5 N5 244 0.130 1
272 7 N2 N3 78 0.350 0
272 8 N2 N5 189 0.350 0
272 9 N2 N2 250 0.350 1
272 10 N4 N5 0 0.170 0
272 11 N4 N3 90 0.170 0
272 12 N4 N2 133 0.170 1
273 1 N3 N5 0 0.090 0
273 2 N3 N3 98 0.090 0
273 3 N3 N2 152 0.090 1
273 4 N5 N3 57 0.190 0
273 5 N5 N2 0 0.190 0
273 6 N5 N5 244 0.190 1
273 7 N2 N3 77 0.030 0
273 8 N2 N5 192 0.030 0
273 9 N2 N2 251 0.030 1
273 10 N4 N5 0 0.150 0
273 11 N4 N3 87 0.150 0
273 12 N4 N2 131 0.150 1
274 1 N3 N5 0 0.160 0
274 2 N3 N3 97 0.160 0
274 3 N3 N2 150 0.160 1
274 4 N5 N3 54 0.250 0
274 5 N5 N2 0 0.250 0
274 6 N5 N5 245 0.250 1
274 7 N2 N3 78 0.060 0
274 8 N2 N5 195 0.060 0
274 9 N2 N2 251 0.060 1
274 10 N4 N5 0 0.720 0
274 11 N4 N3 86 0.720 0
274 12 N4 N2 129 0.720 1
275 1 N3 N5 0 0.840 0
275 2 N3 N3 95 0.840 0
275 3 N3 N2 150 0.840 1
275 4 N5 N3 54 0.300 0
275 5 N5 N2 0 0.300 0
275 6 N5 N5 245 0.300 1
275 7 N2 N3 79 0.010 0
275 8 N2 N5 197 0.010 0
275 9 N2 N2 252 0.010 1
275 10 N4 N5 0 1.810 0
275 11 N4 N3 86 1.810 0
275 12 N4 N2 129 1.810 1
276 1 N3 N5 0 0.270 0
276 2 N3 N3 95 0.270 0
276 3 N3 N2 152 0.270 1
276 4 N5 N3 63 0.080 0
276 5 N5 N2 0 0.080 0
276 6 N5 N5 246 0.080 1
276 7 N2 N3 87 0.080 0
276 8 N2 N5 195 0.080 0
276 9 N2 N2 252 0.080 1
276 10 N4 N5 0 0.370 0
276 11 N4 N3 86 0.370 0
276 12 N4 N2 129 0.370 1
277 1 N3 N5 0 0.310 0
277 2 N3 N3 95 0.310 0
277 3 N3 N2 153 0.310 1
277 4 N5 N3 67 0.140 0
277 5 N5 N2 0 0.140 0
277 6 N5 N5 246 0.140 1
277 7 N2 N3 91 0.140 0
277 8 N2 N5 195 0.140 0
277 9 N2 N2 251 0.140 1
277 10 N4 N5 0 1.460 0
277 11 N4 N3 86 1.460 0
277 12 N4 N2 129 1.460 1
278 1 N3 N5 0 0.370 0
278 2 N3 N3 98 0.370 0
278 3 N3 N2 155 0.370 1
278 4 N5 N3 68 0.490 0
278 5 N5 N2 0 0.490 0
278 6 N5 N5 246 0.490 1
278 7 N2 N3 95 0.170 0
278 8 N2 N5 195 0.170 0
278 9 N2 N2 250 0.170 1
278 10 N4 N5 0 0.500 0
278 11 N4 N3 86 0.500 0
278 12 N4 N2 130 0.500 1
279 1 N3 N5 0 0.430 0
279 2 N3 N3 100 0.430 0
279 3 N3 N2 157 0.430 1
279 4 N5 N3 69 0.020 0
279 5 N5 N2 0 0.020 0
279 6 N5 N5 245 0.020 1
279 7 N2 N3 98 0.210 0
279 8 N2 N5 196 0.210 0
279 9 N2 N2 250 0.210 1
279 10 N4 N5 0 0.070 0
279 11 N4 N3 82 0.070 0
279 12 N4 N2 129 0.070 1
280 1 N3 N5 0 0.510 0
280 2 N3 N3 101 0.510 0
280 3 N3 N2 158 0.510 1
280 4 N5 N3 69 0.080 0
280 5 N5 N2 0 0.080 0
280 6 N5 N5 245 0.080 1
280 7 N2 N3 101 0.280 0
280 8 N2 N5 199 0.280 0
280 9 N2 N2 249 0.280 1
280 10 N4 N5 0 0.150 0
280 11 N4 N3 81 0.150 0
280 12 N4 N2 129 0.150 1
281 1 N3 N5 0 0.050 0
281 2 N3 N3 104 0.050 0
281 3 N3 N2 158 0.050 1
281 4 N5 N3 69 0.130 0
281 5 N5 N2 0 0.130 0
281 6 N5 N5 245 0.130 1
281 7 N2 N3 100 0.340 0
281 8 N2 N5 200 0.340 0
281 9 N2 N2 249 0.340 1
281 10 N4 N5 0 1.240 0
281 11 N4 N3 81 1.240 0
281 12 N4 N2 129 1.240 1
282 1 N3 N5 0 0.680 0
282 2 N3 N3 106 0.680 0
282 3 N3 N2 158 0.680 1
282 4 N5 N3 69 0.230 0
282 5 N5 N2 0 0.230 0
282 6 N5 N5 244 0.230 1
282 7 N2 N3 100 0.060 0
282 8 N2 N5 199 0.060 0
282 9 N2 N2 248 0.060 1
282 10 N4 N5 0 0.310 0
282 11 N4 N3 81 0.310 0
282 12 N4 N2 131 0.310 1
283 1 N3 N5 0 0.250 0
283 2 N3 N3 107 0.250 0
283 3 N3 N2 159 0.250 1
283 4 N5 N3 70 0.300 0
283 5 N5 N2 0 0.300 0
283 6 N5 N5 244 0.300 1
283 7 N2 N3 99 0.000 0
283 8 N2 N5 196 0.000 0
283 9 N2 N2 248 0.000 1
283 10 N4 N5 0 0.890 0
283 11 N4 N3 81 0.890 0
283 12 N4 N2 132 0.890 1
284 1 N3 N5 0 0.320 0
284 2 N3 N3 104 0.320 0
284 3 N3 N2 161 0.320 1
284 4 N5 N3 69 0.390 0
284 5 N5 N2 0 0.390 0
284 6 N5 N5 243 0.390 1
284 7 N2 N3 89 0.050 0
284 8 N2 N5 193 0.050 0
284 9 N2 N2 248 0.050 1
284 10 N4 N5 0 0.030 0
284 11 N4 N3 79 0.030 0
284 12 N4 N2 133 0.030 1
285 1 N3 N5 0 0.390 0
285 2 N3 N3 104 0.390 0
285 3 N3 N2 162 0.390 1
285 4 N5 N3 69 0.460 0
285 5 N5 N2 0 0.460 0
285 6 N5 N5 243 0.460 1
285 7 N2 N3 81 0.100 0
285 8 N2 N5 191 0.100 0
285 9 N2 N2 247 0.100 1
285 10 N4 N5 0 1.000 0
285 11 N4 N3 79 1.000 0
285 12 N4 N2 135 1.000 1
286 1 N3 N5 0 0.050 0
286 2 N3 N3 100 0.050 0
286 3 N3 N2 163 0.050 1
286 4 N5 N3 72 0.040 0
286 5 N5 N2 0 0.040 0
286 6 N5 N5 243 0.040 1
286 7 N2 N3 75 0.170 0
286 8 N2 N5 190 0.170 0
286 9 N2 N2 246 0.170 1
286 10 N4 N5 0 0.060 0
286 11 N4 N3 77 0.060 0
286 12 N4 N2 135 0.060 1
287 1 N3 N5 0 0.490 0
287 2 N3 N3 99 0.490 0
287 3 N3 N2 164 0.490 1
287 4 N5 N3 0 0.100 0
287 5 N5 N2 0 0.100 0
287 6 N5 N5 244 0.100 1
287 7 N2 N3 69 0.230 0
287 8 N2 N5 190 0.230 0
287 9 N2 N2 245 0.230 1
287 10 N4 N5 0 0.630 0
287 11 N4 N3 77 0.630 0
287 12 N4 N2 134 0.630 1
288 1 N3 N5 0 0.020 0
288 2 N3 N3 92 0.020 0
288 3 N3 N2 161 0.020 1
288 4 N5 N3 44 0.160 0
288 5 N5 N2 0 0.160 0
288 6 N5 N5 244 0.160 1
288 7 N2 N3 69 0.420 0
288 8 N2 N5 190 0.420 0
288 9 N2 N2 244 0.420 1
288 10 N4 N5 0 0.680 0
288 11 N4 N3 73 0.680 0
288 12 N4 N2 134 0.680 1
289 1 N3 N5 0 0.090 0
289 2 N3 N3 89 0.090 0
289 3 N3 N2 159 0.090 1
289 4 N5 N3 47 0.240 0
289 5 N5 N2 0 0.240 0
289 6 N5 N5 244 0.240 1
289 7 N2 N3 67 0.370 0
289 8 N2 N5 189 0.370 0
289 9 N2 N2 243 0.370 1
289 10 N4 N5 0 0.220 0
289 11 N4 N3 67 0.220 0
289 12 N4 N2 132 0.220 1
290 1 N3 N5 0 0.140 0
290 2 N3 N3 86 0.140 0
290 3 N3 N2 158 0.140 1
290 4 N5 N3 47 0.300 0
290 5 N5 N2 0 0.300 0
290 6 N5 N5 245 0.300 1
290 7 N2 N3 69 0.040 0
290 8 N2 N5 188 0.040 0
290 9 N2 N2 241 0.040 1
290 10 N4 N5 0 0.270 0
290 11 N4 N3 67 0.270 0
290 12 N4 N2 131 0.270 1
291 1 N3 N5 0 0.200 0
291 2 N3 N3 85 0.200 0
291 3 N3 N2 158 0.200 1
291 4 N5 N3 53 0.020 0
291 5 N5 N2 0 0.020 0
291 6 N5 N5 245 0.020 1
291 7 N2 N3 73 0.000 0
291 8 N2 N5 186 0.000 0
291 9 N2 N2 239 0.000 1
291 10 N4 N5 0 0.860 0
291 11 N4 N3 67 0.860 0
291 12 N4 N2 130 0.860 1
292 1 N3 N5 0 0.270 0
292 2 N3 N3 89 0.270 0
292 3 N3 N2 158 0.270 1
292 4 N5 N3 57 0.410 0
292 5 N5 N2 0 0.410 0
292 6 N5 N5 246 0.410 1
292 7 N2 N3 78 0.040 0
292 8 N2 N5 186 0.040 0
292 9 N2 N2 236 0.040 1
292 10 N4 N5 0 0.940 0
292 11 N4 N3 67 0.940 0
292 12 N4 N2 130 0.940 1
293 1 N3 N5 0 0.320 0
293 2 N3 N3 89 0.320 0
293 3 N3 N2 159 0.320 1
293 4 N5 N3 57 0.000 0
293 5 N5 N2 0 0.000 0
293 6 N5 N5 247 0.000 1
293 7 N2 N3 79 0.090 0
293 8 N2 N5 187 0.090 0
293 9 N2 N2 235 0.090 1
293 10 N4 N5 0 0.990 0
293 11 N4 N3 67 0.990 0
293 12 N4 N2 130 0.990 1
294 1 N3 N5 0 0.500 0
294 2 N3 N3 91 0.500 0
294 3 N3 N2 159 0.500 1
294 4 N5 N3 64 0.050 0
294 5 N5 N2 0 0.050 0
294 6 N5 N5 248 0.050 1
294 7 N2 N3 84 0.140 0
294 8 N2 N5 190 0.140 0
294 9 N2 N2 234 0.140 1
294 10 N4 N5 0 0.010 0
294 11 N4 N3 71 0.010 0
294 12 N4 N2 130 0.010 1
295 1 N3 N5 0 0.060 0
295 2 N3 N3 95 0.060 0
295 3 N3 N2 157 0.060 1
295 4 N5 N3 71 0.120 0
295 5 N5 N2 0 0.120 0
295 6 N5 N5 249 0.120 1
295 7 N2 N3 94 0.220 0
295 8 N2 N5 192 0.220 0
295 9 N2 N2 234 0.220 1
295 10 N4 N5 0 0.590 0
295 11 N4 N3 74 0.590 0
295 12 N4 N2 130 0.590 1
296 1 N3 N5 0 0.520 0
296 2 N3 N3 99 0.520 0
296 3 N3 N2 156 0.520 1
296 4 N5 N3 71 0.190 0
296 5 N5 N2 0 0.190 0
296 6 N5 N5 250 0.190 1
296 7 N2 N3 97 0.300 0
296 8 N2 N5 193 0.300 0
296 9 N2 N2 233 0.300 1
296 10 N4 N5 0 0.670 0
296 11 N4 N3 74 0.670 0
296 12 N4 N2 131 0.670 1
297 1 N3 N5 0 0.060 0
297 2 N3 N3 100 0.060 0
297 3 N3 N2 157 0.060 1
297 4 N5 N3 73 0.270 0
297 5 N5 N2 0 0.270 0
297 6 N5 N5 251 0.270 1
297 7 N2 N3 98 0.380 0
297 8 N2 N5 194 0.380 0
297 9 N2 N2 233 0.380 1
297 10 N4 N5 0 0.220 0
297 11 N4 N3 75 0.220 0
297 12 N4 N2 132 0.220 1
298 1 N3 N5 0 1.150 0
298 2 N3 N3 100 1.150 0
298 3 N3 N2 157 1.150 1
298 4 N5 N3 78 0.350 0
298 5 N5 N2 0 0.350 0
298 6 N5 N5 252 0.350 1
298 7 N2 N3 102 0.030 0
298 8 N2 N5 193 0.030 0
298 9 N2 N2 233 0.030 1
298 10 N4 N5 0 0.290 0
298 11 N4 N3 82 0.290 0
298 12 N4 N2 132 0.290 1
299 1 N3 N5 0 0.200 0
299 2 N3 N3 107 0.200 0
299 3 N3 N2 160 0.200 1
299 4 N5 N3 79 0.390 0
299 5 N5 N2 0 0.390 0
299 6 N5 N5 252 0.390 1
299 7 N2 N3 106 0.090 0
299 8 N2 N5 191 0.090 0
299 9 N2 N2 233 0.090 1
299 10 N4 N5 0 0.850 0
299 11 N4 N3 87 0.850 0
299 12 N4 N2 133 0.850 1
300 1 N3 N5 0 0.790 0
300 2 N3 N3 113 0.790 0
300 3 N3 N2 163 0.790 1
300 4 N5 N3 84 0.120 0
300 5 N5 N2 0 0.120 0
300 6 N5 N5 251 0.120 1
300 7 N2 N3 110 0.160 0
300 8 N2 N5 190 0.160 0
300 9 N2 N2 233 0.160 1
300 10 N4 N5 0 0.410 0
300 11 N4 N3 91 0.410 0
300 12 N4 N2 135 0.410 1
