1 1 N3 N1 155 0.200 0
1 2 N3 N5 99 0.200 0
1 3 N3 N3 226 0.200 1
1 4 N5 N1 213 0.380 1
1 5 N5 N5 184 0.380 0
1 6 N1 N3 0 0.320 0
1 7 N1 N5 157 0.320 0
1 8 N1 N1 246 0.320 1
1 9 N4 N5 73 0.080 0
1 10 N4 N3 163 0.080 1
2 1 N3 N1 155 0.310 0
2 2 N3 N5 98 0.310 0
2 3 N3 N3 228 0.310 1
2 4 N5 N1 212 0.110 1
2 5 N5 N5 183 0.110 0
2 6 N1 N3 0 0.510 0
2 7 N1 N5 157 0.510 0
2 8 N1 N1 249 0.510 1
2 9 N4 N5 74 0.210 0
2 10 N4 N3 164 0.210 1
3 1 N3 N1 155 0.870 0
3 2 N3 N5 98 0.870 0
3 3 N3 N3 228 0.870 1
3 4 N5 N1 210 0.000 1
3 5 N5 N5 183 0.000 0
3 6 N1 N3 0 0.380 0
3 7 N1 N5 158 0.380 0
3 8 N1 N1 250 0.380 1
3 9 N4 N5 75 0.270 0
3 10 N4 N3 167 0.270 1
4 1 N3 N1 152 0.200 0
4 2 N3 N5 95 0.200 0
4 3 N3 N3 230 0.200 1
4 4 N5 N1 209 0.200 1
4 5 N5 N5 182 0.200 0
4 6 N1 N3 0 0.430 0
4 7 N1 N5 160 0.430 0
4 8 N1 N1 251 0.430 1
4 9 N4 N5 75 0.080 0
4 10 N4 N3 170 0.080 1
5 1 N3 N1 152 0.990 0
5 2 N3 N5 95 0.990 0
5 3 N3 N3 230 0.990 1
5 4 N5 N1 209 0.660 1
5 5 N5 N5 182 0.660 0
5 6 N1 N3 0 0.090 0
5 7 N1 N5 160 0.090 0
5 8 N1 N1 252 0.090 1
5 9 N4 N5 75 0.120 0
5 10 N4 N3 173 0.120 1
6 1 N3 N1 148 0.510 0
6 2 N3 N5 95 0.510 0
6 3 N3 N3 232 0.510 1
6 4 N5 N1 210 0.340 1
6 5 N5 N5 181 0.340 0
6 6 N1 N3 0 0.140 0
6 7 N1 N5 161 0.140 0
6 8 N1 N1 252 0.140 1
6 9 N4 N5 75 0.150 0
6 10 N4 N3 175 0.150 1
7 1 N3 N1 145 0.530 0
7 2 N3 N5 93 0.530 0
7 3 N3 N3 233 0.530 1
7 4 N5 N1 211 0.290 1
7 5 N5 N5 181 0.290 0
7 6 N1 N3 0 0.580 0
7 7 N1 N5 159 0.580 0
7 8 N1 N1 252 0.580 1
7 9 N4 N5 74 0.730 0
7 10 N4 N3 177 0.730 1
8 1 N3 N1 137 0.090 0
8 2 N3 N5 88 0.090 0
8 3 N3 N3 234 0.090 1
8 4 N5 N1 211 0.370 1
8 5 N5 N5 181 0.370 0
8 6 N1 N3 0 0.130 0
8 7 N1 N5 154 0.130 0
8 8 N1 N1 252 0.130 1
8 9 N4 N5 74 1.830 0
8 10 N4 N3 177 1.830 1
9 1 N3 N1 137 0.140 0
9 2 N3 N5 88 0.140 0
9 3 N3 N3 233 0.140 1
9 4 N5 N1 211 0.410 1
9 5 N5 N5 181 0.410 0
9 6 N1 N3 0 0.190 0
9 7 N1 N5 152 0.190 0
9 8 N1 N1 253 0.190 1
9 9 N4 N5 74 0.360 0
9 10 N4 N3 178 0.360 1
10 1 N3 N1 137 0.200 0
10 2 N3 N5 88 0.200 0
10 3 N3 N3 234 0.200 1
10 4 N5 N1 211 0.070 1
10 5 N5 N5 181 0.070 0
10 6 N1 N3 0 0.230 0
10 7 N1 N5 152 0.230 0
10 8 N1 N1 253 0.230 1
10 9 N4 N5 73 0.410 0
10 10 N4 N3 178 0.410 1
11 1 N3 N1 137 0.750 0
11 2 N3 N5 88 0.750 0
11 3 N3 N3 235 0.750 1
11 4 N5 N1 210 0.140 1
11 5 N5 N5 182 0.140 0
11 6 N1 N3 0 0.270 0
11 7 N1 N5 153 0.270 0
11 8 N1 N1 254 0.270 1
11 9 N4 N5 73 1.490 0
11 10 N4 N3 178 1.490 1
12 1 N3 N1 137 0.260 0
12 2 N3 N5 88 0.260 0
12 3 N3 N3 235 0.260 1
12 4 N5 N1 208 0.090 1
12 5 N5 N5 183 0.090 0
12 6 N1 N3 0 0.350 0
12 7 N1 N5 154 0.350 0
12 8 N1 N1 255 0.350 1
12 9 N4 N5 71 0.020 0
12 10 N4 N3 177 0.020 1
13 1 N3 N1 137 1.340 0
13 2 N3 N5 88 1.340 0
13 3 N3 N3 235 1.340 1
13 4 N5 N1 207 0.670 1
13 5 N5 N5 184 0.670 0
13 6 N1 N3 0 0.020 0
13 7 N1 N5 157 0.020 0
13 8 N1 N1 255 0.020 1
13 9 N4 N5 71 0.090 0
13 10 N4 N3 178 0.090 1
14 1 N3 N1 137 0.380 0
14 2 N3 N5 88 0.380 0
14 3 N3 N3 236 0.380 1
14 4 N5 N1 206 0.210 1
14 5 N5 N5 185 0.210 0
14 6 N1 N3 0 0.090 0
14 7 N1 N5 158 0.090 0
14 8 N1 N1 255 0.090 1
14 9 N4 N5 66 0.150 0
14 10 N4 N3 178 0.150 1
15 1 N3 N1 136 0.450 0
15 2 N3 N5 0 0.450 0
15 3 N3 N3 236 0.450 1
15 4 N5 N1 205 0.350 1
15 5 N5 N5 187 0.350 0
15 6 N1 N3 0 0.140 0
15 7 N1 N5 158 0.140 0
15 8 N1 N1 255 0.140 1
15 9 N4 N5 0 0.190 0
15 10 N4 N3 178 0.190 1
16 1 N3 N1 0 0.520 0
16 2 N3 N5 0 0.520 0
16 3 N3 N3 235 0.520 1
16 4 N5 N1 206 0.410 1
16 5 N5 N5 188 0.410 0
16 6 N1 N3 0 0.170 0
16 7 N1 N5 156 0.170 0
16 8 N1 N1 255 0.170 1
16 9 N4 N5 0 1.270 0
16 10 N4 N3 178 1.270 1
17 1 N3 N1 0 0.020 0
17 2 N3 N5 0 0.020 0
17 3 N3 N3 232 0.020 1
17 4 N5 N1 207 0.050 1
17 5 N5 N5 190 0.050 0
17 6 N1 N3 0 0.120 0
17 7 N1 N5 158 0.120 0
17 8 N1 N1 255 0.120 1
17 9 N4 N5 0 0.780 0
17 10 N4 N3 178 0.780 1
18 1 N3 N1 0 0.040 0
18 2 N3 N5 0 0.040 0
18 3 N3 N3 229 0.040 1
18 4 N5 N1 207 0.110 1
18 5 N5 N5 190 0.110 0
18 6 N1 N3 0 0.200 0
18 7 N1 N5 157 0.200 0
18 8 N1 N1 255 0.200 1
18 9 N4 N5 0 0.350 0
18 10 N4 N3 180 0.350 1
19 1 N3 N1 0 0.070 0
19 2 N3 N5 0 0.070 0
19 3 N3 N3 226 0.070 1
19 4 N5 N1 208 0.020 1
19 5 N5 N5 189 0.020 0
19 6 N1 N3 0 0.270 0
19 7 N1 N5 159 0.270 0
19 8 N1 N1 255 0.270 1
19 9 N4 N5 0 0.420 0
19 10 N4 N3 180 0.420 1
20 1 N3 N1 0 0.130 0
20 2 N3 N5 0 0.130 0
20 3 N3 N3 222 0.130 1
20 4 N5 N1 206 0.080 1
20 5 N5 N5 191 0.080 0
20 6 N1 N3 0 0.340 0
20 7 N1 N5 161 0.340 0
20 8 N1 N1 255 0.340 1
20 9 N4 N5 0 0.460 0
20 10 N4 N3 179 0.460 1
21 1 N3 N1 0 0.200 0
21 2 N3 N5 0 0.200 0
21 3 N3 N3 218 0.200 1
21 4 N5 N1 205 0.130 1
21 5 N5 N5 193 0.130 0
21 6 N1 N3 0 0.030 0
21 7 N1 N5 164 0.030 0
21 8 N1 N1 255 0.030 1
21 9 N4 N5 0 0.510 0
21 10 N4 N3 179 0.510 1
22 1 N3 N1 0 0.770 0
22 2 N3 N5 0 0.770 0
22 3 N3 N3 217 0.770 1
22 4 N5 N1 204 0.190 1
22 5 N5 N5 196 0.190 0
22 6 N1 N3 0 0.090 0
22 7 N1 N5 167 0.090 0
22 8 N1 N1 255 0.090 1
22 9 N4 N5 0 0.030 0
22 10 N4 N3 178 0.030 1
23 1 N3 N1 0 0.310 0
23 2 N3 N5 0 0.310 0
23 3 N3 N3 214 0.310 1
23 4 N5 N1 202 0.250 1
23 5 N5 N5 198 0.250 0
23 6 N1 N3 0 0.040 0
23 7 N1 N5 170 0.040 0
23 8 N1 N1 255 0.040 1
23 9 N4 N5 0 0.110 0
23 10 N4 N3 178 0.110 1
24 1 N3 N1 0 0.400 0
24 2 N3 N5 0 0.400 0
24 3 N3 N3 210 0.400 1
24 4 N5 N1 201 0.320 1
24 5 N5 N5 199 0.320 0
24 6 N1 N3 0 0.240 0
24 7 N1 N5 171 0.240 0
24 8 N1 N1 255 0.240 1
24 9 N4 N5 0 1.210 0
24 10 N4 N3 178 1.210 1
25 1 N3 N1 0 0.480 0
25 2 N3 N5 0 0.480 0
25 3 N3 N3 207 0.480 1
25 4 N5 N1 199 0.010 1
25 5 N5 N5 202 0.010 0
25 6 N1 N3 0 0.190 0
25 7 N1 N5 173 0.190 0
25 8 N1 N1 255 0.190 1
25 9 N4 N5 0 0.300 0
25 10 N4 N3 177 0.300 1
26 1 N3 N1 0 0.530 0
26 2 N3 N5 0 0.530 0
26 3 N3 N3 203 0.530 1
26 4 N5 N1 197 0.090 1
26 5 N5 N5 204 0.090 0
26 6 N1 N3 0 0.260 0
26 7 N1 N5 174 0.260 0
26 8 N1 N1 255 0.260 1
26 9 N4 N5 0 0.350 0
26 10 N4 N3 175 0.350 1
27 1 N3 N1 0 0.570 0
27 2 N3 N5 0 0.570 0
27 3 N3 N3 201 0.570 1
27 4 N5 N1 198 0.030 1
27 5 N5 N5 205 0.030 0
27 6 N1 N3 0 0.440 0
27 7 N1 N5 175 0.440 0
27 8 N1 N1 255 0.440 1
27 9 N4 N5 0 0.930 0
27 10 N4 N3 173 0.930 1
28 1 N3 N1 0 0.100 0
28 2 N3 N5 0 0.100 0
28 3 N3 N3 199 0.100 1
28 4 N5 N1 197 0.080 1
28 5 N5 N5 206 0.080 0
28 6 N1 N3 0 0.350 0
28 7 N1 N5 176 0.350 0
28 8 N1 N1 255 0.350 1
28 9 N4 N5 0 0.950 0
28 10 N4 N3 172 0.950 1
29 1 N3 N1 0 0.140 0
29 2 N3 N5 0 0.140 0
29 3 N3 N3 197 0.140 1
29 4 N5 N1 199 0.140 1
29 5 N5 N5 206 0.140 0
29 6 N1 N3 0 0.050 0
29 7 N1 N5 177 0.050 0
29 8 N1 N1 255 0.050 1
29 9 N4 N5 0 2.040 0
29 10 N4 N3 172 2.040 1
30 1 N3 N1 0 0.170 0
30 2 N3 N5 0 0.170 0
30 3 N3 N3 194 0.170 1
30 4 N5 N1 201 0.180 1
30 5 N5 N5 206 0.180 0
30 6 N1 N3 0 0.110 0
30 7 N1 N5 178 0.110 0
30 8 N1 N1 255 0.110 1
30 9 N4 N5 0 0.060 0
30 10 N4 N3 170 0.060 1
31 1 N3 N1 0 0.220 0
31 2 N3 N5 0 0.220 0
31 3 N3 N3 192 0.220 1
31 4 N5 N1 202 0.220 1
31 5 N5 N5 208 0.220 0
31 6 N1 N3 0 0.060 0
31 7 N1 N5 179 0.060 0
31 8 N1 N1 255 0.060 1
31 9 N4 N5 0 1.150 0
31 10 N4 N3 170 1.150 1
32 1 N3 N1 0 0.780 0
32 2 N3 N5 0 0.780 0
32 3 N3 N3 191 0.780 1
32 4 N5 N1 203 0.400 1
32 5 N5 N5 209 0.400 0
32 6 N1 N3 0 0.150 0
32 7 N1 N5 179 0.150 0
32 8 N1 N1 254 0.150 1
32 9 N4 N5 0 0.190 0
32 10 N4 N3 169 0.190 1
33 1 N3 N1 0 0.300 0
33 2 N3 N5 0 0.300 0
33 3 N3 N3 190 0.300 1
33 4 N5 N1 205 0.300 1
33 5 N5 N5 211 0.300 0
33 6 N1 N3 0 0.290 0
33 7 N1 N5 179 0.290 0
33 8 N1 N1 254 0.290 1
33 9 N4 N5 0 1.270 0
33 10 N4 N3 169 1.270 1
34 1 N3 N1 0 0.340 0
34 2 N3 N5 0 0.340 0
34 3 N3 N3 189 0.340 1
34 4 N5 N1 205 0.390 1
34 5 N5 N5 213 0.390 0
34 6 N1 N3 0 0.370 0
34 7 N1 N5 180 0.370 0
34 8 N1 N1 254 0.370 1
34 9 N4 N5 0 0.320 0
34 10 N4 N3 166 0.320 1
35 1 N3 N1 0 0.900 0
35 2 N3 N5 0 0.900 0
35 3 N3 N3 189 0.900 1
35 4 N5 N1 204 0.020 0
35 5 N5 N5 217 0.020 1
35 6 N1 N3 0 0.300 0
35 7 N1 N5 185 0.300 0
35 8 N1 N1 254 0.300 1
35 9 N4 N5 0 0.380 0
35 10 N4 N3 163 0.380 1
36 1 N3 N1 0 0.430 0
36 2 N3 N5 0 0.430 0
36 3 N3 N3 188 0.430 1
36 4 N5 N1 202 0.080 0
36 5 N5 N5 220 0.080 1
36 6 N1 N3 0 0.380 0
36 7 N1 N5 189 0.380 0
36 8 N1 N1 254 0.380 1
36 9 N4 N5 0 0.430 0
36 10 N4 N3 162 0.430 1
37 1 N3 N1 0 0.500 0
37 2 N3 N5 0 0.500 0
37 3 N3 N3 189 0.500 1
37 4 N5 N1 201 0.000 0
37 5 N5 N5 224 0.000 1
37 6 N1 N3 0 0.010 0
37 7 N1 N5 198 0.010 0
37 8 N1 N1 254 0.010 1
37 9 N4 N5 0 1.000 0
37 10 N4 N3 161 1.000 1
38 1 N3 N1 0 0.050 0
38 2 N3 N5 0 0.050 0
38 3 N3 N3 187 0.050 1
38 4 N5 N1 201 0.070 0
38 5 N5 N5 226 0.070 1
38 6 N1 N3 0 0.100 0
38 7 N1 N5 202 0.100 0
38 8 N1 N1 254 0.100 1
38 9 N4 N5 0 0.560 0
38 10 N4 N3 157 0.560 1
39 1 N3 N1 0 0.110 0
39 2 N3 N5 0 0.110 0
39 3 N3 N3 185 0.110 1
39 4 N5 N1 201 0.280 0
39 5 N5 N5 229 0.280 1
39 6 N1 N3 0 0.050 0
39 7 N1 N5 206 0.050 0
39 8 N1 N1 253 0.050 1
39 9 N4 N5 0 0.070 0
39 10 N4 N3 155 0.070 1
40 1 N3 N1 0 0.190 0
40 2 N3 N5 0 0.190 0
40 3 N3 N3 184 0.190 1
40 4 N5 N1 201 0.330 0
40 5 N5 N5 231 0.330 1
40 6 N1 N3 0 0.120 0
40 7 N1 N5 205 0.120 0
40 8 N1 N1 253 0.120 1
40 9 N4 N5 0 0.100 0
40 10 N4 N3 154 0.100 1
41 1 N3 N1 0 0.250 0
41 2 N3 N5 0 0.250 0
41 3 N3 N3 181 0.250 1
41 4 N5 N1 201 0.250 0
41 5 N5 N5 233 0.250 1
41 6 N1 N3 0 0.160 0
41 7 N1 N5 203 0.160 0
41 8 N1 N1 252 0.160 1
41 9 N4 N5 0 0.660 0
41 10 N4 N3 152 0.660 1
42 1 N3 N1 0 0.810 0
42 2 N3 N5 0 0.810 0
42 3 N3 N3 180 0.810 1
42 4 N5 N1 201 0.310 0
42 5 N5 N5 234 0.310 1
42 6 N1 N3 0 0.330 0
42 7 N1 N5 201 0.330 0
42 8 N1 N1 251 0.330 1
42 9 N4 N5 0 0.700 0
42 10 N4 N3 150 0.700 1
43 1 N3 N1 0 0.370 0
43 2 N3 N5 0 0.370 0
43 3 N3 N3 179 0.370 1
43 4 N5 N1 200 0.370 0
43 5 N5 N5 234 0.370 1
43 6 N1 N3 0 0.270 0
43 7 N1 N5 200 0.270 0
43 8 N1 N1 249 0.270 1
43 9 N4 N5 0 0.220 0
43 10 N4 N3 146 0.220 1
44 1 N3 N1 0 0.400 0
44 2 N3 N5 0 0.400 0
44 3 N3 N3 177 0.400 1
44 4 N5 N1 199 0.030 0
44 5 N5 N5 235 0.030 1
44 6 N1 N3 0 0.420 0
44 7 N1 N5 199 0.420 0
44 8 N1 N1 247 0.420 1
44 9 N4 N5 0 1.300 0
44 10 N4 N3 146 1.300 1
45 1 N3 N1 0 0.450 0
45 2 N3 N5 0 0.450 0
45 3 N3 N3 176 0.450 1
45 4 N5 N1 197 0.080 0
45 5 N5 N5 234 0.080 1
45 6 N1 N3 0 0.350 0
45 7 N1 N5 202 0.350 0
45 8 N1 N1 246 0.350 1
45 9 N4 N5 0 0.330 0
45 10 N4 N3 141 0.330 1
46 1 N3 N1 0 1.540 0
46 2 N3 N5 0 1.540 0
46 3 N3 N3 176 1.540 1
46 4 N5 N1 193 0.060 0
46 5 N5 N5 235 0.060 1
46 6 N1 N3 0 0.520 0
46 7 N1 N5 202 0.520 0
46 8 N1 N1 244 0.520 1
46 9 N4 N5 0 0.900 0
46 10 N4 N3 139 0.900 1
47 1 N3 N1 0 0.520 0
47 2 N3 N5 0 0.520 0
47 3 N3 N3 176 0.520 1
47 4 N5 N1 191 0.230 0
47 5 N5 N5 235 0.230 1
47 6 N1 N3 0 0.050 0
47 7 N1 N5 204 0.050 0
47 8 N1 N1 243 0.050 1
47 9 N4 N5 0 0.440 0
47 10 N4 N3 136 0.440 1
48 1 N3 N1 0 0.020 0
48 2 N3 N5 0 0.020 0
48 3 N3 N3 177 0.020 1
48 4 N5 N1 188 0.260 0
48 5 N5 N5 236 0.260 1
48 6 N1 N3 0 0.620 0
48 7 N1 N5 204 0.620 0
48 8 N1 N1 243 0.620 1
48 9 N4 N5 0 0.980 0
48 10 N4 N3 135 0.980 1
49 1 N3 N1 0 0.040 0
49 2 N3 N5 0 0.040 0
49 3 N3 N3 180 0.040 1
49 4 N5 N1 181 0.340 0
49 5 N5 N5 237 0.340 1
49 6 N1 N3 0 0.550 0
49 7 N1 N5 206 0.550 0
49 8 N1 N1 241 0.550 1
49 9 N4 N5 0 0.510 0
49 10 N4 N3 134 0.510 1
50 1 N3 N1 0 0.120 0
50 2 N3 N5 0 0.120 0
50 3 N3 N3 181 0.120 1
50 4 N5 N1 174 0.420 0
50 5 N5 N5 237 0.420 1
50 6 N1 N3 0 0.210 0
50 7 N1 N5 210 0.210 0
50 8 N1 N1 240 0.210 1
50 9 N4 N5 0 0.070 0
50 10 N4 N3 132 0.070 1
51 1 N3 N1 0 0.160 0
51 2 N3 N5 0 0.160 0
51 3 N3 N3 181 0.160 1
51 4 N5 N1 168 0.360 0
51 5 N5 N5 237 0.360 1
51 6 N1 N3 0 0.270 0
51 7 N1 N5 211 0.270 0
51 8 N1 N1 239 0.270 1
51 9 N4 N5 0 0.110 0
51 10 N4 N3 130 0.110 1
52 1 N3 N1 0 0.240 0
52 2 N3 N5 0 0.240 0
52 3 N3 N3 181 0.240 1
52 4 N5 N1 165 0.030 0
52 5 N5 N5 236 0.030 1
52 6 N1 N3 0 0.330 0
52 7 N1 N5 211 0.330 0
52 8 N1 N1 238 0.330 1
52 9 N4 N5 0 0.670 0
52 10 N4 N3 128 0.670 1
53 1 N3 N1 0 0.280 0
53 2 N3 N5 0 0.280 0
53 3 N3 N3 181 0.280 1
53 4 N5 N1 160 0.090 0
53 5 N5 N5 235 0.090 1
53 6 N1 N3 0 0.210 0
53 7 N1 N5 205 0.210 0
53 8 N1 N1 237 0.210 1
53 9 N4 N5 0 1.760 0
53 10 N4 N3 128 1.760 1
54 1 N3 N1 0 0.210 0
54 2 N3 N5 145 0.210 0
54 3 N3 N3 182 0.210 1
54 4 N5 N1 155 0.120 0
54 5 N5 N5 234 0.120 1
54 6 N1 N3 0 0.360 0
54 7 N1 N5 200 0.360 0
54 8 N1 N1 234 0.360 1
54 9 N4 N5 0 0.230 0
54 10 N4 N3 128 0.230 1
55 1 N3 N1 0 0.260 0
55 2 N3 N5 149 0.260 0
55 3 N3 N3 183 0.260 1
55 4 N5 N1 153 0.510 0
55 5 N5 N5 233 0.510 1
55 6 N1 N3 0 0.010 0
55 7 N1 N5 196 0.010 0
55 8 N1 N1 232 0.010 1
55 9 N4 N5 0 0.800 0
55 10 N4 N3 128 0.800 1
56 1 N3 N1 0 0.310 0
56 2 N3 N5 150 0.310 0
56 3 N3 N3 183 0.310 1
56 4 N5 N1 148 0.130 0
56 5 N5 N5 232 0.130 1
56 6 N1 N3 0 0.020 0
56 7 N1 N5 194 0.020 0
56 8 N1 N1 230 0.020 1
56 9 N4 N5 0 1.880 0
56 10 N4 N3 128 1.880 1
57 1 N3 N1 0 0.310 0
57 2 N3 N5 149 0.310 0
57 3 N3 N3 183 0.310 1
57 4 N5 N3 139 0.190 0
57 5 N5 N1 144 0.190 0
57 6 N5 N5 230 0.190 1
57 7 N1 N3 0 0.110 0
57 8 N1 N5 194 0.110 0
57 9 N1 N1 229 0.110 1
57 10 N4 N5 0 0.950 0
57 11 N4 N3 128 0.950 1
58 1 N3 N1 0 0.020 0
58 2 N3 N5 150 0.020 0
58 3 N3 N3 183 0.020 1
58 4 N5 N3 139 0.240 0
58 5 N5 N1 141 0.240 0
58 6 N5 N5 228 0.240 1
58 7 N1 N3 0 0.170 0
58 8 N1 N5 193 0.170 0
58 9 N1 N1 227 0.170 1
58 10 N4 N5 0 0.490 0
58 11 N4 N3 130 0.490 1
59 1 N3 N1 0 0.080 0
59 2 N3 N5 152 0.080 0
59 3 N3 N3 185 0.080 1
59 4 N5 N3 141 0.300 0
59 5 N5 N1 140 0.300 0
59 6 N5 N5 227 0.300 1
59 7 N1 N3 0 0.220 0
59 8 N1 N5 193 0.220 0
59 9 N1 N1 225 0.220 1
59 10 N4 N5 0 0.040 0
59 11 N4 N3 132 0.040 1
60 1 N3 N1 0 0.000 0
60 2 N3 N5 153 0.000 0
60 3 N3 N3 187 0.000 1
60 4 N5 N3 141 0.360 0
60 5 N5 N1 140 0.360 0
60 6 N5 N5 226 0.360 1
60 7 N1 N3 0 0.250 0
60 8 N1 N5 191 0.250 0
60 9 N1 N1 224 0.250 1
60 10 N4 N5 0 0.590 0
60 11 N4 N3 132 0.590 1
61 1 N3 N1 0 0.060 0
61 2 N3 N5 154 0.060 0
61 3 N3 N3 187 0.060 1
61 4 N5 N3 141 0.060 0
61 5 N5 N1 136 0.060 0
61 6 N5 N5 225 0.060 1
61 7 N1 N3 111 0.070 0
61 8 N1 N5 182 0.070 0
61 9 N1 N1 224 0.070 1
61 10 N4 N5 0 0.180 0
61 11 N4 N3 133 0.180 1
62 1 N3 N1 0 0.180 0
62 2 N3 N5 155 0.180 0
62 3 N3 N3 187 0.180 1
62 4 N5 N3 142 0.110 0
62 5 N5 N1 134 0.110 0
62 6 N5 N5 223 0.110 1
62 7 N1 N3 111 0.430 0
62 8 N1 N5 175 0.430 0
62 9 N1 N1 223 0.430 1
62 10 N4 N5 0 0.750 0
62 11 N4 N3 133 0.750 1
63 1 N3 N1 0 0.320 0
63 2 N3 N5 155 0.320 0
63 3 N3 N3 187 0.320 1
63 4 N5 N3 142 0.590 0
63 5 N5 N1 134 0.590 0
63 6 N5 N5 222 0.590 1
63 7 N1 N3 111 0.490 0
63 8 N1 N5 169 0.490 0
63 9 N1 N1 223 0.490 1
63 10 N4 N5 0 0.320 0
63 11 N4 N3 135 0.320 1
64 1 N3 N1 0 0.240 0
64 2 N3 N5 153 0.240 0
64 3 N3 N3 186 0.240 1
64 4 N5 N3 142 0.210 0
64 5 N5 N1 135 0.210 0
64 6 N5 N5 215 0.210 1
64 7 N1 N3 111 0.020 0
64 8 N1 N5 169 0.020 0
64 9 N1 N1 221 0.020 1
64 10 N4 N5 0 0.400 0
64 11 N4 N3 137 0.400 1
65 1 N3 N1 0 0.280 0
65 2 N3 N5 150 0.280 0
65 3 N3 N3 185 0.280 1
65 4 N5 N3 143 0.660 0
65 5 N5 N1 135 0.660 0
65 6 N5 N5 213 0.660 1
65 7 N1 N3 111 0.060 0
65 8 N1 N5 166 0.060 0
65 9 N1 N1 221 0.060 1
65 10 N4 N5 0 0.480 0
65 11 N4 N3 138 0.480 1
66 1 N3 N1 0 0.320 0
66 2 N3 N5 146 0.320 0
66 3 N3 N3 185 0.320 1
66 4 N5 N3 145 0.140 0
66 5 N5 N1 0 0.140 0
66 6 N5 N5 209 0.140 1
66 7 N1 N3 111 0.050 0
66 8 N1 N5 158 0.050 0
66 9 N1 N1 220 0.050 1
66 10 N4 N5 0 0.070 0
66 11 N4 N3 138 0.070 1
67 1 N3 N1 0 0.400 0
67 2 N3 N5 143 0.400 0
67 3 N3 N3 183 0.400 1
67 4 N5 N3 146 0.780 0
67 5 N5 N1 0 0.780 0
67 6 N5 N5 207 0.780 1
67 7 N1 N3 108 0.110 0
67 8 N1 N5 148 0.110 0
67 9 N1 N1 220 0.110 1
67 10 N4 N5 0 0.130 0
67 11 N4 N3 137 0.130 1
68 1 N3 N1 0 0.070 0
68 2 N3 N5 141 0.070 0
68 3 N3 N3 183 0.070 1
68 4 N5 N3 149 0.300 0
68 5 N5 N1 0 0.300 0
68 6 N5 N5 203 0.300 1
68 7 N1 N3 105 0.300 0
68 8 N1 N5 142 0.300 0
68 9 N1 N1 220 0.300 1
68 10 N4 N5 0 0.170 0
68 11 N4 N3 137 0.170 1
69 1 N3 N1 0 0.010 0
69 2 N3 N5 138 0.010 0
69 3 N3 N3 183 0.010 1
69 4 N5 N3 152 0.370 0
69 5 N5 N1 0 0.370 0
69 6 N5 N5 200 0.370 1
69 7 N1 N3 105 0.330 0
69 8 N1 N5 134 0.330 0
69 9 N1 N1 219 0.330 1
69 10 N4 N5 0 1.260 0
69 11 N4 N3 137 1.260 1
70 1 N3 N1 0 0.170 0
70 2 N3 N5 137 0.170 0
70 3 N3 N3 184 0.170 1
70 4 N5 N3 154 0.410 0
70 5 N5 N1 0 0.410 0
70 6 N5 N5 195 0.410 1
70 7 N1 N3 101 0.170 0
70 8 N1 N5 134 0.170 0
70 9 N1 N1 219 0.170 1
70 10 N4 N5 0 0.290 0
70 11 N4 N3 139 0.290 1
71 1 N3 N1 0 0.230 0
71 2 N3 N5 136 0.230 0
71 3 N3 N3 184 0.230 1
71 4 N5 N3 155 0.590 0
71 5 N5 N1 0 0.590 0
71 6 N5 N5 189 0.590 1
71 7 N1 N3 101 0.460 0
71 8 N1 N5 134 0.460 0
71 9 N1 N1 219 0.460 1
71 10 N4 N5 0 0.330 0
71 11 N4 N3 140 0.330 1
72 1 N3 N1 0 0.270 0
72 2 N3 N5 136 0.270 0
72 3 N3 N3 185 0.270 1
72 4 N5 N3 158 0.270 0
72 5 N5 N1 0 0.270 0
72 6 N5 N5 185 0.270 1
72 7 N1 N3 101 1.030 0
72 8 N1 N5 134 1.030 0
72 9 N1 N1 220 1.030 1
72 10 N4 N5 0 0.350 0
72 11 N4 N3 141 0.350 1
73 1 N3 N1 0 0.370 0
73 2 N3 N5 134 0.370 0
73 3 N3 N3 185 0.370 1
73 4 N5 N3 158 0.590 0
73 5 N5 N1 0 0.590 0
73 6 N5 N5 185 0.590 1
73 7 N1 N3 101 0.050 0
73 8 N1 N5 134 0.050 0
73 9 N1 N1 220 0.050 1
73 10 N4 N5 0 0.410 0
73 11 N4 N3 142 0.410 1
74 1 N3 N1 0 0.440 0
74 2 N3 N5 132 0.440 0
74 3 N3 N3 186 0.440 1
74 4 N5 N3 159 0.540 0
74 5 N5 N1 0 0.540 0
74 6 N5 N5 179 0.540 1
74 7 N1 N3 97 0.110 0
74 8 N1 N5 131 0.110 0
74 9 N1 N1 221 0.110 1
74 10 N4 N5 0 0.440 0
74 11 N4 N3 143 0.440 1
75 1 N3 N1 0 0.350 0
75 2 N3 N5 131 0.350 0
75 3 N3 N3 189 0.350 1
75 4 N5 N3 160 0.150 0
75 5 N5 N1 0 0.150 0
75 6 N5 N5 176 0.150 1
75 7 N1 N3 97 0.040 0
75 8 N1 N5 89 0.040 0
75 9 N1 N1 222 0.040 1
75 10 N4 N5 0 0.490 0
75 11 N4 N3 144 0.490 1
76 1 N3 N1 0 0.030 0
76 2 N3 N5 129 0.030 0
76 3 N3 N3 190 0.030 1
76 4 N5 N3 161 0.240 0
76 5 N5 N1 0 0.240 0
76 6 N5 N5 173 0.240 1
76 7 N1 N3 97 0.230 0
76 8 N1 N5 89 0.230 0
76 9 N1 N1 223 0.230 1
76 10 N4 N5 0 0.040 0
76 11 N4 N3 146 0.040 1
77 1 N3 N1 0 0.120 0
77 2 N3 N5 129 0.120 0
77 3 N3 N3 190 0.120 1
77 4 N5 N3 164 0.320 0
77 5 N5 N1 0 0.320 0
77 6 N5 N5 170 0.320 1
77 7 N1 N3 102 0.480 0
77 8 N1 N5 89 0.480 0
77 9 N1 N1 223 0.480 1
77 10 N4 N5 0 0.090 0
77 11 N4 N3 148 0.090 1
78 1 N3 N1 0 0.060 0
78 2 N3 N5 128 0.060 0
78 3 N3 N3 190 0.060 1
78 4 N5 N3 165 0.010 0
78 5 N5 N1 0 0.010 0
78 6 N5 N5 167 0.010 1
78 7 N1 N3 103 0.510 0
78 8 N1 N5 89 0.510 0
78 9 N1 N1 224 0.510 1
78 10 N4 N5 0 0.680 0
78 11 N4 N3 148 0.680 1
79 1 N3 N1 0 0.130 0
79 2 N3 N5 124 0.130 0
79 3 N3 N3 190 0.130 1
79 4 N5 N3 165 0.060 0
79 5 N5 N1 0 0.060 0
79 6 N5 N5 165 0.060 1
79 7 N1 N3 106 0.030 0
79 8 N1 N5 89 0.030 0
79 9 N1 N1 226 0.030 1
79 10 N4 N5 0 1.770 0
79 11 N4 N3 148 1.770 1
80 1 N3 N1 0 0.700 0
80 2 N3 N5 124 0.700 0
80 3 N3 N3 190 0.700 1
80 4 N5 N3 166 0.510 0
80 5 N5 N1 0 0.510 0
80 6 N5 N5 164 0.510 1
80 7 N1 N3 107 0.450 0
80 8 N1 N5 89 0.450 0
80 9 N1 N1 228 0.450 1
80 10 N4 N5 0 0.290 0
80 11 N4 N3 149 0.290 1
81 1 N3 N1 0 0.380 0
81 2 N3 N5 124 0.380 0
81 3 N3 N3 189 0.380 1
81 4 N5 N3 164 0.550 0
81 5 N5 N1 0 0.550 0
81 6 N5 N5 163 0.550 1
81 7 N1 N3 111 0.510 0
81 8 N1 N5 89 0.510 0
81 9 N1 N1 230 0.510 1
81 10 N4 N5 0 0.350 0
81 11 N4 N3 150 0.350 1
82 1 N3 N1 0 0.310 0
82 2 N3 N5 120 0.310 0
82 3 N3 N3 190 0.310 1
82 4 N5 N3 167 0.100 1
82 5 N5 N1 0 0.100 0
82 6 N5 N5 157 0.100 0
82 7 N1 N3 112 0.030 0
82 8 N1 N5 89 0.030 0
82 9 N1 N1 233 0.030 1
82 10 N4 N5 0 0.910 0
82 11 N4 N3 151 0.910 1
83 1 N3 N1 0 0.510 0
83 2 N3 N5 118 0.510 0
83 3 N3 N3 190 0.510 1
83 4 N5 N3 170 0.140 1
83 5 N5 N1 0 0.140 0
83 6 N5 N5 154 0.140 0
83 7 N1 N3 113 0.090 0
83 8 N1 N5 89 0.090 0
83 9 N1 N1 236 0.090 1
83 10 N4 N5 0 0.450 0
83 11 N4 N3 151 0.450 1
84 1 N3 N1 0 0.050 0
84 2 N3 N5 118 0.050 0
84 3 N3 N3 192 0.050 1
84 4 N5 N3 175 0.040 1
84 5 N5 N1 0 0.040 0
84 6 N5 N5 150 0.040 0
84 7 N1 N3 113 0.120 0
84 8 N1 N5 0 0.120 0
84 9 N1 N1 237 0.120 1
84 10 N4 N5 0 0.500 0
84 11 N4 N3 152 0.500 1
85 1 N3 N1 0 0.110 0
85 2 N3 N5 113 0.110 0
85 3 N3 N3 194 0.110 1
85 4 N5 N3 178 0.710 1
85 5 N5 N1 0 0.710 0
85 6 N5 N5 149 0.710 0
85 7 N1 N3 117 0.150 0
85 8 N1 N5 0 0.150 0
85 9 N1 N1 240 0.150 1
85 10 N4 N5 0 0.590 0
85 11 N4 N3 152 0.590 1
86 1 N3 N1 0 0.170 0
86 2 N3 N5 112 0.170 0
86 3 N3 N3 195 0.170 1
86 4 N5 N3 178 0.150 1
86 5 N5 N1 0 0.150 0
86 6 N5 N5 144 0.150 0
86 7 N1 N3 118 0.190 0
86 8 N1 N5 0 0.190 0
86 9 N1 N1 243 0.190 1
86 10 N4 N5 0 0.160 0
86 11 N4 N3 152 0.160 1
87 1 N3 N1 0 0.730 0
87 2 N3 N5 110 0.730 0
87 3 N3 N3 196 0.730 1
87 4 N5 N3 178 1.230 1
87 5 N5 N1 0 1.230 0
87 6 N5 N5 144 1.230 0
87 7 N1 N3 118 0.240 0
87 8 N1 N5 0 0.240 0
87 9 N1 N1 244 0.240 1
87 10 N4 N5 0 0.730 0
87 11 N4 N3 152 0.730 1
88 1 N3 N1 0 0.770 0
88 2 N3 N5 110 0.770 0
88 3 N3 N3 197 0.770 1
88 4 N5 N3 178 2.320 1
88 5 N5 N1 0 2.320 0
88 6 N5 N5 144 2.320 0
88 7 N1 N3 121 0.310 0
88 8 N1 N5 0 0.310 0
88 9 N1 N1 246 0.310 1
88 10 N4 N5 0 0.250 0
88 11 N4 N3 151 0.250 1
89 1 N3 N1 0 0.290 0
89 2 N3 N5 101 0.290 0
89 3 N3 N3 200 0.290 1
89 4 N5 N3 169 0.300 1
89 5 N5 N1 0 0.300 0
89 6 N5 N5 131 0.300 0
89 7 N1 N3 129 0.380 0
89 8 N1 N5 0 0.380 0
89 9 N1 N1 247 0.380 1
89 10 N4 N5 0 0.290 0
89 11 N4 N3 150 0.290 1
90 1 N3 N1 0 0.900 0
90 2 N3 N5 99 0.900 0
90 3 N3 N3 200 0.900 1
90 4 N5 N3 166 0.530 1
90 5 N5 N1 0 0.530 0
90 6 N5 N5 130 0.530 0
90 7 N1 N3 129 0.470 0
90 8 N1 N5 0 0.470 0
90 9 N1 N1 248 0.470 1
90 10 N4 N5 0 0.360 0
90 11 N4 N3 148 0.360 1
91 1 N3 N1 0 0.400 0
91 2 N3 N5 95 0.400 0
91 3 N3 N3 201 0.400 1
91 4 N5 N3 166 1.620 1
91 5 N5 N1 0 1.620 0
91 6 N5 N5 130 1.620 0
91 7 N1 N3 129 0.520 0
91 8 N1 N5 0 0.520 0
91 9 N1 N1 248 0.520 1
91 10 N4 N5 0 0.400 0
91 11 N4 N3 145 0.400 1
92 1 N3 N1 0 0.330 0
92 2 N3 N5 85 0.330 0
92 3 N3 N3 202 0.330 1
92 4 N5 N3 166 0.340 1
92 5 N5 N1 0 0.340 0
92 6 N5 N5 126 0.340 0
92 7 N1 N3 0 0.040 0
92 8 N1 N5 0 0.040 0
92 9 N1 N1 247 0.040 1
92 10 N4 N5 0 0.460 0
92 11 N4 N3 143 0.460 1
93 1 N3 N1 0 0.050 0
93 2 N3 N5 79 0.050 0
93 3 N3 N3 201 0.050 1
93 4 N5 N3 164 1.010 1
93 5 N5 N1 0 1.010 0
93 6 N5 N5 124 1.010 0
93 7 N1 N3 0 0.100 0
93 8 N1 N5 0 0.100 0
93 9 N1 N1 246 0.100 1
93 10 N4 N5 0 0.550 0
93 11 N4 N3 141 0.550 1
94 1 N3 N1 0 0.120 0
94 2 N3 N5 79 0.120 0
94 3 N3 N3 201 0.120 1
94 4 N5 N3 164 2.090 1
94 5 N5 N1 0 2.090 0
94 6 N5 N5 124 2.090 0
94 7 N1 N3 0 0.160 0
94 8 N1 N5 0 0.160 0
94 9 N1 N1 246 0.160 1
94 10 N4 N5 0 0.120 0
94 11 N4 N3 136 0.120 1
95 1 N3 N1 0 0.170 0
95 2 N3 N5 79 0.170 0
95 3 N3 N3 202 0.170 1
95 4 N5 N3 161 0.630 1
95 5 N5 N1 0 0.630 0
95 6 N5 N5 115 0.630 0
95 7 N1 N3 0 1.250 0
95 8 N1 N5 0 1.250 0
95 9 N1 N1 246 1.250 1
95 10 N4 N5 0 0.190 0
95 11 N4 N3 132 0.190 1
96 1 N3 N1 0 0.260 0
96 2 N3 N5 79 0.260 0
96 3 N3 N3 202 0.260 1
96 4 N5 N3 161 1.720 1
96 5 N5 N1 0 1.720 0
96 6 N5 N5 115 1.720 0
96 7 N1 N3 0 0.300 0
96 8 N1 N5 0 0.300 0
96 9 N1 N1 247 0.300 1
96 10 N4 N5 0 0.790 0
96 11 N4 N3 130 0.790 1
97 1 N3 N1 0 0.830 0
97 2 N3 N5 79 0.830 0
97 3 N3 N3 203 0.830 1
97 4 N5 N3 160 0.660 1
97 5 N5 N1 0 0.660 0
97 6 N5 N5 112 0.660 0
97 7 N1 N3 0 0.360 0
97 8 N1 N5 0 0.360 0
97 9 N1 N1 248 0.360 1
97 10 N4 N5 0 0.830 0
97 11 N4 N3 128 0.830 1
98 1 N3 N1 0 0.390 0
98 2 N3 N5 68 0.390 0
98 3 N3 N3 202 0.390 1
98 4 N5 N3 155 0.400 1
98 5 N5 N1 0 0.400 0
98 6 N5 N5 108 0.400 0
98 7 N1 N3 0 0.390 0
98 8 N1 N5 0 0.390 0
98 9 N1 N1 248 0.390 1
98 10 N4 N5 0 0.340 0
98 11 N4 N3 127 0.340 1
99 1 N3 N1 0 0.120 0
99 2 N3 N5 68 0.120 0
99 3 N3 N3 201 0.120 1
99 4 N5 N3 155 1.490 1
99 5 N5 N1 0 1.490 0
99 6 N5 N5 108 1.490 0
99 7 N1 N3 0 0.460 0
99 8 N1 N5 0 0.460 0
99 9 N1 N1 249 0.460 1
99 10 N4 N5 0 0.120 0
99 11 N4 N3 127 0.120 1
100 1 N3 N1 0 0.040 0
100 2 N3 N5 0 0.040 0
100 3 N3 N3 198 0.040 1
100 4 N5 N3 151 0.450 1
100 5 N5 N1 0 0.450 0
100 6 N5 N5 102 0.450 0
100 7 N1 N3 0 0.500 0
100 8 N1 N5 0 0.500 0
100 9 N1 N1 250 0.500 1
100 10 N4 N5 0 0.450 0
100 11 N4 N3 126 0.450 1
101 1 N3 N1 0 0.120 0
101 2 N3 N5 0 0.120 0
101 3 N3 N3 196 0.120 1
101 4 N5 N3 151 1.530 1
101 5 N5 N1 0 1.530 0
101 6 N5 N5 102 1.530 0
101 7 N1 N3 0 0.060 0
101 8 N1 N5 0 0.060 0
101 9 N1 N1 252 0.060 1
101 10 N4 N5 0 0.540 0
101 11 N4 N3 126 0.540 1
102 1 N3 N1 0 0.230 0
102 2 N3 N5 0 0.230 0
102 3 N3 N3 196 0.230 1
102 4 N5 N3 150 0.840 1
102 5 N5 N1 0 0.840 0
102 6 N5 N5 93 0.840 0
102 7 N1 N3 0 0.130 0
102 8 N1 N5 0 0.130 0
102 9 N1 N1 252 0.130 1
102 10 N4 N5 0 0.600 0
102 11 N4 N3 126 0.600 1
103 1 N3 N1 0 0.220 0
103 2 N3 N5 0 0.220 0
103 3 N3 N3 194 0.220 1
103 4 N5 N3 150 1.920 1
103 5 N5 N1 0 1.920 0
103 6 N5 N5 93 1.920 0
103 7 N1 N3 0 0.160 0
103 8 N1 N5 0 0.160 0
103 9 N1 N1 252 0.160 1
103 10 N4 N5 0 0.640 0
103 11 N4 N3 125 0.640 1
104 1 N3 N1 0 0.320 0
104 2 N3 N5 0 0.320 0
104 3 N3 N3 191 0.320 1
104 4 N5 N3 150 3.010 1
104 5 N5 N1 0 3.010 0
104 6 N5 N5 93 3.010 0
104 7 N1 N3 0 0.200 0
104 8 N1 N5 0 0.200 0
104 9 N1 N1 251 0.200 1
104 10 N4 N5 0 0.720 0
104 11 N4 N3 125 0.720 1
105 1 N3 N1 0 0.350 0
105 2 N3 N5 0 0.350 0
105 3 N3 N3 189 0.350 1
105 4 N5 N3 150 4.090 1
105 5 N5 N1 0 4.090 0
105 6 N5 N5 93 4.090 0
105 7 N1 N3 0 0.220 0
105 8 N1 N5 0 0.220 0
105 9 N1 N1 249 0.220 1
105 10 N4 N5 0 0.360 0
105 11 N4 N3 123 0.360 1
106 1 N3 N1 0 0.110 0
106 2 N3 N5 0 0.110 0
106 3 N3 N3 187 0.110 1
106 4 N5 N3 150 5.200 1
106 5 N5 N1 0 5.200 0
106 6 N5 N5 93 5.200 0
106 7 N1 N3 0 0.330 0
106 8 N1 N5 0 0.330 0
106 9 N1 N1 246 0.330 1
106 10 N4 N5 0 0.870 0
106 11 N4 N3 123 0.870 1
107 1 N3 N1 0 1.200 0
107 2 N3 N5 0 1.200 0
107 3 N3 N3 187 1.200 1
107 4 N5 N3 147 0.480 1
107 5 N5 N1 0 0.480 0
107 6 N5 N5 93 0.480 0
107 7 N1 N3 0 0.380 0
107 8 N1 N5 0 0.380 0
107 9 N1 N1 244 0.380 1
107 10 N4 N5 0 1.960 0
107 11 N4 N3 123 1.960 1
108 1 N3 N1 0 0.190 0
108 2 N3 N5 0 0.190 0
108 3 N3 N3 184 0.190 1
108 4 N5 N3 147 1.600 1
108 5 N5 N1 0 1.600 0
108 6 N5 N5 93 1.600 0
108 7 N1 N3 0 0.480 0
108 8 N1 N5 0 0.480 0
108 9 N1 N1 243 0.480 1
108 10 N4 N5 0 0.200 0
108 11 N4 N3 122 0.200 1
109 1 N3 N1 0 1.280 0
109 2 N3 N5 0 1.280 0
109 3 N3 N3 184 1.280 1
109 4 N5 N3 147 2.690 1
109 5 N5 N1 0 2.690 0
109 6 N5 N5 93 2.690 0
109 7 N1 N3 0 1.050 0
109 8 N1 N5 0 1.050 0
109 9 N1 N1 242 1.050 1
109 10 N4 N5 0 1.290 0
109 11 N4 N3 122 1.290 1
110 1 N3 N1 0 0.360 0
110 2 N3 N5 0 0.360 0
110 3 N3 N3 184 0.360 1
110 4 N5 N3 147 3.770 1
110 5 N5 N1 0 3.770 0
110 6 N5 N5 93 3.770 0
110 7 N1 N3 0 0.040 0
110 8 N1 N5 0 0.040 0
110 9 N1 N1 239 0.040 1
110 10 N4 N5 0 0.360 0
110 11 N4 N3 121 0.360 1
111 1 N3 N1 0 1.450 0
111 2 N3 N5 0 1.450 0
111 3 N3 N3 184 1.450 1
111 4 N5 N3 147 4.860 1
111 5 N5 N1 0 4.860 0
111 6 N5 N5 93 4.860 0
111 7 N1 N3 0 0.080 0
111 8 N1 N5 0 0.080 0
111 9 N1 N1 238 0.080 1
111 10 N4 N5 0 1.450 0
111 11 N4 N3 121 1.450 1
112 1 N3 N1 0 0.050 0
112 2 N3 N5 0 0.050 0
112 3 N3 N3 183 0.050 1
112 4 N5 N3 147 5.950 1
112 5 N5 N1 0 5.950 0
112 6 N5 N5 93 5.950 0
112 7 N1 N3 0 0.140 0
112 8 N1 N5 0 0.140 0
112 9 N1 N1 237 0.140 1
112 10 N4 N5 0 0.030 0
112 11 N4 N3 120 0.030 1
113 1 N3 N1 0 1.170 0
113 2 N3 N5 0 1.170 0
113 3 N3 N3 183 1.170 1
113 4 N5 N3 147 7.070 1
113 5 N5 N1 0 7.070 0
113 6 N5 N5 93 7.070 0
113 7 N1 N3 0 0.260 0
113 8 N1 N5 0 0.260 0
113 9 N1 N1 236 0.260 1
113 10 N4 N5 0 1.150 0
113 11 N4 N3 120 1.150 1
114 1 N3 N1 0 1.030 0
114 2 N3 N5 0 1.030 0
114 3 N3 N3 182 1.030 1
114 4 N5 N3 147 8.230 1
114 5 N5 N1 0 8.230 0
114 6 N5 N5 93 8.230 0
114 7 N1 N3 0 0.400 0
114 8 N1 N5 0 0.400 0
114 9 N1 N1 236 0.400 1
114 10 N4 N5 0 2.310 0
114 11 N4 N3 120 2.310 1
115 1 N3 N1 0 0.590 0
115 2 N3 N5 0 0.590 0
115 3 N3 N3 180 0.590 1
115 4 N5 N3 147 9.310 1
115 5 N5 N1 0 9.310 0
115 6 N5 N5 93 9.310 0
115 7 N1 N3 0 0.430 0
115 8 N1 N5 0 0.430 0
115 9 N1 N1 236 0.430 1
115 10 N4 N5 0 0.590 0
115 11 N4 N3 118 0.590 1
116 1 N3 N1 0 0.230 0
116 2 N3 N5 0 0.230 0
116 3 N3 N3 178 0.230 1
116 4 N5 N3 147 10.390 1
116 5 N5 N1 0 10.390 0
116 6 N5 N5 93 10.390 0
116 7 N1 N3 0 0.490 0
116 8 N1 N5 0 0.490 0
116 9 N1 N1 237 0.490 1
116 10 N4 N5 0 1.670 0
116 11 N4 N3 118 1.670 1
117 1 N3 N1 0 1.320 0
117 2 N3 N5 0 1.320 0
117 3 N3 N3 178 1.320 1
117 4 N5 N3 147 11.480 1
117 5 N5 N1 0 11.480 0
117 6 N5 N5 93 11.480 0
117 7 N1 N3 0 0.030 0
117 8 N1 N5 0 0.030 0
117 9 N1 N1 238 0.030 1
117 10 N4 N5 0 2.760 0
117 11 N4 N3 118 2.760 1
118 1 N3 N1 0 0.890 0
118 2 N3 N5 0 0.890 0
118 3 N3 N3 177 0.890 1
118 4 N5 N3 147 12.570 1
118 5 N5 N1 0 12.570 0
118 6 N5 N5 93 12.570 0
118 7 N1 N3 0 0.090 0
118 8 N1 N5 0 0.090 0
118 9 N1 N1 239 0.090 1
118 10 N4 N5 0 0.880 0
118 11 N4 N3 118 0.880 1
119 1 N3 N1 0 1.970 0
119 2 N3 N5 0 1.970 0
119 3 N3 N3 177 1.970 1
119 4 N5 N3 147 13.650 1
119 5 N5 N1 0 13.650 0
119 6 N5 N5 93 13.650 0
119 7 N1 N3 0 0.170 0
119 8 N1 N5 0 0.170 0
119 9 N1 N1 241 0.170 1
119 10 N4 N5 0 1.960 0
119 11 N4 N3 118 1.960 1
120 1 N3 N1 0 0.470 0
120 2 N3 N5 0 0.470 0
120 3 N3 N3 176 0.470 1
120 4 N5 N3 147 14.740 1
120 5 N5 N1 0 14.740 0
120 6 N5 N5 93 14.740 0
120 7 N1 N3 0 0.230 0
120 8 N1 N5 0 0.230 0
120 9 N1 N1 242 0.230 1
120 10 N4 N5 0 0.830 0
120 11 N4 N3 119 0.830 1
121 1 N3 N1 0 1.550 0
121 2 N3 N5 0 1.550 0
121 3 N3 N3 176 1.550 1
121 4 N5 N3 147 15.820 1
121 5 N5 N1 0 15.820 0
121 6 N5 N5 93 15.820 0
121 7 N1 N3 0 0.290 0
121 8 N1 N5 0 0.290 0
121 9 N1 N1 244 0.290 1
121 10 N4 N5 0 1.910 0
121 11 N4 N3 119 1.910 1
122 1 N3 N1 0 0.760 0
122 2 N3 N5 0 0.760 0
122 3 N3 N3 176 0.760 1
122 4 N5 N3 147 16.930 1
122 5 N5 N1 0 16.930 0
122 6 N5 N5 93 16.930 0
122 7 N1 N3 0 0.370 0
122 8 N1 N5 0 0.370 0
122 9 N1 N1 247 0.370 1
122 10 N4 N5 0 0.750 0
122 11 N4 N3 121 0.750 1
123 1 N3 N1 0 0.610 0
123 2 N3 N5 0 0.610 0
123 3 N3 N3 174 0.610 1
123 4 N5 N3 147 18.020 1
123 5 N5 N1 0 18.020 0
123 6 N5 N5 93 18.020 0
123 7 N1 N3 0 0.430 0
123 8 N1 N5 0 0.430 0
123 9 N1 N1 249 0.430 1
123 10 N4 N5 0 1.840 0
123 11 N4 N3 121 1.840 1
124 1 N3 N1 0 1.690 0
124 2 N3 N5 0 1.690 0
124 3 N3 N3 174 1.690 1
124 4 N5 N3 147 19.100 1
124 5 N5 N1 0 19.100 0
124 6 N5 N5 93 19.100 0
124 7 N1 N3 0 0.490 0
124 8 N1 N5 0 0.490 0
124 9 N1 N1 251 0.490 1
124 10 N4 N5 0 2.920 0
124 11 N4 N3 121 2.920 1
125 1 N3 N1 0 2.790 0
125 2 N3 N5 0 2.790 0
125 3 N3 N3 174 2.790 1
125 4 N5 N3 147 20.200 1
125 5 N5 N1 0 20.200 0
125 6 N5 N5 93 20.200 0
125 7 N1 N3 0 0.040 0
125 8 N1 N5 0 0.040 0
125 9 N1 N1 253 0.040 1
125 10 N4 N5 0 4.020 0
125 11 N4 N3 121 4.020 1
126 1 N3 N1 0 0.330 0
126 2 N3 N5 0 0.330 0
126 3 N3 N3 174 0.330 1
126 4 N5 N3 147 21.280 1
126 5 N5 N1 0 21.280 0
126 6 N5 N5 93 21.280 0
126 7 N1 N3 0 0.070 0
126 8 N1 N5 0 0.070 0
126 9 N1 N1 253 0.070 1
126 10 N4 N5 0 0.320 0
126 11 N4 N3 124 0.320 1
127 1 N3 N1 0 0.410 0
127 2 N3 N5 0 0.410 0
127 3 N3 N3 175 0.410 1
127 4 N5 N3 147 22.380 1
127 5 N5 N1 0 22.380 0
127 6 N5 N5 93 22.380 0
127 7 N1 N3 0 0.140 0
127 8 N1 N5 0 0.140 0
127 9 N1 N1 254 0.140 1
127 10 N4 N5 0 1.420 0
127 11 N4 N3 124 1.420 1
128 1 N3 N1 0 1.490 0
128 2 N3 N5 0 1.490 0
128 3 N3 N3 175 1.490 1
128 4 N5 N3 147 23.460 1
128 5 N5 N1 0 23.460 0
128 6 N5 N5 93 23.460 0
128 7 N1 N3 0 0.210 0
128 8 N1 N5 0 0.210 0
128 9 N1 N1 254 0.210 1
128 10 N4 N5 0 2.500 0
128 11 N4 N3 124 2.500 1
129 1 N3 N1 0 0.780 0
129 2 N3 N5 0 0.780 0
129 3 N3 N3 176 0.780 1
129 4 N5 N3 147 24.550 1
129 5 N5 N1 0 24.550 0
129 6 N5 N5 93 24.550 0
129 7 N1 N3 0 0.280 0
129 8 N1 N5 0 0.280 0
129 9 N1 N1 254 0.280 1
129 10 N4 N5 0 0.790 0
129 11 N4 N3 126 0.790 1
130 1 N3 N1 0 0.160 0
130 2 N3 N5 0 0.160 0
130 3 N3 N3 176 0.160 1
130 4 N5 N3 147 25.630 1
130 5 N5 N1 0 25.630 0
130 6 N5 N5 93 25.630 0
130 7 N1 N3 0 0.320 0
130 8 N1 N5 0 0.320 0
130 9 N1 N1 253 0.320 1
130 10 N4 N5 0 0.160 0
130 11 N4 N3 128 0.160 1
131 1 N3 N1 0 0.190 0
131 2 N3 N5 0 0.190 0
131 3 N3 N3 176 0.190 1
131 4 N5 N3 147 26.720 1
131 5 N5 N1 0 26.720 0
131 6 N5 N5 93 26.720 0
131 7 N1 N3 0 0.920 0
131 8 N1 N5 0 0.920 0
131 9 N1 N1 253 0.920 1
131 10 N4 N5 0 0.190 0
131 11 N4 N3 128 0.190 1
132 1 N3 N1 0 1.010 0
132 2 N3 N5 0 1.010 0
132 3 N3 N3 176 1.010 1
132 4 N5 N3 147 27.800 1
132 5 N5 N1 0 27.800 0
132 6 N5 N5 93 27.800 0
132 7 N1 N3 0 2.000 0
132 8 N1 N5 0 2.000 0
132 9 N1 N1 253 2.000 1
132 10 N4 N5 0 1.270 0
132 11 N4 N3 128 1.270 1
133 1 N3 N1 0 0.600 0
133 2 N3 N5 0 0.600 0
133 3 N3 N3 173 0.600 1
133 4 N5 N3 131 0.590 1
133 5 N5 N1 0 0.590 0
133 6 N5 N5 93 0.590 0
133 7 N1 N3 0 0.020 0
133 8 N1 N5 0 0.020 0
133 9 N1 N1 253 0.020 1
133 10 N4 N5 0 0.590 0
133 11 N4 N3 129 0.590 1
134 1 N3 N1 0 0.860 0
134 2 N3 N5 0 0.860 0
134 3 N3 N3 172 0.860 1
134 4 N5 N3 131 1.670 1
134 5 N5 N1 0 1.670 0
134 6 N5 N5 93 1.670 0
134 7 N1 N3 0 0.070 0
134 8 N1 N5 0 0.070 0
134 9 N1 N1 252 0.070 1
134 10 N4 N5 0 0.870 0
134 11 N4 N3 130 0.870 1
135 1 N3 N1 0 0.180 0
135 2 N3 N5 0 0.180 0
135 3 N3 N3 170 0.180 1
135 4 N5 N3 131 2.760 1
135 5 N5 N1 0 2.760 0
135 6 N5 N5 93 2.760 0
135 7 N1 N3 0 0.130 0
135 8 N1 N5 0 0.130 0
135 9 N1 N1 252 0.130 1
135 10 N4 N5 0 0.260 0
135 11 N4 N3 133 0.260 1
136 1 N3 N1 0 0.220 0
136 2 N3 N5 0 0.220 0
136 3 N3 N3 171 0.220 1
136 4 N5 N3 131 3.850 1
136 5 N5 N1 0 3.850 0
136 6 N5 N5 93 3.850 0
136 7 N1 N3 0 0.720 0
136 8 N1 N5 0 0.720 0
136 9 N1 N1 252 0.720 1
136 10 N4 N5 0 0.340 0
136 11 N4 N3 134 0.340 1
137 1 N3 N1 0 0.250 0
137 2 N3 N5 0 0.250 0
137 3 N3 N3 171 0.250 1
137 4 N5 N3 97 0.990 1
137 5 N5 N1 0 0.990 0
137 6 N5 N5 0 0.990 0
137 7 N1 N3 0 0.270 0
137 8 N1 N5 0 0.270 0
137 9 N1 N1 252 0.270 1
137 10 N4 N5 0 1.430 0
137 11 N4 N3 134 1.430 1
138 1 N3 N1 0 0.350 0
138 2 N3 N5 0 0.350 0
138 3 N3 N3 171 0.350 1
138 4 N5 N3 97 2.100 1
138 5 N5 N1 0 2.100 0
138 6 N5 N5 0 2.100 0
138 7 N1 N3 0 0.360 0
138 8 N1 N5 0 0.360 0
138 9 N1 N1 252 0.360 1
138 10 N4 N5 0 0.980 0
138 11 N4 N3 135 0.980 1
139 1 N3 N1 0 0.400 0
139 2 N3 N5 0 0.400 0
139 3 N3 N3 171 0.400 1
139 4 N5 N3 88 0.710 1
139 5 N5 N1 0 0.710 0
139 6 N5 N5 0 0.710 0
139 7 N1 N3 0 0.440 0
139 8 N1 N5 0 0.440 0
139 9 N1 N1 251 0.440 1
139 10 N4 N5 0 0.040 0
139 11 N4 N3 135 0.040 1
140 1 N3 N1 0 0.970 0
140 2 N3 N5 0 0.970 0
140 3 N3 N3 170 0.970 1
140 4 N5 N3 88 1.790 1
140 5 N5 N1 0 1.790 0
140 6 N5 N5 0 1.790 0
140 7 N1 N3 0 0.000 0
140 8 N1 N5 0 0.000 0
140 9 N1 N1 251 0.000 1
140 10 N4 N5 0 0.110 0
140 11 N4 N3 135 0.110 1
141 1 N3 N1 0 0.020 0
141 2 N3 N5 0 0.020 0
141 3 N3 N3 170 0.020 1
141 4 N5 N3 88 2.880 1
141 5 N5 N1 0 2.880 0
141 6 N5 N5 0 2.880 0
141 7 N1 N3 0 0.040 0
141 8 N1 N5 0 0.040 0
141 9 N1 N1 250 0.040 1
141 10 N4 N5 0 0.170 0
141 11 N4 N3 134 0.170 1
142 1 N3 N1 0 0.090 0
142 2 N3 N5 0 0.090 0
142 3 N3 N3 170 0.090 1
142 4 N5 N3 68 0.990 1
142 5 N5 N1 0 0.990 0
142 6 N5 N5 0 0.990 0
142 7 N1 N3 0 0.080 0
142 8 N1 N5 0 0.080 0
142 9 N1 N1 250 0.080 1
142 10 N4 N5 0 0.210 0
142 11 N4 N3 135 0.210 1
143 1 N3 N1 0 0.650 0
143 2 N3 N5 0 0.650 0
143 3 N3 N3 170 0.650 1
143 4 N5 N3 63 0.300 1
143 5 N5 N1 0 0.300 0
143 6 N5 N5 0 0.300 0
143 7 N1 N3 0 0.120 0
143 8 N1 N5 0 0.120 0
143 9 N1 N1 249 0.120 1
143 10 N4 N5 0 0.200 0
143 11 N4 N3 135 0.200 1
144 1 N3 N1 0 0.180 0
144 2 N3 N5 0 0.180 0
144 3 N3 N3 171 0.180 1
144 4 N5 N3 63 1.380 1
144 5 N5 N1 0 1.380 0
144 6 N5 N5 0 1.380 0
144 7 N1 N3 0 0.170 0
144 8 N1 N5 0 0.170 0
144 9 N1 N1 248 0.170 1
144 10 N4 N5 0 0.320 0
144 11 N4 N3 136 0.320 1
145 1 N3 N1 0 0.230 0
145 2 N3 N5 0 0.230 0
145 3 N3 N3 172 0.230 1
145 4 N5 N3 63 2.470 1
145 5 N5 N1 0 2.470 0
145 6 N5 N5 0 2.470 0
145 7 N1 N3 0 0.240 0
145 8 N1 N5 0 0.240 0
145 9 N1 N1 247 0.240 1
145 10 N4 N5 0 0.390 0
145 11 N4 N3 136 0.390 1
146 1 N3 N1 0 0.290 0
146 2 N3 N5 0 0.290 0
146 3 N3 N3 171 0.290 1
146 4 N5 N3 63 3.550 1
146 5 N5 N1 0 3.550 0
146 6 N5 N5 0 3.550 0
146 7 N1 N3 0 0.290 0
146 8 N1 N5 0 0.290 0
146 9 N1 N1 247 0.290 1
146 10 N4 N5 0 0.450 0
146 11 N4 N3 133 0.450 1
147 1 N3 N1 0 0.340 0
147 2 N3 N5 0 0.340 0
147 3 N3 N3 170 0.340 1
147 4 N5 N3 53 0.860 1
147 5 N5 N1 0 0.860 0
147 6 N5 N5 0 0.860 0
147 7 N1 N3 0 0.310 0
147 8 N1 N5 0 0.310 0
147 9 N1 N1 245 0.310 1
147 10 N4 N5 0 0.490 0
147 11 N4 N3 130 0.490 1
148 1 N3 N1 0 0.420 0
148 2 N3 N5 0 0.420 0
148 3 N3 N3 169 0.420 1
148 4 N5 N3 47 0.530 1
148 5 N5 N1 0 0.530 0
148 6 N5 N5 0 0.530 0
148 7 N1 N3 0 0.400 0
148 8 N1 N5 0 0.400 0
148 9 N1 N1 244 0.400 1
148 10 N4 N5 0 0.020 0
148 11 N4 N3 126 0.020 1
149 1 N3 N1 0 0.510 0
149 2 N3 N5 0 0.510 0
149 3 N3 N3 167 0.510 1
149 4 N5 N3 47 1.640 1
149 5 N5 N1 0 1.640 0
149 6 N5 N5 0 1.640 0
149 7 N1 N3 0 0.490 0
149 8 N1 N5 0 0.490 0
149 9 N1 N1 243 0.490 1
149 10 N4 N5 0 0.080 0
149 11 N4 N3 123 0.080 1
150 1 N3 N1 0 0.070 0
150 2 N3 N5 0 0.070 0
150 3 N3 N3 165 0.070 1
150 4 N5 N3 42 0.350 1
150 5 N5 N1 0 0.350 0
150 6 N5 N5 0 0.350 0
150 7 N1 N3 0 0.040 0
150 8 N1 N5 0 0.040 0
150 9 N1 N1 240 0.040 1
150 10 N4 N5 0 0.140 0
150 11 N4 N3 121 0.140 1
151 1 N3 N1 0 0.120 0
151 2 N3 N5 0 0.120 0
151 3 N3 N3 163 0.120 1
151 4 N5 N3 39 0.880 1
151 5 N5 N1 0 0.880 0
151 6 N5 N5 0 0.880 0
151 7 N1 N3 0 0.100 0
151 8 N1 N5 0 0.100 0
151 9 N1 N1 238 0.100 1
151 10 N4 N5 0 0.700 0
151 11 N4 N3 120 0.700 1
152 1 N3 N1 0 0.180 0
152 2 N3 N5 0 0.180 0
152 3 N3 N3 161 0.180 1
152 4 N5 N3 41 0.430 1
152 5 N5 N1 0 0.430 0
152 6 N5 N5 0 0.430 0
152 7 N1 N3 0 0.130 0
152 8 N1 N5 0 0.130 0
152 9 N1 N1 235 0.130 1
152 10 N4 N5 0 0.290 0
152 11 N4 N3 118 0.290 1
153 1 N3 N1 0 0.040 0
153 2 N3 N5 0 0.040 0
153 3 N3 N3 160 0.040 1
153 4 N5 N3 43 0.200 1
153 5 N5 N1 0 0.200 0
153 6 N5 N5 0 0.200 0
153 7 N1 N3 0 0.180 0
153 8 N1 N5 0 0.180 0
153 9 N1 N1 232 0.180 1
153 10 N4 N5 0 0.320 0
153 11 N4 N3 116 0.320 1
154 1 N3 N1 0 0.110 0
154 2 N3 N5 0 0.110 0
154 3 N3 N3 158 0.110 1
154 4 N5 N3 46 0.250 1
154 5 N5 N1 0 0.250 0
154 6 N5 N5 0 0.250 0
154 7 N1 N3 0 0.230 0
154 8 N1 N5 0 0.230 0
154 9 N1 N1 230 0.230 1
154 10 N4 N5 0 0.340 0
154 11 N4 N3 116 0.340 1
155 1 N3 N1 0 0.980 0
155 2 N3 N5 0 0.980 0
155 3 N3 N3 157 0.980 1
155 4 N5 N3 49 0.390 1
155 5 N5 N1 0 0.390 0
155 6 N5 N5 0 0.390 0
155 7 N1 N3 0 0.360 0
155 8 N1 N5 0 0.360 0
155 9 N1 N1 228 0.360 1
155 10 N4 N5 0 0.450 0
155 11 N4 N3 116 0.450 1
156 1 N3 N1 0 0.500 0
156 2 N3 N5 5 0.500 0
156 3 N3 N3 154 0.500 1
156 4 N5 N3 56 0.220 1
156 5 N5 N1 0 0.220 0
156 6 N5 N5 10 0.220 0
156 7 N1 N3 0 0.410 0
156 8 N1 N5 0 0.410 0
156 9 N1 N1 226 0.410 1
156 10 N4 N5 12 0.050 0
156 11 N4 N3 113 0.050 1
157 1 N3 N1 0 0.050 0
157 2 N3 N5 5 0.050 0
157 3 N3 N3 153 0.050 1
157 4 N5 N3 56 1.310 1
157 5 N5 N1 0 1.310 0
157 6 N5 N5 10 1.310 0
157 7 N1 N3 0 1.500 0
157 8 N1 N5 0 1.500 0
157 9 N1 N1 226 1.500 1
157 10 N4 N5 13 0.610 0
157 11 N4 N3 112 0.610 1
158 1 N3 N1 0 0.030 0
158 2 N3 N5 10 0.030 0
158 3 N3 N3 152 0.030 1
158 4 N5 N3 62 0.010 1
158 5 N5 N1 0 0.010 0
158 6 N5 N5 21 0.010 0
158 7 N1 N3 0 0.010 0
158 8 N1 N5 0 0.010 0
158 9 N1 N1 225 0.010 1
158 10 N4 N5 16 0.020 0
158 11 N4 N3 113 0.020 1
159 1 N3 N1 0 0.120 0
159 2 N3 N5 12 0.120 0
159 3 N3 N3 154 0.120 1
159 4 N5 N3 66 0.590 1
159 5 N5 N1 0 0.590 0
159 6 N5 N5 23 0.590 0
159 7 N1 N3 0 0.060 0
159 8 N1 N5 0 0.060 0
159 9 N1 N1 225 0.060 1
159 10 N4 N5 18 0.200 0
159 11 N4 N3 119 0.200 1
160 1 N3 N1 0 0.170 0
160 2 N3 N5 13 0.170 0
160 3 N3 N3 155 0.170 1
160 4 N5 N3 76 0.150 1
160 5 N5 N1 0 0.150 0
160 6 N5 N5 28 0.150 0
160 7 N1 N3 0 0.100 0
160 8 N1 N5 0 0.100 0
160 9 N1 N1 225 0.100 1
160 10 N4 N5 18 1.290 0
160 11 N4 N3 119 1.290 1
161 1 N3 N1 0 0.250 0
161 2 N3 N5 13 0.250 0
161 3 N3 N3 156 0.250 1
161 4 N5 N3 78 0.310 1
161 5 N5 N1 0 0.310 0
161 6 N5 N5 31 0.310 0
161 7 N1 N3 0 0.190 0
161 8 N1 N5 0 0.190 0
161 9 N1 N1 226 0.190 1
161 10 N4 N5 21 0.300 0
161 11 N4 N3 123 0.300 1
162 1 N3 N1 0 0.830 0
162 2 N3 N5 13 0.830 0
162 3 N3 N3 157 0.830 1
162 4 N5 N3 81 0.280 1
162 5 N5 N1 0 0.280 0
162 6 N5 N5 37 0.280 0
162 7 N1 N3 0 0.740 0
162 8 N1 N5 0 0.740 0
162 9 N1 N1 226 0.740 1
162 10 N4 N5 24 0.290 0
162 11 N4 N3 124 0.290 1
163 1 N3 N1 0 0.390 0
163 2 N3 N5 18 0.390 0
163 3 N3 N3 159 0.390 1
163 4 N5 N3 87 0.130 1
163 5 N5 N1 0 0.130 0
163 6 N5 N5 42 0.130 0
163 7 N1 N3 0 0.370 0
163 8 N1 N5 0 0.370 0
163 9 N1 N1 226 0.370 1
163 10 N4 N5 27 0.540 0
163 11 N4 N3 126 0.540 1
164 1 N3 N1 0 0.430 0
164 2 N3 N5 18 0.430 0
164 3 N3 N3 162 0.430 1
164 4 N5 N3 87 0.430 1
164 5 N5 N1 0 0.430 0
164 6 N5 N5 44 0.430 0
164 7 N1 N3 0 0.340 0
164 8 N1 N5 0 0.340 0
164 9 N1 N1 227 0.340 1
164 10 N4 N5 27 0.960 0
164 11 N4 N3 127 0.960 1
165 1 N3 N1 0 0.330 0
165 2 N3 N5 26 0.330 0
165 3 N3 N3 163 0.330 1
165 4 N5 N3 90 0.320 1
165 5 N5 N1 0 0.320 0
165 6 N5 N5 48 0.320 0
165 7 N1 N3 0 0.070 0
165 8 N1 N5 21 0.070 0
165 9 N1 N1 228 0.070 1
165 10 N4 N5 27 0.040 0
165 11 N4 N3 129 0.040 1
166 1 N3 N1 0 0.080 0
166 2 N3 N5 33 0.080 0
166 3 N3 N3 165 0.080 1
166 4 N5 N3 104 0.400 1
166 5 N5 N1 0 0.400 0
166 6 N5 N5 55 0.400 0
166 7 N1 N3 0 0.110 0
166 8 N1 N5 22 0.110 0
166 9 N1 N1 229 0.110 1
166 10 N4 N5 27 0.110 0
166 11 N4 N3 130 0.110 1
167 1 N3 N1 0 0.120 0
167 2 N3 N5 43 0.120 0
167 3 N3 N3 167 0.120 1
167 4 N5 N3 115 0.450 1
167 5 N5 N1 0 0.450 0
167 6 N5 N5 61 0.450 0
167 7 N1 N3 0 0.030 0
167 8 N1 N5 22 0.030 0
167 9 N1 N1 230 0.030 1
167 10 N4 N5 29 0.150 0
167 11 N4 N3 133 0.150 1
168 1 N3 N1 0 0.030 0
168 2 N3 N5 47 0.030 0
168 3 N3 N3 169 0.030 1
168 4 N5 N3 115 0.030 1
168 5 N5 N1 0 0.030 0
168 6 N5 N5 67 0.030 0
168 7 N1 N3 0 0.030 0
168 8 N1 N5 23 0.030 0
168 9 N1 N1 231 0.030 1
168 10 N4 N5 31 0.720 0
168 11 N4 N3 134 0.720 1
169 1 N3 N1 0 0.240 0
169 2 N3 N5 49 0.240 0
169 3 N3 N3 173 0.240 1
169 4 N5 N3 120 0.550 1
169 5 N5 N1 0 0.550 0
169 6 N5 N5 70 0.550 0
169 7 N1 N3 0 0.150 0
169 8 N1 N5 24 0.150 0
169 9 N1 N1 232 0.150 1
169 10 N4 N5 36 0.760 0
169 11 N4 N3 133 0.760 1
170 1 N3 N1 0 0.190 0
170 2 N3 N5 52 0.190 0
170 3 N3 N3 174 0.190 1
170 4 N5 N3 124 0.070 1
170 5 N5 N1 0 0.070 0
170 6 N5 N5 74 0.070 0
170 7 N1 N3 0 0.220 0
170 8 N1 N5 25 0.220 0
170 9 N1 N1 232 0.220 1
170 10 N4 N5 39 0.670 0
170 11 N4 N3 134 0.670 1
171 1 N3 N1 0 0.300 0
171 2 N3 N5 55 0.300 0
171 3 N3 N3 176 0.300 1
171 4 N5 N3 125 0.150 1
171 5 N5 N1 0 0.150 0
171 6 N5 N5 76 0.150 0
171 7 N1 N3 0 0.310 0
171 8 N1 N5 27 0.310 0
171 9 N1 N1 233 0.310 1
171 10 N4 N5 39 1.790 0
171 11 N4 N3 134 1.790 1
172 1 N3 N1 0 0.350 0
172 2 N3 N5 60 0.350 0
172 3 N3 N3 177 0.350 1
172 4 N5 N3 127 0.340 1
172 5 N5 N1 0 0.340 0
172 6 N5 N5 80 0.340 0
172 7 N1 N3 0 0.400 0
172 8 N1 N5 27 0.400 0
172 9 N1 N1 232 0.400 1
172 10 N4 N5 45 0.870 0
172 11 N4 N3 134 0.870 1
173 1 N3 N1 0 1.030 0
173 2 N3 N5 60 1.030 0
173 3 N3 N3 177 1.030 1
173 4 N5 N3 126 0.760 1
173 5 N5 N1 0 0.760 0
173 6 N5 N5 82 0.760 0
173 7 N1 N3 0 0.430 0
173 8 N1 N5 27 0.430 0
173 9 N1 N1 232 0.430 1
173 10 N4 N5 45 1.950 0
173 11 N4 N3 134 1.950 1
174 1 N3 N1 0 0.060 0
174 2 N3 N5 66 0.060 0
174 3 N3 N3 175 0.060 1
174 4 N5 N3 127 0.640 1
174 5 N5 N1 0 0.640 0
174 6 N5 N5 84 0.640 0
174 7 N1 N3 0 0.030 0
174 8 N1 N5 28 0.030 0
174 9 N1 N1 230 0.030 1
174 10 N4 N5 45 3.040 0
174 11 N4 N3 134 3.040 1
175 1 N3 N1 0 0.640 0
175 2 N3 N5 66 0.640 0
175 3 N3 N3 173 0.640 1
175 4 N5 N3 128 0.780 1
175 5 N5 N1 0 0.780 0
175 6 N5 N5 87 0.780 0
175 7 N1 N3 0 0.080 0
175 8 N1 N5 28 0.080 0
175 9 N1 N1 229 0.080 1
175 10 N4 N5 45 0.700 0
175 11 N4 N3 133 0.700 1
176 1 N3 N1 0 0.090 0
176 2 N3 N5 70 0.090 0
176 3 N3 N3 173 0.090 1
176 4 N5 N3 128 0.020 1
176 5 N5 N1 0 0.020 0
176 6 N5 N5 95 0.020 0
176 7 N1 N3 0 0.170 0
176 8 N1 N5 28 0.170 0
176 9 N1 N1 228 0.170 1
176 10 N4 N5 48 0.330 0
176 11 N4 N3 132 0.330 1
177 1 N3 N1 0 0.270 0
177 2 N3 N5 74 0.270 0
177 3 N3 N3 175 0.270 1
177 4 N5 N3 133 0.070 1
177 5 N5 N1 0 0.070 0
177 6 N5 N5 101 0.070 0
177 7 N1 N3 0 0.240 0
177 8 N1 N5 29 0.240 0
177 9 N1 N1 228 0.240 1
177 10 N4 N5 0 0.300 0
177 11 N4 N3 134 0.300 1
178 1 N3 N1 0 0.730 0
178 2 N3 N5 76 0.730 0
178 3 N3 N3 176 0.730 1
178 4 N5 N3 137 0.120 1
178 5 N5 N1 0 0.120 0
178 6 N5 N5 103 0.120 0
178 7 N1 N3 0 0.320 0
178 8 N1 N5 0 0.320 0
178 9 N1 N1 228 0.320 1
178 10 N4 N5 0 1.390 0
178 11 N4 N3 134 1.390 1
179 1 N3 N1 0 0.390 0
179 2 N3 N5 79 0.390 0
179 3 N3 N3 176 0.390 1
179 4 N5 N3 145 0.050 1
179 5 N5 N1 0 0.050 0
179 6 N5 N5 108 0.050 0
179 7 N1 N3 0 0.390 0
179 8 N1 N5 0 0.390 0
179 9 N1 N1 228 0.390 1
179 10 N4 N5 0 2.470 0
179 11 N4 N3 134 2.470 1
180 1 N3 N1 0 0.350 0
180 2 N3 N5 83 0.350 0
180 3 N3 N3 177 0.350 1
180 4 N5 N3 150 0.110 1
180 5 N5 N1 0 0.110 0
180 6 N5 N5 109 0.110 0
180 7 N1 N3 0 0.440 0
180 8 N1 N5 0 0.440 0
180 9 N1 N1 228 0.440 1
180 10 N4 N5 0 3.560 0
180 11 N4 N3 134 3.560 1
181 1 N3 N1 0 0.010 0
181 2 N3 N5 94 0.010 0
181 3 N3 N3 180 0.010 1
181 4 N5 N3 154 0.160 1
181 5 N5 N1 0 0.160 0
181 6 N5 N5 114 0.160 0
181 7 N1 N3 0 0.480 0
181 8 N1 N5 0 0.480 0
181 9 N1 N1 229 0.480 1
181 10 N4 N5 0 0.780 0
181 11 N4 N3 134 0.780 1
182 1 N3 N1 0 0.070 0
182 2 N3 N5 97 0.070 0
182 3 N3 N3 183 0.070 1
182 4 N5 N3 156 0.180 1
182 5 N5 N1 0 0.180 0
182 6 N5 N5 119 0.180 0
182 7 N1 N3 0 0.010 0
182 8 N1 N5 0 0.010 0
182 9 N1 N1 232 0.010 1
182 10 N4 N5 0 1.860 0
182 11 N4 N3 134 1.860 1
183 1 N3 N1 0 0.020 0
183 2 N3 N5 103 0.020 0
183 3 N3 N3 187 0.020 1
183 4 N5 N3 156 0.230 1
183 5 N5 N1 0 0.230 0
183 6 N5 N5 123 0.230 0
183 7 N1 N3 0 0.060 0
183 8 N1 N5 0 0.060 0
183 9 N1 N1 234 0.060 1
183 10 N4 N5 0 0.770 0
183 11 N4 N3 135 0.770 1
184 1 N3 N1 0 0.090 0
184 2 N3 N5 108 0.090 0
184 3 N3 N3 189 0.090 1
184 4 N5 N3 155 0.280 1
184 5 N5 N1 0 0.280 0
184 6 N5 N5 127 0.280 0
184 7 N1 N3 0 0.140 0
184 8 N1 N5 0 0.140 0
184 9 N1 N1 236 0.140 1
184 10 N4 N5 0 0.120 0
184 11 N4 N3 135 0.120 1
185 1 N3 N1 0 0.750 0
185 2 N3 N5 110 0.750 0
185 3 N3 N3 189 0.750 1
185 4 N5 N3 154 0.360 1
185 5 N5 N1 0 0.360 0
185 6 N5 N5 130 0.360 0
185 7 N1 N3 0 0.180 0
185 8 N1 N5 0 0.180 0
185 9 N1 N1 237 0.180 1
185 10 N4 N5 0 1.200 0
185 11 N4 N3 135 1.200 1
186 1 N3 N1 0 0.300 0
186 2 N3 N5 114 0.300 0
186 3 N3 N3 192 0.300 1
186 4 N5 N3 154 0.020 1
186 5 N5 N1 0 0.020 0
186 6 N5 N5 136 0.020 0
186 7 N1 N3 0 0.240 0
186 8 N1 N5 0 0.240 0
186 9 N1 N1 237 0.240 1
186 10 N4 N5 0 0.490 0
186 11 N4 N3 136 0.490 1
187 1 N3 N1 0 0.290 0
187 2 N3 N5 121 0.290 0
187 3 N3 N3 195 0.290 1
187 4 N5 N3 155 0.090 1
187 5 N5 N1 0 0.090 0
187 6 N5 N5 140 0.090 0
187 7 N1 N3 0 0.340 0
187 8 N1 N5 0 0.340 0
187 9 N1 N1 236 0.340 1
187 10 N4 N5 0 1.600 0
187 11 N4 N3 136 1.600 1
188 1 N3 N1 0 0.320 0
188 2 N3 N5 125 0.320 0
188 3 N3 N3 197 0.320 1
188 4 N5 N3 156 0.170 1
188 5 N5 N1 0 0.170 0
188 6 N5 N5 141 0.170 0
188 7 N1 N3 0 0.390 0
188 8 N1 N5 0 0.390 0
188 9 N1 N1 236 0.390 1
188 10 N4 N5 0 0.460 0
188 11 N4 N3 141 0.460 1
189 1 N3 N1 0 0.370 0
189 2 N3 N5 127 0.370 0
189 3 N3 N3 198 0.370 1
189 4 N5 N3 154 0.380 1
189 5 N5 N1 0 0.380 0
189 6 N5 N5 142 0.380 0
189 7 N1 N3 0 0.460 0
189 8 N1 N5 0 0.460 0
189 9 N1 N1 234 0.460 1
189 10 N4 N5 0 1.550 0
189 11 N4 N3 141 1.550 1
190 1 N3 N5 129 0.020 0
190 2 N3 N3 198 0.020 1
190 3 N5 N3 152 0.340 1
190 4 N5 N1 0 0.340 0
190 5 N5 N5 145 0.340 0
190 6 N1 N3 0 0.010 0
190 7 N1 N5 0 0.010 0
190 8 N1 N1 233 0.010 1
190 9 N4 N5 0 0.380 0
190 10 N4 N3 139 0.380 1
191 1 N3 N5 131 0.100 0
191 2 N3 N3 198 0.100 1
191 3 N5 N3 146 0.260 1
191 4 N5 N1 0 0.260 0
191 5 N5 N5 147 0.260 0
191 6 N1 N3 0 0.070 0
191 7 N1 N5 0 0.070 0
191 8 N1 N1 232 0.070 1
191 9 N4 N5 0 0.890 0
191 10 N4 N3 138 0.890 1
192 1 N3 N5 132 0.150 0
192 2 N3 N3 198 0.150 1
192 3 N5 N3 144 0.330 1
192 4 N5 N1 0 0.330 0
192 5 N5 N5 148 0.330 0
192 6 N1 N3 0 0.110 0
192 7 N1 N5 0 0.110 0
192 8 N1 N1 232 0.110 1
192 9 N4 N5 0 0.500 0
192 10 N4 N3 138 0.500 1
193 1 N3 N5 133 0.090 0
193 2 N3 N3 199 0.090 1
193 3 N5 N3 142 0.400 0
193 4 N5 N1 0 0.400 0
193 5 N5 N5 150 0.400 1
193 6 N1 N3 0 0.070 0
193 7 N1 N5 102 0.070 0
193 8 N1 N1 231 0.070 1
193 9 N4 N5 0 0.280 0
193 10 N4 N3 138 0.280 1
194 1 N3 N5 137 0.160 0
194 2 N3 N3 200 0.160 1
194 3 N5 N3 142 0.060 0
194 4 N5 N1 0 0.060 0
194 5 N5 N5 152 0.060 1
194 6 N1 N3 0 0.740 0
194 7 N1 N5 102 0.740 0
194 8 N1 N1 231 0.740 1
194 9 N4 N5 0 0.380 0
194 10 N4 N3 138 0.380 1
195 1 N3 N5 140 0.300 0
195 2 N3 N3 200 0.300 1
195 3 N5 N3 145 0.100 0
195 4 N5 N1 0 0.100 0
195 5 N5 N5 155 0.100 1
195 6 N1 N3 0 0.190 0
195 7 N1 N5 108 0.190 0
195 8 N1 N1 232 0.190 1
195 9 N4 N5 0 0.100 0
195 10 N4 N3 138 0.100 1
196 1 N3 N5 144 0.230 0
196 2 N3 N3 200 0.230 1
196 3 N5 N3 143 0.030 0
196 4 N5 N1 0 0.030 0
196 5 N5 N5 159 0.030 1
196 6 N1 N3 0 0.250 0
196 7 N1 N5 113 0.250 0
196 8 N1 N1 234 0.250 1
196 9 N4 N5 0 0.130 0
196 10 N4 N3 136 0.130 1
197 1 N3 N5 150 0.260 0
197 2 N3 N3 200 0.260 1
197 3 N5 N3 143 0.190 0
197 4 N5 N1 0 0.190 0
197 5 N5 N5 163 0.190 1
197 6 N1 N3 0 0.300 0
197 7 N1 N5 118 0.300 0
197 8 N1 N1 235 0.300 1
197 9 N4 N5 0 0.050 0
197 10 N4 N3 137 0.050 1
198 1 N3 N5 154 0.290 0
198 2 N3 N3 202 0.290 1
198 3 N5 N3 141 0.110 0
198 4 N5 N1 0 0.110 0
198 5 N5 N5 167 0.110 1
198 6 N1 N3 0 0.350 0
198 7 N1 N5 123 0.350 0
198 8 N1 N1 235 0.350 1
198 9 N4 N5 0 0.790 0
198 10 N4 N3 137 0.790 1
199 1 N3 N5 158 0.370 0
199 2 N3 N3 204 0.370 1
199 3 N5 N3 137 0.190 0
199 4 N5 N1 0 0.190 0
199 5 N5 N5 170 0.190 1
199 6 N1 N3 0 0.020 0
199 7 N1 N5 132 0.020 0
199 8 N1 N1 235 0.020 1
199 9 N4 N5 0 0.340 0
199 10 N4 N3 138 0.340 1
200 1 N3 N5 159 0.410 0
200 2 N3 N3 205 0.410 1
200 3 N5 N3 136 0.350 0
200 4 N5 N1 0 0.350 0
200 5 N5 N5 174 0.350 1
200 6 N1 N3 0 0.060 0
200 7 N1 N5 137 0.060 0
200 8 N1 N1 235 0.060 1
200 9 N4 N5 0 0.360 0
200 10 N4 N3 139 0.360 1
201 1 N3 N5 158 0.050 0
201 2 N3 N3 205 0.050 1
201 3 N5 N3 134 0.270 0
201 4 N5 N1 0 0.270 0
201 5 N5 N5 178 0.270 1
201 6 N1 N3 0 0.120 0
201 7 N1 N5 140 0.120 0
201 8 N1 N1 235 0.120 1
201 9 N4 N5 0 1.450 0
201 10 N4 N3 139 1.450 1
202 1 N3 N5 158 0.130 0
202 2 N3 N3 205 0.130 1
202 3 N5 N3 134 0.320 0
202 4 N5 N1 0 0.320 0
202 5 N5 N5 181 0.320 1
202 6 N1 N3 0 0.150 0
202 7 N1 N5 143 0.150 0
202 8 N1 N1 235 0.150 1
202 9 N4 N5 0 2.530 0
202 10 N4 N3 139 2.530 1
203 1 N3 N5 157 0.120 0
203 2 N3 N3 206 0.120 1
203 3 N5 N3 135 0.530 0
203 4 N5 N1 0 0.530 0
203 5 N5 N5 184 0.530 1
203 6 N1 N3 0 0.130 0
203 7 N1 N5 146 0.130 0
203 8 N1 N1 234 0.130 1
203 9 N4 N5 0 0.080 0
203 10 N4 N3 143 0.080 1
204 1 N3 N5 156 0.300 0
204 2 N3 N3 207 0.300 1
204 3 N5 N3 137 0.120 0
204 4 N5 N1 0 0.120 0
204 5 N5 N5 188 0.120 1
204 6 N1 N3 0 0.180 0
204 7 N1 N5 152 0.180 0
204 8 N1 N1 233 0.180 1
204 9 N4 N5 0 0.170 0
204 10 N4 N3 144 0.170 1
205 1 N3 N5 160 0.240 0
205 2 N3 N3 207 0.240 1
205 3 N5 N3 137 0.190 0
205 4 N5 N1 0 0.190 0
205 5 N5 N5 191 0.190 1
205 6 N1 N3 0 0.220 0
205 7 N1 N5 159 0.220 0
205 8 N1 N1 232 0.220 1
205 9 N4 N5 0 0.600 0
205 10 N4 N3 145 0.600 1
206 1 N3 N5 161 0.390 0
206 2 N3 N3 207 0.390 1
206 3 N5 N3 138 0.260 0
206 4 N5 N1 0 0.260 0
206 5 N5 N5 194 0.260 1
206 6 N1 N3 0 0.280 0
206 7 N1 N5 164 0.280 0
206 8 N1 N1 232 0.280 1
206 9 N4 N5 0 1.680 0
206 10 N4 N3 145 1.680 1
207 1 N3 N5 163 0.470 0
207 2 N3 N3 205 0.470 1
207 3 N5 N3 137 0.300 0
207 4 N5 N1 0 0.300 0
207 5 N5 N5 197 0.300 1
207 6 N1 N3 0 0.350 0
207 7 N1 N5 168 0.350 0
207 8 N1 N1 231 0.350 1
207 9 N4 N5 0 0.870 0
207 10 N4 N3 145 0.870 1
208 1 N3 N5 163 0.040 0
208 2 N3 N3 206 0.040 1
208 3 N5 N3 133 0.210 0
208 4 N5 N1 0 0.210 0
208 5 N5 N5 201 0.210 1
208 6 N1 N3 0 0.010 0
208 7 N1 N5 169 0.010 0
208 8 N1 N1 230 0.010 1
208 9 N4 N5 0 0.210 0
208 10 N4 N3 147 0.210 1
209 1 N3 N5 165 0.000 0
209 2 N3 N3 208 0.000 1
209 3 N5 N3 131 0.270 0
209 4 N5 N1 0 0.270 0
209 5 N5 N5 204 0.270 1
209 6 N1 N3 0 0.060 0
209 7 N1 N5 169 0.060 0
209 8 N1 N1 230 0.060 1
209 9 N4 N5 0 0.450 0
209 10 N4 N3 149 0.450 1
210 1 N3 N5 165 0.090 0
210 2 N3 N3 208 0.090 1
210 3 N5 N3 130 0.440 0
210 4 N5 N1 0 0.440 0
210 5 N5 N5 207 0.440 1
210 6 N1 N3 0 0.040 0
210 7 N1 N5 175 0.040 0
210 8 N1 N1 229 0.040 1
210 9 N4 N5 0 0.020 0
210 10 N4 N3 154 0.020 1
211 1 N3 N5 162 0.140 0
211 2 N3 N3 208 0.140 1
211 3 N5 N3 131 0.390 0
211 4 N5 N1 0 0.390 0
211 5 N5 N5 211 0.390 1
211 6 N1 N3 0 0.070 0
211 7 N1 N5 180 0.070 0
211 8 N1 N1 230 0.070 1
211 9 N4 N5 0 0.050 0
211 10 N4 N3 158 0.050 1
212 1 N3 N5 161 0.290 0
212 2 N3 N3 209 0.290 1
212 3 N5 N3 133 0.050 0
212 4 N5 N1 0 0.050 0
212 5 N5 N5 214 0.050 1
212 6 N1 N3 0 0.140 0
212 7 N1 N5 186 0.140 0
212 8 N1 N1 230 0.140 1
212 9 N4 N5 0 0.600 0
212 10 N4 N3 159 0.600 1
213 1 N3 N5 161 0.850 0
213 2 N3 N3 210 0.850 1
213 3 N5 N3 134 0.610 0
213 4 N5 N1 0 0.610 0
213 5 N5 N5 215 0.610 1
213 6 N1 N3 0 0.190 0
213 7 N1 N5 191 0.190 0
213 8 N1 N1 230 0.190 1
213 9 N4 N5 0 1.670 0
213 10 N4 N3 159 1.670 1
214 1 N3 N5 159 0.190 0
214 2 N3 N3 212 0.190 1
214 3 N5 N3 134 0.100 0
214 4 N5 N1 0 0.100 0
214 5 N5 N5 218 0.100 1
214 6 N1 N3 0 0.420 0
214 7 N1 N5 192 0.420 0
214 8 N1 N1 231 0.420 1
214 9 N4 N5 0 0.250 0
214 10 N4 N3 163 0.250 1
215 1 N3 N5 158 0.080 0
215 2 N3 N3 215 0.080 1
215 3 N5 N3 134 0.290 0
215 4 N5 N1 0 0.290 0
215 5 N5 N5 221 0.290 1
215 6 N1 N3 0 0.340 0
215 7 N1 N5 194 0.340 0
215 8 N1 N1 232 0.340 1
215 9 N4 N5 0 0.810 0
215 10 N4 N3 164 0.810 1
216 1 N3 N5 156 0.090 0
216 2 N3 N3 215 0.090 1
216 3 N5 N3 134 0.350 0
216 4 N5 N1 0 0.350 0
216 5 N5 N5 225 0.350 1
216 6 N1 N3 0 0.010 0
216 7 N1 N5 196 0.010 0
216 8 N1 N1 234 0.010 1
216 9 N4 N5 0 0.350 0
216 10 N4 N3 164 0.350 1
217 1 N3 N5 152 0.160 0
217 2 N3 N3 215 0.160 1
217 3 N5 N3 134 0.790 0
217 4 N5 N1 0 0.790 0
217 5 N5 N5 227 0.790 1
217 6 N1 N3 0 0.090 0
217 7 N1 N5 196 0.090 0
217 8 N1 N1 235 0.090 1
217 9 N4 N5 0 0.410 0
217 10 N4 N3 165 0.410 1
218 1 N3 N5 147 0.200 0
218 2 N3 N3 216 0.200 1
218 3 N5 N3 133 0.660 0
218 4 N5 N1 0 0.660 0
218 5 N5 N5 229 0.660 1
218 6 N1 N3 0 0.780 0
218 7 N1 N5 194 0.780 0
218 8 N1 N1 235 0.780 1
218 9 N4 N5 0 0.450 0
218 10 N4 N3 166 0.450 1
219 1 N3 N5 139 0.140 0
219 2 N3 N3 218 0.140 1
219 3 N5 N3 132 0.250 0
219 4 N5 N1 0 0.250 0
219 5 N5 N5 232 0.250 1
219 6 N1 N3 0 0.070 0
219 7 N1 N5 194 0.070 0
219 8 N1 N1 237 0.070 1
219 9 N4 N5 0 0.490 0
219 10 N4 N3 168 0.490 1
220 1 N3 N5 133 0.300 0
220 2 N3 N3 220 0.300 1
220 3 N5 N3 135 0.470 0
220 4 N5 N1 0 0.470 0
220 5 N5 N5 234 0.470 1
220 6 N1 N3 0 0.140 0
220 7 N1 N5 194 0.140 0
220 8 N1 N1 238 0.140 1
220 9 N4 N5 0 0.030 0
220 10 N4 N3 169 0.030 1
221 1 N3 N5 127 0.400 0
221 2 N3 N3 222 0.400 1
221 3 N5 N3 136 0.550 0
221 4 N5 N1 0 0.550 0
221 5 N5 N5 235 0.550 1
221 6 N1 N3 0 0.200 0
221 7 N1 N5 196 0.200 0
221 8 N1 N1 240 0.200 1
221 9 N4 N5 0 0.160 0
221 10 N4 N3 170 0.160 1
222 1 N3 N5 123 0.470 0
222 2 N3 N3 222 0.470 1
222 3 N5 N3 135 0.090 0
222 4 N5 N1 0 0.090 0
222 5 N5 N5 235 0.090 1
222 6 N1 N3 0 0.300 0
222 7 N1 N5 196 0.300 0
222 8 N1 N1 241 0.300 1
222 9 N4 N5 0 0.730 0
222 10 N4 N3 170 0.730 1
223 1 N3 N5 123 1.000 0
223 2 N3 N3 222 1.000 1
223 3 N5 N3 135 0.070 0
223 4 N5 N1 0 0.070 0
223 5 N5 N5 235 0.070 1
223 6 N1 N3 0 0.330 0
223 7 N1 N5 198 0.330 0
223 8 N1 N1 242 0.330 1
223 9 N4 N5 0 0.280 0
223 10 N4 N3 170 0.280 1
224 1 N3 N5 123 0.550 0
224 2 N3 N3 221 0.550 1
224 3 N5 N3 136 0.110 0
224 4 N5 N1 198 0.110 0
224 5 N5 N5 234 0.110 1
224 6 N1 N3 0 0.400 0
224 7 N1 N5 197 0.400 0
224 8 N1 N1 243 0.400 1
224 9 N4 N5 0 0.330 0
224 10 N4 N3 169 0.330 1
225 1 N3 N5 121 0.330 0
225 2 N3 N3 221 0.330 1
225 3 N5 N3 136 0.100 0
225 4 N5 N1 200 0.100 0
225 5 N5 N5 234 0.100 1
225 6 N1 N3 0 0.050 0
225 7 N1 N5 195 0.050 0
225 8 N1 N1 244 0.050 1
225 9 N4 N5 0 0.610 0
225 10 N4 N3 168 0.610 1
226 1 N3 N5 121 0.620 0
226 2 N3 N3 220 0.620 1
226 3 N5 N3 135 0.210 0
226 4 N5 N1 203 0.210 0
226 5 N5 N5 235 0.210 1
226 6 N1 N3 0 0.610 0
226 7 N1 N5 194 0.610 0
226 8 N1 N1 244 0.610 1
226 9 N4 N5 0 0.430 0
226 10 N4 N3 168 0.430 1
227 1 N3 N5 121 0.170 0
227 2 N3 N3 220 0.170 1
227 3 N5 N3 127 0.270 0
227 4 N5 N1 206 0.270 0
227 5 N5 N5 234 0.270 1
227 6 N1 N3 0 0.020 0
227 7 N1 N5 192 0.020 0
227 8 N1 N1 245 0.020 1
227 9 N4 N5 0 0.540 0
227 10 N4 N3 168 0.540 1
228 1 N3 N5 121 0.230 0
228 2 N3 N3 220 0.230 1
228 3 N5 N3 121 0.330 0
228 4 N5 N1 208 0.330 0
228 5 N5 N5 233 0.330 1
228 6 N1 N3 0 0.040 0
228 7 N1 N5 186 0.040 0
228 8 N1 N1 246 0.040 1
228 9 N4 N5 0 0.550 0
228 10 N4 N3 168 0.550 1
229 1 N3 N5 120 0.780 0
229 2 N3 N3 221 0.780 1
229 3 N5 N3 124 0.370 0
229 4 N5 N1 210 0.370 0
229 5 N5 N5 233 0.370 1
229 6 N1 N3 0 0.200 0
229 7 N1 N5 185 0.200 0
229 8 N1 N1 247 0.200 1
229 9 N4 N5 0 0.600 0
229 10 N4 N3 169 0.600 1
230 1 N3 N5 121 0.310 0
230 2 N3 N3 220 0.310 1
230 3 N5 N3 125 0.390 0
230 4 N5 N1 215 0.390 0
230 5 N5 N5 233 0.390 1
230 6 N1 N3 0 0.140 0
230 7 N1 N5 181 0.140 0
230 8 N1 N1 249 0.140 1
230 9 N4 N5 0 0.100 0
230 10 N4 N3 168 0.100 1
231 1 N3 N5 121 1.380 0
231 2 N3 N3 220 1.380 1
231 3 N5 N3 125 0.040 0
231 4 N5 N1 217 0.040 0
231 5 N5 N5 233 0.040 1
231 6 N1 N3 0 0.190 0
231 7 N1 N5 181 0.190 0
231 8 N1 N1 250 0.190 1
231 9 N4 N5 0 0.650 0
231 10 N4 N3 168 0.650 1
232 1 N3 N5 121 0.820 0
232 2 N3 N3 219 0.820 1
232 3 N5 N3 125 0.000 0
232 4 N5 N1 218 0.000 0
232 5 N5 N5 232 0.000 1
232 6 N1 N3 0 0.260 0
232 7 N1 N5 179 0.260 0
232 8 N1 N1 251 0.260 1
232 9 N4 N5 0 0.820 0
232 10 N4 N3 168 0.820 1
233 1 N3 N5 0 0.220 0
233 2 N3 N3 216 0.220 1
233 3 N5 N3 129 0.070 0
233 4 N5 N1 218 0.070 0
233 5 N5 N5 230 0.070 1
233 6 N1 N3 0 0.300 0
233 7 N1 N5 180 0.300 0
233 8 N1 N1 253 0.300 1
233 9 N4 N5 0 0.220 0
233 10 N4 N3 168 0.220 1
234 1 N3 N5 0 0.390 0
234 2 N3 N3 215 0.390 1
234 3 N5 N3 131 0.120 0
234 4 N5 N1 219 0.120 0
234 5 N5 N5 228 0.120 1
234 6 N1 N3 0 0.470 0
234 7 N1 N5 180 0.470 0
234 8 N1 N1 254 0.470 1
234 9 N4 N5 0 0.280 0
234 10 N4 N3 168 0.280 1
235 1 N3 N5 0 0.390 0
235 2 N3 N3 215 0.390 1
235 3 N5 N3 133 0.180 0
235 4 N5 N1 220 0.180 0
235 5 N5 N5 225 0.180 1
235 6 N1 N3 0 0.040 0
235 7 N1 N5 177 0.040 0
235 8 N1 N1 255 0.040 1
235 9 N4 N5 0 0.390 0
235 10 N4 N3 170 0.390 1
236 1 N3 N5 0 1.470 0
236 2 N3 N3 215 1.470 1
236 3 N5 N3 131 0.230 0
236 4 N5 N1 220 0.230 0
236 5 N5 N5 222 0.230 1
236 6 N1 N3 0 0.120 0
236 7 N1 N5 174 0.120 0
236 8 N1 N1 255 0.120 1
236 9 N4 N5 0 1.470 0
236 10 N4 N3 170 1.470 1
237 1 N3 N5 0 0.730 0
237 2 N3 N3 217 0.730 1
237 3 N5 N3 0 0.290 0
237 4 N5 N1 221 0.290 0
237 5 N5 N5 218 0.290 1
237 6 N1 N3 0 0.190 0
237 7 N1 N5 171 0.190 0
237 8 N1 N1 255 0.190 1
237 9 N4 N5 0 0.730 0
237 10 N4 N3 170 0.730 1
238 1 N3 N5 0 0.440 0
238 2 N3 N3 218 0.440 1
238 3 N5 N3 0 0.310 0
238 4 N5 N1 221 0.310 0
238 5 N5 N5 216 0.310 1
238 6 N1 N3 0 0.090 0
238 7 N1 N5 169 0.090 0
238 8 N1 N1 255 0.090 1
238 9 N4 N5 0 0.920 0
238 10 N4 N3 172 0.920 1
239 1 N3 N5 0 0.460 0
239 2 N3 N3 218 0.460 1
239 3 N5 N3 0 0.360 0
239 4 N5 N1 221 0.360 0
239 5 N5 N5 212 0.360 1
239 6 N1 N3 0 0.280 0
239 7 N1 N5 168 0.280 0
239 8 N1 N1 255 0.280 1
239 9 N4 N5 0 0.070 0
239 10 N4 N3 175 0.070 1
240 1 N3 N5 0 0.240 0
240 2 N3 N3 218 0.240 1
240 3 N5 N3 0 0.040 0
240 4 N5 N1 221 0.040 0
240 5 N5 N5 209 0.040 1
240 6 N1 N3 0 0.190 0
240 7 N1 N5 167 0.190 0
240 8 N1 N1 255 0.190 1
240 9 N4 N5 0 0.150 0
240 10 N4 N3 174 0.150 1
241 1 N3 N5 0 0.270 0
241 2 N3 N3 219 0.270 1
241 3 N5 N3 0 0.120 0
241 4 N5 N1 220 0.120 1
241 5 N5 N5 206 0.120 0
241 6 N1 N3 0 0.220 0
241 7 N1 N5 166 0.220 0
241 8 N1 N1 255 0.220 1
241 9 N4 N5 0 0.200 0
241 10 N4 N3 174 0.200 1
242 1 N3 N5 0 0.320 0
242 2 N3 N3 221 0.320 1
242 3 N5 N3 0 0.150 0
242 4 N5 N1 218 0.150 1
242 5 N5 N5 203 0.150 0
242 6 N1 N3 0 0.300 0
242 7 N1 N5 166 0.300 0
242 8 N1 N1 255 0.300 1
242 9 N4 N5 0 0.240 0
242 10 N4 N3 175 0.240 1
243 1 N3 N5 0 0.370 0
243 2 N3 N3 222 0.370 1
243 3 N5 N3 0 0.100 0
243 4 N5 N1 217 0.100 1
243 5 N5 N5 200 0.100 0
243 6 N1 N3 0 0.370 0
243 7 N1 N5 163 0.370 0
243 8 N1 N1 255 0.370 1
243 9 N4 N5 0 1.320 0
243 10 N4 N3 175 1.320 1
244 1 N3 N5 0 0.920 0
244 2 N3 N3 222 0.920 1
244 3 N5 N3 0 0.140 0
244 4 N5 N1 216 0.140 1
244 5 N5 N5 198 0.140 0
244 6 N1 N3 0 0.000 0
244 7 N1 N5 160 0.000 0
244 8 N1 N1 254 0.000 1
244 9 N4 N5 0 0.320 0
244 10 N4 N3 176 0.320 1
245 1 N3 N5 0 0.450 0
245 2 N3 N3 223 0.450 1
245 3 N5 N3 0 0.190 0
245 4 N5 N1 216 0.190 1
245 5 N5 N5 196 0.190 0
245 6 N1 N3 0 0.060 0
245 7 N1 N5 157 0.060 0
245 8 N1 N1 253 0.060 1
245 9 N4 N5 0 1.410 0
245 10 N4 N3 176 1.410 1
246 1 N3 N5 0 0.510 0
246 2 N3 N3 224 0.510 1
246 3 N5 N3 0 0.210 0
246 4 N5 N1 217 0.210 1
246 5 N5 N5 194 0.210 0
246 6 N1 N3 0 0.120 0
246 7 N1 N5 156 0.120 0
246 8 N1 N1 252 0.120 1
246 9 N4 N5 0 2.490 0
246 10 N4 N3 176 2.490 1
247 1 N3 N5 0 0.090 0
247 2 N3 N3 223 0.090 1
247 3 N5 N3 0 0.280 0
247 4 N5 N1 217 0.280 1
247 5 N5 N5 193 0.280 0
247 6 N1 N3 0 0.040 0
247 7 N1 N5 156 0.040 0
247 8 N1 N1 251 0.040 1
247 9 N4 N5 0 0.010 0
247 10 N4 N3 177 0.010 1
248 1 N3 N5 0 0.130 0
248 2 N3 N3 222 0.130 1
248 3 N5 N3 0 0.350 0
248 4 N5 N1 218 0.350 1
248 5 N5 N5 191 0.350 0
248 6 N1 N3 0 0.070 0
248 7 N1 N5 157 0.070 0
248 8 N1 N1 250 0.070 1
248 9 N4 N5 0 0.050 0
248 10 N4 N3 179 0.050 1
249 1 N3 N5 0 0.180 0
249 2 N3 N3 222 0.180 1
249 3 N5 N3 0 0.410 0
249 4 N5 N1 217 0.410 1
249 5 N5 N5 190 0.410 0
249 6 N1 N3 0 0.130 0
249 7 N1 N5 158 0.130 0
249 8 N1 N1 249 0.130 1
249 9 N4 N5 0 0.110 0
249 10 N4 N3 180 0.110 1
250 1 N3 N5 0 0.240 0
250 2 N3 N3 220 0.240 1
250 3 N5 N3 0 0.420 0
250 4 N5 N1 217 0.420 1
250 5 N5 N5 190 0.420 0
250 6 N1 N3 0 0.180 0
250 7 N1 N5 158 0.180 0
250 8 N1 N1 247 0.180 1
250 9 N4 N5 0 0.670 0
250 10 N4 N3 181 0.670 1
251 1 N3 N5 0 0.270 0
251 2 N3 N3 219 0.270 1
251 3 N5 N3 0 0.100 0
251 4 N5 N1 217 0.100 1
251 5 N5 N5 189 0.100 0
251 6 N1 N3 0 0.230 0
251 7 N1 N5 157 0.230 0
251 8 N1 N1 245 0.230 1
251 9 N4 N5 0 0.210 0
251 10 N4 N3 182 0.210 1
252 1 N3 N5 0 0.340 0
252 2 N3 N3 218 0.340 1
252 3 N5 N3 0 0.040 0
252 4 N5 N1 218 0.040 1
252 5 N5 N5 188 0.040 0
252 6 N1 N3 0 0.250 0
252 7 N1 N5 155 0.250 0
252 8 N1 N1 244 0.250 1
252 9 N4 N5 0 0.780 0
252 10 N4 N3 183 0.780 1
253 1 N3 N5 0 0.390 0
253 2 N3 N3 218 0.390 1
253 3 N5 N3 0 0.090 0
253 4 N5 N1 217 0.090 1
253 5 N5 N5 188 0.090 0
253 6 N1 N3 0 0.280 0
253 7 N1 N5 155 0.280 0
253 8 N1 N1 244 0.280 1
253 9 N4 N5 0 0.830 0
253 10 N4 N3 185 0.830 1
254 1 N3 N5 0 0.410 0
254 2 N3 N3 217 0.410 1
254 3 N5 N3 0 0.160 0
254 4 N5 N1 216 0.160 1
254 5 N5 N5 188 0.160 0
254 6 N1 N3 0 0.320 0
254 7 N1 N5 155 0.320 0
254 8 N1 N1 244 0.320 1
254 9 N4 N5 0 0.340 0
254 10 N4 N3 186 0.340 1
255 1 N3 N5 0 0.470 0
255 2 N3 N3 217 0.470 1
255 3 N5 N3 0 0.240 0
255 4 N5 N1 215 0.240 1
255 5 N5 N5 187 0.240 0
255 6 N1 N3 0 0.390 0
255 7 N1 N5 156 0.390 0
255 8 N1 N1 244 0.390 1
255 9 N4 N5 0 0.430 0
255 10 N4 N3 187 0.430 1
256 1 N3 N5 0 0.040 0
256 2 N3 N3 215 0.040 1
256 3 N5 N3 0 0.360 0
256 4 N5 N1 214 0.360 1
256 5 N5 N5 185 0.360 0
256 6 N1 N3 0 0.070 0
256 7 N1 N5 157 0.070 0
256 8 N1 N1 244 0.070 1
256 9 N4 N5 0 1.540 0
256 10 N4 N3 187 1.540 1
257 1 N3 N5 0 0.100 0
257 2 N3 N3 215 0.100 1
257 3 N5 N3 0 0.040 0
257 4 N5 N1 212 0.040 1
257 5 N5 N5 184 0.040 0
257 6 N1 N3 0 0.050 0
257 7 N1 N5 156 0.050 0
257 8 N1 N1 244 0.050 1
257 9 N4 N5 0 0.050 0
257 10 N4 N3 186 0.050 1
258 1 N3 N5 0 0.120 0
258 2 N3 N3 213 0.120 1
258 3 N5 N3 0 0.060 0
258 4 N5 N1 210 0.060 1
258 5 N5 N5 184 0.060 0
258 6 N1 N3 0 0.210 0
258 7 N1 N5 156 0.210 0
258 8 N1 N1 244 0.210 1
258 9 N4 N5 0 1.120 0
258 10 N4 N3 186 1.120 1
259 1 N3 N5 0 0.190 0
259 2 N3 N3 211 0.190 1
259 3 N5 N3 0 0.530 0
259 4 N5 N1 207 0.530 1
259 5 N5 N5 185 0.530 0
259 6 N1 N3 0 0.160 0
259 7 N1 N5 158 0.160 0
259 8 N1 N1 243 0.160 1
259 9 N4 N5 0 0.190 0
259 10 N4 N3 183 0.190 1
260 1 N3 N5 0 0.760 0
260 2 N3 N3 209 0.760 1
260 3 N5 N3 0 0.070 0
260 4 N5 N1 204 0.070 1
260 5 N5 N5 186 0.070 0
260 6 N1 N3 0 0.370 0
260 7 N1 N5 159 0.370 0
260 8 N1 N1 242 0.370 1
260 9 N4 N5 0 0.250 0
260 10 N4 N3 180 0.250 1
261 1 N3 N5 0 0.260 0
261 2 N3 N3 205 0.260 1
261 3 N5 N3 0 0.110 0
261 4 N5 N1 202 0.110 1
261 5 N5 N5 186 0.110 0
261 6 N1 N3 0 0.310 0
261 7 N1 N5 162 0.310 0
261 8 N1 N1 240 0.310 1
261 9 N4 N5 0 0.800 0
261 10 N4 N3 178 0.800 1
262 1 N3 N5 0 0.330 0
262 2 N3 N3 200 0.330 1
262 3 N5 N3 0 0.160 0
262 4 N5 N1 200 0.160 1
262 5 N5 N5 187 0.160 0
262 6 N1 N3 0 0.390 0
262 7 N1 N5 166 0.390 0
262 8 N1 N1 239 0.390 1
262 9 N4 N5 0 0.360 0
262 10 N4 N3 176 0.360 1
263 1 N3 N5 0 0.370 0
263 2 N3 N3 195 0.370 1
263 3 N5 N3 0 0.200 0
263 4 N5 N1 201 0.200 1
263 5 N5 N5 189 0.200 0
263 6 N1 N3 0 0.050 0
263 7 N1 N5 168 0.050 0
263 8 N1 N1 237 0.050 1
263 9 N4 N5 0 0.380 0
263 10 N4 N3 172 0.380 1
264 1 N3 N5 0 0.940 0
264 2 N3 N3 193 0.940 1
264 3 N5 N3 0 0.240 0
264 4 N5 N1 201 0.240 1
264 5 N5 N5 190 0.240 0
264 6 N1 N3 0 0.100 0
264 7 N1 N5 168 0.100 0
264 8 N1 N1 235 0.100 1
264 9 N4 N5 0 0.410 0
264 10 N4 N3 170 0.410 1
265 1 N3 N5 0 0.970 0
265 2 N3 N3 192 0.970 1
265 3 N5 N3 0 0.300 0
265 4 N5 N1 200 0.300 1
265 5 N5 N5 192 0.300 0
265 6 N1 N3 0 0.130 0
265 7 N1 N5 168 0.130 0
265 8 N1 N1 235 0.130 1
265 9 N4 N5 0 0.960 0
265 10 N4 N3 169 0.960 1
266 1 N3 N5 0 0.510 0
266 2 N3 N3 190 0.510 1
266 3 N5 N3 0 0.360 0
266 4 N5 N1 200 0.360 1
266 5 N5 N5 193 0.360 0
266 6 N1 N3 0 0.150 0
266 7 N1 N5 170 0.150 0
266 8 N1 N1 236 0.150 1
266 9 N4 N5 0 2.040 0
266 10 N4 N3 169 2.040 1
267 1 N3 N5 0 0.030 0
267 2 N3 N3 190 0.030 1
267 3 N5 N3 0 0.400 0
267 4 N5 N1 199 0.400 1
267 5 N5 N5 194 0.400 0
267 6 N1 N3 0 0.070 0
267 7 N1 N5 174 0.070 0
267 8 N1 N1 236 0.070 1
267 9 N4 N5 0 0.030 0
267 10 N4 N3 165 0.030 1
268 1 N3 N5 0 0.060 0
268 2 N3 N3 190 0.060 1
268 3 N5 N3 0 0.040 0
268 4 N5 N1 198 0.040 1
268 5 N5 N5 197 0.040 0
268 6 N1 N3 0 0.110 0
268 7 N1 N5 177 0.110 0
268 8 N1 N1 237 0.110 1
268 9 N4 N5 0 0.100 0
268 10 N4 N3 165 0.100 1
269 1 N3 N5 0 0.130 0
269 2 N3 N3 190 0.130 1
269 3 N5 N3 0 0.090 0
269 4 N5 N1 198 0.090 1
269 5 N5 N5 198 0.090 0
269 6 N1 N3 0 0.250 0
269 7 N1 N5 178 0.250 0
269 8 N1 N1 238 0.250 1
269 9 N4 N5 0 0.680 0
269 10 N4 N3 164 0.680 1
270 1 N3 N5 0 0.180 0
270 2 N3 N3 189 0.180 1
270 3 N5 N3 0 0.570 0
270 4 N5 N1 197 0.570 1
270 5 N5 N5 198 0.570 0
270 6 N1 N5 176 0.160 0
270 7 N1 N1 238 0.160 1
270 8 N4 N5 0 0.220 0
270 9 N4 N3 162 0.220 1
271 1 N3 N5 0 0.250 0
271 2 N3 N3 189 0.250 1
271 3 N5 N3 0 0.120 0
271 4 N5 N1 197 0.120 1
271 5 N5 N5 198 0.120 0
271 6 N1 N5 173 0.200 0
271 7 N1 N1 239 0.200 1
271 8 N4 N5 0 1.290 0
271 9 N4 N3 162 1.290 1
272 1 N3 N5 0 0.300 0
272 2 N3 N3 188 0.300 1
272 3 N5 N3 0 0.700 0
272 4 N5 N1 197 0.700 1
272 5 N5 N5 198 0.700 0
272 6 N1 N5 170 0.260 0
272 7 N1 N1 239 0.260 1
272 8 N4 N5 0 0.350 0
272 9 N4 N3 160 0.350 1
273 1 N3 N5 0 0.370 0
273 2 N3 N3 188 0.370 1
273 3 N5 N3 0 0.260 0
273 4 N5 N1 197 0.260 1
273 5 N5 N5 198 0.260 0
273 6 N1 N5 168 0.300 0
273 7 N1 N1 238 0.300 1
273 8 N4 N5 0 0.930 0
273 9 N4 N3 159 0.930 1
274 1 N3 N5 0 0.430 0
274 2 N3 N3 188 0.430 1
274 3 N5 N3 0 0.350 0
274 4 N5 N1 198 0.350 1
274 5 N5 N5 197 0.350 0
274 6 N1 N5 166 0.380 0
274 7 N1 N1 237 0.380 1
274 8 N4 N5 0 0.500 0
274 9 N4 N3 158 0.500 1
275 1 N3 N5 0 0.490 0
275 2 N3 N3 184 0.490 1
275 3 N5 N3 0 0.380 0
275 4 N5 N1 200 0.380 1
275 5 N5 N5 195 0.380 0
275 6 N1 N5 165 0.030 0
275 7 N1 N1 236 0.030 1
275 8 N4 N5 0 0.540 0
275 9 N4 N3 157 0.540 1
276 1 N3 N5 0 0.030 0
276 2 N3 N3 178 0.030 1
276 3 N5 N3 0 0.020 0
276 4 N5 N1 200 0.020 1
276 5 N5 N5 190 0.020 0
276 6 N1 N5 160 0.080 0
276 7 N1 N1 236 0.080 1
276 8 N4 N5 0 0.080 0
276 9 N4 N3 156 0.080 1
277 1 N3 N5 0 0.080 0
277 2 N3 N3 175 0.080 1
277 3 N5 N3 0 0.070 0
277 4 N5 N1 200 0.070 1
277 5 N5 N5 186 0.070 0
277 6 N1 N5 157 0.110 0
277 7 N1 N1 235 0.110 1
277 8 N4 N5 0 0.650 0
277 9 N4 N3 155 0.650 1
278 1 N3 N5 0 0.640 0
278 2 N3 N3 175 0.640 1
278 3 N5 N3 0 0.110 0
278 4 N5 N1 199 0.110 1
278 5 N5 N5 184 0.110 0
278 6 N1 N5 155 0.030 0
278 7 N1 N1 235 0.030 1
278 8 N4 N5 0 1.730 0
278 9 N4 N3 155 1.730 1
279 1 N3 N5 0 0.170 0
279 2 N3 N3 175 0.170 1
279 3 N5 N3 0 0.020 0
279 4 N5 N1 199 0.020 1
279 5 N5 N5 183 0.020 0
279 6 N1 N5 155 0.200 0
279 7 N1 N1 235 0.200 1
279 8 N4 N5 0 0.270 0
279 9 N4 N3 155 0.270 1
280 1 N3 N5 0 0.200 0
280 2 N3 N3 177 0.200 1
280 3 N5 N3 0 0.100 0
280 4 N5 N1 200 0.100 1
280 5 N5 N5 182 0.100 0
280 6 N1 N5 153 0.140 0
280 7 N1 N1 235 0.140 1
280 8 N4 N5 0 1.350 0
280 9 N4 N3 155 1.350 1
281 1 N3 N5 0 0.270 0
281 2 N3 N3 178 0.270 1
281 3 N5 N3 0 0.170 0
281 4 N5 N1 201 0.170 1
281 5 N5 N5 180 0.170 0
281 6 N1 N5 154 0.220 0
281 7 N1 N1 236 0.220 1
281 8 N4 N5 0 0.400 0
281 9 N4 N3 154 0.400 1
282 1 N3 N5 0 0.320 0
282 2 N3 N3 179 0.320 1
282 3 N5 N3 0 0.210 0
282 4 N5 N1 201 0.210 1
282 5 N5 N5 180 0.210 0
282 6 N1 N5 156 0.270 0
282 7 N1 N1 236 0.270 1
282 8 N4 N5 0 0.980 0
282 9 N4 N3 153 0.980 1
283 1 N3 N5 0 0.380 0
283 2 N3 N3 179 0.380 1
283 3 N5 N3 0 0.250 0
283 4 N5 N1 201 0.250 1
283 5 N5 N5 179 0.250 0
283 6 N1 N5 155 0.290 0
283 7 N1 N1 236 0.290 1
283 8 N4 N5 0 0.020 0
283 9 N4 N3 151 0.020 1
284 1 N3 N5 0 0.420 0
284 2 N3 N3 181 0.420 1
284 3 N5 N3 0 0.280 0
284 4 N5 N1 200 0.280 1
284 5 N5 N5 181 0.280 0
284 6 N1 N5 155 0.330 0
284 7 N1 N1 236 0.330 1
284 8 N4 N5 0 1.100 0
284 9 N4 N3 151 1.100 1
285 1 N3 N5 0 0.470 0
285 2 N3 N3 184 0.470 1
285 3 N5 N3 0 0.300 0
285 4 N5 N1 200 0.300 1
285 5 N5 N5 182 0.300 0
285 6 N1 N5 157 0.350 0
285 7 N1 N1 237 0.350 1
285 8 N4 N5 0 0.100 0
285 9 N4 N3 152 0.100 1
286 1 N3 N5 0 0.020 0
286 2 N3 N3 187 0.020 1
286 3 N5 N3 0 0.350 0
286 4 N5 N1 199 0.350 1
286 5 N5 N5 184 0.350 0
286 6 N1 N5 159 0.010 0
286 7 N1 N1 238 0.010 1
286 8 N4 N5 0 0.660 0
286 9 N4 N3 153 0.660 1
287 1 N3 N5 0 0.070 0
287 2 N3 N3 189 0.070 1
287 3 N5 N3 0 0.040 0
287 4 N5 N1 198 0.040 1
287 5 N5 N5 187 0.040 0
287 6 N1 N5 162 0.050 0
287 7 N1 N1 238 0.050 1
287 8 N4 N5 0 0.210 0
287 9 N4 N3 154 0.210 1
288 1 N3 N5 0 0.130 0
288 2 N3 N3 189 0.130 1
288 3 N5 N3 0 0.100 0
288 4 N5 N1 199 0.100 1
288 5 N5 N5 189 0.100 0
288 6 N1 N5 163 0.480 0
288 7 N1 N1 238 0.480 1
288 8 N4 N5 0 0.750 0
288 9 N4 N3 155 0.750 1
289 1 N3 N5 0 0.180 0
289 2 N3 N3 190 0.180 1
289 3 N5 N3 0 0.040 0
289 4 N5 N1 202 0.040 1
289 5 N5 N5 192 0.040 0
289 6 N1 N5 165 0.120 0
289 7 N1 N1 239 0.120 1
289 8 N4 N5 0 0.300 0
289 9 N4 N3 156 0.300 1
290 1 N3 N5 0 0.200 0
290 2 N3 N3 192 0.200 1
290 3 N5 N3 0 0.100 0
290 4 N5 N1 207 0.100 1
290 5 N5 N5 193 0.100 0
290 6 N1 N5 165 0.060 0
290 7 N1 N1 241 0.060 1
290 8 N4 N5 0 0.330 0
290 9 N4 N3 157 0.330 1
291 1 N3 N5 0 0.240 0
291 2 N3 N3 192 0.240 1
291 3 N5 N3 0 0.170 0
291 4 N5 N1 211 0.170 1
291 5 N5 N5 194 0.170 0
291 6 N1 N5 164 0.080 0
291 7 N1 N1 243 0.080 1
291 8 N4 N5 0 0.380 0
291 9 N4 N3 158 0.380 1
292 1 N3 N5 0 0.270 0
292 2 N3 N3 194 0.270 1
292 3 N5 N3 0 0.200 0
292 4 N5 N1 213 0.200 1
292 5 N5 N5 196 0.200 0
292 6 N1 N5 163 0.150 0
292 7 N1 N1 245 0.150 1
292 8 N4 N5 0 0.420 0
292 9 N4 N3 158 0.420 1
293 1 N3 N5 0 0.310 0
293 2 N3 N3 195 0.310 1
293 3 N5 N3 0 0.240 0
293 4 N5 N1 213 0.240 1
293 5 N5 N5 196 0.240 0
293 6 N1 N5 162 0.190 0
293 7 N1 N1 246 0.190 1
293 8 N4 N5 0 0.460 0
293 9 N4 N3 158 0.460 1
294 1 N3 N5 0 0.400 0
294 2 N3 N3 195 0.400 1
294 3 N5 N3 0 0.310 0
294 4 N5 N1 212 0.310 1
294 5 N5 N5 195 0.310 0
294 6 N1 N5 162 0.270 0
294 7 N1 N1 248 0.270 1
294 8 N4 N5 0 0.540 0
294 9 N4 N3 159 0.540 1
295 1 N3 N5 0 0.440 0
295 2 N3 N3 196 0.440 1
295 3 N5 N3 0 0.360 0
295 4 N5 N1 212 0.360 1
295 5 N5 N5 195 0.360 0
295 6 N1 N5 162 0.330 0
295 7 N1 N1 250 0.330 1
295 8 N4 N5 0 0.600 0
295 9 N4 N3 160 0.600 1
296 1 N3 N5 0 1.000 0
296 2 N3 N3 196 1.000 1
296 3 N5 N3 0 0.020 0
296 4 N5 N1 213 0.020 1
296 5 N5 N5 193 0.020 0
296 6 N1 N5 160 0.360 0
296 7 N1 N1 251 0.360 1
296 8 N4 N5 0 0.620 0
296 9 N4 N3 160 0.620 1
297 1 N3 N5 0 0.500 0
297 2 N3 N3 195 0.500 1
297 3 N5 N3 0 0.080 0
297 4 N5 N1 215 0.080 1
297 5 N5 N5 192 0.080 0
297 6 N1 N5 159 0.000 0
297 7 N1 N1 251 0.000 1
297 8 N4 N5 0 0.160 0
297 9 N4 N3 160 0.160 1
298 1 N3 N5 0 0.070 0
298 2 N3 N3 195 0.070 1
298 3 N5 N3 0 0.010 0
298 4 N5 N1 217 0.010 1
298 5 N5 N5 192 0.010 0
298 6 N1 N5 158 0.050 0
298 7 N1 N1 250 0.050 1
298 8 N4 N5 0 0.200 0
298 9 N4 N3 160 0.200 1
299 1 N3 N5 0 0.090 0
299 2 N3 N3 195 0.090 1
299 3 N5 N3 0 0.050 0
299 4 N5 N1 219 0.050 1
299 5 N5 N5 192 0.050 0
299 6 N1 N5 159 0.090 0
299 7 N1 N1 250 0.090 1
299 8 N4 N5 0 0.240 0
299 9 N4 N3 159 0.240 1
300 1 N3 N5 0 0.140 0
300 2 N3 N3 197 0.140 1
300 3 N5 N3 0 0.100 0
300 4 N5 N1 220 0.100 1
300 5 N5 N5 194 0.100 0
300 6 N1 N5 162 0.140 0
300 7 N1 N1 250 0.140 1
300 8 N4 N5 0 0.310 0
300 9 N4 N3 160 0.310 1
