1 1 n4 n5 0 0.350 0
1 2 n4 n3 172 0.350 1
1 3 n3 n5 0 0.420 0
1 4 n3 n2 217 0.420 0
1 5 n3 n3 251 0.420 1
1 6 n5 n3 232 0.130 0
1 7 n5 n2 237 0.130 0
1 8 n5 n5 255 0.130 1
1 9 n2 n5 228 0.320 0
1 10 n2 n3 241 0.320 0
1 11 n2 n2 245 0.320 1
2 1 n4 n5 0 1.710 0
2 2 n4 n3 172 1.710 1
2 3 n3 n5 0 0.740 0
2 4 n3 n2 218 0.740 0
2 5 n3 n3 252 0.740 1
2 6 n5 n3 235 0.340 0
2 7 n5 n2 238 0.340 0
2 8 n5 n5 255 0.340 1
2 9 n2 n5 228 0.650 0
2 10 n2 n3 241 0.650 0
2 11 n2 n2 246 0.650 1
3 1 n4 n5 0 0.730 0
3 2 n4 n3 173 0.730 1
3 3 n3 n5 0 0.800 0
3 4 n3 n2 221 0.800 0
3 5 n3 n3 253 0.800 1
3 6 n5 n3 235 0.510 0
3 7 n5 n2 240 0.510 0
3 8 n5 n5 255 0.510 1
3 9 n2 n5 228 0.700 0
3 10 n2 n3 240 0.700 0
3 11 n2 n2 248 0.700 1
4 1 n4 n5 0 0.790 0
4 2 n4 n3 173 0.790 1
4 3 n3 n5 0 0.860 0
4 4 n3 n2 224 0.860 0
4 5 n3 n3 252 0.860 1
4 6 n5 n3 230 0.460 0
4 7 n5 n2 241 0.460 0
4 8 n5 n5 255 0.460 1
4 9 n2 n5 230 0.770 0
4 10 n2 n3 237 0.770 0
4 11 n2 n2 250 0.770 1
5 1 n4 n5 0 0.830 0
5 2 n4 n3 173 0.830 1
5 3 n3 n5 0 0.910 0
5 4 n3 n2 227 0.910 0
5 5 n3 n3 251 0.910 1
5 6 n5 n3 226 0.510 0
5 7 n5 n2 243 0.510 0
5 8 n5 n5 255 0.510 1
5 9 n2 n5 231 0.820 0
5 10 n2 n3 234 0.820 0
5 11 n2 n2 252 0.820 1
6 1 n4 n5 0 1.940 0
6 2 n4 n3 173 1.940 1
6 3 n3 n5 0 0.060 0
6 4 n3 n2 229 0.060 0
6 5 n3 n3 245 0.060 1
6 6 n5 n3 225 0.580 0
6 7 n5 n2 245 0.580 0
6 8 n5 n5 255 0.580 1
6 9 n2 n5 233 0.890 0
6 10 n2 n3 229 0.890 0
6 11 n2 n2 253 0.890 1
7 1 n4 n5 0 3.030 0
7 2 n4 n3 173 3.030 1
7 3 n3 n5 0 0.000 0
7 4 n3 n2 223 0.000 0
7 5 n3 n3 242 0.000 1
7 6 n5 n3 224 0.860 0
7 7 n5 n2 245 0.860 0
7 8 n5 n5 255 0.860 1
7 9 n2 n5 233 0.940 0
7 10 n2 n3 227 0.940 0
7 11 n2 n2 252 0.940 1
8 1 n4 n5 0 1.020 0
8 2 n4 n3 173 1.020 1
8 3 n3 n5 0 0.050 0
8 4 n3 n2 221 0.050 0
8 5 n3 n3 239 0.050 1
8 6 n5 n3 221 0.690 0
8 7 n5 n2 242 0.690 0
8 8 n5 n5 255 0.690 1
8 9 n2 n5 233 0.070 0
8 10 n2 n3 224 0.070 0
8 11 n2 n2 251 0.070 1
9 1 n4 n5 0 0.040 0
9 2 n4 n3 173 0.040 1
9 3 n3 n5 0 0.110 0
9 4 n3 n2 224 0.110 0
9 5 n3 n3 236 0.110 1
9 6 n5 n3 217 0.750 0
9 7 n5 n2 240 0.750 0
9 8 n5 n5 255 0.750 1
9 9 n2 n5 233 0.020 0
9 10 n2 n3 220 0.020 0
9 11 n2 n2 250 0.020 1
10 1 n4 n5 0 0.120 0
10 2 n4 n3 172 0.120 1
10 3 n3 n5 0 0.310 0
10 4 n3 n2 226 0.310 0
10 5 n3 n3 234 0.310 1
10 6 n5 n3 213 0.020 0
10 7 n5 n2 240 0.020 0
10 8 n5 n5 255 0.020 1
10 9 n2 n5 233 0.100 0
10 10 n2 n3 217 0.100 0
10 11 n2 n2 250 0.100 1
11 1 n4 n5 0 0.180 0
11 2 n4 n3 171 0.180 1
11 3 n3 n5 0 0.250 0
11 4 n3 n2 229 0.250 0
11 5 n3 n3 233 0.250 1
11 6 n5 n3 211 0.080 0
11 7 n5 n2 242 0.080 0
11 8 n5 n5 255 0.080 1
11 9 n2 n5 233 0.270 0
11 10 n2 n3 217 0.270 0
11 11 n2 n2 253 0.270 1
12 1 n4 n5 0 0.240 0
12 2 n4 n3 169 0.240 1
12 3 n3 n5 0 0.310 0
12 4 n3 n2 227 0.310 0
12 5 n3 n3 233 0.310 1
12 6 n5 n3 213 0.020 0
12 7 n5 n2 243 0.020 0
12 8 n5 n5 255 0.020 1
12 9 n2 n5 233 0.210 0
12 10 n2 n3 220 0.210 0
12 11 n2 n2 253 0.210 1
13 1 n4 n5 0 0.310 0
13 2 n4 n3 167 0.310 1
13 3 n3 n5 0 0.370 0
13 4 n3 n2 226 0.370 0
13 5 n3 n3 234 0.370 1
13 6 n5 n3 214 0.080 0
13 7 n5 n2 241 0.080 0
13 8 n5 n5 255 0.080 1
13 9 n2 n5 233 0.280 0
13 10 n2 n3 224 0.280 0
13 11 n2 n2 255 0.280 1
14 1 n4 n5 0 0.360 0
14 2 n4 n3 168 0.360 1
14 3 n3 n5 0 0.430 0
14 4 n3 n2 225 0.430 0
14 5 n3 n3 235 0.430 1
14 6 n5 n3 214 0.020 0
14 7 n5 n2 240 0.020 0
14 8 n5 n5 255 0.020 1
14 9 n2 n5 233 0.340 0
14 10 n2 n3 224 0.340 0
14 11 n2 n2 255 0.340 1
15 1 n4 n5 0 0.410 0
15 2 n4 n3 170 0.410 1
15 3 n3 n5 0 0.490 0
15 4 n3 n2 225 0.490 0
15 5 n3 n3 237 0.490 1
15 6 n5 n3 214 0.090 0
15 7 n5 n2 240 0.090 0
15 8 n5 n5 255 0.090 1
15 9 n2 n5 233 0.400 0
15 10 n2 n3 224 0.400 0
15 11 n2 n2 255 0.400 1
16 1 n4 n5 0 1.510 0
16 2 n4 n3 170 1.510 1
16 3 n3 n5 0 0.560 0
16 4 n3 n2 225 0.560 0
16 5 n3 n3 238 0.560 1
16 6 n5 n3 214 0.160 0
16 7 n5 n2 240 0.160 0
16 8 n5 n5 255 0.160 1
16 9 n2 n5 233 0.460 0
16 10 n2 n3 224 0.460 0
16 11 n2 n2 255 0.460 1
17 1 n4 n5 0 2.610 0
17 2 n4 n3 170 2.610 1
17 3 n3 n5 0 0.610 0
17 4 n3 n2 225 0.610 0
17 5 n3 n3 238 0.610 1
17 6 n5 n3 214 0.210 0
17 7 n5 n2 240 0.210 0
17 8 n5 n5 255 0.210 1
17 9 n2 n5 233 0.520 0
17 10 n2 n3 224 0.520 0
17 11 n2 n2 255 0.520 1
18 1 n4 n5 0 3.740 0
18 2 n4 n3 170 3.740 1
18 3 n3 n5 0 0.820 0
18 4 n3 n2 225 0.820 0
18 5 n3 n3 238 0.820 1
18 6 n5 n3 214 0.300 0
18 7 n5 n2 240 0.300 0
18 8 n5 n5 255 0.300 1
18 9 n2 n5 233 0.610 0
18 10 n2 n3 224 0.610 0
18 11 n2 n2 255 0.610 1
19 1 n4 n5 0 4.840 0
19 2 n4 n3 170 4.840 1
19 3 n3 n5 0 0.760 0
19 4 n3 n2 225 0.760 0
19 5 n3 n3 238 0.760 1
19 6 n5 n3 214 0.360 0
19 7 n5 n2 240 0.360 0
19 8 n5 n5 255 0.360 1
19 9 n2 n5 233 0.670 0
19 10 n2 n3 224 0.670 0
19 11 n2 n2 255 0.670 1
20 1 n4 n5 0 5.940 0
20 2 n4 n3 170 5.940 1
20 3 n3 n5 0 0.940 0
20 4 n3 n2 225 0.940 0
20 5 n3 n3 238 0.940 1
20 6 n5 n3 212 0.420 0
20 7 n5 n2 240 0.420 0
20 8 n5 n5 255 0.420 1
20 9 n2 n5 233 0.730 0
20 10 n2 n3 224 0.730 0
20 11 n2 n2 255 0.730 1
21 1 n4 n5 0 7.050 0
21 2 n4 n3 170 7.050 1
21 3 n3 n5 0 0.890 0
21 4 n3 n2 223 0.890 0
21 5 n3 n3 238 0.890 1
21 6 n5 n3 211 0.480 0
21 7 n5 n2 240 0.480 0
21 8 n5 n5 255 0.480 1
21 9 n2 n5 233 0.810 0
21 10 n2 n3 222 0.810 0
21 11 n2 n2 255 0.810 1
22 1 n4 n5 0 0.880 0
22 2 n4 n3 172 0.880 1
22 3 n3 n5 0 0.030 0
22 4 n3 n2 221 0.030 0
22 5 n3 n3 238 0.030 1
22 6 n5 n3 210 0.550 0
22 7 n5 n2 240 0.550 0
22 8 n5 n5 255 0.550 1
22 9 n2 n5 233 0.860 0
22 10 n2 n3 220 0.860 0
22 11 n2 n2 255 0.860 1
23 1 n4 n5 0 0.950 0
23 2 n4 n3 176 0.950 1
23 3 n3 n5 0 0.100 0
23 4 n3 n2 221 0.100 0
23 5 n3 n3 238 0.100 1
23 6 n5 n3 210 0.620 0
23 7 n5 n2 240 0.620 0
23 8 n5 n5 255 0.620 1
23 9 n2 n5 233 0.000 0
23 10 n2 n3 220 0.000 0
23 11 n2 n2 255 0.000 1
24 1 n4 n5 0 1.000 0
24 2 n4 n3 178 1.000 1
24 3 n3 n5 0 0.040 0
24 4 n3 n2 222 0.040 0
24 5 n3 n3 238 0.040 1
24 6 n5 n3 208 0.700 0
24 7 n5 n2 240 0.700 0
24 8 n5 n5 255 0.700 1
24 9 n2 n5 233 0.060 0
24 10 n2 n3 218 0.060 0
24 11 n2 n2 255 0.060 1
25 1 n4 n5 0 1.080 0
25 2 n4 n3 179 1.080 1
25 3 n3 n5 0 0.100 0
25 4 n3 n2 223 0.100 0
25 5 n3 n3 238 0.100 1
25 6 n5 n3 207 0.750 0
25 7 n5 n2 240 0.750 0
25 8 n5 n5 254 0.750 1
25 9 n2 n5 233 0.120 0
25 10 n2 n3 216 0.120 0
25 11 n2 n2 255 0.120 1
26 1 n4 n5 0 0.090 0
26 2 n4 n3 181 0.090 1
26 3 n3 n5 0 0.160 0
26 4 n3 n2 225 0.160 0
26 5 n3 n3 238 0.160 1
26 6 n5 n3 206 0.910 0
26 7 n5 n2 240 0.910 0
26 8 n5 n5 253 0.910 1
26 9 n2 n5 230 0.070 0
26 10 n2 n3 216 0.070 0
26 11 n2 n2 255 0.070 1
27 1 n4 n5 0 1.180 0
27 2 n4 n3 181 1.180 1
27 3 n3 n5 0 0.210 0
27 4 n3 n2 222 0.210 0
27 5 n3 n3 238 0.210 1
27 6 n5 n3 202 0.040 0
27 7 n5 n2 238 0.040 0
27 8 n5 n5 251 0.040 1
27 9 n2 n5 229 0.120 0
27 10 n2 n3 214 0.120 0
27 11 n2 n2 254 0.120 1
28 1 n4 n5 0 2.280 0
28 2 n4 n3 181 2.280 1
28 3 n3 n5 0 0.270 0
28 4 n3 n2 219 0.270 0
28 5 n3 n3 238 0.270 1
28 6 n5 n3 199 0.100 0
28 7 n5 n2 233 0.100 0
28 8 n5 n5 251 0.100 1
28 9 n2 n5 229 0.170 0
28 10 n2 n3 212 0.170 0
28 11 n2 n2 253 0.170 1
29 1 n4 n5 0 0.260 0
29 2 n4 n3 183 0.260 1
29 3 n3 n5 0 0.330 0
29 4 n3 n2 215 0.330 0
29 5 n3 n3 237 0.330 1
29 6 n5 n3 197 0.030 0
29 7 n5 n2 227 0.030 0
29 8 n5 n5 250 0.030 1
29 9 n2 n5 229 0.240 0
29 10 n2 n3 212 0.240 0
29 11 n2 n2 251 0.240 1
30 1 n4 n5 0 0.310 0
30 2 n4 n3 186 0.310 1
30 3 n3 n5 0 0.390 0
30 4 n3 n2 212 0.390 0
30 5 n3 n3 237 0.390 1
30 6 n5 n3 196 0.090 0
30 7 n5 n2 224 0.090 0
30 8 n5 n5 249 0.090 1
30 9 n2 n5 229 0.290 0
30 10 n2 n3 213 0.290 0
30 11 n2 n2 248 0.290 1
31 1 n4 n5 0 0.400 0
31 2 n4 n3 188 0.400 1
31 3 n3 n5 0 0.470 0
31 4 n3 n2 208 0.470 0
31 5 n3 n3 237 0.470 1
31 6 n5 n3 196 0.180 0
31 7 n5 n2 219 0.180 0
31 8 n5 n5 248 0.180 1
31 9 n2 n5 229 1.420 0
31 10 n2 n3 213 1.420 0
31 11 n2 n2 248 1.420 1
32 1 n4 n5 0 0.460 0
32 2 n4 n3 190 0.460 1
32 3 n3 n5 0 0.530 0
32 4 n3 n2 204 0.530 0
32 5 n3 n3 237 0.530 1
32 6 n5 n3 197 0.360 0
32 7 n5 n2 217 0.360 0
32 8 n5 n5 247 0.360 1
32 9 n2 n5 230 0.440 0
32 10 n2 n3 216 0.440 0
32 11 n2 n2 246 0.440 1
33 1 n4 n5 0 1.560 0
33 2 n4 n3 190 1.560 1
33 3 n3 n5 0 0.590 0
33 4 n3 n2 200 0.590 0
33 5 n3 n3 237 0.590 1
33 6 n5 n3 197 0.300 0
33 7 n5 n2 214 0.300 0
33 8 n5 n5 247 0.300 1
33 9 n2 n5 229 0.490 0
33 10 n2 n3 217 0.490 0
33 11 n2 n2 243 0.490 1
34 1 n4 n5 0 0.580 0
34 2 n4 n3 190 0.580 1
34 3 n3 n5 0 0.650 0
34 4 n3 n2 200 0.650 0
34 5 n3 n3 238 0.650 1
34 6 n5 n3 0 0.360 0
34 7 n5 n2 215 0.360 0
34 8 n5 n5 247 0.360 1
34 9 n2 n5 229 0.560 0
34 10 n2 n3 217 0.560 0
34 11 n2 n2 240 0.560 1
35 1 n4 n5 0 0.640 0
35 2 n4 n3 190 0.640 1
35 3 n3 n5 0 0.730 0
35 4 n3 n2 199 0.730 0
35 5 n3 n3 238 0.730 1
35 6 n5 n3 0 0.560 0
35 7 n5 n2 215 0.560 0
35 8 n5 n5 247 0.560 1
35 9 n2 n5 228 0.640 0
35 10 n2 n3 216 0.640 0
35 11 n2 n2 239 0.640 1
36 1 n4 n5 0 0.740 0
36 2 n4 n3 189 0.740 1
36 3 n3 n5 0 0.800 0
36 4 n3 n2 201 0.800 0
36 5 n3 n3 238 0.800 1
36 6 n5 n3 0 0.510 0
36 7 n5 n2 219 0.510 0
36 8 n5 n5 247 0.510 1
36 9 n2 n5 228 0.710 0
36 10 n2 n3 216 0.710 0
36 11 n2 n2 238 0.710 1
37 1 n4 n5 0 0.780 0
37 2 n4 n3 189 0.780 1
37 3 n3 n5 0 0.850 0
37 4 n3 n2 202 0.850 0
37 5 n3 n3 238 0.850 1
37 6 n5 n3 0 0.560 0
37 7 n5 n2 221 0.560 0
37 8 n5 n5 247 0.560 1
37 9 n2 n5 228 0.870 0
37 10 n2 n3 216 0.870 0
37 11 n2 n2 240 0.870 1
38 1 n4 n5 0 1.890 0
38 2 n4 n3 189 1.890 1
38 3 n3 n5 0 1.040 0
38 4 n3 n2 203 1.040 0
38 5 n3 n3 238 1.040 1
38 6 n5 n3 0 0.750 0
38 7 n5 n2 221 0.750 0
38 8 n5 n5 247 0.750 1
38 9 n2 n5 230 0.830 0
38 10 n2 n3 216 0.830 0
38 11 n2 n2 243 0.830 1
39 1 n4 n5 0 2.980 0
39 2 n4 n3 189 2.980 1
39 3 n3 n5 0 0.050 0
39 4 n3 n2 201 0.050 0
39 5 n3 n3 236 0.050 1
39 6 n5 n3 0 0.680 0
39 7 n5 n2 221 0.680 0
39 8 n5 n5 246 0.680 1
39 9 n2 n5 230 0.880 0
39 10 n2 n3 216 0.880 0
39 11 n2 n2 246 0.880 1
40 1 n4 n5 0 4.080 0
40 2 n4 n3 189 4.080 1
40 3 n3 n5 0 0.110 0
40 4 n3 n2 196 0.110 0
40 5 n3 n3 235 0.110 1
40 6 n5 n3 0 0.740 0
40 7 n5 n2 221 0.740 0
40 8 n5 n5 245 0.740 1
40 9 n2 n5 228 0.010 0
40 10 n2 n3 216 0.010 0
40 11 n2 n2 245 0.010 1
41 1 n4 n5 0 5.180 0
41 2 n4 n3 189 5.180 1
41 3 n3 n5 0 0.050 0
41 4 n3 n2 195 0.050 0
41 5 n3 n3 234 0.050 1
41 6 n5 n3 200 0.700 0
41 7 n5 n2 220 0.700 0
41 8 n5 n5 244 0.700 1
41 9 n2 n5 228 0.070 0
41 10 n2 n3 216 0.070 0
41 11 n2 n2 245 0.070 1
42 1 n4 n5 0 0.060 0
42 2 n4 n3 196 0.060 1
42 3 n3 n5 0 1.170 0
42 4 n3 n2 195 1.170 0
42 5 n3 n3 234 1.170 1
42 6 n5 n3 200 0.770 0
42 7 n5 n2 219 0.770 0
42 8 n5 n5 243 0.770 1
42 9 n2 n5 228 0.040 0
42 10 n2 n3 220 0.040 0
42 11 n2 n2 245 0.040 1
43 1 n4 n5 0 1.160 0
43 2 n4 n3 196 1.160 1
43 3 n3 n5 0 0.190 0
43 4 n3 n2 196 0.190 0
43 5 n3 n3 234 0.190 1
43 6 n5 n3 198 0.020 0
43 7 n5 n2 219 0.020 0
43 8 n5 n5 243 0.020 1
43 9 n2 n5 228 0.100 0
43 10 n2 n3 220 0.100 0
43 11 n2 n2 245 0.100 1
44 1 n4 n5 0 0.180 0
44 2 n4 n3 198 0.180 1
44 3 n3 n5 0 0.250 0
44 4 n3 n2 196 0.250 0
44 5 n3 n3 234 0.250 1
44 6 n5 n3 199 0.080 0
44 7 n5 n2 219 0.080 0
44 8 n5 n5 243 0.080 1
44 9 n2 n5 228 0.160 0
44 10 n2 n3 220 0.160 0
44 11 n2 n2 245 0.160 1
45 1 n4 n5 0 0.240 0
45 2 n4 n3 200 0.240 1
45 3 n3 n5 0 0.310 0
45 4 n3 n2 195 0.310 0
45 5 n3 n3 234 0.310 1
45 6 n5 n3 201 0.030 0
45 7 n5 n2 219 0.030 0
45 8 n5 n5 243 0.030 1
45 9 n2 n5 228 0.220 0
45 10 n2 n3 220 0.220 0
45 11 n2 n2 245 0.220 1
46 1 n4 n5 0 0.290 0
46 2 n4 n3 201 0.290 1
46 3 n3 n5 0 0.380 0
46 4 n3 n2 193 0.380 0
46 5 n3 n3 234 0.380 1
46 6 n5 n3 200 0.080 0
46 7 n5 n2 219 0.080 0
46 8 n5 n5 243 0.080 1
46 9 n2 n5 228 0.260 0
46 10 n2 n3 220 0.260 0
46 11 n2 n2 245 0.260 1
47 1 n4 n5 0 0.360 0
47 2 n4 n3 198 0.360 1
47 3 n3 n5 0 0.430 0
47 4 n3 n2 192 0.430 0
47 5 n3 n3 234 0.430 1
47 6 n5 n3 200 0.040 0
47 7 n5 n2 219 0.040 0
47 8 n5 n5 243 0.040 1
47 9 n2 n5 228 0.340 0
47 10 n2 n3 220 0.340 0
47 11 n2 n2 245 0.340 1
48 1 n4 n5 0 1.460 0
48 2 n4 n3 198 1.460 1
48 3 n3 n5 0 0.490 0
48 4 n3 n2 192 0.490 0
48 5 n3 n3 234 0.490 1
48 6 n5 n3 200 0.090 0
48 7 n5 n2 219 0.090 0
48 8 n5 n5 243 0.090 1
48 9 n2 n5 228 0.400 0
48 10 n2 n3 220 0.400 0
48 11 n2 n2 245 0.400 1
49 1 n4 n5 0 0.490 0
49 2 n4 n3 194 0.490 1
49 3 n3 n5 0 0.560 0
49 4 n3 n2 192 0.560 0
49 5 n3 n3 234 0.560 1
49 6 n5 n3 200 0.140 0
49 7 n5 n2 220 0.140 0
49 8 n5 n5 243 0.140 1
49 9 n2 n5 228 0.440 0
49 10 n2 n3 220 0.440 0
49 11 n2 n2 245 0.440 1
50 1 n4 n5 0 1.590 0
50 2 n4 n3 194 1.590 1
50 3 n3 n5 0 0.610 0
50 4 n3 n2 193 0.610 0
50 5 n3 n3 234 0.610 1
50 6 n5 n3 200 0.210 0
50 7 n5 n2 221 0.210 0
50 8 n5 n5 243 0.210 1
50 9 n2 n5 228 0.520 0
50 10 n2 n3 221 0.520 0
50 11 n2 n2 246 0.520 1
51 1 n4 n5 0 0.620 0
51 2 n4 n3 192 0.620 1
51 3 n3 n5 0 0.690 0
51 4 n3 n2 193 0.690 0
51 5 n3 n3 234 0.690 1
51 6 n5 n3 200 0.280 0
51 7 n5 n2 221 0.280 0
51 8 n5 n5 243 0.280 1
51 9 n2 n5 229 0.590 0
51 10 n2 n3 222 0.590 0
51 11 n2 n2 246 0.590 1
52 1 n4 n5 0 0.700 0
52 2 n4 n3 192 0.700 1
52 3 n3 n5 0 0.770 0
52 4 n3 n2 193 0.770 0
52 5 n3 n3 234 0.770 1
52 6 n5 n3 201 0.370 0
52 7 n5 n2 220 0.370 0
52 8 n5 n5 243 0.370 1
52 9 n2 n5 231 0.680 0
52 10 n2 n3 225 0.680 0
52 11 n2 n2 246 0.680 1
53 1 n4 n5 0 0.760 0
53 2 n4 n3 191 0.760 1
53 3 n3 n5 0 0.830 0
53 4 n3 n2 192 0.830 0
53 5 n3 n3 235 0.830 1
53 6 n5 n3 202 0.430 0
53 7 n5 n2 219 0.430 0
53 8 n5 n5 243 0.430 1
53 9 n2 n5 233 0.720 0
53 10 n2 n3 226 0.720 0
53 11 n2 n2 246 0.720 1
54 1 n4 n5 0 0.810 0
54 2 n4 n3 190 0.810 1
54 3 n3 n5 0 0.890 0
54 4 n3 n2 192 0.890 0
54 5 n3 n3 236 0.890 1
54 6 n5 n3 203 0.490 0
54 7 n5 n2 219 0.490 0
54 8 n5 n5 243 0.490 1
54 9 n2 n5 233 0.800 0
54 10 n2 n3 228 0.800 0
54 11 n2 n2 246 0.800 1
55 1 n4 n5 0 1.910 0
55 2 n4 n3 190 1.910 1
55 3 n3 n5 0 0.030 0
55 4 n3 n2 192 0.030 0
55 5 n3 n3 238 0.030 1
55 6 n5 n3 203 0.660 0
55 7 n5 n2 219 0.660 0
55 8 n5 n5 242 0.660 1
55 9 n2 n5 231 0.860 0
55 10 n2 n3 228 0.860 0
55 11 n2 n2 245 0.860 1
56 1 n4 n5 0 3.010 0
56 2 n4 n3 190 3.010 1
56 3 n3 n5 0 0.090 0
56 4 n3 n2 192 0.090 0
56 5 n3 n3 238 0.090 1
56 6 n5 n3 203 0.610 0
56 7 n5 n2 219 0.610 0
56 8 n5 n5 241 0.610 1
56 9 n2 n5 230 0.890 0
56 10 n2 n3 226 0.890 0
56 11 n2 n2 245 0.890 1
57 1 n4 n5 0 1.000 0
57 2 n4 n3 189 1.000 1
57 3 n3 n5 0 0.020 0
57 4 n3 n2 194 0.020 0
57 5 n3 n3 238 0.020 1
57 6 n5 n3 203 0.670 0
57 7 n5 n2 219 0.670 0
57 8 n5 n5 240 0.670 1
57 9 n2 n5 229 0.930 0
57 10 n2 n3 225 0.930 0
57 11 n2 n2 245 0.930 1
58 1 n4 n5 0 0.020 0
58 2 n4 n3 187 0.020 1
58 3 n3 n5 0 0.090 0
58 4 n3 n2 196 0.090 0
58 5 n3 n3 238 0.090 1
58 6 n5 n3 203 0.720 0
58 7 n5 n2 219 0.720 0
58 8 n5 n5 239 0.720 1
58 9 n2 n5 229 0.000 0
58 10 n2 n3 224 0.000 0
58 11 n2 n2 245 0.000 1
59 1 n4 n5 0 0.090 0
59 2 n4 n3 186 0.090 1
59 3 n3 n5 0 0.280 0
59 4 n3 n2 196 0.280 0
59 5 n3 n3 238 0.280 1
59 6 n5 n3 203 0.910 0
59 7 n5 n2 219 0.910 0
59 8 n5 n5 239 0.910 1
59 9 n2 n5 229 0.070 0
59 10 n2 n3 224 0.070 0
59 11 n2 n2 245 0.070 1
60 1 n4 n5 0 0.160 0
60 2 n4 n3 185 0.160 1
60 3 n3 n5 0 0.220 0
60 4 n3 n2 196 0.220 0
60 5 n3 n3 237 0.220 1
60 6 n5 n3 203 0.050 0
60 7 n5 n2 219 0.050 0
60 8 n5 n5 239 0.050 1
60 9 n2 n5 229 0.120 0
60 10 n2 n3 224 0.120 0
60 11 n2 n2 245 0.120 1
61 1 n4 n5 0 0.210 0
61 2 n4 n3 184 0.210 1
61 3 n3 n5 0 0.400 0
61 4 n3 n2 196 0.400 0
61 5 n3 n3 236 0.400 1
61 6 n5 n3 201 0.110 0
61 7 n5 n2 219 0.110 0
61 8 n5 n5 239 0.110 1
61 9 n2 n5 229 0.190 0
61 10 n2 n3 224 0.190 0
61 11 n2 n2 244 0.190 1
62 1 n4 n5 0 1.310 0
62 2 n4 n3 184 1.310 1
62 3 n3 n5 0 0.340 0
62 4 n3 n2 192 0.340 0
62 5 n3 n3 235 0.340 1
62 6 n5 n3 200 0.050 0
62 7 n5 n2 215 0.050 0
62 8 n5 n5 239 0.050 1
62 9 n2 n5 229 0.250 0
62 10 n2 n3 224 0.250 0
62 11 n2 n2 242 0.250 1
63 1 n4 n5 0 0.350 0
63 2 n4 n3 181 0.350 1
63 3 n3 n5 0 0.420 0
63 4 n3 n2 188 0.420 0
63 5 n3 n3 234 0.420 1
63 6 n5 n3 200 0.020 0
63 7 n5 n2 212 0.020 0
63 8 n5 n5 239 0.020 1
63 9 n2 n5 229 0.320 0
63 10 n2 n3 224 0.320 0
63 11 n2 n2 240 0.320 1
64 1 n4 n5 0 0.410 0
64 2 n4 n3 180 0.410 1
64 3 n3 n5 0 0.480 0
64 4 n3 n2 188 0.480 0
64 5 n3 n3 234 0.480 1
64 6 n5 n3 201 0.080 0
64 7 n5 n2 211 0.080 0
64 8 n5 n5 239 0.080 1
64 9 n2 n5 229 0.390 0
64 10 n2 n3 225 0.390 0
64 11 n2 n2 238 0.390 1
65 1 n4 n5 0 0.470 0
65 2 n4 n3 180 0.470 1
65 3 n3 n5 0 0.540 0
65 4 n3 n2 188 0.540 0
65 5 n3 n3 235 0.540 1
65 6 n5 n3 203 0.150 0
65 7 n5 n2 211 0.150 0
65 8 n5 n5 239 0.150 1
65 9 n2 n5 229 0.450 0
65 10 n2 n3 228 0.450 0
65 11 n2 n2 237 0.450 1
66 1 n4 n5 0 0.590 0
66 2 n4 n3 180 0.590 1
66 3 n3 n5 0 0.780 0
66 4 n3 n2 188 0.780 0
66 5 n3 n3 238 0.780 1
66 6 n5 n3 204 0.380 0
66 7 n5 n2 211 0.380 0
66 8 n5 n5 239 0.380 1
66 9 n2 n5 229 0.570 0
66 10 n2 n3 232 0.570 0
66 11 n2 n2 236 0.570 1
67 1 n4 n5 0 0.670 0
67 2 n4 n3 182 0.670 1
67 3 n3 n5 0 0.740 0
67 4 n3 n2 189 0.740 0
67 5 n3 n3 239 0.740 1
67 6 n5 n3 212 0.330 0
67 7 n5 n2 213 0.330 0
67 8 n5 n5 239 0.330 1
67 9 n2 n5 229 0.640 0
67 10 n2 n3 236 0.640 1
67 11 n2 n2 236 0.640 0
68 1 n4 n5 0 0.730 0
68 2 n4 n3 183 0.730 1
68 3 n3 n5 0 0.810 0
68 4 n3 n2 190 0.810 0
68 5 n3 n3 246 0.810 1
68 6 n5 n3 214 0.410 0
68 7 n5 n2 215 0.410 0
68 8 n5 n5 239 0.410 1
68 9 n2 n5 229 0.730 0
68 10 n2 n3 238 0.730 1
68 11 n2 n2 237 0.730 0
69 1 n4 n5 0 0.790 0
69 2 n4 n3 185 0.790 1
69 3 n3 n5 0 0.990 0
69 4 n3 n2 192 0.990 0
69 5 n3 n3 252 0.990 1
69 6 n5 n3 218 0.480 0
69 7 n5 n2 217 0.480 0
69 8 n5 n5 239 0.480 1
69 9 n2 n5 230 0.780 0
69 10 n2 n3 240 0.780 1
69 11 n2 n2 238 0.780 0
70 1 n4 n5 0 0.850 0
70 2 n4 n3 186 0.850 1
70 3 n3 n5 0 1.040 0
70 4 n3 n2 192 1.040 0
70 5 n3 n3 252 1.040 1
70 6 n5 n3 216 0.490 0
70 7 n5 n2 211 0.490 0
70 8 n5 n5 240 0.490 1
70 9 n2 n5 230 0.830 0
70 10 n2 n3 240 0.830 1
70 11 n2 n2 238 0.830 0
71 1 n4 n5 0 0.910 0
71 2 n4 n3 189 0.910 1
71 3 n3 n5 0 1.090 0
71 4 n3 n2 192 1.090 0
71 5 n3 n3 255 1.090 1
71 6 n5 n3 214 0.430 0
71 7 n5 n2 211 0.430 0
71 8 n5 n5 240 0.430 1
71 9 n2 n5 230 1.000 0
71 10 n2 n3 240 1.000 1
71 11 n2 n2 238 1.000 0
72 1 n4 n5 0 2.040 0
72 2 n4 n3 189 2.040 1
72 3 n3 n5 0 0.150 0
72 4 n3 n2 192 0.150 0
72 5 n3 n3 255 0.150 1
72 6 n5 n3 214 1.560 0
72 7 n5 n2 211 1.560 0
72 8 n5 n5 240 1.560 1
72 9 n2 n5 232 0.050 0
72 10 n2 n3 240 0.050 1
72 11 n2 n2 237 0.050 0
73 1 n4 n5 0 3.150 0
73 2 n4 n3 189 3.150 1
73 3 n3 n5 0 1.260 0
73 4 n3 n2 192 1.260 0
73 5 n3 n3 255 1.260 1
73 6 n5 n3 212 0.910 0
73 7 n5 n2 211 0.910 0
73 8 n5 n5 240 0.910 1
73 9 n2 n5 232 1.160 0
73 10 n2 n3 240 1.160 1
73 11 n2 n2 237 1.160 0
74 1 n4 n5 0 0.090 0
74 2 n4 n3 193 0.090 1
74 3 n3 n5 0 0.280 0
74 4 n3 n2 0 0.280 0
74 5 n3 n3 255 0.280 1
74 6 n5 n3 214 0.570 0
74 7 n5 n2 207 0.570 0
74 8 n5 n5 238 0.570 1
74 9 n2 n5 224 0.070 0
74 10 n2 n3 240 0.070 1
74 11 n2 n2 236 0.070 0
75 1 n4 n5 0 0.150 0
75 2 n4 n3 196 0.150 1
75 3 n3 n5 0 0.340 0
75 4 n3 n2 0 0.340 0
75 5 n3 n3 255 0.340 1
75 6 n5 n3 218 0.040 0
75 7 n5 n2 211 0.040 0
75 8 n5 n5 234 0.040 1
75 9 n2 n5 221 0.130 0
75 10 n2 n3 240 0.130 1
75 11 n2 n2 236 0.130 0
76 1 n4 n5 0 0.200 0
76 2 n4 n3 198 0.200 1
76 3 n3 n5 0 0.270 0
76 4 n3 n2 188 0.270 0
76 5 n3 n3 255 0.270 1
76 6 n5 n3 218 0.100 0
76 7 n5 n2 211 0.100 0
76 8 n5 n5 233 0.100 1
76 9 n2 n5 218 0.180 0
76 10 n2 n3 240 0.180 1
76 11 n2 n2 234 0.180 0
77 1 n4 n5 0 0.270 0
77 2 n4 n3 199 0.270 1
77 3 n3 n5 0 0.340 0
77 4 n3 n2 188 0.340 0
77 5 n3 n3 255 0.340 1
77 6 n5 n3 218 0.050 0
77 7 n5 n2 206 0.050 0
77 8 n5 n5 231 0.050 1
77 9 n2 n5 214 0.250 0
77 10 n2 n3 240 0.250 1
77 11 n2 n2 233 0.250 0
78 1 n4 n5 0 0.330 0
78 2 n4 n3 197 0.330 1
78 3 n3 n5 0 0.410 0
78 4 n3 n2 188 0.410 0
78 5 n3 n3 255 0.410 1
78 6 n5 n3 214 0.000 0
78 7 n5 n2 206 0.000 0
78 8 n5 n5 230 0.000 1
78 9 n2 n5 214 0.310 0
78 10 n2 n3 240 0.310 1
78 11 n2 n2 233 0.310 0
79 1 n4 n5 0 0.390 0
79 2 n4 n3 193 0.390 1
79 3 n3 n5 0 0.460 0
79 4 n3 n2 188 0.460 0
79 5 n3 n3 255 0.460 1
79 6 n5 n3 210 0.060 0
79 7 n5 n2 204 0.060 0
79 8 n5 n5 230 0.060 1
79 9 n2 n5 214 0.370 0
79 10 n2 n3 238 0.370 1
79 11 n2 n2 232 0.370 0
80 1 n4 n5 0 1.490 0
80 2 n4 n3 193 1.490 1
80 3 n3 n5 0 0.530 0
80 4 n3 n2 186 0.530 0
80 5 n3 n3 255 0.530 1
80 6 n5 n3 211 0.120 0
80 7 n5 n2 201 0.120 0
80 8 n5 n5 230 0.120 1
80 9 n2 n5 216 0.430 0
80 10 n2 n3 239 0.430 1
80 11 n2 n2 231 0.430 0
81 1 n4 n5 0 0.510 0
81 2 n4 n3 188 0.510 1
81 3 n3 n5 0 0.700 0
81 4 n3 n2 186 0.700 0
81 5 n3 n3 255 0.700 1
81 6 n5 n3 211 0.180 0
81 7 n5 n2 201 0.180 0
81 8 n5 n5 230 0.180 1
81 9 n2 n5 216 0.490 0
81 10 n2 n3 239 0.490 1
81 11 n2 n2 230 0.490 0
82 1 n4 n5 0 1.620 0
82 2 n4 n3 188 1.620 1
82 3 n3 n5 0 0.650 0
82 4 n3 n2 189 0.650 0
82 5 n3 n3 255 0.650 1
82 6 n5 n3 210 0.250 0
82 7 n5 n2 199 0.250 0
82 8 n5 n5 230 0.250 1
82 9 n2 n5 216 0.670 0
82 10 n2 n3 238 0.670 1
82 11 n2 n2 229 0.670 0
83 1 n4 n5 0 2.730 0
83 2 n4 n3 188 2.730 1
83 3 n3 n5 0 0.840 0
83 4 n3 n2 189 0.840 0
83 5 n3 n3 255 0.840 1
83 6 n5 n3 206 0.330 0
83 7 n5 n2 198 0.330 0
83 8 n5 n5 229 0.330 1
83 9 n2 n5 212 0.630 0
83 10 n2 n3 238 0.630 1
83 11 n2 n2 229 0.630 0
84 1 n4 n5 0 0.720 0
84 2 n4 n3 184 0.720 1
84 3 n3 n5 0 0.800 0
84 4 n3 n2 192 0.800 0
84 5 n3 n3 255 0.800 1
84 6 n5 n3 204 0.620 0
84 7 n5 n2 197 0.620 0
84 8 n5 n5 227 0.620 1
84 9 n2 n5 212 0.720 0
84 10 n2 n3 234 0.720 1
84 11 n2 n2 229 0.720 0
85 1 n4 n5 0 0.780 0
85 2 n4 n3 183 0.780 1
85 3 n3 n5 0 0.870 0
85 4 n3 n2 190 0.870 0
85 5 n3 n3 255 0.870 1
85 6 n5 n3 199 0.460 0
85 7 n5 n2 195 0.460 0
85 8 n5 n5 225 0.460 1
85 9 n2 n5 206 0.770 0
85 10 n2 n3 231 0.770 1
85 11 n2 n2 229 0.770 0
86 1 n4 n5 0 1.880 0
86 2 n4 n3 183 1.880 1
86 3 n3 n5 0 0.000 0
86 4 n3 n2 192 0.000 0
86 5 n3 n3 255 0.000 1
86 6 n5 n3 196 0.520 0
86 7 n5 n2 196 0.520 0
86 8 n5 n5 221 0.520 1
86 9 n2 n5 202 0.830 0
86 10 n2 n3 228 0.830 0
86 11 n2 n2 230 0.830 1
87 1 n4 n5 0 0.910 0
87 2 n4 n3 180 0.910 1
87 3 n3 n5 0 0.060 0
87 4 n3 n2 192 0.060 0
87 5 n3 n3 255 0.060 1
87 6 n5 n3 197 0.580 0
87 7 n5 n2 196 0.580 0
87 8 n5 n5 217 0.580 1
87 9 n2 n5 202 0.890 0
87 10 n2 n3 228 0.890 0
87 11 n2 n2 231 0.890 1
88 1 n4 n5 0 0.980 0
88 2 n4 n3 178 0.980 1
88 3 n3 n5 0 0.120 0
88 4 n3 n2 198 0.120 0
88 5 n3 n3 255 0.120 1
88 6 n5 n3 199 0.640 0
88 7 n5 n2 199 0.640 0
88 8 n5 n5 215 0.640 1
88 9 n2 n5 198 0.020 0
88 10 n2 n3 229 0.020 0
88 11 n2 n2 235 0.020 1
89 1 n4 n5 0 2.080 0
89 2 n4 n3 178 2.080 1
89 3 n3 n5 0 0.180 0
89 4 n3 n2 202 0.180 0
89 5 n3 n3 255 0.180 1
89 6 n5 n3 201 0.800 0
89 7 n5 n2 202 0.800 0
89 8 n5 n5 213 0.800 1
89 9 n2 n5 198 0.070 0
89 10 n2 n3 232 0.070 0
89 11 n2 n2 240 0.070 1
90 1 n4 n5 0 0.040 0
90 2 n4 n3 176 0.040 1
90 3 n3 n5 0 0.120 0
90 4 n3 n2 202 0.120 0
90 5 n3 n3 255 0.120 1
90 6 n5 n3 198 0.750 0
90 7 n5 n2 202 0.750 0
90 8 n5 n5 211 0.750 1
90 9 n2 n5 196 0.030 0
90 10 n2 n3 236 0.030 0
90 11 n2 n2 245 0.030 1
91 1 n4 n5 0 0.110 0
91 2 n4 n3 175 0.110 1
91 3 n3 n5 0 0.140 0
91 4 n3 n2 204 0.140 0
91 5 n3 n3 255 0.140 1
91 6 n5 n3 198 0.930 0
91 7 n5 n2 203 0.930 0
91 8 n5 n5 209 0.930 1
91 9 n2 n5 196 0.200 0
91 10 n2 n3 236 0.200 0
91 11 n2 n2 250 0.200 1
92 1 n4 n5 0 0.170 0
92 2 n4 n3 176 0.170 1
92 3 n3 n5 0 0.250 0
92 4 n3 n2 204 0.250 0
92 5 n3 n3 255 0.250 1
92 6 n5 n3 198 2.040 0
92 7 n5 n2 203 2.040 0
92 8 n5 n5 209 2.040 1
92 9 n2 n5 0 0.270 0
92 10 n2 n3 236 0.270 0
92 11 n2 n2 251 0.270 1
93 1 n4 n5 0 0.250 0
93 2 n4 n3 177 0.250 1
93 3 n3 n5 0 0.150 0
93 4 n3 n2 206 0.150 0
93 5 n3 n3 255 0.150 1
93 6 n5 n3 195 0.940 1
93 7 n5 n2 203 0.940 0
93 8 n5 n5 0 0.940 0
93 9 n2 n5 0 0.210 0
93 10 n2 n3 236 0.210 0
93 11 n2 n2 253 0.210 1
94 1 n4 n5 0 1.360 0
94 2 n4 n3 177 1.360 1
94 3 n3 n5 0 0.300 0
94 4 n3 n2 206 0.300 0
94 5 n3 n3 255 0.300 1
94 6 n5 n3 195 0.680 1
94 7 n5 n2 202 0.680 0
94 8 n5 n5 0 0.680 0
94 9 n2 n5 0 1.320 0
94 10 n2 n3 236 1.320 0
94 11 n2 n2 253 1.320 1
95 1 n4 n5 0 0.360 0
95 2 n4 n3 178 0.360 1
95 3 n3 n5 0 0.420 0
95 4 n3 n2 204 0.420 0
95 5 n3 n3 255 0.420 1
95 6 n5 n3 195 1.780 1
95 7 n5 n2 202 1.780 0
95 8 n5 n5 0 1.780 0
95 9 n2 n5 0 0.350 0
95 10 n2 n3 238 0.350 0
95 11 n2 n2 254 0.350 1
96 1 n4 n5 0 1.460 0
96 2 n4 n3 178 1.460 1
96 3 n3 n5 0 0.620 0
96 4 n3 n2 204 0.620 0
96 5 n3 n3 255 0.620 1
96 6 n5 n3 195 0.960 1
96 7 n5 n2 203 0.960 0
96 8 n5 n5 0 0.960 0
96 9 n2 n5 0 0.380 0
96 10 n2 n3 238 0.380 0
96 11 n2 n2 254 0.380 1
97 1 n4 n5 0 0.490 0
97 2 n4 n3 178 0.490 1
97 3 n3 n5 0 0.680 0
97 4 n3 n2 204 0.680 0
97 5 n3 n3 255 0.680 1
97 6 n5 n3 195 2.060 1
97 7 n5 n2 203 2.060 0
97 8 n5 n5 0 2.060 0
97 9 n2 n5 0 0.350 0
97 10 n2 n3 238 0.350 0
97 11 n2 n2 254 0.350 1
98 1 n4 n5 0 0.540 0
98 2 n4 n3 177 0.540 1
98 3 n3 n5 0 0.610 0
98 4 n3 n2 206 0.610 0
98 5 n3 n3 255 0.610 1
98 6 n5 n3 197 0.320 1
98 7 n5 n2 203 0.320 0
98 8 n5 n5 0 0.320 0
98 9 n2 n5 0 0.520 0
98 10 n2 n3 237 0.520 0
98 11 n2 n2 254 0.520 1
99 1 n4 n5 0 0.620 0
99 2 n4 n3 175 0.620 1
99 3 n3 n5 0 0.690 0
99 4 n3 n2 213 0.690 0
99 5 n3 n3 255 0.690 1
99 6 n5 n3 197 1.440 1
99 7 n5 n2 203 1.440 0
99 8 n5 n5 0 1.440 0
99 9 n2 n5 0 0.600 0
99 10 n2 n3 236 0.600 0
99 11 n2 n2 254 0.600 1
100 1 n4 n5 0 1.750 0
100 2 n4 n3 175 1.750 1
100 3 n3 n5 0 0.790 0
100 4 n3 n2 214 0.790 0
100 5 n3 n3 255 0.790 1
100 6 n5 n3 197 2.570 1
100 7 n5 n2 203 2.570 0
100 8 n5 n5 0 2.570 0
100 9 n2 n5 0 0.690 0
100 10 n2 n3 236 0.690 0
100 11 n2 n2 254 0.690 1
101 1 n4 n5 0 0.770 0
101 2 n4 n3 173 0.770 1
101 3 n3 n5 0 0.850 0
101 4 n3 n2 216 0.850 0
101 5 n3 n3 255 0.850 1
101 6 n5 n3 197 3.670 1
101 7 n5 n2 203 3.670 0
101 8 n5 n5 0 3.670 0
101 9 n2 n5 0 0.750 0
101 10 n2 n3 234 0.750 0
101 11 n2 n2 254 0.750 1
102 1 n4 n5 0 0.710 0
102 2 n4 n3 170 0.710 1
102 3 n3 n5 0 0.750 0
102 4 n3 n2 216 0.750 0
102 5 n3 n3 255 0.750 1
102 6 n5 n3 197 4.770 1
102 7 n5 n2 203 4.770 0
102 8 n5 n5 0 4.770 0
102 9 n2 n5 0 0.640 0
102 10 n2 n3 233 0.640 0
102 11 n2 n2 254 0.640 1
103 1 n4 n5 0 0.930 0
103 2 n4 n3 168 0.930 1
103 3 n3 n5 0 0.080 0
103 4 n3 n2 214 0.080 0
103 5 n3 n3 255 0.080 1
103 6 n5 n3 197 5.910 1
103 7 n5 n2 203 5.910 0
103 8 n5 n5 0 5.910 0
103 9 n2 n5 0 0.910 0
103 10 n2 n3 233 0.910 0
103 11 n2 n2 254 0.910 1
104 1 n4 n5 0 2.040 0
104 2 n4 n3 168 2.040 1
104 3 n3 n5 0 0.150 0
104 4 n3 n2 211 0.150 0
104 5 n3 n3 255 0.150 1
104 6 n5 n3 197 7.020 1
104 7 n5 n2 203 7.020 0
104 8 n5 n5 0 7.020 0
104 9 n2 n5 0 1.090 0
104 10 n2 n3 233 1.090 0
104 11 n2 n2 254 1.090 1
105 1 n4 n5 0 0.840 0
105 2 n4 n3 169 0.840 1
105 3 n3 n5 0 1.060 0
105 4 n3 n2 211 1.060 0
105 5 n3 n3 255 1.060 1
105 6 n5 n3 197 8.120 1
105 7 n5 n2 203 8.120 0
105 8 n5 n5 0 8.120 0
105 9 n2 n5 0 0.840 0
105 10 n2 n3 234 0.840 0
105 11 n2 n2 254 0.840 1
106 1 n4 n5 0 1.930 0
106 2 n4 n3 169 1.930 1
106 3 n3 n5 0 0.140 0
106 4 n3 n2 211 0.140 0
106 5 n3 n3 255 0.140 1
106 6 n5 n3 197 9.210 1
106 7 n5 n2 203 9.210 0
106 8 n5 n5 0 9.210 0
106 9 n2 n5 0 0.030 0
106 10 n2 n3 232 0.030 0
106 11 n2 n2 254 0.030 1
107 1 n4 n5 0 1.100 0
107 2 n4 n3 170 1.100 1
107 3 n3 n5 0 0.020 0
107 4 n3 n2 212 0.020 0
107 5 n3 n3 255 0.020 1
107 6 n5 n3 197 10.310 1
107 7 n5 n2 203 10.310 0
107 8 n5 n5 0 10.310 0
107 9 n2 n5 0 0.020 0
107 10 n2 n3 232 0.020 0
107 11 n2 n2 254 0.020 1
108 1 n4 n5 0 2.210 0
108 2 n4 n3 170 2.210 1
108 3 n3 n5 0 0.260 0
108 4 n3 n2 213 0.260 0
108 5 n3 n3 254 0.260 1
108 6 n5 n3 197 11.420 1
108 7 n5 n2 203 11.420 0
108 8 n5 n5 0 11.420 0
108 9 n2 n5 0 0.210 0
108 10 n2 n3 229 0.210 0
108 11 n2 n2 254 0.210 1
109 1 n4 n5 0 0.170 0
109 2 n4 n3 173 0.170 1
109 3 n3 n5 0 0.140 0
109 4 n3 n2 213 0.140 0
109 5 n3 n3 253 0.140 1
109 6 n5 n3 197 12.520 1
109 7 n5 n2 203 12.520 0
109 8 n5 n5 0 12.520 0
109 9 n2 n5 0 0.140 0
109 10 n2 n3 227 0.140 0
109 11 n2 n2 254 0.140 1
110 1 n4 n5 0 1.270 0
110 2 n4 n3 173 1.270 1
110 3 n3 n5 0 0.340 0
110 4 n3 n2 213 0.340 0
110 5 n3 n3 252 0.340 1
110 6 n5 n3 197 13.620 1
110 7 n5 n2 203 13.620 0
110 8 n5 n5 0 13.620 0
110 9 n2 n5 0 0.020 0
110 10 n2 n3 223 0.020 0
110 11 n2 n2 254 0.020 1
111 1 n4 n5 0 2.380 0
111 2 n4 n3 173 2.380 1
111 3 n3 n5 0 0.220 0
111 4 n3 n2 212 0.220 0
111 5 n3 n3 251 0.220 1
111 6 n5 n3 197 14.730 1
111 7 n5 n2 203 14.730 0
111 8 n5 n5 0 14.730 0
111 9 n2 n5 0 0.230 0
111 10 n2 n3 222 0.230 0
111 11 n2 n2 254 0.230 1
112 1 n4 n5 0 0.450 0
112 2 n4 n3 177 0.450 1
112 3 n3 n5 0 0.520 0
112 4 n3 n2 212 0.520 0
112 5 n3 n3 250 0.520 1
112 6 n5 n3 197 15.830 1
112 7 n5 n2 203 15.830 0
112 8 n5 n5 0 15.830 0
112 9 n2 n5 0 0.430 0
112 10 n2 n3 222 0.430 0
112 11 n2 n2 254 0.430 1
113 1 n4 n5 0 0.510 0
113 2 n4 n3 178 0.510 1
113 3 n3 n5 0 0.580 0
113 4 n3 n2 213 0.580 0
113 5 n3 n3 250 0.580 1
113 6 n5 n3 197 16.940 1
113 7 n5 n2 203 16.940 0
113 8 n5 n5 0 16.940 0
113 9 n2 n5 0 0.500 0
113 10 n2 n3 222 0.500 0
113 11 n2 n2 254 0.500 1
114 1 n4 n5 0 1.610 0
114 2 n4 n3 178 1.610 1
114 3 n3 n5 0 0.660 0
114 4 n3 n2 215 0.660 0
114 5 n3 n3 250 0.660 1
114 6 n5 n3 197 18.040 1
114 7 n5 n2 203 18.040 0
114 8 n5 n5 0 18.040 0
114 9 n2 n5 0 0.550 0
114 10 n2 n3 220 0.550 0
114 11 n2 n2 254 0.550 1
115 1 n4 n5 0 2.710 0
115 2 n4 n3 178 2.710 1
115 3 n3 n5 0 0.650 0
115 4 n3 n2 215 0.650 0
115 5 n3 n3 250 0.650 1
115 6 n5 n3 197 19.140 1
115 7 n5 n2 203 19.140 0
115 8 n5 n5 0 19.140 0
115 9 n2 n5 0 0.650 0
115 10 n2 n3 220 0.650 0
115 11 n2 n2 254 0.650 1
116 1 n4 n5 0 0.700 0
116 2 n4 n3 178 0.700 1
116 3 n3 n5 0 0.850 0
116 4 n3 n2 215 0.850 0
116 5 n3 n3 249 0.850 1
116 6 n5 n3 197 20.260 1
116 7 n5 n2 203 20.260 0
116 8 n5 n5 0 20.260 0
116 9 n2 n5 0 0.700 0
116 10 n2 n3 218 0.700 0
116 11 n2 n2 254 0.700 1
117 1 n4 n5 0 1.810 0
117 2 n4 n3 178 1.810 1
117 3 n3 n5 0 0.960 0
117 4 n3 n2 215 0.960 0
117 5 n3 n3 248 0.960 1
117 6 n5 n3 197 21.370 1
117 7 n5 n2 203 21.370 0
117 8 n5 n5 0 21.370 0
117 9 n2 n5 0 0.770 0
117 10 n2 n3 218 0.770 0
117 11 n2 n2 254 0.770 1
118 1 n4 n5 0 0.850 0
118 2 n4 n3 179 0.850 1
118 3 n3 n5 0 0.910 0
118 4 n3 n2 213 0.910 0
118 5 n3 n3 247 0.910 1
118 6 n5 n3 197 22.460 1
118 7 n5 n2 203 22.460 0
118 8 n5 n5 0 22.460 0
118 9 n2 n5 0 0.810 0
118 10 n2 n3 218 0.810 0
118 11 n2 n2 254 0.810 1
119 1 n4 n5 0 1.940 0
119 2 n4 n3 179 1.940 1
119 3 n3 n5 0 0.890 0
119 4 n3 n2 212 0.890 0
119 5 n3 n3 246 0.890 1
119 6 n5 n3 197 23.550 1
119 7 n5 n2 203 23.550 0
119 8 n5 n5 0 23.550 0
119 9 n2 n5 0 0.850 0
119 10 n2 n3 218 0.850 0
119 11 n2 n2 254 0.850 1
120 1 n4 n5 0 0.920 0
120 2 n4 n3 179 0.920 1
120 3 n3 n5 0 0.110 0
120 4 n3 n2 212 0.110 0
120 5 n3 n3 246 0.110 1
120 6 n5 n3 197 24.670 1
120 7 n5 n2 203 24.670 0
120 8 n5 n5 0 24.670 0
120 9 n2 n5 0 0.020 0
120 10 n2 n3 218 0.020 0
120 11 n2 n2 254 0.020 1
121 1 n4 n5 0 1.010 0
121 2 n4 n3 180 1.010 1
121 3 n3 n5 0 0.170 0
121 4 n3 n2 212 0.170 0
121 5 n3 n3 245 0.170 1
121 6 n5 n3 197 25.760 1
121 7 n5 n2 203 25.760 0
121 8 n5 n5 0 25.760 0
121 9 n2 n5 0 1.110 0
121 10 n2 n3 218 1.110 0
121 11 n2 n2 254 1.110 1
122 1 n4 n5 0 0.040 0
122 2 n4 n3 182 0.040 1
122 3 n3 n5 0 0.080 0
122 4 n3 n2 208 0.080 0
122 5 n3 n3 244 0.080 1
122 6 n5 n3 197 26.860 1
122 7 n5 n2 203 26.860 0
122 8 n5 n5 0 26.860 0
122 9 n2 n5 0 0.080 0
122 10 n2 n3 218 0.080 0
122 11 n2 n2 255 0.080 1
123 1 n4 n5 0 1.150 0
123 2 n4 n3 182 1.150 1
123 3 n3 n5 0 0.180 0
123 4 n3 n2 208 0.180 0
123 5 n3 n3 243 0.180 1
123 6 n5 n3 197 27.970 1
123 7 n5 n2 203 27.970 0
123 8 n5 n5 0 27.970 0
123 9 n2 n5 0 0.090 0
123 10 n2 n3 218 0.090 0
123 11 n2 n2 255 0.090 1
124 1 n4 n5 0 0.170 0
124 2 n4 n3 184 0.170 1
124 3 n3 n5 0 0.140 0
124 4 n3 n2 208 0.140 0
124 5 n3 n3 242 0.140 1
124 6 n5 n3 197 29.070 1
124 7 n5 n2 203 29.070 0
124 8 n5 n5 0 29.070 0
124 9 n2 n5 0 0.020 0
124 10 n2 n3 218 0.020 0
124 11 n2 n2 255 0.020 1
125 1 n4 n5 0 1.280 0
125 2 n4 n3 184 1.280 1
125 3 n3 n5 0 0.420 0
125 4 n3 n2 208 0.420 0
125 5 n3 n3 240 0.420 1
125 6 n5 n3 197 30.180 1
125 7 n5 n2 203 30.180 0
125 8 n5 n5 0 30.180 0
125 9 n2 n5 0 0.210 0
125 10 n2 n3 216 0.210 0
125 11 n2 n2 255 0.210 1
126 1 n4 n5 0 0.300 0
126 2 n4 n3 186 0.300 1
126 3 n3 n5 0 0.350 0
126 4 n3 n2 208 0.350 0
126 5 n3 n3 239 0.350 1
126 6 n5 n3 197 31.280 1
126 7 n5 n2 203 31.280 0
126 8 n5 n5 0 31.280 0
126 9 n2 n5 0 0.230 0
126 10 n2 n3 217 0.230 0
126 11 n2 n2 255 0.230 1
127 1 n4 n5 0 1.400 0
127 2 n4 n3 186 1.400 1
127 3 n3 n5 0 0.550 0
127 4 n3 n2 208 0.550 0
127 5 n3 n3 237 0.550 1
127 6 n5 n3 197 32.380 1
127 7 n5 n2 203 32.380 0
127 8 n5 n5 0 32.380 0
127 9 n2 n5 0 0.450 0
127 10 n2 n3 216 0.450 0
127 11 n2 n2 255 0.450 1
128 1 n4 n5 0 0.430 0
128 2 n4 n3 187 0.430 1
128 3 n3 n5 0 0.480 0
128 4 n3 n2 207 0.480 0
128 5 n3 n3 236 0.480 1
128 6 n5 n3 197 33.480 1
128 7 n5 n2 203 33.480 0
128 8 n5 n5 0 33.480 0
128 9 n2 n5 0 0.360 0
128 10 n2 n3 216 0.360 0
128 11 n2 n2 255 0.360 1
129 1 n4 n5 0 1.530 0
129 2 n4 n3 187 1.530 1
129 3 n3 n5 0 0.490 0
129 4 n3 n2 207 0.490 0
129 5 n3 n3 233 0.490 1
129 6 n5 n3 197 34.580 1
129 7 n5 n2 203 34.580 0
129 8 n5 n5 0 34.580 0
129 9 n2 n5 0 0.370 0
129 10 n2 n3 212 0.370 0
129 11 n2 n2 255 0.370 1
130 1 n4 n5 0 0.540 0
130 2 n4 n3 187 0.540 1
130 3 n3 n5 0 0.610 0
130 4 n3 n2 207 0.610 0
130 5 n3 n3 232 0.610 1
130 6 n5 n3 197 35.680 1
130 7 n5 n2 203 35.680 0
130 8 n5 n5 0 35.680 0
130 9 n2 n5 0 0.630 0
130 10 n2 n3 212 0.630 0
130 11 n2 n2 255 0.630 1
131 1 n4 n5 0 0.630 0
131 2 n4 n3 187 0.630 1
131 3 n3 n5 0 0.690 0
131 4 n3 n2 205 0.690 0
131 5 n3 n3 230 0.690 1
131 6 n5 n3 197 36.800 1
131 7 n5 n2 203 36.800 0
131 8 n5 n5 0 36.800 0
131 9 n2 n5 0 0.600 0
131 10 n2 n3 213 0.600 0
131 11 n2 n2 255 0.600 1
132 1 n4 n5 0 0.670 0
132 2 n4 n3 184 0.670 1
132 3 n3 n5 0 0.740 0
132 4 n3 n2 204 0.740 0
132 5 n3 n3 229 0.740 1
132 6 n5 n3 197 37.890 1
132 7 n5 n2 203 37.890 0
132 8 n5 n5 0 37.890 0
132 9 n2 n5 0 0.650 0
132 10 n2 n3 211 0.650 0
132 11 n2 n2 255 0.650 1
133 1 n4 n5 0 0.730 0
133 2 n4 n3 181 0.730 1
133 3 n3 n5 0 0.810 0
133 4 n3 n2 203 0.810 0
133 5 n3 n3 227 0.810 1
133 6 n5 n3 181 0.400 1
133 7 n5 n2 0 0.400 0
133 8 n5 n5 0 0.400 0
133 9 n2 n5 0 0.710 0
133 10 n2 n3 209 0.710 0
133 11 n2 n2 255 0.710 1
134 1 n4 n5 0 1.830 0
134 2 n4 n3 181 1.830 1
134 3 n3 n5 0 0.870 0
134 4 n3 n2 203 0.870 0
134 5 n3 n3 226 0.870 1
134 6 n5 n3 165 0.470 1
134 7 n5 n2 0 0.470 0
134 8 n5 n5 0 0.470 0
134 9 n2 n5 0 0.780 0
134 10 n2 n3 207 0.780 0
134 11 n2 n2 255 0.780 1
135 1 n4 n5 0 0.860 0
135 2 n4 n3 179 0.860 1
135 3 n3 n5 0 0.010 0
135 4 n3 n2 203 0.010 0
135 5 n3 n3 226 0.010 1
135 6 n5 n3 149 0.470 1
135 7 n5 n2 0 0.470 0
135 8 n5 n5 0 0.470 0
135 9 n2 n5 0 0.840 0
135 10 n2 n3 208 0.840 0
135 11 n2 n2 255 0.840 1
136 1 n4 n5 0 0.910 0
136 2 n4 n3 175 0.910 1
136 3 n3 n5 0 0.070 0
136 4 n3 n2 203 0.070 0
136 5 n3 n3 226 0.070 1
136 6 n5 n3 149 1.570 1
136 7 n5 n2 0 1.570 0
136 8 n5 n5 0 1.570 0
136 9 n2 n5 0 0.890 0
136 10 n2 n3 209 0.890 0
136 11 n2 n2 255 0.890 1
137 1 n4 n5 0 2.000 0
137 2 n4 n3 175 2.000 1
137 3 n3 n5 0 0.000 0
137 4 n3 n2 205 0.000 0
137 5 n3 n3 226 0.000 1
137 6 n5 n3 132 0.520 1
137 7 n5 n2 0 0.520 0
137 8 n5 n5 0 0.520 0
137 9 n2 n5 0 0.020 0
137 10 n2 n3 208 0.020 0
137 11 n2 n2 255 0.020 1
138 1 n4 n5 0 0.000 0
138 2 n4 n3 171 0.000 1
138 3 n3 n5 0 0.070 0
138 4 n3 n2 207 0.070 0
138 5 n3 n3 225 0.070 1
138 6 n5 n3 113 0.500 1
138 7 n5 n2 0 0.500 0
138 8 n5 n5 0 0.500 0
138 9 n2 n5 0 0.090 0
138 10 n2 n3 204 0.090 0
138 11 n2 n2 255 0.090 1
139 1 n4 n5 0 0.060 0
139 2 n4 n3 171 0.060 1
139 3 n3 n5 0 0.130 0
139 4 n3 n2 207 0.130 0
139 5 n3 n3 224 0.130 1
139 6 n5 n3 112 0.770 1
139 7 n5 n2 0 0.770 0
139 8 n5 n5 0 0.770 0
139 9 n2 n5 0 0.040 0
139 10 n2 n3 204 0.040 0
139 11 n2 n2 255 0.040 1
140 1 n4 n5 0 1.150 0
140 2 n4 n3 171 1.150 1
140 3 n3 n5 0 0.190 0
140 4 n3 n2 207 0.190 0
140 5 n3 n3 224 0.190 1
140 6 n5 n3 110 0.820 1
140 7 n5 n2 0 0.820 0
140 8 n5 n5 0 0.820 0
140 9 n2 n5 0 0.090 0
140 10 n2 n3 206 0.090 0
140 11 n2 n2 255 0.090 1
141 1 n4 n5 0 0.170 0
141 2 n4 n3 171 0.170 1
141 3 n3 n5 0 0.240 0
141 4 n3 n2 205 0.240 0
141 5 n3 n3 224 0.240 1
141 6 n5 n3 109 0.890 1
141 7 n5 n2 0 0.890 0
141 8 n5 n5 0 0.890 0
141 9 n2 n5 0 0.150 0
141 10 n2 n3 209 0.150 0
141 11 n2 n2 255 0.150 1
142 1 n4 n5 0 1.280 0
142 2 n4 n3 171 1.280 1
142 3 n3 n5 0 0.310 0
142 4 n3 n2 204 0.310 0
142 5 n3 n3 225 0.310 1
142 6 n5 n3 110 0.950 1
142 7 n5 n2 0 0.950 0
142 8 n5 n5 0 0.950 0
142 9 n2 n5 0 0.220 0
142 10 n2 n3 210 0.220 0
142 11 n2 n2 255 0.220 1
143 1 n4 n5 0 0.300 0
143 2 n4 n3 174 0.300 1
143 3 n3 n5 0 0.360 0
143 4 n3 n2 204 0.360 0
143 5 n3 n3 227 0.360 1
143 6 n5 n3 111 1.010 1
143 7 n5 n2 0 1.010 0
143 8 n5 n5 0 1.010 0
143 9 n2 n5 0 0.280 0
143 10 n2 n3 214 0.280 0
143 11 n2 n2 255 0.280 1
144 1 n4 n5 0 0.350 0
144 2 n4 n3 176 0.350 1
144 3 n3 n5 0 0.430 0
144 4 n3 n2 205 0.430 0
144 5 n3 n3 227 0.430 1
144 6 n5 n3 111 0.030 1
144 7 n5 n2 0 0.030 0
144 8 n5 n5 0 0.030 0
144 9 n2 n5 0 0.340 0
144 10 n2 n3 217 0.340 0
144 11 n2 n2 255 0.340 1
145 1 n4 n5 0 0.430 0
145 2 n4 n3 178 0.430 1
145 3 n3 n5 0 0.500 0
145 4 n3 n2 207 0.500 0
145 5 n3 n3 227 0.500 1
145 6 n5 n3 111 1.140 1
145 7 n5 n2 0 1.140 0
145 8 n5 n5 0 1.140 0
145 9 n2 n5 0 0.410 0
145 10 n2 n3 219 0.410 0
145 11 n2 n2 255 0.410 1
146 1 n4 n5 0 1.560 0
146 2 n4 n3 178 1.560 1
146 3 n3 n5 0 0.590 0
146 4 n3 n2 207 0.590 0
146 5 n3 n3 228 0.590 1
146 6 n5 n3 111 2.270 1
146 7 n5 n2 0 2.270 0
146 8 n5 n5 0 2.270 0
146 9 n2 n5 0 0.500 0
146 10 n2 n3 219 0.500 0
146 11 n2 n2 255 0.500 1
147 1 n4 n5 0 0.600 0
147 2 n4 n3 178 0.600 1
147 3 n3 n5 0 0.670 0
147 4 n3 n2 207 0.670 0
147 5 n3 n3 228 0.670 1
147 6 n5 n3 110 0.280 1
147 7 n5 n2 0 0.280 0
147 8 n5 n5 0 0.280 0
147 9 n2 n5 0 0.580 0
147 10 n2 n3 219 0.580 0
147 11 n2 n2 255 0.580 1
148 1 n4 n5 0 0.660 0
148 2 n4 n3 176 0.660 1
148 3 n3 n5 0 0.730 0
148 4 n3 n2 207 0.730 0
148 5 n3 n3 228 0.730 1
148 6 n5 n3 109 0.320 1
148 7 n5 n2 0 0.320 0
148 8 n5 n5 0 0.320 0
148 9 n2 n5 0 0.750 0
148 10 n2 n3 220 0.750 0
148 11 n2 n2 255 0.750 1
149 1 n4 n5 0 0.710 0
149 2 n4 n3 173 0.710 1
149 3 n3 n5 0 0.910 0
149 4 n3 n2 207 0.910 0
149 5 n3 n3 228 0.910 1
149 6 n5 n3 107 0.380 1
149 7 n5 n2 0 0.380 0
149 8 n5 n5 0 0.380 0
149 9 n2 n5 0 0.700 0
149 10 n2 n3 220 0.700 0
149 11 n2 n2 255 0.700 1
150 1 n4 n5 0 1.810 0
150 2 n4 n3 173 1.810 1
150 3 n3 n5 0 0.970 0
150 4 n3 n2 207 0.970 0
150 5 n3 n3 228 0.970 1
150 6 n5 n3 107 1.480 1
150 7 n5 n2 0 1.480 0
150 8 n5 n5 0 1.480 0
150 9 n2 n5 0 0.760 0
150 10 n2 n3 218 0.760 0
150 11 n2 n2 255 0.760 1
151 1 n4 n5 0 2.910 0
151 2 n4 n3 173 2.910 1
151 3 n3 n5 0 0.900 0
151 4 n3 n2 211 0.900 0
151 5 n3 n3 228 0.900 1
151 6 n5 n3 105 0.510 1
151 7 n5 n2 0 0.510 0
151 8 n5 n5 0 0.510 0
151 9 n2 n5 0 0.930 0
151 10 n2 n3 218 0.930 0
151 11 n2 n2 255 0.930 1
152 1 n4 n5 0 4.000 0
152 2 n4 n3 173 4.000 1
152 3 n3 n5 0 0.040 0
152 4 n3 n2 214 0.040 0
152 5 n3 n3 228 0.040 1
152 6 n5 n3 105 0.790 1
152 7 n5 n2 0 0.790 0
152 8 n5 n5 0 0.790 0
152 9 n2 n5 0 0.870 0
152 10 n2 n3 218 0.870 0
152 11 n2 n2 255 0.870 1
153 1 n4 n5 0 0.950 0
153 2 n4 n3 171 0.950 1
153 3 n3 n5 0 0.100 0
153 4 n3 n2 214 0.100 0
153 5 n3 n3 228 0.100 1
153 6 n5 n3 105 0.850 1
153 7 n5 n2 0 0.850 0
153 8 n5 n5 0 0.850 0
153 9 n2 n5 0 0.930 0
153 10 n2 n3 218 0.930 0
153 11 n2 n2 255 0.930 1
154 1 n4 n5 0 1.010 0
154 2 n4 n3 171 1.010 1
154 3 n3 n5 0 0.040 0
154 4 n3 n2 216 0.040 0
154 5 n3 n3 229 0.040 1
154 6 n5 n3 105 0.910 1
154 7 n5 n2 0 0.910 0
154 8 n5 n5 0 0.910 0
154 9 n2 n5 0 0.060 0
154 10 n2 n3 220 0.060 0
154 11 n2 n2 255 0.060 1
155 1 n4 n5 0 0.040 0
155 2 n4 n3 169 0.040 1
155 3 n3 n5 0 0.110 0
155 4 n3 n2 217 0.110 0
155 5 n3 n3 229 0.110 1
155 6 n5 n3 105 2.020 1
155 7 n5 n2 0 2.020 0
155 8 n5 n5 0 2.020 0
155 9 n2 n5 0 0.020 0
155 10 n2 n3 214 0.020 0
155 11 n2 n2 255 0.020 1
156 1 n4 n5 0 0.100 0
156 2 n4 n3 168 0.100 1
156 3 n3 n5 0 0.290 0
156 4 n3 n2 218 0.290 0
156 5 n3 n3 229 0.290 1
156 6 n5 n3 105 0.000 1
156 7 n5 n2 0 0.000 0
156 8 n5 n5 0 0.000 0
156 9 n2 n5 0 0.080 0
156 10 n2 n3 212 0.080 0
156 11 n2 n2 255 0.080 1
157 1 n4 n5 6 0.150 0
157 2 n4 n3 166 0.150 1
157 3 n3 n5 5 0.130 0
157 4 n3 n2 220 0.130 0
157 5 n3 n3 230 0.130 1
157 6 n5 n3 104 0.060 1
157 7 n5 n2 0 0.060 0
157 8 n5 n5 10 0.060 0
157 9 n2 n5 0 0.140 0
157 10 n2 n3 213 0.140 0
157 11 n2 n2 255 0.140 1
158 1 n4 n5 6 0.200 0
158 2 n4 n3 164 0.200 1
158 3 n3 n5 5 0.280 0
158 4 n3 n2 220 0.280 0
158 5 n3 n3 231 0.280 1
158 6 n5 n3 104 0.920 1
158 7 n5 n2 0 0.920 0
158 8 n5 n5 10 0.920 0
158 9 n2 n5 4 0.190 0
158 10 n2 n3 215 0.190 0
158 11 n2 n2 255 0.190 1
159 1 n4 n5 12 0.260 0
159 2 n4 n3 163 0.260 1
159 3 n3 n5 5 0.340 0
159 4 n3 n2 220 0.340 0
159 5 n3 n3 233 0.340 1
159 6 n5 n3 103 0.170 1
159 7 n5 n2 0 0.170 0
159 8 n5 n5 20 0.170 0
159 9 n2 n5 8 0.030 0
159 10 n2 n3 216 0.030 0
159 11 n2 n2 255 0.030 1
160 1 n4 n5 12 0.290 0
160 2 n4 n3 163 0.290 1
160 3 n3 n5 10 0.280 0
160 4 n3 n2 220 0.280 0
160 5 n3 n3 234 0.280 1
160 6 n5 n3 102 0.240 1
160 7 n5 n2 0 0.240 0
160 8 n5 n5 24 0.240 0
160 9 n2 n5 8 0.320 0
160 10 n2 n3 216 0.320 0
160 11 n2 n2 255 0.320 1
161 1 n4 n5 22 0.390 0
161 2 n4 n3 163 0.390 1
161 3 n3 n5 15 0.460 0
161 4 n3 n2 220 0.460 0
161 5 n3 n3 234 0.460 1
161 6 n5 n3 102 0.290 1
161 7 n5 n2 0 0.290 0
161 8 n5 n5 28 0.290 0
161 9 n2 n5 13 0.370 0
161 10 n2 n3 216 0.370 0
161 11 n2 n2 255 0.370 1
162 1 n4 n5 22 1.490 0
162 2 n4 n3 163 1.490 1
162 3 n3 n5 20 0.350 0
162 4 n3 n2 221 0.350 0
162 5 n3 n3 233 0.350 1
162 6 n5 n3 103 0.350 1
162 7 n5 n2 0 0.350 0
162 8 n5 n5 38 0.350 0
162 9 n2 n5 17 0.180 0
162 10 n2 n3 215 0.180 0
162 11 n2 n2 255 0.180 1
163 1 n4 n5 31 0.540 0
163 2 n4 n3 163 0.540 1
163 3 n3 n5 20 0.610 0
163 4 n3 n2 222 0.610 0
163 5 n3 n3 232 0.610 1
163 6 n5 n3 127 0.320 1
163 7 n5 n2 0 0.320 0
163 8 n5 n5 42 0.320 0
163 9 n2 n5 24 0.260 0
163 10 n2 n3 213 0.260 0
163 11 n2 n2 255 0.260 1
164 1 n4 n5 35 0.550 0
164 2 n4 n3 163 0.550 1
164 3 n3 n5 25 0.670 0
164 4 n3 n2 224 0.670 0
164 5 n3 n3 230 0.670 1
164 6 n5 n3 129 0.380 1
164 7 n5 n2 0 0.380 0
164 8 n5 n5 49 0.380 0
164 9 n2 n5 24 0.690 0
164 10 n2 n3 213 0.690 0
164 11 n2 n2 255 0.690 1
165 1 n4 n5 41 0.670 0
165 2 n4 n3 164 0.670 1
165 3 n3 n5 29 0.620 0
165 4 n3 n2 224 0.620 0
165 5 n3 n3 229 0.620 1
165 6 n5 n3 132 0.450 1
165 7 n5 n2 0 0.450 0
165 8 n5 n5 56 0.450 0
165 9 n2 n5 26 0.420 0
165 10 n2 n3 211 0.420 0
165 11 n2 n2 255 0.420 1
166 1 n4 n5 41 1.780 0
166 2 n4 n3 164 1.780 1
166 3 n3 n5 33 0.820 0
166 4 n3 n2 224 0.820 0
166 5 n3 n3 228 0.820 1
166 6 n5 n3 132 1.560 1
166 7 n5 n2 0 1.560 0
166 8 n5 n5 56 1.560 0
166 9 n2 n5 28 0.710 0
166 10 n2 n3 209 0.710 0
166 11 n2 n2 255 0.710 1
167 1 n4 n5 41 2.870 0
167 2 n4 n3 164 2.870 1
167 3 n3 n5 33 0.850 0
167 4 n3 n2 224 0.850 0
167 5 n3 n3 227 0.850 1
167 6 n5 n3 138 0.570 1
167 7 n5 n2 0 0.570 0
167 8 n5 n5 63 0.570 0
167 9 n2 n5 33 0.690 0
167 10 n2 n3 207 0.690 0
167 11 n2 n2 255 0.690 1
168 1 n4 n5 41 0.850 0
168 2 n4 n3 163 0.850 1
168 3 n3 n5 33 0.000 0
168 4 n3 n2 224 0.000 0
168 5 n3 n3 226 0.000 1
168 6 n5 n3 144 0.640 1
168 7 n5 n2 0 0.640 0
168 8 n5 n5 68 0.640 0
168 9 n2 n5 36 0.750 0
168 10 n2 n3 204 0.750 0
168 11 n2 n2 255 0.750 1
169 1 n4 n5 43 0.920 0
169 2 n4 n3 163 0.920 1
169 3 n3 n5 48 0.060 0
169 4 n3 n2 224 0.060 0
169 5 n3 n3 226 0.060 1
169 6 n5 n3 150 0.690 1
169 7 n5 n2 0 0.690 0
169 8 n5 n5 72 0.690 0
169 9 n2 n5 39 0.810 0
169 10 n2 n3 205 0.810 0
169 11 n2 n2 255 0.810 1
170 1 n4 n5 43 2.030 0
170 2 n4 n3 163 2.030 1
170 3 n3 n5 50 0.010 0
170 4 n3 n2 224 0.010 0
170 5 n3 n3 227 0.010 1
170 6 n5 n3 153 0.880 1
170 7 n5 n2 0 0.880 0
170 8 n5 n5 75 0.880 0
170 9 n2 n5 44 0.030 0
170 10 n2 n3 211 0.030 0
170 11 n2 n2 255 0.030 1
171 1 n4 n5 43 3.120 0
171 2 n4 n3 163 3.120 1
171 3 n3 n5 55 0.060 0
171 4 n3 n2 224 0.060 0
171 5 n3 n3 228 0.060 1
171 6 n5 n3 161 0.810 1
171 7 n5 n2 0 0.810 0
171 8 n5 n5 79 0.810 0
171 9 n2 n5 47 0.080 0
171 10 n2 n3 211 0.080 0
171 11 n2 n2 255 0.080 1
172 1 n4 n5 43 0.050 0
172 2 n4 n3 158 0.050 1
172 3 n3 n5 61 0.120 0
172 4 n3 n2 224 0.120 0
172 5 n3 n3 229 0.120 1
172 6 n5 n3 168 0.880 1
172 7 n5 n2 0 0.880 0
172 8 n5 n5 83 0.880 0
172 9 n2 n5 52 0.030 0
172 10 n2 n3 211 0.030 0
172 11 n2 n2 255 0.030 1
173 1 n4 n5 0 0.110 0
173 2 n4 n3 156 0.110 1
173 3 n3 n5 67 0.180 0
173 4 n3 n2 224 0.180 0
173 5 n3 n3 229 0.180 1
173 6 n5 n3 172 0.010 1
173 7 n5 n2 0 0.010 0
173 8 n5 n5 93 0.010 0
173 9 n2 n5 61 0.010 0
173 10 n2 n3 212 0.010 0
173 11 n2 n2 255 0.010 1
174 1 n4 n5 0 0.170 0
174 2 n4 n3 153 0.170 1
174 3 n3 n5 67 1.280 0
174 4 n3 n2 224 1.280 0
174 5 n3 n3 229 1.280 1
174 6 n5 n3 175 0.070 1
174 7 n5 n2 0 0.070 0
174 8 n5 n5 100 0.070 0
174 9 n2 n5 67 0.070 0
174 10 n2 n3 213 0.070 0
174 11 n2 n2 255 0.070 1
175 1 n4 n5 0 0.240 0
175 2 n4 n3 151 0.240 1
175 3 n3 n5 75 0.310 0
175 4 n3 n2 224 0.310 0
175 5 n3 n3 229 0.310 1
175 6 n5 n3 181 0.020 1
175 7 n5 n2 0 0.020 0
175 8 n5 n5 107 0.020 0
175 9 n2 n5 72 0.140 0
175 10 n2 n3 216 0.140 0
175 11 n2 n2 255 0.140 1
176 1 n4 n5 0 0.380 0
176 2 n4 n3 153 0.380 1
176 3 n3 n5 83 0.450 0
176 4 n3 n2 225 0.450 0
176 5 n3 n3 232 0.450 1
176 6 n5 n3 188 0.150 1
176 7 n5 n2 0 0.150 0
176 8 n5 n5 113 0.150 0
176 9 n2 n5 78 0.280 0
176 10 n2 n3 219 0.280 0
176 11 n2 n2 255 0.280 1
177 1 n4 n5 0 0.450 0
177 2 n4 n3 153 0.450 1
177 3 n3 n5 89 0.510 0
177 4 n3 n2 226 0.510 0
177 5 n3 n3 235 0.510 1
177 6 n5 n3 192 0.220 1
177 7 n5 n2 0 0.220 0
177 8 n5 n5 119 0.220 0
177 9 n2 n5 81 0.420 0
177 10 n2 n3 221 0.420 0
177 11 n2 n2 255 0.420 1
178 1 n4 n5 0 0.500 0
178 2 n4 n3 153 0.500 1
178 3 n3 n5 94 0.570 0
178 4 n3 n2 228 0.570 0
178 5 n3 n3 238 0.570 1
178 6 n5 n3 195 0.280 1
178 7 n5 n2 0 0.280 0
178 8 n5 n5 124 0.280 0
178 9 n2 n5 81 0.480 0
178 10 n2 n3 223 0.480 0
178 11 n2 n2 255 0.480 1
179 1 n4 n5 0 0.580 0
179 2 n4 n3 153 0.580 1
179 3 n3 n5 94 0.660 0
179 4 n3 n2 228 0.660 0
179 5 n3 n3 242 0.660 1
179 6 n5 n3 193 0.380 1
179 7 n5 n2 0 0.380 0
179 8 n5 n5 128 0.380 0
179 9 n2 n5 93 0.580 0
179 10 n2 n3 223 0.580 0
179 11 n2 n2 255 0.580 1
180 1 n4 n5 0 1.680 0
180 2 n4 n3 153 1.680 1
180 3 n3 n5 96 0.730 0
180 4 n3 n2 228 0.730 0
180 5 n3 n3 241 0.730 1
180 6 n5 n3 191 0.430 1
180 7 n5 n2 0 0.430 0
180 8 n5 n5 132 0.430 0
180 9 n2 n5 105 0.630 0
180 10 n2 n3 221 0.630 0
180 11 n2 n2 255 0.630 1
181 1 n4 n5 0 0.720 0
181 2 n4 n3 151 0.720 1
181 3 n3 n5 96 0.780 0
181 4 n3 n2 228 0.780 0
181 5 n3 n3 240 0.780 1
181 6 n5 n3 186 0.490 1
181 7 n5 n2 0 0.490 0
181 8 n5 n5 135 0.490 0
181 9 n2 n5 105 0.800 0
181 10 n2 n3 221 0.800 0
181 11 n2 n2 255 0.800 1
182 1 n4 n5 0 0.770 0
182 2 n4 n3 146 0.770 1
182 3 n3 n5 122 0.840 0
182 4 n3 n2 229 0.840 0
182 5 n3 n3 240 0.840 1
182 6 n5 n3 185 0.550 1
182 7 n5 n2 0 0.550 0
182 8 n5 n5 139 0.550 0
182 9 n2 n5 113 0.750 0
182 10 n2 n3 219 0.750 0
182 11 n2 n2 255 0.750 1
183 1 n4 n5 0 0.830 0
183 2 n4 n3 143 0.830 1
183 3 n3 n5 122 0.900 0
183 4 n3 n2 230 0.900 0
183 5 n3 n3 240 0.900 1
183 6 n5 n3 186 0.610 1
183 7 n5 n2 0 0.610 0
183 8 n5 n5 144 0.610 0
183 9 n2 n5 121 0.810 0
183 10 n2 n3 220 0.810 0
183 11 n2 n2 255 0.810 1
184 1 n4 n5 0 0.900 0
184 2 n4 n3 140 0.900 1
184 3 n3 n5 121 0.050 0
184 4 n3 n2 232 0.050 0
184 5 n3 n3 241 0.050 1
184 6 n5 n3 188 0.800 1
184 7 n5 n2 0 0.800 0
184 8 n5 n5 147 0.800 0
184 9 n2 n5 122 0.880 0
184 10 n2 n3 220 0.880 0
184 11 n2 n2 255 0.880 1
185 1 n4 n5 0 0.970 0
185 2 n4 n3 136 0.970 1
185 3 n3 n5 119 0.000 0
185 4 n3 n2 232 0.000 0
185 5 n3 n3 242 0.000 1
185 6 n5 n3 188 0.870 1
185 7 n5 n2 0 0.870 0
185 8 n5 n5 150 0.870 0
185 9 n2 n5 127 0.020 0
185 10 n2 n3 220 0.020 0
185 11 n2 n2 255 0.020 1
186 1 n4 n5 0 0.000 0
186 2 n4 n3 133 0.000 1
186 3 n3 n5 120 0.180 0
186 4 n3 n2 232 0.180 0
186 5 n3 n3 242 0.180 1
186 6 n5 n3 189 0.930 1
186 7 n5 n2 0 0.930 0
186 8 n5 n5 153 0.930 0
186 9 n2 n5 132 0.080 0
186 10 n2 n3 220 0.080 0
186 11 n2 n2 255 0.080 1
187 1 n4 n5 0 0.050 0
187 2 n4 n3 129 0.050 1
187 3 n3 n5 122 0.110 0
187 4 n3 n2 230 0.110 0
187 5 n3 n3 242 0.110 1
187 6 n5 n3 204 0.860 1
187 7 n5 n2 0 0.860 0
187 8 n5 n5 155 0.860 0
187 9 n2 n5 140 0.020 0
187 10 n2 n3 220 0.020 0
187 11 n2 n2 255 0.020 1
188 1 n4 n5 0 0.110 0
188 2 n4 n3 126 0.110 1
188 3 n3 n5 129 0.080 0
188 4 n3 n2 230 0.080 0
188 5 n3 n3 242 0.080 1
188 6 n5 n3 204 0.010 1
188 7 n5 n2 0 0.010 0
188 8 n5 n5 161 0.010 0
188 9 n2 n5 144 0.090 0
188 10 n2 n3 220 0.090 0
188 11 n2 n2 254 0.090 1
189 1 n4 n5 0 0.160 0
189 2 n4 n3 123 0.160 1
189 3 n3 n5 131 0.130 0
189 4 n3 n2 227 0.130 0
189 5 n3 n3 242 0.130 1
189 6 n5 n3 204 0.060 1
189 7 n5 n2 0 0.060 0
189 8 n5 n5 165 0.060 0
189 9 n2 n5 149 0.140 0
189 10 n2 n3 222 0.140 0
189 11 n2 n2 254 0.140 1
190 1 n4 n5 0 0.220 0
190 2 n4 n3 121 0.220 1
190 3 n3 n5 137 0.180 0
190 4 n3 n2 227 0.180 0
190 5 n3 n3 243 0.180 1
190 6 n5 n3 206 1.040 1
190 7 n5 n2 0 1.040 0
190 8 n5 n5 165 1.040 0
190 9 n2 n5 153 0.200 0
190 10 n2 n3 225 0.200 0
190 11 n2 n2 254 0.200 1
191 1 n4 n5 73 0.050 0
191 2 n4 n3 121 0.050 1
191 3 n3 n5 141 0.240 0
191 4 n3 n2 228 0.240 0
191 5 n3 n3 244 0.240 1
191 6 n5 n3 208 0.180 1
191 7 n5 n2 0 0.180 0
191 8 n5 n5 169 0.180 0
191 9 n2 n5 158 0.260 0
191 10 n2 n3 225 0.260 0
191 11 n2 n2 254 0.260 1
192 1 n4 n5 73 0.110 0
192 2 n4 n3 123 0.110 1
192 3 n3 n5 147 0.300 0
192 4 n3 n2 229 0.300 0
192 5 n3 n3 245 0.300 1
192 6 n5 n3 208 0.240 1
192 7 n5 n2 0 0.240 0
192 8 n5 n5 173 0.240 0
192 9 n2 n5 163 0.310 0
192 10 n2 n3 225 0.310 0
192 11 n2 n2 254 0.310 1
193 1 n4 n5 73 0.400 0
193 2 n4 n3 125 0.400 1
193 3 n3 n5 152 0.360 0
193 4 n3 n2 231 0.360 0
193 5 n3 n3 246 0.360 1
193 6 n5 n3 208 0.180 1
193 7 n5 n2 0 0.180 0
193 8 n5 n5 178 0.180 0
193 9 n2 n5 163 0.490 0
193 10 n2 n3 227 0.490 0
193 11 n2 n2 254 0.490 1
194 1 n4 n5 73 1.500 0
194 2 n4 n3 125 1.500 1
194 3 n3 n5 154 0.410 0
194 4 n3 n2 231 0.410 0
194 5 n3 n3 246 0.410 1
194 6 n5 n3 207 0.240 1
194 7 n5 n2 0 0.240 0
194 8 n5 n5 180 0.240 0
194 9 n2 n5 167 0.420 0
194 10 n2 n3 227 0.420 0
194 11 n2 n2 254 0.420 1
195 1 n4 n5 73 2.640 0
195 2 n4 n3 125 2.640 1
195 3 n3 n5 155 0.500 0
195 4 n3 n2 231 0.500 0
195 5 n3 n3 246 0.500 1
195 6 n5 n3 205 0.340 1
195 7 n5 n2 0 0.340 0
195 8 n5 n5 183 0.340 0
195 9 n2 n5 172 0.540 0
195 10 n2 n3 227 0.540 0
195 11 n2 n2 254 0.540 1
196 1 n4 n5 74 0.390 0
196 2 n4 n3 125 0.390 1
196 3 n3 n5 157 0.570 0
196 4 n3 n2 231 0.570 0
196 5 n3 n3 246 0.570 1
196 6 n5 n3 203 0.510 1
196 7 n5 n2 0 0.510 0
196 8 n5 n5 184 0.510 0
196 9 n2 n5 173 0.580 0
196 10 n2 n3 230 0.580 0
196 11 n2 n2 254 0.580 1
197 1 n4 n5 75 0.440 0
197 2 n4 n3 127 0.440 1
197 3 n3 n5 159 0.640 0
197 4 n3 n2 230 0.640 0
197 5 n3 n3 248 0.640 1
197 6 n5 n3 203 0.580 1
197 7 n5 n2 0 0.580 0
197 8 n5 n5 186 0.580 0
197 9 n2 n5 176 0.660 0
197 10 n2 n3 230 0.660 0
197 11 n2 n2 254 0.660 1
198 1 n4 n5 76 0.520 0
198 2 n4 n3 128 0.520 1
198 3 n3 n5 160 0.710 0
198 4 n3 n2 227 0.710 0
198 5 n3 n3 250 0.710 1
198 6 n5 n3 202 0.650 1
198 7 n5 n2 0 0.650 0
198 8 n5 n5 187 0.650 0
198 9 n2 n5 179 0.730 0
198 10 n2 n3 236 0.730 0
198 11 n2 n2 254 0.730 1
199 1 n4 n5 76 0.810 0
199 2 n4 n3 128 0.810 1
199 3 n3 n5 161 0.770 0
199 4 n3 n2 225 0.770 0
199 5 n3 n3 252 0.770 1
199 6 n5 n3 202 0.710 1
199 7 n5 n2 0 0.710 0
199 8 n5 n5 189 0.710 0
199 9 n2 n5 182 0.790 0
199 10 n2 n3 245 0.790 0
199 11 n2 n2 254 0.790 1
200 1 n4 n5 77 0.870 0
200 2 n4 n3 126 0.870 1
200 3 n3 n5 161 0.010 0
200 4 n3 n2 224 0.010 0
200 5 n3 n3 253 0.010 1
200 6 n5 n3 201 0.640 1
200 7 n5 n2 0 0.640 0
200 8 n5 n5 190 0.640 0
200 9 n2 n5 183 0.840 0
200 10 n2 n3 243 0.840 0
200 11 n2 n2 254 0.840 1
201 1 n4 n5 77 1.970 0
201 2 n4 n3 126 1.970 1
201 3 n3 n5 160 0.070 0
201 4 n3 n2 224 0.070 0
201 5 n3 n3 252 0.070 1
201 6 n5 n3 201 0.820 1
201 7 n5 n2 0 0.820 0
201 8 n5 n5 190 0.820 0
201 9 n2 n5 184 0.900 0
201 10 n2 n3 242 0.900 0
201 11 n2 n2 254 0.900 1
202 1 n4 n5 79 0.990 0
202 2 n4 n3 124 0.990 1
202 3 n3 n5 160 0.020 0
202 4 n3 n2 223 0.020 0
202 5 n3 n3 250 0.020 1
202 6 n5 n3 201 0.770 1
202 7 n5 n2 193 0.770 0
202 8 n5 n5 191 0.770 0
202 9 n2 n5 184 0.040 0
202 10 n2 n3 240 0.040 0
202 11 n2 n2 253 0.040 1
203 1 n4 n5 79 1.030 0
203 2 n4 n3 121 1.030 1
203 3 n3 n5 161 0.070 0
203 4 n3 n2 221 0.070 0
203 5 n3 n3 246 0.070 1
203 6 n5 n3 201 0.820 1
203 7 n5 n2 193 0.820 0
203 8 n5 n5 192 0.820 0
203 9 n2 n5 186 0.090 0
203 10 n2 n3 240 0.090 0
203 11 n2 n2 253 0.090 1
204 1 n4 n5 0 0.060 0
204 2 n4 n3 114 0.060 1
204 3 n3 n5 164 0.250 0
204 4 n3 n2 221 0.250 0
204 5 n3 n3 245 0.250 1
204 6 n5 n3 201 0.880 1
204 7 n5 n2 191 0.880 0
204 8 n5 n5 192 0.880 0
204 9 n2 n5 189 0.040 0
204 10 n2 n3 231 0.040 0
204 11 n2 n2 253 0.040 1
205 1 n4 n5 0 0.130 0
205 2 n4 n3 113 0.130 1
205 3 n3 n5 165 0.090 0
205 4 n3 n2 220 0.090 0
205 5 n3 n3 244 0.090 1
205 6 n5 n3 0 0.030 0
205 7 n5 n2 191 0.030 0
205 8 n5 n5 196 0.030 1
205 9 n2 n5 189 0.220 0
205 10 n2 n3 231 0.220 0
205 11 n2 n2 253 0.220 1
206 1 n4 n5 0 1.250 0
206 2 n4 n3 113 1.250 1
206 3 n3 n5 165 0.170 0
206 4 n3 n2 217 0.170 0
206 5 n3 n3 242 0.170 1
206 6 n5 n3 194 1.040 0
206 7 n5 n2 191 1.040 0
206 8 n5 n5 196 1.040 1
206 9 n2 n5 192 0.190 0
206 10 n2 n3 231 0.190 0
206 11 n2 n2 253 0.190 1
207 1 n4 n5 0 2.350 0
207 2 n4 n3 113 2.350 1
207 3 n3 n5 165 0.340 0
207 4 n3 n2 216 0.340 0
207 5 n3 n3 241 0.340 1
207 6 n5 n3 197 0.050 0
207 7 n5 n2 179 0.050 0
207 8 n5 n5 199 0.050 1
207 9 n2 n5 196 0.250 0
207 10 n2 n3 231 0.250 0
207 11 n2 n2 253 0.250 1
208 1 n4 n5 0 0.330 0
208 2 n4 n3 114 0.330 1
208 3 n3 n5 165 0.400 0
208 4 n3 n2 215 0.400 0
208 5 n3 n3 241 0.400 1
208 6 n5 n3 197 0.110 0
208 7 n5 n2 180 0.110 0
208 8 n5 n5 201 0.110 1
208 9 n2 n5 197 0.310 0
208 10 n2 n3 231 0.310 0
208 11 n2 n2 253 0.310 1
209 1 n4 n5 0 0.390 0
209 2 n4 n3 118 0.390 1
209 3 n3 n5 164 0.460 0
209 4 n3 n2 216 0.460 0
209 5 n3 n3 241 0.460 1
209 6 n5 n3 201 0.170 0
209 7 n5 n2 181 0.170 0
209 8 n5 n5 203 0.170 1
209 9 n2 n5 199 0.370 0
209 10 n2 n3 231 0.370 0
209 11 n2 n2 253 0.370 1
210 1 n4 n5 0 0.470 0
210 2 n4 n3 122 0.470 1
210 3 n3 n5 164 0.540 0
210 4 n3 n2 217 0.540 0
210 5 n3 n3 241 0.540 1
210 6 n5 n3 201 0.250 0
210 7 n5 n2 183 0.250 0
210 8 n5 n5 205 0.250 1
210 9 n2 n5 200 0.450 0
210 10 n2 n3 231 0.450 0
210 11 n2 n2 253 0.450 1
211 1 n4 n5 0 0.540 0
211 2 n4 n3 123 0.540 1
211 3 n3 n5 0 0.600 0
211 4 n3 n2 219 0.600 0
211 5 n3 n3 240 0.600 1
211 6 n5 n3 201 0.310 0
211 7 n5 n2 184 0.310 0
211 8 n5 n5 206 0.310 1
211 9 n2 n5 201 0.510 0
211 10 n2 n3 228 0.510 0
211 11 n2 n2 253 0.510 1
212 1 n4 n5 0 0.580 0
212 2 n4 n3 124 0.580 1
212 3 n3 n5 182 0.550 0
212 4 n3 n2 220 0.550 0
212 5 n3 n3 240 0.550 1
212 6 n5 n3 0 0.490 0
212 7 n5 n2 186 0.490 0
212 8 n5 n5 209 0.490 1
212 9 n2 n5 203 0.570 0
212 10 n2 n3 228 0.570 0
212 11 n2 n2 253 0.570 1
213 1 n4 n5 0 1.680 0
213 2 n4 n3 124 1.680 1
213 3 n3 n5 182 0.720 0
213 4 n3 n2 222 0.720 0
213 5 n3 n3 241 0.720 1
213 6 n5 n3 0 0.430 0
213 7 n5 n2 187 0.430 0
213 8 n5 n5 212 0.430 1
213 9 n2 n5 206 0.630 0
213 10 n2 n3 228 0.630 0
213 11 n2 n2 253 0.630 1
214 1 n4 n5 0 0.710 0
214 2 n4 n3 122 0.710 1
214 3 n3 n5 185 0.670 0
214 4 n3 n2 223 0.670 0
214 5 n3 n3 242 0.670 1
214 6 n5 n3 174 0.380 0
214 7 n5 n2 188 0.380 0
214 8 n5 n5 215 0.380 1
214 9 n2 n5 211 0.700 0
214 10 n2 n3 232 0.700 0
214 11 n2 n2 253 0.700 1
215 1 n4 n5 0 0.770 0
215 2 n4 n3 120 0.770 1
215 3 n3 n5 190 0.730 0
215 4 n3 n2 224 0.730 0
215 5 n3 n3 243 0.730 1
215 6 n5 n3 176 0.440 0
215 7 n5 n2 189 0.440 0
215 8 n5 n5 219 0.440 1
215 9 n2 n5 215 0.750 0
215 10 n2 n3 234 0.750 0
215 11 n2 n2 253 0.750 1
216 1 n4 n5 91 0.620 0
216 2 n4 n3 118 0.620 1
216 3 n3 n5 190 0.910 0
216 4 n3 n2 224 0.910 0
216 5 n3 n3 246 0.910 1
216 6 n5 n3 175 0.510 0
216 7 n5 n2 189 0.510 0
216 8 n5 n5 222 0.510 1
216 9 n2 n5 217 0.820 0
216 10 n2 n3 236 0.820 0
216 11 n2 n2 253 0.820 1
217 1 n4 n5 91 1.720 0
217 2 n4 n3 118 1.720 1
217 3 n3 n5 194 0.050 0
217 4 n3 n2 224 0.050 0
217 5 n3 n3 246 0.050 1
217 6 n5 n3 176 0.580 0
217 7 n5 n2 191 0.580 0
217 8 n5 n5 226 0.580 1
217 9 n2 n5 221 0.880 0
217 10 n2 n3 236 0.880 0
217 11 n2 n2 254 0.880 1
218 1 n4 n5 91 2.840 0
218 2 n4 n3 118 2.840 1
218 3 n3 n5 196 0.010 0
218 4 n3 n2 222 0.010 0
218 5 n3 n3 246 0.010 1
218 6 n5 n3 176 0.650 0
218 7 n5 n2 190 0.650 0
218 8 n5 n5 228 0.650 1
218 9 n2 n5 223 0.030 0
218 10 n2 n3 236 0.030 0
218 11 n2 n2 253 0.030 1
219 1 n4 n5 98 0.810 0
219 2 n4 n3 121 0.810 1
219 3 n3 n5 196 0.070 0
219 4 n3 n2 223 0.070 0
219 5 n3 n3 246 0.070 1
219 6 n5 n3 179 0.710 0
219 7 n5 n2 191 0.710 0
219 8 n5 n5 230 0.710 1
219 9 n2 n5 223 0.090 0
219 10 n2 n3 236 0.090 0
219 11 n2 n2 253 0.090 1
220 1 n4 n5 98 1.910 0
220 2 n4 n3 121 1.910 1
220 3 n3 n5 196 0.020 0
220 4 n3 n2 221 0.020 0
220 5 n3 n3 246 0.020 1
220 6 n5 n3 180 0.770 0
220 7 n5 n2 193 0.770 0
220 8 n5 n5 232 0.770 1
220 9 n2 n5 223 0.040 0
220 10 n2 n3 237 0.040 0
220 11 n2 n2 253 0.040 1
221 1 n4 n5 98 3.010 0
221 2 n4 n3 121 3.010 1
221 3 n3 n5 196 0.190 0
221 4 n3 n2 221 0.190 0
221 5 n3 n3 247 0.190 1
221 6 n5 n3 181 0.020 0
221 7 n5 n2 196 0.020 0
221 8 n5 n5 235 0.020 1
221 9 n2 n5 222 0.100 0
221 10 n2 n3 238 0.100 0
221 11 n2 n2 252 0.100 1
222 1 n4 n5 98 0.170 0
222 2 n4 n3 125 0.170 1
222 3 n3 n5 196 0.240 0
222 4 n3 n2 218 0.240 0
222 5 n3 n3 248 0.240 1
222 6 n5 n3 186 0.070 0
222 7 n5 n2 197 0.070 0
222 8 n5 n5 236 0.070 1
222 9 n2 n5 221 0.150 0
222 10 n2 n3 240 0.150 0
222 11 n2 n2 250 0.150 1
223 1 n4 n5 98 0.230 0
223 2 n4 n3 129 0.230 1
223 3 n3 n5 196 0.300 0
223 4 n3 n2 216 0.300 0
223 5 n3 n3 249 0.300 1
223 6 n5 n3 191 0.010 0
223 7 n5 n2 195 0.010 0
223 8 n5 n5 237 0.010 1
223 9 n2 n5 220 0.200 0
223 10 n2 n3 240 0.200 0
223 11 n2 n2 248 0.200 1
224 1 n4 n5 98 1.340 0
224 2 n4 n3 129 1.340 1
224 3 n3 n5 196 0.370 0
224 4 n3 n2 213 0.370 0
224 5 n3 n3 250 0.370 1
224 6 n5 n3 191 0.080 0
224 7 n5 n2 193 0.080 0
224 8 n5 n5 238 0.080 1
224 9 n2 n5 218 0.280 0
224 10 n2 n3 240 0.280 0
224 11 n2 n2 245 0.280 1
225 1 n4 n5 105 0.350 0
225 2 n4 n3 133 0.350 1
225 3 n3 n5 0 0.420 0
225 4 n3 n2 213 0.420 0
225 5 n3 n3 250 0.420 1
225 6 n5 n3 194 0.030 0
225 7 n5 n2 193 0.030 0
225 8 n5 n5 238 0.030 1
225 9 n2 n5 218 0.340 0
225 10 n2 n3 240 0.340 0
225 11 n2 n2 243 0.340 1
226 1 n4 n5 105 0.460 0
226 2 n4 n3 135 0.460 1
226 3 n3 n5 0 0.520 0
226 4 n3 n2 212 0.520 0
226 5 n3 n3 251 0.520 1
226 6 n5 n3 194 0.350 0
226 7 n5 n2 195 0.350 0
226 8 n5 n5 238 0.350 1
226 9 n2 n5 218 0.430 0
226 10 n2 n3 242 0.430 1
226 11 n2 n2 241 0.430 0
227 1 n4 n5 0 0.510 0
227 2 n4 n3 133 0.510 1
227 3 n3 n5 0 0.580 0
227 4 n3 n2 210 0.580 0
227 5 n3 n3 252 0.580 1
227 6 n5 n3 194 0.410 0
227 7 n5 n2 195 0.410 0
227 8 n5 n5 239 0.410 1
227 9 n2 n5 220 0.490 0
227 10 n2 n3 245 0.490 1
227 11 n2 n2 239 0.490 0
228 1 n4 n5 0 0.580 0
228 2 n4 n3 131 0.580 1
228 3 n3 n5 0 0.650 0
228 4 n3 n2 206 0.650 0
228 5 n3 n3 253 0.650 1
228 6 n5 n3 196 0.240 0
228 7 n5 n2 193 0.240 0
228 8 n5 n5 241 0.240 1
228 9 n2 n5 221 0.560 0
228 10 n2 n3 245 0.560 1
228 11 n2 n2 238 0.560 0
229 1 n4 n5 0 0.640 0
229 2 n4 n3 130 0.640 1
229 3 n3 n5 0 0.710 0
229 4 n3 n2 205 0.710 0
229 5 n3 n3 254 0.710 1
229 6 n5 n3 199 0.310 0
229 7 n5 n2 194 0.310 0
229 8 n5 n5 242 0.310 1
229 9 n2 n5 220 0.620 0
229 10 n2 n3 245 0.620 1
229 11 n2 n2 237 0.620 0
230 1 n4 n5 0 0.700 0
230 2 n4 n3 128 0.700 1
230 3 n3 n5 0 0.750 0
230 4 n3 n2 206 0.750 0
230 5 n3 n3 255 0.750 1
230 6 n5 n3 199 0.250 0
230 7 n5 n2 194 0.250 0
230 8 n5 n5 244 0.250 1
230 9 n2 n5 219 0.670 0
230 10 n2 n3 245 0.670 1
230 11 n2 n2 237 0.670 0
231 1 n4 n5 0 0.740 0
231 2 n4 n3 128 0.740 1
231 3 n3 n5 0 0.940 0
231 4 n3 n2 206 0.940 0
231 5 n3 n3 255 0.940 1
231 6 n5 n3 200 0.300 0
231 7 n5 n2 194 0.300 0
231 8 n5 n5 246 0.300 1
231 9 n2 n5 216 0.730 0
231 10 n2 n3 245 0.730 1
231 11 n2 n2 237 0.730 0
232 1 n4 n5 0 0.800 0
232 2 n4 n3 128 0.800 1
232 3 n3 n5 0 0.870 0
232 4 n3 n2 208 0.870 0
232 5 n3 n3 255 0.870 1
232 6 n5 n3 200 0.350 0
232 7 n5 n2 196 0.350 0
232 8 n5 n5 248 0.350 1
232 9 n2 n5 213 0.780 0
232 10 n2 n3 245 0.780 1
232 11 n2 n2 238 0.780 0
233 1 n4 n5 0 0.860 0
233 2 n4 n3 129 0.860 1
233 3 n3 n5 0 0.020 0
233 4 n3 n2 208 0.020 0
233 5 n3 n3 255 0.020 1
233 6 n5 n3 200 0.420 0
233 7 n5 n2 196 0.420 0
233 8 n5 n5 249 0.420 1
233 9 n2 n5 210 0.850 0
233 10 n2 n3 245 0.850 1
233 11 n2 n2 239 0.850 0
234 1 n4 n5 0 0.930 0
234 2 n4 n3 129 0.930 1
234 3 n3 n5 0 0.080 0
234 4 n3 n2 208 0.080 0
234 5 n3 n3 253 0.080 1
234 6 n5 n3 200 0.490 0
234 7 n5 n2 0 0.490 0
234 8 n5 n5 250 0.490 1
234 9 n2 n5 209 0.910 0
234 10 n2 n3 245 0.910 1
234 11 n2 n2 240 0.910 0
235 1 n4 n5 0 2.020 0
235 2 n4 n3 129 2.020 1
235 3 n3 n5 0 0.010 0
235 4 n3 n2 208 0.010 0
235 5 n3 n3 250 0.010 1
235 6 n5 n3 200 0.880 0
235 7 n5 n2 0 0.880 0
235 8 n5 n5 250 0.880 1
235 9 n2 n5 209 0.030 0
235 10 n2 n3 245 0.030 1
235 11 n2 n2 241 0.030 0
236 1 n4 n5 0 1.080 0
236 2 n4 n3 128 1.080 1
236 3 n3 n5 0 0.120 0
236 4 n3 n2 207 0.120 0
236 5 n3 n3 248 0.120 1
236 6 n5 n3 195 0.640 0
236 7 n5 n2 0 0.640 0
236 8 n5 n5 250 0.640 1
236 9 n2 n5 207 0.030 0
236 10 n2 n3 232 0.030 0
236 11 n2 n2 240 0.030 1
237 1 n4 n5 0 2.230 0
237 2 n4 n3 128 2.230 1
237 3 n3 n5 0 0.230 0
237 4 n3 n2 206 0.230 0
237 5 n3 n3 244 0.230 1
237 6 n5 n3 192 0.060 0
237 7 n5 n2 0 0.060 0
237 8 n5 n5 249 0.060 1
237 9 n2 n5 205 0.140 0
237 10 n2 n3 230 0.140 0
237 11 n2 n2 239 0.140 1
238 1 n4 n5 0 0.220 0
238 2 n4 n3 127 0.220 1
238 3 n3 n5 0 0.300 0
238 4 n3 n2 205 0.300 0
238 5 n3 n3 241 0.300 1
238 6 n5 n3 190 0.120 0
238 7 n5 n2 0 0.120 0
238 8 n5 n5 249 0.120 1
238 9 n2 n5 203 0.200 0
238 10 n2 n3 229 0.200 0
238 11 n2 n2 238 0.200 1
239 1 n4 n5 0 0.300 0
239 2 n4 n3 126 0.300 1
239 3 n3 n5 0 0.370 0
239 4 n3 n2 205 0.370 0
239 5 n3 n3 239 0.370 1
239 6 n5 n3 188 0.200 0
239 7 n5 n2 0 0.200 0
239 8 n5 n5 249 0.200 1
239 9 n2 n5 203 0.280 0
239 10 n2 n3 228 0.280 0
239 11 n2 n2 238 0.280 1
240 1 n4 n5 0 1.380 0
240 2 n4 n3 126 1.380 1
240 3 n3 n5 0 0.410 0
240 4 n3 n2 206 0.410 0
240 5 n3 n3 239 0.410 1
240 6 n5 n3 190 0.240 0
240 7 n5 n2 0 0.240 0
240 8 n5 n5 249 0.240 1
240 9 n2 n5 203 0.320 0
240 10 n2 n3 229 0.320 0
240 11 n2 n2 238 0.320 1
241 1 n4 n5 0 2.500 0
241 2 n4 n3 126 2.500 1
241 3 n3 n5 0 1.530 0
241 4 n3 n2 206 1.530 0
241 5 n3 n3 239 1.530 1
241 6 n5 n3 190 0.320 0
241 7 n5 n2 0 0.320 0
241 8 n5 n5 249 0.320 1
241 9 n2 n5 204 0.510 0
241 10 n2 n3 229 0.510 0
241 11 n2 n2 239 0.510 1
242 1 n4 n5 0 0.500 0
242 2 n4 n3 128 0.500 1
242 3 n3 n5 0 0.570 0
242 4 n3 n2 207 0.570 0
242 5 n3 n3 240 0.570 1
242 6 n5 n3 191 0.050 0
242 7 n5 n2 0 0.050 0
242 8 n5 n5 250 0.050 1
242 9 n2 n5 204 0.460 0
242 10 n2 n3 234 0.460 0
242 11 n2 n2 240 0.460 1
243 1 n4 n5 0 0.560 0
243 2 n4 n3 130 0.560 1
243 3 n3 n5 0 1.670 0
243 4 n3 n2 207 1.670 0
243 5 n3 n3 240 1.670 1
243 6 n5 n3 190 0.120 0
243 7 n5 n2 0 0.120 0
243 8 n5 n5 249 0.120 1
243 9 n2 n5 204 0.540 0
243 10 n2 n3 236 0.540 0
243 11 n2 n2 242 0.540 1
244 1 n4 n5 0 0.620 0
244 2 n4 n3 134 0.620 1
244 3 n3 n5 0 0.810 0
244 4 n3 n2 208 0.810 0
244 5 n3 n3 242 0.810 1
244 6 n5 n3 192 0.160 0
244 7 n5 n2 0 0.160 0
244 8 n5 n5 249 0.160 1
244 9 n2 n5 0 0.600 0
244 10 n2 n3 237 0.600 0
244 11 n2 n2 243 0.600 1
245 1 n4 n5 0 0.670 0
245 2 n4 n3 136 0.670 1
245 3 n3 n5 0 0.750 0
245 4 n3 n2 210 0.750 0
245 5 n3 n3 245 0.750 1
245 6 n5 n3 193 0.230 0
245 7 n5 n2 0 0.230 0
245 8 n5 n5 249 0.230 1
245 9 n2 n5 0 0.660 0
245 10 n2 n3 238 0.660 0
245 11 n2 n2 244 0.660 1
246 1 n4 n5 0 1.770 0
246 2 n4 n3 136 1.770 1
246 3 n3 n5 0 0.810 0
246 4 n3 n2 213 0.810 0
246 5 n3 n3 247 0.810 1
246 6 n5 n3 196 0.290 0
246 7 n5 n2 0 0.290 0
246 8 n5 n5 249 0.290 1
246 9 n2 n5 0 0.720 0
246 10 n2 n3 240 0.720 0
246 11 n2 n2 245 0.720 1
247 1 n4 n5 0 0.800 0
247 2 n4 n3 141 0.800 1
247 3 n3 n5 0 1.000 0
247 4 n3 n2 213 1.000 0
247 5 n3 n3 249 1.000 1
247 6 n5 n3 196 0.360 0
247 7 n5 n2 0 0.360 0
247 8 n5 n5 249 0.360 1
247 9 n2 n5 0 0.790 0
247 10 n2 n3 240 0.790 0
247 11 n2 n2 246 0.790 1
248 1 n4 n5 0 1.910 0
248 2 n4 n3 141 1.910 1
248 3 n3 n5 0 0.030 0
248 4 n3 n2 213 0.030 0
248 5 n3 n3 251 0.030 1
248 6 n5 n3 197 0.440 0
248 7 n5 n2 0 0.440 0
248 8 n5 n5 250 0.440 1
248 9 n2 n5 0 0.850 0
248 10 n2 n3 241 0.850 0
248 11 n2 n2 246 0.850 1
249 1 n4 n5 0 0.930 0
249 2 n4 n3 143 0.930 1
249 3 n3 n5 0 0.080 0
249 4 n3 n2 213 0.080 0
249 5 n3 n3 251 0.080 1
249 6 n5 n3 197 1.530 0
249 7 n5 n2 0 1.530 0
249 8 n5 n5 250 1.530 1
249 9 n2 n5 0 0.910 0
249 10 n2 n3 243 0.910 0
249 11 n2 n2 246 0.910 1
250 1 n4 n5 0 0.980 0
250 2 n4 n3 145 0.980 1
250 3 n3 n5 0 0.010 0
250 4 n3 n2 216 0.010 0
250 5 n3 n3 251 0.010 1
250 6 n5 n3 199 0.530 0
250 7 n5 n2 0 0.530 0
250 8 n5 n5 251 0.530 1
250 9 n2 n5 0 0.030 0
250 10 n2 n3 242 0.030 0
250 11 n2 n2 247 0.030 1
251 1 n4 n5 0 1.030 0
251 2 n4 n3 147 1.030 1
251 3 n3 n5 0 0.070 0
251 4 n3 n2 219 0.070 0
251 5 n3 n3 251 0.070 1
251 6 n5 n3 199 0.600 0
251 7 n5 n2 0 0.600 0
251 8 n5 n5 251 0.600 1
251 9 n2 n5 0 0.090 0
251 10 n2 n3 240 0.090 0
251 11 n2 n2 248 0.090 1
252 1 n4 n5 0 0.070 0
252 2 n4 n3 148 0.070 1
252 3 n3 n5 0 0.260 0
252 4 n3 n2 220 0.260 0
252 5 n3 n3 250 0.260 1
252 6 n5 n3 198 1.010 0
252 7 n5 n2 0 1.010 0
252 8 n5 n5 251 1.010 1
252 9 n2 n5 0 0.040 0
252 10 n2 n3 238 0.040 0
252 11 n2 n2 247 0.040 1
253 1 n4 n5 0 0.120 0
253 2 n4 n3 148 0.120 1
253 3 n3 n5 0 0.200 0
253 4 n3 n2 218 0.200 0
253 5 n3 n3 248 0.200 1
253 6 n5 n3 196 0.030 0
253 7 n5 n2 0 0.030 0
253 8 n5 n5 251 0.030 1
253 9 n2 n5 0 0.220 0
253 10 n2 n3 238 0.220 0
253 11 n2 n2 247 0.220 1
254 1 n4 n5 0 0.190 0
254 2 n4 n3 146 0.190 1
254 3 n3 n5 0 0.260 0
254 4 n3 n2 216 0.260 0
254 5 n3 n3 247 0.260 1
254 6 n5 n3 194 0.780 0
254 7 n5 n2 0 0.780 0
254 8 n5 n5 251 0.780 1
254 9 n2 n5 0 0.170 0
254 10 n2 n3 231 0.170 0
254 11 n2 n2 248 0.170 1
255 1 n4 n5 0 0.250 0
255 2 n4 n3 145 0.250 1
255 3 n3 n5 0 0.320 0
255 4 n3 n2 216 0.320 0
255 5 n3 n3 246 0.320 1
255 6 n5 n3 194 0.150 0
255 7 n5 n2 0 0.150 0
255 8 n5 n5 251 0.150 1
255 9 n2 n5 0 0.220 0
255 10 n2 n3 230 0.220 0
255 11 n2 n2 248 0.220 1
256 1 n4 n5 0 0.320 0
256 2 n4 n3 144 0.320 1
256 3 n3 n5 0 0.380 0
256 4 n3 n2 215 0.380 0
256 5 n3 n3 244 0.380 1
256 6 n5 n3 192 0.220 0
256 7 n5 n2 0 0.220 0
256 8 n5 n5 252 0.220 1
256 9 n2 n5 0 0.410 0
256 10 n2 n3 227 0.410 0
256 11 n2 n2 247 0.410 1
257 1 n4 n5 0 0.410 0
257 2 n4 n3 143 0.410 1
257 3 n3 n5 0 0.480 0
257 4 n3 n2 214 0.480 0
257 5 n3 n3 242 0.480 1
257 6 n5 n3 191 0.300 0
257 7 n5 n2 0 0.300 0
257 8 n5 n5 253 0.300 1
257 9 n2 n5 0 0.380 0
257 10 n2 n3 223 0.380 0
257 11 n2 n2 247 0.380 1
258 1 n4 n5 0 0.470 0
258 2 n4 n3 144 0.470 1
258 3 n3 n5 0 0.540 0
258 4 n3 n2 214 0.540 0
258 5 n3 n3 240 0.540 1
258 6 n5 n3 190 0.370 0
258 7 n5 n2 0 0.370 0
258 8 n5 n5 254 0.370 1
258 9 n2 n5 0 0.450 0
258 10 n2 n3 215 0.450 0
258 11 n2 n2 247 0.450 1
259 1 n4 n5 0 0.540 0
259 2 n4 n3 145 0.540 1
259 3 n3 n5 0 0.600 0
259 4 n3 n2 215 0.600 0
259 5 n3 n3 238 0.600 1
259 6 n5 n3 191 0.080 0
259 7 n5 n2 0 0.080 0
259 8 n5 n5 255 0.080 1
259 9 n2 n5 0 0.510 0
259 10 n2 n3 215 0.510 0
259 11 n2 n2 246 0.510 1
260 1 n4 n5 0 0.590 0
260 2 n4 n3 146 0.590 1
260 3 n3 n5 0 0.650 0
260 4 n3 n2 215 0.650 0
260 5 n3 n3 237 0.650 1
260 6 n5 n3 193 0.150 0
260 7 n5 n2 0 0.150 0
260 8 n5 n5 255 0.150 1
260 9 n2 n5 0 0.680 0
260 10 n2 n3 215 0.680 0
260 11 n2 n2 245 0.680 1
261 1 n4 n5 0 1.700 0
261 2 n4 n3 146 1.700 1
261 3 n3 n5 0 0.730 0
261 4 n3 n2 213 0.730 0
261 5 n3 n3 236 0.730 1
261 6 n5 n3 193 0.200 0
261 7 n5 n2 0 0.200 0
261 8 n5 n5 255 0.200 1
261 9 n2 n5 0 0.640 0
261 10 n2 n3 213 0.640 0
261 11 n2 n2 243 0.640 1
262 1 n4 n5 0 0.720 0
262 2 n4 n3 147 0.720 1
262 3 n3 n5 0 0.780 0
262 4 n3 n2 211 0.780 0
262 5 n3 n3 236 0.780 1
262 6 n5 n3 196 0.260 0
262 7 n5 n2 0 0.260 0
262 8 n5 n5 255 0.260 1
262 9 n2 n5 0 0.690 0
262 10 n2 n3 213 0.690 0
262 11 n2 n2 242 0.690 1
263 1 n4 n5 0 0.770 0
263 2 n4 n3 149 0.770 1
263 3 n3 n5 0 0.850 0
263 4 n3 n2 210 0.850 0
263 5 n3 n3 237 0.850 1
263 6 n5 n3 198 0.330 0
263 7 n5 n2 0 0.330 0
263 8 n5 n5 255 0.330 1
263 9 n2 n5 0 0.750 0
263 10 n2 n3 213 0.750 0
263 11 n2 n2 240 0.750 1
264 1 n4 n5 0 0.830 0
264 2 n4 n3 150 0.830 1
264 3 n3 n5 0 0.890 0
264 4 n3 n2 212 0.890 0
264 5 n3 n3 239 0.890 1
264 6 n5 n3 198 0.380 0
264 7 n5 n2 0 0.380 0
264 8 n5 n5 255 0.380 1
264 9 n2 n5 0 0.810 0
264 10 n2 n3 216 0.810 0
264 11 n2 n2 239 0.810 1
265 1 n4 n5 0 0.890 0
265 2 n4 n3 150 0.890 1
265 3 n3 n5 0 0.970 0
265 4 n3 n2 214 0.970 0
265 5 n3 n3 241 0.970 1
265 6 n5 n3 197 0.790 0
265 7 n5 n2 0 0.790 0
265 8 n5 n5 255 0.790 1
265 9 n2 n5 0 0.870 0
265 10 n2 n3 216 0.870 0
265 11 n2 n2 239 0.870 1
266 1 n4 n5 0 1.980 0
266 2 n4 n3 150 1.980 1
266 3 n3 n5 0 0.080 0
266 4 n3 n2 217 0.080 0
266 5 n3 n3 243 0.080 1
266 6 n5 n3 197 0.840 0
266 7 n5 n2 0 0.840 0
266 8 n5 n5 255 0.840 1
266 9 n2 n5 0 0.830 0
266 10 n2 n3 217 0.830 0
266 11 n2 n2 240 0.830 1
267 1 n4 n5 0 1.010 0
267 2 n4 n3 149 1.010 1
267 3 n3 n5 0 0.050 0
267 4 n3 n2 223 0.050 0
267 5 n3 n3 243 0.050 1
267 6 n5 n3 193 0.920 0
267 7 n5 n2 0 0.920 0
267 8 n5 n5 255 0.920 1
267 9 n2 n5 0 0.070 0
267 10 n2 n3 214 0.070 0
267 11 n2 n2 244 0.070 1
268 1 n4 n5 0 0.030 0
268 2 n4 n3 146 0.030 1
268 3 n3 n5 0 0.220 0
268 4 n3 n2 226 0.220 0
268 5 n3 n3 242 0.220 1
268 6 n5 n3 186 0.630 0
268 7 n5 n2 0 0.630 0
268 8 n5 n5 255 0.630 1
268 9 n2 n5 0 0.010 0
268 10 n2 n3 213 0.010 0
268 11 n2 n2 249 0.010 1
269 1 n4 n5 0 0.100 0
269 2 n4 n3 141 0.100 1
269 3 n3 n5 0 0.180 0
269 4 n3 n2 230 0.180 0
269 5 n3 n3 241 0.180 1
269 6 n5 n3 185 0.010 0
269 7 n5 n2 0 0.010 0
269 8 n5 n5 255 0.010 1
269 9 n2 n5 0 0.090 0
269 10 n2 n3 215 0.090 0
269 11 n2 n2 253 0.090 1
270 1 n4 n5 0 0.160 0
270 2 n4 n3 137 0.160 1
270 3 n3 n5 0 0.240 0
270 4 n3 n2 233 0.240 0
270 5 n3 n3 242 0.240 1
270 6 n5 n3 186 0.060 0
270 7 n5 n2 0 0.060 0
270 8 n5 n5 255 0.060 1
270 9 n2 n5 0 0.140 0
270 10 n2 n3 216 0.140 0
270 11 n2 n2 253 0.140 1
271 1 n4 n5 0 0.230 0
271 2 n4 n3 134 0.230 1
271 3 n3 n5 0 0.300 0
271 4 n3 n2 233 0.300 0
271 5 n3 n3 243 0.300 1
271 6 n5 n3 186 0.130 0
271 7 n5 n2 0 0.130 0
271 8 n5 n5 255 0.130 1
271 9 n2 n5 0 0.320 0
271 10 n2 n3 217 0.320 0
271 11 n2 n2 254 0.320 1
272 1 n4 n5 0 0.290 0
272 2 n4 n3 133 0.290 1
272 3 n3 n5 0 0.480 0
272 4 n3 n2 233 0.480 0
272 5 n3 n3 243 0.480 1
272 6 n5 n3 188 0.190 0
272 7 n5 n2 0 0.190 0
272 8 n5 n5 255 0.190 1
272 9 n2 n5 0 0.270 0
272 10 n2 n3 216 0.270 0
272 11 n2 n2 255 0.270 1
273 1 n4 n5 0 0.370 0
273 2 n4 n3 135 0.370 1
273 3 n3 n5 0 0.440 0
273 4 n3 n2 233 0.440 0
273 5 n3 n3 243 0.440 1
273 6 n5 n3 185 0.270 0
273 7 n5 n2 0 0.270 0
273 8 n5 n5 255 0.270 1
273 9 n2 n5 0 0.350 0
273 10 n2 n3 217 0.350 0
273 11 n2 n2 255 0.350 1
274 1 n4 n5 0 0.430 0
274 2 n4 n3 138 0.430 1
274 3 n3 n5 0 0.500 0
274 4 n3 n2 233 0.500 0
274 5 n3 n3 243 0.500 1
274 6 n5 n3 185 0.330 0
274 7 n5 n2 0 0.330 0
274 8 n5 n5 255 0.330 1
274 9 n2 n5 0 0.410 0
274 10 n2 n3 214 0.410 0
274 11 n2 n2 255 0.410 1
275 1 n4 n5 0 0.490 0
275 2 n4 n3 140 0.490 1
275 3 n3 n5 0 0.560 0
275 4 n3 n2 233 0.560 0
275 5 n3 n3 242 0.560 1
275 6 n5 n3 175 0.040 0
275 7 n5 n2 0 0.040 0
275 8 n5 n5 255 0.040 1
275 9 n2 n5 0 0.480 0
275 10 n2 n3 213 0.480 0
275 11 n2 n2 255 0.480 1
276 1 n4 n5 0 1.590 0
276 2 n4 n3 140 1.590 1
276 3 n3 n5 0 0.620 0
276 4 n3 n2 233 0.620 0
276 5 n3 n3 242 0.620 1
276 6 n5 n3 175 0.100 0
276 7 n5 n2 0 0.100 0
276 8 n5 n5 255 0.100 1
276 9 n2 n5 0 0.530 0
276 10 n2 n3 212 0.530 0
276 11 n2 n2 255 0.530 1
277 1 n4 n5 0 0.630 0
277 2 n4 n3 138 0.630 1
277 3 n3 n5 0 0.820 0
277 4 n3 n2 233 0.820 0
277 5 n3 n3 242 0.820 1
277 6 n5 n3 175 0.180 0
277 7 n5 n2 0 0.180 0
277 8 n5 n5 255 0.180 1
277 9 n2 n5 0 0.610 0
277 10 n2 n3 212 0.610 0
277 11 n2 n2 255 0.610 1
278 1 n4 n5 0 0.680 0
278 2 n4 n3 137 0.680 1
278 3 n3 n5 0 0.760 0
278 4 n3 n2 233 0.760 0
278 5 n3 n3 242 0.760 1
278 6 n5 n3 173 0.240 0
278 7 n5 n2 0 0.240 0
278 8 n5 n5 255 0.240 1
278 9 n2 n5 0 0.660 0
278 10 n2 n3 212 0.660 0
278 11 n2 n2 255 0.660 1
279 1 n4 n5 0 0.750 0
279 2 n4 n3 135 0.750 1
279 3 n3 n5 0 0.820 0
279 4 n3 n2 233 0.820 0
279 5 n3 n3 242 0.820 1
279 6 n5 n3 170 0.300 0
279 7 n5 n2 0 0.300 0
279 8 n5 n5 254 0.300 1
279 9 n2 n5 0 0.730 0
279 10 n2 n3 212 0.730 0
279 11 n2 n2 255 0.730 1
280 1 n4 n5 0 0.810 0
280 2 n4 n3 130 0.810 1
280 3 n3 n5 0 0.890 0
280 4 n3 n2 233 0.890 0
280 5 n3 n3 241 0.890 1
280 6 n5 n3 168 0.710 0
280 7 n5 n2 0 0.710 0
280 8 n5 n5 253 0.710 1
280 9 n2 n5 0 0.790 0
280 10 n2 n3 210 0.790 0
280 11 n2 n2 255 0.790 1
281 1 n4 n5 0 1.910 0
281 2 n4 n3 130 1.910 1
281 3 n3 n5 0 0.020 0
281 4 n3 n2 233 0.020 0
281 5 n3 n3 238 0.020 1
281 6 n5 n3 162 0.420 0
281 7 n5 n2 0 0.420 0
281 8 n5 n5 252 0.420 1
281 9 n2 n5 0 0.960 0
281 10 n2 n3 210 0.960 0
281 11 n2 n2 255 0.960 1
282 1 n4 n5 0 0.910 0
282 2 n4 n3 126 0.910 1
282 3 n3 n5 0 0.070 0
282 4 n3 n2 233 0.070 0
282 5 n3 n3 236 0.070 1
282 6 n5 n3 158 0.470 0
282 7 n5 n2 0 0.470 0
282 8 n5 n5 251 0.470 1
282 9 n2 n5 0 0.890 0
282 10 n2 n3 204 0.890 0
282 11 n2 n2 255 0.890 1
283 1 n4 n5 0 0.970 0
283 2 n4 n3 126 0.970 1
283 3 n3 n5 0 0.000 0
283 4 n3 n2 233 0.000 0
283 5 n3 n3 234 0.000 1
283 6 n5 n3 158 0.870 0
283 7 n5 n2 0 0.870 0
283 8 n5 n5 250 0.870 1
283 9 n2 n5 0 0.020 0
283 10 n2 n3 201 0.020 0
283 11 n2 n2 255 0.020 1
284 1 n4 n5 0 1.040 0
284 2 n4 n3 125 1.040 1
284 3 n3 n5 0 0.070 0
284 4 n3 n2 233 0.070 1
284 5 n3 n3 233 0.070 0
284 6 n5 n3 157 0.590 0
284 7 n5 n2 0 0.590 0
284 8 n5 n5 250 0.590 1
284 9 n2 n5 0 1.130 0
284 10 n2 n3 201 1.130 0
284 11 n2 n2 255 1.130 1
285 1 n4 n5 0 0.060 0
285 2 n4 n3 125 0.060 1
285 3 n3 n5 0 0.250 0
285 4 n3 n2 233 0.250 1
285 5 n3 n3 232 0.250 0
285 6 n5 n3 156 0.650 0
285 7 n5 n2 0 0.650 0
285 8 n5 n5 250 0.650 1
285 9 n2 n5 0 0.040 0
285 10 n2 n3 200 0.040 0
285 11 n2 n2 255 0.040 1
286 1 n4 n2 135 0.000 1
286 2 n4 n5 0 0.000 0
286 3 n4 n3 128 0.000 0
286 4 n3 n5 0 0.190 0
286 5 n3 n2 234 0.190 1
286 6 n3 n3 232 0.190 0
286 7 n5 n3 152 0.020 0
286 8 n5 n2 0 0.020 0
286 9 n5 n5 249 0.020 1
286 10 n2 n5 0 0.110 0
286 11 n2 n3 199 0.110 0
286 12 n2 n2 255 0.110 1
287 1 n4 n2 137 0.060 1
287 2 n4 n5 0 0.060 0
287 3 n4 n3 131 0.060 0
287 4 n3 n5 0 0.250 0
287 5 n3 n2 237 0.250 1
287 6 n3 n3 232 0.250 0
287 7 n5 n3 149 0.080 0
287 8 n5 n2 0 0.080 0
287 9 n5 n5 248 0.080 1
287 10 n2 n5 0 0.170 0
287 11 n2 n3 198 0.170 0
287 12 n2 n2 255 0.170 1
288 1 n4 n2 140 0.130 1
288 2 n4 n5 0 0.130 0
288 3 n4 n3 134 0.130 0
288 4 n3 n5 0 0.330 0
288 5 n3 n2 239 0.330 1
288 6 n3 n3 232 0.330 0
288 7 n5 n3 149 0.150 0
288 8 n5 n2 0 0.150 0
288 9 n5 n5 247 0.150 1
288 10 n2 n5 0 0.230 0
288 11 n2 n3 198 0.230 0
288 12 n2 n2 255 0.230 1
289 1 n4 n2 143 0.220 1
289 2 n4 n5 0 0.220 0
289 3 n4 n3 137 0.220 0
289 4 n3 n5 0 0.410 0
289 5 n3 n2 241 0.410 1
289 6 n3 n3 232 0.410 0
289 7 n5 n3 149 0.240 0
289 8 n5 n2 0 0.240 0
289 9 n5 n5 246 0.240 1
289 10 n2 n5 0 0.320 0
289 11 n2 n3 198 0.320 0
289 12 n2 n2 255 0.320 1
290 1 n4 n2 144 0.400 1
290 2 n4 n5 0 0.400 0
290 3 n4 n3 140 0.400 0
290 4 n3 n5 0 0.480 0
290 5 n3 n2 241 0.480 1
290 6 n3 n3 233 0.480 0
290 7 n5 n3 149 0.300 0
290 8 n5 n2 0 0.300 0
290 9 n5 n5 246 0.300 1
290 10 n2 n5 0 0.490 0
290 11 n2 n3 198 0.490 0
290 12 n2 n2 255 0.490 1
291 1 n4 n2 147 0.350 1
291 2 n4 n5 0 0.350 0
291 3 n4 n3 142 0.350 0
291 4 n3 n5 0 0.550 0
291 5 n3 n2 241 0.550 1
291 6 n3 n3 233 0.550 0
291 7 n5 n3 149 0.370 0
291 8 n5 n2 0 0.370 0
291 9 n5 n5 246 0.370 1
291 10 n2 n5 0 0.450 0
291 11 n2 n3 199 0.450 0
291 12 n2 n2 255 0.450 1
292 1 n4 n2 145 0.410 1
292 2 n4 n5 0 0.410 0
292 3 n4 n3 143 0.410 0
292 4 n3 n5 0 0.730 0
292 5 n3 n2 241 0.730 1
292 6 n3 n3 234 0.730 0
292 7 n5 n3 149 0.320 0
292 8 n5 n2 196 0.320 0
292 9 n5 n5 246 0.320 1
292 10 n2 n5 0 0.530 0
292 11 n2 n3 201 0.530 0
292 12 n2 n2 255 0.530 1
293 1 n4 n2 145 0.480 1
293 2 n4 n5 0 0.480 0
293 3 n4 n3 144 0.480 0
293 4 n3 n5 0 0.670 0
293 5 n3 n2 242 0.670 1
293 6 n3 n3 235 0.670 0
293 7 n5 n3 152 0.270 0
293 8 n5 n2 196 0.270 0
293 9 n5 n5 246 0.270 1
293 10 n2 n5 0 0.580 0
293 11 n2 n3 199 0.580 0
293 12 n2 n2 255 0.580 1
294 1 n4 n2 144 0.550 1
294 2 n4 n5 0 0.550 0
294 3 n4 n3 143 0.550 0
294 4 n3 n5 0 0.740 0
294 5 n3 n2 245 0.740 1
294 6 n3 n3 236 0.740 0
294 7 n5 n3 155 0.340 0
294 8 n5 n2 196 0.340 0
294 9 n5 n5 246 0.340 1
294 10 n2 n5 0 0.650 0
294 11 n2 n3 198 0.650 0
294 12 n2 n2 255 0.650 1
295 1 n4 n2 143 0.610 1
295 2 n4 n5 0 0.610 0
295 3 n4 n3 142 0.610 0
295 4 n3 n5 0 0.920 0
295 5 n3 n2 245 0.920 1
295 6 n3 n3 238 0.920 0
295 7 n5 n3 156 0.400 0
295 8 n5 n2 197 0.400 0
295 9 n5 n5 246 0.400 1
295 10 n2 n5 0 0.710 0
295 11 n2 n3 198 0.710 0
295 12 n2 n2 255 0.710 1
296 1 n4 n2 142 0.790 1
296 2 n4 n5 0 0.790 0
296 3 n4 n3 141 0.790 0
296 4 n3 n5 0 0.870 0
296 5 n3 n2 245 0.870 1
296 6 n3 n3 238 0.870 0
296 7 n5 n3 158 0.450 0
296 8 n5 n2 198 0.450 0
296 9 n5 n5 246 0.450 1
296 10 n2 n5 0 0.770 0
296 11 n2 n3 199 0.770 0
296 12 n2 n2 255 0.770 1
297 1 n4 n2 142 0.740 1
297 2 n4 n5 0 0.740 0
297 3 n4 n3 141 0.740 0
297 4 n3 n5 0 0.010 0
297 5 n3 n2 245 0.010 1
297 6 n3 n3 240 0.010 0
297 7 n5 n3 159 0.540 0
297 8 n5 n2 199 0.540 0
297 9 n5 n5 246 0.540 1
297 10 n2 n5 0 0.840 0
297 11 n2 n3 201 0.840 0
297 12 n2 n2 255 0.840 1
298 1 n4 n2 140 0.800 1
298 2 n4 n5 0 0.800 0
298 3 n4 n3 140 0.800 0
298 4 n3 n5 0 0.070 0
298 5 n3 n2 245 0.070 1
298 6 n3 n3 241 0.070 0
298 7 n5 n3 160 0.700 0
298 8 n5 n2 200 0.700 0
298 9 n5 n5 246 0.700 1
298 10 n2 n5 0 1.010 0
298 11 n2 n3 201 1.010 0
298 12 n2 n2 255 1.010 1
299 1 n4 n2 138 0.870 1
299 2 n4 n5 0 0.870 0
299 3 n4 n3 140 0.870 0
299 4 n3 n5 0 0.020 0
299 5 n3 n2 241 0.020 1
299 6 n3 n3 241 0.020 0
299 7 n5 n3 163 0.660 0
299 8 n5 n2 201 0.660 0
299 9 n5 n5 247 0.660 1
299 10 n2 n5 0 0.040 0
299 11 n2 n3 202 0.040 0
299 12 n2 n2 255 0.040 1
300 1 n4 n2 138 0.010 0
300 2 n4 n5 0 0.010 0
300 3 n4 n3 142 0.010 1
300 4 n3 n5 0 0.200 0
300 5 n3 n2 241 0.200 0
300 6 n3 n3 242 0.200 1
300 7 n5 n3 167 0.720 0
300 8 n5 n2 202 0.720 0
300 9 n5 n5 248 0.720 1
300 10 n2 n5 0 0.100 0
300 11 n2 n3 205 0.100 0
300 12 n2 n2 255 0.100 1
