PING n5 (00:00:0d:18:08:05) 116(144) bytes of data
116 bytes from n5 icmp_seq=1 ttl=48 time=0.06 ms
RR: 	n1
	n3
	n4
	n3
	n2
	n1

116 bytes from n5 icmp_seq=2 ttl=48 time=0.01 ms	(same route)
116 bytes from n5 icmp_seq=3 ttl=48 time=0.02 ms	(same route)
116 bytes from n5 icmp_seq=4 ttl=49 time=0.01 ms
RR: 	n1
	n3
	n4
	n3
	n1

116 bytes from n5 icmp_seq=5 ttl=49 time=0.01 ms	(same route)
116 bytes from n5 icmp_seq=6 ttl=47 time=0.02 ms
RR: 	n1
	n3
	n4
	n3
	n2
	n5
	n5
	n1

116 bytes from n5 icmp_seq=7 ttl=47 time=0.02 ms	(same route)
116 bytes from n5 icmp_seq=8 ttl=49 time=0.02 ms
RR: 	n1
	n3
	n4
	n3
	n1

116 bytes from n5 icmp_seq=9 ttl=49 time=0.01 ms	(same route)
116 bytes from n5 icmp_seq=10 ttl=49 time=0.02 ms	(same route)
116 bytes from n5 icmp_seq=11 ttl=49 time=0.01 ms	(same route)
116 bytes from n5 icmp_seq=12 ttl=49 time=0.02 ms	(same route)
116 bytes from n5 icmp_seq=13 ttl=49 time=0.01 ms	(same route)
116 bytes from n5 icmp_seq=14 ttl=49 time=0.01 ms	(same route)
116 bytes from n5 icmp_seq=15 ttl=49 time=0.01 ms	(same route)
116 bytes from n5 icmp_seq=16 ttl=49 time=0.02 ms	(same route)
116 bytes from n5 icmp_seq=17 ttl=49 time=0.01 ms	(same route)
116 bytes from n5 icmp_seq=18 ttl=49 time=0.02 ms	(same route)
116 bytes from n5 icmp_seq=19 ttl=49 time=0.02 ms	(same route)
116 bytes from n5 icmp_seq=20 ttl=49 time=0.02 ms	(same route)
116 bytes from n5 icmp_seq=21 ttl=49 time=0.02 ms	(same route)
116 bytes from n5 icmp_seq=22 ttl=50 time=5.71 ms
RR: 	n1
	n5
	n5
	n1

116 bytes from n5 icmp_seq=23 ttl=50 time=1.61 ms	(same route)
116 bytes from n5 icmp_seq=24 ttl=49 time=1.23 ms
RR: 	n1
	n3
	n4
	n3
	n1

116 bytes from n5 icmp_seq=25 ttl=50 time=4.89 ms
RR: 	n1
	n5
	n5
	n1

116 bytes from n5 icmp_seq=26 ttl=50 time=1.04 ms	(same route)
116 bytes from n5 icmp_seq=27 ttl=50 time=1.05 ms	(same route)
116 bytes from n5 icmp_seq=28 ttl=50 time=4.10 ms	(same route)
116 bytes from n5 icmp_seq=29 ttl=50 time=5.19 ms	(same route)
116 bytes from n5 icmp_seq=30 ttl=50 time=1.06 ms	(same route)
116 bytes from n5 icmp_seq=31 ttl=50 time=1.09 ms	(same route)
116 bytes from n5 icmp_seq=32 ttl=50 time=1.13 ms	(same route)
116 bytes from n5 icmp_seq=33 ttl=50 time=2.15 ms	(same route)
116 bytes from n5 icmp_seq=34 ttl=50 time=3.47 ms	(same route)
116 bytes from n5 icmp_seq=35 ttl=50 time=1.05 ms	(same route)
116 bytes from n5 icmp_seq=36 ttl=50 time=1.23 ms	(same route)
116 bytes from n5 icmp_seq=37 ttl=50 time=1.04 ms	(same route)
116 bytes from n5 icmp_seq=38 ttl=50 time=1.14 ms	(same route)
116 bytes from n5 icmp_seq=39 ttl=50 time=1.06 ms	(same route)
116 bytes from n5 icmp_seq=40 ttl=50 time=1.05 ms	(same route)
116 bytes from n5 icmp_seq=41 ttl=50 time=2.18 ms	(same route)
116 bytes from n5 icmp_seq=42 ttl=50 time=1.06 ms	(same route)
116 bytes from n5 icmp_seq=43 ttl=50 time=3.53 ms	(same route)
116 bytes from n5 icmp_seq=44 ttl=50 time=1.07 ms	(same route)
116 bytes from n5 icmp_seq=45 ttl=50 time=1.37 ms	(same route)
116 bytes from n5 icmp_seq=46 ttl=50 time=1.04 ms	(same route)
116 bytes from n5 icmp_seq=47 ttl=50 time=1.08 ms	(same route)
116 bytes from n5 icmp_seq=48 ttl=50 time=2.20 ms	(same route)
116 bytes from n5 icmp_seq=49 ttl=50 time=1.31 ms	(same route)
116 bytes from n5 icmp_seq=50 ttl=50 time=4.72 ms	(same route)
116 bytes from n5 icmp_seq=51 ttl=50 time=1.04 ms	(same route)
116 bytes from n5 icmp_seq=52 ttl=50 time=1.08 ms	(same route)
116 bytes from n5 icmp_seq=53 ttl=50 time=1.98 ms	(same route)
116 bytes from n5 icmp_seq=54 ttl=49 time=36.58 ms
RR: 	n1
	n3
	n4
	n3
	n1

116 bytes from n5 icmp_seq=55 ttl=50 time=1.42 ms
RR: 	n1
	n5
	n5
	n1

116 bytes from n5 icmp_seq=56 ttl=50 time=13.09 ms	(same route)
116 bytes from n5 icmp_seq=57 ttl=50 time=3.81 ms	(same route)
116 bytes from n5 icmp_seq=58 ttl=49 time=33.42 ms
RR: 	n1
	n3
	n4
	n3
	n1

116 bytes from n5 icmp_seq=59 ttl=50 time=37.96 ms
RR: 	n1
	n5
	n5
	n1

116 bytes from n5 icmp_seq=60 ttl=49 time=29.86 ms
RR: 	n1
	n3
	n4
	n3
	n1

116 bytes from n5 icmp_seq=61 ttl=50 time=1.15 ms
RR: 	n1
	n5
	n5
	n1

116 bytes from n5 icmp_seq=62 ttl=49 time=49.30 ms
RR: 	n1
	n3
	n4
	n3
	n1

116 bytes from n5 icmp_seq=63 ttl=49 time=28.30 ms	(same route)
116 bytes from n5 icmp_seq=64 ttl=49 time=0.02 ms	(same route)
116 bytes from n5 icmp_seq=65 ttl=49 time=0.01 ms	(same route)
116 bytes from n5 icmp_seq=66 ttl=49 time=0.01 ms	(same route)
116 bytes from n5 icmp_seq=67 ttl=49 time=0.01 ms	(same route)
116 bytes from n5 icmp_seq=68 ttl=49 time=0.02 ms	(same route)
116 bytes from n5 icmp_seq=69 ttl=49 time=0.02 ms	(same route)
116 bytes from n5 icmp_seq=70 ttl=49 time=0.02 ms	(same route)
116 bytes from n5 icmp_seq=71 ttl=49 time=0.02 ms	(same route)
116 bytes from n5 icmp_seq=72 ttl=49 time=0.02 ms	(same route)
116 bytes from n5 icmp_seq=73 ttl=49 time=0.02 ms	(same route)
116 bytes from n5 icmp_seq=74 ttl=49 time=0.01 ms	(same route)
116 bytes from n5 icmp_seq=75 ttl=49 time=0.02 ms	(same route)
116 bytes from n5 icmp_seq=76 ttl=49 time=0.02 ms	(same route)
116 bytes from n5 icmp_seq=77 ttl=49 time=0.02 ms	(same route)
116 bytes from n5 icmp_seq=78 ttl=49 time=0.01 ms	(same route)
116 bytes from n5 icmp_seq=79 ttl=49 time=0.02 ms	(same route)
116 bytes from n5 icmp_seq=80 ttl=49 time=0.01 ms	(same route)
116 bytes from n5 icmp_seq=81 ttl=49 time=0.02 ms	(same route)
116 bytes from n5 icmp_seq=82 ttl=49 time=0.01 ms	(same route)
116 bytes from n5 icmp_seq=83 ttl=49 time=0.02 ms	(same route)
116 bytes from n5 icmp_seq=84 ttl=49 time=0.02 ms	(same route)
116 bytes from n5 icmp_seq=85 ttl=49 time=0.02 ms	(same route)
116 bytes from n5 icmp_seq=86 ttl=49 time=0.02 ms	(same route)
116 bytes from n5 icmp_seq=87 ttl=49 time=0.02 ms	(same route)
116 bytes from n5 icmp_seq=88 ttl=49 time=0.02 ms	(same route)
116 bytes from n5 icmp_seq=89 ttl=49 time=0.02 ms	(same route)
116 bytes from n5 icmp_seq=90 ttl=49 time=0.02 ms	(same route)
116 bytes from n5 icmp_seq=91 ttl=49 time=0.02 ms	(same route)
116 bytes from n5 icmp_seq=92 ttl=49 time=0.01 ms	(same route)
116 bytes from n5 icmp_seq=93 ttl=49 time=0.02 ms	(same route)
116 bytes from n5 icmp_seq=94 ttl=49 time=0.02 ms	(same route)
116 bytes from n5 icmp_seq=95 ttl=49 time=0.02 ms	(same route)
116 bytes from n5 icmp_seq=96 ttl=49 time=0.02 ms	(same route)
116 bytes from n5 icmp_seq=97 ttl=49 time=0.02 ms	(same route)
116 bytes from n5 icmp_seq=98 ttl=49 time=0.06 ms	(same route)
116 bytes from n5 icmp_seq=99 ttl=49 time=0.06 ms	(same route)
116 bytes from n5 icmp_seq=100 ttl=49 time=0.06 ms	(same route)
116 bytes from n5 icmp_seq=101 ttl=49 time=0.06 ms	(same route)
116 bytes from n5 icmp_seq=102 ttl=49 time=0.06 ms	(same route)
116 bytes from n5 icmp_seq=103 ttl=49 time=0.06 ms	(same route)
116 bytes from n5 icmp_seq=104 ttl=49 time=0.01 ms	(same route)
116 bytes from n5 icmp_seq=105 ttl=49 time=25.43 ms	(same route)
116 bytes from n5 icmp_seq=106 ttl=49 time=0.02 ms	(same route)
116 bytes from n5 icmp_seq=107 ttl=49 time=0.01 ms	(same route)
116 bytes from n5 icmp_seq=108 ttl=49 time=0.02 ms	(same route)
116 bytes from n5 icmp_seq=109 ttl=49 time=0.02 ms	(same route)
116 bytes from n5 icmp_seq=110 ttl=49 time=0.02 ms	(same route)
116 bytes from n5 icmp_seq=111 ttl=49 time=0.01 ms	(same route)
116 bytes from n5 icmp_seq=112 ttl=49 time=0.02 ms	(same route)
116 bytes from n5 icmp_seq=113 ttl=49 time=0.01 ms	(same route)
116 bytes from n5 icmp_seq=114 ttl=49 time=0.06 ms	(same route)
116 bytes from n5 icmp_seq=115 ttl=49 time=407.40 ms	(same route)
116 bytes from n5 icmp_seq=116 ttl=49 time=0.06 ms	(same route)
116 bytes from n5 icmp_seq=117 ttl=49 time=165.31 ms	(same route)
116 bytes from n5 icmp_seq=118 ttl=49 time=257.80 ms	(same route)
116 bytes from n5 icmp_seq=119 ttl=49 time=447.86 ms	(same route)
116 bytes from n5 icmp_seq=120 ttl=49 time=129.10 ms	(same route)
116 bytes from n5 icmp_seq=121 ttl=49 time=64.03 ms	(same route)
116 bytes from n5 icmp_seq=122 ttl=49 time=0.06 ms	(same route)
116 bytes from n5 icmp_seq=123 ttl=49 time=0.06 ms	(same route)
116 bytes from n5 icmp_seq=124 ttl=49 time=0.06 ms	(same route)
116 bytes from n5 icmp_seq=125 ttl=49 time=0.06 ms	(same route)
116 bytes from n5 icmp_seq=126 ttl=49 time=0.02 ms	(same route)
116 bytes from n5 icmp_seq=127 ttl=49 time=0.06 ms	(same route)
116 bytes from n5 icmp_seq=128 ttl=49 time=0.06 ms	(same route)
116 bytes from n5 icmp_seq=129 ttl=49 time=73.56 ms	(same route)
116 bytes from n5 icmp_seq=130 ttl=49 time=0.31 ms	(same route)
116 bytes from n5 icmp_seq=131 ttl=49 time=0.06 ms	(same route)
116 bytes from n5 icmp_seq=132 ttl=49 time=2.76 ms	(same route)
116 bytes from n5 icmp_seq=133 ttl=49 time=11.29 ms	(same route)
116 bytes from n5 icmp_seq=134 ttl=49 time=0.06 ms	(same route)
116 bytes from n5 icmp_seq=135 ttl=49 time=0.02 ms	(same route)
116 bytes from n5 icmp_seq=136 ttl=49 time=0.02 ms	(same route)
116 bytes from n5 icmp_seq=137 ttl=49 time=0.01 ms	(same route)
116 bytes from n5 icmp_seq=138 ttl=49 time=7.52 ms	(same route)
116 bytes from n5 icmp_seq=139 ttl=49 time=0.01 ms	(same route)
116 bytes from n5 icmp_seq=140 ttl=49 time=0.02 ms	(same route)
116 bytes from n5 icmp_seq=141 ttl=49 time=0.02 ms	(same route)
116 bytes from n5 icmp_seq=142 ttl=49 time=0.06 ms	(same route)
116 bytes from n5 icmp_seq=143 ttl=49 time=0.03 ms	(same route)
116 bytes from n5 icmp_seq=144 ttl=49 time=0.02 ms	(same route)
116 bytes from n5 icmp_seq=145 ttl=49 time=0.01 ms	(same route)
116 bytes from n5 icmp_seq=146 ttl=49 time=0.87 ms	(same route)
116 bytes from n5 icmp_seq=147 ttl=49 time=31.08 ms	(same route)
116 bytes from n5 icmp_seq=148 ttl=49 time=0.01 ms	(same route)
116 bytes from n5 icmp_seq=149 ttl=49 time=0.02 ms	(same route)
116 bytes from n5 icmp_seq=150 ttl=49 time=0.02 ms	(same route)
116 bytes from n5 icmp_seq=151 ttl=49 time=0.02 ms	(same route)
116 bytes from n5 icmp_seq=152 ttl=49 time=0.02 ms	(same route)
116 bytes from n5 icmp_seq=153 ttl=49 time=0.02 ms	(same route)
116 bytes from n5 icmp_seq=154 ttl=49 time=0.02 ms	(same route)
116 bytes from n5 icmp_seq=155 ttl=49 time=0.02 ms	(same route)
116 bytes from n5 icmp_seq=156 ttl=49 time=0.02 ms	(same route)
116 bytes from n5 icmp_seq=157 ttl=49 time=0.02 ms	(same route)
116 bytes from n5 icmp_seq=158 ttl=49 time=0.02 ms	(same route)
116 bytes from n5 icmp_seq=159 ttl=49 time=0.01 ms	(same route)
116 bytes from n5 icmp_seq=160 ttl=49 time=0.02 ms	(same route)
116 bytes from n5 icmp_seq=161 ttl=49 time=0.02 ms	(same route)
116 bytes from n5 icmp_seq=162 ttl=49 time=0.01 ms	(same route)
116 bytes from n5 icmp_seq=163 ttl=49 time=0.01 ms	(same route)
116 bytes from n5 icmp_seq=164 ttl=49 time=0.02 ms	(same route)
116 bytes from n5 icmp_seq=165 ttl=49 time=0.02 ms	(same route)
116 bytes from n5 icmp_seq=166 ttl=49 time=0.01 ms	(same route)
116 bytes from n5 icmp_seq=167 ttl=49 time=0.02 ms	(same route)
116 bytes from n5 icmp_seq=168 ttl=49 time=0.02 ms	(same route)
116 bytes from n5 icmp_seq=169 ttl=49 time=0.01 ms	(same route)
116 bytes from n5 icmp_seq=170 ttl=49 time=0.02 ms	(same route)
116 bytes from n5 icmp_seq=171 ttl=49 time=0.02 ms	(same route)
116 bytes from n5 icmp_seq=172 ttl=49 time=0.02 ms	(same route)
116 bytes from n5 icmp_seq=173 ttl=49 time=0.02 ms	(same route)
116 bytes from n5 icmp_seq=174 ttl=49 time=0.13 ms	(same route)
116 bytes from n5 icmp_seq=175 ttl=49 time=0.02 ms	(same route)
116 bytes from n5 icmp_seq=176 ttl=49 time=0.01 ms	(same route)
116 bytes from n5 icmp_seq=177 ttl=49 time=0.02 ms	(same route)
116 bytes from n5 icmp_seq=178 ttl=49 time=0.02 ms	(same route)
116 bytes from n5 icmp_seq=179 ttl=49 time=0.02 ms	(same route)
116 bytes from n5 icmp_seq=180 ttl=49 time=0.02 ms	(same route)
116 bytes from n5 icmp_seq=181 ttl=49 time=0.02 ms	(same route)
116 bytes from n5 icmp_seq=182 ttl=49 time=0.01 ms	(same route)
116 bytes from n5 icmp_seq=183 ttl=49 time=0.02 ms	(same route)
116 bytes from n5 icmp_seq=184 ttl=49 time=0.02 ms	(same route)
116 bytes from n5 icmp_seq=185 ttl=49 time=0.02 ms	(same route)
116 bytes from n5 icmp_seq=186 ttl=49 time=0.02 ms	(same route)
116 bytes from n5 icmp_seq=187 ttl=49 time=0.02 ms	(same route)
116 bytes from n5 icmp_seq=188 ttl=49 time=0.02 ms	(same route)
116 bytes from n5 icmp_seq=189 ttl=49 time=0.02 ms	(same route)
116 bytes from n5 icmp_seq=190 ttl=49 time=0.01 ms	(same route)
116 bytes from n5 icmp_seq=191 ttl=49 time=0.02 ms	(same route)
116 bytes from n5 icmp_seq=192 ttl=49 time=0.02 ms	(same route)
116 bytes from n5 icmp_seq=193 ttl=49 time=0.02 ms	(same route)
116 bytes from n5 icmp_seq=194 ttl=49 time=0.02 ms	(same route)
116 bytes from n5 icmp_seq=195 ttl=49 time=0.02 ms	(same route)
116 bytes from n5 icmp_seq=196 ttl=49 time=0.02 ms	(same route)
116 bytes from n5 icmp_seq=197 ttl=49 time=0.01 ms	(same route)
116 bytes from n5 icmp_seq=198 ttl=49 time=0.02 ms	(same route)
116 bytes from n5 icmp_seq=199 ttl=49 time=0.01 ms	(same route)
116 bytes from n5 icmp_seq=200 ttl=49 time=0.02 ms	(same route)
116 bytes from n5 icmp_seq=201 ttl=49 time=0.02 ms	(same route)
116 bytes from n5 icmp_seq=202 ttl=49 time=0.02 ms	(same route)
116 bytes from n5 icmp_seq=203 ttl=49 time=0.02 ms	(same route)
116 bytes from n5 icmp_seq=204 ttl=49 time=0.02 ms	(same route)
116 bytes from n5 icmp_seq=205 ttl=49 time=0.02 ms	(same route)
116 bytes from n5 icmp_seq=206 ttl=49 time=0.02 ms	(same route)
116 bytes from n5 icmp_seq=207 ttl=49 time=1.29 ms	(same route)
116 bytes from n5 icmp_seq=208 ttl=49 time=0.02 ms	(same route)
116 bytes from n5 icmp_seq=209 ttl=49 time=0.93 ms	(same route)
116 bytes from n5 icmp_seq=210 ttl=49 time=33.08 ms	(same route)
116 bytes from n5 icmp_seq=211 ttl=50 time=2.59 ms
RR: 	n1
	n3
	n5
	n5
	n1

116 bytes from n5 icmp_seq=212 ttl=50 time=13.62 ms	(same route)
116 bytes from n5 icmp_seq=213 ttl=49 time=151.51 ms
RR: 	n1
	n3
	n4
	n3
	n1

116 bytes from n5 icmp_seq=214 ttl=50 time=17.11 ms
RR: 	n1
	n3
	n5
	n5
	n1

116 bytes from n5 icmp_seq=215 ttl=50 time=3.73 ms	(same route)
116 bytes from n5 icmp_seq=216 ttl=50 time=6.15 ms	(same route)
116 bytes from n5 icmp_seq=217 ttl=50 time=3.69 ms	(same route)
116 bytes from n5 icmp_seq=218 ttl=48 time=7.08 ms
RR: 	n1
	n3
	n4
	n3
	n2
	n1

116 bytes from n5 icmp_seq=219 ttl=50 time=88.05 ms
RR: 	n1
	n3
	n5
	n5
	n1

116 bytes from n5 icmp_seq=220 ttl=50 time=9.04 ms	(same route)
116 bytes from n5 icmp_seq=221 ttl=50 time=3.77 ms	(same route)
116 bytes from n5 icmp_seq=222 ttl=48 time=7.80 ms
RR: 	n1
	n3
	n4
	n3
	n2
	n1

116 bytes from n5 icmp_seq=223 ttl=50 time=4.00 ms
RR: 	n1
	n3
	n5
	n5
	n1

116 bytes from n5 icmp_seq=224 ttl=50 time=0.04 ms
RR: 	n1
	n5
	n5
	n1

116 bytes from n5 icmp_seq=225 ttl=50 time=4.90 ms	(same route)
116 bytes from n5 icmp_seq=226 ttl=48 time=0.01 ms
RR: 	n1
	n3
	n4
	n3
	n2
	n1

116 bytes from n5 icmp_seq=227 ttl=50 time=23.27 ms
RR: 	n1
	n5
	n5
	n1

116 bytes from n5 icmp_seq=228 ttl=48 time=0.02 ms
RR: 	n1
	n3
	n4
	n3
	n2
	n1

116 bytes from n5 icmp_seq=229 ttl=48 time=0.02 ms	(same route)
116 bytes from n5 icmp_seq=230 ttl=48 time=0.01 ms	(same route)
116 bytes from n5 icmp_seq=231 ttl=48 time=0.02 ms	(same route)
116 bytes from n5 icmp_seq=232 ttl=48 time=0.02 ms	(same route)
116 bytes from n5 icmp_seq=233 ttl=48 time=0.02 ms	(same route)
116 bytes from n5 icmp_seq=234 ttl=48 time=0.02 ms	(same route)
116 bytes from n5 icmp_seq=235 ttl=48 time=1.11 ms	(same route)
116 bytes from n5 icmp_seq=236 ttl=48 time=1.53 ms	(same route)
116 bytes from n5 icmp_seq=237 ttl=50 time=1.30 ms
RR: 	n1
	n5
	n5
	n1

116 bytes from n5 icmp_seq=238 ttl=50 time=2.27 ms	(same route)
116 bytes from n5 icmp_seq=239 ttl=48 time=0.01 ms
RR: 	n1
	n3
	n4
	n3
	n2
	n1

116 bytes from n5 icmp_seq=240 ttl=48 time=0.02 ms	(same route)
116 bytes from n5 icmp_seq=241 ttl=48 time=0.02 ms	(same route)
116 bytes from n5 icmp_seq=242 ttl=50 time=3.94 ms
RR: 	n1
	n5
	n5
	n1

116 bytes from n5 icmp_seq=243 ttl=48 time=0.02 ms
RR: 	n1
	n3
	n4
	n3
	n2
	n1

116 bytes from n5 icmp_seq=244 ttl=48 time=0.02 ms	(same route)
116 bytes from n5 icmp_seq=245 ttl=48 time=0.01 ms	(same route)
116 bytes from n5 icmp_seq=246 ttl=48 time=0.01 ms	(same route)
116 bytes from n5 icmp_seq=247 ttl=48 time=0.02 ms	(same route)
116 bytes from n5 icmp_seq=248 ttl=48 time=0.01 ms	(same route)
116 bytes from n5 icmp_seq=249 ttl=48 time=0.01 ms	(same route)
116 bytes from n5 icmp_seq=250 ttl=48 time=0.02 ms	(same route)
116 bytes from n5 icmp_seq=251 ttl=48 time=0.02 ms	(same route)
116 bytes from n5 icmp_seq=252 ttl=48 time=0.02 ms	(same route)
116 bytes from n5 icmp_seq=253 ttl=48 time=0.02 ms	(same route)
116 bytes from n5 icmp_seq=254 ttl=48 time=0.02 ms	(same route)
116 bytes from n5 icmp_seq=255 ttl=48 time=0.02 ms	(same route)
116 bytes from n5 icmp_seq=256 ttl=48 time=0.01 ms	(same route)
116 bytes from n5 icmp_seq=257 ttl=48 time=0.02 ms	(same route)
116 bytes from n5 icmp_seq=258 ttl=48 time=0.02 ms	(same route)
116 bytes from n5 icmp_seq=259 ttl=48 time=0.01 ms	(same route)
116 bytes from n5 icmp_seq=260 ttl=48 time=0.02 ms	(same route)
116 bytes from n5 icmp_seq=261 ttl=48 time=0.02 ms	(same route)
116 bytes from n5 icmp_seq=262 ttl=48 time=0.02 ms	(same route)
116 bytes from n5 icmp_seq=263 ttl=48 time=0.02 ms	(same route)
116 bytes from n5 icmp_seq=264 ttl=50 time=1.33 ms
RR: 	n1
	n5
	n5
	n1

116 bytes from n5 icmp_seq=265 ttl=48 time=0.01 ms
RR: 	n1
	n3
	n4
	n3
	n2
	n1

116 bytes from n5 icmp_seq=266 ttl=48 time=0.01 ms	(same route)
116 bytes from n5 icmp_seq=267 ttl=48 time=0.02 ms	(same route)
116 bytes from n5 icmp_seq=268 ttl=48 time=0.02 ms	(same route)
116 bytes from n5 icmp_seq=269 ttl=48 time=0.02 ms	(same route)
116 bytes from n5 icmp_seq=270 ttl=50 time=1.44 ms
RR: 	n1
	n5
	n5
	n1

116 bytes from n5 icmp_seq=271 ttl=48 time=10.77 ms
RR: 	n1
	n3
	n4
	n3
	n2
	n1

116 bytes from n5 icmp_seq=272 ttl=50 time=6.27 ms
RR: 	n1
	n5
	n5
	n1

116 bytes from n5 icmp_seq=273 ttl=50 time=6.69 ms	(same route)
116 bytes from n5 icmp_seq=274 ttl=50 time=0.01 ms	(same route)
116 bytes from n5 icmp_seq=275 ttl=50 time=1.03 ms	(same route)
116 bytes from n5 icmp_seq=276 ttl=50 time=1.41 ms	(same route)
116 bytes from n5 icmp_seq=277 ttl=50 time=1.06 ms	(same route)
116 bytes from n5 icmp_seq=278 ttl=50 time=1.25 ms	(same route)
116 bytes from n5 icmp_seq=279 ttl=50 time=11.20 ms	(same route)
116 bytes from n5 icmp_seq=280 ttl=50 time=1.01 ms	(same route)
116 bytes from n5 icmp_seq=281 ttl=50 time=1.12 ms	(same route)
116 bytes from n5 icmp_seq=282 ttl=50 time=1.10 ms	(same route)
116 bytes from n5 icmp_seq=283 ttl=50 time=2.60 ms	(same route)
116 bytes from n5 icmp_seq=284 ttl=50 time=1.05 ms	(same route)
116 bytes from n5 icmp_seq=285 ttl=50 time=5.56 ms	(same route)
116 bytes from n5 icmp_seq=286 ttl=50 time=1.20 ms	(same route)
116 bytes from n5 icmp_seq=287 ttl=48 time=8.72 ms
RR: 	n1
	n3
	n4
	n3
	n2
	n1

116 bytes from n5 icmp_seq=288 ttl=50 time=2.42 ms
RR: 	n1
	n5
	n5
	n1

116 bytes from n5 icmp_seq=289 ttl=50 time=3.69 ms	(same route)
116 bytes from n5 icmp_seq=290 ttl=50 time=3.68 ms	(same route)
116 bytes from n5 icmp_seq=291 ttl=50 time=13.45 ms	(same route)
116 bytes from n5 icmp_seq=292 ttl=50 time=4.13 ms	(same route)
116 bytes from n5 icmp_seq=293 ttl=50 time=3.92 ms	(same route)
116 bytes from n5 icmp_seq=294 ttl=50 time=8.99 ms	(same route)
116 bytes from n5 icmp_seq=295 ttl=50 time=1.03 ms	(same route)
116 bytes from n5 icmp_seq=296 ttl=50 time=1.03 ms	(same route)
116 bytes from n5 icmp_seq=297 ttl=50 time=10.64 ms	(same route)
116 bytes from n5 icmp_seq=298 ttl=50 time=1.14 ms	(same route)
116 bytes from n5 icmp_seq=299 ttl=50 time=1.70 ms	(same route)
116 bytes from n5 icmp_seq=300 ttl=50 time=1.34 ms	(same route)
--- n5 ping statistics ---
572 packets transmitted, 300 received, 47% packet loss
rtt min/avg/max/mdev = 0.012/8.136/447.863/41.269 ms
