1 1 n3 n3 209 0.300 1
1 2 n5 n3 191 2.900 1
1 3 n2 n3 205 0.090 1
1 4 n1 n3 179 1.680 1
2 1 n3 n3 209 1.380 1
2 2 n5 n3 194 0.860 1
2 3 n2 n3 209 0.130 1
2 4 n1 n3 182 0.680 1
3 1 n3 n3 213 0.370 1
3 2 n5 n3 197 0.870 1
3 3 n2 n3 210 0.150 1
3 4 n1 n3 184 0.710 1
4 1 n3 n3 216 0.380 1
4 2 n5 n3 201 0.890 1
4 3 n2 n3 211 0.180 1
4 4 n1 n3 184 1.760 1
5 1 n3 n3 219 0.400 1
5 2 n5 n3 204 0.920 1
5 3 n2 n3 211 0.200 1
5 4 n1 n3 187 0.620 1
6 1 n3 n3 220 0.430 1
6 2 n5 n3 204 1.990 1
6 3 n2 n3 211 0.220 1
6 4 n1 n3 187 1.690 1
7 1 n3 n3 222 0.460 1
7 2 n5 n3 206 0.980 1
7 3 n2 n3 210 0.260 1
7 4 n1 n3 189 0.800 1
8 1 n3 n3 223 0.480 1
8 2 n5 n3 207 1.000 1
8 3 n2 n3 209 0.270 1
8 4 n1 n3 189 1.860 1
9 1 n3 n3 223 0.500 1
9 2 n5 n3 207 1.020 1
9 3 n2 n3 209 0.290 1
9 4 n1 n3 189 2.920 1
10 1 n3 n3 223 0.520 1
10 2 n5 n3 205 0.000 1
10 3 n2 n3 208 0.310 1
10 4 n1 n3 189 3.980 1
11 1 n3 n3 221 0.540 1
11 2 n5 n3 203 0.020 1
11 3 n2 n3 208 1.370 1
11 4 n1 n3 191 0.880 1
12 1 n3 n3 219 0.560 1
12 2 n5 n3 202 0.040 1
12 3 n2 n3 207 0.350 1
12 4 n1 n3 191 0.900 1
13 1 n3 n3 217 0.590 1
13 2 n5 n3 200 0.070 1
13 3 n2 n3 206 0.380 1
13 4 n1 n3 193 0.930 1
14 1 n3 n3 216 0.600 1
14 2 n5 n3 199 0.090 1
14 3 n2 n3 205 0.390 1
14 4 n1 n3 194 0.940 1
15 1 n3 n3 216 0.620 1
15 2 n5 n3 199 1.150 1
15 3 n2 n3 206 0.400 1
15 4 n1 n3 196 0.960 1
16 1 n3 n3 217 0.640 1
16 2 n5 n3 199 0.120 1
16 3 n2 n3 206 0.430 1
16 4 n1 n3 197 0.980 1
17 1 n3 n3 218 0.660 1
17 2 n5 n3 199 0.130 1
17 3 n2 n3 207 0.450 1
17 4 n1 n3 199 1.010 1
18 1 n3 n3 219 0.680 1
18 2 n5 n3 199 0.160 1
18 3 n2 n3 207 0.470 1
18 4 n1 n3 200 1.010 1
19 1 n3 n3 219 0.710 1
19 2 n5 n3 198 0.200 1
19 3 n2 n3 207 0.500 1
19 4 n1 n3 201 1.050 1
20 1 n3 n3 220 0.740 1
20 2 n5 n3 198 0.220 1
20 3 n2 n3 207 0.530 1
20 4 n1 n3 202 0.040 1
21 1 n3 n3 220 0.760 1
21 2 n5 n3 197 0.240 1
21 3 n2 n3 206 0.550 1
21 4 n1 n3 202 0.060 1
22 1 n3 n3 219 0.770 1
22 2 n5 n3 195 0.250 1
22 3 n2 n3 204 0.560 1
22 4 n1 n3 200 0.070 1
23 1 n3 n3 216 0.800 1
23 2 n5 n3 192 0.280 1
23 3 n2 n3 202 0.600 1
23 4 n1 n3 197 0.100 1
24 1 n3 n3 214 0.820 1
24 2 n5 n3 189 0.290 1
24 3 n2 n3 199 0.620 1
24 4 n1 n3 195 0.120 1
25 1 n3 n3 212 0.840 1
25 2 n5 n3 186 0.320 1
25 3 n2 n3 196 0.630 1
25 4 n1 n3 192 0.140 1
26 1 n3 n3 209 0.860 1
26 2 n5 n3 184 0.340 1
26 3 n2 n3 193 0.650 1
26 4 n1 n3 189 0.160 1
27 1 n3 n3 208 0.880 1
27 2 n5 n3 182 0.380 1
27 3 n2 n3 192 0.670 1
27 4 n1 n3 187 0.180 1
28 1 n3 n3 208 0.900 1
28 2 n5 n3 181 0.390 1
28 3 n2 n3 190 0.690 1
28 4 n1 n3 186 0.200 1
29 1 n3 n3 207 0.920 1
29 2 n5 n3 178 0.400 1
29 3 n2 n3 187 0.700 1
29 4 n1 n3 186 1.260 1
30 1 n3 n3 205 0.930 1
30 2 n5 n3 176 0.410 1
30 3 n2 n3 186 0.720 1
30 4 n1 n3 184 0.230 1
31 1 n3 n3 204 0.950 1
31 2 n5 n3 173 0.430 1
31 3 n2 n3 186 1.780 1
31 4 n1 n3 181 0.250 1
32 1 n3 n3 202 0.980 1
32 2 n5 n3 170 0.440 1
32 3 n2 n3 183 0.760 1
32 4 n1 n3 181 1.320 1
33 1 n3 n3 201 0.990 1
33 2 n5 n3 168 0.460 1
33 3 n2 n3 181 0.780 1
33 4 n1 n3 180 0.290 1
34 1 n3 n3 200 1.020 1
34 2 n5 n3 167 0.500 1
34 3 n2 n3 181 1.850 1
34 4 n1 n3 180 0.320 1
35 1 n3 n3 200 2.070 1
35 2 n5 n3 166 0.520 1
35 3 n2 n3 181 2.900 1
35 4 n1 n3 179 0.330 1
36 1 n3 n3 201 0.020 1
36 2 n5 n3 166 0.540 1
36 3 n2 n3 181 0.850 1
36 4 n1 n3 180 0.360 1
37 1 n3 n3 201 0.050 1
37 2 n5 n3 167 0.570 1
37 3 n2 n3 182 0.870 1
37 4 n1 n3 181 0.390 1
38 1 n3 n3 201 0.070 1
38 2 n5 n3 168 0.590 1
38 3 n2 n3 181 0.910 1
38 4 n1 n3 181 0.410 1
39 1 n3 n3 203 0.090 1
39 2 n5 n3 169 0.610 1
39 3 n2 n3 183 0.920 1
39 4 n1 n3 183 0.430 1
40 1 n3 n3 205 0.120 1
40 2 n5 n3 171 0.640 1
40 3 n2 n3 185 0.950 1
40 4 n1 n3 185 0.460 1
41 1 n3 n3 206 0.130 1
41 2 n5 n3 173 0.650 1
41 3 n2 n3 185 2.000 1
41 4 n1 n3 187 0.470 1
42 1 n3 n3 206 0.160 1
42 2 n5 n3 174 0.680 1
42 3 n2 n3 185 3.070 1
42 4 n1 n3 187 1.540 1
43 1 n3 n3 205 0.170 1
43 2 n5 n3 172 0.690 1
43 3 n2 n3 185 1.010 1
43 4 n1 n3 186 0.510 1
44 1 n3 n3 203 0.190 1
44 2 n5 n3 172 1.750 1
44 3 n2 n3 184 1.020 1
44 4 n1 n3 185 0.530 1
45 1 n3 n3 200 0.220 1
45 2 n5 n3 171 0.750 1
45 3 n2 n3 184 2.090 1
45 4 n1 n3 182 0.560 1
46 1 n3 n3 200 1.300 1
46 2 n5 n3 168 0.780 1
46 3 n2 n3 181 0.050 1
46 4 n1 n3 179 0.600 1
47 1 n3 n3 196 0.280 1
47 2 n5 n3 164 0.800 1
47 3 n2 n3 181 1.110 1
47 4 n1 n3 174 0.620 1
48 1 n3 n3 196 1.340 1
48 2 n5 n3 162 0.820 1
48 3 n2 n3 179 0.090 1
48 4 n1 n3 174 1.680 1
49 1 n3 n3 195 0.320 1
49 2 n5 n3 162 1.880 1
49 3 n2 n3 181 0.110 1
49 4 n1 n3 174 2.740 1
50 1 n3 n3 195 0.340 1
50 2 n5 n3 164 0.870 1
50 3 n2 n3 183 0.130 1
50 4 n1 n3 175 0.690 1
51 1 n3 n3 197 0.370 1
51 2 n5 n3 165 0.880 1
51 3 n2 n3 185 0.160 1
51 4 n1 n3 176 0.710 1
52 1 n3 n3 199 0.380 1
52 2 n5 n5 0 0.090 0
52 3 n5 n3 168 0.090 1
52 4 n2 n3 188 0.170 1
52 5 n1 n3 178 0.710 1
53 1 n3 n3 200 0.410 1
53 2 n5 n5 0 0.930 0
53 3 n5 n3 170 0.930 1
53 4 n2 n3 188 0.190 1
53 5 n1 n3 180 0.760 1
54 1 n3 n3 200 0.440 1
54 2 n5 n5 0 0.150 0
54 3 n5 n3 171 0.150 1
54 4 n2 n3 188 0.240 1
54 5 n1 n3 182 0.780 1
55 1 n3 n3 199 0.240 1
55 2 n5 n5 0 0.180 0
55 3 n5 n3 170 0.180 1
55 4 n2 n3 188 0.270 1
55 5 n1 n3 181 0.810 1
56 1 n3 n3 198 0.270 1
56 2 n5 n5 0 0.210 0
56 3 n5 n3 169 0.210 1
56 4 n2 n3 187 0.290 1
56 5 n1 n3 179 0.840 1
57 1 n3 n3 197 0.520 1
57 2 n5 n5 0 0.000 0
57 3 n5 n3 167 0.000 1
57 4 n2 n3 187 0.310 1
57 5 n1 n3 177 0.850 1
58 1 n3 n3 196 0.550 1
58 2 n5 n5 0 0.030 0
58 3 n5 n3 167 0.030 1
58 4 n2 n3 189 0.340 1
58 5 n1 n3 176 0.890 1
59 1 n3 n3 196 0.580 1
59 2 n5 n5 0 1.100 0
59 3 n5 n3 167 1.100 1
59 4 n2 n3 188 0.370 1
59 5 n1 n3 176 0.920 1
60 1 n3 n3 195 0.610 1
60 2 n5 n5 0 0.090 0
60 3 n5 n3 167 0.090 1
60 4 n2 n3 187 0.370 1
60 5 n1 n3 175 0.950 1
61 1 n3 n3 195 0.630 1
61 2 n5 n5 0 0.110 0
61 3 n5 n3 166 0.110 1
61 4 n2 n3 185 0.370 1
61 5 n1 n3 174 0.970 1
62 1 n3 n3 195 1.700 1
62 2 n5 n5 0 0.130 0
62 3 n5 n3 166 0.130 1
62 4 n2 n3 184 0.430 1
62 5 n1 n3 174 1.000 1
63 1 n3 n3 194 0.690 1
63 2 n5 n5 0 0.400 0
63 3 n5 n3 166 0.400 1
63 4 n2 n3 181 0.480 1
63 5 n1 n3 174 1.030 1
64 1 n3 n3 193 0.710 1
64 2 n5 n5 0 0.190 0
64 3 n5 n3 164 0.190 1
64 4 n2 n3 179 0.500 1
64 5 n1 n3 172 0.000 1
65 1 n3 n3 190 0.740 1
65 2 n5 n5 0 0.230 0
65 3 n5 n3 162 0.230 1
65 4 n2 n3 178 0.520 1
65 5 n1 n3 172 0.040 1
66 1 n3 n5 8 0.540 0
66 2 n3 n3 189 0.540 1
66 3 n5 n5 10 0.240 0
66 4 n5 n3 160 0.240 1
66 5 n2 n5 9 0.560 0
66 6 n2 n3 177 0.560 1
66 7 n1 n5 9 0.070 0
66 8 n1 n3 171 0.070 1
67 1 n3 n5 8 0.570 0
67 2 n3 n3 187 0.570 1
67 3 n5 n5 10 0.280 0
67 4 n5 n3 156 0.280 1
67 5 n2 n5 9 0.590 0
67 6 n2 n3 176 0.590 1
67 7 n1 n5 9 0.090 0
67 8 n1 n3 170 0.090 1
68 1 n3 n5 7 0.620 0
68 2 n3 n3 185 0.620 1
68 3 n5 n5 10 0.330 0
68 4 n5 n3 155 0.330 1
68 5 n2 n5 9 0.630 0
68 6 n2 n3 175 0.630 1
68 7 n1 n5 9 0.110 0
68 8 n1 n3 169 0.110 1
69 1 n3 n5 10 0.660 0
69 2 n3 n3 183 0.660 1
69 3 n5 n5 13 0.370 0
69 4 n5 n3 154 0.370 1
69 5 n2 n5 12 0.680 0
69 6 n2 n3 174 0.680 1
69 7 n1 n5 12 0.190 0
69 8 n1 n3 168 0.190 1
70 1 n3 n5 11 0.940 0
70 2 n3 n3 182 0.940 1
70 3 n5 n5 17 0.430 0
70 4 n5 n3 154 0.430 1
70 5 n2 n5 18 0.730 0
70 6 n2 n3 173 0.730 1
70 7 n1 n5 17 0.240 0
70 8 n1 n3 165 0.240 1
71 1 n3 n5 20 0.760 0
71 2 n3 n3 181 0.760 1
71 3 n5 n5 21 0.700 0
71 4 n5 n3 154 0.700 1
71 5 n2 n5 25 0.780 0
71 6 n2 n3 173 0.780 1
71 7 n1 n5 17 0.290 0
71 8 n1 n3 164 0.290 1
72 1 n3 n5 24 0.000 0
72 2 n3 n3 183 0.000 1
72 3 n5 n5 25 0.510 0
72 4 n5 n3 156 0.510 1
72 5 n2 n5 27 0.820 0
72 6 n2 n3 174 0.820 1
72 7 n1 n5 25 0.340 0
72 8 n1 n3 163 0.340 1
73 1 n3 n5 24 0.030 0
73 2 n3 n3 185 0.030 1
73 3 n5 n5 26 0.550 0
73 4 n5 n3 159 0.550 1
73 5 n2 n5 27 0.870 0
73 6 n2 n3 175 0.870 1
73 7 n1 n5 24 0.360 0
73 8 n1 n3 163 0.360 1
74 1 n3 n5 24 0.080 0
74 2 n3 n3 187 0.080 1
74 3 n5 n5 30 0.610 0
74 4 n5 n3 162 0.610 1
74 5 n2 n5 30 0.910 0
74 6 n2 n3 176 0.910 1
74 7 n1 n5 27 0.420 0
74 8 n1 n3 162 0.420 1
75 1 n3 n5 31 0.120 0
75 2 n3 n3 189 0.120 1
75 3 n5 n5 32 0.610 0
75 4 n5 n3 161 0.610 1
75 5 n2 n5 31 0.950 0
75 6 n2 n3 177 0.950 1
75 7 n1 n5 28 0.460 0
75 8 n1 n3 162 0.460 1
76 1 n3 n5 31 0.170 0
76 2 n3 n3 190 0.170 1
76 3 n5 n5 34 0.540 0
76 4 n5 n3 159 0.540 1
76 5 n2 n5 31 1.000 0
76 6 n2 n3 178 1.000 1
76 7 n1 n5 28 0.440 0
76 8 n1 n3 163 0.440 1
77 1 n3 n5 31 0.230 0
77 2 n3 n3 189 0.230 1
77 3 n5 n5 34 0.920 0
77 4 n5 n3 157 0.920 1
77 5 n2 n5 39 0.020 0
77 6 n2 n3 177 0.020 1
77 7 n1 n5 31 0.440 0
77 8 n1 n3 161 0.440 1
78 1 n3 n5 36 0.280 0
78 2 n3 n3 188 0.280 1
78 3 n5 n5 37 0.970 0
78 4 n5 n3 157 0.970 1
78 5 n2 n5 39 1.110 0
78 6 n2 n3 177 1.110 1
78 7 n1 n5 31 1.530 0
78 8 n1 n3 161 1.530 1
79 1 n3 n5 39 0.100 0
79 2 n3 n3 187 0.100 1
79 3 n5 n5 41 0.030 0
79 4 n5 n3 158 0.030 1
79 5 n2 n5 44 0.110 0
79 6 n2 n3 174 0.110 1
79 7 n1 n5 33 0.620 0
79 8 n1 n3 161 0.620 1
80 1 n3 n5 46 0.130 0
80 2 n3 n3 186 0.130 1
80 3 n5 n5 45 0.060 0
80 4 n5 n3 158 0.060 1
80 5 n2 n5 47 0.150 0
80 6 n2 n3 174 0.150 1
80 7 n1 n5 36 0.710 0
80 8 n1 n3 160 0.710 1
81 1 n3 n5 49 0.180 0
81 2 n3 n3 185 0.180 1
81 3 n5 n5 51 0.110 0
81 4 n5 n3 158 0.110 1
81 5 n2 n5 55 0.190 0
81 6 n2 n3 175 0.190 1
81 7 n1 n5 39 0.740 0
81 8 n1 n3 159 0.740 1
82 1 n3 n5 52 0.450 0
82 2 n3 n3 186 0.450 1
82 3 n5 n5 57 0.160 0
82 4 n5 n3 160 0.160 1
82 5 n2 n5 61 0.240 0
82 6 n2 n3 177 0.240 1
82 7 n1 n5 49 0.790 0
82 8 n1 n3 158 0.790 1
83 1 n3 n5 57 0.280 0
83 2 n3 n3 187 0.280 1
83 3 n5 n5 62 0.210 0
83 4 n5 n3 163 0.210 1
83 5 n2 n5 64 0.290 0
83 6 n2 n3 178 0.290 1
83 7 n1 n5 53 0.840 0
83 8 n1 n3 159 0.840 1
84 1 n3 n5 57 0.550 0
84 2 n3 n3 190 0.550 1
84 3 n5 n5 68 0.030 0
84 4 n5 n3 165 0.030 1
84 5 n2 n5 70 0.340 0
84 6 n2 n3 181 0.340 1
84 7 n1 n5 55 0.890 0
84 8 n1 n3 160 0.890 1
85 1 n3 n5 60 0.590 0
85 2 n3 n3 194 0.590 1
85 3 n5 n5 73 0.070 0
85 4 n5 n3 166 0.070 1
85 5 n2 n5 76 0.380 0
85 6 n2 n3 184 0.380 1
85 7 n1 n5 61 0.920 0
85 8 n1 n3 162 0.920 1
86 1 n3 n5 68 0.420 0
86 2 n3 n3 197 0.420 1
86 3 n5 n5 78 0.120 0
86 4 n5 n3 169 0.120 1
86 5 n2 n5 79 0.430 0
86 6 n2 n3 189 0.430 1
86 7 n1 n5 66 0.980 0
86 8 n1 n3 164 0.980 1
87 1 n3 n5 76 0.680 0
87 2 n3 n3 201 0.680 1
87 3 n5 n5 82 0.160 0
87 4 n5 n3 169 0.160 1
87 5 n2 n5 79 1.510 0
87 6 n2 n3 189 1.510 1
87 7 n1 n5 69 1.020 0
87 8 n1 n3 167 1.020 1
88 1 n3 n5 76 0.720 0
88 2 n3 n3 203 0.720 1
88 3 n5 n5 89 0.210 0
88 4 n5 n3 166 0.210 1
88 5 n2 n5 86 0.510 0
88 6 n2 n3 189 0.510 1
88 7 n1 n5 71 0.030 0
88 8 n1 n3 167 0.030 1
89 1 n3 n5 83 0.530 0
89 2 n3 n3 204 0.530 1
89 3 n5 n5 94 0.460 0
89 4 n5 n3 164 0.460 1
89 5 n2 n5 86 0.560 0
89 6 n2 n3 188 0.560 1
89 7 n1 n5 74 0.060 0
89 8 n1 n3 168 0.060 1
90 1 n3 n5 94 0.560 0
90 2 n3 n3 204 0.560 1
90 3 n5 n5 100 0.270 0
90 4 n5 n3 160 0.270 1
90 5 n2 n5 100 0.580 0
90 6 n2 n3 186 0.580 1
90 7 n1 n5 87 0.090 0
90 8 n1 n3 169 0.090 1
91 1 n3 n5 94 0.840 0
91 2 n3 n3 205 0.840 1
91 3 n5 n5 105 0.320 0
91 4 n5 n3 160 0.320 1
91 5 n2 n5 108 0.630 0
91 6 n2 n3 186 0.630 1
91 7 n1 n5 99 0.120 0
91 8 n1 n3 170 0.120 1
92 1 n3 n5 94 0.880 0
92 2 n3 n3 206 0.880 1
92 3 n5 n5 111 0.360 0
92 4 n5 n3 162 0.360 1
92 5 n2 n5 108 0.670 0
92 6 n2 n3 185 0.670 1
92 7 n1 n5 99 0.180 0
92 8 n1 n3 171 0.180 1
93 1 n3 n5 98 0.930 0
93 2 n3 n3 207 0.930 1
93 3 n5 n5 115 0.410 0
93 4 n5 n3 166 0.410 1
93 5 n2 n5 113 0.720 0
93 6 n2 n3 185 0.720 1
93 7 n1 n5 99 0.230 0
93 8 n1 n3 174 0.230 1
94 1 n3 n5 98 0.970 0
94 2 n3 n3 209 0.970 1
94 3 n5 n5 120 0.670 0
94 4 n5 n3 168 0.670 1
94 5 n2 n5 113 1.800 0
94 6 n2 n3 185 1.800 1
94 7 n1 n5 99 1.310 0
94 8 n1 n3 174 1.310 1
95 1 n3 n5 0 1.010 0
95 2 n3 n3 211 1.010 1
95 3 n5 n5 124 0.490 0
95 4 n5 n3 164 0.490 1
95 5 n2 n5 116 0.800 0
95 6 n2 n3 188 0.800 1
95 7 n1 n5 101 0.220 0
95 8 n1 n3 175 0.220 1
96 1 n3 n5 114 0.030 0
96 2 n3 n3 211 0.030 1
96 3 n5 n5 129 0.780 0
96 4 n5 n3 164 0.780 1
96 5 n2 n5 116 0.860 0
96 6 n2 n3 191 0.860 1
96 7 n1 n5 101 0.290 0
96 8 n1 n3 176 0.290 1
97 1 n3 n5 117 0.070 0
97 2 n3 n3 209 0.070 1
97 3 n5 n5 133 0.660 0
97 4 n5 n3 158 0.660 1
97 5 n2 n5 116 1.940 0
97 6 n2 n3 191 1.940 1
97 7 n1 n5 101 1.370 0
97 8 n1 n3 176 1.370 1
98 1 n3 n5 117 0.130 0
98 2 n3 n3 206 0.130 1
98 3 n5 n5 135 0.640 0
98 4 n5 n3 157 0.640 1
98 5 n2 n5 122 0.960 0
98 6 n2 n3 191 0.960 1
98 7 n1 n5 0 0.410 0
98 8 n1 n3 175 0.410 1
99 1 n3 n5 122 0.170 0
99 2 n3 n3 205 0.170 1
99 3 n5 n5 138 0.350 0
99 4 n5 n3 157 0.350 1
99 5 n2 n5 122 0.990 0
99 6 n2 n3 191 0.990 1
99 7 n1 n5 0 0.510 0
99 8 n1 n3 174 0.510 1
100 1 n3 n5 124 0.240 0
100 2 n3 n3 206 0.240 1
100 3 n5 n5 140 0.720 0
100 4 n5 n3 157 0.720 1
100 5 n2 n5 0 0.040 0
100 6 n2 n3 192 0.040 1
100 7 n1 n5 0 0.590 0
100 8 n1 n3 172 0.590 1
101 1 n3 n5 124 0.290 0
101 2 n3 n3 206 0.290 1
101 3 n5 n5 144 0.000 0
101 4 n5 n3 159 0.000 1
101 5 n2 n5 0 1.120 0
101 6 n2 n3 192 1.120 1
101 7 n1 n5 0 1.670 0
101 8 n1 n3 172 1.670 1
102 1 n3 n5 128 0.210 0
102 2 n3 n3 207 0.210 1
102 3 n5 n5 148 0.040 0
102 4 n5 n3 159 0.040 1
102 5 n2 n5 0 0.000 0
102 6 n2 n3 193 0.000 1
102 7 n1 n5 0 0.670 0
102 8 n1 n3 172 0.670 1
103 1 n3 n5 132 0.380 0
103 2 n3 n3 208 0.380 1
103 3 n5 n5 150 0.090 0
103 4 n5 n3 159 0.090 1
103 5 n2 n5 0 1.090 0
103 6 n2 n3 193 1.090 1
103 7 n1 n5 0 0.720 0
103 8 n1 n3 173 0.720 1
104 1 n3 n5 132 0.420 0
104 2 n3 n3 210 0.420 1
104 3 n5 n5 153 0.130 0
104 4 n5 n3 170 0.130 1
104 5 n2 n5 0 2.170 0
104 6 n2 n3 193 2.170 1
104 7 n1 n5 0 1.800 0
104 8 n1 n3 173 1.800 1
105 1 n3 n5 132 0.460 0
105 2 n3 n3 213 0.460 1
105 3 n5 n5 156 0.170 0
105 4 n5 n3 170 0.170 1
105 5 n2 n5 0 0.250 0
105 6 n2 n3 194 0.250 1
105 7 n1 n5 0 0.800 0
105 8 n1 n3 175 0.800 1
106 1 n3 n5 132 0.500 0
106 2 n3 n3 216 0.500 1
106 3 n5 n5 158 0.210 0
106 4 n5 n3 170 0.210 1
106 5 n2 n5 0 0.290 0
106 6 n2 n3 197 0.290 1
106 7 n1 n5 0 0.850 0
106 8 n1 n3 177 0.850 1
107 1 n3 n5 0 0.550 0
107 2 n3 n3 217 0.550 1
107 3 n5 n5 159 0.250 0
107 4 n5 n3 170 0.250 1
107 5 n2 n5 0 0.170 0
107 6 n2 n3 199 0.170 1
107 7 n1 n5 0 0.890 0
107 8 n1 n3 179 0.890 1
108 1 n3 n5 0 0.600 0
108 2 n3 n3 219 0.600 1
108 3 n5 n5 159 1.340 0
108 4 n5 n3 170 1.340 1
108 5 n2 n5 0 0.390 0
108 6 n2 n3 201 0.390 1
108 7 n1 n5 0 0.940 0
108 8 n1 n3 180 0.940 1
109 1 n3 n5 0 0.650 0
109 2 n3 n3 220 0.650 1
109 3 n5 n5 161 0.070 1
109 4 n5 n3 0 0.070 0
109 5 n2 n5 0 1.480 0
109 6 n2 n3 201 1.480 1
109 7 n1 n5 0 0.980 0
109 8 n1 n3 181 0.980 1
110 1 n3 n5 0 1.730 0
110 2 n3 n3 220 1.730 1
110 3 n5 n5 163 0.370 1
110 4 n5 n3 0 0.370 0
110 5 n2 n5 0 0.280 0
110 6 n2 n3 201 0.280 1
110 7 n1 n5 0 2.060 0
110 8 n1 n3 181 2.060 1
111 1 n3 n5 0 0.470 0
111 2 n3 n3 218 0.470 1
111 3 n5 n5 163 0.040 1
111 4 n5 n3 0 0.040 0
111 5 n2 n5 0 1.370 0
111 6 n2 n3 201 1.370 1
111 7 n1 n5 0 0.040 0
111 8 n1 n3 181 0.040 1
112 1 n3 n5 0 0.650 0
112 2 n3 n3 216 0.650 1
112 3 n5 n5 163 0.430 1
112 4 n5 n3 0 0.430 0
112 5 n2 n5 0 0.390 0
112 6 n2 n3 199 0.390 1
112 7 n1 n5 0 1.110 0
112 8 n1 n3 181 1.110 1
113 1 n3 n5 0 1.740 0
113 2 n3 n3 216 1.740 1
113 3 n5 n5 162 0.020 1
113 4 n5 n3 0 0.020 0
113 5 n2 n5 0 0.110 0
113 6 n2 n3 196 0.110 1
113 7 n1 n5 0 1.010 0
113 8 n1 n3 179 1.010 1
114 1 n3 n5 0 0.730 0
114 2 n3 n3 214 0.730 1
114 3 n5 n5 159 0.390 1
114 4 n5 n3 0 0.390 0
114 5 n2 n5 0 0.340 0
114 6 n2 n3 194 0.340 1
114 7 n1 n5 0 0.090 0
114 8 n1 n3 178 0.090 1
115 1 n3 n5 0 0.870 0
115 2 n3 n3 212 0.870 1
115 3 n5 n5 159 1.470 1
115 4 n5 n3 0 1.470 0
115 5 n2 n5 0 1.420 0
115 6 n2 n3 194 1.420 1
115 7 n1 n5 0 0.030 0
115 8 n1 n3 178 0.030 1
116 1 n3 n5 0 1.960 0
116 2 n3 n3 212 1.960 1
116 3 n5 n5 159 2.560 1
116 4 n5 n3 0 2.560 0
116 5 n2 n5 0 0.460 0
116 6 n2 n3 192 0.460 1
116 7 n1 n5 0 0.200 0
116 8 n1 n3 177 0.200 1
117 1 n3 n5 0 0.850 0
117 2 n3 n3 211 0.850 1
117 3 n5 n5 159 3.630 1
117 4 n5 n3 0 3.630 0
117 5 n2 n5 0 0.630 0
117 6 n2 n3 191 0.630 1
117 7 n1 n5 0 0.270 0
117 8 n1 n3 177 0.270 1
118 1 n3 n5 0 1.930 0
118 2 n3 n3 211 1.930 1
118 3 n5 n5 159 4.710 1
118 4 n5 n3 0 4.710 0
118 5 n2 n5 0 0.810 0
118 6 n2 n3 190 0.810 1
118 7 n1 n5 0 0.320 0
118 8 n1 n3 177 0.320 1
119 1 n3 n5 0 0.030 0
119 2 n3 n3 213 0.030 1
119 3 n5 n5 159 5.800 1
119 4 n5 n3 0 5.800 0
119 5 n2 n5 0 0.860 0
119 6 n2 n3 191 0.860 1
119 7 n1 n5 0 0.370 0
119 8 n1 n3 176 0.370 1
120 1 n3 n5 0 1.120 0
120 2 n3 n3 213 1.120 1
120 3 n5 n5 159 6.890 1
120 4 n5 n3 0 6.890 0
120 5 n2 n5 0 0.900 0
120 6 n2 n3 191 0.900 1
120 7 n1 n5 0 1.460 0
120 8 n1 n3 176 1.460 1
121 1 n3 n5 0 0.070 0
121 2 n3 n3 216 0.070 1
121 3 n5 n5 159 7.980 1
121 4 n5 n3 0 7.980 0
121 5 n2 n5 0 1.990 0
121 6 n2 n3 191 1.990 1
121 7 n1 n5 0 0.450 0
121 8 n1 n3 176 0.450 1
122 1 n3 n5 0 0.220 0
122 2 n3 n3 218 0.220 1
122 3 n5 n5 159 9.130 1
122 4 n5 n3 0 9.130 0
122 5 n2 n5 0 0.030 0
122 6 n2 n3 192 0.030 1
122 7 n1 n5 0 0.440 0
122 8 n1 n3 176 0.440 1
123 1 n3 n5 0 1.310 0
123 2 n3 n3 218 1.310 1
123 3 n5 n5 159 10.220 1
123 4 n5 n3 0 10.220 0
123 5 n2 n5 0 0.070 0
123 6 n2 n3 192 0.070 1
123 7 n1 n5 0 0.490 0
123 8 n1 n3 176 0.490 1
124 1 n3 n5 0 0.280 0
124 2 n3 n3 219 0.280 1
124 3 n5 n5 159 11.310 1
124 4 n5 n3 0 11.310 0
124 5 n2 n5 0 0.110 0
124 6 n2 n3 193 0.110 1
124 7 n1 n5 0 0.640 0
124 8 n1 n3 175 0.640 1
125 1 n3 n5 0 0.300 0
125 2 n3 n3 219 0.300 1
125 3 n5 n5 159 12.390 1
125 4 n5 n3 0 12.390 0
125 5 n2 n5 0 0.140 0
125 6 n2 n3 193 0.140 1
125 7 n1 n5 0 1.720 0
125 8 n1 n3 175 1.720 1
126 1 n3 n5 0 0.420 0
126 2 n3 n3 218 0.420 1
126 3 n5 n5 161 0.140 1
126 4 n5 n3 0 0.140 0
126 5 n2 n5 0 1.230 0
126 6 n2 n3 193 1.230 1
126 7 n1 n5 0 0.770 0
126 8 n1 n3 176 0.770 1
127 1 n3 n5 0 0.460 0
127 2 n3 n3 217 0.460 1
127 3 n5 n5 161 1.210 1
127 4 n5 n3 0 1.210 0
127 5 n2 n5 0 2.300 0
127 6 n2 n3 193 2.300 1
127 7 n1 n5 0 1.840 0
127 8 n1 n3 176 1.840 1
128 1 n3 n5 0 0.500 0
128 2 n3 n3 216 0.500 1
128 3 n5 n5 163 0.210 1
128 4 n5 n3 0 0.210 0
128 5 n2 n5 0 0.240 0
128 6 n2 n3 195 0.240 1
128 7 n1 n5 0 0.830 0
128 8 n1 n3 176 0.830 1
129 1 n3 n5 0 0.550 0
129 2 n3 n3 217 0.550 1
129 3 n5 n5 163 1.300 1
129 4 n5 n3 0 1.300 0
129 5 n2 n5 0 0.340 0
129 6 n2 n3 195 0.340 1
129 7 n1 n5 0 0.890 0
129 8 n1 n3 177 0.890 1
130 1 n3 n5 0 0.580 0
130 2 n3 n3 218 0.580 1
130 3 n5 n5 163 2.370 1
130 4 n5 n3 0 2.370 0
130 5 n2 n5 0 0.240 0
130 6 n2 n3 196 0.240 1
130 7 n1 n5 0 0.920 0
130 8 n1 n3 177 0.920 1
131 1 n3 n5 0 0.620 0
131 2 n3 n3 218 0.620 1
131 3 n5 n5 163 3.460 1
131 4 n5 n3 0 3.460 0
131 5 n2 n5 0 0.410 0
131 6 n2 n3 196 0.410 1
131 7 n1 n5 0 2.010 0
131 8 n1 n3 177 2.010 1
132 1 n3 n5 0 0.660 0
132 2 n3 n3 217 0.660 1
132 3 n5 n5 163 4.530 1
132 4 n5 n3 0 4.530 0
132 5 n2 n5 0 0.400 0
132 6 n2 n3 196 0.400 1
132 7 n1 n5 0 1.000 0
132 8 n1 n3 177 1.000 1
133 1 n3 n5 0 0.710 0
133 2 n3 n3 216 0.710 1
133 3 n5 n5 163 5.620 1
133 4 n5 n3 0 5.620 0
133 5 n2 n5 0 1.490 0
133 6 n2 n3 196 1.490 1
133 7 n1 n5 0 0.000 0
133 8 n1 n3 176 0.000 1
134 1 n3 n5 0 0.770 0
134 2 n3 n3 213 0.770 1
134 3 n5 n5 163 6.720 1
134 4 n5 n3 0 6.720 0
134 5 n2 n5 0 2.590 0
134 6 n2 n3 196 2.590 1
134 7 n1 n5 0 0.070 0
134 8 n1 n3 174 0.070 1
135 1 n3 n5 0 0.820 0
135 2 n3 n3 211 0.820 1
135 3 n5 n5 163 7.810 1
135 4 n5 n3 0 7.810 0
135 5 n2 n5 0 0.520 0
135 6 n2 n3 193 0.520 1
135 7 n1 n5 0 0.120 0
135 8 n1 n3 173 0.120 1
136 1 n3 n5 0 0.860 0
136 2 n3 n3 209 0.860 1
136 3 n5 n5 163 8.890 1
136 4 n5 n3 0 8.890 0
136 5 n2 n5 0 1.600 0
136 6 n2 n3 193 1.600 1
136 7 n1 n5 0 0.160 0
136 8 n1 n3 172 0.160 1
137 1 n3 n5 0 1.940 0
137 2 n3 n3 209 1.940 1
137 3 n5 n5 163 9.970 1
137 4 n5 n3 0 9.970 0
137 5 n2 n5 0 0.690 0
137 6 n2 n3 193 0.690 1
137 7 n1 n5 0 0.200 0
137 8 n1 n3 171 0.200 1
138 1 n3 n5 0 0.940 0
138 2 n3 n3 208 0.940 1
138 3 n5 n5 163 11.050 1
138 4 n5 n3 0 11.050 0
138 5 n2 n5 0 1.770 0
138 6 n2 n3 193 1.770 1
138 7 n1 n5 0 0.240 0
138 8 n1 n3 171 0.240 1
139 1 n3 n5 0 0.990 0
139 2 n3 n3 207 0.990 1
139 3 n5 n5 167 0.690 1
139 4 n5 n3 0 0.690 0
139 5 n2 n5 0 2.860 0
139 6 n2 n3 193 2.860 1
139 7 n1 n5 0 0.290 0
139 8 n1 n3 171 0.290 1
140 1 n3 n5 0 1.030 0
140 2 n3 n3 208 1.030 1
140 3 n5 n5 172 0.740 1
140 4 n5 n3 0 0.740 0
140 5 n2 n5 0 0.820 0
140 6 n2 n3 191 0.820 1
140 7 n1 n5 0 1.370 0
140 8 n1 n3 171 1.370 1
141 1 n3 n5 0 0.040 0
141 2 n3 n3 209 0.040 1
141 3 n5 n5 176 0.730 1
141 4 n5 n3 0 0.730 0
141 5 n2 n5 0 1.910 0
141 6 n2 n3 191 1.910 1
141 7 n1 n5 0 0.390 0
141 8 n1 n3 171 0.390 1
142 1 n3 n5 0 1.120 0
142 2 n3 n3 209 1.120 1
142 3 n5 n5 175 0.790 1
142 4 n5 n3 0 0.790 0
142 5 n2 n5 0 0.900 0
142 6 n2 n3 191 0.900 1
142 7 n1 n5 0 0.420 0
142 8 n1 n3 172 0.420 1
143 1 n3 n5 0 2.210 0
143 2 n3 n3 209 2.210 1
143 3 n5 n5 174 0.760 1
143 4 n5 n3 0 0.760 0
143 5 n2 n5 0 0.960 0
143 6 n2 n3 190 0.960 1
143 7 n1 n5 0 0.470 0
143 8 n1 n3 173 0.470 1
144 1 n3 n5 0 0.190 0
144 2 n3 n3 210 0.190 1
144 3 n5 n5 171 0.730 1
144 4 n5 n3 0 0.730 0
144 5 n2 n5 0 1.020 0
144 6 n2 n3 189 1.020 1
144 7 n1 n5 0 1.570 0
144 8 n1 n3 173 1.570 1
145 1 n3 n5 0 0.230 0
145 2 n3 n3 209 0.230 1
145 3 n5 n5 170 0.980 1
145 4 n5 n3 0 0.980 0
145 5 n2 n5 0 0.020 0
145 6 n2 n3 190 0.020 1
145 7 n1 n5 0 0.570 0
145 8 n1 n3 174 0.570 1
146 1 n3 n5 0 0.280 0
146 2 n3 n3 209 0.280 1
146 3 n5 n5 169 1.030 1
146 4 n5 n3 0 1.030 0
146 5 n2 n5 0 0.070 0
146 6 n2 n3 190 0.070 1
146 7 n1 n5 0 0.620 0
146 8 n1 n3 174 0.620 1
147 1 n3 n5 0 0.330 0
147 2 n3 n3 209 0.330 1
147 3 n5 n5 167 0.040 1
147 4 n5 n3 0 0.040 0
147 5 n2 n5 0 0.120 0
147 6 n2 n3 191 0.120 1
147 7 n1 n5 0 0.670 0
147 8 n1 n3 176 0.670 1
148 1 n3 n5 0 0.380 0
148 2 n3 n3 210 0.380 1
148 3 n5 n5 166 0.090 1
148 4 n5 n3 0 0.090 0
148 5 n2 n5 0 0.170 0
148 6 n2 n3 192 0.170 1
148 7 n1 n5 0 0.720 0
148 8 n1 n3 178 0.720 1
149 1 n3 n5 0 0.410 0
149 2 n3 n3 208 0.410 1
149 3 n5 n5 164 0.130 1
149 4 n5 n3 0 0.130 0
149 5 n2 n5 0 0.210 0
149 6 n2 n3 194 0.210 1
149 7 n1 n5 0 0.760 0
149 8 n1 n3 178 0.760 1
150 1 n3 n5 0 0.450 0
150 2 n3 n3 208 0.450 1
150 3 n5 n5 163 0.160 1
150 4 n5 n3 0 0.160 0
150 5 n2 n5 0 0.240 0
150 6 n2 n3 196 0.240 1
150 7 n1 n5 0 0.780 0
150 8 n1 n3 178 0.780 1
151 1 n3 n5 0 0.500 0
151 2 n3 n3 208 0.500 1
151 3 n5 n5 163 0.210 1
151 4 n5 n3 0 0.210 0
151 5 n2 n5 0 0.290 0
151 6 n2 n3 197 0.290 1
151 7 n1 n5 0 1.870 0
151 8 n1 n3 178 1.870 1
152 1 n3 n5 0 1.590 0
152 2 n3 n3 208 1.590 1
152 3 n5 n5 163 1.300 1
152 4 n5 n3 0 1.300 0
152 5 n2 n5 0 0.340 0
152 6 n2 n3 198 0.340 1
152 7 n1 n5 0 0.890 0
152 8 n1 n3 178 0.890 1
153 1 n3 n5 0 0.590 0
153 2 n3 n3 208 0.590 1
153 3 n5 n5 163 0.300 1
153 4 n5 n3 0 0.300 0
153 5 n2 n5 0 0.380 0
153 6 n2 n3 200 0.380 1
153 7 n1 n5 0 0.920 0
153 8 n1 n3 177 0.920 1
154 1 n3 n5 0 1.670 0
154 2 n3 n3 208 1.670 1
154 3 n5 n5 163 0.330 1
154 4 n5 n3 0 0.330 0
154 5 n2 n5 0 1.460 0
154 6 n2 n3 200 1.460 1
154 7 n1 n5 0 0.980 0
154 8 n1 n3 177 0.980 1
155 1 n3 n5 0 0.680 0
155 2 n3 n3 210 0.680 1
155 3 n5 n5 164 0.390 1
155 4 n5 n3 0 0.390 0
155 5 n2 n5 0 0.470 0
155 6 n2 n3 203 0.470 1
155 7 n1 n5 0 1.020 0
155 8 n1 n3 178 1.020 1
156 1 n3 n5 0 0.720 0
156 2 n3 n3 214 0.720 1
156 3 n5 n5 164 0.430 1
156 4 n5 n3 0 0.430 0
156 5 n2 n5 0 0.510 0
156 6 n2 n3 207 0.510 1
156 7 n1 n5 0 0.020 0
156 8 n1 n3 181 0.020 1
157 1 n3 n5 0 0.750 0
157 2 n3 n3 216 0.750 1
157 3 n5 n5 164 0.470 1
157 4 n5 n3 0 0.470 0
157 5 n2 n5 0 1.590 0
157 6 n2 n3 207 1.590 1
157 7 n1 n5 0 1.100 0
157 8 n1 n3 181 1.100 1
158 1 n3 n5 0 0.810 0
158 2 n3 n3 218 0.810 1
158 3 n5 n5 163 0.520 1
158 4 n5 n3 0 0.520 0
158 5 n2 n5 0 0.600 0
158 6 n2 n3 208 0.600 1
158 7 n1 n5 0 0.110 0
158 8 n1 n3 183 0.110 1
159 1 n3 n5 0 0.850 0
159 2 n3 n3 219 0.850 1
159 3 n5 n5 163 0.560 1
159 4 n5 n3 0 0.560 0
159 5 n2 n5 0 0.640 0
159 6 n2 n3 210 0.640 1
159 7 n1 n5 0 1.190 0
159 8 n1 n3 183 1.190 1
160 1 n3 n5 0 0.900 0
160 2 n3 n3 219 0.900 1
160 3 n5 n5 163 0.610 1
160 4 n5 n3 0 0.610 0
160 5 n2 n5 0 0.690 0
160 6 n2 n3 210 0.690 1
160 7 n1 n5 0 0.200 0
160 8 n1 n3 182 0.200 1
161 1 n3 n5 0 0.990 0
161 2 n3 n3 218 0.990 1
161 3 n5 n5 163 0.690 1
161 4 n5 n3 0 0.690 0
161 5 n2 n5 0 0.780 0
161 6 n2 n3 206 0.780 1
161 7 n1 n5 0 0.300 0
161 8 n1 n3 180 0.300 1
162 1 n3 n5 0 1.030 0
162 2 n3 n3 215 1.030 1
162 3 n5 n5 164 0.740 1
162 4 n5 n3 0 0.740 0
162 5 n2 n5 0 0.820 0
162 6 n2 n3 201 0.820 1
162 7 n1 n5 0 0.330 0
162 8 n1 n3 178 0.330 1
163 1 n3 n5 0 0.040 0
163 2 n3 n3 210 0.040 1
163 3 n5 n5 165 0.790 1
163 4 n5 n3 0 0.790 0
163 5 n2 n5 0 0.870 0
163 6 n2 n3 197 0.870 1
163 7 n1 n5 0 0.380 0
163 8 n1 n3 173 0.380 1
164 1 n3 n5 0 1.120 0
164 2 n3 n3 210 1.120 1
164 3 n5 n5 165 0.830 1
164 4 n5 n3 0 0.830 0
164 5 n2 n5 0 0.910 0
164 6 n2 n3 193 0.910 1
164 7 n1 n5 0 0.420 0
164 8 n1 n3 168 0.420 1
165 1 n3 n5 0 0.120 0
165 2 n3 n3 208 0.120 1
165 3 n5 n5 165 0.870 1
165 4 n5 n3 0 0.870 0
165 5 n2 n5 0 0.950 0
165 6 n2 n3 190 0.950 1
165 7 n1 n5 0 1.500 0
165 8 n1 n3 168 1.500 1
166 1 n3 n5 0 0.160 0
166 2 n3 n3 207 0.160 1
166 3 n5 n5 165 0.920 1
166 4 n5 n3 0 0.920 0
166 5 n2 n5 0 1.010 0
166 6 n2 n3 189 1.010 1
166 7 n1 n5 0 2.590 0
166 8 n1 n3 168 2.590 1
167 1 n3 n5 0 0.240 0
167 2 n3 n3 208 0.240 1
167 3 n5 n5 164 0.990 1
167 4 n5 n3 0 0.990 0
167 5 n2 n5 0 0.030 0
167 6 n2 n3 190 0.030 1
167 7 n1 n5 0 0.570 0
167 8 n1 n3 169 0.570 1
168 1 n3 n5 0 0.280 0
168 2 n3 n3 209 0.280 1
168 3 n5 n5 164 1.030 1
168 4 n5 n3 0 1.030 0
168 5 n2 n5 0 0.060 0
168 6 n2 n3 190 0.060 1
168 7 n1 n5 0 0.600 0
168 8 n1 n3 171 0.600 1
169 1 n3 n5 0 0.340 0
169 2 n3 n3 210 0.340 1
169 3 n5 n5 161 0.050 1
169 4 n5 n3 0 0.050 0
169 5 n2 n5 0 0.130 0
169 6 n2 n3 191 0.130 1
169 7 n1 n5 0 0.680 0
169 8 n1 n3 173 0.680 1
170 1 n3 n5 0 0.380 0
170 2 n3 n3 210 0.380 1
170 3 n5 n5 159 0.090 1
170 4 n5 n3 116 0.090 0
170 5 n2 n5 0 1.210 0
170 6 n2 n3 191 1.210 1
170 7 n1 n5 0 0.720 0
170 8 n1 n3 175 0.720 1
171 1 n3 n5 0 0.430 0
171 2 n3 n3 209 0.430 1
171 3 n5 n5 160 0.030 1
171 4 n5 n3 119 0.030 0
171 5 n2 n5 0 0.230 0
171 6 n2 n3 191 0.230 1
171 7 n1 n5 0 0.780 0
171 8 n1 n3 178 0.780 1
172 1 n3 n5 0 0.490 0
172 2 n3 n3 207 0.490 1
172 3 n5 n5 159 0.190 1
172 4 n5 n3 121 0.190 0
172 5 n2 n5 0 0.270 0
172 6 n2 n3 191 0.270 1
172 7 n1 n5 0 1.870 0
172 8 n1 n3 178 1.870 1
173 1 n3 n5 0 0.510 0
173 2 n3 n3 205 0.510 1
173 3 n5 n5 160 0.110 1
173 4 n5 n3 125 0.110 0
173 5 n2 n5 0 0.310 0
173 6 n2 n3 188 0.310 1
173 7 n1 n5 0 0.860 0
173 8 n1 n3 177 0.860 1
174 1 n3 n5 0 0.560 0
174 2 n3 n3 203 0.560 1
174 3 n5 n5 161 0.160 1
174 4 n5 n3 128 0.170 0
174 5 n2 n5 0 0.370 0
174 6 n2 n3 186 0.370 1
174 7 n1 n5 0 0.910 0
174 8 n1 n3 176 0.910 1
175 1 n3 n5 0 0.610 0
175 2 n3 n3 201 0.610 1
175 3 n5 n5 163 0.200 1
175 4 n5 n3 134 0.200 0
175 5 n2 n5 0 0.400 0
175 6 n2 n3 185 0.400 1
175 7 n1 n5 0 0.940 0
175 8 n1 n3 174 0.940 1
176 1 n3 n5 0 0.650 0
176 2 n3 n3 202 0.650 1
176 3 n5 n5 163 0.240 1
176 4 n5 n3 139 0.240 0
176 5 n2 n5 0 0.440 0
176 6 n2 n3 185 0.440 1
176 7 n1 n5 0 0.990 0
176 8 n1 n3 172 0.990 1
177 1 n3 n5 0 1.720 0
177 2 n3 n3 202 1.720 1
177 3 n5 n5 163 0.270 1
177 4 n5 n3 144 0.270 0
177 5 n2 n5 0 0.470 0
177 6 n2 n3 186 0.470 1
177 7 n1 n5 0 1.020 0
177 8 n1 n3 170 1.020 1
178 1 n3 n5 103 0.610 0
178 2 n3 n3 201 0.610 1
178 3 n5 n5 164 0.330 1
178 4 n5 n3 147 0.330 0
178 5 n2 n5 0 1.560 0
178 6 n2 n3 186 1.560 1
178 7 n1 n5 0 0.030 0
178 8 n1 n3 169 0.030 1
179 1 n3 n5 103 0.780 0
179 2 n3 n3 203 0.780 1
179 3 n5 n5 164 0.370 1
179 4 n5 n3 152 0.370 0
179 5 n2 n5 0 0.570 0
179 6 n2 n3 188 0.570 1
179 7 n1 n5 0 0.080 0
179 8 n1 n3 169 0.080 1
180 1 n3 n5 106 0.700 0
180 2 n3 n3 205 0.700 1
180 3 n5 n5 161 0.410 1
180 4 n5 n3 156 0.410 0
180 5 n2 n5 0 0.610 0
180 6 n2 n3 191 0.610 1
180 7 n1 n5 0 0.120 0
180 8 n1 n3 169 0.120 1
181 1 n3 n5 106 0.870 0
181 2 n3 n3 207 0.870 1
181 3 n5 n5 159 0.450 0
181 4 n5 n3 160 0.450 1
181 5 n2 n5 0 0.660 0
181 6 n2 n3 193 0.660 1
181 7 n1 n5 0 0.160 0
181 8 n1 n3 170 0.160 1
182 1 n3 n5 111 0.780 0
182 2 n3 n3 208 0.780 1
182 3 n5 n5 159 0.490 0
182 4 n5 n3 163 0.490 1
182 5 n2 n5 0 0.690 0
182 6 n2 n3 194 0.690 1
182 7 n1 n5 0 1.230 0
182 8 n1 n3 170 1.230 1
183 1 n3 n5 111 0.940 0
183 2 n3 n3 209 0.940 1
183 3 n5 n5 159 0.530 0
183 4 n5 n3 166 0.530 1
183 5 n2 n5 0 0.730 0
183 6 n2 n3 196 0.730 1
183 7 n1 n5 0 0.230 0
183 8 n1 n3 169 0.230 1
184 1 n3 n5 112 0.990 0
184 2 n3 n3 209 0.990 1
184 3 n5 n5 159 0.580 0
184 4 n5 n3 168 0.580 1
184 5 n2 n5 0 0.780 0
184 6 n2 n3 197 0.780 1
184 7 n1 n5 0 0.290 0
184 8 n1 n3 167 0.290 1
185 1 n3 n5 112 1.040 0
185 2 n3 n3 211 1.040 1
185 3 n5 n5 159 1.680 0
185 4 n5 n3 168 1.680 1
185 5 n2 n5 0 1.880 0
185 6 n2 n3 197 1.880 1
185 7 n1 n5 0 0.340 0
185 8 n1 n3 166 0.340 1
186 1 n3 n5 112 2.120 0
186 2 n3 n3 211 2.120 1
186 3 n5 n5 156 0.680 0
186 4 n5 n3 172 0.680 1
186 5 n2 n5 0 0.880 0
186 6 n2 n3 198 0.880 1
186 7 n1 n5 0 0.390 0
186 8 n1 n3 165 0.390 1
187 1 n3 n5 112 0.100 0
187 2 n3 n3 213 0.100 1
187 3 n5 n5 156 0.730 0
187 4 n5 n3 171 0.730 1
187 5 n2 n5 0 0.930 0
187 6 n2 n3 198 0.930 1
187 7 n1 n5 0 0.440 0
187 8 n1 n3 163 0.440 1
188 1 n3 n5 0 0.140 0
188 2 n3 n3 216 0.140 1
188 3 n5 n5 156 0.770 0
188 4 n5 n3 170 0.770 1
188 5 n2 n5 0 0.970 0
188 6 n2 n3 199 0.970 1
188 7 n1 n5 0 0.480 0
188 8 n1 n3 163 0.480 1
189 1 n3 n5 0 0.210 0
189 2 n3 n3 218 0.210 1
189 3 n5 n5 156 0.840 0
189 4 n5 n3 170 0.840 1
189 5 n2 n5 0 0.000 0
189 6 n2 n3 199 0.000 1
189 7 n1 n5 0 1.590 0
189 8 n1 n3 163 1.590 1
190 1 n3 n5 0 1.290 0
190 2 n3 n3 218 1.290 1
190 3 n5 n5 156 0.880 0
190 4 n5 n3 170 0.880 1
190 5 n2 n5 0 0.040 0
190 6 n2 n3 199 0.040 1
190 7 n1 n5 0 0.590 0
190 8 n1 n3 162 0.590 1
191 1 n3 n5 0 0.290 0
191 2 n3 n3 220 0.290 1
191 3 n5 n5 156 1.960 0
191 4 n5 n3 170 1.960 1
191 5 n2 n5 0 0.080 0
191 6 n2 n3 200 0.080 1
191 7 n1 n5 0 0.630 0
191 8 n1 n3 164 0.630 1
192 1 n3 n5 0 1.380 0
192 2 n3 n3 220 1.380 1
192 3 n5 n5 156 3.050 0
192 4 n5 n3 170 3.050 1
192 5 n2 n5 0 0.130 0
192 6 n2 n3 202 0.130 1
192 7 n1 n5 0 0.690 0
192 8 n1 n3 165 0.690 1
193 1 n3 n5 0 0.370 0
193 2 n3 n3 224 0.370 1
193 3 n5 n5 156 4.120 0
193 4 n5 n3 170 4.120 1
193 5 n2 n5 0 0.160 0
193 6 n2 n3 204 0.160 1
193 7 n1 n5 0 0.710 0
193 8 n1 n3 168 0.710 1
194 1 n3 n5 0 0.420 0
194 2 n3 n3 227 0.420 1
194 3 n5 n5 0 0.010 0
194 4 n5 n3 182 0.010 1
194 5 n2 n5 0 0.210 0
194 6 n2 n3 208 0.210 1
194 7 n1 n5 0 0.760 0
194 8 n1 n3 170 0.760 1
195 1 n3 n5 0 0.460 0
195 2 n3 n3 230 0.460 1
195 3 n5 n5 0 0.050 0
195 4 n5 n3 188 0.050 1
195 5 n2 n5 0 1.290 0
195 6 n2 n3 208 1.290 1
195 7 n1 n5 0 0.800 0
195 8 n1 n3 173 0.800 1
196 1 n3 n5 0 0.520 0
196 2 n3 n3 234 0.520 1
196 3 n5 n5 0 0.110 0
196 4 n5 n3 195 0.110 1
196 5 n2 n5 0 0.310 0
196 6 n2 n3 213 0.310 1
196 7 n1 n5 0 0.860 0
196 8 n1 n3 175 0.860 1
197 1 n3 n5 0 0.560 0
197 2 n3 n3 238 0.560 1
197 3 n5 n5 0 1.190 0
197 4 n5 n3 195 1.190 1
197 5 n2 n5 0 0.350 0
197 6 n2 n3 216 0.350 1
197 7 n1 n5 0 0.900 0
197 8 n1 n3 176 0.900 1
198 1 n3 n5 0 0.610 0
198 2 n3 n3 239 0.610 1
198 3 n5 n5 0 2.280 0
198 4 n5 n3 195 2.280 1
198 5 n2 n5 0 0.400 0
198 6 n2 n3 219 0.400 1
198 7 n1 n5 0 0.950 0
198 8 n1 n3 177 0.950 1
199 1 n3 n5 0 1.690 0
199 2 n3 n3 239 1.690 1
199 3 n5 n5 0 3.360 0
199 4 n5 n3 195 3.360 1
199 5 n2 n5 0 1.480 0
199 6 n2 n3 219 1.480 1
199 7 n1 n5 0 0.980 0
199 8 n1 n3 178 0.980 1
200 1 n3 n5 0 0.700 0
200 2 n3 n3 241 0.700 1
200 3 n5 n5 0 0.290 0
200 4 n5 n3 202 0.290 1
200 5 n2 n5 0 0.490 0
200 6 n2 n3 222 0.490 1
200 7 n1 n5 0 0.000 0
200 8 n1 n3 178 0.000 1
201 1 n3 n5 0 0.740 0
201 2 n3 n3 242 0.740 1
201 3 n5 n5 0 0.330 0
201 4 n5 n3 203 0.330 1
201 5 n2 n5 0 0.510 0
201 6 n2 n3 223 0.510 1
201 7 n1 n5 0 0.040 0
201 8 n1 n3 178 0.040 1
202 1 n3 n5 0 1.820 0
202 2 n3 n3 242 1.820 1
202 3 n5 n5 0 0.370 0
202 4 n5 n3 203 0.370 1
202 5 n2 n5 0 1.590 0
202 6 n2 n3 223 1.590 1
202 7 n1 n5 0 0.080 0
202 8 n1 n3 178 0.080 1
203 1 n3 n5 0 0.820 0
203 2 n3 n3 243 0.820 1
203 3 n5 n5 0 1.450 0
203 4 n5 n3 203 1.450 1
203 5 n2 n5 0 0.610 0
203 6 n2 n3 224 0.610 1
203 7 n1 n5 0 0.010 0
203 8 n1 n3 178 0.010 1
204 1 n3 n5 0 0.870 0
204 2 n3 n3 243 0.870 1
204 3 n5 n5 0 2.540 0
204 4 n5 n3 203 2.540 1
204 5 n2 n5 0 1.700 0
204 6 n2 n3 224 1.700 1
204 7 n1 n5 0 0.050 0
204 8 n1 n3 178 0.050 1
205 1 n3 n5 0 0.920 0
205 2 n3 n3 242 0.920 1
205 3 n5 n5 0 3.630 0
205 4 n5 n3 203 3.630 1
205 5 n2 n5 0 0.720 0
205 6 n2 n3 224 0.720 1
205 7 n1 n5 0 0.100 0
205 8 n1 n3 177 0.100 1
206 1 n3 n5 0 0.950 0
206 2 n3 n3 240 0.950 1
206 3 n5 n5 0 4.700 0
206 4 n5 n3 203 4.700 1
206 5 n2 n5 0 0.740 0
206 6 n2 n3 226 0.740 1
206 7 n1 n5 0 1.170 0
206 8 n1 n3 177 1.170 1
207 1 n3 n5 0 1.000 0
207 2 n3 n3 239 1.000 1
207 3 n5 n5 0 5.790 0
207 4 n5 n3 203 5.790 1
207 5 n2 n5 0 0.790 0
207 6 n2 n3 227 0.790 1
207 7 n1 n5 0 0.170 0
207 8 n1 n3 176 0.170 1
208 1 n3 n5 0 0.000 0
208 2 n3 n3 237 0.000 1
208 3 n5 n5 0 6.870 0
208 4 n5 n3 203 6.870 1
208 5 n2 n5 0 1.870 0
208 6 n2 n3 227 1.870 1
208 7 n1 n5 0 0.210 0
208 8 n1 n3 176 0.210 1
209 1 n3 n5 0 0.040 0
209 2 n3 n3 238 0.040 1
209 3 n5 n5 0 7.950 0
209 4 n5 n3 203 7.950 1
209 5 n2 n5 0 0.870 0
209 6 n2 n3 228 0.870 1
209 7 n1 n5 0 0.270 0
209 8 n1 n3 175 0.270 1
210 1 n3 n5 0 0.110 0
210 2 n3 n3 240 0.110 1
210 3 n5 n5 0 9.060 0
210 4 n5 n3 203 9.060 1
210 5 n2 n5 0 1.980 0
210 6 n2 n3 228 1.980 1
210 7 n1 n5 0 1.380 0
210 8 n1 n3 175 1.380 1
211 1 n3 n5 0 1.210 0
211 2 n3 n3 240 1.210 1
211 3 n5 n5 0 10.160 0
211 4 n5 n3 203 10.160 1
211 5 n2 n5 0 1.000 0
211 6 n2 n3 229 1.000 1
211 7 n1 n5 0 0.390 0
211 8 n1 n3 175 0.390 1
212 1 n3 n5 0 0.210 0
212 2 n3 n3 242 0.210 1
212 3 n5 n5 0 11.240 0
212 4 n5 n3 203 11.240 1
212 5 n2 n5 0 1.040 0
212 6 n2 n3 231 1.040 1
212 7 n1 n5 0 1.470 0
212 8 n1 n3 175 1.470 1
213 1 n3 n5 0 0.240 0
213 2 n3 n3 243 0.240 1
213 3 n5 n5 0 0.880 0
213 4 n5 n3 202 0.880 1
213 5 n2 n5 0 0.030 0
213 6 n2 n3 232 0.030 1
213 7 n1 n5 0 2.540 0
213 8 n1 n3 175 2.540 1
214 1 n3 n5 0 0.290 0
214 2 n3 n3 244 0.290 1
214 3 n5 n5 0 1.970 0
214 4 n5 n3 202 1.970 1
214 5 n2 n5 0 0.080 0
214 6 n2 n3 232 0.080 1
214 7 n1 n5 0 0.510 0
214 8 n1 n3 176 0.510 1
215 1 n3 n5 0 0.340 0
215 2 n3 n3 243 0.340 1
215 3 n5 n5 0 0.970 0
215 4 n5 n3 201 0.970 1
215 5 n2 n5 0 0.130 0
215 6 n2 n3 231 0.130 1
215 7 n1 n5 0 1.600 0
215 8 n1 n3 176 1.600 1
216 1 n3 n5 0 0.380 0
216 2 n3 n3 241 0.380 1
216 3 n5 n5 0 2.050 0
216 4 n5 n3 201 2.050 1
216 5 n2 n5 0 0.170 0
216 6 n2 n3 229 0.170 1
216 7 n1 n5 0 0.600 0
216 8 n1 n3 176 0.600 1
217 1 n3 n5 0 1.460 0
217 2 n3 n3 241 1.460 1
217 3 n5 n5 0 3.130 0
217 4 n5 n3 201 3.130 1
217 5 n2 n5 0 0.210 0
217 6 n2 n3 228 0.210 1
217 7 n1 n5 0 0.640 0
217 8 n1 n3 176 0.640 1
218 1 n3 n5 0 0.460 0
218 2 n3 n3 239 0.460 1
218 3 n5 n5 0 4.210 0
218 4 n5 n3 201 4.210 1
218 5 n2 n5 0 0.250 0
218 6 n2 n3 227 0.250 1
218 7 n1 n5 0 0.680 0
218 8 n1 n3 176 0.680 1
219 1 n3 n5 0 0.500 0
219 2 n3 n3 239 0.500 1
219 3 n5 n5 0 5.290 0
219 4 n5 n3 201 5.290 1
219 5 n2 n5 0 0.290 0
219 6 n2 n3 227 0.290 1
219 7 n1 n5 0 1.760 0
219 8 n1 n3 176 1.760 1
220 1 n3 n5 0 0.550 0
220 2 n3 n3 239 0.550 1
220 3 n5 n5 0 6.380 0
220 4 n5 n3 201 6.380 1
220 5 n2 n5 0 0.340 0
220 6 n2 n3 227 0.340 1
220 7 n1 n5 0 0.760 0
220 8 n1 n3 177 0.760 1
221 1 n3 n5 0 0.580 0
221 2 n3 n3 241 0.580 1
221 3 n5 n5 0 0.070 0
221 4 n5 n3 195 0.070 1
221 5 n2 n5 0 0.390 0
221 6 n2 n3 230 0.390 1
221 7 n1 n5 0 0.810 0
221 8 n1 n3 178 0.810 1
222 1 n3 n5 0 0.640 0
222 2 n3 n3 244 0.640 1
222 3 n5 n5 0 0.120 0
222 4 n5 n3 191 0.120 1
222 5 n2 n5 0 0.430 0
222 6 n2 n3 234 0.430 1
222 7 n1 n5 0 0.860 0
222 8 n1 n3 181 0.860 1
223 1 n3 n5 0 0.740 0
223 2 n3 n3 247 0.740 1
223 3 n5 n5 0 0.220 0
223 4 n5 n3 187 0.220 1
223 5 n2 n5 0 0.530 0
223 6 n2 n3 237 0.530 1
223 7 n1 n5 0 0.960 0
223 8 n1 n3 186 0.960 1
224 1 n3 n5 0 0.780 0
224 2 n3 n3 249 0.780 1
224 3 n5 n5 0 1.300 0
224 4 n5 n3 187 1.300 1
224 5 n2 n5 0 0.570 0
224 6 n2 n3 239 0.570 1
224 7 n1 n5 0 1.000 0
224 8 n1 n3 191 1.000 1
225 1 n3 n5 0 0.830 0
225 2 n3 n3 250 0.830 1
225 3 n5 n5 0 0.310 0
225 4 n5 n3 183 0.310 1
225 5 n2 n5 0 0.620 0
225 6 n2 n3 240 0.620 1
225 7 n1 n5 0 0.000 0
225 8 n1 n3 195 0.000 1
226 1 n3 n5 0 0.870 0
226 2 n3 n3 249 0.870 1
226 3 n5 n5 0 0.350 0
226 4 n5 n3 178 0.350 1
226 5 n2 n5 0 0.660 0
226 6 n2 n3 238 0.660 1
226 7 n1 n5 0 0.050 0
226 8 n1 n3 194 0.050 1
227 1 n3 n5 0 0.910 0
227 2 n3 n3 247 0.910 1
227 3 n5 n5 0 0.390 0
227 4 n5 n3 178 0.390 1
227 5 n2 n5 0 0.700 0
227 6 n2 n3 234 0.700 1
227 7 n1 n5 0 0.080 0
227 8 n1 n3 192 0.080 1
228 1 n3 n5 0 0.940 0
228 2 n3 n3 243 0.940 1
228 3 n5 n5 0 1.460 0
228 4 n5 n3 178 1.460 1
228 5 n2 n5 0 0.730 0
228 6 n2 n3 231 0.730 1
228 7 n1 n5 0 0.120 0
228 8 n1 n3 191 0.120 1
229 1 n3 n5 0 0.990 0
229 2 n3 n3 240 0.990 1
229 3 n5 n5 0 0.480 0
229 4 n5 n3 176 0.480 1
229 5 n2 n5 0 0.780 0
229 6 n2 n3 227 0.780 1
229 7 n1 n5 0 0.170 0
229 8 n1 n3 189 0.170 1
230 1 n3 n5 0 2.080 0
230 2 n3 n3 240 2.080 1
230 3 n5 n5 0 0.520 0
230 4 n5 n3 176 0.520 1
230 5 n2 n5 0 0.830 0
230 6 n2 n3 225 0.830 1
230 7 n1 n5 0 0.230 0
230 8 n1 n3 189 0.230 1
231 1 n3 n5 0 0.040 0
231 2 n3 n3 238 0.040 1
231 3 n5 n5 0 0.560 0
231 4 n5 n3 177 0.560 1
231 5 n2 n5 0 0.860 0
231 6 n2 n3 225 0.860 1
231 7 n1 n5 0 0.260 0
231 8 n1 n3 191 0.260 1
232 1 n3 n5 0 0.080 0
232 2 n3 n3 237 0.080 1
232 3 n5 n5 0 0.600 0
232 4 n5 n3 179 0.600 1
232 5 n2 n5 0 0.910 0
232 6 n2 n3 226 0.910 1
232 7 n1 n5 0 0.310 0
232 8 n1 n3 194 0.310 1
233 1 n3 n5 0 0.150 0
233 2 n3 n3 238 0.150 1
233 3 n5 n5 0 0.680 0
233 4 n5 n3 181 0.680 1
233 5 n2 n5 0 2.020 0
233 6 n2 n3 226 2.020 1
233 7 n1 n5 0 0.370 0
233 8 n1 n3 196 0.370 1
234 1 n3 n5 0 1.240 0
234 2 n3 n3 238 1.240 1
234 3 n5 n5 0 1.770 0
234 4 n5 n3 181 1.770 1
234 5 n2 n5 0 1.040 0
234 6 n2 n3 227 1.040 1
234 7 n1 n5 0 0.420 0
234 8 n1 n3 200 0.420 1
235 1 n3 n5 0 0.240 0
235 2 n3 n3 241 0.240 1
235 3 n5 n5 0 2.850 0
235 4 n5 n3 181 2.850 1
235 5 n2 n5 0 0.030 0
235 6 n2 n3 231 0.030 1
235 7 n1 n5 0 0.460 0
235 8 n1 n3 203 0.460 1
236 1 n3 n5 0 0.280 0
236 2 n3 n3 243 0.280 1
236 3 n5 n5 0 0.790 0
236 4 n5 n3 185 0.790 1
236 5 n2 n5 0 0.070 0
236 6 n2 n3 234 0.070 1
236 7 n1 n5 0 1.540 0
236 8 n1 n3 203 1.540 1
237 1 n3 n5 0 0.320 0
237 2 n3 n3 245 0.320 1
237 3 n5 n5 0 0.850 0
237 4 n5 n3 188 0.850 1
237 5 n2 n5 0 0.120 0
237 6 n2 n3 236 0.120 1
237 7 n1 n5 0 0.540 0
237 8 n1 n3 205 0.540 1
238 1 n3 n5 0 0.370 0
238 2 n3 n3 246 0.370 1
238 3 n5 n5 0 0.780 0
238 4 n5 n3 191 0.780 1
238 5 n2 n5 0 0.160 0
238 6 n2 n3 238 0.160 1
238 7 n1 n5 0 0.590 0
238 8 n1 n3 208 0.590 1
239 1 n3 n5 0 0.420 0
239 2 n3 n3 247 0.420 1
239 3 n5 n5 0 0.820 0
239 4 n5 n3 194 0.820 1
239 5 n2 n5 0 0.210 0
239 6 n2 n3 238 0.210 1
239 7 n1 n5 0 0.630 0
239 8 n1 n3 210 0.630 1
240 1 n3 n5 0 0.460 0
240 2 n3 n3 246 0.460 1
240 3 n5 n5 0 0.860 0
240 4 n5 n3 196 0.860 1
240 5 n2 n5 0 0.250 0
240 6 n2 n3 237 0.250 1
240 7 n1 n5 0 1.710 0
240 8 n1 n3 210 1.710 1
241 1 n3 n5 0 0.500 0
241 2 n3 n3 245 0.500 1
241 3 n5 n5 0 0.900 0
241 4 n5 n3 197 0.900 1
241 5 n2 n5 0 0.290 0
241 6 n2 n3 236 0.290 1
241 7 n1 n5 0 2.790 0
241 8 n1 n3 210 2.790 1
242 1 n3 n5 0 0.530 0
242 2 n3 n3 244 0.530 1
242 3 n5 n5 0 0.940 0
242 4 n5 n3 197 0.940 1
242 5 n2 n5 0 0.310 0
242 6 n2 n3 234 0.310 1
242 7 n1 n5 0 0.750 0
242 8 n1 n3 210 0.750 1
243 1 n3 n5 0 0.580 0
243 2 n3 n3 244 0.580 1
243 3 n5 n5 0 0.990 0
243 4 n5 n3 195 0.990 1
243 5 n2 n5 0 0.370 0
243 6 n2 n3 233 0.370 1
243 7 n1 n5 0 0.800 0
243 8 n1 n3 210 0.800 1
244 1 n3 n5 0 0.630 0
244 2 n3 n3 243 0.630 1
244 3 n5 n5 0 1.030 0
244 4 n5 n3 194 1.030 1
244 5 n2 n5 0 0.420 0
244 6 n2 n3 231 0.420 1
244 7 n1 n5 0 1.890 0
244 8 n1 n3 210 1.890 1
245 1 n3 n5 0 0.670 0
245 2 n3 n3 241 0.670 1
245 3 n5 n5 0 0.020 0
245 4 n5 n3 191 0.020 1
245 5 n2 n5 0 0.460 0
245 6 n2 n3 228 0.460 1
245 7 n1 n5 0 0.890 0
245 8 n1 n3 208 0.890 1
246 1 n3 n5 0 0.710 0
246 2 n3 n3 238 0.710 1
246 3 n5 n5 0 0.070 0
246 4 n5 n3 189 0.070 1
246 5 n2 n5 0 0.500 0
246 6 n2 n3 225 0.500 1
246 7 n1 n5 0 0.930 0
246 8 n1 n3 206 0.930 1
247 1 n3 n5 0 0.760 0
247 2 n3 n3 234 0.760 1
247 3 n5 n5 0 0.120 0
247 4 n5 n3 187 0.120 1
247 5 n2 n5 0 0.550 0
247 6 n2 n3 223 0.550 1
247 7 n1 n5 0 0.980 0
247 8 n1 n3 204 0.980 1
248 1 n3 n5 0 0.790 0
248 2 n3 n3 231 0.790 1
248 3 n5 n5 0 0.150 0
248 4 n5 n3 184 0.150 1
248 5 n2 n5 0 1.620 0
248 6 n2 n3 223 1.620 1
248 7 n1 n5 0 2.050 0
248 8 n1 n3 204 2.050 1
249 1 n3 n5 0 0.840 0
249 2 n3 n3 228 0.840 1
249 3 n5 n5 0 0.200 0
249 4 n5 n3 181 0.200 1
249 5 n2 n5 0 0.620 0
249 6 n2 n3 219 0.620 1
249 7 n1 n5 0 0.020 0
249 8 n1 n3 196 0.020 1
250 1 n3 n5 0 0.890 0
250 2 n3 n3 224 0.890 1
250 3 n5 n5 0 0.250 0
250 4 n5 n3 179 0.250 1
250 5 n2 n5 0 0.660 0
250 6 n2 n3 215 0.660 1
250 7 n1 n5 0 0.070 0
250 8 n1 n3 192 0.070 1
251 1 n3 n5 0 0.930 0
251 2 n3 n3 221 0.930 1
251 3 n5 n5 0 0.300 0
251 4 n5 n3 176 0.300 1
251 5 n2 n5 0 0.720 0
251 6 n2 n3 214 0.720 1
251 7 n1 n5 0 0.110 0
251 8 n1 n3 190 0.110 1
252 1 n3 n5 0 2.020 0
252 2 n3 n3 221 2.020 1
252 3 n5 n5 0 0.330 0
252 4 n5 n3 175 0.330 1
252 5 n2 n5 0 1.810 0
252 6 n2 n3 214 1.810 1
252 7 n1 n5 0 0.160 0
252 8 n1 n3 188 0.160 1
253 1 n3 n5 0 1.020 0
253 2 n3 n3 221 1.020 1
253 3 n5 n5 0 0.380 0
253 4 n5 n3 175 0.380 1
253 5 n2 n5 0 0.810 0
253 6 n2 n3 212 0.810 1
253 7 n1 n5 0 0.200 0
253 8 n1 n3 188 0.200 1
254 1 n3 n5 0 0.020 0
254 2 n3 n3 218 0.020 1
254 3 n5 n5 0 0.420 0
254 4 n5 n3 175 0.420 1
254 5 n2 n5 0 1.890 0
254 6 n2 n3 212 1.890 1
254 7 n1 n5 0 0.240 0
254 8 n1 n3 187 0.240 1
255 1 n3 n5 0 0.090 0
255 2 n3 n3 217 0.090 1
255 3 n5 n5 0 0.490 0
255 4 n5 n3 174 0.490 1
255 5 n2 n5 0 3.000 0
255 6 n2 n3 212 3.000 1
255 7 n1 n5 0 0.310 0
255 8 n1 n3 186 0.310 1
256 1 n3 n5 0 0.140 0
256 2 n3 n3 216 0.140 1
256 3 n5 n5 0 0.550 0
256 4 n5 n3 173 0.550 1
256 5 n2 n5 0 0.960 0
256 6 n2 n3 209 0.960 1
256 7 n1 n5 0 0.360 0
256 8 n1 n3 184 0.360 1
257 1 n3 n5 0 0.200 0
257 2 n3 n3 213 0.200 1
257 3 n5 n5 0 1.650 0
257 4 n5 n3 173 1.650 1
257 5 n2 n5 0 1.030 0
257 6 n2 n3 207 1.030 1
257 7 n1 n5 0 0.410 0
257 8 n1 n3 182 0.410 1
258 1 n3 n5 0 1.280 0
258 2 n3 n3 213 1.280 1
258 3 n5 n5 0 0.640 0
258 4 n5 n3 172 0.640 1
258 5 n2 n5 0 0.030 0
258 6 n2 n3 203 0.030 1
258 7 n1 n5 0 0.460 0
258 8 n1 n3 180 0.460 1
259 1 n3 n5 0 0.280 0
259 2 n3 n3 212 0.280 1
259 3 n5 n5 0 0.690 0
259 4 n5 n3 170 0.690 1
259 5 n2 n5 0 0.080 0
259 6 n2 n3 200 0.080 1
259 7 n1 n5 0 0.490 0
259 8 n1 n3 179 0.490 1
260 1 n3 n5 0 0.330 0
260 2 n3 n3 210 0.330 1
260 3 n5 n5 0 0.730 0
260 4 n5 n3 169 0.730 1
260 5 n2 n5 0 0.110 0
260 6 n2 n3 199 0.110 1
260 7 n1 n5 0 0.550 0
260 8 n1 n3 178 0.550 1
261 1 n3 n5 0 0.380 0
261 2 n3 n3 208 0.380 1
261 3 n5 n5 0 0.770 0
261 4 n5 n3 168 0.770 1
261 5 n2 n5 0 0.170 0
261 6 n2 n3 198 0.170 1
261 7 n1 n5 0 0.590 0
261 8 n1 n3 178 0.590 1
262 1 n3 n5 0 0.410 0
262 2 n3 n3 207 0.410 1
262 3 n5 n5 0 0.810 0
262 4 n5 n3 167 0.810 1
262 5 n2 n5 0 0.200 0
262 6 n2 n3 196 0.200 1
262 7 n1 n5 0 0.630 0
262 8 n1 n3 177 0.630 1
263 1 n3 n5 0 0.460 0
263 2 n3 n3 207 0.460 1
263 3 n5 n5 0 1.900 0
263 4 n5 n3 167 1.900 1
263 5 n2 n5 0 0.240 0
263 6 n2 n3 194 0.240 1
263 7 n1 n5 0 0.680 0
263 8 n1 n3 177 0.680 1
264 1 n3 n5 0 0.490 0
264 2 n3 n3 205 0.490 1
264 3 n5 n5 0 0.900 0
264 4 n5 n3 166 0.900 1
264 5 n2 n5 0 0.290 0
264 6 n2 n3 192 0.290 1
264 7 n1 n5 0 1.760 0
264 8 n1 n3 177 1.760 1
265 1 n3 n5 0 0.540 0
265 2 n3 n3 205 0.540 1
265 3 n5 n5 0 0.940 0
265 4 n5 n3 166 0.940 1
265 5 n2 n5 0 0.330 0
265 6 n2 n3 190 0.330 1
265 7 n1 n5 0 0.760 0
265 8 n1 n3 177 0.760 1
266 1 n3 n5 0 0.590 0
266 2 n3 n3 205 0.590 1
266 3 n5 n5 0 0.990 0
266 4 n5 n3 166 0.990 1
266 5 n2 n5 0 0.380 0
266 6 n2 n3 189 0.380 1
266 7 n1 n5 0 0.810 0
266 8 n1 n3 176 0.810 1
267 1 n3 n5 0 1.670 0
267 2 n3 n3 205 1.670 1
267 3 n5 n5 0 2.070 0
267 4 n5 n3 166 2.070 1
267 5 n2 n5 0 0.420 0
267 6 n2 n3 188 0.420 1
267 7 n1 n5 0 0.860 0
267 8 n1 n3 176 0.860 1
268 1 n3 n5 0 0.680 0
268 2 n3 n3 206 0.680 1
268 3 n5 n5 0 0.050 0
268 4 n5 n3 168 0.050 1
268 5 n2 n5 0 0.480 0
268 6 n2 n3 188 0.480 1
268 7 n1 n5 0 0.900 0
268 8 n1 n3 176 0.900 1
269 1 n3 n5 0 0.730 0
269 2 n3 n3 207 0.730 1
269 3 n5 n5 0 0.080 0
269 4 n5 n3 171 0.080 1
269 5 n2 n5 0 0.520 0
269 6 n2 n3 188 0.520 1
269 7 n1 n5 0 0.940 0
269 8 n1 n3 177 0.940 1
270 1 n3 n5 0 0.770 0
270 2 n3 n3 208 0.770 1
270 3 n5 n5 0 0.130 0
270 4 n5 n3 173 0.130 1
270 5 n2 n5 0 1.600 0
270 6 n2 n3 188 1.600 1
270 7 n1 n5 0 0.990 0
270 8 n1 n3 179 0.990 1
271 1 n3 n5 0 0.810 0
271 2 n3 n3 209 0.810 1
271 3 n5 n5 0 0.180 0
271 4 n5 n3 173 0.180 1
271 5 n2 n5 0 0.600 0
271 6 n2 n3 187 0.600 1
271 7 n1 n5 0 1.030 0
271 8 n1 n3 181 1.030 1
272 1 n3 n5 0 0.860 0
272 2 n3 n3 209 0.860 1
272 3 n5 n5 0 0.220 0
272 4 n5 n3 173 0.220 1
272 5 n2 n5 0 0.650 0
272 6 n2 n3 187 0.650 1
272 7 n1 n5 0 1.080 0
272 8 n1 n3 181 1.080 1
273 1 n3 n5 0 0.900 0
273 2 n3 n3 207 0.900 1
273 3 n5 n5 0 1.300 0
273 4 n5 n3 173 1.300 1
273 5 n2 n5 0 0.690 0
273 6 n2 n3 185 0.690 1
273 7 n1 n5 0 0.080 0
273 8 n1 n3 179 0.080 1
274 1 n3 n5 0 2.000 0
274 2 n3 n3 207 2.000 1
274 3 n5 n5 0 0.320 0
274 4 n5 n3 170 0.320 1
274 5 n2 n5 0 0.660 0
274 6 n2 n3 182 0.660 1
274 7 n1 n5 0 0.140 0
274 8 n1 n3 176 0.140 1
275 1 n3 n5 0 3.080 0
275 2 n3 n3 207 3.080 1
275 3 n5 n5 0 0.360 0
275 4 n5 n3 165 0.360 1
275 5 n2 n5 0 0.790 0
275 6 n2 n3 179 0.790 1
275 7 n1 n5 0 0.180 0
275 8 n1 n3 171 0.180 1
276 1 n3 n5 0 4.160 0
276 2 n3 n3 207 4.160 1
276 3 n5 n5 0 0.410 0
276 4 n5 n3 162 0.410 1
276 5 n2 n5 0 0.820 0
276 6 n2 n3 178 0.820 1
276 7 n1 n3 167 0.220 1
277 1 n3 n5 0 0.040 0
277 2 n3 n3 208 0.040 1
277 3 n5 n5 0 0.440 0
277 4 n5 n3 159 0.440 1
277 5 n2 n3 178 0.870 1
277 6 n1 n3 164 0.260 1
278 1 n3 n5 0 0.130 0
278 2 n3 n3 209 0.130 1
278 3 n5 n5 0 0.530 0
278 4 n5 n3 160 0.530 1
278 5 n2 n3 181 0.960 1
278 6 n1 n3 164 1.390 1
279 1 n3 n5 0 1.210 0
279 2 n3 n3 209 1.210 1
279 3 n5 n5 0 0.570 0
279 4 n5 n3 161 0.570 1
279 5 n2 n3 184 1.000 1
279 6 n1 n3 164 2.470 1
280 1 n3 n5 0 0.230 0
280 2 n3 n3 209 0.230 1
280 3 n5 n5 0 0.630 0
280 4 n5 n3 162 0.630 1
280 5 n2 n3 187 0.020 1
280 6 n1 n3 164 0.450 1
281 1 n3 n5 0 0.260 0
281 2 n3 n3 211 0.260 1
281 3 n5 n5 0 0.660 0
281 4 n5 n3 163 0.660 1
281 5 n2 n3 189 0.050 1
281 6 n1 n3 165 0.480 1
282 1 n3 n5 0 0.290 0
282 2 n3 n3 213 0.290 1
282 3 n5 n5 0 0.690 0
282 4 n5 n3 163 0.690 1
282 5 n2 n3 187 0.080 1
282 6 n1 n3 165 0.510 1
283 1 n3 n5 0 0.320 0
283 2 n3 n3 212 0.320 1
283 3 n5 n5 0 0.720 0
283 4 n5 n3 160 0.720 1
283 5 n2 n3 187 0.120 1
283 6 n1 n3 165 1.580 1
284 1 n3 n5 0 0.360 0
284 2 n3 n3 212 0.360 1
284 3 n5 n5 0 0.760 0
284 4 n5 n3 159 0.760 1
284 5 n2 n3 186 0.150 1
284 6 n1 n3 165 0.580 1
285 1 n3 n5 0 0.380 0
285 2 n3 n3 211 0.380 1
285 3 n5 n5 0 0.780 0
285 4 n5 n3 157 0.780 1
285 5 n2 n3 184 0.170 1
285 6 n1 n3 164 0.590 1
286 1 n3 n5 0 0.400 0
286 2 n3 n3 210 0.400 1
286 3 n5 n5 0 0.800 0
286 4 n5 n3 155 0.800 1
286 5 n2 n3 184 1.230 1
286 6 n1 n3 164 1.650 1
287 1 n3 n5 0 0.440 0
287 2 n3 n3 210 0.440 1
287 3 n5 n5 0 0.840 0
287 4 n5 n3 154 0.840 1
287 5 n2 n3 184 0.230 1
287 6 n1 n3 162 0.660 1
288 1 n3 n5 0 0.470 0
288 2 n3 n3 210 0.470 1
288 3 n5 n5 0 0.870 0
288 4 n5 n3 152 0.870 1
288 5 n2 n3 184 0.260 1
288 6 n1 n3 162 1.730 1
289 1 n3 n5 0 0.510 0
289 2 n3 n3 210 0.510 1
289 3 n5 n5 0 0.910 0
289 4 n5 n3 151 0.910 1
289 5 n2 n3 183 0.300 1
289 6 n1 n3 160 0.730 1
290 1 n3 n5 0 0.530 0
290 2 n3 n3 210 0.530 1
290 3 n5 n5 0 0.930 0
290 4 n5 n3 148 0.930 1
290 5 n2 n3 183 0.310 1
290 6 n1 n3 157 0.740 1
291 1 n3 n5 0 0.560 0
291 2 n3 n3 210 0.560 1
291 3 n5 n5 0 0.960 0
291 4 n5 n3 147 0.960 1
291 5 n2 n3 182 0.350 1
291 6 n1 n3 156 0.790 1
292 1 n3 n5 0 0.590 0
292 2 n3 n3 209 0.590 1
292 3 n5 n5 0 2.030 0
292 4 n5 n3 147 2.030 1
292 5 n2 n3 181 0.380 1
292 6 n1 n3 154 0.810 1
293 1 n3 n5 0 0.610 0
293 2 n3 n3 208 0.610 1
293 3 n5 n5 0 1.010 0
293 4 n5 n3 145 1.010 1
293 5 n2 n3 180 0.390 1
293 6 n1 n3 152 0.830 1
294 1 n3 n5 0 0.640 0
294 2 n3 n3 207 0.640 1
294 3 n5 n5 0 0.000 0
294 4 n5 n3 141 0.000 1
294 5 n2 n3 179 0.430 1
294 6 n1 n3 151 0.860 1
295 1 n3 n5 0 0.680 0
295 2 n3 n3 208 0.680 1
295 3 n5 n5 0 0.040 0
295 4 n5 n3 140 0.040 1
295 5 n2 n3 178 0.480 1
295 6 n1 n3 150 0.900 1
296 1 n3 n5 0 0.710 0
296 2 n3 n3 207 0.710 1
296 3 n5 n5 0 0.070 0
296 4 n5 n3 138 0.070 1
296 5 n2 n3 178 0.510 1
296 6 n1 n3 148 0.940 1
297 1 n3 n5 0 0.730 0
297 2 n3 n3 207 0.730 1
297 3 n5 n5 0 0.100 0
297 4 n5 n3 137 0.100 1
297 5 n2 n3 178 0.520 1
297 6 n1 n3 147 0.950 1
298 1 n3 n5 0 0.770 0
298 2 n3 n3 207 0.770 1
298 3 n5 n5 0 0.130 0
298 4 n5 n3 136 0.130 1
298 5 n2 n3 177 0.560 1
298 6 n1 n3 147 2.030 1
299 1 n3 n5 0 0.800 0
299 2 n3 n3 207 0.800 1
299 3 n5 n5 0 0.170 0
299 4 n5 n3 136 0.170 1
299 5 n2 n3 177 0.600 1
299 6 n1 n3 147 1.030 1
300 1 n3 n5 0 0.840 0
300 2 n3 n3 208 0.840 1
300 3 n5 n5 0 1.250 0
300 4 n5 n3 136 1.250 1
300 5 n2 n3 177 0.630 1
300 6 n1 n3 146 1.070 1
