1 1 N3 N5 35 0.710 0
1 2 N3 N2 181 0.710 0
1 3 N3 N3 233 0.710 1
1 4 N5 N3 0 0.100 0
1 5 N5 N5 51 0.100 0
1 6 N5 N2 192 0.100 1
1 7 N2 N5 47 0.150 0
1 8 N2 N3 180 0.150 0
1 9 N2 N2 241 0.150 1
1 10 N4 N5 25 0.220 0
1 11 N4 N2 0 0.220 0
1 12 N4 N3 199 0.220 1
2 1 N3 N5 35 0.800 0
2 2 N3 N2 181 0.800 0
2 3 N3 N3 234 0.800 1
2 4 N5 N3 0 1.240 0
2 5 N5 N5 51 1.240 0
2 6 N5 N2 192 1.240 1
2 7 N2 N5 53 0.150 0
2 8 N2 N3 177 0.150 0
2 9 N2 N2 242 0.150 1
2 10 N4 N5 25 1.360 0
2 11 N4 N2 0 1.360 0
2 12 N4 N3 199 1.360 1
3 1 N3 N5 40 0.290 0
3 2 N3 N2 183 0.290 0
3 3 N3 N3 235 0.290 1
3 4 N5 N3 0 0.170 0
3 5 N5 N5 59 0.170 0
3 6 N5 N2 192 0.170 1
3 7 N2 N5 56 0.180 0
3 8 N2 N3 174 0.180 0
3 9 N2 N2 242 0.180 1
3 10 N4 N5 26 0.360 0
3 11 N4 N2 0 0.360 0
3 12 N4 N3 201 0.360 1
4 1 N3 N5 44 0.410 0
4 2 N3 N2 185 0.410 0
4 3 N3 N3 234 0.410 1
4 4 N5 N3 0 0.240 0
4 5 N5 N5 68 0.240 0
4 6 N5 N2 192 0.240 1
4 7 N2 N5 57 0.250 0
4 8 N2 N3 171 0.250 0
4 9 N2 N2 243 0.250 1
4 10 N4 N5 33 0.250 0
4 11 N4 N2 0 0.250 0
4 12 N4 N3 201 0.250 1
5 1 N3 N5 48 0.410 0
5 2 N3 N2 186 0.410 0
5 3 N3 N3 234 0.410 1
5 4 N5 N3 0 0.290 0
5 5 N5 N5 70 0.290 0
5 6 N5 N2 192 0.290 1
5 7 N2 N5 66 0.410 0
5 8 N2 N3 169 0.410 0
5 9 N2 N2 243 0.410 1
5 10 N4 N5 33 0.990 0
5 11 N4 N2 0 0.990 0
5 12 N4 N3 202 0.990 1
6 1 N3 N5 51 0.020 0
6 2 N3 N2 185 0.020 0
6 3 N3 N3 233 0.020 1
6 4 N5 N3 0 0.880 0
6 5 N5 N5 70 0.880 0
6 6 N5 N2 192 0.880 1
6 7 N2 N5 69 0.480 0
6 8 N2 N3 167 0.480 0
6 9 N2 N2 243 0.480 1
6 10 N4 N5 33 2.080 0
6 11 N4 N2 0 2.080 0
6 12 N4 N3 202 2.080 1
7 1 N3 N5 53 0.080 0
7 2 N3 N2 183 0.080 0
7 3 N3 N3 232 0.080 1
7 4 N5 N3 0 0.440 0
7 5 N5 N5 72 0.440 0
7 6 N5 N2 192 0.440 1
7 7 N2 N5 70 0.010 0
7 8 N2 N3 167 0.010 0
7 9 N2 N2 243 0.010 1
7 10 N4 N5 33 3.170 0
7 11 N4 N2 0 3.170 0
7 12 N4 N3 202 3.170 1
8 1 N3 N5 53 0.150 0
8 2 N3 N2 178 0.150 0
8 3 N3 N3 230 0.150 1
8 4 N5 N3 0 0.020 0
8 5 N5 N5 78 0.020 0
8 6 N5 N2 192 0.020 1
8 7 N2 N5 71 0.090 0
8 8 N2 N3 168 0.090 0
8 9 N2 N2 243 0.090 1
8 10 N4 N5 39 0.490 0
8 11 N4 N2 0 0.490 0
8 12 N4 N3 202 0.490 1
9 1 N3 N5 53 0.230 0
9 2 N3 N2 175 0.230 0
9 3 N3 N3 227 0.230 1
9 4 N5 N3 0 0.090 0
9 5 N5 N5 78 0.090 0
9 6 N5 N2 191 0.090 1
9 7 N2 N5 71 0.120 0
9 8 N2 N3 168 0.120 0
9 9 N2 N2 243 0.120 1
9 10 N4 N5 39 0.740 0
9 11 N4 N2 0 0.740 0
9 12 N4 N3 201 0.740 1
10 1 N3 N5 53 0.410 0
10 2 N3 N2 174 0.410 0
10 3 N3 N3 226 0.410 1
10 4 N5 N3 0 0.140 0
10 5 N5 N5 83 0.140 0
10 6 N5 N2 192 0.140 1
10 7 N2 N5 71 0.180 0
10 8 N2 N3 168 0.180 0
10 9 N2 N2 244 0.180 1
10 10 N4 N5 39 1.830 0
10 11 N4 N2 0 1.830 0
10 12 N4 N3 201 1.830 1
11 1 N3 N5 52 0.880 0
11 2 N3 N2 173 0.880 0
11 3 N3 N3 225 0.880 1
11 4 N5 N3 0 0.180 0
11 5 N5 N5 83 0.180 0
11 6 N5 N2 192 0.180 1
11 7 N2 N5 73 0.110 0
11 8 N2 N3 166 0.110 0
11 9 N2 N2 244 0.110 1
11 10 N4 N5 43 0.120 0
11 11 N4 N2 0 0.120 0
11 12 N4 N3 201 0.120 1
12 1 N3 N5 52 0.430 0
12 2 N3 N2 173 0.430 0
12 3 N3 N3 224 0.430 1
12 4 N5 N3 0 0.240 0
12 5 N5 N5 84 0.240 0
12 6 N5 N2 192 0.240 1
12 7 N2 N5 75 0.160 0
12 8 N2 N3 167 0.160 0
12 9 N2 N2 244 0.160 1
12 10 N4 N5 46 0.690 0
12 11 N4 N2 0 0.690 0
12 12 N4 N3 200 0.690 1
13 1 N3 N5 55 0.460 0
13 2 N3 N2 172 0.460 0
13 3 N3 N3 225 0.460 1
13 4 N5 N3 0 0.290 0
13 5 N5 N5 87 0.290 0
13 6 N5 N2 192 0.290 1
13 7 N2 N5 76 0.310 0
13 8 N2 N3 166 0.310 0
13 9 N2 N2 244 0.310 1
13 10 N4 N5 46 1.790 0
13 11 N4 N2 0 1.790 0
13 12 N4 N3 200 1.790 1
14 1 N3 N5 55 0.000 0
14 2 N3 N2 173 0.000 0
14 3 N3 N3 224 0.000 1
14 4 N5 N3 0 0.360 0
14 5 N5 N5 89 0.360 0
14 6 N5 N2 192 0.360 1
14 7 N2 N5 76 0.340 0
14 8 N2 N3 167 0.340 0
14 9 N2 N2 244 0.340 1
14 10 N4 N5 46 0.030 0
14 11 N4 N2 0 0.030 0
14 12 N4 N3 200 0.030 1
15 1 N3 N5 55 0.200 0
15 2 N3 N2 174 0.200 0
15 3 N3 N3 224 0.200 1
15 4 N5 N3 0 0.410 0
15 5 N5 N5 93 0.410 0
15 6 N5 N2 192 0.410 1
15 7 N2 N5 83 0.280 0
15 8 N2 N3 169 0.280 0
15 9 N2 N2 244 0.280 1
15 10 N4 N5 49 0.360 0
15 11 N4 N2 0 0.360 0
15 12 N4 N3 199 0.360 1
16 1 N3 N5 65 0.120 0
16 2 N3 N2 180 0.120 0
16 3 N3 N3 222 0.120 1
16 4 N5 N3 0 0.460 0
16 5 N5 N5 96 0.460 0
16 6 N5 N2 192 0.460 1
16 7 N2 N5 85 0.340 0
16 8 N2 N3 169 0.340 0
16 9 N2 N2 245 0.340 1
16 10 N4 N5 50 0.160 0
16 11 N4 N2 0 0.160 0
16 12 N4 N3 198 0.160 1
17 1 N3 N5 65 0.220 0
17 2 N3 N2 185 0.220 0
17 3 N3 N3 222 0.220 1
17 4 N5 N3 0 0.050 0
17 5 N5 N5 96 0.050 0
17 6 N5 N2 191 0.050 1
17 7 N2 N5 87 0.560 0
17 8 N2 N3 170 0.560 0
17 9 N2 N2 246 0.560 1
17 10 N4 N5 52 0.540 0
17 11 N4 N2 0 0.540 0
17 12 N4 N3 198 0.540 1
18 1 N3 N5 65 0.280 0
18 2 N3 N2 190 0.280 0
18 3 N3 N3 221 0.280 1
18 4 N5 N3 0 0.140 0
18 5 N5 N5 99 0.140 0
18 6 N5 N2 191 0.140 1
18 7 N2 N5 88 0.100 0
18 8 N2 N3 170 0.100 0
18 9 N2 N2 246 0.100 1
18 10 N4 N5 55 0.260 0
18 11 N4 N2 0 0.260 0
18 12 N4 N3 195 0.260 1
19 1 N3 N5 65 0.870 0
19 2 N3 N2 192 0.870 0
19 3 N3 N3 221 0.870 1
19 4 N5 N3 0 0.190 0
19 5 N5 N5 107 0.190 0
19 6 N5 N2 191 0.190 1
19 7 N2 N5 88 0.180 0
19 8 N2 N3 168 0.180 0
19 9 N2 N2 246 0.180 1
19 10 N4 N5 58 0.210 0
19 11 N4 N2 0 0.210 0
19 12 N4 N3 192 0.210 1
20 1 N3 N5 65 0.410 0
20 2 N3 N2 194 0.410 0
20 3 N3 N3 219 0.410 1
20 4 N5 N3 0 0.270 0
20 5 N5 N5 107 0.270 0
20 6 N5 N2 190 0.270 1
20 7 N2 N5 90 0.270 0
20 8 N2 N3 166 0.270 0
20 9 N2 N2 246 0.270 1
20 10 N4 N5 60 0.400 0
20 11 N4 N2 0 0.400 0
20 12 N4 N3 189 0.400 1
21 1 N3 N5 76 0.080 0
21 2 N3 N2 193 0.080 0
21 3 N3 N3 216 0.080 1
21 4 N5 N3 0 0.350 0
21 5 N5 N5 114 0.350 0
21 6 N5 N2 189 0.350 1
21 7 N2 N5 90 0.720 0
21 8 N2 N3 161 0.720 0
21 9 N2 N2 245 0.720 1
21 10 N4 N5 64 0.220 0
21 11 N4 N2 0 0.220 0
21 12 N4 N3 184 0.220 1
22 1 N3 N5 76 1.050 0
22 2 N3 N2 192 1.050 0
22 3 N3 N3 216 1.050 1
22 4 N5 N3 0 0.400 0
22 5 N5 N5 115 0.400 0
22 6 N5 N2 189 0.400 1
22 7 N2 N5 95 0.270 0
22 8 N2 N3 157 0.270 0
22 9 N2 N2 245 0.270 1
22 10 N4 N5 66 1.010 0
22 11 N4 N2 0 1.010 0
22 12 N4 N3 183 1.010 1
23 1 N3 N5 76 0.100 0
23 2 N3 N2 194 0.100 0
23 3 N3 N3 213 0.100 1
23 4 N5 N3 0 0.480 0
23 5 N5 N5 115 0.480 0
23 6 N5 N2 189 0.480 1
23 7 N2 N5 98 0.350 0
23 8 N2 N3 153 0.350 0
23 9 N2 N2 246 0.350 1
23 10 N4 N5 66 2.100 0
23 11 N4 N2 0 2.100 0
23 12 N4 N3 183 2.100 1
24 1 N3 N5 82 0.220 0
24 2 N3 N2 195 0.220 0
24 3 N3 N3 209 0.220 1
24 4 N5 N3 0 0.040 0
24 5 N5 N5 118 0.040 0
24 6 N5 N2 191 0.040 1
24 7 N2 N5 100 0.010 0
24 8 N2 N3 151 0.010 0
24 9 N2 N2 247 0.010 1
24 10 N4 N5 66 0.620 0
24 11 N4 N2 0 0.620 0
24 12 N4 N3 181 0.620 1
25 1 N3 N5 82 0.320 0
25 2 N3 N2 194 0.320 0
25 3 N3 N3 206 0.320 1
25 4 N5 N3 0 0.170 0
25 5 N5 N5 118 0.170 0
25 6 N5 N2 191 0.170 1
25 7 N2 N5 100 0.140 0
25 8 N2 N3 149 0.140 0
25 9 N2 N2 247 0.140 1
25 10 N4 N5 67 0.720 0
25 11 N4 N2 0 0.720 0
25 12 N4 N3 179 0.720 1
26 1 N3 N5 82 1.010 0
26 2 N3 N2 195 1.010 0
26 3 N3 N3 202 1.010 1
26 4 N5 N3 0 0.200 0
26 5 N5 N5 118 0.200 0
26 6 N5 N2 193 0.200 1
26 7 N2 N5 100 0.100 0
26 8 N2 N3 146 0.100 0
26 9 N2 N2 246 0.100 1
26 10 N4 N5 67 0.780 0
26 11 N4 N2 0 0.780 0
26 12 N4 N3 176 0.780 1
27 1 N3 N5 82 0.050 0
27 2 N3 N2 193 0.050 0
27 3 N3 N3 197 0.050 1
27 4 N5 N3 0 0.770 0
27 5 N5 N5 118 0.770 0
27 6 N5 N2 193 0.770 1
27 7 N2 N5 96 0.180 0
27 8 N2 N3 142 0.180 0
27 9 N2 N2 246 0.180 1
27 10 N4 N5 69 0.340 0
27 11 N4 N2 0 0.340 0
27 12 N4 N3 172 0.340 1
28 1 N3 N5 82 0.100 0
28 2 N3 N2 188 0.100 0
28 3 N3 N3 195 0.100 1
28 4 N5 N3 0 0.350 0
28 5 N5 N5 118 0.350 0
28 6 N5 N2 193 0.350 1
28 7 N2 N5 93 0.350 0
28 8 N2 N3 142 0.350 0
28 9 N2 N2 244 0.350 1
28 10 N4 N5 69 0.390 0
28 11 N4 N2 0 0.390 0
28 12 N4 N3 167 0.390 1
29 1 N3 N5 80 0.020 0
29 2 N3 N2 178 0.020 0
29 3 N3 N3 192 0.020 1
29 4 N5 N3 0 0.430 0
29 5 N5 N5 113 0.430 0
29 6 N5 N2 192 0.430 1
29 7 N2 N5 88 0.310 0
29 8 N2 N3 137 0.310 0
29 9 N2 N2 242 0.310 1
29 10 N4 N5 69 0.470 0
29 11 N4 N2 0 0.470 0
29 12 N4 N3 162 0.470 1
30 1 N3 N5 80 0.050 0
30 2 N3 N2 173 0.050 0
30 3 N3 N3 189 0.050 1
30 4 N5 N3 0 0.500 0
30 5 N5 N5 107 0.500 0
30 6 N5 N2 189 0.500 1
30 7 N2 N5 88 0.760 0
30 8 N2 N3 137 0.760 0
30 9 N2 N2 241 0.760 1
30 10 N4 N5 69 1.560 0
30 11 N4 N2 0 1.560 0
30 12 N4 N3 162 1.560 1
31 1 N3 N5 80 1.140 0
31 2 N3 N2 173 1.140 0
31 3 N3 N3 189 1.140 1
31 4 N5 N3 0 0.570 0
31 5 N5 N5 107 0.570 0
31 6 N5 N2 187 0.570 1
31 7 N2 N5 88 0.020 0
31 8 N2 N3 137 0.020 0
31 9 N2 N2 236 0.020 1
31 10 N4 N5 69 2.650 0
31 11 N4 N2 0 2.650 0
31 12 N4 N3 162 2.650 1
32 1 N3 N5 80 0.230 0
32 2 N3 N2 169 0.230 0
32 3 N3 N3 187 0.230 1
32 4 N5 N3 0 0.180 0
32 5 N5 N5 100 0.180 0
32 6 N5 N2 183 0.180 1
32 7 N2 N5 85 0.130 0
32 8 N2 N3 137 0.130 0
32 9 N2 N2 232 0.130 1
32 10 N4 N5 69 3.760 0
32 11 N4 N2 0 3.760 0
32 12 N4 N3 162 3.760 1
33 1 N3 N5 80 0.960 0
33 2 N3 N2 169 0.960 0
33 3 N3 N3 185 0.960 1
33 4 N5 N3 0 0.250 0
33 5 N5 N5 96 0.250 0
33 6 N5 N2 178 0.250 1
33 7 N2 N5 85 0.240 0
33 8 N2 N3 138 0.240 0
33 9 N2 N2 229 0.240 1
33 10 N4 N5 69 0.100 0
33 11 N4 N2 0 0.100 0
33 12 N4 N3 159 0.100 1
34 1 N3 N5 80 0.370 0
34 2 N3 N2 164 0.370 0
34 3 N3 N3 183 0.370 1
34 4 N5 N3 0 0.300 0
34 5 N5 N5 96 0.300 0
34 6 N5 N2 172 0.300 1
34 7 N2 N5 83 0.300 0
34 8 N2 N3 137 0.300 0
34 9 N2 N2 227 0.300 1
34 10 N4 N5 69 1.190 0
34 11 N4 N2 0 1.190 0
34 12 N4 N3 159 1.190 1
35 1 N3 N5 0 0.960 0
35 2 N3 N2 160 0.960 0
35 3 N3 N3 181 0.960 1
35 4 N5 N3 0 0.390 0
35 5 N5 N5 84 0.390 0
35 6 N5 N2 166 0.390 1
35 7 N2 N5 83 0.370 0
35 8 N2 N3 134 0.370 0
35 9 N2 N2 225 0.370 1
35 10 N4 N5 69 2.290 0
35 11 N4 N2 0 2.290 0
35 12 N4 N3 159 2.290 1
36 1 N3 N5 0 0.520 0
36 2 N3 N2 157 0.520 0
36 3 N3 N3 178 0.520 1
36 4 N5 N3 0 0.980 0
36 5 N5 N5 84 0.980 0
36 6 N5 N2 163 0.980 1
36 7 N2 N5 84 0.440 0
36 8 N2 N3 134 0.440 0
36 9 N2 N2 223 0.440 1
36 10 N4 N5 69 0.390 0
36 11 N4 N2 0 0.390 0
36 12 N4 N3 155 0.390 1
37 1 N3 N5 0 0.720 0
37 2 N3 N2 157 0.720 0
37 3 N3 N3 175 0.720 1
37 4 N5 N3 0 0.510 0
37 5 N5 N5 77 0.510 0
37 6 N5 N2 157 0.510 1
37 7 N2 N5 0 0.410 0
37 8 N2 N3 116 0.410 0
37 9 N2 N2 221 0.410 1
37 10 N4 N5 69 0.440 0
37 11 N4 N2 0 0.440 0
37 12 N4 N3 150 0.440 1
38 1 N3 N5 0 0.840 0
38 2 N3 N2 153 0.840 0
38 3 N3 N3 175 0.840 1
38 4 N5 N3 0 0.090 0
38 5 N5 N5 70 0.090 0
38 6 N5 N2 152 0.090 1
38 7 N2 N5 0 0.590 0
38 8 N2 N3 99 0.590 0
38 9 N2 N2 220 0.590 1
38 10 N4 N5 69 1.540 0
38 11 N4 N2 0 1.540 0
38 12 N4 N3 150 1.540 1
39 1 N3 N5 0 0.840 0
39 2 N3 N2 153 0.840 0
39 3 N3 N3 172 0.840 1
39 4 N5 N3 0 0.110 0
39 5 N5 N5 60 0.110 0
39 6 N5 N2 148 0.110 1
39 7 N2 N5 0 0.110 0
39 8 N2 N3 99 0.110 0
39 9 N2 N2 220 0.110 1
39 10 N4 N5 69 0.570 0
39 11 N4 N2 0 0.570 0
39 12 N4 N3 146 0.570 1
40 1 N3 N5 0 0.780 0
40 2 N3 N2 150 0.780 0
40 3 N3 N3 169 0.780 1
40 4 N5 N3 0 0.140 0
40 5 N5 N5 57 0.140 0
40 6 N5 N2 144 0.140 1
40 7 N2 N5 0 0.130 0
40 8 N2 N3 97 0.130 0
40 9 N2 N2 220 0.130 1
40 10 N4 N5 69 0.630 0
40 11 N4 N2 0 0.630 0
40 12 N4 N3 141 0.630 1
41 1 N3 N5 0 1.860 0
41 2 N3 N2 150 1.860 0
41 3 N3 N3 169 1.860 1
41 4 N5 N3 0 0.050 0
41 5 N5 N5 57 0.050 0
41 6 N5 N2 140 0.050 1
41 7 N2 N5 0 0.040 0
41 8 N2 N3 97 0.040 0
41 9 N2 N2 221 0.040 1
41 10 N4 N5 69 0.680 0
41 11 N4 N2 0 0.680 0
41 12 N4 N3 137 0.680 1
42 1 N3 N5 0 0.050 0
42 2 N3 N2 145 0.050 0
42 3 N3 N3 162 0.050 1
42 4 N5 N3 0 0.210 0
42 5 N5 N5 57 0.210 0
42 6 N5 N2 138 0.210 1
42 7 N2 N5 0 0.200 0
42 8 N2 N3 97 0.200 0
42 9 N2 N2 222 0.200 1
42 10 N4 N5 69 1.780 0
42 11 N4 N2 0 1.780 0
42 12 N4 N3 137 1.780 1
43 1 N3 N5 0 1.020 0
43 2 N3 N2 144 1.020 0
43 3 N3 N3 162 1.020 1
43 4 N5 N3 0 0.050 0
43 5 N5 N5 57 0.050 0
43 6 N5 N2 135 0.050 1
43 7 N2 N5 0 0.060 0
43 8 N2 N3 97 0.060 0
43 9 N2 N2 222 0.060 1
43 10 N4 N5 69 2.870 0
43 11 N4 N2 0 2.870 0
43 12 N4 N3 137 2.870 1
44 1 N3 N5 0 0.040 0
44 2 N3 N2 140 0.040 0
44 3 N3 N3 157 0.040 1
44 4 N5 N3 0 0.430 0
44 5 N5 N5 57 0.430 0
44 6 N5 N2 132 0.430 1
44 7 N2 N5 33 0.450 0
44 8 N2 N3 97 0.450 0
44 9 N2 N2 222 0.450 1
44 10 N4 N5 69 3.960 0
44 11 N4 N2 0 3.960 0
44 12 N4 N3 137 3.960 1
45 1 N3 N5 0 0.100 0
45 2 N3 N2 138 0.100 0
45 3 N3 N3 154 0.100 1
45 4 N5 N3 0 1.010 0
45 5 N5 N5 57 1.010 0
45 6 N5 N2 132 1.010 1
45 7 N2 N5 33 0.920 0
45 8 N2 N3 92 0.920 0
45 9 N2 N2 221 0.920 1
45 10 N4 N5 69 5.050 0
45 11 N4 N2 0 5.050 0
45 12 N4 N3 137 5.050 1
46 1 N3 N5 0 0.170 0
46 2 N3 N2 134 0.170 0
46 3 N3 N3 152 0.170 1
46 4 N5 N3 0 0.030 0
46 5 N5 N5 0 0.030 0
46 6 N5 N2 130 0.030 1
46 7 N2 N5 33 0.040 0
46 8 N2 N3 92 0.040 0
46 9 N2 N2 222 0.040 1
46 10 N4 N5 69 6.160 0
46 11 N4 N2 0 6.160 0
46 12 N4 N3 137 6.160 1
47 1 N3 N5 0 0.780 0
47 2 N3 N2 131 0.780 0
47 3 N3 N3 149 0.780 1
47 4 N5 N3 0 0.120 0
47 5 N5 N5 29 0.120 0
47 6 N5 N2 129 0.120 1
47 7 N2 N5 33 0.660 0
47 8 N2 N3 92 0.660 0
47 9 N2 N2 222 0.660 1
47 10 N4 N5 69 7.270 0
47 11 N4 N2 0 7.270 0
47 12 N4 N3 137 7.270 1
48 1 N3 N5 0 1.870 0
48 2 N3 N2 131 1.870 0
48 3 N3 N3 149 1.870 1
48 4 N5 N3 0 0.160 0
48 5 N5 N5 29 0.160 0
48 6 N5 N2 126 0.160 1
48 7 N2 N5 33 0.720 0
48 8 N2 N3 89 0.720 0
48 9 N2 N2 222 0.720 1
48 10 N4 N5 69 8.360 0
48 11 N4 N2 0 8.360 0
48 12 N4 N3 137 8.360 1
49 1 N3 N5 3 0.380 0
49 2 N3 N2 126 0.380 0
49 3 N3 N3 147 0.380 1
49 4 N5 N3 0 0.270 0
49 5 N5 N5 19 0.270 0
49 6 N5 N2 121 0.270 1
49 7 N2 N5 33 0.270 0
49 8 N2 N3 89 0.270 0
49 9 N2 N2 222 0.270 1
49 10 N4 N5 0 0.750 0
49 11 N4 N2 0 0.750 0
49 12 N4 N3 131 0.750 1
50 1 N3 N5 3 1.470 0
50 2 N3 N2 126 1.470 0
50 3 N3 N3 147 1.470 1
50 4 N5 N3 0 0.310 0
50 5 N5 N5 19 0.310 0
50 6 N5 N2 119 0.310 1
50 7 N2 N5 33 0.370 0
50 8 N2 N3 89 0.370 0
50 9 N2 N2 221 0.370 1
50 10 N4 N5 0 1.840 0
50 11 N4 N2 0 1.840 0
50 12 N4 N3 131 1.840 1
51 1 N3 N5 3 2.560 0
51 2 N3 N2 126 2.560 0
51 3 N3 N3 147 2.560 1
51 4 N5 N3 0 0.380 0
51 5 N5 N5 19 0.380 0
51 6 N5 N2 113 0.380 1
51 7 N2 N5 33 0.430 0
51 8 N2 N3 89 0.430 0
51 9 N2 N2 220 0.430 1
51 10 N4 N5 0 2.930 0
51 11 N4 N2 0 2.930 0
51 12 N4 N3 131 2.930 1
52 1 N3 N5 3 0.600 0
52 2 N3 N2 116 0.600 0
52 3 N3 N3 137 0.600 1
52 4 N5 N3 0 0.440 0
52 5 N5 N5 19 0.440 0
52 6 N5 N2 108 0.440 1
52 7 N2 N5 20 0.480 0
52 8 N2 N3 69 0.480 0
52 9 N2 N2 220 0.480 1
52 10 N4 N5 0 4.020 0
52 11 N4 N2 0 4.020 0
52 12 N4 N3 131 4.020 1
53 1 N3 N5 3 1.690 0
53 2 N3 N2 116 1.690 0
53 3 N3 N3 137 1.690 1
53 4 N5 N3 0 0.000 0
53 5 N5 N5 16 0.000 0
53 6 N5 N2 101 0.000 1
53 7 N2 N5 7 0.000 0
53 8 N2 N3 47 0.000 0
53 9 N2 N2 220 0.000 1
53 10 N4 N5 0 5.110 0
53 11 N4 N2 0 5.110 0
53 12 N4 N3 131 5.110 1
54 1 N3 N5 3 2.780 0
54 2 N3 N2 116 2.780 0
54 3 N3 N3 137 2.780 1
54 4 N5 N3 0 0.030 0
54 5 N5 N5 16 0.030 0
54 6 N5 N2 98 0.030 1
54 7 N2 N5 7 0.030 0
54 8 N2 N3 47 0.030 0
54 9 N2 N2 221 0.030 1
54 10 N4 N5 0 6.200 0
54 11 N4 N2 0 6.200 0
54 12 N4 N3 131 6.200 1
55 1 N3 N5 3 0.770 0
55 2 N3 N2 113 0.770 0
55 3 N3 N3 137 0.770 1
55 4 N5 N3 0 0.060 0
55 5 N5 N5 10 0.060 0
55 6 N5 N2 92 0.060 1
55 7 N2 N5 7 0.080 0
55 8 N2 N3 43 0.080 0
55 9 N2 N2 221 0.080 1
55 10 N4 N5 0 7.290 0
55 11 N4 N2 0 7.290 0
55 12 N4 N3 131 7.290 1
56 1 N3 N5 3 0.330 0
56 2 N3 N2 104 0.330 0
56 3 N3 N3 128 0.330 1
56 4 N5 N3 0 0.090 0
56 5 N5 N5 10 0.090 0
56 6 N5 N2 89 0.090 1
56 7 N2 N5 7 1.160 0
56 8 N2 N3 43 1.160 0
56 9 N2 N2 221 1.160 1
56 10 N4 N5 0 0.090 0
56 11 N4 N2 0 0.090 0
56 12 N4 N3 123 0.090 1
57 1 N3 N5 3 1.460 0
57 2 N3 N2 104 1.460 0
57 3 N3 N3 128 1.460 1
57 4 N5 N3 0 0.210 0
57 5 N5 N5 10 0.210 0
57 6 N5 N2 85 0.210 1
57 7 N2 N5 7 0.200 0
57 8 N2 N3 43 0.200 0
57 9 N2 N2 223 0.200 1
57 10 N4 N5 0 0.190 0
57 11 N4 N2 0 0.190 0
57 12 N4 N3 116 0.190 1
58 1 N3 N5 3 2.550 0
58 2 N3 N2 104 2.550 0
58 3 N3 N3 128 2.550 1
58 4 N5 N3 0 0.280 0
58 5 N5 N5 10 0.280 0
58 6 N5 N2 82 0.280 1
58 7 N2 N5 7 0.740 0
58 8 N2 N3 43 0.740 0
58 9 N2 N2 223 0.740 1
58 10 N4 N5 0 1.280 0
58 11 N4 N2 0 1.280 0
58 12 N4 N3 116 1.280 1
59 1 N3 N5 3 0.550 0
59 2 N3 N2 101 0.550 0
59 3 N3 N3 119 0.550 1
59 4 N5 N3 0 0.860 0
59 5 N5 N5 10 0.860 0
59 6 N5 N2 81 0.860 1
59 7 N2 N5 7 0.330 0
59 8 N2 N3 43 0.330 0
59 9 N2 N2 227 0.330 1
59 10 N4 N5 0 0.750 0
59 11 N4 N2 0 0.750 0
59 12 N4 N3 110 0.750 1
60 1 N3 N5 3 1.640 0
60 2 N3 N2 101 1.640 0
60 3 N3 N3 119 1.640 1
60 4 N5 N3 0 0.030 0
60 5 N5 N5 10 0.030 0
60 6 N5 N2 80 0.030 1
60 7 N2 N5 7 0.410 0
60 8 N2 N3 40 0.410 0
60 9 N2 N2 230 0.410 1
60 10 N4 N5 0 0.090 0
60 11 N4 N2 0 0.090 0
60 12 N4 N3 103 0.090 1
61 1 N3 N5 3 0.660 0
61 2 N3 N2 97 0.660 0
61 3 N3 N3 114 0.660 1
61 4 N5 N3 0 0.470 0
61 5 N5 N5 10 0.470 0
61 6 N5 N2 77 0.470 1
61 7 N2 N5 0 0.470 0
61 8 N2 N3 29 0.470 0
61 9 N2 N2 232 0.470 1
61 10 N4 N5 0 1.180 0
61 11 N4 N2 0 1.180 0
61 12 N4 N3 103 1.180 1
62 1 N3 N5 3 0.660 0
62 2 N3 N2 89 0.660 0
62 3 N3 N3 110 0.660 1
62 4 N5 N3 0 0.100 0
62 5 N5 N5 12 0.100 0
62 6 N5 N2 75 0.100 1
62 7 N2 N5 0 0.510 0
62 8 N2 N3 29 0.510 0
62 9 N2 N2 234 0.510 1
62 10 N4 N5 0 2.270 0
62 11 N4 N2 0 2.270 0
62 12 N4 N3 103 2.270 1
63 1 N3 N5 3 1.790 0
63 2 N3 N2 89 1.790 0
63 3 N3 N3 110 1.790 1
63 4 N5 N3 0 0.600 0
63 5 N5 N5 12 0.600 0
63 6 N5 N2 75 0.600 1
63 7 N2 N5 0 0.080 0
63 8 N2 N3 24 0.080 0
63 9 N2 N2 236 0.080 1
63 10 N4 N5 0 3.400 0
63 11 N4 N2 0 3.400 0
63 12 N4 N3 103 3.400 1
64 1 N3 N5 3 0.130 0
64 2 N3 N2 86 0.130 0
64 3 N3 N3 100 0.130 1
64 4 N5 N3 0 0.170 0
64 5 N5 N5 15 0.170 0
64 6 N5 N2 74 0.170 1
64 7 N2 N5 0 0.140 0
64 8 N2 N3 24 0.140 0
64 9 N2 N2 237 0.140 1
64 10 N4 N5 0 4.530 0
64 11 N4 N2 0 4.530 0
64 12 N4 N3 103 4.530 1
65 1 N3 N5 3 1.230 0
65 2 N3 N2 86 1.230 0
65 3 N3 N3 100 1.230 1
65 4 N5 N3 0 0.260 0
65 5 N5 N5 15 0.260 0
65 6 N5 N2 74 0.260 1
65 7 N2 N5 14 0.120 0
65 8 N2 N3 24 0.120 0
65 9 N2 N2 237 0.120 1
65 10 N4 N5 0 5.630 0
65 11 N4 N2 0 5.630 0
65 12 N4 N3 103 5.630 1
66 1 N3 N5 3 2.320 0
66 2 N3 N2 86 2.320 0
66 3 N3 N3 100 2.320 1
66 4 N5 N3 0 0.460 0
66 5 N5 N5 17 0.460 0
66 6 N5 N2 74 0.460 1
66 7 N2 N5 14 0.270 0
66 8 N2 N3 24 0.270 0
66 9 N2 N2 237 0.270 1
66 10 N4 N5 0 6.720 0
66 11 N4 N2 0 6.720 0
66 12 N4 N3 103 6.720 1
67 1 N3 N5 0 0.070 0
67 2 N3 N2 84 0.070 0
67 3 N3 N3 89 0.070 1
67 4 N5 N3 0 0.910 0
67 5 N5 N5 20 0.910 0
67 6 N5 N2 75 0.910 1
67 7 N2 N5 14 0.070 0
67 8 N2 N3 23 0.070 0
67 9 N2 N2 236 0.070 1
67 10 N4 N5 0 7.810 0
67 11 N4 N2 0 7.810 0
67 12 N4 N3 103 7.810 1
68 1 N3 N5 0 0.190 0
68 2 N3 N2 83 0.190 0
68 3 N3 N3 86 0.190 1
68 4 N5 N3 0 0.440 0
68 5 N5 N5 20 0.440 0
68 6 N5 N2 78 0.440 1
68 7 N2 N5 14 0.290 0
68 8 N2 N3 21 0.290 0
68 9 N2 N2 234 0.290 1
68 10 N4 N5 0 8.920 0
68 11 N4 N2 0 8.920 0
68 12 N4 N3 103 8.920 1
69 1 N3 N5 0 1.280 0
69 2 N3 N2 83 1.280 0
69 3 N3 N3 86 1.280 1
69 4 N5 N3 0 0.800 0
69 5 N5 N5 20 0.800 0
69 6 N5 N2 79 0.800 1
69 7 N2 N5 14 0.460 0
69 8 N2 N3 19 0.460 0
69 9 N2 N2 233 0.460 1
69 10 N4 N5 0 10.010 0
69 11 N4 N2 0 10.010 0
69 12 N4 N3 103 10.010 1
70 1 N3 N5 5 0.440 0
70 2 N3 N2 84 0.440 0
70 3 N3 N3 85 0.440 1
70 4 N5 N3 0 0.060 0
70 5 N5 N5 20 0.060 0
70 6 N5 N2 82 0.060 1
70 7 N2 N5 14 1.020 0
70 8 N2 N3 19 1.020 0
70 9 N2 N2 232 1.020 1
70 10 N4 N5 0 11.100 0
70 11 N4 N2 0 11.100 0
70 12 N4 N3 103 11.100 1
71 1 N3 N5 5 0.580 0
71 2 N3 N2 84 0.580 1
71 3 N3 N3 84 0.580 0
71 4 N5 N3 0 0.590 0
71 5 N5 N5 20 0.590 0
71 6 N5 N2 82 0.590 1
71 7 N2 N5 14 0.550 0
71 8 N2 N3 19 0.550 0
71 9 N2 N2 229 0.550 1
71 10 N4 N5 0 0.590 0
71 11 N4 N2 49 0.590 0
71 12 N4 N3 96 0.590 1
72 1 N3 N5 5 0.020 0
72 2 N3 N2 81 0.020 1
72 3 N3 N3 83 0.020 0
72 4 N5 N3 0 0.220 0
72 5 N5 N5 20 0.220 0
72 6 N5 N2 83 0.220 1
72 7 N2 N5 14 0.090 0
72 8 N2 N3 19 0.090 0
72 9 N2 N2 228 0.090 1
72 10 N4 N5 0 1.680 0
72 11 N4 N2 49 1.680 0
72 12 N4 N3 96 1.680 1
73 1 N3 N5 5 1.130 0
73 2 N3 N2 81 1.130 1
73 3 N3 N3 83 1.130 0
73 4 N5 N3 0 0.190 0
73 5 N5 N5 19 0.190 0
73 6 N5 N2 84 0.190 1
73 7 N2 N5 14 0.120 0
73 8 N2 N3 19 0.120 0
73 9 N2 N2 227 0.120 1
73 10 N4 N5 0 0.120 0
73 11 N4 N2 51 0.120 0
73 12 N4 N3 89 0.120 1
74 1 N3 N5 5 0.330 0
74 2 N3 N2 81 0.330 1
74 3 N3 N3 81 0.330 0
74 4 N5 N3 0 0.870 0
74 5 N5 N5 19 0.870 0
74 6 N5 N2 84 0.870 1
74 7 N2 N5 14 0.230 0
74 8 N2 N3 19 0.230 0
74 9 N2 N2 228 0.230 1
74 10 N4 N5 0 0.230 0
74 11 N4 N2 53 0.230 0
74 12 N4 N3 85 0.230 1
75 1 N3 N5 5 0.170 0
75 2 N3 N2 81 0.170 1
75 3 N3 N3 80 0.170 0
75 4 N5 N3 0 0.930 0
75 5 N5 N5 19 0.930 0
75 6 N5 N2 84 0.930 1
75 7 N2 N5 0 0.320 0
75 8 N2 N3 19 0.320 0
75 9 N2 N2 228 0.320 1
75 10 N4 N5 0 0.170 0
75 11 N4 N2 54 0.170 0
75 12 N4 N3 81 0.170 1
76 1 N3 N5 5 0.210 0
76 2 N3 N2 81 0.210 1
76 3 N3 N3 78 0.210 0
76 4 N5 N3 0 0.110 0
76 5 N5 N5 19 0.110 0
76 6 N5 N2 83 0.110 1
76 7 N2 N5 0 0.390 0
76 8 N2 N3 17 0.390 0
76 9 N2 N2 228 0.390 1
76 10 N4 N5 0 0.270 0
76 11 N4 N2 55 0.270 0
76 12 N4 N3 74 0.270 1
77 1 N3 N5 5 1.300 0
77 2 N3 N2 81 1.300 1
77 3 N3 N3 78 1.300 0
77 4 N5 N3 0 0.070 0
77 5 N5 N5 19 0.070 0
77 6 N5 N2 82 0.070 1
77 7 N2 N5 0 0.430 0
77 8 N2 N3 0 0.430 0
77 9 N2 N2 228 0.430 1
77 10 N4 N5 0 1.360 0
77 11 N4 N2 55 1.360 0
77 12 N4 N3 74 1.360 1
78 1 N3 N5 5 0.160 0
78 2 N3 N2 81 0.160 1
78 3 N3 N3 73 0.160 0
78 4 N5 N3 0 0.690 0
78 5 N5 N5 19 0.690 0
78 6 N5 N2 82 0.690 1
78 7 N2 N5 0 0.510 0
78 8 N2 N3 0 0.510 0
78 9 N2 N2 229 0.510 1
78 10 N4 N5 0 0.180 0
78 11 N4 N2 55 0.180 0
78 12 N4 N3 67 0.180 1
79 1 N3 N5 5 1.020 0
79 2 N3 N2 81 1.020 1
79 3 N3 N3 73 1.020 0
79 4 N5 N3 0 0.340 0
79 5 N5 N5 21 0.340 0
79 6 N5 N2 83 0.340 1
79 7 N2 N5 0 0.070 0
79 8 N2 N3 0 0.070 0
79 9 N2 N2 230 0.070 1
79 10 N4 N5 0 1.010 0
79 11 N4 N2 56 1.010 0
79 12 N4 N3 67 1.010 1
80 1 N3 N5 5 2.110 0
80 2 N3 N2 81 2.110 1
80 3 N3 N3 73 2.110 0
80 4 N5 N3 0 0.270 0
80 5 N5 N5 23 0.270 0
80 6 N5 N2 83 0.270 1
80 7 N2 N5 0 0.010 0
80 8 N2 N3 0 0.010 0
80 9 N2 N2 230 0.010 1
80 10 N4 N5 0 2.100 0
80 11 N4 N2 56 2.100 0
80 12 N4 N3 67 2.100 1
81 1 N3 N5 5 0.200 0
81 2 N3 N2 81 0.200 1
81 3 N3 N3 71 0.200 0
81 4 N5 N3 0 0.200 0
81 5 N5 N5 23 0.200 0
81 6 N5 N2 83 0.200 1
81 7 N2 N5 0 0.390 0
81 8 N2 N3 22 0.390 0
81 9 N2 N2 229 0.390 1
81 10 N4 N5 0 0.200 0
81 11 N4 N2 55 0.200 0
81 12 N4 N3 62 0.200 1
82 1 N3 N5 5 0.470 0
82 2 N3 N2 82 0.470 1
82 3 N3 N3 70 0.470 0
82 4 N5 N3 0 0.080 0
82 5 N5 N5 25 0.080 0
82 6 N5 N2 84 0.080 1
82 7 N2 N5 0 0.070 0
82 8 N2 N3 22 0.070 0
82 9 N2 N2 230 0.070 1
82 10 N4 N5 0 0.480 0
82 11 N4 N2 55 0.480 0
82 12 N4 N3 57 0.480 1
83 1 N3 N5 0 0.060 0
83 2 N3 N2 82 0.060 1
83 3 N3 N3 70 0.060 0
83 4 N5 N3 0 0.960 0
83 5 N5 N5 25 0.960 0
83 6 N5 N2 85 0.960 1
83 7 N2 N5 0 0.330 0
83 8 N2 N3 22 0.330 0
83 9 N2 N2 231 0.330 1
83 10 N4 N5 0 1.570 0
83 11 N4 N2 55 1.570 0
83 12 N4 N3 57 1.570 1
84 1 N3 N5 0 1.150 0
84 2 N3 N2 82 1.150 1
84 3 N3 N3 70 1.150 0
84 4 N5 N3 0 0.030 0
84 5 N5 N5 26 0.030 0
84 6 N5 N2 87 0.030 1
84 7 N2 N5 21 0.410 0
84 8 N2 N3 22 0.410 0
84 9 N2 N2 231 0.410 1
84 10 N4 N5 0 2.660 0
84 11 N4 N2 55 2.660 0
84 12 N4 N3 57 2.660 1
85 1 N3 N5 0 0.790 0
85 2 N3 N2 83 0.790 1
85 3 N3 N3 70 0.790 0
85 4 N5 N3 0 0.080 0
85 5 N5 N5 28 0.080 0
85 6 N5 N2 88 0.080 1
85 7 N2 N5 21 0.310 0
85 8 N2 N3 22 0.310 0
85 9 N2 N2 232 0.310 1
85 10 N4 N5 0 0.910 0
85 11 N4 N2 55 0.910 0
85 12 N4 N3 54 0.910 1
86 1 N3 N5 0 0.060 0
86 2 N3 N2 79 0.060 1
86 3 N3 N3 70 0.060 0
86 4 N5 N3 0 0.060 0
86 5 N5 N5 28 0.060 0
86 6 N5 N2 88 0.060 1
86 7 N2 N5 21 0.030 0
86 8 N2 N3 22 0.030 0
86 9 N2 N2 234 0.030 1
86 10 N4 N5 0 0.490 0
86 11 N4 N2 54 0.490 1
86 12 N4 N3 47 0.490 0
87 1 N3 N5 0 0.130 0
87 2 N3 N2 77 0.130 1
87 3 N3 N3 72 0.130 0
87 4 N5 N3 0 0.180 0
87 5 N5 N5 28 0.180 0
87 6 N5 N2 89 0.180 1
87 7 N2 N5 21 0.130 0
87 8 N2 N3 22 0.130 0
87 9 N2 N2 234 0.130 1
87 10 N4 N5 0 1.580 0
87 11 N4 N2 54 1.580 1
87 12 N4 N3 47 1.580 0
88 1 N3 N5 0 0.300 0
88 2 N3 N2 73 0.300 1
88 3 N3 N3 73 0.300 0
88 4 N5 N3 0 0.250 0
88 5 N5 N5 28 0.250 0
88 6 N5 N2 90 0.250 1
88 7 N2 N5 21 0.200 0
88 8 N2 N3 22 0.200 0
88 9 N2 N2 234 0.200 1
88 10 N4 N5 0 0.750 0
88 11 N4 N2 52 0.750 1
88 12 N4 N3 46 0.750 0
89 1 N3 N5 0 1.390 0
89 2 N3 N2 73 1.390 1
89 3 N3 N3 73 1.390 0
89 4 N5 N3 0 0.300 0
89 5 N5 N5 28 0.300 0
89 6 N5 N2 90 0.300 1
89 7 N2 N5 21 0.270 0
89 8 N2 N3 0 0.270 0
89 9 N2 N2 233 0.270 1
89 10 N4 N5 0 1.840 0
89 11 N4 N2 52 1.840 1
89 12 N4 N3 46 1.840 0
90 1 N3 N5 0 0.640 0
90 2 N3 N2 68 0.640 1
90 3 N3 N3 72 0.640 0
90 4 N5 N3 0 0.490 0
90 5 N5 N5 25 0.490 0
90 6 N5 N2 90 0.490 1
90 7 N2 N5 21 0.650 0
90 8 N2 N3 0 0.650 0
90 9 N2 N2 232 0.650 1
90 10 N4 N5 0 0.650 0
90 11 N4 N2 51 0.650 1
90 12 N4 N3 44 0.650 0
91 1 N3 N5 0 0.330 0
91 2 N3 N2 65 0.330 0
91 3 N3 N3 71 0.330 1
91 4 N5 N3 0 0.530 0
91 5 N5 N5 25 0.530 0
91 6 N5 N2 89 0.530 1
91 7 N2 N5 0 0.510 0
91 8 N2 N3 0 0.510 0
91 9 N2 N2 229 0.510 1
91 10 N4 N5 0 1.820 0
91 11 N4 N2 51 1.820 1
91 12 N4 N3 44 1.820 0
92 1 N3 N5 0 1.420 0
92 2 N3 N2 65 1.420 0
92 3 N3 N3 71 1.420 1
92 4 N5 N3 0 0.590 0
92 5 N5 N5 21 0.590 0
92 6 N5 N2 87 0.590 1
92 7 N2 N5 7 0.490 0
92 8 N2 N3 0 0.490 0
92 9 N2 N2 226 0.490 1
92 10 N4 N5 0 2.910 0
92 11 N4 N2 51 2.910 1
92 12 N4 N3 44 2.910 0
93 1 N3 N5 0 0.040 0
93 2 N3 N2 62 0.040 0
93 3 N3 N3 68 0.040 1
93 4 N5 N3 0 0.070 0
93 5 N5 N5 16 0.070 0
93 6 N5 N2 87 0.070 1
93 7 N2 N5 7 0.070 0
93 8 N2 N3 0 0.070 0
93 9 N2 N2 223 0.070 1
93 10 N4 N5 0 0.480 0
93 11 N4 N2 47 0.480 1
93 12 N4 N3 43 0.480 0
94 1 N3 N5 1 0.110 0
94 2 N3 N2 62 0.110 0
94 3 N3 N3 66 0.110 1
94 4 N5 N3 0 0.200 0
94 5 N5 N5 16 0.200 0
94 6 N5 N2 86 0.200 1
94 7 N2 N5 7 0.210 0
94 8 N2 N3 0 0.210 0
94 9 N2 N2 221 0.210 1
94 10 N4 N5 0 0.920 0
94 11 N4 N2 44 0.920 1
94 12 N4 N3 43 0.920 0
95 1 N3 N5 1 0.060 0
95 2 N3 N2 56 0.060 0
95 3 N3 N3 61 0.060 1
95 4 N5 N3 0 1.290 0
95 5 N5 N5 16 1.290 0
95 6 N5 N2 86 1.290 1
95 7 N2 N5 7 0.150 0
95 8 N2 N3 22 0.150 0
95 9 N2 N2 219 0.150 1
95 10 N4 N5 0 0.980 0
95 11 N4 N2 43 0.980 1
95 12 N4 N3 43 0.980 0
96 1 N3 N5 1 0.150 0
96 2 N3 N2 54 0.150 0
96 3 N3 N3 59 0.150 1
96 4 N5 N3 0 0.360 0
96 5 N5 N5 12 0.360 0
96 6 N5 N2 85 0.360 1
96 7 N2 N5 7 0.240 0
96 8 N2 N3 26 0.240 0
96 9 N2 N2 218 0.240 1
96 10 N4 N5 0 0.170 0
96 11 N4 N2 40 0.170 0
96 12 N4 N3 43 0.170 1
97 1 N3 N5 1 0.190 0
97 2 N3 N2 56 0.190 0
97 3 N3 N3 57 0.190 1
97 4 N5 N3 0 0.410 0
97 5 N5 N5 16 0.410 0
97 6 N5 N2 84 0.410 1
97 7 N2 N5 9 0.410 0
97 8 N2 N3 27 0.410 0
97 9 N2 N2 218 0.410 1
97 10 N4 N5 0 0.250 0
97 11 N4 N2 38 0.250 0
97 12 N4 N3 43 0.250 1
98 1 N3 N5 1 0.250 0
98 2 N3 N2 57 0.250 0
98 3 N3 N3 58 0.250 1
98 4 N5 N3 0 0.490 0
98 5 N5 N5 16 0.490 0
98 6 N5 N2 85 0.490 1
98 7 N2 N5 14 0.360 0
98 8 N2 N3 31 0.360 0
98 9 N2 N2 218 0.360 1
98 10 N4 N5 0 0.330 0
98 11 N4 N2 35 0.330 0
98 12 N4 N3 43 0.330 1
99 1 N3 N5 1 0.320 0
99 2 N3 N2 61 0.320 0
99 3 N3 N3 62 0.320 1
99 4 N5 N3 0 0.050 0
99 5 N5 N5 18 0.050 0
99 6 N5 N2 88 0.050 1
99 7 N2 N5 14 0.030 0
99 8 N2 N3 33 0.030 0
99 9 N2 N2 217 0.030 1
99 10 N4 N5 0 0.410 0
99 11 N4 N2 35 0.410 0
99 12 N4 N3 43 0.410 1
100 1 N3 N5 1 0.410 0
100 2 N3 N2 64 0.410 1
100 3 N3 N3 63 0.410 0
100 4 N5 N3 0 0.120 0
100 5 N5 N5 18 0.120 0
100 6 N5 N2 89 0.120 1
100 7 N2 N5 14 0.100 0
100 8 N2 N3 35 0.100 0
100 9 N2 N2 217 0.100 1
100 10 N4 N5 0 0.850 0
100 11 N4 N2 36 0.850 0
100 12 N4 N3 43 0.850 1
101 1 N3 N5 1 0.460 0
101 2 N3 N2 66 0.460 1
101 3 N3 N3 65 0.460 0
101 4 N5 N3 0 0.180 0
101 5 N5 N5 23 0.180 0
101 6 N5 N2 91 0.180 1
101 7 N2 N5 22 0.070 0
101 8 N2 N3 39 0.070 0
101 9 N2 N2 217 0.070 1
101 10 N4 N5 4 0.870 0
101 11 N4 N2 36 0.870 0
101 12 N4 N3 43 0.870 1
102 1 N3 N5 0 0.700 0
102 2 N3 N2 66 0.700 0
102 3 N3 N3 68 0.700 1
102 4 N5 N3 0 0.330 0
102 5 N5 N5 28 0.330 0
102 6 N5 N2 94 0.330 1
102 7 N2 N5 24 0.180 0
102 8 N2 N3 44 0.180 0
102 9 N2 N2 218 0.180 1
102 10 N4 N5 4 0.100 0
102 11 N4 N2 37 0.100 0
102 12 N4 N3 44 0.100 1
103 1 N3 N5 0 0.130 0
103 2 N3 N2 69 0.130 0
103 3 N3 N3 74 0.130 1
103 4 N5 N3 0 0.350 0
103 5 N5 N5 31 0.350 0
103 6 N5 N2 95 0.350 1
103 7 N2 N5 26 0.340 0
103 8 N2 N3 46 0.340 0
103 9 N2 N2 219 0.340 1
103 10 N4 N5 4 1.190 0
103 11 N4 N2 37 1.190 0
103 12 N4 N3 44 1.190 1
104 1 N3 N5 0 0.210 0
104 2 N3 N2 69 0.210 0
104 3 N3 N3 84 0.210 1
104 4 N5 N3 0 0.400 0
104 5 N5 N5 31 0.400 0
104 6 N5 N2 95 0.400 1
104 7 N2 N5 28 0.280 0
104 8 N2 N3 53 0.280 0
104 9 N2 N2 220 0.280 1
104 10 N4 N5 4 0.250 0
104 11 N4 N2 39 0.250 0
104 12 N4 N3 47 0.250 1
105 1 N3 N5 0 0.400 0
105 2 N3 N2 70 0.400 0
105 3 N3 N3 89 0.400 1
105 4 N5 N3 0 0.000 0
105 5 N5 N5 33 0.000 0
105 6 N5 N2 96 0.000 1
105 7 N2 N5 28 0.470 0
105 8 N2 N3 57 0.470 0
105 9 N2 N2 220 0.470 1
105 10 N4 N5 4 0.110 0
105 11 N4 N2 42 0.110 0
105 12 N4 N3 51 0.110 1
106 1 N3 N5 0 0.360 0
106 2 N3 N2 71 0.360 0
106 3 N3 N3 95 0.360 1
106 4 N5 N3 0 0.050 0
106 5 N5 N5 34 0.050 0
106 6 N5 N2 97 0.050 1
106 7 N2 N5 28 0.410 0
106 8 N2 N3 63 0.410 0
106 9 N2 N2 220 0.410 1
106 10 N4 N5 4 0.890 0
106 11 N4 N2 42 0.890 0
106 12 N4 N3 52 0.890 1
107 1 N3 N5 0 0.050 0
107 2 N3 N2 73 0.050 0
107 3 N3 N3 106 0.050 1
107 4 N5 N3 0 0.140 0
107 5 N5 N5 35 0.140 0
107 6 N5 N2 99 0.140 1
107 7 N2 N5 30 0.060 0
107 8 N2 N3 67 0.060 0
107 9 N2 N2 221 0.060 1
107 10 N4 N5 4 0.420 0
107 11 N4 N2 42 0.420 0
107 12 N4 N3 55 0.420 1
108 1 N3 N5 19 0.640 0
108 2 N3 N2 73 0.640 0
108 3 N3 N3 111 0.640 1
108 4 N5 N3 0 0.210 0
108 5 N5 N5 39 0.210 0
108 6 N5 N2 102 0.210 1
108 7 N2 N5 34 0.120 0
108 8 N2 N3 67 0.120 0
108 9 N2 N2 222 0.120 1
108 10 N4 N5 7 0.830 0
108 11 N4 N2 42 0.830 0
108 12 N4 N3 59 0.830 1
109 1 N3 N5 19 0.220 0
109 2 N3 N2 73 0.220 0
109 3 N3 N3 120 0.220 1
109 4 N5 N3 0 0.280 0
109 5 N5 N5 43 0.280 0
109 6 N5 N2 106 0.280 1
109 7 N2 N5 37 0.110 0
109 8 N2 N3 76 0.110 0
109 9 N2 N2 223 0.110 1
109 10 N4 N5 8 0.030 0
109 11 N4 N2 42 0.030 0
109 12 N4 N3 66 0.030 1
110 1 N3 N5 20 0.270 0
110 2 N3 N2 72 0.270 0
110 3 N3 N3 126 0.270 1
110 4 N5 N3 0 0.330 0
110 5 N5 N5 45 0.330 0
110 6 N5 N2 113 0.330 1
110 7 N2 N5 44 0.180 0
110 8 N2 N3 81 0.180 0
110 9 N2 N2 224 0.180 1
110 10 N4 N5 11 0.310 0
110 11 N4 N2 42 0.310 0
110 12 N4 N3 70 0.310 1
111 1 N3 N5 20 0.320 0
111 2 N3 N2 71 0.320 0
111 3 N3 N3 134 0.320 1
111 4 N5 N3 0 0.430 0
111 5 N5 N5 47 0.430 0
111 6 N5 N2 117 0.430 1
111 7 N2 N5 46 0.210 0
111 8 N2 N3 84 0.210 0
111 9 N2 N2 224 0.210 1
111 10 N4 N5 11 0.170 0
111 11 N4 N2 42 0.170 0
111 12 N4 N3 77 0.170 1
112 1 N3 N5 20 0.390 0
112 2 N3 N2 71 0.390 0
112 3 N3 N3 135 0.390 1
112 4 N5 N3 0 0.510 0
112 5 N5 N5 50 0.510 0
112 6 N5 N2 121 0.510 1
112 7 N2 N5 49 0.300 0
112 8 N2 N3 84 0.300 0
112 9 N2 N2 224 0.300 1
112 10 N4 N5 11 0.250 0
112 11 N4 N2 46 0.250 0
112 12 N4 N3 81 0.250 1
113 1 N3 N5 20 0.450 0
113 2 N3 N2 73 0.450 0
113 3 N3 N3 139 0.450 1
113 4 N5 N3 0 0.030 0
113 5 N5 N5 56 0.030 0
113 6 N5 N2 126 0.030 1
113 7 N2 N5 54 0.360 0
113 8 N2 N3 85 0.360 0
113 9 N2 N2 224 0.360 1
113 10 N4 N5 11 1.340 0
113 11 N4 N2 46 1.340 0
113 12 N4 N3 81 1.340 1
114 1 N3 N5 20 0.500 0
114 2 N3 N2 73 0.500 0
114 3 N3 N3 142 0.500 1
114 4 N5 N3 0 0.090 0
114 5 N5 N5 56 0.090 0
114 6 N5 N2 129 0.090 1
114 7 N2 N5 59 0.030 0
114 8 N2 N3 87 0.030 0
114 9 N2 N2 223 0.030 1
114 10 N4 N5 11 0.920 0
114 11 N4 N2 0 0.920 0
114 12 N4 N3 83 0.920 1
115 1 N3 N5 20 0.110 0
115 2 N3 N2 73 0.110 0
115 3 N3 N3 149 0.110 1
115 4 N5 N3 0 0.170 0
115 5 N5 N5 65 0.170 0
115 6 N5 N2 132 0.170 1
115 7 N2 N5 66 0.080 0
115 8 N2 N3 91 0.080 0
115 9 N2 N2 223 0.080 1
115 10 N4 N5 11 0.510 0
115 11 N4 N2 0 0.510 0
115 12 N4 N3 88 0.510 1
116 1 N3 N5 30 0.440 0
116 2 N3 N2 129 0.440 0
116 3 N3 N3 151 0.440 1
116 4 N5 N3 0 0.230 0
116 5 N5 N5 72 0.230 0
116 6 N5 N2 133 0.230 1
116 7 N2 N5 70 0.120 0
116 8 N2 N3 94 0.120 0
116 9 N2 N2 222 0.120 1
116 10 N4 N5 13 0.070 0
116 11 N4 N2 0 0.070 0
116 12 N4 N3 97 0.070 1
117 1 N3 N5 30 0.140 0
117 2 N3 N2 131 0.140 0
117 3 N3 N3 155 0.140 1
117 4 N5 N3 0 0.340 0
117 5 N5 N5 79 0.340 0
117 6 N5 N2 135 0.340 1
117 7 N2 N5 75 0.100 0
117 8 N2 N3 98 0.100 0
117 9 N2 N2 222 0.100 1
117 10 N4 N5 13 0.660 0
117 11 N4 N2 0 0.660 0
117 12 N4 N3 101 0.660 1
118 1 N3 N5 55 0.100 0
118 2 N3 N2 133 0.100 0
118 3 N3 N3 157 0.100 1
118 4 N5 N3 0 0.410 0
118 5 N5 N5 79 0.410 0
118 6 N5 N2 138 0.410 1
118 7 N2 N5 81 0.140 0
118 8 N2 N3 102 0.140 0
118 9 N2 N2 222 0.140 1
118 10 N4 N5 13 0.180 0
118 11 N4 N2 0 0.180 0
118 12 N4 N3 110 0.180 1
119 1 N3 N5 55 0.270 0
119 2 N3 N2 135 0.270 0
119 3 N3 N3 161 0.270 1
119 4 N5 N3 0 0.480 0
119 5 N5 N5 90 0.480 0
119 6 N5 N2 139 0.480 1
119 7 N2 N5 84 0.320 0
119 8 N2 N3 102 0.320 0
119 9 N2 N2 223 0.320 1
119 10 N4 N5 13 1.280 0
119 11 N4 N2 0 1.280 0
119 12 N4 N3 110 1.280 1
120 1 N3 N5 55 0.020 0
120 2 N3 N2 137 0.020 0
120 3 N3 N3 167 0.020 1
120 4 N5 N3 0 0.100 0
120 5 N5 N5 106 0.100 0
120 6 N5 N2 146 0.100 1
120 7 N2 N5 84 0.430 0
120 8 N2 N3 103 0.430 0
120 9 N2 N2 224 0.430 1
120 10 N4 N5 25 0.220 0
120 11 N4 N2 0 0.220 0
120 12 N4 N3 118 0.220 1
121 1 N3 N5 55 0.110 0
121 2 N3 N2 139 0.110 0
121 3 N3 N3 169 0.110 1
121 4 N5 N3 0 0.150 0
121 5 N5 N5 107 0.150 0
121 6 N5 N2 150 0.150 1
121 7 N2 N5 90 0.490 0
121 8 N2 N3 103 0.490 0
121 9 N2 N2 225 0.490 1
121 10 N4 N5 35 0.790 0
121 11 N4 N2 0 0.790 0
121 12 N4 N3 120 0.790 1
122 1 N3 N5 55 0.010 0
122 2 N3 N2 141 0.010 0
122 3 N3 N3 173 0.010 1
122 4 N5 N3 0 0.240 0
122 5 N5 N5 111 0.240 0
122 6 N5 N2 156 0.240 1
122 7 N2 N5 100 0.020 0
122 8 N2 N3 105 0.020 0
122 9 N2 N2 227 0.020 1
122 10 N4 N5 35 1.880 0
122 11 N4 N2 0 1.880 0
122 12 N4 N3 120 1.880 1
123 1 N3 N5 58 0.100 0
123 2 N3 N2 144 0.100 0
123 3 N3 N3 179 0.100 1
123 4 N5 N3 0 0.350 0
123 5 N5 N5 115 0.350 0
123 6 N5 N2 160 0.350 1
123 7 N2 N5 104 0.020 0
123 8 N2 N3 118 0.020 0
123 9 N2 N2 229 0.020 1
123 10 N4 N5 35 3.000 0
123 11 N4 N2 0 3.000 0
123 12 N4 N3 120 3.000 1
124 1 N3 N5 58 0.180 0
124 2 N3 N2 147 0.180 0
124 3 N3 N3 185 0.180 1
124 4 N5 N3 0 0.070 0
124 5 N5 N5 120 0.070 0
124 6 N5 N2 166 0.070 1
124 7 N2 N5 104 0.210 0
124 8 N2 N3 124 0.210 0
124 9 N2 N2 231 0.210 1
124 10 N4 N5 45 0.700 0
124 11 N4 N2 0 0.700 0
124 12 N4 N3 123 0.700 1
125 1 N3 N5 58 0.260 0
125 2 N3 N2 149 0.260 0
125 3 N3 N3 188 0.260 1
125 4 N5 N3 0 0.010 0
125 5 N5 N5 120 0.010 0
125 6 N5 N2 172 0.010 1
125 7 N2 N5 109 0.150 0
125 8 N2 N3 128 0.150 0
125 9 N2 N2 234 0.150 1
125 10 N4 N5 45 0.760 0
125 11 N4 N2 0 0.760 0
125 12 N4 N3 126 0.760 1
126 1 N3 N5 80 0.220 0
126 2 N3 N2 152 0.220 0
126 3 N3 N3 194 0.220 1
126 4 N5 N3 0 0.090 0
126 5 N5 N5 122 0.090 0
126 6 N5 N2 174 0.090 1
126 7 N2 N5 109 0.360 0
126 8 N2 N3 128 0.360 0
126 9 N2 N2 235 0.360 1
126 10 N4 N5 45 1.850 0
126 11 N4 N2 0 1.850 0
126 12 N4 N3 126 1.850 1
127 1 N3 N5 80 0.400 0
127 2 N3 N2 155 0.400 0
127 3 N3 N3 198 0.400 1
127 4 N5 N3 0 0.140 0
127 5 N5 N5 122 0.140 0
127 6 N5 N2 175 0.140 1
127 7 N2 N5 110 0.290 0
127 8 N2 N3 129 0.290 0
127 9 N2 N2 237 0.290 1
127 10 N4 N5 45 0.360 0
127 11 N4 N2 0 0.360 0
127 12 N4 N3 129 0.360 1
128 1 N3 N5 80 0.050 0
128 2 N3 N2 161 0.050 0
128 3 N3 N3 203 0.050 1
128 4 N5 N3 0 0.170 0
128 5 N5 N5 132 0.170 0
128 6 N5 N2 177 0.170 1
128 7 N2 N5 110 0.470 0
128 8 N2 N3 129 0.470 0
128 9 N2 N2 239 0.470 1
128 10 N4 N5 45 1.450 0
128 11 N4 N2 0 1.450 0
128 12 N4 N3 129 1.450 1
129 1 N3 N5 80 0.020 0
129 2 N3 N2 162 0.020 0
129 3 N3 N3 208 0.020 1
129 4 N5 N3 0 0.230 0
129 5 N5 N5 131 0.230 0
129 6 N5 N2 180 0.230 1
129 7 N2 N5 111 0.040 0
129 8 N2 N3 132 0.040 0
129 9 N2 N2 240 0.040 1
129 10 N4 N5 45 0.480 0
129 11 N4 N2 0 0.480 0
129 12 N4 N3 134 0.480 1
130 1 N3 N5 80 0.100 0
130 2 N3 N2 163 0.100 0
130 3 N3 N3 208 0.100 1
130 4 N5 N3 0 0.280 0
130 5 N5 N5 132 0.280 0
130 6 N5 N2 180 0.280 1
130 7 N2 N5 111 0.030 0
130 8 N2 N3 132 0.030 0
130 9 N2 N2 241 0.030 1
130 10 N4 N5 50 0.300 0
130 11 N4 N2 0 0.300 0
130 12 N4 N3 138 0.300 1
131 1 N3 N5 80 0.150 0
131 2 N3 N2 162 0.150 0
131 3 N3 N3 209 0.150 1
131 4 N5 N3 0 0.350 0
131 5 N5 N5 132 0.350 0
131 6 N5 N2 181 0.350 1
131 7 N2 N5 111 0.230 0
131 8 N2 N3 131 0.230 0
131 9 N2 N2 240 0.230 1
131 10 N4 N5 50 1.390 0
131 11 N4 N2 0 1.390 0
131 12 N4 N3 138 1.390 1
132 1 N3 N5 80 0.230 0
132 2 N3 N2 162 0.230 0
132 3 N3 N3 210 0.230 1
132 4 N5 N3 0 0.410 0
132 5 N5 N5 129 0.410 0
132 6 N5 N2 181 0.410 1
132 7 N2 N5 111 0.290 0
132 8 N2 N3 130 0.290 0
132 9 N2 N2 239 0.290 1
132 10 N4 N5 50 2.480 0
132 11 N4 N2 0 2.480 0
132 12 N4 N3 138 2.480 1
133 1 N3 N5 77 0.270 0
133 2 N3 N2 162 0.270 0
133 3 N3 N3 208 0.270 1
133 4 N5 N3 0 0.470 0
133 5 N5 N5 129 0.470 0
133 6 N5 N2 182 0.470 1
133 7 N2 N5 107 0.250 0
133 8 N2 N3 126 0.250 0
133 9 N2 N2 239 0.250 1
133 10 N4 N5 50 0.230 0
133 11 N4 N2 0 0.230 0
133 12 N4 N3 144 0.230 1
134 1 N3 N5 0 0.370 0
134 2 N3 N2 164 0.370 0
134 3 N3 N3 206 0.370 1
134 4 N5 N3 0 0.530 0
134 5 N5 N5 129 0.530 0
134 6 N5 N2 182 0.530 1
134 7 N2 N5 105 0.430 0
134 8 N2 N3 124 0.430 0
134 9 N2 N2 238 0.430 1
134 10 N4 N5 50 0.800 0
134 11 N4 N2 0 0.800 0
134 12 N4 N3 145 0.800 1
135 1 N3 N5 0 0.440 0
135 2 N3 N2 165 0.440 0
135 3 N3 N3 204 0.440 1
135 4 N5 N3 0 0.070 0
135 5 N5 N5 129 0.070 0
135 6 N5 N2 184 0.070 1
135 7 N2 N5 105 0.500 0
135 8 N2 N3 123 0.500 0
135 9 N2 N2 238 0.500 1
135 10 N4 N5 50 1.890 0
135 11 N4 N2 0 1.890 0
135 12 N4 N3 145 1.890 1
136 1 N3 N5 0 0.000 0
136 2 N3 N2 167 0.000 0
136 3 N3 N3 197 0.000 1
136 4 N5 N3 0 0.120 0
136 5 N5 N5 129 0.120 0
136 6 N5 N2 184 0.120 1
136 7 N2 N5 100 0.050 0
136 8 N2 N3 122 0.050 0
136 9 N2 N2 237 0.050 1
136 10 N4 N5 50 0.930 0
136 11 N4 N2 0 0.930 0
136 12 N4 N3 146 0.930 1
137 1 N3 N5 0 0.050 0
137 2 N3 N2 171 0.050 0
137 3 N3 N3 194 0.050 1
137 4 N5 N3 0 0.200 0
137 5 N5 N5 0 0.200 0
137 6 N5 N2 184 0.200 1
137 7 N2 N5 100 0.120 0
137 8 N2 N3 122 0.120 0
137 9 N2 N2 236 0.120 1
137 10 N4 N5 50 0.480 0
137 11 N4 N2 0 0.480 0
137 12 N4 N3 147 0.480 1
138 1 N3 N5 0 0.120 0
138 2 N3 N2 175 0.120 0
138 3 N3 N3 186 0.120 1
138 4 N5 N3 0 0.260 0
138 5 N5 N5 0 0.260 0
138 6 N5 N2 184 0.260 1
138 7 N2 N5 100 0.080 0
138 8 N2 N3 119 0.080 0
138 9 N2 N2 237 0.080 1
138 10 N4 N5 51 0.070 0
138 11 N4 N2 0 0.070 0
138 12 N4 N3 147 0.070 1
139 1 N3 N5 0 1.210 0
139 2 N3 N2 175 1.210 0
139 3 N3 N3 186 1.210 1
139 4 N5 N3 0 0.340 0
139 5 N5 N5 0 0.340 0
139 6 N5 N2 185 0.340 1
139 7 N2 N5 100 0.260 0
139 8 N2 N3 119 0.260 0
139 9 N2 N2 237 0.260 1
139 10 N4 N5 60 0.160 0
139 11 N4 N2 0 0.160 0
139 12 N4 N3 145 0.160 1
140 1 N3 N5 0 0.250 0
140 2 N3 N2 176 0.250 0
140 3 N3 N3 185 0.250 1
140 4 N5 N3 0 0.390 0
140 5 N5 N5 0 0.390 0
140 6 N5 N2 185 0.390 1
140 7 N2 N5 0 0.210 0
140 8 N2 N3 120 0.210 0
140 9 N2 N2 237 0.210 1
140 10 N4 N5 60 0.210 0
140 11 N4 N2 0 0.210 0
140 12 N4 N3 144 0.210 1
141 1 N3 N5 52 0.290 0
141 2 N3 N2 177 0.290 0
141 3 N3 N3 182 0.290 1
141 4 N5 N5 0 0.980 0
141 5 N5 N2 185 0.980 1
141 6 N2 N5 0 0.290 0
141 7 N2 N3 122 0.290 0
141 8 N2 N2 236 0.290 1
141 9 N4 N5 60 1.300 0
141 10 N4 N2 0 1.300 0
141 11 N4 N3 144 1.300 1
142 1 N3 N5 52 0.830 0
142 2 N3 N2 177 0.830 0
142 3 N3 N3 181 0.830 1
142 4 N5 N5 0 0.500 0
142 5 N5 N2 185 0.500 1
142 6 N2 N5 71 0.320 0
142 7 N2 N3 121 0.320 0
142 8 N2 N2 235 0.320 1
142 9 N4 N5 60 2.380 0
142 10 N4 N2 0 2.380 0
142 11 N4 N3 144 2.380 1
143 1 N3 N5 52 0.030 0
143 2 N3 N2 175 0.030 0
143 3 N3 N3 176 0.030 1
143 4 N5 N5 0 0.070 0
143 5 N5 N2 183 0.070 1
143 6 N2 N5 71 0.360 0
143 7 N2 N3 120 0.360 0
143 8 N2 N2 233 0.360 1
143 9 N4 N5 60 0.400 0
143 10 N4 N2 0 0.400 0
143 11 N4 N3 141 0.400 1
144 1 N3 N5 50 0.070 0
144 2 N3 N2 170 0.070 0
144 3 N3 N3 173 0.070 1
144 4 N5 N5 0 0.120 0
144 5 N5 N2 183 0.120 1
144 6 N2 N5 71 0.000 0
144 7 N2 N3 117 0.000 0
144 8 N2 N2 231 0.000 1
144 9 N4 N5 60 0.480 0
144 10 N4 N2 0 0.480 0
144 11 N4 N3 139 0.480 1
145 1 N3 N5 50 0.130 0
145 2 N3 N2 168 0.130 0
145 3 N3 N3 168 0.130 1
145 4 N5 N5 74 0.160 0
145 5 N5 N2 183 0.160 1
145 6 N2 N5 64 0.020 0
145 7 N2 N3 115 0.020 0
145 8 N2 N2 229 0.020 1
145 9 N4 N5 31 0.030 0
145 10 N4 N2 0 0.030 0
145 11 N4 N3 137 0.030 1
146 1 N3 N5 50 0.060 0
146 2 N3 N2 165 0.060 0
146 3 N3 N3 166 0.060 1
146 4 N5 N5 72 0.240 0
146 5 N5 N2 183 0.240 1
146 6 N2 N5 64 0.100 0
146 7 N2 N3 114 0.100 0
146 8 N2 N2 229 0.100 1
146 9 N4 N5 31 0.120 0
146 10 N4 N2 125 0.120 0
146 11 N4 N3 131 0.120 1
147 1 N3 N5 50 0.130 0
147 2 N3 N2 166 0.130 1
147 3 N3 N3 165 0.130 0
147 4 N5 N5 72 0.250 0
147 5 N5 N2 184 0.250 1
147 6 N2 N5 64 0.050 0
147 7 N2 N3 113 0.050 0
147 8 N2 N2 228 0.050 1
147 9 N4 N5 31 0.050 0
147 10 N4 N2 132 0.050 1
147 11 N4 N3 130 0.050 0
148 1 N3 N5 50 0.220 0
148 2 N3 N2 168 0.220 1
148 3 N3 N3 164 0.220 0
148 4 N5 N5 69 0.290 0
148 5 N5 N2 186 0.290 1
148 6 N2 N5 56 0.110 0
148 7 N2 N3 116 0.110 0
148 8 N2 N2 229 0.110 1
148 9 N4 N5 31 0.110 0
148 10 N4 N2 137 0.110 1
148 11 N4 N3 129 0.110 0
149 1 N3 N5 49 0.250 0
149 2 N3 N2 171 0.250 1
149 3 N3 N3 162 0.250 0
149 4 N5 N5 67 0.390 0
149 5 N5 N2 187 0.390 1
149 6 N2 N5 53 0.190 0
149 7 N2 N3 117 0.190 0
149 8 N2 N2 229 0.190 1
149 9 N4 N5 31 1.200 0
149 10 N4 N2 137 1.200 1
149 11 N4 N3 129 1.200 0
150 1 N3 N5 46 0.310 0
150 2 N3 N2 174 0.310 1
150 3 N3 N3 163 0.310 0
150 4 N5 N5 67 0.410 0
150 5 N5 N2 188 0.410 1
150 6 N2 N5 51 0.230 0
150 7 N2 N3 116 0.230 0
150 8 N2 N2 230 0.230 1
150 9 N4 N5 31 0.850 0
150 10 N4 N2 137 0.850 1
150 11 N4 N3 128 0.850 0
151 1 N3 N5 46 0.370 0
151 2 N3 N2 176 0.370 1
151 3 N3 N3 163 0.370 0
151 4 N5 N5 68 0.110 0
151 5 N5 N2 189 0.110 1
151 6 N2 N5 49 0.240 0
151 7 N2 N3 114 0.240 0
151 8 N2 N2 231 0.240 1
151 9 N4 N5 31 0.760 0
151 10 N4 N2 139 0.760 1
151 11 N4 N3 128 0.760 0
152 1 N3 N5 0 0.050 0
152 2 N3 N2 178 0.050 1
152 3 N3 N3 164 0.050 0
152 4 N5 N5 68 0.050 0
152 5 N5 N2 192 0.050 1
152 6 N2 N5 49 0.340 0
152 7 N2 N3 113 0.340 0
152 8 N2 N2 232 0.340 1
152 9 N4 N5 31 0.440 0
152 10 N4 N2 140 0.440 1
152 11 N4 N3 127 0.440 0
153 1 N3 N5 0 0.020 0
153 2 N3 N2 182 0.020 1
153 3 N3 N3 164 0.020 0
153 4 N5 N5 67 0.130 0
153 5 N5 N2 193 0.130 1
153 6 N2 N5 48 0.030 0
153 7 N2 N3 110 0.030 0
153 8 N2 N2 234 0.030 1
153 9 N4 N5 31 1.550 0
153 10 N4 N2 140 1.550 1
153 11 N4 N3 127 1.550 0
154 1 N3 N5 0 0.080 0
154 2 N3 N2 183 0.080 1
154 3 N3 N3 163 0.080 0
154 4 N5 N5 65 0.180 0
154 5 N5 N2 194 0.180 1
154 6 N2 N5 46 0.070 0
154 7 N2 N3 109 0.070 0
154 8 N2 N2 234 0.070 1
154 9 N4 N5 31 0.060 0
154 10 N4 N2 140 0.060 1
154 11 N4 N3 127 0.060 0
155 1 N3 N5 0 0.130 0
155 2 N3 N2 184 0.130 1
155 3 N3 N3 163 0.130 0
155 4 N5 N5 62 0.240 0
155 5 N5 N2 195 0.240 1
155 6 N2 N5 46 0.130 0
155 7 N2 N3 110 0.130 0
155 8 N2 N2 235 0.130 1
155 9 N4 N5 31 1.040 0
155 10 N4 N2 143 1.040 1
155 11 N4 N3 127 1.040 0
156 1 N3 N5 0 1.220 0
156 2 N3 N2 184 1.220 1
156 3 N3 N3 163 1.220 0
156 4 N5 N5 62 0.270 0
156 5 N5 N2 196 0.270 1
156 6 N2 N5 42 0.100 0
156 7 N2 N3 110 0.100 0
156 8 N2 N2 237 0.100 1
156 9 N4 N5 31 0.610 0
156 10 N4 N2 143 0.610 1
156 11 N4 N3 128 0.610 0
157 1 N3 N5 0 0.260 0
157 2 N3 N2 186 0.260 1
157 3 N3 N3 163 0.260 0
157 4 N5 N5 63 0.360 0
157 5 N5 N2 197 0.360 1
157 6 N2 N5 42 0.270 0
157 7 N2 N3 110 0.270 0
157 8 N2 N2 238 0.270 1
157 9 N4 N5 31 1.690 0
157 10 N4 N2 143 1.690 1
157 11 N4 N3 128 1.690 0
158 1 N3 N5 0 0.330 0
158 2 N3 N2 186 0.330 1
158 3 N3 N3 161 0.330 0
158 4 N5 N5 63 0.450 0
158 5 N5 N2 196 0.450 1
158 6 N2 N5 42 0.350 0
158 7 N2 N3 110 0.350 0
158 8 N2 N2 239 0.350 1
158 9 N4 N5 31 0.750 0
158 10 N4 N2 145 0.750 1
158 11 N4 N3 127 0.750 0
159 1 N3 N5 0 1.000 0
159 2 N3 N2 185 1.000 1
159 3 N3 N3 160 1.000 0
159 4 N5 N5 58 0.470 0
159 5 N5 N2 196 0.470 1
159 6 N2 N5 33 0.270 0
159 7 N2 N3 109 0.270 0
159 8 N2 N2 240 0.270 1
159 9 N4 N5 31 1.830 0
159 10 N4 N2 145 1.830 1
159 11 N4 N3 127 1.830 0
160 1 N3 N5 0 0.460 0
160 2 N3 N2 186 0.460 1
160 3 N3 N3 158 0.460 0
160 4 N5 N5 43 0.140 0
160 5 N5 N2 196 0.140 1
160 6 N2 N5 32 0.340 0
160 7 N2 N3 108 0.340 0
160 8 N2 N2 240 0.340 1
160 9 N4 N5 31 0.450 0
160 10 N4 N2 149 0.450 1
160 11 N4 N3 128 0.450 0
161 1 N3 N5 0 0.120 0
161 2 N3 N2 188 0.120 1
161 3 N3 N3 159 0.120 0
161 4 N5 N5 42 0.080 0
161 5 N5 N2 197 0.080 1
161 6 N2 N5 32 0.020 0
161 7 N2 N3 110 0.020 0
161 8 N2 N2 242 0.020 1
161 9 N4 N5 31 0.020 0
161 10 N4 N2 152 0.020 1
161 11 N4 N3 129 0.020 0
162 1 N3 N5 0 0.050 0
162 2 N3 N2 189 0.050 1
162 3 N3 N3 159 0.050 0
162 4 N5 N5 42 0.140 0
162 5 N5 N2 197 0.140 1
162 6 N2 N5 30 0.050 0
162 7 N2 N3 111 0.050 0
162 8 N2 N2 243 0.050 1
162 9 N4 N5 31 0.050 0
162 10 N4 N2 153 0.050 1
162 11 N4 N3 131 0.050 0
163 1 N3 N5 0 0.620 0
163 2 N3 N2 189 0.620 1
163 3 N3 N3 160 0.620 0
163 4 N5 N5 40 0.190 0
163 5 N5 N2 196 0.190 1
163 6 N2 N5 30 0.130 0
163 7 N2 N3 112 0.130 0
163 8 N2 N2 243 0.130 1
163 9 N4 N5 0 0.130 0
163 10 N4 N2 156 0.130 1
163 11 N4 N3 133 0.130 0
164 1 N3 N5 0 0.160 0
164 2 N3 N2 189 0.160 1
164 3 N3 N3 162 0.160 0
164 4 N5 N5 40 0.260 0
164 5 N5 N2 196 0.260 1
164 6 N2 N5 30 0.190 0
164 7 N2 N3 114 0.190 0
164 8 N2 N2 243 0.190 1
164 9 N4 N5 0 1.210 0
164 10 N4 N2 156 1.210 1
164 11 N4 N3 133 1.210 0
165 1 N3 N5 0 0.240 0
165 2 N3 N2 187 0.240 1
165 3 N3 N3 167 0.240 0
165 4 N5 N5 40 0.340 0
165 5 N5 N2 195 0.340 1
165 6 N2 N5 31 0.250 0
165 7 N2 N3 116 0.250 0
165 8 N2 N2 243 0.250 1
165 9 N4 N5 0 0.680 0
165 10 N4 N2 157 0.680 1
165 11 N4 N3 135 0.680 0
166 1 N3 N5 0 0.270 0
166 2 N3 N2 186 0.270 1
166 3 N3 N3 169 0.270 0
166 4 N5 N5 41 0.370 0
166 5 N5 N2 195 0.370 1
166 6 N2 N5 31 0.200 0
166 7 N2 N3 119 0.200 0
166 8 N2 N2 242 0.200 1
166 9 N4 N5 0 0.310 0
166 10 N4 N2 157 0.310 1
166 11 N4 N3 138 0.310 0
167 1 N3 N5 0 0.340 0
167 2 N3 N2 184 0.340 1
167 3 N3 N3 174 0.340 0
167 4 N5 N5 42 0.430 0
167 5 N5 N2 196 0.430 1
167 6 N2 N5 31 0.280 0
167 7 N2 N3 118 0.280 0
167 8 N2 N2 242 0.280 1
167 9 N4 N5 0 0.380 0
167 10 N4 N2 155 0.380 1
167 11 N4 N3 142 0.380 0
168 1 N3 N5 0 0.000 0
168 2 N3 N2 182 0.000 1
168 3 N3 N3 178 0.000 0
168 4 N5 N5 43 0.110 0
168 5 N5 N2 195 0.110 1
168 6 N2 N5 0 0.430 0
168 7 N2 N3 118 0.430 0
168 8 N2 N2 241 0.430 1
168 9 N4 N5 0 1.470 0
168 10 N4 N2 155 1.470 1
168 11 N4 N3 142 1.470 0
169 1 N3 N5 0 0.050 0
169 2 N3 N2 178 0.050 0
169 3 N3 N3 180 0.050 1
169 4 N5 N5 44 0.070 0
169 5 N5 N2 193 0.070 1
169 6 N2 N5 0 0.510 0
169 7 N2 N3 118 0.510 0
169 8 N2 N2 239 0.510 1
169 9 N4 N5 0 2.580 0
169 10 N4 N2 155 2.580 1
169 11 N4 N3 142 2.580 0
170 1 N3 N5 0 0.030 0
170 2 N3 N2 175 0.030 0
170 3 N3 N3 182 0.030 1
170 4 N5 N5 50 0.130 0
170 5 N5 N2 192 0.130 1
170 6 N2 N5 40 0.090 0
170 7 N2 N3 118 0.090 0
170 8 N2 N2 237 0.090 1
170 9 N4 N5 0 0.090 0
170 10 N4 N2 152 0.090 1
170 11 N4 N3 146 0.090 0
171 1 N3 N5 0 1.110 0
171 2 N3 N2 175 1.110 0
171 3 N3 N3 182 1.110 1
171 4 N5 N5 50 0.200 0
171 5 N5 N2 192 0.200 1
171 6 N2 N5 40 0.140 0
171 7 N2 N3 116 0.140 0
171 8 N2 N2 235 0.140 1
171 9 N4 N5 0 1.170 0
171 10 N4 N2 152 1.170 1
171 11 N4 N3 146 1.170 0
172 1 N3 N5 0 0.180 0
172 2 N3 N2 174 0.180 0
172 3 N3 N3 181 0.180 1
172 4 N5 N5 50 0.780 0
172 5 N5 N2 190 0.780 1
172 6 N2 N5 40 0.070 0
172 7 N2 N3 116 0.070 0
172 8 N2 N2 233 0.070 1
172 9 N4 N5 0 2.260 0
172 10 N4 N2 152 2.260 1
172 11 N4 N3 146 2.260 0
173 1 N3 N5 0 0.250 0
173 2 N3 N2 174 0.250 0
173 3 N3 N3 181 0.250 1
173 4 N5 N5 50 0.310 0
173 5 N5 N2 189 0.310 1
173 6 N2 N5 40 0.230 0
173 7 N2 N3 115 0.230 0
173 8 N2 N2 232 0.230 1
173 9 N4 N5 0 3.350 0
173 10 N4 N2 152 3.350 1
173 11 N4 N3 146 3.350 0
174 1 N3 N5 0 0.350 0
174 2 N3 N2 176 0.350 0
174 3 N3 N3 178 0.350 1
174 4 N5 N5 50 0.340 0
174 5 N5 N2 187 0.340 1
174 6 N2 N5 40 0.310 0
174 7 N2 N3 115 0.310 0
174 8 N2 N2 231 0.310 1
174 9 N4 N5 0 0.830 0
174 10 N4 N2 150 0.830 1
174 11 N4 N3 147 0.830 0
175 1 N3 N5 23 0.410 0
175 2 N3 N2 175 0.410 0
175 3 N3 N3 177 0.410 1
175 4 N5 N5 50 0.440 0
175 5 N5 N2 185 0.440 1
175 6 N2 N5 40 0.230 0
175 7 N2 N3 112 0.230 0
175 8 N2 N2 230 0.230 1
175 9 N4 N5 0 0.340 0
175 10 N4 N2 147 0.340 1
175 11 N4 N3 146 0.340 0
176 1 N3 N5 23 0.100 0
176 2 N3 N2 174 0.100 1
176 3 N3 N3 172 0.100 0
176 4 N5 N5 50 0.510 0
176 5 N5 N2 184 0.510 1
176 6 N2 N5 36 0.830 0
176 7 N2 N3 112 0.830 0
176 8 N2 N2 230 0.830 1
176 9 N4 N5 0 0.510 0
176 10 N4 N2 143 0.510 1
176 11 N4 N3 143 0.510 0
177 1 N3 N5 23 0.000 0
177 2 N3 N2 169 0.000 1
177 3 N3 N3 171 0.000 0
177 4 N5 N5 51 0.020 0
177 5 N5 N2 181 0.020 1
177 6 N2 N5 34 0.370 0
177 7 N2 N3 112 0.370 0
177 8 N2 N2 229 0.370 1
177 9 N4 N5 0 1.590 0
177 10 N4 N2 143 1.590 1
177 11 N4 N3 143 1.590 0
178 1 N3 N5 23 0.070 0
178 2 N3 N2 165 0.070 0
178 3 N3 N3 170 0.070 1
178 4 N5 N5 51 1.110 0
178 5 N5 N2 181 1.110 1
178 6 N2 N5 32 0.030 0
178 7 N2 N3 114 0.030 0
178 8 N2 N2 228 0.030 1
178 9 N4 N5 0 1.040 0
178 10 N4 N2 138 1.040 1
178 11 N4 N3 143 1.040 0
179 1 N3 N5 23 0.770 0
179 2 N3 N2 165 0.770 0
179 3 N3 N3 170 0.770 1
179 4 N5 N5 45 0.140 0
179 5 N5 N2 180 0.140 1
179 6 N2 N5 30 0.080 0
179 7 N2 N3 114 0.080 0
179 8 N2 N2 227 0.080 1
179 9 N4 N5 0 0.160 0
179 10 N4 N2 138 0.160 0
179 11 N4 N3 142 0.160 1
180 1 N3 N5 23 1.860 0
180 2 N3 N2 165 1.860 0
180 3 N3 N3 170 1.860 1
180 4 N5 N5 43 0.220 0
180 5 N5 N2 179 0.220 1
180 6 N2 N5 30 0.120 0
180 7 N2 N3 114 0.120 0
180 8 N2 N2 226 0.120 1
180 9 N4 N5 0 1.250 0
180 10 N4 N2 138 1.250 0
180 11 N4 N3 142 1.250 1
181 1 N3 N5 23 0.260 0
181 2 N3 N2 162 0.260 0
181 3 N3 N3 170 0.260 1
181 4 N5 N5 39 0.260 0
181 5 N5 N2 178 0.260 1
181 6 N2 N5 30 0.200 0
181 7 N2 N3 115 0.200 0
181 8 N2 N2 225 0.200 1
181 9 N4 N5 0 2.330 0
181 10 N4 N2 138 2.330 0
181 11 N4 N3 142 2.330 1
182 1 N3 N5 23 0.310 0
182 2 N3 N2 160 0.310 0
182 3 N3 N3 169 0.310 1
182 4 N5 N5 39 0.330 0
182 5 N5 N2 175 0.330 1
182 6 N2 N5 30 0.240 0
182 7 N2 N3 117 0.240 0
182 8 N2 N2 223 0.240 1
182 9 N4 N5 0 3.430 0
182 10 N4 N2 138 3.430 0
182 11 N4 N3 142 3.430 1
183 1 N3 N5 23 1.390 0
183 2 N3 N2 160 1.390 0
183 3 N3 N3 169 1.390 1
183 4 N5 N5 39 0.890 0
183 5 N5 N2 173 0.890 1
183 6 N2 N5 30 0.680 0
183 7 N2 N3 116 0.680 0
183 8 N2 N2 222 0.680 1
183 9 N4 N5 0 4.510 0
183 10 N4 N2 138 4.510 0
183 11 N4 N3 142 4.510 1
184 1 N3 N5 23 2.500 0
184 2 N3 N2 160 2.500 0
184 3 N3 N3 169 2.500 1
184 4 N5 N5 27 0.090 0
184 5 N5 N2 169 0.090 1
184 6 N2 N5 27 0.180 0
184 7 N2 N3 115 0.180 0
184 8 N2 N2 220 0.180 1
184 9 N4 N5 0 5.620 0
184 10 N4 N2 138 5.620 0
184 11 N4 N3 142 5.620 1
185 1 N3 N5 23 0.480 0
185 2 N3 N2 159 0.480 0
185 3 N3 N3 168 0.480 1
185 4 N5 N5 27 0.480 0
185 5 N5 N2 165 0.480 1
185 6 N2 N5 27 0.880 0
185 7 N2 N3 115 0.880 0
185 8 N2 N2 219 0.880 1
185 9 N4 N5 0 6.700 0
185 10 N4 N2 138 6.700 0
185 11 N4 N3 142 6.700 1
186 1 N3 N5 23 0.990 0
186 2 N3 N2 158 0.990 0
186 3 N3 N3 167 0.990 1
186 4 N5 N5 27 0.300 0
186 5 N5 N2 160 0.300 1
186 6 N2 N5 27 0.450 0
186 7 N2 N3 98 0.450 0
186 8 N2 N2 217 0.450 1
186 9 N4 N5 0 7.790 0
186 10 N4 N2 138 7.790 0
186 11 N4 N3 142 7.790 1
187 1 N3 N5 23 0.120 0
187 2 N3 N2 157 0.120 0
187 3 N3 N3 164 0.120 1
187 4 N5 N5 27 0.100 0
187 5 N5 N2 155 0.100 1
187 6 N2 N5 12 0.400 0
187 7 N2 N3 98 0.400 0
187 8 N2 N2 216 0.400 1
187 9 N4 N5 0 8.870 0
187 10 N4 N2 138 8.870 0
187 11 N4 N3 142 8.870 1
188 1 N3 N5 23 0.720 0
188 2 N3 N2 155 0.720 0
188 3 N3 N3 164 0.720 1
188 4 N5 N5 18 0.160 0
188 5 N5 N2 152 0.160 1
188 6 N2 N5 12 0.330 0
188 7 N2 N3 98 0.330 0
188 8 N2 N2 215 0.330 1
188 9 N4 N5 0 9.960 0
188 10 N4 N2 138 9.960 0
188 11 N4 N3 142 9.960 1
189 1 N3 N5 0 0.040 0
189 2 N3 N2 153 0.040 0
189 3 N3 N3 163 0.040 1
189 4 N5 N5 18 0.040 0
189 5 N5 N2 150 0.040 1
189 6 N2 N5 12 0.010 0
189 7 N2 N3 98 0.010 0
189 8 N2 N2 214 0.010 1
189 9 N4 N5 0 11.040 0
189 10 N4 N2 138 11.040 0
189 11 N4 N3 142 11.040 1
190 1 N3 N5 0 0.810 0
190 2 N3 N2 153 0.810 0
190 3 N3 N3 162 0.810 1
190 4 N5 N5 18 0.270 0
190 5 N5 N2 146 0.270 1
190 6 N2 N5 12 0.100 0
190 7 N2 N3 98 0.100 0
190 8 N2 N2 214 0.100 1
190 9 N4 N5 0 12.130 0
190 10 N4 N2 138 12.130 0
190 11 N4 N3 142 12.130 1
191 1 N3 N5 0 1.890 0
191 2 N3 N2 153 1.890 0
191 3 N3 N3 162 1.890 1
191 4 N5 N5 18 0.330 0
191 5 N5 N2 143 0.330 1
191 6 N2 N5 12 0.150 0
191 7 N2 N3 75 0.150 0
191 8 N2 N2 214 0.150 1
191 9 N4 N5 0 13.210 0
191 10 N4 N2 138 13.210 0
191 11 N4 N3 142 13.210 1
192 1 N3 N5 0 0.380 0
192 2 N3 N2 151 0.380 0
192 3 N3 N3 158 0.380 1
192 4 N5 N5 18 0.410 0
192 5 N5 N2 141 0.410 1
192 6 N2 N5 12 0.190 0
192 7 N2 N3 75 0.190 0
192 8 N2 N2 214 0.190 1
192 9 N4 N5 0 0.990 0
192 10 N4 N2 137 0.990 0
192 11 N4 N3 136 0.990 1
193 1 N3 N5 4 0.340 0
193 2 N3 N2 148 0.340 0
193 3 N3 N3 153 0.340 1
193 4 N5 N5 15 0.110 0
193 5 N5 N2 138 0.110 1
193 6 N2 N5 12 0.260 0
193 7 N2 N3 60 0.260 0
193 8 N2 N2 213 0.260 1
193 9 N4 N5 0 2.080 0
193 10 N4 N2 137 2.080 0
193 11 N4 N3 136 2.080 1
194 1 N3 N5 4 0.470 0
194 2 N3 N2 144 0.470 0
194 3 N3 N3 147 0.470 1
194 4 N5 N5 15 0.560 0
194 5 N5 N2 133 0.560 1
194 6 N2 N5 12 0.310 0
194 7 N2 N3 60 0.310 0
194 8 N2 N2 213 0.310 1
194 9 N4 N5 0 3.170 0
194 10 N4 N2 137 3.170 0
194 11 N4 N3 136 3.170 1
195 1 N3 N5 4 0.030 0
195 2 N3 N2 141 0.030 0
195 3 N3 N3 142 0.030 1
195 4 N5 N5 15 0.030 0
195 5 N5 N2 127 0.030 1
195 6 N2 N5 6 0.280 0
195 7 N2 N3 60 0.280 0
195 8 N2 N2 211 0.280 1
195 9 N4 N5 0 4.260 0
195 10 N4 N2 137 4.260 0
195 11 N4 N3 136 4.260 1
196 1 N3 N5 4 0.110 0
196 2 N3 N2 138 0.110 0
196 3 N3 N3 142 0.110 1
196 4 N5 N5 15 0.110 0
196 5 N5 N2 122 0.110 1
196 6 N2 N5 6 0.440 0
196 7 N2 N3 60 0.440 0
196 8 N2 N2 209 0.440 1
196 9 N4 N5 0 5.340 0
196 10 N4 N2 137 5.340 0
196 11 N4 N3 136 5.340 1
197 1 N3 N5 4 0.150 0
197 2 N3 N2 132 0.150 1
197 3 N3 N3 125 0.150 0
197 4 N5 N5 13 0.690 0
197 5 N5 N2 117 0.690 1
197 6 N2 N5 6 0.340 0
197 7 N2 N3 60 0.340 0
197 8 N2 N2 206 0.340 1
197 9 N4 N5 0 0.300 0
197 10 N4 N2 137 0.300 0
197 11 N4 N3 129 0.300 1
198 1 N3 N5 4 1.240 0
198 2 N3 N2 132 1.240 1
198 3 N3 N3 125 1.240 0
198 4 N5 N5 13 0.250 0
198 5 N5 N2 115 0.250 1
198 6 N2 N5 6 0.040 0
198 7 N2 N3 0 0.040 0
198 8 N2 N2 203 0.040 1
198 9 N4 N5 0 1.390 0
198 10 N4 N2 137 1.390 0
198 11 N4 N3 129 1.390 1
199 1 N3 N5 4 2.320 0
199 2 N3 N2 132 2.320 1
199 3 N3 N3 125 2.320 0
199 4 N5 N5 12 0.800 0
199 5 N5 N2 113 0.800 1
199 6 N2 N5 6 0.070 0
199 7 N2 N3 0 0.070 0
199 8 N2 N2 202 0.070 1
199 9 N4 N5 0 2.470 0
199 10 N4 N2 137 2.470 0
199 11 N4 N3 129 2.470 1
200 1 N3 N5 4 0.290 0
200 2 N3 N2 128 0.290 1
200 3 N3 N3 121 0.290 0
200 4 N5 N5 12 0.890 0
200 5 N5 N2 110 0.890 1
200 6 N2 N5 6 0.140 0
200 7 N2 N3 0 0.140 0
200 8 N2 N2 202 0.140 1
200 9 N4 N5 0 3.580 0
200 10 N4 N2 137 3.580 0
200 11 N4 N3 129 3.580 1
201 1 N3 N5 4 0.110 0
201 2 N3 N2 119 0.110 1
201 3 N3 N3 109 0.110 0
201 4 N5 N5 12 0.450 0
201 5 N5 N2 104 0.450 1
201 6 N2 N5 6 0.180 0
201 7 N2 N3 0 0.180 0
201 8 N2 N2 202 0.180 1
201 9 N4 N5 0 4.670 0
201 10 N4 N2 137 4.670 0
201 11 N4 N3 129 4.670 1
202 1 N3 N5 4 0.310 0
202 2 N3 N2 115 0.310 1
202 3 N3 N3 100 0.310 0
202 4 N5 N5 12 0.310 0
202 5 N5 N2 100 0.310 1
202 6 N2 N5 6 0.230 0
202 7 N2 N3 0 0.230 0
202 8 N2 N2 203 0.230 1
202 9 N4 N5 0 5.750 0
202 10 N4 N2 137 5.750 0
202 11 N4 N3 129 5.750 1
203 1 N3 N5 4 0.000 0
203 2 N3 N2 106 0.000 1
203 3 N3 N3 95 0.000 0
203 4 N5 N5 9 0.070 0
203 5 N5 N2 95 0.070 1
203 6 N2 N5 0 0.320 0
203 7 N2 N3 0 0.320 0
203 8 N2 N2 204 0.320 1
203 9 N4 N5 0 6.840 0
203 10 N4 N2 137 6.840 0
203 11 N4 N3 129 6.840 1
204 1 N3 N5 4 0.250 0
204 2 N3 N2 100 0.250 1
204 3 N3 N3 86 0.250 0
204 4 N5 N5 9 0.140 0
204 5 N5 N2 94 0.140 1
204 6 N2 N5 0 0.880 0
204 7 N2 N3 0 0.880 0
204 8 N2 N2 205 0.880 1
204 9 N4 N5 0 7.920 0
204 10 N4 N2 137 7.920 0
204 11 N4 N3 129 7.920 1
205 1 N3 N5 4 1.370 0
205 2 N3 N2 100 1.370 1
205 3 N3 N3 86 1.370 0
205 4 N5 N5 9 0.220 0
205 5 N5 N2 92 0.220 1
205 6 N2 N5 0 0.470 0
205 7 N2 N3 0 0.470 0
205 8 N2 N2 206 0.470 1
205 9 N4 N5 0 9.040 0
205 10 N4 N2 137 9.040 0
205 11 N4 N3 129 9.040 1
206 1 N3 N5 4 2.470 0
206 2 N3 N2 100 2.470 1
206 3 N3 N3 86 2.470 0
206 4 N5 N5 9 0.230 0
206 5 N5 N2 88 0.230 1
206 6 N2 N5 0 0.520 0
206 7 N2 N3 0 0.520 0
206 8 N2 N2 208 0.520 1
206 9 N4 N5 0 0.230 0
206 10 N4 N2 119 0.230 0
206 11 N4 N3 122 0.230 1
207 1 N3 N5 4 0.640 0
207 2 N3 N2 95 0.640 1
207 3 N3 N3 86 0.640 0
207 4 N5 N5 9 0.370 0
207 5 N5 N2 87 0.370 1
207 6 N2 N5 0 0.080 0
207 7 N2 N3 0 0.080 0
207 8 N2 N2 207 0.080 1
207 9 N4 N5 0 0.020 0
207 10 N4 N2 96 0.020 0
207 11 N4 N3 103 0.020 1
208 1 N3 N5 0 0.280 0
208 2 N3 N2 87 0.280 1
208 3 N3 N3 71 0.280 0
208 4 N5 N5 0 0.420 0
208 5 N5 N2 85 0.420 1
208 6 N2 N5 0 0.120 0
208 7 N2 N3 0 0.120 0
208 8 N2 N2 207 0.120 1
208 9 N4 N5 0 0.300 0
208 10 N4 N2 55 0.300 0
208 11 N4 N3 85 0.300 1
209 1 N3 N5 0 0.320 0
209 2 N3 N2 85 0.320 1
209 3 N3 N3 66 0.320 0
209 4 N5 N5 0 0.480 0
209 5 N5 N2 81 0.480 1
209 6 N2 N5 0 0.060 0
209 7 N2 N3 13 0.060 0
209 8 N2 N2 207 0.060 1
209 9 N4 N5 0 0.460 0
209 10 N4 N2 42 0.460 0
209 11 N4 N3 76 0.460 1
210 1 N3 N5 0 0.470 0
210 2 N3 N2 79 0.470 1
210 3 N3 N3 64 0.470 0
210 4 N5 N5 0 0.020 0
210 5 N5 N2 78 0.020 1
210 6 N2 N5 0 0.240 0
210 7 N2 N3 14 0.240 0
210 8 N2 N2 207 0.240 1
210 9 N4 N5 0 0.110 0
210 10 N4 N2 32 0.110 0
210 11 N4 N3 66 0.110 1
211 1 N3 N5 0 0.410 0
211 2 N3 N2 76 0.410 1
211 3 N3 N3 60 0.410 0
211 4 N5 N5 0 0.070 0
211 5 N5 N2 77 0.070 1
211 6 N2 N5 0 0.180 0
211 7 N2 N3 17 0.180 0
211 8 N2 N2 206 0.180 1
211 9 N4 N5 0 0.060 0
211 10 N4 N2 37 0.060 0
211 11 N4 N3 54 0.060 1
212 1 N3 N5 0 0.470 0
212 2 N3 N2 77 0.470 1
212 3 N3 N3 63 0.470 0
212 4 N5 N5 0 0.130 0
212 5 N5 N2 76 0.130 1
212 6 N2 N5 0 0.250 0
212 7 N2 N3 19 0.250 0
212 8 N2 N2 207 0.250 1
212 9 N4 N5 0 0.640 0
212 10 N4 N2 39 0.640 0
212 11 N4 N3 49 0.640 1
213 1 N3 N5 0 0.000 0
213 2 N3 N2 84 0.000 1
213 3 N3 N3 68 0.000 0
213 4 N5 N5 0 0.170 0
213 5 N5 N2 77 0.170 1
213 6 N2 N5 0 0.420 0
213 7 N2 N3 19 0.420 0
213 8 N2 N2 207 0.420 1
213 9 N4 N5 0 0.200 0
213 10 N4 N2 47 0.200 1
213 11 N4 N3 44 0.200 0
214 1 N3 N5 0 0.030 0
214 2 N3 N2 87 0.030 1
214 3 N3 N3 70 0.030 0
214 4 N5 N5 0 0.220 0
214 5 N5 N2 78 0.220 1
214 6 N2 N5 0 0.480 0
214 7 N2 N3 20 0.480 0
214 8 N2 N2 208 0.480 1
214 9 N4 N5 0 0.250 0
214 10 N4 N2 51 0.250 1
214 11 N4 N3 37 0.250 0
215 1 N3 N5 0 0.060 0
215 2 N3 N2 93 0.060 1
215 3 N3 N3 72 0.060 0
215 4 N5 N5 0 0.280 0
215 5 N5 N2 81 0.280 1
215 6 N2 N5 0 0.040 0
215 7 N2 N3 26 0.040 0
215 8 N2 N2 211 0.040 1
215 9 N4 N5 0 0.320 0
215 10 N4 N2 57 0.320 1
215 11 N4 N3 41 0.320 0
216 1 N3 N5 0 0.170 0
216 2 N3 N2 97 0.170 1
216 3 N3 N3 79 0.170 0
216 4 N5 N5 0 0.340 0
216 5 N5 N2 84 0.340 1
216 6 N2 N5 0 0.130 0
216 7 N2 N3 27 0.130 0
216 8 N2 N2 212 0.130 1
216 9 N4 N5 0 0.390 0
216 10 N4 N2 60 0.390 1
216 11 N4 N3 43 0.390 0
217 1 N3 N5 0 0.210 0
217 2 N3 N2 98 0.210 1
217 3 N3 N3 83 0.210 0
217 4 N5 N5 0 0.390 0
217 5 N5 N2 87 0.390 1
217 6 N2 N5 0 0.050 0
217 7 N2 N3 35 0.050 0
217 8 N2 N2 212 0.050 1
217 9 N4 N5 0 0.940 0
217 10 N4 N2 63 0.940 1
217 11 N4 N3 45 0.940 0
218 1 N3 N5 0 0.270 0
218 2 N3 N2 99 0.270 1
218 3 N3 N3 86 0.270 0
218 4 N5 N5 0 0.470 0
218 5 N5 N2 90 0.470 1
218 6 N2 N5 0 0.210 0
218 7 N2 N3 39 0.210 0
218 8 N2 N2 212 0.210 1
218 9 N4 N5 0 1.010 0
218 10 N4 N2 64 1.010 1
218 11 N4 N3 47 1.010 0
219 1 N3 N5 0 0.310 0
219 2 N3 N2 101 0.310 1
219 3 N3 N3 89 0.310 0
219 4 N5 N5 10 0.040 0
219 5 N5 N2 96 0.040 1
219 6 N2 N5 8 0.180 0
219 7 N2 N3 44 0.180 0
219 8 N2 N2 211 0.180 1
219 9 N4 N5 0 2.100 0
219 10 N4 N2 64 2.100 1
219 11 N4 N3 47 2.100 0
220 1 N3 N5 0 0.490 0
220 2 N3 N2 101 0.490 1
220 3 N3 N3 92 0.490 0
220 4 N5 N5 10 0.090 0
220 5 N5 N2 99 0.090 1
220 6 N2 N5 8 0.340 0
220 7 N2 N3 48 0.340 0
220 8 N2 N2 211 0.340 1
220 9 N4 N5 0 0.640 0
220 10 N4 N2 68 0.640 1
220 11 N4 N3 51 0.640 0
221 1 N3 N5 0 0.040 0
221 2 N3 N2 104 0.040 1
221 3 N3 N3 100 0.040 0
221 4 N5 N5 10 0.150 0
221 5 N5 N2 101 0.150 1
221 6 N2 N5 8 0.270 0
221 7 N2 N3 54 0.270 0
221 8 N2 N2 210 0.270 1
221 9 N4 N5 0 0.690 0
221 10 N4 N2 69 0.690 1
221 11 N4 N3 57 0.690 0
222 1 N3 N5 0 0.020 0
222 2 N3 N2 113 0.020 1
222 3 N3 N3 105 0.020 0
222 4 N5 N5 10 0.230 0
222 5 N5 N2 104 0.230 1
222 6 N2 N5 13 0.340 0
222 7 N2 N3 57 0.340 0
222 8 N2 N2 209 0.340 1
222 9 N4 N5 0 0.240 0
222 10 N4 N2 72 0.240 1
222 11 N4 N3 59 0.240 0
223 1 N3 N5 0 0.080 0
223 2 N3 N2 119 0.080 1
223 3 N3 N3 112 0.080 0
223 4 N5 N5 16 0.260 0
223 5 N5 N2 108 0.260 1
223 6 N2 N5 13 0.370 0
223 7 N2 N3 68 0.370 0
223 8 N2 N2 210 0.370 1
223 9 N4 N5 0 0.320 0
223 10 N4 N2 76 0.320 1
223 11 N4 N3 65 0.320 0
224 1 N3 N5 0 0.220 0
224 2 N3 N2 124 0.220 1
224 3 N3 N3 120 0.220 0
224 4 N5 N5 16 0.410 0
224 5 N5 N2 113 0.410 1
224 6 N2 N5 13 0.120 0
224 7 N2 N3 76 0.120 0
224 8 N2 N2 213 0.120 1
224 9 N4 N5 0 1.490 0
224 10 N4 N2 76 1.490 1
224 11 N4 N3 65 1.490 0
225 1 N3 N5 0 0.280 0
225 2 N3 N2 128 0.280 1
225 3 N3 N3 121 0.280 0
225 4 N5 N5 16 0.520 0
225 5 N5 N2 117 0.520 1
225 6 N2 N5 13 0.200 0
225 7 N2 N3 76 0.200 0
225 8 N2 N2 215 0.200 1
225 9 N4 N5 0 0.110 0
225 10 N4 N2 82 0.110 1
225 11 N4 N3 78 0.110 0
226 1 N3 N5 0 0.330 0
226 2 N3 N2 130 0.330 1
226 3 N3 N3 123 0.330 0
226 4 N5 N5 16 0.040 0
226 5 N5 N2 123 0.040 1
226 6 N2 N5 18 0.170 0
226 7 N2 N3 82 0.170 0
226 8 N2 N2 219 0.170 1
226 9 N4 N5 0 0.060 0
226 10 N4 N2 85 0.060 1
226 11 N4 N3 78 0.060 0
227 1 N3 N5 0 0.410 0
227 2 N3 N2 135 0.410 1
227 3 N3 N3 125 0.410 0
227 4 N5 N5 22 0.100 0
227 5 N5 N2 127 0.100 1
227 6 N2 N5 18 0.260 0
227 7 N2 N3 85 0.260 0
227 8 N2 N2 222 0.260 1
227 9 N4 N5 0 0.630 0
227 10 N4 N2 89 0.630 1
227 11 N4 N3 81 0.630 0
228 1 N3 N5 0 0.590 0
228 2 N3 N2 138 0.590 1
228 3 N3 N3 131 0.590 0
228 4 N5 N5 22 0.180 0
228 5 N5 N2 132 0.180 1
228 6 N2 N5 18 0.830 0
228 7 N2 N3 88 0.830 0
228 8 N2 N2 224 0.830 1
228 9 N4 N5 0 0.680 0
228 10 N4 N2 95 0.680 1
228 11 N4 N3 83 0.680 0
229 1 N3 N5 0 0.020 0
229 2 N3 N2 143 0.020 1
229 3 N3 N3 136 0.020 0
229 4 N5 N5 22 0.220 0
229 5 N5 N2 138 0.220 1
229 6 N2 N5 18 0.000 0
229 7 N2 N3 94 0.000 0
229 8 N2 N2 231 0.000 1
229 9 N4 N5 0 0.220 0
229 10 N4 N2 105 0.220 1
229 11 N4 N3 90 0.220 0
230 1 N3 N5 0 0.090 0
230 2 N3 N2 146 0.090 1
230 3 N3 N3 140 0.090 0
230 4 N5 N5 25 0.300 0
230 5 N5 N2 142 0.300 1
230 6 N2 N5 20 0.080 0
230 7 N2 N3 97 0.080 0
230 8 N2 N2 234 0.080 1
230 9 N4 N5 0 0.280 0
230 10 N4 N2 110 0.280 1
230 11 N4 N3 97 0.280 0
231 1 N3 N5 0 0.140 0
231 2 N3 N2 150 0.140 1
231 3 N3 N3 146 0.140 0
231 4 N5 N5 27 0.860 0
231 5 N5 N2 145 0.860 1
231 6 N2 N5 20 0.150 0
231 7 N2 N3 99 0.150 0
231 8 N2 N2 237 0.150 1
231 9 N4 N5 0 0.460 0
231 10 N4 N2 114 0.460 1
231 11 N4 N3 104 0.460 0
232 1 N3 N5 0 0.250 0
232 2 N3 N2 154 0.250 1
232 3 N3 N3 150 0.250 0
232 4 N5 N5 27 0.420 0
232 5 N5 N2 149 0.420 1
232 6 N2 N5 20 0.130 0
232 7 N2 N3 101 0.130 0
232 8 N2 N2 239 0.130 1
232 9 N4 N5 0 0.400 0
232 10 N4 N2 125 0.400 1
232 11 N4 N3 111 0.400 0
233 1 N3 N5 0 0.320 0
233 2 N3 N2 161 0.320 1
233 3 N3 N3 152 0.320 0
233 4 N5 N5 27 0.490 0
233 5 N5 N2 153 0.490 1
233 6 N2 N5 20 0.810 0
233 7 N2 N3 101 0.810 0
233 8 N2 N2 240 0.810 1
233 9 N4 N5 0 0.080 0
233 10 N4 N2 125 0.080 1
233 11 N4 N3 112 0.080 0
234 1 N3 N5 0 0.370 0
234 2 N3 N2 167 0.370 1
234 3 N3 N3 155 0.370 0
234 4 N5 N5 27 0.020 0
234 5 N5 N2 160 0.020 1
234 6 N2 N5 21 0.240 0
234 7 N2 N3 101 0.240 0
234 8 N2 N2 242 0.240 1
234 9 N4 N5 0 0.010 0
234 10 N4 N2 136 0.010 1
234 11 N4 N3 120 0.010 0
235 1 N3 N5 0 0.410 0
235 2 N3 N2 174 0.410 1
235 3 N3 N3 159 0.410 0
235 4 N5 N5 27 0.070 0
235 5 N5 N2 164 0.070 1
235 6 N2 N5 24 0.440 0
235 7 N2 N3 101 0.440 0
235 8 N2 N2 243 0.440 1
235 9 N4 N5 0 1.090 0
235 10 N4 N2 136 1.090 1
235 11 N4 N3 120 1.090 0
236 1 N3 N5 0 0.970 0
236 2 N3 N2 175 0.970 1
236 3 N3 N3 159 0.970 0
236 4 N5 N5 27 0.100 0
236 5 N5 N2 168 0.100 1
236 6 N2 N5 27 0.510 0
236 7 N2 N3 102 0.510 0
236 8 N2 N2 245 0.510 1
236 9 N4 N5 0 0.750 0
236 10 N4 N2 138 0.750 1
236 11 N4 N3 122 0.750 0
237 1 N3 N5 0 0.020 0
237 2 N3 N2 182 0.020 1
237 3 N3 N3 163 0.020 0
237 4 N5 N5 27 0.150 0
237 5 N5 N2 171 0.150 1
237 6 N2 N5 27 0.060 0
237 7 N2 N3 104 0.060 0
237 8 N2 N2 246 0.060 1
237 9 N4 N5 0 0.810 0
237 10 N4 N2 139 0.810 1
237 11 N4 N3 127 0.810 0
238 1 N3 N5 0 0.080 0
238 2 N3 N2 183 0.080 1
238 3 N3 N3 164 0.080 0
238 4 N5 N5 32 0.190 0
238 5 N5 N2 176 0.190 1
238 6 N2 N5 27 0.100 0
238 7 N2 N3 106 0.100 0
238 8 N2 N2 247 0.100 1
238 9 N4 N5 0 1.890 0
238 10 N4 N2 139 1.890 1
238 11 N4 N3 127 1.890 0
239 1 N3 N5 0 0.140 0
239 2 N3 N2 183 0.140 1
239 3 N3 N3 164 0.140 0
239 4 N5 N5 31 0.260 0
239 5 N5 N2 183 0.260 1
239 6 N2 N5 27 0.040 0
239 7 N2 N3 107 0.040 0
239 8 N2 N2 247 0.040 1
239 9 N4 N5 0 0.280 0
239 10 N4 N2 143 0.280 1
239 11 N4 N3 129 0.280 0
240 1 N3 N5 0 0.710 0
240 2 N3 N2 182 0.710 1
240 3 N3 N3 163 0.710 0
240 4 N5 N5 33 0.320 0
240 5 N5 N2 189 0.320 1
240 6 N2 N5 27 0.220 0
240 7 N2 N3 107 0.220 0
240 8 N2 N2 247 0.220 1
240 9 N4 N5 0 0.340 0
240 10 N4 N2 147 0.340 1
240 11 N4 N3 131 0.340 0
241 1 N3 N5 0 0.250 0
241 2 N3 N2 180 0.250 1
241 3 N3 N3 160 0.250 0
241 4 N5 N5 35 0.380 0
241 5 N5 N2 194 0.380 1
241 6 N2 N5 27 0.180 0
241 7 N2 N3 104 0.180 0
241 8 N2 N2 248 0.180 1
241 9 N4 N5 0 1.430 0
241 10 N4 N2 147 1.430 1
241 11 N4 N3 131 1.430 0
242 1 N3 N5 0 0.320 0
242 2 N3 N2 179 0.320 1
242 3 N3 N3 159 0.320 0
242 4 N5 N5 35 0.450 0
242 5 N5 N2 195 0.450 1
242 6 N2 N5 29 0.220 0
242 7 N2 N3 103 0.220 0
242 8 N2 N2 249 0.220 1
242 9 N4 N5 0 0.080 0
242 10 N4 N2 150 0.080 1
242 11 N4 N3 131 0.080 0
243 1 N3 N5 0 0.350 0
243 2 N3 N2 177 0.350 1
243 3 N3 N3 155 0.350 0
243 4 N5 N5 39 0.100 0
243 5 N5 N2 194 0.100 1
243 6 N2 N5 33 0.400 0
243 7 N2 N3 102 0.400 0
243 8 N2 N2 249 0.400 1
243 9 N4 N5 0 0.030 0
243 10 N4 N2 151 0.030 1
243 11 N4 N3 130 0.030 0
244 1 N3 N5 0 0.390 0
244 2 N3 N2 176 0.390 1
244 3 N3 N3 153 0.390 0
244 4 N5 N5 44 0.050 0
244 5 N5 N2 192 0.050 1
244 6 N2 N5 33 0.350 0
244 7 N2 N3 100 0.350 0
244 8 N2 N2 248 0.350 1
244 9 N4 N5 0 0.080 0
244 10 N4 N2 149 0.080 1
244 11 N4 N3 129 0.080 0
245 1 N3 N5 0 0.060 0
245 2 N3 N2 174 0.060 1
245 3 N3 N3 150 0.060 0
245 4 N5 N5 47 0.230 0
245 5 N5 N2 191 0.230 1
245 6 N2 N5 35 0.040 0
245 7 N2 N3 99 0.040 0
245 8 N2 N2 246 0.040 1
245 9 N4 N5 0 0.140 0
245 10 N4 N2 148 0.140 1
245 11 N4 N3 129 0.140 0
246 1 N3 N5 0 0.110 0
246 2 N3 N2 174 0.110 1
246 3 N3 N3 149 0.110 0
246 4 N5 N5 50 0.170 0
246 5 N5 N2 190 0.170 1
246 6 N2 N5 43 0.620 0
246 7 N2 N3 101 0.620 0
246 8 N2 N2 246 0.620 1
246 9 N4 N5 0 1.220 0
246 10 N4 N2 148 1.220 1
246 11 N4 N3 129 1.220 0
247 1 N3 N5 0 1.080 0
247 2 N3 N2 174 1.080 1
247 3 N3 N3 149 1.080 0
247 4 N5 N5 53 0.250 0
247 5 N5 N2 189 0.250 1
247 6 N2 N5 43 0.040 0
247 7 N2 N3 102 0.040 0
247 8 N2 N2 246 0.040 1
247 9 N4 N5 0 0.250 0
247 10 N4 N2 148 0.250 1
247 11 N4 N3 129 0.250 0
248 1 N3 N5 0 0.180 0
248 2 N3 N2 175 0.180 1
248 3 N3 N3 149 0.180 0
248 4 N5 N5 54 0.310 0
248 5 N5 N2 187 0.310 1
248 6 N2 N5 43 0.090 0
248 7 N2 N3 102 0.090 0
248 8 N2 N2 247 0.090 1
248 9 N4 N5 0 0.840 0
248 10 N4 N2 148 0.840 1
248 11 N4 N3 129 0.840 0
249 1 N3 N5 0 0.220 0
249 2 N3 N2 176 0.220 1
249 3 N3 N3 148 0.220 0
249 4 N5 N5 55 0.370 0
249 5 N5 N2 186 0.370 1
249 6 N2 N5 44 0.110 0
249 7 N2 N3 102 0.110 0
249 8 N2 N2 246 0.110 1
249 9 N4 N5 0 1.920 0
249 10 N4 N2 148 1.920 1
249 11 N4 N3 129 1.920 0
250 1 N3 N5 0 0.280 0
250 2 N3 N2 178 0.280 1
250 3 N3 N3 149 0.280 0
250 4 N5 N5 53 0.420 0
250 5 N5 N2 186 0.420 1
250 6 N2 N5 44 0.160 0
250 7 N2 N3 101 0.160 0
250 8 N2 N2 246 0.160 1
250 9 N4 N5 0 3.010 0
250 10 N4 N2 148 3.010 1
250 11 N4 N3 129 3.010 0
251 1 N3 N5 0 0.350 0
251 2 N3 N2 179 0.350 1
251 3 N3 N3 149 0.350 0
251 4 N5 N5 49 0.100 0
251 5 N5 N2 185 0.100 1
251 6 N2 N5 44 0.310 0
251 7 N2 N3 101 0.310 0
251 8 N2 N2 246 0.310 1
251 9 N4 N5 0 0.000 0
251 10 N4 N2 148 0.000 1
251 11 N4 N3 128 0.000 0
252 1 N3 N5 0 0.910 0
252 2 N3 N2 178 0.910 1
252 3 N3 N3 149 0.910 0
252 4 N5 N5 46 0.060 0
252 5 N5 N2 182 0.060 1
252 6 N2 N5 39 0.240 0
252 7 N2 N3 97 0.240 0
252 8 N2 N2 246 0.240 1
252 9 N4 N5 0 0.030 0
252 10 N4 N2 147 0.030 1
252 11 N4 N3 126 0.030 0
253 1 N3 N5 0 0.080 0
253 2 N3 N2 178 0.080 1
253 3 N3 N3 150 0.080 0
253 4 N5 N5 43 0.140 0
253 5 N5 N2 181 0.140 1
253 6 N2 N5 34 0.430 0
253 7 N2 N3 94 0.430 0
253 8 N2 N2 246 0.430 1
253 9 N4 N5 0 1.120 0
253 10 N4 N2 147 1.120 1
253 11 N4 N3 126 1.120 0
254 1 N3 N5 0 0.540 0
254 2 N3 N2 177 0.540 1
254 3 N3 N3 150 0.540 0
254 4 N5 N5 42 0.170 0
254 5 N5 N2 178 0.170 1
254 6 N2 N5 34 0.000 0
254 7 N2 N3 93 0.000 0
254 8 N2 N2 244 0.000 1
254 9 N4 N5 0 0.140 0
254 10 N4 N2 147 0.140 1
254 11 N4 N3 123 0.140 0
255 1 N3 N5 0 0.070 0
255 2 N3 N2 174 0.070 1
255 3 N3 N3 150 0.070 0
255 4 N5 N5 42 0.750 0
255 5 N5 N2 177 0.750 1
255 6 N2 N5 34 0.080 0
255 7 N2 N3 93 0.080 0
255 8 N2 N2 243 0.080 1
255 9 N4 N5 0 1.230 0
255 10 N4 N2 147 1.230 1
255 11 N4 N3 123 1.230 0
256 1 N3 N5 0 0.130 0
256 2 N3 N2 172 0.130 1
256 3 N3 N3 148 0.130 0
256 4 N5 N5 40 0.290 0
256 5 N5 N2 174 0.290 1
256 6 N2 N5 30 0.110 0
256 7 N2 N3 93 0.110 0
256 8 N2 N2 242 0.110 1
256 9 N4 N5 0 0.230 0
256 10 N4 N2 147 0.230 1
256 11 N4 N3 123 0.230 0
257 1 N3 N5 0 0.160 0
257 2 N3 N2 171 0.160 1
257 3 N3 N3 147 0.160 0
257 4 N5 N5 38 0.350 0
257 5 N5 N2 171 0.350 1
257 6 N2 N5 30 0.180 0
257 7 N2 N3 93 0.180 0
257 8 N2 N2 241 0.180 1
257 9 N4 N5 0 0.180 0
257 10 N4 N2 145 0.180 1
257 11 N4 N3 122 0.180 0
258 1 N3 N5 0 0.260 0
258 2 N3 N2 170 0.260 1
258 3 N3 N3 148 0.260 0
258 4 N5 N5 37 0.430 0
258 5 N5 N2 170 0.430 1
258 6 N2 N5 30 0.230 0
258 7 N2 N3 93 0.230 0
258 8 N2 N2 240 0.230 1
258 9 N4 N5 0 0.320 0
258 10 N4 N2 144 0.320 1
258 11 N4 N3 122 0.320 0
259 1 N3 N5 0 0.290 0
259 2 N3 N2 167 0.290 1
259 3 N3 N3 149 0.290 0
259 4 N5 N5 35 0.450 0
259 5 N5 N2 168 0.450 1
259 6 N2 N5 0 0.170 0
259 7 N2 N3 100 0.170 0
259 8 N2 N2 238 0.170 1
259 9 N4 N5 0 1.400 0
259 10 N4 N2 144 1.400 1
259 11 N4 N3 122 1.400 0
260 1 N3 N5 0 0.340 0
260 2 N3 N2 163 0.340 1
260 3 N3 N3 150 0.340 0
260 4 N5 N5 33 0.480 0
260 5 N5 N2 166 0.480 1
260 6 N2 N5 0 0.220 0
260 7 N2 N3 102 0.220 0
260 8 N2 N2 236 0.220 1
260 9 N4 N5 0 2.480 0
260 10 N4 N2 144 2.480 1
260 11 N4 N3 122 2.480 0
261 1 N3 N5 0 0.030 0
261 2 N3 N2 159 0.030 1
261 3 N3 N3 152 0.030 0
261 4 N5 N5 33 0.000 0
261 5 N5 N2 164 0.000 1
261 6 N2 N5 0 0.270 0
261 7 N2 N3 107 0.270 0
261 8 N2 N2 234 0.270 1
261 9 N4 N5 0 0.000 0
261 10 N4 N2 140 0.000 1
261 11 N4 N3 122 0.000 0
262 1 N3 N5 0 0.020 0
262 2 N3 N2 150 0.020 0
262 3 N3 N3 154 0.020 1
262 4 N5 N5 33 0.090 0
262 5 N5 N2 163 0.090 1
262 6 N2 N5 0 0.360 0
262 7 N2 N3 110 0.360 0
262 8 N2 N2 233 0.360 1
262 9 N4 N5 0 1.110 0
262 10 N4 N2 140 1.110 1
262 11 N4 N3 122 1.110 0
263 1 N3 N5 0 0.100 0
263 2 N3 N2 149 0.100 0
263 3 N3 N3 154 0.100 1
263 4 N5 N5 33 0.120 0
263 5 N5 N2 162 0.120 1
263 6 N2 N5 0 0.020 0
263 7 N2 N3 112 0.020 0
263 8 N2 N2 230 0.020 1
263 9 N4 N5 0 0.650 0
263 10 N4 N2 137 0.650 1
263 11 N4 N3 122 0.650 0
264 1 N3 N5 0 0.210 0
264 2 N3 N2 148 0.210 0
264 3 N3 N3 155 0.210 1
264 4 N5 N5 0 0.240 0
264 5 N5 N2 162 0.240 1
264 6 N2 N5 0 0.130 0
264 7 N2 N3 114 0.130 0
264 8 N2 N2 227 0.130 1
264 9 N4 N5 0 0.760 0
264 10 N4 N2 136 0.760 1
264 11 N4 N3 122 0.760 0
265 1 N3 N5 0 0.800 0
265 2 N3 N2 147 0.800 0
265 3 N3 N3 155 0.800 1
265 4 N5 N5 0 0.290 0
265 5 N5 N2 161 0.290 1
265 6 N2 N5 0 0.070 0
265 7 N2 N3 114 0.070 0
265 8 N2 N2 225 0.070 1
265 9 N4 N5 0 0.290 0
265 10 N4 N2 133 0.290 1
265 11 N4 N3 123 0.290 0
266 1 N3 N5 0 0.350 0
266 2 N3 N2 146 0.350 0
266 3 N3 N3 155 0.350 1
266 4 N5 N5 25 0.380 0
266 5 N5 N2 160 0.380 1
266 6 N2 N5 0 0.130 0
266 7 N2 N3 113 0.130 0
266 8 N2 N2 223 0.130 1
266 9 N4 N5 0 1.370 0
266 10 N4 N2 133 1.370 1
266 11 N4 N3 123 1.370 0
267 1 N3 N5 0 0.910 0
267 2 N3 N2 147 0.910 0
267 3 N3 N3 155 0.910 1
267 4 N5 N5 25 0.450 0
267 5 N5 N2 159 0.450 1
267 6 N2 N5 30 0.180 0
267 7 N2 N3 113 0.180 0
267 8 N2 N2 222 0.180 1
267 9 N4 N5 0 0.380 0
267 10 N4 N2 131 0.380 1
267 11 N4 N3 123 0.380 0
268 1 N3 N5 26 0.050 0
268 2 N3 N2 149 0.050 0
268 3 N3 N3 156 0.050 1
268 4 N5 N5 25 0.500 0
268 5 N5 N2 158 0.500 1
268 6 N2 N5 34 0.250 0
268 7 N2 N3 114 0.250 0
268 8 N2 N2 220 0.250 1
268 9 N4 N5 0 0.060 0
268 10 N4 N2 131 0.060 1
268 11 N4 N3 124 0.060 0
269 1 N3 N5 26 0.510 0
269 2 N3 N2 150 0.510 0
269 3 N3 N3 158 0.510 1
269 4 N5 N5 34 0.030 0
269 5 N5 N2 154 0.030 1
269 6 N2 N5 34 0.430 0
269 7 N2 N3 114 0.430 0
269 8 N2 N2 219 0.430 1
269 9 N4 N5 0 0.090 0
269 10 N4 N2 125 0.090 1
269 11 N4 N3 123 0.090 0
270 1 N3 N5 26 1.090 0
270 2 N3 N2 149 1.090 0
270 3 N3 N3 158 1.090 1
270 4 N5 N5 37 0.700 0
270 5 N5 N2 154 0.700 1
270 6 N2 N5 35 0.470 0
270 7 N2 N3 115 0.470 0
270 8 N2 N2 217 0.470 1
270 9 N4 N5 0 0.150 0
270 10 N4 N2 122 0.150 0
270 11 N4 N3 124 0.150 1
271 1 N3 N5 23 0.120 0
271 2 N3 N2 147 0.120 0
271 3 N3 N3 159 0.120 1
271 4 N5 N5 37 0.130 0
271 5 N5 N2 150 0.130 1
271 6 N2 N5 35 0.000 0
271 7 N2 N3 118 0.000 0
271 8 N2 N2 213 0.000 1
271 9 N4 N5 0 0.220 0
271 10 N4 N2 122 0.220 0
271 11 N4 N3 125 0.220 1
272 1 N3 N5 23 0.690 0
272 2 N3 N2 145 0.690 0
272 3 N3 N3 159 0.690 1
272 4 N5 N5 37 0.190 0
272 5 N5 N2 147 0.190 1
272 6 N2 N5 35 0.060 0
272 7 N2 N3 118 0.060 0
272 8 N2 N2 212 0.060 1
272 9 N4 N5 0 0.280 0
272 10 N4 N2 121 0.280 0
272 11 N4 N3 124 0.280 1
273 1 N3 N5 19 0.080 0
273 2 N3 N2 145 0.080 0
273 3 N3 N3 160 0.080 1
273 4 N5 N5 32 0.240 0
273 5 N5 N2 143 0.240 1
273 6 N2 N5 35 0.130 0
273 7 N2 N3 117 0.130 0
273 8 N2 N2 210 0.130 1
273 9 N4 N5 7 0.080 0
273 10 N4 N2 121 0.080 0
273 11 N4 N3 124 0.080 1
274 1 N3 N5 19 0.270 0
274 2 N3 N2 144 0.270 0
274 3 N3 N3 161 0.270 1
274 4 N5 N5 34 0.300 0
274 5 N5 N2 139 0.300 1
274 6 N2 N5 30 0.040 0
274 7 N2 N3 116 0.040 0
274 8 N2 N2 209 0.040 1
274 9 N4 N5 7 0.400 0
274 10 N4 N2 120 0.400 0
274 11 N4 N3 124 0.400 1
275 1 N3 N5 17 0.210 0
275 2 N3 N2 143 0.210 0
275 3 N3 N3 162 0.210 1
275 4 N5 N5 34 1.390 0
275 5 N5 N2 139 1.390 1
275 6 N2 N5 23 0.200 0
275 7 N2 N3 115 0.200 0
275 8 N2 N2 209 0.200 1
275 9 N4 N5 7 1.490 0
275 10 N4 N2 120 1.490 0
275 11 N4 N3 124 1.490 1
276 1 N3 N5 17 1.290 0
276 2 N3 N2 143 1.290 0
276 3 N3 N3 162 1.290 1
276 4 N5 N5 34 0.400 0
276 5 N5 N2 136 0.400 1
276 6 N2 N5 16 0.230 0
276 7 N2 N3 114 0.230 0
276 8 N2 N2 207 0.230 1
276 9 N4 N5 7 2.570 0
276 10 N4 N2 120 2.570 0
276 11 N4 N3 124 2.570 1
277 1 N3 N5 17 0.470 0
277 2 N3 N2 142 0.470 0
277 3 N3 N3 165 0.470 1
277 4 N5 N5 34 0.450 0
277 5 N5 N2 135 0.450 1
277 6 N2 N5 16 0.310 0
277 7 N2 N3 115 0.310 0
277 8 N2 N2 207 0.310 1
277 9 N4 N5 7 0.630 0
277 10 N4 N2 120 0.630 0
277 11 N4 N3 127 0.630 1
278 1 N3 N5 14 0.010 0
278 2 N3 N2 141 0.010 0
278 3 N3 N3 168 0.010 1
278 4 N5 N5 34 0.010 0
278 5 N5 N2 135 0.010 1
278 6 N2 N5 16 0.320 0
278 7 N2 N3 115 0.320 0
278 8 N2 N2 207 0.320 1
278 9 N4 N5 7 0.220 0
278 10 N4 N2 120 0.220 0
278 11 N4 N3 127 0.220 1
279 1 N3 N5 14 0.080 0
279 2 N3 N2 141 0.080 0
279 3 N3 N3 168 0.080 1
279 4 N5 N5 26 0.070 0
279 5 N5 N2 135 0.070 1
279 6 N2 N5 16 0.490 0
279 7 N2 N3 115 0.490 0
279 8 N2 N2 208 0.490 1
279 9 N4 N5 7 0.780 0
279 10 N4 N2 118 0.780 0
279 11 N4 N3 128 0.780 1
280 1 N3 N5 14 0.190 0
280 2 N3 N2 142 0.190 0
280 3 N3 N3 172 0.190 1
280 4 N5 N5 26 0.660 0
280 5 N5 N2 136 0.660 1
280 6 N2 N5 16 0.070 0
280 7 N2 N3 116 0.070 0
280 8 N2 N2 207 0.070 1
280 9 N4 N5 7 0.840 0
280 10 N4 N2 119 0.840 0
280 11 N4 N3 129 0.840 1
281 1 N3 N5 10 0.230 0
281 2 N3 N2 142 0.230 0
281 3 N3 N3 173 0.230 1
281 4 N5 N5 23 0.200 0
281 5 N5 N2 137 0.200 1
281 6 N2 N5 16 0.090 0
281 7 N2 N3 117 0.090 0
281 8 N2 N2 208 0.090 1
281 9 N4 N5 8 0.140 0
281 10 N4 N2 119 0.140 0
281 11 N4 N3 130 0.140 1
282 1 N3 N5 10 0.260 0
282 2 N3 N2 143 0.260 0
282 3 N3 N3 176 0.260 1
282 4 N5 N5 21 0.260 0
282 5 N5 N2 141 0.260 1
282 6 N2 N5 16 0.150 0
282 7 N2 N3 117 0.150 0
282 8 N2 N2 208 0.150 1
282 9 N4 N5 8 0.390 0
282 10 N4 N2 118 0.390 0
282 11 N4 N3 132 0.390 1
283 1 N3 N5 11 0.850 0
283 2 N3 N2 143 0.850 0
283 3 N3 N3 178 0.850 1
283 4 N5 N5 23 0.340 0
283 5 N5 N2 145 0.340 1
283 6 N2 N5 16 0.190 0
283 7 N2 N3 121 0.190 0
283 8 N2 N2 210 0.190 1
283 9 N4 N5 8 0.430 0
283 10 N4 N2 114 0.430 0
283 11 N4 N3 134 0.430 1
284 1 N3 N5 11 1.930 0
284 2 N3 N2 143 1.930 0
284 3 N3 N3 178 1.930 1
284 4 N5 N5 23 0.370 0
284 5 N5 N2 149 0.370 1
284 6 N2 N5 19 0.120 0
284 7 N2 N3 127 0.120 0
284 8 N2 N2 210 0.120 1
284 9 N4 N5 8 1.510 0
284 10 N4 N2 114 1.510 0
284 11 N4 N3 134 1.510 1
285 1 N3 N5 11 3.020 0
285 2 N3 N2 143 3.020 0
285 3 N3 N3 178 3.020 1
285 4 N5 N5 24 0.420 0
285 5 N5 N2 154 0.420 1
285 6 N2 N5 21 0.190 0
285 7 N2 N3 125 0.190 0
285 8 N2 N2 210 0.190 1
285 9 N4 N5 8 2.600 0
285 10 N4 N2 114 2.600 0
285 11 N4 N3 134 2.600 1
286 1 N3 N5 11 4.100 0
286 2 N3 N2 143 4.100 0
286 3 N3 N3 178 4.100 1
286 4 N5 N5 24 0.500 0
286 5 N5 N2 155 0.500 1
286 6 N2 N5 21 0.330 0
286 7 N2 N3 126 0.330 0
286 8 N2 N2 209 0.330 1
286 9 N4 N5 8 3.680 0
286 10 N4 N2 114 3.680 0
286 11 N4 N3 134 3.680 1
287 1 N3 N5 11 0.020 0
287 2 N3 N2 143 0.020 0
287 3 N3 N3 183 0.020 1
287 4 N5 N5 24 0.530 0
287 5 N5 N2 155 0.530 1
287 6 N2 N5 21 0.380 0
287 7 N2 N3 128 0.380 0
287 8 N2 N2 208 0.380 1
287 9 N4 N5 8 4.760 0
287 10 N4 N2 114 4.760 0
287 11 N4 N3 134 4.760 1
288 1 N3 N5 11 0.600 0
288 2 N3 N2 143 0.600 0
288 3 N3 N3 186 0.600 1
288 4 N5 N5 24 0.060 0
288 5 N5 N2 155 0.060 1
288 6 N2 N5 25 0.460 0
288 7 N2 N3 128 0.460 0
288 8 N2 N2 206 0.460 1
288 9 N4 N5 8 5.850 0
288 10 N4 N2 114 5.850 0
288 11 N4 N3 134 5.850 1
289 1 N3 N5 0 0.150 0
289 2 N3 N2 145 0.150 0
289 3 N3 N3 186 0.150 1
289 4 N5 N5 24 0.080 0
289 5 N5 N2 155 0.080 1
289 6 N2 N5 25 0.010 0
289 7 N2 N3 126 0.010 0
289 8 N2 N2 202 0.010 1
289 9 N4 N5 8 6.940 0
289 10 N4 N2 114 6.940 0
289 11 N4 N3 134 6.940 1
290 1 N3 N5 18 0.100 0
290 2 N3 N2 145 0.100 0
290 3 N3 N3 187 0.100 1
290 4 N5 N5 26 0.180 0
290 5 N5 N2 154 0.180 1
290 6 N2 N5 24 0.060 0
290 7 N2 N3 126 0.060 0
290 8 N2 N2 199 0.060 1
290 9 N4 N5 8 8.020 0
290 10 N4 N2 114 8.020 0
290 11 N4 N3 134 8.020 1
291 1 N3 N5 18 0.900 0
291 2 N3 N2 145 0.900 0
291 3 N3 N3 186 0.900 1
291 4 N5 N5 26 0.210 0
291 5 N5 N2 154 0.210 1
291 6 N2 N5 23 0.630 0
291 7 N2 N3 118 0.630 0
291 8 N2 N2 197 0.630 1
291 9 N4 N5 8 9.100 0
291 10 N4 N2 114 9.100 0
291 11 N4 N3 134 9.100 1
292 1 N3 N5 21 0.230 0
292 2 N3 N2 147 0.230 0
292 3 N3 N3 184 0.230 1
292 4 N5 N5 33 0.270 0
292 5 N5 N2 153 0.270 1
292 6 N2 N5 27 0.050 0
292 7 N2 N3 99 0.050 0
292 8 N2 N2 195 0.050 1
292 9 N4 N5 11 0.760 0
292 10 N4 N2 110 0.760 0
292 11 N4 N3 134 0.760 1
293 1 N3 N5 21 0.360 0
293 2 N3 N2 150 0.360 0
293 3 N3 N3 182 0.360 1
293 4 N5 N5 36 0.330 0
293 5 N5 N2 150 0.330 1
293 6 N2 N5 27 0.120 0
293 7 N2 N3 84 0.120 0
293 8 N2 N2 193 0.120 1
293 9 N4 N5 11 0.510 0
293 10 N4 N2 110 0.510 0
293 11 N4 N3 135 0.510 1
294 1 N3 N5 22 0.870 0
294 2 N3 N2 151 0.870 0
294 3 N3 N3 181 0.870 1
294 4 N5 N5 37 0.410 0
294 5 N5 N2 149 0.410 1
294 6 N2 N5 28 0.170 0
294 7 N2 N3 88 0.170 0
294 8 N2 N2 193 0.170 1
294 9 N4 N5 13 0.870 0
294 10 N4 N2 110 0.870 0
294 11 N4 N3 135 0.870 1
295 1 N3 N5 22 0.460 0
295 2 N3 N2 155 0.460 0
295 3 N3 N3 182 0.460 1
295 4 N5 N5 39 0.000 0
295 5 N5 N2 150 0.000 1
295 6 N2 N5 28 0.380 0
295 7 N2 N3 88 0.380 0
295 8 N2 N2 193 0.380 1
295 9 N4 N5 16 0.160 0
295 10 N4 N2 0 0.160 0
295 11 N4 N3 137 0.160 1
296 1 N3 N5 23 0.020 0
296 2 N3 N2 159 0.020 0
296 3 N3 N3 181 0.020 1
296 4 N5 N5 39 0.570 0
296 5 N5 N2 150 0.570 1
296 6 N2 N5 31 0.450 0
296 7 N2 N3 89 0.450 0
296 8 N2 N2 195 0.450 1
296 9 N4 N5 15 0.020 0
296 10 N4 N2 0 0.020 0
296 11 N4 N3 138 0.020 1
297 1 N3 N5 25 0.070 0
297 2 N3 N2 162 0.070 0
297 3 N3 N3 180 0.070 1
297 4 N5 N5 39 0.130 0
297 5 N5 N2 152 0.130 1
297 6 N2 N5 28 0.010 0
297 7 N2 N3 91 0.010 0
297 8 N2 N2 198 0.010 1
297 9 N4 N5 15 0.280 0
297 10 N4 N2 0 0.280 0
297 11 N4 N3 140 0.280 1
298 1 N3 N5 25 0.130 0
298 2 N3 N2 162 0.130 0
298 3 N3 N3 178 0.130 1
298 4 N5 N5 39 0.170 0
298 5 N5 N2 154 0.170 1
298 6 N2 N5 26 0.090 0
298 7 N2 N3 93 0.090 0
298 8 N2 N2 199 0.090 1
298 9 N4 N5 15 0.850 0
298 10 N4 N2 0 0.850 0
298 11 N4 N3 142 0.850 1
299 1 N3 N5 25 0.170 0
299 2 N3 N2 165 0.170 0
299 3 N3 N3 177 0.170 1
299 4 N5 N5 39 0.220 0
299 5 N5 N2 156 0.220 1
299 6 N2 N5 26 0.140 0
299 7 N2 N3 93 0.140 0
299 8 N2 N2 201 0.140 1
299 9 N4 N5 15 1.930 0
299 10 N4 N2 0 1.930 0
299 11 N4 N3 142 1.930 1
300 1 N3 N5 25 0.200 0
300 2 N3 N2 167 0.200 0
300 3 N3 N3 177 0.200 1
300 4 N5 N5 39 0.280 0
300 5 N5 N2 157 0.280 1
300 6 N2 N5 24 0.100 0
300 7 N2 N3 93 0.100 0
300 8 N2 N2 202 0.100 1
300 9 N4 N5 15 0.390 0
300 10 N4 N2 0 0.390 0
300 11 N4 N3 143 0.390 1
