1 1 N3 N1 32 0.450 0
1 2 N3 N3 50 0.450 0
1 3 N3 N2 182 0.450 1
1 4 N1 N3 0 0.450 0
1 5 N1 N1 37 0.450 0
1 6 N1 N2 217 0.450 1
1 7 N2 N1 31 0.440 0
1 8 N2 N3 39 0.440 0
1 9 N2 N2 243 0.440 1
1 10 N4 N1 25 0.940 0
1 11 N4 N3 27 0.940 0
1 12 N4 N2 157 0.940 1
2 1 N3 N1 32 0.070 0
2 2 N3 N3 50 0.070 0
2 3 N3 N2 183 0.070 1
2 4 N1 N3 0 0.060 0
2 5 N1 N1 35 0.060 0
2 6 N1 N2 216 0.060 1
2 7 N2 N1 29 0.000 0
2 8 N2 N3 39 0.000 0
2 9 N2 N2 243 0.000 1
2 10 N4 N1 25 0.000 0
2 11 N4 N3 27 0.000 0
2 12 N4 N2 158 0.000 1
3 1 N3 N1 27 0.130 0
3 2 N3 N3 45 0.130 0
3 3 N3 N2 186 0.130 1
3 4 N1 N3 0 0.150 0
3 5 N1 N1 34 0.150 0
3 6 N1 N2 215 0.150 1
3 7 N2 N1 27 0.080 0
3 8 N2 N3 39 0.080 0
3 9 N2 N2 244 0.080 1
3 10 N4 N1 25 0.080 0
3 11 N4 N3 27 0.080 0
3 12 N4 N2 159 0.080 1
4 1 N3 N1 23 0.040 0
4 2 N3 N3 45 0.040 0
4 3 N3 N2 188 0.040 1
4 4 N1 N3 0 0.730 0
4 5 N1 N1 33 0.730 0
4 6 N1 N2 215 0.730 1
4 7 N2 N1 27 0.670 0
4 8 N2 N3 39 0.670 0
4 9 N2 N2 244 0.670 1
4 10 N4 N1 23 0.050 0
4 11 N4 N3 27 0.050 0
4 12 N4 N2 160 0.050 1
5 1 N3 N1 23 0.270 0
5 2 N3 N3 45 0.270 0
5 3 N3 N2 189 0.270 1
5 4 N1 N3 0 0.290 0
5 5 N1 N1 32 0.290 0
5 6 N1 N2 215 0.290 1
5 7 N2 N1 25 0.600 0
5 8 N2 N3 39 0.600 0
5 9 N2 N2 245 0.600 1
5 10 N4 N1 23 0.720 0
5 11 N4 N3 27 0.720 0
5 12 N4 N2 161 0.720 1
6 1 N3 N1 23 0.380 0
6 2 N3 N3 45 0.380 0
6 3 N3 N2 188 0.380 1
6 4 N1 N3 0 0.370 0
6 5 N1 N1 32 0.370 0
6 6 N1 N2 215 0.370 1
6 7 N2 N1 24 0.160 0
6 8 N2 N3 39 0.160 0
6 9 N2 N2 246 0.160 1
6 10 N4 N1 23 1.840 0
6 11 N4 N3 27 1.840 0
6 12 N4 N2 161 1.840 1
7 1 N3 N1 23 0.430 0
7 2 N3 N3 45 0.430 0
7 3 N3 N2 188 0.430 1
7 4 N1 N3 0 0.440 0
7 5 N1 N1 31 0.440 0
7 6 N1 N2 215 0.440 1
7 7 N2 N1 23 0.270 0
7 8 N2 N3 31 0.270 0
7 9 N2 N2 248 0.270 1
7 10 N4 N1 23 0.370 0
7 11 N4 N3 28 0.370 0
7 12 N4 N2 161 0.370 1
8 1 N3 N1 22 0.500 0
8 2 N3 N3 31 0.500 0
8 3 N3 N2 187 0.500 1
8 4 N1 N3 0 0.110 0
8 5 N1 N1 27 0.110 0
8 6 N1 N2 216 0.110 1
8 7 N2 N1 23 0.420 0
8 8 N2 N3 23 0.420 0
8 9 N2 N2 249 0.420 1
8 10 N4 N1 23 0.420 0
8 11 N4 N3 27 0.420 0
8 12 N4 N2 162 0.420 1
9 1 N3 N1 22 1.590 0
9 2 N3 N3 31 1.590 0
9 3 N3 N2 187 1.590 1
9 4 N1 N3 0 0.040 0
9 5 N1 N1 26 0.040 0
9 6 N1 N2 216 0.040 1
9 7 N2 N1 23 0.350 0
9 8 N2 N3 23 0.350 0
9 9 N2 N2 250 0.350 1
9 10 N4 N1 23 1.510 0
9 11 N4 N3 27 1.510 0
9 12 N4 N2 162 1.510 1
10 1 N3 N1 21 0.640 0
10 2 N3 N3 31 0.640 0
10 3 N3 N2 187 0.640 1
10 4 N1 N3 0 0.090 0
10 5 N1 N1 26 0.090 0
10 6 N1 N2 216 0.090 1
10 7 N2 N1 22 0.390 0
10 8 N2 N3 23 0.390 0
10 9 N2 N2 252 0.390 1
10 10 N4 N1 23 0.000 0
10 11 N4 N3 27 0.000 0
10 12 N4 N2 163 0.000 1
11 1 N3 N1 21 0.190 0
11 2 N3 N3 31 0.190 0
11 3 N3 N2 186 0.190 1
11 4 N1 N3 0 0.160 0
11 5 N1 N1 26 0.160 0
11 6 N1 N2 216 0.160 1
11 7 N2 N1 21 0.040 0
11 8 N2 N3 23 0.040 0
11 9 N2 N2 253 0.040 1
11 10 N4 N1 23 0.570 0
11 11 N4 N3 27 0.570 0
11 12 N4 N2 162 0.570 1
12 1 N3 N1 21 0.220 0
12 2 N3 N3 31 0.220 0
12 3 N3 N2 185 0.220 1
12 4 N1 N3 0 0.740 0
12 5 N1 N1 22 0.740 0
12 6 N1 N2 216 0.740 1
12 7 N2 N1 21 0.070 0
12 8 N2 N3 23 0.070 0
12 9 N2 N2 254 0.070 1
12 10 N4 N1 21 0.130 0
12 11 N4 N3 27 0.130 0
12 12 N4 N2 162 0.130 1
13 1 N3 N1 19 0.300 0
13 2 N3 N3 0 0.300 0
13 3 N3 N2 184 0.300 1
13 4 N1 N3 0 0.270 0
13 5 N1 N1 22 0.270 0
13 6 N1 N2 216 0.270 1
13 7 N2 N1 20 0.110 0
13 8 N2 N3 23 0.110 0
13 9 N2 N2 254 0.110 1
13 10 N4 N1 19 0.710 0
13 11 N4 N3 27 0.710 0
13 12 N4 N2 161 0.710 1
14 1 N3 N1 18 0.360 0
14 2 N3 N3 0 0.360 0
14 3 N3 N2 185 0.360 1
14 4 N1 N3 0 0.330 0
14 5 N1 N1 20 0.330 0
14 6 N1 N2 216 0.330 1
14 7 N2 N1 17 0.160 0
14 8 N2 N3 23 0.160 0
14 9 N2 N2 254 0.160 1
14 10 N4 N1 19 0.240 0
14 11 N4 N3 27 0.240 0
14 12 N4 N2 161 0.240 1
15 1 N3 N1 18 0.410 0
15 2 N3 N3 0 0.410 0
15 3 N3 N2 186 0.410 1
15 4 N1 N3 0 0.520 0
15 5 N1 N1 19 0.520 0
15 6 N1 N2 215 0.520 1
15 7 N2 N1 15 0.100 0
15 8 N2 N3 0 0.100 0
15 9 N2 N2 254 0.100 1
15 10 N4 N1 19 0.830 0
15 11 N4 N3 27 0.830 0
15 12 N4 N2 161 0.830 1
16 1 N3 N1 18 0.460 0
16 2 N3 N3 0 0.460 0
16 3 N3 N2 188 0.460 1
16 4 N1 N3 0 0.490 0
16 5 N1 N1 16 0.490 0
16 6 N1 N2 215 0.490 1
16 7 N2 N1 14 0.190 0
16 8 N2 N3 0 0.190 0
16 9 N2 N2 253 0.190 1
16 10 N4 N1 0 0.390 0
16 11 N4 N3 27 0.390 0
16 12 N4 N2 162 0.390 1
17 1 N3 N1 17 0.050 0
17 2 N3 N3 32 0.050 0
17 3 N3 N2 193 0.050 1
17 4 N1 N3 0 0.300 0
17 5 N1 N1 14 0.300 0
17 6 N1 N2 215 0.300 1
17 7 N2 N1 12 0.390 0
17 8 N2 N3 0 0.390 0
17 9 N2 N2 253 0.390 1
17 10 N4 N1 0 0.440 0
17 11 N4 N3 27 0.440 0
17 12 N4 N2 163 0.440 1
18 1 N3 N1 17 0.640 0
18 2 N3 N3 32 0.640 0
18 3 N3 N2 194 0.640 1
18 4 N1 N3 0 0.090 0
18 5 N1 N1 16 0.090 0
18 6 N1 N2 214 0.090 1
18 7 N2 N1 14 0.230 0
18 8 N2 N3 0 0.230 0
18 9 N2 N2 253 0.230 1
18 10 N4 N1 10 0.010 0
18 11 N4 N3 27 0.010 0
18 12 N4 N2 164 0.010 1
19 1 N3 N1 14 0.180 0
19 2 N3 N3 32 0.180 0
19 3 N3 N2 196 0.180 1
19 4 N1 N3 0 0.780 0
19 5 N1 N1 17 0.780 0
19 6 N1 N2 214 0.780 1
19 7 N2 N1 15 0.040 0
19 8 N2 N3 0 0.040 0
19 9 N2 N2 251 0.040 1
19 10 N4 N1 10 0.050 0
19 11 N4 N3 0 0.050 0
19 12 N4 N2 164 0.050 1
20 1 N3 N1 12 0.240 0
20 2 N3 N3 32 0.240 0
20 3 N3 N2 197 0.240 1
20 4 N1 N3 0 0.180 0
20 5 N1 N1 17 0.180 0
20 6 N1 N2 211 0.180 1
20 7 N2 N1 16 0.090 0
20 8 N2 N3 0 0.090 0
20 9 N2 N2 249 0.090 1
20 10 N4 N1 9 0.090 0
20 11 N4 N3 0 0.090 0
20 12 N4 N2 164 0.090 1
21 1 N3 N1 12 0.820 0
21 2 N3 N3 32 0.820 0
21 3 N3 N2 196 0.820 1
21 4 N1 N3 0 0.210 0
21 5 N1 N1 17 0.210 0
21 6 N1 N2 208 0.210 1
21 7 N2 N1 16 0.150 0
21 8 N2 N3 0 0.150 0
21 9 N2 N2 247 0.150 1
21 10 N4 N1 9 1.180 0
21 11 N4 N3 0 1.180 0
21 12 N4 N2 164 1.180 1
22 1 N3 N1 12 0.380 0
22 2 N3 N3 32 0.380 0
22 3 N3 N2 197 0.380 1
22 4 N1 N3 0 0.240 0
22 5 N1 N1 17 0.240 0
22 6 N1 N2 204 0.240 1
22 7 N2 N1 15 0.230 0
22 8 N2 N3 0 0.230 0
22 9 N2 N2 245 0.230 1
22 10 N4 N1 9 2.270 0
22 11 N4 N3 0 2.270 0
22 12 N4 N2 164 2.270 1
23 1 N3 N1 0 0.480 0
23 2 N3 N3 32 0.480 0
23 3 N3 N2 197 0.480 1
23 4 N1 N3 0 0.820 0
23 5 N1 N1 17 0.820 0
23 6 N1 N2 203 0.820 1
23 7 N2 N1 13 0.280 0
23 8 N2 N3 0 0.280 0
23 9 N2 N2 244 0.280 1
23 10 N4 N1 8 0.260 0
23 11 N4 N3 0 0.260 0
23 12 N4 N2 166 0.260 1
24 1 N3 N1 0 0.030 0
24 2 N3 N3 32 0.030 0
24 3 N3 N2 194 0.030 1
24 4 N1 N3 0 1.010 0
24 5 N1 N1 16 1.010 0
24 6 N1 N2 201 1.010 1
24 7 N2 N1 6 0.240 0
24 8 N2 N3 0 0.240 0
24 9 N2 N2 242 0.240 1
24 10 N4 N1 8 0.370 0
24 11 N4 N3 0 0.370 0
24 12 N4 N2 166 0.370 1
25 1 N3 N1 0 1.110 0
25 2 N3 N3 32 1.110 0
25 3 N3 N2 194 1.110 1
25 4 N1 N3 0 0.050 0
25 5 N1 N1 14 0.050 0
25 6 N1 N2 196 0.050 1
25 7 N2 N1 6 0.430 0
25 8 N2 N3 0 0.430 0
25 9 N2 N2 241 0.430 1
25 10 N4 N1 7 0.360 0
25 11 N4 N3 0 0.360 0
25 12 N4 N2 164 0.360 1
26 1 N3 N1 4 0.160 0
26 2 N3 N3 32 0.160 0
26 3 N3 N2 191 0.160 1
26 4 N1 N3 0 0.110 0
26 5 N1 N1 13 0.110 0
26 6 N1 N2 194 0.110 1
26 7 N2 N1 6 0.500 0
26 8 N2 N3 0 0.500 0
26 9 N2 N2 240 0.500 1
26 10 N4 N1 6 0.500 0
26 11 N4 N3 0 0.500 0
26 12 N4 N2 161 0.500 1
27 1 N3 N1 4 0.220 0
27 2 N3 N3 0 0.220 0
27 3 N3 N2 189 0.220 1
27 4 N1 N3 0 1.090 0
27 5 N1 N1 13 1.090 0
27 6 N1 N2 194 1.090 1
27 7 N2 N1 6 0.060 0
27 8 N2 N3 0 0.060 0
27 9 N2 N2 240 0.060 1
27 10 N4 N1 5 0.060 0
27 11 N4 N3 0 0.060 0
27 12 N4 N2 158 0.060 1
28 1 N3 N1 4 0.260 0
28 2 N3 N3 0 0.260 0
28 3 N3 N2 185 0.260 1
28 4 N1 N3 0 0.110 0
28 5 N1 N1 9 0.110 0
28 6 N1 N2 195 0.110 1
28 7 N2 N1 6 0.130 0
28 8 N2 N3 0 0.130 0
28 9 N2 N2 240 0.130 1
28 10 N4 N1 5 0.130 0
28 11 N4 N3 0 0.130 0
28 12 N4 N2 154 0.130 1
29 1 N3 N1 4 1.350 0
29 2 N3 N3 0 1.350 0
29 3 N3 N2 185 1.350 1
29 4 N1 N3 0 0.160 0
29 5 N1 N1 8 0.160 0
29 6 N1 N2 195 0.160 1
29 7 N2 N1 6 1.220 0
29 8 N2 N3 0 1.220 0
29 9 N2 N2 240 1.220 1
29 10 N4 N1 5 1.220 0
29 11 N4 N3 0 1.220 0
29 12 N4 N2 154 1.220 1
30 1 N3 N1 4 0.310 0
30 2 N3 N3 0 0.310 0
30 3 N3 N2 185 0.310 1
30 4 N1 N3 0 0.140 0
30 5 N1 N1 8 0.140 0
30 6 N1 N2 194 0.140 1
30 7 N2 N1 6 2.310 0
30 8 N2 N3 0 2.310 0
30 9 N2 N2 240 2.310 1
30 10 N4 N1 5 2.310 0
30 11 N4 N3 0 2.310 0
30 12 N4 N2 154 2.310 1
31 1 N3 N1 4 1.390 0
31 2 N3 N3 0 1.390 0
31 3 N3 N2 185 1.390 1
31 4 N1 N3 0 0.790 0
31 5 N1 N1 7 0.790 0
31 6 N1 N2 193 0.790 1
31 7 N2 N1 6 3.390 0
31 8 N2 N3 0 3.390 0
31 9 N2 N2 240 3.390 1
31 10 N4 N1 5 3.390 0
31 11 N4 N3 0 3.390 0
31 12 N4 N2 154 3.390 1
32 1 N3 N1 4 2.490 0
32 2 N3 N3 0 2.490 0
32 3 N3 N2 185 2.490 1
32 4 N1 N3 0 0.640 0
32 5 N1 N1 7 0.640 0
32 6 N1 N2 193 0.640 1
32 7 N2 N1 6 0.910 0
32 8 N2 N3 0 0.910 0
32 9 N2 N2 240 0.910 1
32 10 N4 N1 5 4.490 0
32 11 N4 N3 0 4.490 0
32 12 N4 N2 154 4.490 1
33 1 N3 N1 4 3.600 0
33 2 N3 N3 0 3.600 0
33 3 N3 N2 185 3.600 1
33 4 N1 N3 0 0.840 0
33 5 N1 N1 7 0.840 0
33 6 N1 N2 193 0.840 1
33 7 N2 N1 6 2.020 0
33 8 N2 N3 0 2.020 0
33 9 N2 N2 240 2.020 1
33 10 N4 N1 5 5.600 0
33 11 N4 N3 0 5.600 0
33 12 N4 N2 154 5.600 1
34 1 N3 N1 4 0.650 0
34 2 N3 N3 0 0.650 0
34 3 N3 N2 183 0.650 1
34 4 N1 N3 0 0.710 0
34 5 N1 N1 7 0.710 0
34 6 N1 N2 193 0.710 1
34 7 N2 N1 6 0.060 0
34 8 N2 N3 0 0.060 0
34 9 N2 N2 241 0.060 1
34 10 N4 N1 5 6.690 0
34 11 N4 N3 0 6.690 0
34 12 N4 N2 154 6.690 1
35 1 N3 N1 4 1.740 0
35 2 N3 N3 0 1.740 0
35 3 N3 N2 183 1.740 1
35 4 N1 N3 0 0.340 0
35 5 N1 N1 7 0.340 0
35 6 N1 N2 192 0.340 1
35 7 N2 N1 6 1.150 0
35 8 N2 N3 0 1.150 0
35 9 N2 N2 241 1.150 1
35 10 N4 N1 5 7.780 0
35 11 N4 N3 0 7.780 0
35 12 N4 N2 154 7.780 1
36 1 N3 N1 4 0.300 0
36 2 N3 N3 0 0.300 0
36 3 N3 N2 180 0.300 1
36 4 N1 N3 0 1.440 0
36 5 N1 N1 7 1.440 0
36 6 N1 N2 192 1.440 1
36 7 N2 N1 6 2.250 0
36 8 N2 N3 0 2.250 0
36 9 N2 N2 241 2.250 1
36 10 N4 N1 3 0.020 0
36 11 N4 N3 0 0.020 0
36 12 N4 N2 149 0.020 1
37 1 N3 N1 4 0.520 0
37 2 N3 N3 0 0.520 0
37 3 N3 N2 176 0.520 1
37 4 N1 N3 0 2.530 0
37 5 N1 N1 7 2.530 0
37 6 N1 N2 192 2.530 1
37 7 N2 N1 6 0.280 0
37 8 N2 N3 0 0.280 0
37 9 N2 N2 240 0.280 1
37 10 N4 N1 3 0.100 0
37 11 N4 N3 0 0.100 0
37 12 N4 N2 145 0.100 1
38 1 N3 N1 4 1.610 0
38 2 N3 N3 0 1.610 0
38 3 N3 N2 176 1.610 1
38 4 N1 N3 0 0.080 0
38 5 N1 N1 8 0.080 0
38 6 N1 N2 190 0.080 1
38 7 N2 N1 6 1.370 0
38 8 N2 N3 0 1.370 0
38 9 N2 N2 240 1.370 1
38 10 N4 N1 3 0.140 0
38 11 N4 N3 0 0.140 0
38 12 N4 N2 142 0.140 1
39 1 N3 N1 4 2.700 0
39 2 N3 N3 0 2.700 0
39 3 N3 N2 176 2.700 1
39 4 N1 N3 0 1.170 0
39 5 N1 N1 8 1.170 0
39 6 N1 N2 190 1.170 1
39 7 N2 N1 6 0.370 0
39 8 N2 N3 0 0.370 0
39 9 N2 N2 241 0.370 1
39 10 N4 N1 3 0.200 0
39 11 N4 N3 0 0.200 0
39 12 N4 N2 137 0.200 1
40 1 N3 N1 4 3.820 0
40 2 N3 N3 0 3.820 0
40 3 N3 N2 176 3.820 1
40 4 N1 N3 0 0.330 0
40 5 N1 N1 9 0.330 0
40 6 N1 N2 189 0.330 1
40 7 N2 N1 6 0.440 0
40 8 N2 N3 0 0.440 0
40 9 N2 N2 241 0.440 1
40 10 N4 N1 3 0.350 0
40 11 N4 N3 0 0.350 0
40 12 N4 N2 135 0.350 1
41 1 N3 N1 4 0.630 0
41 2 N3 N3 0 0.630 0
41 3 N3 N2 173 0.630 1
41 4 N1 N3 0 1.410 0
41 5 N1 N1 9 1.410 0
41 6 N1 N2 189 1.410 1
41 7 N2 N1 6 0.500 0
41 8 N2 N3 0 0.500 0
41 9 N2 N2 242 0.500 1
41 10 N4 N1 3 1.430 0
41 11 N4 N3 0 1.430 0
41 12 N4 N2 135 1.430 1
42 1 N3 N1 4 0.740 0
42 2 N3 N3 0 0.740 0
42 3 N3 N2 170 0.740 1
42 4 N1 N3 0 0.610 0
42 5 N1 N1 9 0.610 0
42 6 N1 N2 190 0.610 1
42 7 N2 N1 6 0.600 0
42 8 N2 N3 0 0.600 0
42 9 N2 N2 243 0.600 1
42 10 N4 N1 3 2.530 0
42 11 N4 N3 0 2.530 0
42 12 N4 N2 135 2.530 1
43 1 N3 N1 4 0.790 0
43 2 N3 N3 0 0.790 0
43 3 N3 N2 167 0.790 1
43 4 N1 N3 0 0.690 0
43 5 N1 N1 8 0.690 0
43 6 N1 N2 190 0.690 1
43 7 N2 N1 6 0.160 0
43 8 N2 N3 0 0.160 0
43 9 N2 N2 244 0.160 1
43 10 N4 N1 3 3.610 0
43 11 N4 N3 0 3.610 0
43 12 N4 N2 135 3.610 1
44 1 N3 N1 4 0.840 0
44 2 N3 N3 0 0.840 0
44 3 N3 N2 164 0.840 1
44 4 N1 N3 0 1.780 0
44 5 N1 N1 8 1.780 0
44 6 N1 N2 190 1.780 1
44 7 N2 N1 6 0.670 0
44 8 N2 N3 0 0.670 0
44 9 N2 N2 244 0.670 1
44 10 N4 N1 3 4.700 0
44 11 N4 N3 0 4.700 0
44 12 N4 N2 135 4.700 1
45 1 N3 N1 4 0.900 0
45 2 N3 N3 0 0.900 0
45 3 N3 N2 161 0.900 1
45 4 N1 N3 0 0.880 0
45 5 N1 N1 8 0.880 0
45 6 N1 N2 189 0.880 1
45 7 N2 N1 6 0.130 0
45 8 N2 N3 0 0.130 0
45 9 N2 N2 244 0.130 1
45 10 N4 N1 3 5.790 0
45 11 N4 N3 0 5.790 0
45 12 N4 N2 135 5.790 1
46 1 N3 N1 4 0.460 0
46 2 N3 N3 0 0.460 0
46 3 N3 N2 153 0.460 1
46 4 N1 N3 0 1.980 0
46 5 N1 N1 8 1.980 0
46 6 N1 N2 189 1.980 1
46 7 N2 N1 6 1.230 0
46 8 N2 N3 0 1.230 0
46 9 N2 N2 244 1.230 1
46 10 N4 N1 3 6.890 0
46 11 N4 N3 0 6.890 0
46 12 N4 N2 135 6.890 1
47 1 N3 N1 4 1.550 0
47 2 N3 N3 0 1.550 0
47 3 N3 N2 153 1.550 1
47 4 N1 N3 0 0.540 0
47 5 N1 N1 8 0.540 0
47 6 N1 N2 188 0.540 1
47 7 N2 N1 6 2.320 0
47 8 N2 N3 0 2.320 0
47 9 N2 N2 244 2.320 1
47 10 N4 N1 3 7.980 0
47 11 N4 N3 0 7.980 0
47 12 N4 N2 135 7.980 1
48 1 N3 N1 4 0.130 0
48 2 N3 N3 0 0.130 0
48 3 N3 N2 147 0.130 1
48 4 N1 N3 0 0.070 0
48 5 N1 N1 8 0.070 0
48 6 N1 N2 188 0.070 1
48 7 N2 N1 6 3.450 0
48 8 N2 N3 0 3.450 0
48 9 N2 N2 244 3.450 1
48 10 N4 N1 3 0.040 0
48 11 N4 N3 0 0.040 0
48 12 N4 N2 128 0.040 1
49 1 N3 N1 4 1.210 0
49 2 N3 N3 0 1.210 0
49 3 N3 N2 147 1.210 1
49 4 N1 N3 0 1.150 0
49 5 N1 N1 8 1.150 0
49 6 N1 N2 188 1.150 1
49 7 N2 N1 6 4.530 0
49 8 N2 N3 0 4.530 0
49 9 N2 N2 244 4.530 1
49 10 N4 N1 3 1.120 0
49 11 N4 N3 0 1.120 0
49 12 N4 N2 128 1.120 1
50 1 N3 N1 4 2.300 0
50 2 N3 N3 0 2.300 0
50 3 N3 N2 147 2.300 1
50 4 N1 N3 0 2.240 0
50 5 N1 N1 8 2.240 0
50 6 N1 N2 188 2.240 1
50 7 N2 N1 6 5.620 0
50 8 N2 N3 0 5.620 0
50 9 N2 N2 244 5.620 1
50 10 N4 N1 3 2.210 0
50 11 N4 N3 0 2.210 0
50 12 N4 N2 128 2.210 1
51 1 N3 N1 4 3.390 0
51 2 N3 N3 0 3.390 0
51 3 N3 N2 147 3.390 1
51 4 N1 N3 0 0.750 0
51 5 N1 N1 8 0.750 0
51 6 N1 N2 188 0.750 1
51 7 N2 N1 6 0.660 0
51 8 N2 N3 0 0.660 0
51 9 N2 N2 243 0.660 1
51 10 N4 N1 3 3.300 0
51 11 N4 N3 0 3.300 0
51 12 N4 N2 128 3.300 1
52 1 N3 N1 4 4.480 0
52 2 N3 N3 0 4.480 0
52 3 N3 N2 147 4.480 1
52 4 N1 N3 0 1.840 0
52 5 N1 N1 8 1.840 0
52 6 N1 N2 188 1.840 1
52 7 N2 N1 6 0.230 0
52 8 N2 N3 0 0.230 0
52 9 N2 N2 239 0.230 1
52 10 N4 N1 3 4.390 0
52 11 N4 N3 0 4.390 0
52 12 N4 N2 128 4.390 1
53 1 N3 N1 4 5.570 0
53 2 N3 N3 0 5.570 0
53 3 N3 N2 147 5.570 1
53 4 N1 N3 0 0.820 0
53 5 N1 N1 8 0.820 0
53 6 N1 N2 179 0.820 1
53 7 N2 N1 6 0.800 0
53 8 N2 N3 0 0.800 0
53 9 N2 N2 238 0.800 1
53 10 N4 N1 3 5.480 0
53 11 N4 N3 0 5.480 0
53 12 N4 N2 128 5.480 1
54 1 N3 N1 4 6.660 0
54 2 N3 N3 0 6.660 0
54 3 N3 N2 147 6.660 1
54 4 N1 N3 0 0.250 0
54 5 N1 N1 8 0.250 0
54 6 N1 N2 177 0.250 1
54 7 N2 N1 6 0.250 0
54 8 N2 N3 0 0.250 0
54 9 N2 N2 236 0.250 1
54 10 N4 N1 3 6.570 0
54 11 N4 N3 0 6.570 0
54 12 N4 N2 128 6.570 1
55 1 N3 N1 4 7.750 0
55 2 N3 N3 0 7.750 0
55 3 N3 N2 147 7.750 1
55 4 N1 N3 0 1.340 0
55 5 N1 N1 8 1.340 0
55 6 N1 N2 177 1.340 1
55 7 N2 N1 6 0.880 0
55 8 N2 N3 0 0.880 0
55 9 N2 N2 233 0.880 1
55 10 N4 N1 3 7.660 0
55 11 N4 N3 0 7.660 0
55 12 N4 N2 128 7.660 1
56 1 N3 N1 4 8.830 0
56 2 N3 N3 0 8.830 0
56 3 N3 N2 147 8.830 1
56 4 N1 N3 0 0.640 0
56 5 N1 N1 8 0.640 0
56 6 N1 N2 174 0.640 1
56 7 N2 N1 6 1.960 0
56 8 N2 N3 0 1.960 0
56 9 N2 N2 233 1.960 1
56 10 N4 N1 3 0.770 0
56 11 N4 N3 0 0.770 0
56 12 N4 N2 121 0.770 1
57 1 N3 N1 4 9.930 0
57 2 N3 N3 0 9.930 0
57 3 N3 N2 147 9.930 1
57 4 N1 N3 0 0.000 0
57 5 N1 N1 8 0.000 0
57 6 N1 N2 171 0.000 1
57 7 N2 N1 6 3.060 0
57 8 N2 N3 0 3.060 0
57 9 N2 N2 233 3.060 1
57 10 N4 N1 3 0.820 0
57 11 N4 N3 0 0.820 0
57 12 N4 N2 112 0.820 1
58 1 N3 N1 4 0.340 0
58 2 N3 N3 0 0.340 0
58 3 N3 N2 138 0.340 1
58 4 N1 N3 0 0.250 0
58 5 N1 N1 8 0.250 0
58 6 N1 N2 164 0.250 1
58 7 N2 N1 6 0.010 0
58 8 N2 N3 0 0.010 0
58 9 N2 N2 226 0.010 1
58 10 N4 N1 3 1.920 0
58 11 N4 N3 0 1.920 0
58 12 N4 N2 112 1.920 1
59 1 N3 N1 4 1.440 0
59 2 N3 N3 0 1.440 0
59 3 N3 N2 138 1.440 1
59 4 N1 N3 0 1.350 0
59 5 N1 N1 8 1.350 0
59 6 N1 N2 164 1.350 1
59 7 N2 N1 6 1.110 0
59 8 N2 N3 0 1.110 0
59 9 N2 N2 226 1.110 1
59 10 N4 N1 3 3.020 0
59 11 N4 N3 0 3.020 0
59 12 N4 N2 112 3.020 1
60 1 N3 N1 4 0.350 0
60 2 N3 N3 0 0.350 0
60 3 N3 N2 133 0.350 1
60 4 N1 N3 0 0.420 0
60 5 N1 N1 8 0.420 0
60 6 N1 N2 161 0.420 1
60 7 N2 N1 0 0.160 0
60 8 N2 N3 0 0.160 0
60 9 N2 N2 220 0.160 1
60 10 N4 N1 3 0.660 0
60 11 N4 N3 0 0.660 0
60 12 N4 N2 104 0.660 1
61 1 N3 N1 4 0.350 0
61 2 N3 N3 0 0.350 0
61 3 N3 N2 126 0.350 1
61 4 N1 N3 0 1.510 0
61 5 N1 N1 8 1.510 0
61 6 N1 N2 161 1.510 1
61 7 N2 N1 0 0.200 0
61 8 N2 N3 0 0.200 0
61 9 N2 N2 217 0.200 1
61 10 N4 N1 3 1.750 0
61 11 N4 N3 0 1.750 0
61 12 N4 N2 104 1.750 1
62 1 N3 N1 4 0.540 0
62 2 N3 N3 0 0.540 0
62 3 N3 N2 126 0.540 1
62 4 N1 N3 0 0.430 0
62 5 N1 N1 8 0.430 0
62 6 N1 N2 156 0.430 1
62 7 N2 N1 0 0.540 0
62 8 N2 N3 0 0.540 0
62 9 N2 N2 217 0.540 1
62 10 N4 N1 3 2.840 0
62 11 N4 N3 0 2.840 0
62 12 N4 N2 104 2.840 1
63 1 N3 N1 4 1.630 0
63 2 N3 N3 0 1.630 0
63 3 N3 N2 126 1.630 1
63 4 N1 N3 0 1.520 0
63 5 N1 N1 8 1.520 0
63 6 N1 N2 156 1.520 1
63 7 N2 N1 0 0.290 0
63 8 N2 N3 0 0.290 0
63 9 N2 N2 215 0.290 1
63 10 N4 N1 3 3.930 0
63 11 N4 N3 0 3.930 0
63 12 N4 N2 104 3.930 1
64 1 N3 N1 5 0.860 0
64 2 N3 N3 0 0.860 0
64 3 N3 N2 122 0.860 1
64 4 N1 N3 0 1.000 0
64 5 N1 N1 8 1.000 0
64 6 N1 N2 154 1.000 1
64 7 N2 N1 0 0.860 0
64 8 N2 N3 0 0.860 0
64 9 N2 N2 212 0.860 1
64 10 N4 N1 3 5.040 0
64 11 N4 N3 0 5.040 0
64 12 N4 N2 104 5.040 1
65 1 N3 N1 5 1.950 0
65 2 N3 N3 0 1.950 0
65 3 N3 N2 122 1.950 1
65 4 N1 N3 0 2.090 0
65 5 N1 N1 8 2.090 0
65 6 N1 N2 154 2.090 1
65 7 N2 N1 0 0.940 0
65 8 N2 N3 0 0.940 0
65 9 N2 N2 208 0.940 1
65 10 N4 N1 3 6.130 0
65 11 N4 N3 0 6.130 0
65 12 N4 N2 104 6.130 1
66 1 N3 N1 2 0.900 0
66 2 N3 N3 0 0.900 0
66 3 N3 N2 122 0.900 1
66 4 N1 N3 0 0.770 0
66 5 N1 N1 8 0.770 0
66 6 N1 N2 149 0.770 1
66 7 N2 N1 15 0.200 0
66 8 N2 N3 0 0.200 0
66 9 N2 N2 206 0.200 1
66 10 N4 N1 3 7.220 0
66 11 N4 N3 0 7.220 0
66 12 N4 N2 104 7.220 1
67 1 N3 N1 2 1.990 0
67 2 N3 N3 0 1.990 0
67 3 N3 N2 122 1.990 1
67 4 N1 N3 0 1.860 0
67 5 N1 N1 8 1.860 0
67 6 N1 N2 149 1.860 1
67 7 N2 N1 15 0.010 0
67 8 N2 N3 0 0.010 0
67 9 N2 N2 206 0.010 1
67 10 N4 N1 3 8.310 0
67 11 N4 N3 0 8.310 0
67 12 N4 N2 104 8.310 1
68 1 N3 N1 3 0.100 0
68 2 N3 N3 0 0.100 0
68 3 N3 N2 114 0.100 1
68 4 N1 N3 0 2.970 0
68 5 N1 N1 8 2.970 0
68 6 N1 N2 149 2.970 1
68 7 N2 N1 15 0.410 0
68 8 N2 N3 0 0.410 0
68 9 N2 N2 206 0.410 1
68 10 N4 N1 3 9.420 0
68 11 N4 N3 0 9.420 0
68 12 N4 N2 104 9.420 1
69 1 N3 N1 3 0.200 0
69 2 N3 N3 0 0.200 0
69 3 N3 N2 104 0.200 1
69 4 N1 N3 0 0.170 0
69 5 N1 N1 20 0.170 0
69 6 N1 N2 148 0.170 1
69 7 N2 N1 15 0.680 0
69 8 N2 N3 0 0.680 0
69 9 N2 N2 205 0.680 1
69 10 N4 N1 3 10.550 0
69 11 N4 N3 0 10.550 0
69 12 N4 N2 104 10.550 1
70 1 N3 N1 3 0.240 0
70 2 N3 N3 0 0.240 0
70 3 N3 N2 98 0.240 1
70 4 N1 N3 0 1.260 0
70 5 N1 N1 20 1.260 0
70 6 N1 N2 148 1.260 1
70 7 N2 N1 15 1.770 0
70 8 N2 N3 0 1.770 0
70 9 N2 N2 205 1.770 1
70 10 N4 N1 3 11.640 0
70 11 N4 N3 0 11.640 0
70 12 N4 N2 104 11.640 1
71 1 N3 N1 3 0.170 0
71 2 N3 N3 0 0.170 0
71 3 N3 N2 92 0.170 1
71 4 N1 N3 0 0.430 0
71 5 N1 N1 20 0.430 0
71 6 N1 N2 147 0.430 1
71 7 N2 N1 15 0.230 0
71 8 N2 N3 0 0.230 0
71 9 N2 N2 204 0.230 1
71 10 N4 N1 3 12.730 0
71 11 N4 N3 0 12.730 0
71 12 N4 N2 104 12.730 1
72 1 N3 N1 3 1.260 0
72 2 N3 N3 0 1.260 0
72 3 N3 N2 92 1.260 1
72 4 N1 N3 0 1.520 0
72 5 N1 N1 20 1.520 0
72 6 N1 N2 147 1.520 1
72 7 N2 N1 15 0.310 0
72 8 N2 N3 0 0.310 0
72 9 N2 N2 206 0.310 1
72 10 N4 N1 3 13.820 0
72 11 N4 N3 0 13.820 0
72 12 N4 N2 104 13.820 1
73 1 N3 N1 3 2.350 0
73 2 N3 N3 0 2.350 0
73 3 N3 N2 92 2.350 1
73 4 N1 N3 0 0.580 0
73 5 N1 N1 20 0.580 0
73 6 N1 N2 146 0.580 1
73 7 N2 N1 15 0.390 0
73 8 N2 N3 0 0.390 0
73 9 N2 N2 205 0.390 1
73 10 N4 N1 3 0.850 0
73 11 N4 N3 0 0.850 0
73 12 N4 N2 96 0.850 1
74 1 N3 N1 3 0.940 0
74 2 N3 N3 0 0.940 0
74 3 N3 N2 87 0.940 1
74 4 N1 N3 0 0.960 0
74 5 N1 N1 25 0.960 0
74 6 N1 N2 147 0.960 1
74 7 N2 N1 19 0.960 0
74 8 N2 N3 0 0.960 0
74 9 N2 N2 205 0.960 1
74 10 N4 N1 3 1.940 0
74 11 N4 N3 0 1.940 0
74 12 N4 N2 96 1.940 1
75 1 N3 N1 3 0.900 0
75 2 N3 N3 0 0.900 0
75 3 N3 N2 82 0.900 1
75 4 N1 N3 0 0.090 0
75 5 N1 N1 25 0.090 0
75 6 N1 N2 146 0.090 1
75 7 N2 N1 19 0.020 0
75 8 N2 N3 0 0.020 0
75 9 N2 N2 205 0.020 1
75 10 N4 N1 2 0.900 0
75 11 N4 N3 0 0.900 0
75 12 N4 N2 93 0.900 1
76 1 N3 N1 3 0.930 0
76 2 N3 N3 0 0.930 0
76 3 N3 N2 75 0.930 1
76 4 N1 N3 0 0.540 0
76 5 N1 N1 26 0.540 0
76 6 N1 N2 146 0.540 1
76 7 N2 N1 19 0.070 0
76 8 N2 N3 0 0.070 0
76 9 N2 N2 204 0.070 1
76 10 N4 N1 3 0.540 0
76 11 N4 N3 0 0.540 0
76 12 N4 N2 87 0.540 1
77 1 N3 N1 3 2.020 0
77 2 N3 N3 0 2.020 0
77 3 N3 N2 75 2.020 1
77 4 N1 N3 0 0.580 0
77 5 N1 N1 27 0.580 0
77 6 N1 N2 146 0.580 1
77 7 N2 N1 19 1.160 0
77 8 N2 N3 0 1.160 0
77 9 N2 N2 204 1.160 1
77 10 N4 N1 3 1.630 0
77 11 N4 N3 0 1.630 0
77 12 N4 N2 87 1.630 1
78 1 N3 N1 3 0.610 0
78 2 N3 N3 0 0.610 0
78 3 N3 N2 72 0.610 1
78 4 N1 N3 0 0.910 0
78 5 N1 N1 27 0.910 0
78 6 N1 N2 145 0.910 1
78 7 N2 N1 19 2.250 0
78 8 N2 N3 0 2.250 0
78 9 N2 N2 204 2.250 1
78 10 N4 N1 3 2.720 0
78 11 N4 N3 0 2.720 0
78 12 N4 N2 87 2.720 1
79 1 N3 N1 3 1.730 0
79 2 N3 N3 0 1.730 0
79 3 N3 N2 72 1.730 1
79 4 N1 N3 0 0.750 0
79 5 N1 N1 27 0.750 0
79 6 N1 N2 144 0.750 1
79 7 N2 N1 19 3.370 0
79 8 N2 N3 0 3.370 0
79 9 N2 N2 204 3.370 1
79 10 N4 N1 3 3.840 0
79 11 N4 N3 0 3.840 0
79 12 N4 N2 87 3.840 1
80 1 N3 N1 3 2.920 0
80 2 N3 N3 0 2.920 0
80 3 N3 N2 72 2.920 1
80 4 N1 N3 0 0.320 0
80 5 N1 N1 27 0.320 0
80 6 N1 N2 142 0.320 1
80 7 N2 N1 27 0.350 0
80 8 N2 N3 0 0.350 0
80 9 N2 N2 202 0.350 1
80 10 N4 N1 3 5.030 0
80 11 N4 N3 0 5.030 0
80 12 N4 N2 87 5.030 1
81 1 N3 N1 3 1.010 0
81 2 N3 N3 0 1.010 0
81 3 N3 N2 72 1.010 1
81 4 N1 N3 0 1.400 0
81 5 N1 N1 27 1.400 0
81 6 N1 N2 142 1.400 1
81 7 N2 N1 27 0.480 0
81 8 N2 N3 0 0.480 0
81 9 N2 N2 200 0.480 1
81 10 N4 N1 4 0.260 0
81 11 N4 N3 0 0.260 0
81 12 N4 N2 77 0.260 1
82 1 N3 N1 3 2.100 0
82 2 N3 N3 0 2.100 0
82 3 N3 N2 72 2.100 1
82 4 N1 N3 0 0.100 0
82 5 N1 N1 29 0.100 0
82 6 N1 N2 141 0.100 1
82 7 N2 N1 27 0.550 0
82 8 N2 N3 0 0.550 0
82 9 N2 N2 199 0.550 1
82 10 N4 N1 4 1.350 0
82 11 N4 N3 0 1.350 0
82 12 N4 N2 77 1.350 1
83 1 N3 N1 3 3.190 0
83 2 N3 N3 0 3.190 0
83 3 N3 N2 72 3.190 1
83 4 N1 N3 0 0.420 0
83 5 N1 N1 31 0.420 0
83 6 N1 N2 139 0.420 1
83 7 N2 N1 28 0.420 0
83 8 N2 N3 0 0.420 0
83 9 N2 N2 198 0.420 1
83 10 N4 N1 4 2.440 0
83 11 N4 N3 0 2.440 0
83 12 N4 N2 77 2.440 1
84 1 N3 N1 3 4.310 0
84 2 N3 N3 0 4.310 0
84 3 N3 N2 72 4.310 1
84 4 N1 N3 0 0.570 0
84 5 N1 N1 32 0.570 0
84 6 N1 N2 138 0.570 1
84 7 N2 N1 29 0.560 0
84 8 N2 N3 0 0.560 0
84 9 N2 N2 197 0.560 1
84 10 N4 N1 4 3.560 0
84 11 N4 N3 0 3.560 0
84 12 N4 N2 77 3.560 1
85 1 N3 N1 3 0.690 0
85 2 N3 N3 0 0.690 0
85 3 N3 N2 72 0.690 1
85 4 N1 N3 0 0.530 0
85 5 N1 N1 32 0.530 0
85 6 N1 N2 145 0.530 1
85 7 N2 N1 29 0.810 0
85 8 N2 N3 0 0.810 0
85 9 N2 N2 198 0.810 1
85 10 N4 N1 4 0.650 0
85 11 N4 N3 0 0.650 0
85 12 N4 N2 69 0.650 1
86 1 N3 N1 3 0.900 0
86 2 N3 N3 0 0.900 0
86 3 N3 N2 72 0.900 1
86 4 N1 N3 0 1.620 0
86 5 N1 N1 32 1.620 0
86 6 N1 N2 145 1.620 1
86 7 N2 N1 29 0.780 0
86 8 N2 N3 0 0.780 0
86 9 N2 N2 199 0.780 1
86 10 N4 N1 4 1.740 0
86 11 N4 N3 0 1.740 0
86 12 N4 N2 69 1.740 1
87 1 N3 N1 4 0.530 0
87 2 N3 N3 0 0.530 0
87 3 N3 N2 70 0.530 1
87 4 N1 N3 0 0.510 0
87 5 N1 N1 32 0.510 0
87 6 N1 N2 152 0.510 1
87 7 N2 N1 30 1.000 0
87 8 N2 N3 0 1.000 0
87 9 N2 N2 199 1.000 1
87 10 N4 N1 4 2.850 0
87 11 N4 N3 0 2.850 0
87 12 N4 N2 69 2.850 1
88 1 N3 N1 4 1.620 0
88 2 N3 N3 0 1.620 0
88 3 N3 N2 70 1.620 1
88 4 N1 N3 0 1.600 0
88 5 N1 N1 32 1.600 0
88 6 N1 N2 152 1.600 1
88 7 N2 N1 30 0.550 0
88 8 N2 N3 0 0.550 0
88 9 N2 N2 200 0.550 1
88 10 N4 N1 4 3.940 0
88 11 N4 N3 0 3.940 0
88 12 N4 N2 69 3.940 1
89 1 N3 N1 4 2.710 0
89 2 N3 N3 0 2.710 0
89 3 N3 N2 70 2.710 1
89 4 N1 N3 0 2.690 0
89 5 N1 N1 32 2.690 0
89 6 N1 N2 152 2.690 1
89 7 N2 N1 30 1.640 0
89 8 N2 N3 0 1.640 0
89 9 N2 N2 200 1.640 1
89 10 N4 N1 4 5.030 0
89 11 N4 N3 0 5.030 0
89 12 N4 N2 69 5.030 1
90 1 N3 N1 4 3.810 0
90 2 N3 N3 0 3.810 0
90 3 N3 N2 70 3.810 1
90 4 N1 N3 0 3.790 0
90 5 N1 N1 32 3.790 0
90 6 N1 N2 152 3.790 1
90 7 N2 N1 30 2.740 0
90 8 N2 N3 0 2.740 0
90 9 N2 N2 200 2.740 1
90 10 N4 N1 4 6.130 0
90 11 N4 N3 0 6.130 0
90 12 N4 N2 69 6.130 1
91 1 N3 N1 4 4.960 0
91 2 N3 N3 0 4.960 0
91 3 N3 N2 70 4.960 1
91 4 N1 N3 0 0.940 0
91 5 N1 N1 32 0.940 0
91 6 N1 N2 155 0.940 1
91 7 N2 N1 30 0.350 0
91 8 N2 N3 0 0.350 0
91 9 N2 N2 203 0.350 1
91 10 N4 N1 4 7.280 0
91 11 N4 N3 0 7.280 0
91 12 N4 N2 69 7.280 1
92 1 N3 N1 4 6.050 0
92 2 N3 N3 0 6.050 0
92 3 N3 N2 70 6.050 1
92 4 N1 N3 0 2.030 0
92 5 N1 N1 32 2.030 0
92 6 N1 N2 155 2.030 1
92 7 N2 N1 30 1.440 0
92 8 N2 N3 0 1.440 0
92 9 N2 N2 203 1.440 1
92 10 N4 N1 4 8.370 0
92 11 N4 N3 0 8.370 0
92 12 N4 N2 69 8.370 1
93 1 N3 N1 6 0.760 0
93 2 N3 N3 0 0.760 0
93 3 N3 N2 69 0.760 1
93 4 N1 N3 0 3.120 0
93 5 N1 N1 32 3.120 0
93 6 N1 N2 155 3.120 1
93 7 N2 N1 30 0.460 0
93 8 N2 N3 0 0.460 0
93 9 N2 N2 204 0.460 1
93 10 N4 N1 4 0.650 0
93 11 N4 N3 0 0.650 0
93 12 N4 N2 63 0.650 1
94 1 N3 N1 6 1.850 0
94 2 N3 N3 0 1.850 0
94 3 N3 N2 69 1.850 1
94 4 N1 N3 0 0.360 0
94 5 N1 N1 33 0.360 0
94 6 N1 N2 159 0.360 1
94 7 N2 N1 30 0.510 0
94 8 N2 N3 0 0.510 0
94 9 N2 N2 206 0.510 1
94 10 N4 N1 4 0.710 0
94 11 N4 N3 0 0.710 0
94 12 N4 N2 57 0.710 1
95 1 N3 N1 0 0.400 0
95 2 N3 N3 0 0.400 0
95 3 N3 N2 67 0.400 1
95 4 N1 N3 0 0.280 0
95 5 N1 N1 34 0.280 0
95 6 N1 N2 163 0.280 1
95 7 N2 N1 29 0.100 0
95 8 N2 N3 0 0.100 0
95 9 N2 N2 212 0.100 1
95 10 N4 N1 4 1.820 0
95 11 N4 N3 0 1.820 0
95 12 N4 N2 57 1.820 1
96 1 N3 N1 0 0.460 0
96 2 N3 N3 0 0.460 0
96 3 N3 N2 64 0.460 1
96 4 N1 N3 0 0.350 0
96 5 N1 N1 33 0.350 0
96 6 N1 N2 169 0.350 1
96 7 N2 N1 26 0.040 0
96 8 N2 N3 0 0.040 0
96 9 N2 N2 213 0.040 1
96 10 N4 N1 4 0.380 0
96 11 N4 N3 0 0.380 0
96 12 N4 N2 42 0.380 1
97 1 N3 N1 6 0.520 0
97 2 N3 N3 0 0.520 0
97 3 N3 N2 64 0.520 1
97 4 N1 N3 0 0.050 0
97 5 N1 N1 34 0.050 0
97 6 N1 N2 171 0.050 1
97 7 N2 N1 25 0.220 0
97 8 N2 N3 0 0.220 0
97 9 N2 N2 213 0.220 1
97 10 N4 N1 4 0.050 0
97 11 N4 N3 0 0.050 0
97 12 N4 N2 40 0.050 1
98 1 N3 N1 6 0.580 0
98 2 N3 N3 0 0.580 0
98 3 N3 N2 63 0.580 1
98 4 N1 N3 0 0.500 0
98 5 N1 N1 33 0.500 0
98 6 N1 N2 174 0.500 1
98 7 N2 N1 22 0.160 0
98 8 N2 N3 0 0.160 0
98 9 N2 N2 215 0.160 1
98 10 N4 N1 4 1.050 0
98 11 N4 N3 0 1.050 0
98 12 N4 N2 41 1.050 1
99 1 N3 N1 6 0.160 0
99 2 N3 N3 0 0.160 0
99 3 N3 N2 62 0.160 1
99 4 N1 N3 0 0.030 0
99 5 N1 N1 31 0.030 0
99 6 N1 N2 178 0.030 1
99 7 N2 N1 22 0.250 0
99 8 N2 N3 0 0.250 0
99 9 N2 N2 216 0.250 1
99 10 N4 N1 4 0.600 0
99 11 N4 N3 0 0.600 0
99 12 N4 N2 42 0.600 1
100 1 N3 N1 6 0.200 0
100 2 N3 N3 0 0.200 0
100 3 N3 N2 63 0.200 1
100 4 N1 N3 0 0.230 0
100 5 N1 N1 31 0.230 0
100 6 N1 N2 180 0.230 1
100 7 N2 N1 21 0.430 0
100 8 N2 N3 0 0.430 0
100 9 N2 N2 219 0.430 1
100 10 N4 N1 4 0.650 0
100 11 N4 N3 0 0.650 0
100 12 N4 N2 42 0.650 1
101 1 N3 N1 6 1.300 0
101 2 N3 N3 0 1.300 0
101 3 N3 N2 63 1.300 1
101 4 N1 N3 0 0.180 0
101 5 N1 N1 30 0.180 0
101 6 N1 N2 183 0.180 1
101 7 N2 N1 20 0.400 0
101 8 N2 N3 0 0.400 0
101 9 N2 N2 221 0.400 1
101 10 N4 N1 4 0.200 0
101 11 N4 N3 0 0.200 0
101 12 N4 N2 41 0.200 1
102 1 N3 N1 6 0.330 0
102 2 N3 N3 0 0.330 0
102 3 N3 N2 64 0.330 1
102 4 N1 N3 0 0.250 0
102 5 N1 N1 26 0.250 0
102 6 N1 N2 187 0.250 1
102 7 N2 N1 18 0.040 0
102 8 N2 N3 0 0.040 0
102 9 N2 N2 223 0.040 1
102 10 N4 N1 4 0.770 0
102 11 N4 N3 0 0.770 0
102 12 N4 N2 42 0.770 1
103 1 N3 N1 8 0.430 0
103 2 N3 N3 0 0.430 0
103 3 N3 N2 66 0.430 1
103 4 N1 N3 0 1.350 0
103 5 N1 N1 26 1.350 0
103 6 N1 N2 187 1.350 1
103 7 N2 N1 18 0.100 0
103 8 N2 N3 0 0.100 0
103 9 N2 N2 224 0.100 1
103 10 N4 N1 4 1.870 0
103 11 N4 N3 0 1.870 0
103 12 N4 N2 42 1.870 1
104 1 N3 N1 8 1.510 0
104 2 N3 N3 0 1.510 0
104 3 N3 N2 66 1.510 1
104 4 N1 N3 0 0.330 0
104 5 N1 N1 24 0.330 0
104 6 N1 N2 189 0.330 1
104 7 N2 N1 18 0.170 0
104 8 N2 N3 0 0.170 0
104 9 N2 N2 224 0.170 1
104 10 N4 N1 4 0.390 0
104 11 N4 N3 0 0.390 0
104 12 N4 N2 42 0.390 1
105 1 N3 N1 8 0.560 0
105 2 N3 N3 0 0.560 0
105 3 N3 N2 67 0.560 1
105 4 N1 N3 0 0.410 0
105 5 N1 N1 25 0.410 0
105 6 N1 N2 192 0.410 1
105 7 N2 N1 19 0.230 0
105 8 N2 N3 0 0.230 0
105 9 N2 N2 226 0.230 1
105 10 N4 N1 5 0.480 0
105 11 N4 N3 0 0.480 0
105 12 N4 N2 43 0.480 1
106 1 N3 N1 8 0.020 0
106 2 N3 N3 0 0.020 0
106 3 N3 N2 70 0.020 1
106 4 N1 N3 0 0.060 0
106 5 N1 N1 26 0.060 0
106 6 N1 N2 194 0.060 1
106 7 N2 N1 19 0.140 0
106 8 N2 N3 0 0.140 0
106 9 N2 N2 228 0.140 1
106 10 N4 N1 6 0.020 0
106 11 N4 N3 0 0.020 0
106 12 N4 N2 45 0.020 1
107 1 N3 N1 8 0.110 0
107 2 N3 N3 0 0.110 0
107 3 N3 N2 75 0.110 1
107 4 N1 N3 0 0.520 0
107 5 N1 N1 26 0.520 0
107 6 N1 N2 195 0.520 1
107 7 N2 N1 22 0.240 0
107 8 N2 N3 0 0.240 0
107 9 N2 N2 229 0.240 1
107 10 N4 N1 6 0.610 0
107 11 N4 N3 0 0.610 0
107 12 N4 N2 46 0.610 1
108 1 N3 N1 8 0.170 0
108 2 N3 N3 0 0.170 0
108 3 N3 N2 78 0.170 1
108 4 N1 N3 0 0.040 0
108 5 N1 N1 28 0.040 0
108 6 N1 N2 196 0.040 1
108 7 N2 N1 29 0.400 0
108 8 N2 N3 0 0.400 0
108 9 N2 N2 231 0.400 1
108 10 N4 N1 6 0.040 0
108 11 N4 N3 0 0.040 0
108 12 N4 N2 49 0.040 1
109 1 N3 N1 9 0.240 0
109 2 N3 N3 0 0.240 0
109 3 N3 N2 82 0.240 1
109 4 N1 N3 0 0.100 0
109 5 N1 N1 28 0.100 0
109 6 N1 N2 197 0.100 1
109 7 N2 N1 30 0.490 0
109 8 N2 N3 0 0.490 0
109 9 N2 N2 233 0.490 1
109 10 N4 N1 6 0.100 0
109 11 N4 N3 0 0.100 0
109 12 N4 N2 53 0.100 1
110 1 N3 N1 9 0.300 0
110 2 N3 N3 0 0.300 0
110 3 N3 N2 87 0.300 1
110 4 N1 N3 0 0.050 0
110 5 N1 N1 30 0.050 0
110 6 N1 N2 199 0.050 1
110 7 N2 N1 30 0.030 0
110 8 N2 N3 0 0.030 0
110 9 N2 N2 237 0.030 1
110 10 N4 N1 8 0.050 0
110 11 N4 N3 0 0.050 0
110 12 N4 N2 55 0.050 1
111 1 N3 N1 11 0.870 0
111 2 N3 N3 0 0.870 0
111 3 N3 N2 91 0.870 1
111 4 N1 N3 0 0.290 0
111 5 N1 N1 33 0.290 0
111 6 N1 N2 201 0.290 1
111 7 N2 N1 30 0.100 0
111 8 N2 N3 0 0.100 0
111 9 N2 N2 239 0.100 1
111 10 N4 N1 8 0.870 0
111 11 N4 N3 0 0.870 0
111 12 N4 N2 57 0.870 1
112 1 N3 N1 14 0.030 0
112 2 N3 N3 0 0.030 0
112 3 N3 N2 92 0.030 1
112 4 N1 N3 0 0.350 0
112 5 N1 N1 35 0.350 0
112 6 N1 N2 203 0.350 1
112 7 N2 N1 30 0.180 0
112 8 N2 N3 0 0.180 0
112 9 N2 N2 242 0.180 1
112 10 N4 N1 8 1.970 0
112 11 N4 N3 0 1.970 0
112 12 N4 N2 57 1.970 1
113 1 N3 N1 14 0.220 0
113 2 N3 N3 0 0.220 0
113 3 N3 N2 95 0.220 1
113 4 N1 N3 0 0.040 0
113 5 N1 N1 36 0.040 0
113 6 N1 N2 206 0.040 1
113 7 N2 N1 29 0.150 0
113 8 N2 N3 0 0.150 0
113 9 N2 N2 244 0.150 1
113 10 N4 N1 8 0.430 0
113 11 N4 N3 0 0.430 0
113 12 N4 N2 60 0.430 1
114 1 N3 N1 14 1.090 0
114 2 N3 N3 0 1.090 0
114 3 N3 N2 98 1.090 1
114 4 N1 N3 0 0.520 0
114 5 N1 N1 36 0.520 0
114 6 N1 N2 209 0.520 1
114 7 N2 N1 28 0.330 0
114 8 N2 N3 0 0.330 0
114 9 N2 N2 246 0.330 1
114 10 N4 N1 8 1.540 0
114 11 N4 N3 0 1.540 0
114 12 N4 N2 60 1.540 1
115 1 N3 N1 16 0.130 0
115 2 N3 N3 0 0.130 0
115 3 N3 N2 106 0.130 1
115 4 N1 N3 0 0.010 0
115 5 N1 N1 37 0.010 0
115 6 N1 N2 211 0.010 1
115 7 N2 N1 29 0.120 0
115 8 N2 N3 0 0.120 0
115 9 N2 N2 247 0.120 1
115 10 N4 N1 10 0.120 0
115 11 N4 N3 0 0.120 0
115 12 N4 N2 61 0.120 1
116 1 N3 N1 16 1.220 0
116 2 N3 N3 0 1.220 0
116 3 N3 N2 106 1.220 1
116 4 N1 N3 0 0.160 0
116 5 N1 N1 37 0.160 0
116 6 N1 N2 213 0.160 1
116 7 N2 N1 30 0.450 0
116 8 N2 N3 0 0.450 0
116 9 N2 N2 248 0.450 1
116 10 N4 N1 11 0.160 0
116 11 N4 N3 0 0.160 0
116 12 N4 N2 74 0.160 1
117 1 N3 N1 17 0.410 0
117 2 N3 N3 0 0.410 0
117 3 N3 N2 117 0.410 1
117 4 N1 N3 0 0.150 0
117 5 N1 N1 37 0.150 0
117 6 N1 N2 214 0.150 1
117 7 N2 N1 31 0.270 0
117 8 N2 N3 0 0.270 0
117 9 N2 N2 249 0.270 1
117 10 N4 N1 13 0.150 0
117 11 N4 N3 0 0.150 0
117 12 N4 N2 78 0.150 1
118 1 N3 N1 20 0.490 0
118 2 N3 N3 0 0.490 0
118 3 N3 N2 126 0.490 1
118 4 N1 N3 0 0.290 0
118 5 N1 N1 38 0.290 0
118 6 N1 N2 216 0.290 1
118 7 N2 N1 31 0.020 0
118 8 N2 N3 0 0.020 0
118 9 N2 N2 250 0.020 1
118 10 N4 N1 13 0.800 0
118 11 N4 N3 0 0.800 0
118 12 N4 N2 82 0.800 1
119 1 N3 N1 20 0.050 0
119 2 N3 N3 0 0.050 0
119 3 N3 N2 137 0.050 1
119 4 N1 N3 0 0.860 0
119 5 N1 N1 39 0.860 0
119 6 N1 N2 216 0.860 1
119 7 N2 N1 32 0.600 0
119 8 N2 N3 0 0.600 0
119 9 N2 N2 249 0.600 1
119 10 N4 N1 15 0.430 0
119 11 N4 N3 0 0.430 0
119 12 N4 N2 87 0.430 1
120 1 N3 N1 20 0.640 0
120 2 N3 N3 0 0.640 0
120 3 N3 N2 141 0.640 1
120 4 N1 N3 0 0.400 0
120 5 N1 N1 41 0.400 0
120 6 N1 N2 217 0.400 1
120 7 N2 N1 35 0.520 0
120 8 N2 N3 0 0.520 0
120 9 N2 N2 249 0.520 1
120 10 N4 N1 15 0.520 0
120 11 N4 N3 0 0.520 0
120 12 N4 N2 96 0.520 1
121 1 N3 N1 20 0.690 0
121 2 N3 N3 0 0.690 0
121 3 N3 N2 146 0.690 1
121 4 N1 N3 0 0.560 0
121 5 N1 N1 45 0.560 0
121 6 N1 N2 216 0.560 1
121 7 N2 N1 38 0.070 0
121 8 N2 N3 0 0.070 0
121 9 N2 N2 249 0.070 1
121 10 N4 N1 15 1.610 0
121 11 N4 N3 0 1.610 0
121 12 N4 N2 96 1.610 1
122 1 N3 N1 20 0.260 0
122 2 N3 N3 0 0.260 0
122 3 N3 N2 150 0.260 1
122 4 N1 N3 0 0.490 0
122 5 N1 N1 46 0.490 0
122 6 N1 N2 217 0.490 1
122 7 N2 N1 39 0.250 0
122 8 N2 N3 0 0.250 0
122 9 N2 N2 248 0.250 1
122 10 N4 N1 16 0.120 0
122 11 N4 N3 0 0.120 0
122 12 N4 N2 100 0.120 1
123 1 N3 N1 27 0.320 0
123 2 N3 N3 0 0.320 0
123 3 N3 N2 152 0.320 1
123 4 N1 N3 0 0.010 0
123 5 N1 N1 48 0.010 0
123 6 N1 N2 215 0.010 1
123 7 N2 N1 39 0.340 0
123 8 N2 N3 0 0.340 0
123 9 N2 N2 248 0.340 1
123 10 N4 N1 16 0.180 0
123 11 N4 N3 0 0.180 0
123 12 N4 N2 103 0.180 1
124 1 N3 N1 27 1.420 0
124 2 N3 N3 0 1.420 0
124 3 N3 N2 152 1.420 1
124 4 N1 N3 0 0.110 0
124 5 N1 N1 50 0.110 0
124 6 N1 N2 215 0.110 1
124 7 N2 N1 41 0.380 0
124 8 N2 N3 0 0.380 0
124 9 N2 N2 247 0.380 1
124 10 N4 N1 18 0.250 0
124 11 N4 N3 0 0.250 0
124 12 N4 N2 107 0.250 1
125 1 N3 N1 30 0.510 0
125 2 N3 N3 0 0.510 0
125 3 N3 N2 157 0.510 1
125 4 N1 N3 0 0.230 0
125 5 N1 N1 52 0.230 0
125 6 N1 N2 213 0.230 1
125 7 N2 N1 46 0.020 0
125 8 N2 N3 0 0.020 0
125 9 N2 N2 246 0.020 1
125 10 N4 N1 18 1.390 0
125 11 N4 N3 0 1.390 0
125 12 N4 N2 107 1.390 1
126 1 N3 N1 37 0.070 0
126 2 N3 N3 0 0.070 0
126 3 N3 N2 160 0.070 1
126 4 N1 N3 0 0.330 0
126 5 N1 N1 55 0.330 0
126 6 N1 N2 212 0.330 1
126 7 N2 N1 46 0.070 0
126 8 N2 N3 0 0.070 0
126 9 N2 N2 246 0.070 1
126 10 N4 N1 20 0.930 0
126 11 N4 N3 0 0.930 0
126 12 N4 N2 110 0.930 1
127 1 N3 N1 37 0.640 0
127 2 N3 N3 0 0.640 0
127 3 N3 N2 161 0.640 1
127 4 N1 N3 0 0.400 0
127 5 N1 N1 55 0.400 0
127 6 N1 N2 211 0.400 1
127 7 N2 N1 45 0.030 0
127 8 N2 N3 0 0.030 0
127 9 N2 N2 246 0.030 1
127 10 N4 N1 22 1.000 0
127 11 N4 N3 0 1.000 0
127 12 N4 N2 112 1.000 1
128 1 N3 N1 37 0.180 0
128 2 N3 N3 0 0.180 0
128 3 N3 N2 161 0.180 1
128 4 N1 N3 0 0.980 0
128 5 N1 N1 55 0.980 0
128 6 N1 N2 211 0.980 1
128 7 N2 N1 45 0.210 0
128 8 N2 N3 0 0.210 0
128 9 N2 N2 246 0.210 1
128 10 N4 N1 22 0.030 0
128 11 N4 N3 0 0.030 0
128 12 N4 N2 114 0.030 1
129 1 N3 N1 37 0.260 0
129 2 N3 N3 0 0.260 0
129 3 N3 N2 162 0.260 1
129 4 N1 N3 0 0.480 0
129 5 N1 N1 55 0.480 0
129 6 N1 N2 209 0.480 1
129 7 N2 N1 45 0.680 0
129 8 N2 N3 0 0.680 0
129 9 N2 N2 245 0.680 1
129 10 N4 N1 25 0.070 0
129 11 N4 N3 0 0.070 0
129 12 N4 N2 118 0.070 1
130 1 N3 N1 37 0.330 0
130 2 N3 N3 0 0.330 0
130 3 N3 N2 164 0.330 1
130 4 N1 N3 0 0.020 0
130 5 N1 N1 54 0.020 0
130 6 N1 N2 207 0.020 1
130 7 N2 N1 45 0.270 0
130 8 N2 N3 0 0.270 0
130 9 N2 N2 245 0.270 1
130 10 N4 N1 25 0.130 0
130 11 N4 N3 0 0.130 0
130 12 N4 N2 119 0.130 1
131 1 N3 N1 37 0.400 0
131 2 N3 N3 0 0.400 0
131 3 N3 N2 165 0.400 1
131 4 N1 N3 0 0.090 0
131 5 N1 N1 54 0.090 0
131 6 N1 N2 206 0.090 1
131 7 N2 N1 46 0.360 0
131 8 N2 N3 0 0.360 0
131 9 N2 N2 244 0.360 1
131 10 N4 N1 28 0.190 0
131 11 N4 N3 0 0.190 0
131 12 N4 N2 122 0.190 1
132 1 N3 N1 37 0.470 0
132 2 N3 N3 0 0.470 0
132 3 N3 N2 166 0.470 1
132 4 N1 N3 0 0.130 0
132 5 N1 N1 55 0.130 0
132 6 N1 N2 205 0.130 1
132 7 N2 N1 46 0.020 0
132 8 N2 N3 0 0.020 0
132 9 N2 N2 243 0.020 1
132 10 N4 N1 28 1.280 0
132 11 N4 N3 0 1.280 0
132 12 N4 N2 122 1.280 1
133 1 N3 N1 0 0.010 0
133 2 N3 N3 0 0.010 0
133 3 N3 N2 166 0.010 1
133 4 N1 N3 0 0.680 0
133 5 N1 N1 54 0.680 0
133 6 N1 N2 204 0.680 1
133 7 N2 N1 45 0.070 0
133 8 N2 N3 0 0.070 0
133 9 N2 N2 241 0.070 1
133 10 N4 N1 28 0.330 0
133 11 N4 N3 0 0.330 0
133 12 N4 N2 125 0.330 1
134 1 N3 N1 0 0.090 0
134 2 N3 N3 0 0.090 0
134 3 N3 N2 165 0.090 1
134 4 N1 N3 0 0.240 0
134 5 N1 N1 53 0.240 0
134 6 N1 N2 201 0.240 1
134 7 N2 N1 43 0.150 0
134 8 N2 N3 0 0.150 0
134 9 N2 N2 239 0.150 1
134 10 N4 N1 28 1.430 0
134 11 N4 N3 0 1.430 0
134 12 N4 N2 125 1.430 1
135 1 N3 N1 0 0.160 0
135 2 N3 N3 0 0.160 0
135 3 N3 N2 165 0.160 1
135 4 N1 N3 0 0.310 0
135 5 N1 N1 53 0.310 0
135 6 N1 N2 198 0.310 1
135 7 N2 N1 43 0.240 0
135 8 N2 N3 0 0.240 0
135 9 N2 N2 236 0.240 1
135 10 N4 N1 28 0.480 0
135 11 N4 N3 0 0.480 0
135 12 N4 N2 125 0.480 1
136 1 N3 N1 26 0.240 0
136 2 N3 N3 0 0.240 0
136 3 N3 N2 165 0.240 1
136 4 N1 N3 0 0.880 0
136 5 N1 N1 51 0.880 0
136 6 N1 N2 198 0.880 1
136 7 N2 N1 41 0.160 0
136 8 N2 N3 0 0.160 0
136 9 N2 N2 234 0.160 1
136 10 N4 N1 28 0.020 0
136 11 N4 N3 0 0.020 0
136 12 N4 N2 128 0.020 1
137 1 N3 N1 23 0.280 0
137 2 N3 N3 0 0.280 0
137 3 N3 N2 166 0.280 1
137 4 N1 N1 50 0.390 0
137 5 N1 N2 198 0.390 1
137 6 N2 N1 35 0.240 0
137 7 N2 N3 0 0.240 0
137 8 N2 N2 233 0.240 1
137 9 N4 N1 28 0.610 0
137 10 N4 N3 0 0.610 0
137 11 N4 N2 129 0.610 1
138 1 N3 N1 22 0.850 0
138 2 N3 N3 0 0.850 0
138 3 N3 N2 167 0.850 1
138 4 N1 N1 43 0.040 0
138 5 N1 N2 196 0.040 1
138 6 N2 N1 32 0.210 0
138 7 N2 N3 0 0.210 0
138 8 N2 N2 231 0.210 1
138 9 N4 N1 22 0.180 0
138 10 N4 N3 0 0.180 0
138 11 N4 N2 129 0.180 1
139 1 N3 N1 22 1.940 0
139 2 N3 N3 0 1.940 0
139 3 N3 N2 167 1.940 1
139 4 N1 N1 43 1.010 0
139 5 N1 N2 195 1.010 1
139 6 N2 N1 29 0.350 0
139 7 N2 N3 0 0.350 0
139 8 N2 N2 230 0.350 1
139 9 N4 N1 14 0.780 0
139 10 N4 N3 0 0.780 0
139 11 N4 N2 129 0.780 1
140 1 N3 N1 22 0.500 0
140 2 N3 N3 0 0.500 0
140 3 N3 N2 167 0.500 1
140 4 N1 N1 42 0.050 0
140 5 N1 N2 195 0.050 1
140 6 N2 N1 29 0.060 0
140 7 N2 N3 0 0.060 0
140 8 N2 N2 227 0.060 1
140 9 N4 N1 14 0.340 0
140 10 N4 N3 0 0.340 0
140 11 N4 N2 128 0.340 1
141 1 N3 N1 22 0.150 0
141 2 N3 N3 0 0.150 0
141 3 N3 N2 166 0.150 1
141 4 N1 N1 37 0.190 0
141 5 N1 N2 195 0.190 1
141 6 N2 N1 27 0.090 0
141 7 N2 N3 0 0.090 0
141 8 N2 N2 226 0.090 1
141 9 N4 N1 14 1.420 0
141 10 N4 N3 0 1.420 0
141 11 N4 N2 128 1.420 1
142 1 N3 N1 22 1.230 0
142 2 N3 N3 0 1.230 0
142 3 N3 N2 166 1.230 1
142 4 N1 N1 34 0.600 0
142 5 N1 N2 195 0.600 1
142 6 N2 N1 27 0.120 0
142 7 N2 N3 0 0.120 0
142 8 N2 N2 224 0.120 1
142 9 N4 N1 14 0.430 0
142 10 N4 N3 0 0.430 0
142 11 N4 N2 128 0.430 1
143 1 N3 N1 18 0.110 0
143 2 N3 N3 0 0.110 0
143 3 N3 N2 165 0.110 1
143 4 N1 N1 29 0.160 0
143 5 N1 N2 195 0.160 1
143 6 N2 N1 24 0.060 0
143 7 N2 N3 0 0.060 0
143 8 N2 N2 224 0.060 1
143 9 N4 N1 13 0.020 0
143 10 N4 N3 0 0.020 0
143 11 N4 N2 124 0.020 1
144 1 N3 N1 18 1.190 0
144 2 N3 N3 0 1.190 0
144 3 N3 N2 165 1.190 1
144 4 N1 N1 27 0.200 0
144 5 N1 N2 196 0.200 1
144 6 N2 N1 22 0.090 0
144 7 N2 N3 0 0.090 0
144 8 N2 N2 224 0.090 1
144 9 N4 N1 13 0.080 0
144 10 N4 N3 0 0.080 0
144 11 N4 N2 123 0.080 1
145 1 N3 N1 18 0.220 0
145 2 N3 N3 0 0.220 0
145 3 N3 N2 165 0.220 1
145 4 N1 N1 27 0.750 0
145 5 N1 N2 197 0.750 1
145 6 N2 N1 22 0.270 0
145 7 N2 N3 0 0.270 0
145 8 N2 N2 223 0.270 1
145 9 N4 N1 13 0.150 0
145 10 N4 N3 0 0.150 0
145 11 N4 N2 122 0.150 1
146 1 N3 N1 18 1.310 0
146 2 N3 N3 0 1.310 0
146 3 N3 N2 165 1.310 1
146 4 N1 N1 27 0.310 0
146 5 N1 N2 199 0.310 1
146 6 N2 N1 21 0.310 0
146 7 N2 N3 0 0.310 0
146 8 N2 N2 224 0.310 1
146 9 N4 N1 13 0.730 0
146 10 N4 N3 0 0.730 0
146 11 N4 N2 122 0.730 1
147 1 N3 N1 17 0.370 0
147 2 N3 N3 0 0.370 0
147 3 N3 N2 166 0.370 1
147 4 N1 N1 27 0.360 0
147 5 N1 N2 199 0.360 1
147 6 N2 N1 20 0.270 0
147 7 N2 N3 0 0.270 0
147 8 N2 N2 224 0.270 1
147 9 N4 N1 13 0.290 0
147 10 N4 N3 0 0.290 0
147 11 N4 N2 123 0.290 1
148 1 N3 N1 16 0.430 0
148 2 N3 N3 0 0.430 0
148 3 N3 N2 166 0.430 1
148 4 N1 N1 27 0.430 0
148 5 N1 N2 199 0.430 1
148 6 N2 N1 22 0.450 0
148 7 N2 N3 0 0.450 0
148 8 N2 N2 225 0.450 1
148 9 N4 N1 13 0.850 0
148 10 N4 N3 0 0.850 0
148 11 N4 N2 124 0.850 1
149 1 N3 N1 14 0.070 0
149 2 N3 N3 0 0.070 0
149 3 N3 N2 166 0.070 1
149 4 N1 N1 26 0.470 0
149 5 N1 N2 199 0.470 1
149 6 N2 N1 23 0.510 0
149 7 N2 N3 0 0.510 0
149 8 N2 N2 225 0.510 1
149 9 N4 N1 13 0.380 0
149 10 N4 N3 0 0.380 0
149 11 N4 N2 125 0.380 1
150 1 N3 N1 14 0.520 0
150 2 N3 N3 0 0.520 0
150 3 N3 N2 166 0.520 1
150 4 N1 N1 24 0.110 0
150 5 N1 N2 199 0.110 1
150 6 N2 N1 23 0.020 0
150 7 N2 N3 0 0.020 0
150 8 N2 N2 226 0.020 1
150 9 N4 N1 12 0.420 0
150 10 N4 N3 0 0.420 0
150 11 N4 N2 125 0.420 1
151 1 N3 N1 14 0.600 0
151 2 N3 N3 0 0.600 0
151 3 N3 N2 167 0.600 1
151 4 N1 N1 24 0.050 0
151 5 N1 N2 197 0.050 1
151 6 N2 N1 22 0.090 0
151 7 N2 N3 0 0.090 0
151 8 N2 N2 225 0.090 1
151 9 N4 N1 10 0.090 0
151 10 N4 N3 0 0.090 0
151 11 N4 N2 127 0.090 1
152 1 N3 N1 14 0.150 0
152 2 N3 N3 0 0.150 0
152 3 N3 N2 169 0.150 1
152 4 N1 N1 24 0.100 0
152 5 N1 N2 196 0.100 1
152 6 N2 N1 21 0.180 0
152 7 N2 N3 0 0.180 0
152 8 N2 N2 224 0.180 1
152 9 N4 N1 10 1.180 0
152 10 N4 N3 0 1.180 0
152 11 N4 N2 127 1.180 1
153 1 N3 N1 14 0.210 0
153 2 N3 N3 0 0.210 0
153 3 N3 N2 170 0.210 1
153 4 N1 N1 23 0.170 0
153 5 N1 N2 196 0.170 1
153 6 N2 N1 20 0.110 0
153 7 N2 N3 0 0.110 0
153 8 N2 N2 224 0.110 1
153 9 N4 N1 10 2.260 0
153 10 N4 N3 0 2.260 0
153 11 N4 N2 127 2.260 1
154 1 N3 N1 15 0.800 0
154 2 N3 N3 0 0.800 0
154 3 N3 N2 170 0.800 1
154 4 N1 N1 23 0.210 0
154 5 N1 N2 196 0.210 1
154 6 N2 N1 19 0.270 0
154 7 N2 N3 0 0.270 0
154 8 N2 N2 224 0.270 1
154 9 N4 N1 10 0.670 0
154 10 N4 N3 0 0.670 0
154 11 N4 N2 127 0.670 1
155 1 N3 N1 15 0.850 0
155 2 N3 N3 0 0.850 0
155 3 N3 N2 170 0.850 1
155 4 N1 N1 21 0.290 0
155 5 N1 N2 195 0.290 1
155 6 N2 N1 19 0.350 0
155 7 N2 N3 0 0.350 0
155 8 N2 N2 223 0.350 1
155 9 N4 N1 10 0.240 0
155 10 N4 N3 0 0.240 0
155 11 N4 N2 128 0.240 1
156 1 N3 N1 18 0.420 0
156 2 N3 N3 0 0.420 0
156 3 N3 N2 170 0.420 1
156 4 N1 N1 20 0.370 0
156 5 N1 N2 195 0.370 1
156 6 N2 N1 19 0.440 0
156 7 N2 N3 0 0.440 0
156 8 N2 N2 223 0.440 1
156 9 N4 N1 10 1.340 0
156 10 N4 N3 0 1.340 0
156 11 N4 N2 128 1.340 1
157 1 N3 N1 0 0.990 0
157 2 N3 N3 0 0.990 0
157 3 N3 N2 171 0.990 1
157 4 N1 N1 20 0.410 0
157 5 N1 N2 195 0.410 1
157 6 N2 N1 19 0.500 0
157 7 N2 N3 0 0.500 0
157 8 N2 N2 222 0.500 1
157 9 N4 N1 10 0.380 0
157 10 N4 N3 0 0.380 0
157 11 N4 N2 129 0.380 1
158 1 N3 N1 0 0.530 0
158 2 N3 N3 0 0.530 0
158 3 N3 N2 171 0.530 1
158 4 N1 N1 21 0.610 0
158 5 N1 N2 195 0.610 1
158 6 N2 N1 19 0.030 0
158 7 N2 N3 0 0.030 0
158 8 N2 N2 221 0.030 1
158 9 N4 N1 10 1.480 0
158 10 N4 N3 0 1.480 0
158 11 N4 N2 129 1.480 1
159 1 N3 N1 0 0.120 0
159 2 N3 N3 0 0.120 0
159 3 N3 N2 171 0.120 1
159 4 N1 N1 23 0.040 0
159 5 N1 N2 193 0.040 1
159 6 N2 N1 19 0.110 0
159 7 N2 N3 0 0.110 0
159 8 N2 N2 220 0.110 1
159 9 N4 N1 0 0.110 0
159 10 N4 N3 0 0.110 0
159 11 N4 N2 133 0.110 1
160 1 N3 N1 0 0.680 0
160 2 N3 N3 0 0.680 0
160 3 N3 N2 171 0.680 1
160 4 N1 N1 23 0.080 0
160 5 N1 N2 192 0.080 1
160 6 N2 N1 19 0.170 0
160 7 N2 N3 0 0.170 0
160 8 N2 N2 220 0.170 1
160 9 N4 N1 0 0.170 0
160 10 N4 N3 0 0.170 0
160 11 N4 N2 134 0.170 1
161 1 N3 N1 0 1.770 0
161 2 N3 N3 0 1.770 0
161 3 N3 N2 171 1.770 1
161 4 N1 N1 23 0.130 0
161 5 N1 N2 191 0.130 1
161 6 N2 N1 19 0.640 0
161 7 N2 N3 0 0.640 0
161 8 N2 N2 219 0.640 1
161 9 N4 N1 0 0.760 0
161 10 N4 N3 0 0.760 0
161 11 N4 N2 135 0.760 1
162 1 N3 N1 0 0.270 0
162 2 N3 N3 0 0.270 0
162 3 N3 N2 170 0.270 1
162 4 N1 N1 23 0.220 0
162 5 N1 N2 190 0.220 1
162 6 N2 N1 19 0.170 0
162 7 N2 N3 0 0.170 0
162 8 N2 N2 218 0.170 1
162 9 N4 N1 0 0.300 0
162 10 N4 N3 0 0.300 0
162 11 N4 N2 137 0.300 1
163 1 N3 N1 0 1.360 0
163 2 N3 N3 0 1.360 0
163 3 N3 N2 170 1.360 1
163 4 N1 N1 22 0.290 0
163 5 N1 N2 189 0.290 1
163 6 N2 N1 19 0.360 0
163 7 N2 N3 0 0.360 0
163 8 N2 N2 217 0.360 1
163 9 N4 N1 0 0.870 0
163 10 N4 N3 0 0.870 0
163 11 N4 N2 138 0.870 1
164 1 N3 N1 0 0.390 0
164 2 N3 N3 0 0.390 0
164 3 N3 N2 169 0.390 1
164 4 N1 N1 22 0.850 0
164 5 N1 N2 189 0.850 1
164 6 N2 N1 19 0.310 0
164 7 N2 N3 0 0.310 0
164 8 N2 N2 215 0.310 1
164 9 N4 N1 0 0.330 0
164 10 N4 N3 0 0.330 0
164 11 N4 N2 138 0.330 1
165 1 N3 N1 0 0.450 0
165 2 N3 N3 0 0.450 0
165 3 N3 N2 167 0.450 1
165 4 N1 N1 22 0.420 0
165 5 N1 N2 187 0.420 1
165 6 N2 N1 19 0.340 0
165 7 N2 N3 0 0.340 0
165 8 N2 N2 214 0.340 1
165 9 N4 N1 0 0.450 0
165 10 N4 N3 0 0.450 0
165 11 N4 N2 137 0.450 1
166 1 N3 N1 0 0.510 0
166 2 N3 N3 0 0.510 0
166 3 N3 N2 165 0.510 1
166 4 N1 N1 22 0.460 0
166 5 N1 N2 187 0.460 1
166 6 N2 N1 19 0.030 0
166 7 N2 N3 0 0.030 0
166 8 N2 N2 213 0.030 1
166 9 N4 N1 0 0.030 0
166 10 N4 N3 0 0.030 0
166 11 N4 N2 137 0.030 1
167 1 N3 N1 0 1.080 0
167 2 N3 N3 0 1.080 0
167 3 N3 N2 165 1.080 1
167 4 N1 N1 22 1.010 0
167 5 N1 N2 186 1.010 1
167 6 N2 N1 19 0.080 0
167 7 N2 N3 0 0.080 0
167 8 N2 N2 211 0.080 1
167 9 N4 N1 0 1.120 0
167 10 N4 N3 0 1.120 0
167 11 N4 N2 137 1.120 1
168 1 N3 N1 0 0.100 0
168 2 N3 N3 0 0.100 0
168 3 N3 N2 162 0.100 1
168 4 N1 N1 23 0.060 0
168 5 N1 N2 185 0.060 1
168 6 N2 N1 19 0.140 0
168 7 N2 N3 0 0.140 0
168 8 N2 N2 211 0.140 1
168 9 N4 N1 0 2.210 0
168 10 N4 N3 0 2.210 0
168 11 N4 N2 137 2.210 1
169 1 N3 N1 0 0.150 0
169 2 N3 N3 0 0.150 0
169 3 N3 N2 161 0.150 1
169 4 N1 N1 23 0.620 0
169 5 N1 N2 185 0.620 1
169 6 N2 N1 20 0.090 0
169 7 N2 N3 0 0.090 0
169 8 N2 N2 210 0.090 1
169 9 N4 N1 0 0.710 0
169 10 N4 N3 0 0.710 0
169 11 N4 N2 137 0.710 1
170 1 N3 N1 0 0.740 0
170 2 N3 N3 0 0.740 0
170 3 N3 N2 160 0.740 1
170 4 N1 N1 24 0.680 0
170 5 N1 N2 185 0.680 1
170 6 N2 N1 22 0.280 0
170 7 N2 N3 0 0.280 0
170 8 N2 N2 210 0.280 1
170 9 N4 N1 0 0.800 0
170 10 N4 N3 0 0.800 0
170 11 N4 N2 137 0.800 1
171 1 N3 N1 0 0.300 0
171 2 N3 N3 0 0.300 0
171 3 N3 N2 161 0.300 1
171 4 N1 N1 25 0.240 0
171 5 N1 N2 186 0.240 1
171 6 N2 N1 23 0.330 0
171 7 N2 N3 0 0.330 0
171 8 N2 N2 211 0.330 1
171 9 N4 N1 0 1.890 0
171 10 N4 N3 0 1.890 0
171 11 N4 N2 137 1.890 1
172 1 N3 N1 19 0.780 0
172 2 N3 N3 0 0.780 0
172 3 N3 N2 161 0.780 1
172 4 N1 N1 26 0.100 0
172 5 N1 N2 189 0.100 1
172 6 N2 N1 24 0.210 0
172 7 N2 N3 0 0.210 0
172 8 N2 N2 212 0.210 1
172 9 N4 N1 0 3.010 0
172 10 N4 N3 0 3.010 0
172 11 N4 N2 137 3.010 1
173 1 N3 N1 19 0.020 0
173 2 N3 N3 0 0.020 0
173 3 N3 N2 162 0.020 1
173 4 N1 N1 26 0.060 0
173 5 N1 N2 189 0.060 1
173 6 N2 N1 24 0.990 0
173 7 N2 N3 0 0.990 0
173 8 N2 N2 214 0.990 1
173 9 N4 N1 0 4.110 0
173 10 N4 N3 0 4.110 0
173 11 N4 N2 137 4.110 1
174 1 N3 N1 16 0.080 0
174 2 N3 N3 0 0.080 0
174 3 N3 N2 162 0.080 1
174 4 N1 N1 26 1.140 0
174 5 N1 N2 189 1.140 1
174 6 N2 N1 25 0.010 0
174 7 N2 N3 0 0.010 0
174 8 N2 N2 215 0.010 1
174 9 N4 N1 0 0.010 0
174 10 N4 N3 0 0.010 0
174 11 N4 N2 136 0.010 1
175 1 N3 N1 15 0.140 0
175 2 N3 N3 0 0.140 0
175 3 N3 N2 162 0.140 1
175 4 N1 N1 27 0.110 0
175 5 N1 N2 191 0.110 1
175 6 N2 N1 25 0.070 0
175 7 N2 N3 0 0.070 0
175 8 N2 N2 217 0.070 1
175 9 N4 N1 0 0.070 0
175 10 N4 N3 0 0.070 0
175 11 N4 N2 135 0.070 1
176 1 N3 N1 15 0.700 0
176 2 N3 N3 0 0.700 0
176 3 N3 N2 162 0.700 1
176 4 N1 N1 28 0.150 0
176 5 N1 N2 193 0.150 1
176 6 N2 N1 25 0.640 0
176 7 N2 N3 0 0.640 0
176 8 N2 N2 219 0.640 1
176 9 N4 N1 0 1.150 0
176 10 N4 N3 0 1.150 0
176 11 N4 N2 135 1.150 1
177 1 N3 N1 15 0.230 0
177 2 N3 N3 0 0.230 0
177 3 N3 N2 162 0.230 1
177 4 N1 N1 28 0.090 0
177 5 N1 N2 194 0.090 1
177 6 N2 N1 24 0.060 0
177 7 N2 N3 0 0.060 0
177 8 N2 N2 219 0.060 1
177 9 N4 N1 0 2.240 0
177 10 N4 N3 0 2.240 0
177 11 N4 N2 135 2.240 1
178 1 N3 N1 15 0.790 0
178 2 N3 N3 0 0.790 0
178 3 N3 N2 161 0.790 1
178 4 N1 N1 27 0.130 0
178 5 N1 N2 194 0.130 1
178 6 N2 N1 24 0.220 0
178 7 N2 N3 0 0.220 0
178 8 N2 N2 221 0.220 1
178 9 N4 N1 0 3.320 0
178 10 N4 N3 0 3.320 0
178 11 N4 N2 135 3.320 1
179 1 N3 N1 15 1.880 0
179 2 N3 N3 0 1.880 0
179 3 N3 N2 161 1.880 1
179 4 N1 N1 27 0.210 0
179 5 N1 N2 193 0.210 1
179 6 N2 N1 23 0.150 0
179 7 N2 N3 0 0.150 0
179 8 N2 N2 221 0.150 1
179 9 N4 N1 0 4.410 0
179 10 N4 N3 0 4.410 0
179 11 N4 N2 135 4.410 1
180 1 N3 N1 15 2.960 0
180 2 N3 N3 0 2.960 0
180 3 N3 N2 161 2.960 1
180 4 N1 N1 26 0.760 0
180 5 N1 N2 193 0.760 1
180 6 N2 N1 23 1.230 0
180 7 N2 N3 0 1.230 0
180 8 N2 N2 221 1.230 1
180 9 N4 N1 0 5.490 0
180 10 N4 N3 0 5.490 0
180 11 N4 N2 135 5.490 1
181 1 N3 N1 15 4.040 0
181 2 N3 N3 0 4.040 0
181 3 N3 N2 161 4.040 1
181 4 N1 N1 26 1.840 0
181 5 N1 N2 193 1.840 1
181 6 N2 N1 23 0.370 0
181 7 N2 N3 0 0.370 0
181 8 N2 N2 221 0.370 1
181 9 N4 N1 0 6.570 0
181 10 N4 N3 0 6.570 0
181 11 N4 N2 135 6.570 1
182 1 N3 N1 15 5.130 0
182 2 N3 N3 0 5.130 0
182 3 N3 N2 161 5.130 1
182 4 N1 N1 26 2.930 0
182 5 N1 N2 193 2.930 1
182 6 N2 N1 22 0.420 0
182 7 N2 N3 0 0.420 0
182 8 N2 N2 220 0.420 1
182 9 N4 N1 0 7.660 0
182 10 N4 N3 0 7.660 0
182 11 N4 N2 135 7.660 1
183 1 N3 N1 15 6.220 0
183 2 N3 N3 0 6.220 0
183 3 N3 N2 161 6.220 1
183 4 N1 N1 26 0.060 0
183 5 N1 N2 189 0.060 1
183 6 N2 N1 22 1.510 0
183 7 N2 N3 0 1.510 0
183 8 N2 N2 220 1.510 1
183 9 N4 N1 0 8.750 0
183 10 N4 N3 0 8.750 0
183 11 N4 N2 135 8.750 1
184 1 N3 N1 15 7.310 0
184 2 N3 N3 0 7.310 0
184 3 N3 N2 161 7.310 1
184 4 N1 N1 26 0.350 0
184 5 N1 N2 187 0.350 1
184 6 N2 N1 22 0.500 0
184 7 N2 N3 0 0.500 0
184 8 N2 N2 218 0.500 1
184 9 N4 N1 0 9.840 0
184 10 N4 N3 0 9.840 0
184 11 N4 N2 135 9.840 1
185 1 N3 N1 15 8.400 0
185 2 N3 N3 0 8.400 0
185 3 N3 N2 161 8.400 1
185 4 N1 N1 26 1.440 0
185 5 N1 N2 187 1.440 1
185 6 N2 N1 22 0.550 0
185 7 N2 N3 0 0.550 0
185 8 N2 N2 214 0.550 1
185 9 N4 N1 0 10.930 0
185 10 N4 N3 0 10.930 0
185 11 N4 N2 135 10.930 1
186 1 N3 N1 15 9.480 0
186 2 N3 N3 0 9.480 0
186 3 N3 N2 161 9.480 1
186 4 N1 N1 26 0.450 0
186 5 N1 N2 185 0.450 1
186 6 N2 N1 20 0.620 0
186 7 N2 N3 0 0.620 0
186 8 N2 N2 212 0.620 1
186 9 N4 N1 0 12.010 0
186 10 N4 N3 0 12.010 0
186 11 N4 N2 135 12.010 1
187 1 N3 N1 15 10.570 0
187 2 N3 N3 0 10.570 0
187 3 N3 N2 161 10.570 1
187 4 N1 N1 26 1.540 0
187 5 N1 N2 185 1.540 1
187 6 N2 N1 20 0.640 0
187 7 N2 N3 0 0.640 0
187 8 N2 N2 210 0.640 1
187 9 N4 N1 0 13.100 0
187 10 N4 N3 0 13.100 0
187 11 N4 N2 135 13.100 1
188 1 N3 N1 15 11.670 0
188 2 N3 N3 0 11.670 0
188 3 N3 N2 161 11.670 1
188 4 N1 N1 26 2.640 0
188 5 N1 N2 185 2.640 1
188 6 N2 N1 20 1.740 0
188 7 N2 N3 0 1.740 0
188 8 N2 N2 210 1.740 1
188 9 N4 N1 0 14.200 0
188 10 N4 N3 0 14.200 0
188 11 N4 N2 135 14.200 1
189 1 N3 N1 15 12.760 0
189 2 N3 N3 0 12.760 0
189 3 N3 N2 161 12.760 1
189 4 N1 N1 26 3.730 0
189 5 N1 N2 185 3.730 1
189 6 N2 N1 20 0.240 0
189 7 N2 N3 0 0.240 0
189 8 N2 N2 208 0.240 1
189 9 N4 N1 0 15.290 0
189 10 N4 N3 0 15.290 0
189 11 N4 N2 135 15.290 1
190 1 N3 N1 15 13.840 0
190 2 N3 N3 0 13.840 0
190 3 N3 N2 161 13.840 1
190 4 N1 N1 26 4.810 0
190 5 N1 N2 185 4.810 1
190 6 N2 N1 20 0.310 0
190 7 N2 N2 207 0.310 1
190 8 N4 N1 0 16.370 0
190 9 N4 N3 0 16.370 0
190 10 N4 N2 135 16.370 1
191 1 N3 N1 15 14.920 0
191 2 N3 N3 0 14.920 0
191 3 N3 N2 161 14.920 1
191 4 N1 N1 26 0.640 0
191 5 N1 N2 181 0.640 1
191 6 N2 N1 20 0.360 0
191 7 N2 N2 206 0.360 1
191 8 N4 N1 0 17.450 0
191 9 N4 N2 135 17.450 1
192 1 N3 N1 13 0.070 0
192 2 N3 N3 0 0.070 0
192 3 N3 N2 160 0.070 1
192 4 N1 N1 26 1.720 0
192 5 N1 N2 181 1.720 1
192 6 N2 N1 20 1.440 0
192 7 N2 N2 206 1.440 1
192 8 N4 N1 0 18.530 0
192 9 N4 N2 135 18.530 1
193 1 N3 N1 13 1.140 0
193 2 N3 N3 0 1.140 0
193 3 N3 N2 160 1.140 1
193 4 N1 N1 26 2.790 0
193 5 N1 N2 181 2.790 1
193 6 N2 N1 20 2.510 0
193 7 N2 N2 206 2.510 1
193 8 N4 N1 0 0.560 0
193 9 N4 N2 130 0.560 1
194 1 N3 N1 13 2.220 0
194 2 N3 N3 0 2.220 0
194 3 N3 N2 160 2.220 1
194 4 N1 N1 26 0.060 0
194 5 N1 N2 182 0.060 1
194 6 N2 N1 17 0.180 0
194 7 N2 N2 203 0.180 1
194 8 N4 N1 0 1.640 0
194 9 N4 N2 130 1.640 1
195 1 N3 N1 11 0.690 0
195 2 N3 N3 0 0.690 0
195 3 N3 N2 158 0.690 1
195 4 N1 N1 23 0.020 0
195 5 N1 N2 180 0.020 1
195 6 N2 N1 14 0.130 0
195 7 N2 N2 202 0.130 1
195 8 N4 N1 0 2.710 0
195 9 N4 N2 130 2.710 1
196 1 N3 N1 10 0.240 0
196 2 N3 N3 0 0.240 0
196 3 N3 N2 156 0.240 1
196 4 N1 N1 23 0.530 0
196 5 N1 N2 181 0.530 1
196 6 N2 N1 14 0.600 0
196 7 N2 N2 202 0.600 1
196 8 N4 N1 0 3.790 0
196 9 N4 N2 130 3.790 1
197 1 N3 N1 10 1.320 0
197 2 N3 N3 0 1.320 0
197 3 N3 N2 156 1.320 1
197 4 N1 N1 21 0.080 0
197 5 N1 N2 179 0.080 1
197 6 N2 N1 14 0.110 0
197 7 N2 N2 202 0.110 1
197 8 N4 N1 0 4.870 0
197 9 N4 N2 130 4.870 1
198 1 N3 N1 10 2.390 0
198 2 N3 N3 0 2.390 0
198 3 N3 N2 156 2.390 1
198 4 N1 N1 21 1.150 0
198 5 N1 N2 179 1.150 1
198 6 N2 N1 14 0.680 0
198 7 N2 N2 202 0.680 1
198 8 N4 N1 0 5.940 0
198 9 N4 N2 130 5.940 1
199 1 N3 N1 10 3.470 0
199 2 N3 N3 0 3.470 0
199 3 N3 N2 156 3.470 1
199 4 N1 N1 21 0.190 0
199 5 N1 N2 178 0.190 1
199 6 N2 N1 14 1.760 0
199 7 N2 N2 202 1.760 1
199 8 N4 N1 0 7.020 0
199 9 N4 N2 130 7.020 1
200 1 N3 N1 10 4.540 0
200 2 N3 N3 0 4.540 0
200 3 N3 N2 156 4.540 1
200 4 N1 N1 21 1.260 0
200 5 N1 N2 178 1.260 1
200 6 N2 N1 14 0.210 0
200 7 N2 N2 202 0.210 1
200 8 N4 N1 0 8.090 0
200 9 N4 N2 130 8.090 1
201 1 N3 N1 10 0.700 0
201 2 N3 N3 0 0.700 0
201 3 N3 N2 150 0.700 1
201 4 N1 N1 21 2.340 0
201 5 N1 N2 178 2.340 1
201 6 N2 N1 14 0.760 0
201 7 N2 N2 202 0.760 1
201 8 N4 N1 0 9.170 0
201 9 N4 N2 130 9.170 1
202 1 N3 N1 10 1.830 0
202 2 N3 N3 0 1.830 0
202 3 N3 N2 150 1.830 1
202 4 N1 N1 21 0.940 0
202 5 N1 N2 177 0.940 1
202 6 N2 N1 14 1.890 0
202 7 N2 N2 202 1.890 1
202 8 N4 N1 0 10.300 0
202 9 N4 N2 130 10.300 1
203 1 N3 N1 10 0.620 0
203 2 N3 N3 0 0.620 0
203 3 N3 N2 142 0.620 1
203 4 N1 N1 17 0.370 0
203 5 N1 N2 175 0.370 1
203 6 N2 N1 14 2.960 0
203 7 N2 N2 202 2.960 1
203 8 N4 N1 0 11.370 0
203 9 N4 N2 130 11.370 1
204 1 N3 N1 10 1.700 0
204 2 N3 N3 0 1.700 0
204 3 N3 N2 142 1.700 1
204 4 N1 N1 17 1.450 0
204 5 N1 N2 175 1.450 1
204 6 N2 N1 14 0.460 0
204 7 N2 N2 200 0.460 1
204 8 N4 N1 0 12.450 0
204 9 N4 N2 130 12.450 1
205 1 N3 N1 10 2.800 0
205 2 N3 N3 0 2.800 0
205 3 N3 N2 142 2.800 1
205 4 N1 N1 17 2.550 0
205 5 N1 N2 175 2.550 1
205 6 N2 N1 14 1.070 0
205 7 N2 N2 199 1.070 1
205 8 N4 N1 0 13.550 0
205 9 N4 N2 130 13.550 1
206 1 N3 N1 10 3.890 0
206 2 N3 N3 0 3.890 0
206 3 N3 N2 142 3.890 1
206 4 N1 N1 17 3.640 0
206 5 N1 N2 175 3.640 1
206 6 N2 N1 14 2.160 0
206 7 N2 N2 199 2.160 1
206 8 N4 N1 0 0.820 0
206 9 N4 N2 123 0.820 1
207 1 N3 N1 10 4.970 0
207 2 N3 N3 0 4.970 0
207 3 N3 N2 142 4.970 1
207 4 N1 N1 17 0.060 0
207 5 N1 N2 164 0.060 1
207 6 N2 N1 11 0.130 0
207 7 N2 N2 192 0.130 1
207 8 N4 N1 0 0.170 0
207 9 N4 N2 116 0.170 1
208 1 N3 N1 10 0.860 0
208 2 N3 N3 0 0.860 0
208 3 N3 N2 134 0.860 1
208 4 N1 N1 17 0.200 0
208 5 N1 N2 159 0.200 1
208 6 N2 N1 11 0.200 0
208 7 N2 N2 187 0.200 1
208 8 N4 N1 0 0.470 0
208 9 N4 N2 101 0.470 1
209 1 N3 N1 8 0.390 0
209 2 N3 N3 0 0.390 0
209 3 N3 N2 119 0.390 1
209 4 N1 N1 15 0.250 0
209 5 N1 N2 152 0.250 1
209 6 N2 N1 10 0.240 0
209 7 N2 N2 182 0.240 1
209 8 N4 N1 0 1.050 0
209 9 N4 N2 94 1.050 1
210 1 N3 N1 8 0.410 0
210 2 N3 N3 0 0.410 0
210 3 N3 N2 112 0.410 1
210 4 N1 N1 14 0.270 0
210 5 N1 N2 146 0.270 1
210 6 N2 N1 7 0.310 0
210 7 N2 N2 179 0.310 1
210 8 N4 N1 0 0.060 0
210 9 N4 N2 76 0.060 1
211 1 N3 N1 6 0.460 0
211 2 N3 N3 0 0.460 0
211 3 N3 N2 100 0.460 1
211 4 N1 N1 14 0.310 0
211 5 N1 N2 143 0.310 1
211 6 N2 N1 7 0.240 0
211 7 N2 N2 174 0.240 1
211 8 N4 N1 0 0.120 0
211 9 N4 N2 70 0.120 1
212 1 N3 N1 6 0.510 0
212 2 N3 N3 0 0.510 0
212 3 N3 N2 89 0.510 1
212 4 N1 N1 10 0.350 0
212 5 N1 N2 139 0.350 1
212 6 N2 N1 7 0.290 0
212 7 N2 N2 173 0.290 1
212 8 N4 N1 0 0.180 0
212 9 N4 N2 66 0.180 1
213 1 N3 N1 5 0.020 0
213 2 N3 N3 0 0.020 0
213 3 N3 N2 81 0.020 1
213 4 N1 N1 10 0.890 0
213 5 N1 N2 139 0.890 1
213 6 N2 N1 7 0.460 0
213 7 N2 N2 177 0.460 1
213 8 N4 N1 0 0.220 0
213 9 N4 N2 56 0.220 1
214 1 N3 N1 5 0.050 0
214 2 N3 N3 0 0.050 0
214 3 N3 N2 76 0.050 1
214 4 N1 N1 10 0.430 0
214 5 N1 N2 141 0.430 1
214 6 N2 N1 8 0.520 0
214 7 N2 N2 181 0.520 1
214 8 N4 N1 0 0.790 0
214 9 N4 N2 52 0.790 1
215 1 N3 N1 0 0.590 0
215 2 N3 N3 0 0.590 0
215 3 N3 N2 78 0.590 1
215 4 N1 N1 11 0.480 0
215 5 N1 N2 146 0.480 1
215 6 N2 N1 8 0.060 0
215 7 N2 N2 188 0.060 1
215 8 N4 N1 0 0.850 0
215 9 N4 N2 48 0.850 1
216 1 N3 N1 0 0.130 0
216 2 N3 N3 0 0.130 0
216 3 N3 N2 79 0.130 1
216 4 N1 N1 11 0.100 0
216 5 N1 N2 150 0.100 1
216 6 N2 N1 8 0.090 0
216 7 N2 N2 195 0.090 1
216 8 N4 N1 0 0.350 0
216 9 N4 N2 45 0.350 1
217 1 N3 N1 0 0.170 0
217 2 N3 N3 0 0.170 0
217 3 N3 N2 82 0.170 1
217 4 N1 N1 11 0.040 0
217 5 N1 N2 161 0.040 1
217 6 N2 N1 8 0.130 0
217 7 N2 N2 201 0.130 1
217 8 N4 N1 0 0.400 0
217 9 N4 N2 48 0.400 1
218 1 N3 N1 0 0.190 0
218 2 N3 N3 0 0.190 0
218 3 N3 N2 89 0.190 1
218 4 N1 N1 11 0.120 0
218 5 N1 N2 168 0.120 1
218 6 N2 N1 8 0.160 0
218 7 N2 N2 208 0.160 1
218 8 N4 N1 0 1.470 0
218 9 N4 N2 48 1.470 1
219 1 N3 N1 0 0.760 0
219 2 N3 N3 0 0.760 0
219 3 N3 N2 93 0.760 1
219 4 N1 N1 11 0.200 0
219 5 N1 N2 172 0.200 1
219 6 N2 N1 8 0.740 0
219 7 N2 N2 212 0.740 1
219 8 N4 N1 0 0.010 0
219 9 N4 N2 52 0.010 1
220 1 N3 N1 0 0.300 0
220 2 N3 N3 0 0.300 0
220 3 N3 N2 97 0.300 1
220 4 N1 N1 11 0.220 0
220 5 N1 N2 179 0.220 1
220 6 N2 N1 8 0.140 0
220 7 N2 N2 218 0.140 1
220 8 N4 N1 0 0.040 0
220 9 N4 N2 56 0.040 1
221 1 N3 N1 0 0.350 0
221 2 N3 N3 0 0.350 0
221 3 N3 N2 101 0.350 1
221 4 N1 N1 11 0.280 0
221 5 N1 N2 182 0.280 1
221 6 N2 N1 0 0.190 0
221 7 N2 N2 221 0.190 1
221 8 N4 N1 0 1.120 0
221 9 N4 N2 56 1.120 1
222 1 N3 N1 0 0.430 0
222 2 N3 N3 0 0.430 0
222 3 N3 N2 108 0.430 1
222 4 N1 N1 0 0.300 0
222 5 N1 N2 187 0.300 1
222 6 N2 N1 0 0.320 0
222 7 N2 N2 226 0.320 1
222 8 N4 N1 0 0.650 0
222 9 N4 N2 60 0.650 1
223 1 N3 N1 0 1.000 0
223 2 N3 N3 0 1.000 0
223 3 N3 N2 111 1.000 1
223 4 N1 N1 0 0.340 0
223 5 N1 N2 190 0.340 1
223 6 N2 N1 0 0.250 0
223 7 N2 N2 230 0.250 1
223 8 N4 N1 0 0.730 0
223 9 N4 N2 64 0.730 1
224 1 N3 N1 0 0.540 0
224 2 N3 N3 0 0.540 0
224 3 N3 N2 118 0.540 1
224 4 N1 N1 0 0.410 0
224 5 N1 N2 192 0.410 1
224 6 N2 N1 0 0.320 0
224 7 N2 N2 231 0.320 1
224 8 N4 N1 0 1.810 0
224 9 N4 N2 64 1.810 1
225 1 N3 N1 0 0.580 0
225 2 N3 N3 0 0.580 0
225 3 N3 N2 122 0.580 1
225 4 N1 N1 0 0.420 0
225 5 N1 N2 193 0.420 1
225 6 N2 N1 0 0.010 0
225 7 N2 N2 235 0.010 1
225 8 N4 N1 0 0.830 0
225 9 N4 N2 69 0.830 1
226 1 N3 N1 0 0.120 0
226 2 N3 N3 0 0.120 0
226 3 N3 N2 129 0.120 1
226 4 N1 N1 0 0.000 0
226 5 N1 N2 193 0.000 1
226 6 N2 N1 0 0.090 0
226 7 N2 N2 238 0.090 1
226 8 N4 N1 0 0.370 0
226 9 N4 N2 74 0.370 1
227 1 N3 N1 0 0.190 0
227 2 N3 N3 0 0.190 0
227 3 N3 N2 135 0.190 1
227 4 N1 N1 0 0.040 0
227 5 N1 N2 193 0.040 1
227 6 N2 N1 0 0.020 0
227 7 N2 N2 239 0.020 1
227 8 N4 N1 0 0.920 0
227 9 N4 N2 79 0.920 1
228 1 N3 N1 0 0.230 0
228 2 N3 N3 0 0.230 0
228 3 N3 N2 138 0.230 1
228 4 N1 N1 0 0.080 0
228 5 N1 N2 192 0.080 1
228 6 N2 N1 0 0.070 0
228 7 N2 N2 241 0.070 1
228 8 N4 N1 0 0.950 0
228 9 N4 N2 85 0.950 1
229 1 N3 N1 0 0.290 0
229 2 N3 N3 0 0.290 0
229 3 N3 N2 141 0.290 1
229 4 N1 N1 10 0.130 0
229 5 N1 N2 190 0.130 1
229 6 N2 N1 0 0.270 0
229 7 N2 N2 243 0.270 1
229 8 N4 N1 0 0.490 0
229 9 N4 N2 93 0.490 1
230 1 N3 N1 0 0.330 0
230 2 N3 N3 0 0.330 0
230 3 N3 N2 143 0.330 1
230 4 N1 N1 9 0.190 0
230 5 N1 N2 188 0.190 1
230 6 N2 N1 0 0.320 0
230 7 N2 N2 243 0.320 1
230 8 N4 N1 0 1.560 0
230 9 N4 N2 93 1.560 1
231 1 N3 N1 0 0.370 0
231 2 N3 N3 0 0.370 0
231 3 N3 N2 147 0.370 1
231 4 N1 N1 9 0.230 0
231 5 N1 N2 185 0.230 1
231 6 N2 N1 7 0.260 0
231 7 N2 N2 245 0.260 1
231 8 N4 N1 0 0.050 0
231 9 N4 N2 104 0.050 1
232 1 N3 N1 0 0.440 0
232 2 N3 N3 0 0.440 0
232 3 N3 N2 150 0.440 1
232 4 N1 N1 9 0.290 0
232 5 N1 N2 184 0.290 1
232 6 N2 N1 7 0.420 0
232 7 N2 N2 246 0.420 1
232 8 N4 N1 0 0.590 0
232 9 N4 N2 109 0.590 1
233 1 N3 N1 0 0.490 0
233 2 N3 N3 0 0.490 0
233 3 N3 N2 154 0.490 1
233 4 N1 N1 9 0.340 0
233 5 N1 N2 184 0.340 1
233 6 N2 N1 7 0.460 0
233 7 N2 N2 246 0.460 1
233 8 N4 N1 0 0.140 0
233 9 N4 N2 114 0.140 1
234 1 N3 N1 0 0.540 0
234 2 N3 N3 0 0.540 0
234 3 N3 N2 157 0.540 1
234 4 N1 N1 9 0.390 0
234 5 N1 N2 182 0.390 1
234 6 N2 N1 7 0.020 0
234 7 N2 N2 246 0.020 1
234 8 N4 N1 0 0.180 0
234 9 N4 N2 125 0.180 1
235 1 N3 N1 0 0.050 0
235 2 N3 N3 0 0.050 0
235 3 N3 N2 164 0.050 1
235 4 N1 N1 9 0.440 0
235 5 N1 N2 182 0.440 1
235 6 N2 N1 7 0.090 0
235 7 N2 N2 247 0.090 1
235 8 N4 N1 0 1.260 0
235 9 N4 N2 125 1.260 1
236 1 N3 N1 0 0.140 0
236 2 N3 N3 0 0.140 0
236 3 N3 N2 167 0.140 1
236 4 N1 N1 9 0.520 0
236 5 N1 N2 184 0.520 1
236 6 N2 N1 7 0.150 0
236 7 N2 N2 247 0.150 1
236 8 N4 N1 0 2.340 0
236 9 N4 N2 125 2.340 1
237 1 N3 N1 0 0.170 0
237 2 N3 N3 0 0.170 0
237 3 N3 N2 171 0.170 1
237 4 N1 N1 9 0.080 0
237 5 N1 N2 186 0.080 1
237 6 N2 N1 7 0.210 0
237 7 N2 N2 247 0.210 1
237 8 N4 N1 0 3.420 0
237 9 N4 N2 125 3.420 1
238 1 N3 N1 0 0.710 0
238 2 N3 N3 0 0.710 0
238 3 N3 N2 173 0.710 1
238 4 N1 N1 9 0.250 0
238 5 N1 N2 186 0.250 1
238 6 N2 N1 7 0.240 0
238 7 N2 N2 248 0.240 1
238 8 N4 N1 0 4.490 0
238 9 N4 N2 125 4.490 1
239 1 N3 N1 0 0.270 0
239 2 N3 N3 0 0.270 0
239 3 N3 N2 177 0.270 1
239 4 N1 N1 11 0.190 0
239 5 N1 N2 189 0.190 1
239 6 N2 N1 11 0.180 0
239 7 N2 N2 248 0.180 1
239 8 N4 N1 0 0.410 0
239 9 N4 N2 129 0.410 1
240 1 N3 N1 0 0.820 0
240 2 N3 N3 0 0.820 0
240 3 N3 N2 178 0.820 1
240 4 N1 N1 12 0.750 0
240 5 N1 N2 190 0.750 1
240 6 N2 N1 11 0.330 0
240 7 N2 N2 249 0.330 1
240 8 N4 N1 0 0.450 0
240 9 N4 N2 133 0.450 1
241 1 N3 N1 0 0.350 0
241 2 N3 N3 0 0.350 0
241 3 N3 N2 182 0.350 1
241 4 N1 N1 14 0.250 0
241 5 N1 N2 194 0.250 1
241 6 N2 N1 12 0.390 0
241 7 N2 N2 250 0.390 1
241 8 N4 N1 0 1.530 0
241 9 N4 N2 133 1.530 1
242 1 N3 N1 0 0.400 0
242 2 N3 N3 0 0.400 0
242 3 N3 N2 183 0.400 1
242 4 N1 N1 15 0.790 0
242 5 N1 N2 195 0.790 1
242 6 N2 N1 13 0.410 0
242 7 N2 N2 250 0.410 1
242 8 N4 N1 0 0.040 0
242 9 N4 N2 141 0.040 1
243 1 N3 N1 0 0.430 0
243 2 N3 N3 0 0.430 0
243 3 N3 N2 182 0.430 1
243 4 N1 N1 15 0.310 0
243 5 N1 N2 196 0.310 1
243 6 N2 N1 13 0.360 0
243 7 N2 N2 249 0.360 1
243 8 N4 N1 0 0.110 0
243 9 N4 N2 145 0.110 1
244 1 N3 N1 0 0.450 0
244 2 N3 N3 0 0.450 0
244 3 N3 N2 181 0.450 1
244 4 N1 N1 15 0.880 0
244 5 N1 N2 197 0.880 1
244 6 N2 N1 16 0.020 0
244 7 N2 N2 250 0.020 1
244 8 N4 N1 0 0.660 0
244 9 N4 N2 146 0.660 1
245 1 N3 N1 0 0.500 0
245 2 N3 N3 0 0.500 0
245 3 N3 N2 180 0.500 1
245 4 N1 N1 15 0.410 0
245 5 N1 N2 197 0.410 1
245 6 N2 N1 18 0.100 0
245 7 N2 N2 250 0.100 1
245 8 N4 N1 0 0.200 0
245 9 N4 N2 147 0.200 1
246 1 N3 N1 0 0.060 0
246 2 N3 N3 0 0.060 0
246 3 N3 N2 180 0.060 1
246 4 N1 N1 15 0.480 0
246 5 N1 N2 198 0.480 1
246 6 N2 N1 20 0.160 0
246 7 N2 N2 250 0.160 1
246 8 N4 N1 0 1.290 0
246 9 N4 N2 147 1.290 1
247 1 N3 N1 0 1.140 0
247 2 N3 N3 0 1.140 0
247 3 N3 N2 180 1.140 1
247 4 N1 N1 18 0.050 0
247 5 N1 N2 197 0.050 1
247 6 N2 N1 22 0.210 0
247 7 N2 N2 250 0.210 1
247 8 N4 N1 0 0.310 0
247 9 N4 N2 149 0.310 1
248 1 N3 N1 0 0.200 0
248 2 N3 N3 0 0.200 0
248 3 N3 N2 180 0.200 1
248 4 N1 N1 21 0.110 0
248 5 N1 N2 197 0.110 1
248 6 N2 N1 24 0.220 0
248 7 N2 N2 250 0.220 1
248 8 N4 N1 0 0.860 0
248 9 N4 N2 149 0.860 1
249 1 N3 N1 0 0.770 0
249 2 N3 N3 0 0.770 0
249 3 N3 N2 181 0.770 1
249 4 N1 N1 22 0.170 0
249 5 N1 N2 197 0.170 1
249 6 N2 N1 27 0.240 0
249 7 N2 N2 250 0.240 1
249 8 N4 N1 0 1.940 0
249 9 N4 N2 149 1.940 1
250 1 N3 N1 0 0.290 0
250 2 N3 N3 0 0.290 0
250 3 N3 N2 180 0.290 1
250 4 N1 N1 24 0.210 0
250 5 N1 N2 195 0.210 1
250 6 N2 N1 29 0.170 0
250 7 N2 N2 250 0.170 1
250 8 N4 N1 0 3.020 0
250 9 N4 N2 149 3.020 1
251 1 N3 N1 0 0.360 0
251 2 N3 N3 0 0.360 0
251 3 N3 N2 179 0.360 1
251 4 N1 N1 25 0.270 0
251 5 N1 N2 195 0.270 1
251 6 N2 N1 31 0.190 0
251 7 N2 N2 250 0.190 1
251 8 N4 N1 0 0.010 0
251 9 N4 N2 149 0.010 1
252 1 N3 N1 0 0.900 0
252 2 N3 N3 0 0.900 0
252 3 N3 N2 179 0.900 1
252 4 N1 N1 35 0.330 0
252 5 N1 N2 194 0.330 1
252 6 N2 N1 33 0.340 0
252 7 N2 N2 249 0.340 1
252 8 N4 N1 0 1.080 0
252 9 N4 N2 149 1.080 1
253 1 N3 N1 0 0.450 0
253 2 N3 N3 0 0.450 0
253 3 N3 N2 179 0.450 1
253 4 N1 N1 44 0.890 0
253 5 N1 N2 193 0.890 1
253 6 N2 N1 36 0.290 0
253 7 N2 N2 248 0.290 1
253 8 N4 N1 0 2.160 0
253 9 N4 N2 149 2.160 1
254 1 N3 N1 0 0.500 0
254 2 N3 N3 0 0.500 0
254 3 N3 N2 179 0.500 1
254 4 N1 N1 47 0.430 0
254 5 N1 N2 192 0.430 1
254 6 N2 N1 39 0.350 0
254 7 N2 N2 248 0.350 1
254 8 N4 N1 0 0.100 0
254 9 N4 N2 149 0.100 1
255 1 N3 N1 0 0.020 0
255 2 N3 N3 0 0.020 0
255 3 N3 N2 178 0.020 1
255 4 N1 N1 47 0.470 0
255 5 N1 N2 191 0.470 1
255 6 N2 N1 41 0.410 0
255 7 N2 N2 248 0.410 1
255 8 N4 N1 0 1.180 0
255 9 N4 N2 149 1.180 1
256 1 N3 N1 0 0.060 0
256 2 N3 N3 0 0.060 0
256 3 N3 N2 178 0.060 1
256 4 N1 N1 50 0.050 0
256 5 N1 N2 191 0.050 1
256 6 N2 N1 42 0.570 0
256 7 N2 N2 248 0.570 1
256 8 N4 N1 0 2.250 0
256 9 N4 N2 149 2.250 1
257 1 N3 N1 0 0.080 0
257 2 N3 N3 0 0.080 0
257 3 N3 N2 178 0.080 1
257 4 N1 N1 55 0.600 0
257 5 N1 N2 191 0.600 1
257 6 N2 N1 44 0.090 0
257 7 N2 N2 248 0.090 1
257 8 N4 N1 0 0.090 0
257 9 N4 N2 148 0.090 1
258 1 N3 N1 0 0.170 0
258 2 N3 N3 0 0.170 0
258 3 N3 N2 177 0.170 1
258 4 N1 N1 55 0.660 0
258 5 N1 N2 192 0.660 1
258 6 N2 N1 46 0.140 0
258 7 N2 N2 248 0.140 1
258 8 N4 N1 0 1.170 0
258 9 N4 N2 148 1.170 1
259 1 N3 N1 0 0.190 0
259 2 N3 N3 0 0.190 0
259 3 N3 N2 176 0.190 1
259 4 N1 N1 55 0.190 0
259 5 N1 N2 193 0.190 1
259 6 N2 N1 48 0.180 0
259 7 N2 N2 249 0.180 1
259 8 N4 N1 0 0.820 0
259 9 N4 N2 147 0.820 1
260 1 N3 N1 0 0.240 0
260 2 N3 N3 0 0.240 0
260 3 N3 N2 175 0.240 1
260 4 N1 N1 62 0.230 0
260 5 N1 N2 195 0.230 1
260 6 N2 N1 50 0.230 0
260 7 N2 N2 249 0.230 1
260 8 N4 N1 0 1.900 0
260 9 N4 N2 147 1.900 1
261 1 N3 N1 0 0.310 0
261 2 N3 N3 0 0.310 0
261 3 N3 N2 174 0.310 1
261 4 N1 N1 62 0.270 0
261 5 N1 N2 199 0.270 1
261 6 N2 N1 52 0.280 0
261 7 N2 N2 251 0.280 1
261 8 N4 N1 0 0.910 0
261 9 N4 N2 146 0.910 1
262 1 N3 N1 0 0.400 0
262 2 N3 N3 0 0.400 0
262 3 N3 N2 173 0.400 1
262 4 N1 N1 64 0.350 0
262 5 N1 N2 200 0.350 1
262 6 N2 N1 52 0.350 0
262 7 N2 N2 251 0.350 1
262 8 N4 N1 0 0.990 0
262 9 N4 N2 145 0.990 1
263 1 N3 N1 0 0.980 0
263 2 N3 N3 0 0.980 0
263 3 N3 N2 172 0.980 1
263 4 N1 N1 68 0.400 0
263 5 N1 N2 202 0.400 1
263 6 N2 N1 58 0.420 0
263 7 N2 N2 252 0.420 1
263 8 N4 N1 0 0.010 0
263 9 N4 N2 144 0.010 1
264 1 N3 N1 0 0.010 0
264 2 N3 N3 0 0.010 0
264 3 N3 N2 172 0.010 1
264 4 N1 N1 73 0.420 0
264 5 N1 N2 205 0.420 1
264 6 N2 N1 58 0.450 0
264 7 N2 N2 252 0.450 1
264 8 N4 N1 0 0.560 0
264 9 N4 N2 144 0.560 1
265 1 N3 N1 0 0.590 0
265 2 N3 N3 0 0.590 0
265 3 N3 N2 171 0.590 1
265 4 N1 N1 73 1.510 0
265 5 N1 N2 205 1.510 1
265 6 N2 N1 58 0.510 0
265 7 N2 N2 253 0.510 1
265 8 N4 N1 0 0.080 0
265 9 N4 N2 143 0.080 1
266 1 N3 N1 40 0.160 0
266 2 N3 N3 0 0.160 0
266 3 N3 N2 171 0.160 1
266 4 N1 N1 73 0.070 0
266 5 N1 N2 213 0.070 1
266 6 N2 N1 57 0.050 0
266 7 N2 N2 254 0.050 1
266 8 N4 N1 0 0.660 0
266 9 N4 N2 143 0.660 1
267 1 N3 N1 40 0.290 0
267 2 N3 N3 0 0.290 0
267 3 N3 N2 172 0.290 1
267 4 N1 N1 72 0.610 0
267 5 N1 N2 215 0.610 1
267 6 N2 N1 56 0.090 0
267 7 N2 N2 254 0.090 1
267 8 N4 N1 0 0.180 0
267 9 N4 N2 143 0.180 1
268 1 N3 N1 40 0.740 0
268 2 N3 N3 0 0.740 0
268 3 N3 N2 172 0.740 1
268 4 N1 N1 72 0.120 0
268 5 N1 N2 217 0.120 1
268 6 N2 N1 56 0.150 0
268 7 N2 N2 254 0.150 1
268 8 N4 N1 0 1.260 0
268 9 N4 N2 143 1.260 1
269 1 N3 N1 40 0.790 0
269 2 N3 N3 0 0.790 0
269 3 N3 N2 172 0.790 1
269 4 N1 N1 72 1.190 0
269 5 N1 N2 217 1.190 1
269 6 N2 N1 55 0.080 0
269 7 N2 N2 254 0.080 1
269 8 N4 N1 0 0.260 0
269 9 N4 N2 142 0.260 1
270 1 N3 N1 40 0.340 0
270 2 N3 N3 0 0.340 0
270 3 N3 N2 173 0.340 1
270 4 N1 N1 71 0.740 0
270 5 N1 N2 219 0.740 1
270 6 N2 N1 55 0.760 0
270 7 N2 N2 254 0.760 1
270 8 N4 N1 0 0.820 0
270 9 N4 N2 141 0.820 1
271 1 N3 N1 40 0.400 0
271 2 N3 N3 0 0.400 0
271 3 N3 N2 173 0.400 1
271 4 N1 N1 70 0.260 0
271 5 N1 N2 221 0.260 1
271 6 N2 N1 51 0.280 0
271 7 N2 N2 254 0.280 1
271 8 N4 N1 0 0.870 0
271 9 N4 N2 140 0.870 1
272 1 N3 N1 38 0.430 0
272 2 N3 N3 0 0.430 0
272 3 N3 N2 173 0.430 1
272 4 N1 N1 70 0.810 0
272 5 N1 N2 221 0.810 1
272 6 N2 N1 48 0.200 0
272 7 N2 N2 254 0.200 1
272 8 N4 N1 0 0.420 0
272 9 N4 N2 137 0.420 1
273 1 N3 N1 38 1.500 0
273 2 N3 N3 0 1.500 0
273 3 N3 N2 173 1.500 1
273 4 N1 N1 70 0.860 0
273 5 N1 N2 222 0.860 1
273 6 N2 N1 47 0.360 0
273 7 N2 N2 254 0.360 1
273 8 N4 N1 0 0.430 0
273 9 N4 N2 135 0.430 1
274 1 N3 N1 38 0.520 0
274 2 N3 N3 0 0.520 0
274 3 N3 N2 175 0.520 1
274 4 N1 N1 70 0.490 0
274 5 N1 N2 222 0.490 1
274 6 N2 N1 49 0.290 0
274 7 N2 N2 254 0.290 1
274 8 N4 N1 0 0.520 0
274 9 N4 N2 134 0.520 1
275 1 N3 N1 38 0.030 0
275 2 N3 N3 0 0.030 0
275 3 N3 N2 176 0.030 1
275 4 N1 N1 69 0.570 0
275 5 N1 N2 222 0.570 1
275 6 N2 N1 50 0.440 0
275 7 N2 N2 254 0.440 1
275 8 N4 N1 0 1.070 0
275 9 N4 N2 134 1.070 1
276 1 N3 N1 38 1.110 0
276 2 N3 N3 0 1.110 0
276 3 N3 N2 176 1.110 1
276 4 N1 N1 69 0.010 0
276 5 N1 N2 223 0.010 1
276 6 N2 N1 49 0.460 0
276 7 N2 N2 254 0.460 1
276 8 N4 N1 0 0.630 0
276 9 N4 N2 134 0.630 1
277 1 N3 N1 38 0.160 0
277 2 N3 N3 0 0.160 0
277 3 N3 N2 176 0.160 1
277 4 N1 N1 68 0.040 0
277 5 N1 N2 223 0.040 1
277 6 N2 N1 51 0.500 0
277 7 N2 N2 254 0.500 1
277 8 N4 N1 0 1.700 0
277 9 N4 N2 134 1.700 1
278 1 N3 N1 38 0.720 0
278 2 N3 N3 0 0.720 0
278 3 N3 N2 176 0.720 1
278 4 N1 N1 66 0.130 0
278 5 N1 N2 223 0.130 1
278 6 N2 N1 51 0.080 0
278 7 N2 N2 253 0.080 1
278 8 N4 N1 0 0.760 0
278 9 N4 N2 133 0.760 1
279 1 N3 N1 37 0.280 0
279 2 N3 N3 0 0.280 0
279 3 N3 N2 176 0.280 1
279 4 N1 N1 65 0.230 0
279 5 N1 N2 223 0.230 1
279 6 N2 N1 52 0.180 0
279 7 N2 N2 253 0.180 1
279 8 N4 N1 30 0.340 0
279 9 N4 N2 132 0.340 1
280 1 N3 N1 37 1.350 0
280 2 N3 N3 0 1.350 0
280 3 N3 N2 176 1.350 1
280 4 N1 N1 65 0.260 0
280 5 N1 N2 223 0.260 1
280 6 N2 N1 49 0.110 0
280 7 N2 N2 253 0.110 1
280 8 N4 N1 30 0.370 0
280 9 N4 N2 130 0.370 1
281 1 N3 N1 37 0.380 0
281 2 N3 N3 0 0.380 0
281 3 N3 N2 176 0.380 1
281 4 N1 N1 65 0.300 0
281 5 N1 N2 223 0.300 1
281 6 N2 N1 47 0.260 0
281 7 N2 N2 253 0.260 1
281 8 N4 N1 30 1.440 0
281 9 N4 N2 130 1.440 1
282 1 N3 N1 37 0.430 0
282 2 N3 N3 0 0.430 0
282 3 N3 N2 175 0.430 1
282 4 N1 N1 63 0.350 0
282 5 N1 N2 223 0.350 1
282 6 N2 N1 45 0.180 0
282 7 N2 N2 253 0.180 1
282 8 N4 N1 28 0.440 0
282 9 N4 N2 129 0.440 1
283 1 N3 N1 37 0.470 0
283 2 N3 N3 0 0.470 0
283 3 N3 N2 175 0.470 1
283 4 N1 N1 61 0.360 0
283 5 N1 N2 223 0.360 1
283 6 N2 N1 41 0.340 0
283 7 N2 N2 253 0.340 1
283 8 N4 N1 26 0.980 0
283 9 N4 N2 130 0.980 1
284 1 N3 N1 37 1.550 0
284 2 N3 N3 0 1.550 0
284 3 N3 N2 175 1.550 1
284 4 N1 N1 61 1.440 0
284 5 N1 N2 223 1.440 1
284 6 N2 N1 39 0.390 0
284 7 N2 N2 253 0.390 1
284 8 N4 N1 26 1.010 0
284 9 N4 N2 132 1.010 1
285 1 N3 N1 37 2.650 0
285 2 N3 N3 0 2.650 0
285 3 N3 N2 175 2.650 1
285 4 N1 N1 61 2.540 0
285 5 N1 N2 223 2.540 1
285 6 N2 N1 36 0.320 0
285 7 N2 N2 252 0.320 1
285 8 N4 N1 26 2.110 0
285 9 N4 N2 132 2.110 1
286 1 N3 N1 37 3.720 0
286 2 N3 N3 0 3.720 0
286 3 N3 N2 175 3.720 1
286 4 N1 N1 61 3.610 0
286 5 N1 N2 223 3.610 1
286 6 N2 N1 34 0.470 0
286 7 N2 N2 250 0.470 1
286 8 N4 N1 26 3.180 0
286 9 N4 N2 132 3.180 1
287 1 N3 N1 37 4.790 0
287 2 N3 N3 0 4.790 0
287 3 N3 N2 175 4.790 1
287 4 N1 N1 60 1.070 0
287 5 N1 N2 222 1.070 1
287 6 N2 N1 29 0.390 0
287 7 N2 N2 249 0.390 1
287 8 N4 N1 26 4.250 0
287 9 N4 N2 132 4.250 1
288 1 N3 N1 37 0.190 0
288 2 N3 N3 0 0.190 0
288 3 N3 N2 175 0.190 1
288 4 N1 N1 60 2.140 0
288 5 N1 N2 222 2.140 1
288 6 N2 N1 29 0.050 0
288 7 N2 N2 246 0.050 1
288 8 N4 N1 26 5.320 0
288 9 N4 N2 132 5.320 1
289 1 N3 N1 37 0.230 0
289 2 N3 N3 0 0.230 0
289 3 N3 N2 175 0.230 1
289 4 N1 N1 52 0.280 0
289 5 N1 N2 220 0.280 1
289 6 N2 N1 26 0.090 0
289 7 N2 N2 241 0.090 1
289 8 N4 N1 26 6.400 0
289 9 N4 N2 132 6.400 1
290 1 N3 N1 11 0.800 0
290 2 N3 N3 0 0.800 0
290 3 N3 N2 176 0.800 1
290 4 N1 N1 52 1.350 0
290 5 N1 N2 220 1.350 1
290 6 N2 N1 24 0.140 0
290 7 N2 N2 237 0.140 1
290 8 N4 N1 26 7.480 0
290 9 N4 N2 132 7.480 1
291 1 N3 N1 11 0.360 0
291 2 N3 N3 0 0.360 0
291 3 N3 N2 176 0.360 1
291 4 N1 N1 40 0.250 0
291 5 N1 N2 215 0.250 1
291 6 N2 N1 24 0.710 0
291 7 N2 N2 235 0.710 1
291 8 N4 N1 26 8.550 0
291 9 N4 N2 132 8.550 1
292 1 N3 N1 11 1.440 0
292 2 N3 N3 0 1.440 0
292 3 N3 N2 176 1.440 1
292 4 N1 N1 36 0.280 0
292 5 N1 N2 209 0.280 1
292 6 N2 N1 21 0.130 0
292 7 N2 N2 233 0.130 1
292 8 N4 N1 26 0.430 0
292 9 N4 N2 132 0.430 1
293 1 N3 N1 11 0.440 0
293 2 N3 N3 0 0.440 0
293 3 N3 N2 175 0.440 1
293 4 N1 N1 28 0.460 0
293 5 N1 N2 205 0.460 1
293 6 N2 N1 17 0.670 0
293 7 N2 N2 231 0.670 1
293 8 N4 N1 26 0.450 0
293 9 N4 N2 134 0.450 1
294 1 N3 N1 11 0.450 0
294 2 N3 N3 0 0.450 0
294 3 N3 N2 177 0.450 1
294 4 N1 N1 28 0.400 0
294 5 N1 N2 202 0.400 1
294 6 N2 N1 15 0.320 0
294 7 N2 N2 228 0.320 1
294 8 N4 N1 26 0.510 0
294 9 N4 N2 135 0.510 1
295 1 N3 N1 11 0.490 0
295 2 N3 N3 0 0.490 0
295 3 N3 N2 178 0.490 1
295 4 N1 N1 25 0.080 0
295 5 N1 N2 197 0.080 1
295 6 N2 N1 16 0.280 0
295 7 N2 N2 228 0.280 1
295 8 N4 N1 26 1.590 0
295 9 N4 N2 135 1.590 1
296 1 N3 N1 11 0.020 0
296 2 N3 N3 0 0.020 0
296 3 N3 N2 180 0.020 1
296 4 N1 N1 23 0.090 0
296 5 N1 N2 196 0.090 1
296 6 N2 N1 18 0.450 0
296 7 N2 N2 227 0.450 1
296 8 N4 N1 26 0.620 0
296 9 N4 N2 137 0.620 1
297 1 N3 N1 11 0.080 0
297 2 N3 N3 0 0.080 0
297 3 N3 N2 181 0.080 1
297 4 N1 N1 26 0.060 0
297 5 N1 N2 195 0.060 1
297 6 N2 N1 19 0.030 0
297 7 N2 N2 226 0.030 1
297 8 N4 N1 24 0.710 0
297 9 N4 N2 138 0.710 1
298 1 N3 N1 11 0.640 0
298 2 N3 N3 0 0.640 0
298 3 N3 N2 182 0.640 1
298 4 N1 N1 26 0.110 0
298 5 N1 N2 194 0.110 1
298 6 N2 N1 21 0.580 0
298 7 N2 N2 225 0.580 1
298 8 N4 N1 24 0.220 0
298 9 N4 N2 140 0.220 1
299 1 N3 N1 11 0.180 0
299 2 N3 N3 0 0.180 0
299 3 N3 N2 182 0.180 1
299 4 N1 N1 28 0.130 0
299 5 N1 N2 193 0.130 1
299 6 N2 N1 24 0.130 0
299 7 N2 N2 225 0.130 1
299 8 N4 N1 24 0.760 0
299 9 N4 N2 141 0.760 1
300 1 N3 N1 16 0.200 0
300 2 N3 N3 0 0.200 0
300 3 N3 N2 183 0.200 1
300 4 N1 N1 31 0.300 0
300 5 N1 N2 189 0.300 1
300 6 N2 N1 24 0.060 0
300 7 N2 N2 225 0.060 1
300 8 N4 N1 24 1.830 0
300 9 N4 N2 141 1.830 1
