PING N5 (00:00:0c:18:11:05) 116(144) bytes of data
116 bytes from N5 icmp_seq=1 ttl=49 time=5.86 ms
RR: 	N1
	N2
	N5
	N5
	N2
	N1

116 bytes from N5 icmp_seq=2 ttl=49 time=3.51 ms	(same route)
116 bytes from N5 icmp_seq=3 ttl=49 time=4.98 ms	(same route)
116 bytes from N5 icmp_seq=4 ttl=49 time=5.67 ms	(same route)
116 bytes from N5 icmp_seq=5 ttl=49 time=78.42 ms	(same route)
116 bytes from N5 icmp_seq=6 ttl=49 time=45.95 ms	(same route)
116 bytes from N5 icmp_seq=7 ttl=49 time=2.58 ms	(same route)
116 bytes from N5 icmp_seq=8 ttl=49 time=483.40 ms	(same route)
116 bytes from N5 icmp_seq=9 ttl=49 time=2.51 ms	(same route)
116 bytes from N5 icmp_seq=10 ttl=49 time=49.35 ms	(same route)
116 bytes from N5 icmp_seq=11 ttl=49 time=8.38 ms	(same route)
116 bytes from N5 icmp_seq=12 ttl=49 time=15.20 ms	(same route)
116 bytes from N5 icmp_seq=13 ttl=49 time=18.61 ms	(same route)
116 bytes from N5 icmp_seq=14 ttl=49 time=2.51 ms	(same route)
116 bytes from N5 icmp_seq=15 ttl=49 time=9.08 ms	(same route)
116 bytes from N5 icmp_seq=16 ttl=49 time=5.48 ms	(same route)
116 bytes from N5 icmp_seq=17 ttl=49 time=2.16 ms	(same route)
116 bytes from N5 icmp_seq=18 ttl=49 time=834.29 ms	(same route)
116 bytes from N5 icmp_seq=19 ttl=49 time=498.15 ms	(same route)
116 bytes from N5 icmp_seq=20 ttl=49 time=108.19 ms	(same route)
Reply from host N5 timed out
116 bytes from N5 icmp_seq=22 ttl=49 time=1.80 ms	(same route)
116 bytes from N5 icmp_seq=23 ttl=49 time=2.45 ms	(same route)
116 bytes from N5 icmp_seq=24 ttl=49 time=8.81 ms	(same route)
116 bytes from N5 icmp_seq=25 ttl=49 time=4.28 ms	(same route)
116 bytes from N5 icmp_seq=26 ttl=49 time=8.40 ms	(same route)
116 bytes from N5 icmp_seq=27 ttl=49 time=5.48 ms	(same route)
116 bytes from N5 icmp_seq=28 ttl=49 time=2.28 ms	(same route)
116 bytes from N5 icmp_seq=29 ttl=49 time=4.09 ms	(same route)
116 bytes from N5 icmp_seq=30 ttl=49 time=521.08 ms	(same route)
116 bytes from N5 icmp_seq=31 ttl=49 time=2.19 ms	(same route)
116 bytes from N5 icmp_seq=32 ttl=49 time=55.69 ms	(same route)
116 bytes from N5 icmp_seq=33 ttl=49 time=243.02 ms	(same route)
116 bytes from N5 icmp_seq=34 ttl=49 time=886.67 ms	(same route)
116 bytes from N5 icmp_seq=35 ttl=49 time=746.68 ms	(same route)
116 bytes from N5 icmp_seq=36 ttl=49 time=915.84 ms	(same route)
116 bytes from N5 icmp_seq=37 ttl=49 time=818.71 ms	(same route)
116 bytes from N5 icmp_seq=38 ttl=49 time=451.44 ms	(same route)
Reply from host N5 timed out
116 bytes from N5 icmp_seq=40 ttl=49 time=9.51 ms	(same route)
116 bytes from N5 icmp_seq=41 ttl=49 time=933.50 ms	(same route)
Reply from host N5 timed out
116 bytes from N5 icmp_seq=43 ttl=49 time=810.72 ms	(same route)
116 bytes from N5 icmp_seq=44 ttl=49 time=25.95 ms	(same route)
116 bytes from N5 icmp_seq=45 ttl=49 time=649.71 ms	(same route)
116 bytes from N5 icmp_seq=46 ttl=49 time=731.37 ms	(same route)
116 bytes from N5 icmp_seq=47 ttl=49 time=957.34 ms	(same route)
116 bytes from N5 icmp_seq=48 ttl=49 time=731.47 ms	(same route)
Reply from host N5 timed out
Reply from host N5 timed out
116 bytes from N5 icmp_seq=51 ttl=49 time=491.45 ms	(same route)
116 bytes from N5 icmp_seq=52 ttl=49 time=981.56 ms	(same route)
Reply from host N5 timed out
Reply from host N5 timed out
116 bytes from N5 icmp_seq=55 ttl=49 time=3.64 ms	(same route)
Reply from host N5 timed out
116 bytes from N5 icmp_seq=57 ttl=49 time=19.11 ms	(same route)
Reply from host N5 timed out
116 bytes from N5 icmp_seq=59 ttl=49 time=54.47 ms	(same route)
116 bytes from N5 icmp_seq=60 ttl=49 time=950.84 ms	(same route)
Reply from host N5 timed out
116 bytes from N5 icmp_seq=62 ttl=49 time=766.54 ms	(same route)
116 bytes from N5 icmp_seq=63 ttl=49 time=522.18 ms	(same route)
Reply from host N5 timed out
116 bytes from N5 icmp_seq=65 ttl=49 time=32.74 ms	(same route)
Reply from host N5 timed out
116 bytes from N5 icmp_seq=67 ttl=49 time=15.81 ms	(same route)
Reply from host N5 timed out
116 bytes from N5 icmp_seq=69 ttl=49 time=10.06 ms	(same route)
Reply from host N5 timed out
116 bytes from N5 icmp_seq=71 ttl=49 time=7.76 ms	(same route)
Reply from host N5 timed out
Reply from host N5 timed out
116 bytes from N5 icmp_seq=74 ttl=49 time=70.65 ms	(same route)
116 bytes from N5 icmp_seq=75 ttl=49 time=630.81 ms	(same route)
Reply from host N5 timed out
116 bytes from N5 icmp_seq=77 ttl=49 time=0.01 ms	(same route)
Reply from host N5 timed out
116 bytes from N5 icmp_seq=79 ttl=49 time=115.16 ms	(same route)
116 bytes from N5 icmp_seq=80 ttl=49 time=325.08 ms	(same route)
116 bytes from N5 icmp_seq=81 ttl=49 time=248.22 ms	(same route)
116 bytes from N5 icmp_seq=82 ttl=49 time=267.49 ms	(same route)
116 bytes from N5 icmp_seq=83 ttl=49 time=254.48 ms	(same route)
116 bytes from N5 icmp_seq=84 ttl=49 time=710.80 ms	(same route)
Reply from host N5 timed out
116 bytes from N5 icmp_seq=86 ttl=49 time=0.44 ms	(same route)
Reply from host N5 timed out
Reply from host N5 timed out
116 bytes from N5 icmp_seq=89 ttl=49 time=775.42 ms	(same route)
116 bytes from N5 icmp_seq=90 ttl=49 time=777.52 ms	(same route)
116 bytes from N5 icmp_seq=91 ttl=49 time=752.46 ms	(same route)
116 bytes from N5 icmp_seq=92 ttl=49 time=469.34 ms	(same route)
116 bytes from N5 icmp_seq=93 ttl=49 time=576.70 ms	(same route)
116 bytes from N5 icmp_seq=94 ttl=49 time=521.54 ms	(same route)
116 bytes from N5 icmp_seq=95 ttl=49 time=58.75 ms	(same route)
116 bytes from N5 icmp_seq=96 ttl=49 time=127.72 ms	(same route)
Reply from host N5 timed out
116 bytes from N5 icmp_seq=98 ttl=49 time=111.73 ms	(same route)
116 bytes from N5 icmp_seq=99 ttl=49 time=423.70 ms	(same route)
Reply from host N5 timed out
116 bytes from N5 icmp_seq=101 ttl=49 time=215.48 ms	(same route)
116 bytes from N5 icmp_seq=102 ttl=49 time=936.14 ms	(same route)
116 bytes from N5 icmp_seq=103 ttl=49 time=5.84 ms	(same route)
116 bytes from N5 icmp_seq=104 ttl=49 time=6.25 ms	(same route)
116 bytes from N5 icmp_seq=105 ttl=49 time=2.95 ms	(same route)
116 bytes from N5 icmp_seq=106 ttl=49 time=2.24 ms	(same route)
116 bytes from N5 icmp_seq=107 ttl=49 time=10.34 ms	(same route)
116 bytes from N5 icmp_seq=108 ttl=49 time=0.03 ms	(same route)
116 bytes from N5 icmp_seq=109 ttl=49 time=6.88 ms	(same route)
116 bytes from N5 icmp_seq=110 ttl=49 time=7.92 ms	(same route)
116 bytes from N5 icmp_seq=111 ttl=49 time=254.48 ms	(same route)
116 bytes from N5 icmp_seq=112 ttl=49 time=3.03 ms	(same route)
116 bytes from N5 icmp_seq=113 ttl=49 time=2.34 ms	(same route)
116 bytes from N5 icmp_seq=114 ttl=49 time=40.86 ms	(same route)
116 bytes from N5 icmp_seq=115 ttl=49 time=4.64 ms	(same route)
116 bytes from N5 icmp_seq=116 ttl=49 time=2.42 ms	(same route)
116 bytes from N5 icmp_seq=117 ttl=49 time=2.17 ms	(same route)
116 bytes from N5 icmp_seq=118 ttl=49 time=3.88 ms	(same route)
116 bytes from N5 icmp_seq=119 ttl=49 time=4.31 ms	(same route)
116 bytes from N5 icmp_seq=120 ttl=49 time=6.42 ms	(same route)
116 bytes from N5 icmp_seq=121 ttl=49 time=7.87 ms	(same route)
116 bytes from N5 icmp_seq=122 ttl=49 time=15.18 ms	(same route)
116 bytes from N5 icmp_seq=123 ttl=49 time=2.78 ms	(same route)
116 bytes from N5 icmp_seq=124 ttl=49 time=4.89 ms	(same route)
116 bytes from N5 icmp_seq=125 ttl=49 time=2.86 ms	(same route)
116 bytes from N5 icmp_seq=126 ttl=49 time=284.90 ms	(same route)
116 bytes from N5 icmp_seq=127 ttl=49 time=346.87 ms	(same route)
116 bytes from N5 icmp_seq=128 ttl=49 time=11.85 ms	(same route)
116 bytes from N5 icmp_seq=129 ttl=49 time=64.92 ms	(same route)
116 bytes from N5 icmp_seq=130 ttl=49 time=2.31 ms	(same route)
116 bytes from N5 icmp_seq=131 ttl=49 time=4.89 ms	(same route)
116 bytes from N5 icmp_seq=132 ttl=49 time=32.00 ms	(same route)
116 bytes from N5 icmp_seq=133 ttl=49 time=6.64 ms	(same route)
116 bytes from N5 icmp_seq=134 ttl=49 time=282.16 ms	(same route)
116 bytes from N5 icmp_seq=135 ttl=49 time=37.03 ms	(same route)
116 bytes from N5 icmp_seq=136 ttl=49 time=6.97 ms	(same route)
116 bytes from N5 icmp_seq=137 ttl=49 time=11.36 ms	(same route)
116 bytes from N5 icmp_seq=138 ttl=49 time=6.51 ms	(same route)
116 bytes from N5 icmp_seq=139 ttl=49 time=7.52 ms	(same route)
116 bytes from N5 icmp_seq=140 ttl=49 time=16.56 ms	(same route)
116 bytes from N5 icmp_seq=141 ttl=49 time=8.88 ms	(same route)
116 bytes from N5 icmp_seq=142 ttl=49 time=3.85 ms	(same route)
116 bytes from N5 icmp_seq=143 ttl=49 time=15.58 ms	(same route)
116 bytes from N5 icmp_seq=144 ttl=49 time=16.77 ms	(same route)
116 bytes from N5 icmp_seq=145 ttl=49 time=687.55 ms	(same route)
116 bytes from N5 icmp_seq=146 ttl=49 time=8.45 ms	(same route)
116 bytes from N5 icmp_seq=147 ttl=49 time=50.38 ms	(same route)
116 bytes from N5 icmp_seq=148 ttl=49 time=11.61 ms	(same route)
116 bytes from N5 icmp_seq=149 ttl=49 time=17.62 ms	(same route)
116 bytes from N5 icmp_seq=150 ttl=49 time=5.26 ms	(same route)
116 bytes from N5 icmp_seq=151 ttl=49 time=3.54 ms	(same route)
116 bytes from N5 icmp_seq=152 ttl=49 time=9.14 ms	(same route)
116 bytes from N5 icmp_seq=153 ttl=49 time=4.73 ms	(same route)
116 bytes from N5 icmp_seq=154 ttl=49 time=7.39 ms	(same route)
116 bytes from N5 icmp_seq=155 ttl=49 time=882.94 ms	(same route)
116 bytes from N5 icmp_seq=156 ttl=49 time=19.37 ms	(same route)
116 bytes from N5 icmp_seq=157 ttl=49 time=5.35 ms	(same route)
116 bytes from N5 icmp_seq=158 ttl=49 time=738.39 ms	(same route)
116 bytes from N5 icmp_seq=159 ttl=49 time=38.53 ms	(same route)
116 bytes from N5 icmp_seq=160 ttl=49 time=9.84 ms	(same route)
116 bytes from N5 icmp_seq=161 ttl=49 time=54.47 ms	(same route)
116 bytes from N5 icmp_seq=162 ttl=49 time=5.46 ms	(same route)
116 bytes from N5 icmp_seq=163 ttl=49 time=5.22 ms	(same route)
116 bytes from N5 icmp_seq=164 ttl=49 time=5.28 ms	(same route)
116 bytes from N5 icmp_seq=165 ttl=49 time=10.63 ms	(same route)
116 bytes from N5 icmp_seq=166 ttl=49 time=7.80 ms	(same route)
116 bytes from N5 icmp_seq=167 ttl=49 time=8.32 ms	(same route)
116 bytes from N5 icmp_seq=168 ttl=49 time=5.40 ms	(same route)
116 bytes from N5 icmp_seq=169 ttl=49 time=5.69 ms	(same route)
116 bytes from N5 icmp_seq=170 ttl=49 time=7.79 ms	(same route)
116 bytes from N5 icmp_seq=171 ttl=49 time=121.72 ms	(same route)
116 bytes from N5 icmp_seq=172 ttl=49 time=8.03 ms	(same route)
116 bytes from N5 icmp_seq=173 ttl=49 time=3.07 ms	(same route)
116 bytes from N5 icmp_seq=174 ttl=49 time=4.43 ms	(same route)
116 bytes from N5 icmp_seq=175 ttl=49 time=6.45 ms	(same route)
116 bytes from N5 icmp_seq=176 ttl=49 time=3.64 ms	(same route)
116 bytes from N5 icmp_seq=177 ttl=49 time=4.00 ms	(same route)
116 bytes from N5 icmp_seq=178 ttl=49 time=96.21 ms	(same route)
116 bytes from N5 icmp_seq=179 ttl=49 time=4.23 ms	(same route)
116 bytes from N5 icmp_seq=180 ttl=49 time=9.09 ms	(same route)
116 bytes from N5 icmp_seq=181 ttl=49 time=4.55 ms	(same route)
116 bytes from N5 icmp_seq=182 ttl=49 time=7.50 ms	(same route)
116 bytes from N5 icmp_seq=183 ttl=49 time=4.81 ms	(same route)
116 bytes from N5 icmp_seq=184 ttl=49 time=5.03 ms	(same route)
116 bytes from N5 icmp_seq=185 ttl=49 time=10.55 ms	(same route)
116 bytes from N5 icmp_seq=186 ttl=49 time=581.12 ms	(same route)
116 bytes from N5 icmp_seq=187 ttl=49 time=231.52 ms	(same route)
116 bytes from N5 icmp_seq=188 ttl=49 time=7.19 ms	(same route)
116 bytes from N5 icmp_seq=189 ttl=49 time=7.60 ms	(same route)
116 bytes from N5 icmp_seq=190 ttl=49 time=3.21 ms	(same route)
116 bytes from N5 icmp_seq=191 ttl=49 time=2.55 ms	(same route)
116 bytes from N5 icmp_seq=192 ttl=49 time=6.53 ms	(same route)
116 bytes from N5 icmp_seq=193 ttl=49 time=2.59 ms	(same route)
116 bytes from N5 icmp_seq=194 ttl=49 time=25.46 ms	(same route)
116 bytes from N5 icmp_seq=195 ttl=49 time=232.77 ms	(same route)
116 bytes from N5 icmp_seq=196 ttl=49 time=785.61 ms	(same route)
116 bytes from N5 icmp_seq=197 ttl=49 time=308.61 ms	(same route)
Reply from host N5 timed out
Reply from host N5 timed out
116 bytes from N5 icmp_seq=200 ttl=49 time=392.96 ms	(same route)
Reply from host N5 timed out
Reply from host N5 timed out
Reply from host N5 timed out
116 bytes from N5 icmp_seq=204 ttl=49 time=21.60 ms	(same route)
116 bytes from N5 icmp_seq=205 ttl=49 time=599.78 ms	(same route)
Reply from host N5 timed out
Reply from host N5 timed out
116 bytes from N5 icmp_seq=208 ttl=49 time=57.86 ms	(same route)
Reply from host N5 timed out
116 bytes from N5 icmp_seq=210 ttl=49 time=0.02 ms	(same route)
Reply from host N5 timed out
116 bytes from N5 icmp_seq=212 ttl=49 time=0.02 ms	(same route)
116 bytes from N5 icmp_seq=213 ttl=49 time=11.88 ms	(same route)
116 bytes from N5 icmp_seq=214 ttl=49 time=33.87 ms	(same route)
116 bytes from N5 icmp_seq=215 ttl=49 time=20.57 ms	(same route)
116 bytes from N5 icmp_seq=216 ttl=49 time=29.59 ms	(same route)
116 bytes from N5 icmp_seq=217 ttl=49 time=13.06 ms	(same route)
Reply from host N5 timed out
116 bytes from N5 icmp_seq=219 ttl=49 time=1.84 ms	(same route)
116 bytes from N5 icmp_seq=220 ttl=49 time=120.81 ms	(same route)
116 bytes from N5 icmp_seq=221 ttl=49 time=987.60 ms	(same route)
116 bytes from N5 icmp_seq=222 ttl=49 time=86.48 ms	(same route)
Reply from host N5 timed out
116 bytes from N5 icmp_seq=224 ttl=49 time=18.90 ms	(same route)
116 bytes from N5 icmp_seq=225 ttl=49 time=565.95 ms	(same route)
116 bytes from N5 icmp_seq=226 ttl=49 time=6.51 ms	(same route)
116 bytes from N5 icmp_seq=227 ttl=49 time=48.23 ms	(same route)
116 bytes from N5 icmp_seq=228 ttl=49 time=2.33 ms	(same route)
116 bytes from N5 icmp_seq=229 ttl=49 time=7.45 ms	(same route)
116 bytes from N5 icmp_seq=230 ttl=49 time=6.67 ms	(same route)
116 bytes from N5 icmp_seq=231 ttl=49 time=2.97 ms	(same route)
116 bytes from N5 icmp_seq=232 ttl=49 time=2.93 ms	(same route)
116 bytes from N5 icmp_seq=233 ttl=49 time=7.04 ms	(same route)
116 bytes from N5 icmp_seq=234 ttl=49 time=3.39 ms	(same route)
116 bytes from N5 icmp_seq=235 ttl=49 time=7.58 ms	(same route)
116 bytes from N5 icmp_seq=236 ttl=49 time=3.47 ms	(same route)
116 bytes from N5 icmp_seq=237 ttl=49 time=2.29 ms	(same route)
116 bytes from N5 icmp_seq=238 ttl=49 time=2.72 ms	(same route)
116 bytes from N5 icmp_seq=239 ttl=49 time=7.55 ms	(same route)
116 bytes from N5 icmp_seq=240 ttl=49 time=3.11 ms	(same route)
116 bytes from N5 icmp_seq=241 ttl=49 time=13.28 ms	(same route)
116 bytes from N5 icmp_seq=242 ttl=49 time=13.32 ms	(same route)
116 bytes from N5 icmp_seq=243 ttl=49 time=48.19 ms	(same route)
116 bytes from N5 icmp_seq=244 ttl=49 time=21.97 ms	(same route)
116 bytes from N5 icmp_seq=245 ttl=49 time=2.39 ms	(same route)
116 bytes from N5 icmp_seq=246 ttl=49 time=8.91 ms	(same route)
116 bytes from N5 icmp_seq=247 ttl=49 time=27.40 ms	(same route)
116 bytes from N5 icmp_seq=248 ttl=49 time=5.99 ms	(same route)
116 bytes from N5 icmp_seq=249 ttl=49 time=51.38 ms	(same route)
116 bytes from N5 icmp_seq=250 ttl=49 time=5.67 ms	(same route)
116 bytes from N5 icmp_seq=251 ttl=49 time=2.96 ms	(same route)
116 bytes from N5 icmp_seq=252 ttl=49 time=3.37 ms	(same route)
116 bytes from N5 icmp_seq=253 ttl=49 time=5.66 ms	(same route)
116 bytes from N5 icmp_seq=254 ttl=49 time=5.88 ms	(same route)
116 bytes from N5 icmp_seq=255 ttl=49 time=3.64 ms	(same route)
116 bytes from N5 icmp_seq=256 ttl=49 time=2.19 ms	(same route)
116 bytes from N5 icmp_seq=257 ttl=49 time=18.65 ms	(same route)
116 bytes from N5 icmp_seq=258 ttl=49 time=15.85 ms	(same route)
116 bytes from N5 icmp_seq=259 ttl=49 time=8.10 ms	(same route)
116 bytes from N5 icmp_seq=260 ttl=49 time=34.74 ms	(same route)
116 bytes from N5 icmp_seq=261 ttl=49 time=74.24 ms	(same route)
116 bytes from N5 icmp_seq=262 ttl=49 time=2.30 ms	(same route)
116 bytes from N5 icmp_seq=263 ttl=49 time=2.18 ms	(same route)
116 bytes from N5 icmp_seq=264 ttl=49 time=11.79 ms	(same route)
116 bytes from N5 icmp_seq=265 ttl=49 time=9.25 ms	(same route)
116 bytes from N5 icmp_seq=266 ttl=49 time=2.98 ms	(same route)
116 bytes from N5 icmp_seq=267 ttl=49 time=7.91 ms	(same route)
116 bytes from N5 icmp_seq=268 ttl=49 time=5.86 ms	(same route)
116 bytes from N5 icmp_seq=269 ttl=49 time=8.55 ms	(same route)
116 bytes from N5 icmp_seq=270 ttl=49 time=53.96 ms	(same route)
116 bytes from N5 icmp_seq=271 ttl=49 time=3.33 ms	(same route)
116 bytes from N5 icmp_seq=272 ttl=49 time=6.81 ms	(same route)
116 bytes from N5 icmp_seq=273 ttl=49 time=39.29 ms	(same route)
116 bytes from N5 icmp_seq=274 ttl=49 time=6.10 ms	(same route)
116 bytes from N5 icmp_seq=275 ttl=49 time=14.94 ms	(same route)
116 bytes from N5 icmp_seq=276 ttl=49 time=82.23 ms	(same route)
116 bytes from N5 icmp_seq=277 ttl=49 time=2.79 ms	(same route)
116 bytes from N5 icmp_seq=278 ttl=49 time=2.51 ms	(same route)
116 bytes from N5 icmp_seq=279 ttl=49 time=3.40 ms	(same route)
116 bytes from N5 icmp_seq=280 ttl=49 time=2.19 ms	(same route)
116 bytes from N5 icmp_seq=281 ttl=49 time=4.62 ms	(same route)
116 bytes from N5 icmp_seq=282 ttl=49 time=3.68 ms	(same route)
116 bytes from N5 icmp_seq=283 ttl=49 time=2.44 ms	(same route)
116 bytes from N5 icmp_seq=284 ttl=49 time=1.85 ms	(same route)
116 bytes from N5 icmp_seq=285 ttl=49 time=5.84 ms	(same route)
116 bytes from N5 icmp_seq=286 ttl=49 time=2.33 ms	(same route)
116 bytes from N5 icmp_seq=287 ttl=49 time=15.43 ms	(same route)
116 bytes from N5 icmp_seq=288 ttl=49 time=7.68 ms	(same route)
116 bytes from N5 icmp_seq=289 ttl=49 time=15.33 ms	(same route)
116 bytes from N5 icmp_seq=290 ttl=49 time=46.32 ms	(same route)
116 bytes from N5 icmp_seq=291 ttl=49 time=3.00 ms	(same route)
116 bytes from N5 icmp_seq=292 ttl=49 time=3.48 ms	(same route)
116 bytes from N5 icmp_seq=293 ttl=49 time=429.79 ms	(same route)
116 bytes from N5 icmp_seq=294 ttl=49 time=2.79 ms	(same route)
116 bytes from N5 icmp_seq=295 ttl=49 time=11.01 ms	(same route)
116 bytes from N5 icmp_seq=296 ttl=49 time=2.80 ms	(same route)
116 bytes from N5 icmp_seq=297 ttl=49 time=8.45 ms	(same route)
116 bytes from N5 icmp_seq=298 ttl=49 time=9.32 ms	(same route)
116 bytes from N5 icmp_seq=299 ttl=49 time=151.86 ms	(same route)
116 bytes from N5 icmp_seq=300 ttl=49 time=44.22 ms	(same route)
--- N5 ping statistics ---
332 packets transmitted, 266 received, 19% packet loss
rtt min/avg/max/mdev = 0.014/131.964/987.597/254.688 ms
