1 1 N3 N5 0 0.450 0
1 2 N3 N1 207 0.450 0
1 3 N3 N3 215 0.450 1
1 4 N5 N3 0 0.470 0
1 5 N5 N5 230 0.470 1
1 6 N1 N3 0 0.060 0
1 7 N1 N1 255 0.060 1
1 8 N4 N3 185 1.010 1
2 1 N3 N5 0 0.080 0
2 2 N3 N1 208 0.080 0
2 3 N3 N3 217 0.080 1
2 4 N5 N3 0 0.000 0
2 5 N5 N5 230 0.000 1
2 6 N1 N3 0 0.180 0
2 7 N1 N1 254 0.180 1
2 8 N4 N3 187 0.070 1
3 1 N3 N5 0 0.100 0
3 2 N3 N1 207 0.100 0
3 3 N3 N3 218 0.100 1
3 4 N5 N3 0 0.040 0
3 5 N5 N5 230 0.040 1
3 6 N1 N3 0 0.240 0
3 7 N1 N1 254 0.240 1
3 8 N4 N3 189 0.120 1
4 1 N3 N5 0 0.280 0
4 2 N3 N1 206 0.280 0
4 3 N3 N3 219 0.280 1
4 4 N5 N3 0 0.090 0
4 5 N5 N5 229 0.090 1
4 6 N1 N3 0 0.800 0
4 7 N1 N1 253 0.800 1
4 8 N4 N3 191 0.150 1
5 1 N3 N5 0 0.200 0
5 2 N3 N1 202 0.200 0
5 3 N3 N3 219 0.200 1
5 4 N5 N3 0 0.140 0
5 5 N5 N5 229 0.140 1
5 6 N1 N3 0 0.340 0
5 7 N1 N1 252 0.340 1
5 8 N4 N3 191 0.710 1
6 1 N3 N5 0 0.260 0
6 2 N3 N1 198 0.260 0
6 3 N3 N3 219 0.260 1
6 4 N5 N3 0 0.200 0
6 5 N5 N5 228 0.200 1
6 6 N1 N3 0 0.370 0
6 7 N1 N1 251 0.370 1
6 8 N4 N3 191 1.780 1
7 1 N3 N5 0 0.270 0
7 2 N3 N1 193 0.270 0
7 3 N3 N3 218 0.270 1
7 4 N5 N3 0 0.240 0
7 5 N5 N5 228 0.240 1
7 6 N1 N3 0 0.400 0
7 7 N1 N1 251 0.400 1
7 8 N4 N3 190 0.260 1
8 1 N3 N5 0 0.340 0
8 2 N3 N1 192 0.340 0
8 3 N3 N3 216 0.340 1
8 4 N5 N3 0 0.830 0
8 5 N5 N5 228 0.830 1
8 6 N1 N3 0 0.440 0
8 7 N1 N1 250 0.440 1
8 8 N4 N3 190 0.340 1
9 1 N3 N5 0 1.020 0
9 2 N3 N1 191 1.020 0
9 3 N3 N3 215 1.020 1
9 4 N5 N3 0 0.340 0
9 5 N5 N5 228 0.340 1
9 6 N1 N3 0 0.470 0
9 7 N1 N1 249 0.470 1
9 8 N4 N3 190 1.410 1
10 1 N3 N5 0 0.420 0
10 2 N3 N1 190 0.420 0
10 3 N3 N3 215 0.420 1
10 4 N5 N3 0 0.380 0
10 5 N5 N5 228 0.380 1
10 6 N1 N3 0 0.520 0
10 7 N1 N1 247 0.520 1
10 8 N4 N3 191 0.400 1
11 1 N3 N5 0 0.080 0
11 2 N3 N1 190 0.080 0
11 3 N3 N3 213 0.080 1
11 4 N5 N3 0 0.400 0
11 5 N5 N5 228 0.400 1
11 6 N1 N3 0 0.050 0
11 7 N1 N1 246 0.050 1
11 8 N4 N3 189 0.460 1
12 1 N3 N5 0 0.080 0
12 2 N3 N1 190 0.080 0
12 3 N3 N3 210 0.080 1
12 4 N5 N3 0 0.430 0
12 5 N5 N5 228 0.430 1
12 6 N1 N3 0 0.600 0
12 7 N1 N1 246 0.600 1
12 8 N4 N3 189 0.480 1
13 1 N3 N5 0 0.020 0
13 2 N3 N1 190 0.020 0
13 3 N3 N3 210 0.020 1
13 4 N5 N3 0 0.460 0
13 5 N5 N5 228 0.460 1
13 6 N1 N3 0 0.100 0
13 7 N1 N1 245 0.100 1
13 8 N4 N3 186 0.530 1
14 1 N3 N5 0 0.050 0
14 2 N3 N1 190 0.050 0
14 3 N3 N3 210 0.050 1
14 4 N5 N3 0 0.500 0
14 5 N5 N5 228 0.500 1
14 6 N1 N3 0 0.140 0
14 7 N1 N1 245 0.140 1
14 8 N4 N3 185 0.050 1
15 1 N3 N5 0 0.090 0
15 2 N3 N1 189 0.090 0
15 3 N3 N3 211 0.090 1
15 4 N5 N3 0 0.030 0
15 5 N5 N5 227 0.030 1
15 6 N1 N3 0 0.700 0
15 7 N1 N1 245 0.700 1
15 8 N4 N3 185 0.630 1
16 1 N3 N5 0 0.140 0
16 2 N3 N1 188 0.140 0
16 3 N3 N3 214 0.140 1
16 4 N5 N3 0 0.090 0
16 5 N5 N5 227 0.090 1
16 6 N1 N3 0 0.290 0
16 7 N1 N1 244 0.290 1
16 8 N4 N3 186 0.190 1
17 1 N3 N5 0 0.060 0
17 2 N3 N1 187 0.060 0
17 3 N3 N3 217 0.060 1
17 4 N5 N3 0 0.180 0
17 5 N5 N5 226 0.180 1
17 6 N1 N3 0 0.070 0
17 7 N1 N1 244 0.070 1
17 8 N4 N3 187 0.210 1
18 1 N3 N5 0 0.390 0
18 2 N3 N1 183 0.390 0
18 3 N3 N3 220 0.390 1
18 4 N5 N3 0 0.230 0
18 5 N5 N5 226 0.230 1
18 6 N1 N3 0 0.480 0
18 7 N1 N1 243 0.480 1
18 8 N4 N3 189 0.250 1
19 1 N3 N5 0 0.400 0
19 2 N3 N1 183 0.400 0
19 3 N3 N3 221 0.400 1
19 4 N5 N3 0 0.270 0
19 5 N5 N5 225 0.270 1
19 6 N1 N3 0 0.390 0
19 7 N1 N1 243 0.390 1
19 8 N4 N3 191 0.310 1
20 1 N3 N5 0 0.000 0
20 2 N3 N1 182 0.000 0
20 3 N3 N3 224 0.000 1
20 4 N5 N3 0 0.330 0
20 5 N5 N5 225 0.330 1
20 6 N1 N3 0 0.000 0
20 7 N1 N1 243 0.000 1
20 8 N4 N3 192 0.330 1
21 1 N3 N5 0 0.520 0
21 2 N3 N1 179 0.520 0
21 3 N3 N3 227 0.520 1
21 4 N5 N3 0 0.400 0
21 5 N5 N5 225 0.400 1
21 6 N1 N3 0 0.440 0
21 7 N1 N1 242 0.440 1
21 8 N4 N3 193 0.880 1
22 1 N3 N5 0 0.060 0
22 2 N3 N1 179 0.060 0
22 3 N3 N3 228 0.060 1
22 4 N5 N3 0 0.450 0
22 5 N5 N5 225 0.450 1
22 6 N1 N3 0 0.450 0
22 7 N1 N1 240 0.450 1
22 8 N4 N3 193 1.950 1
23 1 N3 N5 0 0.010 0
23 2 N3 N1 169 0.010 0
23 3 N3 N3 230 0.010 1
23 4 N5 N3 0 0.500 0
23 5 N5 N5 226 0.500 1
23 6 N1 N3 0 0.480 0
23 7 N1 N1 238 0.480 1
23 8 N4 N3 194 0.430 1
24 1 N3 N5 0 0.180 0
24 2 N3 N1 163 0.180 0
24 3 N3 N3 230 0.180 1
24 4 N5 N3 0 0.520 0
24 5 N5 N5 226 0.520 1
24 6 N1 N3 0 0.510 0
24 7 N1 N1 237 0.510 1
24 8 N4 N3 197 0.450 1
25 1 N3 N5 0 0.100 0
25 2 N3 N1 160 0.100 0
25 3 N3 N3 230 0.100 1
25 4 N5 N3 0 0.060 0
25 5 N5 N5 227 0.060 1
25 6 N1 N3 0 0.070 0
25 7 N1 N1 236 0.070 1
25 8 N4 N3 197 0.520 1
26 1 N3 N5 0 0.260 0
26 2 N3 N1 160 0.260 0
26 3 N3 N3 229 0.260 1
26 4 N5 N3 0 0.080 0
26 5 N5 N5 228 0.080 1
26 6 N1 N3 0 0.110 0
26 7 N1 N1 236 0.110 1
26 8 N4 N3 194 0.040 1
27 1 N3 N5 0 0.310 0
27 2 N3 N1 158 0.310 0
27 3 N3 N3 227 0.310 1
27 4 N5 N3 0 0.150 0
27 5 N5 N5 229 0.150 1
27 6 N1 N3 0 0.660 0
27 7 N1 N1 235 0.660 1
27 8 N4 N3 191 0.090 1
28 1 N3 N5 0 0.150 0
28 2 N3 N1 155 0.150 0
28 3 N3 N3 225 0.150 1
28 4 N5 N3 0 0.200 0
28 5 N5 N5 230 0.200 1
28 6 N1 N3 0 0.150 0
28 7 N1 N1 235 0.150 1
28 8 N4 N3 188 0.120 1
29 1 N3 N5 0 0.360 0
29 2 N3 N1 150 0.360 0
29 3 N3 N3 221 0.360 1
29 4 N5 N3 0 0.270 0
29 5 N5 N5 231 0.270 1
29 6 N1 N3 0 0.230 0
29 7 N1 N1 235 0.230 1
29 8 N4 N3 186 0.690 1
30 1 N3 N5 0 0.390 0
30 2 N3 N1 150 0.390 0
30 3 N3 N3 219 0.390 1
30 4 N5 N3 0 0.820 0
30 5 N5 N5 231 0.820 1
30 6 N1 N3 0 0.770 0
30 7 N1 N1 236 0.770 1
30 8 N4 N3 186 1.760 1
31 1 N3 N5 0 0.790 0
31 2 N3 N1 146 0.790 0
31 3 N3 N3 219 0.790 1
31 4 N5 N3 0 0.880 0
31 5 N5 N5 231 0.880 1
31 6 N1 N3 0 0.310 0
31 7 N1 N1 235 0.310 1
31 8 N4 N3 186 2.840 1
32 1 N3 N5 0 0.500 0
32 2 N3 N1 146 0.500 0
32 3 N3 N3 217 0.500 1
32 4 N5 N3 0 0.450 0
32 5 N5 N5 230 0.450 1
32 6 N1 N3 0 0.140 0
32 7 N1 N1 234 0.140 1
32 8 N4 N3 186 3.910 1
33 1 N3 N5 0 0.300 0
33 2 N3 N1 145 0.300 0
33 3 N3 N3 216 0.300 1
33 4 N5 N3 0 0.490 0
33 5 N5 N5 227 0.490 1
33 6 N1 N3 0 0.290 0
33 7 N1 N1 234 0.290 1
33 8 N4 N3 186 4.980 1
34 1 N3 N5 0 0.070 0
34 2 N3 N1 144 0.070 0
34 3 N3 N3 209 0.070 1
34 4 N5 N3 0 0.020 0
34 5 N5 N5 222 0.020 1
34 6 N1 N3 0 0.140 0
34 7 N1 N1 232 0.140 1
34 8 N4 N3 186 6.050 1
35 1 N3 N5 0 1.140 0
35 2 N3 N1 144 1.140 0
35 3 N3 N3 209 1.140 1
35 4 N5 N3 0 0.080 0
35 5 N5 N5 217 0.080 1
35 6 N1 N3 0 0.340 0
35 7 N1 N1 231 0.340 1
35 8 N4 N3 186 7.120 1
36 1 N3 N5 0 0.690 0
36 2 N3 N1 143 0.690 0
36 3 N3 N3 207 0.690 1
36 4 N5 N3 0 0.120 0
36 5 N5 N5 212 0.120 1
36 6 N1 N3 0 0.850 0
36 7 N1 N1 230 0.850 1
36 8 N4 N3 183 0.440 1
37 1 N3 N5 0 0.130 0
37 2 N3 N1 141 0.130 0
37 3 N3 N3 202 0.130 1
37 4 N5 N3 0 0.660 0
37 5 N5 N5 209 0.660 1
37 6 N1 N3 0 0.130 0
37 7 N1 N1 229 0.130 1
37 8 N4 N3 180 0.470 1
38 1 N3 N5 0 1.200 0
38 2 N3 N1 141 1.200 0
38 3 N3 N3 202 1.200 1
38 4 N5 N3 0 0.210 0
38 5 N5 N5 202 0.210 1
38 6 N1 N3 0 1.200 0
38 7 N1 N1 229 1.200 1
38 8 N4 N3 177 0.520 1
39 1 N3 N5 0 0.490 0
39 2 N3 N1 136 0.490 0
39 3 N3 N3 201 0.490 1
39 4 N5 N3 0 0.250 0
39 5 N5 N5 196 0.250 1
39 6 N1 N3 0 0.490 0
39 7 N1 N1 226 0.490 1
39 8 N4 N3 172 0.550 1
40 1 N3 N5 0 0.450 0
40 2 N3 N1 130 0.450 0
40 3 N3 N3 199 0.450 1
40 4 N5 N3 0 0.250 0
40 5 N5 N5 191 0.250 1
40 6 N1 N3 0 0.450 0
40 7 N1 N1 225 0.450 1
40 8 N4 N3 167 0.590 1
41 1 N3 N5 0 1.520 0
41 2 N3 N1 130 1.520 0
41 3 N3 N3 199 1.520 1
41 4 N5 N3 0 0.290 0
41 5 N5 N5 186 0.290 1
41 6 N1 N3 0 0.320 0
41 7 N1 N1 224 0.320 1
41 8 N4 N3 162 0.630 1
42 1 N3 N5 0 0.950 0
42 2 N3 N1 126 0.950 0
42 3 N3 N3 197 0.950 1
42 4 N5 N3 0 0.330 0
42 5 N5 N5 182 0.330 1
42 6 N1 N3 0 1.380 0
42 7 N1 N1 224 1.380 1
42 8 N4 N3 162 1.690 1
43 1 N3 N5 0 0.020 0
43 2 N3 N1 120 0.020 0
43 3 N3 N3 192 0.020 1
43 4 N5 N3 0 0.390 0
43 5 N5 N5 178 0.390 1
43 6 N1 N3 0 0.910 0
43 7 N1 N1 223 0.910 1
43 8 N4 N3 162 2.770 1
44 1 N3 N5 0 0.040 0
44 2 N3 N1 120 0.040 0
44 3 N3 N3 189 0.040 1
44 4 N5 N3 0 0.430 0
44 5 N5 N5 175 0.430 1
44 6 N1 N3 0 0.980 0
44 7 N1 N1 223 0.980 1
44 8 N4 N3 162 3.840 1
45 1 N3 N5 0 0.080 0
45 2 N3 N1 115 0.080 0
45 3 N3 N3 186 0.080 1
45 4 N5 N3 0 0.490 0
45 5 N5 N5 173 0.490 1
45 6 N1 N3 0 0.000 0
45 7 N1 N1 224 0.000 1
45 8 N4 N3 158 0.820 1
46 1 N3 N5 0 0.130 0
46 2 N3 N1 110 0.130 0
46 3 N3 N3 183 0.130 1
46 4 N5 N3 0 0.540 0
46 5 N5 N5 171 0.540 1
46 6 N1 N3 0 1.090 0
46 7 N1 N1 224 1.090 1
46 8 N4 N3 158 1.910 1
47 1 N3 N5 0 0.710 0
47 2 N3 N1 110 0.710 0
47 3 N3 N3 179 0.710 1
47 4 N5 N3 0 0.050 0
47 5 N5 N5 168 0.050 1
47 6 N1 N3 0 0.850 0
47 7 N1 N1 224 0.850 1
47 8 N4 N3 158 2.990 1
48 1 N3 N5 0 1.810 0
48 2 N3 N1 110 1.810 0
48 3 N3 N3 179 1.810 1
48 4 N5 N3 0 0.100 0
48 5 N5 N5 164 0.100 1
48 6 N1 N3 0 0.950 0
48 7 N1 N1 224 0.950 1
48 8 N4 N3 158 4.090 1
49 1 N3 N5 0 0.320 0
49 2 N3 N1 110 0.320 0
49 3 N3 N3 176 0.320 1
49 4 N5 N3 0 0.170 0
49 5 N5 N5 160 0.170 1
49 6 N1 N3 0 0.110 0
49 7 N1 N1 223 0.110 1
49 8 N4 N3 151 0.540 1
50 1 N3 N5 0 1.400 0
50 2 N3 N1 110 1.400 0
50 3 N3 N3 176 1.400 1
50 4 N5 N3 0 0.210 0
50 5 N5 N5 156 0.210 1
50 6 N1 N3 0 1.190 0
50 7 N1 N1 223 1.190 1
50 8 N4 N3 151 1.620 1
51 1 N3 N5 0 2.460 0
51 2 N3 N1 110 2.460 0
51 3 N3 N3 176 2.460 1
51 4 N5 N3 0 0.250 0
51 5 N5 N5 150 0.250 1
51 6 N1 N3 0 2.250 0
51 7 N1 N1 223 2.250 1
51 8 N4 N3 151 2.680 1
52 1 N3 N5 0 0.450 0
52 2 N3 N1 110 0.450 0
52 3 N3 N3 169 0.450 1
52 4 N5 N3 0 0.290 0
52 5 N5 N5 144 0.290 1
52 6 N1 N3 0 1.030 0
52 7 N1 N1 219 1.030 1
52 8 N4 N3 151 3.750 1
53 1 N3 N5 0 0.210 0
53 2 N3 N1 102 0.210 0
53 3 N3 N3 169 0.210 1
53 4 N5 N3 0 0.330 0
53 5 N5 N5 138 0.330 1
53 6 N1 N3 0 0.190 0
53 7 N1 N1 216 0.190 1
53 8 N4 N3 151 4.820 1
54 1 N3 N5 0 0.540 0
54 2 N3 N1 102 0.540 0
54 3 N3 N3 164 0.540 1
54 4 N5 N3 0 0.370 0
54 5 N5 N5 132 0.370 1
54 6 N1 N3 0 0.480 0
54 7 N1 N1 214 0.480 1
54 8 N4 N3 143 0.750 1
55 1 N3 N5 0 0.560 0
55 2 N3 N1 99 0.560 0
55 3 N3 N3 159 0.560 1
55 4 N5 N3 0 0.380 0
55 5 N5 N5 126 0.380 1
55 6 N1 N3 0 0.370 0
55 7 N1 N1 213 0.370 1
55 8 N4 N3 136 0.760 1
56 1 N3 N5 0 0.110 0
56 2 N3 N1 99 0.110 0
56 3 N3 N3 150 0.110 1
56 4 N5 N3 0 0.390 0
56 5 N5 N5 121 0.390 1
56 6 N1 N3 0 0.450 0
56 7 N1 N1 212 0.450 1
56 8 N4 N3 136 1.830 1
57 1 N3 N5 0 0.680 0
57 2 N3 N1 89 0.680 0
57 3 N3 N3 150 0.680 1
57 4 N5 N3 0 0.430 0
57 5 N5 N5 117 0.430 1
57 6 N1 N3 0 0.690 0
57 7 N1 N1 210 0.690 1
57 8 N4 N3 128 0.820 1
58 1 N3 N5 0 1.750 0
58 2 N3 N1 89 1.750 0
58 3 N3 N3 150 1.750 1
58 4 N5 N3 0 0.500 0
58 5 N5 N5 112 0.500 1
58 6 N1 N3 0 0.710 0
58 7 N1 N1 208 0.710 1
58 8 N4 N3 120 0.860 1
59 1 N3 N5 0 0.410 0
59 2 N3 N1 89 0.410 0
59 3 N3 N3 143 0.410 1
59 4 N5 N3 0 0.110 0
59 5 N5 N5 105 0.110 1
59 6 N1 N3 23 0.060 0
59 7 N1 N1 206 0.060 1
59 8 N4 N3 120 2.010 1
60 1 N3 N5 0 0.580 0
60 2 N3 N1 82 0.580 0
60 3 N3 N3 143 0.580 1
60 4 N5 N3 0 0.150 0
60 5 N5 N5 101 0.150 1
60 6 N1 N3 23 1.140 0
60 7 N1 N1 206 1.140 1
60 8 N4 N3 120 3.090 1
61 1 N3 N5 0 0.390 0
61 2 N3 N1 72 0.390 0
61 3 N3 N3 135 0.390 1
61 4 N5 N3 0 0.190 0
61 5 N5 N5 97 0.190 1
61 6 N1 N3 22 0.310 0
61 7 N1 N1 204 0.310 1
61 8 N4 N3 111 0.790 1
62 1 N3 N5 0 0.370 0
62 2 N3 N1 61 0.370 0
62 3 N3 N3 125 0.370 1
62 4 N5 N3 0 0.220 0
62 5 N5 N5 95 0.220 1
62 6 N1 N3 22 1.380 0
62 7 N1 N1 204 1.380 1
62 8 N4 N3 111 1.860 1
63 1 N3 N5 0 0.430 0
63 2 N3 N1 61 0.430 0
63 3 N3 N3 125 0.430 1
63 4 N5 N3 0 0.240 0
63 5 N5 N5 93 0.240 1
63 6 N1 N3 22 0.410 0
63 7 N1 N1 203 0.410 1
63 8 N4 N3 111 2.920 1
64 1 N3 N5 0 1.510 0
64 2 N3 N1 61 1.510 0
64 3 N3 N3 125 1.510 1
64 4 N5 N3 0 0.280 0
64 5 N5 N5 91 0.280 1
64 6 N1 N3 22 0.020 0
64 7 N1 N1 203 0.020 1
64 8 N4 N3 111 4.000 1
65 1 N3 N5 0 0.830 0
65 2 N3 N1 61 0.830 0
65 3 N3 N3 113 0.830 1
65 4 N5 N3 0 0.390 0
65 5 N5 N5 91 0.390 1
65 6 N1 N3 22 0.840 0
65 7 N1 N1 203 0.840 1
65 8 N4 N3 111 5.110 1
66 1 N3 N5 0 1.900 0
66 2 N3 N1 61 1.900 0
66 3 N3 N3 113 1.900 1
66 4 N5 N3 0 0.340 0
66 5 N5 N5 93 0.340 1
66 6 N1 N3 22 1.910 0
66 7 N1 N1 203 1.910 1
66 8 N4 N3 111 6.180 1
67 1 N3 N5 0 0.120 0
67 2 N3 N1 59 0.120 0
67 3 N3 N3 109 0.120 1
67 4 N5 N3 0 0.470 0
67 5 N5 N5 95 0.470 1
67 6 N1 N3 22 0.030 0
67 7 N1 N1 203 0.030 1
67 8 N4 N3 103 0.130 1
68 1 N3 N5 0 0.580 0
68 2 N3 N1 62 0.580 0
68 3 N3 N3 108 0.580 1
68 4 N5 N3 0 0.490 0
68 5 N5 N5 98 0.490 1
68 6 N1 N3 22 0.690 0
68 7 N1 N1 205 0.690 1
68 8 N4 N3 103 1.200 1
69 1 N3 N5 0 0.780 0
69 2 N3 N1 62 0.780 0
69 3 N3 N3 107 0.780 1
69 4 N5 N3 0 0.520 0
69 5 N5 N5 101 0.520 1
69 6 N1 N3 22 1.760 0
69 7 N1 N1 205 1.760 1
69 8 N4 N3 103 2.270 1
70 1 N3 N5 0 0.020 0
70 2 N3 N1 62 0.020 0
70 3 N3 N3 105 0.020 1
70 4 N5 N3 0 0.050 0
70 5 N5 N5 104 0.050 1
70 6 N1 N3 21 0.010 0
70 7 N1 N1 208 0.010 1
70 8 N4 N3 103 3.340 1
71 1 N3 N5 0 0.090 0
71 2 N3 N1 62 0.090 0
71 3 N3 N3 105 0.090 1
71 4 N5 N3 0 0.140 0
71 5 N5 N5 106 0.140 1
71 6 N1 N3 21 0.100 0
71 7 N1 N1 210 0.100 1
71 8 N4 N3 96 0.100 1
72 1 N3 N5 0 0.650 0
72 2 N3 N1 62 0.650 0
72 3 N3 N3 105 0.650 1
72 4 N5 N3 0 0.200 0
72 5 N5 N5 107 0.200 1
72 6 N1 N3 0 0.630 0
72 7 N1 N1 213 0.630 1
72 8 N4 N3 96 1.170 1
73 1 N3 N5 0 0.550 0
73 2 N3 N1 62 0.550 0
73 3 N3 N3 105 0.550 1
73 4 N5 N3 0 0.240 0
73 5 N5 N5 109 0.240 1
73 6 N1 N3 0 0.970 0
73 7 N1 N1 214 0.970 1
73 8 N4 N3 96 2.240 1
74 1 N3 N5 0 1.630 0
74 2 N3 N1 62 1.630 0
74 3 N3 N3 105 1.630 1
74 4 N5 N3 0 0.290 0
74 5 N5 N5 110 0.290 1
74 6 N1 N3 0 0.350 0
74 7 N1 N1 214 0.350 1
74 8 N4 N3 90 0.680 1
75 1 N3 N5 0 0.700 0
75 2 N3 N1 62 0.700 0
75 3 N3 N3 105 0.700 1
75 4 N5 N3 0 0.330 0
75 5 N5 N5 110 0.330 1
75 6 N1 N3 0 0.600 0
75 7 N1 N1 213 0.600 1
75 8 N4 N3 85 0.680 1
76 1 N3 N5 0 0.640 0
76 2 N3 N1 62 0.640 0
76 3 N3 N3 106 0.640 1
76 4 N5 N3 0 0.370 0
76 5 N5 N5 108 0.370 1
76 6 N1 N3 0 0.850 0
76 7 N1 N1 213 0.850 1
76 8 N4 N3 81 0.640 1
77 1 N3 N5 0 0.700 0
77 2 N3 N1 61 0.700 0
77 3 N3 N3 106 0.700 1
77 4 N5 N3 0 0.450 0
77 5 N5 N5 107 0.450 1
77 6 N1 N3 0 0.150 0
77 7 N1 N1 211 0.150 1
77 8 N4 N3 78 0.730 1
78 1 N3 N5 0 1.770 0
78 2 N3 N1 61 1.770 0
78 3 N3 N3 106 1.770 1
78 4 N5 N3 0 0.010 0
78 5 N5 N5 105 0.010 1
78 6 N1 N3 0 0.180 0
78 7 N1 N1 211 0.180 1
78 8 N4 N3 78 1.800 1
79 1 N3 N5 0 0.450 0
79 2 N3 N1 56 0.450 0
79 3 N3 N3 106 0.450 1
79 4 N5 N3 0 0.050 0
79 5 N5 N5 105 0.050 1
79 6 N1 N3 0 0.450 0
79 7 N1 N1 211 0.450 1
79 8 N4 N3 74 0.450 1
80 1 N3 N5 0 1.520 0
80 2 N3 N1 56 1.520 0
80 3 N3 N3 106 1.520 1
80 4 N5 N3 0 0.580 0
80 5 N5 N5 105 0.580 1
80 6 N1 N3 0 0.240 0
80 7 N1 N1 213 0.240 1
80 8 N4 N3 74 1.520 1
81 1 N3 N5 0 2.590 0
81 2 N3 N1 56 2.590 0
81 3 N3 N3 106 2.590 1
81 4 N5 N3 0 0.110 0
81 5 N5 N5 105 0.110 1
81 6 N1 N3 0 0.640 0
81 7 N1 N1 214 0.640 1
81 8 N4 N3 74 2.590 1
82 1 N3 N5 0 0.610 0
82 2 N3 N1 56 0.610 0
82 3 N3 N3 106 0.610 1
82 4 N5 N3 0 0.660 0
82 5 N5 N5 105 0.660 1
82 6 N1 N3 0 0.910 0
82 7 N1 N1 215 0.910 1
82 8 N4 N3 71 0.620 1
83 1 N3 N5 0 0.360 0
83 2 N3 N1 0 0.360 0
83 3 N3 N3 105 0.360 1
83 4 N5 N3 0 0.170 0
83 5 N5 N5 107 0.170 1
83 6 N1 N3 0 0.370 0
83 7 N1 N1 217 0.370 1
83 8 N4 N3 68 0.810 1
84 1 N3 N5 0 0.420 0
84 2 N3 N1 0 0.420 0
84 3 N3 N3 104 0.420 1
84 4 N5 N3 0 0.140 0
84 5 N5 N5 108 0.140 1
84 6 N1 N3 0 0.820 0
84 7 N1 N1 219 0.820 1
84 8 N4 N3 64 0.450 1
85 1 N3 N5 0 1.490 0
85 2 N3 N1 0 1.490 0
85 3 N3 N3 104 1.490 1
85 4 N5 N3 0 0.290 0
85 5 N5 N5 109 0.290 1
85 6 N1 N3 0 0.830 0
85 7 N1 N1 220 0.830 1
85 8 N4 N3 64 1.520 1
86 1 N3 N5 0 0.070 0
86 2 N3 N1 0 0.070 0
86 3 N3 N3 101 0.070 1
86 4 N5 N3 0 0.310 0
86 5 N5 N5 110 0.310 1
86 6 N1 N3 24 0.070 0
86 7 N1 N1 221 0.070 1
86 8 N4 N3 62 0.030 1
87 1 N3 N5 0 0.620 0
87 2 N3 N1 0 0.620 0
87 3 N3 N3 101 0.620 1
87 4 N5 N3 0 0.340 0
87 5 N5 N5 110 0.340 1
87 6 N1 N3 24 0.510 0
87 7 N1 N1 221 0.510 1
87 8 N4 N3 62 1.100 1
88 1 N3 N5 0 0.130 0
88 2 N3 N1 0 0.130 0
88 3 N3 N3 97 0.130 1
88 4 N5 N3 0 0.390 0
88 5 N5 N5 111 0.390 1
88 6 N1 N3 24 0.040 0
88 7 N1 N1 223 0.040 1
88 8 N4 N3 61 0.210 1
89 1 N3 N5 0 0.490 0
89 2 N3 N1 0 0.490 0
89 3 N3 N3 96 0.490 1
89 4 N5 N3 0 0.440 0
89 5 N5 N5 112 0.440 1
89 6 N1 N3 24 0.120 0
89 7 N1 N1 224 0.120 1
89 8 N4 N3 61 1.290 1
90 1 N3 N5 0 1.570 0
90 2 N3 N1 0 1.570 0
90 3 N3 N3 96 1.570 1
90 4 N5 N3 0 0.480 0
90 5 N5 N5 113 0.480 1
90 6 N1 N3 24 0.160 0
90 7 N1 N1 225 0.160 1
90 8 N4 N3 61 2.370 1
91 1 N3 N5 0 0.840 0
91 2 N3 N1 0 0.840 0
91 3 N3 N3 91 0.840 1
91 4 N5 N3 0 0.510 0
91 5 N5 N5 113 0.510 1
91 6 N1 N3 24 0.190 0
91 7 N1 N1 226 0.190 1
91 8 N4 N3 61 0.850 1
92 1 N3 N5 0 0.380 0
92 2 N3 N1 0 0.380 0
92 3 N3 N3 89 0.380 1
92 4 N5 N3 0 0.060 0
92 5 N5 N5 113 0.060 1
92 6 N1 N3 24 0.240 0
92 7 N1 N1 227 0.240 1
92 8 N4 N3 61 1.930 1
93 1 N3 N5 0 1.440 0
93 2 N3 N1 0 1.440 0
93 3 N3 N3 89 1.440 1
93 4 N5 N3 0 0.080 0
93 5 N5 N5 113 0.080 1
93 6 N1 N3 26 0.270 0
93 7 N1 N1 228 0.270 1
93 8 N4 N3 61 2.990 1
94 1 N3 N5 0 0.510 0
94 2 N3 N1 39 0.510 0
94 3 N3 N3 86 0.510 1
94 4 N5 N3 0 0.660 0
94 5 N5 N5 113 0.660 1
94 6 N1 N3 0 0.550 0
94 7 N1 N1 228 0.550 1
94 8 N4 N3 60 0.670 1
95 1 N3 N5 0 1.020 0
95 2 N3 N1 39 1.020 0
95 3 N3 N3 84 1.020 1
95 4 N5 N3 0 0.190 0
95 5 N5 N5 114 0.190 1
95 6 N1 N3 0 0.740 0
95 7 N1 N1 228 0.740 1
95 8 N4 N3 60 0.900 1
96 1 N3 N5 0 0.030 0
96 2 N3 N1 40 0.030 0
96 3 N3 N3 79 0.030 1
96 4 N5 N3 0 1.260 0
96 5 N5 N5 114 1.260 1
96 6 N1 N3 0 0.600 0
96 7 N1 N1 229 0.600 1
96 8 N4 N3 60 0.950 1
97 1 N3 N5 0 0.100 0
97 2 N3 N1 41 0.100 0
97 3 N3 N3 78 0.100 1
97 4 N5 N3 0 0.310 0
97 5 N5 N5 114 0.310 1
97 6 N1 N3 22 0.480 0
97 7 N1 N1 229 0.480 1
97 8 N4 N3 60 2.020 1
98 1 N3 N5 0 0.000 0
98 2 N3 N1 44 0.000 0
98 3 N3 N3 78 0.000 1
98 4 N5 N3 0 0.340 0
98 5 N5 N5 113 0.340 1
98 6 N1 N3 22 0.020 0
98 7 N1 N1 229 0.020 1
98 8 N4 N3 59 0.060 1
99 1 N3 N5 0 0.160 0
99 2 N3 N1 46 0.160 0
99 3 N3 N3 79 0.160 1
99 4 N5 N3 0 0.400 0
99 5 N5 N5 113 0.400 1
99 6 N1 N3 22 0.090 0
99 7 N1 N1 229 0.090 1
99 8 N4 N3 57 0.120 1
100 1 N3 N5 0 0.090 0
100 2 N3 N1 53 0.090 0
100 3 N3 N3 79 0.090 1
100 4 N5 N3 0 0.450 0
100 5 N5 N5 115 0.450 1
100 6 N1 N3 22 0.120 0
100 7 N1 N1 231 0.120 1
100 8 N4 N3 56 0.180 1
101 1 N3 N5 0 0.280 0
101 2 N3 N1 55 0.280 0
101 3 N3 N3 81 0.280 1
101 4 N5 N3 0 0.510 0
101 5 N5 N5 116 0.510 1
101 6 N1 N3 22 0.150 0
101 7 N1 N1 232 0.150 1
101 8 N4 N3 55 0.720 1
102 1 N3 N5 0 0.300 0
102 2 N3 N1 57 0.300 0
102 3 N3 N3 83 0.300 1
102 4 N5 N3 0 0.020 0
102 5 N5 N5 119 0.020 1
102 6 N1 N3 22 0.200 0
102 7 N1 N1 235 0.200 1
102 8 N4 N3 54 0.740 1
103 1 N3 N5 0 1.370 0
103 2 N3 N1 57 1.370 0
103 3 N3 N3 83 1.370 1
103 4 N5 N3 0 0.090 0
103 5 N5 N5 122 0.090 1
103 6 N1 N3 22 0.240 0
103 7 N1 N1 238 0.240 1
103 8 N4 N3 54 0.260 1
104 1 N3 N5 0 0.370 0
104 2 N3 N1 57 0.370 0
104 3 N3 N3 85 0.370 1
104 4 N5 N3 0 0.090 0
104 5 N5 N5 123 0.090 1
104 6 N1 N3 0 0.290 0
104 7 N1 N1 239 0.290 1
104 8 N4 N3 55 0.810 1
105 1 N3 N5 0 0.330 0
105 2 N3 N1 72 0.330 0
105 3 N3 N3 88 0.330 1
105 4 N5 N3 0 0.130 0
105 5 N5 N5 124 0.130 1
105 6 N1 N3 0 0.860 0
105 7 N1 N1 240 0.860 1
105 8 N4 N3 55 1.890 1
106 1 N3 N5 0 0.890 0
106 2 N3 N1 79 0.890 0
106 3 N3 N3 89 0.890 1
106 4 N5 N3 0 0.200 0
106 5 N5 N5 126 0.200 1
106 6 N1 N3 0 0.340 0
106 7 N1 N1 242 0.340 1
106 8 N4 N3 55 0.400 1
107 1 N3 N5 0 0.060 0
107 2 N3 N1 90 0.060 0
107 3 N3 N3 92 0.060 1
107 4 N5 N3 0 0.780 0
107 5 N5 N5 127 0.780 1
107 6 N1 N3 0 0.410 0
107 7 N1 N1 243 0.410 1
107 8 N4 N3 56 0.470 1
108 1 N3 N5 0 0.100 0
108 2 N3 N1 97 0.100 1
108 3 N3 N3 94 0.100 0
108 4 N5 N3 0 0.320 0
108 5 N5 N5 128 0.320 1
108 6 N1 N3 0 0.410 0
108 7 N1 N1 245 0.410 1
108 8 N4 N3 57 0.500 1
109 1 N3 N5 0 0.060 0
109 2 N3 N1 106 0.060 1
109 3 N3 N3 97 0.060 0
109 4 N5 N3 0 0.370 0
109 5 N5 N5 130 0.370 1
109 6 N1 N3 0 0.470 0
109 7 N1 N1 245 0.470 1
109 8 N4 N1 74 0.470 1
109 9 N4 N3 58 0.470 0
110 1 N3 N5 0 0.110 0
110 2 N3 N1 110 0.110 1
110 3 N3 N3 100 0.110 0
110 4 N5 N3 0 0.420 0
110 5 N5 N5 134 0.420 1
110 6 N1 N3 0 0.360 0
110 7 N1 N1 245 0.360 1
110 8 N4 N1 74 0.040 1
110 9 N4 N3 61 0.040 0
111 1 N3 N5 0 0.160 0
111 2 N3 N1 119 0.160 1
111 3 N3 N3 104 0.160 0
111 4 N5 N3 0 0.440 0
111 5 N5 N5 137 0.440 1
111 6 N1 N3 0 0.020 0
111 7 N1 N1 243 0.020 1
111 8 N4 N1 80 0.020 1
111 9 N4 N3 65 0.020 0
112 1 N3 N5 0 0.180 0
112 2 N3 N1 122 0.180 1
112 3 N3 N3 108 0.180 0
112 4 N5 N3 0 0.000 0
112 5 N5 N5 144 0.000 1
112 6 N1 N3 0 0.590 0
112 7 N1 N1 243 0.590 1
112 8 N4 N1 80 0.130 1
112 9 N4 N3 67 0.130 0
113 1 N3 N5 0 0.330 0
113 2 N3 N1 124 0.330 1
113 3 N3 N3 113 0.330 0
113 4 N5 N3 0 0.060 0
113 5 N5 N5 150 0.060 1
113 6 N1 N3 0 0.160 0
113 7 N1 N1 243 0.160 1
113 8 N4 N1 81 0.670 1
113 9 N4 N3 69 0.670 0
114 1 N3 N5 0 0.390 0
114 2 N3 N1 125 0.390 1
114 3 N3 N3 118 0.390 0
114 4 N5 N3 0 0.080 0
114 5 N5 N5 156 0.080 1
114 6 N1 N3 78 0.070 0
114 7 N1 N1 243 0.070 1
114 8 N4 N1 82 0.720 1
114 9 N4 N3 71 0.720 0
115 1 N3 N5 0 0.430 0
115 2 N3 N1 126 0.430 1
115 3 N3 N3 123 0.430 0
115 4 N5 N3 0 0.130 0
115 5 N5 N5 161 0.130 1
115 6 N1 N3 82 0.130 0
115 7 N1 N1 243 0.130 1
115 8 N4 N1 85 0.240 1
115 9 N4 N3 75 0.240 0
116 1 N3 N5 0 0.040 0
116 2 N3 N1 129 0.040 0
116 3 N3 N3 133 0.040 1
116 4 N5 N3 0 0.230 0
116 5 N5 N5 166 0.230 1
116 6 N1 N3 82 0.340 0
116 7 N1 N1 243 0.340 1
116 8 N4 N1 87 0.450 1
116 9 N4 N3 79 0.450 0
117 1 N3 N5 0 0.090 0
117 2 N3 N1 132 0.090 0
117 3 N3 N3 142 0.090 1
117 4 N5 N3 0 0.300 0
117 5 N5 N5 170 0.300 1
117 6 N1 N3 82 1.420 0
117 7 N1 N1 243 1.420 1
117 8 N4 N1 87 1.020 1
117 9 N4 N3 84 1.020 0
118 1 N3 N5 0 0.140 0
118 2 N3 N1 132 0.140 0
118 3 N3 N3 145 0.140 1
118 4 N5 N3 0 0.340 0
118 5 N5 N5 174 0.340 1
118 6 N1 N3 85 0.470 0
118 7 N1 N1 244 0.470 1
118 8 N4 N1 90 0.040 0
118 9 N4 N3 95 0.040 1
119 1 N3 N5 0 0.200 0
119 2 N3 N1 139 0.200 0
119 3 N3 N3 153 0.200 1
119 4 N5 N3 0 0.420 0
119 5 N5 N5 177 0.420 1
119 6 N1 N3 87 0.920 0
119 7 N1 N1 245 0.920 1
119 8 N4 N1 92 0.070 0
119 9 N4 N3 100 0.070 1
120 1 N3 N5 0 0.130 0
120 2 N3 N1 145 0.130 0
120 3 N3 N3 160 0.130 1
120 4 N5 N3 0 0.970 0
120 5 N5 N5 178 0.970 1
120 6 N1 N3 91 0.050 0
120 7 N1 N1 248 0.050 1
120 8 N4 N1 93 0.100 0
120 9 N4 N3 108 0.100 1
121 1 N3 N5 0 0.300 0
121 2 N3 N1 150 0.300 0
121 3 N3 N3 166 0.300 1
121 4 N5 N3 0 0.510 0
121 5 N5 N5 181 0.510 1
121 6 N1 N3 93 0.110 0
121 7 N1 N1 250 0.110 1
121 8 N4 N1 95 0.180 0
121 9 N4 N3 116 0.180 1
122 1 N3 N5 0 0.250 0
122 2 N3 N1 152 0.250 0
122 3 N3 N3 173 0.250 1
122 4 N5 N3 0 0.050 0
122 5 N5 N5 187 0.050 1
122 6 N1 N3 97 0.120 0
122 7 N1 N1 251 0.120 1
122 8 N4 N1 99 0.240 0
122 9 N4 N3 123 0.240 1
123 1 N3 N5 0 0.410 0
123 2 N3 N1 156 0.410 0
123 3 N3 N3 175 0.410 1
123 4 N5 N3 0 0.110 0
123 5 N5 N5 191 0.110 1
123 6 N1 N3 98 0.040 0
123 7 N1 N1 252 0.040 1
123 8 N4 N1 99 1.320 0
123 9 N4 N3 123 1.320 1
124 1 N3 N5 0 0.450 0
124 2 N3 N1 156 0.450 0
124 3 N3 N3 175 0.450 1
124 4 N5 N3 0 0.160 0
124 5 N5 N5 195 0.160 1
124 6 N1 N3 97 0.190 0
124 7 N1 N1 252 0.190 1
124 8 N4 N1 99 0.300 0
124 9 N4 N3 126 0.300 1
125 1 N3 N5 0 0.380 0
125 2 N3 N1 161 0.380 0
125 3 N3 N3 178 0.380 1
125 4 N5 N3 0 0.250 0
125 5 N5 N5 199 0.250 1
125 6 N1 N3 97 0.080 0
125 7 N1 N1 253 0.080 1
125 8 N4 N1 104 0.900 0
125 9 N4 N3 129 0.900 1
126 1 N3 N5 0 0.550 0
126 2 N3 N1 162 0.550 0
126 3 N3 N3 180 0.550 1
126 4 N5 N3 0 0.320 0
126 5 N5 N5 204 0.320 1
126 6 N1 N3 97 0.790 0
126 7 N1 N1 252 0.790 1
126 8 N4 N1 104 0.950 0
126 9 N4 N3 131 0.950 1
127 1 N3 N5 0 0.100 0
127 2 N3 N1 165 0.100 0
127 3 N3 N3 184 0.100 1
127 4 N5 N3 0 0.360 0
127 5 N5 N5 207 0.360 1
127 6 N1 N3 97 0.360 0
127 7 N1 N1 252 0.360 1
127 8 N4 N1 108 0.990 0
127 9 N4 N3 133 0.990 1
128 1 N3 N5 0 0.160 0
128 2 N3 N1 167 0.160 0
128 3 N3 N3 187 0.160 1
128 4 N5 N3 0 0.430 0
128 5 N5 N5 210 0.430 1
128 6 N1 N3 97 0.400 0
128 7 N1 N1 251 0.400 1
128 8 N4 N1 108 0.510 0
128 9 N4 N3 135 0.510 1
129 1 N3 N5 0 0.200 0
129 2 N3 N1 171 0.200 0
129 3 N3 N3 189 0.200 1
129 4 N5 N3 0 0.460 0
129 5 N5 N5 212 0.460 1
129 6 N1 N3 94 0.460 0
129 7 N1 N1 250 0.460 1
129 8 N4 N1 108 0.560 0
129 9 N4 N3 137 0.560 1
130 1 N3 N5 0 0.110 0
130 2 N3 N1 174 0.110 0
130 3 N3 N3 190 0.110 1
130 4 N5 N3 0 0.470 0
130 5 N5 N5 214 0.470 1
130 6 N1 N3 94 0.510 0
130 7 N1 N1 249 0.510 1
130 8 N4 N1 108 1.630 0
130 9 N4 N3 137 1.630 1
131 1 N3 N5 0 0.190 0
131 2 N3 N1 177 0.190 0
131 3 N3 N3 192 0.190 1
131 4 N5 N3 0 0.520 0
131 5 N5 N5 216 0.520 1
131 6 N1 N3 93 0.020 0
131 7 N1 N1 247 0.020 1
131 8 N4 N1 0 0.120 0
131 9 N4 N3 139 0.120 1
132 1 N3 N5 0 0.250 0
132 2 N3 N1 177 0.250 0
132 3 N3 N3 195 0.250 1
132 4 N5 N3 0 0.030 0
132 5 N5 N5 218 0.030 1
132 6 N1 N3 0 0.050 0
132 7 N1 N1 246 0.050 1
132 8 N4 N1 0 0.160 0
132 9 N4 N3 144 0.160 1
133 1 N3 N5 0 0.410 0
133 2 N3 N1 179 0.410 0
133 3 N3 N3 197 0.410 1
133 4 N5 N3 0 0.080 0
133 5 N5 N5 219 0.080 1
133 6 N1 N3 0 0.110 0
133 7 N1 N1 246 0.110 1
133 8 N4 N1 0 0.720 0
133 9 N4 N3 146 0.720 1
134 1 N3 N5 0 0.480 0
134 2 N3 N1 179 0.480 0
134 3 N3 N3 197 0.480 1
134 4 N5 N3 0 0.130 0
134 5 N5 N5 220 0.130 1
134 6 N1 N3 0 0.150 0
134 7 N1 N1 247 0.150 1
134 8 N4 N1 0 0.780 0
134 9 N4 N3 148 0.780 1
135 1 N3 N5 0 0.390 0
135 2 N3 N1 173 0.390 0
135 3 N3 N3 197 0.390 1
135 4 N5 N3 0 0.190 0
135 5 N5 N5 221 0.190 1
135 6 N1 N3 0 0.180 0
135 7 N1 N1 247 0.180 1
135 8 N4 N1 0 0.350 0
135 9 N4 N3 151 0.350 1
136 1 N3 N5 0 0.100 0
136 2 N3 N1 168 0.100 0
136 3 N3 N3 199 0.100 1
136 4 N5 N3 0 0.770 0
136 5 N5 N5 222 0.770 1
136 6 N1 N3 0 0.250 0
136 7 N1 N1 246 0.250 1
136 8 N4 N1 0 0.920 0
136 9 N4 N3 152 0.920 1
137 1 N3 N5 0 0.130 0
137 2 N3 N1 164 0.130 0
137 3 N3 N3 201 0.130 1
137 4 N5 N3 0 0.290 0
137 5 N5 N5 224 0.290 1
137 6 N1 N3 0 0.300 0
137 7 N1 N1 246 0.300 1
137 8 N4 N1 0 1.990 0
137 9 N4 N3 152 1.990 1
138 1 N3 N5 0 0.070 0
138 2 N3 N1 158 0.070 0
138 3 N3 N3 204 0.070 1
138 4 N5 N3 0 0.320 0
138 5 N5 N5 226 0.320 1
138 6 N1 N3 0 0.320 0
138 7 N1 N1 246 0.320 1
138 8 N4 N1 0 0.500 0
138 9 N4 N3 155 0.500 1
139 1 N3 N5 0 0.230 0
139 2 N3 N1 158 0.230 0
139 3 N3 N3 206 0.230 1
139 4 N5 N3 0 0.370 0
139 5 N5 N5 227 0.370 1
139 6 N1 N3 0 0.350 0
139 7 N1 N1 246 0.350 1
139 8 N4 N1 0 0.040 0
139 9 N4 N3 160 0.040 1
140 1 N3 N1 154 0.140 0
140 2 N3 N3 208 0.140 1
140 3 N5 N3 0 0.400 0
140 4 N5 N5 228 0.400 1
140 5 N1 N3 0 0.370 0
140 6 N1 N1 246 0.370 1
140 7 N4 N1 0 0.090 0
140 8 N4 N3 161 0.090 1
141 1 N3 N1 154 1.210 0
141 2 N3 N3 208 1.210 1
141 3 N5 N3 0 0.460 0
141 4 N5 N5 229 0.460 1
141 5 N1 N3 0 0.400 0
141 6 N1 N1 247 0.400 1
141 7 N4 N1 0 0.160 0
141 8 N4 N3 161 0.160 1
142 1 N3 N1 155 0.230 0
142 2 N3 N3 211 0.230 1
142 3 N5 N5 229 0.490 1
142 4 N1 N3 0 0.410 0
142 5 N1 N1 247 0.410 1
142 6 N4 N1 0 0.190 0
142 7 N4 N3 161 0.190 1
143 1 N3 N1 154 0.270 0
143 2 N3 N3 213 0.270 1
143 3 N5 N5 229 0.010 1
143 4 N1 N3 0 0.470 0
143 5 N1 N1 248 0.470 1
143 6 N4 N1 0 0.760 0
143 7 N4 N3 161 0.760 1
144 1 N3 N1 154 0.960 0
144 2 N3 N3 214 0.960 1
144 3 N5 N5 230 0.050 1
144 4 N1 N3 0 1.000 0
144 5 N1 N1 248 1.000 1
144 6 N4 N1 0 1.820 0
144 7 N4 N3 161 1.820 1
145 1 N3 N1 153 0.470 0
145 2 N3 N3 214 0.470 1
145 3 N5 N5 229 0.110 1
145 4 N1 N3 0 1.020 0
145 5 N1 N1 249 1.020 1
145 6 N4 N1 0 0.320 0
145 7 N4 N3 160 0.320 1
146 1 N3 N1 147 0.360 0
146 2 N3 N3 214 0.360 1
146 3 N5 N5 230 0.150 1
146 4 N1 N3 0 0.000 0
146 5 N1 N1 252 0.000 1
146 6 N4 N1 0 0.390 0
146 7 N4 N3 158 0.390 1
147 1 N3 N1 146 0.420 0
147 2 N3 N3 214 0.420 1
147 3 N5 N5 230 0.150 1
147 4 N1 N3 0 0.020 0
147 5 N1 N1 253 0.020 1
147 6 N4 N1 0 0.430 0
147 7 N4 N3 158 0.430 1
148 1 N3 N1 144 0.030 0
148 2 N3 N3 213 0.030 1
148 3 N5 N5 231 0.210 1
148 4 N1 N3 0 0.060 0
148 5 N1 N1 254 0.060 1
148 6 N4 N1 0 0.480 0
148 7 N4 N3 156 0.480 1
149 1 N3 N1 141 0.090 0
149 2 N3 N3 213 0.090 1
149 3 N5 N5 231 0.220 1
149 4 N1 N3 0 0.100 0
149 5 N1 N1 255 0.100 1
149 6 N4 N1 0 0.010 0
149 7 N4 N3 157 0.010 1
150 1 N3 N1 140 0.160 0
150 2 N3 N3 212 0.160 1
150 3 N5 N5 232 0.260 1
150 4 N1 N3 0 0.650 0
150 5 N1 N1 254 0.650 1
150 6 N4 N1 0 0.050 0
150 7 N4 N3 159 0.050 1
151 1 N3 N1 140 0.170 0
151 2 N3 N3 212 0.170 1
151 3 N5 N5 233 0.310 1
151 4 N1 N3 0 0.170 0
151 5 N1 N1 254 0.170 1
151 6 N4 N1 0 1.120 0
151 7 N4 N3 159 1.120 1
152 1 N3 N1 141 0.200 0
152 2 N3 N3 213 0.200 1
152 3 N5 N5 233 0.310 1
152 4 N1 N3 0 0.190 0
152 5 N1 N1 254 0.190 1
152 6 N4 N1 0 0.630 0
152 7 N4 N3 160 0.630 1
153 1 N3 N1 142 0.250 0
153 2 N3 N3 215 0.250 1
153 3 N5 N5 234 0.370 1
153 4 N1 N3 0 0.210 0
153 5 N1 N1 254 0.210 1
153 6 N4 N1 0 0.640 0
153 7 N4 N3 161 0.640 1
154 1 N3 N1 141 0.810 0
154 2 N3 N3 216 0.810 1
154 3 N5 N5 234 0.430 1
154 4 N1 N3 0 0.260 0
154 5 N1 N1 254 0.260 1
154 6 N4 N1 0 0.210 0
154 7 N4 N3 163 0.210 1
155 1 N3 N1 141 0.340 0
155 2 N3 N3 219 0.340 1
155 3 N5 N5 235 0.450 1
155 4 N1 N3 0 0.290 0
155 5 N1 N1 254 0.290 1
155 6 N4 N1 0 1.280 0
155 7 N4 N3 163 1.280 1
156 1 N3 N1 137 0.380 0
156 2 N3 N3 221 0.380 1
156 3 N5 N5 235 0.510 1
156 4 N1 N3 0 0.340 0
156 5 N1 N1 254 0.340 1
156 6 N4 N1 0 2.340 0
156 7 N4 N3 163 2.340 1
157 1 N3 N1 0 0.420 0
157 2 N3 N3 223 0.420 1
157 3 N5 N5 235 0.010 1
157 4 N1 N3 0 0.350 0
157 5 N1 N1 254 0.350 1
157 6 N4 N1 0 0.800 0
157 7 N4 N3 164 0.800 1
158 1 N3 N1 0 0.970 0
158 2 N3 N3 223 0.970 1
158 3 N5 N5 235 0.020 1
158 4 N1 N3 0 0.410 0
158 5 N1 N1 254 0.410 1
158 6 N4 N1 0 0.360 0
158 7 N4 N3 165 0.360 1
159 1 N3 N1 0 0.020 0
159 2 N3 N3 224 0.020 1
159 3 N5 N5 235 0.120 1
159 4 N1 N3 0 0.490 0
159 5 N1 N1 254 0.490 1
159 6 N4 N1 0 1.450 0
159 7 N4 N3 165 1.450 1
160 1 N3 N1 0 0.060 0
160 2 N3 N3 225 0.060 1
160 3 N5 N5 234 0.170 1
160 4 N1 N3 0 0.000 0
160 5 N1 N1 255 0.000 1
160 6 N4 N1 0 0.480 0
160 7 N4 N3 167 0.480 1
161 1 N3 N1 0 0.590 0
161 2 N3 N3 225 0.590 1
161 3 N5 N5 234 0.180 1
161 4 N1 N3 0 0.020 0
161 5 N1 N1 255 0.020 1
161 6 N4 N1 0 1.540 0
161 7 N4 N3 167 1.540 1
162 1 N3 N1 0 0.150 0
162 2 N3 N3 225 0.150 1
162 3 N5 N5 233 0.240 1
162 4 N1 N3 0 0.060 0
162 5 N1 N1 255 0.060 1
162 6 N4 N1 0 0.090 0
162 7 N4 N3 172 0.090 1
163 1 N3 N1 0 0.160 0
163 2 N3 N3 225 0.160 1
163 3 N5 N5 232 0.250 1
163 4 N1 N3 0 0.090 0
163 5 N1 N1 254 0.090 1
163 6 N4 N1 0 0.100 0
163 7 N4 N3 174 0.100 1
164 1 N3 N1 0 0.230 0
164 2 N3 N3 225 0.230 1
164 3 N5 N5 231 0.300 1
164 4 N1 N3 0 0.120 0
164 5 N1 N1 254 0.120 1
164 6 N4 N1 0 0.680 0
164 7 N4 N3 177 0.680 1
165 1 N3 N1 0 0.250 0
165 2 N3 N3 224 0.250 1
165 3 N5 N5 231 0.340 1
165 4 N1 N3 0 0.200 0
165 5 N1 N1 254 0.200 1
165 6 N4 N1 0 0.200 0
165 7 N4 N3 180 0.200 1
166 1 N3 N1 0 1.320 0
166 2 N3 N3 224 1.320 1
166 3 N5 N5 230 0.890 1
166 4 N1 N3 0 0.250 0
166 5 N1 N1 254 0.250 1
166 6 N4 N1 0 0.750 0
166 7 N4 N3 181 0.750 1
167 1 N3 N1 0 0.330 0
167 2 N3 N3 224 0.330 1
167 3 N5 N5 230 0.430 1
167 4 N1 N3 0 0.790 0
167 5 N1 N1 254 0.790 1
167 6 N4 N1 0 0.270 0
167 7 N4 N3 182 0.270 1
168 1 N3 N1 0 0.370 0
168 2 N3 N3 224 0.370 1
168 3 N5 N5 229 0.450 1
168 4 N1 N3 0 0.340 0
168 5 N1 N1 254 0.340 1
168 6 N4 N1 0 0.330 0
168 7 N4 N3 182 0.330 1
169 1 N3 N1 0 0.410 0
169 2 N3 N3 223 0.410 1
169 3 N5 N5 230 0.500 1
169 4 N1 N3 0 0.350 0
169 5 N1 N1 254 0.350 1
169 6 N4 N1 0 0.870 0
169 7 N4 N3 183 0.870 1
170 1 N3 N1 0 0.440 0
170 2 N3 N3 222 0.440 1
170 3 N5 N5 231 0.030 1
170 4 N1 N3 0 0.890 0
170 5 N1 N1 254 0.890 1
170 6 N4 N1 0 0.920 0
170 7 N4 N3 183 0.920 1
171 1 N3 N1 0 0.480 0
171 2 N3 N3 221 0.480 1
171 3 N5 N5 231 0.090 1
171 4 N1 N3 0 0.420 0
171 5 N1 N1 254 0.420 1
171 6 N4 N1 0 1.990 0
171 7 N4 N3 183 1.990 1
172 1 N3 N1 0 0.480 0
172 2 N3 N3 220 0.480 1
172 3 N5 N5 232 0.090 1
172 4 N1 N3 0 0.450 0
172 5 N1 N1 255 0.450 1
172 6 N4 N1 0 0.490 0
172 7 N4 N3 184 0.490 1
173 1 N3 N1 152 0.550 0
173 2 N3 N3 219 0.550 1
173 3 N5 N5 233 0.140 1
173 4 N1 N3 0 0.490 0
173 5 N1 N1 255 0.490 1
173 6 N4 N1 0 0.540 0
173 7 N4 N3 184 0.540 1
174 1 N3 N1 152 0.080 0
174 2 N3 N3 219 0.080 1
174 3 N5 N5 233 0.190 1
174 4 N1 N3 0 0.020 0
174 5 N1 N1 255 0.020 1
174 6 N4 N1 0 1.600 0
174 7 N4 N3 184 1.600 1
175 1 N3 N1 154 0.150 0
175 2 N3 N3 219 0.150 1
175 3 N5 N5 233 0.210 1
175 4 N1 N3 0 0.390 0
175 5 N1 N1 255 0.390 1
175 6 N4 N1 0 2.670 0
175 7 N4 N3 184 2.670 1
176 1 N3 N1 157 0.210 0
176 2 N3 N3 219 0.210 1
176 3 N5 N5 233 0.240 1
176 4 N1 N3 0 0.590 0
176 5 N1 N1 255 0.590 1
176 6 N4 N1 0 0.120 0
176 7 N4 N3 185 0.120 1
177 1 N3 N1 155 0.270 0
177 2 N3 N3 219 0.270 1
177 3 N5 N5 232 0.290 1
177 4 N1 N3 0 0.630 0
177 5 N1 N1 255 0.630 1
177 6 N4 N1 0 1.190 0
177 7 N4 N3 185 1.190 1
178 1 N3 N1 154 0.310 0
178 2 N3 N3 218 0.310 1
178 3 N5 N5 231 0.340 1
178 4 N1 N3 0 0.160 0
178 5 N1 N1 255 0.160 1
178 6 N4 N1 0 0.200 0
178 7 N4 N3 183 0.200 1
179 1 N3 N1 151 0.340 0
179 2 N3 N3 217 0.340 1
179 3 N5 N5 230 0.350 1
179 4 N1 N3 0 0.710 0
179 5 N1 N1 255 0.710 1
179 6 N4 N1 0 0.750 0
179 7 N4 N3 181 0.750 1
180 1 N3 N1 150 0.350 0
180 2 N3 N3 215 0.350 1
180 3 N5 N5 229 0.370 1
180 4 N1 N3 0 0.240 0
180 5 N1 N1 255 0.240 1
180 6 N4 N1 0 0.280 0
180 7 N4 N3 178 0.280 1
181 1 N3 N1 147 0.270 0
181 2 N3 N3 214 0.270 1
181 3 N5 N5 229 1.440 1
181 4 N1 N3 0 0.260 0
181 5 N1 N1 255 0.260 1
181 6 N4 N1 0 1.350 0
181 7 N4 N3 178 1.350 1
182 1 N3 N1 148 0.900 0
182 2 N3 N3 214 0.900 1
182 3 N5 N5 226 0.010 1
182 4 N1 N3 0 0.340 0
182 5 N1 N1 255 0.340 1
182 6 N4 N1 0 0.410 0
182 7 N4 N3 176 0.410 1
183 1 N3 N1 148 1.980 0
183 2 N3 N3 214 1.980 1
183 3 N5 N5 226 0.580 1
183 4 N1 N3 0 0.400 0
183 5 N1 N1 255 0.400 1
183 6 N4 N1 0 1.490 0
183 7 N4 N3 176 1.490 1
184 1 N3 N1 148 0.440 0
184 2 N3 N3 212 0.440 1
184 3 N5 N5 224 0.120 1
184 4 N1 N3 0 1.490 0
184 5 N1 N1 255 1.490 1
184 6 N4 N1 0 2.580 0
184 7 N4 N3 176 2.580 1
185 1 N3 N1 148 0.640 0
185 2 N3 N3 211 0.640 1
185 3 N5 N5 222 0.150 1
185 4 N1 N3 0 0.980 0
185 5 N1 N1 255 0.980 1
185 6 N4 N1 0 3.640 0
185 7 N4 N3 176 3.640 1
186 1 N3 N1 148 1.710 0
186 2 N3 N3 211 1.710 1
186 3 N5 N5 220 0.200 1
186 4 N1 N3 0 2.050 0
186 5 N1 N1 255 2.050 1
186 6 N4 N1 0 4.710 0
186 7 N4 N3 176 4.710 1
187 1 N3 N1 147 0.850 0
187 2 N3 N3 211 0.850 1
187 3 N5 N5 217 0.250 1
187 4 N1 N3 0 0.840 0
187 5 N1 N1 254 0.840 1
187 6 N4 N1 0 5.780 0
187 7 N4 N3 176 5.780 1
188 1 N3 N1 147 0.350 0
188 2 N3 N3 208 0.350 1
188 3 N5 N5 214 0.320 1
188 4 N1 N3 0 0.690 0
188 5 N1 N1 254 0.690 1
188 6 N4 N1 0 6.920 0
188 7 N4 N3 176 6.920 1
189 1 N3 N1 147 1.420 0
189 2 N3 N3 208 1.420 1
189 3 N5 N5 212 0.620 1
189 4 N1 N3 0 0.050 0
189 5 N1 N1 254 0.050 1
189 6 N4 N1 0 7.990 0
189 7 N4 N3 176 7.990 1
190 1 N3 N1 147 0.420 0
190 2 N3 N3 206 0.420 1
190 3 N5 N5 206 0.390 1
190 4 N1 N3 0 1.110 0
190 5 N1 N1 254 1.110 1
190 6 N4 N1 0 0.840 0
190 7 N4 N3 174 0.840 1
191 1 N3 N1 147 0.610 0
191 2 N3 N3 204 0.610 1
191 3 N5 N5 204 0.460 1
191 4 N1 N3 0 0.610 0
191 5 N1 N1 252 0.610 1
191 6 N4 N1 0 1.910 0
191 7 N4 N3 174 1.910 1
192 1 N3 N1 150 0.420 0
192 2 N3 N3 203 0.420 1
192 3 N5 N5 200 0.500 1
192 4 N1 N3 0 0.610 0
192 5 N1 N1 251 0.610 1
192 6 N4 N1 0 2.970 0
192 7 N4 N3 174 2.970 1
193 1 N3 N1 150 0.120 0
193 2 N3 N3 202 0.120 1
193 3 N5 N5 193 0.020 1
193 4 N1 N3 0 0.110 0
193 5 N1 N1 250 0.110 1
193 6 N4 N1 0 4.040 0
193 7 N4 N3 174 4.040 1
194 1 N3 N1 150 1.190 0
194 2 N3 N3 202 1.190 1
194 3 N5 N5 189 0.050 1
194 4 N1 N3 0 0.200 0
194 5 N1 N1 247 0.200 1
194 6 N4 N1 0 0.010 0
194 7 N4 N3 168 0.010 1
195 1 N3 N1 140 0.400 0
195 2 N3 N3 200 0.400 1
195 3 N5 N5 186 0.100 1
195 4 N1 N3 0 1.270 0
195 5 N1 N1 247 1.270 1
195 6 N4 N1 0 1.080 0
195 7 N4 N3 168 1.080 1
196 1 N3 N1 140 0.640 0
196 2 N3 N3 199 0.640 1
196 3 N5 N5 182 0.180 1
196 4 N1 N3 0 2.340 0
196 5 N1 N1 247 2.340 1
196 6 N4 N1 0 0.060 0
196 7 N4 N3 164 0.060 1
197 1 N3 N1 116 0.210 0
197 2 N3 N3 197 0.210 1
197 3 N5 N5 178 0.180 1
197 4 N1 N3 0 0.210 0
197 5 N1 N1 247 0.210 1
197 6 N4 N1 0 1.120 0
197 7 N4 N3 164 1.120 1
198 1 N3 N1 107 0.200 0
198 2 N3 N3 194 0.200 1
198 3 N5 N5 173 0.230 1
198 4 N1 N3 0 0.610 0
198 5 N1 N1 247 0.610 1
198 6 N4 N1 0 2.190 0
198 7 N4 N3 164 2.190 1
199 1 N3 N1 91 0.230 0
199 2 N3 N3 192 0.230 1
199 3 N5 N5 168 0.220 1
199 4 N1 N3 0 0.510 0
199 5 N1 N1 247 0.510 1
199 6 N4 N1 0 0.730 0
199 7 N4 N3 159 0.730 1
200 1 N3 N1 84 0.140 0
200 2 N3 N3 190 0.140 1
200 3 N5 N5 163 0.300 1
200 4 N1 N3 0 0.050 0
200 5 N1 N1 248 0.050 1
200 6 N4 N1 0 0.290 0
200 7 N4 N3 153 0.290 1
201 1 N3 N1 84 1.200 0
201 2 N3 N3 190 1.200 1
201 3 N5 N5 159 0.330 1
201 4 N1 N3 0 0.600 0
201 5 N1 N1 249 0.600 1
201 6 N4 N1 0 1.350 0
201 7 N4 N3 153 1.350 1
202 1 N3 N1 84 2.270 0
202 2 N3 N3 190 2.270 1
202 3 N5 N5 154 0.360 1
202 4 N1 N3 0 0.150 0
202 5 N1 N1 250 0.150 1
202 6 N4 N1 0 2.420 0
202 7 N4 N3 153 2.420 1
203 1 N3 N1 84 0.310 0
203 2 N3 N3 185 0.310 1
203 3 N5 N5 149 0.410 1
203 4 N1 N3 0 0.160 0
203 5 N1 N1 252 0.160 1
203 6 N4 N1 0 3.480 0
203 7 N4 N3 153 3.480 1
204 1 N3 N1 84 0.110 0
204 2 N3 N3 171 0.110 1
204 3 N5 N5 144 0.450 1
204 4 N1 N3 0 1.230 0
204 5 N1 N1 252 1.230 1
204 6 N4 N1 0 4.550 0
204 7 N4 N3 153 4.550 1
205 1 N3 N1 84 0.400 0
205 2 N3 N3 165 0.400 1
205 3 N5 N5 140 0.490 1
205 4 N1 N3 0 0.280 0
205 5 N1 N1 252 0.280 1
205 6 N4 N1 0 5.610 0
205 7 N4 N3 153 5.610 1
206 1 N3 N1 81 0.680 0
206 2 N3 N3 160 0.680 1
206 3 N5 N5 132 0.010 1
206 4 N1 N3 0 0.570 0
206 5 N1 N1 251 0.570 1
206 6 N4 N1 0 6.670 0
206 7 N4 N3 153 6.670 1
207 1 N3 N1 76 0.190 0
207 2 N3 N3 148 0.190 1
207 3 N5 N5 127 0.070 1
207 4 N1 N3 40 0.760 0
207 5 N1 N1 249 0.760 1
207 6 N4 N1 0 7.740 0
207 7 N4 N3 153 7.740 1
208 1 N3 N1 76 1.250 0
208 2 N3 N3 148 1.250 1
208 3 N5 N5 123 0.100 1
208 4 N1 N3 38 0.500 0
208 5 N1 N1 247 0.500 1
208 6 N4 N1 0 8.800 0
208 7 N4 N3 153 8.800 1
209 1 N3 N1 76 2.340 0
209 2 N3 N3 148 2.340 1
209 3 N5 N5 119 0.170 1
209 4 N1 N3 38 0.820 0
209 5 N1 N1 244 0.820 1
209 6 N4 N1 0 0.110 0
209 7 N4 N3 145 0.110 1
210 1 N3 N1 76 0.520 0
210 2 N3 N3 142 0.520 1
210 3 N5 N5 114 0.220 1
210 4 N1 N3 38 1.890 0
210 5 N1 N1 244 1.890 1
210 6 N4 N1 0 0.520 0
210 7 N4 N3 136 0.520 1
211 1 N3 N1 73 0.120 0
211 2 N3 N3 136 0.120 1
211 3 N5 N5 111 0.250 1
211 4 N1 N3 30 0.280 0
211 5 N1 N1 238 0.280 1
211 6 N4 N1 0 0.240 0
211 7 N4 N3 110 0.240 1
212 1 N3 N1 73 0.150 0
212 2 N3 N3 130 0.150 1
212 3 N5 N5 107 0.310 1
212 4 N1 N3 24 0.420 0
212 5 N1 N1 236 0.420 1
212 6 N4 N1 0 0.290 0
212 7 N4 N3 94 0.290 1
213 1 N3 N1 69 0.690 0
213 2 N3 N3 126 0.690 1
213 3 N5 N5 104 0.340 1
213 4 N1 N3 20 0.030 0
213 5 N1 N1 235 0.030 1
213 6 N4 N1 0 0.300 0
213 7 N4 N3 88 0.300 1
214 1 N3 N1 69 0.200 0
214 2 N3 N3 117 0.200 1
214 3 N5 N5 103 0.380 1
214 4 N1 N3 20 0.040 0
214 5 N1 N1 233 0.040 1
214 6 N4 N1 0 0.350 0
214 7 N4 N3 76 0.350 1
215 1 N3 N1 0 0.220 0
215 2 N3 N3 115 0.220 1
215 3 N5 N5 103 0.410 1
215 4 N1 N3 19 0.070 0
215 5 N1 N1 232 0.070 1
215 6 N4 N1 0 0.400 0
215 7 N4 N3 66 0.400 1
216 1 N3 N1 0 0.260 0
216 2 N3 N3 114 0.260 1
216 3 N5 N5 104 0.450 1
216 4 N1 N3 18 0.100 0
216 5 N1 N1 232 0.100 1
216 6 N4 N1 0 0.460 0
216 7 N4 N3 65 0.460 1
217 1 N3 N1 0 0.350 0
217 2 N3 N3 113 0.350 1
217 3 N5 N5 107 0.010 1
217 4 N1 N3 19 0.200 0
217 5 N1 N1 232 0.200 1
217 6 N4 N1 0 0.040 0
217 7 N4 N3 60 0.040 1
218 1 N3 N1 0 0.370 0
218 2 N3 N3 115 0.370 1
218 3 N5 N5 111 0.060 1
218 4 N1 N3 19 0.240 0
218 5 N1 N1 232 0.240 1
218 6 N4 N1 0 0.100 0
218 7 N4 N3 66 0.100 1
219 1 N3 N1 0 0.400 0
219 2 N3 N3 118 0.400 1
219 3 N5 N5 115 0.070 1
219 4 N1 N3 19 0.800 0
219 5 N1 N1 232 0.800 1
219 6 N4 N1 0 0.120 0
219 7 N4 N3 70 0.120 1
220 1 N3 N1 0 0.440 0
220 2 N3 N3 122 0.440 1
220 3 N5 N5 119 0.110 1
220 4 N1 N3 20 0.290 0
220 5 N1 N1 233 0.290 1
220 6 N4 N1 0 0.660 0
220 7 N4 N3 73 0.660 1
221 1 N3 N1 0 0.460 0
221 2 N3 N3 127 0.460 1
221 3 N5 N5 123 0.150 1
221 4 N1 N3 20 0.330 0
221 5 N1 N1 233 0.330 1
221 6 N4 N1 0 0.690 0
221 7 N4 N3 76 0.690 1
222 1 N3 N1 0 0.470 0
222 2 N3 N3 131 0.470 1
222 3 N5 N5 127 0.200 1
222 4 N1 N3 21 0.400 0
222 5 N1 N1 234 0.400 1
222 6 N4 N1 0 1.750 0
222 7 N4 N3 76 1.750 1
223 1 N3 N1 0 0.530 0
223 2 N3 N3 135 0.530 1
223 3 N5 N5 131 0.250 1
223 4 N1 N3 22 0.470 0
223 5 N1 N1 235 0.470 1
223 6 N4 N1 0 0.280 0
223 7 N4 N3 79 0.280 1
224 1 N3 N1 0 0.050 0
224 2 N3 N3 138 0.050 1
224 3 N5 N5 136 0.260 1
224 4 N1 N3 22 0.490 0
224 5 N1 N1 237 0.490 1
224 6 N4 N1 0 0.310 0
224 7 N4 N3 83 0.310 1
225 1 N3 N1 0 0.100 0
225 2 N3 N3 143 0.100 1
225 3 N5 N5 139 0.320 1
225 4 N1 N3 0 0.520 0
225 5 N1 N1 239 0.520 1
225 6 N4 N1 0 1.370 0
225 7 N4 N3 83 1.370 1
226 1 N3 N1 0 0.170 0
226 2 N3 N3 147 0.170 1
226 3 N5 N5 142 0.360 1
226 4 N1 N3 0 0.020 0
226 5 N1 N1 240 0.020 1
226 6 N4 N1 0 0.900 0
226 7 N4 N3 87 0.900 1
227 1 N3 N1 0 0.230 0
227 2 N3 N3 152 0.230 1
227 3 N5 N5 147 0.440 1
227 4 N1 N3 0 0.090 0
227 5 N1 N1 240 0.090 1
227 6 N4 N1 0 1.000 0
227 7 N4 N3 91 1.000 1
228 1 N3 N1 0 0.790 0
228 2 N3 N3 154 0.790 1
228 3 N5 N5 151 0.500 1
228 4 N1 N3 0 0.130 0
228 5 N1 N1 239 0.130 1
228 6 N4 N1 0 0.000 0
228 7 N4 N3 96 0.000 1
229 1 N3 N1 0 0.830 0
229 2 N3 N3 157 0.830 1
229 3 N5 N5 156 0.030 1
229 4 N1 N3 0 0.170 0
229 5 N1 N1 238 0.170 1
229 6 N4 N1 0 1.070 0
229 7 N4 N3 96 1.070 1
230 1 N3 N1 0 0.330 0
230 2 N3 N3 162 0.330 1
230 3 N5 N5 159 0.030 1
230 4 N1 N3 0 0.210 0
230 5 N1 N1 236 0.210 1
230 6 N4 N1 0 0.050 0
230 7 N4 N3 105 0.050 1
231 1 N3 N1 0 0.370 0
231 2 N3 N3 167 0.370 1
231 3 N5 N5 163 0.070 1
231 4 N1 N3 0 0.230 0
231 5 N1 N1 234 0.230 1
231 6 N4 N1 0 0.070 0
231 7 N4 N3 109 0.070 1
232 1 N3 N1 0 0.420 0
232 2 N3 N3 170 0.420 1
232 3 N5 N5 166 0.120 1
232 4 N1 N3 0 0.270 0
232 5 N1 N1 231 0.270 1
232 6 N4 N1 0 0.110 0
232 7 N4 N3 113 0.110 1
233 1 N3 N1 0 0.460 0
233 2 N3 N3 172 0.460 1
233 3 N5 N5 169 0.170 1
233 4 N1 N3 0 0.300 0
233 5 N1 N1 227 0.300 1
233 6 N4 N1 0 0.670 0
233 7 N4 N3 117 0.670 1
234 1 N3 N1 0 0.520 0
234 2 N3 N3 174 0.520 1
234 3 N5 N5 173 0.200 1
234 4 N1 N3 0 0.380 0
234 5 N1 N1 224 0.380 1
234 6 N4 N1 0 0.710 0
234 7 N4 N3 121 0.710 1
235 1 N3 N1 0 0.550 0
235 2 N3 N3 177 0.550 1
235 3 N5 N5 176 0.250 1
235 4 N1 N3 0 0.410 0
235 5 N1 N1 221 0.410 1
235 6 N4 N1 0 0.230 0
235 7 N4 N3 131 0.230 1
236 1 N3 N1 0 0.110 0
236 2 N3 N3 183 0.110 1
236 3 N5 N5 180 0.250 1
236 4 N1 N3 0 0.460 0
236 5 N1 N1 218 0.460 1
236 6 N4 N1 0 0.760 0
236 7 N4 N3 135 0.760 1
237 1 N3 N1 0 0.650 0
237 2 N3 N3 186 0.650 1
237 3 N5 N5 185 0.300 1
237 4 N1 N3 0 0.500 0
237 5 N1 N1 218 0.500 1
237 6 N4 N1 0 0.290 0
237 7 N4 N3 140 0.290 1
238 1 N3 N1 0 0.690 0
238 2 N3 N3 189 0.690 1
238 3 N5 N5 189 0.340 1
238 4 N1 N3 0 0.010 0
238 5 N1 N1 215 0.010 1
238 6 N4 N1 0 0.330 0
238 7 N4 N3 151 0.330 1
239 1 N3 N1 0 0.190 0
239 2 N3 N3 194 0.190 1
239 3 N5 N5 193 0.380 1
239 4 N1 N3 0 0.080 0
239 5 N1 N1 215 0.080 1
239 6 N4 N1 0 1.400 0
239 7 N4 N3 151 1.400 1
240 1 N3 N1 0 0.250 0
240 2 N3 N3 196 0.250 1
240 3 N5 N5 197 0.380 1
240 4 N1 N3 0 0.120 0
240 5 N1 N1 215 0.120 1
240 6 N4 N1 0 2.460 0
240 7 N4 N3 151 2.460 1
241 1 N3 N1 0 0.280 0
241 2 N3 N3 201 0.280 1
241 3 N5 N5 200 0.400 1
241 4 N1 N3 0 0.190 0
241 5 N1 N1 216 0.190 1
241 6 N4 N1 0 3.530 0
241 7 N4 N3 151 3.530 1
242 1 N3 N1 0 0.310 0
242 2 N3 N3 205 0.310 1
242 3 N5 N5 205 0.430 1
242 4 N1 N3 0 0.230 0
242 5 N1 N1 217 0.230 1
242 6 N4 N1 0 4.590 0
242 7 N4 N3 151 4.590 1
243 1 N3 N1 0 0.370 0
243 2 N3 N3 209 0.370 1
243 3 N5 N5 210 0.480 1
243 4 N1 N3 0 0.280 0
243 5 N1 N1 220 0.280 1
243 6 N4 N1 0 0.510 0
243 7 N4 N3 155 0.510 1
244 1 N3 N1 0 0.910 0
244 2 N3 N3 211 0.910 1
244 3 N5 N5 216 0.000 1
244 4 N1 N3 0 0.310 0
244 5 N1 N1 222 0.310 1
244 6 N4 N1 0 0.540 0
244 7 N4 N3 158 0.540 1
245 1 N3 N1 0 0.420 0
245 2 N3 N3 212 0.420 1
245 3 N5 N5 219 0.040 1
245 4 N1 N3 0 0.320 0
245 5 N1 N1 223 0.320 1
245 6 N4 N1 0 0.070 0
245 7 N4 N3 162 0.070 1
246 1 N3 N1 0 0.470 0
246 2 N3 N3 212 0.470 1
246 3 N5 N5 222 0.070 1
246 4 N1 N3 0 0.860 0
246 5 N1 N1 224 0.860 1
246 6 N4 N1 0 0.110 0
246 7 N4 N3 167 0.110 1
247 1 N3 N1 0 0.480 0
247 2 N3 N3 211 0.480 1
247 3 N5 N5 224 0.110 1
247 4 N1 N3 0 0.360 0
247 5 N1 N1 225 0.360 1
247 6 N4 N1 0 0.160 0
247 7 N4 N3 169 0.160 1
248 1 N3 N1 0 0.490 0
248 2 N3 N3 210 0.490 1
248 3 N5 N5 225 0.150 1
248 4 N1 N3 0 0.410 0
248 5 N1 N1 226 0.410 1
248 6 N4 N1 0 0.180 0
248 7 N4 N3 173 0.180 1
249 1 N3 N1 0 0.530 0
249 2 N3 N3 209 0.530 1
249 3 N5 N5 225 0.200 1
249 4 N1 N3 0 0.440 0
249 5 N1 N1 228 0.440 1
249 6 N4 N1 0 0.230 0
249 7 N4 N3 174 0.230 1
250 1 N3 N1 0 0.090 0
250 2 N3 N3 208 0.090 1
250 3 N5 N5 225 0.260 1
250 4 N1 N3 0 0.510 0
250 5 N1 N1 229 0.510 1
250 6 N4 N1 0 1.320 0
250 7 N4 N3 174 1.320 1
251 1 N3 N1 0 1.200 0
251 2 N3 N3 208 1.200 1
251 3 N5 N5 224 0.360 1
251 4 N1 N3 0 0.110 0
251 5 N1 N1 229 0.110 1
251 6 N4 N1 0 0.370 0
251 7 N4 N3 175 0.370 1
252 1 N3 N1 0 0.260 0
252 2 N3 N3 209 0.260 1
252 3 N5 N5 222 0.390 1
252 4 N1 N3 0 0.170 0
252 5 N1 N1 228 0.170 1
252 6 N4 N1 0 0.920 0
252 7 N4 N3 176 0.920 1
253 1 N3 N1 0 0.280 0
253 2 N3 N3 209 0.280 1
253 3 N5 N5 221 0.430 1
253 4 N1 N3 0 0.210 0
253 5 N1 N1 228 0.210 1
253 6 N4 N1 0 1.980 0
253 7 N4 N3 176 1.980 1
254 1 N3 N1 0 0.310 0
254 2 N3 N3 209 0.310 1
254 3 N5 N5 219 0.450 1
254 4 N1 N3 0 0.230 0
254 5 N1 N1 227 0.230 1
254 6 N4 N1 0 3.040 0
254 7 N4 N3 176 3.040 1
255 1 N3 N1 0 0.360 0
255 2 N3 N3 208 0.360 1
255 3 N5 N5 216 0.000 1
255 4 N1 N3 0 0.280 0
255 5 N1 N1 227 0.280 1
255 6 N4 N1 0 0.010 0
255 7 N4 N3 175 0.010 1
256 1 N3 N1 0 0.910 0
256 2 N3 N3 208 0.910 1
256 3 N5 N5 214 0.060 1
256 4 N1 N3 0 0.340 0
256 5 N1 N1 226 0.340 1
256 6 N4 N1 0 0.030 0
256 7 N4 N3 175 0.030 1
257 1 N3 N1 0 0.440 0
257 2 N3 N3 208 0.440 1
257 3 N5 N5 212 0.100 1
257 4 N1 N3 0 0.880 0
257 5 N1 N1 226 0.880 1
257 6 N4 N1 0 1.090 0
257 7 N4 N3 175 1.090 1
258 1 N3 N1 0 0.490 0
258 2 N3 N3 208 0.490 1
258 3 N5 N5 209 0.120 1
258 4 N1 N3 0 0.420 0
258 5 N1 N1 225 0.420 1
258 6 N4 N1 0 0.090 0
258 7 N4 N3 174 0.090 1
259 1 N3 N1 0 0.000 0
259 2 N3 N3 208 0.000 1
259 3 N5 N5 208 0.680 1
259 4 N1 N3 101 0.330 0
259 5 N1 N1 224 0.330 1
259 6 N4 N1 0 1.160 0
259 7 N4 N3 174 1.160 1
260 1 N3 N1 0 0.060 0
260 2 N3 N3 207 0.060 1
260 3 N5 N5 207 0.220 1
260 4 N1 N3 99 0.050 0
260 5 N1 N1 224 0.050 1
260 6 N4 N1 0 0.160 0
260 7 N4 N3 174 0.160 1
261 1 N3 N1 0 0.080 0
261 2 N3 N3 206 0.080 1
261 3 N5 N5 206 0.270 1
261 4 N1 N3 98 0.070 0
261 5 N1 N1 224 0.070 1
261 6 N4 N1 0 0.080 0
261 7 N4 N3 173 0.080 1
262 1 N3 N1 0 0.150 0
262 2 N3 N3 205 0.150 1
262 3 N5 N5 205 0.320 1
262 4 N1 N3 97 0.120 0
262 5 N1 N1 225 0.120 1
262 6 N4 N1 0 0.210 0
262 7 N4 N3 172 0.210 1
263 1 N3 N1 0 0.170 0
263 2 N3 N3 204 0.170 1
263 3 N5 N5 204 0.330 1
263 4 N1 N3 96 0.070 0
263 5 N1 N1 226 0.070 1
263 6 N4 N1 0 0.790 0
263 7 N4 N3 171 0.790 1
264 1 N3 N1 0 0.200 0
264 2 N3 N3 204 0.200 1
264 3 N5 N5 203 0.330 1
264 4 N1 N3 96 0.190 0
264 5 N1 N1 228 0.190 1
264 6 N4 N1 0 1.850 0
264 7 N4 N3 171 1.850 1
265 1 N3 N1 0 0.270 0
265 2 N3 N3 202 0.270 1
265 3 N5 N5 203 0.360 1
265 4 N1 N3 96 0.230 0
265 5 N1 N1 230 0.230 1
265 6 N4 N1 0 0.870 0
265 7 N4 N3 170 0.870 1
266 1 N3 N1 0 0.310 0
266 2 N3 N3 199 0.310 1
266 3 N5 N5 203 0.390 1
266 4 N1 N3 96 0.260 0
266 5 N1 N1 231 0.260 1
266 6 N4 N1 0 0.890 0
266 7 N4 N3 169 0.890 1
267 1 N3 N1 0 0.880 0
267 2 N3 N3 198 0.880 1
267 3 N5 N5 204 0.420 1
267 4 N1 N3 96 0.300 0
267 5 N1 N1 234 0.300 1
267 6 N4 N1 0 0.420 0
267 7 N4 N3 168 0.420 1
268 1 N3 N1 0 0.420 0
268 2 N3 N3 197 0.420 1
268 3 N5 N5 204 0.430 1
268 4 N1 N3 96 0.310 0
268 5 N1 N1 237 0.310 1
268 6 N4 N1 0 0.440 0
268 7 N4 N3 166 0.440 1
269 1 N3 N1 137 0.330 0
269 2 N3 N3 196 0.330 1
269 3 N5 N5 205 0.470 1
269 4 N1 N3 98 0.340 0
269 5 N1 N1 240 0.340 1
269 6 N4 N1 0 1.500 0
269 7 N4 N3 166 1.500 1
270 1 N3 N1 136 0.370 0
270 2 N3 N3 195 0.370 1
270 3 N5 N5 207 0.010 1
270 4 N1 N3 98 0.380 0
270 5 N1 N1 242 0.380 1
270 6 N4 N1 0 0.480 0
270 7 N4 N3 164 0.480 1
271 1 N3 N1 133 0.520 0
271 2 N3 N3 195 0.520 1
271 3 N5 N5 207 0.070 1
271 4 N1 N3 97 0.430 0
271 5 N1 N1 245 0.430 1
271 6 N4 N1 0 1.550 0
271 7 N4 N3 164 1.550 1
272 1 N3 N1 133 0.540 0
272 2 N3 N3 195 0.540 1
272 3 N5 N5 206 0.090 1
272 4 N1 N3 0 0.450 0
272 5 N1 N1 246 0.450 1
272 6 N4 N1 0 1.060 0
272 7 N4 N3 163 1.060 1
273 1 N3 N1 135 0.080 0
273 2 N3 N3 196 0.080 1
273 3 N5 N5 205 0.110 1
273 4 N1 N3 0 0.990 0
273 5 N1 N1 247 0.990 1
273 6 N4 N1 0 0.070 0
273 7 N4 N3 162 0.070 1
274 1 N3 N1 135 0.120 0
274 2 N3 N3 197 0.120 1
274 3 N5 N5 204 0.120 1
274 4 N1 N3 0 0.520 0
274 5 N1 N1 248 0.520 1
274 6 N4 N1 0 0.600 0
274 7 N4 N3 161 0.600 1
275 1 N3 N1 135 0.170 0
275 2 N3 N3 197 0.170 1
275 3 N5 N5 202 0.160 1
275 4 N1 N3 0 0.030 0
275 5 N1 N1 250 0.030 1
275 6 N4 N1 0 0.640 0
275 7 N4 N3 159 0.640 1
276 1 N3 N1 137 0.080 0
276 2 N3 N3 198 0.080 1
276 3 N5 N5 200 0.210 1
276 4 N1 N3 0 0.060 0
276 5 N1 N1 251 0.060 1
276 6 N4 N1 0 0.190 0
276 7 N4 N3 156 0.190 1
277 1 N3 N1 137 1.150 0
277 2 N3 N3 198 1.150 1
277 3 N5 N5 198 0.240 1
277 4 N1 N3 0 0.130 0
277 5 N1 N1 252 0.130 1
277 6 N4 N1 0 0.200 0
277 7 N4 N3 153 0.200 1
278 1 N3 N1 138 0.240 0
278 2 N3 N3 199 0.240 1
278 3 N5 N5 195 0.280 1
278 4 N1 N3 0 0.160 0
278 5 N1 N1 253 0.160 1
278 6 N4 N1 0 0.270 0
278 7 N4 N3 153 0.270 1
279 1 N3 N1 144 0.710 0
279 2 N3 N3 199 0.710 1
279 3 N5 N5 194 0.850 1
279 4 N1 N3 0 0.200 0
279 5 N1 N1 253 0.200 1
279 6 N4 N1 0 0.830 0
279 7 N4 N3 153 0.830 1
280 1 N3 N1 147 0.720 0
280 2 N3 N3 200 0.720 1
280 3 N5 N5 193 0.360 1
280 4 N1 N3 0 0.090 0
280 5 N1 N1 254 0.090 1
280 6 N4 N1 0 0.360 0
280 7 N4 N3 153 0.360 1
281 1 N3 N1 147 0.390 0
281 2 N3 N3 201 0.390 1
281 3 N5 N5 191 0.390 1
281 4 N1 N3 0 0.290 0
281 5 N1 N1 254 0.290 1
281 6 N4 N1 0 1.430 0
281 7 N4 N3 153 1.430 1
282 1 N3 N1 150 0.430 0
282 2 N3 N3 201 0.430 1
282 3 N5 N5 191 0.430 1
282 4 N1 N3 0 0.340 0
282 5 N1 N1 254 0.340 1
282 6 N4 N1 0 0.470 0
282 7 N4 N3 152 0.470 1
283 1 N3 N1 150 0.450 0
283 2 N3 N3 200 0.450 1
283 3 N5 N5 191 0.450 1
283 4 N1 N3 0 0.410 0
283 5 N1 N1 254 0.410 1
283 6 N4 N1 0 0.010 0
283 7 N4 N3 150 0.010 1
284 1 N3 N1 150 0.510 0
284 2 N3 N3 199 0.510 1
284 3 N5 N5 191 0.500 1
284 4 N1 N3 0 0.460 0
284 5 N1 N1 254 0.460 1
284 6 N4 N1 0 0.040 0
284 7 N4 N3 149 0.040 1
285 1 N3 N1 158 0.020 0
285 2 N3 N3 199 0.020 1
285 3 N5 N5 194 0.130 1
285 4 N1 N3 0 0.060 0
285 5 N1 N1 255 0.060 1
285 6 N4 N1 0 1.200 0
285 7 N4 N3 149 1.200 1
286 1 N3 N1 158 0.170 0
286 2 N3 N3 200 0.170 1
286 3 N5 N5 197 0.170 1
286 4 N1 N3 0 0.090 0
286 5 N1 N1 255 0.090 1
286 6 N4 N1 0 0.180 0
286 7 N4 N3 149 0.180 1
287 1 N3 N1 162 0.200 0
287 2 N3 N3 201 0.200 1
287 3 N5 N5 200 0.190 1
287 4 N1 N3 0 0.090 0
287 5 N1 N1 255 0.090 1
287 6 N4 N1 0 0.710 0
287 7 N4 N3 149 0.710 1
288 1 N3 N1 162 1.270 0
288 2 N3 N3 201 1.270 1
288 3 N5 N5 203 0.240 1
288 4 N1 N3 0 0.640 0
288 5 N1 N1 255 0.640 1
288 6 N4 N1 0 0.730 0
288 7 N4 N3 150 0.730 1
289 1 N3 N1 162 2.330 0
289 2 N3 N3 201 2.330 1
289 3 N5 N5 207 0.250 1
289 4 N1 N3 0 0.130 0
289 5 N1 N1 255 0.130 1
289 6 N4 N1 0 1.790 0
289 7 N4 N3 150 1.790 1
290 1 N3 N1 162 3.390 0
290 2 N3 N3 201 3.390 1
290 3 N5 N5 209 0.790 1
290 4 N1 N3 0 1.190 0
290 5 N1 N1 255 1.190 1
290 6 N4 N1 0 0.830 0
290 7 N4 N3 152 0.830 1
291 1 N3 N1 162 4.460 0
291 2 N3 N3 201 4.460 1
291 3 N5 N5 211 0.860 1
291 4 N1 N3 0 0.740 0
291 5 N1 N1 255 0.740 1
291 6 N4 N1 0 1.900 0
291 7 N4 N3 152 1.900 1
292 1 N3 N1 162 0.380 0
292 2 N3 N3 203 0.380 1
292 3 N5 N5 213 0.880 1
292 4 N1 N3 0 1.810 0
292 5 N1 N1 255 1.810 1
292 6 N4 N1 0 0.380 0
292 7 N4 N3 153 0.380 1
293 1 N3 N1 162 0.920 0
293 2 N3 N3 204 0.920 1
293 3 N5 N5 216 0.380 1
293 4 N1 N3 0 0.320 0
293 5 N1 N1 254 0.320 1
293 6 N4 N1 0 0.410 0
293 7 N4 N3 156 0.410 1
294 1 N3 N1 161 0.320 0
294 2 N3 N3 207 0.320 1
294 3 N5 N5 218 0.370 1
294 4 N1 N3 0 0.870 0
294 5 N1 N1 254 0.870 1
294 6 N4 N1 0 1.470 0
294 7 N4 N3 156 1.470 1
295 1 N3 N1 161 0.500 0
295 2 N3 N3 208 0.500 1
295 3 N5 N5 221 0.460 1
295 4 N1 N3 0 0.390 0
295 5 N1 N1 254 0.390 1
295 6 N4 N1 0 0.530 0
295 7 N4 N3 158 0.530 1
296 1 N3 N1 160 0.930 0
296 2 N3 N3 209 0.930 1
296 3 N5 N5 222 0.470 1
296 4 N1 N3 0 0.410 0
296 5 N1 N1 254 0.410 1
296 6 N4 N1 0 0.040 0
296 7 N4 N3 160 0.040 1
297 1 N3 N1 156 0.040 0
297 2 N3 N3 214 0.040 1
297 3 N5 N5 224 0.500 1
297 4 N1 N3 0 0.450 0
297 5 N1 N1 254 0.450 1
297 6 N4 N1 0 0.050 0
297 7 N4 N3 162 0.050 1
298 1 N3 N1 153 0.080 0
298 2 N3 N3 219 0.080 1
298 3 N5 N5 226 0.070 1
298 4 N1 N3 0 0.020 0
298 5 N1 N1 254 0.020 1
298 6 N4 N1 0 0.120 0
298 7 N4 N3 167 0.120 1
299 1 N3 N1 153 0.120 0
299 2 N3 N3 221 0.120 1
299 3 N5 N5 227 0.150 1
299 4 N1 N3 0 0.090 0
299 5 N1 N1 253 0.090 1
299 6 N4 N1 0 1.210 0
299 7 N4 N3 167 1.210 1
300 1 N3 N1 154 0.140 0
300 2 N3 N3 225 0.140 1
300 3 N5 N5 227 0.200 1
300 4 N1 N3 0 0.130 0
300 5 N1 N1 253 0.130 1
300 6 N4 N1 0 0.240 0
300 7 N4 N3 170 0.240 1
