1 1 N3 N3 228 0.300 1
1 2 N5 N3 136 0.960 1
1 3 N1 N3 150 0.080 1
1 4 N2 N3 174 0.030 1
2 1 N3 N3 227 0.350 1
2 2 N5 N3 137 0.110 1
2 3 N1 N3 150 0.110 1
2 4 N2 N3 174 0.090 1
3 1 N3 N3 226 0.350 1
3 2 N5 N3 136 0.560 1
3 3 N1 N3 150 0.120 1
3 4 N2 N3 173 0.110 1
4 1 N3 N3 223 0.380 1
4 2 N5 N3 136 1.610 1
4 3 N1 N3 149 0.670 1
4 4 N2 N3 170 0.100 1
5 1 N3 N3 221 0.410 1
5 2 N5 N3 135 0.500 1
5 3 N1 N3 146 0.180 1
5 4 N2 N3 168 0.620 1
6 1 N3 N3 219 0.400 1
6 2 N5 N3 133 0.040 1
6 3 N1 N3 144 0.720 1
6 4 N2 N3 165 0.140 1
7 1 N3 N3 217 0.460 1
7 2 N5 N3 130 0.040 1
7 3 N1 N3 141 0.250 1
7 4 N2 N3 164 0.150 1
8 1 N3 N3 215 0.470 1
8 2 N5 N3 128 0.060 1
8 3 N1 N3 140 0.260 1
8 4 N2 N3 162 0.170 1
9 1 N3 N3 213 0.480 1
9 2 N5 N3 124 0.090 1
9 3 N1 N3 138 0.770 1
9 4 N2 N3 159 0.170 1
10 1 N3 N3 211 0.500 1
10 2 N5 N3 123 0.630 1
10 3 N1 N3 136 0.120 1
10 4 N2 N3 156 0.210 1
11 1 N3 N3 208 0.020 1
11 2 N5 N3 123 1.680 1
11 3 N1 N3 133 0.310 1
11 4 N2 N3 154 0.200 1
12 1 N3 N3 206 0.050 1
12 2 N5 N3 122 0.180 1
12 3 N1 N3 130 0.310 1
12 4 N2 N3 152 0.730 1
13 1 N3 N3 204 0.080 1
13 2 N5 N3 119 0.180 1
13 3 N1 N3 128 0.850 1
13 4 N2 N3 151 0.220 1
14 1 N3 N3 202 0.080 1
14 2 N5 N3 119 1.230 1
14 3 N1 N3 126 0.360 1
14 4 N2 N3 150 0.230 1
15 1 N3 N3 199 0.090 1
15 2 N5 N3 118 0.200 1
15 3 N1 N3 126 0.890 1
15 4 N2 N3 150 0.230 1
16 1 N3 N3 197 0.100 1
16 2 N5 N3 118 0.240 1
16 3 N1 N3 126 0.870 1
16 4 N2 N3 150 0.210 1
17 1 N3 N3 196 0.130 1
17 2 N5 N3 118 0.230 1
17 3 N1 N3 126 1.910 1
17 4 N2 N3 150 0.210 1
18 1 N3 N3 194 0.130 1
18 2 N5 N3 117 0.760 1
18 3 N1 N3 126 2.960 1
18 4 N2 N3 148 0.230 1
19 1 N3 N3 193 0.160 1
19 2 N5 N3 116 0.250 1
19 3 N1 N3 125 0.460 1
19 4 N2 N3 147 0.270 1
20 1 N3 N3 193 0.180 1
20 2 N5 N3 116 0.810 1
20 3 N1 N3 124 0.200 1
20 4 N2 N3 147 0.800 1
21 1 N3 N3 193 0.200 1
21 2 N5 N3 115 0.340 1
21 3 N1 N3 123 0.590 1
21 4 N2 N3 146 0.310 1
22 1 N3 N3 194 0.220 1
22 2 N5 N3 114 0.360 1
22 3 N1 N3 123 1.640 1
22 4 N2 N3 146 0.350 1
23 1 N3 N3 195 0.250 1
23 2 N5 N3 114 0.400 1
23 3 N1 N3 122 0.070 1
23 4 N2 N3 148 0.380 1
24 1 N3 N3 197 0.300 1
24 2 N5 N3 115 0.450 1
24 3 N1 N3 122 1.020 1
24 4 N2 N3 148 0.400 1
25 1 N3 N3 197 0.320 1
25 2 N5 N3 115 1.010 1
25 3 N1 N3 120 0.480 1
25 4 N2 N3 148 0.450 1
26 1 N3 N3 198 0.370 1
26 2 N5 N3 114 1.010 1
26 3 N1 N3 120 1.530 1
26 4 N2 N3 146 0.480 1
27 1 N3 N3 198 0.400 1
27 2 N5 N3 114 0.520 1
27 3 N1 N3 120 2.580 1
27 4 N2 N3 146 0.470 1
28 1 N3 N3 199 0.400 1
28 2 N5 N3 115 0.020 1
28 3 N1 N3 121 0.020 1
28 4 N2 N3 146 0.010 1
29 1 N3 N3 199 0.410 1
29 2 N5 N3 116 0.020 1
29 3 N1 N3 121 0.020 1
29 4 N2 N3 147 0.020 1
30 1 N3 N3 199 0.440 1
30 2 N5 N3 116 0.050 1
30 3 N1 N3 121 0.570 1
30 4 N2 N3 146 0.070 1
31 1 N3 N3 198 0.450 1
31 2 N5 N3 117 0.090 1
31 3 N1 N3 121 0.090 1
31 4 N2 N3 146 0.080 1
32 1 N3 N3 198 0.460 1
32 2 N5 N3 117 0.630 1
32 3 N1 N3 121 0.630 1
32 4 N2 N3 146 0.620 1
33 1 N3 N3 198 0.480 1
33 2 N5 N3 117 0.990 1
33 3 N1 N3 120 0.630 1
33 4 N2 N3 146 1.690 1
34 1 N3 N3 198 0.000 1
34 2 N5 N3 117 2.030 1
34 3 N1 N3 119 0.130 1
34 4 N2 N3 146 2.730 1
35 1 N3 N3 198 0.040 1
35 2 N5 N3 117 3.080 1
35 3 N1 N3 119 1.180 1
35 4 N2 N3 146 0.200 1
36 1 N3 N3 198 0.070 1
36 2 N5 N3 117 4.130 1
36 3 N1 N3 118 0.070 1
36 4 N2 N3 146 1.250 1
37 1 N3 N3 198 0.060 1
37 2 N5 N3 116 0.790 1
37 3 N1 N3 118 1.120 1
37 4 N2 N3 146 2.300 1
38 1 N3 N3 197 0.080 1
38 2 N5 N3 114 0.330 1
38 3 N1 N3 114 0.080 1
38 4 N2 N3 144 0.300 1
39 1 N3 N3 195 0.150 1
39 2 N5 N3 114 1.380 1
39 3 N1 N3 114 1.130 1
39 4 N2 N3 144 1.350 1
40 1 N3 N3 194 0.160 1
40 2 N5 N3 112 0.360 1
40 3 N1 N3 114 2.180 1
40 4 N2 N3 143 0.370 1
41 1 N3 N3 193 0.190 1
41 2 N5 N3 111 0.340 1
41 3 N1 N3 112 0.700 1
41 4 N2 N3 143 1.420 1
42 1 N3 N3 191 0.210 1
42 2 N5 N3 108 0.940 1
42 3 N1 N3 107 0.210 1
42 4 N2 N3 142 0.380 1
43 1 N3 N3 190 0.240 1
43 2 N5 N3 103 0.430 1
43 3 N1 N3 107 1.250 1
43 4 N2 N3 140 0.390 1
44 1 N3 N3 188 0.250 1
44 2 N5 N3 103 1.480 1
44 3 N1 N3 105 0.280 1
44 4 N2 N3 140 1.440 1
45 1 N3 N3 186 0.290 1
45 2 N5 N3 96 0.440 1
45 3 N1 N3 105 1.330 1
45 4 N2 N3 138 0.760 1
46 1 N3 N3 185 0.360 1
46 2 N5 N3 90 0.510 1
46 3 N1 N3 105 2.420 1
46 4 N2 N3 136 0.510 1
47 1 N3 N3 183 0.390 1
47 2 N5 N3 83 0.580 1
47 3 N1 N3 102 0.580 1
47 4 N2 N3 130 0.060 1
48 1 N3 N3 179 0.420 1
48 2 N5 N3 79 0.580 1
48 3 N1 N3 102 1.630 1
48 4 N2 N3 128 0.600 1
49 1 N3 N3 175 0.430 1
49 2 N5 N3 75 0.570 1
49 3 N1 N3 99 0.700 1
49 4 N2 N3 125 0.610 1
50 1 N3 N3 171 0.460 1
50 2 N5 N3 71 0.980 1
50 3 N1 N3 99 1.750 1
50 4 N2 N3 121 0.990 1
51 1 N3 N3 167 0.480 1
51 2 N5 N3 64 0.010 1
51 3 N1 N3 99 2.800 1
51 4 N2 N3 121 2.040 1
52 1 N3 N3 161 0.010 1
52 2 N5 N3 58 0.120 1
52 3 N1 N3 99 3.850 1
52 4 N2 N3 121 3.090 1
53 1 N3 N3 157 0.030 1
53 2 N5 N3 56 0.130 1
53 3 N1 N3 99 4.900 1
53 4 N2 N3 121 4.140 1
54 1 N3 N3 153 0.050 1
54 2 N5 N3 56 1.180 1
54 3 N1 N3 99 5.950 1
54 4 N2 N3 121 5.190 1
55 1 N3 N3 150 0.080 1
55 2 N5 N3 56 2.230 1
55 3 N1 N3 95 0.290 1
55 4 N2 N3 116 0.190 1
56 1 N3 N3 147 0.120 1
56 2 N5 N3 56 3.280 1
56 3 N1 N3 95 1.340 1
56 4 N2 N3 116 1.240 1
57 1 N3 N3 144 0.130 1
57 2 N5 N3 52 0.280 1
57 3 N1 N3 78 0.280 1
57 4 N2 N3 105 0.260 1
58 1 N3 N3 143 0.650 1
58 2 N5 N3 52 1.330 1
58 3 N1 N3 78 1.330 1
58 4 N2 N3 100 0.250 1
59 1 N3 N3 140 0.160 1
59 2 N5 N3 46 0.240 1
59 3 N1 N3 73 0.720 1
59 4 N2 N3 89 0.260 1
60 1 N3 N3 136 0.190 1
60 2 N5 N3 42 0.240 1
60 3 N1 N3 73 1.770 1
60 4 N2 N3 89 1.310 1
61 1 N3 N3 133 0.240 1
61 2 N5 N3 39 0.780 1
61 3 N1 N3 69 0.110 1
61 4 N2 N3 89 2.360 1
62 1 N3 N3 133 1.280 1
62 2 N5 N3 39 1.820 1
62 3 N1 N3 69 1.150 1
62 4 N2 N3 89 3.400 1
63 1 N3 N3 126 0.250 1
63 2 N5 N3 35 0.850 1
63 3 N1 N3 60 0.520 1
63 4 N2 N3 83 0.300 1
64 1 N3 N3 125 0.130 1
64 2 N5 N3 35 1.900 1
64 3 N1 N3 60 1.570 1
64 4 N2 N3 83 1.350 1
65 1 N3 N3 124 0.790 1
65 2 N5 N3 32 0.800 1
65 3 N1 N3 47 0.710 1
65 4 N2 N3 78 0.790 1
66 1 N3 N3 122 0.750 1
66 2 N5 N3 29 0.750 1
66 3 N1 N3 47 1.760 1
66 4 N2 N3 72 0.760 1
67 1 N3 N3 122 1.800 1
67 2 N5 N3 29 1.800 1
67 3 N1 N3 47 2.810 1
67 4 N2 N3 72 1.810 1
68 1 N3 N3 113 0.060 1
68 2 N5 N3 29 2.850 1
68 3 N1 N3 38 0.070 1
68 4 N2 N3 57 0.060 1
69 1 N3 N3 113 1.110 1
69 2 N5 N3 29 3.900 1
69 3 N1 N3 38 1.120 1
69 4 N2 N3 57 1.110 1
70 1 N3 N3 113 2.170 1
70 2 N5 N3 29 4.960 1
70 3 N1 N3 38 2.180 1
70 4 N2 N3 57 2.170 1
71 1 N3 N3 109 0.370 1
71 2 N5 N3 26 0.380 1
71 3 N1 N3 38 3.230 1
71 4 N2 N3 48 0.370 1
72 1 N3 N3 109 0.820 1
72 2 N5 N3 23 0.820 1
72 3 N1 N3 38 4.280 1
72 4 N2 N3 43 0.820 1
73 1 N3 N3 106 0.980 1
73 2 N5 N3 20 0.980 1
73 3 N1 N3 35 0.980 1
73 4 N2 N3 38 0.960 1
74 1 N3 N3 100 0.200 1
74 2 N5 N3 20 2.030 1
74 3 N1 N3 32 0.210 1
74 4 N2 N3 36 0.120 1
75 1 N3 N3 96 0.230 1
75 2 N5 N3 18 0.230 1
75 3 N1 N3 30 0.230 1
75 4 N2 N3 36 1.170 1
76 1 N3 N3 94 0.090 1
76 2 N5 N3 16 0.110 1
76 3 N1 N3 30 1.280 1
76 4 N2 N3 36 2.220 1
77 1 N3 N3 92 0.640 1
77 2 N5 N3 16 1.160 1
77 3 N1 N3 30 0.970 1
77 4 N2 N3 33 0.490 1
78 1 N3 N3 92 0.750 1
78 2 N5 N3 14 0.750 1
78 3 N1 N3 29 0.690 1
78 4 N2 N3 31 0.700 1
79 1 N3 N3 91 0.710 1
79 2 N5 N3 12 0.710 1
79 3 N1 N3 28 0.730 1
79 4 N2 N3 28 0.710 1
80 1 N3 N3 90 0.660 1
80 2 N5 N3 12 1.770 1
80 3 N1 N3 28 0.670 1
80 4 N2 N3 28 1.770 1
81 1 N3 N3 90 0.190 1
81 2 N5 N3 11 0.710 1
81 3 N1 N3 29 0.020 1
81 4 N2 N3 27 0.590 1
82 1 N3 N3 90 1.240 1
82 2 N5 N3 11 1.760 1
82 3 N1 N3 29 1.070 1
82 4 N2 N3 27 1.640 1
83 1 N3 N3 93 0.240 1
83 2 N5 N3 10 0.290 1
83 3 N1 N3 29 0.310 1
83 4 N2 N3 26 0.400 1
84 1 N3 N3 94 0.260 1
84 2 N5 N3 9 0.270 1
84 3 N1 N3 30 0.040 1
84 4 N2 N3 26 1.450 1
85 1 N3 N3 94 1.310 1
85 2 N5 N3 9 1.320 1
85 3 N1 N3 30 1.090 1
85 4 N2 N3 26 2.500 1
86 1 N3 N3 96 0.480 1
86 2 N5 N3 9 0.500 1
86 3 N1 N3 30 2.140 1
86 4 N2 N3 26 0.470 1
87 1 N3 N3 97 0.220 1
87 2 N5 N3 9 0.390 1
87 3 N1 N3 30 0.230 1
87 4 N2 N3 26 1.520 1
88 1 N3 N3 97 0.250 1
88 2 N5 N3 9 0.280 1
88 3 N1 N3 29 0.270 1
88 4 N2 N3 26 0.270 1
89 1 N3 N3 97 1.300 1
89 2 N5 N3 9 1.330 1
89 3 N1 N3 29 1.320 1
89 4 N2 N3 26 1.320 1
90 1 N3 N3 97 0.380 1
90 2 N5 N3 10 0.840 1
90 3 N1 N3 29 0.630 1
90 4 N2 N3 27 0.110 1
91 1 N3 N3 97 0.410 1
91 2 N5 N3 10 1.890 1
91 3 N1 N3 28 0.930 1
91 4 N2 N3 28 0.830 1
92 1 N3 N3 97 1.460 1
92 2 N5 N3 10 2.940 1
92 3 N1 N3 28 1.980 1
92 4 N2 N3 28 1.880 1
93 1 N3 N3 99 0.250 1
93 2 N5 N3 11 0.980 1
93 3 N1 N3 28 1.050 1
93 4 N2 N3 31 0.950 1
94 1 N3 N3 99 1.030 1
94 2 N5 N3 11 1.030 1
94 3 N1 N3 28 2.100 1
94 4 N2 N3 32 0.970 1
95 1 N3 N3 96 0.060 1
95 2 N5 N3 11 0.570 1
95 3 N1 N3 28 0.570 1
95 4 N2 N3 33 0.250 1
96 1 N3 N3 95 0.060 1
96 2 N5 N3 11 1.610 1
96 3 N1 N3 28 1.610 1
96 4 N2 N3 33 0.010 1
97 1 N3 N3 95 0.580 1
97 2 N5 N3 11 2.660 1
97 3 N1 N3 28 2.660 1
97 4 N2 N3 33 1.060 1
98 1 N3 N3 95 0.070 1
98 2 N5 N3 12 0.280 1
98 3 N1 N3 28 3.710 1
98 4 N2 N3 33 2.110 1
99 1 N3 N3 94 0.110 1
99 2 N5 N3 12 0.110 1
99 3 N1 N3 28 0.220 1
99 4 N2 N3 35 0.090 1
100 1 N3 N3 94 0.120 1
100 2 N5 N3 12 0.630 1
100 3 N1 N3 28 0.060 1
100 4 N2 N3 35 0.100 1
101 1 N3 N3 94 0.160 1
101 2 N5 N3 12 1.680 1
101 3 N1 N3 29 0.440 1
101 4 N2 N3 36 0.130 1
102 1 N3 N3 95 0.710 1
102 2 N5 N3 13 0.710 1
102 3 N1 N3 30 0.340 1
102 4 N2 N3 39 0.170 1
103 1 N3 N3 98 0.200 1
103 2 N5 N3 14 0.710 1
103 3 N1 N3 33 0.380 1
103 4 N2 N3 40 0.200 1
104 1 N3 N3 101 0.220 1
104 2 N5 N3 16 0.220 1
104 3 N1 N3 35 0.420 1
104 4 N2 N3 44 0.200 1
105 1 N3 N3 103 0.750 1
105 2 N5 N3 18 0.260 1
105 3 N1 N3 39 0.430 1
105 4 N2 N3 45 0.730 1
106 1 N3 N3 108 0.270 1
106 2 N5 N3 20 0.270 1
106 3 N1 N3 43 0.440 1
106 4 N2 N3 47 0.260 1
107 1 N3 N3 112 0.270 1
107 2 N5 N3 22 0.290 1
107 3 N1 N3 46 0.970 1
107 4 N2 N3 52 0.280 1
108 1 N3 N3 117 0.310 1
108 2 N5 N3 25 0.330 1
108 3 N1 N3 48 0.490 1
108 4 N2 N3 55 0.310 1
109 1 N3 N3 122 0.320 1
109 2 N5 N3 28 0.320 1
109 3 N1 N3 56 0.000 1
109 4 N2 N3 59 0.300 1
110 1 N3 N3 127 0.370 1
110 2 N5 N3 29 0.370 1
110 3 N1 N3 59 0.010 1
110 4 N2 N3 65 0.320 1
111 1 N3 N3 131 0.390 1
111 2 N5 N3 32 0.390 1
111 3 N1 N3 63 0.010 1
111 4 N2 N3 65 1.360 1
112 1 N3 N3 135 0.440 1
112 2 N5 N3 33 0.940 1
112 3 N1 N3 65 0.550 1
112 4 N2 N3 70 0.370 1
113 1 N3 N3 137 0.470 1
113 2 N5 N3 34 0.970 1
113 3 N1 N3 66 0.560 1
113 4 N2 N3 75 0.360 1
114 1 N3 N3 141 0.010 1
114 2 N5 N3 36 0.010 1
114 3 N1 N3 66 1.610 1
114 4 N2 N3 78 0.420 1
115 1 N3 N3 144 0.030 1
115 2 N5 N3 37 0.550 1
115 3 N1 N3 69 0.070 1
115 4 N2 N3 80 0.430 1
116 1 N3 N3 146 0.040 1
116 2 N5 N3 39 0.080 1
116 3 N1 N3 71 0.080 1
116 4 N2 N3 82 0.470 1
117 1 N3 N3 149 0.050 1
117 2 N5 N3 41 0.050 1
117 3 N1 N3 72 0.050 1
117 4 N2 N3 83 1.000 1
118 1 N3 N3 150 0.070 1
118 2 N5 N3 42 0.070 1
118 3 N1 N3 73 0.690 1
118 4 N2 N3 84 0.490 1
119 1 N3 N3 153 0.090 1
119 2 N5 N3 45 0.090 1
119 3 N1 N3 74 0.290 1
119 4 N2 N3 85 0.010 1
120 1 N3 N3 156 0.100 1
120 2 N5 N3 46 0.100 1
120 3 N1 N3 76 0.320 1
120 4 N2 N3 85 0.030 1
121 1 N3 N3 157 0.160 1
121 2 N5 N3 49 0.160 1
121 3 N1 N3 76 1.370 1
121 4 N2 N3 87 0.040 1
122 1 N3 N3 158 0.710 1
122 2 N5 N3 50 0.710 1
122 3 N1 N3 76 2.420 1
122 4 N2 N3 88 0.050 1
123 1 N3 N3 159 0.190 1
123 2 N5 N3 53 0.190 1
123 3 N1 N3 78 0.400 1
123 4 N2 N3 90 0.060 1
124 1 N3 N3 160 0.750 1
124 2 N5 N3 54 0.750 1
124 3 N1 N3 79 0.950 1
124 4 N2 N3 92 0.060 1
125 1 N3 N3 162 0.250 1
125 2 N5 N3 55 0.760 1
125 3 N1 N3 81 0.450 1
125 4 N2 N3 94 0.580 1
126 1 N3 N3 165 0.270 1
126 2 N5 N3 59 0.270 1
126 3 N1 N3 83 0.980 1
126 4 N2 N3 97 0.090 1
127 1 N3 N3 167 0.320 1
127 2 N5 N3 61 0.820 1
127 3 N1 N3 83 2.030 1
127 4 N2 N3 97 1.140 1
128 1 N3 N3 169 0.330 1
128 2 N5 N3 63 0.330 1
128 3 N1 N3 84 0.510 1
128 4 N2 N3 99 0.100 1
129 1 N3 N3 171 0.840 1
129 2 N5 N3 65 0.840 1
129 3 N1 N3 88 0.490 1
129 4 N2 N3 101 0.120 1
130 1 N3 N3 175 0.370 1
130 2 N5 N3 68 0.390 1
130 3 N1 N3 92 0.180 1
130 4 N2 N3 103 0.670 1
131 1 N3 N3 178 0.910 1
131 2 N5 N3 73 0.430 1
131 3 N1 N3 97 0.430 1
131 4 N2 N3 106 0.710 1
132 1 N3 N3 183 0.410 1
132 2 N5 N3 75 0.970 1
132 3 N1 N3 98 0.430 1
132 4 N2 N3 110 0.190 1
133 1 N3 N3 188 0.450 1
133 2 N5 N3 78 0.990 1
133 3 N1 N3 100 0.460 1
133 4 N2 N3 111 0.750 1
134 1 N3 N3 191 0.490 1
134 2 N5 N3 84 0.000 1
134 3 N1 N3 104 0.000 1
134 4 N2 N3 113 0.250 1
135 1 N3 N3 193 0.500 1
135 2 N5 N3 87 0.550 1
135 3 N1 N3 106 0.030 1
135 4 N2 N3 117 0.280 1
136 1 N3 N3 194 0.100 1
136 2 N5 N3 88 0.610 1
136 3 N1 N3 106 1.160 1
136 4 N2 N3 119 0.390 1
137 1 N3 N3 194 0.150 1
137 2 N5 N3 91 0.150 1
137 3 N1 N3 106 2.230 1
137 4 N2 N3 120 0.470 1
138 1 N3 N3 195 0.160 1
138 2 N5 N3 93 0.160 1
138 3 N1 N3 106 0.160 1
138 4 N2 N3 120 0.010 1
139 1 N3 N3 194 0.200 1
139 2 N5 N3 93 0.200 1
139 3 N1 N3 107 0.200 1
139 4 N2 N3 120 0.030 1
140 1 N3 N3 192 0.200 1
140 2 N5 N3 93 0.200 1
140 3 N1 N3 106 0.200 1
140 4 N2 N3 118 0.060 1
141 1 N3 N3 191 0.240 1
141 2 N5 N3 93 0.240 1
141 3 N1 N3 106 0.750 1
141 4 N2 N3 117 0.070 1
142 1 N3 N3 189 0.270 1
142 2 N5 N3 94 0.270 1
142 3 N1 N3 105 0.270 1
142 4 N2 N3 116 0.090 1
143 1 N3 N3 187 0.280 1
143 2 N5 N3 94 0.790 1
143 3 N1 N3 104 0.280 1
143 4 N2 N3 116 0.120 1
144 1 N3 N3 187 0.320 1
144 2 N5 N3 94 0.200 1
144 3 N1 N3 104 0.730 1
144 4 N2 N3 116 0.130 1
145 1 N3 N3 186 0.310 1
145 2 N5 N3 94 0.310 1
145 3 N1 N3 103 0.190 1
145 4 N2 N3 117 0.160 1
146 1 N3 N3 185 0.320 1
146 2 N5 N3 96 0.320 1
146 3 N1 N3 103 0.730 1
146 4 N2 N3 117 0.690 1
147 1 N3 N3 186 0.360 1
147 2 N5 N3 97 0.360 1
147 3 N1 N3 104 0.740 1
147 4 N2 N3 119 0.200 1
148 1 N3 N3 186 0.400 1
148 2 N5 N3 98 0.400 1
148 3 N1 N3 105 0.220 1
148 4 N2 N3 120 0.230 1
149 1 N3 N3 185 0.420 1
149 2 N5 N3 98 1.440 1
149 3 N1 N3 107 0.230 1
149 4 N2 N3 122 0.240 1
150 1 N3 N3 185 0.440 1
150 2 N5 N3 99 0.330 1
150 3 N1 N3 107 0.200 1
150 4 N2 N3 123 0.200 1
151 1 N3 N3 186 0.440 1
151 2 N5 N3 99 0.960 1
151 3 N1 N3 109 0.080 1
151 4 N2 N3 125 0.240 1
152 1 N3 N3 186 0.950 1
152 2 N5 N3 100 0.950 1
152 3 N1 N3 111 0.770 1
152 4 N2 N3 128 0.270 1
153 1 N3 N3 188 0.470 1
153 2 N5 N3 102 0.470 1
153 3 N1 N3 113 0.240 1
153 4 N2 N3 130 0.240 1
154 1 N3 N3 189 0.470 1
154 2 N5 N3 102 0.470 1
154 3 N1 N3 115 0.370 1
154 4 N2 N3 131 0.280 1
155 1 N3 N3 190 0.010 1
155 2 N5 N3 104 0.390 1
155 3 N1 N3 116 0.810 1
155 4 N2 N3 132 0.310 1
156 1 N3 N3 190 0.030 1
156 2 N5 N3 105 0.390 1
156 3 N1 N3 117 0.820 1
156 4 N2 N3 132 0.330 1
157 1 N3 N3 190 0.030 1
157 2 N5 N3 105 0.550 1
157 3 N1 N3 117 0.320 1
157 4 N2 N3 133 0.370 1
158 1 N3 N3 190 0.060 1
158 2 N5 N3 105 0.460 1
158 3 N1 N3 117 0.340 1
158 4 N2 N3 133 0.390 1
159 1 N3 N3 190 0.100 1
159 2 N5 N3 105 0.100 1
159 3 N1 N3 116 0.340 1
159 4 N2 N3 132 0.360 1
160 1 N3 N3 189 0.130 1
160 2 N5 N3 105 0.040 1
160 3 N1 N3 116 0.380 1
160 4 N2 N3 130 0.430 1
161 1 N3 N3 187 0.160 1
161 2 N5 N3 105 0.040 1
161 3 N1 N3 115 0.390 1
161 4 N2 N3 129 0.460 1
162 1 N3 N3 184 0.190 1
162 2 N5 N3 104 0.060 1
162 3 N1 N3 114 0.420 1
162 4 N2 N3 128 0.470 1
163 1 N3 N3 181 0.200 1
163 2 N5 N3 103 0.610 1
163 3 N1 N3 112 0.420 1
163 4 N2 N3 128 1.520 1
164 1 N3 N3 179 0.230 1
164 2 N5 N3 102 0.070 1
164 3 N1 N3 112 1.470 1
164 4 N2 N3 126 0.010 1
165 1 N3 N3 175 0.260 1
165 2 N5 N3 102 1.120 1
165 3 N1 N3 110 0.490 1
165 4 N2 N3 125 0.560 1
166 1 N3 N3 173 0.270 1
166 2 N5 N3 100 0.160 1
166 3 N1 N3 108 0.500 1
166 4 N2 N3 124 0.060 1
167 1 N3 N3 171 0.290 1
167 2 N5 N3 100 1.210 1
167 3 N1 N3 108 1.550 1
167 4 N2 N3 123 0.590 1
168 1 N3 N3 169 0.330 1
168 2 N5 N3 98 0.190 1
168 3 N1 N3 106 0.020 1
168 4 N2 N3 121 0.090 1
169 1 N3 N3 167 0.330 1
169 2 N5 N3 96 0.190 1
169 3 N1 N3 105 0.030 1
169 4 N2 N3 120 0.110 1
170 1 N3 N3 165 0.380 1
170 2 N5 N3 95 0.220 1
170 3 N1 N3 103 0.040 1
170 4 N2 N3 119 0.670 1
171 1 N3 N3 165 0.900 1
171 2 N5 N3 94 0.760 1
171 3 N1 N3 102 0.100 1
171 4 N2 N3 117 0.180 1
172 1 N3 N3 164 0.400 1
172 2 N5 N3 93 0.770 1
172 3 N1 N3 101 0.140 1
172 4 N2 N3 117 1.230 1
173 1 N3 N3 164 0.430 1
173 2 N5 N3 93 1.820 1
173 3 N1 N3 100 0.660 1
173 4 N2 N3 116 0.240 1
174 1 N3 N3 165 0.450 1
174 2 N5 N3 92 0.850 1
174 3 N1 N3 99 0.190 1
174 4 N2 N3 116 0.230 1
175 1 N3 N3 166 0.480 1
175 2 N5 N3 92 0.830 1
175 3 N1 N3 99 0.200 1
175 4 N2 N3 114 0.260 1
176 1 N3 N3 166 0.520 1
176 2 N5 N3 91 0.390 1
176 3 N1 N3 99 0.740 1
176 4 N2 N3 113 0.320 1
177 1 N3 N3 167 0.010 1
177 2 N5 N3 89 0.010 1
177 3 N1 N3 99 0.250 1
177 4 N2 N3 113 0.360 1
178 1 N3 N3 168 0.040 1
178 2 N5 N3 89 0.440 1
178 3 N1 N3 99 0.810 1
178 4 N2 N3 112 0.370 1
179 1 N3 N3 167 0.070 1
179 2 N5 N3 89 0.460 1
179 3 N1 N3 98 0.300 1
179 4 N2 N3 111 0.420 1
180 1 N3 N3 167 0.140 1
180 2 N5 N3 88 0.020 1
180 3 N1 N3 98 0.410 1
180 4 N2 N3 111 0.980 1
181 1 N3 N3 166 0.190 1
181 2 N5 N3 86 0.030 1
181 3 N1 N3 97 0.220 1
181 4 N2 N3 110 0.980 1
182 1 N3 N3 163 0.240 1
182 2 N5 N3 86 0.570 1
182 3 N1 N3 96 0.730 1
182 4 N2 N3 108 0.480 1
183 1 N3 N3 160 0.270 1
183 2 N5 N3 84 0.060 1
183 3 N1 N3 94 0.390 1
183 4 N2 N3 107 0.510 1
184 1 N3 N3 157 0.290 1
184 2 N5 N3 82 0.090 1
184 3 N1 N3 94 0.430 1
184 4 N2 N3 106 0.510 1
185 1 N3 N3 154 0.320 1
185 2 N5 N3 81 0.100 1
185 3 N1 N3 93 0.430 1
185 4 N2 N3 104 0.040 1
186 1 N3 N3 152 0.300 1
186 2 N5 N3 80 0.090 1
186 3 N1 N3 93 1.470 1
186 4 N2 N3 103 0.550 1
187 1 N3 N3 150 0.320 1
187 2 N5 N3 80 1.140 1
187 3 N1 N3 93 0.480 1
187 4 N2 N3 102 0.060 1
188 1 N3 N3 146 0.360 1
188 2 N5 N3 79 0.640 1
188 3 N1 N3 91 0.490 1
188 4 N2 N3 101 0.580 1
189 1 N3 N3 145 0.360 1
189 2 N5 N3 79 1.690 1
189 3 N1 N3 88 0.530 1
189 4 N2 N3 101 1.630 1
190 1 N3 N3 144 0.420 1
190 2 N5 N3 79 2.740 1
190 3 N1 N3 87 1.030 1
190 4 N2 N3 100 1.050 1
191 1 N3 N3 142 0.430 1
191 2 N5 N3 79 3.790 1
191 3 N1 N3 87 2.080 1
191 4 N2 N3 99 0.630 1
192 1 N3 N3 140 0.430 1
192 2 N5 N3 77 0.740 1
192 3 N1 N3 87 3.130 1
192 4 N2 N3 98 0.640 1
193 1 N3 N3 138 0.470 1
193 2 N5 N3 77 1.780 1
193 3 N1 N3 84 0.300 1
193 4 N2 N3 98 1.680 1
194 1 N3 N3 137 0.500 1
194 2 N5 N3 77 2.840 1
194 3 N1 N3 83 0.500 1
194 4 N2 N3 96 0.610 1
195 1 N3 N3 134 0.020 1
195 2 N5 N3 75 0.020 1
195 3 N1 N3 83 1.550 1
195 4 N2 N3 94 0.680 1
196 1 N3 N3 131 0.030 1
196 2 N5 N3 70 0.030 1
196 3 N1 N3 82 0.530 1
196 4 N2 N3 93 0.680 1
197 1 N3 N3 131 1.080 1
197 2 N5 N3 70 1.080 1
197 3 N1 N3 82 1.580 1
197 4 N2 N3 91 0.660 1
198 1 N3 N3 128 0.010 1
198 2 N5 N3 68 0.280 1
198 3 N1 N3 80 1.010 1
198 4 N2 N3 89 0.150 1
199 1 N3 N3 125 0.090 1
199 2 N5 N3 62 0.380 1
199 3 N1 N3 80 2.060 1
199 4 N2 N3 84 0.160 1
200 1 N3 N3 123 0.080 1
200 2 N5 N3 57 0.410 1
200 3 N1 N3 80 3.110 1
200 4 N2 N3 81 0.210 1
201 1 N3 N3 121 0.110 1
201 2 N5 N3 52 0.390 1
201 3 N1 N3 74 0.510 1
201 4 N2 N3 78 0.230 1
202 1 N3 N3 118 0.140 1
202 2 N5 N3 46 0.430 1
202 3 N1 N3 74 1.560 1
202 4 N2 N3 78 1.280 1
203 1 N3 N3 116 0.170 1
203 2 N5 N3 43 1.020 1
203 3 N1 N3 74 2.620 1
203 4 N2 N3 78 2.340 1
204 1 N3 N3 113 0.200 1
204 2 N5 N3 39 0.000 1
204 3 N1 N3 72 0.530 1
204 4 N2 N3 71 0.290 1
205 1 N3 N3 109 0.220 1
205 2 N5 N3 34 0.020 1
205 3 N1 N3 68 0.910 1
205 4 N2 N3 68 0.830 1
206 1 N3 N3 105 0.220 1
206 2 N5 N3 32 0.520 1
206 3 N1 N3 61 0.280 1
206 4 N2 N3 64 0.350 1
207 1 N3 N3 102 0.230 1
207 2 N5 N3 30 0.570 1
207 3 N1 N3 58 0.310 1
207 4 N2 N3 64 1.390 1
208 1 N3 N3 102 1.280 1
208 2 N5 N3 29 0.580 1
208 3 N1 N3 58 1.360 1
208 4 N2 N3 64 2.440 1
209 1 N3 N3 97 0.610 1
209 2 N5 N3 29 1.630 1
209 3 N1 N3 58 2.410 1
209 4 N2 N3 64 3.490 1
210 1 N3 N3 93 0.380 1
210 2 N5 N3 27 0.770 1
210 3 N1 N3 54 0.760 1
210 4 N2 N3 64 4.540 1
211 1 N3 N3 90 0.550 1
211 2 N5 N3 27 1.820 1
211 3 N1 N3 54 1.810 1
211 4 N2 N3 64 5.590 1
212 1 N3 N3 84 0.040 1
212 2 N5 N3 27 2.870 1
212 3 N1 N3 51 0.040 1
212 4 N2 N3 60 0.830 1
213 1 N3 N3 82 0.350 1
213 2 N5 N3 27 3.910 1
213 3 N1 N3 44 0.350 1
213 4 N2 N3 60 1.870 1
214 1 N3 N3 79 0.560 1
214 2 N5 N3 27 4.960 1
214 3 N1 N3 41 0.560 1
214 4 N2 N3 56 0.560 1
215 1 N3 N3 76 0.820 1
215 2 N5 N3 25 0.820 1
215 3 N1 N3 38 0.870 1
215 4 N2 N3 49 0.880 1
216 1 N3 N3 72 0.460 1
216 2 N5 N3 23 0.470 1
216 3 N1 N3 35 0.460 1
216 4 N2 N3 43 0.450 1
217 1 N3 N3 67 0.070 1
217 2 N5 N3 23 1.520 1
217 3 N1 N3 35 1.510 1
217 4 N2 N3 43 1.500 1
218 1 N3 N3 66 0.410 1
218 2 N5 N3 21 0.410 1
218 3 N1 N3 25 0.160 1
218 4 N2 N3 33 0.020 1
219 1 N3 N3 67 0.410 1
219 2 N5 N3 18 0.410 1
219 3 N1 N3 22 0.070 1
219 4 N2 N3 28 0.030 1
220 1 N3 N3 67 0.400 1
220 2 N5 N3 16 0.930 1
220 3 N1 N3 19 0.160 1
220 4 N2 N3 23 0.060 1
221 1 N3 N3 68 0.430 1
221 2 N5 N3 13 0.430 1
221 3 N1 N3 17 0.160 1
221 4 N2 N3 20 0.080 1
222 1 N3 N3 70 0.440 1
222 2 N5 N3 12 0.440 1
222 3 N1 N3 17 0.190 1
222 4 N2 N3 19 0.110 1
223 1 N3 N3 73 0.450 1
223 2 N5 N3 10 0.450 1
223 3 N1 N3 16 0.180 1
223 4 N2 N3 19 0.650 1
224 1 N3 N3 79 0.490 1
224 2 N5 N3 9 1.020 1
224 3 N1 N3 17 0.120 1
224 4 N2 N3 20 0.180 1
225 1 N3 N3 82 1.020 1
225 2 N5 N3 9 1.020 1
225 3 N1 N3 19 0.130 1
225 4 N2 N3 23 0.240 1
226 1 N3 N3 90 0.020 1
226 2 N5 N3 10 0.020 1
226 3 N1 N3 20 0.680 1
226 4 N2 N3 27 0.260 1
227 1 N3 N3 97 0.030 1
227 2 N5 N3 11 0.030 1
227 3 N1 N3 24 0.160 1
227 4 N2 N3 29 0.270 1
228 1 N3 N3 104 0.020 1
228 2 N5 N3 14 0.020 1
228 3 N1 N3 26 0.690 1
228 4 N2 N3 35 0.270 1
229 1 N3 N3 111 0.040 1
229 2 N5 N3 17 0.060 1
229 3 N1 N3 31 0.250 1
229 4 N2 N3 41 0.290 1
230 1 N3 N3 116 0.060 1
230 2 N5 N3 21 0.070 1
230 3 N1 N3 36 0.300 1
230 4 N2 N3 44 0.830 1
231 1 N3 N3 122 0.080 1
231 2 N5 N3 25 0.080 1
231 3 N1 N3 42 0.290 1
231 4 N2 N3 47 0.330 1
232 1 N3 N3 126 0.120 1
232 2 N5 N3 28 0.120 1
232 3 N1 N3 45 0.320 1
232 4 N2 N3 51 0.850 1
233 1 N3 N3 129 0.170 1
233 2 N5 N3 32 0.170 1
233 3 N1 N3 50 0.320 1
233 4 N2 N3 57 0.340 1
234 1 N3 N3 131 0.180 1
234 2 N5 N3 34 0.180 1
234 3 N1 N3 52 0.840 1
234 4 N2 N3 63 0.350 1
235 1 N3 N3 133 0.200 1
235 2 N5 N3 37 0.210 1
235 3 N1 N3 56 0.360 1
235 4 N2 N3 66 0.910 1
236 1 N3 N3 135 0.210 1
236 2 N5 N3 40 0.210 1
236 3 N1 N3 58 0.880 1
236 4 N2 N3 66 1.950 1
237 1 N3 N3 137 0.240 1
237 2 N5 N3 43 0.240 1
237 3 N1 N3 60 0.410 1
237 4 N2 N3 71 0.480 1
238 1 N3 N3 140 0.270 1
238 2 N5 N3 46 0.270 1
238 3 N1 N3 64 0.410 1
238 4 N2 N3 80 0.010 1
239 1 N3 N3 142 0.290 1
239 2 N5 N3 48 0.810 1
239 3 N1 N3 66 0.950 1
239 4 N2 N3 84 0.030 1
240 1 N3 N3 145 0.320 1
240 2 N5 N3 51 0.320 1
240 3 N1 N3 66 1.990 1
240 4 N2 N3 89 0.070 1
241 1 N3 N3 149 0.340 1
241 2 N5 N3 52 0.340 1
241 3 N1 N3 68 0.470 1
241 4 N2 N3 92 0.090 1
242 1 N3 N3 153 0.360 1
242 2 N5 N3 56 0.360 1
242 3 N1 N3 70 0.490 1
242 4 N2 N3 94 0.640 1
243 1 N3 N3 157 0.400 1
243 2 N5 N3 59 0.400 1
243 3 N1 N3 73 0.020 1
243 4 N2 N3 97 0.160 1
244 1 N3 N3 160 0.430 1
244 2 N5 N3 61 0.430 1
244 3 N1 N3 73 1.070 1
244 4 N2 N3 100 0.170 1
245 1 N3 N3 163 0.450 1
245 2 N5 N3 63 0.450 1
245 3 N1 N3 75 0.070 1
245 4 N2 N3 102 0.200 1
246 1 N3 N3 166 0.460 1
246 2 N5 N3 66 0.460 1
246 3 N1 N3 78 0.070 1
246 4 N2 N3 103 0.750 1
247 1 N3 N3 172 0.000 1
247 2 N5 N3 71 0.500 1
247 3 N1 N3 79 0.660 1
247 4 N2 N3 106 0.310 1
248 1 N3 N3 174 0.010 1
248 2 N5 N3 73 0.950 1
248 3 N1 N3 79 1.710 1
248 4 N2 N3 108 0.330 1
249 1 N3 N3 175 0.030 1
249 2 N5 N3 77 0.530 1
249 3 N1 N3 80 0.740 1
249 4 N2 N3 110 0.340 1
250 1 N3 N3 176 0.060 1
250 2 N5 N3 78 0.430 1
250 3 N1 N3 82 0.250 1
250 4 N2 N3 112 0.360 1
251 1 N3 N3 175 0.080 1
251 2 N5 N3 80 0.990 1
251 3 N1 N3 84 0.280 1
251 4 N2 N3 114 0.370 1
252 1 N3 N3 174 0.080 1
252 2 N5 N3 83 0.490 1
252 3 N1 N3 85 0.280 1
252 4 N2 N3 115 0.400 1
253 1 N3 N3 172 0.110 1
253 2 N5 N3 85 0.010 1
253 3 N1 N3 86 0.270 1
253 4 N2 N3 116 0.410 1
254 1 N3 N3 170 0.110 1
254 2 N5 N3 88 0.110 1
254 3 N1 N3 86 1.320 1
254 4 N2 N3 116 0.440 1
255 1 N3 N3 167 0.110 1
255 2 N5 N3 89 0.110 1
255 3 N1 N3 88 0.310 1
255 4 N2 N3 116 0.460 1
256 1 N3 N3 166 0.660 1
256 2 N5 N3 89 0.660 1
256 3 N1 N3 89 0.880 1
256 4 N2 N3 114 0.030 1
257 1 N3 N3 163 0.180 1
257 2 N5 N3 89 0.180 1
257 3 N1 N3 89 0.360 1
257 4 N2 N3 113 0.070 1
258 1 N3 N3 161 0.210 1
258 2 N5 N3 89 0.210 1
258 3 N1 N3 89 0.300 1
258 4 N2 N3 111 0.080 1
259 1 N3 N3 160 0.270 1
259 2 N5 N3 87 0.270 1
259 3 N1 N3 88 0.460 1
259 4 N2 N3 109 0.090 1
260 1 N3 N3 158 0.310 1
260 2 N5 N3 86 0.720 1
260 3 N1 N3 87 1.000 1
260 4 N2 N3 107 0.090 1
261 1 N3 N3 158 0.830 1
261 2 N5 N3 84 0.220 1
261 3 N1 N3 85 0.020 1
261 4 N2 N3 106 0.600 1
262 1 N3 N3 158 0.320 1
262 2 N5 N3 84 1.260 1
262 3 N1 N3 84 0.530 1
262 4 N2 N3 106 0.600 1
263 1 N3 N3 157 0.350 1
263 2 N5 N3 81 0.220 1
263 3 N1 N3 83 0.040 1
263 4 N2 N3 105 0.090 1
264 1 N3 N3 157 0.370 1
264 2 N5 N3 80 0.370 1
264 3 N1 N3 82 0.080 1
264 4 N2 N3 103 0.110 1
265 1 N3 N3 157 0.410 1
265 2 N5 N3 78 0.410 1
265 3 N1 N3 81 0.120 1
265 4 N2 N3 102 0.160 1
266 1 N3 N3 158 0.430 1
266 2 N5 N3 75 0.430 1
266 3 N1 N3 81 0.250 1
266 4 N2 N3 102 1.210 1
267 1 N3 N3 158 0.440 1
267 2 N5 N3 74 0.970 1
267 3 N1 N3 80 0.770 1
267 4 N2 N3 101 0.720 1
268 1 N3 N3 158 0.480 1
268 2 N5 N3 72 0.480 1
268 3 N1 N3 78 0.360 1
268 4 N2 N3 100 0.230 1
269 1 N3 N3 157 0.470 1
269 2 N5 N3 70 0.470 1
269 3 N1 N3 77 0.480 1
269 4 N2 N3 99 0.480 1
270 1 N3 N3 156 0.020 1
270 2 N5 N3 70 0.020 1
270 3 N1 N3 74 0.410 1
270 4 N2 N3 98 0.620 1
271 1 N3 N3 155 0.050 1
271 2 N5 N3 69 0.050 1
271 3 N1 N3 74 0.450 1
271 4 N2 N3 99 0.310 1
272 1 N3 N3 154 0.070 1
272 2 N5 N3 70 0.570 1
272 3 N1 N3 74 0.340 1
272 4 N2 N3 100 0.330 1
273 1 N3 N3 152 0.100 1
273 2 N5 N3 69 0.490 1
273 3 N1 N3 76 0.350 1
273 4 N2 N3 100 0.350 1
274 1 N3 N3 150 0.140 1
274 2 N5 N3 69 0.490 1
274 3 N1 N3 76 0.360 1
274 4 N2 N3 100 0.360 1
275 1 N3 N3 149 0.190 1
275 2 N5 N3 70 0.520 1
275 3 N1 N3 77 0.390 1
275 4 N2 N3 101 0.410 1
276 1 N3 N3 148 0.190 1
276 2 N5 N3 71 0.490 1
276 3 N1 N3 79 0.370 1
276 4 N2 N3 102 0.400 1
277 1 N3 N3 148 0.200 1
277 2 N5 N3 72 0.520 1
277 3 N1 N3 79 1.420 1
277 4 N2 N3 102 0.420 1
278 1 N3 N3 146 0.250 1
278 2 N5 N3 74 0.050 1
278 3 N1 N3 81 0.420 1
278 4 N2 N3 103 0.410 1
279 1 N3 N3 146 0.290 1
279 2 N5 N3 74 0.130 1
279 3 N1 N3 85 0.490 1
279 4 N2 N3 104 1.000 1
280 1 N3 N3 146 0.310 1
280 2 N5 N3 74 0.130 1
280 3 N1 N3 87 0.490 1
280 4 N2 N3 106 0.520 1
281 1 N3 N3 147 0.340 1
281 2 N5 N3 74 0.140 1
281 3 N1 N3 88 1.020 1
281 4 N2 N3 107 0.520 1
282 1 N3 N3 147 0.360 1
282 2 N5 N3 74 0.130 1
282 3 N1 N3 90 0.530 1
282 4 N2 N3 107 0.550 1
283 1 N3 N3 149 0.390 1
283 2 N5 N3 74 0.150 1
283 3 N1 N3 92 0.020 1
283 4 N2 N3 108 0.040 1
284 1 N3 N3 150 0.400 1
284 2 N5 N3 74 0.180 1
284 3 N1 N3 93 0.040 1
284 4 N2 N3 109 0.060 1
285 1 N3 N3 151 0.390 1
285 2 N5 N3 74 0.180 1
285 3 N1 N3 94 0.580 1
285 4 N2 N3 110 0.080 1
286 1 N3 N3 153 0.440 1
286 2 N5 N3 73 0.220 1
286 3 N1 N3 94 0.100 1
286 4 N2 N3 110 0.100 1
287 1 N3 N3 154 0.450 1
287 2 N5 N3 73 1.270 1
287 3 N1 N3 95 0.660 1
287 4 N2 N3 110 0.110 1
288 1 N3 N3 155 0.480 1
288 2 N5 N3 73 0.280 1
288 3 N1 N3 94 0.670 1
288 4 N2 N3 109 0.090 1
289 1 N3 N3 155 0.010 1
289 2 N5 N3 72 0.810 1
289 3 N1 N3 94 0.700 1
289 4 N2 N3 108 0.130 1
290 1 N3 N3 155 0.140 1
290 2 N5 N3 71 0.440 1
290 3 N1 N3 93 0.440 1
290 4 N2 N3 107 0.300 1
291 1 N3 N3 155 0.160 1
291 2 N5 N3 70 0.440 1
291 3 N1 N3 92 0.440 1
291 4 N2 N3 105 0.360 1
292 1 N3 N3 155 0.200 1
292 2 N5 N3 70 0.460 1
292 3 N1 N3 91 0.460 1
292 4 N2 N3 105 0.880 1
293 1 N3 N3 154 0.210 1
293 2 N5 N3 70 0.980 1
293 3 N1 N3 90 0.430 1
293 4 N2 N3 104 0.890 1
294 1 N3 N3 154 0.230 1
294 2 N5 N3 69 0.000 1
294 3 N1 N3 88 0.000 1
294 4 N2 N3 102 0.380 1
295 1 N3 N3 154 0.250 1
295 2 N5 N3 69 0.020 1
295 3 N1 N3 87 0.520 1
295 4 N2 N3 100 0.410 1
296 1 N3 N3 153 0.280 1
296 2 N5 N3 69 1.070 1
296 3 N1 N3 87 0.950 1
296 4 N2 N3 100 0.410 1
297 1 N3 N3 153 0.300 1
297 2 N5 N3 69 2.120 1
297 3 N1 N3 87 0.440 1
297 4 N2 N3 99 0.430 1
298 1 N3 N3 154 0.290 1
298 2 N5 N3 69 0.570 1
298 3 N1 N3 87 1.490 1
298 4 N2 N3 98 0.450 1
299 1 N3 N3 155 0.340 1
299 2 N5 N3 69 0.620 1
299 3 N1 N3 87 0.510 1
299 4 N2 N3 98 0.450 1
300 1 N3 N3 154 0.340 1
300 2 N5 N3 69 1.660 1
300 3 N1 N3 87 1.550 1
300 4 N2 N3 98 1.490 1
