PING N3 (00:00:0c:18:11:03) 116(144) bytes of data
116 bytes from N3 icmp_seq=1 ttl=50 time=684.32 ms
RR: 	N2
	N1
	N3
	N3
	N2

116 bytes from N3 icmp_seq=2 ttl=50 time=12.72 ms	(same route)
116 bytes from N3 icmp_seq=3 ttl=50 time=521.37 ms	(same route)
116 bytes from N3 icmp_seq=4 ttl=50 time=858.27 ms	(same route)
116 bytes from N3 icmp_seq=5 ttl=50 time=3.95 ms	(same route)
116 bytes from N3 icmp_seq=6 ttl=50 time=2.24 ms
RR: 	N2
	N3
	N3
	N2

116 bytes from N3 icmp_seq=7 ttl=50 time=1.29 ms	(same route)
116 bytes from N3 icmp_seq=8 ttl=50 time=1.32 ms	(same route)
116 bytes from N3 icmp_seq=9 ttl=50 time=6.24 ms	(same route)
116 bytes from N3 icmp_seq=10 ttl=50 time=16.68 ms	(same route)
116 bytes from N3 icmp_seq=11 ttl=50 time=1.36 ms	(same route)
116 bytes from N3 icmp_seq=12 ttl=50 time=32.01 ms	(same route)
116 bytes from N3 icmp_seq=13 ttl=50 time=20.13 ms	(same route)
116 bytes from N3 icmp_seq=14 ttl=50 time=459.53 ms	(same route)
116 bytes from N3 icmp_seq=15 ttl=50 time=59.99 ms	(same route)
116 bytes from N3 icmp_seq=16 ttl=50 time=82.68 ms	(same route)
116 bytes from N3 icmp_seq=17 ttl=50 time=11.54 ms	(same route)
116 bytes from N3 icmp_seq=18 ttl=50 time=13.98 ms	(same route)
116 bytes from N3 icmp_seq=19 ttl=50 time=9.88 ms	(same route)
116 bytes from N3 icmp_seq=20 ttl=50 time=34.59 ms	(same route)
116 bytes from N3 icmp_seq=21 ttl=50 time=100.90 ms	(same route)
116 bytes from N3 icmp_seq=22 ttl=50 time=737.02 ms	(same route)
116 bytes from N3 icmp_seq=23 ttl=50 time=256.44 ms	(same route)
116 bytes from N3 icmp_seq=24 ttl=50 time=19.60 ms	(same route)
116 bytes from N3 icmp_seq=25 ttl=50 time=5.04 ms	(same route)
116 bytes from N3 icmp_seq=26 ttl=50 time=58.92 ms	(same route)
116 bytes from N3 icmp_seq=27 ttl=50 time=3.68 ms	(same route)
116 bytes from N3 icmp_seq=28 ttl=50 time=37.66 ms	(same route)
116 bytes from N3 icmp_seq=29 ttl=50 time=8.73 ms	(same route)
116 bytes from N3 icmp_seq=30 ttl=50 time=3.91 ms	(same route)
116 bytes from N3 icmp_seq=31 ttl=50 time=8.73 ms	(same route)
116 bytes from N3 icmp_seq=32 ttl=50 time=4.37 ms	(same route)
116 bytes from N3 icmp_seq=33 ttl=50 time=10.53 ms	(same route)
116 bytes from N3 icmp_seq=34 ttl=50 time=3.86 ms	(same route)
116 bytes from N3 icmp_seq=35 ttl=50 time=12.09 ms	(same route)
116 bytes from N3 icmp_seq=36 ttl=50 time=15.94 ms	(same route)
116 bytes from N3 icmp_seq=37 ttl=50 time=16.75 ms	(same route)
116 bytes from N3 icmp_seq=38 ttl=50 time=13.21 ms	(same route)
116 bytes from N3 icmp_seq=39 ttl=50 time=21.65 ms	(same route)
116 bytes from N3 icmp_seq=40 ttl=50 time=10.22 ms	(same route)
116 bytes from N3 icmp_seq=41 ttl=50 time=249.09 ms	(same route)
116 bytes from N3 icmp_seq=42 ttl=50 time=3.81 ms	(same route)
116 bytes from N3 icmp_seq=43 ttl=50 time=3.54 ms	(same route)
116 bytes from N3 icmp_seq=44 ttl=50 time=2.10 ms	(same route)
116 bytes from N3 icmp_seq=45 ttl=50 time=45.26 ms	(same route)
116 bytes from N3 icmp_seq=46 ttl=50 time=5.21 ms	(same route)
116 bytes from N3 icmp_seq=47 ttl=50 time=26.49 ms	(same route)
116 bytes from N3 icmp_seq=48 ttl=50 time=37.19 ms	(same route)
116 bytes from N3 icmp_seq=49 ttl=50 time=2.17 ms	(same route)
116 bytes from N3 icmp_seq=50 ttl=50 time=36.01 ms	(same route)
116 bytes from N3 icmp_seq=51 ttl=50 time=1.35 ms	(same route)
116 bytes from N3 icmp_seq=52 ttl=50 time=3.51 ms	(same route)
116 bytes from N3 icmp_seq=53 ttl=50 time=3.64 ms	(same route)
116 bytes from N3 icmp_seq=54 ttl=50 time=6.35 ms	(same route)
116 bytes from N3 icmp_seq=55 ttl=50 time=3.46 ms	(same route)
116 bytes from N3 icmp_seq=56 ttl=50 time=3.93 ms	(same route)
116 bytes from N3 icmp_seq=57 ttl=50 time=4.10 ms	(same route)
116 bytes from N3 icmp_seq=58 ttl=50 time=25.19 ms	(same route)
116 bytes from N3 icmp_seq=59 ttl=50 time=25.08 ms	(same route)
Reply from host N3 timed out
Reply from host N3 timed out
Reply from host N3 timed out
Reply from host N3 timed out
Reply from host N3 timed out
Reply from host N3 timed out
Reply from host N3 timed out
116 bytes from N3 icmp_seq=67 ttl=50 time=4.96 ms	(same route)
116 bytes from N3 icmp_seq=68 ttl=50 time=155.27 ms	(same route)
Reply from host N3 timed out
Reply from host N3 timed out
Reply from host N3 timed out
116 bytes from N3 icmp_seq=72 ttl=50 time=164.41 ms	(same route)
116 bytes from N3 icmp_seq=73 ttl=50 time=98.54 ms	(same route)
Reply from host N3 timed out
116 bytes from N3 icmp_seq=75 ttl=50 time=932.78 ms	(same route)
Reply from host N3 timed out
116 bytes from N3 icmp_seq=77 ttl=50 time=876.42 ms	(same route)
116 bytes from N3 icmp_seq=78 ttl=50 time=228.39 ms	(same route)
116 bytes from N3 icmp_seq=79 ttl=50 time=127.51 ms	(same route)
116 bytes from N3 icmp_seq=80 ttl=50 time=332.84 ms	(same route)
Reply from host N3 timed out
116 bytes from N3 icmp_seq=82 ttl=50 time=2.00 ms	(same route)
116 bytes from N3 icmp_seq=83 ttl=50 time=567.99 ms	(same route)
Reply from host N3 timed out
116 bytes from N3 icmp_seq=85 ttl=50 time=775.22 ms	(same route)
Reply from host N3 timed out
Reply from host N3 timed out
Reply from host N3 timed out
116 bytes from N3 icmp_seq=89 ttl=50 time=15.87 ms	(same route)
Reply from host N3 timed out
116 bytes from N3 icmp_seq=91 ttl=50 time=315.28 ms	(same route)
116 bytes from N3 icmp_seq=92 ttl=50 time=125.46 ms	(same route)
116 bytes from N3 icmp_seq=93 ttl=50 time=31.38 ms	(same route)
116 bytes from N3 icmp_seq=94 ttl=50 time=183.45 ms	(same route)
116 bytes from N3 icmp_seq=95 ttl=50 time=852.15 ms	(same route)
Reply from host N3 timed out
Reply from host N3 timed out
Reply from host N3 timed out
Reply from host N3 timed out
116 bytes from N3 icmp_seq=100 ttl=50 time=1.29 ms	(same route)
Reply from host N3 timed out
116 bytes from N3 icmp_seq=102 ttl=50 time=129.91 ms	(same route)
Reply from host N3 timed out
116 bytes from N3 icmp_seq=104 ttl=50 time=985.62 ms	(same route)
116 bytes from N3 icmp_seq=105 ttl=50 time=38.43 ms	(same route)
116 bytes from N3 icmp_seq=106 ttl=50 time=41.62 ms	(same route)
116 bytes from N3 icmp_seq=107 ttl=50 time=1.51 ms	(same route)
116 bytes from N3 icmp_seq=108 ttl=50 time=2.19 ms	(same route)
116 bytes from N3 icmp_seq=109 ttl=50 time=47.42 ms	(same route)
116 bytes from N3 icmp_seq=110 ttl=50 time=879.13 ms	(same route)
116 bytes from N3 icmp_seq=111 ttl=50 time=1.30 ms	(same route)
116 bytes from N3 icmp_seq=112 ttl=50 time=13.64 ms	(same route)
116 bytes from N3 icmp_seq=113 ttl=50 time=37.60 ms	(same route)
116 bytes from N3 icmp_seq=114 ttl=50 time=256.23 ms	(same route)
116 bytes from N3 icmp_seq=115 ttl=50 time=768.24 ms	(same route)
Reply from host N3 timed out
116 bytes from N3 icmp_seq=117 ttl=50 time=1.64 ms	(same route)
116 bytes from N3 icmp_seq=118 ttl=50 time=408.84 ms	(same route)
116 bytes from N3 icmp_seq=119 ttl=50 time=85.46 ms	(same route)
116 bytes from N3 icmp_seq=120 ttl=50 time=105.49 ms	(same route)
116 bytes from N3 icmp_seq=121 ttl=50 time=769.15 ms	(same route)
116 bytes from N3 icmp_seq=122 ttl=50 time=466.60 ms	(same route)
116 bytes from N3 icmp_seq=123 ttl=50 time=312.30 ms	(same route)
116 bytes from N3 icmp_seq=124 ttl=50 time=5.65 ms	(same route)
116 bytes from N3 icmp_seq=125 ttl=50 time=1.34 ms	(same route)
116 bytes from N3 icmp_seq=126 ttl=50 time=266.74 ms	(same route)
116 bytes from N3 icmp_seq=127 ttl=50 time=427.91 ms	(same route)
116 bytes from N3 icmp_seq=128 ttl=50 time=102.18 ms	(same route)
116 bytes from N3 icmp_seq=129 ttl=50 time=422.82 ms	(same route)
116 bytes from N3 icmp_seq=130 ttl=50 time=896.37 ms	(same route)
116 bytes from N3 icmp_seq=131 ttl=50 time=1.24 ms	(same route)
116 bytes from N3 icmp_seq=132 ttl=50 time=715.34 ms	(same route)
116 bytes from N3 icmp_seq=133 ttl=50 time=677.49 ms	(same route)
116 bytes from N3 icmp_seq=134 ttl=50 time=38.54 ms	(same route)
116 bytes from N3 icmp_seq=135 ttl=50 time=3.00 ms	(same route)
116 bytes from N3 icmp_seq=136 ttl=50 time=7.80 ms	(same route)
116 bytes from N3 icmp_seq=137 ttl=50 time=291.63 ms	(same route)
116 bytes from N3 icmp_seq=138 ttl=50 time=367.53 ms	(same route)
116 bytes from N3 icmp_seq=139 ttl=50 time=1.29 ms	(same route)
116 bytes from N3 icmp_seq=140 ttl=50 time=1.37 ms	(same route)
116 bytes from N3 icmp_seq=141 ttl=50 time=8.72 ms	(same route)
116 bytes from N3 icmp_seq=142 ttl=50 time=1.68 ms	(same route)
116 bytes from N3 icmp_seq=143 ttl=50 time=114.57 ms	(same route)
116 bytes from N3 icmp_seq=144 ttl=50 time=6.12 ms	(same route)
116 bytes from N3 icmp_seq=145 ttl=50 time=4.38 ms	(same route)
116 bytes from N3 icmp_seq=146 ttl=50 time=108.28 ms	(same route)
116 bytes from N3 icmp_seq=147 ttl=50 time=20.19 ms	(same route)
116 bytes from N3 icmp_seq=148 ttl=50 time=20.30 ms	(same route)
116 bytes from N3 icmp_seq=149 ttl=50 time=6.11 ms	(same route)
116 bytes from N3 icmp_seq=150 ttl=50 time=1.31 ms	(same route)
116 bytes from N3 icmp_seq=151 ttl=50 time=8.99 ms	(same route)
116 bytes from N3 icmp_seq=152 ttl=50 time=5.91 ms	(same route)
116 bytes from N3 icmp_seq=153 ttl=50 time=746.98 ms	(same route)
116 bytes from N3 icmp_seq=154 ttl=50 time=174.43 ms	(same route)
116 bytes from N3 icmp_seq=155 ttl=50 time=367.49 ms	(same route)
116 bytes from N3 icmp_seq=156 ttl=50 time=335.47 ms	(same route)
116 bytes from N3 icmp_seq=157 ttl=50 time=11.55 ms	(same route)
116 bytes from N3 icmp_seq=158 ttl=50 time=20.02 ms	(same route)
116 bytes from N3 icmp_seq=159 ttl=50 time=3.56 ms	(same route)
116 bytes from N3 icmp_seq=160 ttl=50 time=1.21 ms	(same route)
116 bytes from N3 icmp_seq=161 ttl=50 time=54.87 ms	(same route)
116 bytes from N3 icmp_seq=162 ttl=50 time=1.47 ms	(same route)
116 bytes from N3 icmp_seq=163 ttl=50 time=5.08 ms	(same route)
116 bytes from N3 icmp_seq=164 ttl=50 time=1.28 ms	(same route)
116 bytes from N3 icmp_seq=165 ttl=50 time=5.76 ms	(same route)
116 bytes from N3 icmp_seq=166 ttl=50 time=2.68 ms	(same route)
116 bytes from N3 icmp_seq=167 ttl=50 time=1.32 ms	(same route)
116 bytes from N3 icmp_seq=168 ttl=50 time=1.30 ms	(same route)
116 bytes from N3 icmp_seq=169 ttl=50 time=5.80 ms	(same route)
116 bytes from N3 icmp_seq=170 ttl=50 time=2.20 ms	(same route)
116 bytes from N3 icmp_seq=171 ttl=50 time=1.32 ms	(same route)
116 bytes from N3 icmp_seq=172 ttl=50 time=1.30 ms	(same route)
116 bytes from N3 icmp_seq=173 ttl=50 time=1.32 ms	(same route)
116 bytes from N3 icmp_seq=174 ttl=50 time=2.24 ms	(same route)
116 bytes from N3 icmp_seq=175 ttl=50 time=1.56 ms	(same route)
116 bytes from N3 icmp_seq=176 ttl=50 time=4.52 ms	(same route)
116 bytes from N3 icmp_seq=177 ttl=50 time=1.21 ms	(same route)
116 bytes from N3 icmp_seq=178 ttl=50 time=2.77 ms	(same route)
116 bytes from N3 icmp_seq=179 ttl=50 time=1.17 ms	(same route)
116 bytes from N3 icmp_seq=180 ttl=50 time=2.04 ms	(same route)
116 bytes from N3 icmp_seq=181 ttl=50 time=1.20 ms	(same route)
116 bytes from N3 icmp_seq=182 ttl=50 time=10.09 ms	(same route)
116 bytes from N3 icmp_seq=183 ttl=50 time=5.35 ms	(same route)
116 bytes from N3 icmp_seq=184 ttl=50 time=5.88 ms	(same route)
116 bytes from N3 icmp_seq=185 ttl=50 time=1.28 ms	(same route)
116 bytes from N3 icmp_seq=186 ttl=50 time=5.11 ms	(same route)
116 bytes from N3 icmp_seq=187 ttl=50 time=10.27 ms	(same route)
116 bytes from N3 icmp_seq=188 ttl=50 time=40.11 ms	(same route)
116 bytes from N3 icmp_seq=189 ttl=50 time=13.97 ms	(same route)
116 bytes from N3 icmp_seq=190 ttl=50 time=8.39 ms	(same route)
116 bytes from N3 icmp_seq=191 ttl=50 time=9.11 ms	(same route)
116 bytes from N3 icmp_seq=192 ttl=50 time=1.20 ms	(same route)
116 bytes from N3 icmp_seq=193 ttl=50 time=1.21 ms	(same route)
116 bytes from N3 icmp_seq=194 ttl=50 time=1.00 ms	(same route)
116 bytes from N3 icmp_seq=195 ttl=50 time=10.14 ms	(same route)
116 bytes from N3 icmp_seq=196 ttl=50 time=3.71 ms	(same route)
116 bytes from N3 icmp_seq=197 ttl=50 time=6.76 ms	(same route)
116 bytes from N3 icmp_seq=198 ttl=50 time=1.72 ms	(same route)
116 bytes from N3 icmp_seq=199 ttl=50 time=2.74 ms	(same route)
116 bytes from N3 icmp_seq=200 ttl=50 time=7.81 ms	(same route)
116 bytes from N3 icmp_seq=201 ttl=50 time=35.93 ms	(same route)
116 bytes from N3 icmp_seq=202 ttl=50 time=60.81 ms	(same route)
116 bytes from N3 icmp_seq=203 ttl=50 time=1.27 ms	(same route)
116 bytes from N3 icmp_seq=204 ttl=50 time=1.24 ms	(same route)
116 bytes from N3 icmp_seq=205 ttl=50 time=1.86 ms	(same route)
116 bytes from N3 icmp_seq=206 ttl=50 time=1.94 ms	(same route)
116 bytes from N3 icmp_seq=207 ttl=50 time=233.44 ms	(same route)
116 bytes from N3 icmp_seq=208 ttl=50 time=2.39 ms	(same route)
116 bytes from N3 icmp_seq=209 ttl=50 time=4.42 ms	(same route)
116 bytes from N3 icmp_seq=210 ttl=50 time=54.03 ms	(same route)
116 bytes from N3 icmp_seq=211 ttl=50 time=622.87 ms	(same route)
116 bytes from N3 icmp_seq=212 ttl=50 time=16.45 ms	(same route)
116 bytes from N3 icmp_seq=213 ttl=50 time=28.30 ms	(same route)
116 bytes from N3 icmp_seq=214 ttl=50 time=2.82 ms	(same route)
116 bytes from N3 icmp_seq=215 ttl=50 time=7.89 ms	(same route)
116 bytes from N3 icmp_seq=216 ttl=50 time=3.72 ms	(same route)
116 bytes from N3 icmp_seq=217 ttl=50 time=3.84 ms	(same route)
116 bytes from N3 icmp_seq=218 ttl=50 time=57.09 ms	(same route)
116 bytes from N3 icmp_seq=219 ttl=50 time=1.17 ms	(same route)
116 bytes from N3 icmp_seq=220 ttl=50 time=5.64 ms	(same route)
116 bytes from N3 icmp_seq=221 ttl=50 time=11.20 ms	(same route)
116 bytes from N3 icmp_seq=222 ttl=50 time=14.76 ms	(same route)
116 bytes from N3 icmp_seq=223 ttl=50 time=66.82 ms	(same route)
116 bytes from N3 icmp_seq=224 ttl=50 time=5.38 ms	(same route)
116 bytes from N3 icmp_seq=225 ttl=50 time=31.05 ms	(same route)
116 bytes from N3 icmp_seq=226 ttl=50 time=51.09 ms	(same route)
116 bytes from N3 icmp_seq=227 ttl=50 time=438.04 ms	(same route)
116 bytes from N3 icmp_seq=228 ttl=50 time=7.44 ms	(same route)
116 bytes from N3 icmp_seq=229 ttl=50 time=538.88 ms	(same route)
116 bytes from N3 icmp_seq=230 ttl=50 time=399.75 ms	(same route)
116 bytes from N3 icmp_seq=231 ttl=50 time=3.88 ms	(same route)
116 bytes from N3 icmp_seq=232 ttl=50 time=2.94 ms	(same route)
116 bytes from N3 icmp_seq=233 ttl=50 time=17.60 ms	(same route)
116 bytes from N3 icmp_seq=234 ttl=50 time=291.14 ms	(same route)
116 bytes from N3 icmp_seq=235 ttl=50 time=355.18 ms	(same route)
116 bytes from N3 icmp_seq=236 ttl=50 time=383.64 ms	(same route)
116 bytes from N3 icmp_seq=237 ttl=50 time=910.59 ms	(same route)
116 bytes from N3 icmp_seq=238 ttl=50 time=994.22 ms	(same route)
116 bytes from N3 icmp_seq=239 ttl=50 time=73.49 ms	(same route)
116 bytes from N3 icmp_seq=240 ttl=50 time=85.10 ms	(same route)
116 bytes from N3 icmp_seq=241 ttl=50 time=7.76 ms	(same route)
116 bytes from N3 icmp_seq=242 ttl=50 time=4.72 ms	(same route)
116 bytes from N3 icmp_seq=243 ttl=50 time=3.36 ms	(same route)
116 bytes from N3 icmp_seq=244 ttl=50 time=1.34 ms	(same route)
116 bytes from N3 icmp_seq=245 ttl=50 time=25.53 ms	(same route)
116 bytes from N3 icmp_seq=246 ttl=50 time=4.23 ms	(same route)
116 bytes from N3 icmp_seq=247 ttl=50 time=4.72 ms	(same route)
116 bytes from N3 icmp_seq=248 ttl=50 time=10.39 ms	(same route)
116 bytes from N3 icmp_seq=249 ttl=50 time=4.11 ms	(same route)
116 bytes from N3 icmp_seq=250 ttl=50 time=8.58 ms	(same route)
116 bytes from N3 icmp_seq=251 ttl=50 time=1.26 ms	(same route)
116 bytes from N3 icmp_seq=252 ttl=50 time=22.62 ms	(same route)
116 bytes from N3 icmp_seq=253 ttl=50 time=1.39 ms	(same route)
116 bytes from N3 icmp_seq=254 ttl=50 time=25.33 ms	(same route)
116 bytes from N3 icmp_seq=255 ttl=50 time=6.86 ms	(same route)
116 bytes from N3 icmp_seq=256 ttl=50 time=2.51 ms	(same route)
116 bytes from N3 icmp_seq=257 ttl=50 time=43.98 ms	(same route)
116 bytes from N3 icmp_seq=258 ttl=50 time=16.42 ms	(same route)
116 bytes from N3 icmp_seq=259 ttl=50 time=5.59 ms	(same route)
116 bytes from N3 icmp_seq=260 ttl=50 time=1.66 ms	(same route)
116 bytes from N3 icmp_seq=261 ttl=50 time=2.75 ms	(same route)
116 bytes from N3 icmp_seq=262 ttl=50 time=3.00 ms	(same route)
116 bytes from N3 icmp_seq=263 ttl=50 time=1.35 ms	(same route)
116 bytes from N3 icmp_seq=264 ttl=50 time=14.90 ms	(same route)
116 bytes from N3 icmp_seq=265 ttl=50 time=3.17 ms	(same route)
116 bytes from N3 icmp_seq=266 ttl=50 time=43.05 ms	(same route)
116 bytes from N3 icmp_seq=267 ttl=50 time=7.21 ms	(same route)
116 bytes from N3 icmp_seq=268 ttl=50 time=1.16 ms	(same route)
116 bytes from N3 icmp_seq=269 ttl=50 time=16.65 ms	(same route)
116 bytes from N3 icmp_seq=270 ttl=50 time=11.19 ms	(same route)
116 bytes from N3 icmp_seq=271 ttl=50 time=8.68 ms	(same route)
116 bytes from N3 icmp_seq=272 ttl=50 time=888.03 ms	(same route)
116 bytes from N3 icmp_seq=273 ttl=50 time=704.88 ms	(same route)
116 bytes from N3 icmp_seq=274 ttl=50 time=7.07 ms	(same route)
116 bytes from N3 icmp_seq=275 ttl=50 time=1.21 ms	(same route)
116 bytes from N3 icmp_seq=276 ttl=50 time=5.45 ms	(same route)
116 bytes from N3 icmp_seq=277 ttl=50 time=1.35 ms	(same route)
116 bytes from N3 icmp_seq=278 ttl=50 time=6.09 ms	(same route)
Reply from host N3 timed out
Reply from host N3 timed out
Reply from host N3 timed out
Reply from host N3 timed out
Reply from host N3 timed out
Reply from host N3 timed out
116 bytes from N3 icmp_seq=285 ttl=50 time=9.84 ms	(same route)
116 bytes from N3 icmp_seq=286 ttl=50 time=653.22 ms	(same route)
116 bytes from N3 icmp_seq=287 ttl=50 time=359.23 ms	(same route)
116 bytes from N3 icmp_seq=288 ttl=50 time=1.17 ms	(same route)
116 bytes from N3 icmp_seq=289 ttl=50 time=5.55 ms	(same route)
116 bytes from N3 icmp_seq=290 ttl=50 time=62.62 ms	(same route)
116 bytes from N3 icmp_seq=291 ttl=50 time=202.14 ms	(same route)
116 bytes from N3 icmp_seq=292 ttl=50 time=1.24 ms	(same route)
116 bytes from N3 icmp_seq=293 ttl=50 time=38.73 ms	(same route)
Reply from host N3 timed out
116 bytes from N3 icmp_seq=295 ttl=50 time=199.15 ms	(same route)
116 bytes from N3 icmp_seq=296 ttl=50 time=28.90 ms	(same route)
116 bytes from N3 icmp_seq=297 ttl=50 time=39.92 ms	(same route)
116 bytes from N3 icmp_seq=298 ttl=50 time=709.71 ms	(same route)
116 bytes from N3 icmp_seq=299 ttl=50 time=25.56 ms	(same route)
116 bytes from N3 icmp_seq=300 ttl=50 time=10.63 ms	(same route)
--- N3 ping statistics ---
324 packets transmitted, 268 received, 17% packet loss
rtt min/avg/max/mdev = 0.999/120.763/994.224/234.411 ms
