1 1 N3 N1 173 0.510 1
1 2 N3 N3 178 0.510 0
1 3 N5 N5 239 0.120 1
1 4 N1 N3 0 1.380 0
1 5 N1 N1 252 1.380 1
1 6 N4 N1 143 0.360 1
1 7 N4 N3 143 0.360 0
2 1 N3 N1 171 0.940 1
2 2 N3 N3 178 0.940 0
2 3 N5 N5 240 0.120 1
2 4 N1 N3 0 0.920 0
2 5 N1 N1 253 0.920 1
2 6 N4 N1 142 0.920 1
2 7 N4 N3 145 0.920 0
3 1 N3 N1 170 0.070 1
3 2 N3 N3 180 0.070 0
3 3 N5 N5 241 0.170 1
3 4 N1 N3 0 0.980 0
3 5 N1 N1 253 0.980 1
3 6 N4 N1 143 0.510 1
3 7 N4 N3 148 0.510 0
4 1 N3 N1 169 0.100 1
4 2 N3 N3 183 0.100 0
4 3 N5 N5 241 0.190 1
4 4 N1 N3 0 0.260 0
4 5 N1 N1 254 0.260 1
4 6 N4 N1 144 0.020 1
4 7 N4 N3 154 0.020 0
5 1 N3 N1 163 0.050 1
5 2 N3 N3 186 0.050 0
5 3 N5 N5 242 0.250 1
5 4 N1 N3 0 0.400 0
5 5 N1 N1 254 0.400 1
5 6 N4 N1 143 0.050 1
5 7 N4 N3 159 0.050 0
6 1 N3 N1 157 0.160 0
6 2 N3 N3 190 0.160 1
6 3 N5 N5 243 0.290 1
6 4 N1 N3 0 0.290 0
6 5 N1 N1 255 0.290 1
6 6 N4 N1 143 0.080 0
6 7 N4 N3 161 0.080 1
7 1 N3 N1 153 0.210 0
7 2 N3 N3 194 0.210 1
7 3 N5 N5 243 0.340 1
7 4 N1 N3 0 0.100 0
7 5 N1 N1 255 0.100 1
7 6 N4 N1 143 0.090 0
7 7 N4 N3 164 0.090 1
8 1 N3 N1 148 0.220 0
8 2 N3 N3 198 0.220 1
8 3 N5 N5 242 0.400 1
8 4 N1 N3 0 0.160 0
8 5 N1 N1 255 0.160 1
8 6 N4 N1 142 0.140 0
8 7 N4 N3 169 0.140 1
9 1 N3 N1 138 0.160 0
9 2 N3 N3 203 0.160 1
9 3 N5 N5 242 0.450 1
9 4 N1 N3 0 0.200 0
9 5 N1 N1 255 0.200 1
9 6 N4 N1 142 1.210 0
9 7 N4 N3 169 1.210 1
10 1 N3 N1 136 0.280 0
10 2 N3 N3 205 0.280 1
10 3 N5 N5 242 0.470 1
10 4 N1 N3 0 0.250 0
10 5 N1 N1 255 0.250 1
10 6 N4 N1 142 0.730 0
10 7 N4 N3 170 0.730 1
11 1 N3 N1 135 0.320 0
11 2 N3 N3 206 0.320 1
11 3 N5 N5 243 0.530 1
11 4 N1 N3 0 1.320 0
11 5 N1 N1 255 1.320 1
11 6 N4 N1 143 0.280 0
11 7 N4 N3 174 0.280 1
12 1 N3 N1 134 0.090 0
12 2 N3 N3 207 0.090 1
12 3 N5 N5 243 0.040 1
12 4 N1 N3 0 0.080 0
12 5 N1 N1 255 0.080 1
12 6 N4 N1 143 1.340 0
12 7 N4 N3 174 1.340 1
13 1 N3 N1 134 1.160 0
13 2 N3 N3 207 1.160 1
13 3 N5 N5 243 0.090 1
13 4 N1 N3 0 0.270 0
13 5 N1 N1 255 0.270 1
13 6 N4 N1 143 2.410 0
13 7 N4 N3 174 2.410 1
14 1 N3 N1 134 2.340 0
14 2 N3 N3 207 2.340 1
14 3 N5 N5 242 0.270 1
14 4 N1 N3 0 1.450 0
14 5 N1 N1 255 1.450 1
14 6 N4 N1 143 3.590 0
14 7 N4 N3 174 3.590 1
15 1 N3 N1 134 0.090 0
15 2 N3 N3 208 0.090 1
15 3 N5 N5 241 0.290 1
15 4 N1 N3 0 0.220 0
15 5 N1 N1 255 0.220 1
15 6 N4 N1 143 4.670 0
15 7 N4 N3 174 4.670 1
16 1 N3 N1 133 0.180 0
16 2 N3 N3 210 0.180 1
16 3 N5 N5 240 0.330 1
16 4 N1 N3 0 0.090 0
16 5 N1 N1 255 0.090 1
16 6 N4 N1 143 5.740 0
16 7 N4 N3 174 5.740 1
17 1 N3 N1 133 0.650 0
17 2 N3 N3 212 0.650 1
17 3 N5 N5 239 0.370 1
17 4 N1 N3 0 0.600 0
17 5 N1 N1 255 0.600 1
17 6 N4 N1 143 6.810 0
17 7 N4 N3 174 6.810 1
18 1 N3 N1 132 0.160 0
18 2 N3 N3 214 0.160 1
18 3 N5 N5 237 0.390 1
18 4 N1 N3 0 0.160 0
18 5 N1 N1 255 0.160 1
18 6 N4 N1 143 0.160 0
18 7 N4 N3 179 0.160 1
19 1 N3 N1 130 0.180 0
19 2 N3 N3 215 0.180 1
19 3 N5 N5 236 0.440 1
19 4 N1 N3 0 0.460 0
19 5 N1 N1 255 0.460 1
19 6 N4 N1 143 1.230 0
19 7 N4 N3 179 1.230 1
20 1 N3 N1 131 0.730 0
20 2 N3 N3 216 0.730 1
20 3 N5 N5 234 0.480 1
20 4 N1 N3 0 1.520 0
20 5 N1 N1 255 1.520 1
20 6 N4 N1 142 0.770 0
20 7 N4 N3 181 0.770 1
21 1 N3 N1 131 0.270 0
21 2 N3 N3 216 0.270 1
21 3 N5 N5 232 0.080 1
21 4 N1 N3 0 0.640 0
21 5 N1 N1 254 0.640 1
21 6 N4 N1 142 1.830 0
21 7 N4 N3 181 1.830 1
22 1 N3 N1 131 1.340 0
22 2 N3 N3 216 1.340 1
22 3 N5 N5 231 0.930 1
22 4 N1 N3 0 1.710 0
22 5 N1 N1 254 1.710 1
22 6 N4 N1 142 2.900 0
22 7 N4 N3 181 2.900 1
23 1 N3 N1 126 0.330 0
23 2 N3 N3 216 0.330 1
23 3 N5 N5 229 0.030 1
23 4 N1 N3 0 0.640 0
23 5 N1 N1 254 0.640 1
23 6 N4 N1 142 0.380 0
23 7 N4 N3 180 0.380 1
24 1 N3 N1 126 0.390 0
24 2 N3 N3 215 0.390 1
24 3 N5 N5 228 0.070 1
24 4 N1 N3 0 1.710 0
24 5 N1 N1 254 1.710 1
24 6 N4 N1 139 0.420 0
24 7 N4 N3 180 0.420 1
25 1 N3 N1 125 0.450 0
25 2 N3 N3 214 0.450 1
25 3 N5 N5 226 0.110 1
25 4 N1 N3 0 2.770 0
25 5 N1 N1 254 2.770 1
25 6 N4 N1 0 0.980 0
25 7 N4 N3 179 0.980 1
26 1 N3 N1 125 0.660 0
26 2 N3 N3 214 0.660 1
26 3 N5 N5 224 0.130 1
26 4 N1 N3 0 0.650 0
26 5 N1 N1 253 0.650 1
26 6 N4 N1 0 2.050 0
26 7 N4 N3 179 2.050 1
27 1 N3 N1 123 0.700 0
27 2 N3 N3 214 0.700 1
27 3 N5 N5 223 0.150 1
27 4 N1 N3 0 0.700 0
27 5 N1 N1 253 0.700 1
27 6 N4 N1 0 0.500 0
27 7 N4 N3 178 0.500 1
28 1 N3 N1 120 0.570 0
28 2 N3 N3 215 0.570 1
28 3 N5 N5 221 0.210 1
28 4 N1 N3 0 0.630 0
28 5 N1 N1 253 0.630 1
28 6 N4 N1 0 0.020 0
28 7 N4 N3 176 0.020 1
29 1 N3 N1 115 0.110 0
29 2 N3 N3 214 0.110 1
29 3 N5 N5 219 0.270 1
29 4 N1 N3 0 0.110 0
29 5 N1 N1 252 0.110 1
29 6 N4 N1 0 0.090 0
29 7 N4 N3 174 0.090 1
30 1 N3 N1 113 0.110 0
30 2 N3 N3 209 0.110 1
30 3 N5 N5 216 0.300 1
30 4 N1 N3 0 1.170 0
30 5 N1 N1 252 1.170 1
30 6 N4 N1 0 1.150 0
30 7 N4 N3 174 1.150 1
31 1 N3 N1 110 0.060 0
31 2 N3 N3 203 0.060 1
31 3 N5 N5 213 0.350 1
31 4 N1 N3 0 0.210 0
31 5 N1 N1 252 0.210 1
31 6 N4 N1 0 2.220 0
31 7 N4 N3 174 2.220 1
32 1 N3 N1 108 0.120 0
32 2 N3 N3 201 0.120 1
32 3 N5 N5 210 0.410 1
32 4 N1 N3 0 0.220 0
32 5 N1 N1 252 0.220 1
32 6 N4 N1 0 3.320 0
32 7 N4 N3 174 3.320 1
33 1 N3 N1 108 0.800 0
33 2 N3 N3 200 0.800 1
33 3 N5 N5 207 0.470 1
33 4 N1 N3 0 0.300 0
33 5 N1 N1 252 0.300 1
33 6 N4 N1 0 0.220 0
33 7 N4 N3 171 0.220 1
34 1 N3 N1 108 0.310 0
34 2 N3 N3 198 0.310 1
34 3 N5 N5 205 0.470 1
34 4 N1 N3 0 0.380 0
34 5 N1 N1 252 0.380 1
34 6 N4 N1 0 1.280 0
34 7 N4 N3 171 1.280 1
35 1 N3 N1 106 0.330 0
35 2 N3 N3 195 0.330 1
35 3 N5 N5 201 0.010 1
35 4 N1 N3 0 0.420 0
35 5 N1 N1 251 0.420 1
35 6 N4 N1 0 0.260 0
35 7 N4 N3 168 0.260 1
36 1 N3 N1 104 0.760 0
36 2 N3 N3 194 0.760 1
36 3 N5 N5 201 0.060 1
36 4 N1 N3 0 0.470 0
36 5 N1 N1 249 0.470 1
36 6 N4 N1 0 0.820 0
36 7 N4 N3 165 0.820 1
37 1 N3 N1 102 0.910 0
37 2 N3 N3 193 0.910 1
37 3 N5 N5 201 0.130 1
37 4 N1 N3 0 0.010 0
37 5 N1 N1 247 0.010 1
37 6 N4 N1 0 0.360 0
37 7 N4 N3 160 0.360 1
38 1 N3 N1 102 1.970 0
38 2 N3 N3 193 1.970 1
38 3 N5 N5 200 0.160 1
38 4 N1 N3 0 1.070 0
38 5 N1 N1 247 1.070 1
38 6 N4 N1 0 1.420 0
38 7 N4 N3 160 1.420 1
39 1 N3 N1 106 0.230 0
39 2 N3 N3 191 0.230 1
39 3 N5 N5 200 0.220 1
39 4 N1 N3 0 0.850 0
39 5 N1 N1 245 0.850 1
39 6 N4 N1 0 2.490 0
39 7 N4 N3 160 2.490 1
40 1 N3 N1 108 0.270 0
40 2 N3 N3 188 0.270 1
40 3 N5 N5 200 0.250 1
40 4 N1 N3 0 0.280 0
40 5 N1 N1 244 0.280 1
40 6 N4 N1 0 0.440 0
40 7 N4 N3 157 0.440 1
41 1 N3 N1 109 0.030 0
41 2 N3 N3 190 0.030 1
41 3 N5 N5 199 0.280 1
41 4 N1 N3 0 0.120 0
41 5 N1 N1 242 0.120 1
41 6 N4 N1 0 1.500 0
41 7 N4 N3 157 1.500 1
42 1 N3 N1 116 0.480 0
42 2 N3 N3 190 0.480 1
42 3 N5 N5 198 0.310 1
42 4 N1 N3 0 0.130 0
42 5 N1 N1 241 0.130 1
42 6 N4 N1 0 2.570 0
42 7 N4 N3 157 2.570 1
43 1 N3 N1 116 0.630 0
43 2 N3 N3 192 0.630 1
43 3 N5 N5 198 0.850 1
43 4 N1 N3 0 0.160 0
43 5 N1 N1 241 0.160 1
43 6 N4 N1 0 0.560 0
43 7 N4 N3 155 0.560 1
44 1 N3 N1 116 1.690 0
44 2 N3 N3 192 1.690 1
44 3 N5 N5 198 0.380 1
44 4 N1 N3 0 0.720 0
44 5 N1 N1 240 0.720 1
44 6 N4 N1 0 1.620 0
44 7 N4 N3 155 1.620 1
45 1 N3 N1 116 0.140 0
45 2 N3 N3 194 0.140 1
45 3 N5 N5 197 0.430 1
45 4 N1 N3 0 0.130 0
45 5 N1 N1 240 0.130 1
45 6 N4 N1 0 0.620 0
45 7 N4 N3 152 0.620 1
46 1 N3 N1 119 0.100 0
46 2 N3 N3 196 0.100 1
46 3 N5 N5 197 0.460 1
46 4 N1 N3 0 0.220 0
46 5 N1 N1 239 0.220 1
46 6 N4 N1 0 1.680 0
46 7 N4 N3 152 1.680 1
47 1 N3 N1 119 0.820 0
47 2 N3 N3 197 0.820 1
47 3 N5 N5 196 0.320 1
47 4 N1 N3 0 0.320 0
47 5 N1 N1 238 0.320 1
47 6 N4 N1 0 0.720 0
47 7 N4 N3 150 0.720 1
48 1 N3 N1 119 0.400 0
48 2 N3 N3 198 0.400 1
48 3 N5 N5 196 0.080 1
48 4 N1 N3 0 0.410 0
48 5 N1 N1 237 0.410 1
48 6 N4 N1 0 1.840 0
48 7 N4 N3 150 1.840 1
49 1 N3 N1 121 0.950 0
49 2 N3 N3 200 0.950 1
49 3 N5 N5 195 0.110 1
49 4 N1 N3 0 0.950 0
49 5 N1 N1 236 0.950 1
49 6 N4 N1 0 2.900 0
49 7 N4 N3 150 2.900 1
50 1 N3 N1 121 0.480 0
50 2 N3 N3 201 0.480 1
50 3 N5 N5 195 0.150 1
50 4 N1 N3 0 0.480 0
50 5 N1 N1 236 0.480 1
50 6 N4 N1 0 0.410 0
50 7 N4 N3 149 0.410 1
51 1 N3 N1 121 1.040 0
51 2 N3 N3 201 1.040 1
51 3 N5 N5 194 0.190 1
51 4 N1 N3 0 0.520 0
51 5 N1 N1 236 0.520 1
51 6 N4 N1 0 1.480 0
51 7 N4 N3 149 1.480 1
52 1 N3 N1 123 0.050 0
52 2 N3 N3 206 0.050 1
52 3 N5 N5 194 0.220 1
52 4 N1 N3 0 0.050 0
52 5 N1 N1 233 0.050 1
52 6 N4 N1 0 2.540 0
52 7 N4 N3 149 2.540 1
53 1 N3 N1 123 0.600 0
53 2 N3 N3 208 0.600 1
53 3 N5 N5 193 0.270 1
53 4 N1 N3 0 0.090 0
53 5 N1 N1 231 0.090 1
53 6 N4 N1 0 0.590 0
53 7 N4 N3 149 0.590 1
54 1 N3 N1 118 0.140 0
54 2 N3 N3 211 0.140 1
54 3 N5 N5 192 0.310 1
54 4 N1 N3 0 0.120 0
54 5 N1 N1 229 0.120 1
54 6 N4 N1 0 1.670 0
54 7 N4 N3 149 1.670 1
55 1 N3 N1 118 0.180 0
55 2 N3 N3 213 0.180 1
55 3 N5 N5 192 0.340 1
55 4 N1 N3 0 0.140 0
55 5 N1 N1 228 0.140 1
55 6 N4 N1 0 0.170 0
55 7 N4 N3 149 0.170 1
56 1 N3 N1 118 0.230 0
56 2 N3 N3 217 0.230 1
56 3 N5 N5 192 0.880 1
56 4 N1 N3 0 0.200 0
56 5 N1 N1 227 0.200 1
56 6 N4 N1 0 0.200 0
56 7 N4 N3 150 0.200 1
57 1 N3 N1 118 1.290 0
57 2 N3 N3 217 1.290 1
57 3 N5 N5 191 0.380 1
57 4 N1 N3 0 0.220 0
57 5 N1 N1 225 0.220 1
57 6 N4 N1 0 1.260 0
57 7 N4 N3 150 1.260 1
58 1 N3 N1 118 2.350 0
58 2 N3 N3 217 2.350 1
58 3 N5 N5 190 0.370 1
58 4 N1 N3 0 0.250 0
58 5 N1 N1 223 0.250 1
58 6 N4 N1 0 2.320 0
58 7 N4 N3 150 2.320 1
59 1 N3 N1 0 0.490 0
59 2 N3 N3 221 0.490 1
59 3 N5 N5 188 0.440 1
59 4 N1 N3 0 0.280 0
59 5 N1 N1 221 0.280 1
59 6 N4 N1 0 0.480 0
59 7 N4 N3 152 0.480 1
60 1 N3 N1 0 1.550 0
60 2 N3 N3 221 1.550 1
60 3 N5 N5 186 0.460 1
60 4 N1 N3 0 0.300 0
60 5 N1 N1 218 0.300 1
60 6 N4 N1 0 1.540 0
60 7 N4 N3 152 1.540 1
61 1 N3 N1 0 0.500 0
61 2 N3 N3 223 0.500 1
61 3 N5 N5 185 1.020 1
61 4 N1 N3 0 0.500 0
61 5 N1 N1 217 0.500 1
61 6 N4 N1 0 0.500 0
61 7 N4 N3 153 0.500 1
62 1 N3 N1 0 0.530 0
62 2 N3 N3 223 0.530 1
62 3 N5 N5 185 0.500 1
62 4 N1 N3 94 0.340 0
62 5 N1 N1 215 0.340 1
62 6 N4 N1 0 0.530 0
62 7 N4 N3 153 0.530 1
63 1 N3 N1 0 0.350 0
63 2 N3 N3 222 0.350 1
63 3 N5 N5 185 0.030 1
63 4 N1 N3 94 0.360 0
63 5 N1 N1 214 0.360 1
63 6 N4 N1 0 1.620 0
63 7 N4 N3 153 1.620 1
64 1 N3 N1 0 0.490 0
64 2 N3 N3 219 0.490 1
64 3 N5 N5 186 0.060 1
64 4 N1 N3 94 0.440 0
64 5 N1 N1 213 0.440 1
64 6 N4 N1 0 2.690 0
64 7 N4 N3 153 2.690 1
65 1 N3 N1 0 1.550 0
65 2 N3 N3 219 1.550 1
65 3 N5 N5 187 0.100 1
65 4 N1 N3 95 0.500 0
65 5 N1 N1 210 0.500 1
65 6 N4 N1 0 0.960 0
65 7 N4 N3 154 0.960 1
66 1 N3 N1 0 0.460 0
66 2 N3 N3 216 0.460 1
66 3 N5 N5 188 0.140 1
66 4 N1 N3 95 0.020 0
66 5 N1 N1 207 0.020 1
66 6 N4 N1 0 2.030 0
66 7 N4 N3 154 2.030 1
67 1 N3 N1 0 1.520 0
67 2 N3 N3 216 1.520 1
67 3 N5 N5 189 0.160 1
67 4 N1 N3 94 0.070 0
67 5 N1 N1 206 0.070 1
67 6 N4 N1 0 0.590 0
67 7 N4 N3 155 0.590 1
68 1 N3 N1 0 2.590 0
68 2 N3 N3 216 2.590 1
68 3 N5 N5 190 0.230 1
68 4 N1 N3 94 0.110 0
68 5 N1 N1 204 0.110 1
68 6 N4 N1 0 1.660 0
68 7 N4 N3 155 1.660 1
69 1 N3 N1 0 0.220 0
69 2 N3 N3 210 0.220 1
69 3 N5 N5 191 0.280 1
69 4 N1 N3 91 0.220 0
69 5 N1 N1 203 0.220 1
69 6 N4 N1 0 1.000 0
69 7 N4 N3 155 1.000 1
70 1 N3 N1 0 0.630 0
70 2 N3 N3 206 0.630 1
70 3 N5 N5 191 0.300 1
70 4 N1 N3 91 0.700 0
70 5 N1 N1 202 0.700 1
70 6 N4 N1 0 0.630 0
70 7 N4 N3 156 0.630 1
71 1 N3 N1 0 0.950 0
71 2 N3 N3 205 0.950 1
71 3 N5 N5 192 0.330 1
71 4 N1 N3 90 0.220 0
71 5 N1 N1 200 0.220 1
71 6 N4 N1 0 1.690 0
71 7 N4 N3 156 1.690 1
72 1 N3 N1 0 0.540 0
72 2 N3 N3 203 0.540 1
72 3 N5 N5 192 0.360 1
72 4 N1 N3 90 0.240 0
72 5 N1 N1 198 0.240 1
72 6 N4 N1 0 0.540 0
72 7 N4 N3 154 0.540 1
73 1 N3 N1 0 0.700 0
73 2 N3 N3 202 0.700 1
73 3 N5 N5 191 0.400 1
73 4 N1 N3 88 0.300 0
73 5 N1 N1 196 0.300 1
73 6 N4 N1 0 1.610 0
73 7 N4 N3 154 1.610 1
74 1 N3 N1 0 0.840 0
74 2 N3 N3 199 0.840 1
74 3 N5 N5 191 0.430 1
74 4 N1 N3 88 0.340 0
74 5 N1 N1 195 0.340 1
74 6 N4 N1 0 0.390 0
74 7 N4 N3 154 0.390 1
75 1 N3 N1 0 0.190 0
75 2 N3 N3 193 0.190 1
75 3 N5 N5 192 0.470 1
75 4 N1 N3 87 0.380 0
75 5 N1 N1 194 0.380 1
75 6 N4 N1 0 0.200 0
75 7 N4 N3 150 0.200 1
76 1 N3 N1 0 0.420 0
76 2 N3 N3 190 0.420 1
76 3 N5 N5 192 0.030 1
76 4 N1 N3 87 0.440 0
76 5 N1 N1 193 0.440 1
76 6 N4 N1 0 1.270 0
76 7 N4 N3 150 1.270 1
77 1 N3 N1 0 0.970 0
77 2 N3 N3 188 0.970 1
77 3 N5 N5 191 0.040 1
77 4 N1 N3 90 0.480 0
77 5 N1 N1 191 0.480 1
77 6 N4 N1 0 2.330 0
77 7 N4 N3 150 2.330 1
78 1 N3 N1 0 0.310 0
78 2 N3 N3 180 0.310 1
78 3 N5 N5 191 0.070 1
78 4 N1 N3 74 0.050 0
78 5 N1 N1 190 0.050 1
78 6 N4 N1 0 0.310 0
78 7 N4 N3 139 0.310 1
79 1 N3 N1 0 0.350 0
79 2 N3 N3 178 0.350 1
79 3 N5 N5 191 0.120 1
79 4 N1 N3 76 0.080 0
79 5 N1 N1 189 0.080 1
79 6 N4 N1 0 0.350 0
79 7 N4 N3 135 0.350 1
80 1 N3 N1 0 0.090 0
80 2 N3 N3 177 0.090 1
80 3 N5 N5 191 0.240 1
80 4 N1 N3 76 0.180 0
80 5 N1 N1 189 0.180 1
80 6 N4 N1 0 0.090 0
80 7 N4 N3 129 0.090 1
81 1 N3 N1 0 1.200 0
81 2 N3 N3 177 1.200 1
81 3 N5 N5 191 0.310 1
81 4 N1 N3 76 0.280 0
81 5 N1 N1 187 0.280 1
81 6 N4 N1 0 0.350 0
81 7 N4 N3 126 0.350 1
82 1 N3 N1 0 0.270 0
82 2 N3 N3 172 0.270 1
82 3 N5 N5 191 0.380 1
82 4 N1 N3 76 0.270 0
82 5 N1 N1 187 0.270 1
82 6 N4 N1 0 0.280 0
82 7 N4 N3 123 0.280 1
83 1 N3 N1 0 0.650 0
83 2 N3 N3 168 0.650 1
83 3 N5 N5 191 0.450 1
83 4 N1 N3 73 0.650 0
83 5 N1 N1 186 0.650 1
83 6 N4 N1 0 0.650 0
83 7 N4 N3 117 0.650 1
84 1 N3 N1 0 1.720 0
84 2 N3 N3 168 1.720 1
84 3 N5 N5 192 0.480 1
84 4 N1 N3 73 0.370 0
84 5 N1 N1 187 0.370 1
84 6 N4 N1 0 1.720 0
84 7 N4 N3 117 1.720 1
85 1 N3 N1 0 0.760 0
85 2 N3 N3 160 0.760 1
85 3 N5 N5 192 1.010 1
85 4 N1 N3 70 0.390 0
85 5 N1 N1 187 0.390 1
85 6 N4 N1 0 2.780 0
85 7 N4 N3 117 2.780 1
86 1 N3 N1 0 0.120 0
86 2 N3 N3 156 0.120 1
86 3 N5 N5 196 0.000 1
86 4 N1 N3 67 0.120 0
86 5 N1 N1 188 0.120 1
86 6 N4 N1 0 3.840 0
86 7 N4 N3 117 3.840 1
87 1 N3 N1 0 0.350 0
87 2 N3 N3 153 0.350 1
87 3 N5 N5 197 0.040 1
87 4 N1 N3 63 0.270 0
87 5 N1 N1 187 0.270 1
87 6 N4 N1 0 4.910 0
87 7 N4 N3 117 4.910 1
88 1 N3 N1 0 0.330 0
88 2 N3 N3 147 0.330 1
88 3 N5 N5 199 0.110 1
88 4 N1 N3 63 0.480 0
88 5 N1 N1 186 0.480 1
88 6 N4 N1 0 0.450 0
88 7 N4 N3 110 0.450 1
89 1 N3 N1 0 0.430 0
89 2 N3 N3 144 0.430 1
89 3 N5 N5 201 0.140 1
89 4 N1 N3 63 0.430 0
89 5 N1 N1 186 0.430 1
89 6 N4 N1 0 0.420 0
89 7 N4 N3 104 0.420 1
90 1 N3 N1 0 1.490 0
90 2 N3 N3 144 1.490 1
90 3 N5 N5 203 0.190 1
90 4 N1 N3 56 0.060 0
90 5 N1 N1 187 0.060 1
90 6 N4 N1 0 1.480 0
90 7 N4 N3 104 1.480 1
91 1 N3 N1 0 0.870 0
91 2 N3 N3 136 0.870 1
91 3 N5 N5 205 0.240 1
91 4 N1 N3 56 0.100 0
91 5 N1 N1 187 0.100 1
91 6 N4 N1 0 0.020 0
91 7 N4 N3 101 0.020 1
92 1 N3 N1 0 1.940 0
92 2 N3 N3 136 1.940 1
92 3 N5 N5 206 0.270 1
92 4 N1 N3 53 0.140 0
92 5 N1 N1 187 0.140 1
92 6 N4 N1 0 1.090 0
92 7 N4 N3 101 1.090 1
93 1 N3 N1 0 0.610 0
93 2 N3 N3 132 0.610 1
93 3 N5 N5 205 0.310 1
93 4 N1 N3 53 0.170 0
93 5 N1 N1 187 0.170 1
93 6 N4 N1 0 0.610 0
93 7 N4 N3 99 0.610 1
94 1 N3 N1 0 0.930 0
94 2 N3 N3 128 0.930 1
94 3 N5 N5 204 0.350 1
94 4 N1 N3 53 0.190 0
94 5 N1 N1 187 0.190 1
94 6 N4 N1 0 1.680 0
94 7 N4 N3 99 1.680 1
95 1 N3 N1 79 0.030 0
95 2 N3 N3 124 0.030 1
95 3 N5 N5 201 0.400 1
95 4 N1 N3 0 0.720 0
95 5 N1 N1 187 0.720 1
95 6 N4 N1 0 2.750 0
95 7 N4 N3 99 2.750 1
96 1 N3 N1 76 0.340 0
96 2 N3 N3 124 0.340 1
96 3 N5 N5 197 0.430 1
96 4 N1 N3 0 0.000 0
96 5 N1 N1 189 0.000 1
96 6 N4 N1 0 3.810 0
96 7 N4 N3 99 3.810 1
97 1 N3 N1 77 0.630 0
97 2 N3 N3 124 0.630 1
97 3 N5 N5 195 0.470 1
97 4 N1 N3 0 0.260 0
97 5 N1 N1 192 0.260 1
97 6 N4 N1 0 1.060 0
97 7 N4 N3 97 1.060 1
98 1 N3 N1 77 0.170 0
98 2 N3 N3 122 0.170 1
98 3 N5 N5 191 0.500 1
98 4 N1 N3 0 0.190 0
98 5 N1 N1 192 0.190 1
98 6 N4 N1 0 2.130 0
98 7 N4 N3 97 2.130 1
99 1 N3 N1 77 0.240 0
99 2 N3 N3 120 0.240 1
99 3 N5 N5 184 0.040 1
99 4 N1 N3 0 0.900 0
99 5 N1 N1 193 0.900 1
99 6 N4 N1 0 3.190 0
99 7 N4 N3 97 3.190 1
100 1 N3 N1 75 0.190 0
100 2 N3 N3 120 0.190 1
100 3 N5 N5 181 0.080 1
100 4 N1 N3 43 0.200 0
100 5 N1 N1 193 0.200 1
100 6 N4 N1 0 0.410 0
100 7 N4 N3 94 0.410 1
101 1 N3 N1 74 0.340 0
101 2 N3 N3 117 0.340 1
101 3 N5 N5 178 0.090 1
101 4 N1 N3 43 0.350 0
101 5 N1 N1 193 0.350 1
101 6 N4 N1 0 0.470 0
101 7 N4 N3 91 0.470 1
102 1 N3 N1 73 0.360 0
102 2 N3 N3 113 0.360 1
102 3 N5 N5 176 0.160 1
102 4 N1 N3 43 0.380 0
102 5 N1 N1 194 0.380 1
102 6 N4 N1 0 1.540 0
102 7 N4 N3 91 1.540 1
103 1 N3 N1 75 0.270 0
103 2 N3 N3 112 0.270 1
103 3 N5 N5 176 0.170 1
103 4 N1 N3 42 0.380 0
103 5 N1 N1 194 0.380 1
103 6 N4 N1 0 2.600 0
103 7 N4 N3 91 2.600 1
104 1 N3 N1 76 0.620 0
104 2 N3 N3 109 0.620 1
104 3 N5 N5 175 0.200 1
104 4 N1 N3 42 0.520 0
104 5 N1 N1 195 0.520 1
104 6 N4 N1 0 3.660 0
104 7 N4 N3 91 3.660 1
105 1 N3 N1 74 0.480 0
105 2 N3 N3 105 0.480 1
105 3 N5 N5 174 0.260 1
105 4 N1 N3 42 0.480 0
105 5 N1 N1 195 0.480 1
105 6 N4 N1 0 4.730 0
105 7 N4 N3 91 4.730 1
106 1 N3 N1 74 1.570 0
106 2 N3 N3 105 1.570 1
106 3 N5 N5 174 0.310 1
106 4 N1 N3 42 1.570 0
106 5 N1 N1 195 1.570 1
106 6 N4 N1 0 5.820 0
106 7 N4 N3 91 5.820 1
107 1 N3 N1 74 2.630 0
107 2 N3 N3 105 2.630 1
107 3 N5 N5 174 0.380 1
107 4 N1 N3 41 0.310 0
107 5 N1 N1 197 0.310 1
107 6 N4 N1 0 6.880 0
107 7 N4 N3 91 6.880 1
108 1 N3 N1 74 0.070 0
108 2 N3 N3 101 0.070 1
108 3 N5 N5 174 0.390 1
108 4 N1 N3 41 0.060 0
108 5 N1 N1 198 0.060 1
108 6 N4 N1 0 7.940 0
108 7 N4 N3 91 7.940 1
109 1 N3 N1 76 0.040 0
109 2 N3 N3 99 0.040 1
109 3 N5 N5 175 0.430 1
109 4 N1 N3 40 0.680 0
109 5 N1 N1 198 0.680 1
109 6 N4 N1 0 9.010 0
109 7 N4 N3 91 9.010 1
110 1 N3 N1 85 1.010 0
110 2 N3 N3 99 1.010 1
110 3 N5 N5 174 0.500 1
110 4 N1 N3 39 0.250 0
110 5 N1 N1 200 0.250 1
110 6 N4 N1 0 10.090 0
110 7 N4 N3 91 10.090 1
111 1 N3 N1 92 0.330 0
111 2 N3 N3 97 0.330 1
111 3 N5 N5 173 0.520 1
111 4 N1 N3 38 0.320 0
111 5 N1 N1 201 0.320 1
111 6 N4 N1 0 11.160 0
111 7 N4 N3 91 11.160 1
112 1 N3 N1 93 0.570 0
112 2 N3 N3 96 0.570 1
112 3 N5 N5 172 0.020 1
112 4 N1 N3 37 0.560 0
112 5 N1 N1 202 0.560 1
112 6 N4 N1 0 12.220 0
112 7 N4 N3 91 12.220 1
113 1 N3 N1 96 0.840 0
113 2 N3 N3 96 0.840 1
113 3 N5 N5 170 0.100 1
113 4 N1 N3 37 0.830 0
113 5 N1 N1 204 0.830 1
113 6 N4 N1 0 13.300 0
113 7 N4 N3 91 13.300 1
114 1 N3 N1 92 0.010 0
114 2 N3 N3 95 0.010 1
114 3 N5 N5 169 0.100 1
114 4 N1 N3 35 0.100 0
114 5 N1 N1 205 0.100 1
114 6 N4 N1 0 0.110 0
114 7 N4 N3 89 0.110 1
115 1 N3 N1 90 0.300 0
115 2 N3 N3 96 0.300 1
115 3 N5 N5 167 0.160 1
115 4 N1 N3 35 0.410 0
115 5 N1 N1 206 0.410 1
115 6 N4 N1 0 0.430 0
115 7 N4 N3 86 0.430 1
116 1 N3 N1 90 0.110 0
116 2 N3 N3 95 0.110 1
116 3 N5 N5 165 0.250 1
116 4 N1 N3 35 1.070 0
116 5 N1 N1 207 1.070 1
116 6 N4 N1 0 1.520 0
116 7 N4 N3 86 1.520 1
117 1 N3 N1 88 0.070 0
117 2 N3 N3 95 0.070 1
117 3 N5 N5 163 0.290 1
117 4 N1 N3 35 2.140 0
117 5 N1 N1 207 2.140 1
117 6 N4 N1 0 0.670 0
117 7 N4 N3 83 0.670 1
118 1 N3 N1 85 0.070 0
118 2 N3 N3 95 0.070 1
118 3 N5 N5 161 0.350 1
118 4 N1 N3 36 0.010 0
118 5 N1 N1 214 0.010 1
118 6 N4 N1 0 0.230 0
118 7 N4 N3 78 0.230 1
119 1 N3 N1 85 0.120 0
119 2 N3 N3 96 0.120 1
119 3 N5 N5 160 0.390 1
119 4 N1 N3 36 1.080 0
119 5 N1 N1 214 1.080 1
119 6 N4 N1 0 0.220 0
119 7 N4 N3 76 0.220 1
120 1 N3 N1 83 0.120 0
120 2 N3 N3 97 0.120 1
120 3 N5 N5 158 0.410 1
120 4 N1 N3 36 0.130 0
120 5 N1 N1 218 0.130 1
120 6 N4 N1 0 0.120 0
120 7 N4 N3 74 0.120 1
121 1 N3 N1 80 0.590 0
121 2 N3 N3 97 0.590 1
121 3 N5 N5 158 0.430 1
121 4 N1 N3 36 0.500 0
121 5 N1 N1 219 0.500 1
121 6 N4 N1 0 1.190 0
121 7 N4 N3 74 1.190 1
122 1 N3 N1 80 0.220 0
122 2 N3 N3 97 0.220 1
122 3 N5 N5 158 0.460 1
122 4 N1 N3 37 0.230 0
122 5 N1 N1 219 0.230 1
122 6 N4 N1 0 2.250 0
122 7 N4 N3 74 2.250 1
123 1 N3 N1 84 0.740 0
123 2 N3 N3 97 0.740 1
123 3 N5 N5 157 0.470 1
123 4 N1 N3 37 0.730 0
123 5 N1 N1 221 0.730 1
123 6 N4 N1 0 3.310 0
123 7 N4 N3 74 3.310 1
124 1 N3 N1 85 0.350 0
124 2 N3 N3 97 0.350 1
124 3 N5 N5 159 0.510 1
124 4 N1 N3 38 0.890 0
124 5 N1 N1 221 0.890 1
124 6 N4 N1 0 4.380 0
124 7 N4 N3 74 4.380 1
125 1 N3 N1 87 0.240 0
125 2 N3 N3 97 0.240 1
125 3 N5 N5 162 0.010 1
125 4 N1 N3 39 0.240 0
125 5 N1 N1 223 0.240 1
125 6 N4 N1 0 5.440 0
125 7 N4 N3 74 5.440 1
126 1 N3 N1 93 0.220 0
126 2 N3 N3 97 0.220 1
126 3 N5 N5 166 0.040 1
126 4 N1 N3 40 0.230 0
126 5 N1 N1 223 0.230 1
126 6 N4 N1 0 0.230 0
126 7 N4 N3 72 0.230 1
127 1 N3 N1 94 0.370 0
127 2 N3 N3 97 0.370 1
127 3 N5 N5 170 0.080 1
127 4 N1 N3 40 0.370 0
127 5 N1 N1 224 0.370 1
127 6 N4 N1 0 0.530 0
127 7 N4 N3 69 0.530 1
128 1 N3 N1 97 0.200 0
128 2 N3 N3 98 0.200 1
128 3 N5 N5 174 0.110 1
128 4 N1 N3 42 0.900 0
128 5 N1 N1 225 0.900 1
128 6 N4 N1 0 0.060 0
128 7 N4 N3 68 0.060 1
129 1 N3 N1 98 0.320 0
129 2 N3 N3 98 0.320 1
129 3 N5 N5 177 0.120 1
129 4 N1 N3 44 0.320 0
129 5 N1 N1 229 0.320 1
129 6 N4 N1 0 1.120 0
129 7 N4 N3 68 1.120 1
130 1 N3 N1 100 0.520 0
130 2 N3 N3 99 0.520 1
130 3 N5 N5 180 0.160 1
130 4 N1 N3 46 0.030 0
130 5 N1 N1 234 0.030 1
130 6 N4 N1 0 2.190 0
130 7 N4 N3 68 2.190 1
131 1 N3 N1 102 0.080 0
131 2 N3 N3 104 0.080 1
131 3 N5 N5 182 0.240 1
131 4 N1 N3 50 0.210 0
131 5 N1 N1 235 0.210 1
131 6 N4 N1 0 3.280 0
131 7 N4 N3 68 3.280 1
132 1 N3 N1 107 0.010 0
132 2 N3 N3 108 0.010 1
132 3 N5 N5 184 0.280 1
132 4 N1 N3 54 0.010 0
132 5 N1 N1 240 0.010 1
132 6 N4 N1 0 0.780 0
132 7 N4 N3 68 0.780 1
133 1 N3 N1 106 0.050 0
133 2 N3 N3 113 0.050 1
133 3 N5 N5 185 0.350 1
133 4 N1 N3 56 0.180 0
133 5 N1 N1 242 0.180 1
133 6 N4 N1 0 1.850 0
133 7 N4 N3 68 1.850 1
134 1 N3 N1 103 0.170 0
134 2 N3 N3 117 0.170 1
134 3 N5 N5 184 0.370 1
134 4 N1 N3 57 0.090 0
134 5 N1 N1 242 0.090 1
134 6 N4 N1 0 0.360 0
134 7 N4 N3 69 0.360 1
135 1 N3 N1 103 1.240 0
135 2 N3 N3 117 1.240 1
135 3 N5 N5 183 0.430 1
135 4 N1 N3 58 0.340 0
135 5 N1 N1 242 0.340 1
135 6 N4 N1 0 1.430 0
135 7 N4 N3 69 1.430 1
136 1 N3 N1 101 0.220 0
136 2 N3 N3 122 0.220 1
136 3 N5 N5 182 0.460 1
136 4 N1 N3 59 0.260 0
136 5 N1 N1 240 0.260 1
136 6 N4 N1 0 2.490 0
136 7 N4 N3 69 2.490 1
137 1 N3 N1 96 0.650 0
137 2 N3 N3 122 0.650 1
137 3 N5 N5 181 0.510 1
137 4 N1 N3 59 0.820 0
137 5 N1 N1 238 0.820 1
137 6 N4 N1 0 0.960 0
137 7 N4 N3 71 0.960 1
138 1 N3 N1 93 0.520 0
138 2 N3 N3 123 0.520 1
138 3 N5 N5 180 0.010 1
138 4 N1 N3 59 1.880 0
138 5 N1 N1 238 1.880 1
138 6 N4 N1 0 0.520 0
138 7 N4 N3 73 0.520 1
139 1 N3 N1 93 0.480 0
139 2 N3 N3 124 0.480 1
139 3 N5 N5 179 0.050 1
139 4 N1 N3 61 0.390 0
139 5 N1 N1 238 0.390 1
139 6 N4 N1 0 0.530 0
139 7 N4 N3 76 0.530 1
140 1 N3 N1 88 0.610 0
140 2 N3 N3 125 0.610 1
140 3 N5 N5 179 0.070 1
140 4 N1 N3 61 0.730 0
140 5 N1 N1 238 0.730 1
140 6 N4 N1 0 0.730 0
140 7 N4 N3 78 0.730 1
141 1 N3 N1 85 0.400 0
141 2 N3 N3 128 0.400 1
141 3 N5 N5 178 0.070 1
141 4 N1 N3 61 0.680 0
141 5 N1 N1 236 0.680 1
141 6 N4 N1 0 0.630 0
141 7 N4 N3 81 0.630 1
142 1 N3 N1 81 0.170 0
142 2 N3 N3 129 0.170 1
142 3 N5 N5 178 0.130 1
142 4 N1 N3 63 0.160 0
142 5 N1 N1 232 0.160 1
142 6 N4 N1 0 1.700 0
142 7 N4 N3 81 1.700 1
143 1 N3 N1 81 1.240 0
143 2 N3 N3 129 1.240 1
143 3 N5 N5 178 0.180 1
143 4 N1 N3 63 0.400 0
143 5 N1 N1 231 0.400 1
143 6 N4 N1 0 0.670 0
143 7 N4 N3 83 0.670 1
144 1 N3 N1 81 2.300 0
144 2 N3 N3 129 2.300 1
144 3 N5 N5 178 0.200 1
144 4 N1 N3 63 0.050 0
144 5 N1 N1 233 0.050 1
144 6 N4 N1 0 1.730 0
144 7 N4 N3 83 1.730 1
145 1 N3 N1 82 0.300 0
145 2 N3 N3 130 0.300 1
145 3 N5 N5 178 0.250 1
145 4 N1 N3 62 0.090 0
145 5 N1 N1 233 0.090 1
145 6 N4 N1 0 0.300 0
145 7 N4 N3 85 0.300 1
146 1 N3 N1 83 0.250 0
146 2 N3 N3 130 0.250 1
146 3 N5 N5 177 0.260 1
146 4 N1 N3 62 0.940 0
146 5 N1 N1 233 0.940 1
146 6 N4 N1 0 0.240 0
146 7 N4 N3 88 0.240 1
147 1 N3 N1 83 0.140 0
147 2 N3 N3 130 0.140 1
147 3 N5 N5 178 0.290 1
147 4 N1 N3 62 0.270 0
147 5 N1 N1 234 0.270 1
147 6 N4 N1 0 1.300 0
147 7 N4 N3 88 1.300 1
148 1 N3 N1 83 0.180 0
148 2 N3 N3 130 0.180 1
148 3 N5 N5 178 0.340 1
148 4 N1 N3 61 0.600 0
148 5 N1 N1 233 0.600 1
148 6 N4 N1 0 0.430 0
148 7 N4 N3 92 0.430 1
149 1 N3 N1 87 0.130 0
149 2 N3 N3 130 0.130 1
149 3 N5 N5 179 0.380 1
149 4 N1 N3 61 0.250 0
149 5 N1 N1 233 0.250 1
149 6 N4 N1 0 0.290 0
149 7 N4 N3 94 0.290 1
150 1 N3 N1 91 0.340 0
150 2 N3 N3 129 0.340 1
150 3 N5 N5 180 0.480 1
150 4 N1 N3 58 0.200 0
150 5 N1 N1 235 0.200 1
150 6 N4 N1 0 0.580 0
150 7 N4 N3 97 0.580 1
151 1 N3 N1 94 0.300 0
151 2 N3 N3 129 0.300 1
151 3 N5 N5 180 0.020 1
151 4 N1 N3 58 0.340 0
151 5 N1 N1 238 0.340 1
151 6 N4 N1 0 0.620 0
151 7 N4 N3 98 0.620 1
152 1 N3 N1 96 0.450 0
152 2 N3 N3 127 0.450 1
152 3 N5 N5 180 0.050 1
152 4 N1 N3 56 0.280 0
152 5 N1 N1 240 0.280 1
152 6 N4 N1 0 0.650 0
152 7 N4 N3 98 0.650 1
153 1 N3 N1 95 0.370 0
153 2 N3 N3 127 0.370 1
153 3 N5 N5 180 0.060 1
153 4 N1 N3 56 0.440 0
153 5 N1 N1 242 0.440 1
153 6 N4 N1 0 0.170 0
153 7 N4 N3 100 0.170 1
154 1 N3 N1 95 0.930 0
154 2 N3 N3 127 0.930 1
154 3 N5 N5 180 0.090 1
154 4 N1 N3 56 0.490 0
154 5 N1 N1 244 0.490 1
154 6 N4 N1 0 1.240 0
154 7 N4 N3 100 1.240 1
155 1 N3 N1 96 0.030 0
155 2 N3 N3 129 0.030 1
155 3 N5 N5 179 0.160 1
155 4 N1 N3 56 0.230 0
155 5 N1 N1 245 0.230 1
155 6 N4 N1 0 0.230 0
155 7 N4 N3 103 0.230 1
156 1 N3 N1 98 0.070 0
156 2 N3 N3 130 0.070 1
156 3 N5 N5 179 0.230 1
156 4 N1 N3 56 0.070 0
156 5 N1 N1 245 0.070 1
156 6 N4 N1 0 0.810 0
156 7 N4 N3 104 0.810 1
157 1 N3 N1 98 0.110 0
157 2 N3 N3 132 0.110 1
157 3 N5 N5 177 0.300 1
157 4 N1 N3 56 0.530 0
157 5 N1 N1 244 0.530 1
157 6 N4 N1 0 0.870 0
157 7 N4 N3 106 0.870 1
158 1 N3 N1 102 0.050 0
158 2 N3 N3 133 0.050 1
158 3 N5 N5 176 0.340 1
158 4 N1 N3 56 0.140 0
158 5 N1 N1 241 0.140 1
158 6 N4 N1 0 0.910 0
158 7 N4 N3 107 0.910 1
159 1 N3 N1 103 0.190 0
159 2 N3 N3 136 0.190 1
159 3 N5 N5 175 0.390 1
159 4 N1 N3 58 0.060 0
159 5 N1 N1 239 0.060 1
159 6 N4 N1 0 0.430 0
159 7 N4 N3 110 0.430 1
160 1 N3 N1 105 0.250 0
160 2 N3 N3 140 0.250 1
160 3 N5 N5 175 0.430 1
160 4 N1 N3 58 0.630 0
160 5 N1 N1 237 0.630 1
160 6 N4 N1 0 1.510 0
160 7 N4 N3 110 1.510 1
161 1 N3 N1 118 0.270 0
161 2 N3 N3 143 0.270 1
161 3 N5 N5 176 0.420 1
161 4 N1 N3 0 0.380 0
161 5 N1 N1 235 0.380 1
161 6 N4 N1 0 1.000 0
161 7 N4 N3 112 1.000 1
162 1 N3 N1 124 0.210 0
162 2 N3 N3 147 0.210 1
162 3 N5 N5 177 0.460 1
162 4 N1 N3 0 0.340 0
162 5 N1 N1 232 0.340 1
162 6 N4 N1 0 0.050 0
162 7 N4 N3 115 0.050 1
163 1 N3 N1 130 0.260 0
163 2 N3 N3 150 0.260 1
163 3 N5 N5 177 0.470 1
163 4 N1 N3 0 0.310 0
163 5 N1 N1 231 0.310 1
163 6 N4 N1 0 0.100 0
163 7 N4 N3 116 0.100 1
164 1 N3 N1 130 0.930 0
164 2 N3 N3 152 0.930 1
164 3 N5 N5 178 0.480 1
164 4 N1 N3 0 0.330 0
164 5 N1 N1 230 0.330 1
164 6 N4 N1 0 0.170 0
164 7 N4 N3 119 0.170 1
165 1 N3 N1 130 0.470 0
165 2 N3 N3 154 0.470 1
165 3 N5 N5 180 0.030 1
165 4 N1 N3 0 0.760 0
165 5 N1 N1 230 0.760 1
165 6 N4 N1 0 0.210 0
165 7 N4 N3 123 0.210 1
166 1 N3 N1 145 0.380 0
166 2 N3 N3 155 0.380 1
166 3 N5 N5 181 0.070 1
166 4 N1 N3 0 0.430 0
166 5 N1 N1 232 0.430 1
166 6 N4 N1 0 0.240 0
166 7 N4 N3 125 0.240 1
167 1 N3 N1 154 0.410 0
167 2 N3 N3 156 0.410 1
167 3 N5 N5 183 0.100 1
167 4 N1 N3 0 0.440 0
167 5 N1 N1 235 0.440 1
167 6 N4 N1 0 0.300 0
167 7 N4 N3 128 0.300 1
168 1 N3 N1 158 0.450 0
168 2 N3 N3 159 0.450 1
168 3 N5 N5 184 0.150 1
168 4 N1 N3 0 0.500 0
168 5 N1 N1 236 0.500 1
168 6 N4 N1 0 0.320 0
168 7 N4 N3 129 0.320 1
169 1 N3 N1 163 0.030 0
169 2 N3 N3 161 0.030 1
169 3 N5 N5 186 0.170 1
169 4 N1 N3 0 0.020 0
169 5 N1 N1 240 0.020 1
169 6 N4 N1 0 0.370 0
169 7 N4 N3 131 0.370 1
170 1 N3 N1 173 0.100 0
170 2 N3 N3 162 0.100 1
170 3 N5 N5 189 0.200 1
170 4 N1 N3 0 0.050 0
170 5 N1 N1 243 0.050 1
170 6 N4 N1 0 0.380 0
170 7 N4 N3 132 0.380 1
171 1 N3 N1 174 0.140 0
171 2 N3 N3 164 0.140 1
171 3 N5 N5 191 0.240 1
171 4 N1 N3 0 0.080 0
171 5 N1 N1 246 0.080 1
171 6 N4 N1 0 0.430 0
171 7 N4 N3 133 0.430 1
172 1 N3 N1 177 0.160 0
172 2 N3 N3 170 0.160 1
172 3 N5 N5 194 0.270 1
172 4 N1 N3 0 0.090 0
172 5 N1 N1 249 0.090 1
172 6 N4 N1 0 0.450 0
172 7 N4 N3 134 0.450 1
173 1 N3 N1 181 0.090 0
173 2 N3 N3 173 0.090 1
173 3 N5 N5 197 0.310 1
173 4 N1 N3 0 0.110 0
173 5 N1 N1 251 0.110 1
173 6 N4 N1 0 0.470 0
173 7 N4 N3 138 0.470 1
174 1 N3 N1 182 0.270 0
174 2 N3 N3 177 0.270 1
174 3 N5 N5 200 0.350 1
174 4 N1 N3 0 0.110 0
174 5 N1 N1 252 0.110 1
174 6 N4 N1 0 0.510 0
174 7 N4 N3 139 0.510 1
175 1 N3 N1 186 0.320 0
175 2 N3 N3 183 0.320 1
175 3 N5 N5 204 0.410 1
175 4 N1 N3 0 0.180 0
175 5 N1 N1 253 0.180 1
175 6 N4 N1 0 0.560 0
175 7 N4 N3 140 0.560 1
176 1 N3 N1 191 0.270 0
176 2 N3 N3 189 0.270 1
176 3 N5 N5 208 0.430 1
176 4 N1 N3 0 0.220 0
176 5 N1 N1 253 0.220 1
176 6 N4 N1 0 0.060 0
176 7 N4 N3 142 0.060 1
177 1 N3 N1 195 0.430 0
177 2 N3 N3 194 0.430 1
177 3 N5 N5 211 0.490 1
177 4 N1 N3 0 0.780 0
177 5 N1 N1 253 0.780 1
177 6 N4 N1 0 0.140 0
177 7 N4 N3 143 0.140 1
178 1 N3 N1 196 0.440 0
178 2 N3 N3 198 0.440 1
178 3 N5 N5 213 0.460 1
178 4 N1 N3 0 1.840 0
178 5 N1 N1 253 1.840 1
178 6 N4 N1 0 0.190 0
178 7 N4 N3 144 0.190 1
179 1 N3 N1 196 0.350 0
179 2 N3 N3 200 0.350 1
179 3 N5 N5 215 0.010 1
179 4 N1 N3 0 0.350 0
179 5 N1 N1 252 0.350 1
179 6 N4 N1 0 0.730 0
179 7 N4 N3 144 0.730 1
180 1 N3 N1 194 0.120 0
180 2 N3 N3 203 0.120 1
180 3 N5 N5 216 0.080 1
180 4 N1 N3 0 0.120 0
180 5 N1 N1 249 0.120 1
180 6 N4 N1 0 0.240 0
180 7 N4 N3 145 0.240 1
181 1 N3 N1 194 0.540 0
181 2 N3 N3 204 0.540 1
181 3 N5 N5 217 0.120 1
181 4 N1 N3 0 0.540 0
181 5 N1 N1 248 0.540 1
181 6 N4 N1 0 0.290 0
181 7 N4 N3 146 0.290 1
182 1 N3 N1 191 0.030 0
182 2 N3 N3 205 0.030 1
182 3 N5 N5 217 0.220 1
182 4 N1 N3 0 0.470 0
182 5 N1 N1 245 0.470 1
182 6 N4 N1 0 0.340 0
182 7 N4 N3 146 0.340 1
183 1 N3 N1 187 0.140 0
183 2 N3 N3 205 0.140 1
183 3 N5 N5 217 0.280 1
183 4 N1 N3 0 0.570 0
183 5 N1 N1 242 0.570 1
183 6 N4 N1 0 0.420 0
183 7 N4 N3 146 0.420 1
184 1 N3 N1 185 0.490 0
184 2 N3 N3 205 0.490 1
184 3 N5 N5 218 0.340 1
184 4 N1 N3 0 0.490 0
184 5 N1 N1 240 0.490 1
184 6 N4 N1 0 0.990 0
184 7 N4 N3 145 0.990 1
185 1 N3 N1 183 0.290 0
185 2 N3 N3 205 0.290 1
185 3 N5 N5 218 0.370 1
185 4 N1 N3 0 0.290 0
185 5 N1 N1 239 0.290 1
185 6 N4 N1 0 0.550 0
185 7 N4 N3 143 0.550 1
186 1 N3 N1 181 0.320 0
186 2 N3 N3 203 0.320 1
186 3 N5 N5 217 0.410 1
186 4 N1 N3 0 0.550 0
186 5 N1 N1 238 0.550 1
186 6 N4 N1 0 0.050 0
186 7 N4 N3 141 0.050 1
187 1 N3 N1 181 0.330 0
187 2 N3 N3 201 0.330 1
187 3 N5 N5 217 0.440 1
187 4 N1 N3 0 0.680 0
187 5 N1 N1 237 0.680 1
187 6 N4 N1 0 0.620 0
187 7 N4 N3 139 0.620 1
188 1 N3 N1 173 0.220 0
188 2 N3 N3 199 0.220 1
188 3 N5 N5 218 0.510 1
188 4 N1 N3 0 0.200 0
188 5 N1 N1 238 0.200 1
188 6 N4 N1 0 0.110 0
188 7 N4 N3 138 0.110 1
189 1 N3 N1 167 0.060 0
189 2 N3 N3 198 0.060 1
189 3 N5 N5 218 0.030 1
189 4 N1 N3 0 0.050 0
189 5 N1 N1 240 0.050 1
189 6 N4 N1 0 0.140 0
189 7 N4 N3 137 0.140 1
190 1 N3 N1 166 0.380 0
190 2 N3 N3 196 0.380 1
190 3 N5 N5 218 0.050 1
190 4 N1 N3 0 0.280 0
190 5 N1 N1 241 0.280 1
190 6 N4 N1 0 1.200 0
190 7 N4 N3 137 1.200 1
191 1 N3 N1 162 0.340 0
191 2 N3 N3 195 0.340 1
191 3 N5 N5 217 0.080 1
191 4 N1 N3 0 0.310 0
191 5 N1 N1 243 0.310 1
191 6 N4 N1 0 2.270 0
191 7 N4 N3 137 2.270 1
192 1 N3 N1 157 0.490 0
192 2 N3 N3 192 0.490 1
192 3 N5 N5 216 0.130 1
192 4 N1 N3 0 0.880 0
192 5 N1 N1 244 0.880 1
192 6 N4 N1 0 0.290 0
192 7 N4 N3 136 0.290 1
193 1 N3 N1 157 0.510 0
193 2 N3 N3 190 0.510 1
193 3 N5 N5 215 0.170 1
193 4 N1 N3 0 0.400 0
193 5 N1 N1 246 0.400 1
193 6 N4 N3 134 0.330 1
194 1 N3 N1 154 0.960 0
194 2 N3 N3 189 0.960 1
194 3 N5 N5 214 0.210 1
194 4 N1 N3 0 0.210 0
194 5 N1 N1 247 0.210 1
194 6 N4 N3 133 0.860 1
195 1 N3 N1 148 0.320 0
195 2 N3 N3 188 0.320 1
195 3 N5 N5 214 0.240 1
195 4 N1 N3 0 0.350 0
195 5 N1 N1 247 0.350 1
195 6 N4 N3 133 1.920 1
196 1 N3 N1 148 0.610 0
196 2 N3 N3 187 0.610 1
196 3 N5 N5 213 0.260 1
196 4 N1 N3 0 1.410 0
196 5 N1 N1 247 1.410 1
196 6 N4 N3 133 2.980 1
197 1 N3 N1 146 0.140 0
197 2 N3 N3 185 0.140 1
197 3 N5 N5 213 0.300 1
197 4 N1 N3 0 0.580 0
197 5 N1 N1 248 0.580 1
197 6 N4 N3 133 4.040 1
198 1 N3 N1 146 0.670 0
198 2 N3 N3 183 0.670 1
198 3 N5 N5 211 0.360 1
198 4 N1 N3 0 1.630 0
198 5 N1 N1 248 1.630 1
198 6 N4 N3 133 5.090 1
199 1 N3 N1 135 0.530 0
199 2 N3 N3 183 0.530 1
199 3 N5 N5 211 0.910 1
199 4 N1 N3 0 0.580 0
199 5 N1 N1 246 0.580 1
199 6 N4 N3 133 6.150 1
200 1 N3 N1 122 0.270 0
200 2 N3 N3 178 0.270 1
200 3 N5 N5 210 0.470 1
200 4 N1 N3 0 0.360 0
200 5 N1 N1 247 0.360 1
200 6 N4 N3 133 7.210 1
201 1 N3 N1 122 1.330 0
201 2 N3 N3 178 1.330 1
201 3 N5 N5 209 0.520 1
201 4 N1 N3 0 1.420 0
201 5 N1 N1 247 1.420 1
201 6 N4 N3 133 8.270 1
202 1 N3 N1 117 0.290 0
202 2 N3 N3 178 0.290 1
202 3 N5 N5 208 0.020 1
202 4 N1 N3 0 0.290 0
202 5 N1 N1 246 0.290 1
202 6 N4 N3 129 0.050 1
203 1 N3 N1 108 0.500 0
203 2 N3 N3 175 0.500 1
203 3 N5 N5 207 0.020 1
203 4 N1 N3 0 0.500 0
203 5 N1 N1 246 0.500 1
203 6 N4 N3 126 0.100 1
204 1 N3 N1 108 1.560 0
204 2 N3 N3 175 1.560 1
204 3 N5 N5 206 0.060 1
204 4 N1 N3 0 0.400 0
204 5 N1 N1 245 0.400 1
204 6 N4 N3 125 0.650 1
205 1 N3 N1 103 0.170 0
205 2 N3 N3 173 0.170 1
205 3 N5 N5 205 0.620 1
205 4 N1 N3 0 0.170 0
205 5 N1 N1 245 0.170 1
205 6 N4 N3 124 0.200 1
206 1 N3 N1 92 0.180 0
206 2 N3 N3 171 0.180 1
206 3 N5 N5 204 0.670 1
206 4 N1 N3 0 0.180 0
206 5 N1 N1 244 0.180 1
206 6 N4 N3 124 1.260 1
207 1 N3 N1 92 1.240 0
207 2 N3 N3 171 1.240 1
207 3 N5 N5 204 1.730 1
207 4 N1 N3 0 1.240 0
207 5 N1 N1 244 1.240 1
207 6 N4 N3 124 0.790 1
208 1 N3 N1 78 0.120 0
208 2 N3 N3 167 0.120 1
208 3 N5 N5 204 0.780 1
208 4 N1 N3 0 0.470 0
208 5 N1 N1 243 0.470 1
208 6 N4 N3 125 0.340 1
209 1 N3 N1 78 0.180 0
209 2 N3 N3 167 0.180 1
209 3 N5 N5 205 0.280 1
209 4 N1 N3 0 1.540 0
209 5 N1 N1 243 1.540 1
209 6 N4 N3 125 0.370 1
210 1 N3 N1 74 0.720 0
210 2 N3 N3 167 0.720 1
210 3 N5 N5 205 0.340 1
210 4 N1 N3 0 0.950 0
210 5 N1 N1 239 0.950 1
210 6 N4 N3 125 1.420 1
211 1 N3 N1 74 1.780 0
211 2 N3 N3 167 1.780 1
211 3 N5 N5 205 0.370 1
211 4 N1 N3 0 2.010 0
211 5 N1 N1 239 2.010 1
211 6 N4 N3 125 2.480 1
212 1 N3 N1 74 0.790 0
212 2 N3 N3 168 0.790 1
212 3 N5 N5 204 0.400 1
212 4 N1 N3 0 0.600 0
212 5 N1 N1 234 0.600 1
212 6 N4 N3 126 0.460 1
213 1 N3 N1 74 1.840 0
213 2 N3 N3 168 1.840 1
213 3 N5 N5 204 0.420 1
213 4 N1 N3 0 1.650 0
213 5 N1 N1 234 1.650 1
213 6 N4 N3 127 0.460 1
214 1 N3 N1 71 0.360 0
214 2 N3 N3 172 0.360 1
214 3 N5 N5 203 0.440 1
214 4 N1 N3 0 2.710 0
214 5 N1 N1 234 2.710 1
214 6 N4 N3 129 0.960 1
215 1 N3 N1 67 0.390 0
215 2 N3 N3 174 0.390 1
215 3 N5 N5 202 0.470 1
215 4 N1 N3 0 0.760 0
215 5 N1 N1 232 0.760 1
215 6 N4 N3 129 2.020 1
216 1 N3 N1 67 1.450 0
216 2 N3 N3 174 1.450 1
216 3 N5 N5 201 0.020 1
216 4 N1 N3 0 1.820 0
216 5 N1 N1 232 1.820 1
216 6 N4 N3 129 3.080 1
217 1 N3 N1 67 0.980 0
217 2 N3 N3 176 0.980 1
217 3 N5 N5 199 0.070 1
217 4 N1 N3 50 0.070 0
217 5 N1 N1 228 0.070 1
217 6 N4 N3 129 4.140 1
218 1 N3 N1 59 0.490 0
218 2 N3 N3 179 0.490 1
218 3 N5 N5 198 0.100 1
218 4 N1 N3 50 0.070 0
218 5 N1 N1 229 0.070 1
218 6 N4 N3 130 0.120 1
219 1 N3 N1 59 0.530 0
219 2 N3 N3 184 0.530 1
219 3 N5 N5 197 0.130 1
219 4 N1 N3 52 1.010 0
219 5 N1 N1 229 1.010 1
219 6 N4 N3 130 1.180 1
220 1 N3 N1 55 0.570 0
220 2 N3 N3 185 0.570 1
220 3 N5 N5 196 0.150 1
220 4 N1 N3 52 2.070 0
220 5 N1 N1 229 2.070 1
220 6 N4 N3 130 2.240 1
221 1 N3 N1 51 0.440 0
221 2 N3 N3 188 0.440 1
221 3 N5 N5 196 0.180 1
221 4 N1 N3 52 0.910 0
221 5 N1 N1 226 0.910 1
221 6 N4 N3 129 0.470 1
222 1 N3 N1 49 0.440 0
222 2 N3 N3 187 0.440 1
222 3 N5 N5 195 0.210 1
222 4 N1 N3 52 0.200 0
222 5 N1 N1 222 0.200 1
222 6 N4 N3 131 0.440 1
223 1 N3 N1 0 0.480 0
223 2 N3 N3 188 0.480 1
223 3 N5 N5 196 0.250 1
223 4 N1 N3 49 0.480 0
223 5 N1 N1 222 0.480 1
223 6 N4 N3 133 0.480 1
224 1 N3 N1 0 1.540 0
224 2 N3 N3 188 1.540 1
224 3 N5 N5 195 0.300 1
224 4 N1 N3 49 0.040 0
224 5 N1 N1 221 0.040 1
224 6 N4 N3 134 0.040 1
225 1 N3 N1 0 0.020 0
225 2 N3 N3 188 0.020 1
225 3 N5 N5 194 0.350 1
225 4 N1 N3 49 0.030 0
225 5 N1 N1 218 0.030 1
225 6 N4 N3 136 0.020 1
226 1 N3 N1 0 0.810 0
226 2 N3 N3 188 0.810 1
226 3 N5 N5 193 0.390 1
226 4 N1 N3 44 0.370 0
226 5 N1 N1 216 0.370 1
226 6 N4 N3 136 1.100 1
227 1 N3 N1 0 0.350 0
227 2 N3 N3 187 0.350 1
227 3 N5 N5 191 0.450 1
227 4 N1 N3 44 0.410 0
227 5 N1 N1 216 0.410 1
227 6 N4 N3 136 2.160 1
228 1 N3 N1 0 0.380 0
228 2 N3 N3 184 0.380 1
228 3 N5 N5 189 0.460 1
228 4 N1 N3 44 0.440 0
228 5 N1 N1 216 0.440 1
228 6 N4 N3 136 3.220 1
229 1 N3 N1 0 0.440 0
229 2 N3 N3 183 0.440 1
229 3 N5 N5 188 0.980 1
229 4 N1 N3 44 0.490 0
229 5 N1 N1 216 0.490 1
229 6 N4 N3 136 4.280 1
230 1 N3 N1 0 0.980 0
230 2 N3 N3 182 0.980 1
230 3 N5 N5 186 0.300 1
230 4 N1 N3 0 0.030 0
230 5 N1 N1 214 0.030 1
230 6 N4 N3 136 0.960 1
231 1 N3 N1 0 0.470 0
231 2 N3 N3 180 0.470 1
231 3 N5 N5 184 0.530 1
231 4 N1 N3 0 0.070 0
231 5 N1 N1 213 0.070 1
231 6 N4 N3 136 2.020 1
232 1 N3 N1 0 1.530 0
232 2 N3 N3 180 1.530 1
232 3 N5 N5 183 0.070 1
232 4 N1 N3 0 0.120 0
232 5 N1 N1 211 0.120 1
232 6 N4 N3 136 3.080 1
233 1 N3 N1 0 0.020 0
233 2 N3 N3 178 0.020 1
233 3 N5 N5 181 0.100 1
233 4 N1 N3 0 0.150 0
233 5 N1 N1 210 0.150 1
233 6 N4 N3 134 0.030 1
234 1 N3 N1 0 1.080 0
234 2 N3 N3 178 1.080 1
234 3 N5 N5 179 0.170 1
234 4 N1 N3 0 0.200 0
234 5 N1 N1 208 0.200 1
234 6 N4 N3 132 0.080 1
235 1 N3 N1 0 0.060 0
235 2 N3 N3 174 0.060 1
235 3 N5 N5 178 0.190 1
235 4 N1 N3 0 0.250 0
235 5 N1 N1 208 0.250 1
235 6 N4 N3 125 0.060 1
236 1 N3 N1 0 0.100 0
236 2 N3 N3 171 0.100 1
236 3 N5 N5 177 0.230 1
236 4 N1 N3 0 0.290 0
236 5 N1 N1 207 0.290 1
236 6 N4 N3 125 1.120 1
237 1 N3 N1 0 0.150 0
237 2 N3 N3 164 0.150 1
237 3 N5 N5 176 0.260 1
237 4 N1 N3 0 0.330 0
237 5 N1 N1 207 0.330 1
237 6 N4 N3 125 2.190 1
238 1 N3 N1 0 0.200 0
238 2 N3 N3 160 0.200 1
238 3 N5 N5 174 0.290 1
238 4 N1 N3 0 0.360 0
238 5 N1 N1 207 0.360 1
238 6 N4 N3 125 3.260 1
239 1 N3 N1 106 0.110 0
239 2 N3 N3 154 0.110 1
239 3 N5 N5 173 0.840 1
239 4 N1 N3 0 0.390 0
239 5 N1 N1 207 0.390 1
239 6 N4 N3 122 0.800 1
240 1 N3 N1 105 0.160 0
240 2 N3 N3 150 0.160 1
240 3 N5 N5 172 0.390 1
240 4 N1 N3 0 0.400 0
240 5 N1 N1 208 0.400 1
240 6 N4 N3 118 0.860 1
241 1 N3 N1 105 0.140 0
241 2 N3 N3 148 0.140 1
241 3 N5 N5 171 0.420 1
241 4 N1 N3 0 0.420 0
241 5 N1 N1 208 0.420 1
241 6 N4 N3 115 0.360 1
242 1 N3 N1 105 0.270 0
242 2 N3 N3 142 0.270 1
242 3 N5 N5 170 0.460 1
242 4 N1 N3 0 0.480 0
242 5 N1 N1 210 0.480 1
242 6 N4 N3 111 0.410 1
243 1 N3 N1 104 0.310 0
243 2 N3 N3 139 0.310 1
243 3 N5 N5 170 0.470 1
243 4 N1 N3 0 0.480 0
243 5 N1 N1 210 0.480 1
243 6 N4 N3 111 1.460 1
244 1 N3 N1 104 0.520 0
244 2 N3 N3 136 0.520 1
244 3 N5 N5 171 0.050 1
244 4 N1 N3 0 1.080 0
244 5 N1 N1 210 1.080 1
244 6 N4 N3 109 0.510 1
245 1 N3 N1 101 0.010 0
245 2 N3 N3 135 0.010 1
245 3 N5 N5 170 0.070 1
245 4 N1 N3 0 0.070 0
245 5 N1 N1 210 0.070 1
245 6 N4 N3 109 1.570 1
246 1 N3 N1 99 0.050 0
246 2 N3 N3 135 0.050 1
246 3 N5 N5 171 0.140 1
246 4 N1 N3 0 1.140 0
246 5 N1 N1 210 1.140 1
246 6 N4 N3 105 0.530 1
247 1 N3 N1 95 0.530 0
247 2 N3 N3 135 0.530 1
247 3 N5 N5 170 0.170 1
247 4 N1 N3 0 0.170 0
247 5 N1 N1 209 0.170 1
247 6 N4 N3 105 1.590 1
248 1 N3 N1 93 0.650 0
248 2 N3 N3 136 0.650 1
248 3 N5 N5 169 0.220 1
248 4 N1 N3 0 0.710 0
248 5 N1 N1 209 0.710 1
248 6 N4 N3 105 2.650 1
249 1 N3 N1 87 0.180 0
249 2 N3 N3 136 0.180 1
249 3 N5 N5 169 0.250 1
249 4 N1 N3 0 0.730 0
249 5 N1 N1 210 0.730 1
249 6 N4 N3 102 0.620 1
250 1 N3 N1 80 0.230 0
250 2 N3 N3 136 0.230 1
250 3 N5 N5 169 0.280 1
250 4 N1 N3 0 0.970 0
250 5 N1 N1 210 0.970 1
250 6 N4 N3 102 1.680 1
251 1 N3 N1 75 0.260 0
251 2 N3 N3 135 0.260 1
251 3 N5 N5 167 0.280 1
251 4 N1 N3 0 1.040 0
251 5 N1 N1 210 1.040 1
251 6 N4 N3 102 2.740 1
252 1 N3 N1 71 0.980 0
252 2 N3 N3 135 0.980 1
252 3 N5 N5 164 0.320 1
252 4 N1 N3 0 0.380 0
252 5 N1 N1 210 0.380 1
252 6 N4 N3 97 0.680 1
253 1 N3 N1 71 0.260 0
253 2 N3 N3 135 0.260 1
253 3 N5 N5 163 0.380 1
253 4 N1 N3 0 0.730 0
253 5 N1 N1 212 0.730 1
253 6 N4 N3 97 1.740 1
254 1 N3 N1 68 0.290 0
254 2 N3 N3 136 0.290 1
254 3 N5 N5 162 0.400 1
254 4 N1 N3 0 0.180 0
254 5 N1 N1 214 0.180 1
254 6 N4 N3 97 2.800 1
255 1 N3 N1 66 0.350 0
255 2 N3 N3 135 0.350 1
255 3 N5 N5 162 0.430 1
255 4 N1 N3 0 1.240 0
255 5 N1 N1 214 1.240 1
255 6 N4 N3 97 3.860 1
256 1 N3 N1 67 0.780 0
256 2 N3 N3 134 0.780 1
256 3 N5 N5 163 0.430 1
256 4 N1 N3 0 0.440 0
256 5 N1 N1 216 0.440 1
256 6 N4 N3 97 4.920 1
257 1 N3 N1 67 0.710 0
257 2 N3 N3 134 0.710 1
257 3 N5 N5 164 0.460 1
257 4 N1 N3 0 0.460 0
257 5 N1 N1 217 0.460 1
257 6 N4 N3 94 0.710 1
258 1 N3 N1 68 0.790 0
258 2 N3 N3 134 0.790 1
258 3 N5 N5 164 0.480 1
258 4 N1 N3 55 0.110 0
258 5 N1 N1 216 0.110 1
258 6 N4 N3 87 0.900 1
259 1 N3 N1 69 0.500 0
259 2 N3 N3 134 0.500 1
259 3 N5 N5 165 0.490 1
259 4 N1 N3 53 0.030 0
259 5 N1 N1 215 0.030 1
259 6 N4 N3 87 1.960 1
260 1 N3 N1 69 0.040 0
260 2 N3 N3 136 0.040 1
260 3 N5 N5 169 0.020 1
260 4 N1 N3 53 0.080 0
260 5 N1 N1 215 0.080 1
260 6 N4 N3 83 0.390 1
261 1 N3 N1 69 0.590 0
261 2 N3 N3 137 0.590 1
261 3 N5 N5 170 0.050 1
261 4 N1 N3 54 0.500 0
261 5 N1 N1 214 0.500 1
261 6 N4 N3 83 1.450 1
262 1 N3 N1 69 0.640 0
262 2 N3 N3 137 0.640 1
262 3 N5 N5 171 0.100 1
262 4 N1 N3 54 0.170 0
262 5 N1 N1 214 0.170 1
262 6 N4 N3 83 2.520 1
263 1 N3 N1 69 0.310 0
263 2 N3 N3 139 0.310 1
263 3 N5 N5 172 0.130 1
263 4 N1 N3 54 0.220 0
263 5 N1 N1 214 0.220 1
263 6 N4 N3 82 0.940 1
264 1 N3 N1 69 1.370 0
264 2 N3 N3 139 1.370 1
264 3 N5 N5 172 0.150 1
264 4 N1 N3 54 1.280 0
264 5 N1 N1 214 1.280 1
264 6 N4 N3 82 2.000 1
265 1 N3 N1 69 0.860 0
265 2 N3 N3 140 0.860 1
265 3 N5 N5 172 0.190 1
265 4 N1 N3 53 0.280 0
265 5 N1 N1 213 0.280 1
265 6 N4 N3 81 0.860 1
266 1 N3 N1 69 1.940 0
266 2 N3 N3 140 1.940 1
266 3 N5 N5 171 0.210 1
266 4 N1 N3 54 0.250 0
266 5 N1 N1 213 0.250 1
266 6 N4 N3 81 0.250 1
267 1 N3 N1 69 0.600 0
267 2 N3 N3 141 0.600 1
267 3 N5 N5 170 0.250 1
267 4 N1 N3 56 0.320 0
267 5 N1 N1 214 0.320 1
267 6 N4 N3 81 0.600 1
268 1 N3 N1 68 1.040 0
268 2 N3 N3 143 1.040 1
268 3 N5 N5 169 0.260 1
268 4 N1 N3 60 0.370 0
268 5 N1 N1 214 0.370 1
268 6 N4 N3 82 1.030 1
269 1 N3 N1 68 0.450 0
269 2 N3 N3 145 0.450 1
269 3 N5 N5 168 0.300 1
269 4 N1 N3 65 0.400 0
269 5 N1 N1 215 0.400 1
269 6 N4 N3 82 2.090 1
270 1 N3 N1 68 0.560 0
270 2 N3 N3 148 0.560 1
270 3 N5 N5 167 0.340 1
270 4 N1 N3 65 0.450 0
270 5 N1 N1 214 0.450 1
270 6 N4 N3 82 0.900 1
271 1 N3 N1 0 0.210 0
271 2 N3 N3 149 0.210 1
271 3 N5 N5 165 0.400 1
271 4 N1 N3 65 0.500 0
271 5 N1 N1 214 0.500 1
271 6 N4 N3 82 1.960 1
272 1 N3 N1 0 0.360 0
272 2 N3 N3 151 0.360 1
272 3 N5 N5 165 0.410 1
272 4 N1 N3 64 0.010 0
272 5 N1 N1 214 0.010 1
272 6 N4 N3 83 0.040 1
273 1 N3 N1 0 0.380 0
273 2 N3 N3 152 0.380 1
273 3 N5 N5 164 0.450 1
273 4 N1 N3 64 0.050 0
273 5 N1 N1 214 0.050 1
273 6 N4 N3 83 1.090 1
274 1 N3 N1 0 0.950 0
274 2 N3 N3 152 0.950 1
274 3 N5 N5 162 0.010 1
274 4 N1 N3 61 0.080 0
274 5 N1 N1 214 0.080 1
274 6 N4 N3 84 0.840 1
275 1 N3 N1 0 0.600 0
275 2 N3 N3 151 0.600 1
275 3 N5 N5 162 0.060 1
275 4 N1 N3 60 0.030 0
275 5 N1 N1 213 0.030 1
275 6 N4 N3 87 0.590 1
276 1 N3 N1 0 1.040 0
276 2 N3 N3 151 1.040 1
276 3 N5 N5 162 0.090 1
276 4 N1 N3 60 0.180 0
276 5 N1 N1 213 0.180 1
276 6 N4 N3 89 0.870 1
277 1 N3 N1 0 0.920 0
277 2 N3 N3 150 0.920 1
277 3 N5 N5 162 0.130 1
277 4 N1 N3 58 0.200 0
277 5 N1 N1 212 0.200 1
277 6 N4 N3 94 0.440 1
278 1 N3 N1 0 0.500 0
278 2 N3 N3 150 0.500 1
278 3 N5 N5 163 0.170 1
278 4 N1 N3 56 0.240 0
278 5 N1 N1 212 0.240 1
278 6 N4 N3 96 0.500 1
279 1 N3 N1 0 0.130 0
279 2 N3 N3 149 0.130 1
279 3 N5 N5 165 0.220 1
279 4 N1 N3 57 0.140 0
279 5 N1 N1 212 0.140 1
279 6 N4 N3 96 1.570 1
280 1 N3 N1 0 0.160 0
280 2 N3 N3 150 0.160 1
280 3 N5 N5 166 0.250 1
280 4 N1 N3 57 0.310 0
280 5 N1 N1 212 0.310 1
280 6 N4 N3 96 2.630 1
281 1 N3 N1 0 0.680 0
281 2 N3 N3 151 0.680 1
281 3 N5 N5 166 0.280 1
281 4 N1 N3 58 0.340 0
281 5 N1 N1 211 0.340 1
281 6 N4 N3 99 0.610 1
282 1 N3 N1 0 0.220 0
282 2 N3 N3 151 0.220 1
282 3 N5 N5 169 0.320 1
282 4 N1 N3 58 0.400 0
282 5 N1 N1 211 0.400 1
282 6 N4 N3 102 0.480 1
283 1 N3 N1 0 0.260 0
283 2 N3 N3 152 0.260 1
283 3 N5 N5 172 0.350 1
283 4 N1 N3 60 0.310 0
283 5 N1 N1 210 0.310 1
283 6 N4 N3 102 1.530 1
284 1 N3 N1 0 0.790 0
284 2 N3 N3 152 0.790 1
284 3 N5 N5 173 0.350 1
284 4 N1 N3 61 0.460 0
284 5 N1 N1 211 0.460 1
284 6 N4 N3 105 0.170 1
285 1 N3 N1 0 0.280 0
285 2 N3 N3 153 0.280 1
285 3 N5 N5 175 0.880 1
285 4 N1 N3 60 0.350 0
285 5 N1 N1 210 0.350 1
285 6 N4 N3 105 1.230 1
286 1 N3 N1 0 0.280 0
286 2 N3 N3 155 0.280 1
286 3 N5 N5 176 0.400 1
286 4 N1 N3 60 0.470 0
286 5 N1 N1 209 0.470 1
286 6 N4 N3 107 0.270 1
287 1 N3 N1 0 0.830 0
287 2 N3 N3 156 0.830 1
287 3 N5 N5 177 0.420 1
287 4 N1 N3 59 0.350 0
287 5 N1 N1 208 0.350 1
287 6 N4 N3 107 1.330 1
288 1 N3 N1 0 0.370 0
288 2 N3 N3 158 0.370 1
288 3 N5 N5 178 0.440 1
288 4 N1 N3 59 0.470 0
288 5 N1 N1 207 0.470 1
288 6 N4 N3 107 2.390 1
289 1 N3 N1 0 1.430 0
289 2 N3 N3 158 1.430 1
289 3 N5 N5 179 0.490 1
289 4 N1 N3 59 0.390 0
289 5 N1 N1 207 0.390 1
289 6 N4 N3 109 0.860 1
290 1 N3 N1 0 0.440 0
290 2 N3 N3 159 0.440 1
290 3 N5 N5 180 0.000 1
290 4 N1 N3 59 0.010 0
290 5 N1 N1 206 0.010 1
290 6 N4 N3 111 0.870 1
291 1 N3 N1 0 0.480 0
291 2 N3 N3 161 0.480 1
291 3 N5 N5 179 0.540 1
291 4 N1 N3 59 0.030 0
291 5 N1 N1 206 0.030 1
291 6 N4 N3 114 0.440 1
292 1 N3 N1 0 0.030 0
292 2 N3 N3 163 0.030 1
292 3 N5 N5 179 0.020 1
292 4 N1 N3 59 0.040 0
292 5 N1 N1 206 0.040 1
292 6 N4 N3 114 1.490 1
293 1 N3 N1 0 0.080 0
293 2 N3 N3 164 0.080 1
293 3 N5 N5 178 0.070 1
293 4 N1 N3 59 0.070 0
293 5 N1 N1 206 0.070 1
293 6 N4 N3 116 0.050 1
294 1 N3 N1 0 0.120 0
294 2 N3 N3 165 0.120 1
294 3 N5 N5 177 0.050 1
294 4 N1 N3 59 0.090 0
294 5 N1 N1 206 0.090 1
294 6 N4 N3 117 0.570 1
295 1 N3 N1 0 0.150 0
295 2 N3 N3 166 0.150 1
295 3 N5 N5 178 0.050 1
295 4 N1 N3 54 0.520 0
295 5 N1 N1 206 0.520 1
295 6 N4 N3 119 0.610 1
296 1 N3 N1 0 0.200 0
296 2 N3 N3 166 0.200 1
296 3 N5 N5 179 0.090 1
296 4 N1 N3 52 0.090 0
296 5 N1 N1 207 0.090 1
296 6 N4 N3 121 0.650 1
297 1 N3 N1 0 0.250 0
297 2 N3 N3 166 0.250 1
297 3 N5 N5 180 0.110 1
297 4 N1 N3 46 0.250 0
297 5 N1 N1 207 0.250 1
297 6 N4 N3 122 0.690 1
298 1 N3 N1 0 0.280 0
298 2 N3 N3 166 0.280 1
298 3 N5 N5 182 0.150 1
298 4 N1 N3 46 0.270 0
298 5 N1 N1 207 0.270 1
298 6 N4 N3 122 1.750 1
299 1 N3 N1 0 1.340 0
299 2 N3 N3 166 1.340 1
299 3 N5 N5 184 0.160 1
299 4 N1 N3 46 0.280 0
299 5 N1 N1 207 0.280 1
299 6 N4 N3 122 2.810 1
300 1 N3 N1 0 0.400 0
300 2 N3 N3 166 0.400 1
300 3 N5 N5 185 0.200 1
300 4 N1 N3 46 0.310 0
300 5 N1 N1 207 0.310 1
300 6 N4 N3 122 3.870 1
