PING N2 (00:00:0c:18:11:02) 116(144) bytes of data
116 bytes from N2 icmp_seq=1 ttl=50 time=27.31 ms
RR: 	N5
	N2
	N2
	N5

116 bytes from N2 icmp_seq=2 ttl=50 time=1.09 ms	(same route)
116 bytes from N2 icmp_seq=3 ttl=50 time=1.12 ms	(same route)
116 bytes from N2 icmp_seq=4 ttl=50 time=1.10 ms	(same route)
116 bytes from N2 icmp_seq=5 ttl=50 time=5.51 ms	(same route)
116 bytes from N2 icmp_seq=6 ttl=50 time=12.21 ms	(same route)
116 bytes from N2 icmp_seq=7 ttl=50 time=10.06 ms	(same route)
116 bytes from N2 icmp_seq=8 ttl=50 time=1.11 ms	(same route)
116 bytes from N2 icmp_seq=9 ttl=50 time=1.09 ms	(same route)
116 bytes from N2 icmp_seq=10 ttl=50 time=8.87 ms	(same route)
116 bytes from N2 icmp_seq=11 ttl=50 time=1.11 ms	(same route)
116 bytes from N2 icmp_seq=12 ttl=50 time=17.73 ms	(same route)
116 bytes from N2 icmp_seq=13 ttl=50 time=19.75 ms	(same route)
116 bytes from N2 icmp_seq=14 ttl=50 time=154.04 ms	(same route)
116 bytes from N2 icmp_seq=15 ttl=50 time=5.62 ms	(same route)
116 bytes from N2 icmp_seq=16 ttl=50 time=6.94 ms	(same route)
116 bytes from N2 icmp_seq=17 ttl=50 time=3.14 ms	(same route)
116 bytes from N2 icmp_seq=18 ttl=50 time=7.19 ms	(same route)
116 bytes from N2 icmp_seq=19 ttl=50 time=3.41 ms	(same route)
116 bytes from N2 icmp_seq=20 ttl=50 time=29.31 ms	(same route)
116 bytes from N2 icmp_seq=21 ttl=50 time=91.70 ms	(same route)
116 bytes from N2 icmp_seq=22 ttl=50 time=393.72 ms	(same route)
116 bytes from N2 icmp_seq=23 ttl=50 time=434.40 ms	(same route)
116 bytes from N2 icmp_seq=24 ttl=50 time=18.07 ms	(same route)
116 bytes from N2 icmp_seq=25 ttl=50 time=84.87 ms	(same route)
116 bytes from N2 icmp_seq=26 ttl=50 time=1.50 ms	(same route)
116 bytes from N2 icmp_seq=27 ttl=50 time=18.93 ms	(same route)
116 bytes from N2 icmp_seq=28 ttl=50 time=32.94 ms	(same route)
116 bytes from N2 icmp_seq=29 ttl=50 time=32.77 ms	(same route)
116 bytes from N2 icmp_seq=30 ttl=50 time=17.37 ms	(same route)
116 bytes from N2 icmp_seq=31 ttl=50 time=44.62 ms	(same route)
116 bytes from N2 icmp_seq=32 ttl=50 time=10.75 ms	(same route)
116 bytes from N2 icmp_seq=33 ttl=50 time=13.02 ms	(same route)
116 bytes from N2 icmp_seq=34 ttl=50 time=19.68 ms	(same route)
116 bytes from N2 icmp_seq=35 ttl=50 time=3.99 ms	(same route)
116 bytes from N2 icmp_seq=36 ttl=50 time=6.70 ms	(same route)
116 bytes from N2 icmp_seq=37 ttl=50 time=7.54 ms	(same route)
116 bytes from N2 icmp_seq=38 ttl=50 time=1.22 ms	(same route)
116 bytes from N2 icmp_seq=39 ttl=50 time=11.41 ms	(same route)
116 bytes from N2 icmp_seq=40 ttl=50 time=41.10 ms	(same route)
116 bytes from N2 icmp_seq=41 ttl=50 time=2.22 ms	(same route)
116 bytes from N2 icmp_seq=42 ttl=50 time=1.10 ms	(same route)
116 bytes from N2 icmp_seq=43 ttl=50 time=10.13 ms	(same route)
116 bytes from N2 icmp_seq=44 ttl=50 time=10.04 ms	(same route)
116 bytes from N2 icmp_seq=45 ttl=50 time=418.60 ms	(same route)
116 bytes from N2 icmp_seq=46 ttl=50 time=35.30 ms	(same route)
116 bytes from N2 icmp_seq=47 ttl=50 time=49.30 ms	(same route)
116 bytes from N2 icmp_seq=48 ttl=50 time=8.17 ms	(same route)
116 bytes from N2 icmp_seq=49 ttl=50 time=272.89 ms	(same route)
116 bytes from N2 icmp_seq=50 ttl=50 time=19.26 ms	(same route)
116 bytes from N2 icmp_seq=51 ttl=50 time=252.06 ms	(same route)
116 bytes from N2 icmp_seq=52 ttl=50 time=53.63 ms	(same route)
116 bytes from N2 icmp_seq=53 ttl=50 time=214.14 ms	(same route)
116 bytes from N2 icmp_seq=54 ttl=50 time=23.57 ms	(same route)
116 bytes from N2 icmp_seq=55 ttl=50 time=190.51 ms	(same route)
116 bytes from N2 icmp_seq=56 ttl=50 time=14.25 ms	(same route)
116 bytes from N2 icmp_seq=57 ttl=50 time=9.59 ms	(same route)
116 bytes from N2 icmp_seq=58 ttl=50 time=23.57 ms	(same route)
116 bytes from N2 icmp_seq=59 ttl=50 time=3.45 ms	(same route)
116 bytes from N2 icmp_seq=60 ttl=50 time=4.16 ms	(same route)
116 bytes from N2 icmp_seq=61 ttl=50 time=15.93 ms	(same route)
116 bytes from N2 icmp_seq=62 ttl=50 time=12.01 ms	(same route)
116 bytes from N2 icmp_seq=63 ttl=50 time=1.32 ms	(same route)
116 bytes from N2 icmp_seq=64 ttl=50 time=43.16 ms	(same route)
116 bytes from N2 icmp_seq=65 ttl=50 time=138.30 ms	(same route)
116 bytes from N2 icmp_seq=66 ttl=50 time=1.53 ms	(same route)
116 bytes from N2 icmp_seq=67 ttl=50 time=5.07 ms	(same route)
116 bytes from N2 icmp_seq=68 ttl=50 time=37.05 ms	(same route)
116 bytes from N2 icmp_seq=69 ttl=50 time=28.63 ms	(same route)
116 bytes from N2 icmp_seq=70 ttl=50 time=16.04 ms	(same route)
116 bytes from N2 icmp_seq=71 ttl=50 time=1.08 ms	(same route)
116 bytes from N2 icmp_seq=72 ttl=50 time=38.86 ms	(same route)
116 bytes from N2 icmp_seq=73 ttl=50 time=3.78 ms	(same route)
116 bytes from N2 icmp_seq=74 ttl=50 time=3.83 ms	(same route)
116 bytes from N2 icmp_seq=75 ttl=50 time=1.06 ms	(same route)
116 bytes from N2 icmp_seq=76 ttl=50 time=1.08 ms	(same route)
116 bytes from N2 icmp_seq=77 ttl=50 time=3.76 ms	(same route)
116 bytes from N2 icmp_seq=78 ttl=50 time=9.80 ms	(same route)
116 bytes from N2 icmp_seq=79 ttl=50 time=3.95 ms	(same route)
116 bytes from N2 icmp_seq=80 ttl=50 time=48.90 ms	(same route)
116 bytes from N2 icmp_seq=81 ttl=50 time=66.77 ms	(same route)
116 bytes from N2 icmp_seq=82 ttl=50 time=10.45 ms	(same route)
116 bytes from N2 icmp_seq=83 ttl=50 time=22.58 ms	(same route)
116 bytes from N2 icmp_seq=84 ttl=50 time=2.43 ms	(same route)
116 bytes from N2 icmp_seq=85 ttl=50 time=6.21 ms	(same route)
116 bytes from N2 icmp_seq=86 ttl=50 time=323.86 ms	(same route)
116 bytes from N2 icmp_seq=87 ttl=50 time=1.89 ms	(same route)
116 bytes from N2 icmp_seq=88 ttl=50 time=97.50 ms	(same route)
116 bytes from N2 icmp_seq=89 ttl=50 time=49.32 ms	(same route)
116 bytes from N2 icmp_seq=90 ttl=50 time=3.17 ms	(same route)
116 bytes from N2 icmp_seq=91 ttl=50 time=46.37 ms	(same route)
116 bytes from N2 icmp_seq=92 ttl=50 time=25.04 ms	(same route)
116 bytes from N2 icmp_seq=93 ttl=50 time=5.99 ms	(same route)
116 bytes from N2 icmp_seq=94 ttl=50 time=15.50 ms	(same route)
116 bytes from N2 icmp_seq=95 ttl=50 time=1.11 ms	(same route)
116 bytes from N2 icmp_seq=96 ttl=50 time=23.59 ms	(same route)
116 bytes from N2 icmp_seq=97 ttl=50 time=54.66 ms	(same route)
116 bytes from N2 icmp_seq=98 ttl=50 time=418.17 ms	(same route)
116 bytes from N2 icmp_seq=99 ttl=50 time=2.59 ms	(same route)
116 bytes from N2 icmp_seq=100 ttl=50 time=38.12 ms	(same route)
116 bytes from N2 icmp_seq=101 ttl=50 time=3.80 ms	(same route)
116 bytes from N2 icmp_seq=102 ttl=50 time=5.47 ms	(same route)
116 bytes from N2 icmp_seq=103 ttl=50 time=1.09 ms	(same route)
116 bytes from N2 icmp_seq=104 ttl=50 time=24.71 ms	(same route)
116 bytes from N2 icmp_seq=105 ttl=50 time=7.16 ms	(same route)
116 bytes from N2 icmp_seq=106 ttl=50 time=53.66 ms	(same route)
116 bytes from N2 icmp_seq=107 ttl=50 time=13.06 ms	(same route)
116 bytes from N2 icmp_seq=108 ttl=50 time=23.98 ms	(same route)
116 bytes from N2 icmp_seq=109 ttl=50 time=1.18 ms	(same route)
116 bytes from N2 icmp_seq=110 ttl=50 time=5.21 ms	(same route)
116 bytes from N2 icmp_seq=111 ttl=50 time=5.57 ms	(same route)
116 bytes from N2 icmp_seq=112 ttl=50 time=122.33 ms	(same route)
116 bytes from N2 icmp_seq=113 ttl=50 time=71.77 ms	(same route)
116 bytes from N2 icmp_seq=114 ttl=50 time=26.82 ms	(same route)
116 bytes from N2 icmp_seq=115 ttl=50 time=118.60 ms	(same route)
116 bytes from N2 icmp_seq=116 ttl=50 time=3.69 ms	(same route)
116 bytes from N2 icmp_seq=117 ttl=50 time=7.68 ms	(same route)
116 bytes from N2 icmp_seq=118 ttl=50 time=3.31 ms	(same route)
116 bytes from N2 icmp_seq=119 ttl=50 time=35.85 ms	(same route)
116 bytes from N2 icmp_seq=120 ttl=50 time=1.11 ms	(same route)
116 bytes from N2 icmp_seq=121 ttl=50 time=1.22 ms	(same route)
116 bytes from N2 icmp_seq=122 ttl=50 time=49.06 ms	(same route)
116 bytes from N2 icmp_seq=123 ttl=50 time=36.68 ms	(same route)
116 bytes from N2 icmp_seq=124 ttl=50 time=8.38 ms	(same route)
116 bytes from N2 icmp_seq=125 ttl=50 time=6.08 ms	(same route)
116 bytes from N2 icmp_seq=126 ttl=50 time=1.15 ms	(same route)
116 bytes from N2 icmp_seq=127 ttl=50 time=10.10 ms	(same route)
116 bytes from N2 icmp_seq=128 ttl=50 time=34.24 ms	(same route)
116 bytes from N2 icmp_seq=129 ttl=50 time=4.48 ms	(same route)
116 bytes from N2 icmp_seq=130 ttl=50 time=59.88 ms	(same route)
116 bytes from N2 icmp_seq=131 ttl=50 time=1.94 ms	(same route)
116 bytes from N2 icmp_seq=132 ttl=50 time=1.18 ms	(same route)
116 bytes from N2 icmp_seq=133 ttl=50 time=3.99 ms	(same route)
116 bytes from N2 icmp_seq=134 ttl=50 time=1.41 ms	(same route)
116 bytes from N2 icmp_seq=135 ttl=50 time=10.82 ms	(same route)
116 bytes from N2 icmp_seq=136 ttl=50 time=8.12 ms	(same route)
116 bytes from N2 icmp_seq=137 ttl=50 time=44.26 ms	(same route)
116 bytes from N2 icmp_seq=138 ttl=50 time=8.37 ms	(same route)
116 bytes from N2 icmp_seq=139 ttl=50 time=1.16 ms	(same route)
116 bytes from N2 icmp_seq=140 ttl=50 time=1.17 ms	(same route)
116 bytes from N2 icmp_seq=141 ttl=50 time=1.17 ms	(same route)
116 bytes from N2 icmp_seq=142 ttl=50 time=6.39 ms	(same route)
116 bytes from N2 icmp_seq=143 ttl=50 time=6.49 ms	(same route)
116 bytes from N2 icmp_seq=144 ttl=50 time=9.79 ms	(same route)
116 bytes from N2 icmp_seq=145 ttl=50 time=117.43 ms	(same route)
116 bytes from N2 icmp_seq=146 ttl=50 time=1.20 ms	(same route)
116 bytes from N2 icmp_seq=147 ttl=50 time=1.10 ms	(same route)
116 bytes from N2 icmp_seq=148 ttl=50 time=16.32 ms	(same route)
116 bytes from N2 icmp_seq=149 ttl=50 time=3.38 ms	(same route)
116 bytes from N2 icmp_seq=150 ttl=50 time=5.83 ms	(same route)
116 bytes from N2 icmp_seq=151 ttl=50 time=12.06 ms	(same route)
116 bytes from N2 icmp_seq=152 ttl=50 time=24.34 ms	(same route)
116 bytes from N2 icmp_seq=153 ttl=50 time=2.37 ms	(same route)
116 bytes from N2 icmp_seq=154 ttl=50 time=2.21 ms	(same route)
116 bytes from N2 icmp_seq=155 ttl=50 time=1.12 ms	(same route)
116 bytes from N2 icmp_seq=156 ttl=50 time=4.55 ms	(same route)
116 bytes from N2 icmp_seq=157 ttl=50 time=9.45 ms	(same route)
116 bytes from N2 icmp_seq=158 ttl=50 time=66.59 ms	(same route)
116 bytes from N2 icmp_seq=159 ttl=50 time=23.13 ms	(same route)
116 bytes from N2 icmp_seq=160 ttl=50 time=1.24 ms	(same route)
116 bytes from N2 icmp_seq=161 ttl=50 time=1.22 ms	(same route)
116 bytes from N2 icmp_seq=162 ttl=50 time=2.71 ms	(same route)
116 bytes from N2 icmp_seq=163 ttl=50 time=1.20 ms	(same route)
116 bytes from N2 icmp_seq=164 ttl=50 time=1.18 ms	(same route)
116 bytes from N2 icmp_seq=165 ttl=50 time=4.18 ms	(same route)
116 bytes from N2 icmp_seq=166 ttl=50 time=7.24 ms	(same route)
116 bytes from N2 icmp_seq=167 ttl=50 time=1.11 ms	(same route)
116 bytes from N2 icmp_seq=168 ttl=50 time=1.11 ms	(same route)
116 bytes from N2 icmp_seq=169 ttl=50 time=1.10 ms	(same route)
116 bytes from N2 icmp_seq=170 ttl=50 time=25.72 ms	(same route)
116 bytes from N2 icmp_seq=171 ttl=50 time=1.09 ms	(same route)
116 bytes from N2 icmp_seq=172 ttl=50 time=1.09 ms	(same route)
116 bytes from N2 icmp_seq=173 ttl=50 time=5.65 ms	(same route)
116 bytes from N2 icmp_seq=174 ttl=50 time=1.24 ms	(same route)
116 bytes from N2 icmp_seq=175 ttl=50 time=1.22 ms	(same route)
116 bytes from N2 icmp_seq=176 ttl=50 time=1.51 ms	(same route)
116 bytes from N2 icmp_seq=177 ttl=50 time=5.72 ms	(same route)
116 bytes from N2 icmp_seq=178 ttl=50 time=17.54 ms	(same route)
116 bytes from N2 icmp_seq=179 ttl=50 time=1.84 ms	(same route)
116 bytes from N2 icmp_seq=180 ttl=50 time=1.14 ms	(same route)
116 bytes from N2 icmp_seq=181 ttl=50 time=1.11 ms	(same route)
116 bytes from N2 icmp_seq=182 ttl=50 time=1.10 ms	(same route)
116 bytes from N2 icmp_seq=183 ttl=50 time=1.08 ms	(same route)
116 bytes from N2 icmp_seq=184 ttl=50 time=1.07 ms	(same route)
116 bytes from N2 icmp_seq=185 ttl=50 time=7.41 ms	(same route)
116 bytes from N2 icmp_seq=186 ttl=50 time=5.58 ms	(same route)
116 bytes from N2 icmp_seq=187 ttl=50 time=2.99 ms	(same route)
116 bytes from N2 icmp_seq=188 ttl=50 time=205.73 ms	(same route)
116 bytes from N2 icmp_seq=189 ttl=50 time=12.69 ms	(same route)
116 bytes from N2 icmp_seq=190 ttl=50 time=1.14 ms	(same route)
116 bytes from N2 icmp_seq=191 ttl=50 time=1.76 ms	(same route)
116 bytes from N2 icmp_seq=192 ttl=50 time=44.69 ms	(same route)
116 bytes from N2 icmp_seq=193 ttl=50 time=2.90 ms	(same route)
116 bytes from N2 icmp_seq=194 ttl=50 time=3.30 ms	(same route)
116 bytes from N2 icmp_seq=195 ttl=50 time=5.84 ms	(same route)
116 bytes from N2 icmp_seq=196 ttl=50 time=5.05 ms	(same route)
116 bytes from N2 icmp_seq=197 ttl=50 time=1.12 ms	(same route)
116 bytes from N2 icmp_seq=198 ttl=50 time=6.37 ms	(same route)
116 bytes from N2 icmp_seq=199 ttl=50 time=1.41 ms	(same route)
116 bytes from N2 icmp_seq=200 ttl=50 time=1.08 ms	(same route)
116 bytes from N2 icmp_seq=201 ttl=50 time=121.20 ms	(same route)
116 bytes from N2 icmp_seq=202 ttl=50 time=6.73 ms	(same route)
116 bytes from N2 icmp_seq=203 ttl=50 time=7.11 ms	(same route)
116 bytes from N2 icmp_seq=204 ttl=50 time=3.76 ms	(same route)
116 bytes from N2 icmp_seq=205 ttl=50 time=32.02 ms	(same route)
116 bytes from N2 icmp_seq=206 ttl=50 time=91.47 ms	(same route)
116 bytes from N2 icmp_seq=207 ttl=50 time=1.56 ms	(same route)
116 bytes from N2 icmp_seq=208 ttl=50 time=83.37 ms	(same route)
116 bytes from N2 icmp_seq=209 ttl=50 time=8.13 ms	(same route)
116 bytes from N2 icmp_seq=210 ttl=50 time=67.06 ms	(same route)
116 bytes from N2 icmp_seq=211 ttl=50 time=309.69 ms	(same route)
116 bytes from N2 icmp_seq=212 ttl=50 time=1.27 ms	(same route)
116 bytes from N2 icmp_seq=213 ttl=50 time=10.77 ms	(same route)
116 bytes from N2 icmp_seq=214 ttl=50 time=2.53 ms	(same route)
116 bytes from N2 icmp_seq=215 ttl=50 time=1.20 ms	(same route)
116 bytes from N2 icmp_seq=216 ttl=50 time=127.56 ms	(same route)
116 bytes from N2 icmp_seq=217 ttl=50 time=3.46 ms	(same route)
116 bytes from N2 icmp_seq=218 ttl=50 time=5.99 ms	(same route)
116 bytes from N2 icmp_seq=219 ttl=50 time=5.26 ms	(same route)
116 bytes from N2 icmp_seq=220 ttl=50 time=7.46 ms	(same route)
116 bytes from N2 icmp_seq=221 ttl=50 time=12.95 ms	(same route)
116 bytes from N2 icmp_seq=222 ttl=50 time=24.51 ms	(same route)
116 bytes from N2 icmp_seq=223 ttl=50 time=17.11 ms	(same route)
116 bytes from N2 icmp_seq=224 ttl=50 time=25.64 ms	(same route)
116 bytes from N2 icmp_seq=225 ttl=50 time=263.86 ms	(same route)
116 bytes from N2 icmp_seq=226 ttl=50 time=1.75 ms	(same route)
116 bytes from N2 icmp_seq=227 ttl=50 time=116.49 ms	(same route)
116 bytes from N2 icmp_seq=228 ttl=50 time=2.39 ms	(same route)
116 bytes from N2 icmp_seq=229 ttl=50 time=1.16 ms	(same route)
116 bytes from N2 icmp_seq=230 ttl=50 time=8.23 ms	(same route)
116 bytes from N2 icmp_seq=231 ttl=50 time=1.13 ms	(same route)
116 bytes from N2 icmp_seq=232 ttl=50 time=21.01 ms	(same route)
116 bytes from N2 icmp_seq=233 ttl=50 time=4.18 ms	(same route)
116 bytes from N2 icmp_seq=234 ttl=50 time=6.21 ms	(same route)
116 bytes from N2 icmp_seq=235 ttl=50 time=10.62 ms	(same route)
116 bytes from N2 icmp_seq=236 ttl=50 time=1.11 ms	(same route)
116 bytes from N2 icmp_seq=237 ttl=50 time=5.85 ms	(same route)
116 bytes from N2 icmp_seq=238 ttl=50 time=26.60 ms	(same route)
116 bytes from N2 icmp_seq=239 ttl=50 time=1.06 ms	(same route)
116 bytes from N2 icmp_seq=240 ttl=50 time=21.48 ms	(same route)
116 bytes from N2 icmp_seq=241 ttl=50 time=1.10 ms	(same route)
116 bytes from N2 icmp_seq=242 ttl=50 time=2.85 ms	(same route)
116 bytes from N2 icmp_seq=243 ttl=50 time=603.56 ms	(same route)
116 bytes from N2 icmp_seq=244 ttl=50 time=6.60 ms	(same route)
116 bytes from N2 icmp_seq=245 ttl=50 time=40.28 ms	(same route)
116 bytes from N2 icmp_seq=246 ttl=50 time=102.47 ms	(same route)
116 bytes from N2 icmp_seq=247 ttl=50 time=16.07 ms	(same route)
116 bytes from N2 icmp_seq=248 ttl=50 time=4.56 ms	(same route)
116 bytes from N2 icmp_seq=249 ttl=50 time=31.21 ms	(same route)
116 bytes from N2 icmp_seq=250 ttl=50 time=448.11 ms	(same route)
116 bytes from N2 icmp_seq=251 ttl=50 time=3.66 ms	(same route)
116 bytes from N2 icmp_seq=252 ttl=50 time=47.59 ms	(same route)
116 bytes from N2 icmp_seq=253 ttl=50 time=9.48 ms	(same route)
116 bytes from N2 icmp_seq=254 ttl=50 time=31.22 ms	(same route)
116 bytes from N2 icmp_seq=255 ttl=50 time=55.51 ms	(same route)
116 bytes from N2 icmp_seq=256 ttl=50 time=26.21 ms	(same route)
116 bytes from N2 icmp_seq=257 ttl=50 time=50.76 ms	(same route)
116 bytes from N2 icmp_seq=258 ttl=50 time=18.74 ms	(same route)
116 bytes from N2 icmp_seq=259 ttl=50 time=7.91 ms	(same route)
116 bytes from N2 icmp_seq=260 ttl=50 time=21.29 ms	(same route)
116 bytes from N2 icmp_seq=261 ttl=50 time=9.79 ms	(same route)
116 bytes from N2 icmp_seq=262 ttl=50 time=60.65 ms	(same route)
116 bytes from N2 icmp_seq=263 ttl=50 time=42.54 ms	(same route)
116 bytes from N2 icmp_seq=264 ttl=50 time=40.51 ms	(same route)
116 bytes from N2 icmp_seq=265 ttl=50 time=2.66 ms	(same route)
116 bytes from N2 icmp_seq=266 ttl=50 time=11.00 ms	(same route)
116 bytes from N2 icmp_seq=267 ttl=50 time=1.12 ms	(same route)
116 bytes from N2 icmp_seq=268 ttl=50 time=3.59 ms	(same route)
116 bytes from N2 icmp_seq=269 ttl=50 time=182.26 ms	(same route)
116 bytes from N2 icmp_seq=270 ttl=50 time=31.86 ms	(same route)
116 bytes from N2 icmp_seq=271 ttl=50 time=1.75 ms	(same route)
116 bytes from N2 icmp_seq=272 ttl=50 time=1.87 ms	(same route)
116 bytes from N2 icmp_seq=273 ttl=50 time=4.58 ms	(same route)
116 bytes from N2 icmp_seq=274 ttl=50 time=4.72 ms	(same route)
116 bytes from N2 icmp_seq=275 ttl=50 time=1.11 ms	(same route)
116 bytes from N2 icmp_seq=276 ttl=50 time=1.14 ms	(same route)
116 bytes from N2 icmp_seq=277 ttl=50 time=1.16 ms	(same route)
116 bytes from N2 icmp_seq=278 ttl=50 time=1.14 ms	(same route)
116 bytes from N2 icmp_seq=279 ttl=50 time=5.96 ms	(same route)
116 bytes from N2 icmp_seq=280 ttl=50 time=7.36 ms	(same route)
116 bytes from N2 icmp_seq=281 ttl=50 time=9.65 ms	(same route)
116 bytes from N2 icmp_seq=282 ttl=50 time=2.13 ms	(same route)
116 bytes from N2 icmp_seq=283 ttl=50 time=22.40 ms	(same route)
116 bytes from N2 icmp_seq=284 ttl=50 time=2.78 ms	(same route)
116 bytes from N2 icmp_seq=285 ttl=50 time=72.80 ms	(same route)
116 bytes from N2 icmp_seq=286 ttl=50 time=5.48 ms	(same route)
116 bytes from N2 icmp_seq=287 ttl=50 time=49.21 ms	(same route)
116 bytes from N2 icmp_seq=288 ttl=50 time=1.60 ms	(same route)
116 bytes from N2 icmp_seq=289 ttl=50 time=1.08 ms	(same route)
116 bytes from N2 icmp_seq=290 ttl=50 time=32.60 ms	(same route)
116 bytes from N2 icmp_seq=291 ttl=50 time=7.21 ms	(same route)
116 bytes from N2 icmp_seq=292 ttl=50 time=2.08 ms	(same route)
116 bytes from N2 icmp_seq=293 ttl=50 time=1.12 ms	(same route)
116 bytes from N2 icmp_seq=294 ttl=50 time=1.13 ms	(same route)
116 bytes from N2 icmp_seq=295 ttl=50 time=1.04 ms	(same route)
116 bytes from N2 icmp_seq=296 ttl=50 time=1.14 ms	(same route)
116 bytes from N2 icmp_seq=297 ttl=50 time=1.56 ms	(same route)
116 bytes from N2 icmp_seq=298 ttl=50 time=2.71 ms	(same route)
116 bytes from N2 icmp_seq=299 ttl=50 time=6.82 ms	(same route)
116 bytes from N2 icmp_seq=300 ttl=50 time=4.40 ms	(same route)
--- N2 ping statistics ---
300 packets transmitted, 300 received, 0% packet loss
rtt min/avg/max/mdev = 1.045/33.468/603.557/77.187 ms
