1 1 N3 N5 84 0.260 0
1 2 N3 N3 192 0.260 1
1 3 N3 N2 0 0.260 0
1 4 N5 N5 173 0.300 0
1 5 N5 N2 203 0.300 1
1 6 N2 N5 149 0.240 0
1 7 N2 N3 158 0.240 0
1 8 N2 N2 244 0.240 1
1 9 N4 N5 68 0.310 0
1 10 N4 N3 150 0.310 1
2 1 N3 N5 84 0.900 0
2 2 N3 N3 191 0.900 1
2 3 N3 N2 0 0.900 0
2 4 N5 N5 172 0.390 0
2 5 N5 N2 203 0.390 1
2 6 N2 N5 147 0.350 0
2 7 N2 N3 155 0.350 0
2 8 N2 N2 243 0.350 1
2 9 N4 N5 68 0.260 0
2 10 N4 N3 151 0.260 1
3 1 N3 N5 84 0.940 0
3 2 N3 N3 191 0.940 1
3 3 N3 N2 0 0.940 0
3 4 N5 N5 172 0.940 0
3 5 N5 N2 203 0.940 1
3 6 N2 N5 145 0.050 0
3 7 N2 N3 153 0.050 0
3 8 N2 N2 241 0.050 1
3 9 N4 N5 68 1.340 0
3 10 N4 N3 151 1.340 1
4 1 N3 N5 84 0.630 0
4 2 N3 N3 191 0.630 1
4 3 N3 N2 0 0.630 0
4 4 N5 N5 172 0.420 0
4 5 N5 N2 202 0.420 1
4 6 N2 N5 142 0.100 0
4 7 N2 N3 152 0.100 0
4 8 N2 N2 239 0.100 1
4 9 N4 N5 68 0.350 0
4 10 N4 N3 154 0.350 1
5 1 N3 N5 86 0.490 0
5 2 N3 N3 190 0.490 1
5 3 N3 N2 0 0.490 0
5 4 N5 N5 171 0.460 0
5 5 N5 N2 200 0.460 1
5 6 N2 N5 143 0.060 0
5 7 N2 N3 142 0.060 0
5 8 N2 N2 237 0.060 1
5 9 N4 N5 68 0.410 0
5 10 N4 N3 155 0.410 1
6 1 N3 N5 79 0.030 0
6 2 N3 N3 187 0.030 1
6 3 N3 N2 0 0.030 0
6 4 N5 N5 171 0.050 0
6 5 N5 N2 198 0.050 1
6 6 N2 N5 143 0.220 0
6 7 N2 N3 133 0.220 0
6 8 N2 N2 236 0.220 1
6 9 N4 N5 68 0.460 0
6 10 N4 N3 156 0.460 1
7 1 N3 N5 79 0.080 0
7 2 N3 N3 183 0.080 1
7 3 N3 N2 160 0.080 0
7 4 N5 N5 168 0.070 0
7 5 N5 N2 195 0.070 1
7 6 N2 N5 138 0.150 0
7 7 N2 N3 125 0.150 0
7 8 N2 N2 233 0.150 1
7 9 N4 N5 72 0.500 0
7 10 N4 N3 156 0.500 1
8 1 N3 N5 77 0.020 0
8 2 N3 N3 180 0.020 1
8 3 N3 N2 159 0.020 0
8 4 N5 N5 162 0.180 0
8 5 N5 N2 192 0.180 1
8 6 N2 N5 129 0.250 0
8 7 N2 N3 118 0.250 0
8 8 N2 N2 231 0.250 1
8 9 N4 N5 72 0.060 0
8 10 N4 N3 155 0.060 1
9 1 N3 N5 78 0.060 0
9 2 N3 N3 176 0.060 1
9 3 N3 N2 160 0.060 0
9 4 N5 N5 157 0.260 0
9 5 N5 N2 191 0.260 1
9 6 N2 N5 126 0.440 0
9 7 N2 N3 118 0.440 0
9 8 N2 N2 229 0.440 1
9 9 N4 N5 72 0.120 0
9 10 N4 N3 153 0.120 1
10 1 N3 N5 77 0.110 0
10 2 N3 N3 170 0.110 1
10 3 N3 N2 159 0.110 0
10 4 N5 N5 155 0.310 0
10 5 N5 N2 190 0.310 1
10 6 N2 N5 126 0.490 0
10 7 N2 N3 116 0.490 0
10 8 N2 N2 227 0.490 1
10 9 N4 N5 72 0.160 0
10 10 N4 N3 151 0.160 1
11 1 N3 N5 74 0.050 0
11 2 N3 N3 164 0.050 1
11 3 N3 N2 158 0.050 0
11 4 N5 N5 147 0.350 0
11 5 N5 N2 188 0.350 1
11 6 N2 N5 119 0.020 0
11 7 N2 N3 112 0.020 0
11 8 N2 N2 225 0.020 1
11 9 N4 N5 67 0.050 0
11 10 N4 N3 149 0.050 1
12 1 N3 N5 76 0.320 0
12 2 N3 N3 159 0.320 1
12 3 N3 N2 157 0.320 0
12 4 N5 N5 141 0.920 0
12 5 N5 N2 187 0.920 1
12 6 N2 N5 117 0.090 0
12 7 N2 N3 112 0.090 0
12 8 N2 N2 222 0.090 1
12 9 N4 N5 65 0.790 0
12 10 N4 N3 147 0.790 1
13 1 N3 N5 76 1.400 0
13 2 N3 N3 159 1.400 1
13 3 N3 N2 157 1.400 0
13 4 N5 N5 132 0.060 0
13 5 N5 N2 184 0.060 1
13 6 N2 N5 115 0.030 0
13 7 N2 N3 108 0.030 0
13 8 N2 N2 219 0.030 1
13 9 N4 N5 65 1.870 0
13 10 N4 N3 147 1.870 1
14 1 N3 N5 76 2.500 0
14 2 N3 N3 159 2.500 1
14 3 N3 N2 157 2.500 0
14 4 N5 N5 132 0.530 0
14 5 N5 N2 182 0.530 1
14 6 N2 N5 105 0.620 0
14 7 N2 N3 108 0.620 0
14 8 N2 N2 218 0.620 1
14 9 N4 N5 65 0.290 0
14 10 N4 N3 144 0.290 1
15 1 N3 N5 76 3.580 0
15 2 N3 N3 159 3.580 1
15 3 N3 N2 157 3.580 0
15 4 N5 N5 127 0.080 0
15 5 N5 N2 176 0.080 1
15 6 N2 N5 93 0.140 0
15 7 N2 N3 102 0.140 0
15 8 N2 N2 213 0.140 1
15 9 N4 N5 65 1.370 0
15 10 N4 N3 144 1.370 1
16 1 N3 N5 76 0.020 0
16 2 N3 N3 155 0.020 1
16 3 N3 N2 157 0.020 0
16 4 N5 N5 121 0.090 0
16 5 N5 N2 173 0.090 1
16 6 N2 N5 85 0.170 0
16 7 N2 N3 97 0.170 0
16 8 N2 N2 210 0.170 1
16 9 N4 N5 65 2.450 0
16 10 N4 N3 144 2.450 1
17 1 N3 N5 76 0.980 0
17 2 N3 N3 155 0.980 1
17 3 N3 N2 158 0.980 0
17 4 N5 N5 114 0.150 0
17 5 N5 N2 169 0.150 1
17 6 N2 N5 85 0.340 0
17 7 N2 N3 97 0.340 0
17 8 N2 N2 208 0.340 1
17 9 N4 N5 65 3.520 0
17 10 N4 N3 144 3.520 1
18 1 N3 N5 74 0.070 0
18 2 N3 N3 152 0.070 1
18 3 N3 N2 157 0.070 0
18 4 N5 N5 114 0.120 0
18 5 N5 N2 168 0.120 1
18 6 N2 N5 85 0.290 0
18 7 N2 N3 93 0.290 0
18 8 N2 N2 205 0.290 1
18 9 N4 N5 65 4.610 0
18 10 N4 N3 144 4.610 1
19 1 N3 N5 70 0.010 0
19 2 N3 N3 150 0.010 1
19 3 N3 N2 157 0.010 0
19 4 N5 N5 111 0.260 0
19 5 N5 N2 165 0.260 1
19 6 N2 N5 86 0.850 0
19 7 N2 N3 92 0.850 0
19 8 N2 N2 205 0.850 1
19 9 N4 N5 65 5.690 0
19 10 N4 N3 144 5.690 1
20 1 N3 N5 70 0.090 0
20 2 N3 N3 148 0.090 1
20 3 N3 N2 156 0.090 0
20 4 N5 N5 109 0.350 0
20 5 N5 N2 164 0.350 1
20 6 N2 N5 84 0.380 0
20 7 N2 N3 92 0.380 0
20 8 N2 N2 204 0.380 1
20 9 N4 N5 65 0.250 0
20 10 N4 N3 141 0.250 1
21 1 N3 N5 70 1.160 0
21 2 N3 N3 148 1.160 1
21 3 N3 N2 156 1.160 0
21 4 N5 N5 109 0.330 0
21 5 N5 N2 163 0.330 1
21 6 N2 N5 83 0.020 0
21 7 N2 N3 92 0.020 0
21 8 N2 N2 203 0.020 1
21 9 N4 N5 65 1.320 0
21 10 N4 N3 141 1.320 1
22 1 N3 N5 63 0.100 0
22 2 N3 N3 146 0.100 1
22 3 N3 N2 155 0.100 0
22 4 N5 N5 107 0.200 0
22 5 N5 N2 160 0.200 1
22 6 N2 N5 80 0.100 0
22 7 N2 N3 93 0.100 0
22 8 N2 N2 203 0.100 1
22 9 N4 N5 65 2.400 0
22 10 N4 N3 141 2.400 1
23 1 N3 N5 63 1.180 0
23 2 N3 N3 146 1.180 1
23 3 N3 N2 155 1.180 0
23 4 N5 N5 107 0.060 0
23 5 N5 N2 160 0.060 1
23 6 N2 N5 81 0.040 0
23 7 N2 N3 89 0.040 0
23 8 N2 N2 200 0.040 1
23 9 N4 N5 65 3.480 0
23 10 N4 N3 141 3.480 1
24 1 N3 N5 61 0.210 0
24 2 N3 N3 146 0.210 1
24 3 N3 N2 152 0.210 0
24 4 N5 N5 109 0.120 0
24 5 N5 N2 158 0.120 1
24 6 N2 N5 80 0.090 0
24 7 N2 N3 89 0.090 0
24 8 N2 N2 200 0.090 1
24 9 N4 N5 59 0.210 0
24 10 N4 N3 138 0.210 1
25 1 N3 N5 57 0.020 0
25 2 N3 N3 143 0.020 1
25 3 N3 N2 143 0.020 0
25 4 N5 N5 109 0.060 0
25 5 N5 N2 154 0.060 1
25 6 N2 N5 76 0.130 0
25 7 N2 N3 87 0.130 0
25 8 N2 N2 198 0.130 1
25 9 N4 N5 54 0.310 0
25 10 N4 N3 134 0.310 1
26 1 N3 N5 57 0.980 0
26 2 N3 N3 143 0.980 1
26 3 N3 N2 141 0.980 0
26 4 N5 N5 109 0.100 0
26 5 N5 N2 149 0.100 1
26 6 N2 N5 76 0.190 0
26 7 N2 N3 84 0.190 0
26 8 N2 N2 197 0.190 1
26 9 N4 N5 54 1.380 0
26 10 N4 N3 134 1.380 1
27 1 N3 N5 57 0.650 0
27 2 N3 N3 141 0.650 1
27 3 N3 N2 141 0.650 0
27 4 N5 N5 108 0.160 0
27 5 N5 N2 149 0.160 1
27 6 N2 N5 74 0.260 0
27 7 N2 N3 82 0.260 0
27 8 N2 N2 196 0.260 1
27 9 N4 N5 54 2.480 0
27 10 N4 N3 134 2.480 1
28 1 N3 N5 57 0.060 0
28 2 N3 N3 140 0.060 1
28 3 N3 N2 138 0.060 0
28 4 N5 N5 106 0.200 0
28 5 N5 N2 149 0.200 1
28 6 N2 N5 74 0.340 0
28 7 N2 N3 77 0.340 0
28 8 N2 N2 195 0.340 1
28 9 N4 N5 50 0.930 0
28 10 N4 N3 132 0.930 1
29 1 N3 N5 57 0.230 0
29 2 N3 N3 139 0.230 1
29 3 N3 N2 138 0.230 0
29 4 N5 N5 102 0.280 0
29 5 N5 N2 147 0.280 1
29 6 N2 N5 70 0.360 0
29 7 N2 N3 77 0.360 0
29 8 N2 N2 193 0.360 1
29 9 N4 N5 47 0.470 0
29 10 N4 N3 130 0.470 1
30 1 N3 N5 50 0.030 0
30 2 N3 N3 138 0.030 1
30 3 N3 N2 137 0.030 0
30 4 N5 N5 100 0.340 0
30 5 N5 N2 146 0.340 1
30 6 N2 N5 69 0.010 0
30 7 N2 N3 73 0.010 0
30 8 N2 N2 193 0.010 1
30 9 N4 N5 47 0.780 0
30 10 N4 N3 126 0.780 1
31 1 N3 N5 48 0.210 0
31 2 N3 N3 134 0.210 1
31 3 N3 N2 134 0.210 0
31 4 N5 N5 100 0.390 0
31 5 N5 N2 144 0.390 1
31 6 N2 N5 67 0.060 0
31 7 N2 N3 73 0.060 0
31 8 N2 N2 193 0.060 1
31 9 N4 N5 47 1.860 0
31 10 N4 N3 126 1.860 1
32 1 N3 N5 48 0.790 0
32 2 N3 N3 132 0.790 1
32 3 N3 N2 133 0.790 0
32 4 N5 N5 94 0.040 0
32 5 N5 N2 141 0.040 1
32 6 N2 N5 66 0.510 0
32 7 N2 N3 70 0.510 0
32 8 N2 N2 194 0.510 1
32 9 N4 N5 47 2.940 0
32 10 N4 N3 126 2.940 1
33 1 N3 N5 45 0.310 0
33 2 N3 N3 131 0.310 1
33 3 N3 N2 134 0.310 0
33 4 N5 N5 94 0.610 0
33 5 N5 N2 140 0.610 1
33 6 N2 N5 65 0.150 0
33 7 N2 N3 68 0.150 0
33 8 N2 N2 197 0.150 1
33 9 N4 N5 47 4.010 0
33 10 N4 N3 126 4.010 1
34 1 N3 N5 45 1.400 0
34 2 N3 N3 131 1.400 1
34 3 N3 N2 134 1.400 0
34 4 N5 N5 92 0.010 0
34 5 N5 N2 141 0.010 1
34 6 N2 N5 65 0.070 0
34 7 N2 N3 68 0.070 0
34 8 N2 N2 200 0.070 1
34 9 N4 N5 47 5.100 0
34 10 N4 N3 126 5.100 1
35 1 N3 N5 45 0.400 0
35 2 N3 N3 131 0.400 1
35 3 N3 N2 136 0.400 0
35 4 N5 N5 91 0.070 0
35 5 N5 N2 142 0.070 1
35 6 N2 N5 66 0.210 0
35 7 N2 N3 69 0.210 0
35 8 N2 N2 204 0.210 1
35 9 N4 N5 47 6.170 0
35 10 N4 N3 126 6.170 1
36 1 N3 N5 42 0.320 0
36 2 N3 N3 126 0.320 1
36 3 N3 N2 134 0.320 0
36 4 N5 N5 90 0.140 0
36 5 N5 N2 145 0.140 1
36 6 N2 N5 65 0.140 0
36 7 N2 N3 72 0.140 0
36 8 N2 N2 206 0.140 1
36 9 N4 N5 39 0.320 0
36 10 N4 N3 121 0.320 1
37 1 N3 N5 42 0.450 0
37 2 N3 N3 126 0.450 1
37 3 N3 N2 134 0.450 0
37 4 N5 N5 90 0.720 0
37 5 N5 N2 146 0.720 1
37 6 N2 N5 66 0.170 0
37 7 N2 N3 72 0.170 0
37 8 N2 N2 209 0.170 1
37 9 N4 N5 39 0.050 0
37 10 N4 N3 116 0.050 1
38 1 N3 N5 42 0.170 0
38 2 N3 N3 126 0.170 1
38 3 N3 N2 133 0.170 0
38 4 N5 N5 90 0.310 0
38 5 N5 N2 149 0.310 1
38 6 N2 N5 66 0.230 0
38 7 N2 N3 74 0.230 0
38 8 N2 N2 212 0.230 1
38 9 N4 N5 35 0.920 0
38 10 N4 N3 116 0.920 1
39 1 N3 N5 42 0.620 0
39 2 N3 N3 126 0.620 1
39 3 N3 N2 134 0.620 0
39 4 N5 N5 90 0.350 0
39 5 N5 N2 150 0.350 1
39 6 N2 N5 66 0.390 0
39 7 N2 N3 75 0.390 0
39 8 N2 N2 215 0.390 1
39 9 N4 N5 35 2.000 0
39 10 N4 N3 116 2.000 1
40 1 N3 N5 41 0.290 0
40 2 N3 N3 125 0.290 1
40 3 N3 N2 137 0.290 0
40 4 N5 N5 90 0.420 0
40 5 N5 N2 150 0.420 1
40 6 N2 N5 66 0.300 0
40 7 N2 N3 77 0.300 0
40 8 N2 N2 217 0.300 1
40 9 N4 N5 35 3.090 0
40 10 N4 N3 116 3.090 1
41 1 N3 N5 41 0.230 0
41 2 N3 N3 125 0.230 1
41 3 N3 N2 139 0.230 0
41 4 N5 N5 91 0.070 0
41 5 N5 N2 150 0.070 1
41 6 N2 N5 66 0.380 0
41 7 N2 N3 74 0.380 0
41 8 N2 N2 218 0.380 1
41 9 N4 N5 35 4.170 0
41 10 N4 N3 116 4.170 1
42 1 N3 N5 44 0.400 0
42 2 N3 N3 131 0.400 1
42 3 N3 N2 143 0.400 0
42 4 N5 N5 92 0.000 0
42 5 N5 N2 150 0.000 1
42 6 N2 N5 68 0.030 0
42 7 N2 N3 73 0.030 0
42 8 N2 N2 219 0.030 1
42 9 N4 N5 35 5.250 0
42 10 N4 N3 116 5.250 1
43 1 N3 N5 44 0.330 0
43 2 N3 N3 132 0.330 1
43 3 N3 N2 146 0.330 0
43 4 N5 N5 93 0.560 0
43 5 N5 N2 150 0.560 1
43 6 N2 N5 68 0.090 0
43 7 N2 N3 72 0.090 0
43 8 N2 N2 220 0.090 1
43 9 N4 N5 35 0.390 0
43 10 N4 N3 111 0.390 1
44 1 N3 N5 46 0.880 0
44 2 N3 N3 132 0.880 1
44 3 N3 N2 146 0.880 0
44 4 N5 N5 94 0.110 0
44 5 N5 N2 154 0.110 1
44 6 N2 N5 68 0.140 0
44 7 N2 N3 72 0.140 0
44 8 N2 N2 223 0.140 1
44 9 N4 N5 35 0.880 0
44 10 N4 N3 111 0.880 1
45 1 N3 N5 48 0.320 0
45 2 N3 N3 136 0.320 1
45 3 N3 N2 151 0.320 0
45 4 N5 N5 95 0.170 0
45 5 N5 N2 156 0.170 1
45 6 N2 N5 68 0.200 0
45 7 N2 N3 72 0.200 0
45 8 N2 N2 226 0.200 1
45 9 N4 N5 35 0.480 0
45 10 N4 N3 110 0.480 1
46 1 N3 N5 48 0.100 0
46 2 N3 N3 140 0.100 1
46 3 N3 N2 156 0.100 0
46 4 N5 N5 95 0.330 0
46 5 N5 N2 158 0.330 1
46 6 N2 N5 67 0.110 0
46 7 N2 N3 73 0.110 0
46 8 N2 N2 228 0.110 1
46 9 N4 N5 35 1.560 0
46 10 N4 N3 110 1.560 1
47 1 N3 N5 48 0.580 0
47 2 N3 N3 140 0.580 0
47 3 N3 N2 160 0.580 1
47 4 N5 N5 92 0.080 0
47 5 N5 N2 161 0.080 1
47 6 N2 N5 65 0.130 0
47 7 N2 N3 72 0.130 0
47 8 N2 N2 232 0.130 1
47 9 N4 N2 123 0.290 1
47 10 N4 N5 34 0.290 0
47 11 N4 N3 109 0.290 0
48 1 N3 N5 49 0.130 0
48 2 N3 N3 143 0.130 0
48 3 N3 N2 162 0.130 1
48 4 N5 N5 90 0.440 0
48 5 N5 N2 162 0.440 1
48 6 N2 N5 63 0.200 0
48 7 N2 N3 72 0.200 0
48 8 N2 N2 235 0.200 1
48 9 N4 N2 123 1.380 1
48 10 N4 N5 34 1.380 0
48 11 N4 N3 109 1.380 0
49 1 N3 N5 49 0.440 0
49 2 N3 N3 143 0.440 0
49 3 N3 N2 165 0.440 1
49 4 N5 N5 86 0.360 0
49 5 N5 N2 162 0.360 1
49 6 N2 N5 63 0.360 0
49 7 N2 N3 72 0.360 0
49 8 N2 N2 237 0.360 1
49 9 N4 N2 123 2.460 1
49 10 N4 N5 34 2.460 0
49 11 N4 N3 109 2.460 0
50 1 N3 N5 49 0.370 0
50 2 N3 N3 142 0.370 0
50 3 N3 N2 166 0.370 1
50 4 N5 N5 83 0.540 0
50 5 N5 N2 161 0.540 1
50 6 N2 N5 63 0.410 0
50 7 N2 N3 72 0.410 0
50 8 N2 N2 238 0.410 1
50 9 N4 N2 123 0.300 1
50 10 N4 N5 34 0.300 0
50 11 N4 N3 107 0.300 0
51 1 N3 N5 49 0.620 0
51 2 N3 N3 143 0.620 0
51 3 N3 N2 166 0.620 1
51 4 N5 N5 79 0.090 0
51 5 N5 N2 158 0.090 1
51 6 N2 N5 58 0.310 0
51 7 N2 N3 64 0.310 0
51 8 N2 N2 238 0.310 1
51 9 N4 N2 123 1.390 1
51 10 N4 N5 34 1.390 0
51 11 N4 N3 107 1.390 0
52 1 N3 N5 49 0.370 0
52 2 N3 N3 143 0.370 0
52 3 N3 N2 168 0.370 1
52 4 N5 N5 78 0.040 0
52 5 N5 N2 158 0.040 1
52 6 N2 N5 58 0.380 0
52 7 N2 N3 61 0.380 0
52 8 N2 N2 239 0.380 1
52 9 N4 N2 123 2.480 1
52 10 N4 N5 34 2.480 0
52 11 N4 N3 107 2.480 0
53 1 N3 N5 46 0.040 0
53 2 N3 N3 139 0.040 0
53 3 N3 N2 173 0.040 1
53 4 N5 N5 75 0.110 0
53 5 N5 N2 158 0.110 1
53 6 N2 N5 55 0.060 0
53 7 N2 N3 57 0.060 0
53 8 N2 N2 239 0.060 1
53 9 N4 N2 130 0.430 1
53 10 N4 N5 33 0.430 0
53 11 N4 N3 104 0.430 0
54 1 N3 N5 45 0.110 0
54 2 N3 N3 133 0.110 0
54 3 N3 N2 176 0.110 1
54 4 N5 N5 73 0.160 0
54 5 N5 N2 158 0.160 1
54 6 N2 N5 54 0.020 0
54 7 N2 N3 48 0.020 0
54 8 N2 N2 239 0.020 1
54 9 N4 N2 130 0.090 1
54 10 N4 N5 32 0.090 0
54 11 N4 N3 100 0.090 0
55 1 N3 N5 43 0.070 0
55 2 N3 N3 128 0.070 0
55 3 N3 N2 184 0.070 1
55 4 N5 N5 71 0.190 0
55 5 N5 N2 159 0.190 1
55 6 N2 N5 53 0.070 0
55 7 N2 N3 47 0.070 0
55 8 N2 N2 238 0.070 1
55 9 N4 N2 131 0.060 1
55 10 N4 N5 32 0.060 0
55 11 N4 N3 95 0.060 0
56 1 N3 N5 0 0.130 0
56 2 N3 N3 123 0.130 0
56 3 N3 N2 186 0.130 1
56 4 N5 N5 70 0.770 0
56 5 N5 N2 158 0.770 1
56 6 N2 N5 52 0.260 0
56 7 N2 N3 46 0.260 0
56 8 N2 N2 237 0.260 1
56 9 N4 N2 133 0.100 1
56 10 N4 N5 32 0.100 0
56 11 N4 N3 95 0.100 0
57 1 N3 N5 0 1.220 0
57 2 N3 N3 123 1.220 0
57 3 N3 N2 186 1.220 1
57 4 N5 N5 69 0.830 0
57 5 N5 N2 157 0.830 1
57 6 N2 N5 52 0.300 0
57 7 N2 N3 44 0.300 0
57 8 N2 N2 235 0.300 1
57 9 N4 N2 133 1.190 1
57 10 N4 N5 32 1.190 0
57 11 N4 N3 95 1.190 0
58 1 N3 N5 0 2.300 0
58 2 N3 N3 123 2.300 0
58 3 N3 N2 186 2.300 1
58 4 N5 N5 69 0.320 0
58 5 N5 N2 153 0.320 1
58 6 N2 N5 53 0.350 0
58 7 N2 N3 44 0.350 0
58 8 N2 N2 235 0.350 1
58 9 N4 N2 133 2.270 1
58 10 N4 N5 32 2.270 0
58 11 N4 N3 95 2.270 0
59 1 N3 N5 0 0.480 0
59 2 N3 N3 117 0.480 0
59 3 N3 N2 186 0.480 1
59 4 N5 N5 69 0.410 0
59 5 N5 N2 151 0.410 1
59 6 N2 N5 53 0.400 0
59 7 N2 N3 42 0.400 0
59 8 N2 N2 235 0.400 1
59 9 N4 N2 132 0.490 1
59 10 N4 N5 34 0.490 0
59 11 N4 N3 95 0.490 0
60 1 N3 N5 0 1.590 0
60 2 N3 N3 117 1.590 0
60 3 N3 N2 186 1.590 1
60 4 N5 N5 69 0.480 0
60 5 N5 N2 148 0.480 1
60 6 N2 N5 54 0.460 0
60 7 N2 N3 42 0.460 0
60 8 N2 N2 234 0.460 1
60 9 N4 N2 132 1.600 1
60 10 N4 N5 34 1.600 0
60 11 N4 N3 95 1.600 0
61 1 N3 N5 0 0.490 0
61 2 N3 N3 108 0.490 0
61 3 N3 N2 182 0.490 1
61 4 N5 N5 68 1.060 0
61 5 N5 N2 147 1.060 1
61 6 N2 N5 55 0.490 0
61 7 N2 N3 42 0.490 0
61 8 N2 N2 233 0.490 1
61 9 N4 N2 131 0.490 1
61 10 N4 N5 34 0.490 0
61 11 N4 N3 91 0.490 0
62 1 N3 N5 0 0.590 0
62 2 N3 N3 107 0.590 0
62 3 N3 N2 180 0.590 1
62 4 N5 N5 69 0.040 0
62 5 N5 N2 147 0.040 1
62 6 N2 N5 57 0.050 0
62 7 N2 N3 37 0.050 0
62 8 N2 N2 231 0.050 1
62 9 N4 N2 131 0.590 1
62 10 N4 N5 37 0.590 0
62 11 N4 N3 88 0.590 0
63 1 N3 N5 0 0.410 0
63 2 N3 N3 104 0.410 0
63 3 N3 N2 176 0.410 1
63 4 N5 N5 72 0.090 0
63 5 N5 N2 145 0.090 1
63 6 N2 N5 57 0.120 0
63 7 N2 N3 37 0.120 0
63 8 N2 N2 229 0.120 1
63 9 N4 N2 131 1.680 1
63 10 N4 N5 37 1.680 0
63 11 N4 N3 88 1.680 0
64 1 N3 N5 0 0.570 0
64 2 N3 N3 99 0.570 0
64 3 N3 N2 169 0.570 1
64 4 N5 N5 75 0.140 0
64 5 N5 N2 146 0.140 1
64 6 N2 N5 58 0.050 0
64 7 N2 N3 35 0.050 0
64 8 N2 N2 228 0.050 1
64 9 N4 N2 131 0.100 1
64 10 N4 N5 37 0.100 0
64 11 N4 N3 85 0.100 0
65 1 N3 N5 0 1.670 0
65 2 N3 N3 99 1.670 0
65 3 N3 N2 169 1.670 1
65 4 N5 N5 76 0.220 0
65 5 N5 N2 147 0.220 1
65 6 N2 N5 58 0.240 0
65 7 N2 N3 35 0.240 0
65 8 N2 N2 228 0.240 1
65 9 N4 N2 129 1.020 1
65 10 N4 N5 37 1.020 0
65 11 N4 N3 85 1.020 0
66 1 N3 N5 0 0.590 0
66 2 N3 N3 98 0.590 0
66 3 N3 N2 163 0.590 1
66 4 N5 N5 78 0.280 0
66 5 N5 N2 147 0.280 1
66 6 N2 N5 58 0.320 0
66 7 N2 N3 35 0.320 0
66 8 N2 N2 226 0.320 1
66 9 N4 N2 129 2.100 1
66 10 N4 N5 37 2.100 0
66 11 N4 N3 85 2.100 0
67 1 N3 N5 0 1.670 0
67 2 N3 N3 98 1.670 0
67 3 N3 N2 163 1.670 1
67 4 N5 N5 77 0.310 0
67 5 N5 N2 145 0.310 1
67 6 N2 N5 54 0.270 0
67 7 N2 N3 35 0.270 0
67 8 N2 N2 225 0.270 1
67 9 N4 N2 126 0.730 1
67 10 N4 N5 37 0.730 0
67 11 N4 N3 82 0.730 0
68 1 N3 N5 0 0.100 0
68 2 N3 N3 95 0.100 0
68 3 N3 N2 161 0.100 1
68 4 N5 N5 77 0.400 0
68 5 N5 N2 144 0.400 1
68 6 N2 N5 53 0.330 0
68 7 N2 N3 35 0.330 0
68 8 N2 N2 223 0.330 1
68 9 N4 N2 124 0.120 1
68 10 N4 N5 0 0.120 0
68 11 N4 N3 80 0.120 0
69 1 N3 N5 0 0.410 0
69 2 N3 N3 93 0.410 0
69 3 N3 N2 157 0.410 1
69 4 N5 N5 76 0.070 0
69 5 N5 N2 144 0.070 1
69 6 N2 N5 53 0.010 0
69 7 N2 N3 29 0.010 0
69 8 N2 N2 221 0.010 1
69 9 N4 N2 124 1.200 1
69 10 N4 N5 0 1.200 0
69 11 N4 N3 80 1.200 0
70 1 N3 N5 0 0.220 0
70 2 N3 N3 88 0.220 0
70 3 N3 N2 152 0.220 1
70 4 N5 N5 76 0.010 0
70 5 N5 N2 143 0.010 1
70 6 N2 N5 52 0.060 0
70 7 N2 N3 24 0.060 0
70 8 N2 N2 220 0.060 1
70 9 N4 N2 122 0.790 1
70 10 N4 N5 0 0.790 0
70 11 N4 N3 75 0.790 0
71 1 N3 N5 0 1.300 0
71 2 N3 N3 88 1.300 0
71 3 N3 N2 152 1.300 1
71 4 N5 N5 76 0.560 0
71 5 N5 N2 143 0.560 1
71 6 N2 N5 52 0.610 0
71 7 N2 N3 24 0.610 0
71 8 N2 N2 220 0.610 1
71 9 N4 N2 122 1.870 1
71 10 N4 N5 0 1.870 0
71 11 N4 N3 75 1.870 0
72 1 N3 N5 0 0.030 0
72 2 N3 N3 84 0.030 0
72 3 N3 N2 148 0.030 1
72 4 N5 N5 74 0.130 0
72 5 N5 N2 143 0.130 1
72 6 N2 N5 52 0.030 0
72 7 N2 N3 25 0.030 0
72 8 N2 N2 219 0.030 1
72 9 N4 N2 114 0.850 1
72 10 N4 N5 0 0.850 0
72 11 N4 N3 71 0.850 0
73 1 N3 N5 0 0.100 0
73 2 N3 N3 85 0.100 0
73 3 N3 N2 146 0.100 1
73 4 N5 N5 73 0.280 0
73 5 N5 N2 143 0.280 1
73 6 N2 N5 50 0.170 0
73 7 N2 N3 25 0.170 0
73 8 N2 N2 217 0.170 1
73 9 N4 N2 114 1.940 1
73 10 N4 N5 0 1.940 0
73 11 N4 N3 71 1.940 0
74 1 N3 N5 0 1.190 0
74 2 N3 N3 85 1.190 0
74 3 N3 N2 146 1.190 1
74 4 N5 N5 73 0.240 0
74 5 N5 N2 142 0.240 1
74 6 N2 N5 51 0.230 0
74 7 N2 N3 27 0.230 0
74 8 N2 N2 215 0.230 1
74 9 N4 N2 111 0.740 1
74 10 N4 N5 0 0.740 0
74 11 N4 N3 68 0.740 0
75 1 N3 N5 0 0.540 0
75 2 N3 N3 84 0.540 0
75 3 N3 N2 138 0.540 1
75 4 N5 N5 72 0.300 0
75 5 N5 N2 140 0.300 1
75 6 N2 N5 57 0.270 0
75 7 N2 N3 29 0.270 0
75 8 N2 N2 213 0.270 1
75 9 N4 N2 106 0.540 1
75 10 N4 N5 0 0.540 0
75 11 N4 N3 66 0.540 0
76 1 N3 N5 0 0.270 0
76 2 N3 N3 82 0.270 0
76 3 N3 N2 132 0.270 1
76 4 N5 N5 72 1.390 0
76 5 N5 N2 140 1.390 1
76 6 N2 N5 57 0.320 0
76 7 N2 N3 30 0.320 0
76 8 N2 N2 210 0.320 1
76 9 N4 N2 106 1.630 1
76 10 N4 N5 0 1.630 0
76 11 N4 N3 66 1.630 0
77 1 N3 N5 0 1.360 0
77 2 N3 N3 82 1.360 0
77 3 N3 N2 132 1.360 1
77 4 N5 N5 73 0.430 0
77 5 N5 N2 137 0.430 1
77 6 N2 N5 64 0.290 0
77 7 N2 N3 31 0.290 0
77 8 N2 N2 208 0.290 1
77 9 N4 N2 106 2.720 1
77 10 N4 N5 0 2.720 0
77 11 N4 N3 66 2.720 0
78 1 N3 N5 0 0.710 0
78 2 N3 N3 80 0.710 0
78 3 N3 N2 124 0.710 1
78 4 N5 N5 73 0.480 0
78 5 N5 N2 135 0.480 1
78 6 N2 N5 62 0.340 0
78 7 N2 N3 33 0.340 0
78 8 N2 N2 206 0.340 1
78 9 N4 N2 100 0.720 1
78 10 N4 N5 0 0.720 0
78 11 N4 N3 61 0.720 0
79 1 N3 N5 0 0.780 0
79 2 N3 N3 81 0.780 0
79 3 N3 N2 123 0.780 1
79 4 N5 N5 73 0.030 0
79 5 N5 N2 135 0.030 1
79 6 N2 N5 61 0.000 0
79 7 N2 N3 36 0.000 0
79 8 N2 N2 205 0.000 1
79 9 N4 N2 96 0.780 1
79 10 N4 N5 0 0.780 0
79 11 N4 N3 61 0.780 0
80 1 N3 N5 0 0.470 0
80 2 N3 N3 80 0.470 0
80 3 N3 N2 122 0.470 1
80 4 N5 N5 73 0.100 0
80 5 N5 N2 135 0.100 1
80 6 N2 N5 59 0.590 0
80 7 N2 N3 38 0.590 0
80 8 N2 N2 205 0.590 1
80 9 N4 N2 90 0.490 1
80 10 N4 N5 0 0.490 0
80 11 N4 N3 59 0.490 0
81 1 N3 N5 0 0.830 0
81 2 N3 N3 82 0.830 0
81 3 N3 N2 120 0.830 1
81 4 N5 N5 73 0.680 0
81 5 N5 N2 135 0.680 1
81 6 N2 N5 59 0.140 0
81 7 N2 N3 38 0.140 0
81 8 N2 N2 206 0.140 1
81 9 N4 N2 89 0.720 1
81 10 N4 N5 0 0.720 0
81 11 N4 N3 59 0.720 0
82 1 N3 N5 0 0.090 0
82 2 N3 N3 85 0.090 0
82 3 N3 N2 118 0.090 1
82 4 N5 N5 76 0.270 0
82 5 N5 N2 138 0.270 1
82 6 N2 N5 58 0.170 0
82 7 N2 N3 39 0.170 0
82 8 N2 N2 208 0.170 1
82 9 N4 N2 78 0.090 1
82 10 N4 N5 0 0.090 0
82 11 N4 N3 58 0.090 0
83 1 N3 N5 0 1.040 0
83 2 N3 N3 85 1.040 0
83 3 N3 N2 117 1.040 1
83 4 N5 N5 75 0.850 0
83 5 N5 N2 140 0.850 1
83 6 N2 N5 55 0.220 0
83 7 N2 N3 39 0.220 0
83 8 N2 N2 209 0.220 1
83 9 N4 N2 77 1.060 1
83 10 N4 N5 0 1.060 0
83 11 N4 N3 58 1.060 0
84 1 N3 N5 0 0.110 0
84 2 N3 N3 89 0.110 0
84 3 N3 N2 113 0.110 1
84 4 N5 N5 75 0.370 0
84 5 N5 N2 141 0.370 1
84 6 N2 N5 51 0.200 0
84 7 N2 N3 39 0.200 0
84 8 N2 N2 209 0.200 1
84 9 N4 N2 77 2.150 1
84 10 N4 N5 0 2.150 0
84 11 N4 N3 58 2.150 0
85 1 N3 N5 0 1.190 0
85 2 N3 N3 89 1.190 0
85 3 N3 N2 113 1.190 1
85 4 N5 N5 75 0.390 0
85 5 N5 N2 141 0.390 1
85 6 N2 N5 53 0.230 0
85 7 N2 N3 44 0.230 0
85 8 N2 N2 210 0.230 1
85 9 N4 N2 77 3.230 1
85 10 N4 N5 0 3.230 0
85 11 N4 N3 58 3.230 0
86 1 N3 N5 0 0.500 0
86 2 N3 N3 89 0.500 0
86 3 N3 N2 109 0.500 1
86 4 N5 N5 76 0.470 0
86 5 N5 N2 143 0.470 1
86 6 N2 N5 53 0.420 0
86 7 N2 N3 44 0.420 0
86 8 N2 N2 211 0.420 1
86 9 N4 N2 77 4.320 1
86 10 N4 N5 0 4.320 0
86 11 N4 N3 58 4.320 0
87 1 N3 N5 0 0.010 0
87 2 N3 N3 96 0.010 0
87 3 N3 N2 106 0.010 1
87 4 N5 N5 78 0.010 0
87 5 N5 N2 146 0.010 1
87 6 N2 N5 53 0.980 0
87 7 N2 N3 44 0.980 0
87 8 N2 N2 211 0.980 1
87 9 N4 N2 74 0.010 1
87 10 N4 N5 0 0.010 0
87 11 N4 N3 61 0.010 0
88 1 N3 N5 0 0.860 0
88 2 N3 N3 100 0.860 0
88 3 N3 N2 104 0.860 1
88 4 N5 N5 78 0.110 0
88 5 N5 N2 148 0.110 1
88 6 N2 N5 53 0.520 0
88 7 N2 N3 56 0.520 0
88 8 N2 N2 212 0.520 1
88 9 N4 N2 74 1.040 1
88 10 N4 N5 0 1.040 0
88 11 N4 N3 61 1.040 0
89 1 N3 N5 0 1.000 0
89 2 N3 N3 102 1.000 0
89 3 N3 N2 102 1.000 1
89 4 N5 N5 76 0.210 0
89 5 N5 N2 152 0.210 1
89 6 N2 N5 52 0.090 0
89 7 N2 N3 56 0.090 0
89 8 N2 N2 211 0.090 1
89 9 N4 N2 71 1.000 1
89 10 N4 N5 0 1.000 0
89 11 N4 N3 61 1.000 0
90 1 N3 N5 0 0.380 0
90 2 N3 N3 117 0.380 1
90 3 N3 N2 94 0.380 0
90 4 N5 N5 74 0.380 0
90 5 N5 N2 153 0.380 1
90 6 N2 N5 49 0.020 0
90 7 N2 N3 54 0.020 0
90 8 N2 N2 211 0.020 1
90 9 N4 N2 71 2.080 1
90 10 N4 N5 0 2.080 0
90 11 N4 N3 61 2.080 0
91 1 N3 N5 0 1.460 0
91 2 N3 N3 117 1.460 1
91 3 N3 N2 94 1.460 0
91 4 N5 N5 71 0.330 0
91 5 N5 N2 153 0.330 1
91 6 N2 N5 48 0.190 0
91 7 N2 N3 54 0.190 0
91 8 N2 N2 210 0.190 1
91 9 N4 N2 70 0.700 1
91 10 N4 N5 0 0.700 0
91 11 N4 N3 63 0.700 0
92 1 N3 N5 0 0.290 0
92 2 N3 N3 117 0.290 1
92 3 N3 N2 94 0.290 0
92 4 N5 N5 69 0.900 0
92 5 N5 N2 153 0.900 1
92 6 N2 N5 48 0.770 0
92 7 N2 N3 54 0.770 0
92 8 N2 N2 211 0.770 1
92 9 N4 N2 70 1.790 1
92 10 N4 N5 0 1.790 0
92 11 N4 N3 63 1.790 0
93 1 N3 N5 11 0.390 0
93 2 N3 N3 119 0.390 1
93 3 N3 N2 93 0.390 0
93 4 N5 N5 69 0.910 0
93 5 N5 N2 152 0.910 1
93 6 N2 N5 43 0.290 0
93 7 N2 N3 54 0.290 0
93 8 N2 N2 213 0.290 1
93 9 N4 N2 69 0.920 1
93 10 N4 N5 0 0.920 0
93 11 N4 N3 64 0.920 0
94 1 N3 N5 11 0.380 0
94 2 N3 N3 122 0.380 1
94 3 N3 N2 93 0.380 0
94 4 N5 N5 67 0.000 0
94 5 N5 N2 147 0.000 1
94 6 N2 N5 43 0.320 0
94 7 N2 N3 54 0.320 0
94 8 N2 N2 213 0.320 1
94 9 N4 N2 69 2.000 1
94 10 N4 N5 0 2.000 0
94 11 N4 N3 64 2.000 0
95 1 N3 N5 11 0.700 0
95 2 N3 N3 123 0.700 1
95 3 N3 N2 91 0.700 0
95 4 N5 N5 63 0.040 0
95 5 N5 N2 143 0.040 1
95 6 N2 N5 35 0.240 0
95 7 N2 N3 53 0.240 0
95 8 N2 N2 213 0.240 1
95 9 N4 N2 69 3.090 1
95 10 N4 N5 0 3.090 0
95 11 N4 N3 64 3.090 0
96 1 N3 N5 11 0.800 0
96 2 N3 N3 122 0.800 1
96 3 N3 N2 91 0.800 0
96 4 N5 N5 55 0.210 0
96 5 N5 N2 141 0.210 1
96 6 N2 N5 27 0.290 0
96 7 N2 N3 53 0.290 0
96 8 N2 N2 213 0.290 1
96 9 N4 N2 66 0.690 1
96 10 N4 N5 0 0.690 0
96 11 N4 N3 69 0.690 0
97 1 N3 N5 11 1.890 0
97 2 N3 N3 122 1.890 1
97 3 N3 N2 91 1.890 0
97 4 N5 N5 48 0.150 0
97 5 N5 N2 138 0.150 1
97 6 N2 N5 27 1.380 0
97 7 N2 N3 53 1.380 0
97 8 N2 N2 213 1.380 1
97 9 N4 N2 66 1.780 1
97 10 N4 N5 0 1.780 0
97 11 N4 N3 69 1.780 0
98 1 N3 N5 11 0.060 0
98 2 N3 N3 118 0.060 1
98 3 N3 N2 92 0.060 0
98 4 N5 N5 45 0.180 0
98 5 N5 N2 137 0.180 1
98 6 N2 N5 28 0.380 0
98 7 N2 N3 53 0.380 0
98 8 N2 N2 214 0.380 1
98 9 N4 N2 66 2.860 1
98 10 N4 N5 0 2.860 0
98 11 N4 N3 69 2.860 0
99 1 N3 N5 11 0.110 0
99 2 N3 N3 114 0.110 1
99 3 N3 N2 90 0.110 0
99 4 N5 N5 42 0.280 0
99 5 N5 N2 135 0.280 1
99 6 N2 N5 28 0.010 0
99 7 N2 N3 0 0.010 0
99 8 N2 N2 217 0.010 1
99 9 N4 N2 64 0.070 1
99 10 N4 N5 0 0.070 0
99 11 N4 N3 70 0.070 0
100 1 N3 N5 11 0.060 0
100 2 N3 N3 113 0.060 1
100 3 N3 N2 88 0.060 0
100 4 N5 N5 39 0.340 0
100 5 N5 N2 135 0.340 1
100 6 N2 N5 28 0.100 0
100 7 N2 N3 0 0.100 0
100 8 N2 N2 219 0.100 1
100 9 N4 N2 64 0.080 1
100 10 N4 N5 0 0.080 0
100 11 N4 N3 71 0.080 0
101 1 N3 N5 11 0.100 0
101 2 N3 N3 112 0.100 1
101 3 N3 N2 87 0.100 0
101 4 N5 N5 40 0.410 0
101 5 N5 N2 137 0.410 1
101 6 N2 N5 29 0.180 0
101 7 N2 N3 66 0.180 0
101 8 N2 N2 222 0.180 1
101 9 N4 N2 64 1.160 1
101 10 N4 N5 0 1.160 0
101 11 N4 N3 71 1.160 0
102 1 N3 N5 11 0.290 0
102 2 N3 N3 114 0.290 1
102 3 N3 N2 87 0.290 0
102 4 N5 N5 41 0.080 0
102 5 N5 N2 138 0.080 1
102 6 N2 N5 30 0.260 0
102 7 N2 N3 66 0.260 0
102 8 N2 N2 225 0.260 1
102 9 N4 N2 64 2.280 1
102 10 N4 N5 0 2.280 0
102 11 N4 N3 71 2.280 0
103 1 N3 N5 11 0.440 0
103 2 N3 N3 114 0.440 1
103 3 N3 N2 85 0.440 0
103 4 N5 N5 43 0.020 0
103 5 N5 N2 139 0.020 1
103 6 N2 N5 35 0.250 0
103 7 N2 N3 66 0.250 0
103 8 N2 N2 227 0.250 1
103 9 N4 N2 64 3.370 1
103 10 N4 N5 0 3.370 0
103 11 N4 N3 71 3.370 0
104 1 N3 N5 11 0.300 0
104 2 N3 N3 119 0.300 1
104 3 N3 N2 81 0.300 0
104 4 N5 N5 44 0.090 0
104 5 N5 N2 140 0.090 1
104 6 N2 N5 38 0.320 0
104 7 N2 N3 68 0.320 0
104 8 N2 N2 230 0.320 1
104 9 N4 N2 64 4.450 1
104 10 N4 N5 0 4.450 0
104 11 N4 N3 71 4.450 0
105 1 N3 N5 11 1.410 0
105 2 N3 N3 119 1.410 1
105 3 N3 N2 81 1.410 0
105 4 N5 N5 47 0.160 0
105 5 N5 N2 141 0.160 1
105 6 N2 N5 38 0.500 0
105 7 N2 N3 68 0.500 0
105 8 N2 N2 232 0.500 1
105 9 N4 N2 64 5.560 1
105 10 N4 N5 0 5.560 0
105 11 N4 N3 71 5.560 0
106 1 N3 N5 11 2.500 0
106 2 N3 N3 119 2.500 1
106 3 N3 N2 81 2.500 0
106 4 N5 N5 47 0.260 0
106 5 N5 N2 141 0.260 1
106 6 N2 N5 38 1.590 0
106 7 N2 N3 68 1.590 0
106 8 N2 N2 232 1.590 1
106 9 N4 N2 64 6.650 1
106 10 N4 N5 0 6.650 0
106 11 N4 N3 71 6.650 0
107 1 N3 N5 11 0.020 0
107 2 N3 N3 124 0.020 1
107 3 N3 N2 78 0.020 0
107 4 N5 N5 47 0.290 0
107 5 N5 N2 141 0.290 1
107 6 N2 N5 37 0.070 0
107 7 N2 N3 68 0.070 0
107 8 N2 N2 232 0.070 1
107 9 N4 N2 64 7.730 1
107 10 N4 N5 0 7.730 0
107 11 N4 N3 71 7.730 0
108 1 N3 N5 11 0.080 0
108 2 N3 N3 126 0.080 1
108 3 N3 N2 78 0.080 0
108 4 N5 N5 48 0.470 0
108 5 N5 N2 141 0.470 1
108 6 N2 N5 37 0.170 0
108 7 N2 N3 69 0.170 0
108 8 N2 N2 234 0.170 1
108 9 N4 N2 64 8.820 1
108 10 N4 N5 0 8.820 0
108 11 N4 N3 71 8.820 0
109 1 N3 N5 12 0.920 0
109 2 N3 N3 126 0.920 1
109 3 N3 N2 77 0.920 0
109 4 N5 N5 50 0.420 0
109 5 N5 N2 140 0.420 1
109 6 N2 N5 38 0.210 0
109 7 N2 N3 69 0.210 0
109 8 N2 N2 234 0.210 1
109 9 N4 N2 64 9.900 1
109 10 N4 N5 0 9.900 0
109 11 N4 N3 71 9.900 0
110 1 N3 N5 12 0.150 0
110 2 N3 N3 134 0.150 1
110 3 N3 N2 77 0.150 0
110 4 N5 N5 52 0.040 0
110 5 N5 N2 139 0.040 1
110 6 N2 N5 40 0.170 0
110 7 N2 N3 69 0.170 0
110 8 N2 N2 232 0.170 1
110 9 N4 N2 64 10.990 1
110 10 N4 N5 0 10.990 0
110 11 N4 N3 71 10.990 0
111 1 N3 N5 12 0.560 0
111 2 N3 N3 134 0.560 1
111 3 N3 N2 76 0.560 0
111 4 N5 N5 52 0.510 0
111 5 N5 N2 137 0.510 1
111 6 N2 N5 40 0.330 0
111 7 N2 N3 69 0.330 0
111 8 N2 N2 230 0.330 1
111 9 N4 N2 64 12.070 1
111 10 N4 N5 0 12.070 0
111 11 N4 N3 71 12.070 0
112 1 N3 N5 12 0.080 0
112 2 N3 N3 133 0.080 1
112 3 N3 N2 76 0.080 0
112 4 N5 N5 54 0.080 0
112 5 N5 N2 134 0.080 1
112 6 N2 N5 45 0.080 0
112 7 N2 N3 69 0.080 0
112 8 N2 N2 229 0.080 1
112 9 N4 N2 64 13.160 1
112 10 N4 N5 0 13.160 0
112 11 N4 N3 71 13.160 0
113 1 N3 N5 12 0.110 0
113 2 N3 N3 129 0.110 1
113 3 N3 N2 74 0.110 0
113 4 N5 N5 59 0.100 0
113 5 N5 N2 132 0.100 1
113 6 N2 N5 55 0.230 0
113 7 N2 N3 70 0.230 0
113 8 N2 N2 228 0.230 1
113 9 N4 N2 62 0.110 1
113 10 N4 N5 0 0.110 0
113 11 N4 N3 73 0.110 0
114 1 N3 N5 14 0.400 0
114 2 N3 N3 124 0.400 1
114 3 N3 N2 73 0.400 0
114 4 N5 N5 60 0.780 0
114 5 N5 N2 130 0.780 1
114 6 N2 N5 55 0.020 0
114 7 N2 N3 55 0.020 0
114 8 N2 N2 228 0.020 1
114 9 N4 N2 61 0.400 0
114 10 N4 N5 11 0.400 0
114 11 N4 N3 72 0.400 1
115 1 N3 N5 15 0.070 0
115 2 N3 N3 123 0.070 1
115 3 N3 N2 74 0.070 0
115 4 N5 N5 64 0.330 0
115 5 N5 N2 129 0.330 1
115 6 N2 N5 54 0.080 0
115 7 N2 N3 56 0.080 0
115 8 N2 N2 228 0.080 1
115 9 N4 N2 61 1.480 0
115 10 N4 N5 11 1.480 0
115 11 N4 N3 72 1.480 1
116 1 N3 N5 17 0.170 0
116 2 N3 N3 119 0.170 1
116 3 N3 N2 74 0.170 0
116 4 N5 N5 64 0.500 0
116 5 N5 N2 129 0.500 1
116 6 N2 N5 54 0.790 0
116 7 N2 N3 56 0.790 0
116 8 N2 N2 227 0.790 1
116 9 N4 N2 61 0.670 0
116 10 N4 N5 10 0.670 0
116 11 N4 N3 71 0.670 1
117 1 N3 N5 17 0.140 0
117 2 N3 N3 115 0.140 1
117 3 N3 N2 75 0.140 0
117 4 N5 N5 65 0.460 0
117 5 N5 N2 127 0.460 1
117 6 N2 N5 55 0.210 0
117 7 N2 N3 58 0.210 0
117 8 N2 N2 227 0.210 1
117 9 N4 N2 60 0.750 0
117 10 N4 N5 10 0.750 0
117 11 N4 N3 72 0.750 1
118 1 N3 N5 18 0.140 0
118 2 N3 N3 113 0.140 1
118 3 N3 N2 76 0.140 0
118 4 N5 N5 67 0.030 0
118 5 N5 N2 126 0.030 1
118 6 N2 N5 55 0.440 0
118 7 N2 N3 60 0.440 0
118 8 N2 N2 227 0.440 1
118 9 N4 N2 60 0.240 0
118 10 N4 N5 10 0.240 0
118 11 N4 N3 72 0.240 1
119 1 N3 N5 18 0.400 0
119 2 N3 N3 112 0.400 1
119 3 N3 N2 76 0.400 0
119 4 N5 N5 72 0.170 0
119 5 N5 N2 125 0.170 1
119 6 N2 N5 56 0.020 0
119 7 N2 N3 61 0.020 0
119 8 N2 N2 230 0.020 1
119 9 N4 N2 59 0.400 0
119 10 N4 N5 10 0.400 0
119 11 N4 N3 74 0.400 1
120 1 N3 N5 18 1.480 0
120 2 N3 N3 112 1.480 1
120 3 N3 N2 76 1.480 0
120 4 N5 N5 73 0.600 0
120 5 N5 N2 125 0.600 1
120 6 N2 N5 56 0.070 0
120 7 N2 N3 61 0.070 0
120 8 N2 N2 231 0.070 1
120 9 N4 N2 59 1.480 0
120 10 N4 N5 10 1.480 0
120 11 N4 N3 74 1.480 1
121 1 N3 N5 18 0.450 0
121 2 N3 N3 110 0.450 1
121 3 N3 N2 77 0.450 0
121 4 N5 N5 74 0.150 0
121 5 N5 N2 127 0.150 1
121 6 N2 N5 62 0.150 0
121 7 N2 N3 63 0.150 0
121 8 N2 N2 233 0.150 1
121 9 N4 N2 59 2.600 0
121 10 N4 N5 10 2.600 0
121 11 N4 N3 74 2.600 1
122 1 N3 N5 18 0.010 0
122 2 N3 N3 110 0.010 1
122 3 N3 N2 76 0.010 0
122 4 N5 N5 76 0.190 0
122 5 N5 N2 130 0.190 1
122 6 N2 N5 67 0.180 0
122 7 N2 N3 63 0.180 0
122 8 N2 N2 234 0.180 1
122 9 N4 N2 59 3.680 0
122 10 N4 N5 10 3.680 0
122 11 N4 N3 74 3.680 1
123 1 N3 N5 17 0.620 0
123 2 N3 N3 111 0.620 1
123 3 N3 N2 74 0.620 0
123 4 N5 N5 77 0.250 0
123 5 N5 N2 132 0.250 1
123 6 N2 N5 78 0.120 0
123 7 N2 N3 64 0.120 0
123 8 N2 N2 234 0.120 1
123 9 N4 N2 59 4.770 0
123 10 N4 N5 10 4.770 0
123 11 N4 N3 74 4.770 1
124 1 N3 N5 20 0.440 0
124 2 N3 N3 114 0.440 1
124 3 N3 N2 72 0.440 0
124 4 N5 N5 83 0.320 0
124 5 N5 N2 135 0.320 1
124 6 N2 N5 81 0.170 0
124 7 N2 N3 65 0.170 0
124 8 N2 N2 234 0.170 1
124 9 N4 N2 59 5.870 0
124 10 N4 N5 10 5.870 0
124 11 N4 N3 74 5.870 1
125 1 N3 N5 23 0.330 0
125 2 N3 N3 116 0.330 1
125 3 N3 N2 73 0.330 0
125 4 N5 N5 88 0.370 0
125 5 N5 N2 138 0.370 1
125 6 N2 N5 82 0.250 0
125 7 N2 N3 65 0.250 0
125 8 N2 N2 235 0.250 1
125 9 N4 N2 58 0.490 0
125 10 N4 N5 11 0.490 0
125 11 N4 N3 73 0.490 1
126 1 N3 N5 28 0.380 0
126 2 N3 N3 118 0.380 1
126 3 N3 N2 74 0.380 0
126 4 N5 N5 88 0.430 0
126 5 N5 N2 140 0.430 1
126 6 N2 N5 82 0.290 0
126 7 N2 N3 67 0.290 0
126 8 N2 N2 234 0.290 1
126 9 N4 N2 57 1.000 0
126 10 N4 N5 11 1.000 0
126 11 N4 N3 73 1.000 1
127 1 N3 N5 28 0.410 0
127 2 N3 N3 121 0.410 1
127 3 N3 N2 76 0.410 0
127 4 N5 N5 93 0.470 0
127 5 N5 N2 142 0.470 1
127 6 N2 N5 84 0.450 0
127 7 N2 N3 67 0.450 0
127 8 N2 N2 232 0.450 1
127 9 N4 N2 57 2.090 0
127 10 N4 N5 11 2.090 0
127 11 N4 N3 73 2.090 1
128 1 N3 N5 28 0.160 0
128 2 N3 N3 121 0.160 1
128 3 N3 N2 76 0.160 0
128 4 N5 N5 95 0.500 0
128 5 N5 N2 141 0.500 1
128 6 N2 N5 83 0.510 0
128 7 N2 N3 67 0.510 0
128 8 N2 N2 229 0.510 1
128 9 N4 N2 57 3.170 0
128 10 N4 N5 11 3.170 0
128 11 N4 N3 73 3.170 1
129 1 N3 N5 29 0.070 0
129 2 N3 N3 122 0.070 1
129 3 N3 N2 79 0.070 0
129 4 N5 N5 97 0.070 0
129 5 N5 N2 142 0.070 1
129 6 N2 N5 83 0.020 0
129 7 N2 N3 71 0.020 0
129 8 N2 N2 225 0.020 1
129 9 N4 N2 57 4.260 0
129 10 N4 N5 11 4.260 0
129 11 N4 N3 73 4.260 1
130 1 N3 N5 31 0.070 0
130 2 N3 N3 125 0.070 1
130 3 N3 N2 84 0.070 0
130 4 N5 N5 96 0.110 0
130 5 N5 N2 141 0.110 1
130 6 N2 N5 83 0.080 0
130 7 N2 N3 76 0.080 0
130 8 N2 N2 223 0.080 1
130 9 N4 N2 57 0.230 0
130 10 N4 N5 11 0.230 0
130 11 N4 N3 75 0.230 1
131 1 N3 N5 32 0.020 0
131 2 N3 N3 125 0.020 1
131 3 N3 N2 90 0.020 0
131 4 N5 N5 95 0.700 0
131 5 N5 N2 140 0.700 1
131 6 N2 N5 79 0.020 0
131 7 N2 N3 75 0.020 0
131 8 N2 N2 221 0.020 1
131 9 N4 N2 57 1.320 0
131 10 N4 N5 11 1.320 0
131 11 N4 N3 75 1.320 1
132 1 N3 N5 32 0.060 0
132 2 N3 N3 122 0.060 1
132 3 N3 N2 92 0.060 0
132 4 N5 N5 92 0.260 0
132 5 N5 N2 141 0.260 1
132 6 N2 N5 79 0.090 0
132 7 N2 N3 72 0.090 0
132 8 N2 N2 220 0.090 1
132 9 N4 N2 55 0.340 0
132 10 N4 N5 11 0.340 0
132 11 N4 N3 75 0.340 1
133 1 N3 N5 32 0.630 0
133 2 N3 N3 123 0.630 1
133 3 N3 N2 93 0.630 0
133 4 N5 N5 92 0.320 0
133 5 N5 N2 141 0.320 1
133 6 N2 N5 77 0.280 0
133 7 N2 N3 70 0.280 0
133 8 N2 N2 220 0.280 1
133 9 N4 N2 55 1.430 0
133 10 N4 N5 11 1.430 0
133 11 N4 N3 75 1.430 1
134 1 N3 N5 33 0.040 0
134 2 N3 N3 119 0.040 1
134 3 N3 N2 95 0.040 0
134 4 N5 N5 91 0.900 0
134 5 N5 N2 141 0.900 1
134 6 N2 N5 76 0.330 0
134 7 N2 N3 66 0.330 0
134 8 N2 N2 219 0.330 1
134 9 N4 N2 55 2.510 0
134 10 N4 N5 11 2.510 0
134 11 N4 N3 75 2.510 1
135 1 N3 N5 32 0.200 0
135 2 N3 N3 117 0.200 1
135 3 N3 N2 96 0.200 0
135 4 N5 N5 90 0.060 0
135 5 N5 N2 140 0.060 1
135 6 N2 N5 77 0.240 0
135 7 N2 N3 64 0.240 0
135 8 N2 N2 220 0.240 1
135 9 N4 N2 53 0.510 0
135 10 N4 N5 11 0.510 0
135 11 N4 N3 75 0.510 1
136 1 N3 N5 32 0.080 0
136 2 N3 N3 114 0.080 1
136 3 N3 N2 96 0.080 0
136 4 N5 N5 91 0.090 0
136 5 N5 N2 140 0.090 1
136 6 N2 N5 77 0.410 0
136 7 N2 N3 64 0.410 0
136 8 N2 N2 221 0.410 1
136 9 N4 N2 53 0.080 0
136 10 N4 N5 11 0.080 0
136 11 N4 N3 74 0.080 1
137 1 N3 N5 32 0.210 0
137 2 N3 N3 113 0.210 1
137 3 N3 N2 96 0.210 0
137 4 N5 N5 90 0.050 0
137 5 N5 N2 136 0.050 1
137 6 N2 N5 79 0.380 0
137 7 N2 N3 63 0.380 0
137 8 N2 N2 220 0.380 1
137 9 N4 N2 53 0.970 0
137 10 N4 N5 14 0.970 0
137 11 N4 N3 74 0.970 1
138 1 N3 N5 34 0.140 0
138 2 N3 N3 112 0.140 1
138 3 N3 N2 96 0.140 0
138 4 N5 N5 89 0.120 0
138 5 N5 N2 134 0.120 1
138 6 N2 N5 80 0.370 0
138 7 N2 N3 61 0.370 0
138 8 N2 N2 218 0.370 1
138 9 N4 N2 53 0.380 0
138 10 N4 N5 14 0.380 0
138 11 N4 N3 74 0.380 1
139 1 N3 N5 35 0.070 0
139 2 N3 N3 105 0.070 1
139 3 N3 N2 97 0.070 0
139 4 N5 N5 90 0.150 0
139 5 N5 N2 134 0.150 1
139 6 N2 N5 80 0.120 0
139 7 N2 N3 59 0.120 0
139 8 N2 N2 218 0.120 1
139 9 N4 N2 51 0.300 0
139 10 N4 N5 14 0.300 0
139 11 N4 N3 74 0.300 1
140 1 N3 N5 35 0.530 0
140 2 N3 N3 103 0.530 1
140 3 N3 N2 97 0.530 0
140 4 N5 N5 91 0.210 0
140 5 N5 N2 134 0.210 1
140 6 N2 N5 80 0.190 0
140 7 N2 N3 58 0.190 0
140 8 N2 N2 217 0.190 1
140 9 N4 N2 51 1.390 0
140 10 N4 N5 14 1.390 0
140 11 N4 N3 74 1.390 1
141 1 N3 N5 35 1.610 0
141 2 N3 N3 103 1.610 1
141 3 N3 N2 97 1.610 0
141 4 N5 N5 91 0.780 0
141 5 N5 N2 134 0.780 1
141 6 N2 N5 78 0.260 0
141 7 N2 N3 55 0.260 0
141 8 N2 N2 218 0.260 1
141 9 N4 N2 49 0.370 0
141 10 N4 N5 16 0.370 0
141 11 N4 N3 74 0.370 1
142 1 N3 N5 35 2.700 0
142 2 N3 N3 103 2.700 1
142 3 N3 N2 97 2.700 0
142 4 N5 N5 90 0.320 0
142 5 N5 N2 134 0.320 1
142 6 N2 N5 75 0.330 0
142 7 N2 N3 55 0.330 0
142 8 N2 N2 219 0.330 1
142 9 N4 N2 49 1.460 0
142 10 N4 N5 16 1.460 0
142 11 N4 N3 74 1.460 1
143 1 N3 N5 34 0.360 0
143 2 N3 N3 103 0.360 1
143 3 N3 N2 98 0.360 0
143 4 N5 N5 89 0.380 0
143 5 N5 N2 135 0.380 1
143 6 N2 N5 70 0.370 0
143 7 N2 N3 55 0.370 0
143 8 N2 N2 219 0.370 1
143 9 N4 N2 0 0.040 0
143 10 N4 N5 18 0.040 0
143 11 N4 N3 75 0.040 1
144 1 N3 N5 32 0.570 0
144 2 N3 N3 103 0.570 1
144 3 N3 N2 98 0.570 0
144 4 N5 N5 88 0.410 0
144 5 N5 N2 136 0.410 1
144 6 N2 N5 67 0.410 0
144 7 N2 N3 57 0.410 0
144 8 N2 N2 220 0.410 1
144 9 N4 N2 0 0.880 0
144 10 N4 N5 21 0.880 0
144 11 N4 N3 75 0.880 1
145 1 N3 N5 33 0.850 0
145 2 N3 N3 103 0.850 1
145 3 N3 N2 99 0.850 0
145 4 N5 N5 87 0.060 0
145 5 N5 N2 136 0.060 1
145 6 N2 N5 70 0.340 0
145 7 N2 N3 56 0.340 0
145 8 N2 N2 221 0.340 1
145 9 N4 N2 0 0.850 0
145 10 N4 N5 22 0.850 0
145 11 N4 N3 75 0.850 1
146 1 N3 N5 32 0.360 0
146 2 N3 N3 102 0.360 1
146 3 N3 N2 98 0.360 0
146 4 N5 N5 87 0.530 0
146 5 N5 N2 136 0.530 1
146 6 N2 N5 72 0.010 0
146 7 N2 N3 60 0.010 0
146 8 N2 N2 222 0.010 1
146 9 N4 N2 0 0.220 0
146 10 N4 N5 25 0.220 0
146 11 N4 N3 79 0.220 1
147 1 N3 N5 32 0.040 0
147 2 N3 N3 103 0.040 1
147 3 N3 N2 98 0.040 0
147 4 N5 N5 87 0.050 0
147 5 N5 N2 135 0.050 1
147 6 N2 N5 78 0.060 0
147 7 N2 N3 65 0.060 0
147 8 N2 N2 221 0.060 1
147 9 N4 N2 0 0.090 0
147 10 N4 N5 25 0.090 0
147 11 N4 N3 81 0.090 1
148 1 N3 N5 33 0.940 0
148 2 N3 N3 104 0.940 1
148 3 N3 N2 96 0.940 0
148 4 N5 N5 85 0.130 0
148 5 N5 N2 135 0.130 1
148 6 N2 N5 78 0.140 0
148 7 N2 N3 65 0.140 0
148 8 N2 N2 219 0.140 1
148 9 N4 N2 0 0.350 0
148 10 N4 N5 26 0.350 0
148 11 N4 N3 81 0.350 1
149 1 N3 N5 32 0.080 0
149 2 N3 N3 107 0.080 1
149 3 N3 N2 95 0.080 0
149 4 N5 N5 86 0.600 0
149 5 N5 N2 135 0.600 1
149 6 N2 N5 78 0.180 0
149 7 N2 N3 65 0.180 0
149 8 N2 N2 217 0.180 1
149 9 N4 N2 0 0.220 0
149 10 N4 N5 25 0.220 0
149 11 N4 N3 82 0.220 1
150 1 N3 N5 31 0.080 0
150 2 N3 N3 111 0.080 1
150 3 N3 N2 92 0.080 0
150 4 N5 N5 84 0.330 0
150 5 N5 N2 134 0.330 1
150 6 N2 N5 76 0.160 0
150 7 N2 N3 70 0.160 0
150 8 N2 N2 216 0.160 1
150 9 N4 N2 0 0.520 0
150 10 N4 N5 25 0.520 0
150 11 N4 N3 81 0.520 1
151 1 N3 N5 31 0.280 0
151 2 N3 N3 111 0.280 1
151 3 N3 N2 91 0.280 0
151 4 N5 N5 84 0.380 0
151 5 N5 N2 133 0.380 1
151 6 N2 N5 76 0.340 0
151 7 N2 N3 69 0.340 0
151 8 N2 N2 214 0.340 1
151 9 N4 N2 0 0.090 0
151 10 N4 N5 25 0.090 0
151 11 N4 N3 83 0.090 1
152 1 N3 N5 30 0.850 0
152 2 N3 N3 112 0.850 1
152 3 N3 N2 90 0.850 0
152 4 N5 N5 85 0.020 0
152 5 N5 N2 131 0.020 1
152 6 N2 N5 75 0.250 0
152 7 N2 N3 70 0.250 0
152 8 N2 N2 212 0.250 1
152 9 N4 N2 0 1.170 0
152 10 N4 N5 25 1.170 0
152 11 N4 N3 83 1.170 1
153 1 N3 N5 31 0.290 0
153 2 N3 N3 113 0.290 1
153 3 N3 N2 92 0.290 0
153 4 N5 N5 84 0.030 0
153 5 N5 N2 130 0.030 1
153 6 N2 N5 69 0.330 0
153 7 N2 N3 71 0.330 0
153 8 N2 N2 212 0.330 1
153 9 N4 N2 0 0.220 0
153 10 N4 N5 26 0.220 0
153 11 N4 N3 86 0.220 1
154 1 N3 N5 31 0.450 0
154 2 N3 N3 115 0.450 1
154 3 N3 N2 96 0.450 0
154 4 N5 N5 82 0.090 0
154 5 N5 N2 130 0.090 1
154 6 N2 N5 69 0.380 0
154 7 N2 N3 73 0.380 0
154 8 N2 N2 212 0.380 1
154 9 N4 N2 0 0.550 0
154 10 N4 N5 27 0.550 0
154 11 N4 N3 88 0.550 1
155 1 N3 N5 30 0.110 0
155 2 N3 N3 119 0.110 1
155 3 N3 N2 96 0.110 0
155 4 N5 N5 82 0.180 0
155 5 N5 N2 129 0.180 1
155 6 N2 N5 70 0.050 0
155 7 N2 N3 73 0.050 0
155 8 N2 N2 212 0.050 1
155 9 N4 N2 0 1.640 0
155 10 N4 N5 27 1.640 0
155 11 N4 N3 88 1.640 1
156 1 N3 N5 33 0.060 0
156 2 N3 N3 123 0.060 1
156 3 N3 N2 101 0.060 0
156 4 N5 N5 83 0.240 0
156 5 N5 N2 131 0.240 1
156 6 N2 N5 72 0.090 0
156 7 N2 N3 81 0.090 0
156 8 N2 N2 213 0.090 1
156 9 N4 N2 0 0.920 0
156 10 N4 N5 27 0.920 0
156 11 N4 N3 91 0.920 1
157 1 N3 N5 35 0.110 0
157 2 N3 N3 123 0.110 1
157 3 N3 N2 105 0.110 0
157 4 N5 N5 83 0.310 0
157 5 N5 N2 133 0.310 1
157 6 N2 N5 72 0.040 0
157 7 N2 N3 87 0.040 0
157 8 N2 N2 214 0.040 1
157 9 N4 N2 0 0.240 0
157 10 N4 N5 28 0.240 0
157 11 N4 N3 98 0.240 1
158 1 N3 N5 35 0.020 0
158 2 N3 N3 129 0.020 1
158 3 N3 N2 109 0.020 0
158 4 N5 N5 84 0.350 0
158 5 N5 N2 134 0.350 1
158 6 N2 N5 72 0.220 0
158 7 N2 N3 87 0.220 0
158 8 N2 N2 216 0.220 1
158 9 N4 N2 0 1.320 0
158 10 N4 N5 28 1.320 0
158 11 N4 N3 98 1.320 1
159 1 N3 N5 38 0.090 0
159 2 N3 N3 134 0.090 1
159 3 N3 N2 116 0.090 0
159 4 N5 N5 84 0.360 0
159 5 N5 N2 136 0.360 1
159 6 N2 N5 72 0.270 0
159 7 N2 N3 91 0.270 0
159 8 N2 N2 218 0.270 1
159 9 N4 N2 0 0.050 0
159 10 N4 N5 30 0.050 0
159 11 N4 N3 101 0.050 1
160 1 N3 N5 40 0.170 0
160 2 N3 N3 140 0.170 1
160 3 N3 N2 117 0.170 0
160 4 N5 N5 85 0.440 0
160 5 N5 N2 138 0.440 1
160 6 N2 N5 74 0.210 0
160 7 N2 N3 108 0.210 0
160 8 N2 N2 220 0.210 1
160 9 N4 N2 0 1.150 0
160 10 N4 N5 30 1.150 0
160 11 N4 N3 101 1.150 1
161 1 N3 N5 40 0.370 0
161 2 N3 N3 148 0.370 1
161 3 N3 N2 118 0.370 0
161 4 N5 N5 89 0.050 0
161 5 N5 N2 138 0.050 1
161 6 N2 N5 81 0.260 0
161 7 N2 N3 114 0.260 0
161 8 N2 N2 221 0.260 1
161 9 N4 N2 0 0.050 0
161 10 N4 N5 33 0.050 0
161 11 N4 N3 105 0.050 1
162 1 N3 N5 41 0.050 0
162 2 N3 N3 159 0.050 1
162 3 N3 N2 119 0.050 0
162 4 N5 N5 91 0.500 0
162 5 N5 N2 139 0.500 1
162 6 N2 N5 82 0.330 0
162 7 N2 N3 122 0.330 0
162 8 N2 N2 222 0.330 1
162 9 N4 N2 0 0.310 0
162 10 N4 N5 33 0.310 0
162 11 N4 N3 108 0.310 1
163 1 N3 N5 45 0.100 0
163 2 N3 N3 168 0.100 1
163 3 N3 N2 120 0.100 0
163 4 N5 N5 94 0.070 0
163 5 N5 N2 141 0.070 1
163 6 N2 N5 84 0.360 0
163 7 N2 N3 122 0.360 0
163 8 N2 N2 222 0.360 1
163 9 N4 N2 0 0.180 0
163 10 N4 N5 35 0.180 0
163 11 N4 N3 117 0.180 1
164 1 N3 N5 45 0.540 0
164 2 N3 N3 173 0.540 1
164 3 N3 N2 120 0.540 0
164 4 N5 N5 97 0.120 0
164 5 N5 N2 142 0.120 1
164 6 N2 N5 88 0.010 0
164 7 N2 N3 125 0.010 0
164 8 N2 N2 222 0.010 1
164 9 N4 N2 0 0.410 0
164 10 N4 N5 35 0.410 0
164 11 N4 N3 122 0.410 1
165 1 N3 N5 47 0.060 0
165 2 N3 N3 179 0.060 1
165 3 N3 N2 123 0.060 0
165 4 N5 N5 99 0.180 0
165 5 N5 N2 143 0.180 1
165 6 N2 N5 89 0.070 0
165 7 N2 N3 127 0.070 0
165 8 N2 N2 222 0.070 1
165 9 N4 N2 0 0.300 0
165 10 N4 N5 36 0.300 0
165 11 N4 N3 127 0.300 1
166 1 N3 N5 48 0.530 0
166 2 N3 N3 181 0.530 1
166 3 N3 N2 124 0.530 0
166 4 N5 N5 100 0.250 0
166 5 N5 N2 145 0.250 1
166 6 N2 N5 88 0.040 0
166 7 N2 N3 134 0.040 0
166 8 N2 N2 222 0.040 1
166 9 N4 N2 0 0.350 0
166 10 N4 N5 37 0.350 0
166 11 N4 N3 132 0.360 1
167 1 N3 N5 49 0.060 0
167 2 N3 N3 187 0.060 1
167 3 N3 N2 127 0.060 0
167 4 N5 N5 100 0.290 0
167 5 N5 N2 147 0.290 1
167 6 N2 N5 88 0.070 0
167 7 N2 N3 139 0.070 0
167 8 N2 N2 222 0.070 1
167 9 N4 N2 0 0.410 0
167 10 N4 N5 39 0.410 0
167 11 N4 N3 137 0.410 1
168 1 N3 N5 50 0.140 0
168 2 N3 N3 194 0.140 1
168 3 N3 N2 129 0.140 0
168 4 N5 N5 101 0.370 0
168 5 N5 N2 150 0.370 1
168 6 N2 N5 86 0.140 0
168 7 N2 N3 139 0.140 0
168 8 N2 N2 222 0.140 1
168 9 N4 N2 0 0.660 0
168 10 N4 N5 40 0.660 0
168 11 N4 N3 142 0.660 1
169 1 N3 N5 50 0.320 0
169 2 N3 N3 194 0.320 1
169 3 N3 N2 130 0.320 0
169 4 N5 N5 100 0.420 0
169 5 N5 N2 153 0.420 1
169 6 N2 N5 85 0.340 0
169 7 N2 N3 138 0.340 0
169 8 N2 N2 223 0.340 1
169 9 N4 N2 0 0.200 0
169 10 N4 N5 40 0.200 0
169 11 N4 N3 150 0.200 1
170 1 N3 N5 50 0.360 0
170 2 N3 N3 199 0.360 1
170 3 N3 N2 136 0.360 0
170 4 N5 N5 100 0.470 0
170 5 N5 N2 154 0.470 1
170 6 N2 N5 85 0.270 0
170 7 N2 N3 140 0.270 0
170 8 N2 N2 223 0.270 1
170 9 N4 N2 0 0.240 0
170 10 N4 N5 40 0.240 0
170 11 N4 N3 157 0.240 1
171 1 N3 N5 50 0.420 0
171 2 N3 N3 203 0.420 1
171 3 N3 N2 138 0.420 0
171 4 N5 N5 99 0.030 0
171 5 N5 N2 158 0.030 1
171 6 N2 N5 87 0.360 0
171 7 N2 N3 141 0.360 0
171 8 N2 N2 223 0.360 1
171 9 N4 N2 0 0.650 0
171 10 N4 N5 41 0.650 0
171 11 N4 N3 157 0.650 1
172 1 N3 N5 57 0.110 0
172 2 N3 N3 207 0.110 1
172 3 N3 N2 144 0.110 0
172 4 N5 N5 99 0.090 0
172 5 N5 N2 161 0.090 1
172 6 N2 N5 87 0.010 0
172 7 N2 N3 145 0.010 0
172 8 N2 N2 224 0.010 1
172 9 N4 N2 0 0.860 0
172 10 N4 N5 41 0.860 0
172 11 N4 N3 159 0.860 1
173 1 N3 N5 62 0.090 0
173 2 N3 N3 210 0.090 1
173 3 N3 N2 151 0.090 0
173 4 N5 N5 102 0.180 0
173 5 N5 N2 164 0.180 1
173 6 N2 N5 87 0.080 0
173 7 N2 N3 147 0.080 0
173 8 N2 N2 225 0.080 1
173 9 N4 N2 0 0.960 0
173 10 N4 N5 41 0.960 0
173 11 N4 N3 161 0.960 1
174 1 N3 N5 65 0.150 0
174 2 N3 N3 214 0.150 1
174 3 N3 N2 157 0.150 0
174 4 N5 N5 103 0.230 0
174 5 N5 N2 166 0.230 1
174 6 N2 N5 88 0.140 0
174 7 N2 N3 147 0.140 0
174 8 N2 N2 226 0.140 1
174 9 N4 N2 0 0.240 0
174 10 N4 N5 42 0.240 0
174 11 N4 N3 163 0.240 1
175 1 N3 N5 70 0.040 0
175 2 N3 N3 218 0.040 1
175 3 N3 N2 160 0.040 0
175 4 N5 N5 108 0.040 0
175 5 N5 N2 168 0.040 1
175 6 N2 N5 93 0.010 0
175 7 N2 N3 151 0.010 0
175 8 N2 N2 227 0.010 1
175 9 N4 N2 0 1.330 0
175 10 N4 N5 42 1.330 0
175 11 N4 N3 163 1.330 1
176 1 N3 N5 70 0.260 0
176 2 N3 N3 222 0.260 1
176 3 N3 N2 164 0.260 0
176 4 N5 N5 106 0.320 0
176 5 N5 N2 171 0.320 1
176 6 N2 N5 94 0.150 0
176 7 N2 N3 151 0.150 0
176 8 N2 N2 228 0.150 1
176 9 N4 N2 0 0.110 0
176 10 N4 N5 44 0.110 0
176 11 N4 N3 163 0.110 1
177 1 N3 N5 70 0.440 0
177 2 N3 N3 224 0.440 1
177 3 N3 N2 165 0.440 0
177 4 N5 N5 105 0.360 0
177 5 N5 N2 172 0.360 1
177 6 N2 N5 94 0.190 0
177 7 N2 N3 155 0.190 0
177 8 N2 N2 229 0.190 1
177 9 N4 N2 0 0.160 0
177 10 N4 N5 45 0.160 0
177 11 N4 N3 163 0.160 1
178 1 N3 N5 70 0.480 0
178 2 N3 N3 226 0.480 1
178 3 N3 N2 165 0.480 0
178 4 N5 N5 105 0.430 0
178 5 N5 N2 173 0.430 1
178 6 N2 N5 94 0.770 0
178 7 N2 N3 156 0.770 0
178 8 N2 N2 230 0.770 1
178 9 N4 N2 0 0.730 0
178 10 N4 N5 45 0.730 0
178 11 N4 N3 163 0.730 1
179 1 N3 N5 72 0.050 0
179 2 N3 N3 226 0.050 1
179 3 N3 N2 165 0.050 0
179 4 N5 N5 106 0.010 0
179 5 N5 N2 174 0.010 1
179 6 N2 N5 94 0.430 0
179 7 N2 N3 158 0.430 0
179 8 N2 N2 231 0.430 1
179 9 N4 N2 0 0.790 0
179 10 N4 N5 45 0.790 0
179 11 N4 N3 163 0.790 1
180 1 N3 N5 67 0.010 0
180 2 N3 N3 226 0.010 1
180 3 N3 N2 168 0.010 0
180 4 N5 N5 106 0.580 0
180 5 N5 N2 174 0.580 1
180 6 N2 N5 94 0.380 0
180 7 N2 N3 159 0.380 0
180 8 N2 N2 232 0.380 1
180 9 N4 N2 0 0.810 0
180 10 N4 N5 45 0.810 0
180 11 N4 N3 162 0.810 1
181 1 N3 N5 65 0.060 0
181 2 N3 N3 225 0.060 1
181 3 N3 N2 168 0.060 0
181 4 N5 N5 104 0.120 0
181 5 N5 N2 176 0.120 1
181 6 N2 N5 92 0.050 0
181 7 N2 N3 160 0.050 0
181 8 N2 N2 234 0.050 1
181 9 N4 N2 0 0.380 0
181 10 N4 N5 44 0.380 0
181 11 N4 N3 161 0.380 1
182 1 N3 N5 65 0.080 0
182 2 N3 N3 225 0.080 1
182 3 N3 N2 168 0.080 0
182 4 N5 N5 101 0.160 0
182 5 N5 N2 178 0.160 1
182 6 N2 N5 92 0.120 0
182 7 N2 N3 159 0.120 0
182 8 N2 N2 235 0.120 1
182 9 N4 N2 0 0.450 0
182 10 N4 N5 43 0.450 0
182 11 N4 N3 160 0.450 1
183 1 N3 N5 65 0.140 0
183 2 N3 N3 224 0.140 1
183 3 N3 N2 166 0.140 0
183 4 N5 N5 99 0.250 0
183 5 N5 N2 177 0.250 1
183 6 N2 N5 92 0.070 0
183 7 N2 N3 159 0.070 0
183 8 N2 N2 234 0.070 1
183 9 N4 N2 0 0.860 0
183 10 N4 N5 41 0.860 0
183 11 N4 N3 160 0.860 1
184 1 N3 N5 65 0.270 0
184 2 N3 N3 223 0.270 1
184 3 N3 N2 164 0.270 0
184 4 N5 N5 98 0.360 0
184 5 N5 N2 177 0.360 1
184 6 N2 N5 88 0.210 0
184 7 N2 N3 155 0.210 0
184 8 N2 N2 235 0.210 1
184 9 N4 N2 0 0.150 0
184 10 N4 N5 41 0.150 0
184 11 N4 N3 157 0.150 1
185 1 N3 N5 63 0.310 0
185 2 N3 N3 219 0.310 1
185 3 N3 N2 159 0.310 0
185 4 N5 N5 96 0.450 0
185 5 N5 N2 175 0.450 1
185 6 N2 N5 88 0.400 0
185 7 N2 N3 155 0.400 0
185 8 N2 N2 234 0.400 1
185 9 N4 N2 0 1.250 0
185 10 N4 N5 41 1.250 0
185 11 N4 N3 157 1.250 1
186 1 N3 N5 62 0.480 0
186 2 N3 N3 212 0.480 1
186 3 N3 N2 155 0.480 0
186 4 N5 N5 96 0.020 0
186 5 N5 N2 174 0.020 1
186 6 N2 N5 88 0.320 0
186 7 N2 N3 147 0.320 0
186 8 N2 N2 234 0.320 1
186 9 N4 N2 0 0.540 0
186 10 N4 N5 39 0.540 0
186 11 N4 N3 154 0.540 1
187 1 N3 N5 59 0.390 0
187 2 N3 N3 208 0.390 1
187 3 N3 N2 154 0.390 0
187 4 N5 N5 94 0.040 0
187 5 N5 N2 173 0.040 1
187 6 N2 N5 79 0.010 0
187 7 N2 N3 140 0.010 0
187 8 N2 N2 232 0.010 1
187 9 N4 N2 0 0.810 0
187 10 N4 N5 38 0.810 0
187 11 N4 N3 151 0.810 1
188 1 N3 N5 57 0.110 0
188 2 N3 N3 202 0.110 1
188 3 N3 N2 152 0.110 0
188 4 N5 N5 88 0.120 0
188 5 N5 N2 172 0.120 1
188 6 N2 N5 79 0.090 0
188 7 N2 N3 140 0.090 0
188 8 N2 N2 231 0.090 1
188 9 N4 N2 0 1.930 0
188 10 N4 N5 38 1.930 0
188 11 N4 N3 151 1.930 1
189 1 N3 N5 57 0.050 0
189 2 N3 N3 198 0.050 1
189 3 N3 N2 150 0.050 0
189 4 N5 N5 90 0.190 0
189 5 N5 N2 171 0.190 1
189 6 N2 N5 79 0.150 0
189 7 N2 N3 136 0.150 0
189 8 N2 N2 230 0.150 1
189 9 N4 N2 0 3.020 0
189 10 N4 N5 38 3.020 0
189 11 N4 N3 151 3.020 1
190 1 N3 N5 57 0.090 0
190 2 N3 N3 196 0.090 1
190 3 N3 N2 148 0.090 0
190 4 N5 N5 97 0.260 0
190 5 N5 N2 171 0.260 1
190 6 N2 N5 79 0.110 0
190 7 N2 N3 121 0.110 0
190 8 N2 N2 230 0.110 1
190 9 N4 N2 0 0.030 0
190 10 N4 N5 38 0.030 0
190 11 N4 N3 148 0.030 1
191 1 N3 N5 57 0.790 0
191 2 N3 N3 190 0.790 1
191 3 N3 N2 148 0.790 0
191 4 N5 N5 97 0.320 0
191 5 N5 N2 170 0.320 1
191 6 N2 N5 75 0.140 0
191 7 N2 N3 115 0.140 0
191 8 N2 N2 229 0.140 1
191 9 N4 N2 0 1.110 0
191 10 N4 N5 38 1.110 0
191 11 N4 N3 148 1.110 1
192 1 N3 N5 46 0.020 0
192 2 N3 N3 182 0.020 1
192 3 N3 N2 146 0.020 0
192 4 N5 N5 82 0.390 0
192 5 N5 N2 169 0.390 1
192 6 N2 N5 75 0.360 0
192 7 N2 N3 107 0.360 0
192 8 N2 N2 228 0.360 1
192 9 N4 N2 0 2.200 0
192 10 N4 N5 38 2.200 0
192 11 N4 N3 148 2.200 1
193 1 N3 N5 46 0.270 0
193 2 N3 N3 178 0.270 1
193 3 N3 N2 145 0.270 0
193 4 N5 N5 67 0.960 0
193 5 N5 N2 168 0.960 1
193 6 N2 N5 75 0.400 0
193 7 N2 N3 103 0.400 0
193 8 N2 N2 227 0.400 1
193 9 N4 N2 0 3.290 0
193 10 N4 N5 38 3.290 0
193 11 N4 N3 148 3.290 1
194 1 N3 N5 46 0.450 0
194 2 N3 N3 172 0.450 1
194 3 N3 N2 144 0.450 0
194 4 N5 N5 67 0.490 0
194 5 N5 N2 167 0.490 1
194 6 N2 N5 0 0.450 0
194 7 N2 N3 103 0.450 0
194 8 N2 N2 225 0.450 1
194 9 N4 N2 0 4.370 0
194 10 N4 N5 38 4.370 0
194 11 N4 N3 148 4.370 1
195 1 N3 N5 36 0.390 0
195 2 N3 N3 163 0.390 1
195 3 N3 N2 140 0.390 0
195 4 N5 N5 67 0.570 0
195 5 N5 N2 166 0.570 1
195 6 N2 N5 0 0.520 0
195 7 N2 N3 96 0.520 0
195 8 N2 N2 224 0.520 1
195 9 N4 N2 0 5.460 0
195 10 N4 N5 38 5.460 0
195 11 N4 N3 148 5.460 1
196 1 N3 N5 36 1.480 0
196 2 N3 N3 163 1.480 1
196 3 N3 N2 140 1.480 0
196 4 N5 N5 67 0.660 0
196 5 N5 N2 164 0.660 1
196 6 N2 N5 0 1.080 0
196 7 N2 N3 96 1.080 0
196 8 N2 N2 223 1.080 1
196 9 N4 N2 0 6.550 0
196 10 N4 N5 38 6.550 0
196 11 N4 N3 148 6.550 1
197 1 N3 N5 36 0.050 0
197 2 N3 N3 146 0.050 1
197 3 N3 N2 133 0.050 0
197 4 N5 N5 67 0.260 0
197 5 N5 N2 161 0.260 1
197 6 N2 N5 0 0.180 0
197 7 N2 N3 87 0.180 0
197 8 N2 N2 220 0.180 1
197 9 N4 N2 0 7.640 0
197 10 N4 N5 38 7.640 0
197 11 N4 N3 148 7.640 1
198 1 N3 N5 36 1.130 0
198 2 N3 N3 146 1.130 1
198 3 N3 N2 133 1.130 0
198 4 N5 N5 67 0.820 0
198 5 N5 N2 159 0.820 1
198 6 N2 N5 0 0.230 0
198 7 N2 N3 83 0.230 0
198 8 N2 N2 217 0.230 1
198 9 N4 N2 0 8.720 0
198 10 N4 N5 38 8.720 0
198 11 N4 N3 148 8.720 1
199 1 N3 N5 36 2.220 0
199 2 N3 N3 146 2.220 1
199 3 N3 N2 133 2.220 0
199 4 N5 N5 67 0.360 0
199 5 N5 N2 156 0.360 1
199 6 N2 N5 0 0.200 0
199 7 N2 N3 71 0.200 0
199 8 N2 N2 213 0.200 1
199 9 N4 N2 0 0.520 0
199 10 N4 N5 36 0.520 0
199 11 N4 N3 142 0.520 1
200 1 N3 N5 36 0.780 0
200 2 N3 N3 138 0.780 1
200 3 N3 N2 126 0.780 0
200 4 N5 N5 67 0.390 0
200 5 N5 N2 151 0.390 1
200 6 N2 N5 0 0.270 0
200 7 N2 N3 68 0.270 0
200 8 N2 N2 209 0.270 1
200 9 N4 N2 0 0.090 0
200 10 N4 N5 36 0.090 0
200 11 N4 N3 132 0.090 1
201 1 N3 N5 36 1.870 0
201 2 N3 N3 138 1.870 1
201 3 N3 N2 126 1.870 0
201 4 N5 N5 67 0.490 0
201 5 N5 N2 148 0.490 1
201 6 N2 N5 0 0.480 0
201 7 N2 N3 64 0.480 0
201 8 N2 N2 206 0.480 1
201 9 N4 N2 0 0.430 0
201 10 N4 N5 26 0.430 0
201 11 N4 N3 126 0.430 1
202 1 N3 N5 36 0.400 0
202 2 N3 N3 128 0.400 1
202 3 N3 N2 119 0.400 0
202 4 N5 N5 0 0.550 0
202 5 N5 N2 146 0.550 1
202 6 N2 N5 0 0.010 0
202 7 N2 N3 61 0.010 0
202 8 N2 N2 205 0.010 1
202 9 N4 N2 0 0.240 0
202 10 N4 N5 23 0.240 0
202 11 N4 N3 120 0.240 1
203 1 N3 N5 36 0.080 0
203 2 N3 N3 112 0.080 1
203 3 N3 N2 115 0.080 0
203 4 N5 N5 0 0.620 0
203 5 N5 N2 145 0.620 1
203 6 N2 N5 0 0.050 0
203 7 N2 N3 57 0.050 0
203 8 N2 N2 203 0.050 1
203 9 N4 N2 0 1.320 0
203 10 N4 N5 23 1.320 0
203 11 N4 N3 120 1.320 1
204 1 N3 N5 36 0.100 0
204 2 N3 N3 108 0.100 1
204 3 N3 N2 115 0.100 0
204 4 N5 N5 0 1.700 0
204 5 N5 N2 145 1.700 1
204 6 N2 N5 14 0.090 0
204 7 N2 N3 57 0.090 0
204 8 N2 N2 202 0.090 1
204 9 N4 N2 0 0.880 0
204 10 N4 N5 23 0.880 0
204 11 N4 N3 113 0.880 1
205 1 N3 N5 36 0.060 0
205 2 N3 N3 108 0.060 1
205 3 N3 N2 115 0.060 0
205 4 N5 N5 0 0.720 0
205 5 N5 N2 144 0.720 1
205 6 N2 N5 14 0.040 0
205 7 N2 N3 49 0.040 0
205 8 N2 N2 200 0.040 1
205 9 N4 N2 0 1.970 0
205 10 N4 N5 23 1.970 0
205 11 N4 N3 113 1.970 1
206 1 N3 N5 36 0.130 0
206 2 N3 N3 108 0.130 1
206 3 N3 N2 116 0.130 0
206 4 N5 N5 0 0.750 0
206 5 N5 N2 143 0.750 1
206 6 N2 N5 14 0.200 0
206 7 N2 N3 44 0.200 0
206 8 N2 N2 199 0.200 1
206 9 N4 N2 0 0.440 0
206 10 N4 N5 23 0.440 0
206 11 N4 N3 105 0.440 1
207 1 N3 N5 36 1.220 0
207 2 N3 N3 108 1.220 1
207 3 N3 N2 116 1.220 0
207 4 N5 N5 0 1.840 0
207 5 N5 N2 143 1.840 1
207 6 N2 N5 14 0.780 0
207 7 N2 N3 44 0.780 0
207 8 N2 N2 199 0.780 1
207 9 N4 N2 0 1.530 0
207 10 N4 N5 23 1.530 0
207 11 N4 N3 105 1.530 1
208 1 N3 N5 36 2.320 0
208 2 N3 N3 108 2.320 1
208 3 N3 N2 116 2.320 0
208 4 N5 N5 0 0.400 0
208 5 N5 N2 140 0.400 1
208 6 N2 N5 14 0.260 0
208 7 N2 N3 34 0.260 0
208 8 N2 N2 200 0.260 1
208 9 N4 N2 0 2.630 0
208 10 N4 N5 23 2.630 0
208 11 N4 N3 105 2.630 1
209 1 N3 N5 36 0.830 0
209 2 N3 N3 103 0.830 0
209 3 N3 N2 115 0.830 1
209 4 N5 N5 0 0.450 0
209 5 N5 N2 138 0.450 1
209 6 N2 N5 14 0.400 0
209 7 N2 N3 28 0.400 0
209 8 N2 N2 199 0.400 1
209 9 N4 N2 96 0.090 0
209 10 N4 N5 19 0.090 0
209 11 N4 N3 90 0.090 1
210 1 N3 N5 36 1.920 0
210 2 N3 N3 103 1.920 0
210 3 N3 N2 115 1.920 1
210 4 N5 N5 0 0.500 0
210 5 N5 N2 136 0.500 1
210 6 N2 N5 14 0.380 0
210 7 N2 N3 20 0.380 0
210 8 N2 N2 197 0.380 1
210 9 N4 N2 96 0.660 0
210 10 N4 N5 19 0.660 0
210 11 N4 N3 83 0.660 1
211 1 N3 N5 0 0.100 0
211 2 N3 N3 98 0.100 0
211 3 N3 N2 117 0.100 1
211 4 N5 N5 0 1.580 0
211 5 N5 N2 136 1.580 1
211 6 N2 N5 14 0.040 0
211 7 N2 N3 19 0.040 0
211 8 N2 N2 193 0.040 1
211 9 N4 N2 95 1.070 1
211 10 N4 N5 19 1.070 0
211 11 N4 N3 79 1.070 0
212 1 N3 N5 0 0.520 0
212 2 N3 N3 94 0.520 0
212 3 N3 N2 118 0.520 1
212 4 N5 N5 22 0.100 0
212 5 N5 N2 134 0.100 1
212 6 N2 N5 15 0.070 0
212 7 N2 N3 18 0.070 0
212 8 N2 N2 191 0.070 1
212 9 N4 N2 95 2.160 1
212 10 N4 N5 19 2.160 0
212 11 N4 N3 79 2.160 0
213 1 N3 N5 0 0.090 0
213 2 N3 N3 79 0.090 0
213 3 N3 N2 118 0.090 1
213 4 N5 N5 16 0.120 0
213 5 N5 N2 132 0.120 1
213 6 N2 N5 15 0.110 0
213 7 N2 N3 18 0.110 0
213 8 N2 N2 190 0.110 1
213 9 N4 N2 95 3.250 1
213 10 N4 N5 19 3.250 0
213 11 N4 N3 79 3.250 0
214 1 N3 N5 0 0.250 0
214 2 N3 N3 76 0.250 0
214 3 N3 N2 120 0.250 1
214 4 N5 N5 16 0.270 0
214 5 N5 N2 131 0.270 1
214 6 N2 N5 11 0.230 0
214 7 N2 N3 18 0.230 0
214 8 N2 N2 189 0.230 1
214 9 N4 N2 95 4.350 1
214 10 N4 N5 19 4.350 0
214 11 N4 N3 79 4.350 0
215 1 N3 N5 0 0.220 0
215 2 N3 N3 70 0.220 0
215 3 N3 N2 126 0.220 1
215 4 N5 N5 16 0.330 0
215 5 N5 N2 129 0.330 1
215 6 N2 N5 11 0.290 0
215 7 N2 N3 18 0.290 0
215 8 N2 N2 190 0.290 1
215 9 N4 N2 93 0.350 1
215 10 N4 N5 11 0.350 0
215 11 N4 N3 68 0.350 0
216 1 N3 N5 0 0.820 0
216 2 N3 N3 73 0.820 0
216 3 N3 N2 129 0.820 1
216 4 N5 N5 16 0.410 0
216 5 N5 N2 130 0.410 1
216 6 N2 N5 11 0.250 0
216 7 N2 N3 23 0.250 0
216 8 N2 N2 191 0.250 1
216 9 N4 N2 93 1.460 1
216 10 N4 N5 11 1.460 0
216 11 N4 N3 68 1.460 0
217 1 N3 N5 0 0.860 0
217 2 N3 N3 75 0.860 0
217 3 N3 N2 128 0.860 1
217 4 N5 N5 22 0.440 0
217 5 N5 N2 129 0.440 1
217 6 N2 N5 11 0.440 0
217 7 N2 N3 25 0.440 0
217 8 N2 N2 192 0.440 1
217 9 N4 N2 93 2.540 1
217 10 N4 N5 11 2.540 0
217 11 N4 N3 68 2.540 0
218 1 N3 N5 0 0.770 0
218 2 N3 N3 78 0.770 0
218 3 N3 N2 129 0.770 1
218 4 N5 N5 22 0.020 0
218 5 N5 N2 131 0.020 1
218 6 N2 N5 11 0.030 0
218 7 N2 N3 28 0.030 0
218 8 N2 N2 194 0.030 1
218 9 N4 N2 92 0.790 1
218 10 N4 N5 11 0.790 0
218 11 N4 N3 64 0.790 0
219 1 N3 N5 0 0.790 0
219 2 N3 N3 80 0.790 0
219 3 N3 N2 129 0.790 1
219 4 N5 N5 22 0.040 0
219 5 N5 N2 132 0.040 1
219 6 N2 N5 7 0.100 0
219 7 N2 N3 39 0.100 0
219 8 N2 N2 196 0.100 1
219 9 N4 N2 91 0.790 1
219 10 N4 N5 11 0.790 0
219 11 N4 N3 61 0.790 0
220 1 N3 N5 0 0.990 0
220 2 N3 N3 83 0.990 0
220 3 N3 N2 129 0.990 1
220 4 N5 N5 22 0.120 0
220 5 N5 N2 133 0.120 1
220 6 N2 N5 7 0.170 0
220 7 N2 N3 39 0.170 0
220 8 N2 N2 197 0.170 1
220 9 N4 N2 92 0.880 1
220 10 N4 N5 11 0.880 0
220 11 N4 N3 57 0.880 0
221 1 N3 N5 0 0.560 0
221 2 N3 N3 85 0.560 0
221 3 N3 N2 129 0.560 1
221 4 N5 N5 32 0.330 0
221 5 N5 N2 134 0.330 1
221 6 N2 N5 7 0.240 0
221 7 N2 N3 37 0.240 0
221 8 N2 N2 199 0.240 1
221 9 N4 N2 91 0.360 1
221 10 N4 N5 12 0.360 0
221 11 N4 N3 57 0.360 0
222 1 N3 N5 0 0.170 0
222 2 N3 N3 90 0.170 0
222 3 N3 N2 128 0.170 1
222 4 N5 N5 32 0.260 0
222 5 N5 N2 134 0.260 1
222 6 N2 N5 0 0.310 0
222 7 N2 N3 37 0.310 0
222 8 N2 N2 201 0.310 1
222 9 N4 N2 91 0.450 1
222 10 N4 N5 0 0.450 0
222 11 N4 N3 57 0.450 0
223 1 N3 N5 0 0.260 0
223 2 N3 N3 95 0.260 0
223 3 N3 N2 129 0.260 1
223 4 N5 N5 32 0.350 0
223 5 N5 N2 135 0.350 1
223 6 N2 N5 0 0.370 0
223 7 N2 N3 39 0.370 0
223 8 N2 N2 202 0.370 1
223 9 N4 N2 91 1.530 1
223 10 N4 N5 0 1.530 0
223 11 N4 N3 57 1.530 0
224 1 N3 N5 0 0.310 0
224 2 N3 N3 102 0.310 0
224 3 N3 N2 132 0.310 1
224 4 N5 N5 32 0.400 0
224 5 N5 N2 134 0.400 1
224 6 N2 N5 0 0.430 0
224 7 N2 N3 39 0.430 0
224 8 N2 N2 204 0.430 1
224 9 N4 N2 91 2.620 1
224 10 N4 N5 0 2.620 0
224 11 N4 N3 57 2.620 0
225 1 N3 N5 0 0.380 0
225 2 N3 N3 107 0.380 0
225 3 N3 N2 135 0.380 1
225 4 N5 N5 32 0.420 0
225 5 N5 N2 134 0.420 1
225 6 N2 N5 20 0.380 0
225 7 N2 N3 47 0.380 0
225 8 N2 N2 206 0.380 1
225 9 N4 N2 91 3.700 1
225 10 N4 N5 0 3.700 0
225 11 N4 N3 57 3.700 0
226 1 N3 N5 0 0.310 0
226 2 N3 N3 108 0.310 0
226 3 N3 N2 136 0.310 1
226 4 N5 N5 32 1.510 0
226 5 N5 N2 134 1.510 1
226 6 N2 N5 20 0.050 0
226 7 N2 N3 47 0.050 0
226 8 N2 N2 210 0.050 1
226 9 N4 N2 92 0.310 1
226 10 N4 N5 0 0.310 0
226 11 N4 N3 61 0.310 0
227 1 N3 N5 0 0.070 0
227 2 N3 N3 112 0.070 0
227 3 N3 N2 136 0.070 1
227 4 N5 N5 32 0.020 0
227 5 N5 N2 134 0.020 1
227 6 N2 N5 20 0.640 0
227 7 N2 N3 51 0.640 0
227 8 N2 N2 211 0.640 1
227 9 N4 N2 92 1.400 1
227 10 N4 N5 0 1.400 0
227 11 N4 N3 61 1.400 0
228 1 N3 N5 0 1.150 0
228 2 N3 N3 112 1.150 0
228 3 N3 N2 136 1.150 1
228 4 N5 N5 32 0.090 0
228 5 N5 N2 135 0.090 1
228 6 N2 N5 20 0.170 0
228 7 N2 N3 51 0.170 0
228 8 N2 N2 213 0.170 1
228 9 N4 N2 93 0.640 1
228 10 N4 N5 0 0.640 0
228 11 N4 N3 65 0.640 0
229 1 N3 N5 0 0.070 0
229 2 N3 N3 112 0.070 0
229 3 N3 N2 134 0.070 1
229 4 N5 N5 32 0.140 0
229 5 N5 N2 135 0.140 1
229 6 N2 N5 20 0.740 0
229 7 N2 N3 51 0.740 0
229 8 N2 N2 215 0.740 1
229 9 N4 N2 93 0.730 1
229 10 N4 N5 0 0.730 0
229 11 N4 N3 69 0.730 0
230 1 N3 N5 0 0.250 0
230 2 N3 N3 121 0.250 0
230 3 N3 N2 132 0.250 1
230 4 N5 N5 32 0.720 0
230 5 N5 N2 135 0.720 1
230 6 N2 N5 19 0.250 0
230 7 N2 N3 56 0.250 0
230 8 N2 N2 217 0.250 1
230 9 N4 N2 92 0.640 1
230 10 N4 N5 0 0.640 0
230 11 N4 N3 72 0.640 0
231 1 N3 N5 0 0.310 0
231 2 N3 N3 124 0.310 0
231 3 N3 N2 132 0.310 1
231 4 N5 N5 31 0.320 0
231 5 N5 N2 135 0.320 1
231 6 N2 N5 19 0.280 0
231 7 N2 N3 64 0.280 0
231 8 N2 N2 218 0.280 1
231 9 N4 N2 89 0.280 1
231 10 N4 N5 0 0.280 0
231 11 N4 N3 83 0.280 0
232 1 N3 N5 0 0.800 0
232 2 N3 N3 127 0.800 0
232 3 N3 N2 128 0.800 1
232 4 N5 N5 31 0.410 0
232 5 N5 N2 134 0.410 1
232 6 N2 N5 18 0.310 0
232 7 N2 N3 68 0.310 0
232 8 N2 N2 220 0.310 1
232 9 N4 N2 86 0.800 1
232 10 N4 N5 0 0.800 0
232 11 N4 N3 84 0.800 0
233 1 N3 N5 0 0.370 0
233 2 N3 N3 134 0.370 0
233 3 N3 N2 120 0.370 1
233 4 N5 N5 31 0.490 0
233 5 N5 N2 134 0.490 1
233 6 N2 N5 18 0.500 0
233 7 N2 N3 80 0.500 0
233 8 N2 N2 221 0.500 1
233 9 N4 N2 86 1.890 1
233 10 N4 N5 0 1.890 0
233 11 N4 N3 84 1.890 0
234 1 N3 N5 0 0.030 0
234 2 N3 N3 140 0.030 1
234 3 N3 N2 117 0.030 0
234 4 N5 N5 31 0.000 0
234 5 N5 N2 134 0.000 1
234 6 N2 N5 18 0.070 0
234 7 N2 N3 82 0.070 0
234 8 N2 N2 223 0.070 1
234 9 N4 N2 86 0.610 1
234 10 N4 N5 0 0.610 0
234 11 N4 N3 87 0.610 0
235 1 N3 N5 0 0.080 0
235 2 N3 N3 144 0.080 1
235 3 N3 N2 106 0.080 0
235 4 N5 N5 31 0.180 0
235 5 N5 N2 134 0.180 1
235 6 N2 N5 18 0.510 0
235 7 N2 N3 83 0.510 0
235 8 N2 N2 224 0.510 1
235 9 N4 N2 83 0.630 1
235 10 N4 N5 0 0.630 0
235 11 N4 N3 89 0.630 0
236 1 N3 N5 0 0.030 0
236 2 N3 N3 145 0.030 1
236 3 N3 N2 105 0.030 0
236 4 N5 N5 30 0.150 0
236 5 N5 N2 135 0.150 1
236 6 N2 N5 18 0.200 0
236 7 N2 N3 83 0.200 0
236 8 N2 N2 226 0.200 1
236 9 N4 N2 80 0.620 1
236 10 N4 N5 0 0.620 0
236 11 N4 N3 91 0.620 0
237 1 N3 N5 0 0.150 0
237 2 N3 N3 145 0.150 1
237 3 N3 N2 105 0.150 0
237 4 N5 N5 30 0.200 0
237 5 N5 N2 135 0.200 1
237 6 N2 N5 18 0.260 0
237 7 N2 N3 84 0.260 0
237 8 N2 N2 228 0.260 1
237 9 N4 N2 78 0.260 0
237 10 N4 N5 0 0.260 0
237 11 N4 N3 91 0.260 1
238 1 N3 N5 0 0.180 0
238 2 N3 N3 144 0.180 1
238 3 N3 N2 107 0.180 0
238 4 N5 N5 30 0.270 0
238 5 N5 N2 135 0.270 1
238 6 N2 N5 18 0.340 0
238 7 N2 N3 84 0.340 0
238 8 N2 N2 229 0.340 1
238 9 N4 N2 74 0.170 0
238 10 N4 N5 5 0.170 0
238 11 N4 N3 93 0.170 1
239 1 N3 N5 0 0.250 0
239 2 N3 N3 144 0.250 1
239 3 N3 N2 110 0.250 0
239 4 N5 N5 30 0.310 0
239 5 N5 N2 135 0.310 1
239 6 N2 N5 17 0.290 0
239 7 N2 N3 81 0.290 0
239 8 N2 N2 230 0.290 1
239 9 N4 N2 74 1.250 0
239 10 N4 N5 5 1.250 0
239 11 N4 N3 93 1.250 1
240 1 N3 N5 0 0.320 0
240 2 N3 N3 142 0.320 1
240 3 N3 N2 113 0.320 0
240 4 N5 N5 30 0.380 0
240 5 N5 N2 138 0.380 1
240 6 N2 N5 17 0.460 0
240 7 N2 N3 81 0.460 0
240 8 N2 N2 233 0.460 1
240 9 N4 N2 74 0.440 0
240 10 N4 N5 5 0.440 0
240 11 N4 N3 94 0.440 1
241 1 N3 N5 0 0.380 0
241 2 N3 N3 141 0.380 1
241 3 N3 N2 114 0.380 0
241 4 N5 N5 30 0.460 0
241 5 N5 N2 140 0.460 1
241 6 N2 N5 17 0.390 0
241 7 N2 N3 77 0.390 0
241 8 N2 N2 234 0.390 1
241 9 N4 N2 74 1.530 0
241 10 N4 N5 5 1.530 0
241 11 N4 N3 94 1.530 1
242 1 N3 N5 0 0.080 0
242 2 N3 N3 136 0.080 1
242 3 N3 N2 112 0.080 0
242 4 N5 N5 30 0.050 0
242 5 N5 N2 140 0.050 1
242 6 N2 N5 18 0.470 0
242 7 N2 N3 71 0.470 0
242 8 N2 N2 235 0.470 1
242 9 N4 N2 71 0.040 0
242 10 N4 N5 5 0.040 0
242 11 N4 N3 90 0.040 1
243 1 N3 N5 0 1.200 0
243 2 N3 N3 136 1.200 1
243 3 N3 N2 112 1.200 0
243 4 N5 N5 26 0.150 0
243 5 N5 N2 138 0.150 1
243 6 N2 N5 18 0.160 0
243 7 N2 N3 71 0.160 0
243 8 N2 N2 236 0.160 1
243 9 N4 N2 71 1.160 0
243 10 N4 N5 5 1.160 0
243 11 N4 N3 90 1.160 1
244 1 N3 N5 0 0.650 0
244 2 N3 N3 133 0.650 1
244 3 N3 N2 112 0.650 0
244 4 N5 N5 25 0.220 0
244 5 N5 N2 138 0.220 1
244 6 N2 N5 18 0.250 0
244 7 N2 N3 66 0.250 0
244 8 N2 N2 237 0.250 1
244 9 N4 N2 71 2.250 0
244 10 N4 N5 5 2.250 0
244 11 N4 N3 90 2.250 1
245 1 N3 N5 0 0.210 0
245 2 N3 N3 124 0.210 1
245 3 N3 N2 111 0.210 0
245 4 N5 N5 23 0.280 0
245 5 N5 N2 137 0.280 1
245 6 N2 N5 18 0.330 0
245 7 N2 N3 63 0.330 0
245 8 N2 N2 236 0.330 1
245 9 N4 N2 71 0.770 0
245 10 N4 N5 5 0.770 0
245 11 N4 N3 86 0.770 1
246 1 N3 N5 0 0.280 0
246 2 N3 N3 119 0.280 1
246 3 N3 N2 108 0.280 0
246 4 N5 N5 19 0.340 0
246 5 N5 N2 135 0.340 1
246 6 N2 N5 18 0.430 0
246 7 N2 N3 55 0.430 0
246 8 N2 N2 236 0.430 1
246 9 N4 N2 71 1.860 0
246 10 N4 N5 5 1.860 0
246 11 N4 N3 86 1.860 1
247 1 N3 N5 0 0.340 0
247 2 N3 N3 111 0.340 1
247 3 N3 N2 106 0.340 0
247 4 N5 N5 19 0.360 0
247 5 N5 N2 133 0.360 1
247 6 N2 N5 20 0.380 0
247 7 N2 N3 53 0.380 0
247 8 N2 N2 235 0.380 1
247 9 N4 N2 71 2.940 0
247 10 N4 N5 5 2.940 0
247 11 N4 N3 86 2.940 1
248 1 N3 N5 0 1.450 0
248 2 N3 N3 111 1.450 1
248 3 N3 N2 106 1.450 0
248 4 N5 N5 17 0.450 0
248 5 N5 N2 130 0.450 1
248 6 N2 N5 20 0.080 0
248 7 N2 N3 45 0.080 0
248 8 N2 N2 233 0.080 1
248 9 N4 N2 70 0.460 0
248 10 N4 N5 5 0.460 0
248 11 N4 N3 78 0.460 1
249 1 N3 N5 7 0.290 0
249 2 N3 N3 108 0.290 1
249 3 N3 N2 107 0.290 0
249 4 N5 N5 17 0.030 0
249 5 N5 N2 129 0.030 1
249 6 N2 N5 20 0.150 0
249 7 N2 N3 42 0.150 0
249 8 N2 N2 232 0.150 1
249 9 N4 N2 69 1.020 0
249 10 N4 N5 5 1.020 0
249 11 N4 N3 76 1.020 1
250 1 N3 N5 7 0.090 0
250 2 N3 N3 102 0.090 1
250 3 N3 N2 107 0.090 0
250 4 N5 N5 12 0.070 0
250 5 N5 N2 128 0.070 1
250 6 N2 N5 20 0.200 0
250 7 N2 N3 42 0.200 0
250 8 N2 N2 232 0.200 1
250 9 N4 N2 69 2.100 0
250 10 N4 N5 5 2.100 0
250 11 N4 N3 76 2.100 1
251 1 N3 N5 7 0.050 0
251 2 N3 N3 99 0.050 1
251 3 N3 N2 105 0.050 0
251 4 N5 N5 14 0.610 0
251 5 N5 N2 127 0.610 1
251 6 N2 N5 0 0.260 0
251 7 N2 N3 42 0.260 0
251 8 N2 N2 230 0.260 1
251 9 N4 N2 69 3.190 0
251 10 N4 N5 5 3.190 0
251 11 N4 N3 76 3.190 1
252 1 N3 N5 7 1.130 0
252 2 N3 N3 99 1.130 1
252 3 N3 N2 105 1.130 0
252 4 N5 N5 14 0.150 0
252 5 N5 N2 126 0.150 1
252 6 N2 N5 0 0.310 0
252 7 N2 N3 42 0.310 0
252 8 N2 N2 229 0.310 1
252 9 N4 N2 69 4.270 0
252 10 N4 N5 5 4.270 0
252 11 N4 N3 76 4.270 1
253 1 N3 N5 7 0.090 0
253 2 N3 N3 91 0.090 0
253 3 N3 N2 105 0.090 1
253 4 N5 N5 14 0.180 0
253 5 N5 N2 127 0.180 1
253 6 N2 N5 0 0.210 0
253 7 N2 N3 42 0.210 0
253 8 N2 N2 228 0.210 1
253 9 N4 N2 69 0.210 0
253 10 N4 N5 5 0.210 0
253 11 N4 N3 69 0.210 1
254 1 N3 N5 7 0.500 0
254 2 N3 N3 90 0.500 0
254 3 N3 N2 105 0.500 1
254 4 N5 N5 14 0.760 0
254 5 N5 N2 127 0.760 1
254 6 N2 N5 0 0.500 0
254 7 N2 N3 40 0.500 0
254 8 N2 N2 227 0.500 1
254 9 N4 N2 69 1.300 0
254 10 N4 N5 5 1.300 0
254 11 N4 N3 69 1.300 1
255 1 N3 N5 7 0.290 0
255 2 N3 N3 90 0.290 0
255 3 N3 N2 106 0.290 1
255 4 N5 N5 25 0.310 0
255 5 N5 N2 128 0.310 1
255 6 N2 N5 0 0.460 0
255 7 N2 N3 39 0.460 0
255 8 N2 N2 227 0.460 1
255 9 N4 N2 69 2.390 0
255 10 N4 N5 5 2.390 0
255 11 N4 N3 69 2.390 1
256 1 N3 N5 7 0.020 0
256 2 N3 N3 88 0.020 0
256 3 N3 N2 108 0.020 1
256 4 N5 N5 30 0.390 0
256 5 N5 N2 131 0.390 1
256 6 N2 N5 0 0.060 0
256 7 N2 N3 39 0.060 0
256 8 N2 N2 226 0.060 1
256 9 N4 N2 67 0.640 0
256 10 N4 N5 6 0.640 0
256 11 N4 N3 66 0.640 1
257 1 N3 N5 7 0.090 0
257 2 N3 N3 87 0.090 0
257 3 N3 N2 109 0.090 1
257 4 N5 N5 30 0.450 0
257 5 N5 N2 133 0.450 1
257 6 N2 N5 0 0.130 0
257 7 N2 N3 39 0.130 0
257 8 N2 N2 227 0.130 1
257 9 N4 N2 67 1.730 0
257 10 N4 N5 6 1.730 0
257 11 N4 N3 66 1.730 1
258 1 N3 N5 7 1.060 0
258 2 N3 N3 87 1.060 0
258 3 N3 N2 111 1.060 1
258 4 N5 N5 30 0.010 0
258 5 N5 N2 135 0.010 1
258 6 N2 N5 26 0.070 0
258 7 N2 N3 39 0.070 0
258 8 N2 N2 227 0.070 1
258 9 N4 N2 66 0.180 0
258 10 N4 N5 6 0.180 0
258 11 N4 N3 62 0.180 1
259 1 N3 N5 7 0.760 0
259 2 N3 N3 86 0.760 0
259 3 N3 N2 112 0.760 1
259 4 N5 N5 30 0.050 0
259 5 N5 N2 136 0.050 1
259 6 N2 N5 26 0.220 0
259 7 N2 N3 38 0.220 0
259 8 N2 N2 228 0.220 1
259 9 N4 N2 66 0.860 0
259 10 N4 N5 6 0.860 0
259 11 N4 N3 61 0.860 1
260 1 N3 N5 7 0.260 0
260 2 N3 N3 82 0.260 0
260 3 N3 N2 115 0.260 1
260 4 N5 N5 30 0.100 0
260 5 N5 N2 137 0.100 1
260 6 N2 N5 26 0.280 0
260 7 N2 N3 37 0.280 0
260 8 N2 N2 228 0.280 1
260 9 N4 N2 66 0.280 0
260 10 N4 N5 7 0.280 0
260 11 N4 N3 55 0.280 1
261 1 N3 N5 7 1.350 0
261 2 N3 N3 82 1.350 0
261 3 N3 N2 115 1.350 1
261 4 N5 N5 30 0.150 0
261 5 N5 N2 136 0.150 1
261 6 N2 N5 25 0.210 0
261 7 N2 N3 38 0.210 0
261 8 N2 N2 229 0.210 1
261 9 N4 N2 66 0.680 0
261 10 N4 N5 7 0.680 0
261 11 N4 N3 52 0.680 1
262 1 N3 N5 0 0.030 0
262 2 N3 N3 82 0.030 0
262 3 N3 N2 117 0.030 1
262 4 N5 N5 29 0.210 0
262 5 N5 N2 136 0.210 1
262 6 N2 N5 25 0.140 0
262 7 N2 N3 38 0.140 0
262 8 N2 N2 229 0.140 1
262 9 N4 N2 71 0.030 1
262 10 N4 N5 7 0.030 0
262 11 N4 N3 47 0.030 0
263 1 N3 N5 0 0.610 0
263 2 N3 N3 81 0.610 0
263 3 N3 N2 118 0.610 1
263 4 N5 N5 29 0.360 0
263 5 N5 N2 135 0.360 1
263 6 N2 N5 25 0.440 0
263 7 N2 N3 38 0.440 0
263 8 N2 N2 230 0.440 1
263 9 N4 N2 73 0.490 1
263 10 N4 N5 7 0.490 0
263 11 N4 N3 46 0.490 0
264 1 N3 N5 0 0.070 0
264 2 N3 N3 81 0.070 0
264 3 N3 N2 118 0.070 1
264 4 N5 N5 28 0.440 0
264 5 N5 N2 135 0.440 1
264 6 N2 N5 25 0.030 0
264 7 N2 N3 38 0.030 0
264 8 N2 N2 230 0.030 1
264 9 N4 N2 73 1.600 1
264 10 N4 N5 7 1.600 0
264 11 N4 N3 46 1.600 0
265 1 N3 N5 0 0.080 0
265 2 N3 N3 79 0.080 0
265 3 N3 N2 122 0.080 1
265 4 N5 N5 27 0.390 0
265 5 N5 N2 134 0.390 1
265 6 N2 N5 22 0.080 0
265 7 N2 N3 37 0.080 0
265 8 N2 N2 230 0.080 1
265 9 N4 N2 73 0.430 1
265 10 N4 N5 7 0.430 0
265 11 N4 N3 45 0.430 0
266 1 N3 N5 0 1.160 0
266 2 N3 N3 79 1.160 0
266 3 N3 N2 122 1.160 1
266 4 N5 N5 27 0.440 0
266 5 N5 N2 132 0.440 1
266 6 N2 N5 20 0.130 0
266 7 N2 N3 35 0.130 0
266 8 N2 N2 229 0.130 1
266 9 N4 N2 73 1.510 1
266 10 N4 N5 7 1.510 0
266 11 N4 N3 45 1.510 0
267 1 N3 N5 0 0.330 0
267 2 N3 N3 78 0.330 0
267 3 N3 N2 123 0.330 1
267 4 N5 N5 26 0.110 0
267 5 N5 N2 131 0.110 1
267 6 N2 N5 20 0.190 0
267 7 N2 N3 35 0.190 0
267 8 N2 N2 230 0.190 1
267 9 N4 N2 73 2.610 1
267 10 N4 N5 7 2.610 0
267 11 N4 N3 45 2.610 0
268 1 N3 N5 0 0.010 0
268 2 N3 N3 79 0.010 0
268 3 N3 N2 122 0.010 1
268 4 N5 N5 25 0.080 0
268 5 N5 N2 132 0.080 1
268 6 N2 N5 20 0.780 0
268 7 N2 N3 0 0.780 0
268 8 N2 N2 230 0.780 1
268 9 N4 N2 75 0.780 1
268 10 N4 N5 7 0.780 0
268 11 N4 N3 46 0.780 0
269 1 N3 N5 0 0.590 0
269 2 N3 N3 79 0.590 0
269 3 N3 N2 122 0.590 1
269 4 N5 N5 23 0.160 0
269 5 N5 N2 131 0.160 1
269 6 N2 N5 15 0.310 0
269 7 N2 N3 0 0.310 0
269 8 N2 N2 231 0.310 1
269 9 N4 N2 77 0.470 1
269 10 N4 N5 7 0.470 0
269 11 N4 N3 46 0.470 0
270 1 N3 N5 0 0.240 0
270 2 N3 N3 79 0.240 0
270 3 N3 N2 121 0.240 1
270 4 N5 N5 23 0.730 0
270 5 N5 N2 131 0.730 1
270 6 N2 N5 15 0.360 0
270 7 N2 N3 0 0.360 0
270 8 N2 N2 232 0.360 1
270 9 N4 N2 79 0.250 1
270 10 N4 N5 7 0.250 0
270 11 N4 N3 48 0.250 0
271 1 N3 N5 0 0.710 0
271 2 N3 N3 81 0.710 0
271 3 N3 N2 122 0.710 1
271 4 N5 N5 22 0.290 0
271 5 N5 N2 131 0.290 1
271 6 N2 N5 15 0.430 0
271 7 N2 N3 53 0.430 0
271 8 N2 N2 233 0.430 1
271 9 N4 N2 79 1.340 1
271 10 N4 N5 7 1.340 0
271 11 N4 N3 48 1.340 0
272 1 N3 N5 0 0.610 0
272 2 N3 N3 85 0.610 0
272 3 N3 N2 122 0.610 1
272 4 N5 N5 22 0.350 0
272 5 N5 N2 132 0.350 1
272 6 N2 N5 15 0.390 0
272 7 N2 N3 53 0.390 0
272 8 N2 N2 234 0.390 1
272 9 N4 N2 81 0.130 1
272 10 N4 N5 7 0.130 0
272 11 N4 N3 49 0.130 0
273 1 N3 N5 0 0.210 0
273 2 N3 N3 90 0.210 0
273 3 N3 N2 122 0.210 1
273 4 N5 N5 21 0.390 0
273 5 N5 N2 132 0.390 1
273 6 N2 N5 0 0.040 0
273 7 N2 N3 53 0.040 0
273 8 N2 N2 234 0.040 1
273 9 N4 N2 82 0.210 1
273 10 N4 N5 7 0.210 0
273 11 N4 N3 52 0.210 0
274 1 N3 N5 0 0.380 0
274 2 N3 N3 93 0.380 0
274 3 N3 N2 122 0.380 1
274 4 N5 N5 17 0.470 0
274 5 N5 N2 133 0.470 1
274 6 N2 N5 24 0.110 0
274 7 N2 N3 56 0.110 0
274 8 N2 N2 234 0.110 1
274 9 N4 N2 82 1.300 1
274 10 N4 N5 7 1.300 0
274 11 N4 N3 52 1.300 0
275 1 N3 N5 0 0.940 0
275 2 N3 N3 94 0.940 0
275 3 N3 N2 121 0.940 1
275 4 N5 N5 18 0.530 0
275 5 N5 N2 134 0.530 1
275 6 N2 N5 24 0.080 0
275 7 N2 N3 56 0.080 0
275 8 N2 N2 235 0.080 1
275 9 N4 N2 82 2.380 1
275 10 N4 N5 7 2.380 0
275 11 N4 N3 52 2.380 0
276 1 N3 N5 0 0.450 0
276 2 N3 N3 95 0.450 0
276 3 N3 N2 124 0.450 1
276 4 N5 N5 18 0.170 0
276 5 N5 N2 135 0.170 1
276 6 N2 N5 24 0.230 0
276 7 N2 N3 56 0.230 0
276 8 N2 N2 235 0.230 1
276 9 N4 N2 85 0.390 1
276 10 N4 N5 0 0.390 0
276 11 N4 N3 54 0.390 0
277 1 N3 N5 0 0.020 0
277 2 N3 N3 97 0.020 0
277 3 N3 N2 124 0.020 1
277 4 N5 N5 19 0.120 0
277 5 N5 N2 136 0.120 1
277 6 N2 N5 24 0.180 0
277 7 N2 N3 55 0.180 0
277 8 N2 N2 234 0.180 1
277 9 N4 N2 87 0.300 1
277 10 N4 N5 0 0.300 0
277 11 N4 N3 56 0.300 0
278 1 N3 N5 0 0.090 0
278 2 N3 N3 97 0.090 0
278 3 N3 N2 124 0.090 1
278 4 N5 N5 19 0.700 0
278 5 N5 N2 137 0.700 1
278 6 N2 N5 24 0.240 0
278 7 N2 N3 54 0.240 0
278 8 N2 N2 233 0.240 1
278 9 N4 N2 87 1.380 1
278 10 N4 N5 0 1.380 0
278 11 N4 N3 56 1.380 0
279 1 N3 N5 0 0.670 0
279 2 N3 N3 98 0.670 0
279 3 N3 N2 124 0.670 1
279 4 N5 N5 19 0.220 0
279 5 N5 N2 138 0.220 1
279 6 N2 N5 24 0.440 0
279 7 N2 N3 54 0.440 0
279 8 N2 N2 232 0.440 1
279 9 N4 N2 90 0.550 1
279 10 N4 N5 0 0.550 0
279 11 N4 N3 58 0.550 0
280 1 N3 N5 0 0.230 0
280 2 N3 N3 99 0.230 0
280 3 N3 N2 125 0.230 1
280 4 N5 N5 34 0.820 0
280 5 N5 N2 140 0.820 1
280 6 N2 N5 24 0.410 0
280 7 N2 N3 51 0.410 0
280 8 N2 N2 232 0.410 1
280 9 N4 N2 90 1.680 1
280 10 N4 N5 0 1.680 0
280 11 N4 N3 58 1.680 0
281 1 N3 N5 0 0.240 0
281 2 N3 N3 99 0.240 0
281 3 N3 N2 129 0.240 1
281 4 N5 N5 34 0.360 0
281 5 N5 N2 141 0.360 1
281 6 N2 N5 30 0.560 0
281 7 N2 N3 50 0.560 0
281 8 N2 N2 232 0.560 1
281 9 N4 N2 93 0.230 1
281 10 N4 N5 0 0.230 0
281 11 N4 N3 61 0.230 0
282 1 N3 N5 0 0.820 0
282 2 N3 N3 99 0.820 0
282 3 N3 N2 130 0.820 1
282 4 N5 N5 34 0.410 0
282 5 N5 N2 144 0.410 1
282 6 N2 N5 35 0.120 0
282 7 N2 N3 49 0.120 0
282 8 N2 N2 234 0.120 1
282 9 N4 N2 93 1.320 1
282 10 N4 N5 0 1.320 0
282 11 N4 N3 61 1.320 0
283 1 N3 N5 0 0.380 0
283 2 N3 N3 99 0.380 0
283 3 N3 N2 131 0.380 1
283 4 N5 N5 34 0.450 0
283 5 N5 N2 146 0.450 1
283 6 N2 N5 39 0.030 0
283 7 N2 N3 51 0.030 0
283 8 N2 N2 236 0.030 1
283 9 N4 N2 93 2.400 1
283 10 N4 N5 0 2.400 0
283 11 N4 N3 61 2.400 0
284 1 N3 N5 0 0.030 0
284 2 N3 N3 99 0.030 0
284 3 N3 N2 132 0.030 1
284 4 N5 N5 34 0.010 0
284 5 N5 N2 148 0.010 1
284 6 N2 N5 39 0.100 0
284 7 N2 N3 53 0.100 0
284 8 N2 N2 238 0.100 1
284 9 N4 N2 95 0.890 1
284 10 N4 N5 0 0.890 0
284 11 N4 N3 63 0.890 0
285 1 N3 N5 0 0.010 0
285 2 N3 N3 98 0.010 0
285 3 N3 N2 135 0.010 1
285 4 N5 N5 35 0.080 0
285 5 N5 N2 149 0.080 1
285 6 N2 N5 37 0.250 0
285 7 N2 N3 53 0.250 0
285 8 N2 N2 240 0.250 1
285 9 N4 N2 98 0.940 1
285 10 N4 N5 0 0.940 0
285 11 N4 N3 65 0.940 0
286 1 N3 N5 0 0.050 0
286 2 N3 N3 100 0.050 0
286 3 N3 N2 139 0.050 1
286 4 N5 N5 35 1.170 0
286 5 N5 N2 149 1.170 1
286 6 N2 N5 37 0.310 0
286 7 N2 N3 54 0.310 0
286 8 N2 N2 242 0.310 1
286 9 N4 N2 100 0.530 1
286 10 N4 N5 0 0.530 0
286 11 N4 N3 67 0.530 0
287 1 N3 N5 0 0.150 0
287 2 N3 N3 101 0.150 0
287 3 N3 N2 141 0.150 1
287 4 N5 N5 42 0.150 0
287 5 N5 N2 150 0.150 1
287 6 N2 N5 36 0.370 0
287 7 N2 N3 55 0.370 0
287 8 N2 N2 244 0.370 1
287 9 N4 N2 100 1.610 1
287 10 N4 N5 0 1.610 0
287 11 N4 N3 67 1.610 0
288 1 N3 N5 0 0.230 0
288 2 N3 N3 104 0.230 0
288 3 N3 N2 141 0.230 1
288 4 N5 N5 41 0.210 0
288 5 N5 N2 149 0.210 1
288 6 N2 N5 35 0.440 0
288 7 N2 N3 57 0.440 0
288 8 N2 N2 245 0.440 1
288 9 N4 N2 102 0.200 1
288 10 N4 N5 0 0.200 0
288 11 N4 N3 70 0.200 0
289 1 N3 N5 0 0.290 0
289 2 N3 N3 108 0.290 0
289 3 N3 N2 140 0.290 1
289 4 N5 N5 38 0.220 0
289 5 N5 N2 149 0.220 1
289 6 N2 N5 35 0.350 0
289 7 N2 N3 58 0.350 0
289 8 N2 N2 246 0.350 1
289 9 N4 N2 104 0.740 1
289 10 N4 N5 0 0.740 0
289 11 N4 N3 74 0.740 0
290 1 N3 N5 0 0.340 0
290 2 N3 N3 111 0.340 0
290 3 N3 N2 140 0.340 1
290 4 N5 N5 38 0.240 0
290 5 N5 N2 149 0.240 1
290 6 N2 N5 31 0.020 0
290 7 N2 N3 57 0.020 0
290 8 N2 N2 246 0.020 1
290 9 N4 N2 105 0.800 1
290 10 N4 N5 0 0.800 0
290 11 N4 N3 77 0.800 0
291 1 N3 N5 0 0.400 0
291 2 N3 N3 113 0.400 0
291 3 N3 N2 140 0.400 1
291 4 N5 N5 38 0.290 0
291 5 N5 N2 150 0.290 1
291 6 N2 N5 31 0.090 0
291 7 N2 N3 57 0.090 0
291 8 N2 N2 246 0.090 1
291 9 N4 N2 106 0.850 1
291 10 N4 N5 0 0.850 0
291 11 N4 N3 79 0.850 0
292 1 N3 N5 0 0.450 0
292 2 N3 N3 116 0.450 0
292 3 N3 N2 138 0.450 1
292 4 N5 N5 38 0.330 0
292 5 N5 N2 152 0.330 1
292 6 N2 N5 0 0.170 0
292 7 N2 N3 57 0.170 0
292 8 N2 N2 245 0.170 1
292 9 N4 N2 106 0.910 1
292 10 N4 N5 0 0.910 0
292 11 N4 N3 80 0.910 0
293 1 N3 N5 0 0.530 0
293 2 N3 N3 119 0.530 0
293 3 N3 N2 138 0.530 1
293 4 N5 N5 38 0.400 0
293 5 N5 N2 153 0.400 1
293 6 N2 N5 0 0.240 0
293 7 N2 N3 58 0.240 0
293 8 N2 N2 244 0.240 1
293 9 N4 N2 106 2.000 1
293 10 N4 N5 0 2.000 0
293 11 N4 N3 80 2.000 0
294 1 N3 N5 0 1.610 0
294 2 N3 N3 119 1.610 0
294 3 N3 N2 138 1.610 1
294 4 N5 N5 40 0.040 0
294 5 N5 N2 154 0.040 1
294 6 N2 N5 0 0.320 0
294 7 N2 N3 58 0.320 0
294 8 N2 N2 244 0.320 1
294 9 N4 N2 106 3.080 1
294 10 N4 N5 0 3.080 0
294 11 N4 N3 80 3.080 0
295 1 N3 N5 0 0.310 0
295 2 N3 N3 122 0.310 0
295 3 N3 N2 136 0.310 1
295 4 N5 N5 40 0.490 0
295 5 N5 N2 154 0.490 1
295 6 N2 N5 0 0.390 0
295 7 N2 N3 57 0.390 0
295 8 N2 N2 242 0.390 1
295 9 N4 N2 106 4.170 1
295 10 N4 N5 0 4.170 0
295 11 N4 N3 80 4.170 0
296 1 N3 N5 0 0.300 0
296 2 N3 N3 122 0.300 0
296 3 N3 N2 135 0.300 1
296 4 N5 N5 41 0.050 0
296 5 N5 N2 153 0.050 1
296 6 N2 N5 0 0.450 0
296 7 N2 N3 55 0.450 0
296 8 N2 N2 240 0.450 1
296 9 N4 N2 106 5.270 1
296 10 N4 N5 0 5.270 0
296 11 N4 N3 80 5.270 0
297 1 N3 N5 0 0.370 0
297 2 N3 N3 123 0.370 0
297 3 N3 N2 134 0.370 1
297 4 N5 N5 41 0.130 0
297 5 N5 N2 152 0.130 1
297 6 N2 N5 0 0.000 0
297 7 N2 N3 55 0.000 0
297 8 N2 N2 237 0.000 1
297 9 N4 N2 105 0.220 1
297 10 N4 N5 0 0.220 0
297 11 N4 N3 81 0.220 0
298 1 N3 N5 0 0.380 0
298 2 N3 N3 124 0.380 0
298 3 N3 N2 132 0.380 1
298 4 N5 N5 42 0.170 0
298 5 N5 N2 150 0.170 1
298 6 N2 N5 0 0.570 0
298 7 N2 N3 55 0.570 0
298 8 N2 N2 235 0.570 1
298 9 N4 N2 105 1.300 1
298 10 N4 N5 0 1.300 0
298 11 N4 N3 81 1.300 0
299 1 N3 N5 0 0.460 0
299 2 N3 N3 125 0.460 0
299 3 N3 N2 132 0.460 1
299 4 N5 N5 42 0.240 0
299 5 N5 N2 150 0.240 1
299 6 N2 N5 0 0.130 0
299 7 N2 N3 54 0.130 0
299 8 N2 N2 233 0.130 1
299 9 N4 N2 103 0.880 1
299 10 N4 N5 0 0.880 0
299 11 N4 N3 81 0.880 0
300 1 N3 N5 0 0.010 0
300 2 N3 N3 124 0.010 0
300 3 N3 N2 125 0.010 1
300 4 N5 N5 42 0.830 0
300 5 N5 N2 149 0.830 1
300 6 N2 N5 30 0.080 0
300 7 N2 N3 48 0.080 0
300 8 N2 N2 230 0.080 1
300 9 N4 N2 100 0.390 1
300 10 N4 N5 0 0.390 0
300 11 N4 N3 82 0.390 0
