PING N1 (00:00:0c:18:11:01) 116(144) bytes of data
Reply from host N1 timed out
116 bytes from N1 icmp_seq=2 ttl=50 time=194.46 ms
RR: 	N3
	N2
	N1
	N1
	N3

116 bytes from N1 icmp_seq=3 ttl=50 time=82.86 ms	(same route)
116 bytes from N1 icmp_seq=4 ttl=50 time=3.60 ms	(same route)
116 bytes from N1 icmp_seq=5 ttl=50 time=365.10 ms	(same route)
116 bytes from N1 icmp_seq=6 ttl=50 time=276.86 ms	(same route)
Reply from host N1 timed out
116 bytes from N1 icmp_seq=8 ttl=50 time=137.39 ms	(same route)
116 bytes from N1 icmp_seq=9 ttl=50 time=3.64 ms	(same route)
116 bytes from N1 icmp_seq=10 ttl=50 time=4.22 ms	(same route)
116 bytes from N1 icmp_seq=11 ttl=50 time=0.06 ms	(same route)
116 bytes from N1 icmp_seq=12 ttl=50 time=3.83 ms	(same route)
Reply from host N1 timed out
116 bytes from N1 icmp_seq=14 ttl=50 time=898.54 ms	(same route)
116 bytes from N1 icmp_seq=15 ttl=50 time=4.77 ms	(same route)
Reply from host N1 timed out
116 bytes from N1 icmp_seq=17 ttl=50 time=0.03 ms	(same route)
116 bytes from N1 icmp_seq=18 ttl=50 time=320.70 ms	(same route)
116 bytes from N1 icmp_seq=19 ttl=50 time=867.88 ms	(same route)
116 bytes from N1 icmp_seq=20 ttl=50 time=544.42 ms	(same route)
Reply from host N1 timed out
Reply from host N1 timed out
Reply from host N1 timed out
Reply from host N1 timed out
Reply from host N1 timed out
Reply from host N1 timed out
Reply from host N1 timed out
Reply from host N1 timed out
Reply from host N1 timed out
Reply from host N1 timed out
116 bytes from N1 icmp_seq=31 ttl=50 time=10.39 ms	(same route)
116 bytes from N1 icmp_seq=32 ttl=50 time=5.56 ms	(same route)
116 bytes from N1 icmp_seq=33 ttl=50 time=939.48 ms	(same route)
116 bytes from N1 icmp_seq=34 ttl=50 time=23.90 ms	(same route)
116 bytes from N1 icmp_seq=35 ttl=50 time=295.86 ms	(same route)
116 bytes from N1 icmp_seq=36 ttl=50 time=301.20 ms	(same route)
116 bytes from N1 icmp_seq=37 ttl=50 time=15.70 ms	(same route)
116 bytes from N1 icmp_seq=38 ttl=50 time=2.01 ms	(same route)
116 bytes from N1 icmp_seq=39 ttl=50 time=2.63 ms	(same route)
116 bytes from N1 icmp_seq=40 ttl=50 time=1.95 ms	(same route)
116 bytes from N1 icmp_seq=41 ttl=50 time=15.72 ms	(same route)
116 bytes from N1 icmp_seq=42 ttl=50 time=106.06 ms	(same route)
116 bytes from N1 icmp_seq=43 ttl=50 time=814.84 ms	(same route)
116 bytes from N1 icmp_seq=44 ttl=50 time=788.61 ms	(same route)
116 bytes from N1 icmp_seq=45 ttl=50 time=12.49 ms	(same route)
116 bytes from N1 icmp_seq=46 ttl=50 time=2.97 ms	(same route)
116 bytes from N1 icmp_seq=47 ttl=50 time=67.56 ms	(same route)
116 bytes from N1 icmp_seq=48 ttl=50 time=364.58 ms	(same route)
Reply from host N1 timed out
116 bytes from N1 icmp_seq=50 ttl=50 time=31.79 ms	(same route)
116 bytes from N1 icmp_seq=51 ttl=49 time=44.49 ms
RR: 	N3
	N2
	N1
	N1
	N2
	N3

116 bytes from N1 icmp_seq=52 ttl=49 time=17.86 ms	(same route)
116 bytes from N1 icmp_seq=53 ttl=49 time=31.81 ms	(same route)
116 bytes from N1 icmp_seq=54 ttl=49 time=2.50 ms	(same route)
116 bytes from N1 icmp_seq=55 ttl=49 time=6.48 ms	(same route)
116 bytes from N1 icmp_seq=56 ttl=49 time=18.27 ms	(same route)
116 bytes from N1 icmp_seq=57 ttl=49 time=15.30 ms	(same route)
116 bytes from N1 icmp_seq=58 ttl=49 time=12.14 ms	(same route)
116 bytes from N1 icmp_seq=59 ttl=49 time=7.16 ms	(same route)
116 bytes from N1 icmp_seq=60 ttl=49 time=7.94 ms	(same route)
Reply from host N1 timed out
Reply from host N1 timed out
Reply from host N1 timed out
Reply from host N1 timed out
Reply from host N1 timed out
Reply from host N1 timed out
Reply from host N1 timed out
Reply from host N1 timed out
116 bytes from N1 icmp_seq=69 ttl=49 time=542.24 ms
RR: 	N3
	N1
	N1
	N2
	N3

Reply from host N1 timed out
116 bytes from N1 icmp_seq=71 ttl=49 time=10.03 ms	(same route)
Reply from host N1 timed out
Reply from host N1 timed out
Reply from host N1 timed out
116 bytes from N1 icmp_seq=75 ttl=49 time=556.82 ms	(same route)
Reply from host N1 timed out
Reply from host N1 timed out
Reply from host N1 timed out
116 bytes from N1 icmp_seq=79 ttl=49 time=311.64 ms	(same route)
116 bytes from N1 icmp_seq=80 ttl=49 time=677.50 ms	(same route)
116 bytes from N1 icmp_seq=81 ttl=49 time=854.52 ms	(same route)
Reply from host N1 timed out
Reply from host N1 timed out
Reply from host N1 timed out
116 bytes from N1 icmp_seq=85 ttl=49 time=727.29 ms	(same route)
Reply from host N1 timed out
Reply from host N1 timed out
Reply from host N1 timed out
Reply from host N1 timed out
Reply from host N1 timed out
Reply from host N1 timed out
Reply from host N1 timed out
116 bytes from N1 icmp_seq=93 ttl=49 time=724.53 ms	(same route)
116 bytes from N1 icmp_seq=94 ttl=49 time=485.11 ms	(same route)
Reply from host N1 timed out
Reply from host N1 timed out
Reply from host N1 timed out
Reply from host N1 timed out
Reply from host N1 timed out
Reply from host N1 timed out
Reply from host N1 timed out
Reply from host N1 timed out
Reply from host N1 timed out
Reply from host N1 timed out
Reply from host N1 timed out
Reply from host N1 timed out
116 bytes from N1 icmp_seq=107 ttl=50 time=18.08 ms
RR: 	N3
	N1
	N1
	N3

116 bytes from N1 icmp_seq=108 ttl=50 time=391.17 ms	(same route)
116 bytes from N1 icmp_seq=109 ttl=50 time=5.55 ms	(same route)
116 bytes from N1 icmp_seq=110 ttl=50 time=572.08 ms	(same route)
Reply from host N1 timed out
Reply from host N1 timed out
Reply from host N1 timed out
Reply from host N1 timed out
Reply from host N1 timed out
116 bytes from N1 icmp_seq=116 ttl=50 time=0.02 ms	(same route)
Reply from host N1 timed out
Reply from host N1 timed out
Reply from host N1 timed out
Reply from host N1 timed out
116 bytes from N1 icmp_seq=121 ttl=50 time=736.67 ms	(same route)
Reply from host N1 timed out
Reply from host N1 timed out
Reply from host N1 timed out
Reply from host N1 timed out
116 bytes from N1 icmp_seq=126 ttl=50 time=0.03 ms	(same route)
Reply from host N1 timed out
116 bytes from N1 icmp_seq=128 ttl=50 time=12.22 ms	(same route)
Reply from host N1 timed out
Reply from host N1 timed out
Reply from host N1 timed out
Reply from host N1 timed out
Reply from host N1 timed out
Reply from host N1 timed out
Reply from host N1 timed out
116 bytes from N1 icmp_seq=136 ttl=50 time=22.75 ms	(same route)
Reply from host N1 timed out
Reply from host N1 timed out
Reply from host N1 timed out
116 bytes from N1 icmp_seq=140 ttl=50 time=392.28 ms	(same route)
116 bytes from N1 icmp_seq=141 ttl=50 time=4.13 ms	(same route)
116 bytes from N1 icmp_seq=142 ttl=50 time=2.39 ms	(same route)
116 bytes from N1 icmp_seq=143 ttl=50 time=6.76 ms	(same route)
Reply from host N1 timed out
116 bytes from N1 icmp_seq=145 ttl=50 time=1.76 ms	(same route)
116 bytes from N1 icmp_seq=146 ttl=50 time=7.88 ms	(same route)
Reply from host N1 timed out
116 bytes from N1 icmp_seq=148 ttl=50 time=0.02 ms	(same route)
Reply from host N1 timed out
Reply from host N1 timed out
Reply from host N1 timed out
116 bytes from N1 icmp_seq=152 ttl=50 time=61.56 ms	(same route)
116 bytes from N1 icmp_seq=153 ttl=50 time=2.16 ms	(same route)
Reply from host N1 timed out
Reply from host N1 timed out
Reply from host N1 timed out
Reply from host N1 timed out
116 bytes from N1 icmp_seq=158 ttl=50 time=0.03 ms	(same route)
116 bytes from N1 icmp_seq=159 ttl=50 time=623.82 ms	(same route)
116 bytes from N1 icmp_seq=160 ttl=50 time=67.23 ms	(same route)
116 bytes from N1 icmp_seq=161 ttl=50 time=433.79 ms	(same route)
116 bytes from N1 icmp_seq=162 ttl=50 time=527.31 ms	(same route)
116 bytes from N1 icmp_seq=163 ttl=50 time=261.90 ms	(same route)
116 bytes from N1 icmp_seq=164 ttl=50 time=5.80 ms
RR: 	N3
	N2
	N1
	N1
	N3

116 bytes from N1 icmp_seq=165 ttl=50 time=492.42 ms	(same route)
116 bytes from N1 icmp_seq=166 ttl=50 time=681.70 ms	(same route)
116 bytes from N1 icmp_seq=167 ttl=50 time=914.33 ms	(same route)
116 bytes from N1 icmp_seq=168 ttl=50 time=628.92 ms	(same route)
116 bytes from N1 icmp_seq=169 ttl=50 time=3.44 ms	(same route)
Reply from host N1 timed out
116 bytes from N1 icmp_seq=171 ttl=50 time=707.44 ms	(same route)
116 bytes from N1 icmp_seq=172 ttl=50 time=979.54 ms	(same route)
116 bytes from N1 icmp_seq=173 ttl=50 time=42.75 ms	(same route)
116 bytes from N1 icmp_seq=174 ttl=50 time=526.52 ms	(same route)
Reply from host N1 timed out
116 bytes from N1 icmp_seq=176 ttl=50 time=643.02 ms	(same route)
116 bytes from N1 icmp_seq=177 ttl=50 time=1.63 ms	(same route)
116 bytes from N1 icmp_seq=178 ttl=50 time=1.87 ms	(same route)
116 bytes from N1 icmp_seq=179 ttl=50 time=28.67 ms	(same route)
116 bytes from N1 icmp_seq=180 ttl=50 time=439.08 ms	(same route)
116 bytes from N1 icmp_seq=181 ttl=50 time=280.43 ms	(same route)
116 bytes from N1 icmp_seq=182 ttl=50 time=4.75 ms	(same route)
116 bytes from N1 icmp_seq=183 ttl=50 time=1.77 ms	(same route)
116 bytes from N1 icmp_seq=184 ttl=50 time=7.23 ms	(same route)
116 bytes from N1 icmp_seq=185 ttl=50 time=1.92 ms	(same route)
116 bytes from N1 icmp_seq=186 ttl=50 time=1.77 ms	(same route)
116 bytes from N1 icmp_seq=187 ttl=50 time=1.75 ms	(same route)
116 bytes from N1 icmp_seq=188 ttl=50 time=2.92 ms	(same route)
116 bytes from N1 icmp_seq=189 ttl=50 time=1.80 ms	(same route)
Reply from host N1 timed out
116 bytes from N1 icmp_seq=191 ttl=50 time=434.20 ms	(same route)
116 bytes from N1 icmp_seq=192 ttl=50 time=693.69 ms	(same route)
Reply from host N1 timed out
116 bytes from N1 icmp_seq=194 ttl=50 time=32.77 ms	(same route)
116 bytes from N1 icmp_seq=195 ttl=50 time=5.02 ms	(same route)
Reply from host N1 timed out
116 bytes from N1 icmp_seq=197 ttl=50 time=941.14 ms	(same route)
116 bytes from N1 icmp_seq=198 ttl=50 time=746.15 ms	(same route)
116 bytes from N1 icmp_seq=199 ttl=50 time=547.91 ms	(same route)
116 bytes from N1 icmp_seq=200 ttl=50 time=483.85 ms	(same route)
116 bytes from N1 icmp_seq=201 ttl=50 time=3.86 ms	(same route)
116 bytes from N1 icmp_seq=202 ttl=50 time=437.67 ms	(same route)
116 bytes from N1 icmp_seq=203 ttl=50 time=38.31 ms	(same route)
116 bytes from N1 icmp_seq=204 ttl=50 time=1.71 ms	(same route)
116 bytes from N1 icmp_seq=205 ttl=50 time=12.10 ms	(same route)
116 bytes from N1 icmp_seq=206 ttl=50 time=19.16 ms	(same route)
116 bytes from N1 icmp_seq=207 ttl=50 time=689.57 ms	(same route)
Reply from host N1 timed out
Reply from host N1 timed out
Reply from host N1 timed out
Reply from host N1 timed out
Reply from host N1 timed out
Reply from host N1 timed out
Reply from host N1 timed out
Reply from host N1 timed out
Reply from host N1 timed out
Reply from host N1 timed out
Reply from host N1 timed out
Reply from host N1 timed out
Reply from host N1 timed out
Reply from host N1 timed out
Reply from host N1 timed out
Reply from host N1 timed out
Reply from host N1 timed out
Reply from host N1 timed out
Reply from host N1 timed out
Reply from host N1 timed out
Reply from host N1 timed out
Reply from host N1 timed out
Reply from host N1 timed out
Reply from host N1 timed out
Reply from host N1 timed out
116 bytes from N1 icmp_seq=233 ttl=49 time=0.02 ms
RR: 	N3
	N1
	N1
	N2
	N3

Reply from host N1 timed out
Reply from host N1 timed out
Reply from host N1 timed out
Reply from host N1 timed out
Reply from host N1 timed out
Reply from host N1 timed out
116 bytes from N1 icmp_seq=240 ttl=49 time=719.13 ms
RR: 	N3
	N2
	N1
	N1
	N2
	N3

116 bytes from N1 icmp_seq=241 ttl=49 time=29.22 ms	(same route)
116 bytes from N1 icmp_seq=242 ttl=49 time=12.66 ms	(same route)
116 bytes from N1 icmp_seq=243 ttl=49 time=5.43 ms	(same route)
116 bytes from N1 icmp_seq=244 ttl=49 time=11.72 ms	(same route)
116 bytes from N1 icmp_seq=245 ttl=49 time=342.92 ms	(same route)
116 bytes from N1 icmp_seq=246 ttl=49 time=26.93 ms	(same route)
116 bytes from N1 icmp_seq=247 ttl=49 time=5.19 ms	(same route)
116 bytes from N1 icmp_seq=248 ttl=49 time=32.93 ms	(same route)
116 bytes from N1 icmp_seq=249 ttl=49 time=52.78 ms	(same route)
116 bytes from N1 icmp_seq=250 ttl=49 time=20.17 ms	(same route)
116 bytes from N1 icmp_seq=251 ttl=49 time=70.14 ms	(same route)
116 bytes from N1 icmp_seq=252 ttl=49 time=479.27 ms	(same route)
116 bytes from N1 icmp_seq=253 ttl=49 time=12.52 ms	(same route)
116 bytes from N1 icmp_seq=254 ttl=49 time=77.46 ms	(same route)
116 bytes from N1 icmp_seq=255 ttl=50 time=12.11 ms
RR: 	N3
	N2
	N1
	N1
	N3

116 bytes from N1 icmp_seq=256 ttl=50 time=47.24 ms	(same route)
116 bytes from N1 icmp_seq=257 ttl=50 time=15.03 ms	(same route)
116 bytes from N1 icmp_seq=258 ttl=50 time=8.00 ms	(same route)
116 bytes from N1 icmp_seq=259 ttl=50 time=5.06 ms	(same route)
116 bytes from N1 icmp_seq=260 ttl=50 time=825.60 ms	(same route)
116 bytes from N1 icmp_seq=261 ttl=50 time=466.01 ms	(same route)
116 bytes from N1 icmp_seq=262 ttl=50 time=9.89 ms	(same route)
116 bytes from N1 icmp_seq=263 ttl=50 time=270.60 ms	(same route)
116 bytes from N1 icmp_seq=264 ttl=50 time=1.76 ms	(same route)
116 bytes from N1 icmp_seq=265 ttl=50 time=197.07 ms	(same route)
Reply from host N1 timed out
Reply from host N1 timed out
116 bytes from N1 icmp_seq=268 ttl=50 time=597.61 ms	(same route)
Reply from host N1 timed out
116 bytes from N1 icmp_seq=270 ttl=50 time=320.06 ms	(same route)
Reply from host N1 timed out
116 bytes from N1 icmp_seq=272 ttl=50 time=7.23 ms	(same route)
Reply from host N1 timed out
Reply from host N1 timed out
116 bytes from N1 icmp_seq=275 ttl=49 time=0.03 ms
RR: 	N3
	N1
	N1
	N2
	N3

116 bytes from N1 icmp_seq=276 ttl=49 time=1.67 ms	(same route)
116 bytes from N1 icmp_seq=277 ttl=49 time=72.69 ms	(same route)
116 bytes from N1 icmp_seq=278 ttl=49 time=1.81 ms	(same route)
116 bytes from N1 icmp_seq=279 ttl=49 time=14.97 ms	(same route)
116 bytes from N1 icmp_seq=280 ttl=49 time=420.77 ms	(same route)
Reply from host N1 timed out
Reply from host N1 timed out
Reply from host N1 timed out
Reply from host N1 timed out
Reply from host N1 timed out
Reply from host N1 timed out
116 bytes from N1 icmp_seq=287 ttl=49 time=440.52 ms	(same route)
116 bytes from N1 icmp_seq=288 ttl=49 time=316.53 ms	(same route)
116 bytes from N1 icmp_seq=289 ttl=49 time=376.70 ms	(same route)
116 bytes from N1 icmp_seq=290 ttl=49 time=111.12 ms	(same route)
116 bytes from N1 icmp_seq=291 ttl=49 time=25.23 ms	(same route)
116 bytes from N1 icmp_seq=292 ttl=49 time=778.72 ms	(same route)
116 bytes from N1 icmp_seq=293 ttl=49 time=4.66 ms	(same route)
116 bytes from N1 icmp_seq=294 ttl=49 time=550.67 ms	(same route)
116 bytes from N1 icmp_seq=295 ttl=49 time=11.16 ms	(same route)
116 bytes from N1 icmp_seq=296 ttl=49 time=722.27 ms	(same route)
116 bytes from N1 icmp_seq=297 ttl=49 time=9.77 ms	(same route)
116 bytes from N1 icmp_seq=298 ttl=49 time=1.78 ms	(same route)
116 bytes from N1 icmp_seq=299 ttl=49 time=8.91 ms	(same route)
116 bytes from N1 icmp_seq=300 ttl=49 time=233.56 ms	(same route)
--- N1 ping statistics ---
402 packets transmitted, 167 received, 58% packet loss
rtt min/avg/max/mdev = 0.017/221.501/979.537/289.385 ms
