PING n3 (00:00:0d:18:08:03) 116(144) bytes of data
116 bytes from n3 icmp_seq=1 ttl=50 time=8.83 ms
RR: 	n1
	n3
	n3
	n1

116 bytes from n3 icmp_seq=2 ttl=50 time=3.36 ms
RR: 	n1
	n2
	n3
	n3
	n1

116 bytes from n3 icmp_seq=3 ttl=50 time=1.70 ms	(same route)
116 bytes from n3 icmp_seq=4 ttl=50 time=2.54 ms	(same route)
116 bytes from n3 icmp_seq=5 ttl=50 time=1.71 ms	(same route)
116 bytes from n3 icmp_seq=6 ttl=50 time=1.83 ms	(same route)
116 bytes from n3 icmp_seq=7 ttl=50 time=13.24 ms	(same route)
116 bytes from n3 icmp_seq=8 ttl=50 time=12.34 ms	(same route)
116 bytes from n3 icmp_seq=9 ttl=50 time=10.30 ms	(same route)
116 bytes from n3 icmp_seq=10 ttl=50 time=2.68 ms	(same route)
116 bytes from n3 icmp_seq=11 ttl=50 time=9.91 ms	(same route)
116 bytes from n3 icmp_seq=12 ttl=50 time=1.94 ms	(same route)
116 bytes from n3 icmp_seq=13 ttl=50 time=15.74 ms	(same route)
116 bytes from n3 icmp_seq=14 ttl=50 time=9.68 ms
RR: 	n1
	n3
	n3
	n1

116 bytes from n3 icmp_seq=15 ttl=50 time=1.22 ms	(same route)
116 bytes from n3 icmp_seq=16 ttl=50 time=1.75 ms
RR: 	n1
	n2
	n3
	n3
	n1

116 bytes from n3 icmp_seq=17 ttl=50 time=3.73 ms	(same route)
116 bytes from n3 icmp_seq=18 ttl=50 time=7.07 ms	(same route)
116 bytes from n3 icmp_seq=19 ttl=50 time=3.17 ms	(same route)
116 bytes from n3 icmp_seq=20 ttl=50 time=3.18 ms	(same route)
116 bytes from n3 icmp_seq=21 ttl=50 time=8.24 ms	(same route)
116 bytes from n3 icmp_seq=22 ttl=50 time=13.24 ms	(same route)
116 bytes from n3 icmp_seq=23 ttl=50 time=12.12 ms	(same route)
116 bytes from n3 icmp_seq=24 ttl=50 time=1.78 ms	(same route)
116 bytes from n3 icmp_seq=25 ttl=50 time=8.96 ms
RR: 	n1
	n3
	n3
	n1

116 bytes from n3 icmp_seq=26 ttl=50 time=1.17 ms	(same route)
116 bytes from n3 icmp_seq=27 ttl=50 time=1.24 ms	(same route)
116 bytes from n3 icmp_seq=28 ttl=50 time=2.53 ms	(same route)
116 bytes from n3 icmp_seq=29 ttl=49 time=9.62 ms
RR: 	n1
	n3
	n3
	n2
	n1

116 bytes from n3 icmp_seq=30 ttl=49 time=4.81 ms	(same route)
116 bytes from n3 icmp_seq=31 ttl=49 time=2.48 ms	(same route)
116 bytes from n3 icmp_seq=32 ttl=49 time=3.65 ms	(same route)
116 bytes from n3 icmp_seq=33 ttl=49 time=16.25 ms	(same route)
116 bytes from n3 icmp_seq=34 ttl=49 time=1.74 ms	(same route)
116 bytes from n3 icmp_seq=35 ttl=49 time=2.70 ms	(same route)
116 bytes from n3 icmp_seq=36 ttl=49 time=6.45 ms	(same route)
116 bytes from n3 icmp_seq=37 ttl=49 time=5.89 ms	(same route)
116 bytes from n3 icmp_seq=38 ttl=49 time=2.13 ms	(same route)
116 bytes from n3 icmp_seq=39 ttl=49 time=1.91 ms	(same route)
116 bytes from n3 icmp_seq=40 ttl=49 time=1.68 ms	(same route)
116 bytes from n3 icmp_seq=41 ttl=49 time=2.69 ms	(same route)
116 bytes from n3 icmp_seq=42 ttl=49 time=2.23 ms	(same route)
116 bytes from n3 icmp_seq=43 ttl=49 time=1.88 ms	(same route)
116 bytes from n3 icmp_seq=44 ttl=49 time=1.81 ms	(same route)
116 bytes from n3 icmp_seq=45 ttl=49 time=1.71 ms	(same route)
116 bytes from n3 icmp_seq=46 ttl=49 time=1.78 ms	(same route)
116 bytes from n3 icmp_seq=47 ttl=49 time=4.02 ms	(same route)
116 bytes from n3 icmp_seq=48 ttl=49 time=35.91 ms	(same route)
116 bytes from n3 icmp_seq=49 ttl=49 time=10.47 ms	(same route)
116 bytes from n3 icmp_seq=50 ttl=49 time=1.70 ms	(same route)
116 bytes from n3 icmp_seq=51 ttl=49 time=1.71 ms	(same route)
116 bytes from n3 icmp_seq=52 ttl=49 time=1.72 ms	(same route)
116 bytes from n3 icmp_seq=53 ttl=49 time=2.04 ms	(same route)
116 bytes from n3 icmp_seq=54 ttl=49 time=1.81 ms	(same route)
116 bytes from n3 icmp_seq=55 ttl=49 time=17.53 ms	(same route)
116 bytes from n3 icmp_seq=56 ttl=49 time=1.64 ms	(same route)
116 bytes from n3 icmp_seq=57 ttl=49 time=2.25 ms	(same route)
116 bytes from n3 icmp_seq=58 ttl=49 time=10.61 ms	(same route)
116 bytes from n3 icmp_seq=59 ttl=49 time=1.69 ms	(same route)
116 bytes from n3 icmp_seq=60 ttl=49 time=30.93 ms	(same route)
116 bytes from n3 icmp_seq=61 ttl=49 time=2.72 ms	(same route)
116 bytes from n3 icmp_seq=62 ttl=49 time=2.78 ms	(same route)
116 bytes from n3 icmp_seq=63 ttl=50 time=4.38 ms
RR: 	n1
	n3
	n3
	n1

116 bytes from n3 icmp_seq=64 ttl=50 time=1.59 ms	(same route)
116 bytes from n3 icmp_seq=65 ttl=50 time=12.59 ms	(same route)
116 bytes from n3 icmp_seq=66 ttl=50 time=2.11 ms	(same route)
116 bytes from n3 icmp_seq=67 ttl=50 time=8.94 ms	(same route)
116 bytes from n3 icmp_seq=68 ttl=50 time=1.20 ms	(same route)
116 bytes from n3 icmp_seq=69 ttl=49 time=3.26 ms
RR: 	n1
	n3
	n3
	n2
	n1

116 bytes from n3 icmp_seq=70 ttl=49 time=3.53 ms	(same route)
116 bytes from n3 icmp_seq=71 ttl=49 time=1.68 ms	(same route)
116 bytes from n3 icmp_seq=72 ttl=49 time=2.36 ms	(same route)
116 bytes from n3 icmp_seq=73 ttl=49 time=3.80 ms	(same route)
116 bytes from n3 icmp_seq=74 ttl=49 time=4.92 ms	(same route)
116 bytes from n3 icmp_seq=75 ttl=49 time=1.91 ms	(same route)
116 bytes from n3 icmp_seq=76 ttl=49 time=4.79 ms	(same route)
116 bytes from n3 icmp_seq=77 ttl=49 time=8.98 ms	(same route)
116 bytes from n3 icmp_seq=78 ttl=50 time=3.43 ms
RR: 	n1
	n3
	n3
	n1

116 bytes from n3 icmp_seq=79 ttl=49 time=3.65 ms
RR: 	n1
	n3
	n3
	n2
	n1

116 bytes from n3 icmp_seq=80 ttl=49 time=1.64 ms	(same route)
116 bytes from n3 icmp_seq=81 ttl=49 time=2.07 ms	(same route)
116 bytes from n3 icmp_seq=82 ttl=49 time=1.92 ms	(same route)
116 bytes from n3 icmp_seq=83 ttl=49 time=2.57 ms	(same route)
116 bytes from n3 icmp_seq=84 ttl=50 time=3.19 ms
RR: 	n1
	n3
	n3
	n1

116 bytes from n3 icmp_seq=85 ttl=50 time=1.91 ms	(same route)
116 bytes from n3 icmp_seq=86 ttl=49 time=3.64 ms
RR: 	n1
	n3
	n3
	n2
	n1

116 bytes from n3 icmp_seq=87 ttl=50 time=8.56 ms
RR: 	n1
	n3
	n3
	n1

116 bytes from n3 icmp_seq=88 ttl=49 time=1.73 ms
RR: 	n1
	n3
	n3
	n2
	n1

116 bytes from n3 icmp_seq=89 ttl=49 time=8.12 ms	(same route)
116 bytes from n3 icmp_seq=90 ttl=49 time=8.06 ms	(same route)
116 bytes from n3 icmp_seq=91 ttl=49 time=3.22 ms	(same route)
116 bytes from n3 icmp_seq=92 ttl=49 time=2.27 ms	(same route)
116 bytes from n3 icmp_seq=93 ttl=49 time=4.04 ms	(same route)
116 bytes from n3 icmp_seq=94 ttl=49 time=2.46 ms	(same route)
116 bytes from n3 icmp_seq=95 ttl=49 time=4.30 ms	(same route)
116 bytes from n3 icmp_seq=96 ttl=49 time=3.90 ms	(same route)
116 bytes from n3 icmp_seq=97 ttl=49 time=10.59 ms	(same route)
116 bytes from n3 icmp_seq=98 ttl=49 time=19.75 ms	(same route)
116 bytes from n3 icmp_seq=99 ttl=49 time=1.92 ms	(same route)
116 bytes from n3 icmp_seq=100 ttl=49 time=2.94 ms	(same route)
116 bytes from n3 icmp_seq=101 ttl=49 time=3.44 ms	(same route)
116 bytes from n3 icmp_seq=102 ttl=49 time=2.88 ms	(same route)
116 bytes from n3 icmp_seq=103 ttl=49 time=2.86 ms	(same route)
116 bytes from n3 icmp_seq=104 ttl=49 time=2.14 ms	(same route)
116 bytes from n3 icmp_seq=105 ttl=49 time=9.01 ms	(same route)
116 bytes from n3 icmp_seq=106 ttl=49 time=1.73 ms	(same route)
116 bytes from n3 icmp_seq=107 ttl=49 time=2.29 ms	(same route)
116 bytes from n3 icmp_seq=108 ttl=49 time=31.14 ms	(same route)
116 bytes from n3 icmp_seq=109 ttl=49 time=4.01 ms	(same route)
116 bytes from n3 icmp_seq=110 ttl=49 time=2.04 ms	(same route)
116 bytes from n3 icmp_seq=111 ttl=49 time=4.23 ms	(same route)
116 bytes from n3 icmp_seq=112 ttl=49 time=2.15 ms	(same route)
116 bytes from n3 icmp_seq=113 ttl=49 time=2.62 ms	(same route)
116 bytes from n3 icmp_seq=114 ttl=49 time=2.70 ms	(same route)
116 bytes from n3 icmp_seq=115 ttl=49 time=2.79 ms	(same route)
116 bytes from n3 icmp_seq=116 ttl=49 time=1.73 ms	(same route)
116 bytes from n3 icmp_seq=117 ttl=49 time=5.67 ms	(same route)
116 bytes from n3 icmp_seq=118 ttl=49 time=27.05 ms	(same route)
116 bytes from n3 icmp_seq=119 ttl=49 time=2.21 ms	(same route)
116 bytes from n3 icmp_seq=120 ttl=49 time=1.76 ms	(same route)
116 bytes from n3 icmp_seq=121 ttl=49 time=1.75 ms	(same route)
116 bytes from n3 icmp_seq=122 ttl=49 time=11.29 ms	(same route)
116 bytes from n3 icmp_seq=123 ttl=49 time=6.54 ms	(same route)
116 bytes from n3 icmp_seq=124 ttl=49 time=1.78 ms	(same route)
116 bytes from n3 icmp_seq=125 ttl=49 time=11.66 ms	(same route)
116 bytes from n3 icmp_seq=126 ttl=49 time=1.73 ms	(same route)
116 bytes from n3 icmp_seq=127 ttl=49 time=2.09 ms	(same route)
116 bytes from n3 icmp_seq=128 ttl=49 time=3.27 ms	(same route)
116 bytes from n3 icmp_seq=129 ttl=49 time=34.89 ms	(same route)
116 bytes from n3 icmp_seq=130 ttl=49 time=7.13 ms	(same route)
116 bytes from n3 icmp_seq=131 ttl=49 time=2.94 ms	(same route)
116 bytes from n3 icmp_seq=132 ttl=50 time=5.86 ms
RR: 	n1
	n3
	n3
	n1

116 bytes from n3 icmp_seq=133 ttl=50 time=1.15 ms	(same route)
116 bytes from n3 icmp_seq=134 ttl=50 time=1.31 ms	(same route)
116 bytes from n3 icmp_seq=135 ttl=50 time=9.22 ms	(same route)
116 bytes from n3 icmp_seq=136 ttl=50 time=2.86 ms	(same route)
116 bytes from n3 icmp_seq=137 ttl=50 time=11.23 ms	(same route)
116 bytes from n3 icmp_seq=138 ttl=50 time=68.17 ms	(same route)
116 bytes from n3 icmp_seq=139 ttl=50 time=2.10 ms	(same route)
116 bytes from n3 icmp_seq=140 ttl=50 time=5.66 ms	(same route)
116 bytes from n3 icmp_seq=141 ttl=50 time=3.79 ms	(same route)
116 bytes from n3 icmp_seq=142 ttl=50 time=133.42 ms	(same route)
116 bytes from n3 icmp_seq=143 ttl=50 time=5.19 ms	(same route)
116 bytes from n3 icmp_seq=144 ttl=50 time=202.87 ms	(same route)
116 bytes from n3 icmp_seq=145 ttl=50 time=240.20 ms	(same route)
116 bytes from n3 icmp_seq=146 ttl=50 time=57.51 ms	(same route)
116 bytes from n3 icmp_seq=147 ttl=50 time=108.16 ms	(same route)
116 bytes from n3 icmp_seq=148 ttl=50 time=1.17 ms	(same route)
116 bytes from n3 icmp_seq=149 ttl=50 time=1.43 ms	(same route)
116 bytes from n3 icmp_seq=150 ttl=50 time=3.44 ms	(same route)
116 bytes from n3 icmp_seq=151 ttl=50 time=77.01 ms	(same route)
116 bytes from n3 icmp_seq=152 ttl=50 time=16.05 ms	(same route)
116 bytes from n3 icmp_seq=153 ttl=50 time=12.32 ms	(same route)
116 bytes from n3 icmp_seq=154 ttl=50 time=108.13 ms	(same route)
116 bytes from n3 icmp_seq=155 ttl=50 time=42.80 ms	(same route)
116 bytes from n3 icmp_seq=156 ttl=50 time=137.44 ms	(same route)
116 bytes from n3 icmp_seq=157 ttl=50 time=79.27 ms	(same route)
116 bytes from n3 icmp_seq=158 ttl=50 time=440.88 ms	(same route)
116 bytes from n3 icmp_seq=159 ttl=50 time=58.13 ms	(same route)
116 bytes from n3 icmp_seq=160 ttl=50 time=76.13 ms	(same route)
116 bytes from n3 icmp_seq=161 ttl=50 time=2.43 ms	(same route)
116 bytes from n3 icmp_seq=162 ttl=50 time=8.12 ms	(same route)
116 bytes from n3 icmp_seq=163 ttl=50 time=3.52 ms	(same route)
116 bytes from n3 icmp_seq=164 ttl=50 time=2.06 ms	(same route)
116 bytes from n3 icmp_seq=165 ttl=50 time=1.17 ms	(same route)
116 bytes from n3 icmp_seq=166 ttl=50 time=1.73 ms
RR: 	n1
	n2
	n3
	n3
	n1

116 bytes from n3 icmp_seq=167 ttl=50 time=25.64 ms	(same route)
116 bytes from n3 icmp_seq=168 ttl=50 time=4.57 ms	(same route)
116 bytes from n3 icmp_seq=169 ttl=50 time=1.68 ms	(same route)
116 bytes from n3 icmp_seq=170 ttl=50 time=3.68 ms	(same route)
116 bytes from n3 icmp_seq=171 ttl=50 time=1.81 ms	(same route)
116 bytes from n3 icmp_seq=172 ttl=50 time=27.82 ms	(same route)
116 bytes from n3 icmp_seq=173 ttl=50 time=4.64 ms	(same route)
116 bytes from n3 icmp_seq=174 ttl=50 time=2.52 ms	(same route)
116 bytes from n3 icmp_seq=175 ttl=50 time=2.84 ms	(same route)
116 bytes from n3 icmp_seq=176 ttl=50 time=1.82 ms	(same route)
116 bytes from n3 icmp_seq=177 ttl=50 time=1.94 ms	(same route)
116 bytes from n3 icmp_seq=178 ttl=50 time=12.42 ms	(same route)
116 bytes from n3 icmp_seq=179 ttl=50 time=1.77 ms	(same route)
116 bytes from n3 icmp_seq=180 ttl=50 time=4.21 ms	(same route)
116 bytes from n3 icmp_seq=181 ttl=50 time=2.76 ms	(same route)
116 bytes from n3 icmp_seq=182 ttl=50 time=4.20 ms	(same route)
116 bytes from n3 icmp_seq=183 ttl=50 time=5.82 ms	(same route)
116 bytes from n3 icmp_seq=184 ttl=50 time=4.31 ms	(same route)
116 bytes from n3 icmp_seq=185 ttl=50 time=12.31 ms	(same route)
116 bytes from n3 icmp_seq=186 ttl=50 time=1.76 ms	(same route)
116 bytes from n3 icmp_seq=187 ttl=50 time=2.73 ms	(same route)
116 bytes from n3 icmp_seq=188 ttl=50 time=1.76 ms	(same route)
116 bytes from n3 icmp_seq=189 ttl=50 time=2.37 ms	(same route)
116 bytes from n3 icmp_seq=190 ttl=50 time=1.93 ms	(same route)
116 bytes from n3 icmp_seq=191 ttl=50 time=2.36 ms	(same route)
116 bytes from n3 icmp_seq=192 ttl=50 time=4.16 ms	(same route)
116 bytes from n3 icmp_seq=193 ttl=50 time=1.66 ms	(same route)
116 bytes from n3 icmp_seq=194 ttl=50 time=9.53 ms	(same route)
116 bytes from n3 icmp_seq=195 ttl=50 time=1.69 ms	(same route)
116 bytes from n3 icmp_seq=196 ttl=50 time=1.85 ms	(same route)
116 bytes from n3 icmp_seq=197 ttl=50 time=6.05 ms	(same route)
116 bytes from n3 icmp_seq=198 ttl=50 time=1.76 ms	(same route)
116 bytes from n3 icmp_seq=199 ttl=50 time=2.84 ms	(same route)
116 bytes from n3 icmp_seq=200 ttl=50 time=4.58 ms	(same route)
116 bytes from n3 icmp_seq=201 ttl=50 time=2.84 ms	(same route)
116 bytes from n3 icmp_seq=202 ttl=50 time=2.65 ms	(same route)
116 bytes from n3 icmp_seq=203 ttl=50 time=2.56 ms	(same route)
116 bytes from n3 icmp_seq=204 ttl=50 time=5.49 ms	(same route)
116 bytes from n3 icmp_seq=205 ttl=50 time=2.67 ms	(same route)
116 bytes from n3 icmp_seq=206 ttl=50 time=8.08 ms	(same route)
116 bytes from n3 icmp_seq=207 ttl=50 time=1.87 ms	(same route)
116 bytes from n3 icmp_seq=208 ttl=50 time=3.82 ms	(same route)
116 bytes from n3 icmp_seq=209 ttl=50 time=1.69 ms	(same route)
116 bytes from n3 icmp_seq=210 ttl=50 time=1.80 ms	(same route)
116 bytes from n3 icmp_seq=211 ttl=50 time=2.86 ms	(same route)
116 bytes from n3 icmp_seq=212 ttl=50 time=1.92 ms	(same route)
116 bytes from n3 icmp_seq=213 ttl=50 time=1.83 ms	(same route)
116 bytes from n3 icmp_seq=214 ttl=50 time=4.87 ms	(same route)
116 bytes from n3 icmp_seq=215 ttl=50 time=2.29 ms	(same route)
116 bytes from n3 icmp_seq=216 ttl=50 time=2.89 ms	(same route)
116 bytes from n3 icmp_seq=217 ttl=50 time=4.72 ms	(same route)
116 bytes from n3 icmp_seq=218 ttl=50 time=1.79 ms	(same route)
116 bytes from n3 icmp_seq=219 ttl=50 time=3.73 ms	(same route)
116 bytes from n3 icmp_seq=220 ttl=50 time=2.58 ms	(same route)
116 bytes from n3 icmp_seq=221 ttl=50 time=2.12 ms
RR: 	n1
	n3
	n3
	n1

116 bytes from n3 icmp_seq=222 ttl=50 time=1.25 ms	(same route)
116 bytes from n3 icmp_seq=223 ttl=50 time=2.15 ms	(same route)
116 bytes from n3 icmp_seq=224 ttl=50 time=2.67 ms	(same route)
116 bytes from n3 icmp_seq=225 ttl=50 time=1.18 ms	(same route)
116 bytes from n3 icmp_seq=226 ttl=50 time=2.21 ms	(same route)
116 bytes from n3 icmp_seq=227 ttl=50 time=5.02 ms	(same route)
116 bytes from n3 icmp_seq=228 ttl=50 time=4.65 ms	(same route)
116 bytes from n3 icmp_seq=229 ttl=50 time=3.53 ms	(same route)
116 bytes from n3 icmp_seq=230 ttl=50 time=3.72 ms	(same route)
116 bytes from n3 icmp_seq=231 ttl=50 time=1.79 ms	(same route)
116 bytes from n3 icmp_seq=232 ttl=50 time=1.58 ms	(same route)
116 bytes from n3 icmp_seq=233 ttl=50 time=4.37 ms	(same route)
116 bytes from n3 icmp_seq=234 ttl=50 time=1.77 ms
RR: 	n1
	n2
	n3
	n3
	n1

116 bytes from n3 icmp_seq=235 ttl=50 time=1.76 ms	(same route)
116 bytes from n3 icmp_seq=236 ttl=50 time=8.41 ms
RR: 	n1
	n3
	n3
	n1

116 bytes from n3 icmp_seq=237 ttl=50 time=2.06 ms	(same route)
116 bytes from n3 icmp_seq=238 ttl=50 time=1.33 ms	(same route)
116 bytes from n3 icmp_seq=239 ttl=50 time=1.51 ms	(same route)
116 bytes from n3 icmp_seq=240 ttl=50 time=2.25 ms	(same route)
116 bytes from n3 icmp_seq=241 ttl=50 time=1.10 ms	(same route)
116 bytes from n3 icmp_seq=242 ttl=50 time=14.75 ms	(same route)
116 bytes from n3 icmp_seq=243 ttl=50 time=1.63 ms	(same route)
116 bytes from n3 icmp_seq=244 ttl=50 time=9.34 ms	(same route)
116 bytes from n3 icmp_seq=245 ttl=50 time=8.23 ms
RR: 	n1
	n2
	n3
	n3
	n1

116 bytes from n3 icmp_seq=246 ttl=50 time=12.48 ms	(same route)
116 bytes from n3 icmp_seq=247 ttl=50 time=3.35 ms	(same route)
116 bytes from n3 icmp_seq=248 ttl=50 time=2.29 ms	(same route)
116 bytes from n3 icmp_seq=249 ttl=50 time=2.25 ms	(same route)
116 bytes from n3 icmp_seq=250 ttl=50 time=1.47 ms	(same route)
116 bytes from n3 icmp_seq=251 ttl=50 time=4.34 ms	(same route)
116 bytes from n3 icmp_seq=252 ttl=50 time=2.76 ms	(same route)
116 bytes from n3 icmp_seq=253 ttl=50 time=1.78 ms	(same route)
116 bytes from n3 icmp_seq=254 ttl=50 time=2.27 ms
RR: 	n1
	n2
	n5
	n3
	n3
	n1

116 bytes from n3 icmp_seq=255 ttl=50 time=8.76 ms	(same route)
116 bytes from n3 icmp_seq=256 ttl=50 time=3.71 ms	(same route)
116 bytes from n3 icmp_seq=257 ttl=50 time=13.82 ms
RR: 	n1
	n2
	n3
	n3
	n1

116 bytes from n3 icmp_seq=258 ttl=50 time=8.10 ms	(same route)
116 bytes from n3 icmp_seq=259 ttl=50 time=2.75 ms	(same route)
116 bytes from n3 icmp_seq=260 ttl=50 time=1.82 ms	(same route)
116 bytes from n3 icmp_seq=261 ttl=50 time=8.63 ms	(same route)
116 bytes from n3 icmp_seq=262 ttl=50 time=1.66 ms	(same route)
116 bytes from n3 icmp_seq=263 ttl=50 time=1.85 ms	(same route)
116 bytes from n3 icmp_seq=264 ttl=50 time=6.79 ms	(same route)
116 bytes from n3 icmp_seq=265 ttl=50 time=1.67 ms	(same route)
116 bytes from n3 icmp_seq=266 ttl=50 time=1.70 ms	(same route)
116 bytes from n3 icmp_seq=267 ttl=50 time=11.43 ms	(same route)
116 bytes from n3 icmp_seq=268 ttl=50 time=16.36 ms	(same route)
116 bytes from n3 icmp_seq=269 ttl=50 time=7.27 ms	(same route)
116 bytes from n3 icmp_seq=270 ttl=50 time=1.63 ms	(same route)
116 bytes from n3 icmp_seq=271 ttl=50 time=1.71 ms	(same route)
116 bytes from n3 icmp_seq=272 ttl=50 time=1.76 ms	(same route)
116 bytes from n3 icmp_seq=273 ttl=50 time=2.95 ms	(same route)
116 bytes from n3 icmp_seq=274 ttl=50 time=6.57 ms	(same route)
116 bytes from n3 icmp_seq=275 ttl=50 time=4.44 ms	(same route)
116 bytes from n3 icmp_seq=276 ttl=50 time=1.72 ms
RR: 	n1
	n3
	n3
	n1

116 bytes from n3 icmp_seq=277 ttl=50 time=11.21 ms	(same route)
116 bytes from n3 icmp_seq=278 ttl=50 time=2.89 ms	(same route)
116 bytes from n3 icmp_seq=279 ttl=50 time=2.20 ms	(same route)
116 bytes from n3 icmp_seq=280 ttl=50 time=1.97 ms	(same route)
116 bytes from n3 icmp_seq=281 ttl=49 time=8.70 ms
RR: 	n1
	n3
	n3
	n2
	n1

116 bytes from n3 icmp_seq=282 ttl=49 time=1.69 ms	(same route)
116 bytes from n3 icmp_seq=283 ttl=49 time=1.84 ms	(same route)
116 bytes from n3 icmp_seq=284 ttl=49 time=5.29 ms	(same route)
116 bytes from n3 icmp_seq=285 ttl=49 time=5.03 ms	(same route)
116 bytes from n3 icmp_seq=286 ttl=49 time=1.81 ms	(same route)
116 bytes from n3 icmp_seq=287 ttl=49 time=7.40 ms	(same route)
116 bytes from n3 icmp_seq=288 ttl=49 time=4.29 ms	(same route)
116 bytes from n3 icmp_seq=289 ttl=49 time=1.74 ms	(same route)
116 bytes from n3 icmp_seq=290 ttl=49 time=9.88 ms	(same route)
116 bytes from n3 icmp_seq=291 ttl=49 time=9.19 ms	(same route)
116 bytes from n3 icmp_seq=292 ttl=49 time=1.99 ms	(same route)
116 bytes from n3 icmp_seq=293 ttl=49 time=2.16 ms	(same route)
116 bytes from n3 icmp_seq=294 ttl=49 time=1.69 ms	(same route)
116 bytes from n3 icmp_seq=295 ttl=49 time=1.76 ms	(same route)
116 bytes from n3 icmp_seq=296 ttl=49 time=1.60 ms	(same route)
116 bytes from n3 icmp_seq=297 ttl=49 time=1.80 ms	(same route)
116 bytes from n3 icmp_seq=298 ttl=49 time=2.11 ms	(same route)
116 bytes from n3 icmp_seq=299 ttl=49 time=3.37 ms	(same route)
116 bytes from n3 icmp_seq=300 ttl=49 time=5.72 ms	(same route)
--- n3 ping statistics ---
300 packets transmitted, 300 received, 0% packet loss
rtt min/avg/max/mdev = 1.097/10.814/440.880/34.873 ms
