PING n1 (00:00:0d:18:08:01) 116(144) bytes of data
116 bytes from n1 icmp_seq=1 ttl=49 time=9.08 ms
RR: 	n3
	n1
	n1
	n2
	n3

116 bytes from n1 icmp_seq=2 ttl=50 time=1.23 ms
RR: 	n3
	n1
	n1
	n3

116 bytes from n1 icmp_seq=3 ttl=50 time=1.18 ms	(same route)
116 bytes from n1 icmp_seq=4 ttl=49 time=1.74 ms
RR: 	n3
	n1
	n1
	n2
	n3

116 bytes from n1 icmp_seq=5 ttl=49 time=1.82 ms	(same route)
116 bytes from n1 icmp_seq=6 ttl=49 time=1.69 ms	(same route)
116 bytes from n1 icmp_seq=7 ttl=49 time=1.75 ms	(same route)
116 bytes from n1 icmp_seq=8 ttl=49 time=8.12 ms	(same route)
116 bytes from n1 icmp_seq=9 ttl=49 time=1.71 ms	(same route)
116 bytes from n1 icmp_seq=10 ttl=49 time=2.90 ms	(same route)
116 bytes from n1 icmp_seq=11 ttl=49 time=1.82 ms	(same route)
116 bytes from n1 icmp_seq=12 ttl=49 time=4.65 ms	(same route)
116 bytes from n1 icmp_seq=13 ttl=49 time=10.23 ms	(same route)
116 bytes from n1 icmp_seq=14 ttl=49 time=2.35 ms	(same route)
116 bytes from n1 icmp_seq=15 ttl=50 time=5.37 ms
RR: 	n3
	n1
	n1
	n3

116 bytes from n1 icmp_seq=16 ttl=50 time=1.25 ms	(same route)
116 bytes from n1 icmp_seq=17 ttl=49 time=9.97 ms
RR: 	n3
	n1
	n1
	n2
	n3

116 bytes from n1 icmp_seq=18 ttl=49 time=2.09 ms	(same route)
116 bytes from n1 icmp_seq=19 ttl=49 time=1.81 ms	(same route)
116 bytes from n1 icmp_seq=20 ttl=49 time=1.60 ms	(same route)
116 bytes from n1 icmp_seq=21 ttl=49 time=1.72 ms	(same route)
116 bytes from n1 icmp_seq=22 ttl=49 time=5.86 ms	(same route)
116 bytes from n1 icmp_seq=23 ttl=49 time=1.72 ms	(same route)
116 bytes from n1 icmp_seq=24 ttl=49 time=1.71 ms	(same route)
116 bytes from n1 icmp_seq=25 ttl=49 time=2.58 ms	(same route)
116 bytes from n1 icmp_seq=26 ttl=50 time=1.14 ms
RR: 	n3
	n1
	n1
	n3

116 bytes from n1 icmp_seq=27 ttl=50 time=1.20 ms	(same route)
116 bytes from n1 icmp_seq=28 ttl=50 time=1.20 ms	(same route)
116 bytes from n1 icmp_seq=29 ttl=50 time=2.47 ms	(same route)
116 bytes from n1 icmp_seq=30 ttl=50 time=1.75 ms
RR: 	n3
	n2
	n1
	n1
	n3

116 bytes from n1 icmp_seq=31 ttl=50 time=1.71 ms	(same route)
116 bytes from n1 icmp_seq=32 ttl=50 time=4.58 ms	(same route)
116 bytes from n1 icmp_seq=33 ttl=50 time=5.79 ms	(same route)
116 bytes from n1 icmp_seq=34 ttl=50 time=1.78 ms	(same route)
116 bytes from n1 icmp_seq=35 ttl=50 time=1.76 ms	(same route)
116 bytes from n1 icmp_seq=36 ttl=50 time=2.28 ms	(same route)
116 bytes from n1 icmp_seq=37 ttl=50 time=8.39 ms	(same route)
116 bytes from n1 icmp_seq=38 ttl=50 time=4.41 ms	(same route)
116 bytes from n1 icmp_seq=39 ttl=50 time=5.52 ms	(same route)
116 bytes from n1 icmp_seq=40 ttl=50 time=4.29 ms	(same route)
116 bytes from n1 icmp_seq=41 ttl=50 time=4.79 ms	(same route)
116 bytes from n1 icmp_seq=42 ttl=50 time=3.48 ms	(same route)
116 bytes from n1 icmp_seq=43 ttl=50 time=36.30 ms	(same route)
116 bytes from n1 icmp_seq=44 ttl=50 time=21.95 ms	(same route)
116 bytes from n1 icmp_seq=45 ttl=50 time=8.32 ms	(same route)
116 bytes from n1 icmp_seq=46 ttl=50 time=1.74 ms	(same route)
116 bytes from n1 icmp_seq=47 ttl=50 time=1.71 ms	(same route)
116 bytes from n1 icmp_seq=48 ttl=50 time=3.01 ms	(same route)
116 bytes from n1 icmp_seq=49 ttl=50 time=1.68 ms	(same route)
116 bytes from n1 icmp_seq=50 ttl=50 time=1.77 ms	(same route)
116 bytes from n1 icmp_seq=51 ttl=50 time=1.73 ms	(same route)
116 bytes from n1 icmp_seq=52 ttl=50 time=2.18 ms	(same route)
116 bytes from n1 icmp_seq=53 ttl=50 time=1.74 ms	(same route)
116 bytes from n1 icmp_seq=54 ttl=50 time=5.98 ms	(same route)
116 bytes from n1 icmp_seq=55 ttl=50 time=5.59 ms	(same route)
116 bytes from n1 icmp_seq=56 ttl=50 time=5.38 ms	(same route)
116 bytes from n1 icmp_seq=57 ttl=50 time=1.69 ms	(same route)
116 bytes from n1 icmp_seq=58 ttl=50 time=2.11 ms	(same route)
116 bytes from n1 icmp_seq=59 ttl=50 time=1.77 ms	(same route)
116 bytes from n1 icmp_seq=60 ttl=50 time=4.23 ms	(same route)
116 bytes from n1 icmp_seq=61 ttl=50 time=8.21 ms	(same route)
116 bytes from n1 icmp_seq=62 ttl=50 time=1.78 ms	(same route)
116 bytes from n1 icmp_seq=63 ttl=50 time=1.98 ms	(same route)
116 bytes from n1 icmp_seq=64 ttl=50 time=1.16 ms
RR: 	n3
	n1
	n1
	n3

116 bytes from n1 icmp_seq=65 ttl=50 time=5.67 ms	(same route)
116 bytes from n1 icmp_seq=66 ttl=50 time=1.19 ms	(same route)
116 bytes from n1 icmp_seq=67 ttl=50 time=1.21 ms	(same route)
116 bytes from n1 icmp_seq=68 ttl=50 time=1.16 ms	(same route)
116 bytes from n1 icmp_seq=69 ttl=50 time=4.61 ms	(same route)
116 bytes from n1 icmp_seq=70 ttl=50 time=2.73 ms
RR: 	n3
	n2
	n1
	n1
	n3

116 bytes from n1 icmp_seq=71 ttl=50 time=2.75 ms	(same route)
116 bytes from n1 icmp_seq=72 ttl=50 time=3.12 ms	(same route)
116 bytes from n1 icmp_seq=73 ttl=50 time=3.85 ms	(same route)
116 bytes from n1 icmp_seq=74 ttl=50 time=1.75 ms	(same route)
116 bytes from n1 icmp_seq=75 ttl=50 time=18.94 ms	(same route)
116 bytes from n1 icmp_seq=76 ttl=50 time=10.89 ms	(same route)
116 bytes from n1 icmp_seq=77 ttl=50 time=1.70 ms	(same route)
116 bytes from n1 icmp_seq=78 ttl=50 time=4.27 ms	(same route)
116 bytes from n1 icmp_seq=79 ttl=50 time=4.33 ms
RR: 	n3
	n1
	n1
	n3

116 bytes from n1 icmp_seq=80 ttl=50 time=1.76 ms
RR: 	n3
	n2
	n1
	n1
	n3

116 bytes from n1 icmp_seq=81 ttl=50 time=1.70 ms	(same route)
116 bytes from n1 icmp_seq=82 ttl=50 time=2.70 ms	(same route)
116 bytes from n1 icmp_seq=83 ttl=50 time=3.64 ms	(same route)
116 bytes from n1 icmp_seq=84 ttl=50 time=9.06 ms	(same route)
116 bytes from n1 icmp_seq=85 ttl=50 time=5.76 ms	(same route)
116 bytes from n1 icmp_seq=86 ttl=50 time=2.20 ms
RR: 	n3
	n1
	n1
	n3

116 bytes from n1 icmp_seq=87 ttl=50 time=3.23 ms
RR: 	n3
	n2
	n1
	n1
	n3

116 bytes from n1 icmp_seq=88 ttl=50 time=1.19 ms
RR: 	n3
	n1
	n1
	n3

116 bytes from n1 icmp_seq=89 ttl=50 time=2.79 ms
RR: 	n3
	n2
	n1
	n1
	n3

116 bytes from n1 icmp_seq=90 ttl=50 time=2.82 ms	(same route)
116 bytes from n1 icmp_seq=91 ttl=50 time=1.68 ms	(same route)
116 bytes from n1 icmp_seq=92 ttl=50 time=2.88 ms	(same route)
116 bytes from n1 icmp_seq=93 ttl=50 time=1.72 ms	(same route)
116 bytes from n1 icmp_seq=94 ttl=50 time=8.51 ms	(same route)
116 bytes from n1 icmp_seq=95 ttl=50 time=1.78 ms	(same route)
116 bytes from n1 icmp_seq=96 ttl=50 time=5.35 ms	(same route)
116 bytes from n1 icmp_seq=97 ttl=50 time=2.23 ms	(same route)
116 bytes from n1 icmp_seq=98 ttl=50 time=1.61 ms	(same route)
116 bytes from n1 icmp_seq=99 ttl=50 time=2.71 ms	(same route)
116 bytes from n1 icmp_seq=100 ttl=50 time=7.21 ms	(same route)
116 bytes from n1 icmp_seq=101 ttl=50 time=1.66 ms	(same route)
116 bytes from n1 icmp_seq=102 ttl=50 time=2.30 ms	(same route)
116 bytes from n1 icmp_seq=103 ttl=50 time=13.00 ms	(same route)
116 bytes from n1 icmp_seq=104 ttl=50 time=1.72 ms	(same route)
116 bytes from n1 icmp_seq=105 ttl=50 time=4.29 ms	(same route)
116 bytes from n1 icmp_seq=106 ttl=50 time=2.77 ms	(same route)
116 bytes from n1 icmp_seq=107 ttl=50 time=6.30 ms	(same route)
116 bytes from n1 icmp_seq=108 ttl=50 time=1.68 ms	(same route)
116 bytes from n1 icmp_seq=109 ttl=50 time=1.74 ms	(same route)
116 bytes from n1 icmp_seq=110 ttl=50 time=1.83 ms	(same route)
116 bytes from n1 icmp_seq=111 ttl=50 time=1.61 ms	(same route)
116 bytes from n1 icmp_seq=112 ttl=50 time=2.31 ms	(same route)
116 bytes from n1 icmp_seq=113 ttl=50 time=25.93 ms	(same route)
116 bytes from n1 icmp_seq=114 ttl=50 time=11.70 ms	(same route)
116 bytes from n1 icmp_seq=115 ttl=50 time=5.75 ms	(same route)
116 bytes from n1 icmp_seq=116 ttl=50 time=3.86 ms	(same route)
116 bytes from n1 icmp_seq=117 ttl=50 time=2.83 ms	(same route)
116 bytes from n1 icmp_seq=118 ttl=50 time=1.92 ms	(same route)
116 bytes from n1 icmp_seq=119 ttl=50 time=1.72 ms	(same route)
116 bytes from n1 icmp_seq=120 ttl=50 time=1.79 ms	(same route)
116 bytes from n1 icmp_seq=121 ttl=50 time=2.34 ms	(same route)
116 bytes from n1 icmp_seq=122 ttl=50 time=4.97 ms	(same route)
116 bytes from n1 icmp_seq=123 ttl=50 time=1.99 ms	(same route)
116 bytes from n1 icmp_seq=124 ttl=50 time=3.46 ms	(same route)
116 bytes from n1 icmp_seq=125 ttl=50 time=3.93 ms	(same route)
116 bytes from n1 icmp_seq=126 ttl=50 time=5.73 ms	(same route)
116 bytes from n1 icmp_seq=127 ttl=50 time=2.63 ms	(same route)
116 bytes from n1 icmp_seq=128 ttl=50 time=1.71 ms	(same route)
116 bytes from n1 icmp_seq=129 ttl=50 time=8.23 ms	(same route)
116 bytes from n1 icmp_seq=130 ttl=50 time=1.86 ms	(same route)
116 bytes from n1 icmp_seq=131 ttl=50 time=2.36 ms	(same route)
116 bytes from n1 icmp_seq=132 ttl=50 time=1.85 ms	(same route)
116 bytes from n1 icmp_seq=133 ttl=50 time=1.20 ms
RR: 	n3
	n1
	n1
	n3

116 bytes from n1 icmp_seq=134 ttl=50 time=0.99 ms	(same route)
116 bytes from n1 icmp_seq=135 ttl=50 time=5.62 ms	(same route)
116 bytes from n1 icmp_seq=136 ttl=50 time=1.39 ms	(same route)
116 bytes from n1 icmp_seq=137 ttl=50 time=1.62 ms	(same route)
116 bytes from n1 icmp_seq=138 ttl=50 time=3.07 ms	(same route)
116 bytes from n1 icmp_seq=139 ttl=50 time=4.02 ms	(same route)
116 bytes from n1 icmp_seq=140 ttl=50 time=4.34 ms	(same route)
116 bytes from n1 icmp_seq=141 ttl=50 time=2.67 ms	(same route)
116 bytes from n1 icmp_seq=142 ttl=50 time=1.19 ms	(same route)
116 bytes from n1 icmp_seq=143 ttl=50 time=279.90 ms	(same route)
116 bytes from n1 icmp_seq=144 ttl=50 time=50.84 ms	(same route)
116 bytes from n1 icmp_seq=145 ttl=50 time=2.35 ms	(same route)
116 bytes from n1 icmp_seq=146 ttl=50 time=47.87 ms	(same route)
116 bytes from n1 icmp_seq=147 ttl=50 time=202.75 ms	(same route)
116 bytes from n1 icmp_seq=148 ttl=50 time=1.30 ms	(same route)
116 bytes from n1 icmp_seq=149 ttl=50 time=71.78 ms	(same route)
116 bytes from n1 icmp_seq=150 ttl=50 time=1.28 ms	(same route)
116 bytes from n1 icmp_seq=151 ttl=50 time=8.21 ms	(same route)
116 bytes from n1 icmp_seq=152 ttl=50 time=218.99 ms	(same route)
116 bytes from n1 icmp_seq=153 ttl=50 time=34.19 ms	(same route)
116 bytes from n1 icmp_seq=154 ttl=50 time=151.78 ms	(same route)
116 bytes from n1 icmp_seq=155 ttl=50 time=80.46 ms	(same route)
116 bytes from n1 icmp_seq=156 ttl=50 time=188.55 ms	(same route)
116 bytes from n1 icmp_seq=157 ttl=50 time=281.35 ms	(same route)
116 bytes from n1 icmp_seq=158 ttl=50 time=221.46 ms	(same route)
116 bytes from n1 icmp_seq=159 ttl=50 time=138.08 ms	(same route)
116 bytes from n1 icmp_seq=160 ttl=50 time=202.49 ms	(same route)
116 bytes from n1 icmp_seq=161 ttl=50 time=204.48 ms	(same route)
116 bytes from n1 icmp_seq=162 ttl=50 time=98.06 ms	(same route)
116 bytes from n1 icmp_seq=163 ttl=50 time=2.96 ms	(same route)
116 bytes from n1 icmp_seq=164 ttl=50 time=2.96 ms	(same route)
116 bytes from n1 icmp_seq=165 ttl=50 time=6.59 ms	(same route)
116 bytes from n1 icmp_seq=166 ttl=50 time=2.68 ms	(same route)
116 bytes from n1 icmp_seq=167 ttl=49 time=2.65 ms
RR: 	n3
	n1
	n1
	n2
	n3

116 bytes from n1 icmp_seq=168 ttl=49 time=3.39 ms	(same route)
116 bytes from n1 icmp_seq=169 ttl=49 time=3.74 ms	(same route)
116 bytes from n1 icmp_seq=170 ttl=49 time=5.84 ms	(same route)
116 bytes from n1 icmp_seq=171 ttl=49 time=3.43 ms	(same route)
116 bytes from n1 icmp_seq=172 ttl=49 time=1.74 ms	(same route)
116 bytes from n1 icmp_seq=173 ttl=49 time=1.75 ms	(same route)
116 bytes from n1 icmp_seq=174 ttl=49 time=2.22 ms	(same route)
116 bytes from n1 icmp_seq=175 ttl=49 time=2.60 ms	(same route)
116 bytes from n1 icmp_seq=176 ttl=49 time=3.53 ms	(same route)
116 bytes from n1 icmp_seq=177 ttl=49 time=2.79 ms	(same route)
116 bytes from n1 icmp_seq=178 ttl=49 time=5.32 ms	(same route)
116 bytes from n1 icmp_seq=179 ttl=49 time=11.81 ms	(same route)
116 bytes from n1 icmp_seq=180 ttl=49 time=1.74 ms	(same route)
116 bytes from n1 icmp_seq=181 ttl=49 time=12.61 ms	(same route)
116 bytes from n1 icmp_seq=182 ttl=49 time=5.32 ms	(same route)
116 bytes from n1 icmp_seq=183 ttl=49 time=28.23 ms	(same route)
116 bytes from n1 icmp_seq=184 ttl=49 time=1.72 ms	(same route)
116 bytes from n1 icmp_seq=185 ttl=49 time=1.71 ms	(same route)
116 bytes from n1 icmp_seq=186 ttl=49 time=1.69 ms	(same route)
116 bytes from n1 icmp_seq=187 ttl=49 time=5.78 ms	(same route)
116 bytes from n1 icmp_seq=188 ttl=49 time=3.29 ms	(same route)
116 bytes from n1 icmp_seq=189 ttl=49 time=5.34 ms	(same route)
116 bytes from n1 icmp_seq=190 ttl=49 time=1.72 ms	(same route)
116 bytes from n1 icmp_seq=191 ttl=49 time=3.49 ms	(same route)
116 bytes from n1 icmp_seq=192 ttl=49 time=1.73 ms	(same route)
116 bytes from n1 icmp_seq=193 ttl=49 time=1.80 ms	(same route)
116 bytes from n1 icmp_seq=194 ttl=49 time=3.10 ms	(same route)
116 bytes from n1 icmp_seq=195 ttl=49 time=1.73 ms	(same route)
116 bytes from n1 icmp_seq=196 ttl=49 time=5.72 ms	(same route)
116 bytes from n1 icmp_seq=197 ttl=49 time=8.20 ms	(same route)
116 bytes from n1 icmp_seq=198 ttl=49 time=1.71 ms	(same route)
116 bytes from n1 icmp_seq=199 ttl=49 time=1.77 ms	(same route)
116 bytes from n1 icmp_seq=200 ttl=49 time=1.74 ms	(same route)
116 bytes from n1 icmp_seq=201 ttl=49 time=1.72 ms	(same route)
116 bytes from n1 icmp_seq=202 ttl=49 time=1.79 ms	(same route)
116 bytes from n1 icmp_seq=203 ttl=49 time=1.70 ms	(same route)
116 bytes from n1 icmp_seq=204 ttl=49 time=1.86 ms	(same route)
116 bytes from n1 icmp_seq=205 ttl=49 time=2.00 ms	(same route)
116 bytes from n1 icmp_seq=206 ttl=49 time=4.31 ms	(same route)
116 bytes from n1 icmp_seq=207 ttl=49 time=4.27 ms	(same route)
116 bytes from n1 icmp_seq=208 ttl=49 time=19.90 ms	(same route)
116 bytes from n1 icmp_seq=209 ttl=49 time=3.13 ms	(same route)
116 bytes from n1 icmp_seq=210 ttl=49 time=1.73 ms	(same route)
116 bytes from n1 icmp_seq=211 ttl=49 time=2.25 ms	(same route)
116 bytes from n1 icmp_seq=212 ttl=49 time=3.51 ms	(same route)
116 bytes from n1 icmp_seq=213 ttl=49 time=6.01 ms	(same route)
116 bytes from n1 icmp_seq=214 ttl=49 time=1.74 ms	(same route)
116 bytes from n1 icmp_seq=215 ttl=49 time=1.72 ms	(same route)
116 bytes from n1 icmp_seq=216 ttl=49 time=1.77 ms	(same route)
116 bytes from n1 icmp_seq=217 ttl=49 time=1.66 ms	(same route)
116 bytes from n1 icmp_seq=218 ttl=49 time=3.66 ms	(same route)
116 bytes from n1 icmp_seq=219 ttl=49 time=2.55 ms	(same route)
116 bytes from n1 icmp_seq=220 ttl=49 time=1.66 ms	(same route)
116 bytes from n1 icmp_seq=221 ttl=49 time=2.51 ms	(same route)
116 bytes from n1 icmp_seq=222 ttl=50 time=5.74 ms
RR: 	n3
	n1
	n1
	n3

116 bytes from n1 icmp_seq=223 ttl=50 time=1.16 ms	(same route)
116 bytes from n1 icmp_seq=224 ttl=50 time=3.50 ms	(same route)
116 bytes from n1 icmp_seq=225 ttl=50 time=1.87 ms	(same route)
116 bytes from n1 icmp_seq=226 ttl=50 time=1.14 ms	(same route)
116 bytes from n1 icmp_seq=227 ttl=50 time=1.14 ms	(same route)
116 bytes from n1 icmp_seq=228 ttl=50 time=2.74 ms	(same route)
116 bytes from n1 icmp_seq=229 ttl=50 time=1.17 ms	(same route)
116 bytes from n1 icmp_seq=230 ttl=50 time=1.17 ms	(same route)
116 bytes from n1 icmp_seq=231 ttl=50 time=5.67 ms	(same route)
116 bytes from n1 icmp_seq=232 ttl=50 time=1.14 ms	(same route)
116 bytes from n1 icmp_seq=233 ttl=50 time=1.60 ms	(same route)
116 bytes from n1 icmp_seq=234 ttl=50 time=5.45 ms	(same route)
116 bytes from n1 icmp_seq=235 ttl=49 time=1.94 ms
RR: 	n3
	n1
	n1
	n2
	n3

116 bytes from n1 icmp_seq=236 ttl=49 time=2.24 ms	(same route)
116 bytes from n1 icmp_seq=237 ttl=50 time=1.25 ms
RR: 	n3
	n1
	n1
	n3

116 bytes from n1 icmp_seq=238 ttl=50 time=0.72 ms	(same route)
116 bytes from n1 icmp_seq=239 ttl=50 time=1.44 ms	(same route)
116 bytes from n1 icmp_seq=240 ttl=50 time=8.03 ms	(same route)
116 bytes from n1 icmp_seq=241 ttl=50 time=2.75 ms	(same route)
116 bytes from n1 icmp_seq=242 ttl=50 time=1.18 ms	(same route)
116 bytes from n1 icmp_seq=243 ttl=50 time=1.18 ms	(same route)
116 bytes from n1 icmp_seq=244 ttl=50 time=8.35 ms	(same route)
116 bytes from n1 icmp_seq=245 ttl=50 time=1.16 ms	(same route)
116 bytes from n1 icmp_seq=246 ttl=49 time=8.43 ms
RR: 	n3
	n1
	n1
	n2
	n3

116 bytes from n1 icmp_seq=247 ttl=49 time=8.32 ms	(same route)
116 bytes from n1 icmp_seq=248 ttl=49 time=6.34 ms	(same route)
116 bytes from n1 icmp_seq=249 ttl=49 time=1.76 ms	(same route)
116 bytes from n1 icmp_seq=250 ttl=49 time=1.62 ms	(same route)
116 bytes from n1 icmp_seq=251 ttl=49 time=3.85 ms	(same route)
116 bytes from n1 icmp_seq=252 ttl=49 time=1.71 ms	(same route)
116 bytes from n1 icmp_seq=253 ttl=49 time=3.67 ms	(same route)
116 bytes from n1 icmp_seq=254 ttl=49 time=1.76 ms	(same route)
116 bytes from n1 icmp_seq=255 ttl=48 time=2.38 ms
RR: 	n3
	n1
	n1
	n2
	n5
	n3

116 bytes from n1 icmp_seq=256 ttl=48 time=15.98 ms	(same route)
116 bytes from n1 icmp_seq=257 ttl=48 time=10.75 ms	(same route)
116 bytes from n1 icmp_seq=258 ttl=49 time=1.64 ms
RR: 	n3
	n1
	n1
	n2
	n3

116 bytes from n1 icmp_seq=259 ttl=49 time=1.79 ms	(same route)
116 bytes from n1 icmp_seq=260 ttl=49 time=7.70 ms	(same route)
116 bytes from n1 icmp_seq=261 ttl=49 time=1.68 ms	(same route)
116 bytes from n1 icmp_seq=262 ttl=49 time=3.13 ms	(same route)
116 bytes from n1 icmp_seq=263 ttl=49 time=1.95 ms	(same route)
116 bytes from n1 icmp_seq=264 ttl=49 time=1.72 ms	(same route)
116 bytes from n1 icmp_seq=265 ttl=49 time=2.52 ms	(same route)
116 bytes from n1 icmp_seq=266 ttl=49 time=11.14 ms	(same route)
116 bytes from n1 icmp_seq=267 ttl=49 time=9.80 ms	(same route)
116 bytes from n1 icmp_seq=268 ttl=49 time=8.19 ms	(same route)
116 bytes from n1 icmp_seq=269 ttl=49 time=1.72 ms	(same route)
116 bytes from n1 icmp_seq=270 ttl=49 time=8.34 ms	(same route)
116 bytes from n1 icmp_seq=271 ttl=49 time=1.73 ms	(same route)
116 bytes from n1 icmp_seq=272 ttl=49 time=7.51 ms	(same route)
116 bytes from n1 icmp_seq=273 ttl=49 time=1.68 ms	(same route)
116 bytes from n1 icmp_seq=274 ttl=49 time=2.02 ms	(same route)
116 bytes from n1 icmp_seq=275 ttl=49 time=5.99 ms	(same route)
116 bytes from n1 icmp_seq=276 ttl=49 time=1.74 ms	(same route)
116 bytes from n1 icmp_seq=277 ttl=50 time=1.14 ms
RR: 	n3
	n1
	n1
	n3

116 bytes from n1 icmp_seq=278 ttl=50 time=1.48 ms	(same route)
116 bytes from n1 icmp_seq=279 ttl=50 time=2.25 ms	(same route)
116 bytes from n1 icmp_seq=280 ttl=50 time=2.80 ms	(same route)
116 bytes from n1 icmp_seq=281 ttl=50 time=1.17 ms	(same route)
116 bytes from n1 icmp_seq=282 ttl=50 time=1.69 ms
RR: 	n3
	n2
	n1
	n1
	n3

116 bytes from n1 icmp_seq=283 ttl=50 time=3.00 ms	(same route)
116 bytes from n1 icmp_seq=284 ttl=50 time=4.62 ms	(same route)
116 bytes from n1 icmp_seq=285 ttl=50 time=3.24 ms	(same route)
116 bytes from n1 icmp_seq=286 ttl=50 time=1.73 ms	(same route)
116 bytes from n1 icmp_seq=287 ttl=50 time=9.58 ms	(same route)
116 bytes from n1 icmp_seq=288 ttl=50 time=1.70 ms	(same route)
116 bytes from n1 icmp_seq=289 ttl=50 time=1.71 ms	(same route)
116 bytes from n1 icmp_seq=290 ttl=50 time=3.85 ms	(same route)
116 bytes from n1 icmp_seq=291 ttl=50 time=1.71 ms	(same route)
116 bytes from n1 icmp_seq=292 ttl=50 time=5.73 ms	(same route)
116 bytes from n1 icmp_seq=293 ttl=50 time=1.72 ms	(same route)
116 bytes from n1 icmp_seq=294 ttl=50 time=1.81 ms	(same route)
116 bytes from n1 icmp_seq=295 ttl=50 time=1.68 ms	(same route)
116 bytes from n1 icmp_seq=296 ttl=50 time=1.70 ms	(same route)
116 bytes from n1 icmp_seq=297 ttl=50 time=1.98 ms	(same route)
116 bytes from n1 icmp_seq=298 ttl=50 time=1.90 ms	(same route)
116 bytes from n1 icmp_seq=299 ttl=50 time=1.70 ms	(same route)
116 bytes from n1 icmp_seq=300 ttl=50 time=2.68 ms	(same route)
--- n1 ping statistics ---
300 packets transmitted, 300 received, 0% packet loss
rtt min/avg/max/mdev = 0.724/11.892/281.353/38.733 ms
