PING n5 (00:00:0d:18:08:05) 116(144) bytes of data
116 bytes from n5 icmp_seq=1 ttl=48 time=11.77 ms
RR: 	n4
	n3
	n1
	n5
	n5
	n1
	n3
	n4

116 bytes from n5 icmp_seq=2 ttl=48 time=13.71 ms	(same route)
116 bytes from n5 icmp_seq=3 ttl=48 time=5.87 ms	(same route)
116 bytes from n5 icmp_seq=4 ttl=48 time=9.26 ms	(same route)
116 bytes from n5 icmp_seq=5 ttl=48 time=5.42 ms	(same route)
116 bytes from n5 icmp_seq=6 ttl=48 time=5.09 ms	(same route)
116 bytes from n5 icmp_seq=7 ttl=48 time=12.05 ms	(same route)
116 bytes from n5 icmp_seq=8 ttl=48 time=11.40 ms
RR: 	n4
	n3
	n2
	n5
	n5
	n1
	n3
	n4

116 bytes from n5 icmp_seq=9 ttl=48 time=24.10 ms	(same route)
116 bytes from n5 icmp_seq=10 ttl=48 time=9.69 ms	(same route)
116 bytes from n5 icmp_seq=11 ttl=48 time=7.27 ms	(same route)
116 bytes from n5 icmp_seq=12 ttl=48 time=3.63 ms	(same route)
116 bytes from n5 icmp_seq=13 ttl=48 time=7.87 ms	(same route)
116 bytes from n5 icmp_seq=14 ttl=48 time=6.05 ms	(same route)
116 bytes from n5 icmp_seq=15 ttl=48 time=15.51 ms	(same route)
116 bytes from n5 icmp_seq=16 ttl=48 time=6.34 ms	(same route)
116 bytes from n5 icmp_seq=17 ttl=48 time=10.48 ms	(same route)
116 bytes from n5 icmp_seq=18 ttl=48 time=3.49 ms
RR: 	n4
	n3
	n1
	n5
	n5
	n1
	n3
	n4

116 bytes from n5 icmp_seq=19 ttl=48 time=6.58 ms	(same route)
116 bytes from n5 icmp_seq=20 ttl=48 time=12.31 ms	(same route)
116 bytes from n5 icmp_seq=21 ttl=48 time=12.50 ms	(same route)
116 bytes from n5 icmp_seq=22 ttl=48 time=6.55 ms	(same route)
116 bytes from n5 icmp_seq=23 ttl=48 time=6.21 ms	(same route)
116 bytes from n5 icmp_seq=24 ttl=48 time=15.16 ms	(same route)
116 bytes from n5 icmp_seq=25 ttl=48 time=7.03 ms	(same route)
116 bytes from n5 icmp_seq=26 ttl=48 time=5.77 ms	(same route)
116 bytes from n5 icmp_seq=27 ttl=48 time=4.61 ms
RR: 	n4
	n3
	n2
	n5
	n5
	n1
	n3
	n4

116 bytes from n5 icmp_seq=28 ttl=48 time=9.06 ms	(same route)
116 bytes from n5 icmp_seq=29 ttl=48 time=10.40 ms	(same route)
116 bytes from n5 icmp_seq=30 ttl=48 time=12.08 ms	(same route)
116 bytes from n5 icmp_seq=31 ttl=48 time=5.09 ms	(same route)
116 bytes from n5 icmp_seq=32 ttl=48 time=3.60 ms	(same route)
116 bytes from n5 icmp_seq=33 ttl=48 time=9.80 ms	(same route)
116 bytes from n5 icmp_seq=34 ttl=48 time=17.31 ms	(same route)
116 bytes from n5 icmp_seq=35 ttl=48 time=32.22 ms	(same route)
116 bytes from n5 icmp_seq=36 ttl=48 time=5.29 ms	(same route)
116 bytes from n5 icmp_seq=37 ttl=48 time=15.14 ms	(same route)
116 bytes from n5 icmp_seq=38 ttl=48 time=9.53 ms	(same route)
116 bytes from n5 icmp_seq=39 ttl=48 time=14.57 ms	(same route)
116 bytes from n5 icmp_seq=40 ttl=48 time=24.06 ms	(same route)
116 bytes from n5 icmp_seq=41 ttl=48 time=16.70 ms	(same route)
116 bytes from n5 icmp_seq=42 ttl=48 time=3.58 ms	(same route)
116 bytes from n5 icmp_seq=43 ttl=48 time=5.90 ms	(same route)
116 bytes from n5 icmp_seq=44 ttl=48 time=3.34 ms	(same route)
116 bytes from n5 icmp_seq=45 ttl=48 time=10.42 ms	(same route)
116 bytes from n5 icmp_seq=46 ttl=48 time=5.94 ms	(same route)
116 bytes from n5 icmp_seq=47 ttl=48 time=50.85 ms	(same route)
116 bytes from n5 icmp_seq=48 ttl=48 time=15.02 ms	(same route)
116 bytes from n5 icmp_seq=49 ttl=48 time=14.30 ms	(same route)
116 bytes from n5 icmp_seq=50 ttl=48 time=27.79 ms	(same route)
116 bytes from n5 icmp_seq=51 ttl=48 time=11.74 ms	(same route)
116 bytes from n5 icmp_seq=52 ttl=48 time=5.68 ms	(same route)
116 bytes from n5 icmp_seq=53 ttl=48 time=14.55 ms	(same route)
116 bytes from n5 icmp_seq=54 ttl=48 time=9.50 ms	(same route)
116 bytes from n5 icmp_seq=55 ttl=48 time=13.67 ms
RR: 	n4
	n3
	n2
	n1
	n5
	n5
	n1
	n3
	n4

116 bytes from n5 icmp_seq=56 ttl=48 time=5.96 ms	(same route)
116 bytes from n5 icmp_seq=57 ttl=48 time=6.96 ms	(same route)
116 bytes from n5 icmp_seq=58 ttl=48 time=19.39 ms	(same route)
116 bytes from n5 icmp_seq=59 ttl=48 time=4.88 ms	(same route)
116 bytes from n5 icmp_seq=60 ttl=48 time=4.06 ms	(same route)
116 bytes from n5 icmp_seq=61 ttl=48 time=9.76 ms	(same route)
116 bytes from n5 icmp_seq=62 ttl=48 time=4.82 ms	(same route)
116 bytes from n5 icmp_seq=63 ttl=48 time=11.03 ms	(same route)
116 bytes from n5 icmp_seq=64 ttl=48 time=4.02 ms	(same route)
116 bytes from n5 icmp_seq=65 ttl=48 time=6.90 ms
RR: 	n4
	n3
	n1
	n5
	n5
	n1
	n3
	n4

116 bytes from n5 icmp_seq=66 ttl=48 time=5.69 ms	(same route)
116 bytes from n5 icmp_seq=67 ttl=48 time=4.47 ms	(same route)
116 bytes from n5 icmp_seq=68 ttl=48 time=10.48 ms	(same route)
116 bytes from n5 icmp_seq=69 ttl=48 time=4.48 ms	(same route)
116 bytes from n5 icmp_seq=70 ttl=48 time=6.26 ms	(same route)
116 bytes from n5 icmp_seq=71 ttl=48 time=9.40 ms
RR: 	n4
	n3
	n2
	n1
	n5
	n5
	n1
	n3
	n4

116 bytes from n5 icmp_seq=72 ttl=48 time=6.57 ms	(same route)
116 bytes from n5 icmp_seq=73 ttl=48 time=4.61 ms	(same route)
116 bytes from n5 icmp_seq=74 ttl=48 time=4.32 ms	(same route)
116 bytes from n5 icmp_seq=75 ttl=48 time=7.20 ms	(same route)
116 bytes from n5 icmp_seq=76 ttl=48 time=11.07 ms	(same route)
116 bytes from n5 icmp_seq=77 ttl=48 time=16.77 ms	(same route)
116 bytes from n5 icmp_seq=78 ttl=48 time=3.84 ms
RR: 	n4
	n3
	n1
	n5
	n5
	n1
	n3
	n4

116 bytes from n5 icmp_seq=79 ttl=48 time=21.46 ms
RR: 	n4
	n3
	n2
	n5
	n5
	n1
	n3
	n4

116 bytes from n5 icmp_seq=80 ttl=48 time=3.76 ms	(same route)
116 bytes from n5 icmp_seq=81 ttl=48 time=16.89 ms	(same route)
116 bytes from n5 icmp_seq=82 ttl=48 time=3.49 ms	(same route)
116 bytes from n5 icmp_seq=83 ttl=48 time=3.92 ms	(same route)
116 bytes from n5 icmp_seq=84 ttl=48 time=6.49 ms	(same route)
116 bytes from n5 icmp_seq=85 ttl=48 time=5.81 ms	(same route)
116 bytes from n5 icmp_seq=86 ttl=48 time=4.59 ms	(same route)
116 bytes from n5 icmp_seq=87 ttl=48 time=6.40 ms	(same route)
116 bytes from n5 icmp_seq=88 ttl=48 time=35.71 ms	(same route)
116 bytes from n5 icmp_seq=89 ttl=48 time=10.00 ms	(same route)
116 bytes from n5 icmp_seq=90 ttl=48 time=12.44 ms	(same route)
116 bytes from n5 icmp_seq=91 ttl=48 time=59.62 ms	(same route)
116 bytes from n5 icmp_seq=92 ttl=48 time=50.24 ms	(same route)
116 bytes from n5 icmp_seq=93 ttl=48 time=5.16 ms	(same route)
116 bytes from n5 icmp_seq=94 ttl=48 time=94.95 ms	(same route)
116 bytes from n5 icmp_seq=95 ttl=48 time=322.88 ms	(same route)
116 bytes from n5 icmp_seq=96 ttl=48 time=105.64 ms	(same route)
116 bytes from n5 icmp_seq=97 ttl=48 time=5.96 ms	(same route)
116 bytes from n5 icmp_seq=98 ttl=48 time=13.42 ms	(same route)
116 bytes from n5 icmp_seq=99 ttl=48 time=34.97 ms	(same route)
116 bytes from n5 icmp_seq=100 ttl=48 time=6.79 ms
RR: 	n4
	n5
	n5
	n1
	n3
	n4

116 bytes from n5 icmp_seq=101 ttl=48 time=13.55 ms	(same route)
116 bytes from n5 icmp_seq=102 ttl=48 time=5.99 ms	(same route)
116 bytes from n5 icmp_seq=103 ttl=48 time=3.09 ms	(same route)
116 bytes from n5 icmp_seq=104 ttl=48 time=2.41 ms	(same route)
116 bytes from n5 icmp_seq=105 ttl=48 time=3.72 ms	(same route)
116 bytes from n5 icmp_seq=106 ttl=48 time=2.51 ms	(same route)
116 bytes from n5 icmp_seq=107 ttl=50 time=6.42 ms
RR: 	n4
	n5
	n5
	n4

116 bytes from n5 icmp_seq=108 ttl=50 time=10.72 ms	(same route)
116 bytes from n5 icmp_seq=109 ttl=50 time=4.53 ms	(same route)
116 bytes from n5 icmp_seq=110 ttl=50 time=5.47 ms	(same route)
116 bytes from n5 icmp_seq=111 ttl=50 time=1.31 ms	(same route)
116 bytes from n5 icmp_seq=112 ttl=50 time=3.06 ms	(same route)
116 bytes from n5 icmp_seq=113 ttl=50 time=145.70 ms	(same route)
116 bytes from n5 icmp_seq=114 ttl=50 time=1.69 ms	(same route)
116 bytes from n5 icmp_seq=115 ttl=50 time=1.79 ms	(same route)
116 bytes from n5 icmp_seq=116 ttl=50 time=1.16 ms	(same route)
116 bytes from n5 icmp_seq=117 ttl=50 time=5.68 ms	(same route)
116 bytes from n5 icmp_seq=118 ttl=50 time=1.81 ms	(same route)
116 bytes from n5 icmp_seq=119 ttl=50 time=1.11 ms	(same route)
116 bytes from n5 icmp_seq=120 ttl=50 time=1.45 ms	(same route)
116 bytes from n5 icmp_seq=121 ttl=50 time=1.18 ms	(same route)
116 bytes from n5 icmp_seq=122 ttl=50 time=1.29 ms	(same route)
116 bytes from n5 icmp_seq=123 ttl=50 time=1.51 ms	(same route)
116 bytes from n5 icmp_seq=124 ttl=50 time=1.32 ms	(same route)
116 bytes from n5 icmp_seq=125 ttl=50 time=1.18 ms	(same route)
116 bytes from n5 icmp_seq=126 ttl=50 time=1.17 ms	(same route)
116 bytes from n5 icmp_seq=127 ttl=50 time=4.91 ms	(same route)
116 bytes from n5 icmp_seq=128 ttl=50 time=1.27 ms	(same route)
116 bytes from n5 icmp_seq=129 ttl=50 time=2.32 ms	(same route)
116 bytes from n5 icmp_seq=130 ttl=50 time=1.63 ms	(same route)
116 bytes from n5 icmp_seq=131 ttl=50 time=0.97 ms	(same route)
116 bytes from n5 icmp_seq=132 ttl=50 time=55.76 ms	(same route)
116 bytes from n5 icmp_seq=133 ttl=50 time=1.13 ms	(same route)
116 bytes from n5 icmp_seq=134 ttl=50 time=1.13 ms	(same route)
116 bytes from n5 icmp_seq=135 ttl=50 time=1.13 ms	(same route)
116 bytes from n5 icmp_seq=136 ttl=50 time=1.17 ms	(same route)
116 bytes from n5 icmp_seq=137 ttl=50 time=2.06 ms	(same route)
116 bytes from n5 icmp_seq=138 ttl=50 time=1.28 ms	(same route)
116 bytes from n5 icmp_seq=139 ttl=50 time=1.94 ms	(same route)
116 bytes from n5 icmp_seq=140 ttl=50 time=854.24 ms	(same route)
116 bytes from n5 icmp_seq=141 ttl=50 time=50.20 ms	(same route)
116 bytes from n5 icmp_seq=142 ttl=50 time=131.89 ms	(same route)
116 bytes from n5 icmp_seq=143 ttl=50 time=241.53 ms	(same route)
116 bytes from n5 icmp_seq=144 ttl=50 time=239.18 ms	(same route)
116 bytes from n5 icmp_seq=145 ttl=50 time=1.08 ms	(same route)
116 bytes from n5 icmp_seq=146 ttl=50 time=120.45 ms	(same route)
116 bytes from n5 icmp_seq=147 ttl=50 time=41.59 ms	(same route)
116 bytes from n5 icmp_seq=148 ttl=50 time=8.01 ms	(same route)
116 bytes from n5 icmp_seq=149 ttl=50 time=9.07 ms	(same route)
116 bytes from n5 icmp_seq=150 ttl=50 time=1.18 ms	(same route)
116 bytes from n5 icmp_seq=151 ttl=50 time=5.96 ms	(same route)
116 bytes from n5 icmp_seq=152 ttl=50 time=16.36 ms	(same route)
116 bytes from n5 icmp_seq=153 ttl=50 time=20.30 ms	(same route)
116 bytes from n5 icmp_seq=154 ttl=50 time=1.94 ms	(same route)
116 bytes from n5 icmp_seq=155 ttl=50 time=17.95 ms	(same route)
116 bytes from n5 icmp_seq=156 ttl=50 time=126.56 ms	(same route)
116 bytes from n5 icmp_seq=157 ttl=50 time=2.71 ms	(same route)
116 bytes from n5 icmp_seq=158 ttl=50 time=202.25 ms	(same route)
116 bytes from n5 icmp_seq=159 ttl=50 time=1.53 ms	(same route)
116 bytes from n5 icmp_seq=160 ttl=50 time=3.06 ms	(same route)
116 bytes from n5 icmp_seq=161 ttl=50 time=645.73 ms	(same route)
Reply from host n5 timed out
Reply from host n5 timed out
Reply from host n5 timed out
116 bytes from n5 icmp_seq=165 ttl=50 time=233.75 ms	(same route)
Reply from host n5 timed out
Reply from host n5 timed out
116 bytes from n5 icmp_seq=168 ttl=50 time=923.92 ms	(same route)
116 bytes from n5 icmp_seq=169 ttl=50 time=60.66 ms	(same route)
116 bytes from n5 icmp_seq=170 ttl=50 time=8.29 ms	(same route)
116 bytes from n5 icmp_seq=171 ttl=50 time=1.44 ms	(same route)
116 bytes from n5 icmp_seq=172 ttl=50 time=117.27 ms	(same route)
116 bytes from n5 icmp_seq=173 ttl=50 time=300.64 ms	(same route)
116 bytes from n5 icmp_seq=174 ttl=50 time=245.46 ms	(same route)
116 bytes from n5 icmp_seq=175 ttl=50 time=1.60 ms	(same route)
116 bytes from n5 icmp_seq=176 ttl=50 time=25.48 ms	(same route)
116 bytes from n5 icmp_seq=177 ttl=50 time=121.02 ms	(same route)
116 bytes from n5 icmp_seq=178 ttl=50 time=5.98 ms	(same route)
116 bytes from n5 icmp_seq=179 ttl=50 time=1.63 ms	(same route)
116 bytes from n5 icmp_seq=180 ttl=50 time=1.45 ms	(same route)
116 bytes from n5 icmp_seq=181 ttl=50 time=1.58 ms	(same route)
116 bytes from n5 icmp_seq=182 ttl=50 time=1.89 ms	(same route)
116 bytes from n5 icmp_seq=183 ttl=50 time=1.42 ms	(same route)
116 bytes from n5 icmp_seq=184 ttl=50 time=552.01 ms	(same route)
116 bytes from n5 icmp_seq=185 ttl=50 time=2.00 ms	(same route)
116 bytes from n5 icmp_seq=186 ttl=50 time=2.25 ms	(same route)
116 bytes from n5 icmp_seq=187 ttl=50 time=108.27 ms	(same route)
116 bytes from n5 icmp_seq=188 ttl=50 time=1.59 ms	(same route)
116 bytes from n5 icmp_seq=189 ttl=50 time=476.46 ms	(same route)
116 bytes from n5 icmp_seq=190 ttl=50 time=2.25 ms	(same route)
116 bytes from n5 icmp_seq=191 ttl=50 time=1.31 ms	(same route)
116 bytes from n5 icmp_seq=192 ttl=50 time=1.44 ms	(same route)
116 bytes from n5 icmp_seq=193 ttl=50 time=1.32 ms	(same route)
116 bytes from n5 icmp_seq=194 ttl=50 time=6.75 ms	(same route)
116 bytes from n5 icmp_seq=195 ttl=50 time=1.35 ms	(same route)
116 bytes from n5 icmp_seq=196 ttl=50 time=1.43 ms	(same route)
116 bytes from n5 icmp_seq=197 ttl=50 time=1.36 ms	(same route)
116 bytes from n5 icmp_seq=198 ttl=50 time=1.35 ms	(same route)
116 bytes from n5 icmp_seq=199 ttl=50 time=6.94 ms	(same route)
116 bytes from n5 icmp_seq=200 ttl=50 time=1.34 ms	(same route)
116 bytes from n5 icmp_seq=201 ttl=50 time=1.82 ms	(same route)
116 bytes from n5 icmp_seq=202 ttl=50 time=1.31 ms	(same route)
116 bytes from n5 icmp_seq=203 ttl=50 time=2.39 ms	(same route)
116 bytes from n5 icmp_seq=204 ttl=50 time=1.30 ms	(same route)
116 bytes from n5 icmp_seq=205 ttl=50 time=5.71 ms	(same route)
116 bytes from n5 icmp_seq=206 ttl=50 time=1.33 ms	(same route)
116 bytes from n5 icmp_seq=207 ttl=50 time=1.27 ms	(same route)
116 bytes from n5 icmp_seq=208 ttl=50 time=1.11 ms	(same route)
116 bytes from n5 icmp_seq=209 ttl=50 time=1.28 ms	(same route)
116 bytes from n5 icmp_seq=210 ttl=50 time=2.27 ms	(same route)
116 bytes from n5 icmp_seq=211 ttl=50 time=2.42 ms	(same route)
116 bytes from n5 icmp_seq=212 ttl=50 time=1.27 ms	(same route)
116 bytes from n5 icmp_seq=213 ttl=50 time=1.25 ms	(same route)
116 bytes from n5 icmp_seq=214 ttl=50 time=4.27 ms	(same route)
116 bytes from n5 icmp_seq=215 ttl=50 time=1.68 ms	(same route)
116 bytes from n5 icmp_seq=216 ttl=50 time=7.13 ms	(same route)
116 bytes from n5 icmp_seq=217 ttl=50 time=18.68 ms	(same route)
116 bytes from n5 icmp_seq=218 ttl=50 time=45.42 ms	(same route)
116 bytes from n5 icmp_seq=219 ttl=50 time=1.19 ms	(same route)
116 bytes from n5 icmp_seq=220 ttl=50 time=17.48 ms	(same route)
116 bytes from n5 icmp_seq=221 ttl=50 time=285.81 ms	(same route)
116 bytes from n5 icmp_seq=222 ttl=50 time=7.39 ms	(same route)
116 bytes from n5 icmp_seq=223 ttl=50 time=103.39 ms	(same route)
116 bytes from n5 icmp_seq=224 ttl=50 time=2.39 ms	(same route)
116 bytes from n5 icmp_seq=225 ttl=50 time=111.95 ms	(same route)
116 bytes from n5 icmp_seq=226 ttl=50 time=3.76 ms	(same route)
116 bytes from n5 icmp_seq=227 ttl=50 time=151.97 ms	(same route)
116 bytes from n5 icmp_seq=228 ttl=50 time=1.29 ms	(same route)
116 bytes from n5 icmp_seq=229 ttl=50 time=47.08 ms	(same route)
116 bytes from n5 icmp_seq=230 ttl=50 time=1.35 ms	(same route)
116 bytes from n5 icmp_seq=231 ttl=50 time=362.67 ms	(same route)
116 bytes from n5 icmp_seq=232 ttl=50 time=322.71 ms	(same route)
116 bytes from n5 icmp_seq=233 ttl=50 time=7.43 ms	(same route)
116 bytes from n5 icmp_seq=234 ttl=50 time=1.88 ms	(same route)
116 bytes from n5 icmp_seq=235 ttl=50 time=2.06 ms	(same route)
116 bytes from n5 icmp_seq=236 ttl=50 time=1.80 ms	(same route)
116 bytes from n5 icmp_seq=237 ttl=50 time=2.29 ms	(same route)
116 bytes from n5 icmp_seq=238 ttl=50 time=94.68 ms	(same route)
116 bytes from n5 icmp_seq=239 ttl=50 time=6.10 ms	(same route)
Reply from host n5 timed out
Reply from host n5 timed out
116 bytes from n5 icmp_seq=242 ttl=50 time=257.09 ms
RR: 	n4
	n3
	n5
	n5
	n4

Reply from host n5 timed out
Reply from host n5 timed out
116 bytes from n5 icmp_seq=245 ttl=48 time=125.07 ms
RR: 	n4
	n3
	n5
	n5
	n2
	n3
	n4

116 bytes from n5 icmp_seq=246 ttl=48 time=8.16 ms	(same route)
116 bytes from n5 icmp_seq=247 ttl=49 time=8.17 ms
RR: 	n4
	n3
	n5
	n5
	n3
	n4

116 bytes from n5 icmp_seq=248 ttl=49 time=11.27 ms	(same route)
116 bytes from n5 icmp_seq=249 ttl=49 time=4.42 ms	(same route)
116 bytes from n5 icmp_seq=250 ttl=49 time=2.27 ms	(same route)
116 bytes from n5 icmp_seq=251 ttl=49 time=48.72 ms
RR: 	n4
	n3
	n2
	n5
	n5
	n3
	n4

116 bytes from n5 icmp_seq=252 ttl=49 time=195.90 ms	(same route)
116 bytes from n5 icmp_seq=253 ttl=49 time=28.12 ms	(same route)
116 bytes from n5 icmp_seq=254 ttl=49 time=11.77 ms	(same route)
116 bytes from n5 icmp_seq=255 ttl=49 time=6.15 ms	(same route)
116 bytes from n5 icmp_seq=256 ttl=49 time=3.89 ms	(same route)
116 bytes from n5 icmp_seq=257 ttl=49 time=33.00 ms	(same route)
116 bytes from n5 icmp_seq=258 ttl=49 time=10.28 ms	(same route)
116 bytes from n5 icmp_seq=259 ttl=49 time=4.80 ms	(same route)
116 bytes from n5 icmp_seq=260 ttl=49 time=27.67 ms	(same route)
116 bytes from n5 icmp_seq=261 ttl=49 time=6.83 ms	(same route)
116 bytes from n5 icmp_seq=262 ttl=49 time=130.58 ms	(same route)
116 bytes from n5 icmp_seq=263 ttl=49 time=11.83 ms	(same route)
116 bytes from n5 icmp_seq=264 ttl=49 time=3.14 ms	(same route)
116 bytes from n5 icmp_seq=265 ttl=49 time=3.55 ms	(same route)
116 bytes from n5 icmp_seq=266 ttl=49 time=5.04 ms	(same route)
116 bytes from n5 icmp_seq=267 ttl=49 time=17.28 ms	(same route)
116 bytes from n5 icmp_seq=268 ttl=49 time=4.86 ms	(same route)
116 bytes from n5 icmp_seq=269 ttl=49 time=3.53 ms	(same route)
116 bytes from n5 icmp_seq=270 ttl=49 time=8.42 ms	(same route)
116 bytes from n5 icmp_seq=271 ttl=49 time=7.65 ms	(same route)
116 bytes from n5 icmp_seq=272 ttl=49 time=36.30 ms	(same route)
116 bytes from n5 icmp_seq=273 ttl=49 time=3.44 ms	(same route)
116 bytes from n5 icmp_seq=274 ttl=49 time=3.36 ms	(same route)
116 bytes from n5 icmp_seq=275 ttl=49 time=5.87 ms	(same route)
116 bytes from n5 icmp_seq=276 ttl=49 time=4.02 ms	(same route)
116 bytes from n5 icmp_seq=277 ttl=49 time=5.56 ms	(same route)
116 bytes from n5 icmp_seq=278 ttl=49 time=15.65 ms	(same route)
116 bytes from n5 icmp_seq=279 ttl=49 time=4.89 ms	(same route)
116 bytes from n5 icmp_seq=280 ttl=49 time=18.01 ms	(same route)
116 bytes from n5 icmp_seq=281 ttl=48 time=5.30 ms
RR: 	n4
	n3
	n2
	n5
	n5
	n2
	n3
	n4

116 bytes from n5 icmp_seq=282 ttl=48 time=6.70 ms	(same route)
116 bytes from n5 icmp_seq=283 ttl=48 time=4.80 ms	(same route)
116 bytes from n5 icmp_seq=284 ttl=48 time=13.02 ms	(same route)
116 bytes from n5 icmp_seq=285 ttl=48 time=4.94 ms	(same route)
116 bytes from n5 icmp_seq=286 ttl=48 time=12.38 ms
RR: 	n4
	n3
	n2
	n1
	n5
	n5
	n2
	n3
	n4

116 bytes from n5 icmp_seq=287 ttl=48 time=4.31 ms	(same route)
116 bytes from n5 icmp_seq=288 ttl=48 time=10.67 ms	(same route)
116 bytes from n5 icmp_seq=289 ttl=48 time=11.56 ms	(same route)
116 bytes from n5 icmp_seq=290 ttl=48 time=4.99 ms	(same route)
116 bytes from n5 icmp_seq=291 ttl=48 time=7.23 ms	(same route)
116 bytes from n5 icmp_seq=292 ttl=48 time=4.12 ms	(same route)
116 bytes from n5 icmp_seq=293 ttl=48 time=11.31 ms	(same route)
116 bytes from n5 icmp_seq=294 ttl=48 time=4.38 ms
RR: 	n4
	n3
	n2
	n1
	n5
	n5
	n1
	n3
	n4

116 bytes from n5 icmp_seq=295 ttl=48 time=5.38 ms	(same route)
116 bytes from n5 icmp_seq=296 ttl=48 time=8.30 ms	(same route)
116 bytes from n5 icmp_seq=297 ttl=48 time=3.80 ms	(same route)
116 bytes from n5 icmp_seq=298 ttl=48 time=4.57 ms	(same route)
116 bytes from n5 icmp_seq=299 ttl=48 time=4.31 ms	(same route)
116 bytes from n5 icmp_seq=300 ttl=48 time=8.78 ms	(same route)
--- n5 ping statistics ---
300 packets transmitted, 291 received, 3% packet loss
rtt min/avg/max/mdev = 0.968/36.995/923.925/106.327 ms
