PING n2 (00:00:0d:18:08:02) 116(144) bytes of data
116 bytes from n2 icmp_seq=1 ttl=47 time=11.62 ms
RR: 	n4
	n3
	n2
	n2
	n5
	n1
	n3
	n4

116 bytes from n2 icmp_seq=2 ttl=47 time=5.40 ms	(same route)
116 bytes from n2 icmp_seq=3 ttl=47 time=4.45 ms	(same route)
116 bytes from n2 icmp_seq=4 ttl=47 time=16.57 ms	(same route)
116 bytes from n2 icmp_seq=5 ttl=47 time=3.67 ms	(same route)
116 bytes from n2 icmp_seq=6 ttl=47 time=6.37 ms	(same route)
116 bytes from n2 icmp_seq=7 ttl=47 time=5.64 ms	(same route)
116 bytes from n2 icmp_seq=8 ttl=47 time=3.79 ms	(same route)
116 bytes from n2 icmp_seq=9 ttl=47 time=9.25 ms	(same route)
116 bytes from n2 icmp_seq=10 ttl=47 time=10.13 ms	(same route)
116 bytes from n2 icmp_seq=11 ttl=47 time=3.54 ms	(same route)
116 bytes from n2 icmp_seq=12 ttl=47 time=11.72 ms	(same route)
116 bytes from n2 icmp_seq=13 ttl=47 time=7.08 ms	(same route)
116 bytes from n2 icmp_seq=14 ttl=47 time=4.13 ms	(same route)
116 bytes from n2 icmp_seq=15 ttl=47 time=15.67 ms	(same route)
116 bytes from n2 icmp_seq=16 ttl=47 time=6.22 ms	(same route)
116 bytes from n2 icmp_seq=17 ttl=47 time=5.47 ms	(same route)
116 bytes from n2 icmp_seq=18 ttl=47 time=3.67 ms	(same route)
116 bytes from n2 icmp_seq=19 ttl=47 time=11.84 ms	(same route)
116 bytes from n2 icmp_seq=20 ttl=47 time=18.80 ms	(same route)
116 bytes from n2 icmp_seq=21 ttl=47 time=8.29 ms	(same route)
116 bytes from n2 icmp_seq=22 ttl=47 time=4.83 ms	(same route)
116 bytes from n2 icmp_seq=23 ttl=47 time=6.64 ms	(same route)
116 bytes from n2 icmp_seq=24 ttl=47 time=4.87 ms	(same route)
116 bytes from n2 icmp_seq=25 ttl=47 time=9.42 ms	(same route)
116 bytes from n2 icmp_seq=26 ttl=47 time=9.28 ms	(same route)
116 bytes from n2 icmp_seq=27 ttl=47 time=7.58 ms	(same route)
116 bytes from n2 icmp_seq=28 ttl=47 time=3.57 ms	(same route)
116 bytes from n2 icmp_seq=29 ttl=47 time=5.85 ms	(same route)
116 bytes from n2 icmp_seq=30 ttl=47 time=16.26 ms	(same route)
116 bytes from n2 icmp_seq=31 ttl=47 time=4.72 ms	(same route)
116 bytes from n2 icmp_seq=32 ttl=47 time=18.15 ms	(same route)
116 bytes from n2 icmp_seq=33 ttl=47 time=5.30 ms	(same route)
116 bytes from n2 icmp_seq=34 ttl=47 time=11.52 ms	(same route)
116 bytes from n2 icmp_seq=35 ttl=47 time=33.45 ms	(same route)
116 bytes from n2 icmp_seq=36 ttl=47 time=5.73 ms	(same route)
116 bytes from n2 icmp_seq=37 ttl=47 time=14.75 ms	(same route)
116 bytes from n2 icmp_seq=38 ttl=47 time=6.40 ms	(same route)
116 bytes from n2 icmp_seq=39 ttl=47 time=6.86 ms	(same route)
116 bytes from n2 icmp_seq=40 ttl=47 time=8.83 ms	(same route)
116 bytes from n2 icmp_seq=41 ttl=47 time=20.82 ms	(same route)
116 bytes from n2 icmp_seq=42 ttl=47 time=13.51 ms	(same route)
116 bytes from n2 icmp_seq=43 ttl=47 time=5.28 ms	(same route)
116 bytes from n2 icmp_seq=44 ttl=47 time=10.97 ms	(same route)
116 bytes from n2 icmp_seq=45 ttl=47 time=5.97 ms	(same route)
116 bytes from n2 icmp_seq=46 ttl=47 time=14.50 ms	(same route)
116 bytes from n2 icmp_seq=47 ttl=47 time=5.67 ms	(same route)
116 bytes from n2 icmp_seq=48 ttl=47 time=12.33 ms	(same route)
116 bytes from n2 icmp_seq=49 ttl=47 time=10.71 ms	(same route)
116 bytes from n2 icmp_seq=50 ttl=47 time=9.44 ms	(same route)
116 bytes from n2 icmp_seq=51 ttl=47 time=10.02 ms	(same route)
116 bytes from n2 icmp_seq=52 ttl=47 time=13.15 ms	(same route)
116 bytes from n2 icmp_seq=53 ttl=47 time=28.64 ms	(same route)
116 bytes from n2 icmp_seq=54 ttl=47 time=16.09 ms	(same route)
116 bytes from n2 icmp_seq=55 ttl=47 time=11.31 ms	(same route)
116 bytes from n2 icmp_seq=56 ttl=47 time=9.42 ms	(same route)
116 bytes from n2 icmp_seq=57 ttl=47 time=10.96 ms	(same route)
116 bytes from n2 icmp_seq=58 ttl=47 time=10.19 ms	(same route)
116 bytes from n2 icmp_seq=59 ttl=47 time=5.91 ms	(same route)
116 bytes from n2 icmp_seq=60 ttl=47 time=8.41 ms	(same route)
116 bytes from n2 icmp_seq=61 ttl=47 time=6.54 ms	(same route)
116 bytes from n2 icmp_seq=62 ttl=47 time=5.95 ms	(same route)
116 bytes from n2 icmp_seq=63 ttl=47 time=4.05 ms	(same route)
116 bytes from n2 icmp_seq=64 ttl=47 time=13.53 ms	(same route)
116 bytes from n2 icmp_seq=65 ttl=47 time=6.47 ms	(same route)
116 bytes from n2 icmp_seq=66 ttl=47 time=12.08 ms	(same route)
116 bytes from n2 icmp_seq=67 ttl=47 time=45.39 ms	(same route)
116 bytes from n2 icmp_seq=68 ttl=47 time=3.78 ms	(same route)
116 bytes from n2 icmp_seq=69 ttl=47 time=4.04 ms	(same route)
116 bytes from n2 icmp_seq=70 ttl=47 time=6.86 ms	(same route)
116 bytes from n2 icmp_seq=71 ttl=47 time=3.91 ms	(same route)
116 bytes from n2 icmp_seq=72 ttl=47 time=10.96 ms	(same route)
116 bytes from n2 icmp_seq=73 ttl=47 time=3.93 ms	(same route)
116 bytes from n2 icmp_seq=74 ttl=47 time=4.79 ms	(same route)
116 bytes from n2 icmp_seq=75 ttl=47 time=17.85 ms	(same route)
116 bytes from n2 icmp_seq=76 ttl=47 time=4.78 ms	(same route)
116 bytes from n2 icmp_seq=77 ttl=47 time=56.83 ms	(same route)
116 bytes from n2 icmp_seq=78 ttl=47 time=11.49 ms	(same route)
116 bytes from n2 icmp_seq=79 ttl=47 time=3.97 ms	(same route)
116 bytes from n2 icmp_seq=80 ttl=47 time=19.27 ms	(same route)
116 bytes from n2 icmp_seq=81 ttl=47 time=4.66 ms	(same route)
116 bytes from n2 icmp_seq=82 ttl=47 time=4.57 ms	(same route)
116 bytes from n2 icmp_seq=83 ttl=47 time=6.03 ms	(same route)
116 bytes from n2 icmp_seq=84 ttl=47 time=3.53 ms	(same route)
116 bytes from n2 icmp_seq=85 ttl=47 time=8.89 ms	(same route)
116 bytes from n2 icmp_seq=86 ttl=47 time=8.35 ms	(same route)
116 bytes from n2 icmp_seq=87 ttl=47 time=7.41 ms	(same route)
116 bytes from n2 icmp_seq=88 ttl=47 time=8.36 ms	(same route)
116 bytes from n2 icmp_seq=89 ttl=47 time=8.16 ms	(same route)
116 bytes from n2 icmp_seq=90 ttl=47 time=6.06 ms	(same route)
116 bytes from n2 icmp_seq=91 ttl=47 time=5.25 ms	(same route)
116 bytes from n2 icmp_seq=92 ttl=47 time=3.66 ms	(same route)
116 bytes from n2 icmp_seq=93 ttl=47 time=3.59 ms	(same route)
116 bytes from n2 icmp_seq=94 ttl=47 time=6.16 ms	(same route)
116 bytes from n2 icmp_seq=95 ttl=47 time=83.07 ms	(same route)
116 bytes from n2 icmp_seq=96 ttl=47 time=266.63 ms	(same route)
116 bytes from n2 icmp_seq=97 ttl=47 time=6.36 ms	(same route)
116 bytes from n2 icmp_seq=98 ttl=47 time=7.37 ms	(same route)
116 bytes from n2 icmp_seq=99 ttl=47 time=13.04 ms	(same route)
116 bytes from n2 icmp_seq=100 ttl=47 time=9.04 ms	(same route)
116 bytes from n2 icmp_seq=101 ttl=47 time=15.58 ms
RR: 	n4
	n5
	n2
	n2
	n5
	n1
	n3
	n4

116 bytes from n2 icmp_seq=102 ttl=47 time=21.22 ms	(same route)
116 bytes from n2 icmp_seq=103 ttl=47 time=7.96 ms
RR: 	n4
	n5
	n1
	n2
	n2
	n5
	n1
	n3
	n4

116 bytes from n2 icmp_seq=104 ttl=49 time=3.66 ms
RR: 	n4
	n5
	n1
	n2
	n2
	n5
	n4

116 bytes from n2 icmp_seq=105 ttl=49 time=11.26 ms	(same route)
116 bytes from n2 icmp_seq=106 ttl=49 time=2.99 ms	(same route)
116 bytes from n2 icmp_seq=107 ttl=49 time=7.56 ms	(same route)
116 bytes from n2 icmp_seq=108 ttl=49 time=57.08 ms	(same route)
116 bytes from n2 icmp_seq=109 ttl=49 time=3.19 ms	(same route)
116 bytes from n2 icmp_seq=110 ttl=49 time=28.87 ms	(same route)
116 bytes from n2 icmp_seq=111 ttl=49 time=4.87 ms
RR: 	n4
	n5
	n3
	n2
	n2
	n5
	n4

116 bytes from n2 icmp_seq=112 ttl=49 time=3.65 ms	(same route)
116 bytes from n2 icmp_seq=113 ttl=49 time=16.19 ms	(same route)
116 bytes from n2 icmp_seq=114 ttl=49 time=5.37 ms	(same route)
116 bytes from n2 icmp_seq=115 ttl=49 time=3.82 ms	(same route)
116 bytes from n2 icmp_seq=116 ttl=49 time=2.84 ms	(same route)
116 bytes from n2 icmp_seq=117 ttl=49 time=5.61 ms	(same route)
116 bytes from n2 icmp_seq=118 ttl=49 time=28.41 ms	(same route)
116 bytes from n2 icmp_seq=119 ttl=49 time=9.14 ms	(same route)
116 bytes from n2 icmp_seq=120 ttl=49 time=128.64 ms	(same route)
116 bytes from n2 icmp_seq=121 ttl=49 time=2.73 ms	(same route)
116 bytes from n2 icmp_seq=122 ttl=49 time=5.28 ms	(same route)
116 bytes from n2 icmp_seq=123 ttl=49 time=4.37 ms	(same route)
116 bytes from n2 icmp_seq=124 ttl=49 time=2.62 ms	(same route)
116 bytes from n2 icmp_seq=125 ttl=49 time=2.85 ms	(same route)
116 bytes from n2 icmp_seq=126 ttl=49 time=10.51 ms	(same route)
116 bytes from n2 icmp_seq=127 ttl=49 time=2.93 ms	(same route)
116 bytes from n2 icmp_seq=128 ttl=49 time=4.04 ms	(same route)
116 bytes from n2 icmp_seq=129 ttl=49 time=20.74 ms	(same route)
116 bytes from n2 icmp_seq=130 ttl=49 time=2.83 ms	(same route)
116 bytes from n2 icmp_seq=131 ttl=49 time=6.87 ms	(same route)
116 bytes from n2 icmp_seq=132 ttl=49 time=2.75 ms	(same route)
116 bytes from n2 icmp_seq=133 ttl=49 time=14.82 ms	(same route)
116 bytes from n2 icmp_seq=134 ttl=49 time=26.26 ms	(same route)
116 bytes from n2 icmp_seq=135 ttl=49 time=23.99 ms	(same route)
116 bytes from n2 icmp_seq=136 ttl=49 time=7.63 ms	(same route)
116 bytes from n2 icmp_seq=137 ttl=49 time=22.09 ms	(same route)
116 bytes from n2 icmp_seq=138 ttl=49 time=105.73 ms	(same route)
116 bytes from n2 icmp_seq=139 ttl=48 time=21.61 ms
RR: 	n4
	n5
	n2
	n2
	n3
	n5
	n4

Reply from host n2 timed out
116 bytes from n2 icmp_seq=141 ttl=48 time=31.62 ms
RR: 	n4
	n3
	n2
	n2
	n3
	n5
	n4

116 bytes from n2 icmp_seq=142 ttl=48 time=25.98 ms	(same route)
116 bytes from n2 icmp_seq=143 ttl=48 time=138.62 ms	(same route)
116 bytes from n2 icmp_seq=144 ttl=48 time=448.80 ms	(same route)
116 bytes from n2 icmp_seq=145 ttl=48 time=100.41 ms	(same route)
116 bytes from n2 icmp_seq=146 ttl=48 time=13.61 ms	(same route)
116 bytes from n2 icmp_seq=147 ttl=48 time=593.75 ms	(same route)
116 bytes from n2 icmp_seq=148 ttl=48 time=573.16 ms	(same route)
116 bytes from n2 icmp_seq=149 ttl=48 time=7.30 ms	(same route)
116 bytes from n2 icmp_seq=150 ttl=48 time=113.37 ms	(same route)
116 bytes from n2 icmp_seq=151 ttl=48 time=47.55 ms	(same route)
116 bytes from n2 icmp_seq=152 ttl=49 time=5.69 ms
RR: 	n4
	n3
	n2
	n2
	n3
	n4

116 bytes from n2 icmp_seq=153 ttl=49 time=174.66 ms	(same route)
116 bytes from n2 icmp_seq=154 ttl=49 time=53.51 ms	(same route)
116 bytes from n2 icmp_seq=155 ttl=49 time=245.24 ms	(same route)
116 bytes from n2 icmp_seq=156 ttl=49 time=32.92 ms	(same route)
116 bytes from n2 icmp_seq=157 ttl=49 time=302.03 ms	(same route)
116 bytes from n2 icmp_seq=158 ttl=49 time=246.03 ms	(same route)
116 bytes from n2 icmp_seq=159 ttl=49 time=320.36 ms	(same route)
116 bytes from n2 icmp_seq=160 ttl=49 time=526.01 ms	(same route)
116 bytes from n2 icmp_seq=161 ttl=49 time=443.13 ms	(same route)
116 bytes from n2 icmp_seq=162 ttl=49 time=734.67 ms	(same route)
116 bytes from n2 icmp_seq=163 ttl=49 time=308.20 ms	(same route)
116 bytes from n2 icmp_seq=164 ttl=49 time=123.49 ms	(same route)
116 bytes from n2 icmp_seq=165 ttl=49 time=56.21 ms	(same route)
116 bytes from n2 icmp_seq=166 ttl=49 time=249.86 ms	(same route)
116 bytes from n2 icmp_seq=167 ttl=49 time=293.99 ms	(same route)
116 bytes from n2 icmp_seq=168 ttl=49 time=178.73 ms	(same route)
116 bytes from n2 icmp_seq=169 ttl=49 time=141.39 ms	(same route)
116 bytes from n2 icmp_seq=170 ttl=49 time=60.00 ms	(same route)
116 bytes from n2 icmp_seq=171 ttl=49 time=3.05 ms
RR: 	n4
	n3
	n1
	n2
	n2
	n3
	n4

116 bytes from n2 icmp_seq=172 ttl=49 time=3.66 ms	(same route)
116 bytes from n2 icmp_seq=173 ttl=49 time=48.64 ms
RR: 	n4
	n3
	n2
	n2
	n3
	n4

116 bytes from n2 icmp_seq=174 ttl=49 time=11.57 ms	(same route)
116 bytes from n2 icmp_seq=175 ttl=49 time=89.90 ms	(same route)
116 bytes from n2 icmp_seq=176 ttl=49 time=5.70 ms	(same route)
116 bytes from n2 icmp_seq=177 ttl=49 time=2.40 ms	(same route)
116 bytes from n2 icmp_seq=178 ttl=49 time=2.32 ms	(same route)
116 bytes from n2 icmp_seq=179 ttl=49 time=2.27 ms	(same route)
116 bytes from n2 icmp_seq=180 ttl=49 time=7.96 ms	(same route)
116 bytes from n2 icmp_seq=181 ttl=49 time=2.25 ms	(same route)
116 bytes from n2 icmp_seq=182 ttl=49 time=11.01 ms	(same route)
116 bytes from n2 icmp_seq=183 ttl=49 time=6.34 ms	(same route)
116 bytes from n2 icmp_seq=184 ttl=49 time=199.07 ms	(same route)
116 bytes from n2 icmp_seq=185 ttl=49 time=13.58 ms	(same route)
116 bytes from n2 icmp_seq=186 ttl=49 time=4.96 ms	(same route)
116 bytes from n2 icmp_seq=187 ttl=49 time=3.21 ms	(same route)
116 bytes from n2 icmp_seq=188 ttl=49 time=2.35 ms	(same route)
116 bytes from n2 icmp_seq=189 ttl=49 time=3.66 ms	(same route)
116 bytes from n2 icmp_seq=190 ttl=49 time=8.84 ms	(same route)
116 bytes from n2 icmp_seq=191 ttl=49 time=3.17 ms	(same route)
116 bytes from n2 icmp_seq=192 ttl=49 time=6.60 ms	(same route)
116 bytes from n2 icmp_seq=193 ttl=49 time=2.42 ms	(same route)
116 bytes from n2 icmp_seq=194 ttl=49 time=2.73 ms	(same route)
116 bytes from n2 icmp_seq=195 ttl=49 time=2.48 ms	(same route)
116 bytes from n2 icmp_seq=196 ttl=49 time=3.44 ms	(same route)
116 bytes from n2 icmp_seq=197 ttl=49 time=3.95 ms	(same route)
116 bytes from n2 icmp_seq=198 ttl=49 time=25.18 ms	(same route)
116 bytes from n2 icmp_seq=199 ttl=49 time=11.36 ms	(same route)
116 bytes from n2 icmp_seq=200 ttl=49 time=2.29 ms	(same route)
116 bytes from n2 icmp_seq=201 ttl=49 time=3.94 ms	(same route)
116 bytes from n2 icmp_seq=202 ttl=49 time=2.28 ms	(same route)
116 bytes from n2 icmp_seq=203 ttl=49 time=9.85 ms	(same route)
116 bytes from n2 icmp_seq=204 ttl=49 time=3.67 ms	(same route)
116 bytes from n2 icmp_seq=205 ttl=49 time=3.09 ms	(same route)
116 bytes from n2 icmp_seq=206 ttl=49 time=2.37 ms	(same route)
116 bytes from n2 icmp_seq=207 ttl=49 time=2.31 ms	(same route)
116 bytes from n2 icmp_seq=208 ttl=49 time=15.27 ms	(same route)
116 bytes from n2 icmp_seq=209 ttl=49 time=3.18 ms	(same route)
116 bytes from n2 icmp_seq=210 ttl=49 time=2.38 ms	(same route)
116 bytes from n2 icmp_seq=211 ttl=49 time=2.28 ms	(same route)
116 bytes from n2 icmp_seq=212 ttl=49 time=2.39 ms	(same route)
116 bytes from n2 icmp_seq=213 ttl=49 time=5.56 ms	(same route)
116 bytes from n2 icmp_seq=214 ttl=49 time=4.76 ms	(same route)
116 bytes from n2 icmp_seq=215 ttl=49 time=5.37 ms	(same route)
116 bytes from n2 icmp_seq=216 ttl=49 time=5.79 ms	(same route)
116 bytes from n2 icmp_seq=217 ttl=49 time=2.80 ms
RR: 	n4
	n5
	n3
	n2
	n2
	n3
	n4

116 bytes from n2 icmp_seq=218 ttl=49 time=2.89 ms	(same route)
116 bytes from n2 icmp_seq=219 ttl=49 time=8.01 ms	(same route)
116 bytes from n2 icmp_seq=220 ttl=49 time=6.02 ms	(same route)
116 bytes from n2 icmp_seq=221 ttl=49 time=19.15 ms	(same route)
116 bytes from n2 icmp_seq=222 ttl=49 time=2.45 ms
RR: 	n4
	n5
	n2
	n2
	n3
	n4

116 bytes from n2 icmp_seq=223 ttl=48 time=9.38 ms
RR: 	n4
	n5
	n2
	n2
	n3
	n5
	n4

116 bytes from n2 icmp_seq=224 ttl=48 time=5.60 ms	(same route)
116 bytes from n2 icmp_seq=225 ttl=48 time=94.70 ms	(same route)
116 bytes from n2 icmp_seq=226 ttl=48 time=14.38 ms	(same route)
116 bytes from n2 icmp_seq=227 ttl=48 time=3.83 ms	(same route)
116 bytes from n2 icmp_seq=228 ttl=48 time=4.81 ms	(same route)
116 bytes from n2 icmp_seq=229 ttl=48 time=53.63 ms	(same route)
116 bytes from n2 icmp_seq=230 ttl=48 time=150.49 ms	(same route)
116 bytes from n2 icmp_seq=231 ttl=48 time=3.53 ms	(same route)
116 bytes from n2 icmp_seq=232 ttl=48 time=49.30 ms	(same route)
116 bytes from n2 icmp_seq=233 ttl=48 time=3.13 ms	(same route)
116 bytes from n2 icmp_seq=234 ttl=48 time=3.43 ms	(same route)
116 bytes from n2 icmp_seq=235 ttl=48 time=2.67 ms	(same route)
116 bytes from n2 icmp_seq=236 ttl=48 time=5.12 ms	(same route)
116 bytes from n2 icmp_seq=237 ttl=48 time=146.86 ms	(same route)
116 bytes from n2 icmp_seq=238 ttl=49 time=58.42 ms
RR: 	n4
	n5
	n2
	n2
	n3
	n4

116 bytes from n2 icmp_seq=239 ttl=49 time=3.26 ms
RR: 	n4
	n3
	n2
	n2
	n3
	n4

116 bytes from n2 icmp_seq=240 ttl=49 time=3.09 ms
RR: 	n4
	n5
	n2
	n2
	n3
	n4

116 bytes from n2 icmp_seq=241 ttl=49 time=552.80 ms	(same route)
Reply from host n2 timed out
Reply from host n2 timed out
Reply from host n2 timed out
116 bytes from n2 icmp_seq=245 ttl=49 time=263.95 ms
RR: 	n4
	n3
	n2
	n2
	n3
	n4

116 bytes from n2 icmp_seq=246 ttl=49 time=2.78 ms	(same route)
116 bytes from n2 icmp_seq=247 ttl=49 time=4.07 ms	(same route)
116 bytes from n2 icmp_seq=248 ttl=49 time=6.54 ms	(same route)
116 bytes from n2 icmp_seq=249 ttl=49 time=3.20 ms	(same route)
116 bytes from n2 icmp_seq=250 ttl=49 time=4.08 ms	(same route)
116 bytes from n2 icmp_seq=251 ttl=49 time=2.30 ms	(same route)
116 bytes from n2 icmp_seq=252 ttl=49 time=3.19 ms	(same route)
116 bytes from n2 icmp_seq=253 ttl=49 time=8.18 ms	(same route)
116 bytes from n2 icmp_seq=254 ttl=49 time=12.25 ms	(same route)
116 bytes from n2 icmp_seq=255 ttl=49 time=3.15 ms	(same route)
116 bytes from n2 icmp_seq=256 ttl=49 time=9.52 ms	(same route)
116 bytes from n2 icmp_seq=257 ttl=49 time=5.94 ms	(same route)
116 bytes from n2 icmp_seq=258 ttl=49 time=3.99 ms	(same route)
116 bytes from n2 icmp_seq=259 ttl=49 time=3.02 ms	(same route)
116 bytes from n2 icmp_seq=260 ttl=49 time=2.46 ms	(same route)
116 bytes from n2 icmp_seq=261 ttl=49 time=13.56 ms	(same route)
116 bytes from n2 icmp_seq=262 ttl=49 time=2.40 ms	(same route)
116 bytes from n2 icmp_seq=263 ttl=49 time=2.37 ms	(same route)
116 bytes from n2 icmp_seq=264 ttl=49 time=2.57 ms	(same route)
116 bytes from n2 icmp_seq=265 ttl=49 time=3.09 ms	(same route)
116 bytes from n2 icmp_seq=266 ttl=49 time=3.69 ms	(same route)
116 bytes from n2 icmp_seq=267 ttl=49 time=5.02 ms	(same route)
116 bytes from n2 icmp_seq=268 ttl=49 time=10.00 ms	(same route)
116 bytes from n2 icmp_seq=269 ttl=49 time=2.96 ms	(same route)
116 bytes from n2 icmp_seq=270 ttl=49 time=3.68 ms	(same route)
116 bytes from n2 icmp_seq=271 ttl=49 time=7.15 ms	(same route)
116 bytes from n2 icmp_seq=272 ttl=49 time=3.71 ms	(same route)
116 bytes from n2 icmp_seq=273 ttl=49 time=2.46 ms	(same route)
116 bytes from n2 icmp_seq=274 ttl=49 time=7.52 ms	(same route)
116 bytes from n2 icmp_seq=275 ttl=49 time=2.21 ms	(same route)
116 bytes from n2 icmp_seq=276 ttl=49 time=4.71 ms	(same route)
116 bytes from n2 icmp_seq=277 ttl=49 time=2.33 ms	(same route)
116 bytes from n2 icmp_seq=278 ttl=49 time=5.14 ms	(same route)
116 bytes from n2 icmp_seq=279 ttl=49 time=4.15 ms	(same route)
116 bytes from n2 icmp_seq=280 ttl=49 time=3.16 ms	(same route)
116 bytes from n2 icmp_seq=281 ttl=49 time=2.44 ms	(same route)
116 bytes from n2 icmp_seq=282 ttl=49 time=8.12 ms	(same route)
116 bytes from n2 icmp_seq=283 ttl=49 time=2.86 ms	(same route)
116 bytes from n2 icmp_seq=284 ttl=49 time=4.26 ms	(same route)
116 bytes from n2 icmp_seq=285 ttl=49 time=4.68 ms	(same route)
116 bytes from n2 icmp_seq=286 ttl=49 time=2.70 ms	(same route)
116 bytes from n2 icmp_seq=287 ttl=49 time=4.57 ms	(same route)
116 bytes from n2 icmp_seq=288 ttl=49 time=5.90 ms	(same route)
116 bytes from n2 icmp_seq=289 ttl=49 time=18.14 ms	(same route)
116 bytes from n2 icmp_seq=290 ttl=49 time=3.15 ms	(same route)
116 bytes from n2 icmp_seq=291 ttl=49 time=2.30 ms	(same route)
116 bytes from n2 icmp_seq=292 ttl=49 time=2.28 ms	(same route)
116 bytes from n2 icmp_seq=293 ttl=49 time=4.29 ms	(same route)
116 bytes from n2 icmp_seq=294 ttl=49 time=3.97 ms	(same route)
116 bytes from n2 icmp_seq=295 ttl=49 time=4.45 ms	(same route)
116 bytes from n2 icmp_seq=296 ttl=49 time=2.14 ms	(same route)
116 bytes from n2 icmp_seq=297 ttl=49 time=6.73 ms	(same route)
116 bytes from n2 icmp_seq=298 ttl=49 time=5.26 ms	(same route)
116 bytes from n2 icmp_seq=299 ttl=49 time=2.45 ms	(same route)
116 bytes from n2 icmp_seq=300 ttl=49 time=2.28 ms	(same route)
--- n2 ping statistics ---
300 packets transmitted, 296 received, 1% packet loss
rtt min/avg/max/mdev = 2.144/36.690/734.673/97.829 ms
