PING n3 (00:00:0d:18:08:03) 116(144) bytes of data
116 bytes from n3 icmp_seq=1 ttl=50 time=5.63 ms
RR: 	n4
	n3
	n3
	n4

116 bytes from n3 icmp_seq=2 ttl=50 time=7.23 ms	(same route)
116 bytes from n3 icmp_seq=3 ttl=50 time=5.44 ms	(same route)
116 bytes from n3 icmp_seq=4 ttl=50 time=1.84 ms	(same route)
116 bytes from n3 icmp_seq=5 ttl=50 time=2.90 ms	(same route)
116 bytes from n3 icmp_seq=6 ttl=50 time=2.10 ms	(same route)
116 bytes from n3 icmp_seq=7 ttl=50 time=8.48 ms	(same route)
116 bytes from n3 icmp_seq=8 ttl=50 time=4.35 ms	(same route)
116 bytes from n3 icmp_seq=9 ttl=50 time=1.14 ms	(same route)
116 bytes from n3 icmp_seq=10 ttl=50 time=3.97 ms	(same route)
116 bytes from n3 icmp_seq=11 ttl=50 time=3.66 ms	(same route)
116 bytes from n3 icmp_seq=12 ttl=50 time=2.84 ms	(same route)
116 bytes from n3 icmp_seq=13 ttl=50 time=1.27 ms	(same route)
116 bytes from n3 icmp_seq=14 ttl=50 time=2.33 ms	(same route)
116 bytes from n3 icmp_seq=15 ttl=50 time=7.88 ms	(same route)
116 bytes from n3 icmp_seq=16 ttl=50 time=17.78 ms	(same route)
116 bytes from n3 icmp_seq=17 ttl=50 time=11.31 ms	(same route)
116 bytes from n3 icmp_seq=18 ttl=50 time=2.12 ms	(same route)
116 bytes from n3 icmp_seq=19 ttl=50 time=14.16 ms	(same route)
116 bytes from n3 icmp_seq=20 ttl=50 time=9.84 ms	(same route)
116 bytes from n3 icmp_seq=21 ttl=50 time=18.81 ms	(same route)
116 bytes from n3 icmp_seq=22 ttl=50 time=4.81 ms	(same route)
116 bytes from n3 icmp_seq=23 ttl=50 time=12.52 ms	(same route)
116 bytes from n3 icmp_seq=24 ttl=50 time=8.60 ms	(same route)
116 bytes from n3 icmp_seq=25 ttl=50 time=1.73 ms	(same route)
116 bytes from n3 icmp_seq=26 ttl=50 time=10.00 ms	(same route)
116 bytes from n3 icmp_seq=27 ttl=50 time=2.18 ms	(same route)
116 bytes from n3 icmp_seq=28 ttl=50 time=4.69 ms	(same route)
116 bytes from n3 icmp_seq=29 ttl=50 time=7.00 ms	(same route)
116 bytes from n3 icmp_seq=30 ttl=50 time=6.60 ms	(same route)
116 bytes from n3 icmp_seq=31 ttl=50 time=13.21 ms	(same route)
116 bytes from n3 icmp_seq=32 ttl=50 time=1.32 ms	(same route)
116 bytes from n3 icmp_seq=33 ttl=50 time=13.26 ms	(same route)
116 bytes from n3 icmp_seq=34 ttl=50 time=6.73 ms	(same route)
116 bytes from n3 icmp_seq=35 ttl=50 time=2.33 ms	(same route)
116 bytes from n3 icmp_seq=36 ttl=50 time=3.47 ms	(same route)
116 bytes from n3 icmp_seq=37 ttl=50 time=5.66 ms	(same route)
116 bytes from n3 icmp_seq=38 ttl=50 time=2.40 ms	(same route)
116 bytes from n3 icmp_seq=39 ttl=50 time=2.04 ms	(same route)
116 bytes from n3 icmp_seq=40 ttl=50 time=6.60 ms	(same route)
116 bytes from n3 icmp_seq=41 ttl=50 time=13.49 ms	(same route)
116 bytes from n3 icmp_seq=42 ttl=50 time=11.43 ms	(same route)
116 bytes from n3 icmp_seq=43 ttl=50 time=1.65 ms	(same route)
116 bytes from n3 icmp_seq=44 ttl=50 time=1.99 ms	(same route)
116 bytes from n3 icmp_seq=45 ttl=50 time=67.48 ms	(same route)
116 bytes from n3 icmp_seq=46 ttl=50 time=3.03 ms	(same route)
116 bytes from n3 icmp_seq=47 ttl=50 time=22.12 ms	(same route)
116 bytes from n3 icmp_seq=48 ttl=50 time=1.92 ms	(same route)
116 bytes from n3 icmp_seq=49 ttl=50 time=1.28 ms	(same route)
116 bytes from n3 icmp_seq=50 ttl=50 time=8.59 ms	(same route)
116 bytes from n3 icmp_seq=51 ttl=50 time=3.56 ms	(same route)
116 bytes from n3 icmp_seq=52 ttl=50 time=4.06 ms	(same route)
116 bytes from n3 icmp_seq=53 ttl=50 time=4.97 ms	(same route)
116 bytes from n3 icmp_seq=54 ttl=50 time=1.22 ms	(same route)
116 bytes from n3 icmp_seq=55 ttl=50 time=8.51 ms	(same route)
116 bytes from n3 icmp_seq=56 ttl=50 time=1.86 ms	(same route)
116 bytes from n3 icmp_seq=57 ttl=50 time=5.31 ms	(same route)
116 bytes from n3 icmp_seq=58 ttl=50 time=4.27 ms	(same route)
116 bytes from n3 icmp_seq=59 ttl=50 time=5.07 ms	(same route)
116 bytes from n3 icmp_seq=60 ttl=50 time=1.34 ms	(same route)
116 bytes from n3 icmp_seq=61 ttl=50 time=6.95 ms	(same route)
116 bytes from n3 icmp_seq=62 ttl=50 time=1.31 ms	(same route)
116 bytes from n3 icmp_seq=63 ttl=50 time=5.09 ms	(same route)
116 bytes from n3 icmp_seq=64 ttl=50 time=2.01 ms	(same route)
116 bytes from n3 icmp_seq=65 ttl=50 time=1.90 ms	(same route)
116 bytes from n3 icmp_seq=66 ttl=50 time=2.30 ms	(same route)
116 bytes from n3 icmp_seq=67 ttl=50 time=3.15 ms	(same route)
116 bytes from n3 icmp_seq=68 ttl=50 time=9.11 ms	(same route)
116 bytes from n3 icmp_seq=69 ttl=50 time=2.51 ms	(same route)
116 bytes from n3 icmp_seq=70 ttl=50 time=8.57 ms	(same route)
116 bytes from n3 icmp_seq=71 ttl=50 time=9.46 ms	(same route)
116 bytes from n3 icmp_seq=72 ttl=50 time=6.10 ms	(same route)
116 bytes from n3 icmp_seq=73 ttl=50 time=3.92 ms	(same route)
116 bytes from n3 icmp_seq=74 ttl=50 time=13.46 ms	(same route)
116 bytes from n3 icmp_seq=75 ttl=50 time=1.27 ms	(same route)
116 bytes from n3 icmp_seq=76 ttl=50 time=1.63 ms	(same route)
116 bytes from n3 icmp_seq=77 ttl=50 time=1.42 ms	(same route)
116 bytes from n3 icmp_seq=78 ttl=50 time=3.90 ms	(same route)
116 bytes from n3 icmp_seq=79 ttl=50 time=1.35 ms	(same route)
116 bytes from n3 icmp_seq=80 ttl=50 time=16.15 ms	(same route)
116 bytes from n3 icmp_seq=81 ttl=50 time=2.01 ms	(same route)
116 bytes from n3 icmp_seq=82 ttl=50 time=1.82 ms	(same route)
116 bytes from n3 icmp_seq=83 ttl=50 time=2.07 ms	(same route)
116 bytes from n3 icmp_seq=84 ttl=50 time=2.13 ms	(same route)
116 bytes from n3 icmp_seq=85 ttl=50 time=2.45 ms	(same route)
116 bytes from n3 icmp_seq=86 ttl=50 time=1.25 ms	(same route)
116 bytes from n3 icmp_seq=87 ttl=50 time=2.01 ms	(same route)
116 bytes from n3 icmp_seq=88 ttl=50 time=5.39 ms	(same route)
116 bytes from n3 icmp_seq=89 ttl=50 time=3.82 ms	(same route)
116 bytes from n3 icmp_seq=90 ttl=50 time=3.04 ms	(same route)
116 bytes from n3 icmp_seq=91 ttl=50 time=8.19 ms	(same route)
116 bytes from n3 icmp_seq=92 ttl=50 time=8.20 ms	(same route)
116 bytes from n3 icmp_seq=93 ttl=50 time=1.31 ms	(same route)
116 bytes from n3 icmp_seq=94 ttl=50 time=113.03 ms	(same route)
116 bytes from n3 icmp_seq=95 ttl=50 time=1.45 ms	(same route)
116 bytes from n3 icmp_seq=96 ttl=50 time=3.10 ms	(same route)
116 bytes from n3 icmp_seq=97 ttl=50 time=2.21 ms	(same route)
116 bytes from n3 icmp_seq=98 ttl=50 time=6.40 ms	(same route)
116 bytes from n3 icmp_seq=99 ttl=50 time=1.74 ms	(same route)
116 bytes from n3 icmp_seq=100 ttl=50 time=3.36 ms	(same route)
116 bytes from n3 icmp_seq=101 ttl=50 time=35.73 ms
RR: 	n4
	n5
	n1
	n3
	n3
	n4

116 bytes from n3 icmp_seq=102 ttl=50 time=34.17 ms	(same route)
116 bytes from n3 icmp_seq=103 ttl=50 time=21.88 ms	(same route)
116 bytes from n3 icmp_seq=104 ttl=50 time=4.20 ms
RR: 	n4
	n5
	n3
	n3
	n4

116 bytes from n3 icmp_seq=105 ttl=50 time=2.44 ms	(same route)
116 bytes from n3 icmp_seq=106 ttl=50 time=1.89 ms	(same route)
116 bytes from n3 icmp_seq=107 ttl=50 time=12.07 ms	(same route)
116 bytes from n3 icmp_seq=108 ttl=50 time=33.36 ms	(same route)
116 bytes from n3 icmp_seq=109 ttl=49 time=2.73 ms
RR: 	n4
	n5
	n3
	n3
	n5
	n4

116 bytes from n3 icmp_seq=110 ttl=48 time=6.63 ms
RR: 	n4
	n5
	n3
	n3
	n2
	n5
	n4

116 bytes from n3 icmp_seq=111 ttl=48 time=3.06 ms	(same route)
116 bytes from n3 icmp_seq=112 ttl=48 time=12.44 ms	(same route)
116 bytes from n3 icmp_seq=113 ttl=48 time=317.98 ms	(same route)
116 bytes from n3 icmp_seq=114 ttl=48 time=5.91 ms	(same route)
116 bytes from n3 icmp_seq=115 ttl=49 time=2.47 ms
RR: 	n4
	n5
	n3
	n3
	n5
	n4

116 bytes from n3 icmp_seq=116 ttl=49 time=8.48 ms	(same route)
116 bytes from n3 icmp_seq=117 ttl=49 time=2.73 ms	(same route)
116 bytes from n3 icmp_seq=118 ttl=49 time=4.15 ms	(same route)
116 bytes from n3 icmp_seq=119 ttl=49 time=2.78 ms	(same route)
116 bytes from n3 icmp_seq=120 ttl=49 time=22.41 ms	(same route)
116 bytes from n3 icmp_seq=121 ttl=49 time=2.30 ms	(same route)
116 bytes from n3 icmp_seq=122 ttl=49 time=4.73 ms	(same route)
116 bytes from n3 icmp_seq=123 ttl=49 time=2.40 ms	(same route)
116 bytes from n3 icmp_seq=124 ttl=49 time=2.56 ms	(same route)
116 bytes from n3 icmp_seq=125 ttl=49 time=2.36 ms	(same route)
116 bytes from n3 icmp_seq=126 ttl=49 time=4.41 ms	(same route)
116 bytes from n3 icmp_seq=127 ttl=49 time=6.72 ms	(same route)
116 bytes from n3 icmp_seq=128 ttl=49 time=2.41 ms	(same route)
116 bytes from n3 icmp_seq=129 ttl=49 time=2.39 ms	(same route)
116 bytes from n3 icmp_seq=130 ttl=49 time=21.25 ms	(same route)
116 bytes from n3 icmp_seq=131 ttl=49 time=2.33 ms	(same route)
116 bytes from n3 icmp_seq=132 ttl=49 time=77.80 ms	(same route)
116 bytes from n3 icmp_seq=133 ttl=49 time=22.03 ms	(same route)
116 bytes from n3 icmp_seq=134 ttl=49 time=8.30 ms	(same route)
116 bytes from n3 icmp_seq=135 ttl=49 time=2.56 ms	(same route)
116 bytes from n3 icmp_seq=136 ttl=49 time=2.14 ms	(same route)
116 bytes from n3 icmp_seq=137 ttl=49 time=16.64 ms	(same route)
116 bytes from n3 icmp_seq=138 ttl=49 time=2.29 ms	(same route)
116 bytes from n3 icmp_seq=139 ttl=49 time=2.23 ms	(same route)
116 bytes from n3 icmp_seq=140 ttl=49 time=976.08 ms	(same route)
116 bytes from n3 icmp_seq=141 ttl=49 time=188.35 ms	(same route)
116 bytes from n3 icmp_seq=142 ttl=49 time=164.07 ms	(same route)
116 bytes from n3 icmp_seq=143 ttl=49 time=281.10 ms
RR: 	n4
	n3
	n3
	n5
	n4

116 bytes from n3 icmp_seq=144 ttl=49 time=281.20 ms	(same route)
116 bytes from n3 icmp_seq=145 ttl=49 time=1.81 ms	(same route)
Reply from host n3 timed out
116 bytes from n3 icmp_seq=147 ttl=49 time=332.34 ms	(same route)
116 bytes from n3 icmp_seq=148 ttl=49 time=409.74 ms	(same route)
116 bytes from n3 icmp_seq=149 ttl=49 time=58.46 ms	(same route)
116 bytes from n3 icmp_seq=150 ttl=49 time=1.43 ms	(same route)
116 bytes from n3 icmp_seq=151 ttl=49 time=291.85 ms	(same route)
116 bytes from n3 icmp_seq=152 ttl=50 time=25.33 ms
RR: 	n4
	n3
	n3
	n4

116 bytes from n3 icmp_seq=153 ttl=50 time=20.77 ms	(same route)
116 bytes from n3 icmp_seq=154 ttl=50 time=61.10 ms	(same route)
116 bytes from n3 icmp_seq=155 ttl=50 time=96.61 ms	(same route)
116 bytes from n3 icmp_seq=156 ttl=50 time=52.34 ms	(same route)
116 bytes from n3 icmp_seq=157 ttl=50 time=149.73 ms	(same route)
116 bytes from n3 icmp_seq=158 ttl=50 time=92.54 ms	(same route)
116 bytes from n3 icmp_seq=159 ttl=50 time=21.77 ms	(same route)
116 bytes from n3 icmp_seq=160 ttl=50 time=382.76 ms	(same route)
116 bytes from n3 icmp_seq=161 ttl=50 time=304.91 ms	(same route)
116 bytes from n3 icmp_seq=162 ttl=50 time=632.38 ms	(same route)
116 bytes from n3 icmp_seq=163 ttl=50 time=222.67 ms	(same route)
116 bytes from n3 icmp_seq=164 ttl=50 time=309.42 ms	(same route)
116 bytes from n3 icmp_seq=165 ttl=50 time=103.18 ms	(same route)
116 bytes from n3 icmp_seq=166 ttl=50 time=98.46 ms	(same route)
116 bytes from n3 icmp_seq=167 ttl=50 time=142.21 ms	(same route)
116 bytes from n3 icmp_seq=168 ttl=50 time=22.57 ms	(same route)
116 bytes from n3 icmp_seq=169 ttl=50 time=8.75 ms	(same route)
116 bytes from n3 icmp_seq=170 ttl=50 time=1.20 ms	(same route)
116 bytes from n3 icmp_seq=171 ttl=50 time=7.76 ms	(same route)
116 bytes from n3 icmp_seq=172 ttl=50 time=10.13 ms	(same route)
116 bytes from n3 icmp_seq=173 ttl=50 time=236.69 ms	(same route)
116 bytes from n3 icmp_seq=174 ttl=50 time=128.73 ms	(same route)
116 bytes from n3 icmp_seq=175 ttl=50 time=1.28 ms	(same route)
116 bytes from n3 icmp_seq=176 ttl=50 time=27.89 ms	(same route)
116 bytes from n3 icmp_seq=177 ttl=50 time=0.87 ms	(same route)
116 bytes from n3 icmp_seq=178 ttl=50 time=2.45 ms	(same route)
116 bytes from n3 icmp_seq=179 ttl=50 time=1.18 ms	(same route)
116 bytes from n3 icmp_seq=180 ttl=50 time=2.01 ms	(same route)
116 bytes from n3 icmp_seq=181 ttl=50 time=2.22 ms	(same route)
116 bytes from n3 icmp_seq=182 ttl=50 time=2.51 ms	(same route)
116 bytes from n3 icmp_seq=183 ttl=50 time=3.51 ms	(same route)
116 bytes from n3 icmp_seq=184 ttl=50 time=51.62 ms	(same route)
116 bytes from n3 icmp_seq=185 ttl=50 time=1.95 ms	(same route)
116 bytes from n3 icmp_seq=186 ttl=50 time=4.75 ms	(same route)
116 bytes from n3 icmp_seq=187 ttl=50 time=2.04 ms	(same route)
116 bytes from n3 icmp_seq=188 ttl=50 time=8.64 ms	(same route)
116 bytes from n3 icmp_seq=189 ttl=50 time=66.17 ms	(same route)
116 bytes from n3 icmp_seq=190 ttl=50 time=1.30 ms	(same route)
116 bytes from n3 icmp_seq=191 ttl=50 time=1.23 ms	(same route)
116 bytes from n3 icmp_seq=192 ttl=50 time=7.56 ms	(same route)
116 bytes from n3 icmp_seq=193 ttl=50 time=1.21 ms	(same route)
116 bytes from n3 icmp_seq=194 ttl=50 time=1.27 ms	(same route)
116 bytes from n3 icmp_seq=195 ttl=50 time=3.11 ms	(same route)
116 bytes from n3 icmp_seq=196 ttl=50 time=1.25 ms	(same route)
116 bytes from n3 icmp_seq=197 ttl=50 time=1.95 ms	(same route)
116 bytes from n3 icmp_seq=198 ttl=50 time=1.23 ms	(same route)
116 bytes from n3 icmp_seq=199 ttl=50 time=4.12 ms	(same route)
116 bytes from n3 icmp_seq=200 ttl=50 time=1.29 ms	(same route)
116 bytes from n3 icmp_seq=201 ttl=50 time=8.30 ms	(same route)
116 bytes from n3 icmp_seq=202 ttl=50 time=10.62 ms	(same route)
116 bytes from n3 icmp_seq=203 ttl=50 time=1.21 ms	(same route)
116 bytes from n3 icmp_seq=204 ttl=50 time=7.91 ms	(same route)
116 bytes from n3 icmp_seq=205 ttl=50 time=8.77 ms	(same route)
116 bytes from n3 icmp_seq=206 ttl=50 time=1.87 ms	(same route)
116 bytes from n3 icmp_seq=207 ttl=50 time=1.91 ms	(same route)
116 bytes from n3 icmp_seq=208 ttl=50 time=1.28 ms	(same route)
116 bytes from n3 icmp_seq=209 ttl=50 time=3.45 ms	(same route)
116 bytes from n3 icmp_seq=210 ttl=50 time=3.97 ms	(same route)
116 bytes from n3 icmp_seq=211 ttl=50 time=4.16 ms	(same route)
116 bytes from n3 icmp_seq=212 ttl=50 time=5.00 ms	(same route)
116 bytes from n3 icmp_seq=213 ttl=50 time=1.25 ms	(same route)
116 bytes from n3 icmp_seq=214 ttl=50 time=1.38 ms	(same route)
116 bytes from n3 icmp_seq=215 ttl=50 time=5.13 ms	(same route)
116 bytes from n3 icmp_seq=216 ttl=50 time=14.62 ms	(same route)
116 bytes from n3 icmp_seq=217 ttl=50 time=1.80 ms
RR: 	n4
	n5
	n3
	n3
	n4

116 bytes from n3 icmp_seq=218 ttl=50 time=56.33 ms	(same route)
116 bytes from n3 icmp_seq=219 ttl=50 time=5.66 ms	(same route)
116 bytes from n3 icmp_seq=220 ttl=50 time=14.65 ms	(same route)
116 bytes from n3 icmp_seq=221 ttl=50 time=300.32 ms	(same route)
116 bytes from n3 icmp_seq=222 ttl=50 time=2.27 ms	(same route)
116 bytes from n3 icmp_seq=223 ttl=49 time=6.49 ms
RR: 	n4
	n5
	n3
	n3
	n5
	n4

116 bytes from n3 icmp_seq=224 ttl=49 time=2.38 ms	(same route)
116 bytes from n3 icmp_seq=225 ttl=49 time=37.19 ms	(same route)
116 bytes from n3 icmp_seq=226 ttl=49 time=2.44 ms	(same route)
Reply from host n3 timed out
116 bytes from n3 icmp_seq=228 ttl=49 time=8.15 ms	(same route)
116 bytes from n3 icmp_seq=229 ttl=49 time=46.96 ms	(same route)
116 bytes from n3 icmp_seq=230 ttl=49 time=3.66 ms	(same route)
116 bytes from n3 icmp_seq=231 ttl=49 time=377.00 ms	(same route)
116 bytes from n3 icmp_seq=232 ttl=49 time=341.44 ms
RR: 	n4
	n5
	n2
	n3
	n3
	n5
	n4

116 bytes from n3 icmp_seq=233 ttl=49 time=10.56 ms	(same route)
116 bytes from n3 icmp_seq=234 ttl=49 time=6.18 ms	(same route)
116 bytes from n3 icmp_seq=235 ttl=49 time=6.42 ms	(same route)
116 bytes from n3 icmp_seq=236 ttl=49 time=11.09 ms	(same route)
116 bytes from n3 icmp_seq=237 ttl=49 time=4.98 ms	(same route)
116 bytes from n3 icmp_seq=238 ttl=50 time=105.83 ms
RR: 	n4
	n5
	n3
	n3
	n4

116 bytes from n3 icmp_seq=239 ttl=50 time=2.59 ms	(same route)
Reply from host n3 timed out
Reply from host n3 timed out
116 bytes from n3 icmp_seq=242 ttl=50 time=222.62 ms
RR: 	n4
	n3
	n3
	n4

116 bytes from n3 icmp_seq=243 ttl=50 time=469.72 ms	(same route)
116 bytes from n3 icmp_seq=244 ttl=50 time=516.78 ms	(same route)
116 bytes from n3 icmp_seq=245 ttl=50 time=29.74 ms	(same route)
116 bytes from n3 icmp_seq=246 ttl=50 time=5.67 ms	(same route)
116 bytes from n3 icmp_seq=247 ttl=50 time=2.53 ms	(same route)
116 bytes from n3 icmp_seq=248 ttl=50 time=7.83 ms	(same route)
116 bytes from n3 icmp_seq=249 ttl=50 time=5.39 ms	(same route)
116 bytes from n3 icmp_seq=250 ttl=50 time=3.66 ms	(same route)
116 bytes from n3 icmp_seq=251 ttl=50 time=11.70 ms	(same route)
116 bytes from n3 icmp_seq=252 ttl=50 time=8.11 ms	(same route)
116 bytes from n3 icmp_seq=253 ttl=50 time=3.88 ms	(same route)
116 bytes from n3 icmp_seq=254 ttl=50 time=9.83 ms	(same route)
116 bytes from n3 icmp_seq=255 ttl=50 time=5.06 ms	(same route)
116 bytes from n3 icmp_seq=256 ttl=50 time=2.81 ms	(same route)
116 bytes from n3 icmp_seq=257 ttl=50 time=7.71 ms	(same route)
116 bytes from n3 icmp_seq=258 ttl=50 time=9.43 ms	(same route)
116 bytes from n3 icmp_seq=259 ttl=50 time=2.17 ms	(same route)
116 bytes from n3 icmp_seq=260 ttl=50 time=8.13 ms	(same route)
116 bytes from n3 icmp_seq=261 ttl=50 time=5.77 ms	(same route)
116 bytes from n3 icmp_seq=262 ttl=50 time=2.27 ms	(same route)
116 bytes from n3 icmp_seq=263 ttl=50 time=1.99 ms	(same route)
116 bytes from n3 icmp_seq=264 ttl=50 time=1.24 ms	(same route)
116 bytes from n3 icmp_seq=265 ttl=50 time=3.43 ms	(same route)
116 bytes from n3 icmp_seq=266 ttl=50 time=1.26 ms	(same route)
116 bytes from n3 icmp_seq=267 ttl=50 time=5.68 ms	(same route)
116 bytes from n3 icmp_seq=268 ttl=50 time=27.81 ms	(same route)
116 bytes from n3 icmp_seq=269 ttl=50 time=1.99 ms	(same route)
116 bytes from n3 icmp_seq=270 ttl=50 time=4.83 ms	(same route)
116 bytes from n3 icmp_seq=271 ttl=50 time=1.26 ms	(same route)
116 bytes from n3 icmp_seq=272 ttl=50 time=21.60 ms	(same route)
116 bytes from n3 icmp_seq=273 ttl=50 time=3.28 ms	(same route)
116 bytes from n3 icmp_seq=274 ttl=50 time=1.31 ms	(same route)
116 bytes from n3 icmp_seq=275 ttl=50 time=2.72 ms	(same route)
116 bytes from n3 icmp_seq=276 ttl=50 time=8.28 ms	(same route)
116 bytes from n3 icmp_seq=277 ttl=50 time=2.65 ms	(same route)
116 bytes from n3 icmp_seq=278 ttl=50 time=9.54 ms	(same route)
116 bytes from n3 icmp_seq=279 ttl=50 time=1.19 ms	(same route)
116 bytes from n3 icmp_seq=280 ttl=50 time=23.67 ms	(same route)
116 bytes from n3 icmp_seq=281 ttl=50 time=1.85 ms	(same route)
116 bytes from n3 icmp_seq=282 ttl=50 time=9.31 ms	(same route)
116 bytes from n3 icmp_seq=283 ttl=50 time=5.88 ms	(same route)
116 bytes from n3 icmp_seq=284 ttl=50 time=1.45 ms	(same route)
116 bytes from n3 icmp_seq=285 ttl=50 time=2.34 ms	(same route)
116 bytes from n3 icmp_seq=286 ttl=50 time=8.14 ms	(same route)
116 bytes from n3 icmp_seq=287 ttl=50 time=1.23 ms	(same route)
116 bytes from n3 icmp_seq=288 ttl=50 time=1.89 ms	(same route)
116 bytes from n3 icmp_seq=289 ttl=50 time=1.16 ms	(same route)
116 bytes from n3 icmp_seq=290 ttl=50 time=1.21 ms	(same route)
116 bytes from n3 icmp_seq=291 ttl=50 time=1.21 ms	(same route)
116 bytes from n3 icmp_seq=292 ttl=50 time=1.22 ms	(same route)
116 bytes from n3 icmp_seq=293 ttl=50 time=2.32 ms	(same route)
116 bytes from n3 icmp_seq=294 ttl=50 time=11.12 ms	(same route)
116 bytes from n3 icmp_seq=295 ttl=50 time=1.96 ms	(same route)
116 bytes from n3 icmp_seq=296 ttl=50 time=11.33 ms	(same route)
116 bytes from n3 icmp_seq=297 ttl=50 time=1.20 ms	(same route)
116 bytes from n3 icmp_seq=298 ttl=50 time=2.83 ms	(same route)
116 bytes from n3 icmp_seq=299 ttl=50 time=1.48 ms	(same route)
116 bytes from n3 icmp_seq=300 ttl=50 time=1.21 ms	(same route)
--- n3 ping statistics ---
301 packets transmitted, 296 received, 1% packet loss
rtt min/avg/max/mdev = 0.868/36.211/976.085/103.199 ms
