PING N4 (00:00:0c:18:11:04) 116(144) bytes of data
116 bytes from N4 icmp_seq=1 ttl=48 time=85.73 ms
RR: 	N5
	N1
	N3
	N4
	N4
	N3
	N2
	N5

116 bytes from N4 icmp_seq=2 ttl=48 time=9.51 ms	(same route)
116 bytes from N4 icmp_seq=3 ttl=48 time=10.71 ms	(same route)
116 bytes from N4 icmp_seq=4 ttl=48 time=21.97 ms	(same route)
116 bytes from N4 icmp_seq=5 ttl=48 time=429.27 ms	(same route)
116 bytes from N4 icmp_seq=6 ttl=48 time=4.41 ms	(same route)
116 bytes from N4 icmp_seq=7 ttl=48 time=4.02 ms	(same route)
116 bytes from N4 icmp_seq=8 ttl=48 time=167.03 ms	(same route)
116 bytes from N4 icmp_seq=9 ttl=48 time=31.49 ms	(same route)
116 bytes from N4 icmp_seq=10 ttl=48 time=17.33 ms	(same route)
116 bytes from N4 icmp_seq=11 ttl=48 time=11.80 ms	(same route)
116 bytes from N4 icmp_seq=12 ttl=48 time=7.60 ms	(same route)
116 bytes from N4 icmp_seq=13 ttl=48 time=3.69 ms	(same route)
116 bytes from N4 icmp_seq=14 ttl=48 time=691.11 ms	(same route)
116 bytes from N4 icmp_seq=15 ttl=48 time=15.28 ms	(same route)
116 bytes from N4 icmp_seq=16 ttl=48 time=63.08 ms	(same route)
116 bytes from N4 icmp_seq=17 ttl=48 time=10.99 ms	(same route)
116 bytes from N4 icmp_seq=18 ttl=48 time=15.49 ms	(same route)
116 bytes from N4 icmp_seq=19 ttl=48 time=147.63 ms	(same route)
116 bytes from N4 icmp_seq=20 ttl=48 time=227.68 ms	(same route)
116 bytes from N4 icmp_seq=21 ttl=48 time=38.33 ms	(same route)
116 bytes from N4 icmp_seq=22 ttl=48 time=269.00 ms	(same route)
116 bytes from N4 icmp_seq=23 ttl=48 time=500.38 ms	(same route)
116 bytes from N4 icmp_seq=24 ttl=48 time=4.18 ms	(same route)
116 bytes from N4 icmp_seq=25 ttl=48 time=118.92 ms	(same route)
116 bytes from N4 icmp_seq=26 ttl=48 time=11.32 ms
RR: 	N5
	N2
	N3
	N4
	N4
	N3
	N2
	N5

116 bytes from N4 icmp_seq=27 ttl=48 time=11.08 ms	(same route)
116 bytes from N4 icmp_seq=28 ttl=48 time=7.77 ms	(same route)
116 bytes from N4 icmp_seq=29 ttl=48 time=12.36 ms	(same route)
116 bytes from N4 icmp_seq=30 ttl=48 time=16.57 ms	(same route)
116 bytes from N4 icmp_seq=31 ttl=48 time=12.89 ms	(same route)
116 bytes from N4 icmp_seq=32 ttl=48 time=9.34 ms	(same route)
116 bytes from N4 icmp_seq=33 ttl=48 time=276.49 ms	(same route)
116 bytes from N4 icmp_seq=34 ttl=48 time=99.60 ms	(same route)
116 bytes from N4 icmp_seq=35 ttl=48 time=22.91 ms	(same route)
116 bytes from N4 icmp_seq=36 ttl=48 time=5.24 ms	(same route)
116 bytes from N4 icmp_seq=37 ttl=48 time=20.44 ms	(same route)
116 bytes from N4 icmp_seq=38 ttl=48 time=8.60 ms
RR: 	N5
	N1
	N3
	N4
	N4
	N3
	N1
	N5

116 bytes from N4 icmp_seq=39 ttl=48 time=228.33 ms	(same route)
116 bytes from N4 icmp_seq=40 ttl=48 time=565.82 ms	(same route)
116 bytes from N4 icmp_seq=41 ttl=48 time=431.38 ms	(same route)
116 bytes from N4 icmp_seq=42 ttl=48 time=22.05 ms	(same route)
116 bytes from N4 icmp_seq=43 ttl=48 time=34.34 ms	(same route)
116 bytes from N4 icmp_seq=44 ttl=48 time=4.15 ms	(same route)
116 bytes from N4 icmp_seq=45 ttl=48 time=42.76 ms	(same route)
116 bytes from N4 icmp_seq=46 ttl=48 time=10.22 ms
RR: 	N5
	N1
	N3
	N4
	N4
	N3
	N2
	N5

116 bytes from N4 icmp_seq=47 ttl=48 time=10.74 ms	(same route)
116 bytes from N4 icmp_seq=48 ttl=48 time=11.68 ms	(same route)
116 bytes from N4 icmp_seq=49 ttl=48 time=76.31 ms	(same route)
116 bytes from N4 icmp_seq=50 ttl=48 time=838.16 ms	(same route)
116 bytes from N4 icmp_seq=51 ttl=48 time=120.81 ms	(same route)
116 bytes from N4 icmp_seq=52 ttl=48 time=7.16 ms	(same route)
116 bytes from N4 icmp_seq=53 ttl=48 time=10.70 ms	(same route)
116 bytes from N4 icmp_seq=54 ttl=48 time=259.13 ms
RR: 	N5
	N3
	N4
	N4
	N3
	N2
	N5

116 bytes from N4 icmp_seq=55 ttl=48 time=88.49 ms	(same route)
116 bytes from N4 icmp_seq=56 ttl=48 time=166.47 ms	(same route)
116 bytes from N4 icmp_seq=57 ttl=48 time=19.23 ms	(same route)
116 bytes from N4 icmp_seq=58 ttl=48 time=3.09 ms	(same route)
116 bytes from N4 icmp_seq=59 ttl=48 time=3.22 ms	(same route)
116 bytes from N4 icmp_seq=60 ttl=48 time=3.20 ms	(same route)
116 bytes from N4 icmp_seq=61 ttl=48 time=46.99 ms	(same route)
116 bytes from N4 icmp_seq=62 ttl=48 time=37.24 ms	(same route)
116 bytes from N4 icmp_seq=63 ttl=48 time=27.28 ms	(same route)
116 bytes from N4 icmp_seq=64 ttl=48 time=6.75 ms	(same route)
116 bytes from N4 icmp_seq=65 ttl=48 time=324.94 ms	(same route)
116 bytes from N4 icmp_seq=66 ttl=48 time=300.46 ms	(same route)
116 bytes from N4 icmp_seq=67 ttl=48 time=115.12 ms	(same route)
116 bytes from N4 icmp_seq=68 ttl=48 time=156.32 ms	(same route)
Reply from host N4 timed out
116 bytes from N4 icmp_seq=70 ttl=49 time=224.15 ms
RR: 	N5
	N3
	N4
	N4
	N3
	N5

116 bytes from N4 icmp_seq=71 ttl=49 time=329.34 ms	(same route)
116 bytes from N4 icmp_seq=72 ttl=49 time=138.15 ms	(same route)
116 bytes from N4 icmp_seq=73 ttl=49 time=468.25 ms	(same route)
116 bytes from N4 icmp_seq=74 ttl=49 time=2.62 ms	(same route)
116 bytes from N4 icmp_seq=75 ttl=49 time=2.36 ms	(same route)
116 bytes from N4 icmp_seq=76 ttl=49 time=722.16 ms	(same route)
116 bytes from N4 icmp_seq=77 ttl=49 time=108.77 ms	(same route)
116 bytes from N4 icmp_seq=78 ttl=49 time=8.20 ms	(same route)
116 bytes from N4 icmp_seq=79 ttl=49 time=2.46 ms	(same route)
116 bytes from N4 icmp_seq=80 ttl=49 time=3.13 ms	(same route)
116 bytes from N4 icmp_seq=81 ttl=49 time=3.02 ms	(same route)
116 bytes from N4 icmp_seq=82 ttl=49 time=24.50 ms	(same route)
116 bytes from N4 icmp_seq=83 ttl=49 time=3.48 ms	(same route)
116 bytes from N4 icmp_seq=84 ttl=49 time=21.80 ms	(same route)
116 bytes from N4 icmp_seq=85 ttl=49 time=2.37 ms	(same route)
116 bytes from N4 icmp_seq=86 ttl=49 time=2.51 ms	(same route)
116 bytes from N4 icmp_seq=87 ttl=49 time=12.09 ms	(same route)
116 bytes from N4 icmp_seq=88 ttl=49 time=55.31 ms	(same route)
116 bytes from N4 icmp_seq=89 ttl=49 time=44.54 ms	(same route)
116 bytes from N4 icmp_seq=90 ttl=49 time=7.72 ms	(same route)
116 bytes from N4 icmp_seq=91 ttl=49 time=14.80 ms	(same route)
116 bytes from N4 icmp_seq=92 ttl=49 time=6.73 ms	(same route)
116 bytes from N4 icmp_seq=93 ttl=49 time=23.59 ms	(same route)
116 bytes from N4 icmp_seq=94 ttl=49 time=69.20 ms	(same route)
116 bytes from N4 icmp_seq=95 ttl=49 time=61.30 ms	(same route)
Reply from host N4 timed out
Reply from host N4 timed out
Reply from host N4 timed out
Reply from host N4 timed out
Reply from host N4 timed out
Reply from host N4 timed out
Reply from host N4 timed out
Reply from host N4 timed out
Reply from host N4 timed out
Reply from host N4 timed out
116 bytes from N4 icmp_seq=106 ttl=50 time=3.14 ms
RR: 	N5
	N4
	N4
	N5

Reply from host N4 timed out
Reply from host N4 timed out
Reply from host N4 timed out
Reply from host N4 timed out
Reply from host N4 timed out
Reply from host N4 timed out
Reply from host N4 timed out
Reply from host N4 timed out
Reply from host N4 timed out
Reply from host N4 timed out
Reply from host N4 timed out
Reply from host N4 timed out
Reply from host N4 timed out
Reply from host N4 timed out
Reply from host N4 timed out
Reply from host N4 timed out
Reply from host N4 timed out
Reply from host N4 timed out
Reply from host N4 timed out
Reply from host N4 timed out
Reply from host N4 timed out
Reply from host N4 timed out
Reply from host N4 timed out
Reply from host N4 timed out
Reply from host N4 timed out
Reply from host N4 timed out
Reply from host N4 timed out
Reply from host N4 timed out
Reply from host N4 timed out
Reply from host N4 timed out
Reply from host N4 timed out
Reply from host N4 timed out
Reply from host N4 timed out
Reply from host N4 timed out
Reply from host N4 timed out
Reply from host N4 timed out
Reply from host N4 timed out
Reply from host N4 timed out
Reply from host N4 timed out
Reply from host N4 timed out
Reply from host N4 timed out
Reply from host N4 timed out
Reply from host N4 timed out
Reply from host N4 timed out
Reply from host N4 timed out
Reply from host N4 timed out
Reply from host N4 timed out
Reply from host N4 timed out
Reply from host N4 timed out
116 bytes from N4 icmp_seq=156 ttl=50 time=200.73 ms	(same route)
Reply from host N4 timed out
Reply from host N4 timed out
116 bytes from N4 icmp_seq=159 ttl=50 time=5.93 ms	(same route)
Reply from host N4 timed out
116 bytes from N4 icmp_seq=161 ttl=50 time=14.71 ms	(same route)
116 bytes from N4 icmp_seq=162 ttl=50 time=993.56 ms	(same route)
116 bytes from N4 icmp_seq=163 ttl=50 time=157.54 ms	(same route)
Reply from host N4 timed out
116 bytes from N4 icmp_seq=165 ttl=50 time=1.16 ms	(same route)
116 bytes from N4 icmp_seq=166 ttl=50 time=15.63 ms	(same route)
116 bytes from N4 icmp_seq=167 ttl=50 time=310.23 ms	(same route)
116 bytes from N4 icmp_seq=168 ttl=50 time=33.37 ms	(same route)
116 bytes from N4 icmp_seq=169 ttl=50 time=384.41 ms	(same route)
116 bytes from N4 icmp_seq=170 ttl=50 time=3.74 ms	(same route)
116 bytes from N4 icmp_seq=171 ttl=50 time=1.16 ms	(same route)
116 bytes from N4 icmp_seq=172 ttl=50 time=2.68 ms	(same route)
116 bytes from N4 icmp_seq=173 ttl=50 time=188.56 ms	(same route)
Reply from host N4 timed out
Reply from host N4 timed out
116 bytes from N4 icmp_seq=176 ttl=50 time=544.25 ms	(same route)
Reply from host N4 timed out
Reply from host N4 timed out
Reply from host N4 timed out
Reply from host N4 timed out
Reply from host N4 timed out
Reply from host N4 timed out
Reply from host N4 timed out
Reply from host N4 timed out
Reply from host N4 timed out
Reply from host N4 timed out
116 bytes from N4 icmp_seq=187 ttl=50 time=400.60 ms
RR: 	N5
	N3
	N4
	N4
	N5

Reply from host N4 timed out
116 bytes from N4 icmp_seq=189 ttl=50 time=119.57 ms	(same route)
Reply from host N4 timed out
116 bytes from N4 icmp_seq=191 ttl=50 time=756.00 ms	(same route)
Reply from host N4 timed out
Reply from host N4 timed out
Reply from host N4 timed out
Reply from host N4 timed out
Reply from host N4 timed out
Reply from host N4 timed out
Reply from host N4 timed out
Reply from host N4 timed out
Reply from host N4 timed out
Reply from host N4 timed out
Reply from host N4 timed out
Reply from host N4 timed out
Reply from host N4 timed out
116 bytes from N4 icmp_seq=205 ttl=49 time=0.01 ms
RR: 	N5
	N3
	N4
	N4
	N3
	N5

Reply from host N4 timed out
116 bytes from N4 icmp_seq=207 ttl=49 time=0.04 ms	(same route)
116 bytes from N4 icmp_seq=208 ttl=49 time=977.14 ms	(same route)
Reply from host N4 timed out
116 bytes from N4 icmp_seq=210 ttl=49 time=11.53 ms	(same route)
116 bytes from N4 icmp_seq=211 ttl=49 time=9.29 ms	(same route)
116 bytes from N4 icmp_seq=212 ttl=49 time=4.41 ms	(same route)
116 bytes from N4 icmp_seq=213 ttl=49 time=18.77 ms	(same route)
116 bytes from N4 icmp_seq=214 ttl=49 time=3.08 ms	(same route)
116 bytes from N4 icmp_seq=215 ttl=49 time=2.68 ms	(same route)
116 bytes from N4 icmp_seq=216 ttl=49 time=3.09 ms	(same route)
116 bytes from N4 icmp_seq=217 ttl=49 time=15.21 ms	(same route)
116 bytes from N4 icmp_seq=218 ttl=49 time=580.98 ms	(same route)
116 bytes from N4 icmp_seq=219 ttl=49 time=4.63 ms	(same route)
116 bytes from N4 icmp_seq=220 ttl=49 time=2.91 ms	(same route)
116 bytes from N4 icmp_seq=221 ttl=49 time=4.92 ms	(same route)
116 bytes from N4 icmp_seq=222 ttl=49 time=15.94 ms	(same route)
116 bytes from N4 icmp_seq=223 ttl=49 time=35.13 ms	(same route)
116 bytes from N4 icmp_seq=224 ttl=49 time=3.20 ms	(same route)
116 bytes from N4 icmp_seq=225 ttl=49 time=9.92 ms	(same route)
116 bytes from N4 icmp_seq=226 ttl=48 time=4.02 ms
RR: 	N5
	N3
	N4
	N4
	N3
	N2
	N5

116 bytes from N4 icmp_seq=227 ttl=48 time=3.48 ms	(same route)
116 bytes from N4 icmp_seq=228 ttl=48 time=11.92 ms	(same route)
116 bytes from N4 icmp_seq=229 ttl=48 time=8.22 ms	(same route)
116 bytes from N4 icmp_seq=230 ttl=48 time=8.51 ms	(same route)
116 bytes from N4 icmp_seq=231 ttl=48 time=26.08 ms	(same route)
116 bytes from N4 icmp_seq=232 ttl=48 time=8.46 ms	(same route)
116 bytes from N4 icmp_seq=233 ttl=48 time=400.67 ms	(same route)
116 bytes from N4 icmp_seq=234 ttl=48 time=17.36 ms	(same route)
116 bytes from N4 icmp_seq=235 ttl=48 time=300.70 ms	(same route)
116 bytes from N4 icmp_seq=236 ttl=48 time=10.24 ms	(same route)
116 bytes from N4 icmp_seq=237 ttl=48 time=32.32 ms	(same route)
116 bytes from N4 icmp_seq=238 ttl=48 time=4.53 ms	(same route)
116 bytes from N4 icmp_seq=239 ttl=48 time=10.22 ms	(same route)
116 bytes from N4 icmp_seq=240 ttl=48 time=3.08 ms	(same route)
Reply from host N4 timed out
116 bytes from N4 icmp_seq=242 ttl=48 time=236.55 ms	(same route)
116 bytes from N4 icmp_seq=243 ttl=48 time=6.95 ms	(same route)
116 bytes from N4 icmp_seq=244 ttl=48 time=8.05 ms	(same route)
116 bytes from N4 icmp_seq=245 ttl=48 time=31.20 ms	(same route)
116 bytes from N4 icmp_seq=246 ttl=48 time=14.63 ms	(same route)
116 bytes from N4 icmp_seq=247 ttl=48 time=5.36 ms	(same route)
116 bytes from N4 icmp_seq=248 ttl=48 time=26.27 ms	(same route)
116 bytes from N4 icmp_seq=249 ttl=48 time=19.79 ms	(same route)
116 bytes from N4 icmp_seq=250 ttl=48 time=3.83 ms	(same route)
116 bytes from N4 icmp_seq=251 ttl=48 time=4.10 ms	(same route)
116 bytes from N4 icmp_seq=252 ttl=48 time=8.40 ms	(same route)
116 bytes from N4 icmp_seq=253 ttl=48 time=161.57 ms	(same route)
116 bytes from N4 icmp_seq=254 ttl=48 time=25.37 ms	(same route)
116 bytes from N4 icmp_seq=255 ttl=48 time=16.90 ms	(same route)
116 bytes from N4 icmp_seq=256 ttl=47 time=22.73 ms
RR: 	N5
	N3
	N4
	N4
	N3
	N2
	N1
	N5

116 bytes from N4 icmp_seq=257 ttl=47 time=7.18 ms	(same route)
Reply from host N4 timed out
Reply from host N4 timed out
Reply from host N4 timed out
Reply from host N4 timed out
Reply from host N4 timed out
Reply from host N4 timed out
Reply from host N4 timed out
Reply from host N4 timed out
Reply from host N4 timed out
Reply from host N4 timed out
Reply from host N4 timed out
116 bytes from N4 icmp_seq=269 ttl=47 time=0.03 ms	(same route)
116 bytes from N4 icmp_seq=270 ttl=48 time=954.79 ms
RR: 	N5
	N2
	N3
	N4
	N4
	N3
	N2
	N5

116 bytes from N4 icmp_seq=271 ttl=48 time=156.37 ms	(same route)
116 bytes from N4 icmp_seq=272 ttl=48 time=13.64 ms	(same route)
116 bytes from N4 icmp_seq=273 ttl=48 time=198.60 ms	(same route)
116 bytes from N4 icmp_seq=274 ttl=48 time=26.71 ms	(same route)
116 bytes from N4 icmp_seq=275 ttl=48 time=29.79 ms	(same route)
116 bytes from N4 icmp_seq=276 ttl=48 time=33.22 ms	(same route)
116 bytes from N4 icmp_seq=277 ttl=48 time=14.32 ms	(same route)
116 bytes from N4 icmp_seq=278 ttl=48 time=9.81 ms	(same route)
116 bytes from N4 icmp_seq=279 ttl=48 time=16.64 ms	(same route)
116 bytes from N4 icmp_seq=280 ttl=48 time=5.48 ms	(same route)
116 bytes from N4 icmp_seq=281 ttl=48 time=4.01 ms	(same route)
116 bytes from N4 icmp_seq=282 ttl=48 time=63.93 ms	(same route)
116 bytes from N4 icmp_seq=283 ttl=48 time=6.29 ms	(same route)
116 bytes from N4 icmp_seq=284 ttl=48 time=88.76 ms	(same route)
116 bytes from N4 icmp_seq=285 ttl=48 time=6.23 ms	(same route)
116 bytes from N4 icmp_seq=286 ttl=48 time=43.72 ms	(same route)
116 bytes from N4 icmp_seq=287 ttl=48 time=6.01 ms	(same route)
116 bytes from N4 icmp_seq=288 ttl=48 time=10.80 ms	(same route)
116 bytes from N4 icmp_seq=289 ttl=48 time=10.93 ms	(same route)
116 bytes from N4 icmp_seq=290 ttl=48 time=7.65 ms	(same route)
116 bytes from N4 icmp_seq=291 ttl=48 time=14.48 ms	(same route)
116 bytes from N4 icmp_seq=292 ttl=48 time=6.64 ms	(same route)
116 bytes from N4 icmp_seq=293 ttl=48 time=13.69 ms	(same route)
116 bytes from N4 icmp_seq=294 ttl=48 time=7.71 ms	(same route)
116 bytes from N4 icmp_seq=295 ttl=48 time=4.19 ms	(same route)
116 bytes from N4 icmp_seq=296 ttl=48 time=7.88 ms	(same route)
116 bytes from N4 icmp_seq=297 ttl=48 time=16.76 ms	(same route)
116 bytes from N4 icmp_seq=298 ttl=48 time=5.81 ms	(same route)
116 bytes from N4 icmp_seq=299 ttl=48 time=64.23 ms	(same route)
116 bytes from N4 icmp_seq=300 ttl=48 time=11.54 ms	(same route)
--- N4 ping statistics ---
372 packets transmitted, 195 received, 47% packet loss
rtt min/avg/max/mdev = 0.014/96.952/993.560/188.829 ms
