PING N1 (00:00:0c:18:11:01) 116(144) bytes of data
116 bytes from N1 icmp_seq=1 ttl=49 time=48.81 ms
RR: 	N4
	N3
	N2
	N1
	N1
	N3
	N4

116 bytes from N1 icmp_seq=2 ttl=49 time=18.20 ms	(same route)
116 bytes from N1 icmp_seq=3 ttl=49 time=97.21 ms	(same route)
116 bytes from N1 icmp_seq=4 ttl=49 time=428.16 ms	(same route)
116 bytes from N1 icmp_seq=5 ttl=49 time=11.69 ms	(same route)
116 bytes from N1 icmp_seq=6 ttl=49 time=12.41 ms	(same route)
116 bytes from N1 icmp_seq=7 ttl=49 time=30.63 ms	(same route)
116 bytes from N1 icmp_seq=8 ttl=49 time=373.88 ms	(same route)
116 bytes from N1 icmp_seq=9 ttl=49 time=18.16 ms	(same route)
116 bytes from N1 icmp_seq=10 ttl=49 time=8.11 ms	(same route)
116 bytes from N1 icmp_seq=11 ttl=49 time=101.54 ms	(same route)
116 bytes from N1 icmp_seq=12 ttl=49 time=21.45 ms	(same route)
116 bytes from N1 icmp_seq=13 ttl=49 time=7.95 ms	(same route)
116 bytes from N1 icmp_seq=14 ttl=49 time=6.08 ms	(same route)
116 bytes from N1 icmp_seq=15 ttl=49 time=15.25 ms	(same route)
116 bytes from N1 icmp_seq=16 ttl=49 time=7.44 ms	(same route)
116 bytes from N1 icmp_seq=17 ttl=49 time=584.22 ms	(same route)
116 bytes from N1 icmp_seq=18 ttl=49 time=3.20 ms	(same route)
116 bytes from N1 icmp_seq=19 ttl=49 time=21.35 ms	(same route)
116 bytes from N1 icmp_seq=20 ttl=49 time=41.21 ms	(same route)
116 bytes from N1 icmp_seq=21 ttl=49 time=2.92 ms	(same route)
116 bytes from N1 icmp_seq=22 ttl=49 time=62.37 ms	(same route)
116 bytes from N1 icmp_seq=23 ttl=49 time=124.27 ms	(same route)
116 bytes from N1 icmp_seq=24 ttl=49 time=397.58 ms	(same route)
116 bytes from N1 icmp_seq=25 ttl=49 time=192.20 ms	(same route)
116 bytes from N1 icmp_seq=26 ttl=49 time=408.27 ms
RR: 	N4
	N3
	N1
	N1
	N3
	N4

116 bytes from N1 icmp_seq=27 ttl=49 time=10.93 ms	(same route)
116 bytes from N1 icmp_seq=28 ttl=49 time=37.30 ms	(same route)
116 bytes from N1 icmp_seq=29 ttl=49 time=5.85 ms	(same route)
116 bytes from N1 icmp_seq=30 ttl=49 time=249.67 ms	(same route)
116 bytes from N1 icmp_seq=31 ttl=49 time=310.07 ms	(same route)
116 bytes from N1 icmp_seq=32 ttl=49 time=4.50 ms	(same route)
116 bytes from N1 icmp_seq=33 ttl=49 time=106.93 ms	(same route)
116 bytes from N1 icmp_seq=34 ttl=49 time=7.71 ms	(same route)
116 bytes from N1 icmp_seq=35 ttl=49 time=841.99 ms	(same route)
116 bytes from N1 icmp_seq=36 ttl=49 time=201.25 ms	(same route)
116 bytes from N1 icmp_seq=37 ttl=49 time=3.72 ms	(same route)
116 bytes from N1 icmp_seq=38 ttl=49 time=8.18 ms	(same route)
116 bytes from N1 icmp_seq=39 ttl=49 time=28.82 ms	(same route)
116 bytes from N1 icmp_seq=40 ttl=49 time=18.51 ms	(same route)
Reply from host N1 timed out
116 bytes from N1 icmp_seq=42 ttl=49 time=449.70 ms	(same route)
116 bytes from N1 icmp_seq=43 ttl=49 time=468.05 ms	(same route)
116 bytes from N1 icmp_seq=44 ttl=49 time=366.90 ms	(same route)
116 bytes from N1 icmp_seq=45 ttl=49 time=46.52 ms	(same route)
116 bytes from N1 icmp_seq=46 ttl=49 time=22.65 ms	(same route)
116 bytes from N1 icmp_seq=47 ttl=49 time=6.00 ms	(same route)
116 bytes from N1 icmp_seq=48 ttl=49 time=19.37 ms	(same route)
116 bytes from N1 icmp_seq=49 ttl=49 time=50.31 ms	(same route)
116 bytes from N1 icmp_seq=50 ttl=49 time=14.55 ms	(same route)
116 bytes from N1 icmp_seq=51 ttl=49 time=6.79 ms
RR: 	N4
	N3
	N2
	N1
	N1
	N3
	N4

116 bytes from N1 icmp_seq=52 ttl=49 time=25.32 ms	(same route)
116 bytes from N1 icmp_seq=53 ttl=49 time=772.41 ms	(same route)
116 bytes from N1 icmp_seq=54 ttl=49 time=69.09 ms	(same route)
116 bytes from N1 icmp_seq=55 ttl=49 time=4.74 ms	(same route)
116 bytes from N1 icmp_seq=56 ttl=49 time=4.28 ms	(same route)
116 bytes from N1 icmp_seq=57 ttl=49 time=252.62 ms	(same route)
116 bytes from N1 icmp_seq=58 ttl=49 time=6.21 ms	(same route)
116 bytes from N1 icmp_seq=59 ttl=49 time=12.83 ms	(same route)
116 bytes from N1 icmp_seq=60 ttl=49 time=104.31 ms	(same route)
116 bytes from N1 icmp_seq=61 ttl=49 time=7.99 ms	(same route)
116 bytes from N1 icmp_seq=62 ttl=49 time=758.94 ms	(same route)
116 bytes from N1 icmp_seq=63 ttl=49 time=3.15 ms	(same route)
116 bytes from N1 icmp_seq=64 ttl=49 time=6.32 ms	(same route)
116 bytes from N1 icmp_seq=65 ttl=49 time=29.45 ms	(same route)
116 bytes from N1 icmp_seq=66 ttl=49 time=314.78 ms	(same route)
116 bytes from N1 icmp_seq=67 ttl=49 time=46.88 ms	(same route)
116 bytes from N1 icmp_seq=68 ttl=49 time=30.72 ms	(same route)
116 bytes from N1 icmp_seq=69 ttl=49 time=14.72 ms	(same route)
116 bytes from N1 icmp_seq=70 ttl=49 time=30.68 ms	(same route)
Reply from host N1 timed out
116 bytes from N1 icmp_seq=72 ttl=49 time=14.35 ms	(same route)
Reply from host N1 timed out
116 bytes from N1 icmp_seq=74 ttl=49 time=20.88 ms	(same route)
Reply from host N1 timed out
Reply from host N1 timed out
Reply from host N1 timed out
116 bytes from N1 icmp_seq=78 ttl=49 time=0.02 ms	(same route)
116 bytes from N1 icmp_seq=79 ttl=49 time=779.23 ms	(same route)
116 bytes from N1 icmp_seq=80 ttl=49 time=226.93 ms	(same route)
116 bytes from N1 icmp_seq=81 ttl=49 time=3.36 ms	(same route)
116 bytes from N1 icmp_seq=82 ttl=49 time=3.87 ms	(same route)
116 bytes from N1 icmp_seq=83 ttl=49 time=7.01 ms	(same route)
116 bytes from N1 icmp_seq=84 ttl=49 time=9.51 ms	(same route)
116 bytes from N1 icmp_seq=85 ttl=49 time=50.40 ms	(same route)
116 bytes from N1 icmp_seq=86 ttl=49 time=129.85 ms	(same route)
116 bytes from N1 icmp_seq=87 ttl=49 time=49.34 ms	(same route)
116 bytes from N1 icmp_seq=88 ttl=49 time=68.73 ms	(same route)
116 bytes from N1 icmp_seq=89 ttl=49 time=232.38 ms	(same route)
116 bytes from N1 icmp_seq=90 ttl=49 time=11.09 ms	(same route)
116 bytes from N1 icmp_seq=91 ttl=49 time=157.78 ms	(same route)
116 bytes from N1 icmp_seq=92 ttl=49 time=2.91 ms	(same route)
116 bytes from N1 icmp_seq=93 ttl=49 time=67.65 ms	(same route)
116 bytes from N1 icmp_seq=94 ttl=49 time=20.26 ms	(same route)
116 bytes from N1 icmp_seq=95 ttl=49 time=16.66 ms	(same route)
116 bytes from N1 icmp_seq=96 ttl=49 time=21.76 ms	(same route)
116 bytes from N1 icmp_seq=97 ttl=49 time=950.01 ms	(same route)
116 bytes from N1 icmp_seq=98 ttl=49 time=955.65 ms	(same route)
116 bytes from N1 icmp_seq=99 ttl=49 time=783.18 ms	(same route)
Reply from host N1 timed out
Reply from host N1 timed out
116 bytes from N1 icmp_seq=102 ttl=49 time=10.64 ms	(same route)
Reply from host N1 timed out
116 bytes from N1 icmp_seq=104 ttl=49 time=331.39 ms	(same route)
116 bytes from N1 icmp_seq=105 ttl=49 time=784.24 ms	(same route)
Reply from host N1 timed out
116 bytes from N1 icmp_seq=107 ttl=49 time=725.28 ms	(same route)
116 bytes from N1 icmp_seq=108 ttl=49 time=887.03 ms	(same route)
116 bytes from N1 icmp_seq=109 ttl=49 time=47.27 ms
RR: 	N4
	N3
	N1
	N1
	N3
	N4

116 bytes from N1 icmp_seq=110 ttl=49 time=3.56 ms	(same route)
116 bytes from N1 icmp_seq=111 ttl=49 time=21.58 ms	(same route)
Reply from host N1 timed out
Reply from host N1 timed out
Reply from host N1 timed out
Reply from host N1 timed out
116 bytes from N1 icmp_seq=116 ttl=49 time=0.01 ms
RR: 	N4
	N3
	N2
	N1
	N1
	N3
	N4

Reply from host N1 timed out
Reply from host N1 timed out
Reply from host N1 timed out
Reply from host N1 timed out
Reply from host N1 timed out
Reply from host N1 timed out
Reply from host N1 timed out
Reply from host N1 timed out
Reply from host N1 timed out
Reply from host N1 timed out
Reply from host N1 timed out
Reply from host N1 timed out
Reply from host N1 timed out
Reply from host N1 timed out
Reply from host N1 timed out
Reply from host N1 timed out
Reply from host N1 timed out
Reply from host N1 timed out
Reply from host N1 timed out
Reply from host N1 timed out
Reply from host N1 timed out
Reply from host N1 timed out
Reply from host N1 timed out
Reply from host N1 timed out
Reply from host N1 timed out
Reply from host N1 timed out
Reply from host N1 timed out
Reply from host N1 timed out
Reply from host N1 timed out
116 bytes from N1 icmp_seq=146 ttl=48 time=289.67 ms
RR: 	N4
	N3
	N1
	N1
	N2
	N3
	N4

116 bytes from N1 icmp_seq=147 ttl=48 time=6.37 ms	(same route)
116 bytes from N1 icmp_seq=148 ttl=48 time=23.83 ms	(same route)
116 bytes from N1 icmp_seq=149 ttl=48 time=709.42 ms	(same route)
116 bytes from N1 icmp_seq=150 ttl=48 time=430.96 ms	(same route)
116 bytes from N1 icmp_seq=151 ttl=48 time=477.37 ms	(same route)
116 bytes from N1 icmp_seq=152 ttl=48 time=282.69 ms	(same route)
116 bytes from N1 icmp_seq=153 ttl=48 time=13.33 ms	(same route)
116 bytes from N1 icmp_seq=154 ttl=48 time=5.71 ms	(same route)
116 bytes from N1 icmp_seq=155 ttl=48 time=3.01 ms	(same route)
116 bytes from N1 icmp_seq=156 ttl=48 time=539.26 ms	(same route)
116 bytes from N1 icmp_seq=157 ttl=48 time=6.54 ms	(same route)
116 bytes from N1 icmp_seq=158 ttl=48 time=3.19 ms	(same route)
116 bytes from N1 icmp_seq=159 ttl=48 time=299.15 ms	(same route)
116 bytes from N1 icmp_seq=160 ttl=48 time=135.23 ms	(same route)
116 bytes from N1 icmp_seq=161 ttl=48 time=4.67 ms	(same route)
116 bytes from N1 icmp_seq=162 ttl=48 time=325.51 ms	(same route)
116 bytes from N1 icmp_seq=163 ttl=48 time=7.15 ms	(same route)
116 bytes from N1 icmp_seq=164 ttl=48 time=15.64 ms	(same route)
116 bytes from N1 icmp_seq=165 ttl=48 time=84.63 ms	(same route)
116 bytes from N1 icmp_seq=166 ttl=48 time=5.63 ms	(same route)
116 bytes from N1 icmp_seq=167 ttl=48 time=13.55 ms	(same route)
116 bytes from N1 icmp_seq=168 ttl=48 time=77.49 ms	(same route)
116 bytes from N1 icmp_seq=169 ttl=48 time=32.62 ms	(same route)
116 bytes from N1 icmp_seq=170 ttl=48 time=231.66 ms	(same route)
116 bytes from N1 icmp_seq=171 ttl=48 time=12.71 ms	(same route)
116 bytes from N1 icmp_seq=172 ttl=48 time=2.94 ms	(same route)
116 bytes from N1 icmp_seq=173 ttl=48 time=233.21 ms	(same route)
116 bytes from N1 icmp_seq=174 ttl=48 time=627.58 ms	(same route)
116 bytes from N1 icmp_seq=175 ttl=48 time=511.25 ms	(same route)
116 bytes from N1 icmp_seq=176 ttl=48 time=842.05 ms	(same route)
Reply from host N1 timed out
Reply from host N1 timed out
116 bytes from N1 icmp_seq=179 ttl=48 time=336.48 ms	(same route)
116 bytes from N1 icmp_seq=180 ttl=48 time=741.24 ms
RR: 	N4
	N3
	N2
	N1
	N1
	N2
	N3
	N4

Reply from host N1 timed out
116 bytes from N1 icmp_seq=182 ttl=48 time=14.12 ms	(same route)
Reply from host N1 timed out
Reply from host N1 timed out
116 bytes from N1 icmp_seq=185 ttl=48 time=6.28 ms	(same route)
Reply from host N1 timed out
Reply from host N1 timed out
Reply from host N1 timed out
116 bytes from N1 icmp_seq=189 ttl=48 time=589.59 ms	(same route)
116 bytes from N1 icmp_seq=190 ttl=48 time=40.67 ms	(same route)
116 bytes from N1 icmp_seq=191 ttl=48 time=593.51 ms	(same route)
116 bytes from N1 icmp_seq=192 ttl=48 time=253.69 ms	(same route)
116 bytes from N1 icmp_seq=193 ttl=48 time=295.60 ms	(same route)
116 bytes from N1 icmp_seq=194 ttl=48 time=549.21 ms	(same route)
Reply from host N1 timed out
116 bytes from N1 icmp_seq=196 ttl=48 time=115.37 ms	(same route)
116 bytes from N1 icmp_seq=197 ttl=48 time=138.92 ms	(same route)
Reply from host N1 timed out
116 bytes from N1 icmp_seq=199 ttl=48 time=34.33 ms	(same route)
Reply from host N1 timed out
Reply from host N1 timed out
Reply from host N1 timed out
Reply from host N1 timed out
Reply from host N1 timed out
Reply from host N1 timed out
Reply from host N1 timed out
Reply from host N1 timed out
116 bytes from N1 icmp_seq=208 ttl=49 time=4.49 ms
RR: 	N4
	N3
	N2
	N1
	N1
	N3
	N4

Reply from host N1 timed out
116 bytes from N1 icmp_seq=210 ttl=49 time=0.01 ms	(same route)
Reply from host N1 timed out
Reply from host N1 timed out
116 bytes from N1 icmp_seq=213 ttl=49 time=496.59 ms	(same route)
116 bytes from N1 icmp_seq=214 ttl=49 time=166.67 ms	(same route)
116 bytes from N1 icmp_seq=215 ttl=49 time=3.37 ms	(same route)
116 bytes from N1 icmp_seq=216 ttl=49 time=388.48 ms	(same route)
116 bytes from N1 icmp_seq=217 ttl=49 time=239.71 ms	(same route)
116 bytes from N1 icmp_seq=218 ttl=49 time=120.52 ms	(same route)
116 bytes from N1 icmp_seq=219 ttl=49 time=7.29 ms	(same route)
116 bytes from N1 icmp_seq=220 ttl=49 time=2.96 ms	(same route)
116 bytes from N1 icmp_seq=221 ttl=49 time=3.56 ms	(same route)
116 bytes from N1 icmp_seq=222 ttl=49 time=59.59 ms	(same route)
Reply from host N1 timed out
116 bytes from N1 icmp_seq=224 ttl=49 time=652.99 ms	(same route)
116 bytes from N1 icmp_seq=225 ttl=49 time=4.14 ms	(same route)
116 bytes from N1 icmp_seq=226 ttl=49 time=8.57 ms	(same route)
116 bytes from N1 icmp_seq=227 ttl=49 time=558.72 ms	(same route)
116 bytes from N1 icmp_seq=228 ttl=49 time=552.98 ms	(same route)
116 bytes from N1 icmp_seq=229 ttl=49 time=7.67 ms	(same route)
116 bytes from N1 icmp_seq=230 ttl=49 time=5.53 ms	(same route)
116 bytes from N1 icmp_seq=231 ttl=49 time=3.20 ms	(same route)
Reply from host N1 timed out
116 bytes from N1 icmp_seq=233 ttl=49 time=918.19 ms	(same route)
116 bytes from N1 icmp_seq=234 ttl=49 time=329.01 ms	(same route)
116 bytes from N1 icmp_seq=235 ttl=49 time=6.35 ms	(same route)
116 bytes from N1 icmp_seq=236 ttl=49 time=6.90 ms	(same route)
116 bytes from N1 icmp_seq=237 ttl=49 time=15.00 ms	(same route)
116 bytes from N1 icmp_seq=238 ttl=49 time=3.00 ms	(same route)
116 bytes from N1 icmp_seq=239 ttl=49 time=9.51 ms	(same route)
116 bytes from N1 icmp_seq=240 ttl=49 time=28.28 ms	(same route)
116 bytes from N1 icmp_seq=241 ttl=49 time=4.15 ms	(same route)
116 bytes from N1 icmp_seq=242 ttl=49 time=451.23 ms	(same route)
116 bytes from N1 icmp_seq=243 ttl=49 time=5.94 ms	(same route)
116 bytes from N1 icmp_seq=244 ttl=49 time=3.16 ms	(same route)
116 bytes from N1 icmp_seq=245 ttl=49 time=290.35 ms	(same route)
116 bytes from N1 icmp_seq=246 ttl=49 time=2.99 ms	(same route)
116 bytes from N1 icmp_seq=247 ttl=49 time=7.52 ms	(same route)
116 bytes from N1 icmp_seq=248 ttl=49 time=8.81 ms	(same route)
116 bytes from N1 icmp_seq=249 ttl=49 time=697.35 ms	(same route)
116 bytes from N1 icmp_seq=250 ttl=49 time=638.59 ms	(same route)
116 bytes from N1 icmp_seq=251 ttl=49 time=546.58 ms	(same route)
116 bytes from N1 icmp_seq=252 ttl=49 time=9.49 ms	(same route)
116 bytes from N1 icmp_seq=253 ttl=49 time=163.47 ms	(same route)
116 bytes from N1 icmp_seq=254 ttl=49 time=5.21 ms	(same route)
116 bytes from N1 icmp_seq=255 ttl=49 time=3.94 ms	(same route)
116 bytes from N1 icmp_seq=256 ttl=49 time=28.52 ms	(same route)
116 bytes from N1 icmp_seq=257 ttl=49 time=6.18 ms	(same route)
116 bytes from N1 icmp_seq=258 ttl=49 time=48.15 ms	(same route)
116 bytes from N1 icmp_seq=259 ttl=49 time=54.53 ms	(same route)
116 bytes from N1 icmp_seq=260 ttl=49 time=175.02 ms	(same route)
116 bytes from N1 icmp_seq=261 ttl=49 time=909.70 ms	(same route)
Reply from host N1 timed out
Reply from host N1 timed out
Reply from host N1 timed out
Reply from host N1 timed out
Reply from host N1 timed out
Reply from host N1 timed out
Reply from host N1 timed out
Reply from host N1 timed out
Reply from host N1 timed out
Reply from host N1 timed out
Reply from host N1 timed out
Reply from host N1 timed out
Reply from host N1 timed out
Reply from host N1 timed out
Reply from host N1 timed out
Reply from host N1 timed out
Reply from host N1 timed out
Reply from host N1 timed out
Reply from host N1 timed out
Reply from host N1 timed out
Reply from host N1 timed out
Reply from host N1 timed out
Reply from host N1 timed out
Reply from host N1 timed out
Reply from host N1 timed out
Reply from host N1 timed out
Reply from host N1 timed out
Reply from host N1 timed out
Reply from host N1 timed out
Reply from host N1 timed out
116 bytes from N1 icmp_seq=292 ttl=49 time=7.72 ms	(same route)
116 bytes from N1 icmp_seq=293 ttl=49 time=946.55 ms	(same route)
Reply from host N1 timed out
Reply from host N1 timed out
116 bytes from N1 icmp_seq=296 ttl=48 time=3.08 ms
RR: 	N4
	N3
	N2
	N1
	N1
	N2
	N3
	N4

116 bytes from N1 icmp_seq=297 ttl=48 time=600.40 ms	(same route)
116 bytes from N1 icmp_seq=298 ttl=48 time=5.15 ms
RR: 	N4
	N3
	N1
	N1
	N2
	N3
	N4

116 bytes from N1 icmp_seq=299 ttl=48 time=599.04 ms	(same route)
116 bytes from N1 icmp_seq=300 ttl=48 time=2.94 ms	(same route)
--- N1 ping statistics ---
381 packets transmitted, 202 received, 46% packet loss
rtt min/avg/max/mdev = 0.014/183.228/955.647/261.216 ms
