PING N4 (00:00:0c:18:11:04) 116(144) bytes of data
116 bytes from N4 icmp_seq=1 ttl=48 time=10.81 ms
RR: 	N1
	N3
	N4
	N4
	N3
	N2
	N1

116 bytes from N4 icmp_seq=2 ttl=48 time=9.84 ms	(same route)
116 bytes from N4 icmp_seq=3 ttl=48 time=10.42 ms	(same route)
116 bytes from N4 icmp_seq=4 ttl=48 time=3.75 ms	(same route)
116 bytes from N4 icmp_seq=5 ttl=48 time=15.20 ms	(same route)
116 bytes from N4 icmp_seq=6 ttl=48 time=11.04 ms	(same route)
116 bytes from N4 icmp_seq=7 ttl=48 time=35.03 ms	(same route)
116 bytes from N4 icmp_seq=8 ttl=48 time=29.03 ms	(same route)
116 bytes from N4 icmp_seq=9 ttl=48 time=15.39 ms	(same route)
116 bytes from N4 icmp_seq=10 ttl=48 time=5.06 ms	(same route)
116 bytes from N4 icmp_seq=11 ttl=48 time=73.63 ms	(same route)
116 bytes from N4 icmp_seq=12 ttl=48 time=3.69 ms	(same route)
116 bytes from N4 icmp_seq=13 ttl=48 time=14.12 ms	(same route)
116 bytes from N4 icmp_seq=14 ttl=48 time=784.63 ms	(same route)
116 bytes from N4 icmp_seq=15 ttl=48 time=15.81 ms	(same route)
116 bytes from N4 icmp_seq=16 ttl=48 time=8.83 ms	(same route)
116 bytes from N4 icmp_seq=17 ttl=48 time=16.96 ms	(same route)
116 bytes from N4 icmp_seq=18 ttl=48 time=4.86 ms	(same route)
116 bytes from N4 icmp_seq=19 ttl=48 time=48.42 ms	(same route)
116 bytes from N4 icmp_seq=20 ttl=48 time=41.73 ms	(same route)
116 bytes from N4 icmp_seq=21 ttl=48 time=11.88 ms	(same route)
116 bytes from N4 icmp_seq=22 ttl=48 time=11.83 ms	(same route)
116 bytes from N4 icmp_seq=23 ttl=49 time=6.72 ms
RR: 	N1
	N3
	N4
	N4
	N3
	N1

116 bytes from N4 icmp_seq=24 ttl=49 time=10.91 ms	(same route)
116 bytes from N4 icmp_seq=25 ttl=49 time=10.41 ms	(same route)
116 bytes from N4 icmp_seq=26 ttl=49 time=3.28 ms	(same route)
116 bytes from N4 icmp_seq=27 ttl=49 time=5.08 ms	(same route)
116 bytes from N4 icmp_seq=28 ttl=49 time=5.23 ms	(same route)
116 bytes from N4 icmp_seq=29 ttl=49 time=14.46 ms	(same route)
116 bytes from N4 icmp_seq=30 ttl=49 time=3.69 ms	(same route)
116 bytes from N4 icmp_seq=31 ttl=49 time=63.96 ms	(same route)
116 bytes from N4 icmp_seq=32 ttl=49 time=24.09 ms	(same route)
116 bytes from N4 icmp_seq=33 ttl=49 time=53.60 ms	(same route)
116 bytes from N4 icmp_seq=34 ttl=49 time=3.04 ms	(same route)
116 bytes from N4 icmp_seq=35 ttl=49 time=2.67 ms	(same route)
116 bytes from N4 icmp_seq=36 ttl=49 time=12.50 ms	(same route)
116 bytes from N4 icmp_seq=37 ttl=49 time=13.96 ms	(same route)
116 bytes from N4 icmp_seq=38 ttl=49 time=4.71 ms	(same route)
116 bytes from N4 icmp_seq=39 ttl=49 time=364.95 ms	(same route)
116 bytes from N4 icmp_seq=40 ttl=49 time=4.88 ms	(same route)
116 bytes from N4 icmp_seq=41 ttl=49 time=6.69 ms	(same route)
116 bytes from N4 icmp_seq=42 ttl=49 time=3.04 ms	(same route)
116 bytes from N4 icmp_seq=43 ttl=49 time=159.15 ms	(same route)
116 bytes from N4 icmp_seq=44 ttl=49 time=42.69 ms	(same route)
116 bytes from N4 icmp_seq=45 ttl=49 time=5.33 ms	(same route)
116 bytes from N4 icmp_seq=46 ttl=49 time=2.97 ms	(same route)
116 bytes from N4 icmp_seq=47 ttl=49 time=6.55 ms	(same route)
116 bytes from N4 icmp_seq=48 ttl=48 time=7.22 ms
RR: 	N1
	N3
	N4
	N4
	N3
	N2
	N1

116 bytes from N4 icmp_seq=49 ttl=48 time=19.28 ms	(same route)
116 bytes from N4 icmp_seq=50 ttl=48 time=704.71 ms	(same route)
116 bytes from N4 icmp_seq=51 ttl=48 time=22.59 ms	(same route)
116 bytes from N4 icmp_seq=52 ttl=48 time=7.82 ms	(same route)
116 bytes from N4 icmp_seq=53 ttl=48 time=5.33 ms	(same route)
116 bytes from N4 icmp_seq=54 ttl=48 time=5.50 ms	(same route)
116 bytes from N4 icmp_seq=55 ttl=48 time=4.09 ms	(same route)
116 bytes from N4 icmp_seq=56 ttl=48 time=7.77 ms	(same route)
116 bytes from N4 icmp_seq=57 ttl=48 time=3.15 ms	(same route)
116 bytes from N4 icmp_seq=58 ttl=48 time=4.59 ms	(same route)
116 bytes from N4 icmp_seq=59 ttl=48 time=4.40 ms	(same route)
116 bytes from N4 icmp_seq=60 ttl=48 time=15.19 ms	(same route)
116 bytes from N4 icmp_seq=61 ttl=48 time=9.32 ms	(same route)
116 bytes from N4 icmp_seq=62 ttl=48 time=7.11 ms	(same route)
116 bytes from N4 icmp_seq=63 ttl=48 time=3.04 ms	(same route)
116 bytes from N4 icmp_seq=64 ttl=48 time=2.89 ms	(same route)
116 bytes from N4 icmp_seq=65 ttl=48 time=36.96 ms	(same route)
116 bytes from N4 icmp_seq=66 ttl=48 time=24.96 ms	(same route)
116 bytes from N4 icmp_seq=67 ttl=48 time=232.82 ms	(same route)
116 bytes from N4 icmp_seq=68 ttl=48 time=7.19 ms	(same route)
Reply from host N4 timed out
116 bytes from N4 icmp_seq=70 ttl=48 time=7.77 ms	(same route)
116 bytes from N4 icmp_seq=71 ttl=48 time=954.47 ms	(same route)
Reply from host N4 timed out
Reply from host N4 timed out
Reply from host N4 timed out
116 bytes from N4 icmp_seq=75 ttl=48 time=9.41 ms	(same route)
116 bytes from N4 icmp_seq=76 ttl=48 time=889.58 ms	(same route)
116 bytes from N4 icmp_seq=77 ttl=48 time=495.33 ms	(same route)
116 bytes from N4 icmp_seq=78 ttl=48 time=4.59 ms	(same route)
116 bytes from N4 icmp_seq=79 ttl=48 time=43.05 ms	(same route)
116 bytes from N4 icmp_seq=80 ttl=48 time=15.87 ms	(same route)
116 bytes from N4 icmp_seq=81 ttl=48 time=44.85 ms	(same route)
116 bytes from N4 icmp_seq=82 ttl=48 time=4.39 ms	(same route)
116 bytes from N4 icmp_seq=83 ttl=48 time=12.26 ms	(same route)
116 bytes from N4 icmp_seq=84 ttl=48 time=50.76 ms	(same route)
116 bytes from N4 icmp_seq=85 ttl=48 time=4.02 ms	(same route)
116 bytes from N4 icmp_seq=86 ttl=48 time=12.98 ms	(same route)
116 bytes from N4 icmp_seq=87 ttl=48 time=9.41 ms	(same route)
116 bytes from N4 icmp_seq=88 ttl=48 time=3.01 ms	(same route)
116 bytes from N4 icmp_seq=89 ttl=48 time=11.44 ms	(same route)
116 bytes from N4 icmp_seq=90 ttl=48 time=9.67 ms	(same route)
116 bytes from N4 icmp_seq=91 ttl=48 time=16.04 ms	(same route)
116 bytes from N4 icmp_seq=92 ttl=48 time=5.79 ms	(same route)
116 bytes from N4 icmp_seq=93 ttl=48 time=142.44 ms	(same route)
116 bytes from N4 icmp_seq=94 ttl=48 time=477.89 ms	(same route)
Reply from host N4 timed out
116 bytes from N4 icmp_seq=96 ttl=48 time=5.81 ms	(same route)
116 bytes from N4 icmp_seq=97 ttl=48 time=46.69 ms	(same route)
116 bytes from N4 icmp_seq=98 ttl=48 time=198.11 ms	(same route)
116 bytes from N4 icmp_seq=99 ttl=48 time=708.75 ms	(same route)
Reply from host N4 timed out
116 bytes from N4 icmp_seq=101 ttl=48 time=335.07 ms	(same route)
116 bytes from N4 icmp_seq=102 ttl=48 time=612.19 ms	(same route)
116 bytes from N4 icmp_seq=103 ttl=48 time=55.06 ms	(same route)
Reply from host N4 timed out
Reply from host N4 timed out
116 bytes from N4 icmp_seq=106 ttl=49 time=296.68 ms
RR: 	N1
	N3
	N4
	N4
	N3
	N1

116 bytes from N4 icmp_seq=107 ttl=49 time=190.22 ms	(same route)
116 bytes from N4 icmp_seq=108 ttl=49 time=3.30 ms	(same route)
116 bytes from N4 icmp_seq=109 ttl=48 time=3.47 ms
RR: 	N1
	N3
	N4
	N4
	N3
	N2
	N1

Reply from host N4 timed out
Reply from host N4 timed out
Reply from host N4 timed out
Reply from host N4 timed out
116 bytes from N4 icmp_seq=114 ttl=48 time=71.31 ms	(same route)
Reply from host N4 timed out
Reply from host N4 timed out
Reply from host N4 timed out
116 bytes from N4 icmp_seq=118 ttl=48 time=0.02 ms	(same route)
Reply from host N4 timed out
Reply from host N4 timed out
Reply from host N4 timed out
Reply from host N4 timed out
Reply from host N4 timed out
Reply from host N4 timed out
Reply from host N4 timed out
Reply from host N4 timed out
Reply from host N4 timed out
Reply from host N4 timed out
Reply from host N4 timed out
Reply from host N4 timed out
Reply from host N4 timed out
Reply from host N4 timed out
Reply from host N4 timed out
Reply from host N4 timed out
Reply from host N4 timed out
Reply from host N4 timed out
Reply from host N4 timed out
Reply from host N4 timed out
Reply from host N4 timed out
Reply from host N4 timed out
Reply from host N4 timed out
Reply from host N4 timed out
116 bytes from N4 icmp_seq=143 ttl=49 time=98.15 ms
RR: 	N1
	N2
	N3
	N4
	N4
	N3
	N1

116 bytes from N4 icmp_seq=144 ttl=49 time=4.71 ms	(same route)
116 bytes from N4 icmp_seq=145 ttl=49 time=25.85 ms	(same route)
116 bytes from N4 icmp_seq=146 ttl=49 time=4.26 ms	(same route)
116 bytes from N4 icmp_seq=147 ttl=49 time=9.26 ms	(same route)
116 bytes from N4 icmp_seq=148 ttl=49 time=23.42 ms	(same route)
116 bytes from N4 icmp_seq=149 ttl=49 time=3.39 ms	(same route)
116 bytes from N4 icmp_seq=150 ttl=49 time=19.04 ms	(same route)
116 bytes from N4 icmp_seq=151 ttl=49 time=7.92 ms	(same route)
116 bytes from N4 icmp_seq=152 ttl=49 time=3.18 ms	(same route)
116 bytes from N4 icmp_seq=153 ttl=49 time=15.26 ms	(same route)
116 bytes from N4 icmp_seq=154 ttl=49 time=8.89 ms	(same route)
116 bytes from N4 icmp_seq=155 ttl=49 time=12.52 ms	(same route)
116 bytes from N4 icmp_seq=156 ttl=49 time=10.82 ms	(same route)
116 bytes from N4 icmp_seq=157 ttl=49 time=402.50 ms	(same route)
116 bytes from N4 icmp_seq=158 ttl=49 time=3.10 ms	(same route)
116 bytes from N4 icmp_seq=159 ttl=49 time=24.40 ms	(same route)
116 bytes from N4 icmp_seq=160 ttl=49 time=14.28 ms	(same route)
116 bytes from N4 icmp_seq=161 ttl=49 time=3.30 ms	(same route)
116 bytes from N4 icmp_seq=162 ttl=49 time=12.24 ms	(same route)
116 bytes from N4 icmp_seq=163 ttl=49 time=11.16 ms	(same route)
116 bytes from N4 icmp_seq=164 ttl=49 time=3.24 ms	(same route)
116 bytes from N4 icmp_seq=165 ttl=49 time=8.44 ms	(same route)
116 bytes from N4 icmp_seq=166 ttl=49 time=35.00 ms	(same route)
116 bytes from N4 icmp_seq=167 ttl=49 time=3.00 ms	(same route)
116 bytes from N4 icmp_seq=168 ttl=49 time=5.23 ms	(same route)
116 bytes from N4 icmp_seq=169 ttl=49 time=7.61 ms	(same route)
116 bytes from N4 icmp_seq=170 ttl=49 time=16.98 ms	(same route)
116 bytes from N4 icmp_seq=171 ttl=49 time=895.71 ms	(same route)
116 bytes from N4 icmp_seq=172 ttl=49 time=781.63 ms	(same route)
116 bytes from N4 icmp_seq=173 ttl=49 time=196.09 ms	(same route)
116 bytes from N4 icmp_seq=174 ttl=49 time=136.31 ms	(same route)
Reply from host N4 timed out
116 bytes from N4 icmp_seq=176 ttl=49 time=347.97 ms	(same route)
Reply from host N4 timed out
Reply from host N4 timed out
116 bytes from N4 icmp_seq=179 ttl=48 time=15.45 ms
RR: 	N1
	N2
	N3
	N4
	N4
	N3
	N2
	N1

Reply from host N4 timed out
Reply from host N4 timed out
116 bytes from N4 icmp_seq=182 ttl=48 time=118.04 ms	(same route)
Reply from host N4 timed out
Reply from host N4 timed out
Reply from host N4 timed out
Reply from host N4 timed out
116 bytes from N4 icmp_seq=187 ttl=48 time=319.27 ms	(same route)
116 bytes from N4 icmp_seq=188 ttl=48 time=11.83 ms	(same route)
116 bytes from N4 icmp_seq=189 ttl=48 time=276.31 ms	(same route)
116 bytes from N4 icmp_seq=190 ttl=48 time=97.45 ms	(same route)
116 bytes from N4 icmp_seq=191 ttl=48 time=3.66 ms	(same route)
116 bytes from N4 icmp_seq=192 ttl=48 time=12.25 ms	(same route)
116 bytes from N4 icmp_seq=193 ttl=48 time=744.84 ms	(same route)
116 bytes from N4 icmp_seq=194 ttl=48 time=377.98 ms	(same route)
Reply from host N4 timed out
116 bytes from N4 icmp_seq=196 ttl=48 time=13.28 ms	(same route)
Reply from host N4 timed out
Reply from host N4 timed out
Reply from host N4 timed out
Reply from host N4 timed out
Reply from host N4 timed out
Reply from host N4 timed out
Reply from host N4 timed out
Reply from host N4 timed out
116 bytes from N4 icmp_seq=205 ttl=48 time=0.02 ms
RR: 	N1
	N3
	N4
	N4
	N3
	N2
	N1

Reply from host N4 timed out
116 bytes from N4 icmp_seq=207 ttl=48 time=15.57 ms	(same route)
116 bytes from N4 icmp_seq=208 ttl=48 time=669.63 ms	(same route)
116 bytes from N4 icmp_seq=209 ttl=48 time=185.81 ms	(same route)
116 bytes from N4 icmp_seq=210 ttl=48 time=480.27 ms	(same route)
116 bytes from N4 icmp_seq=211 ttl=48 time=376.29 ms	(same route)
116 bytes from N4 icmp_seq=212 ttl=48 time=7.91 ms	(same route)
116 bytes from N4 icmp_seq=213 ttl=48 time=9.76 ms	(same route)
116 bytes from N4 icmp_seq=214 ttl=48 time=3.91 ms	(same route)
116 bytes from N4 icmp_seq=215 ttl=48 time=379.53 ms	(same route)
116 bytes from N4 icmp_seq=216 ttl=48 time=11.54 ms	(same route)
116 bytes from N4 icmp_seq=217 ttl=48 time=7.14 ms	(same route)
116 bytes from N4 icmp_seq=218 ttl=48 time=6.33 ms	(same route)
116 bytes from N4 icmp_seq=219 ttl=48 time=2.99 ms	(same route)
116 bytes from N4 icmp_seq=220 ttl=48 time=270.77 ms	(same route)
Reply from host N4 timed out
116 bytes from N4 icmp_seq=222 ttl=48 time=2.21 ms	(same route)
116 bytes from N4 icmp_seq=223 ttl=48 time=3.39 ms	(same route)
116 bytes from N4 icmp_seq=224 ttl=48 time=13.75 ms	(same route)
116 bytes from N4 icmp_seq=225 ttl=48 time=490.31 ms	(same route)
116 bytes from N4 icmp_seq=226 ttl=48 time=7.37 ms	(same route)
116 bytes from N4 icmp_seq=227 ttl=48 time=7.48 ms	(same route)
116 bytes from N4 icmp_seq=228 ttl=48 time=16.37 ms	(same route)
116 bytes from N4 icmp_seq=229 ttl=48 time=6.01 ms	(same route)
116 bytes from N4 icmp_seq=230 ttl=48 time=546.17 ms	(same route)
116 bytes from N4 icmp_seq=231 ttl=48 time=595.53 ms	(same route)
116 bytes from N4 icmp_seq=232 ttl=48 time=8.23 ms	(same route)
116 bytes from N4 icmp_seq=233 ttl=48 time=10.52 ms	(same route)
116 bytes from N4 icmp_seq=234 ttl=48 time=3.33 ms	(same route)
116 bytes from N4 icmp_seq=235 ttl=48 time=13.70 ms	(same route)
116 bytes from N4 icmp_seq=236 ttl=48 time=3.30 ms	(same route)
116 bytes from N4 icmp_seq=237 ttl=48 time=5.24 ms	(same route)
116 bytes from N4 icmp_seq=238 ttl=48 time=9.34 ms	(same route)
116 bytes from N4 icmp_seq=239 ttl=48 time=709.06 ms	(same route)
116 bytes from N4 icmp_seq=240 ttl=48 time=4.97 ms	(same route)
116 bytes from N4 icmp_seq=241 ttl=48 time=17.10 ms	(same route)
116 bytes from N4 icmp_seq=242 ttl=48 time=4.86 ms	(same route)
116 bytes from N4 icmp_seq=243 ttl=48 time=25.39 ms	(same route)
116 bytes from N4 icmp_seq=244 ttl=48 time=43.35 ms	(same route)
116 bytes from N4 icmp_seq=245 ttl=48 time=5.56 ms	(same route)
116 bytes from N4 icmp_seq=246 ttl=48 time=28.37 ms	(same route)
116 bytes from N4 icmp_seq=247 ttl=48 time=3.89 ms	(same route)
116 bytes from N4 icmp_seq=248 ttl=48 time=89.45 ms	(same route)
116 bytes from N4 icmp_seq=249 ttl=48 time=18.74 ms	(same route)
116 bytes from N4 icmp_seq=250 ttl=48 time=3.55 ms	(same route)
116 bytes from N4 icmp_seq=251 ttl=48 time=4.49 ms	(same route)
116 bytes from N4 icmp_seq=252 ttl=48 time=12.59 ms	(same route)
116 bytes from N4 icmp_seq=253 ttl=48 time=3.79 ms	(same route)
116 bytes from N4 icmp_seq=254 ttl=48 time=28.67 ms	(same route)
116 bytes from N4 icmp_seq=255 ttl=48 time=325.15 ms	(same route)
116 bytes from N4 icmp_seq=256 ttl=48 time=7.67 ms	(same route)
116 bytes from N4 icmp_seq=257 ttl=48 time=5.99 ms	(same route)
116 bytes from N4 icmp_seq=258 ttl=48 time=5.68 ms	(same route)
116 bytes from N4 icmp_seq=259 ttl=48 time=201.92 ms	(same route)
Reply from host N4 timed out
Reply from host N4 timed out
Reply from host N4 timed out
Reply from host N4 timed out
Reply from host N4 timed out
Reply from host N4 timed out
Reply from host N4 timed out
Reply from host N4 timed out
Reply from host N4 timed out
Reply from host N4 timed out
Reply from host N4 timed out
Reply from host N4 timed out
Reply from host N4 timed out
Reply from host N4 timed out
Reply from host N4 timed out
Reply from host N4 timed out
Reply from host N4 timed out
Reply from host N4 timed out
Reply from host N4 timed out
Reply from host N4 timed out
Reply from host N4 timed out
116 bytes from N4 icmp_seq=281 ttl=48 time=507.44 ms	(same route)
Reply from host N4 timed out
Reply from host N4 timed out
116 bytes from N4 icmp_seq=284 ttl=48 time=24.24 ms	(same route)
Reply from host N4 timed out
Reply from host N4 timed out
Reply from host N4 timed out
116 bytes from N4 icmp_seq=288 ttl=48 time=318.18 ms	(same route)
Reply from host N4 timed out
116 bytes from N4 icmp_seq=290 ttl=48 time=466.49 ms	(same route)
Reply from host N4 timed out
116 bytes from N4 icmp_seq=292 ttl=48 time=2.05 ms
RR: 	N1
	N2
	N3
	N4
	N4
	N3
	N2
	N1

116 bytes from N4 icmp_seq=293 ttl=48 time=613.59 ms	(same route)
116 bytes from N4 icmp_seq=294 ttl=48 time=110.86 ms	(same route)
116 bytes from N4 icmp_seq=295 ttl=48 time=40.82 ms	(same route)
116 bytes from N4 icmp_seq=296 ttl=49 time=11.81 ms
RR: 	N1
	N2
	N3
	N4
	N4
	N3
	N1

116 bytes from N4 icmp_seq=297 ttl=49 time=11.08 ms	(same route)
116 bytes from N4 icmp_seq=298 ttl=49 time=2.90 ms	(same route)
116 bytes from N4 icmp_seq=299 ttl=49 time=22.25 ms	(same route)
116 bytes from N4 icmp_seq=300 ttl=49 time=10.33 ms	(same route)
--- N4 ping statistics ---
372 packets transmitted, 213 received, 42% packet loss
rtt min/avg/max/mdev = 0.017/102.871/954.475/202.482 ms
