PING N3 (00:00:0c:18:11:03) 116(144) bytes of data
116 bytes from N3 icmp_seq=1 ttl=49 time=16.31 ms
RR: 	N1
	N3
	N3
	N2
	N1

116 bytes from N3 icmp_seq=2 ttl=49 time=5.71 ms	(same route)
116 bytes from N3 icmp_seq=3 ttl=49 time=10.70 ms	(same route)
116 bytes from N3 icmp_seq=4 ttl=49 time=6.43 ms	(same route)
116 bytes from N3 icmp_seq=5 ttl=49 time=515.61 ms	(same route)
116 bytes from N3 icmp_seq=6 ttl=49 time=4.36 ms	(same route)
116 bytes from N3 icmp_seq=7 ttl=49 time=33.72 ms	(same route)
116 bytes from N3 icmp_seq=8 ttl=49 time=32.10 ms	(same route)
116 bytes from N3 icmp_seq=9 ttl=49 time=16.45 ms	(same route)
116 bytes from N3 icmp_seq=10 ttl=49 time=2.57 ms	(same route)
116 bytes from N3 icmp_seq=11 ttl=49 time=57.69 ms	(same route)
116 bytes from N3 icmp_seq=12 ttl=49 time=1.84 ms	(same route)
116 bytes from N3 icmp_seq=13 ttl=49 time=5.67 ms	(same route)
116 bytes from N3 icmp_seq=14 ttl=49 time=778.78 ms	(same route)
116 bytes from N3 icmp_seq=15 ttl=49 time=8.83 ms	(same route)
116 bytes from N3 icmp_seq=16 ttl=49 time=19.31 ms	(same route)
116 bytes from N3 icmp_seq=17 ttl=49 time=6.02 ms	(same route)
116 bytes from N3 icmp_seq=18 ttl=49 time=1.92 ms	(same route)
116 bytes from N3 icmp_seq=19 ttl=49 time=244.19 ms	(same route)
116 bytes from N3 icmp_seq=20 ttl=49 time=290.17 ms	(same route)
116 bytes from N3 icmp_seq=21 ttl=49 time=9.85 ms	(same route)
116 bytes from N3 icmp_seq=22 ttl=50 time=370.08 ms
RR: 	N1
	N3
	N3
	N1

116 bytes from N3 icmp_seq=23 ttl=50 time=593.42 ms	(same route)
116 bytes from N3 icmp_seq=24 ttl=50 time=6.96 ms	(same route)
116 bytes from N3 icmp_seq=25 ttl=50 time=214.62 ms	(same route)
116 bytes from N3 icmp_seq=26 ttl=50 time=1.46 ms	(same route)
116 bytes from N3 icmp_seq=27 ttl=50 time=168.02 ms	(same route)
116 bytes from N3 icmp_seq=28 ttl=50 time=1.41 ms	(same route)
116 bytes from N3 icmp_seq=29 ttl=50 time=3.67 ms	(same route)
116 bytes from N3 icmp_seq=30 ttl=50 time=29.43 ms	(same route)
116 bytes from N3 icmp_seq=31 ttl=50 time=42.34 ms	(same route)
Reply from host N3 timed out
116 bytes from N3 icmp_seq=33 ttl=50 time=352.77 ms	(same route)
116 bytes from N3 icmp_seq=34 ttl=50 time=1.43 ms	(same route)
116 bytes from N3 icmp_seq=35 ttl=50 time=6.26 ms	(same route)
116 bytes from N3 icmp_seq=36 ttl=50 time=1.83 ms	(same route)
116 bytes from N3 icmp_seq=37 ttl=50 time=1.58 ms	(same route)
116 bytes from N3 icmp_seq=38 ttl=50 time=3.25 ms	(same route)
116 bytes from N3 icmp_seq=39 ttl=50 time=328.05 ms	(same route)
116 bytes from N3 icmp_seq=40 ttl=50 time=1.61 ms	(same route)
116 bytes from N3 icmp_seq=41 ttl=50 time=8.41 ms	(same route)
116 bytes from N3 icmp_seq=42 ttl=50 time=1.40 ms	(same route)
116 bytes from N3 icmp_seq=43 ttl=50 time=142.09 ms	(same route)
116 bytes from N3 icmp_seq=44 ttl=50 time=28.48 ms	(same route)
116 bytes from N3 icmp_seq=45 ttl=50 time=8.84 ms	(same route)
116 bytes from N3 icmp_seq=46 ttl=50 time=1.40 ms	(same route)
116 bytes from N3 icmp_seq=47 ttl=50 time=52.52 ms	(same route)
116 bytes from N3 icmp_seq=48 ttl=49 time=3.90 ms
RR: 	N1
	N3
	N3
	N2
	N1

116 bytes from N3 icmp_seq=49 ttl=49 time=2.71 ms	(same route)
116 bytes from N3 icmp_seq=50 ttl=49 time=672.70 ms	(same route)
116 bytes from N3 icmp_seq=51 ttl=49 time=16.43 ms	(same route)
116 bytes from N3 icmp_seq=52 ttl=49 time=1.87 ms	(same route)
116 bytes from N3 icmp_seq=53 ttl=49 time=1.70 ms	(same route)
116 bytes from N3 icmp_seq=54 ttl=49 time=1.79 ms	(same route)
116 bytes from N3 icmp_seq=55 ttl=49 time=4.37 ms	(same route)
116 bytes from N3 icmp_seq=56 ttl=49 time=3.57 ms	(same route)
116 bytes from N3 icmp_seq=57 ttl=49 time=1.98 ms	(same route)
116 bytes from N3 icmp_seq=58 ttl=49 time=12.91 ms	(same route)
116 bytes from N3 icmp_seq=59 ttl=49 time=1.88 ms	(same route)
116 bytes from N3 icmp_seq=60 ttl=49 time=1.91 ms	(same route)
116 bytes from N3 icmp_seq=61 ttl=49 time=2.58 ms	(same route)
116 bytes from N3 icmp_seq=62 ttl=49 time=14.22 ms	(same route)
116 bytes from N3 icmp_seq=63 ttl=49 time=1.97 ms	(same route)
116 bytes from N3 icmp_seq=64 ttl=49 time=9.19 ms	(same route)
116 bytes from N3 icmp_seq=65 ttl=49 time=36.27 ms	(same route)
116 bytes from N3 icmp_seq=66 ttl=49 time=1.74 ms	(same route)
116 bytes from N3 icmp_seq=67 ttl=49 time=131.88 ms	(same route)
116 bytes from N3 icmp_seq=68 ttl=49 time=2.76 ms	(same route)
Reply from host N3 timed out
116 bytes from N3 icmp_seq=70 ttl=49 time=24.77 ms	(same route)
116 bytes from N3 icmp_seq=71 ttl=49 time=858.59 ms	(same route)
Reply from host N3 timed out
Reply from host N3 timed out
Reply from host N3 timed out
116 bytes from N3 icmp_seq=75 ttl=49 time=8.45 ms	(same route)
116 bytes from N3 icmp_seq=76 ttl=49 time=940.43 ms	(same route)
116 bytes from N3 icmp_seq=77 ttl=49 time=388.03 ms	(same route)
116 bytes from N3 icmp_seq=78 ttl=49 time=1.51 ms	(same route)
116 bytes from N3 icmp_seq=79 ttl=49 time=10.66 ms	(same route)
116 bytes from N3 icmp_seq=80 ttl=49 time=3.85 ms	(same route)
116 bytes from N3 icmp_seq=81 ttl=49 time=1.78 ms	(same route)
116 bytes from N3 icmp_seq=82 ttl=49 time=1.82 ms	(same route)
116 bytes from N3 icmp_seq=83 ttl=49 time=10.24 ms	(same route)
116 bytes from N3 icmp_seq=84 ttl=49 time=5.99 ms	(same route)
116 bytes from N3 icmp_seq=85 ttl=49 time=17.72 ms	(same route)
116 bytes from N3 icmp_seq=86 ttl=49 time=36.57 ms	(same route)
116 bytes from N3 icmp_seq=87 ttl=49 time=1.82 ms	(same route)
116 bytes from N3 icmp_seq=88 ttl=49 time=1.77 ms	(same route)
116 bytes from N3 icmp_seq=89 ttl=49 time=8.92 ms	(same route)
116 bytes from N3 icmp_seq=90 ttl=49 time=1.80 ms	(same route)
116 bytes from N3 icmp_seq=91 ttl=49 time=1.83 ms	(same route)
116 bytes from N3 icmp_seq=92 ttl=49 time=4.93 ms	(same route)
116 bytes from N3 icmp_seq=93 ttl=49 time=44.63 ms	(same route)
116 bytes from N3 icmp_seq=94 ttl=49 time=379.87 ms	(same route)
Reply from host N3 timed out
116 bytes from N3 icmp_seq=96 ttl=49 time=8.95 ms	(same route)
116 bytes from N3 icmp_seq=97 ttl=49 time=714.81 ms	(same route)
Reply from host N3 timed out
116 bytes from N3 icmp_seq=99 ttl=49 time=0.02 ms	(same route)
Reply from host N3 timed out
116 bytes from N3 icmp_seq=101 ttl=49 time=335.24 ms	(same route)
116 bytes from N3 icmp_seq=102 ttl=49 time=938.58 ms	(same route)
116 bytes from N3 icmp_seq=103 ttl=49 time=621.15 ms	(same route)
116 bytes from N3 icmp_seq=104 ttl=49 time=944.90 ms	(same route)
Reply from host N3 timed out
116 bytes from N3 icmp_seq=106 ttl=49 time=641.17 ms	(same route)
116 bytes from N3 icmp_seq=107 ttl=50 time=85.41 ms
RR: 	N1
	N3
	N3
	N1

116 bytes from N3 icmp_seq=108 ttl=50 time=4.75 ms	(same route)
116 bytes from N3 icmp_seq=109 ttl=49 time=20.26 ms
RR: 	N1
	N3
	N3
	N2
	N1

Reply from host N3 timed out
Reply from host N3 timed out
116 bytes from N3 icmp_seq=112 ttl=49 time=0.03 ms	(same route)
116 bytes from N3 icmp_seq=113 ttl=49 time=968.32 ms	(same route)
116 bytes from N3 icmp_seq=114 ttl=49 time=53.06 ms
RR: 	N1
	N2
	N3
	N3
	N2
	N1

116 bytes from N3 icmp_seq=115 ttl=49 time=188.26 ms	(same route)
Reply from host N3 timed out
Reply from host N3 timed out
116 bytes from N3 icmp_seq=118 ttl=49 time=17.19 ms	(same route)
116 bytes from N3 icmp_seq=119 ttl=49 time=686.79 ms	(same route)
Reply from host N3 timed out
Reply from host N3 timed out
Reply from host N3 timed out
Reply from host N3 timed out
Reply from host N3 timed out
Reply from host N3 timed out
116 bytes from N3 icmp_seq=126 ttl=49 time=0.02 ms	(same route)
116 bytes from N3 icmp_seq=127 ttl=49 time=366.38 ms	(same route)
116 bytes from N3 icmp_seq=128 ttl=49 time=878.61 ms	(same route)
116 bytes from N3 icmp_seq=129 ttl=49 time=260.88 ms	(same route)
Reply from host N3 timed out
116 bytes from N3 icmp_seq=131 ttl=49 time=26.22 ms	(same route)
Reply from host N3 timed out
116 bytes from N3 icmp_seq=133 ttl=49 time=3.04 ms	(same route)
116 bytes from N3 icmp_seq=134 ttl=49 time=495.57 ms	(same route)
Reply from host N3 timed out
116 bytes from N3 icmp_seq=136 ttl=49 time=11.94 ms	(same route)
Reply from host N3 timed out
116 bytes from N3 icmp_seq=138 ttl=49 time=11.93 ms	(same route)
Reply from host N3 timed out
116 bytes from N3 icmp_seq=140 ttl=49 time=26.15 ms	(same route)
116 bytes from N3 icmp_seq=141 ttl=50 time=784.68 ms
RR: 	N1
	N2
	N3
	N3
	N1

Reply from host N3 timed out
116 bytes from N3 icmp_seq=143 ttl=50 time=89.16 ms	(same route)
116 bytes from N3 icmp_seq=144 ttl=50 time=19.39 ms	(same route)
116 bytes from N3 icmp_seq=145 ttl=50 time=5.55 ms	(same route)
116 bytes from N3 icmp_seq=146 ttl=50 time=13.78 ms	(same route)
116 bytes from N3 icmp_seq=147 ttl=50 time=518.15 ms	(same route)
116 bytes from N3 icmp_seq=148 ttl=50 time=543.16 ms	(same route)
116 bytes from N3 icmp_seq=149 ttl=50 time=411.86 ms	(same route)
116 bytes from N3 icmp_seq=150 ttl=50 time=6.39 ms	(same route)
116 bytes from N3 icmp_seq=151 ttl=50 time=7.14 ms	(same route)
116 bytes from N3 icmp_seq=152 ttl=50 time=1.81 ms	(same route)
116 bytes from N3 icmp_seq=153 ttl=50 time=663.22 ms	(same route)
116 bytes from N3 icmp_seq=154 ttl=50 time=50.08 ms	(same route)
116 bytes from N3 icmp_seq=155 ttl=50 time=1.93 ms	(same route)
116 bytes from N3 icmp_seq=156 ttl=50 time=393.30 ms	(same route)
116 bytes from N3 icmp_seq=157 ttl=50 time=246.81 ms	(same route)
116 bytes from N3 icmp_seq=158 ttl=50 time=1.78 ms	(same route)
116 bytes from N3 icmp_seq=159 ttl=50 time=420.96 ms	(same route)
116 bytes from N3 icmp_seq=160 ttl=50 time=4.93 ms	(same route)
116 bytes from N3 icmp_seq=161 ttl=50 time=36.94 ms	(same route)
116 bytes from N3 icmp_seq=162 ttl=50 time=3.32 ms	(same route)
116 bytes from N3 icmp_seq=163 ttl=50 time=4.73 ms	(same route)
116 bytes from N3 icmp_seq=164 ttl=50 time=1.75 ms	(same route)
116 bytes from N3 icmp_seq=165 ttl=50 time=153.52 ms	(same route)
116 bytes from N3 icmp_seq=166 ttl=50 time=6.65 ms	(same route)
116 bytes from N3 icmp_seq=167 ttl=50 time=2.89 ms	(same route)
116 bytes from N3 icmp_seq=168 ttl=50 time=1.72 ms	(same route)
116 bytes from N3 icmp_seq=169 ttl=50 time=6.03 ms	(same route)
116 bytes from N3 icmp_seq=170 ttl=50 time=12.27 ms	(same route)
116 bytes from N3 icmp_seq=171 ttl=50 time=731.97 ms	(same route)
116 bytes from N3 icmp_seq=172 ttl=50 time=617.83 ms	(same route)
116 bytes from N3 icmp_seq=173 ttl=50 time=29.81 ms	(same route)
116 bytes from N3 icmp_seq=174 ttl=50 time=860.33 ms	(same route)
116 bytes from N3 icmp_seq=175 ttl=50 time=3.25 ms	(same route)
116 bytes from N3 icmp_seq=176 ttl=50 time=144.65 ms	(same route)
116 bytes from N3 icmp_seq=177 ttl=50 time=1.77 ms	(same route)
116 bytes from N3 icmp_seq=178 ttl=49 time=3.14 ms
RR: 	N1
	N2
	N3
	N3
	N2
	N1

116 bytes from N3 icmp_seq=179 ttl=49 time=28.92 ms	(same route)
116 bytes from N3 icmp_seq=180 ttl=49 time=17.65 ms	(same route)
116 bytes from N3 icmp_seq=181 ttl=49 time=127.25 ms	(same route)
116 bytes from N3 icmp_seq=182 ttl=49 time=365.43 ms	(same route)
116 bytes from N3 icmp_seq=183 ttl=49 time=4.09 ms	(same route)
116 bytes from N3 icmp_seq=184 ttl=49 time=568.91 ms	(same route)
116 bytes from N3 icmp_seq=185 ttl=49 time=234.84 ms	(same route)
116 bytes from N3 icmp_seq=186 ttl=49 time=691.57 ms	(same route)
116 bytes from N3 icmp_seq=187 ttl=49 time=108.93 ms	(same route)
116 bytes from N3 icmp_seq=188 ttl=49 time=691.66 ms	(same route)
116 bytes from N3 icmp_seq=189 ttl=49 time=2.23 ms	(same route)
116 bytes from N3 icmp_seq=190 ttl=49 time=2.42 ms	(same route)
116 bytes from N3 icmp_seq=191 ttl=49 time=15.43 ms	(same route)
116 bytes from N3 icmp_seq=192 ttl=49 time=16.28 ms	(same route)
116 bytes from N3 icmp_seq=193 ttl=49 time=152.59 ms	(same route)
116 bytes from N3 icmp_seq=194 ttl=49 time=4.63 ms	(same route)
116 bytes from N3 icmp_seq=195 ttl=49 time=1.71 ms
RR: 	N1
	N3
	N3
	N2
	N1

116 bytes from N3 icmp_seq=196 ttl=49 time=1.84 ms	(same route)
116 bytes from N3 icmp_seq=197 ttl=49 time=9.86 ms	(same route)
116 bytes from N3 icmp_seq=198 ttl=49 time=4.36 ms	(same route)
116 bytes from N3 icmp_seq=199 ttl=49 time=36.66 ms	(same route)
Reply from host N3 timed out
Reply from host N3 timed out
Reply from host N3 timed out
116 bytes from N3 icmp_seq=203 ttl=49 time=18.56 ms	(same route)
116 bytes from N3 icmp_seq=204 ttl=49 time=591.16 ms	(same route)
116 bytes from N3 icmp_seq=205 ttl=49 time=37.51 ms	(same route)
116 bytes from N3 icmp_seq=206 ttl=49 time=7.13 ms	(same route)
116 bytes from N3 icmp_seq=207 ttl=49 time=1.78 ms	(same route)
116 bytes from N3 icmp_seq=208 ttl=49 time=8.63 ms	(same route)
116 bytes from N3 icmp_seq=209 ttl=49 time=570.42 ms	(same route)
116 bytes from N3 icmp_seq=210 ttl=49 time=720.05 ms	(same route)
116 bytes from N3 icmp_seq=211 ttl=49 time=183.28 ms	(same route)
116 bytes from N3 icmp_seq=212 ttl=49 time=21.28 ms	(same route)
116 bytes from N3 icmp_seq=213 ttl=49 time=424.45 ms	(same route)
116 bytes from N3 icmp_seq=214 ttl=49 time=5.89 ms	(same route)
116 bytes from N3 icmp_seq=215 ttl=49 time=139.75 ms	(same route)
116 bytes from N3 icmp_seq=216 ttl=49 time=1.73 ms	(same route)
116 bytes from N3 icmp_seq=217 ttl=49 time=5.36 ms	(same route)
116 bytes from N3 icmp_seq=218 ttl=49 time=3.95 ms	(same route)
116 bytes from N3 icmp_seq=219 ttl=49 time=5.69 ms	(same route)
116 bytes from N3 icmp_seq=220 ttl=49 time=724.51 ms	(same route)
116 bytes from N3 icmp_seq=221 ttl=49 time=806.93 ms	(same route)
116 bytes from N3 icmp_seq=222 ttl=49 time=4.80 ms	(same route)
116 bytes from N3 icmp_seq=223 ttl=49 time=2.11 ms	(same route)
116 bytes from N3 icmp_seq=224 ttl=49 time=15.50 ms	(same route)
116 bytes from N3 icmp_seq=225 ttl=49 time=600.80 ms	(same route)
116 bytes from N3 icmp_seq=226 ttl=49 time=1.92 ms	(same route)
116 bytes from N3 icmp_seq=227 ttl=49 time=2.28 ms	(same route)
116 bytes from N3 icmp_seq=228 ttl=49 time=39.25 ms	(same route)
116 bytes from N3 icmp_seq=229 ttl=49 time=5.42 ms	(same route)
116 bytes from N3 icmp_seq=230 ttl=49 time=963.51 ms	(same route)
116 bytes from N3 icmp_seq=231 ttl=49 time=379.42 ms	(same route)
116 bytes from N3 icmp_seq=232 ttl=49 time=3.25 ms	(same route)
116 bytes from N3 icmp_seq=233 ttl=49 time=6.32 ms	(same route)
116 bytes from N3 icmp_seq=234 ttl=49 time=1.82 ms	(same route)
116 bytes from N3 icmp_seq=235 ttl=49 time=5.83 ms	(same route)
116 bytes from N3 icmp_seq=236 ttl=49 time=1.85 ms	(same route)
116 bytes from N3 icmp_seq=237 ttl=49 time=37.48 ms	(same route)
116 bytes from N3 icmp_seq=238 ttl=49 time=1.80 ms	(same route)
116 bytes from N3 icmp_seq=239 ttl=49 time=486.20 ms	(same route)
116 bytes from N3 icmp_seq=240 ttl=49 time=4.89 ms	(same route)
116 bytes from N3 icmp_seq=241 ttl=49 time=5.91 ms	(same route)
116 bytes from N3 icmp_seq=242 ttl=49 time=1.81 ms	(same route)
116 bytes from N3 icmp_seq=243 ttl=49 time=1.86 ms	(same route)
116 bytes from N3 icmp_seq=244 ttl=49 time=1.90 ms	(same route)
116 bytes from N3 icmp_seq=245 ttl=49 time=53.09 ms	(same route)
116 bytes from N3 icmp_seq=246 ttl=49 time=615.25 ms	(same route)
116 bytes from N3 icmp_seq=247 ttl=49 time=3.67 ms	(same route)
116 bytes from N3 icmp_seq=248 ttl=49 time=8.53 ms	(same route)
116 bytes from N3 icmp_seq=249 ttl=49 time=18.96 ms	(same route)
116 bytes from N3 icmp_seq=250 ttl=49 time=9.13 ms	(same route)
116 bytes from N3 icmp_seq=251 ttl=49 time=1.79 ms	(same route)
116 bytes from N3 icmp_seq=252 ttl=49 time=1.75 ms	(same route)
116 bytes from N3 icmp_seq=253 ttl=49 time=2.81 ms	(same route)
116 bytes from N3 icmp_seq=254 ttl=49 time=14.36 ms	(same route)
116 bytes from N3 icmp_seq=255 ttl=49 time=87.07 ms	(same route)
116 bytes from N3 icmp_seq=256 ttl=49 time=6.17 ms	(same route)
116 bytes from N3 icmp_seq=257 ttl=49 time=1.94 ms	(same route)
116 bytes from N3 icmp_seq=258 ttl=49 time=962.85 ms	(same route)
Reply from host N3 timed out
Reply from host N3 timed out
Reply from host N3 timed out
Reply from host N3 timed out
Reply from host N3 timed out
Reply from host N3 timed out
Reply from host N3 timed out
Reply from host N3 timed out
Reply from host N3 timed out
Reply from host N3 timed out
Reply from host N3 timed out
Reply from host N3 timed out
Reply from host N3 timed out
Reply from host N3 timed out
Reply from host N3 timed out
Reply from host N3 timed out
Reply from host N3 timed out
Reply from host N3 timed out
Reply from host N3 timed out
Reply from host N3 timed out
Reply from host N3 timed out
Reply from host N3 timed out
Reply from host N3 timed out
Reply from host N3 timed out
Reply from host N3 timed out
116 bytes from N3 icmp_seq=284 ttl=49 time=438.05 ms	(same route)
Reply from host N3 timed out
Reply from host N3 timed out
Reply from host N3 timed out
Reply from host N3 timed out
116 bytes from N3 icmp_seq=289 ttl=49 time=336.00 ms
RR: 	N1
	N2
	N3
	N3
	N2
	N1

116 bytes from N3 icmp_seq=290 ttl=49 time=467.15 ms	(same route)
116 bytes from N3 icmp_seq=291 ttl=49 time=767.60 ms	(same route)
Reply from host N3 timed out
116 bytes from N3 icmp_seq=293 ttl=49 time=7.88 ms	(same route)
116 bytes from N3 icmp_seq=294 ttl=49 time=618.48 ms	(same route)
116 bytes from N3 icmp_seq=295 ttl=50 time=1.75 ms
RR: 	N1
	N2
	N3
	N3
	N1

116 bytes from N3 icmp_seq=296 ttl=50 time=606.06 ms	(same route)
116 bytes from N3 icmp_seq=297 ttl=50 time=6.59 ms	(same route)
116 bytes from N3 icmp_seq=298 ttl=50 time=17.41 ms	(same route)
116 bytes from N3 icmp_seq=299 ttl=50 time=66.44 ms	(same route)
116 bytes from N3 icmp_seq=300 ttl=50 time=1.72 ms	(same route)
--- N3 ping statistics ---
343 packets transmitted, 242 received, 29% packet loss
rtt min/avg/max/mdev = 0.018/158.281/968.318/264.495 ms
