1 1 N3 N3 156 0.160 1
1 2 N5 N3 79 1.360 1
1 3 N1 N3 98 0.160 1
1 4 N2 N3 116 0.390 1
2 1 N3 N3 156 0.740 1
2 2 N5 N3 79 2.460 1
2 3 N1 N3 99 0.740 1
2 4 N2 N3 118 0.450 1
3 1 N3 N3 158 0.190 1
3 2 N5 N3 80 0.410 1
3 3 N1 N3 99 1.780 1
3 4 N2 N3 121 0.460 1
4 1 N3 N3 160 0.230 1
4 2 N5 N3 80 1.460 1
4 3 N1 N3 102 0.230 1
4 4 N2 N3 125 0.500 1
5 1 N3 N3 162 0.220 1
5 2 N5 N3 81 1.000 1
5 3 N1 N3 102 0.280 1
5 4 N2 N3 128 0.520 1
6 1 N3 N3 165 0.260 1
6 2 N5 N3 83 0.050 1
6 3 N1 N3 103 0.810 1
6 4 N2 N3 131 0.010 1
7 1 N3 N3 167 0.290 1
7 2 N5 N3 84 0.590 1
7 3 N1 N3 104 0.350 1
7 4 N2 N3 133 0.010 1
8 1 N3 N3 168 0.330 1
8 2 N5 N3 85 0.630 1
8 3 N1 N3 105 0.360 1
8 4 N2 N3 136 0.020 1
9 1 N3 N3 172 0.350 1
9 2 N5 N3 86 0.120 1
9 3 N1 N3 105 1.410 1
9 4 N2 N3 139 0.040 1
10 1 N3 N3 174 0.370 1
10 2 N5 N3 88 0.150 1
10 3 N1 N3 107 0.390 1
10 4 N2 N3 139 0.600 1
11 1 N3 N3 176 0.390 1
11 2 N5 N3 91 0.170 1
11 3 N1 N3 108 0.390 1
11 4 N2 N3 140 0.070 1
12 1 N3 N3 177 0.400 1
12 2 N5 N3 94 0.160 1
12 3 N1 N3 110 0.910 1
12 4 N2 N3 140 1.120 1
13 1 N3 N3 178 0.440 1
13 2 N5 N3 96 0.190 1
13 3 N1 N3 113 0.440 1
13 4 N2 N3 139 0.150 1
14 1 N3 N3 178 0.500 1
14 2 N5 N3 96 1.240 1
14 3 N1 N3 114 0.500 1
14 4 N2 N3 139 0.690 1
15 1 N3 N3 179 0.010 1
15 2 N5 N3 98 0.800 1
15 3 N1 N3 116 0.010 1
15 4 N2 N3 139 0.710 1
16 1 N3 N3 179 0.520 1
16 2 N5 N3 99 0.800 1
16 3 N1 N3 116 1.050 1
16 4 N2 N3 140 0.200 1
17 1 N3 N3 178 0.030 1
17 2 N5 N3 99 1.850 1
17 3 N1 N3 116 2.100 1
17 4 N2 N3 140 0.740 1
18 1 N3 N3 178 0.050 1
18 2 N5 N3 101 0.280 1
18 3 N1 N3 117 0.560 1
18 4 N2 N3 140 0.260 1
19 1 N3 N3 177 0.070 1
19 2 N5 N3 103 0.310 1
19 3 N1 N3 117 1.610 1
19 4 N2 N3 140 1.310 1
20 1 N3 N3 177 0.100 1
20 2 N5 N3 104 0.820 1
20 3 N1 N3 118 0.100 1
20 4 N2 N3 140 2.360 1
21 1 N3 N3 177 0.130 1
21 2 N5 N3 105 0.870 1
21 3 N1 N3 118 1.150 1
21 4 N2 N3 140 0.350 1
22 1 N3 N3 178 0.130 1
22 2 N5 N3 106 0.330 1
22 3 N1 N3 118 0.650 1
22 4 N2 N3 140 1.400 1
23 1 N3 N3 179 0.140 1
23 2 N5 N3 106 0.860 1
23 3 N1 N3 118 0.140 1
23 4 N2 N3 139 0.380 1
24 1 N3 N3 181 0.180 1
24 2 N5 N3 106 1.920 1
24 3 N1 N3 118 0.180 1
24 4 N2 N3 138 0.390 1
25 1 N3 N3 183 0.240 1
25 2 N5 N3 106 2.980 1
25 3 N1 N3 119 0.260 1
25 4 N2 N3 138 1.450 1
26 1 N3 N3 185 0.290 1
26 2 N5 N3 106 0.410 1
26 3 N1 N3 119 0.680 1
26 4 N2 N3 137 0.430 1
27 1 N3 N3 186 0.810 1
27 2 N5 N3 107 0.440 1
27 3 N1 N3 119 0.100 1
27 4 N2 N3 137 0.460 1
28 1 N3 N3 188 0.300 1
28 2 N5 N3 108 1.000 1
28 3 N1 N3 119 0.340 1
28 4 N2 N3 138 0.510 1
29 1 N3 N3 189 0.340 1
29 2 N5 N3 108 2.040 1
29 3 N1 N3 119 0.870 1
29 4 N2 N3 138 1.040 1
30 1 N3 N3 191 0.350 1
30 2 N5 N3 109 0.560 1
30 3 N1 N3 119 1.920 1
30 4 N2 N3 138 0.570 1
31 1 N3 N3 192 0.370 1
31 2 N5 N3 109 0.560 1
31 3 N1 N3 119 0.410 1
31 4 N2 N3 138 0.100 1
32 1 N3 N3 192 0.360 1
32 2 N5 N3 109 0.040 1
32 3 N1 N3 119 0.430 1
32 4 N2 N3 137 0.120 1
33 1 N3 N3 191 0.400 1
33 2 N5 N3 107 0.110 1
33 3 N1 N3 119 1.480 1
33 4 N2 N3 136 0.160 1
34 1 N3 N3 191 0.440 1
34 2 N5 N3 106 0.130 1
34 3 N1 N3 119 2.530 1
34 4 N2 N3 135 0.160 1
35 1 N3 N3 190 0.280 1
35 2 N5 N3 105 0.180 1
35 3 N1 N3 119 3.580 1
35 4 N2 N3 135 0.170 1
36 1 N3 N3 190 0.450 1
36 2 N5 N3 104 0.130 1
36 3 N1 N3 118 0.020 1
36 4 N2 N3 134 0.130 1
37 1 N3 N3 189 0.460 1
37 2 N5 N3 104 1.180 1
37 3 N1 N3 118 1.070 1
37 4 N2 N3 134 0.710 1
38 1 N3 N3 188 0.470 1
38 2 N5 N3 103 0.740 1
38 3 N1 N3 118 2.120 1
38 4 N2 N3 134 1.760 1
39 1 N3 N3 188 1.020 1
39 2 N5 N3 103 1.790 1
39 3 N1 N3 118 3.170 1
39 4 N2 N3 134 0.740 1
40 1 N3 N3 187 1.020 1
40 2 N5 N3 103 2.840 1
40 3 N1 N3 118 4.220 1
40 4 N2 N3 134 1.790 1
41 1 N3 N3 185 0.170 1
41 2 N5 N3 100 0.160 1
41 3 N1 N3 118 0.170 1
41 4 N2 N3 131 0.160 1
42 1 N3 N3 186 0.040 1
42 2 N5 N3 100 0.810 1
42 3 N1 N3 119 0.160 1
42 4 N2 N3 131 0.320 1
43 1 N3 N3 188 0.040 1
43 2 N5 N3 100 0.470 1
43 3 N1 N3 118 0.470 1
43 4 N2 N3 131 1.360 1
44 1 N3 N3 189 0.070 1
44 2 N5 N3 100 0.880 1
44 3 N1 N3 118 1.530 1
44 4 N2 N3 131 0.890 1
45 1 N3 N3 190 0.070 1
45 2 N5 N3 100 0.340 1
45 3 N1 N3 118 0.290 1
45 4 N2 N3 131 0.370 1
46 1 N3 N3 190 0.620 1
46 2 N5 N3 100 0.330 1
46 3 N1 N3 116 0.320 1
46 4 N2 N3 133 0.890 1
47 1 N3 N3 193 0.190 1
47 2 N5 N3 99 0.920 1
47 3 N1 N3 113 0.390 1
47 4 N2 N3 135 0.470 1
48 1 N3 N3 195 0.190 1
48 2 N5 N3 100 0.430 1
48 3 N1 N3 111 0.420 1
48 4 N2 N3 136 0.480 1
49 1 N3 N3 196 0.250 1
49 2 N5 N3 101 0.490 1
49 3 N1 N3 108 0.450 1
49 4 N2 N3 136 0.480 1
50 1 N3 N3 197 0.250 1
50 2 N5 N3 101 0.470 1
50 3 N1 N3 107 0.470 1
50 4 N2 N3 137 0.500 1
51 1 N3 N3 197 0.270 1
51 2 N5 N3 102 0.520 1
51 3 N1 N3 103 0.390 1
51 4 N2 N3 137 0.520 1
52 1 N3 N3 196 0.220 1
52 2 N5 N3 102 1.570 1
52 3 N1 N3 102 0.290 1
52 4 N2 N3 136 0.510 1
53 1 N3 N3 195 0.290 1
53 2 N5 N3 102 0.100 1
53 3 N1 N3 102 1.340 1
53 4 N2 N3 136 0.050 1
54 1 N3 N3 195 0.310 1
54 2 N5 N3 102 0.120 1
54 3 N1 N3 101 0.420 1
54 4 N2 N3 136 0.080 1
55 1 N3 N3 194 0.360 1
55 2 N5 N3 102 0.030 1
55 3 N1 N3 100 0.970 1
55 4 N2 N3 136 1.130 1
56 1 N3 N3 193 0.380 1
56 2 N5 N3 102 0.630 1
56 3 N1 N3 99 0.990 1
56 4 N2 N3 136 2.180 1
57 1 N3 N3 193 0.920 1
57 2 N5 N3 102 0.690 1
57 3 N1 N3 99 0.980 1
57 4 N2 N3 135 0.580 1
58 1 N3 N3 193 0.920 1
58 2 N5 N3 102 1.740 1
58 3 N1 N3 97 0.520 1
58 4 N2 N3 134 0.590 1
59 1 N3 N3 192 0.430 1
59 2 N5 N3 103 0.230 1
59 3 N1 N3 97 0.520 1
59 4 N2 N3 133 0.610 1
60 1 N3 N3 190 0.290 1
60 2 N5 N3 105 0.790 1
60 3 N1 N3 98 0.520 1
60 4 N2 N3 131 0.050 1
61 1 N3 N3 190 0.480 1
61 2 N5 N3 104 0.750 1
61 3 N1 N3 101 0.520 1
61 4 N2 N3 131 0.690 1
62 1 N3 N3 189 0.450 1
62 2 N5 N3 104 0.770 1
62 3 N1 N3 101 0.500 1
62 4 N2 N3 131 0.740 1
63 1 N3 N3 189 1.020 1
63 2 N5 N5 0 0.810 0
63 3 N5 N3 103 0.810 1
63 4 N1 N3 102 0.110 1
63 5 N2 N3 131 0.200 1
64 1 N3 N3 188 0.020 1
64 2 N5 N5 0 0.300 0
64 3 N5 N3 104 0.300 1
64 4 N1 N3 105 0.020 1
64 5 N2 N3 131 0.510 1
65 1 N3 N3 187 0.560 1
65 2 N5 N5 0 0.880 0
65 3 N5 N3 105 0.880 1
65 4 N1 N3 105 1.080 1
65 5 N2 N3 132 0.310 1
66 1 N3 N3 186 0.070 1
66 2 N5 N5 0 0.870 0
66 3 N5 N3 106 0.870 1
66 4 N1 N3 106 0.070 1
66 5 N2 N3 133 0.350 1
67 1 N3 N3 186 0.110 1
67 2 N5 N5 0 0.940 0
67 3 N5 N3 106 0.940 1
67 4 N1 N3 106 1.130 1
67 5 N2 N3 135 0.380 1
68 1 N3 N3 186 0.160 1
68 2 N5 N5 0 0.410 0
68 3 N5 N3 108 0.410 1
68 4 N1 N3 109 0.160 1
68 5 N2 N3 135 0.960 1
69 1 N3 N3 187 0.210 1
69 2 N5 N5 0 0.990 0
69 3 N5 N3 108 0.990 1
69 4 N1 N3 109 1.220 1
69 5 N2 N3 137 1.000 1
70 1 N3 N3 187 0.230 1
70 2 N5 N5 0 2.050 0
70 3 N5 N3 108 2.050 1
70 4 N1 N3 109 2.280 1
70 5 N2 N3 138 1.050 1
71 1 N3 N3 187 0.270 1
71 2 N5 N5 0 0.100 0
71 3 N5 N3 109 0.100 1
71 4 N1 N3 111 0.500 1
71 5 N2 N3 139 0.060 1
72 1 N3 N3 188 0.310 1
72 2 N5 N5 0 0.000 0
72 3 N5 N3 113 0.000 1
72 4 N1 N3 112 0.900 1
72 5 N2 N3 140 0.090 1
73 1 N3 N3 187 0.330 1
73 2 N5 N5 0 0.820 0
73 3 N5 N3 113 0.820 1
73 4 N1 N3 115 0.390 1
73 5 N2 N3 141 0.130 1
74 1 N3 N3 186 0.360 1
74 2 N5 N5 0 0.200 0
74 3 N5 N3 117 0.200 1
74 4 N1 N3 115 0.950 1
74 5 N2 N3 141 0.660 1
75 1 N3 N3 186 0.410 1
75 2 N5 N5 0 1.260 0
75 3 N5 N3 117 1.260 1
75 4 N1 N3 114 0.620 1
75 5 N2 N3 140 0.180 1
76 1 N3 N3 185 0.440 1
76 2 N5 N5 0 0.390 0
76 3 N5 N3 119 0.390 1
76 4 N1 N3 114 0.520 1
76 5 N2 N3 139 0.200 1
77 1 N3 N3 183 0.480 1
77 2 N5 N5 11 0.260 0
77 3 N5 N3 123 0.260 1
77 4 N1 N3 114 0.620 1
77 5 N2 N3 139 1.260 1
78 1 N3 N5 9 0.370 0
78 2 N3 N3 180 0.370 1
78 3 N5 N5 11 0.300 0
78 4 N5 N3 124 0.300 1
78 5 N1 N3 113 0.520 1
78 6 N2 N3 138 0.320 1
79 1 N3 N5 9 0.050 0
79 2 N3 N3 178 0.050 1
79 3 N5 N5 10 0.320 0
79 4 N5 N3 126 0.320 1
79 5 N1 N5 7 0.050 0
79 6 N1 N3 110 0.050 1
79 7 N2 N5 9 0.360 0
79 8 N2 N3 136 0.360 1
80 1 N3 N5 9 0.060 0
80 2 N3 N3 175 0.060 1
80 3 N5 N5 10 0.340 0
80 4 N5 N3 125 0.340 1
80 5 N1 N5 7 0.580 0
80 6 N1 N3 110 0.580 1
80 7 N2 N5 9 0.920 0
80 8 N2 N3 135 0.920 1
81 1 N3 N5 9 0.120 0
81 2 N3 N3 172 0.120 1
81 3 N5 N5 12 0.000 0
81 4 N5 N3 123 0.000 1
81 5 N1 N5 7 0.070 0
81 6 N1 N3 110 0.070 1
81 7 N2 N5 9 0.480 0
81 8 N2 N3 134 0.480 1
82 1 N3 N5 12 0.070 0
82 2 N3 N3 170 0.070 1
82 3 N5 N5 14 0.090 0
82 4 N5 N3 122 0.090 1
82 5 N1 N5 9 0.120 0
82 6 N1 N3 112 0.120 1
82 7 N2 N5 12 0.010 0
82 8 N2 N3 133 0.010 1
83 1 N3 N5 13 0.210 0
83 2 N3 N3 168 0.210 1
83 3 N5 N5 16 0.020 0
83 4 N5 N3 120 0.020 1
83 5 N1 N5 12 0.150 0
83 6 N1 N3 113 0.150 1
83 7 N2 N5 15 0.060 0
83 8 N2 N3 131 0.060 1
84 1 N3 N5 15 0.190 0
84 2 N3 N3 167 0.190 1
84 3 N5 N5 18 0.110 0
84 4 N5 N3 120 0.110 1
84 5 N1 N5 14 0.310 0
84 6 N1 N3 112 0.310 1
84 7 N2 N5 16 0.130 0
84 8 N2 N3 130 0.130 1
85 1 N3 N5 20 0.250 0
85 2 N3 N3 165 0.250 1
85 3 N5 N5 21 0.160 0
85 4 N5 N3 119 0.160 1
85 5 N1 N5 18 0.300 0
85 6 N1 N3 113 0.300 1
85 7 N2 N5 18 0.160 0
85 8 N2 N3 129 0.160 1
86 1 N3 N5 23 0.390 0
86 2 N3 N3 164 0.390 1
86 3 N5 N5 23 0.200 0
86 4 N5 N3 118 0.200 1
86 5 N1 N5 21 0.330 0
86 6 N1 N3 114 0.330 1
86 7 N2 N5 23 0.180 0
86 8 N2 N3 128 0.180 1
87 1 N3 N5 28 0.370 0
87 2 N3 N3 164 0.370 1
87 3 N5 N5 29 0.260 0
87 4 N5 N3 119 0.260 1
87 5 N1 N5 21 1.420 0
87 6 N1 N3 114 1.420 1
87 7 N2 N5 24 0.230 0
87 8 N2 N3 129 0.230 1
88 1 N3 N5 37 0.380 0
88 2 N3 N3 164 0.380 1
88 3 N5 N5 33 0.400 0
88 4 N5 N3 120 0.400 1
88 5 N1 N5 25 0.730 0
88 6 N1 N3 115 0.730 1
88 7 N2 N5 28 0.280 0
88 8 N2 N3 128 0.280 1
89 1 N3 N5 42 0.030 0
89 2 N3 N3 164 0.030 1
89 3 N5 N5 40 0.310 0
89 4 N5 N3 123 0.310 1
89 5 N1 N5 30 0.460 0
89 6 N1 N3 115 0.460 1
89 7 N2 N5 35 0.300 0
89 8 N2 N3 127 0.300 1
90 1 N3 N5 57 0.080 0
90 2 N3 N3 165 0.080 1
90 3 N5 N5 48 0.470 0
90 4 N5 N3 125 0.470 1
90 5 N1 N5 42 0.080 0
90 6 N1 N3 112 0.080 1
90 7 N2 N5 49 0.330 0
90 8 N2 N3 124 0.330 1
91 1 N3 N5 60 0.130 0
91 2 N3 N3 166 0.130 1
91 3 N5 N5 58 0.410 0
91 4 N5 N3 130 0.410 1
91 5 N1 N5 42 1.150 0
91 6 N1 N3 112 1.150 1
91 7 N2 N5 56 0.390 0
91 8 N2 N3 124 0.390 1
92 1 N3 N5 79 0.070 0
92 2 N3 N3 167 0.070 1
92 3 N5 N5 74 0.070 0
92 4 N5 N3 133 0.070 1
92 5 N1 N5 45 0.400 0
92 6 N1 N3 108 0.400 1
92 7 N2 N5 64 0.390 0
92 8 N2 N3 122 0.390 1
93 1 N3 N5 90 0.110 0
93 2 N3 N3 169 0.110 1
93 3 N5 N5 85 0.090 0
93 4 N5 N3 136 0.090 1
93 5 N1 N5 45 0.120 0
93 6 N1 N3 107 0.120 1
93 7 N2 N5 64 0.120 0
93 8 N2 N3 121 0.120 1
94 1 N3 N5 94 0.280 0
94 2 N3 N3 170 0.280 1
94 3 N5 N5 90 0.510 0
94 4 N5 N3 138 0.510 1
94 5 N1 N5 45 1.190 0
94 6 N1 N3 107 1.190 1
94 7 N2 N5 64 1.190 0
94 8 N2 N3 121 1.190 1
95 1 N3 N5 96 0.330 0
95 2 N3 N3 171 0.330 1
95 3 N5 N5 90 1.580 0
95 4 N5 N3 138 1.580 1
95 5 N1 N5 45 2.260 0
95 6 N1 N3 107 2.260 1
95 7 N2 N5 69 0.520 0
95 8 N2 N3 119 0.520 1
96 1 N3 N5 98 0.410 0
96 2 N3 N3 170 0.410 1
96 3 N5 N5 90 2.690 0
96 4 N5 N3 138 2.690 1
96 5 N1 N5 48 0.790 0
96 6 N1 N3 106 0.790 1
96 7 N2 N5 74 0.790 0
96 8 N2 N3 118 0.790 1
97 1 N3 N5 100 0.310 0
97 2 N3 N3 170 0.310 1
97 3 N5 N5 105 0.300 0
97 4 N5 N3 138 0.300 1
97 5 N1 N5 48 0.780 0
97 6 N1 N3 103 0.780 1
97 7 N2 N5 74 0.780 0
97 8 N2 N3 114 0.780 1
98 1 N3 N5 101 0.140 0
98 2 N3 N3 169 0.140 1
98 3 N5 N5 122 0.140 0
98 4 N5 N3 135 0.140 1
98 5 N1 N5 57 0.250 0
98 6 N1 N3 96 0.250 1
98 7 N2 N5 74 0.250 0
98 8 N2 N3 112 0.250 1
99 1 N3 N5 101 0.020 0
99 2 N3 N3 164 0.020 1
99 3 N5 N5 125 0.530 0
99 4 N5 N3 132 0.530 1
99 5 N1 N5 57 1.320 0
99 6 N1 N3 96 1.320 1
99 7 N2 N5 75 0.650 0
99 8 N2 N3 111 0.650 1
100 1 N3 N5 100 0.480 0
100 2 N3 N3 163 0.480 1
100 3 N5 N5 125 1.600 0
100 4 N5 N3 132 1.600 1
100 5 N1 N5 57 0.650 0
100 6 N1 N3 95 0.650 1
100 7 N2 N5 75 0.330 0
100 8 N2 N3 109 0.330 1
101 1 N3 N5 98 0.580 0
101 2 N3 N3 161 0.580 1
101 3 N5 N5 125 2.670 0
101 4 N5 N3 132 2.670 1
101 5 N1 N5 57 1.720 0
101 6 N1 N3 95 1.720 1
101 7 N2 N5 75 1.400 0
101 8 N2 N3 109 1.400 1
102 1 N3 N5 98 0.100 0
102 2 N3 N3 158 0.100 1
102 3 N5 N5 138 0.280 1
102 4 N5 N3 122 0.280 0
102 5 N1 N5 65 0.280 0
102 6 N1 N3 89 0.280 1
102 7 N2 N5 78 0.280 0
102 8 N2 N3 105 0.280 1
103 1 N3 N5 98 0.140 0
103 2 N3 N3 156 0.140 1
103 3 N5 N5 138 1.350 1
103 4 N5 N3 122 1.350 0
103 5 N1 N5 65 0.170 0
103 6 N1 N3 88 0.170 1
103 7 N2 N5 81 0.170 0
103 8 N2 N3 103 0.170 1
104 1 N3 N5 98 0.020 0
104 2 N3 N3 156 0.020 1
104 3 N5 N5 151 0.020 1
104 4 N5 N3 118 0.020 0
104 5 N1 N5 65 1.240 0
104 6 N1 N3 88 1.240 1
104 7 N2 N5 81 0.310 0
104 8 N2 N3 102 0.310 1
105 1 N3 N5 98 0.250 0
105 2 N3 N3 155 0.250 1
105 3 N5 N5 151 0.970 1
105 4 N5 N3 118 0.970 0
105 5 N1 N5 67 0.240 0
105 6 N1 N3 86 0.240 1
105 7 N2 N5 84 0.030 0
105 8 N2 N3 103 0.030 1
106 1 N3 N5 98 0.300 0
106 2 N3 N3 156 0.300 1
106 3 N5 N5 151 2.070 1
106 4 N5 N3 118 2.070 0
106 5 N1 N5 73 0.320 0
106 6 N1 N3 85 0.320 1
106 7 N2 N5 0 0.100 0
106 8 N2 N3 103 0.100 1
107 1 N3 N5 98 0.870 0
107 2 N3 N3 156 0.870 1
107 3 N5 N5 159 0.990 1
107 4 N5 N3 117 0.990 0
107 5 N1 N5 73 0.770 0
107 6 N1 N3 86 0.770 1
107 7 N2 N5 0 0.670 0
107 8 N2 N3 103 0.670 1
108 1 N3 N5 98 0.850 0
108 2 N3 N3 157 0.850 1
108 3 N5 N5 167 0.410 1
108 4 N5 N3 117 0.410 0
108 5 N1 N5 0 0.880 0
108 6 N1 N3 86 0.880 1
108 7 N2 N5 0 0.880 0
108 8 N2 N3 104 0.880 1
109 1 N3 N5 98 0.630 0
109 2 N3 N3 158 0.630 1
109 3 N5 N5 172 0.260 1
109 4 N5 N3 114 0.260 0
109 5 N1 N5 0 1.950 0
109 6 N1 N3 86 1.950 1
109 7 N2 N5 0 0.630 0
109 8 N2 N3 104 0.630 1
110 1 N3 N5 0 0.770 0
110 2 N3 N3 159 0.770 1
110 3 N5 N5 172 1.320 1
110 4 N5 N3 114 1.320 0
110 5 N1 N5 0 0.770 0
110 6 N1 N3 86 0.770 1
110 7 N2 N5 0 0.770 0
110 8 N2 N3 105 0.770 1
111 1 N3 N5 0 0.520 0
111 2 N3 N3 159 0.520 1
111 3 N5 N5 178 0.780 1
111 4 N5 N3 0 0.780 0
111 5 N1 N5 0 0.520 0
111 6 N1 N3 86 0.520 1
111 7 N2 N5 0 0.520 0
111 8 N2 N3 106 0.520 1
112 1 N3 N5 0 0.960 0
112 2 N3 N3 160 0.960 1
112 3 N5 N5 179 0.590 1
112 4 N5 N3 0 0.590 0
112 5 N1 N5 0 0.900 0
112 6 N1 N3 86 0.900 1
112 7 N2 N5 0 0.900 0
112 8 N2 N3 107 0.900 1
113 1 N3 N5 0 0.810 0
113 2 N3 N3 161 0.810 1
113 3 N5 N5 179 1.660 1
113 4 N5 N3 0 1.660 0
113 5 N1 N5 0 0.810 0
113 6 N1 N3 86 0.810 1
113 7 N2 N5 0 0.810 0
113 8 N2 N3 107 0.810 1
114 1 N3 N5 0 0.450 0
114 2 N3 N3 163 0.450 1
114 3 N5 N5 181 0.880 1
114 4 N5 N3 0 0.880 0
114 5 N1 N5 0 0.460 0
114 6 N1 N3 86 0.460 1
114 7 N2 N5 0 0.450 0
114 8 N2 N3 108 0.450 1
115 1 N3 N5 0 0.080 0
115 2 N3 N3 165 0.080 1
115 3 N5 N5 182 0.790 1
115 4 N5 N3 0 0.790 0
115 5 N1 N5 0 0.090 0
115 6 N1 N3 87 0.090 1
115 7 N2 N5 0 0.090 0
115 8 N2 N3 108 0.090 1
116 1 N3 N5 0 1.160 0
116 2 N3 N3 165 1.160 1
116 3 N5 N5 182 1.860 1
116 4 N5 N3 0 1.860 0
116 5 N1 N5 0 1.160 0
116 6 N1 N3 87 1.160 1
116 7 N2 N5 0 1.160 0
116 8 N2 N3 108 1.160 1
117 1 N3 N5 0 0.590 0
117 2 N3 N3 165 0.590 1
117 3 N5 N5 189 0.960 1
117 4 N5 N3 0 0.960 0
117 5 N1 N5 0 0.610 0
117 6 N1 N3 88 0.610 1
117 7 N2 N5 0 0.580 0
117 8 N2 N3 106 0.580 1
118 1 N3 N5 0 1.650 0
118 2 N3 N3 165 1.650 1
118 3 N5 N5 189 2.020 1
118 4 N5 N3 0 2.020 0
118 5 N1 N5 0 1.670 0
118 6 N1 N3 88 1.670 1
118 7 N2 N5 0 1.640 0
118 8 N2 N3 106 1.640 1
119 1 N3 N5 0 0.920 0
119 2 N3 N3 165 0.920 1
119 3 N5 N5 189 0.500 1
119 4 N5 N3 0 0.500 0
119 5 N1 N5 0 2.740 0
119 6 N1 N3 88 2.740 1
119 7 N2 N5 0 0.910 0
119 8 N2 N3 102 0.910 1
120 1 N3 N5 0 0.290 0
120 2 N3 N3 164 0.290 1
120 3 N5 N5 189 1.580 1
120 4 N5 N3 0 1.580 0
120 5 N1 N5 0 3.820 0
120 6 N1 N3 88 3.820 1
120 7 N2 N5 0 1.990 0
120 8 N2 N3 102 1.990 1
121 1 N3 N5 0 1.350 0
121 2 N3 N3 164 1.350 1
121 3 N5 N5 184 0.080 1
121 4 N5 N3 0 0.080 0
121 5 N1 N5 0 4.880 0
121 6 N1 N3 88 4.880 1
121 7 N2 N5 0 3.050 0
121 8 N2 N3 102 3.050 1
122 1 N3 N5 0 0.520 0
122 2 N3 N3 158 0.520 1
122 3 N5 N5 184 1.150 1
122 4 N5 N3 0 1.150 0
122 5 N1 N5 0 0.530 0
122 6 N1 N3 85 0.530 1
122 7 N2 N5 0 0.530 0
122 8 N2 N3 98 0.530 1
123 1 N3 N5 0 0.140 0
123 2 N3 N3 155 0.140 1
123 3 N5 N5 184 2.220 1
123 4 N5 N3 0 2.220 0
123 5 N1 N5 0 1.600 0
123 6 N1 N3 85 1.600 1
123 7 N2 N5 0 0.130 0
123 8 N2 N3 95 0.130 1
124 1 N3 N5 0 0.310 0
124 2 N3 N3 150 0.310 1
124 3 N5 N5 184 3.290 1
124 4 N5 N3 0 3.290 0
124 5 N1 N5 0 0.320 0
124 6 N1 N3 82 0.320 1
124 7 N2 N5 0 0.320 0
124 8 N2 N3 94 0.320 1
125 1 N3 N5 0 1.380 0
125 2 N3 N3 150 1.380 1
125 3 N5 N5 184 4.360 1
125 4 N5 N3 0 4.360 0
125 5 N1 N5 0 1.380 0
125 6 N1 N3 82 1.380 1
125 7 N2 N5 0 1.380 0
125 8 N2 N3 94 1.380 1
126 1 N3 N5 0 0.560 0
126 2 N3 N3 146 0.560 1
126 3 N5 N5 184 5.430 1
126 4 N5 N3 0 5.430 0
126 5 N1 N5 0 0.560 0
126 6 N1 N3 79 0.560 1
126 7 N2 N5 0 0.560 0
126 8 N2 N3 93 0.560 1
127 1 N3 N5 0 1.630 0
127 2 N3 N3 146 1.630 1
127 3 N5 N5 184 6.500 1
127 4 N5 N3 0 6.500 0
127 5 N1 N5 0 1.640 0
127 6 N1 N3 79 1.640 1
127 7 N2 N5 0 1.640 0
127 8 N2 N3 93 1.640 1
128 1 N3 N5 0 0.550 0
128 2 N3 N3 145 0.550 1
128 3 N5 N5 181 0.660 1
128 4 N5 N3 0 0.660 0
128 5 N1 N5 0 0.550 0
128 6 N1 N3 79 0.550 1
128 7 N2 N5 0 0.540 0
128 8 N2 N3 91 0.540 1
129 1 N3 N5 0 1.620 0
129 2 N3 N3 145 1.620 1
129 3 N5 N5 181 1.730 1
129 4 N5 N3 0 1.730 0
129 5 N1 N5 0 1.620 0
129 6 N1 N3 79 1.620 1
129 7 N2 N5 0 1.610 0
129 8 N2 N3 91 1.610 1
130 1 N3 N5 0 0.800 0
130 2 N3 N3 144 0.800 1
130 3 N5 N5 181 2.800 1
130 4 N5 N3 0 2.800 0
130 5 N1 N5 0 0.810 0
130 6 N1 N3 78 0.810 1
130 7 N2 N5 0 0.800 0
130 8 N2 N3 90 0.800 1
131 1 N3 N5 0 0.680 0
131 2 N3 N3 145 0.680 1
131 3 N5 N5 181 3.870 1
131 4 N5 N3 0 3.870 0
131 5 N1 N5 0 0.690 0
131 6 N1 N3 78 0.690 1
131 7 N2 N5 0 0.680 0
131 8 N2 N3 90 0.680 1
132 1 N3 N5 0 0.040 0
132 2 N3 N3 145 0.040 1
132 3 N5 N5 181 4.950 1
132 4 N5 N3 0 4.950 0
132 5 N1 N5 0 0.040 0
132 6 N1 N3 77 0.040 1
132 7 N2 N5 0 0.040 0
132 8 N2 N3 90 0.040 1
133 1 N3 N5 0 1.110 0
133 2 N3 N3 145 1.110 1
133 3 N5 N5 171 0.210 1
133 4 N5 N3 0 0.210 0
133 5 N1 N5 0 1.110 0
133 6 N1 N3 77 1.110 1
133 7 N2 N5 0 1.110 0
133 8 N2 N3 90 1.110 1
134 1 N3 N5 0 0.460 0
134 2 N3 N3 145 0.460 1
134 3 N5 N5 171 1.270 1
134 4 N5 N3 0 1.270 0
134 5 N1 N5 0 2.170 0
134 6 N1 N3 77 2.170 1
134 7 N2 N5 0 2.170 0
134 8 N2 N3 90 2.170 1
135 1 N3 N5 0 0.690 0
135 2 N3 N3 146 0.690 1
135 3 N5 N5 149 0.970 1
135 4 N5 N3 0 0.970 0
135 5 N1 N5 0 0.690 0
135 6 N1 N3 75 0.690 1
135 7 N2 N5 0 0.680 0
135 8 N2 N3 88 0.680 1
136 1 N3 N5 0 0.170 0
136 2 N3 N3 146 0.170 1
136 3 N5 N5 143 0.780 1
136 4 N5 N3 0 0.780 0
136 5 N1 N5 0 0.170 0
136 6 N1 N3 74 0.170 1
136 7 N2 N5 0 1.740 0
136 8 N2 N3 88 1.740 1
137 1 N3 N5 0 0.910 0
137 2 N3 N3 148 0.910 1
137 3 N5 N5 143 1.850 1
137 4 N5 N3 0 1.850 0
137 5 N1 N5 0 0.920 0
137 6 N1 N3 74 0.920 1
137 7 N2 N5 0 0.920 0
137 8 N2 N3 87 0.920 1
138 1 N3 N5 0 0.100 0
138 2 N3 N3 152 0.100 1
138 3 N5 N5 135 0.860 1
138 4 N5 N3 0 0.860 0
138 5 N1 N5 0 0.100 0
138 6 N1 N3 78 0.100 1
138 7 N2 N5 0 0.830 0
138 8 N2 N3 88 0.830 1
139 1 N3 N5 0 0.270 0
139 2 N3 N3 154 0.270 1
139 3 N5 N5 118 0.340 1
139 4 N5 N3 0 0.340 0
139 5 N1 N5 0 1.180 0
139 6 N1 N3 78 1.180 1
139 7 N2 N5 0 0.030 0
139 8 N2 N3 89 0.030 1
140 1 N3 N5 0 0.340 0
140 2 N3 N3 158 0.340 1
140 3 N5 N5 105 0.060 1
140 4 N5 N3 0 0.060 0
140 5 N1 N5 0 0.800 0
140 6 N1 N3 80 0.800 1
140 7 N2 N5 0 0.580 0
140 8 N2 N3 91 0.580 1
141 1 N3 N5 0 0.420 0
141 2 N3 N3 162 0.420 1
141 3 N5 N5 105 1.140 1
141 4 N5 N3 0 1.140 0
141 5 N1 N5 0 0.860 0
141 6 N1 N3 82 0.860 1
141 7 N2 N5 0 1.660 0
141 8 N2 N3 91 1.660 1
142 1 N3 N5 0 0.070 0
142 2 N3 N3 165 0.070 1
142 3 N5 N5 105 2.210 1
142 4 N5 N3 0 2.210 0
142 5 N1 N5 0 0.070 0
142 6 N1 N3 85 0.070 1
142 7 N2 N5 0 0.070 0
142 8 N2 N3 92 0.070 1
143 1 N3 N5 0 0.510 0
143 2 N3 N3 168 0.510 1
143 3 N5 N5 98 0.560 1
143 4 N5 N3 0 0.560 0
143 5 N1 N5 0 0.990 0
143 6 N1 N3 86 0.990 1
143 7 N2 N5 0 0.180 0
143 8 N2 N3 94 0.180 1
144 1 N3 N5 0 0.020 0
144 2 N3 N3 170 0.020 1
144 3 N5 N5 98 1.630 1
144 4 N5 N3 0 1.630 0
144 5 N1 N5 0 0.330 0
144 6 N1 N3 87 0.330 1
144 7 N2 N5 0 0.730 0
144 8 N2 N3 95 0.730 1
145 1 N3 N5 0 0.060 0
145 2 N3 N3 172 0.060 1
145 3 N5 N5 69 0.890 1
145 4 N5 N3 0 0.890 0
145 5 N1 N5 0 0.530 0
145 6 N1 N3 89 0.530 1
145 7 N2 N5 0 0.260 0
145 8 N2 N3 98 0.260 1
146 1 N3 N5 0 0.100 0
146 2 N3 N3 171 0.100 1
146 3 N5 N5 68 0.490 1
146 4 N5 N3 0 0.490 0
146 5 N1 N5 0 0.070 0
146 6 N1 N3 89 0.070 1
146 7 N2 N5 0 0.800 0
146 8 N2 N3 99 0.800 1
147 1 N3 N5 0 0.150 0
147 2 N3 N3 169 0.150 1
147 3 N5 N5 68 1.560 1
147 4 N5 N3 0 1.560 0
147 5 N1 N5 0 0.100 0
147 6 N1 N3 91 0.100 1
147 7 N2 N5 0 0.330 0
147 8 N2 N3 100 0.330 1
148 1 N3 N5 0 0.720 0
148 2 N3 N3 169 0.720 1
148 3 N5 N5 68 0.690 1
148 4 N5 N3 0 0.690 0
148 5 N1 N5 0 1.180 0
148 6 N1 N3 91 1.180 1
148 7 N2 N5 0 0.390 0
148 8 N2 N3 102 0.390 1
149 1 N3 N5 0 0.260 0
149 2 N3 N3 167 0.260 1
149 3 N5 N5 73 0.350 1
149 4 N5 N3 0 0.350 0
149 5 N1 N5 0 0.670 0
149 6 N1 N3 93 0.670 1
149 7 N2 N5 0 0.420 0
149 8 N2 N3 103 0.420 1
150 1 N3 N5 0 0.790 0
150 2 N3 N3 167 0.790 1
150 3 N5 N5 73 1.410 1
150 4 N5 N3 0 1.410 0
150 5 N1 N5 0 1.730 0
150 6 N1 N3 93 1.730 1
150 7 N2 N5 0 0.970 0
150 8 N2 N3 104 0.970 1
151 1 N3 N5 0 0.080 0
151 2 N3 N3 168 0.080 1
151 3 N5 N5 73 2.510 1
151 4 N5 N3 0 2.510 0
151 5 N1 N5 0 0.850 0
151 6 N1 N3 94 0.850 1
151 7 N2 N5 0 0.530 0
151 8 N2 N3 104 0.530 1
152 1 N3 N5 0 0.340 0
152 2 N3 N3 168 0.340 1
152 3 N5 N5 96 0.660 1
152 4 N5 N3 0 0.660 0
152 5 N1 N5 0 0.340 0
152 6 N1 N3 96 0.340 1
152 7 N2 N5 0 0.060 0
152 8 N2 N3 105 0.060 1
153 1 N3 N5 0 0.420 0
153 2 N3 N3 169 0.420 1
153 3 N5 N5 96 1.730 1
153 4 N5 N3 0 1.730 0
153 5 N1 N5 0 0.420 0
153 6 N1 N3 96 0.420 1
153 7 N2 N5 0 0.080 0
153 8 N2 N3 104 0.080 1
154 1 N3 N5 0 0.970 0
154 2 N3 N3 171 0.970 1
154 3 N5 N5 112 0.020 1
154 4 N5 N3 0 0.020 0
154 5 N1 N5 0 0.250 0
154 6 N1 N3 95 0.250 1
154 7 N2 N5 0 0.260 0
154 8 N2 N3 104 0.260 1
155 1 N3 N5 0 0.010 0
155 2 N3 N3 175 0.010 1
155 3 N5 N5 112 1.090 1
155 4 N5 N3 0 1.090 0
155 5 N1 N5 0 1.320 0
155 6 N1 N3 95 1.320 1
155 7 N2 N5 0 0.140 0
155 8 N2 N3 104 0.140 1
156 1 N3 N5 0 0.040 0
156 2 N3 N3 177 0.040 1
156 3 N5 N5 112 2.160 1
156 4 N5 N3 0 2.160 0
156 5 N1 N5 0 0.050 0
156 6 N1 N3 94 0.050 1
156 7 N2 N5 0 0.680 0
156 8 N2 N3 103 0.680 1
157 1 N3 N5 0 0.160 0
157 2 N3 N3 181 0.160 1
157 3 N5 N5 128 0.040 1
157 4 N5 N3 0 0.040 0
157 5 N1 N5 0 1.200 0
157 6 N1 N3 94 1.200 1
157 7 N2 N5 0 0.330 0
157 8 N2 N3 103 0.330 1
158 1 N3 N5 0 0.350 0
158 2 N3 N3 184 0.350 1
158 3 N5 N5 143 0.260 1
158 4 N5 N3 0 0.260 0
158 5 N1 N5 0 0.920 0
158 6 N1 N3 94 0.920 1
158 7 N2 N5 0 0.010 0
158 8 N2 N3 104 0.010 1
159 1 N3 N5 0 0.920 0
159 2 N3 N3 185 0.920 1
159 3 N5 N5 150 0.240 1
159 4 N5 N3 0 0.240 0
159 5 N1 N5 0 2.010 0
159 6 N1 N3 94 2.010 1
159 7 N2 N5 0 0.080 0
159 8 N2 N3 105 0.080 1
160 1 N3 N5 0 0.440 0
160 2 N3 N3 188 0.440 1
160 3 N5 N5 153 0.870 1
160 4 N5 N3 0 0.870 0
160 5 N1 N5 0 3.080 0
160 6 N1 N3 94 3.080 1
160 7 N2 N5 0 0.130 0
160 8 N2 N3 105 0.130 1
161 1 N3 N5 0 0.470 0
161 2 N3 N3 189 0.470 1
161 3 N5 N5 160 0.400 1
161 4 N5 N3 0 0.400 0
161 5 N1 N5 0 0.050 0
161 6 N1 N3 93 0.050 1
161 7 N2 N5 0 0.200 0
161 8 N2 N3 106 0.200 1
162 1 N3 N5 0 0.040 0
162 2 N3 N3 190 0.040 1
162 3 N5 N5 166 0.390 1
162 4 N5 N3 0 0.390 0
162 5 N1 N5 0 0.060 0
162 6 N1 N3 93 0.060 1
162 7 N2 N5 0 0.260 0
162 8 N2 N3 107 0.260 1
163 1 N3 N5 0 0.100 0
163 2 N3 N3 190 0.100 1
163 3 N5 N5 169 0.980 1
163 4 N5 N3 0 0.980 0
163 5 N1 N5 0 0.090 0
163 6 N1 N3 92 0.090 1
163 7 N2 N5 0 0.290 0
163 8 N2 N3 107 0.290 1
164 1 N3 N5 123 0.120 0
164 2 N3 N3 191 0.120 1
164 3 N5 N5 177 0.060 1
164 4 N5 N3 0 0.060 0
164 5 N1 N5 0 0.110 0
164 6 N1 N3 92 0.110 1
164 7 N2 N5 0 1.360 0
164 8 N2 N3 107 1.360 1
165 1 N3 N5 125 1.070 0
165 2 N3 N3 191 1.070 1
165 3 N5 N5 177 1.130 1
165 4 N5 N3 0 1.130 0
165 5 N1 N5 0 1.180 0
165 6 N1 N3 92 1.180 1
165 7 N2 N5 0 2.430 0
165 8 N2 N3 107 2.430 1
166 1 N3 N5 126 0.110 0
166 2 N3 N3 192 0.110 1
166 3 N5 N5 180 0.130 1
166 4 N5 N3 0 0.130 0
166 5 N1 N5 0 0.110 0
166 6 N1 N3 91 0.110 1
166 7 N2 N5 0 0.880 0
166 8 N2 N3 107 0.880 1
167 1 N3 N5 133 0.190 0
167 2 N3 N3 192 0.190 1
167 3 N5 N5 182 0.170 1
167 4 N5 N3 0 0.170 0
167 5 N1 N5 0 0.240 0
167 6 N1 N3 89 0.240 1
167 7 N2 N5 0 0.890 0
167 8 N2 N3 108 0.890 1
168 1 N3 N5 133 0.870 0
168 2 N3 N3 193 0.870 1
168 3 N5 N5 183 0.720 1
168 4 N5 N3 0 0.720 0
168 5 N1 N5 0 0.810 0
168 6 N1 N3 88 0.810 1
168 7 N2 N5 0 1.960 0
168 8 N2 N3 108 1.960 1
169 1 N3 N5 134 0.810 0
169 2 N3 N3 193 0.810 1
169 3 N5 N5 183 1.790 1
169 4 N5 N3 0 1.790 0
169 5 N1 N5 0 1.880 0
169 6 N1 N3 88 1.880 1
169 7 N2 N5 0 0.980 0
169 8 N2 N3 108 0.980 1
170 1 N3 N5 141 0.360 0
170 2 N3 N3 192 0.360 1
170 3 N5 N5 183 2.860 1
170 4 N5 N3 0 2.860 0
170 5 N1 N5 0 0.850 0
170 6 N1 N3 84 0.850 1
170 7 N2 N5 0 0.530 0
170 8 N2 N3 108 0.530 1
171 1 N3 N5 144 0.000 0
171 2 N3 N3 191 0.000 1
171 3 N5 N5 184 0.300 1
171 4 N5 N3 0 0.300 0
171 5 N1 N5 0 0.340 0
171 6 N1 N3 82 0.340 1
171 7 N2 N5 0 0.030 0
171 8 N2 N3 107 0.030 1
172 1 N3 N5 144 0.570 0
172 2 N3 N3 191 0.570 1
172 3 N5 N5 184 1.380 1
172 4 N5 N3 0 1.380 0
172 5 N1 N5 0 0.930 0
172 6 N1 N3 81 0.930 1
172 7 N2 N5 0 1.110 0
172 8 N2 N3 107 1.110 1
173 1 N3 N5 145 0.140 0
173 2 N3 N3 191 0.140 1
173 3 N5 N5 185 0.490 1
173 4 N5 N3 0 0.490 0
173 5 N1 N5 0 0.520 0
173 6 N1 N3 81 0.520 1
173 7 N2 N5 0 0.150 0
173 8 N2 N3 106 0.150 1
174 1 N3 N5 146 0.180 0
174 2 N3 N3 191 0.180 1
174 3 N5 N5 186 0.380 1
174 4 N5 N3 115 0.380 0
174 5 N1 N5 0 1.040 0
174 6 N1 N3 80 1.040 1
174 7 N2 N5 0 1.210 0
174 8 N2 N3 106 1.210 1
175 1 N3 N5 146 0.200 0
175 2 N3 N3 190 0.200 1
175 3 N5 N5 186 0.450 1
175 4 N5 N3 115 0.450 0
175 5 N1 N5 0 0.610 0
175 6 N1 N3 80 0.610 1
175 7 N2 N5 0 0.200 0
175 8 N2 N3 106 0.200 1
176 1 N3 N5 147 0.260 0
176 2 N3 N3 191 0.260 1
176 3 N5 N5 186 1.520 1
176 4 N5 N3 115 1.520 0
176 5 N1 N5 0 0.130 0
176 6 N1 N3 81 0.130 1
176 7 N2 N5 0 0.250 0
176 8 N2 N3 107 0.250 1
177 1 N3 N5 147 0.310 0
177 2 N3 N3 194 0.310 1
177 3 N5 N5 186 0.940 1
177 4 N5 N3 123 0.940 0
177 5 N1 N5 0 0.690 0
177 6 N1 N3 82 0.690 1
177 7 N2 N5 0 0.290 0
177 8 N2 N3 109 0.290 1
178 1 N3 N5 146 0.330 0
178 2 N3 N3 196 0.330 1
178 3 N5 N5 183 0.100 1
178 4 N5 N3 127 0.100 0
178 5 N1 N5 0 0.060 0
178 6 N1 N3 83 0.060 1
178 7 N2 N5 0 0.330 0
178 8 N2 N3 110 0.330 1
179 1 N3 N5 0 0.360 0
179 2 N3 N3 197 0.360 1
179 3 N5 N5 183 1.170 1
179 4 N5 N3 127 1.170 0
179 5 N1 N5 0 0.490 0
179 6 N1 N3 84 0.490 1
179 7 N2 N5 0 0.360 0
179 8 N2 N3 111 0.360 1
180 1 N3 N5 122 0.070 0
180 2 N3 N3 199 0.070 1
180 3 N5 N5 165 0.070 1
180 4 N5 N3 128 0.070 0
180 5 N1 N5 0 0.290 0
180 6 N1 N3 86 0.290 1
180 7 N2 N5 0 0.400 0
180 8 N2 N3 114 0.400 1
181 1 N3 N5 122 0.400 0
181 2 N3 N3 199 0.400 1
181 3 N5 N5 162 0.700 1
181 4 N5 N3 130 0.700 0
181 5 N1 N5 0 0.930 0
181 6 N1 N3 88 0.930 1
181 7 N2 N5 0 0.450 0
181 8 N2 N3 114 0.450 1
182 1 N3 N5 122 0.400 0
182 2 N3 N3 199 0.400 1
182 3 N5 N5 156 0.220 1
182 4 N5 N3 135 0.220 0
182 5 N1 N5 0 0.950 0
182 6 N1 N3 90 0.950 1
182 7 N2 N5 0 0.510 0
182 8 N2 N3 116 0.510 1
183 1 N3 N5 122 0.450 0
183 2 N3 N3 199 0.450 1
183 3 N5 N5 151 0.270 1
183 4 N5 N3 138 0.270 0
183 5 N1 N5 0 0.450 0
183 6 N1 N3 91 0.450 1
183 7 N2 N5 0 0.550 0
183 8 N2 N3 118 0.550 1
184 1 N3 N5 122 0.510 0
184 2 N3 N3 198 0.510 1
184 3 N5 N5 143 0.340 1
184 4 N5 N3 141 0.340 0
184 5 N1 N5 0 1.010 0
184 6 N1 N3 93 1.010 1
184 7 N2 N5 0 0.100 0
184 8 N2 N3 120 0.100 1
185 1 N3 N5 122 0.030 0
185 2 N3 N3 194 0.030 1
185 3 N5 N5 143 0.350 1
185 4 N5 N3 144 0.350 0
185 5 N1 N5 0 0.030 0
185 6 N1 N3 96 0.030 1
185 7 N2 N5 0 0.160 0
185 8 N2 N3 120 0.160 1
186 1 N3 N5 122 0.070 0
186 2 N3 N3 192 0.070 1
186 3 N5 N5 143 0.390 1
186 4 N5 N3 146 0.390 0
186 5 N1 N5 0 0.080 0
186 6 N1 N3 97 0.080 1
186 7 N2 N5 0 0.230 0
186 8 N2 N3 119 0.230 1
187 1 N3 N5 122 0.120 0
187 2 N3 N3 189 0.120 1
187 3 N5 N5 143 0.420 1
187 4 N5 N3 146 0.420 0
187 5 N1 N5 0 1.160 0
187 6 N1 N3 97 1.160 1
187 7 N2 N5 0 0.260 0
187 8 N2 N3 119 0.260 1
188 1 N3 N5 0 0.200 0
188 2 N3 N3 187 0.200 1
188 3 N5 N5 143 0.460 1
188 4 N5 N3 146 0.460 0
188 5 N1 N5 0 0.200 0
188 6 N1 N3 97 0.200 1
188 7 N2 N5 0 0.310 0
188 8 N2 N3 119 0.310 1
189 1 N3 N5 0 0.250 0
189 2 N3 N3 183 0.250 1
189 3 N5 N5 139 0.010 1
189 4 N5 N3 144 0.010 0
189 5 N1 N5 0 0.250 0
189 6 N1 N3 97 0.250 1
189 7 N2 N5 0 0.340 0
189 8 N2 N3 118 0.340 1
190 1 N3 N5 0 0.310 0
190 2 N3 N3 180 0.310 1
190 3 N5 N5 0 0.040 0
190 4 N5 N3 142 0.040 1
190 5 N1 N5 0 0.310 0
190 6 N1 N3 96 0.310 1
190 7 N2 N5 0 0.400 0
190 8 N2 N3 116 0.400 1
191 1 N3 N5 0 0.370 0
191 2 N3 N3 177 0.370 1
191 3 N5 N5 0 0.620 0
191 4 N5 N3 142 0.620 1
191 5 N1 N5 0 1.380 0
191 6 N1 N3 96 1.380 1
191 7 N2 N5 0 1.470 0
191 8 N2 N3 116 1.470 1
192 1 N3 N5 0 0.430 0
192 2 N3 N3 174 0.430 1
192 3 N5 N5 0 0.180 0
192 4 N5 N3 140 0.180 1
192 5 N1 N5 0 0.460 0
192 6 N1 N3 96 0.460 1
192 7 N2 N5 0 2.540 0
192 8 N2 N3 116 2.540 1
193 1 N3 N5 0 0.600 0
193 2 N3 N3 172 0.600 1
193 3 N5 N5 0 0.600 0
193 4 N5 N3 138 0.600 1
193 5 N1 N5 0 0.600 0
193 6 N1 N3 97 0.600 1
193 7 N2 N5 0 3.610 0
193 8 N2 N3 116 3.610 1
194 1 N3 N5 0 0.930 0
194 2 N3 N3 169 0.930 1
194 3 N5 N5 0 0.930 0
194 4 N5 N3 136 0.930 1
194 5 N1 N5 0 0.940 0
194 6 N1 N3 97 0.940 1
194 7 N2 N5 0 0.930 0
194 8 N2 N3 116 0.930 1
195 1 N3 N5 0 0.490 0
195 2 N3 N3 165 0.490 1
195 3 N5 N5 0 0.490 0
195 4 N5 N3 130 0.490 1
195 5 N1 N5 0 0.490 0
195 6 N1 N3 97 0.490 1
195 7 N2 N5 0 0.490 0
195 8 N2 N3 116 0.490 1
196 1 N3 N5 0 0.090 0
196 2 N3 N3 163 0.090 1
196 3 N5 N5 0 0.810 0
196 4 N5 N3 128 0.810 1
196 5 N1 N5 0 0.090 0
196 6 N1 N3 98 0.090 1
196 7 N2 N5 0 0.100 0
196 8 N2 N3 116 0.100 1
197 1 N3 N5 0 0.160 0
197 2 N3 N3 163 0.160 1
197 3 N5 N5 0 0.380 0
197 4 N5 N3 125 0.380 1
197 5 N1 N5 0 0.160 0
197 6 N1 N3 99 0.160 1
197 7 N2 N5 0 0.230 0
197 8 N2 N3 116 0.230 1
198 1 N3 N5 0 0.200 0
198 2 N3 N3 163 0.200 1
198 3 N5 N5 0 0.840 0
198 4 N5 N3 124 0.840 1
198 5 N1 N5 0 0.200 0
198 6 N1 N3 99 0.200 1
198 7 N2 N5 0 0.780 0
198 8 N2 N3 116 0.780 1
199 1 N3 N5 0 0.250 0
199 2 N3 N3 163 0.250 1
199 3 N5 N5 0 0.440 0
199 4 N5 N3 122 0.440 1
199 5 N1 N5 0 0.250 0
199 6 N1 N3 100 0.250 1
199 7 N2 N5 0 0.830 0
199 8 N2 N3 115 0.830 1
200 1 N3 N5 0 0.270 0
200 2 N3 N3 163 0.270 1
200 3 N5 N5 0 0.460 0
200 4 N5 N3 121 0.460 1
200 5 N1 N5 0 0.290 0
200 6 N1 N3 101 0.290 1
200 7 N2 N5 0 1.900 0
200 8 N2 N3 115 1.900 1
201 1 N3 N5 0 0.330 0
201 2 N3 N3 164 0.330 1
201 3 N5 N5 0 0.020 0
201 4 N5 N3 120 0.020 1
201 5 N1 N5 0 0.200 0
201 6 N1 N3 102 0.200 1
201 7 N2 N5 0 0.430 0
201 8 N2 N3 116 0.430 1
202 1 N3 N5 0 0.350 0
202 2 N3 N3 166 0.350 1
202 3 N5 N5 0 0.070 0
202 4 N5 N3 120 0.070 1
202 5 N1 N5 0 1.270 0
202 6 N1 N3 102 1.270 1
202 7 N2 N5 0 0.990 0
202 8 N2 N3 118 0.990 1
203 1 N3 N5 0 0.410 0
203 2 N3 N3 167 0.410 1
203 3 N5 N5 0 0.120 0
203 4 N5 N3 122 0.120 1
203 5 N1 N5 0 0.790 0
203 6 N1 N3 104 0.790 1
203 7 N2 N5 0 0.080 0
203 8 N2 N3 120 0.080 1
204 1 N3 N5 0 0.450 0
204 2 N3 N3 168 0.450 1
204 3 N5 N5 0 0.140 0
204 4 N5 N3 123 0.140 1
204 5 N1 N5 0 1.860 0
204 6 N1 N3 104 1.860 1
204 7 N2 N5 0 0.620 0
204 8 N2 N3 122 0.620 1
205 1 N3 N5 0 0.490 0
205 2 N3 N3 169 0.490 1
205 3 N5 N5 0 0.190 0
205 4 N5 N3 124 0.190 1
205 5 N1 N5 0 0.060 0
205 6 N1 N3 107 0.060 1
205 7 N2 N5 0 0.640 0
205 8 N2 N3 123 0.650 1
206 1 N3 N5 0 0.060 0
206 2 N3 N3 169 0.060 1
206 3 N5 N5 0 0.760 0
206 4 N5 N3 125 0.760 1
206 5 N1 N5 0 0.060 0
206 6 N1 N3 109 0.060 1
206 7 N2 N5 0 0.220 0
206 8 N2 N3 126 0.220 1
207 1 N3 N5 0 0.060 0
207 2 N3 N3 169 0.060 1
207 3 N5 N5 0 0.290 0
207 4 N5 N3 125 0.290 1
207 5 N1 N5 0 0.190 0
207 6 N1 N3 111 0.190 1
207 7 N2 N5 0 0.790 0
207 8 N2 N3 127 0.790 1
208 1 N3 N5 0 0.110 0
208 2 N3 N3 168 0.110 1
208 3 N5 N5 0 1.370 0
208 4 N5 N3 125 1.370 1
208 5 N1 N5 0 0.760 0
208 6 N1 N3 112 0.760 1
208 7 N2 N5 0 0.350 0
208 8 N2 N3 130 0.350 1
209 1 N3 N5 0 0.130 0
209 2 N3 N3 168 0.130 1
209 3 N5 N5 0 0.920 0
209 4 N5 N3 124 0.920 1
209 5 N1 N5 0 0.290 0
209 6 N1 N3 112 0.290 1
209 7 N2 N5 0 0.410 0
209 8 N2 N3 133 0.410 1
210 1 N3 N5 0 0.130 0
210 2 N3 N3 168 0.130 1
210 3 N5 N5 0 0.990 0
210 4 N5 N3 124 0.990 1
210 5 N1 N5 0 0.300 0
210 6 N1 N3 115 0.300 1
210 7 N2 N5 0 1.470 0
210 8 N2 N3 133 1.470 1
211 1 N3 N5 0 0.680 0
211 2 N3 N3 167 0.680 1
211 3 N5 N5 0 0.940 0
211 4 N5 N3 124 0.940 1
211 5 N1 N5 0 0.570 0
211 6 N1 N3 116 0.570 1
211 7 N2 N5 0 0.970 0
211 8 N2 N3 134 0.970 1
212 1 N3 N5 0 0.230 0
212 2 N3 N3 167 0.230 1
212 3 N5 N5 0 1.000 0
212 4 N5 N3 125 1.000 1
212 5 N1 N5 0 0.410 0
212 6 N1 N3 120 0.410 1
212 7 N2 N5 0 0.010 0
212 8 N2 N3 136 0.010 1
213 1 N3 N5 0 0.270 0
213 2 N3 N3 169 0.270 1
213 3 N5 N5 0 0.010 0
213 4 N5 N3 123 0.010 1
213 5 N1 N5 0 0.490 0
213 6 N1 N3 121 0.490 1
213 7 N2 N5 0 0.070 0
213 8 N2 N3 140 0.070 1
214 1 N3 N5 0 0.320 0
214 2 N3 N3 170 0.320 1
214 3 N5 N5 0 0.080 0
214 4 N5 N3 121 0.080 1
214 5 N1 N5 0 0.020 0
214 6 N1 N3 123 0.020 1
214 7 N2 N5 0 0.140 0
214 8 N2 N3 142 0.140 1
215 1 N3 N5 0 0.330 0
215 2 N3 N3 172 0.330 1
215 3 N5 N5 0 0.110 0
215 4 N5 N3 118 0.110 1
215 5 N1 N5 0 1.090 0
215 6 N1 N3 123 1.090 1
215 7 N2 N5 0 0.190 0
215 8 N2 N3 142 0.190 1
216 1 N3 N5 0 0.360 0
216 2 N3 N3 175 0.360 1
216 3 N5 N5 0 0.140 0
216 4 N5 N3 116 0.140 1
216 5 N1 N5 0 0.080 0
216 6 N1 N3 124 0.080 1
216 7 N2 N5 0 0.740 0
216 8 N2 N3 143 0.740 1
217 1 N3 N5 0 0.400 0
217 2 N3 N3 177 0.400 1
217 3 N5 N5 0 0.150 0
217 4 N5 N3 116 0.150 1
217 5 N1 N5 0 0.150 0
217 6 N1 N3 126 0.150 1
217 7 N2 N5 0 0.250 0
217 8 N2 N3 144 0.250 1
218 1 N3 N5 0 0.470 0
218 2 N3 N3 180 0.470 1
218 3 N5 N5 0 0.190 0
218 4 N5 N3 117 0.190 1
218 5 N1 N5 0 1.250 0
218 6 N1 N3 126 1.250 1
218 7 N2 N5 0 0.850 0
218 8 N2 N3 146 0.850 1
219 1 N3 N5 0 0.000 0
219 2 N3 N3 184 0.000 1
219 3 N5 N5 0 0.540 0
219 4 N5 N3 118 0.540 1
219 5 N1 N5 0 2.320 0
219 6 N1 N3 126 2.320 1
219 7 N2 N5 0 1.920 0
219 8 N2 N3 146 1.920 1
220 1 N3 N5 0 0.020 0
220 2 N3 N3 187 0.020 1
220 3 N5 N5 0 1.610 0
220 4 N5 N3 118 1.610 1
220 5 N1 N5 0 0.260 0
220 6 N1 N3 128 0.260 1
220 7 N2 N5 0 0.910 0
220 8 N2 N3 147 0.910 1
221 1 N3 N5 0 0.570 0
221 2 N3 N3 188 0.570 1
221 3 N5 N5 0 0.280 0
221 4 N5 N3 118 0.280 1
221 5 N1 N5 0 0.280 0
221 6 N1 N3 129 0.280 1
221 7 N2 N5 0 0.440 0
221 8 N2 N3 149 0.440 1
222 1 N3 N5 0 0.060 0
222 2 N3 N3 190 0.060 1
222 3 N5 N5 0 0.390 0
222 4 N5 N3 119 0.390 1
222 5 N1 N5 0 0.390 0
222 6 N1 N3 132 0.390 1
222 7 N2 N5 0 1.510 0
222 8 N2 N3 149 1.510 1
223 1 N3 N5 0 0.080 0
223 2 N3 N3 192 0.080 1
223 3 N5 N5 0 0.860 0
223 4 N5 N3 119 0.860 1
223 5 N1 N5 0 1.460 0
223 6 N1 N3 132 1.460 1
223 7 N2 N5 0 0.520 0
223 8 N2 N3 151 0.520 1
224 1 N3 N5 0 0.120 0
224 2 N3 N3 194 0.120 1
224 3 N5 N5 0 0.460 0
224 4 N5 N3 120 0.460 1
224 5 N1 N5 0 0.460 0
224 6 N1 N3 134 0.460 1
224 7 N2 N5 0 0.030 0
224 8 N2 N3 154 0.030 1
225 1 N3 N5 0 0.140 0
225 2 N3 N3 196 0.140 1
225 3 N5 N5 0 0.210 0
225 4 N5 N3 121 0.210 1
225 5 N1 N5 0 0.490 0
225 6 N1 N3 137 0.490 1
225 7 N2 N5 0 0.050 0
225 8 N2 N3 156 0.050 1
226 1 N3 N5 0 0.200 0
226 2 N3 N3 196 0.200 1
226 3 N5 N5 0 0.030 0
226 4 N5 N3 123 0.030 1
226 5 N1 N5 0 0.030 0
226 6 N1 N3 139 0.030 1
226 7 N2 N5 0 0.090 0
226 8 N2 N3 157 0.090 1
227 1 N3 N5 0 0.210 0
227 2 N3 N3 196 0.210 1
227 3 N5 N5 0 0.080 0
227 4 N5 N3 123 0.080 1
227 5 N1 N5 0 0.080 0
227 6 N1 N3 139 0.080 1
227 7 N2 N5 0 0.100 0
227 8 N2 N3 158 0.100 1
228 1 N3 N5 0 0.250 0
228 2 N3 N3 196 0.250 1
228 3 N5 N5 0 1.150 0
228 4 N5 N3 123 1.150 1
228 5 N1 N5 0 0.110 0
228 6 N1 N3 140 0.110 1
228 7 N2 N5 0 0.660 0
228 8 N2 N3 159 0.660 1
229 1 N3 N5 0 0.290 0
229 2 N3 N3 196 0.290 1
229 3 N5 N5 0 0.170 0
229 4 N5 N3 124 0.170 1
229 5 N1 N5 0 0.170 0
229 6 N1 N3 141 0.170 1
229 7 N2 N5 0 0.180 0
229 8 N2 N3 161 0.180 1
230 1 N3 N5 0 0.360 0
230 2 N3 N3 196 0.360 1
230 3 N5 N5 0 0.100 0
230 4 N5 N3 123 0.100 1
230 5 N1 N5 0 0.210 0
230 6 N1 N3 141 0.210 1
230 7 N2 N5 0 0.230 0
230 8 N2 N3 161 0.230 1
231 1 N3 N5 0 1.440 0
231 2 N3 N3 196 1.440 1
231 3 N5 N5 0 1.180 0
231 4 N5 N3 123 1.180 1
231 5 N1 N5 0 0.240 0
231 6 N1 N3 139 0.240 1
231 7 N2 N5 0 0.280 0
231 8 N2 N3 159 0.280 1
232 1 N3 N5 0 0.470 0
232 2 N3 N3 197 0.470 1
232 3 N5 N5 0 0.470 0
232 4 N5 N3 122 0.470 1
232 5 N1 N5 0 0.470 0
232 6 N1 N3 139 0.470 1
232 7 N2 N5 0 0.290 0
232 8 N2 N3 156 0.290 1
233 1 N3 N5 0 0.500 0
233 2 N3 N3 199 0.500 1
233 3 N5 N5 0 0.720 0
233 4 N5 N3 120 0.720 1
233 5 N1 N5 0 0.820 0
233 6 N1 N3 138 0.820 1
233 7 N2 N5 0 0.850 0
233 8 N2 N3 155 0.850 1
234 1 N3 N5 0 0.540 0
234 2 N3 N3 200 0.540 1
234 3 N5 N5 0 1.790 0
234 4 N5 N3 120 1.790 1
234 5 N1 N5 0 1.890 0
234 6 N1 N3 138 1.890 1
234 7 N2 N5 0 0.390 0
234 8 N2 N3 153 0.390 1
235 1 N3 N5 0 0.060 0
235 2 N3 N3 201 0.060 1
235 3 N5 N5 0 2.860 0
235 4 N5 N3 120 2.860 1
235 5 N1 N5 0 2.960 0
235 6 N1 N3 138 2.960 1
235 7 N2 N5 0 1.460 0
235 8 N2 N3 153 1.460 1
236 1 N3 N5 0 0.080 0
236 2 N3 N3 204 0.080 1
236 3 N5 N5 0 0.320 0
236 4 N5 N3 118 0.320 1
236 5 N1 N5 0 0.500 0
236 6 N1 N3 135 0.500 1
236 7 N2 N5 0 2.530 0
236 8 N2 N3 153 2.530 1
237 1 N3 N5 0 0.100 0
237 2 N3 N3 206 0.100 1
237 3 N5 N5 0 0.880 0
237 4 N5 N3 116 0.880 1
237 5 N1 N5 0 0.630 0
237 6 N1 N3 133 0.630 1
237 7 N2 N5 0 0.470 0
237 8 N2 N3 151 0.470 1
238 1 N3 N5 0 0.130 0
238 2 N3 N3 208 0.130 1
238 3 N5 N5 0 0.810 0
238 4 N5 N3 114 0.810 1
238 5 N1 N5 0 1.690 0
238 6 N1 N3 133 1.690 1
238 7 N2 N5 0 1.020 0
238 8 N2 N3 149 1.020 1
239 1 N3 N5 0 0.170 0
239 2 N3 N3 211 0.170 1
239 3 N5 N5 0 0.450 0
239 4 N5 N3 110 0.450 1
239 5 N1 N5 0 0.590 0
239 6 N1 N3 131 0.590 1
239 7 N2 N5 0 0.020 0
239 8 N2 N3 146 0.020 1
240 1 N3 N5 0 0.180 0
240 2 N3 N3 215 0.180 1
240 3 N5 N5 0 0.530 0
240 4 N5 N3 107 0.530 1
240 5 N1 N5 0 0.660 0
240 6 N1 N3 128 0.660 1
240 7 N2 N5 0 0.620 0
240 8 N2 N3 145 0.620 1
241 1 N3 N5 0 0.290 0
241 2 N3 N3 217 0.290 1
241 3 N5 N5 0 0.570 0
241 4 N5 N3 106 0.570 1
241 5 N1 N5 0 0.190 0
241 6 N1 N3 126 0.190 1
241 7 N2 N5 0 0.130 0
241 8 N2 N3 144 0.130 1
242 1 N3 N5 0 0.320 0
242 2 N3 N3 218 0.320 1
242 3 N5 N5 0 1.640 0
242 4 N5 N3 106 1.640 1
242 5 N1 N5 0 0.830 0
242 6 N1 N3 125 0.830 1
242 7 N2 N5 0 0.150 0
242 8 N2 N3 142 0.150 1
243 1 N3 N5 0 0.330 0
243 2 N3 N3 218 0.330 1
243 3 N5 N5 0 2.710 0
243 4 N5 N3 106 2.710 1
243 5 N1 N5 0 1.900 0
243 6 N1 N3 125 1.900 1
243 7 N2 N5 0 0.220 0
243 8 N2 N3 140 0.220 1
244 1 N3 N5 0 0.380 0
244 2 N3 N3 218 0.380 1
244 3 N5 N5 0 0.660 0
244 4 N5 N3 103 0.660 1
244 5 N1 N5 0 0.660 0
244 6 N1 N3 122 0.660 1
244 7 N2 N5 0 0.270 0
244 8 N2 N3 137 0.270 1
245 1 N3 N5 0 0.410 0
245 2 N3 N3 217 0.410 1
245 3 N5 N5 0 1.730 0
245 4 N5 N3 103 1.730 1
245 5 N1 N5 0 0.410 0
245 6 N1 N3 118 0.410 1
245 7 N2 N5 0 0.310 0
245 8 N2 N3 135 0.310 1
246 1 N3 N5 0 0.470 0
246 2 N3 N3 217 0.470 1
246 3 N5 N5 0 0.580 0
246 4 N5 N3 101 0.580 1
246 5 N1 N5 0 0.770 0
246 6 N1 N3 117 0.770 1
246 7 N2 N5 0 0.360 0
246 8 N2 N3 134 0.360 1
247 1 N3 N5 0 0.520 0
247 2 N3 N3 215 0.520 1
247 3 N5 N5 0 1.650 0
247 4 N5 N3 101 1.650 1
247 5 N1 N5 0 1.840 0
247 6 N1 N3 117 1.840 1
247 7 N2 N5 0 0.380 0
247 8 N2 N3 132 0.380 1
248 1 N3 N5 0 0.050 0
248 2 N3 N3 212 0.050 1
248 3 N5 N5 0 1.070 0
248 4 N5 N3 97 1.070 1
248 5 N1 N5 0 1.070 0
248 6 N1 N3 115 1.070 1
248 7 N2 N5 0 1.460 0
248 8 N2 N3 132 1.460 1
249 1 N3 N5 0 0.080 0
249 2 N3 N3 210 0.080 1
249 3 N5 N5 0 2.140 0
249 4 N5 N3 97 2.140 1
249 5 N1 N5 0 2.140 0
249 6 N1 N3 115 2.140 1
249 7 N2 N5 0 2.530 0
249 8 N2 N3 132 2.530 1
250 1 N3 N5 0 0.620 0
250 2 N3 N3 210 0.620 1
250 3 N5 N5 0 3.200 0
250 4 N5 N3 97 3.200 1
250 5 N1 N5 0 3.200 0
250 6 N1 N3 115 3.200 1
250 7 N2 N5 0 3.590 0
250 8 N2 N3 132 3.590 1
251 1 N3 N5 0 0.140 0
251 2 N3 N3 209 0.140 1
251 3 N5 N5 0 4.270 0
251 4 N5 N3 97 4.270 1
251 5 N1 N5 0 4.270 0
251 6 N1 N3 115 4.270 1
251 7 N2 N5 0 0.630 0
251 8 N2 N3 132 0.630 1
252 1 N3 N5 0 0.200 0
252 2 N3 N3 209 0.200 1
252 3 N5 N5 0 1.030 0
252 4 N5 N3 92 1.030 1
252 5 N1 N5 0 1.030 0
252 6 N1 N3 107 1.030 1
252 7 N2 N5 0 0.620 0
252 8 N2 N3 131 0.620 1
253 1 N3 N5 0 0.240 0
253 2 N3 N3 208 0.240 1
253 3 N5 N5 0 2.100 0
253 4 N5 N3 92 2.100 1
253 5 N1 N5 0 2.100 0
253 6 N1 N3 107 2.100 1
253 7 N2 N5 0 1.690 0
253 8 N2 N3 131 1.690 1
254 1 N3 N5 0 1.320 0
254 2 N3 N3 208 1.320 1
254 3 N5 N5 0 3.180 0
254 4 N5 N3 92 3.180 1
254 5 N1 N5 0 3.180 0
254 6 N1 N3 107 3.180 1
254 7 N2 N5 0 2.770 0
254 8 N2 N3 131 2.770 1
255 1 N3 N5 0 0.320 0
255 2 N3 N3 205 0.320 1
255 3 N5 N5 0 4.250 0
255 4 N5 N3 92 4.250 1
255 5 N1 N5 0 4.250 0
255 6 N1 N3 107 4.250 1
255 7 N2 N5 0 0.140 0
255 8 N2 N3 129 0.140 1
256 1 N3 N5 0 0.370 0
256 2 N3 N3 202 0.370 1
256 3 N5 N5 0 5.320 0
256 4 N5 N3 92 5.320 1
256 5 N1 N5 0 0.020 0
256 6 N1 N3 99 0.020 1
256 7 N2 N5 0 0.770 0
256 8 N2 N3 127 0.770 1
257 1 N3 N5 0 0.390 0
257 2 N3 N3 199 0.390 1
257 3 N5 N5 0 6.380 0
257 4 N5 N3 92 6.380 1
257 5 N1 N5 0 0.120 0
257 6 N1 N3 90 0.120 1
257 7 N2 N5 0 1.830 0
257 8 N2 N3 127 1.830 1
258 1 N3 N5 0 0.950 0
258 2 N3 N3 197 0.950 1
258 3 N5 N5 0 7.460 0
258 4 N5 N3 92 7.460 1
258 5 N1 N5 0 1.200 0
258 6 N1 N3 90 1.200 1
258 7 N2 N5 0 2.910 0
258 8 N2 N3 127 2.910 1
259 1 N3 N5 0 0.480 0
259 2 N3 N3 195 0.480 1
259 3 N5 N5 0 1.000 0
259 4 N5 N3 90 1.000 1
259 5 N1 N5 0 0.600 0
259 6 N1 N3 84 0.600 1
259 7 N2 N5 0 1.000 0
259 8 N2 N3 126 1.000 1
260 1 N3 N5 0 0.040 0
260 2 N3 N3 192 0.040 1
260 3 N5 N5 0 0.930 0
260 4 N5 N3 88 0.930 1
260 5 N1 N5 0 0.930 0
260 6 N1 N3 82 0.930 1
260 7 N2 N5 0 2.070 0
260 8 N2 N3 126 2.070 1
261 1 N3 N5 0 0.120 0
261 2 N3 N3 189 0.120 1
261 3 N5 N5 0 0.500 0
261 4 N5 N3 86 0.500 1
261 5 N1 N5 0 2.020 0
261 6 N1 N3 82 2.020 1
261 7 N2 N5 0 0.940 0
261 8 N2 N3 124 0.940 1
262 1 N3 N5 0 0.170 0
262 2 N3 N3 186 0.170 1
262 3 N5 N5 0 0.060 0
262 4 N5 N3 83 0.060 1
262 5 N1 N5 0 0.280 0
262 6 N1 N3 79 0.280 1
262 7 N2 N5 0 0.060 0
262 8 N2 N3 123 0.060 1
263 1 N3 N5 0 0.240 0
263 2 N3 N3 184 0.240 1
263 3 N5 N5 0 0.140 0
263 4 N5 N3 81 0.140 1
263 5 N1 N5 0 0.570 0
263 6 N1 N3 76 0.570 1
263 7 N2 N5 0 0.100 0
263 8 N2 N3 121 0.100 1
264 1 N3 N5 0 0.270 0
264 2 N3 N3 181 0.270 1
264 3 N5 N5 0 0.270 0
264 4 N5 N3 80 0.270 1
264 5 N1 N5 0 1.660 0
264 6 N1 N3 76 1.660 1
264 7 N2 N5 0 0.200 0
264 8 N2 N3 120 0.200 1
265 1 N3 N5 0 0.330 0
265 2 N3 N3 179 0.330 1
265 3 N5 N5 0 0.330 0
265 4 N5 N3 76 0.330 1
265 5 N1 N5 0 0.830 0
265 6 N1 N3 72 0.830 1
265 7 N2 N5 0 0.140 0
265 8 N2 N3 118 0.140 1
266 1 N3 N5 0 0.370 0
266 2 N3 N3 177 0.370 1
266 3 N5 N5 0 0.370 0
266 4 N5 N3 76 0.370 1
266 5 N1 N5 0 1.900 0
266 6 N1 N3 72 1.900 1
266 7 N2 N5 0 0.250 0
266 8 N2 N3 117 0.250 1
267 1 N3 N5 0 0.410 0
267 2 N3 N3 174 0.410 1
267 3 N5 N5 0 1.440 0
267 4 N5 N3 76 1.440 1
267 5 N1 N5 0 0.760 0
267 6 N1 N3 67 0.760 1
267 7 N2 N5 0 0.810 0
267 8 N2 N3 116 0.810 1
268 1 N3 N5 0 0.460 0
268 2 N3 N3 170 0.460 1
268 3 N5 N5 0 0.860 0
268 4 N5 N3 74 0.860 1
268 5 N1 N5 0 1.830 0
268 6 N1 N3 67 1.830 1
268 7 N2 N5 0 0.860 0
268 8 N2 N3 114 0.860 1
269 1 N3 N5 0 0.520 0
269 2 N3 N3 166 0.520 1
269 3 N5 N5 0 1.930 0
269 4 N5 N3 74 1.930 1
269 5 N1 N5 0 0.530 0
269 6 N1 N3 63 0.530 1
269 7 N2 N5 0 1.930 0
269 8 N2 N3 114 1.930 1
270 1 N3 N5 0 0.020 0
270 2 N3 N3 160 0.020 1
270 3 N5 N5 0 0.410 0
270 4 N5 N3 71 0.410 1
270 5 N1 N5 0 0.810 0
270 6 N1 N3 62 0.810 1
270 7 N2 N5 0 0.410 0
270 8 N2 N3 111 0.410 1
271 1 N3 N5 0 0.060 0
271 2 N3 N3 156 0.060 1
271 3 N5 N5 0 0.970 0
271 4 N5 N3 69 0.970 1
271 5 N1 N5 0 1.880 0
271 6 N1 N3 62 1.880 1
271 7 N2 N5 0 0.460 0
271 8 N2 N3 108 0.460 1
272 1 N3 N5 0 0.100 0
272 2 N3 N3 153 0.100 1
272 3 N5 N5 0 1.000 0
272 4 N5 N3 68 1.000 1
272 5 N1 N5 0 2.950 0
272 6 N1 N3 62 2.950 1
272 7 N2 N5 0 1.030 0
272 8 N2 N3 106 1.030 1
273 1 N3 N5 0 0.130 0
273 2 N3 N3 150 0.130 1
273 3 N5 N5 0 2.070 0
273 4 N5 N3 68 2.070 1
273 5 N1 N5 0 4.020 0
273 6 N1 N3 62 4.020 1
273 7 N2 N5 0 0.520 0
273 8 N2 N3 102 0.520 1
274 1 N3 N5 0 0.150 0
274 2 N3 N3 148 0.150 1
274 3 N5 N5 0 0.020 0
274 4 N5 N3 66 0.020 1
274 5 N1 N5 0 5.100 0
274 6 N1 N3 62 5.100 1
274 7 N2 N5 0 0.570 0
274 8 N2 N3 99 0.570 1
275 1 N3 N5 0 0.230 0
275 2 N3 N3 146 0.230 1
275 3 N5 N5 0 0.580 0
275 4 N5 N3 65 0.580 1
275 5 N1 N5 0 6.180 0
275 6 N1 N3 62 6.180 1
275 7 N2 N5 0 0.100 0
275 8 N2 N3 96 0.100 1
276 1 N3 N5 0 0.270 0
276 2 N3 N3 143 0.270 1
276 3 N5 N5 0 0.610 0
276 4 N5 N3 63 0.610 1
276 5 N1 N5 0 0.610 0
276 6 N1 N3 57 0.610 1
276 7 N2 N5 0 0.140 0
276 8 N2 N3 92 0.140 1
277 1 N3 N5 0 0.320 0
277 2 N3 N3 141 0.320 1
277 3 N5 N5 0 1.680 0
277 4 N5 N3 63 1.680 1
277 5 N1 N5 0 0.480 0
277 6 N1 N3 55 0.480 1
277 7 N2 N5 0 0.190 0
277 8 N2 N3 90 0.190 1
278 1 N3 N5 0 0.400 0
278 2 N3 N3 140 0.400 1
278 3 N5 N5 0 2.780 0
278 4 N5 N3 63 2.780 1
278 5 N1 N5 0 0.310 0
278 6 N1 N3 48 0.310 1
278 7 N2 N5 0 0.250 0
278 8 N2 N3 86 0.250 1
279 1 N3 N5 0 0.450 0
279 2 N3 N3 140 0.450 1
279 3 N5 N5 0 0.230 0
279 4 N5 N3 59 0.230 1
279 5 N1 N3 48 1.380 1
279 6 N2 N3 85 0.830 1
280 1 N3 N5 0 0.000 0
280 2 N3 N3 141 0.000 1
280 3 N5 N5 0 0.890 0
280 4 N5 N3 57 0.890 1
280 5 N1 N3 44 0.330 1
280 6 N2 N3 83 0.370 1
281 1 N3 N5 0 0.010 0
281 2 N3 N3 139 0.010 1
281 3 N5 N5 0 0.300 0
281 4 N5 N3 54 0.300 1
281 5 N1 N3 42 0.830 1
281 6 N2 N3 82 0.890 1
282 1 N3 N5 0 0.540 0
282 2 N3 N3 138 0.540 1
282 3 N5 N5 0 0.860 0
282 4 N5 N3 51 0.860 1
282 5 N1 N3 41 0.540 1
282 6 N2 N3 80 0.910 1
283 1 N3 N5 0 0.070 0
283 2 N3 N3 139 0.070 1
283 3 N5 N5 0 0.940 0
283 4 N5 N3 48 0.940 1
283 5 N1 N3 38 0.050 1
283 6 N2 N3 77 0.410 1
284 1 N3 N5 0 0.630 0
284 2 N3 N3 139 0.630 1
284 3 N5 N5 0 2.000 0
284 4 N5 N3 48 2.000 1
284 5 N1 N3 38 1.110 1
284 6 N2 N3 75 0.430 1
285 1 N3 N5 0 1.690 0
285 2 N3 N3 139 1.690 1
285 3 N5 N5 0 0.000 0
285 4 N5 N3 47 0.000 1
285 5 N1 N3 37 0.110 1
285 6 N2 N3 75 1.490 1
286 1 N3 N5 0 0.700 0
286 2 N3 N3 141 0.700 1
286 3 N5 N5 0 1.080 0
286 4 N5 N3 47 1.080 1
286 5 N1 N3 37 0.160 1
286 6 N2 N3 73 0.010 1
287 1 N3 N5 0 0.210 0
287 2 N3 N3 145 0.210 1
287 3 N5 N5 0 0.090 0
287 4 N5 N3 47 0.090 1
287 5 N1 N3 37 0.690 1
287 6 N2 N3 73 1.070 1
288 1 N3 N5 0 0.740 0
288 2 N3 N3 147 0.740 1
288 3 N5 N5 0 0.640 0
288 4 N5 N3 47 0.640 1
288 5 N1 N3 38 0.700 1
288 6 N2 N3 73 0.570 1
289 1 N3 N5 0 0.260 0
289 2 N3 N3 149 0.260 1
289 3 N5 N5 0 0.260 0
289 4 N5 N3 47 0.260 1
289 5 N1 N3 40 0.230 1
289 6 N2 N3 73 0.060 1
290 1 N3 N5 0 0.290 0
290 2 N3 N3 150 0.290 1
290 3 N5 N5 0 0.690 0
290 4 N5 N3 47 0.690 1
290 5 N1 N3 41 0.130 1
290 6 N2 N3 73 0.060 1
291 1 N3 N5 0 0.340 0
291 2 N3 N3 153 0.340 1
291 3 N5 N5 0 0.700 0
291 4 N5 N3 48 0.700 1
291 5 N1 N3 42 0.700 1
291 6 N2 N3 73 0.110 1
292 1 N3 N5 0 0.390 0
292 2 N3 N3 154 0.390 1
292 3 N5 N5 0 1.760 0
292 4 N5 N3 48 1.760 1
292 5 N1 N3 43 0.710 1
292 6 N2 N3 74 0.140 1
293 1 N3 N5 0 0.410 0
293 2 N3 N3 158 0.410 1
293 3 N5 N5 0 0.300 0
293 4 N5 N3 49 0.300 1
293 5 N1 N3 45 0.820 1
293 6 N2 N3 75 0.150 1
294 1 N3 N5 0 0.420 0
294 2 N3 N3 162 0.420 1
294 3 N5 N5 0 0.420 0
294 4 N5 N3 51 0.420 1
294 5 N1 N3 45 1.880 1
294 6 N2 N3 76 0.680 1
295 1 N3 N5 0 0.460 0
295 2 N3 N3 165 0.460 1
295 3 N5 N5 0 0.460 0
295 4 N5 N3 53 0.460 1
295 5 N1 N3 47 0.310 1
295 6 N2 N3 77 0.180 1
296 1 N3 N5 0 0.480 0
296 2 N3 N3 165 0.480 1
296 3 N5 N5 0 0.480 0
296 4 N5 N3 55 0.480 1
296 5 N1 N3 49 0.870 1
296 6 N2 N3 78 0.740 1
297 1 N3 N5 0 0.480 0
297 2 N3 N3 165 0.480 1
297 3 N5 N5 0 0.480 0
297 4 N5 N3 56 0.480 1
297 5 N1 N3 49 1.930 1
297 6 N2 N3 78 0.280 1
298 1 N3 N5 0 0.010 0
298 2 N3 N3 166 0.010 1
298 3 N5 N5 0 0.520 0
298 4 N5 N3 56 0.520 1
298 5 N1 N3 52 0.410 1
298 6 N2 N3 78 1.340 1
299 1 N3 N5 0 0.030 0
299 2 N3 N3 168 0.030 1
299 3 N5 N5 0 0.030 0
299 4 N5 N3 57 0.030 1
299 5 N1 N3 52 1.470 1
299 6 N2 N3 81 0.360 1
300 1 N3 N5 0 0.060 0
300 2 N3 N3 170 0.060 1
300 3 N5 N5 0 0.060 0
300 4 N5 N3 59 0.060 1
300 5 N1 N3 54 0.060 1
300 6 N2 N3 83 0.390 1
