[B.A.T.M.A.N. adv 2018.1, MainIF/MAC: wlan1/00:00:0d:18:08:07 (bat0/86:81:b1:04:51:fb BATMAN_IV)]
   Originator        last-seen (#/255) Nexthop           [outgoingIF]
   00:00:0d:18:08:04    9.980s   ( 17) 00:00:0d:18:08:06 [     wlan1]
   00:00:0d:18:08:04    9.980s   (  6) 00:00:0d:18:08:01 [     wlan1]
   00:00:0d:18:08:04    9.980s   ( 21) 00:00:0d:18:08:05 [     wlan1]
 * 00:00:0d:18:08:04    9.980s   ( 31) 00:00:0d:18:08:03 [     wlan1]
   00:00:0d:18:08:03    0.150s   ( 41) 00:00:0d:18:08:01 [     wlan1]
   00:00:0d:18:08:03    0.150s   (  0) 00:00:0d:18:08:06 [     wlan1]
   00:00:0d:18:08:03    0.150s   (  0) 00:00:0d:18:08:05 [     wlan1]
   00:00:0d:18:08:03    0.150s   ( 41) 00:00:0d:18:08:02 [     wlan1]
 * 00:00:0d:18:08:03    0.150s   (242) 00:00:0d:18:08:03 [     wlan1]
   00:00:0d:18:08:05    0.150s   ( 46) 00:00:0d:18:08:01 [     wlan1]
   00:00:0d:18:08:05    0.150s   (193) 00:00:0d:18:08:03 [     wlan1]
   00:00:0d:18:08:05    0.150s   ( 43) 00:00:0d:18:08:02 [     wlan1]
   00:00:0d:18:08:05    0.150s   (211) 00:00:0d:18:08:06 [     wlan1]
 * 00:00:0d:18:08:05    0.150s   (217) 00:00:0d:18:08:05 [     wlan1]
   00:00:0d:18:08:02    1.020s   ( 46) 00:00:0d:18:08:01 [     wlan1]
   00:00:0d:18:08:02    1.020s   (193) 00:00:0d:18:08:06 [     wlan1]
 * 00:00:0d:18:08:02    1.020s   (204) 00:00:0d:18:08:03 [     wlan1]
   00:00:0d:18:08:02    1.020s   (191) 00:00:0d:18:08:05 [     wlan1]
   00:00:0d:18:08:02    1.020s   ( 45) 00:00:0d:18:08:02 [     wlan1]
   00:00:0d:18:08:06    0.220s   ( 40) 00:00:0d:18:08:01 [     wlan1]
   00:00:0d:18:08:06    0.220s   (  0) 00:00:0d:18:08:03 [     wlan1]
   00:00:0d:18:08:06    0.220s   (  0) 00:00:0d:18:08:02 [     wlan1]
   00:00:0d:18:08:06    0.220s   (190) 00:00:0d:18:08:05 [     wlan1]
 * 00:00:0d:18:08:06    0.220s   (245) 00:00:0d:18:08:06 [     wlan1]
   00:00:0d:18:08:01    0.010s   (202) 00:00:0d:18:08:06 [     wlan1]
   00:00:0d:18:08:01    0.010s   ( 40) 00:00:0d:18:08:02 [     wlan1]
   00:00:0d:18:08:01    0.010s   (187) 00:00:0d:18:08:03 [     wlan1]
 * 00:00:0d:18:08:01    0.010s   (205) 00:00:0d:18:08:05 [     wlan1]
   00:00:0d:18:08:01    0.010s   ( 54) 00:00:0d:18:08:01 [     wlan1]
