[B.A.T.M.A.N. adv 2018.1, MainIF/MAC: wlan1/00:00:0d:18:08:02 (bat0/ee:82:27:06:f6:1c BATMAN_IV)]
   Originator        last-seen (#/255) Nexthop           [outgoingIF]
   00:00:0d:18:08:04    0.790s   ( 21) 00:00:0d:18:08:05 [     wlan1]
   00:00:0d:18:08:04    0.790s   ( 17) 00:00:0d:18:08:06 [     wlan1]
 * 00:00:0d:18:08:04    0.790s   ( 29) 00:00:0d:18:08:03 [     wlan1]
   00:00:0d:18:08:03    0.870s   (208) 00:00:0d:18:08:05 [     wlan1]
   00:00:0d:18:08:03    0.870s   (145) 00:00:0d:18:08:07 [     wlan1]
   00:00:0d:18:08:03    0.870s   (179) 00:00:0d:18:08:06 [     wlan1]
 * 00:00:0d:18:08:03    0.870s   (250) 00:00:0d:18:08:03 [     wlan1]
   00:00:0d:18:08:05    0.070s   (124) 00:00:0d:18:08:07 [     wlan1]
   00:00:0d:18:08:05    0.070s   (171) 00:00:0d:18:08:06 [     wlan1]
   00:00:0d:18:08:05    0.070s   (219) 00:00:0d:18:08:01 [     wlan1]
 * 00:00:0d:18:08:05    0.070s   (247) 00:00:0d:18:08:05 [     wlan1]
   00:00:0d:18:08:07    0.990s   (192) 00:00:0d:18:08:01 [     wlan1]
   00:00:0d:18:08:07    0.990s   (193) 00:00:0d:18:08:06 [     wlan1]
   00:00:0d:18:08:07    0.990s   (162) 00:00:0d:18:08:07 [     wlan1]
 * 00:00:0d:18:08:07    0.990s   (237) 00:00:0d:18:08:03 [     wlan1]
   00:00:0d:18:08:07    0.990s   (225) 00:00:0d:18:08:05 [     wlan1]
   00:00:0d:18:08:06    0.020s   (  0) 00:00:0d:18:08:01 [     wlan1]
   00:00:0d:18:08:06    0.020s   (225) 00:00:0d:18:08:03 [     wlan1]
   00:00:0d:18:08:06    0.020s   (152) 00:00:0d:18:08:07 [     wlan1]
   00:00:0d:18:08:06    0.020s   (219) 00:00:0d:18:08:06 [     wlan1]
 * 00:00:0d:18:08:06    0.020s   (229) 00:00:0d:18:08:05 [     wlan1]
   00:00:0d:18:08:01    0.050s   (  0) 00:00:0d:18:08:07 [     wlan1]
   00:00:0d:18:08:01    0.050s   (  0) 00:00:0d:18:08:06 [     wlan1]
   00:00:0d:18:08:01    0.050s   (220) 00:00:0d:18:08:05 [     wlan1]
 * 00:00:0d:18:08:01    0.050s   (240) 00:00:0d:18:08:01 [     wlan1]
