[B.A.T.M.A.N. adv 2018.1, MainIF/MAC: wlan1/00:00:0d:18:08:06 (bat0/da:2e:79:70:f5:c3 BATMAN_IV)]
   Originator        last-seen (#/255) Nexthop           [outgoingIF]
   00:00:0d:18:08:04    4.260s   ( 22) 00:00:0d:18:08:05 [     wlan1]
   00:00:0d:18:08:04    4.260s   ( 27) 00:00:0d:18:08:02 [     wlan1]
 * 00:00:0d:18:08:04    4.260s   ( 28) 00:00:0d:18:08:07 [     wlan1]
   00:00:0d:18:08:03    0.440s   (  0) 00:00:0d:18:08:05 [     wlan1]
   00:00:0d:18:08:03    0.440s   (200) 00:00:0d:18:08:02 [     wlan1]
 * 00:00:0d:18:08:03    0.440s   (220) 00:00:0d:18:08:07 [     wlan1]
   00:00:0d:18:08:05    0.550s   (201) 00:00:0d:18:08:02 [     wlan1]
   00:00:0d:18:08:05    0.550s   (184) 00:00:0d:18:08:07 [     wlan1]
 * 00:00:0d:18:08:05    0.550s   (223) 00:00:0d:18:08:05 [     wlan1]
   00:00:0d:18:08:02    0.300s   (185) 00:00:0d:18:08:07 [     wlan1]
   00:00:0d:18:08:02    0.300s   (196) 00:00:0d:18:08:05 [     wlan1]
 * 00:00:0d:18:08:02    0.300s   (216) 00:00:0d:18:08:02 [     wlan1]
   00:00:0d:18:08:07    0.440s   (179) 00:00:0d:18:08:02 [     wlan1]
   00:00:0d:18:08:07    0.440s   (199) 00:00:0d:18:08:05 [     wlan1]
 * 00:00:0d:18:08:07    0.440s   (234) 00:00:0d:18:08:07 [     wlan1]
   00:00:0d:18:08:01    0.410s   (  0) 00:00:0d:18:08:07 [     wlan1]
 * 00:00:0d:18:08:01    0.410s   (210) 00:00:0d:18:08:05 [     wlan1]
   00:00:0d:18:08:01    0.410s   (196) 00:00:0d:18:08:02 [     wlan1]
