[B.A.T.M.A.N. adv 2018.1, MainIF/MAC: wlan1/00:00:0d:18:08:05 (bat0/ee:de:88:69:9e:b0 BATMAN_IV)]
   Originator        last-seen (#/255) Nexthop           [outgoingIF]
   00:00:0d:18:08:04    0.760s   ( 23) 00:00:0d:18:08:01 [     wlan1]
   00:00:0d:18:08:04    0.760s   ( 22) 00:00:0d:18:08:06 [     wlan1]
   00:00:0d:18:08:04    0.760s   ( 26) 00:00:0d:18:08:02 [     wlan1]
 * 00:00:0d:18:08:04    0.760s   ( 26) 00:00:0d:18:08:07 [     wlan1]
   00:00:0d:18:08:03    0.160s   (  0) 00:00:0d:18:08:03 [     wlan1]
   00:00:0d:18:08:03    0.160s   (206) 00:00:0d:18:08:01 [     wlan1]
   00:00:0d:18:08:03    0.160s   (  0) 00:00:0d:18:08:06 [     wlan1]
 * 00:00:0d:18:08:03    0.160s   (220) 00:00:0d:18:08:07 [     wlan1]
   00:00:0d:18:08:03    0.160s   (217) 00:00:0d:18:08:02 [     wlan1]
   00:00:0d:18:08:02    0.110s   (190) 00:00:0d:18:08:07 [     wlan1]
   00:00:0d:18:08:02    0.110s   (  0) 00:00:0d:18:08:03 [     wlan1]
   00:00:0d:18:08:02    0.110s   (202) 00:00:0d:18:08:06 [     wlan1]
   00:00:0d:18:08:02    0.110s   (219) 00:00:0d:18:08:01 [     wlan1]
 * 00:00:0d:18:08:02    0.110s   (231) 00:00:0d:18:08:02 [     wlan1]
   00:00:0d:18:08:07    0.010s   (197) 00:00:0d:18:08:01 [     wlan1]
   00:00:0d:18:08:07    0.010s   (204) 00:00:0d:18:08:02 [     wlan1]
   00:00:0d:18:08:07    0.010s   (  0) 00:00:0d:18:08:03 [     wlan1]
   00:00:0d:18:08:07    0.010s   (213) 00:00:0d:18:08:06 [     wlan1]
 * 00:00:0d:18:08:07    0.010s   (238) 00:00:0d:18:08:07 [     wlan1]
   00:00:0d:18:08:06    0.230s   (  0) 00:00:0d:18:08:01 [     wlan1]
   00:00:0d:18:08:06    0.230s   (  0) 00:00:0d:18:08:02 [     wlan1]
   00:00:0d:18:08:06    0.230s   (  0) 00:00:0d:18:08:03 [     wlan1]
   00:00:0d:18:08:06    0.230s   (224) 00:00:0d:18:08:07 [     wlan1]
 * 00:00:0d:18:08:06    0.230s   (241) 00:00:0d:18:08:06 [     wlan1]
   00:00:0d:18:08:01    0.050s   (179) 00:00:0d:18:08:07 [     wlan1]
   00:00:0d:18:08:01    0.050s   (187) 00:00:0d:18:08:06 [     wlan1]
   00:00:0d:18:08:01    0.050s   (  0) 00:00:0d:18:08:03 [     wlan1]
   00:00:0d:18:08:01    0.050s   (214) 00:00:0d:18:08:02 [     wlan1]
 * 00:00:0d:18:08:01    0.050s   (246) 00:00:0d:18:08:01 [     wlan1]
