1 1 n4 n2 0 0.180 0
1 2 n4 n5 193 0.180 0
1 3 n4 n3 207 0.180 1
1 4 n3 n5 204 0.050 0
1 5 n3 n2 194 0.050 0
1 6 n3 n3 219 0.050 1
1 7 n5 n3 0 0.300 0
1 8 n5 n2 202 0.300 0
1 9 n5 n5 245 0.300 1
1 10 n2 n5 222 0.010 1
1 11 n2 n3 185 0.010 0
1 12 n2 n2 210 0.010 0
2 1 n4 n2 0 0.250 0
2 2 n4 n5 194 0.250 0
2 3 n4 n3 207 0.250 1
2 4 n3 n5 204 0.040 0
2 5 n3 n2 192 0.040 0
2 6 n3 n3 221 0.040 1
2 7 n5 n3 0 0.020 0
2 8 n5 n2 200 0.020 0
2 9 n5 n5 244 0.020 1
2 10 n2 n5 221 0.140 1
2 11 n2 n3 187 0.140 0
2 12 n2 n2 209 0.140 0
3 1 n4 n2 0 0.350 0
3 2 n4 n5 197 0.350 0
3 3 n4 n3 207 0.350 1
3 4 n3 n5 210 0.070 0
3 5 n3 n2 192 0.070 0
3 6 n3 n3 222 0.070 1
3 7 n5 n3 187 0.070 0
3 8 n5 n2 198 0.070 0
3 9 n5 n5 243 0.070 1
3 10 n2 n5 222 0.210 1
3 11 n2 n3 191 0.210 0
3 12 n2 n2 207 0.210 0
4 1 n4 n2 0 0.090 0
4 2 n4 n5 200 0.090 0
4 3 n4 n3 209 0.090 1
4 4 n3 n5 209 0.160 0
4 5 n3 n2 190 0.160 0
4 6 n3 n3 223 0.160 1
4 7 n5 n3 188 0.050 0
4 8 n5 n2 196 0.050 0
4 9 n5 n5 243 0.050 1
4 10 n2 n5 222 0.290 1
4 11 n2 n3 192 0.290 0
4 12 n2 n2 205 0.290 0
5 1 n4 n2 0 0.200 0
5 2 n4 n5 201 0.200 0
5 3 n4 n3 209 0.200 1
5 4 n3 n5 206 0.260 0
5 5 n3 n2 188 0.260 0
5 6 n3 n3 222 0.260 1
5 7 n5 n3 184 0.030 0
5 8 n5 n2 195 0.030 0
5 9 n5 n5 240 0.030 1
5 10 n2 n5 222 0.370 1
5 11 n2 n3 192 0.370 0
5 12 n2 n2 205 0.370 0
6 1 n4 n2 0 0.130 0
6 2 n4 n5 200 0.130 0
6 3 n4 n3 208 0.130 1
6 4 n3 n5 206 0.330 0
6 5 n3 n2 184 0.330 0
6 6 n3 n3 218 0.330 1
6 7 n5 n3 179 0.220 0
6 8 n5 n2 189 0.220 0
6 9 n5 n5 237 0.220 1
6 10 n2 n5 219 0.070 1
6 11 n2 n3 185 0.070 0
6 12 n2 n2 201 0.070 0
7 1 n4 n2 0 0.110 0
7 2 n4 n5 201 0.110 0
7 3 n4 n3 207 0.110 1
7 4 n3 n5 210 0.070 0
7 5 n3 n2 181 0.070 0
7 6 n3 n3 217 0.070 1
7 7 n5 n3 182 0.160 0
7 8 n5 n2 189 0.160 0
7 9 n5 n5 236 0.160 1
7 10 n2 n5 225 0.020 1
7 11 n2 n3 190 0.020 0
7 12 n2 n2 200 0.020 0
8 1 n4 n2 0 0.150 0
8 2 n4 n5 203 0.150 0
8 3 n4 n3 209 0.150 1
8 4 n3 n5 209 0.040 0
8 5 n3 n2 183 0.040 0
8 6 n3 n3 218 0.040 1
8 7 n5 n3 183 0.270 0
8 8 n5 n2 190 0.270 0
8 9 n5 n5 238 0.270 1
8 10 n2 n5 227 0.130 1
8 11 n2 n3 194 0.130 0
8 12 n2 n2 201 0.130 0
9 1 n4 n2 0 0.350 0
9 2 n4 n5 203 0.350 0
9 3 n4 n3 211 0.350 1
9 4 n3 n5 206 0.080 0
9 5 n3 n2 191 0.080 0
9 6 n3 n3 222 0.080 1
9 7 n5 n3 191 0.080 0
9 8 n5 n2 199 0.080 0
9 9 n5 n5 237 0.080 1
9 10 n2 n5 229 0.200 1
9 11 n2 n3 201 0.200 0
9 12 n2 n2 205 0.200 0
10 1 n4 n2 0 0.030 0
10 2 n4 n5 203 0.030 0
10 3 n4 n3 215 0.030 1
10 4 n3 n5 205 0.160 0
10 5 n3 n2 196 0.160 0
10 6 n3 n3 227 0.160 1
10 7 n5 n3 191 0.050 0
10 8 n5 n2 207 0.050 0
10 9 n5 n5 235 0.050 1
10 10 n2 n5 229 0.250 1
10 11 n2 n3 204 0.250 0
10 12 n2 n2 214 0.250 0
11 1 n4 n2 0 0.000 0
11 2 n4 n5 203 0.000 0
11 3 n4 n3 220 0.000 1
11 4 n3 n5 206 0.160 0
11 5 n3 n2 198 0.160 0
11 6 n3 n3 229 0.160 1
11 7 n5 n3 194 0.030 0
11 8 n5 n2 208 0.030 0
11 9 n5 n5 235 0.030 1
11 10 n2 n5 229 0.350 1
11 11 n2 n3 203 0.350 0
11 12 n2 n2 217 0.350 0
12 1 n4 n2 0 0.040 0
12 2 n4 n5 203 0.040 0
12 3 n4 n3 221 0.040 1
12 4 n3 n5 206 0.330 0
12 5 n3 n2 200 0.330 0
12 6 n3 n3 231 0.330 1
12 7 n5 n3 197 0.220 0
12 8 n5 n2 210 0.220 0
12 9 n5 n5 235 0.220 1
12 10 n2 n5 229 0.040 1
12 11 n2 n3 209 0.040 0
12 12 n2 n2 221 0.040 0
13 1 n4 n2 0 0.130 0
13 2 n4 n5 203 0.130 0
13 3 n4 n3 221 0.130 1
13 4 n3 n5 207 0.040 0
13 5 n3 n2 200 0.040 0
13 6 n3 n3 231 0.040 1
13 7 n5 n3 193 0.200 0
13 8 n5 n2 209 0.200 0
13 9 n5 n5 235 0.200 1
13 10 n2 n5 229 0.020 1
13 11 n2 n3 204 0.020 0
13 12 n2 n2 222 0.020 0
14 1 n4 n2 0 0.160 0
14 2 n4 n5 203 0.160 0
14 3 n4 n3 220 0.160 1
14 4 n3 n5 207 0.020 0
14 5 n3 n2 196 0.020 0
14 6 n3 n3 228 0.020 1
14 7 n5 n3 194 0.250 0
14 8 n5 n2 207 0.250 0
14 9 n5 n5 235 0.250 1
14 10 n2 n5 229 0.110 1
14 11 n2 n3 205 0.110 0
14 12 n2 n2 221 0.110 0
15 1 n4 n2 0 0.260 0
15 2 n4 n5 203 0.260 0
15 3 n4 n3 219 0.260 1
15 4 n3 n5 205 0.070 0
15 5 n3 n2 194 0.070 0
15 6 n3 n3 228 0.070 1
15 7 n5 n3 197 0.040 0
15 8 n5 n2 205 0.040 0
15 9 n5 n5 235 0.040 1
15 10 n2 n5 229 0.140 1
15 11 n2 n3 207 0.140 0
15 12 n2 n2 219 0.140 0
16 1 n4 n2 0 0.340 0
16 2 n4 n5 203 0.340 0
16 3 n4 n3 219 0.340 1
16 4 n3 n5 209 0.020 0
16 5 n3 n2 194 0.020 0
16 6 n3 n3 228 0.020 1
16 7 n5 n3 197 0.020 0
16 8 n5 n2 205 0.020 0
16 9 n5 n5 235 0.020 1
16 10 n2 n5 229 0.210 1
16 11 n2 n3 210 0.210 0
16 12 n2 n2 217 0.210 0
17 1 n4 n2 0 0.370 0
17 2 n4 n5 203 0.370 0
17 3 n4 n3 219 0.370 1
17 4 n3 n5 207 0.110 0
17 5 n3 n2 194 0.110 0
17 6 n3 n3 230 0.110 1
17 7 n5 n3 200 0.110 0
17 8 n5 n2 205 0.110 0
17 9 n5 n5 235 0.110 1
17 10 n2 n5 226 0.310 1
17 11 n2 n3 210 0.310 0
17 12 n2 n2 217 0.310 0
18 1 n4 n2 0 0.050 0
18 2 n4 n5 196 0.050 0
18 3 n4 n3 221 0.050 1
18 4 n3 n5 201 0.180 0
18 5 n3 n2 193 0.180 0
18 6 n3 n3 231 0.180 1
18 7 n5 n3 201 0.180 0
18 8 n5 n2 204 0.180 0
18 9 n5 n5 233 0.180 1
18 10 n2 n5 221 0.380 1
18 11 n2 n3 212 0.380 0
18 12 n2 n2 217 0.380 0
19 1 n4 n2 0 0.010 0
19 2 n4 n5 193 0.010 0
19 3 n4 n3 221 0.010 1
19 4 n3 n5 196 0.250 0
19 5 n3 n2 191 0.250 0
19 6 n3 n3 232 0.250 1
19 7 n5 n3 199 0.160 0
19 8 n5 n2 202 0.160 0
19 9 n5 n5 231 0.160 1
19 10 n2 n5 218 0.440 1
19 11 n2 n3 212 0.440 0
19 12 n2 n2 217 0.440 0
20 1 n4 n2 0 0.180 0
20 2 n4 n5 191 0.180 0
20 3 n4 n3 221 0.180 1
20 4 n3 n5 195 0.030 0
20 5 n3 n2 202 0.030 0
20 6 n3 n3 230 0.030 1
20 7 n5 n3 199 0.240 0
20 8 n5 n2 209 0.240 0
20 9 n5 n5 231 0.240 1
20 10 n2 n5 220 0.030 0
20 11 n2 n3 216 0.030 0
20 12 n2 n2 225 0.030 1
21 1 n4 n2 0 0.280 0
21 2 n4 n5 189 0.280 0
21 3 n4 n3 220 0.280 1
21 4 n3 n5 195 0.110 0
21 5 n3 n2 202 0.110 0
21 6 n3 n3 229 0.110 1
21 7 n5 n3 200 0.090 0
21 8 n5 n2 208 0.090 0
21 9 n5 n5 231 0.090 1
21 10 n2 n5 218 0.130 0
21 11 n2 n3 217 0.130 0
21 12 n2 n2 227 0.130 1
22 1 n4 n2 0 0.350 0
22 2 n4 n5 188 0.350 0
22 3 n4 n3 223 0.350 1
22 4 n3 n5 195 0.050 0
22 5 n3 n2 201 0.050 0
22 6 n3 n3 230 0.050 1
22 7 n5 n3 200 0.080 0
22 8 n5 n2 204 0.080 0
22 9 n5 n5 232 0.080 1
22 10 n2 n5 219 0.180 0
22 11 n2 n3 221 0.180 0
22 12 n2 n2 227 0.180 1
23 1 n4 n2 0 0.060 0
23 2 n4 n5 188 0.060 0
23 3 n4 n3 226 0.060 1
23 4 n3 n5 198 0.110 0
23 5 n3 n2 202 0.110 0
23 6 n3 n3 233 0.110 1
23 7 n5 n3 200 0.020 0
23 8 n5 n2 201 0.020 0
23 9 n5 n5 233 0.020 1
23 10 n2 n5 221 0.280 0
23 11 n2 n3 228 0.280 0
23 12 n2 n2 225 0.280 1
24 1 n4 n2 0 0.170 0
24 2 n4 n5 187 0.170 0
24 3 n4 n3 226 0.170 1
24 4 n3 n5 198 0.060 0
24 5 n3 n2 203 0.060 0
24 6 n3 n3 233 0.060 1
24 7 n5 n3 199 0.130 0
24 8 n5 n2 204 0.130 0
24 9 n5 n5 234 0.130 1
24 10 n2 n5 221 0.340 0
24 11 n2 n3 223 0.340 0
24 12 n2 n2 227 0.340 1
25 1 n4 n2 0 0.150 0
25 2 n4 n5 189 0.150 0
25 3 n4 n3 224 0.150 1
25 4 n3 n5 198 0.150 0
25 5 n3 n2 199 0.150 0
25 6 n3 n3 230 0.150 1
25 7 n5 n3 197 0.190 0
25 8 n5 n2 199 0.190 0
25 9 n5 n5 234 0.190 1
25 10 n2 n5 221 0.430 0
25 11 n2 n3 223 0.430 0
25 12 n2 n2 226 0.430 1
26 1 n4 n2 0 0.100 0
26 2 n4 n5 189 0.100 0
26 3 n4 n3 222 0.100 1
26 4 n3 n5 198 0.200 0
26 5 n3 n2 197 0.200 0
26 6 n3 n3 229 0.200 1
26 7 n5 n3 202 0.260 0
26 8 n5 n2 199 0.260 0
26 9 n5 n5 235 0.260 1
26 10 n2 n5 221 0.030 0
26 11 n2 n3 225 0.030 1
26 12 n2 n2 223 0.030 0
27 1 n4 n2 0 0.160 0
27 2 n4 n5 189 0.160 0
27 3 n4 n3 222 0.160 1
27 4 n3 n5 198 0.270 0
27 5 n3 n2 197 0.270 0
27 6 n3 n3 230 0.270 1
27 7 n5 n3 202 0.050 0
27 8 n5 n2 200 0.050 0
27 9 n5 n5 235 0.050 1
27 10 n2 n5 221 0.100 0
27 11 n2 n3 225 0.100 1
27 12 n2 n2 221 0.100 0
28 1 n4 n2 0 0.450 0
28 2 n4 n5 187 0.450 0
28 3 n4 n3 223 0.450 1
28 4 n3 n5 199 0.080 0
28 5 n3 n2 197 0.080 0
28 6 n3 n3 235 0.080 1
28 7 n5 n3 204 0.110 0
28 8 n5 n2 199 0.110 0
28 9 n5 n5 235 0.110 1
28 10 n2 n5 222 0.170 0
28 11 n2 n3 227 0.170 1
28 12 n2 n2 221 0.170 0
29 1 n4 n2 0 0.500 0
29 2 n4 n5 185 0.500 0
29 3 n4 n3 224 0.500 1
29 4 n3 n5 201 0.040 0
29 5 n3 n2 201 0.040 0
29 6 n3 n3 239 0.040 1
29 7 n5 n3 205 0.180 0
29 8 n5 n2 199 0.180 0
29 9 n5 n5 237 0.180 1
29 10 n2 n5 223 0.270 0
29 11 n2 n3 229 0.270 1
29 12 n2 n2 223 0.270 0
30 1 n4 n2 0 0.580 0
30 2 n4 n5 0 0.580 0
30 3 n4 n3 224 0.580 1
30 4 n3 n5 0 0.120 0
30 5 n3 n2 201 0.120 0
30 6 n3 n3 238 0.120 1
30 7 n5 n3 199 0.030 0
30 8 n5 n2 199 0.030 0
30 9 n5 n5 240 0.030 1
30 10 n2 n5 226 0.310 0
30 11 n2 n3 227 0.310 1
30 12 n2 n2 227 0.310 0
31 1 n4 n2 0 0.210 0
31 2 n4 n5 0 0.210 0
31 3 n4 n3 221 0.210 1
31 4 n3 n5 0 0.280 0
31 5 n3 n2 201 0.280 0
31 6 n3 n3 235 0.280 1
31 7 n5 n3 194 0.160 0
31 8 n5 n2 199 0.160 0
31 9 n5 n5 242 0.160 1
31 10 n2 n5 228 0.080 1
31 11 n2 n3 223 0.080 0
31 12 n2 n2 226 0.080 0
32 1 n4 n2 0 0.100 0
32 2 n4 n5 193 0.100 0
32 3 n4 n3 217 0.100 1
32 4 n3 n5 207 0.230 0
32 5 n3 n2 196 0.230 0
32 6 n3 n3 230 0.230 1
32 7 n5 n3 194 0.260 0
32 8 n5 n2 194 0.260 0
32 9 n5 n5 242 0.260 1
32 10 n2 n5 229 0.070 1
32 11 n2 n3 219 0.070 0
32 12 n2 n2 223 0.070 0
33 1 n4 n2 0 0.180 0
33 2 n4 n5 190 0.180 0
33 3 n4 n3 213 0.180 1
33 4 n3 n5 205 0.000 0
33 5 n3 n2 196 0.000 0
33 6 n3 n3 224 0.000 1
33 7 n5 n3 192 0.030 0
33 8 n5 n2 192 0.030 0
33 9 n5 n5 241 0.030 1
33 10 n2 n5 228 0.130 1
33 11 n2 n3 219 0.130 0
33 12 n2 n2 220 0.130 0
34 1 n4 n2 0 0.220 0
34 2 n4 n5 187 0.220 0
34 3 n4 n3 213 0.220 1
34 4 n3 n5 203 0.070 0
34 5 n3 n2 198 0.070 0
34 6 n3 n3 227 0.070 1
34 7 n5 n3 195 0.120 0
34 8 n5 n2 190 0.120 0
34 9 n5 n5 243 0.120 1
34 10 n2 n5 227 0.190 1
34 11 n2 n3 221 0.190 0
34 12 n2 n2 221 0.190 0
35 1 n4 n2 0 0.030 0
35 2 n4 n5 187 0.030 0
35 3 n4 n3 216 0.030 1
35 4 n3 n5 206 0.030 0
35 5 n3 n2 200 0.030 0
35 6 n3 n3 231 0.030 1
35 7 n5 n3 200 0.080 0
35 8 n5 n2 196 0.080 0
35 9 n5 n5 246 0.080 1
35 10 n2 n5 233 0.260 1
35 11 n2 n3 227 0.260 0
35 12 n2 n2 222 0.260 0
36 1 n4 n2 0 0.120 0
36 2 n4 n5 187 0.120 0
36 3 n4 n3 219 0.120 1
36 4 n3 n5 207 0.120 0
36 5 n3 n2 203 0.120 0
36 6 n3 n3 234 0.120 1
36 7 n5 n3 199 0.050 0
36 8 n5 n2 200 0.050 0
36 9 n5 n5 249 0.050 1
36 10 n2 n5 236 0.320 1
36 11 n2 n3 228 0.320 0
36 12 n2 n2 226 0.320 0
37 1 n4 n2 0 0.190 0
37 2 n4 n5 0 0.190 0
37 3 n4 n3 221 0.190 1
37 4 n3 n5 207 0.200 0
37 5 n3 n2 205 0.200 0
37 6 n3 n3 235 0.200 1
37 7 n5 n3 200 0.140 0
37 8 n5 n2 198 0.140 0
37 9 n5 n5 252 0.140 1
37 10 n2 n5 232 0.010 1
37 11 n2 n3 229 0.010 0
37 12 n2 n2 230 0.010 0
38 1 n4 n2 0 0.270 0
38 2 n4 n5 0 0.270 0
38 3 n4 n3 221 0.270 1
38 4 n3 n5 0 0.250 0
38 5 n3 n2 199 0.250 0
38 6 n3 n3 235 0.250 1
38 7 n5 n3 198 0.210 0
38 8 n5 n2 194 0.210 0
38 9 n5 n5 251 0.210 1
38 10 n2 n5 227 0.060 1
38 11 n2 n3 227 0.060 0
38 12 n2 n2 225 0.060 0
39 1 n4 n2 0 0.030 0
39 2 n4 n5 0 0.030 0
39 3 n4 n3 218 0.030 1
39 4 n3 n5 0 0.020 0
39 5 n3 n2 193 0.020 0
39 6 n3 n3 236 0.020 1
39 7 n5 n3 200 0.030 0
39 8 n5 n2 190 0.030 0
39 9 n5 n5 247 0.030 1
39 10 n2 n5 224 0.240 1
39 11 n2 n3 224 0.240 0
39 12 n2 n2 219 0.240 0
40 1 n4 n2 0 0.090 0
40 2 n4 n5 0 0.090 0
40 3 n4 n3 218 0.090 1
40 4 n3 n5 0 0.090 0
40 5 n3 n2 193 0.090 0
40 6 n3 n3 238 0.090 1
40 7 n5 n3 198 0.110 0
40 8 n5 n2 190 0.110 0
40 9 n5 n5 246 0.110 1
40 10 n2 n5 223 0.300 0
40 11 n2 n3 224 0.300 1
40 12 n2 n2 218 0.300 0
41 1 n4 n2 0 0.160 0
41 2 n4 n5 0 0.160 0
41 3 n4 n3 219 0.160 1
41 4 n3 n5 0 0.170 0
41 5 n3 n2 195 0.170 0
41 6 n3 n3 237 0.170 1
41 7 n5 n3 195 0.290 0
41 8 n5 n2 190 0.290 0
41 9 n5 n5 246 0.290 1
41 10 n2 n5 223 0.380 0
41 11 n2 n3 225 0.380 1
41 12 n2 n2 220 0.380 0
42 1 n4 n2 0 0.240 0
42 2 n4 n5 0 0.240 0
42 3 n4 n3 220 0.240 1
42 4 n3 n5 0 0.250 0
42 5 n3 n2 197 0.250 0
42 6 n3 n3 237 0.250 1
42 7 n5 n3 195 0.270 0
42 8 n5 n2 191 0.270 0
42 9 n5 n5 246 0.270 1
42 10 n2 n5 221 0.060 0
42 11 n2 n3 225 0.060 1
42 12 n2 n2 223 0.060 0
43 1 n4 n2 0 0.370 0
43 2 n4 n5 0 0.370 0
43 3 n4 n3 221 0.370 1
43 4 n3 n5 0 0.340 0
43 5 n3 n2 196 0.340 0
43 6 n3 n3 235 0.340 1
43 7 n5 n3 193 0.090 0
43 8 n5 n2 188 0.090 0
43 9 n5 n5 248 0.090 1
43 10 n2 n5 219 0.020 0
43 11 n2 n3 221 0.020 1
43 12 n2 n2 223 0.020 0
44 1 n4 n2 0 0.400 0
44 2 n4 n5 0 0.400 0
44 3 n4 n3 220 0.400 1
44 4 n3 n5 0 0.430 0
44 5 n3 n2 196 0.430 0
44 6 n3 n3 231 0.430 1
44 7 n5 n3 187 0.170 0
44 8 n5 n2 190 0.170 0
44 9 n5 n5 250 0.170 1
44 10 n2 n5 218 0.050 0
44 11 n2 n3 216 0.050 0
44 12 n2 n2 223 0.050 1
45 1 n4 n2 0 0.500 0
45 2 n4 n5 0 0.500 0
45 3 n4 n3 219 0.500 1
45 4 n3 n5 0 0.010 0
45 5 n3 n2 193 0.010 0
45 6 n3 n3 228 0.010 1
45 7 n5 n3 190 0.160 0
45 8 n5 n2 192 0.160 0
45 9 n5 n5 250 0.160 1
45 10 n2 n5 214 0.150 0
45 11 n2 n3 217 0.150 0
45 12 n2 n2 222 0.150 1
46 1 n4 n2 0 0.060 0
46 2 n4 n5 0 0.060 0
46 3 n4 n3 220 0.060 1
46 4 n3 n5 0 0.130 0
46 5 n3 n2 193 0.130 0
46 6 n3 n3 230 0.130 1
46 7 n5 n3 198 0.150 0
46 8 n5 n2 192 0.150 0
46 9 n5 n5 250 0.150 1
46 10 n2 n5 216 0.280 0
46 11 n2 n3 221 0.280 0
46 12 n2 n2 222 0.280 1
47 1 n4 n2 0 1.170 0
47 2 n4 n5 0 1.170 0
47 3 n4 n3 220 1.170 1
47 4 n3 n5 0 0.120 0
47 5 n3 n2 192 0.120 0
47 6 n3 n3 232 0.120 1
47 7 n5 n3 196 0.020 0
47 8 n5 n2 190 0.020 0
47 9 n5 n5 250 0.020 1
47 10 n2 n5 218 0.020 0
47 11 n2 n3 223 0.020 1
47 12 n2 n2 221 0.020 0
48 1 n4 n2 0 0.230 0
48 2 n4 n5 0 0.230 0
48 3 n4 n3 220 0.230 1
48 4 n3 n5 0 0.470 0
48 5 n3 n2 189 0.470 0
48 6 n3 n3 232 0.470 1
48 7 n5 n3 196 0.280 0
48 8 n5 n2 186 0.280 0
48 9 n5 n5 251 0.280 1
48 10 n2 n5 217 0.050 0
48 11 n2 n3 224 0.050 1
48 12 n2 n2 217 0.050 0
49 1 n4 n2 0 1.340 0
49 2 n4 n5 0 1.340 0
49 3 n4 n3 220 1.340 1
49 4 n3 n5 0 0.040 0
49 5 n3 n2 176 0.040 0
49 6 n3 n3 235 0.040 1
49 7 n5 n3 201 0.060 0
49 8 n5 n2 183 0.060 0
49 9 n5 n5 255 0.060 1
49 10 n2 n5 219 0.000 0
49 11 n2 n3 224 0.000 1
49 12 n2 n2 212 0.000 0
50 1 n4 n2 0 0.930 0
50 2 n4 n5 0 0.930 0
50 3 n4 n3 222 0.930 1
50 4 n3 n5 0 0.010 0
50 5 n3 n2 179 0.010 0
50 6 n3 n3 237 0.010 1
50 7 n5 n3 207 0.060 0
50 8 n5 n2 189 0.060 0
50 9 n5 n5 255 0.060 1
50 10 n2 n5 221 0.080 0
50 11 n2 n3 226 0.080 1
50 12 n2 n2 211 0.080 0
51 1 n4 n2 0 0.500 0
51 2 n4 n5 0 0.500 0
51 3 n4 n3 222 0.500 1
51 4 n3 n5 0 0.090 0
51 5 n3 n2 177 0.090 0
51 6 n3 n3 234 0.090 1
51 7 n5 n3 195 0.140 0
51 8 n5 n2 189 0.140 0
51 9 n5 n5 255 0.140 1
51 10 n2 n5 221 0.150 1
51 11 n2 n3 210 0.150 0
51 12 n2 n2 211 0.150 0
52 1 n4 n2 0 0.570 0
52 2 n4 n5 0 0.570 0
52 3 n4 n3 220 0.570 1
52 4 n3 n5 0 0.170 0
52 5 n3 n2 177 0.170 0
52 6 n3 n3 227 0.170 1
52 7 n5 n3 187 0.120 0
52 8 n5 n2 190 0.120 0
52 9 n5 n5 255 0.120 1
52 10 n2 n5 216 0.230 1
52 11 n2 n3 202 0.230 0
52 12 n2 n2 209 0.230 0
53 1 n4 n2 0 0.120 0
53 2 n4 n5 0 0.120 0
53 3 n4 n3 214 0.120 1
53 4 n3 n5 0 0.260 0
53 5 n3 n2 174 0.260 0
53 6 n3 n3 220 0.260 1
53 7 n5 n3 188 0.160 0
53 8 n5 n2 185 0.160 0
53 9 n5 n5 255 0.160 1
53 10 n2 n5 217 0.280 1
53 11 n2 n3 200 0.280 0
53 12 n2 n2 204 0.280 0
54 1 n4 n2 0 0.230 0
54 2 n4 n5 0 0.230 0
54 3 n4 n3 212 0.230 1
54 4 n3 n5 0 0.500 0
54 5 n3 n2 176 0.500 0
54 6 n3 n3 221 0.500 1
54 7 n5 n3 190 0.220 0
54 8 n5 n2 184 0.220 0
54 9 n5 n5 254 0.220 1
54 10 n2 n5 219 0.360 1
54 11 n2 n3 204 0.360 0
54 12 n2 n2 204 0.360 0
55 1 n4 n2 0 0.790 0
55 2 n4 n5 0 0.790 0
55 3 n4 n3 212 0.790 1
55 4 n3 n5 0 0.560 0
55 5 n3 n2 178 0.560 0
55 6 n3 n3 221 0.560 1
55 7 n5 n3 183 0.010 0
55 8 n5 n2 178 0.010 0
55 9 n5 n5 251 0.010 1
55 10 n2 n5 219 0.430 1
55 11 n2 n3 202 0.430 0
55 12 n2 n2 203 0.430 0
56 1 n4 n2 0 0.330 0
56 2 n4 n5 0 0.330 0
56 3 n4 n3 210 0.330 1
56 4 n3 n5 0 0.090 0
56 5 n3 n2 172 0.090 0
56 6 n3 n3 219 0.090 1
56 7 n5 n3 181 0.100 0
56 8 n5 n2 175 0.100 0
56 9 n5 n5 250 0.100 1
56 10 n2 n5 217 0.120 1
56 11 n2 n3 204 0.120 0
56 12 n2 n2 201 0.120 0
57 1 n4 n2 0 0.400 0
57 2 n4 n5 0 0.400 0
57 3 n4 n3 207 0.400 1
57 4 n3 n5 0 0.040 0
57 5 n3 n2 169 0.040 0
57 6 n3 n3 216 0.040 1
57 7 n5 n3 183 0.050 0
57 8 n5 n2 174 0.050 0
57 9 n5 n5 248 0.050 1
57 10 n2 n5 218 0.100 1
57 11 n2 n3 206 0.100 0
57 12 n2 n2 202 0.100 0
58 1 n4 n2 0 0.010 0
58 2 n4 n5 0 0.010 0
58 3 n4 n3 204 0.010 1
58 4 n3 n5 0 0.140 0
58 5 n3 n2 167 0.140 0
58 6 n3 n3 213 0.140 1
58 7 n5 n3 0 0.140 0
58 8 n5 n2 173 0.140 0
58 9 n5 n5 246 0.140 1
58 10 n2 n5 218 0.220 1
58 11 n2 n3 202 0.220 0
58 12 n2 n2 202 0.220 0
59 1 n4 n2 0 0.070 0
59 2 n4 n5 0 0.070 0
59 3 n4 n3 204 0.070 1
59 4 n3 n5 0 0.220 0
59 5 n3 n2 166 0.220 0
59 6 n3 n3 212 0.220 1
59 7 n5 n3 0 0.230 0
59 8 n5 n2 175 0.230 0
59 9 n5 n5 246 0.230 1
59 10 n2 n5 216 0.320 1
59 11 n2 n3 205 0.320 0
59 12 n2 n2 201 0.320 0
60 1 n4 n2 0 0.140 0
60 2 n4 n5 0 0.140 0
60 3 n4 n3 206 0.140 1
60 4 n3 n5 0 0.300 0
60 5 n3 n2 166 0.300 0
60 6 n3 n3 217 0.300 1
60 7 n5 n3 0 0.300 0
60 8 n5 n2 175 0.300 0
60 9 n5 n5 246 0.300 1
60 10 n2 n5 215 0.040 1
60 11 n2 n3 212 0.040 0
60 12 n2 n2 197 0.040 0
61 1 n4 n2 0 0.210 0
61 2 n4 n5 0 0.210 0
61 3 n4 n3 212 0.210 1
61 4 n3 n5 0 0.010 0
61 5 n3 n2 168 0.010 0
61 6 n3 n3 223 0.010 1
61 7 n5 n3 0 0.010 0
61 8 n5 n2 174 0.010 0
61 9 n5 n5 245 0.010 1
61 10 n2 n5 213 0.010 0
61 11 n2 n3 216 0.010 1
61 12 n2 n2 197 0.010 0
62 1 n4 n2 0 0.270 0
62 2 n4 n5 0 0.270 0
62 3 n4 n3 214 0.270 1
62 4 n3 n5 0 0.070 0
62 5 n3 n2 170 0.070 0
62 6 n3 n3 224 0.070 1
62 7 n5 n3 0 0.110 0
62 8 n5 n2 175 0.110 0
62 9 n5 n5 243 0.110 1
62 10 n2 n5 212 0.100 0
62 11 n2 n3 215 0.100 1
62 12 n2 n2 196 0.100 0
63 1 n4 n2 0 0.330 0
63 2 n4 n5 0 0.330 0
63 3 n4 n3 215 0.330 1
63 4 n3 n5 0 0.560 0
63 5 n3 n2 169 0.560 0
63 6 n3 n3 224 0.560 1
63 7 n5 n3 0 0.100 0
63 8 n5 n2 177 0.100 0
63 9 n5 n5 242 0.100 1
63 10 n2 n5 215 0.170 1
63 11 n2 n3 215 0.170 0
63 12 n2 n2 197 0.170 0
64 1 n4 n2 0 0.390 0
64 2 n4 n5 0 0.390 0
64 3 n4 n3 215 0.390 1
64 4 n3 n5 0 0.260 0
64 5 n3 n2 167 0.260 0
64 6 n3 n3 225 0.260 1
64 7 n5 n3 187 0.050 0
64 8 n5 n2 176 0.050 0
64 9 n5 n5 242 0.050 1
64 10 n2 n5 215 0.230 1
64 11 n2 n3 215 0.230 0
64 12 n2 n2 197 0.230 0
65 1 n4 n2 0 0.960 0
65 2 n4 n5 0 0.960 0
65 3 n4 n3 216 0.960 1
65 4 n3 n5 0 0.240 0
65 5 n3 n2 169 0.240 0
65 6 n3 n3 227 0.240 1
65 7 n5 n3 187 0.130 0
65 8 n5 n2 176 0.130 0
65 9 n5 n5 242 0.130 1
65 10 n2 n5 215 0.320 1
65 11 n2 n3 214 0.320 0
65 12 n2 n2 197 0.320 0
66 1 n4 n2 0 0.500 0
66 2 n4 n5 0 0.500 0
66 3 n4 n3 217 0.500 1
66 4 n3 n5 0 0.330 0
66 5 n3 n2 167 0.330 0
66 6 n3 n3 226 0.330 1
66 7 n5 n3 188 0.180 0
66 8 n5 n2 176 0.180 0
66 9 n5 n5 242 0.180 1
66 10 n2 n5 217 0.030 1
66 11 n2 n3 210 0.030 0
66 12 n2 n2 194 0.030 0
67 1 n4 n2 0 0.070 0
67 2 n4 n5 0 0.070 0
67 3 n4 n3 217 0.070 1
67 4 n3 n5 0 0.060 0
67 5 n3 n2 164 0.060 0
67 6 n3 n3 225 0.060 1
67 7 n5 n3 191 0.250 0
67 8 n5 n2 173 0.250 0
67 9 n5 n5 242 0.250 1
67 10 n2 n5 221 0.490 1
67 11 n2 n3 211 0.490 0
67 12 n2 n2 193 0.490 0
68 1 n4 n2 0 0.170 0
68 2 n4 n5 0 0.170 0
68 3 n4 n3 217 0.170 1
68 4 n3 n5 0 0.040 0
68 5 n3 n2 173 0.040 0
68 6 n3 n3 225 0.040 1
68 7 n5 n3 192 0.070 0
68 8 n5 n2 182 0.070 0
68 9 n5 n5 245 0.070 1
68 10 n2 n5 223 0.070 1
68 11 n2 n3 211 0.070 0
68 12 n2 n2 196 0.070 0
69 1 n4 n2 0 0.250 0
69 2 n4 n5 0 0.250 0
69 3 n4 n3 216 0.250 1
69 4 n3 n5 0 0.210 0
69 5 n3 n2 174 0.210 0
69 6 n3 n3 224 0.210 1
69 7 n5 n3 187 0.050 0
69 8 n5 n2 177 0.050 0
69 9 n5 n5 246 0.050 1
69 10 n2 n5 221 0.110 1
69 11 n2 n3 208 0.110 0
69 12 n2 n2 200 0.110 0
70 1 n4 n2 0 0.300 0
70 2 n4 n5 0 0.300 0
70 3 n4 n3 215 0.300 1
70 4 n3 n5 0 0.290 0
70 5 n3 n2 174 0.290 0
70 6 n3 n3 224 0.290 1
70 7 n5 n3 184 0.240 0
70 8 n5 n2 177 0.240 0
70 9 n5 n5 244 0.240 1
70 10 n2 n5 219 0.230 1
70 11 n2 n3 207 0.230 0
70 12 n2 n2 198 0.230 0
71 1 n4 n2 0 0.380 0
71 2 n4 n5 0 0.380 0
71 3 n4 n3 215 0.380 1
71 4 n3 n5 0 0.260 0
71 5 n3 n2 173 0.260 0
71 6 n3 n3 224 0.260 1
71 7 n5 n3 184 0.210 0
71 8 n5 n2 176 0.210 0
71 9 n5 n5 242 0.210 1
71 10 n2 n5 218 0.310 1
71 11 n2 n3 205 0.310 0
71 12 n2 n2 197 0.310 0
72 1 n4 n2 0 0.490 0
72 2 n4 n5 0 0.490 0
72 3 n4 n3 216 0.490 1
72 4 n3 n5 0 0.340 0
72 5 n3 n2 173 0.340 0
72 6 n3 n3 225 0.340 1
72 7 n5 n3 0 0.260 0
72 8 n5 n2 176 0.260 0
72 9 n5 n5 242 0.260 1
72 10 n2 n5 219 0.390 1
72 11 n2 n3 209 0.390 0
72 12 n2 n2 196 0.390 0
73 1 n4 n2 0 0.010 0
73 2 n4 n5 0 0.010 0
73 3 n4 n3 217 0.010 1
73 4 n3 n5 0 0.060 0
73 5 n3 n2 173 0.060 0
73 6 n3 n3 226 0.060 1
73 7 n5 n3 185 0.240 0
73 8 n5 n2 176 0.240 0
73 9 n5 n5 239 0.240 1
73 10 n2 n5 218 0.070 1
73 11 n2 n3 209 0.070 0
73 12 n2 n2 194 0.070 0
74 1 n4 n2 0 0.110 0
74 2 n4 n5 0 0.110 0
74 3 n4 n3 216 0.110 1
74 4 n3 n5 0 0.030 0
74 5 n3 n2 174 0.030 0
74 6 n3 n3 224 0.030 1
74 7 n5 n3 184 0.040 0
74 8 n5 n2 173 0.040 0
74 9 n5 n5 232 0.040 1
74 10 n2 n5 212 0.060 1
74 11 n2 n3 205 0.060 0
74 12 n2 n2 194 0.060 0
75 1 n4 n2 0 0.190 0
75 2 n4 n5 0 0.190 0
75 3 n4 n3 212 0.190 1
75 4 n3 n5 0 0.090 0
75 5 n3 n2 173 0.090 0
75 6 n3 n3 221 0.090 1
75 7 n5 n3 175 0.010 0
75 8 n5 n2 171 0.010 0
75 9 n5 n5 229 0.010 1
75 10 n2 n5 211 0.150 1
75 11 n2 n3 198 0.150 0
75 12 n2 n2 193 0.150 0
76 1 n4 n2 0 0.290 0
76 2 n4 n5 0 0.290 0
76 3 n4 n3 207 0.290 1
76 4 n3 n5 181 0.100 0
76 5 n3 n2 166 0.100 0
76 6 n3 n3 216 0.100 1
76 7 n5 n3 172 0.010 0
76 8 n5 n2 164 0.010 0
76 9 n5 n5 226 0.010 1
76 10 n2 n5 207 0.240 1
76 11 n2 n3 194 0.240 0
76 12 n2 n2 188 0.240 0
77 1 n4 n2 0 0.190 0
77 2 n4 n5 174 0.190 0
77 3 n4 n3 204 0.190 1
77 4 n3 n5 180 0.190 0
77 5 n3 n2 167 0.190 0
77 6 n3 n3 213 0.190 1
77 7 n5 n3 173 0.090 0
77 8 n5 n2 164 0.090 0
77 9 n5 n5 223 0.090 1
77 10 n2 n5 206 0.310 1
77 11 n2 n3 195 0.310 0
77 12 n2 n2 186 0.310 0
78 1 n4 n2 0 0.270 0
78 2 n4 n5 173 0.270 0
78 3 n4 n3 203 0.270 1
78 4 n3 n5 182 0.010 0
78 5 n3 n2 176 0.010 0
78 6 n3 n3 211 0.010 1
78 7 n5 n3 175 0.180 0
78 8 n5 n2 169 0.180 0
78 9 n5 n5 220 0.180 1
78 10 n2 n5 203 0.040 1
78 11 n2 n3 199 0.040 0
78 12 n2 n2 189 0.040 0
79 1 n4 n2 0 0.080 0
79 2 n4 n5 172 0.080 0
79 3 n4 n3 199 0.080 1
79 4 n3 n5 180 0.060 0
79 5 n3 n2 174 0.060 0
79 6 n3 n3 209 0.060 1
79 7 n5 n3 174 0.250 0
79 8 n5 n2 169 0.250 0
79 9 n5 n5 217 0.250 1
79 10 n2 n5 203 0.100 1
79 11 n2 n3 199 0.100 0
79 12 n2 n2 188 0.100 0
80 1 n4 n2 0 0.160 0
80 2 n4 n5 169 0.160 0
80 3 n4 n3 195 0.160 1
80 4 n3 n5 180 0.120 0
80 5 n3 n2 170 0.120 0
80 6 n3 n3 208 0.120 1
80 7 n5 n3 173 0.040 0
80 8 n5 n2 164 0.040 0
80 9 n5 n5 214 0.040 1
80 10 n2 n5 200 0.050 1
80 11 n2 n3 197 0.050 0
80 12 n2 n2 187 0.050 0
81 1 n4 n2 0 0.230 0
81 2 n4 n5 168 0.230 0
81 3 n4 n3 195 0.230 1
81 4 n3 n5 180 0.040 0
81 5 n3 n2 172 0.040 0
81 6 n3 n3 212 0.040 1
81 7 n5 n3 179 0.010 0
81 8 n5 n2 167 0.010 0
81 9 n5 n5 213 0.010 1
81 10 n2 n5 200 0.120 0
81 11 n2 n3 204 0.120 1
81 12 n2 n2 186 0.120 0
82 1 n4 n2 0 0.050 0
82 2 n4 n5 161 0.050 0
82 3 n4 n3 196 0.050 1
82 4 n3 n5 176 0.050 0
82 5 n3 n2 170 0.050 0
82 6 n3 n3 217 0.050 1
82 7 n5 n3 182 0.090 0
82 8 n5 n2 164 0.090 0
82 9 n5 n5 212 0.090 1
82 10 n2 n5 197 0.220 0
82 11 n2 n3 210 0.220 1
82 12 n2 n2 186 0.220 0
83 1 n4 n2 0 0.170 0
83 2 n4 n5 157 0.170 0
83 3 n4 n3 196 0.170 1
83 4 n3 n5 175 0.170 0
83 5 n3 n2 172 0.170 0
83 6 n3 n3 217 0.170 1
83 7 n5 n3 179 0.100 0
83 8 n5 n2 164 0.100 0
83 9 n5 n5 208 0.100 1
83 10 n2 n5 193 0.300 0
83 11 n2 n3 207 0.300 1
83 12 n2 n2 187 0.300 0
84 1 n4 n2 0 0.030 0
84 2 n4 n5 156 0.030 0
84 3 n4 n3 195 0.030 1
84 4 n3 n5 174 0.430 0
84 5 n3 n2 174 0.430 0
84 6 n3 n3 216 0.430 1
84 7 n5 n3 183 0.180 0
84 8 n5 n2 172 0.180 0
84 9 n5 n5 205 0.180 1
84 10 n2 n5 188 0.390 0
84 11 n2 n3 206 0.390 1
84 12 n2 n2 188 0.390 0
85 1 n4 n2 0 0.100 0
85 2 n4 n5 151 0.100 0
85 3 n4 n3 195 0.100 1
85 4 n3 n5 164 0.230 0
85 5 n3 n2 176 0.230 0
85 6 n3 n3 217 0.230 1
85 7 n5 n3 186 0.270 0
85 8 n5 n2 177 0.270 0
85 9 n5 n5 201 0.270 1
85 10 n2 n5 184 0.110 0
85 11 n2 n3 210 0.110 1
85 12 n2 n2 192 0.110 0
86 1 n4 n2 0 0.160 0
86 2 n4 n5 148 0.160 0
86 3 n4 n3 198 0.160 1
86 4 n3 n5 162 0.070 0
86 5 n3 n2 180 0.070 0
86 6 n3 n3 220 0.070 1
86 7 n5 n3 192 0.330 0
86 8 n5 n2 183 0.330 0
86 9 n5 n5 200 0.330 1
86 10 n2 n5 180 0.090 0
86 11 n2 n3 210 0.090 1
86 12 n2 n2 195 0.090 0
87 1 n4 n2 0 0.780 0
87 2 n4 n5 149 0.780 0
87 3 n4 n3 200 0.780 1
87 4 n3 n5 164 0.050 0
87 5 n3 n2 184 0.050 0
87 6 n3 n3 224 0.050 1
87 7 n5 n3 199 0.110 0
87 8 n5 n2 188 0.110 0
87 9 n5 n5 202 0.110 1
87 10 n2 n5 181 0.130 0
87 11 n2 n3 211 0.130 1
87 12 n2 n2 199 0.130 0
88 1 n4 n2 0 0.370 0
88 2 n4 n5 152 0.370 0
88 3 n4 n3 207 0.370 1
88 4 n3 n5 164 0.120 0
88 5 n3 n2 188 0.120 0
88 6 n3 n3 227 0.120 1
88 7 n5 n3 201 0.100 0
88 8 n5 n2 192 0.100 0
88 9 n5 n5 201 0.100 1
88 10 n2 n5 179 0.180 0
88 11 n2 n3 214 0.180 1
88 12 n2 n2 202 0.180 0
89 1 n4 n2 0 0.460 0
89 2 n4 n5 0 0.460 0
89 3 n4 n3 210 0.460 1
89 4 n3 n5 163 0.200 0
89 5 n3 n2 188 0.200 0
89 6 n3 n3 226 0.200 1
89 7 n5 n3 200 0.160 1
89 8 n5 n2 193 0.160 0
89 9 n5 n5 194 0.160 0
89 10 n2 n5 174 0.270 0
89 11 n2 n3 212 0.270 1
89 12 n2 n2 205 0.270 0
90 1 n4 n2 0 0.010 0
90 2 n4 n5 0 0.010 0
90 3 n4 n3 206 0.010 1
90 4 n3 n5 156 0.270 0
90 5 n3 n2 186 0.270 0
90 6 n3 n3 224 0.270 1
90 7 n5 n3 205 0.210 1
90 8 n5 n2 192 0.210 0
90 9 n5 n5 188 0.210 0
90 10 n2 n5 167 0.330 0
90 11 n2 n3 209 0.330 1
90 12 n2 n2 203 0.330 0
91 1 n4 n2 0 0.130 0
91 2 n4 n5 0 0.130 0
91 3 n4 n3 205 0.130 1
91 4 n3 n5 154 0.390 0
91 5 n3 n2 190 0.390 0
91 6 n3 n3 224 0.390 1
91 7 n5 n3 204 0.310 1
91 8 n5 n2 196 0.310 0
91 9 n5 n5 181 0.310 0
91 10 n2 n5 161 0.060 0
91 11 n2 n3 211 0.060 1
91 12 n2 n2 204 0.060 0
92 1 n4 n2 0 0.720 0
92 2 n4 n5 0 0.720 0
92 3 n4 n3 206 0.720 1
92 4 n3 n5 155 0.060 0
92 5 n3 n2 192 0.060 0
92 6 n3 n3 224 0.060 1
92 7 n5 n3 202 0.390 1
92 8 n5 n2 198 0.390 0
92 9 n5 n5 179 0.390 0
92 10 n2 n5 160 0.030 0
92 11 n2 n3 211 0.030 1
92 12 n2 n2 207 0.030 0
93 1 n4 n2 0 0.270 0
93 2 n4 n5 0 0.270 0
93 3 n4 n3 206 0.270 1
93 4 n3 n5 152 0.000 0
93 5 n3 n2 194 0.000 0
93 6 n3 n3 222 0.000 1
93 7 n5 n3 200 0.050 1
93 8 n5 n2 197 0.050 0
93 9 n5 n5 174 0.050 0
93 10 n2 n5 156 0.070 0
93 11 n2 n3 207 0.070 1
93 12 n2 n2 209 0.070 0
94 1 n4 n2 0 0.330 0
94 2 n4 n5 0 0.330 0
94 3 n4 n3 204 0.330 1
94 4 n3 n5 158 0.110 0
94 5 n3 n2 192 0.110 0
94 6 n3 n3 220 0.110 1
94 7 n5 n3 193 0.040 1
94 8 n5 n2 193 0.040 0
94 9 n5 n5 170 0.040 0
94 10 n2 n5 155 0.150 0
94 11 n2 n3 203 0.150 0
94 12 n2 n2 208 0.150 1
95 1 n4 n2 0 0.450 0
95 2 n4 n5 0 0.450 0
95 3 n4 n3 203 0.450 1
95 4 n3 n5 154 0.220 0
95 5 n3 n2 190 0.220 0
95 6 n3 n3 220 0.220 1
95 7 n5 n3 193 0.160 1
95 8 n5 n2 188 0.160 0
95 9 n5 n5 167 0.160 0
95 10 n2 n5 154 0.260 0
95 11 n2 n3 202 0.260 0
95 12 n2 n2 207 0.260 1
96 1 n4 n2 0 0.530 0
96 2 n4 n5 0 0.530 0
96 3 n4 n3 201 0.530 1
96 4 n3 n5 150 0.270 0
96 5 n3 n2 192 0.270 0
96 6 n3 n3 218 0.270 1
96 7 n5 n3 193 0.260 1
96 8 n5 n2 186 0.260 0
96 9 n5 n5 162 0.260 0
96 10 n2 n5 151 0.360 0
96 11 n2 n3 198 0.360 0
96 12 n2 n2 207 0.360 1
97 1 n4 n2 0 0.120 0
97 2 n4 n5 0 0.120 0
97 3 n4 n3 201 0.120 1
97 4 n3 n5 148 0.370 0
97 5 n3 n2 193 0.370 0
97 6 n3 n3 217 0.370 1
97 7 n5 n3 193 0.360 1
97 8 n5 n2 188 0.360 0
97 9 n5 n5 158 0.360 0
97 10 n2 n5 146 0.050 0
97 11 n2 n3 198 0.050 0
97 12 n2 n2 209 0.050 1
98 1 n4 n2 0 0.190 0
98 2 n4 n5 0 0.190 0
98 3 n4 n3 202 0.190 1
98 4 n3 n5 144 0.040 0
98 5 n3 n2 191 0.040 0
98 6 n3 n3 220 0.040 1
98 7 n5 n3 191 0.430 1
98 8 n5 n2 187 0.430 0
98 9 n5 n5 156 0.430 0
98 10 n2 n5 141 0.020 0
98 11 n2 n3 202 0.020 0
98 12 n2 n2 210 0.020 1
99 1 n4 n2 0 0.260 0
99 2 n4 n5 0 0.260 0
99 3 n4 n3 204 0.260 1
99 4 n3 n5 145 0.030 0
99 5 n3 n2 192 0.030 0
99 6 n3 n3 222 0.030 1
99 7 n5 n3 194 0.000 1
99 8 n5 n2 187 0.000 0
99 9 n5 n5 156 0.000 0
99 10 n2 n5 141 0.110 0
99 11 n2 n3 201 0.110 0
99 12 n2 n2 209 0.110 1
100 1 n4 n2 0 0.340 0
100 2 n4 n5 0 0.340 0
100 3 n4 n3 207 0.340 1
100 4 n3 n5 146 0.100 0
100 5 n3 n2 193 0.100 0
100 6 n3 n3 225 0.100 1
100 7 n5 n3 196 0.060 1
100 8 n5 n2 184 0.060 0
100 9 n5 n5 158 0.060 0
100 10 n2 n5 145 0.200 0
100 11 n2 n3 200 0.200 0
100 12 n2 n2 210 0.200 1
101 1 n4 n2 0 0.430 0
101 2 n4 n5 0 0.430 0
101 3 n4 n3 206 0.430 1
101 4 n3 n5 149 0.170 0
101 5 n3 n2 196 0.170 0
101 6 n3 n3 227 0.170 1
101 7 n5 n3 191 0.110 1
101 8 n5 n2 185 0.110 0
101 9 n5 n5 160 0.110 0
101 10 n2 n5 146 0.290 0
101 11 n2 n3 197 0.290 0
101 12 n2 n2 210 0.290 1
102 1 n4 n2 0 0.500 0
102 2 n4 n5 0 0.500 0
102 3 n4 n3 207 0.500 1
102 4 n3 n5 150 0.230 0
102 5 n3 n2 200 0.230 0
102 6 n3 n3 228 0.230 1
102 7 n5 n3 194 0.180 1
102 8 n5 n2 185 0.180 0
102 9 n5 n5 159 0.180 0
102 10 n2 n5 142 0.370 0
102 11 n2 n3 200 0.370 0
102 12 n2 n2 211 0.370 1
103 1 n4 n2 0 0.050 0
103 2 n4 n5 0 0.050 0
103 3 n4 n3 210 0.050 1
103 4 n3 n5 150 0.310 0
103 5 n3 n2 207 0.310 0
103 6 n3 n3 231 0.310 1
103 7 n5 n3 202 0.250 1
103 8 n5 n2 186 0.250 0
103 9 n5 n5 157 0.250 0
103 10 n2 n5 139 0.040 0
103 11 n2 n3 204 0.040 0
103 12 n2 n2 220 0.040 1
104 1 n4 n2 0 0.120 0
104 2 n4 n5 0 0.120 0
104 3 n4 n3 216 0.120 1
104 4 n3 n5 148 0.340 0
104 5 n3 n2 210 0.340 0
104 6 n3 n3 234 0.340 1
104 7 n5 n3 206 0.280 1
104 8 n5 n2 186 0.280 0
104 9 n5 n5 158 0.280 0
104 10 n2 n5 137 0.030 0
104 11 n2 n3 209 0.030 0
104 12 n2 n2 228 0.030 1
105 1 n4 n2 0 0.700 0
105 2 n4 n5 0 0.700 0
105 3 n4 n3 220 0.700 1
105 4 n3 n5 148 0.430 0
105 5 n3 n2 212 0.430 0
105 6 n3 n3 237 0.430 1
105 7 n5 n3 209 0.370 1
105 8 n5 n2 187 0.370 0
105 9 n5 n5 160 0.370 0
105 10 n2 n5 137 0.100 0
105 11 n2 n3 212 0.100 0
105 12 n2 n2 231 0.100 1
106 1 n4 n2 0 0.280 0
106 2 n4 n5 0 0.280 0
106 3 n4 n3 230 0.280 1
106 4 n3 n5 0 0.180 0
106 5 n3 n2 216 0.180 0
106 6 n3 n3 248 0.180 1
106 7 n5 n3 212 0.010 1
106 8 n5 n2 183 0.010 0
106 9 n5 n5 0 0.010 0
106 10 n2 n5 0 0.180 0
106 11 n2 n3 221 0.180 0
106 12 n2 n2 235 0.180 1
107 1 n4 n2 0 0.350 0
107 2 n4 n5 0 0.350 0
107 3 n4 n3 236 0.350 1
107 4 n3 n5 0 0.170 0
107 5 n3 n2 209 0.170 0
107 6 n3 n3 252 0.170 1
107 7 n5 n3 211 0.110 1
107 8 n5 n2 178 0.110 0
107 9 n5 n5 0 0.110 0
107 10 n2 n5 0 0.160 0
107 11 n2 n3 227 0.160 0
107 12 n2 n2 237 0.160 1
108 1 n4 n2 0 0.440 0
108 2 n4 n5 0 0.440 0
108 3 n4 n3 239 0.440 1
108 4 n3 n5 0 0.230 0
108 5 n3 n2 211 0.230 0
108 6 n3 n3 252 0.230 1
108 7 n5 n3 207 0.170 1
108 8 n5 n2 174 0.170 0
108 9 n5 n5 0 0.170 0
108 10 n2 n5 0 0.490 0
108 11 n2 n3 227 0.490 0
108 12 n2 n2 238 0.490 1
109 1 n4 n2 0 0.520 0
109 2 n4 n5 0 0.520 0
109 3 n4 n3 242 0.520 1
109 4 n3 n5 0 0.350 0
109 5 n3 n2 213 0.350 0
109 6 n3 n3 254 0.350 1
109 7 n5 n3 202 0.240 1
109 8 n5 n2 0 0.240 0
109 9 n5 n5 151 0.240 0
109 10 n2 n5 0 0.040 0
109 11 n2 n3 234 0.040 0
109 12 n2 n2 240 0.040 1
110 1 n4 n2 0 0.570 0
110 2 n4 n5 0 0.570 0
110 3 n4 n3 244 0.570 1
110 4 n3 n5 0 0.060 0
110 5 n3 n2 210 0.060 0
110 6 n3 n3 253 0.060 1
110 7 n5 n3 198 0.310 1
110 8 n5 n2 0 0.310 0
110 9 n5 n5 151 0.310 0
110 10 n2 n5 0 0.080 0
110 11 n2 n3 236 0.080 0
110 12 n2 n2 238 0.080 1
111 1 n4 n2 0 0.170 0
111 2 n4 n5 0 0.170 0
111 3 n4 n3 245 0.170 1
111 4 n3 n5 0 0.030 0
111 5 n3 n2 209 0.030 0
111 6 n3 n3 252 0.030 1
111 7 n5 n3 195 0.350 1
111 8 n5 n2 0 0.350 0
111 9 n5 n5 0 0.350 0
111 10 n2 n5 0 0.170 0
111 11 n2 n3 240 0.170 1
111 12 n2 n2 238 0.170 0
112 1 n4 n2 0 0.230 0
112 2 n4 n5 0 0.230 0
112 3 n4 n3 245 0.230 1
112 4 n3 n5 0 0.100 0
112 5 n3 n2 211 0.100 0
112 6 n3 n3 253 0.100 1
112 7 n5 n3 190 0.380 1
112 8 n5 n2 0 0.380 0
112 9 n5 n5 0 0.380 0
112 10 n2 n5 0 0.110 0
112 11 n2 n3 236 0.110 0
112 12 n2 n2 239 0.110 1
113 1 n4 n2 0 0.270 0
113 2 n4 n5 0 0.270 0
113 3 n4 n3 245 0.270 1
113 4 n3 n5 0 0.150 0
113 5 n3 n2 212 0.150 0
113 6 n3 n3 255 0.150 1
113 7 n5 n3 184 0.530 1
113 8 n5 n2 0 0.530 0
113 9 n5 n5 0 0.530 0
113 10 n2 n5 0 0.220 0
113 11 n2 n3 230 0.220 0
113 12 n2 n2 241 0.220 1
114 1 n4 n2 0 0.360 0
114 2 n4 n5 0 0.360 0
114 3 n4 n3 245 0.360 1
114 4 n3 n5 0 0.230 0
114 5 n3 n2 213 0.230 0
114 6 n3 n3 255 0.230 1
114 7 n5 n3 184 1.630 1
114 8 n5 n2 0 1.630 0
114 9 n5 n5 0 1.630 0
114 10 n2 n5 0 0.160 0
114 11 n2 n3 225 0.160 0
114 12 n2 n2 241 0.160 1
115 1 n4 n2 0 0.390 0
115 2 n4 n5 0 0.390 0
115 3 n4 n3 245 0.390 1
115 4 n3 n5 0 0.280 0
115 5 n3 n2 214 0.280 0
115 6 n3 n3 255 0.280 1
115 7 n5 n3 184 2.730 1
115 8 n5 n2 0 2.730 0
115 9 n5 n5 0 2.730 0
115 10 n2 n5 0 0.380 0
115 11 n2 n3 223 0.380 0
115 12 n2 n2 239 0.380 1
116 1 n4 n2 0 0.480 0
116 2 n4 n5 0 0.480 0
116 3 n4 n3 243 0.480 1
116 4 n3 n5 0 0.390 0
116 5 n3 n2 218 0.390 0
116 6 n3 n3 254 0.390 1
116 7 n5 n3 184 3.830 1
116 8 n5 n2 0 3.830 0
116 9 n5 n5 0 3.830 0
116 10 n2 n5 0 0.080 0
116 11 n2 n3 223 0.080 0
116 12 n2 n2 239 0.080 1
117 1 n4 n2 0 0.120 0
117 2 n4 n5 0 0.120 0
117 3 n4 n3 236 0.120 1
117 4 n3 n5 0 0.130 0
117 5 n3 n2 220 0.130 0
117 6 n3 n3 251 0.130 1
117 7 n5 n3 182 0.310 1
117 8 n5 n2 0 0.310 0
117 9 n5 n5 0 0.310 0
117 10 n2 n5 0 0.100 0
117 11 n2 n3 219 0.100 0
117 12 n2 n2 239 0.100 1
118 1 n4 n2 0 0.730 0
118 2 n4 n5 0 0.730 0
118 3 n4 n3 234 0.730 1
118 4 n3 n5 0 0.100 0
118 5 n3 n2 213 0.100 0
118 6 n3 n3 250 0.100 1
118 7 n5 n3 182 0.400 1
118 8 n5 n2 0 0.400 0
118 9 n5 n5 0 0.400 0
118 10 n2 n5 0 0.170 0
118 11 n2 n3 218 0.170 0
118 12 n2 n2 237 0.170 1
119 1 n4 n2 0 0.310 0
119 2 n4 n5 0 0.310 0
119 3 n4 n3 231 0.310 1
119 4 n3 n5 0 0.180 0
119 5 n3 n2 217 0.180 0
119 6 n3 n3 250 0.180 1
119 7 n5 n3 183 1.000 1
119 8 n5 n2 0 1.000 0
119 9 n5 n5 0 1.000 0
119 10 n2 n5 0 0.240 0
119 11 n2 n3 218 0.240 0
119 12 n2 n2 237 0.240 1
120 1 n4 n2 0 0.890 0
120 2 n4 n5 0 0.890 0
120 3 n4 n3 229 0.890 1
120 4 n3 n5 0 0.250 0
120 5 n3 n2 213 0.250 0
120 6 n3 n3 249 0.250 1
120 7 n5 n3 193 0.030 1
120 8 n5 n2 0 0.030 0
120 9 n5 n5 0 0.030 0
120 10 n2 n5 0 0.430 0
120 11 n2 n3 218 0.430 0
120 12 n2 n2 239 0.430 1
121 1 n4 n2 0 0.490 0
121 2 n4 n5 0 0.490 0
121 3 n4 n3 228 0.490 1
121 4 n3 n5 0 0.370 0
121 5 n3 n2 210 0.370 0
121 6 n3 n3 247 0.370 1
121 7 n5 n3 203 0.140 1
121 8 n5 n2 0 0.140 0
121 9 n5 n5 0 0.140 0
121 10 n2 n5 0 0.070 0
121 11 n2 n3 218 0.070 0
121 12 n2 n2 237 0.070 1
122 1 n4 n2 0 0.080 0
122 2 n4 n5 0 0.080 0
122 3 n4 n3 231 0.080 1
122 4 n3 n5 0 0.060 0
122 5 n3 n2 208 0.060 0
122 6 n3 n3 245 0.060 1
122 7 n5 n3 209 0.220 1
122 8 n5 n2 0 0.220 0
122 9 n5 n5 0 0.220 0
122 10 n2 n5 0 0.020 0
122 11 n2 n3 215 0.020 0
122 12 n2 n2 231 0.020 1
123 1 n4 n2 0 0.660 0
123 2 n4 n5 0 0.660 0
123 3 n4 n3 232 0.660 1
123 4 n3 n5 0 0.020 0
123 5 n3 n2 209 0.020 0
123 6 n3 n3 243 0.020 1
123 7 n5 n3 215 0.310 1
123 8 n5 n2 0 0.310 0
123 9 n5 n5 0 0.310 0
123 10 n2 n5 0 0.110 0
123 11 n2 n3 216 0.110 0
123 12 n2 n2 232 0.110 1
124 1 n4 n2 0 0.210 0
124 2 n4 n5 0 0.210 0
124 3 n4 n3 232 0.210 1
124 4 n3 n5 0 0.080 0
124 5 n3 n2 209 0.080 0
124 6 n3 n3 243 0.080 1
124 7 n5 n3 216 0.930 1
124 8 n5 n2 0 0.930 0
124 9 n5 n5 0 0.930 0
124 10 n2 n5 0 0.190 0
124 11 n2 n3 215 0.190 0
124 12 n2 n2 233 0.190 1
125 1 n4 n2 0 0.770 0
125 2 n4 n5 0 0.770 0
125 3 n4 n3 233 0.770 1
125 4 n3 n5 0 0.120 0
125 5 n3 n2 209 0.120 0
125 6 n3 n3 245 0.120 1
125 7 n5 n3 217 0.480 1
125 8 n5 n2 0 0.480 0
125 9 n5 n5 0 0.480 0
125 10 n2 n5 0 0.240 0
125 11 n2 n3 219 0.240 0
125 12 n2 n2 236 0.240 1
126 1 n4 n2 0 0.360 0
126 2 n4 n5 0 0.360 0
126 3 n4 n3 234 0.360 1
126 4 n3 n5 0 0.220 0
126 5 n3 n2 211 0.220 0
126 6 n3 n3 246 0.220 1
126 7 n5 n3 216 0.540 1
126 8 n5 n2 0 0.540 0
126 9 n5 n5 0 0.540 0
126 10 n2 n5 0 0.320 0
126 11 n2 n3 221 0.320 0
126 12 n2 n2 236 0.320 1
127 1 n4 n2 0 0.430 0
127 2 n4 n5 0 0.430 0
127 3 n4 n3 236 0.430 1
127 4 n3 n5 0 0.290 0
127 5 n3 n2 211 0.290 0
127 6 n3 n3 247 0.290 1
127 7 n5 n3 214 0.090 1
127 8 n5 n2 0 0.090 0
127 9 n5 n5 0 0.090 0
127 10 n2 n5 0 0.010 0
127 11 n2 n3 221 0.010 0
127 12 n2 n2 233 0.010 1
128 1 n4 n2 0 0.010 0
128 2 n4 n5 0 0.010 0
128 3 n4 n3 235 0.010 1
128 4 n3 n5 0 0.900 0
128 5 n3 n2 211 0.900 0
128 6 n3 n3 246 0.900 1
128 7 n5 n3 212 0.700 1
128 8 n5 n2 0 0.700 0
128 9 n5 n5 0 0.700 0
128 10 n2 n5 0 0.060 0
128 11 n2 n3 221 0.060 0
128 12 n2 n2 231 0.060 1
129 1 n4 n2 0 0.060 0
129 2 n4 n5 0 0.060 0
129 3 n4 n3 237 0.060 1
129 4 n3 n5 0 0.090 0
129 5 n3 n2 210 0.090 0
129 6 n3 n3 245 0.090 1
129 7 n5 n3 210 0.710 1
129 8 n5 n2 0 0.710 0
129 9 n5 n5 0 0.710 0
129 10 n2 n5 0 0.020 0
129 11 n2 n3 225 0.020 0
129 12 n2 n2 230 0.020 1
130 1 n4 n2 0 1.170 0
130 2 n4 n5 0 1.170 0
130 3 n4 n3 237 1.170 1
130 4 n3 n5 0 0.010 0
130 5 n3 n2 201 0.010 0
130 6 n3 n3 248 0.010 1
130 7 n5 n3 210 1.820 1
130 8 n5 n2 0 1.820 0
130 9 n5 n5 0 1.820 0
130 10 n2 n5 0 0.100 0
130 11 n2 n3 231 0.100 1
130 12 n2 n2 227 0.100 0
131 1 n4 n2 0 0.730 0
131 2 n4 n5 0 0.730 0
131 3 n4 n3 238 0.730 1
131 4 n3 n5 0 0.110 0
131 5 n3 n2 200 0.110 0
131 6 n3 n3 247 0.110 1
131 7 n5 n3 210 2.930 1
131 8 n5 n2 0 2.930 0
131 9 n5 n5 0 2.930 0
131 10 n2 n5 0 0.160 0
131 11 n2 n3 228 0.160 1
131 12 n2 n2 224 0.160 0
132 1 n4 n2 0 0.320 0
132 2 n4 n5 0 0.320 0
132 3 n4 n3 235 0.320 1
132 4 n3 n5 0 0.190 0
132 5 n3 n2 197 0.190 0
132 6 n3 n3 244 0.190 1
132 7 n5 n3 210 4.030 1
132 8 n5 n2 0 4.030 0
132 9 n5 n5 0 4.030 0
132 10 n2 n5 0 0.260 0
132 11 n2 n3 221 0.260 1
132 12 n2 n2 221 0.260 0
133 1 n4 n2 0 0.350 0
133 2 n4 n5 0 0.350 0
133 3 n4 n3 232 0.350 1
133 4 n3 n5 0 0.240 0
133 5 n3 n2 195 0.240 0
133 6 n3 n3 237 0.240 1
133 7 n5 n3 210 5.130 1
133 8 n5 n2 0 5.130 0
133 9 n5 n5 0 5.130 0
133 10 n2 n5 0 0.850 0
133 11 n2 n3 220 0.850 1
133 12 n2 n2 219 0.850 0
134 1 n4 n2 0 0.490 0
134 2 n4 n5 0 0.490 0
134 3 n4 n3 223 0.490 1
134 4 n3 n5 0 0.820 0
134 5 n3 n2 195 0.820 0
134 6 n3 n3 235 0.820 1
134 7 n5 n3 210 6.240 1
134 8 n5 n2 0 6.240 0
134 9 n5 n5 0 6.240 0
134 10 n2 n5 0 0.030 0
134 11 n2 n3 219 0.030 1
134 12 n2 n2 217 0.030 0
135 1 n4 n2 0 0.590 0
135 2 n4 n5 0 0.590 0
135 3 n4 n3 217 0.590 1
135 4 n3 n5 0 0.030 0
135 5 n3 n2 192 0.030 0
135 6 n3 n3 227 0.030 1
135 7 n5 n3 202 0.690 1
135 8 n5 n2 0 0.690 0
135 9 n5 n5 0 0.690 0
135 10 n2 n5 0 0.020 0
135 11 n2 n3 211 0.020 0
135 12 n2 n2 215 0.020 1
136 1 n4 n2 0 0.680 0
136 2 n4 n5 0 0.680 0
136 3 n4 n3 213 0.680 1
136 4 n3 n5 0 0.090 0
136 5 n3 n2 188 0.090 0
136 6 n3 n3 225 0.090 1
136 7 n5 n3 202 1.800 1
136 8 n5 n2 0 1.800 0
136 9 n5 n5 0 1.800 0
136 10 n2 n5 0 0.090 0
136 11 n2 n3 209 0.090 0
136 12 n2 n2 211 0.090 1
137 1 n4 n2 0 0.470 0
137 2 n4 n5 0 0.470 0
137 3 n4 n3 212 0.470 1
137 4 n3 n5 0 0.040 0
137 5 n3 n2 192 0.040 0
137 6 n3 n3 227 0.040 1
137 7 n5 n3 202 2.900 1
137 8 n5 n2 0 2.900 0
137 9 n5 n5 0 2.900 0
137 10 n2 n5 0 0.310 0
137 11 n2 n3 211 0.310 1
137 12 n2 n2 210 0.310 0
138 1 n4 n2 0 0.380 0
138 2 n4 n5 0 0.380 0
138 3 n4 n3 209 0.380 1
138 4 n3 n5 0 0.130 0
138 5 n3 n2 194 0.130 0
138 6 n3 n3 226 0.130 1
138 7 n5 n3 194 0.950 1
138 8 n5 n2 0 0.950 0
138 9 n5 n5 0 0.950 0
138 10 n2 n5 0 0.300 0
138 11 n2 n3 206 0.300 0
138 12 n2 n2 212 0.300 1
139 1 n4 n2 0 0.460 0
139 2 n4 n5 0 0.460 0
139 3 n4 n3 210 0.460 1
139 4 n3 n5 0 0.210 0
139 5 n3 n2 195 0.210 0
139 6 n3 n3 224 0.210 1
139 7 n5 n3 175 0.000 1
139 8 n5 n2 0 0.000 0
139 9 n5 n5 0 0.000 0
139 10 n2 n5 0 0.020 0
139 11 n2 n3 206 0.020 0
139 12 n2 n2 213 0.020 1
140 1 n4 n2 0 0.040 0
140 2 n4 n5 0 0.040 0
140 3 n4 n3 209 0.040 1
140 4 n3 n5 0 0.320 0
140 5 n3 n2 200 0.320 0
140 6 n3 n3 223 0.320 1
140 7 n5 n3 160 0.070 1
140 8 n5 n2 0 0.070 0
140 9 n5 n5 0 0.070 0
140 10 n2 n5 0 0.110 0
140 11 n2 n3 202 0.110 0
140 12 n2 n2 215 0.110 1
141 1 n4 n2 0 0.090 0
141 2 n4 n5 0 0.090 0
141 3 n4 n3 210 0.090 1
141 4 n3 n5 0 0.400 0
141 5 n3 n2 204 0.400 0
141 6 n3 n3 223 0.400 1
141 7 n5 n3 152 0.160 1
141 8 n5 n2 0 0.160 0
141 9 n5 n5 0 0.160 0
141 10 n2 n5 0 0.080 0
141 11 n2 n3 202 0.080 0
141 12 n2 n2 219 0.080 1
142 1 n4 n2 0 0.170 0
142 2 n4 n5 0 0.170 0
142 3 n4 n3 210 0.170 1
142 4 n3 n5 0 0.100 0
142 5 n3 n2 204 0.100 0
142 6 n3 n3 222 0.100 1
142 7 n5 n3 152 1.270 1
142 8 n5 n2 0 1.270 0
142 9 n5 n5 0 1.270 0
142 10 n2 n5 0 0.180 0
142 11 n2 n3 203 0.180 0
142 12 n2 n2 220 0.180 1
143 1 n4 n2 0 0.230 0
143 2 n4 n5 0 0.230 0
143 3 n4 n3 209 0.230 1
143 4 n3 n5 0 0.040 0
143 5 n3 n2 205 0.040 0
143 6 n3 n3 220 0.040 1
143 7 n5 n3 144 0.310 1
143 8 n5 n2 0 0.310 0
143 9 n5 n5 0 0.310 0
143 10 n2 n5 0 0.280 0
143 11 n2 n3 206 0.280 0
143 12 n2 n2 221 0.280 1
144 1 n4 n2 0 0.840 0
144 2 n4 n5 0 0.840 0
144 3 n4 n3 209 0.840 1
144 4 n3 n5 0 0.110 0
144 5 n3 n2 208 0.110 0
144 6 n3 n3 218 0.110 1
144 7 n5 n3 137 0.870 1
144 8 n5 n2 0 0.870 0
144 9 n5 n5 0 0.870 0
144 10 n2 n5 0 0.310 0
144 11 n2 n3 209 0.310 0
144 12 n2 n2 222 0.310 1
145 1 n4 n2 0 0.390 0
145 2 n4 n5 0 0.390 0
145 3 n4 n3 211 0.390 1
145 4 n3 n5 0 0.210 0
145 5 n3 n2 205 0.210 0
145 6 n3 n3 220 0.210 1
145 7 n5 n3 130 0.440 1
145 8 n5 n2 0 0.440 0
145 9 n5 n5 0 0.440 0
145 10 n2 n5 0 0.390 0
145 11 n2 n3 212 0.390 0
145 12 n2 n2 222 0.390 1
146 1 n4 n2 0 0.510 0
146 2 n4 n5 0 0.510 0
146 3 n4 n3 211 0.510 1
146 4 n3 n5 0 0.400 0
146 5 n3 n2 204 0.400 0
146 6 n3 n3 220 0.400 1
146 7 n5 n3 121 0.550 1
146 8 n5 n2 0 0.550 0
146 9 n5 n5 0 0.550 0
146 10 n2 n5 0 0.100 0
146 11 n2 n3 211 0.100 0
146 12 n2 n2 220 0.100 1
147 1 n4 n2 0 0.090 0
147 2 n4 n5 0 0.090 0
147 3 n4 n3 212 0.090 1
147 4 n3 n5 0 0.370 0
147 5 n3 n2 202 0.370 0
147 6 n3 n3 223 0.370 1
147 7 n5 n3 112 0.650 1
147 8 n5 n2 0 0.650 0
147 9 n5 n5 0 0.650 0
147 10 n2 n5 0 0.050 0
147 11 n2 n3 217 0.050 0
147 12 n2 n2 220 0.050 1
148 1 n4 n2 0 0.140 0
148 2 n4 n5 0 0.140 0
148 3 n4 n3 215 0.140 1
148 4 n3 n5 0 0.080 0
148 5 n3 n2 203 0.080 0
148 6 n3 n3 226 0.080 1
148 7 n5 n3 104 0.210 1
148 8 n5 n2 0 0.210 0
148 9 n5 n5 0 0.210 0
148 10 n2 n5 0 0.150 0
148 11 n2 n3 212 0.150 0
148 12 n2 n2 219 0.150 1
149 1 n4 n2 0 0.160 0
149 2 n4 n5 0 0.160 0
149 3 n4 n3 215 0.160 1
149 4 n3 n5 0 0.530 0
149 5 n3 n2 201 0.530 0
149 6 n3 n3 226 0.530 1
149 7 n5 n3 104 1.310 1
149 8 n5 n2 0 1.310 0
149 9 n5 n5 0 1.310 0
149 10 n2 n5 0 0.240 0
149 11 n2 n3 206 0.240 0
149 12 n2 n2 220 0.240 1
150 1 n4 n2 0 0.320 0
150 2 n4 n5 0 0.320 0
150 3 n4 n3 217 0.320 1
150 4 n3 n5 0 0.130 0
150 5 n3 n2 204 0.130 0
150 6 n3 n3 229 0.130 1
150 7 n5 n3 93 0.380 1
150 8 n5 n2 0 0.380 0
150 9 n5 n5 0 0.380 0
150 10 n2 n5 0 0.360 0
150 11 n2 n3 208 0.360 0
150 12 n2 n2 222 0.360 1
151 1 n4 n2 0 0.400 0
151 2 n4 n5 0 0.400 0
151 3 n4 n3 220 0.400 1
151 4 n3 n5 0 0.220 0
151 5 n3 n2 201 0.220 0
151 6 n3 n3 233 0.220 1
151 7 n5 n3 93 1.480 1
151 8 n5 n2 0 1.480 0
151 9 n5 n5 0 1.480 0
151 10 n2 n5 0 0.450 0
151 11 n2 n3 213 0.450 0
151 12 n2 n2 222 0.450 1
152 1 n4 n2 0 0.480 0
152 2 n4 n5 0 0.480 0
152 3 n4 n3 222 0.480 1
152 4 n3 n5 0 0.330 0
152 5 n3 n2 202 0.330 0
152 6 n3 n3 234 0.330 1
152 7 n5 n3 70 0.540 1
152 8 n5 n2 0 0.540 0
152 9 n5 n5 0 0.540 0
152 10 n2 n5 0 0.020 0
152 11 n2 n3 213 0.020 0
152 12 n2 n2 222 0.020 1
153 1 n4 n2 0 0.060 0
153 2 n4 n5 0 0.060 0
153 3 n4 n3 222 0.060 1
153 4 n3 n5 0 0.020 0
153 5 n3 n2 203 0.020 0
153 6 n3 n3 231 0.020 1
153 7 n5 n3 49 0.050 1
153 8 n5 n2 0 0.050 0
153 9 n5 n5 0 0.050 0
153 10 n2 n5 0 0.230 0
153 11 n2 n3 211 0.230 0
153 12 n2 n2 224 0.230 1
154 1 n4 n2 0 0.630 0
154 2 n4 n5 0 0.630 0
154 3 n4 n3 222 0.630 1
154 4 n3 n5 0 0.010 0
154 5 n3 n2 204 0.010 0
154 6 n3 n3 230 0.010 1
154 7 n5 n3 34 0.170 1
154 8 n5 n2 0 0.170 0
154 9 n5 n5 0 0.170 0
154 10 n2 n5 0 0.230 0
154 11 n2 n3 210 0.230 0
154 12 n2 n2 223 0.230 1
155 1 n4 n2 0 0.230 0
155 2 n4 n5 0 0.230 0
155 3 n4 n3 220 0.230 1
155 4 n3 n5 0 0.090 0
155 5 n3 n2 199 0.090 0
155 6 n3 n3 229 0.090 1
155 7 n5 n3 27 0.210 1
155 8 n5 n2 0 0.210 0
155 9 n5 n5 0 0.210 0
155 10 n2 n5 0 0.320 0
155 11 n2 n3 206 0.320 0
155 12 n2 n2 220 0.320 1
156 1 n4 n2 0 0.310 0
156 2 n4 n5 0 0.310 0
156 3 n4 n3 217 0.310 1
156 4 n3 n5 0 0.200 0
156 5 n3 n2 197 0.200 0
156 6 n3 n3 226 0.200 1
156 7 n5 n3 19 0.320 1
156 8 n5 n2 0 0.320 0
156 9 n5 n5 0 0.320 0
156 10 n2 n5 0 0.390 0
156 11 n2 n3 203 0.390 0
156 12 n2 n2 216 0.390 1
157 1 n4 n2 0 0.920 0
157 2 n4 n5 0 0.920 0
157 3 n4 n3 216 0.920 1
157 4 n3 n5 0 0.300 0
157 5 n3 n2 196 0.300 0
157 6 n3 n3 224 0.300 1
157 7 n5 n3 17 0.910 1
157 8 n5 n2 0 0.910 0
157 9 n5 n5 0 0.910 0
157 10 n2 n5 0 0.070 0
157 11 n2 n3 201 0.070 0
157 12 n2 n2 213 0.070 1
158 1 n4 n2 0 0.480 0
158 2 n4 n5 0 0.480 0
158 3 n4 n3 213 0.480 1
158 4 n3 n5 0 0.380 0
158 5 n3 n2 195 0.380 0
158 6 n3 n3 222 0.380 1
158 7 n5 n3 17 2.030 1
158 8 n5 n2 0 2.030 0
158 9 n5 n5 0 2.030 0
158 10 n2 n5 0 0.030 0
158 11 n2 n3 203 0.030 0
158 12 n2 n2 213 0.030 1
159 1 n4 n5 0 0.050 0
159 2 n4 n3 209 0.050 1
159 3 n3 n5 0 0.050 0
159 4 n3 n2 195 0.050 0
159 5 n3 n3 217 0.050 1
159 6 n5 n3 22 0.050 1
159 7 n5 n2 0 0.050 0
159 8 n5 n5 0 0.050 0
159 9 n2 n5 0 0.130 0
159 10 n2 n3 202 0.130 0
159 11 n2 n2 212 0.130 1
160 1 n4 n5 0 0.660 0
160 2 n4 n3 207 0.660 1
160 3 n3 n5 0 0.020 0
160 4 n3 n2 199 0.020 0
160 5 n3 n3 215 0.020 1
160 6 n5 n3 29 0.130 1
160 7 n5 n2 0 0.130 0
160 8 n5 n5 0 0.130 0
160 9 n2 n5 0 0.200 0
160 10 n2 n3 198 0.200 0
160 11 n2 n2 213 0.200 1
161 1 n4 n5 0 0.190 0
161 2 n4 n3 205 0.190 1
161 3 n3 n5 0 0.080 0
161 4 n3 n2 197 0.080 0
161 5 n3 n3 217 0.080 1
161 6 n5 n3 33 0.720 1
161 7 n5 n2 0 0.720 0
161 8 n5 n5 0 0.720 0
161 9 n2 n5 0 0.270 0
161 10 n2 n3 201 0.270 0
161 11 n2 n2 215 0.270 1
162 1 n4 n5 0 1.290 0
162 2 n4 n3 205 1.290 1
162 3 n3 n5 0 0.160 0
162 4 n3 n2 195 0.160 0
162 5 n3 n3 221 0.160 1
162 6 n5 n3 39 0.280 1
162 7 n5 n2 0 0.280 0
162 8 n5 n5 0 0.280 0
162 9 n2 n5 0 0.340 0
162 10 n2 n3 207 0.340 0
162 11 n2 n2 214 0.340 1
163 1 n4 n5 0 0.310 0
163 2 n4 n3 211 0.310 1
163 3 n3 n5 0 0.250 0
163 4 n3 n2 195 0.250 0
163 5 n3 n3 227 0.250 1
163 6 n5 n3 51 0.250 1
163 7 n5 n2 0 0.250 0
163 8 n5 n5 0 0.250 0
163 9 n2 n5 0 0.010 0
163 10 n2 n3 206 0.010 0
163 11 n2 n2 209 0.010 1
164 1 n4 n5 0 0.400 0
164 2 n4 n3 216 0.400 1
164 3 n3 n5 0 0.330 0
164 4 n3 n2 198 0.330 0
164 5 n3 n3 229 0.330 1
164 6 n5 n3 56 0.830 1
164 7 n5 n2 0 0.830 0
164 8 n5 n5 0 0.830 0
164 9 n2 n5 0 0.090 0
164 10 n2 n3 200 0.090 0
164 11 n2 n2 209 0.090 1
165 1 n4 n5 0 0.480 0
165 2 n4 n3 218 0.480 1
165 3 n3 n5 0 0.040 0
165 4 n3 n2 205 0.040 0
165 5 n3 n3 230 0.040 1
165 6 n5 n3 68 0.400 1
165 7 n5 n2 0 0.400 0
165 8 n5 n5 0 0.400 0
165 9 n2 n5 0 0.060 0
165 10 n2 n3 199 0.060 0
165 11 n2 n2 211 0.060 1
166 1 n4 n5 0 0.050 0
166 2 n4 n3 214 0.050 1
166 3 n3 n5 0 0.110 0
166 4 n3 n2 210 0.110 0
166 5 n3 n3 229 0.110 1
166 6 n5 n3 72 0.990 1
166 7 n5 n2 0 0.990 0
166 8 n5 n5 0 0.990 0
166 9 n2 n5 0 0.150 0
166 10 n2 n3 199 0.150 0
166 11 n2 n2 217 0.150 1
167 1 n4 n5 0 0.140 0
167 2 n4 n3 211 0.140 1
167 3 n3 n5 0 0.050 0
167 4 n3 n2 205 0.050 0
167 5 n3 n3 229 0.050 1
167 6 n5 n3 83 0.050 1
167 7 n5 n2 0 0.050 0
167 8 n5 n5 0 0.050 0
167 9 n2 n5 0 0.200 0
167 10 n2 n3 199 0.200 0
167 11 n2 n2 221 0.200 1
168 1 n4 n5 0 0.220 0
168 2 n4 n3 209 0.220 1
168 3 n3 n5 0 0.130 0
168 4 n3 n2 207 0.130 0
168 5 n3 n3 231 0.130 1
168 6 n5 n3 86 0.110 1
168 7 n5 n2 0 0.110 0
168 8 n5 n5 0 0.110 0
168 9 n2 n5 0 0.260 0
168 10 n2 n3 201 0.260 0
168 11 n2 n2 220 0.260 1
169 1 n4 n5 0 0.260 0
169 2 n4 n3 206 0.260 1
169 3 n3 n5 0 0.320 0
169 4 n3 n2 203 0.320 0
169 5 n3 n3 235 0.320 1
169 6 n5 n3 87 0.700 1
169 7 n5 n2 0 0.700 0
169 8 n5 n5 0 0.700 0
169 9 n2 n5 0 0.350 0
169 10 n2 n3 205 0.350 0
169 11 n2 n2 220 0.350 1
170 1 n4 n5 0 0.830 0
170 2 n4 n3 204 0.830 1
170 3 n3 n5 0 0.250 0
170 4 n3 n2 191 0.250 0
170 5 n3 n3 235 0.250 1
170 6 n5 n3 88 0.230 1
170 7 n5 n2 0 0.230 0
170 8 n5 n5 0 0.230 0
170 9 n2 n5 0 0.040 0
170 10 n2 n3 206 0.040 0
170 11 n2 n2 216 0.040 1
171 1 n4 n5 0 0.920 0
171 2 n4 n3 202 0.920 1
171 3 n3 n5 0 0.270 0
171 4 n3 n2 189 0.270 0
171 5 n3 n3 230 0.270 1
171 6 n5 n3 92 0.300 1
171 7 n5 n2 0 0.300 0
171 8 n5 n5 0 0.300 0
171 9 n2 n5 0 0.120 0
171 10 n2 n3 202 0.120 0
171 11 n2 n2 213 0.120 1
172 1 n4 n5 0 0.470 0
172 2 n4 n3 201 0.470 1
172 3 n3 n5 0 0.360 0
172 4 n3 n2 186 0.360 0
172 5 n3 n3 227 0.360 1
172 6 n5 n3 97 0.340 1
172 7 n5 n2 0 0.340 0
172 8 n5 n5 0 0.340 0
172 9 n2 n5 0 0.040 0
172 10 n2 n3 200 0.040 0
172 11 n2 n2 208 0.040 1
173 1 n4 n5 0 0.540 0
173 2 n4 n3 199 0.540 1
173 3 n3 n5 0 0.070 0
173 4 n3 n2 180 0.070 0
173 5 n3 n3 227 0.070 1
173 6 n5 n3 100 0.160 1
173 7 n5 n2 0 0.160 0
173 8 n5 n5 0 0.160 0
173 9 n2 n5 0 0.250 0
173 10 n2 n3 198 0.250 0
173 11 n2 n2 204 0.250 1
174 1 n4 n5 0 0.080 0
174 2 n4 n3 196 0.080 1
174 3 n3 n5 8 0.100 0
174 4 n3 n2 177 0.100 0
174 5 n3 n3 227 0.100 1
174 6 n5 n3 105 0.010 1
174 7 n5 n2 0 0.010 0
174 8 n5 n5 11 0.010 0
174 9 n2 n5 7 0.150 0
174 10 n2 n3 202 0.150 1
174 11 n2 n2 202 0.150 0
175 1 n4 n5 20 0.180 0
175 2 n4 n3 194 0.180 1
175 3 n3 n5 16 0.200 0
175 4 n3 n2 178 0.200 0
175 5 n3 n3 224 0.200 1
175 6 n5 n3 112 0.200 1
175 7 n5 n2 0 0.200 0
175 8 n5 n5 18 0.200 0
175 9 n2 n5 10 0.240 0
175 10 n2 n3 202 0.240 0
175 11 n2 n2 203 0.240 1
176 1 n4 n5 20 0.300 0
176 2 n4 n3 193 0.300 1
176 3 n3 n5 20 0.100 0
176 4 n3 n2 178 0.100 0
176 5 n3 n3 220 0.100 1
176 6 n5 n3 116 0.330 1
176 7 n5 n2 0 0.330 0
176 8 n5 n5 19 0.330 0
176 9 n2 n5 14 0.110 0
176 10 n2 n3 202 0.110 0
176 11 n2 n2 204 0.110 1
177 1 n4 n5 29 0.370 0
177 2 n4 n3 192 0.370 1
177 3 n3 n5 28 0.180 0
177 4 n3 n2 180 0.180 0
177 5 n3 n3 218 0.180 1
177 6 n5 n3 121 0.060 1
177 7 n5 n2 0 0.060 0
177 8 n5 n5 34 0.060 0
177 9 n2 n5 25 0.060 0
177 10 n2 n3 202 0.060 0
177 11 n2 n2 204 0.060 1
178 1 n4 n5 35 0.490 0
178 2 n4 n3 191 0.490 1
178 3 n3 n5 33 0.260 0
178 4 n3 n2 182 0.260 0
178 5 n3 n3 218 0.260 1
178 6 n5 n3 124 0.100 1
178 7 n5 n2 0 0.100 0
178 8 n5 n5 41 0.100 0
178 9 n2 n5 32 0.010 0
178 10 n2 n3 206 0.010 1
178 11 n2 n2 205 0.010 0
179 1 n4 n5 53 0.020 0
179 2 n4 n3 190 0.020 1
179 3 n3 n5 46 0.030 0
179 4 n3 n2 184 0.030 0
179 5 n3 n3 216 0.030 1
179 6 n5 n3 127 0.030 1
179 7 n5 n2 0 0.030 0
179 8 n5 n5 48 0.030 0
179 9 n2 n5 40 0.020 0
179 10 n2 n3 205 0.020 1
179 11 n2 n2 205 0.020 0
180 1 n4 n5 64 0.080 0
180 2 n4 n3 187 0.080 1
180 3 n3 n5 50 0.010 0
180 4 n3 n2 190 0.010 0
180 5 n3 n3 213 0.010 1
180 6 n5 n3 127 0.120 1
180 7 n5 n2 0 0.120 0
180 8 n5 n5 64 0.120 0
180 9 n2 n5 49 0.080 0
180 10 n2 n3 201 0.080 0
180 11 n2 n2 212 0.080 1
181 1 n4 n5 75 0.150 0
181 2 n4 n3 184 0.150 1
181 3 n3 n5 61 0.080 0
181 4 n3 n2 192 0.080 0
181 5 n3 n3 210 0.080 1
181 6 n5 n3 128 0.850 1
181 7 n5 n2 0 0.850 0
181 8 n5 n5 70 0.850 0
181 9 n2 n5 56 0.160 0
181 10 n2 n3 196 0.160 0
181 11 n2 n2 216 0.160 1
182 1 n4 n5 75 0.130 0
182 2 n4 n3 183 0.130 1
182 3 n3 n5 64 0.130 0
182 4 n3 n2 185 0.130 0
182 5 n3 n3 211 0.130 1
182 6 n5 n3 127 0.360 1
182 7 n5 n2 0 0.360 0
182 8 n5 n5 77 0.360 0
182 9 n2 n5 60 0.010 0
182 10 n2 n3 196 0.010 0
182 11 n2 n2 215 0.010 1
183 1 n4 n5 79 0.180 0
183 2 n4 n3 180 0.180 1
183 3 n3 n5 65 0.270 0
183 4 n3 n2 179 0.270 0
183 5 n3 n3 213 0.270 1
183 6 n5 n3 0 0.480 0
183 7 n5 n2 0 0.480 0
183 8 n5 n5 82 0.480 1
183 9 n2 n5 57 0.090 0
183 10 n2 n3 195 0.090 0
183 11 n2 n2 214 0.090 1
184 1 n4 n5 78 0.720 0
184 2 n4 n3 178 0.720 1
184 3 n3 n5 68 0.480 0
184 4 n3 n2 180 0.480 0
184 5 n3 n3 211 0.480 1
184 6 n5 n3 135 0.060 1
184 7 n5 n2 0 0.060 0
184 8 n5 n5 95 0.060 0
184 9 n2 n5 56 0.080 0
184 10 n2 n3 189 0.080 0
184 11 n2 n2 217 0.080 1
185 1 n4 n5 0 0.010 0
185 2 n4 n3 176 0.010 1
185 3 n3 n5 88 0.060 0
185 4 n3 n2 184 0.060 0
185 5 n3 n3 208 0.060 1
185 6 n5 n3 137 0.100 1
185 7 n5 n2 0 0.100 0
185 8 n5 n5 109 0.100 0
185 9 n2 n5 0 0.160 0
185 10 n2 n3 191 0.160 0
185 11 n2 n2 222 0.160 1
186 1 n4 n5 0 0.090 0
186 2 n4 n3 178 0.090 1
186 3 n3 n5 96 0.020 0
186 4 n3 n2 185 0.020 0
186 5 n3 n3 211 0.020 1
186 6 n5 n3 135 0.210 1
186 7 n5 n2 0 0.210 0
186 8 n5 n5 121 0.210 0
186 9 n2 n5 102 0.200 0
186 10 n2 n3 195 0.200 0
186 11 n2 n2 226 0.200 1
187 1 n4 n5 0 0.710 0
187 2 n4 n3 179 0.710 1
187 3 n3 n5 96 0.090 0
187 4 n3 n2 185 0.090 0
187 5 n3 n3 210 0.090 1
187 6 n5 n3 132 0.050 1
187 7 n5 n2 0 0.050 0
187 8 n5 n5 130 0.050 0
187 9 n2 n5 107 0.300 0
187 10 n2 n3 195 0.300 0
187 11 n2 n2 228 0.300 1
188 1 n4 n5 0 1.800 0
188 2 n4 n3 179 1.800 1
188 3 n3 n5 105 0.180 0
188 4 n3 n2 183 0.180 0
188 5 n3 n3 210 0.180 1
188 6 n5 n3 134 0.220 0
188 7 n5 n2 125 0.220 0
188 8 n5 n5 138 0.220 1
188 9 n2 n5 117 0.380 0
188 10 n2 n3 188 0.380 0
188 11 n2 n2 226 0.380 1
189 1 n4 n5 0 0.280 0
189 2 n4 n3 183 0.280 1
189 3 n3 n5 108 0.240 0
189 4 n3 n2 181 0.240 0
189 5 n3 n3 211 0.240 1
189 6 n5 n3 142 0.320 0
189 7 n5 n2 125 0.320 0
189 8 n5 n5 145 0.320 1
189 9 n2 n5 127 0.030 0
189 10 n2 n3 190 0.030 0
189 11 n2 n2 225 0.030 1
190 1 n4 n5 0 0.350 0
190 2 n4 n3 192 0.350 1
190 3 n3 n5 109 0.320 0
190 4 n3 n2 178 0.320 0
190 5 n3 n3 215 0.320 1
190 6 n5 n3 147 0.390 1
190 7 n5 n2 127 0.390 0
190 8 n5 n5 147 0.390 0
190 9 n2 n5 125 0.510 0
190 10 n2 n3 190 0.510 0
190 11 n2 n2 225 0.510 1
191 1 n4 n5 0 0.400 0
191 2 n4 n3 200 0.400 1
191 3 n3 n5 109 0.390 0
191 4 n3 n2 179 0.390 0
191 5 n3 n3 217 0.390 1
191 6 n5 n3 150 0.010 1
191 7 n5 n2 130 0.010 0
191 8 n5 n5 142 0.010 0
191 9 n2 n5 124 0.070 0
191 10 n2 n3 190 0.070 0
191 11 n2 n2 226 0.070 1
192 1 n4 n5 0 0.990 0
192 2 n4 n3 200 0.990 1
192 3 n3 n5 111 0.020 0
192 4 n3 n2 185 0.020 0
192 5 n3 n3 212 0.020 1
192 6 n5 n3 146 0.050 1
192 7 n5 n2 137 0.050 0
192 8 n5 n5 141 0.050 0
192 9 n2 n5 126 0.150 0
192 10 n2 n3 188 0.150 0
192 11 n2 n2 230 0.150 1
193 1 n4 n5 0 0.520 0
193 2 n4 n3 197 0.520 1
193 3 n3 n5 119 0.090 0
193 4 n3 n2 185 0.090 0
193 5 n3 n3 206 0.090 1
193 6 n5 n3 148 0.110 1
193 7 n5 n2 143 0.110 0
193 8 n5 n5 144 0.110 0
193 9 n2 n5 134 0.240 0
193 10 n2 n3 185 0.240 0
193 11 n2 n2 231 0.240 1
194 1 n4 n5 0 0.090 0
194 2 n4 n3 192 0.090 1
194 3 n3 n5 125 0.040 0
194 4 n3 n2 183 0.040 0
194 5 n3 n3 204 0.040 1
194 6 n5 n3 149 0.090 1
194 7 n5 n2 145 0.090 0
194 8 n5 n5 149 0.090 0
194 9 n2 n5 140 0.320 0
194 10 n2 n3 180 0.320 0
194 11 n2 n2 229 0.320 1
195 1 n4 n5 0 0.160 0
195 2 n4 n3 194 0.160 1
195 3 n3 n5 129 0.130 0
195 4 n3 n2 182 0.130 0
195 5 n3 n3 206 0.130 1
195 6 n5 n3 152 0.190 0
195 7 n5 n2 147 0.190 0
195 8 n5 n5 156 0.190 1
195 9 n2 n5 152 0.020 0
195 10 n2 n3 182 0.020 0
195 11 n2 n2 227 0.020 1
196 1 n4 n5 0 0.280 0
196 2 n4 n3 196 0.280 1
196 3 n3 n5 135 0.230 0
196 4 n3 n2 181 0.230 0
196 5 n3 n3 209 0.230 1
196 6 n5 n3 155 0.290 0
196 7 n5 n2 148 0.290 0
196 8 n5 n5 162 0.290 1
196 9 n2 n5 158 0.110 0
196 10 n2 n3 182 0.110 0
196 11 n2 n2 225 0.110 1
197 1 n4 n5 0 0.400 0
197 2 n4 n3 197 0.400 1
197 3 n3 n5 142 0.300 0
197 4 n3 n2 181 0.300 0
197 5 n3 n3 210 0.300 1
197 6 n5 n3 158 0.390 0
197 7 n5 n2 152 0.390 0
197 8 n5 n5 167 0.390 1
197 9 n2 n5 166 0.070 0
197 10 n2 n3 178 0.070 0
197 11 n2 n2 225 0.070 1
198 1 n4 n5 0 0.500 0
198 2 n4 n3 197 0.500 1
198 3 n3 n5 147 0.380 0
198 4 n3 n2 181 0.380 0
198 5 n3 n3 210 0.380 1
198 6 n5 n3 163 0.440 0
198 7 n5 n2 159 0.440 0
198 8 n5 n5 172 0.440 1
198 9 n2 n5 171 0.120 0
198 10 n2 n3 177 0.120 0
198 11 n2 n2 225 0.120 1
199 1 n4 n5 0 0.570 0
199 2 n4 n3 198 0.570 1
199 3 n3 n5 159 0.060 0
199 4 n3 n2 189 0.060 0
199 5 n3 n3 209 0.060 1
199 6 n5 n3 167 0.090 0
199 7 n5 n2 167 0.090 0
199 8 n5 n5 180 0.090 1
199 9 n2 n5 175 0.200 0
199 10 n2 n3 172 0.200 0
199 11 n2 n2 226 0.200 1
200 1 n4 n5 0 0.090 0
200 2 n4 n3 201 0.090 1
200 3 n3 n5 163 0.030 0
200 4 n3 n2 200 0.030 0
200 5 n3 n3 210 0.030 1
200 6 n5 n3 176 0.070 0
200 7 n5 n2 180 0.070 0
200 8 n5 n5 185 0.070 1
200 9 n2 n5 181 0.250 0
200 10 n2 n3 167 0.250 0
200 11 n2 n2 230 0.250 1
201 1 n4 n5 0 0.140 0
201 2 n4 n3 201 0.140 1
201 3 n3 n5 164 0.080 0
201 4 n3 n2 201 0.080 0
201 5 n3 n3 213 0.080 1
201 6 n5 n3 180 0.170 0
201 7 n5 n2 190 0.170 1
201 8 n5 n5 186 0.170 0
201 9 n2 n5 181 0.460 0
201 10 n2 n3 168 0.460 0
201 11 n2 n2 236 0.460 1
202 1 n4 n5 0 0.230 0
202 2 n4 n3 203 0.230 1
202 3 n3 n5 172 0.140 0
202 4 n3 n2 202 0.140 0
202 5 n3 n3 215 0.140 1
202 6 n5 n3 185 0.230 0
202 7 n5 n2 196 0.230 1
202 8 n5 n5 188 0.230 0
202 9 n2 n5 185 0.040 0
202 10 n2 n3 182 0.040 0
202 11 n2 n2 241 0.040 1
203 1 n4 n5 0 1.330 0
203 2 n4 n3 203 1.330 1
203 3 n3 n5 175 0.190 0
203 4 n3 n2 206 0.190 0
203 5 n3 n3 219 0.190 1
203 6 n5 n3 188 0.320 0
203 7 n5 n2 203 0.320 1
203 8 n5 n5 189 0.320 0
203 9 n2 n5 182 0.010 0
203 10 n2 n3 183 0.010 0
203 11 n2 n2 245 0.010 1
204 1 n4 n5 0 0.390 0
204 2 n4 n3 209 0.390 1
204 3 n3 n5 175 0.270 0
204 4 n3 n2 206 0.270 0
204 5 n3 n3 223 0.270 1
204 6 n5 n3 194 0.410 0
204 7 n5 n2 209 0.410 1
204 8 n5 n5 190 0.410 0
204 9 n2 n5 180 0.100 0
204 10 n2 n3 188 0.100 0
204 11 n2 n2 244 0.100 1
205 1 n4 n5 0 0.460 0
205 2 n4 n3 216 0.460 1
205 3 n3 n5 177 0.330 0
205 4 n3 n2 205 0.330 0
205 5 n3 n3 227 0.330 1
205 6 n5 n3 198 0.470 0
205 7 n5 n2 212 0.470 1
205 8 n5 n5 192 0.470 0
205 9 n2 n5 182 0.060 0
205 10 n2 n3 185 0.060 0
205 11 n2 n2 240 0.060 1
206 1 n4 n5 0 0.050 0
206 2 n4 n3 220 0.050 1
206 3 n3 n5 179 0.040 0
206 4 n3 n2 205 0.040 0
206 5 n3 n3 229 0.040 1
206 6 n5 n3 193 0.010 0
206 7 n5 n2 206 0.010 1
206 8 n5 n5 197 0.010 0
206 9 n2 n5 189 0.130 0
206 10 n2 n3 181 0.130 0
206 11 n2 n2 237 0.130 1
207 1 n4 n5 0 0.140 0
207 2 n4 n3 221 0.140 1
207 3 n3 n5 186 0.110 0
207 4 n3 n2 205 0.110 0
207 5 n3 n3 230 0.110 1
207 6 n5 n3 189 0.070 0
207 7 n5 n2 205 0.070 1
207 8 n5 n5 203 0.070 0
207 9 n2 n5 193 0.330 0
207 10 n2 n3 181 0.330 0
207 11 n2 n2 236 0.330 1
208 1 n4 n5 0 0.170 0
208 2 n4 n3 220 0.170 1
208 3 n3 n5 191 0.040 0
208 4 n3 n2 201 0.040 0
208 5 n3 n3 228 0.040 1
208 6 n5 n3 183 0.130 0
208 7 n5 n2 207 0.130 1
208 8 n5 n5 206 0.130 0
208 9 n2 n5 202 0.010 0
208 10 n2 n3 184 0.010 0
208 11 n2 n2 236 0.010 1
209 1 n4 n5 0 0.280 0
209 2 n4 n3 220 0.280 1
209 3 n3 n5 191 0.130 0
209 4 n3 n2 200 0.130 0
209 5 n3 n3 225 0.130 1
209 6 n5 n3 177 0.210 0
209 7 n5 n2 207 0.210 0
209 8 n5 n5 210 0.210 1
209 9 n2 n5 204 0.070 0
209 10 n2 n3 187 0.070 0
209 11 n2 n2 235 0.070 1
210 1 n4 n5 0 0.370 0
210 2 n4 n3 219 0.370 1
210 3 n3 n5 193 0.220 0
210 4 n3 n2 196 0.220 0
210 5 n3 n3 225 0.220 1
210 6 n5 n3 173 0.300 0
210 7 n5 n2 205 0.300 0
210 8 n5 n5 211 0.300 1
210 9 n2 n5 202 0.030 0
210 10 n2 n3 194 0.030 0
210 11 n2 n2 233 0.030 1
211 1 n4 n5 0 0.460 0
211 2 n4 n3 222 0.460 1
211 3 n3 n5 196 0.290 0
211 4 n3 n2 190 0.290 0
211 5 n3 n3 230 0.290 1
211 6 n5 n3 182 0.380 0
211 7 n5 n2 206 0.380 0
211 8 n5 n5 212 0.380 1
211 9 n2 n5 203 0.100 0
211 10 n2 n3 201 0.100 0
211 11 n2 n2 233 0.100 1
212 1 n4 n5 0 0.020 0
212 2 n4 n3 224 0.020 1
212 3 n3 n5 199 0.020 0
212 4 n3 n2 203 0.020 0
212 5 n3 n3 233 0.020 1
212 6 n5 n3 178 0.480 0
212 7 n5 n2 210 0.480 0
212 8 n5 n5 215 0.480 1
212 9 n2 n5 207 0.220 0
212 10 n2 n3 201 0.220 0
212 11 n2 n2 234 0.220 1
213 1 n4 n2 195 0.060 0
213 2 n4 n5 0 0.060 0
213 3 n4 n3 226 0.060 1
213 4 n3 n5 215 0.130 0
213 5 n3 n2 203 0.130 0
213 6 n3 n3 235 0.130 1
213 7 n5 n3 187 0.040 0
213 8 n5 n2 212 0.040 0
213 9 n5 n5 222 0.040 1
213 10 n2 n5 212 0.300 0
213 11 n2 n3 205 0.300 0
213 12 n2 n2 234 0.300 1
214 1 n4 n2 193 0.140 0
214 2 n4 n5 0 0.140 0
214 3 n4 n3 231 0.140 1
214 4 n3 n5 212 0.070 0
214 5 n3 n2 203 0.070 0
214 6 n3 n3 239 0.070 1
214 7 n5 n3 190 0.100 0
214 8 n5 n2 208 0.100 0
214 9 n5 n5 225 0.100 1
214 10 n2 n5 210 0.380 0
214 11 n2 n3 209 0.380 0
214 12 n2 n2 232 0.380 1
215 1 n4 n2 192 0.230 0
215 2 n4 n5 0 0.230 0
215 3 n4 n3 237 0.230 1
215 4 n3 n5 208 0.060 0
215 5 n3 n2 199 0.060 0
215 6 n3 n3 245 0.060 1
215 7 n5 n3 200 0.180 0
215 8 n5 n2 207 0.180 0
215 9 n5 n5 224 0.180 1
215 10 n2 n5 207 0.060 0
215 11 n2 n3 222 0.060 0
215 12 n2 n2 229 0.060 1
216 1 n4 n2 191 0.060 0
216 2 n4 n5 0 0.060 0
216 3 n4 n3 239 0.060 1
216 4 n3 n5 207 0.160 0
216 5 n3 n2 199 0.160 0
216 6 n3 n3 250 0.160 1
216 7 n5 n3 202 0.350 0
216 8 n5 n2 209 0.350 0
216 9 n5 n5 224 0.350 1
216 10 n2 n5 209 0.040 0
216 11 n2 n3 224 0.040 0
216 12 n2 n2 229 0.040 1
217 1 n4 n2 191 0.350 0
217 2 n4 n5 0 0.350 0
217 3 n4 n3 237 0.350 1
217 4 n3 n5 206 0.280 0
217 5 n3 n2 199 0.280 0
217 6 n3 n3 250 0.280 1
217 7 n5 n3 207 0.190 0
217 8 n5 n2 216 0.190 0
217 9 n5 n5 226 0.190 1
217 10 n2 n5 211 0.150 0
217 11 n2 n3 228 0.150 0
217 12 n2 n2 231 0.150 1
218 1 n4 n2 190 0.400 0
218 2 n4 n5 0 0.400 0
218 3 n4 n3 236 0.400 1
218 4 n3 n5 205 0.370 0
218 5 n3 n2 201 0.370 0
218 6 n3 n3 250 0.370 1
218 7 n5 n3 210 0.260 0
218 8 n5 n2 216 0.260 0
218 9 n5 n5 228 0.260 1
218 10 n2 n5 211 0.220 0
218 11 n2 n3 231 0.220 0
218 12 n2 n2 233 0.220 1
219 1 n4 n2 0 0.470 0
219 2 n4 n5 0 0.470 0
219 3 n4 n3 236 0.470 1
219 4 n3 n5 207 0.450 0
219 5 n3 n2 201 0.450 0
219 6 n3 n3 250 0.450 1
219 7 n5 n3 212 0.050 0
219 8 n5 n2 216 0.050 0
219 9 n5 n5 234 0.050 1
219 10 n2 n5 217 0.300 0
219 11 n2 n3 229 0.300 0
219 12 n2 n2 233 0.300 1
220 1 n4 n2 0 0.040 0
220 2 n4 n5 0 0.040 0
220 3 n4 n3 236 0.040 1
220 4 n3 n5 209 0.040 0
220 5 n3 n2 204 0.040 0
220 6 n3 n3 252 0.040 1
220 7 n5 n3 222 0.020 0
220 8 n5 n2 218 0.020 0
220 9 n5 n5 242 0.020 1
220 10 n2 n5 225 0.370 0
220 11 n2 n3 233 0.370 0
220 12 n2 n2 234 0.370 1
221 1 n4 n2 0 0.120 0
221 2 n4 n5 0 0.120 0
221 3 n4 n3 238 0.120 1
221 4 n3 n5 226 0.130 0
221 5 n3 n2 202 0.130 0
221 6 n3 n3 255 0.130 1
221 7 n5 n3 220 0.010 0
221 8 n5 n2 215 0.010 0
221 9 n5 n5 245 0.010 1
221 10 n2 n5 235 0.090 0
221 11 n2 n3 236 0.090 1
221 12 n2 n2 234 0.090 0
222 1 n4 n2 0 0.190 0
222 2 n4 n5 0 0.190 0
222 3 n4 n3 242 0.190 1
222 4 n3 n5 222 0.180 0
222 5 n3 n2 202 0.180 0
222 6 n3 n3 255 0.180 1
222 7 n5 n3 216 0.060 0
222 8 n5 n2 214 0.060 0
222 9 n5 n5 251 0.060 1
222 10 n2 n5 238 0.080 1
222 11 n2 n3 234 0.080 0
222 12 n2 n2 232 0.080 0
223 1 n4 n2 0 0.280 0
223 2 n4 n5 0 0.280 0
223 3 n4 n3 244 0.280 1
223 4 n3 n5 217 0.280 0
223 5 n3 n2 204 0.280 0
223 6 n3 n3 255 0.280 1
223 7 n5 n3 218 0.100 0
223 8 n5 n2 215 0.100 0
223 9 n5 n5 255 0.100 1
223 10 n2 n5 236 0.150 1
223 11 n2 n3 236 0.150 0
223 12 n2 n2 231 0.150 0
224 1 n4 n2 0 1.390 0
224 2 n4 n5 0 1.390 0
224 3 n4 n3 244 1.390 1
224 4 n3 n5 211 0.350 0
224 5 n3 n2 202 0.350 0
224 6 n3 n3 255 0.350 1
224 7 n5 n3 224 0.210 0
224 8 n5 n2 213 0.210 0
224 9 n5 n5 255 0.210 1
224 10 n2 n5 236 0.250 0
224 11 n2 n3 242 0.250 1
224 12 n2 n2 231 0.250 0
225 1 n4 n2 0 0.440 0
225 2 n4 n5 0 0.440 0
225 3 n4 n3 245 0.440 1
225 4 n3 n5 205 0.030 0
225 5 n3 n2 200 0.030 0
225 6 n3 n3 254 0.030 1
225 7 n5 n3 219 0.030 0
225 8 n5 n2 206 0.030 0
225 9 n5 n5 255 0.030 1
225 10 n2 n5 240 0.310 0
225 11 n2 n3 245 0.310 1
225 12 n2 n2 230 0.310 0
226 1 n4 n2 0 1.050 0
226 2 n4 n5 0 1.050 0
226 3 n4 n3 244 1.050 1
226 4 n3 n5 214 0.110 0
226 5 n3 n2 201 0.110 0
226 6 n3 n3 254 0.110 1
226 7 n5 n3 213 0.110 0
226 8 n5 n2 204 0.110 0
226 9 n5 n5 255 0.110 1
226 10 n2 n5 245 0.030 1
226 11 n2 n3 244 0.030 0
226 12 n2 n2 229 0.030 0
227 1 n4 n2 0 0.080 0
227 2 n4 n5 0 0.080 0
227 3 n4 n3 244 0.080 1
227 4 n3 n5 214 0.110 0
227 5 n3 n2 201 0.110 0
227 6 n3 n3 254 0.110 1
227 7 n5 n3 217 0.210 0
227 8 n5 n2 204 0.210 0
227 9 n5 n5 255 0.210 1
227 10 n2 n5 245 0.120 1
227 11 n2 n3 244 0.120 0
227 12 n2 n2 229 0.120 0
228 1 n4 n2 0 0.170 0
228 2 n4 n5 0 0.170 0
228 3 n4 n3 244 0.170 1
228 4 n3 n5 209 0.180 0
228 5 n3 n2 201 0.180 0
228 6 n3 n3 254 0.180 1
228 7 n5 n3 217 0.070 0
228 8 n5 n2 204 0.070 0
228 9 n5 n5 252 0.070 1
228 10 n2 n5 238 0.060 0
228 11 n2 n3 244 0.060 1
228 12 n2 n2 228 0.060 0
229 1 n4 n2 0 0.220 0
229 2 n4 n5 0 0.220 0
229 3 n4 n3 244 0.220 1
229 4 n3 n5 207 0.360 0
229 5 n3 n2 199 0.360 0
229 6 n3 n3 254 0.360 1
229 7 n5 n3 217 0.140 0
229 8 n5 n2 203 0.140 0
229 9 n5 n5 248 0.140 1
229 10 n2 n5 236 0.120 0
229 11 n2 n3 244 0.120 1
229 12 n2 n2 225 0.120 0
230 1 n4 n2 0 1.370 0
230 2 n4 n5 0 1.370 0
230 3 n4 n3 244 1.370 1
230 4 n3 n5 206 0.380 0
230 5 n3 n2 191 0.380 0
230 6 n3 n3 254 0.380 1
230 7 n5 n3 217 0.250 0
230 8 n5 n2 198 0.250 0
230 9 n5 n5 246 0.250 1
230 10 n2 n5 240 0.210 0
230 11 n2 n3 244 0.210 1
230 12 n2 n2 221 0.210 0
231 1 n4 n2 0 0.400 0
231 2 n4 n5 0 0.400 0
231 3 n4 n3 244 0.400 1
231 4 n3 n5 0 0.040 0
231 5 n3 n2 192 0.040 0
231 6 n3 n3 254 0.040 1
231 7 n5 n3 219 0.060 0
231 8 n5 n2 196 0.060 0
231 9 n5 n5 249 0.060 1
231 10 n2 n5 232 0.290 0
231 11 n2 n3 244 0.290 1
231 12 n2 n2 218 0.290 0
232 1 n4 n2 0 0.470 0
232 2 n4 n5 0 0.470 0
232 3 n4 n3 244 0.470 1
232 4 n3 n5 0 0.120 0
232 5 n3 n2 194 0.120 0
232 6 n3 n3 254 0.120 1
232 7 n5 n3 222 0.010 0
232 8 n5 n2 199 0.010 0
232 9 n5 n5 251 0.010 1
232 10 n2 n5 229 0.360 0
232 11 n2 n3 245 0.360 1
232 12 n2 n2 218 0.360 0
233 1 n4 n2 0 0.020 0
233 2 n4 n5 0 0.020 0
233 3 n4 n3 245 0.020 1
233 4 n3 n5 0 0.070 0
233 5 n3 n2 198 0.070 0
233 6 n3 n3 255 0.070 1
233 7 n5 n3 222 0.100 0
233 8 n5 n2 201 0.100 0
233 9 n5 n5 253 0.100 1
233 10 n2 n5 231 0.040 0
233 11 n2 n3 245 0.040 1
233 12 n2 n2 222 0.040 0
234 1 n4 n2 0 0.100 0
234 2 n4 n5 0 0.100 0
234 3 n4 n3 245 0.100 1
234 4 n3 n5 0 0.140 0
234 5 n3 n2 194 0.140 0
234 6 n3 n3 255 0.140 1
234 7 n5 n3 219 0.080 0
234 8 n5 n2 197 0.080 0
234 9 n5 n5 255 0.080 1
234 10 n2 n5 233 0.010 0
234 11 n2 n3 245 0.010 1
234 12 n2 n2 223 0.010 0
235 1 n4 n2 0 0.150 0
235 2 n4 n5 0 0.150 0
235 3 n4 n3 245 0.150 1
235 4 n3 n5 0 0.190 0
235 5 n3 n2 196 0.190 0
235 6 n3 n3 255 0.190 1
235 7 n5 n3 215 0.140 0
235 8 n5 n2 195 0.140 0
235 9 n5 n5 255 0.140 1
235 10 n2 n5 235 0.070 0
235 11 n2 n3 245 0.070 1
235 12 n2 n2 223 0.070 0
236 1 n4 n2 0 0.260 0
236 2 n4 n5 0 0.260 0
236 3 n4 n3 245 0.260 1
236 4 n3 n5 0 0.370 0
236 5 n3 n2 197 0.370 0
236 6 n3 n3 255 0.370 1
236 7 n5 n3 214 0.210 0
236 8 n5 n2 195 0.210 0
236 9 n5 n5 255 0.210 1
236 10 n2 n5 233 0.130 0
236 11 n2 n3 245 0.130 1
236 12 n2 n2 225 0.130 0
237 1 n4 n2 0 1.370 0
237 2 n4 n5 0 1.370 0
237 3 n4 n3 245 1.370 1
237 4 n3 n5 0 0.330 0
237 5 n3 n2 197 0.330 0
237 6 n3 n3 255 0.330 1
237 7 n5 n3 210 0.270 0
237 8 n5 n2 190 0.270 0
237 9 n5 n5 253 0.270 1
237 10 n2 n5 230 0.260 0
237 11 n2 n3 245 0.260 1
237 12 n2 n2 223 0.260 0
238 1 n4 n2 0 0.440 0
238 2 n4 n5 0 0.440 0
238 3 n4 n3 245 0.440 1
238 4 n3 n5 0 0.400 0
238 5 n3 n2 197 0.400 0
238 6 n3 n3 255 0.400 1
238 7 n5 n3 209 0.050 0
238 8 n5 n2 187 0.050 0
238 9 n5 n5 247 0.050 1
238 10 n2 n5 228 0.330 0
238 11 n2 n3 245 0.330 1
238 12 n2 n2 221 0.330 0
239 1 n4 n2 0 0.010 0
239 2 n4 n5 0 0.010 0
239 3 n4 n3 245 0.010 1
239 4 n3 n5 0 0.460 0
239 5 n3 n2 197 0.460 0
239 6 n3 n3 255 0.460 1
239 7 n5 n3 211 0.150 0
239 8 n5 n2 193 0.150 0
239 9 n5 n5 247 0.150 1
239 10 n2 n5 226 0.050 0
239 11 n2 n3 243 0.050 1
239 12 n2 n2 222 0.050 0
240 1 n4 n2 0 0.090 0
240 2 n4 n5 0 0.090 0
240 3 n4 n3 245 0.090 1
240 4 n3 n5 0 0.050 0
240 5 n3 n2 206 0.050 0
240 6 n3 n3 255 0.050 1
240 7 n5 n3 203 0.100 0
240 8 n5 n2 189 0.100 0
240 9 n5 n5 249 0.100 1
240 10 n2 n5 230 0.010 0
240 11 n2 n3 240 0.010 1
240 12 n2 n2 224 0.010 0
241 1 n4 n2 0 0.190 0
241 2 n4 n5 0 0.190 0
241 3 n4 n3 245 0.190 1
241 4 n3 n5 0 0.160 0
241 5 n3 n2 208 0.160 0
241 6 n3 n3 255 0.160 1
241 7 n5 n3 200 0.090 0
241 8 n5 n2 187 0.090 0
241 9 n5 n5 250 0.090 1
241 10 n2 n5 230 0.120 0
241 11 n2 n3 240 0.120 1
241 12 n2 n2 224 0.120 0
242 1 n4 n2 0 0.280 0
242 2 n4 n5 0 0.280 0
242 3 n4 n3 245 0.280 1
242 4 n3 n5 217 0.230 0
242 5 n3 n2 208 0.230 0
242 6 n3 n3 255 0.230 1
242 7 n5 n3 195 0.150 0
242 8 n5 n2 182 0.150 0
242 9 n5 n5 249 0.150 1
242 10 n2 n5 227 0.200 0
242 11 n2 n3 240 0.200 1
242 12 n2 n2 224 0.200 0
243 1 n4 n2 0 0.360 0
243 2 n4 n5 0 0.360 0
243 3 n4 n3 245 0.360 1
243 4 n3 n5 217 0.270 0
243 5 n3 n2 208 0.270 0
243 6 n3 n3 255 0.270 1
243 7 n5 n3 192 0.240 0
243 8 n5 n2 182 0.240 0
243 9 n5 n5 249 0.240 1
243 10 n2 n5 226 0.300 0
243 11 n2 n3 241 0.300 1
243 12 n2 n2 225 0.300 0
244 1 n4 n2 0 0.450 0
244 2 n4 n5 0 0.450 0
244 3 n4 n3 245 0.450 1
244 4 n3 n5 0 0.480 0
244 5 n3 n2 209 0.480 0
244 6 n3 n3 255 0.480 1
244 7 n5 n3 187 0.030 0
244 8 n5 n2 184 0.030 0
244 9 n5 n5 247 0.030 1
244 10 n2 n5 225 0.380 0
244 11 n2 n3 237 0.380 1
244 12 n2 n2 225 0.380 0
245 1 n4 n2 0 0.040 0
245 2 n4 n5 0 0.040 0
245 3 n4 n3 245 0.040 1
245 4 n3 n5 0 0.060 0
245 5 n3 n2 211 0.060 0
245 6 n3 n3 255 0.060 1
245 7 n5 n3 187 0.020 0
245 8 n5 n2 182 0.020 0
245 9 n5 n5 246 0.020 1
245 10 n2 n5 225 0.090 0
245 11 n2 n3 236 0.090 1
245 12 n2 n2 225 0.090 0
246 1 n4 n2 0 0.130 0
246 2 n4 n5 0 0.130 0
246 3 n4 n3 245 0.130 1
246 4 n3 n5 0 0.030 0
246 5 n3 n2 210 0.030 0
246 6 n3 n3 255 0.030 1
246 7 n5 n3 187 0.100 0
246 8 n5 n2 181 0.100 0
246 9 n5 n5 248 0.100 1
246 10 n2 n5 225 0.040 0
246 11 n2 n3 238 0.040 1
246 12 n2 n2 225 0.040 0
247 1 n4 n2 0 0.210 0
247 2 n4 n5 0 0.210 0
247 3 n4 n3 245 0.210 1
247 4 n3 n5 0 0.120 0
247 5 n3 n2 214 0.120 0
247 6 n3 n3 255 0.120 1
247 7 n5 n3 188 0.030 0
247 8 n5 n2 185 0.030 0
247 9 n5 n5 250 0.030 1
247 10 n2 n5 225 0.090 0
247 11 n2 n3 238 0.090 1
247 12 n2 n2 227 0.090 0
248 1 n4 n2 0 0.300 0
248 2 n4 n5 0 0.300 0
248 3 n4 n3 245 0.300 1
248 4 n3 n5 0 0.200 0
248 5 n3 n2 217 0.200 0
248 6 n3 n3 255 0.200 1
248 7 n5 n3 190 0.140 0
248 8 n5 n2 189 0.140 0
248 9 n5 n5 249 0.140 1
248 10 n2 n5 223 0.170 0
248 11 n2 n3 237 0.170 1
248 12 n2 n2 231 0.170 0
249 1 n4 n2 0 0.350 0
249 2 n4 n5 0 0.350 0
249 3 n4 n3 244 0.350 1
249 4 n3 n5 0 0.290 0
249 5 n3 n2 217 0.290 0
249 6 n3 n3 254 0.290 1
249 7 n5 n3 190 0.180 0
249 8 n5 n2 188 0.180 0
249 9 n5 n5 246 0.180 1
249 10 n2 n5 224 0.230 0
249 11 n2 n3 236 0.230 1
249 12 n2 n2 233 0.230 0
250 1 n4 n2 0 0.440 0
250 2 n4 n5 0 0.440 0
250 3 n4 n3 242 0.440 1
250 4 n3 n5 0 0.340 0
250 5 n3 n2 213 0.340 0
250 6 n3 n3 252 0.340 1
250 7 n5 n3 191 0.260 0
250 8 n5 n2 185 0.260 0
250 9 n5 n5 245 0.260 1
250 10 n2 n5 223 0.310 0
250 11 n2 n3 237 0.310 1
250 12 n2 n2 232 0.310 0
251 1 n4 n2 0 0.510 0
251 2 n4 n5 0 0.510 0
251 3 n4 n3 241 0.510 1
251 4 n3 n5 0 0.020 0
251 5 n3 n2 213 0.020 0
251 6 n3 n3 252 0.020 1
251 7 n5 n3 198 0.090 0
251 8 n5 n2 186 0.090 0
251 9 n5 n5 245 0.090 1
251 10 n2 n5 218 0.360 0
251 11 n2 n3 240 0.360 1
251 12 n2 n2 229 0.360 0
252 1 n4 n2 0 0.110 0
252 2 n4 n5 0 0.110 0
252 3 n4 n3 238 0.110 1
252 4 n3 n5 0 0.490 0
252 5 n3 n2 212 0.490 0
252 6 n3 n3 250 0.490 1
252 7 n5 n3 190 0.060 0
252 8 n5 n2 189 0.060 0
252 9 n5 n5 245 0.060 1
252 10 n2 n5 220 0.050 0
252 11 n2 n3 230 0.050 1
252 12 n2 n2 229 0.050 0
253 1 n4 n2 0 0.720 0
253 2 n4 n5 0 0.720 0
253 3 n4 n3 237 0.720 1
253 4 n3 n5 0 0.100 0
253 5 n3 n2 215 0.100 0
253 6 n3 n3 247 0.100 1
253 7 n5 n3 187 0.010 0
253 8 n5 n2 192 0.010 0
253 9 n5 n5 246 0.010 1
253 10 n2 n5 216 0.040 0
253 11 n2 n3 224 0.040 0
253 12 n2 n2 232 0.040 1
254 1 n4 n2 0 0.270 0
254 2 n4 n5 0 0.270 0
254 3 n4 n3 233 0.270 1
254 4 n3 n5 0 0.170 0
254 5 n3 n2 215 0.170 0
254 6 n3 n3 243 0.170 1
254 7 n5 n3 185 0.200 0
254 8 n5 n2 197 0.200 0
254 9 n5 n5 246 0.200 1
254 10 n2 n5 208 0.140 0
254 11 n2 n3 218 0.140 0
254 12 n2 n2 236 0.140 1
255 1 n4 n2 0 0.400 0
255 2 n4 n5 0 0.400 0
255 3 n4 n3 230 0.400 1
255 4 n3 n5 0 0.250 0
255 5 n3 n2 211 0.250 0
255 6 n3 n3 239 0.250 1
255 7 n5 n3 183 0.140 0
255 8 n5 n2 200 0.140 0
255 9 n5 n5 246 0.140 1
255 10 n2 n5 211 0.240 0
255 11 n2 n3 214 0.240 0
255 12 n2 n2 237 0.240 1
256 1 n4 n2 0 0.480 0
256 2 n4 n5 0 0.480 0
256 3 n4 n3 225 0.480 1
256 4 n3 n5 0 0.350 0
256 5 n3 n2 212 0.350 0
256 6 n3 n3 235 0.350 1
256 7 n5 n3 183 0.360 0
256 8 n5 n2 200 0.360 0
256 9 n5 n5 248 0.360 1
256 10 n2 n5 217 0.340 0
256 11 n2 n3 211 0.340 0
256 12 n2 n2 237 0.340 1
257 1 n4 n2 0 0.400 0
257 2 n4 n5 195 0.400 0
257 3 n4 n3 222 0.400 1
257 4 n3 n5 199 0.040 0
257 5 n3 n2 210 0.040 0
257 6 n3 n3 234 0.040 1
257 7 n5 n3 0 0.020 0
257 8 n5 n2 200 0.020 0
257 9 n5 n5 251 0.020 1
257 10 n2 n5 221 0.010 0
257 11 n2 n3 211 0.010 0
257 12 n2 n2 236 0.010 1
258 1 n4 n2 0 0.130 0
258 2 n4 n5 188 0.130 0
258 3 n4 n3 217 0.130 1
258 4 n3 n5 199 0.010 0
258 5 n3 n2 206 0.010 0
258 6 n3 n3 236 0.010 1
258 7 n5 n3 0 0.020 0
258 8 n5 n2 197 0.020 0
258 9 n5 n5 253 0.020 1
258 10 n2 n5 223 0.500 0
258 11 n2 n3 211 0.500 0
258 12 n2 n2 235 0.500 1
259 1 n4 n2 0 0.220 0
259 2 n4 n5 180 0.220 0
259 3 n4 n3 210 0.220 1
259 4 n3 n5 199 0.100 0
259 5 n3 n2 211 0.100 0
259 6 n3 n3 236 0.100 1
259 7 n5 n3 0 0.110 0
259 8 n5 n2 202 0.110 0
259 9 n5 n5 255 0.110 1
259 10 n2 n5 223 0.100 0
259 11 n2 n3 215 0.100 0
259 12 n2 n2 238 0.100 1
260 1 n4 n2 0 0.850 0
260 2 n4 n5 174 0.850 0
260 3 n4 n3 206 0.850 1
260 4 n3 n5 211 0.050 0
260 5 n3 n2 216 0.050 0
260 6 n3 n3 234 0.050 1
260 7 n5 n3 0 0.160 0
260 8 n5 n2 205 0.160 0
260 9 n5 n5 254 0.160 1
260 10 n2 n5 231 0.150 0
260 11 n2 n3 216 0.150 0
260 12 n2 n2 243 0.150 1
261 1 n4 n2 0 0.390 0
261 2 n4 n5 174 0.390 0
261 3 n4 n3 206 0.390 1
261 4 n3 n5 209 0.120 0
261 5 n3 n2 220 0.120 0
261 6 n3 n3 232 0.120 1
261 7 n5 n3 0 0.220 0
261 8 n5 n2 207 0.220 0
261 9 n5 n5 252 0.220 1
261 10 n2 n5 236 0.220 0
261 11 n2 n3 220 0.220 0
261 12 n2 n2 244 0.220 1
262 1 n4 n2 0 0.280 0
262 2 n4 n5 183 0.280 0
262 3 n4 n3 206 0.280 1
262 4 n3 n5 203 0.420 0
262 5 n3 n2 216 0.420 0
262 6 n3 n3 232 0.420 1
262 7 n5 n3 0 0.310 0
262 8 n5 n2 206 0.310 0
262 9 n5 n5 250 0.310 1
262 10 n2 n5 234 0.280 0
262 11 n2 n3 224 0.280 0
262 12 n2 n2 242 0.280 1
263 1 n4 n2 0 0.350 0
263 2 n4 n5 178 0.350 0
263 3 n4 n3 207 0.350 1
263 4 n3 n5 203 0.010 0
263 5 n3 n2 225 0.010 0
263 6 n3 n3 235 0.010 1
263 7 n5 n3 0 0.380 0
263 8 n5 n2 210 0.380 0
263 9 n5 n5 250 0.380 1
263 10 n2 n5 230 0.350 0
263 11 n2 n3 224 0.350 0
263 12 n2 n2 248 0.350 1
264 1 n4 n2 0 0.060 0
264 2 n4 n5 175 0.060 0
264 3 n4 n3 205 0.060 1
264 4 n3 n5 200 0.090 0
264 5 n3 n2 229 0.090 0
264 6 n3 n3 236 0.090 1
264 7 n5 n3 0 0.030 0
264 8 n5 n2 216 0.030 0
264 9 n5 n5 250 0.030 1
264 10 n2 n5 226 0.040 0
264 11 n2 n3 223 0.040 0
264 12 n2 n2 252 0.040 1
265 1 n4 n2 0 0.150 0
265 2 n4 n5 175 0.150 0
265 3 n4 n3 206 0.150 1
265 4 n3 n5 201 0.030 0
265 5 n3 n2 229 0.030 0
265 6 n3 n3 238 0.030 1
265 7 n5 n3 0 0.110 0
265 8 n5 n2 214 0.110 0
265 9 n5 n5 250 0.110 1
265 10 n2 n5 232 0.120 0
265 11 n2 n3 224 0.120 0
265 12 n2 n2 251 0.120 1
266 1 n4 n2 0 0.030 0
266 2 n4 n5 183 0.030 0
266 3 n4 n3 208 0.030 1
266 4 n3 n5 0 0.130 0
266 5 n3 n2 229 0.130 0
266 6 n3 n3 240 0.130 1
266 7 n5 n3 0 0.080 0
266 8 n5 n2 206 0.080 0
266 9 n5 n5 252 0.080 1
266 10 n2 n5 238 0.080 0
266 11 n2 n3 225 0.080 0
266 12 n2 n2 251 0.080 1
267 1 n4 n2 0 0.260 0
267 2 n4 n5 183 0.260 0
267 3 n4 n3 207 0.260 1
267 4 n3 n5 211 0.210 0
267 5 n3 n2 229 0.210 0
267 6 n3 n3 241 0.210 1
267 7 n5 n3 0 0.160 0
267 8 n5 n2 204 0.160 0
267 9 n5 n5 254 0.160 1
267 10 n2 n5 240 0.190 0
267 11 n2 n3 225 0.190 0
267 12 n2 n2 253 0.190 1
268 1 n4 n2 0 0.170 0
268 2 n4 n5 178 0.170 0
268 3 n4 n3 205 0.170 1
268 4 n3 n5 213 0.170 0
268 5 n3 n2 227 0.170 0
268 6 n3 n3 241 0.170 1
268 7 n5 n3 0 0.340 0
268 8 n5 n2 202 0.340 0
268 9 n5 n5 255 0.340 1
268 10 n2 n5 241 0.280 0
268 11 n2 n3 228 0.280 0
268 12 n2 n2 255 0.280 1
269 1 n4 n2 0 0.250 0
269 2 n4 n5 176 0.250 0
269 3 n4 n3 203 0.250 1
269 4 n3 n5 210 0.250 0
269 5 n3 n2 229 0.250 0
269 6 n3 n3 240 0.250 1
269 7 n5 n3 0 0.430 0
269 8 n5 n2 201 0.430 0
269 9 n5 n5 253 0.430 1
269 10 n2 n5 237 0.320 0
269 11 n2 n3 220 0.320 0
269 12 n2 n2 253 0.320 1
270 1 n4 n2 0 0.010 0
270 2 n4 n5 175 0.010 0
270 3 n4 n3 197 0.010 1
270 4 n3 n5 208 0.110 0
270 5 n3 n2 229 0.110 0
270 6 n3 n3 236 0.110 1
270 7 n5 n3 0 0.020 0
270 8 n5 n2 212 0.020 0
270 9 n5 n5 250 0.020 1
270 10 n2 n5 234 0.090 0
270 11 n2 n3 217 0.090 0
270 12 n2 n2 251 0.090 1
271 1 n4 n2 0 0.060 0
271 2 n4 n5 175 0.060 0
271 3 n4 n3 197 0.060 1
271 4 n3 n5 204 0.170 0
271 5 n3 n2 226 0.170 0
271 6 n3 n3 234 0.170 1
271 7 n5 n3 0 0.090 0
271 8 n5 n2 215 0.090 0
271 9 n5 n5 252 0.090 1
271 10 n2 n5 232 0.040 0
271 11 n2 n3 215 0.040 0
271 12 n2 n2 250 0.040 1
272 1 n4 n2 0 0.150 0
272 2 n4 n5 0 0.150 0
272 3 n4 n3 196 0.150 1
272 4 n3 n5 202 0.260 0
272 5 n3 n2 222 0.260 0
272 6 n3 n3 234 0.260 1
272 7 n5 n3 0 0.190 0
272 8 n5 n2 215 0.190 0
272 9 n5 n5 252 0.190 1
272 10 n2 n5 230 0.170 0
272 11 n2 n3 217 0.170 0
272 12 n2 n2 248 0.170 1
273 1 n4 n2 0 0.250 0
273 2 n4 n5 0 0.250 0
273 3 n4 n3 195 0.250 1
273 4 n3 n5 200 0.190 0
273 5 n3 n2 220 0.190 0
273 6 n3 n3 233 0.190 1
273 7 n5 n3 0 0.130 0
273 8 n5 n2 219 0.130 0
273 9 n5 n5 253 0.130 1
273 10 n2 n5 230 0.260 0
273 11 n2 n3 217 0.260 0
273 12 n2 n2 247 0.260 1
274 1 n4 n2 0 0.140 0
274 2 n4 n5 170 0.140 0
274 3 n4 n3 194 0.140 1
274 4 n3 n5 200 0.140 0
274 5 n3 n2 220 0.140 0
274 6 n3 n3 230 0.140 1
274 7 n5 n3 0 0.210 0
274 8 n5 n2 219 0.210 0
274 9 n5 n5 254 0.210 1
274 10 n2 n5 232 0.340 0
274 11 n2 n3 215 0.340 0
274 12 n2 n2 250 0.340 1
275 1 n4 n2 0 0.200 0
275 2 n4 n5 171 0.200 0
275 3 n4 n3 194 0.200 1
275 4 n3 n5 200 0.200 0
275 5 n3 n2 220 0.200 0
275 6 n3 n3 229 0.200 1
275 7 n5 n3 0 0.290 0
275 8 n5 n2 219 0.290 0
275 9 n5 n5 255 0.290 1
275 10 n2 n5 232 0.050 0
275 11 n2 n3 214 0.050 0
275 12 n2 n2 249 0.050 1
276 1 n4 n2 0 0.230 0
276 2 n4 n5 172 0.230 0
276 3 n4 n3 192 0.230 1
276 4 n3 n5 202 0.230 0
276 5 n3 n2 222 0.230 0
276 6 n3 n3 228 0.230 1
276 7 n5 n3 0 0.370 0
276 8 n5 n2 219 0.370 0
276 9 n5 n5 255 0.370 1
276 10 n2 n5 230 0.010 0
276 11 n2 n3 210 0.010 0
276 12 n2 n2 248 0.010 1
277 1 n4 n2 0 0.010 0
277 2 n4 n5 167 0.010 0
277 3 n4 n3 188 0.010 1
277 4 n3 n5 200 0.020 0
277 5 n3 n2 222 0.020 0
277 6 n3 n3 224 0.020 1
277 7 n5 n3 0 0.030 0
277 8 n5 n2 219 0.030 0
277 9 n5 n5 255 0.030 1
277 10 n2 n5 223 0.100 0
277 11 n2 n3 206 0.100 0
277 12 n2 n2 248 0.100 1
278 1 n4 n2 189 0.060 1
278 2 n4 n5 163 0.060 0
278 3 n4 n3 186 0.060 0
278 4 n3 n5 197 0.070 0
278 5 n3 n2 224 0.070 1
278 6 n3 n3 222 0.070 0
278 7 n5 n3 0 0.080 0
278 8 n5 n2 223 0.080 0
278 9 n5 n5 255 0.080 1
278 10 n2 n5 217 0.200 0
278 11 n2 n3 201 0.200 0
278 12 n2 n2 248 0.200 1
279 1 n4 n2 187 0.100 1
279 2 n4 n5 162 0.100 0
279 3 n4 n3 182 0.100 0
279 4 n3 n5 197 0.040 0
279 5 n3 n2 225 0.040 1
279 6 n3 n3 218 0.040 0
279 7 n5 n3 0 0.030 0
279 8 n5 n2 228 0.030 0
279 9 n5 n5 255 0.030 1
279 10 n2 n5 217 0.240 0
279 11 n2 n3 193 0.240 0
279 12 n2 n2 251 0.240 1
280 1 n4 n2 186 0.070 1
280 2 n4 n5 0 0.070 0
280 3 n4 n3 178 0.070 0
280 4 n3 n5 0 0.080 0
280 5 n3 n2 222 0.080 1
280 6 n3 n3 214 0.080 0
280 7 n5 n3 0 0.110 0
280 8 n5 n2 224 0.110 0
280 9 n5 n5 255 0.110 1
280 10 n2 n5 215 0.440 0
280 11 n2 n3 191 0.440 0
280 12 n2 n2 250 0.440 1
281 1 n4 n2 186 0.650 1
281 2 n4 n5 0 0.650 0
281 3 n4 n3 176 0.650 0
281 4 n3 n5 0 0.150 0
281 5 n3 n2 220 0.150 1
281 6 n3 n3 212 0.150 0
281 7 n5 n3 0 0.270 0
281 8 n5 n2 222 0.270 0
281 9 n5 n5 255 0.270 1
281 10 n2 n5 0 0.360 0
281 11 n2 n3 191 0.360 0
281 12 n2 n2 248 0.360 1
282 1 n4 n2 185 0.300 1
282 2 n4 n5 0 0.300 0
282 3 n4 n3 182 0.300 0
282 4 n3 n5 0 0.220 0
282 5 n3 n2 217 0.220 1
282 6 n3 n3 213 0.220 0
282 7 n5 n3 0 0.220 0
282 8 n5 n2 222 0.220 0
282 9 n5 n5 255 0.220 1
282 10 n2 n5 219 0.040 0
282 11 n2 n3 196 0.040 0
282 12 n2 n2 244 0.040 1
283 1 n4 n2 185 0.260 0
283 2 n4 n5 173 0.260 0
283 3 n4 n3 186 0.260 1
283 4 n3 n5 194 0.160 0
283 5 n3 n2 216 0.160 0
283 6 n3 n3 217 0.160 1
283 7 n5 n3 0 0.370 0
283 8 n5 n2 220 0.370 0
283 9 n5 n5 255 0.370 1
283 10 n2 n5 221 0.000 0
283 11 n2 n3 202 0.000 0
283 12 n2 n2 244 0.000 1
284 1 n4 n2 185 0.010 0
284 2 n4 n5 172 0.010 0
284 3 n4 n3 193 0.010 1
284 4 n3 n5 194 0.010 0
284 5 n3 n2 220 0.010 0
284 6 n3 n3 221 0.010 1
284 7 n5 n3 0 0.490 0
284 8 n5 n2 219 0.490 0
284 9 n5 n5 255 0.490 1
284 10 n2 n5 223 0.130 0
284 11 n2 n3 203 0.130 0
284 12 n2 n2 245 0.130 1
285 1 n4 n2 0 0.070 0
285 2 n4 n5 172 0.070 0
285 3 n4 n3 195 0.070 1
285 4 n3 n5 198 0.090 0
285 5 n3 n2 218 0.090 0
285 6 n3 n3 224 0.090 1
285 7 n5 n3 0 0.050 0
285 8 n5 n2 217 0.050 0
285 9 n5 n5 255 0.050 1
285 10 n2 n5 221 0.210 0
285 11 n2 n3 206 0.210 0
285 12 n2 n2 245 0.210 1
286 1 n4 n2 0 0.450 0
286 2 n4 n5 169 0.450 0
286 3 n4 n3 195 0.450 1
286 4 n3 n5 197 0.040 0
286 5 n3 n2 218 0.040 0
286 6 n3 n3 226 0.040 1
286 7 n5 n3 0 0.010 0
286 8 n5 n2 217 0.010 0
286 9 n5 n5 255 0.010 1
286 10 n2 n5 218 0.310 0
286 11 n2 n3 206 0.310 0
286 12 n2 n2 245 0.310 1
287 1 n4 n2 0 1.030 0
287 2 n4 n5 169 1.030 0
287 3 n4 n3 195 1.030 1
287 4 n3 n5 198 0.520 0
287 5 n3 n2 219 0.520 0
287 6 n3 n3 226 0.520 1
287 7 n5 n3 0 0.110 0
287 8 n5 n2 217 0.110 0
287 9 n5 n5 255 0.110 1
287 10 n2 n5 219 0.360 0
287 11 n2 n3 202 0.360 0
287 12 n2 n2 244 0.360 1
288 1 n4 n2 0 0.290 0
288 2 n4 n5 177 0.290 0
288 3 n4 n3 198 0.290 1
288 4 n3 n5 201 0.080 0
288 5 n3 n2 221 0.080 0
288 6 n3 n3 228 0.080 1
288 7 n5 n3 0 0.170 0
288 8 n5 n2 217 0.170 0
288 9 n5 n5 255 0.170 1
288 10 n2 n5 220 0.050 0
288 11 n2 n3 210 0.050 0
288 12 n2 n2 240 0.050 1
289 1 n4 n2 0 0.110 0
289 2 n4 n5 183 0.110 0
289 3 n4 n3 204 0.110 1
289 4 n3 n5 200 0.210 0
289 5 n3 n2 220 0.210 0
289 6 n3 n3 231 0.210 1
289 7 n5 n3 0 0.370 0
289 8 n5 n2 217 0.370 0
289 9 n5 n5 255 0.370 1
289 10 n2 n5 223 0.020 0
289 11 n2 n3 213 0.020 0
289 12 n2 n2 237 0.020 1
290 1 n4 n2 0 0.170 0
290 2 n4 n5 183 0.170 0
290 3 n4 n3 205 0.170 1
290 4 n3 n5 201 0.010 0
290 5 n3 n2 220 0.010 0
290 6 n3 n3 227 0.010 1
290 7 n5 n3 0 0.470 0
290 8 n5 n2 219 0.470 0
290 9 n5 n5 255 0.470 1
290 10 n2 n5 223 0.090 0
290 11 n2 n3 207 0.090 0
290 12 n2 n2 235 0.090 1
291 1 n4 n2 0 0.240 0
291 2 n4 n5 183 0.240 0
291 3 n4 n3 202 0.240 1
291 4 n3 n5 207 0.090 0
291 5 n3 n2 218 0.090 0
291 6 n3 n3 224 0.090 1
291 7 n5 n3 0 0.030 0
291 8 n5 n2 214 0.030 0
291 9 n5 n5 255 0.030 1
291 10 n2 n5 228 0.180 0
291 11 n2 n3 203 0.180 0
291 12 n2 n2 235 0.180 1
292 1 n4 n2 0 0.040 0
292 2 n4 n5 183 0.040 0
292 3 n4 n3 196 0.040 1
292 4 n3 n5 203 0.050 0
292 5 n3 n2 212 0.050 0
292 6 n3 n3 222 0.050 1
292 7 n5 n3 0 0.100 0
292 8 n5 n2 214 0.100 0
292 9 n5 n5 255 0.100 1
292 10 n2 n5 228 0.260 0
292 11 n2 n3 201 0.260 0
292 12 n2 n2 233 0.260 1
293 1 n4 n2 0 0.100 0
293 2 n4 n5 187 0.100 0
293 3 n4 n3 197 0.100 1
293 4 n3 n5 206 0.020 0
293 5 n3 n2 214 0.020 0
293 6 n3 n3 222 0.020 1
293 7 n5 n3 0 0.100 0
293 8 n5 n2 217 0.100 0
293 9 n5 n5 255 0.100 1
293 10 n2 n5 229 0.340 0
293 11 n2 n3 203 0.340 0
293 12 n2 n2 232 0.340 1
294 1 n4 n2 0 0.190 0
294 2 n4 n5 187 0.190 0
294 3 n4 n3 198 0.190 1
294 4 n3 n5 205 0.100 0
294 5 n3 n2 220 0.100 0
294 6 n3 n3 222 0.100 1
294 7 n5 n3 0 0.160 0
294 8 n5 n2 225 0.160 0
294 9 n5 n5 255 0.160 1
294 10 n2 n5 228 0.010 0
294 11 n2 n3 205 0.010 0
294 12 n2 n2 234 0.010 1
295 1 n4 n2 0 0.050 0
295 2 n4 n5 180 0.050 0
295 3 n4 n3 197 0.050 1
295 4 n3 n5 202 0.190 0
295 5 n3 n2 220 0.190 0
295 6 n3 n3 221 0.190 1
295 7 n5 n3 0 0.230 0
295 8 n5 n2 229 0.230 0
295 9 n5 n5 255 0.230 1
295 10 n2 n5 224 0.110 0
295 11 n2 n3 204 0.110 0
295 12 n2 n2 237 0.110 1
296 1 n4 n2 0 0.110 0
296 2 n4 n5 174 0.110 0
296 3 n4 n3 195 0.110 1
296 4 n3 n5 199 0.240 0
296 5 n3 n2 220 0.240 0
296 6 n3 n3 222 0.240 1
296 7 n5 n3 0 0.280 0
296 8 n5 n2 231 0.280 0
296 9 n5 n5 255 0.280 1
296 10 n2 n5 218 0.060 0
296 11 n2 n3 205 0.060 0
296 12 n2 n2 238 0.060 1
297 1 n4 n2 0 0.200 0
297 2 n4 n5 171 0.200 0
297 3 n4 n3 195 0.200 1
297 4 n3 n5 198 0.020 0
297 5 n3 n2 220 0.020 0
297 6 n3 n3 224 0.020 1
297 7 n5 n3 0 0.370 0
297 8 n5 n2 231 0.370 0
297 9 n5 n5 255 0.370 1
297 10 n2 n5 217 0.120 0
297 11 n2 n3 208 0.120 0
297 12 n2 n2 240 0.120 1
298 1 n4 n2 0 0.050 0
298 2 n4 n5 175 0.050 0
298 3 n4 n3 199 0.050 1
298 4 n3 n5 196 0.020 0
298 5 n3 n2 221 0.020 0
298 6 n3 n3 225 0.020 1
298 7 n5 n3 0 0.110 0
298 8 n5 n2 236 0.110 0
298 9 n5 n5 255 0.110 1
298 10 n2 n5 215 0.250 0
298 11 n2 n3 209 0.250 0
298 12 n2 n2 242 0.250 1
299 1 n4 n2 0 0.150 0
299 2 n4 n5 177 0.150 0
299 3 n4 n3 200 0.150 1
299 4 n3 n5 194 0.090 0
299 5 n3 n2 214 0.090 0
299 6 n3 n3 225 0.090 1
299 7 n5 n3 0 0.080 0
299 8 n5 n2 225 0.080 0
299 9 n5 n5 255 0.080 1
299 10 n2 n5 216 0.300 0
299 11 n2 n3 208 0.300 0
299 12 n2 n2 238 0.300 1
300 1 n4 n2 0 0.230 0
300 2 n4 n5 178 0.230 0
300 3 n4 n3 200 0.230 1
300 4 n3 n5 200 0.100 0
300 5 n3 n2 212 0.100 0
300 6 n3 n3 227 0.100 1
300 7 n5 n3 0 0.120 0
300 8 n5 n2 223 0.120 0
300 9 n5 n5 255 0.120 1
300 10 n2 n5 219 0.390 0
300 11 n2 n3 211 0.390 0
300 12 n2 n2 235 0.390 1
