1 1 n4 n1 0 0.220 0
1 2 n4 n5 0 0.220 0
1 3 n4 n3 234 0.220 1
1 4 n3 n5 0 0.230 0
1 5 n3 n1 181 0.230 0
1 6 n3 n3 247 0.230 1
1 7 n5 n3 205 0.110 0
1 8 n5 n1 204 0.110 0
1 9 n5 n5 255 0.110 1
1 10 n1 n5 245 0.300 1
1 11 n1 n3 222 0.300 0
1 12 n1 n1 217 0.300 0
2 1 n4 n1 0 0.060 0
2 2 n4 n5 0 0.060 0
2 3 n4 n3 233 0.060 1
2 4 n3 n5 0 0.110 0
2 5 n3 n1 184 0.110 0
2 6 n3 n3 246 0.110 1
2 7 n5 n3 195 0.120 0
2 8 n5 n1 204 0.120 0
2 9 n5 n5 255 0.120 1
2 10 n1 n5 245 0.180 1
2 11 n1 n3 213 0.180 0
2 12 n1 n1 218 0.180 0
3 1 n4 n1 0 0.160 0
3 2 n4 n5 0 0.160 0
3 3 n4 n3 233 0.160 1
3 4 n3 n5 0 0.200 0
3 5 n3 n1 186 0.200 0
3 6 n3 n3 246 0.200 1
3 7 n5 n3 195 0.050 0
3 8 n5 n1 204 0.050 0
3 9 n5 n5 255 0.050 1
3 10 n1 n5 245 0.250 1
3 11 n1 n3 215 0.250 0
3 12 n1 n1 219 0.250 0
4 1 n4 n1 0 0.210 0
4 2 n4 n5 0 0.210 0
4 3 n4 n3 235 0.210 1
4 4 n3 n5 0 0.320 0
4 5 n3 n1 191 0.320 0
4 6 n3 n3 247 0.320 1
4 7 n5 n3 0 0.150 0
4 8 n5 n1 208 0.150 0
4 9 n5 n5 255 0.150 1
4 10 n1 n5 245 0.340 1
4 11 n1 n3 215 0.340 0
4 12 n1 n1 221 0.340 0
5 1 n4 n1 0 0.290 0
5 2 n4 n5 0 0.290 0
5 3 n4 n3 238 0.290 1
5 4 n3 n5 0 0.380 0
5 5 n3 n1 189 0.380 0
5 6 n3 n3 247 0.380 1
5 7 n5 n3 0 0.220 0
5 8 n5 n1 206 0.220 0
5 9 n5 n5 255 0.220 1
5 10 n1 n5 245 0.400 1
5 11 n1 n3 219 0.400 0
5 12 n1 n1 223 0.400 0
6 1 n4 n1 0 0.370 0
6 2 n4 n5 0 0.370 0
6 3 n4 n3 240 0.370 1
6 4 n3 n5 0 0.070 0
6 5 n3 n1 185 0.070 0
6 6 n3 n3 247 0.070 1
6 7 n5 n3 0 0.330 0
6 8 n5 n1 206 0.330 0
6 9 n5 n5 254 0.330 1
6 10 n1 n5 245 0.060 1
6 11 n1 n3 223 0.060 0
6 12 n1 n1 224 0.060 0
7 1 n4 n1 0 0.430 0
7 2 n4 n5 0 0.430 0
7 3 n4 n3 239 0.430 1
7 4 n3 n5 0 0.050 0
7 5 n3 n1 185 0.050 0
7 6 n3 n3 246 0.050 1
7 7 n5 n3 0 0.370 0
7 8 n5 n1 205 0.370 0
7 9 n5 n5 252 0.370 1
7 10 n1 n5 241 0.030 1
7 11 n1 n3 220 0.030 0
7 12 n1 n1 225 0.030 0
8 1 n4 n1 0 0.500 0
8 2 n4 n5 0 0.500 0
8 3 n4 n3 238 0.500 1
8 4 n3 n5 0 0.130 0
8 5 n3 n1 183 0.130 0
8 6 n3 n3 244 0.130 1
8 7 n5 n3 0 0.060 0
8 8 n5 n1 203 0.060 0
8 9 n5 n5 251 0.060 1
8 10 n1 n5 241 0.080 1
8 11 n1 n3 218 0.080 0
8 12 n1 n1 224 0.080 0
9 1 n4 n1 0 0.090 0
9 2 n4 n5 0 0.090 0
9 3 n4 n3 237 0.090 1
9 4 n3 n5 0 0.240 0
9 5 n3 n1 179 0.240 0
9 6 n3 n3 243 0.240 1
9 7 n5 n3 0 0.070 0
9 8 n5 n1 193 0.070 0
9 9 n5 n5 251 0.070 1
9 10 n1 n5 241 0.160 1
9 11 n1 n3 212 0.160 0
9 12 n1 n1 221 0.160 0
10 1 n4 n1 0 0.160 0
10 2 n4 n5 0 0.160 0
10 3 n4 n3 237 0.160 1
10 4 n3 n5 0 0.330 0
10 5 n3 n1 177 0.330 0
10 6 n3 n3 243 0.330 1
10 7 n5 n3 0 0.280 0
10 8 n5 n1 184 0.280 0
10 9 n5 n5 251 0.280 1
10 10 n1 n5 241 0.240 1
10 11 n1 n3 210 0.240 0
10 12 n1 n1 212 0.240 0
11 1 n4 n1 0 0.220 0
11 2 n4 n5 0 0.220 0
11 3 n4 n3 237 0.220 1
11 4 n3 n5 0 0.400 0
11 5 n3 n1 174 0.400 0
11 6 n3 n3 243 0.400 1
11 7 n5 n3 0 0.250 0
11 8 n5 n1 179 0.250 0
11 9 n5 n5 251 0.250 1
11 10 n1 n5 241 0.310 1
11 11 n1 n3 206 0.310 0
11 12 n1 n1 204 0.310 0
12 1 n4 n1 0 0.310 0
12 2 n4 n5 0 0.310 0
12 3 n4 n3 237 0.310 1
12 4 n3 n5 0 0.060 0
12 5 n3 n1 179 0.060 0
12 6 n3 n3 243 0.060 1
12 7 n5 n3 0 0.320 0
12 8 n5 n1 181 0.320 0
12 9 n5 n5 251 0.320 1
12 10 n1 n5 241 0.370 1
12 11 n1 n3 204 0.370 0
12 12 n1 n1 204 0.370 0
13 1 n4 n1 0 0.400 0
13 2 n4 n5 0 0.400 0
13 3 n4 n3 237 0.400 1
13 4 n3 n5 0 0.040 0
13 5 n3 n1 181 0.040 0
13 6 n3 n3 243 0.040 1
13 7 n5 n3 0 0.020 0
13 8 n5 n1 183 0.020 0
13 9 n5 n5 251 0.020 1
13 10 n1 n5 241 0.050 1
13 11 n1 n3 205 0.050 0
13 12 n1 n1 209 0.050 0
14 1 n4 n1 0 0.480 0
14 2 n4 n5 0 0.480 0
14 3 n4 n3 237 0.480 1
14 4 n3 n5 0 0.220 0
14 5 n3 n1 181 0.220 0
14 6 n3 n3 243 0.220 1
14 7 n5 n3 0 0.070 0
14 8 n5 n1 186 0.070 0
14 9 n5 n5 251 0.070 1
14 10 n1 n5 241 0.520 1
14 11 n1 n3 208 0.520 0
14 12 n1 n1 210 0.520 0
15 1 n4 n1 0 0.040 0
15 2 n4 n5 0 0.040 0
15 3 n4 n3 237 0.040 1
15 4 n3 n5 0 0.210 0
15 5 n3 n1 186 0.210 0
15 6 n3 n3 243 0.210 1
15 7 n5 n3 0 0.060 0
15 8 n5 n1 194 0.060 0
15 9 n5 n5 251 0.060 1
15 10 n1 n5 241 0.090 1
15 11 n1 n3 218 0.090 0
15 12 n1 n1 216 0.090 0
16 1 n4 n1 0 0.110 0
16 2 n4 n5 0 0.110 0
16 3 n4 n3 237 0.110 1
16 4 n3 n5 0 0.270 0
16 5 n3 n1 190 0.270 0
16 6 n3 n3 243 0.270 1
16 7 n5 n3 0 0.130 0
16 8 n5 n1 196 0.130 0
16 9 n5 n5 251 0.130 1
16 10 n1 n5 241 0.150 1
16 11 n1 n3 218 0.150 0
16 12 n1 n1 222 0.150 0
17 1 n4 n1 0 0.200 0
17 2 n4 n5 0 0.200 0
17 3 n4 n3 237 0.200 1
17 4 n3 n5 0 0.350 0
17 5 n3 n1 194 0.350 0
17 6 n3 n3 243 0.350 1
17 7 n5 n3 0 0.210 0
17 8 n5 n1 198 0.210 0
17 9 n5 n5 251 0.210 1
17 10 n1 n5 241 0.290 1
17 11 n1 n3 217 0.290 0
17 12 n1 n1 225 0.290 0
18 1 n4 n1 0 0.280 0
18 2 n4 n5 0 0.280 0
18 3 n4 n3 236 0.280 1
18 4 n3 n5 0 0.020 0
18 5 n3 n1 198 0.020 0
18 6 n3 n3 242 0.020 1
18 7 n5 n3 0 0.310 0
18 8 n5 n1 199 0.310 0
18 9 n5 n5 251 0.310 1
18 10 n1 n5 241 0.010 1
18 11 n1 n3 216 0.010 0
18 12 n1 n1 226 0.010 0
19 1 n4 n1 0 0.360 0
19 2 n4 n5 0 0.360 0
19 3 n4 n3 234 0.360 1
19 4 n3 n5 0 0.090 0
19 5 n3 n1 200 0.090 0
19 6 n3 n3 240 0.090 1
19 7 n5 n3 0 0.000 0
19 8 n5 n1 197 0.000 0
19 9 n5 n5 248 0.000 1
19 10 n1 n5 238 0.070 1
19 11 n1 n3 216 0.070 0
19 12 n1 n1 224 0.070 0
20 1 n4 n1 0 0.460 0
20 2 n4 n5 0 0.460 0
20 3 n4 n3 233 0.460 1
20 4 n3 n5 0 0.070 0
20 5 n3 n1 190 0.070 0
20 6 n3 n3 239 0.070 1
20 7 n5 n3 0 0.100 0
20 8 n5 n1 191 0.100 0
20 9 n5 n5 247 0.100 1
20 10 n1 n5 237 0.020 1
20 11 n1 n3 216 0.020 0
20 12 n1 n1 222 0.020 0
21 1 n4 n1 0 0.010 0
21 2 n4 n5 0 0.010 0
21 3 n4 n3 233 0.010 1
21 4 n3 n5 0 0.220 0
21 5 n3 n1 192 0.220 0
21 6 n3 n3 240 0.220 1
21 7 n5 n3 0 0.070 0
21 8 n5 n1 196 0.070 0
21 9 n5 n5 246 0.070 1
21 10 n1 n5 236 0.090 1
21 11 n1 n3 216 0.090 0
21 12 n1 n1 224 0.090 0
22 1 n4 n1 0 0.100 0
22 2 n4 n5 0 0.100 0
22 3 n4 n3 232 0.100 1
22 4 n3 n5 0 0.290 0
22 5 n3 n1 195 0.290 0
22 6 n3 n3 241 0.290 1
22 7 n5 n3 0 0.190 0
22 8 n5 n1 200 0.190 0
22 9 n5 n5 245 0.190 1
22 10 n1 n5 233 0.180 1
22 11 n1 n3 214 0.180 0
22 12 n1 n1 228 0.180 0
23 1 n4 n1 0 0.180 0
23 2 n4 n5 195 0.180 0
23 3 n4 n3 230 0.180 1
23 4 n3 n5 0 0.250 0
23 5 n3 n1 202 0.250 0
23 6 n3 n3 240 0.250 1
23 7 n5 n3 0 0.270 0
23 8 n5 n1 200 0.270 0
23 9 n5 n5 242 0.270 1
23 10 n1 n5 227 0.240 1
23 11 n1 n3 209 0.240 0
23 12 n1 n1 229 0.240 0
24 1 n4 n1 0 0.050 0
24 2 n4 n5 192 0.050 0
24 3 n4 n3 229 0.050 1
24 4 n3 n5 0 0.300 0
24 5 n3 n1 196 0.300 0
24 6 n3 n3 239 0.300 1
24 7 n5 n3 0 0.350 0
24 8 n5 n1 195 0.350 0
24 9 n5 n5 240 0.350 1
24 10 n1 n5 228 0.330 1
24 11 n1 n3 207 0.330 0
24 12 n1 n1 224 0.330 0
25 1 n4 n1 0 0.340 0
25 2 n4 n5 191 0.340 0
25 3 n4 n3 229 0.340 1
25 4 n3 n5 0 0.380 0
25 5 n3 n1 191 0.380 0
25 6 n3 n3 239 0.380 1
25 7 n5 n3 0 0.020 0
25 8 n5 n1 195 0.020 0
25 9 n5 n5 241 0.020 1
25 10 n1 n5 227 0.390 1
25 11 n1 n3 209 0.390 0
25 12 n1 n1 223 0.390 0
26 1 n4 n1 0 0.430 0
26 2 n4 n5 193 0.430 0
26 3 n4 n3 229 0.430 1
26 4 n3 n5 0 0.040 0
26 5 n3 n1 194 0.040 0
26 6 n3 n3 239 0.040 1
26 7 n5 n3 0 0.100 0
26 8 n5 n1 200 0.100 0
26 9 n5 n5 241 0.100 1
26 10 n1 n5 227 0.030 1
26 11 n1 n3 209 0.030 0
26 12 n1 n1 225 0.030 0
27 1 n4 n1 0 0.510 0
27 2 n4 n5 0 0.510 0
27 3 n4 n3 229 0.510 1
27 4 n3 n5 0 0.100 0
27 5 n3 n1 198 0.100 0
27 6 n3 n3 239 0.100 1
27 7 n5 n3 0 0.050 0
27 8 n5 n1 204 0.050 0
27 9 n5 n5 242 0.050 1
27 10 n1 n5 227 0.110 0
27 11 n1 n3 207 0.110 0
27 12 n1 n1 228 0.110 1
28 1 n4 n1 0 0.050 0
28 2 n4 n5 0 0.050 0
28 3 n4 n3 227 0.050 1
28 4 n3 n5 0 0.080 0
28 5 n3 n1 208 0.080 0
28 6 n3 n3 239 0.080 1
28 7 n5 n3 0 0.110 0
28 8 n5 n1 209 0.110 0
28 9 n5 n5 242 0.110 1
28 10 n1 n5 227 0.070 0
28 11 n1 n3 205 0.070 0
28 12 n1 n1 233 0.070 1
29 1 n4 n1 0 0.120 0
29 2 n4 n5 193 0.120 0
29 3 n4 n3 225 0.120 1
29 4 n3 n5 202 0.090 0
29 5 n3 n1 208 0.090 0
29 6 n3 n3 239 0.090 1
29 7 n5 n3 0 0.190 0
29 8 n5 n1 206 0.190 0
29 9 n5 n5 241 0.190 1
29 10 n1 n5 226 0.150 0
29 11 n1 n3 205 0.150 0
29 12 n1 n1 234 0.150 1
30 1 n4 n1 0 0.190 0
30 2 n4 n5 186 0.190 0
30 3 n4 n3 224 0.190 1
30 4 n3 n5 200 0.180 0
30 5 n3 n1 203 0.180 0
30 6 n3 n3 239 0.180 1
30 7 n5 n3 0 0.280 0
30 8 n5 n1 204 0.280 0
30 9 n5 n5 239 0.280 1
30 10 n1 n5 224 0.210 0
30 11 n1 n3 205 0.210 0
30 12 n1 n1 229 0.210 1
31 1 n4 n1 0 0.060 0
31 2 n4 n5 186 0.060 0
31 3 n4 n3 225 0.060 1
31 4 n3 n5 199 0.210 0
31 5 n3 n1 202 0.210 0
31 6 n3 n3 239 0.210 1
31 7 n5 n3 0 0.460 0
31 8 n5 n1 207 0.460 0
31 9 n5 n5 238 0.460 1
31 10 n1 n5 224 0.300 0
31 11 n1 n3 207 0.300 0
31 12 n1 n1 227 0.300 1
32 1 n4 n1 0 0.170 0
32 2 n4 n5 181 0.170 0
32 3 n4 n3 225 0.170 1
32 4 n3 n5 196 0.020 0
32 5 n3 n1 201 0.020 0
32 6 n3 n3 239 0.020 1
32 7 n5 n3 0 0.040 0
32 8 n5 n1 212 0.040 0
32 9 n5 n5 238 0.040 1
32 10 n1 n5 225 0.040 0
32 11 n1 n3 210 0.040 0
32 12 n1 n1 232 0.040 1
33 1 n4 n1 0 0.480 0
33 2 n4 n5 179 0.480 0
33 3 n4 n3 225 0.480 1
33 4 n3 n5 195 0.090 0
33 5 n3 n1 200 0.090 0
33 6 n3 n3 239 0.090 1
33 7 n5 n3 0 0.100 0
33 8 n5 n1 215 0.100 0
33 9 n5 n5 236 0.100 1
33 10 n1 n5 222 0.000 0
33 11 n1 n3 212 0.000 0
33 12 n1 n1 236 0.000 1
34 1 n4 n1 0 0.020 0
34 2 n4 n5 0 0.020 0
34 3 n4 n3 221 0.020 1
34 4 n3 n5 0 0.050 0
34 5 n3 n1 195 0.050 0
34 6 n3 n3 239 0.050 1
34 7 n5 n3 0 0.090 0
34 8 n5 n1 210 0.090 0
34 9 n5 n5 234 0.090 1
34 10 n1 n5 218 0.080 0
34 11 n1 n3 206 0.080 0
34 12 n1 n1 232 0.080 1
35 1 n4 n1 0 0.110 0
35 2 n4 n5 0 0.110 0
35 3 n4 n3 217 0.110 1
35 4 n3 n5 0 0.130 0
35 5 n3 n1 198 0.130 0
35 6 n3 n3 238 0.130 1
35 7 n5 n3 0 0.160 0
35 8 n5 n1 211 0.160 0
35 9 n5 n5 234 0.160 1
35 10 n1 n5 215 0.150 0
35 11 n1 n3 202 0.150 0
35 12 n1 n1 229 0.150 1
36 1 n4 n1 0 0.190 0
36 2 n4 n5 0 0.190 0
36 3 n4 n3 215 0.190 1
36 4 n3 n5 0 0.200 0
36 5 n3 n1 198 0.200 0
36 6 n3 n3 236 0.200 1
36 7 n5 n3 0 0.230 0
36 8 n5 n1 211 0.230 0
36 9 n5 n5 234 0.230 1
36 10 n1 n5 215 0.240 0
36 11 n1 n3 199 0.240 0
36 12 n1 n1 227 0.240 1
37 1 n4 n1 0 0.050 0
37 2 n4 n5 179 0.050 0
37 3 n4 n3 218 0.050 1
37 4 n3 n5 192 0.160 0
37 5 n3 n1 201 0.160 0
37 6 n3 n3 236 0.160 1
37 7 n5 n3 0 0.440 0
37 8 n5 n1 214 0.440 0
37 9 n5 n5 234 0.440 1
37 10 n1 n5 215 0.300 0
37 11 n1 n3 202 0.300 0
37 12 n1 n1 227 0.300 1
38 1 n4 n1 0 0.130 0
38 2 n4 n5 177 0.130 0
38 3 n4 n3 221 0.130 1
38 4 n3 n5 192 0.380 0
38 5 n3 n1 204 0.380 0
38 6 n3 n3 238 0.380 1
38 7 n5 n3 0 0.030 0
38 8 n5 n1 220 0.030 0
38 9 n5 n5 234 0.030 1
38 10 n1 n5 214 0.030 0
38 11 n1 n3 203 0.030 0
38 12 n1 n1 232 0.030 1
39 1 n4 n1 0 0.220 0
39 2 n4 n5 175 0.220 0
39 3 n4 n3 221 0.220 1
39 4 n3 n5 191 0.010 0
39 5 n3 n1 206 0.010 0
39 6 n3 n3 239 0.010 1
39 7 n5 n3 0 0.110 0
39 8 n5 n1 220 0.110 0
39 9 n5 n5 234 0.110 1
39 10 n1 n5 218 0.010 0
39 11 n1 n3 203 0.010 0
39 12 n1 n1 235 0.010 1
40 1 n4 n1 0 0.270 0
40 2 n4 n5 177 0.270 0
40 3 n4 n3 219 0.270 1
40 4 n3 n5 195 0.080 0
40 5 n3 n1 216 0.080 0
40 6 n3 n3 237 0.080 1
40 7 n5 n3 0 0.080 0
40 8 n5 n1 222 0.080 0
40 9 n5 n5 234 0.080 1
40 10 n1 n5 218 0.120 0
40 11 n1 n3 203 0.120 0
40 12 n1 n1 239 0.120 1
41 1 n4 n1 0 0.020 0
41 2 n4 n5 178 0.020 0
41 3 n4 n3 217 0.020 1
41 4 n3 n5 195 0.060 0
41 5 n3 n1 212 0.060 0
41 6 n3 n3 235 0.060 1
41 7 n5 n3 0 0.190 0
41 8 n5 n1 222 0.190 0
41 9 n5 n5 232 0.190 1
41 10 n1 n5 218 0.210 0
41 11 n1 n3 201 0.210 0
41 12 n1 n1 237 0.210 1
42 1 n4 n1 0 0.120 0
42 2 n4 n5 177 0.120 0
42 3 n4 n3 217 0.120 1
42 4 n3 n5 195 0.030 0
42 5 n3 n1 210 0.030 0
42 6 n3 n3 235 0.030 1
42 7 n5 n3 0 0.260 0
42 8 n5 n1 219 0.260 0
42 9 n5 n5 230 0.260 1
42 10 n1 n5 220 0.280 0
42 11 n1 n3 199 0.280 0
42 12 n1 n1 234 0.280 1
43 1 n4 n1 0 0.210 0
43 2 n4 n5 178 0.210 0
43 3 n4 n3 219 0.210 1
43 4 n3 n5 193 0.120 0
43 5 n3 n1 209 0.120 0
43 6 n3 n3 235 0.120 1
43 7 n5 n3 0 0.350 0
43 8 n5 n1 219 0.350 0
43 9 n5 n5 230 0.350 1
43 10 n1 n5 218 0.320 0
43 11 n1 n3 199 0.320 0
43 12 n1 n1 232 0.320 1
44 1 n4 n1 0 0.080 0
44 2 n4 n5 180 0.080 0
44 3 n4 n3 221 0.080 1
44 4 n3 n5 191 0.300 0
44 5 n3 n1 206 0.300 0
44 6 n3 n3 235 0.300 1
44 7 n5 n3 0 0.060 0
44 8 n5 n1 223 0.060 0
44 9 n5 n5 230 0.060 1
44 10 n1 n5 216 0.040 0
44 11 n1 n3 202 0.040 0
44 12 n1 n1 231 0.040 1
45 1 n4 n1 0 0.370 0
45 2 n4 n5 180 0.370 0
45 3 n4 n3 223 0.370 1
45 4 n3 n5 189 0.510 0
45 5 n3 n1 205 0.510 0
45 6 n3 n3 235 0.510 1
45 7 n5 n3 0 0.030 0
45 8 n5 n1 222 0.030 0
45 9 n5 n5 232 0.030 1
45 10 n1 n5 218 0.100 0
45 11 n1 n3 202 0.100 0
45 12 n1 n1 231 0.100 1
46 1 n4 n1 0 0.260 0
46 2 n4 n5 180 0.260 0
46 3 n4 n3 221 0.260 1
46 4 n3 n5 190 0.020 0
46 5 n3 n1 201 0.020 0
46 6 n3 n3 232 0.020 1
46 7 n5 n3 0 0.140 0
46 8 n5 n1 220 0.140 0
46 9 n5 n5 234 0.140 1
46 10 n1 n5 220 0.080 0
46 11 n1 n3 194 0.080 0
46 12 n1 n1 231 0.080 1
47 1 n4 n1 0 0.360 0
47 2 n4 n5 184 0.360 0
47 3 n4 n3 218 0.360 1
47 4 n3 n5 197 0.030 0
47 5 n3 n1 201 0.030 0
47 6 n3 n3 231 0.030 1
47 7 n5 n3 0 0.240 0
47 8 n5 n1 217 0.240 0
47 9 n5 n5 234 0.240 1
47 10 n1 n5 222 0.180 0
47 11 n1 n3 192 0.180 0
47 12 n1 n1 229 0.180 1
48 1 n4 n1 0 0.150 0
48 2 n4 n5 185 0.150 0
48 3 n4 n3 217 0.150 1
48 4 n3 n5 194 0.130 0
48 5 n3 n1 200 0.130 0
48 6 n3 n3 231 0.130 1
48 7 n5 n3 0 0.430 0
48 8 n5 n1 214 0.430 0
48 9 n5 n5 233 0.430 1
48 10 n1 n5 221 0.260 0
48 11 n1 n3 192 0.260 0
48 12 n1 n1 227 0.260 1
49 1 n4 n1 0 0.510 0
49 2 n4 n5 182 0.510 0
49 3 n4 n3 217 0.510 1
49 4 n3 n5 197 0.240 0
49 5 n3 n1 205 0.240 0
49 6 n3 n3 231 0.240 1
49 7 n5 n3 0 0.370 0
49 8 n5 n1 226 0.370 0
49 9 n5 n5 234 0.370 1
49 10 n1 n5 223 0.330 0
49 11 n1 n3 191 0.330 0
49 12 n1 n1 228 0.330 1
50 1 n4 n1 0 0.090 0
50 2 n4 n5 188 0.090 0
50 3 n4 n3 217 0.090 1
50 4 n3 n5 201 0.010 0
50 5 n3 n1 213 0.010 0
50 6 n3 n3 227 0.010 1
50 7 n5 n3 0 0.070 0
50 8 n5 n1 229 0.070 0
50 9 n5 n5 239 0.070 1
50 10 n1 n5 225 0.030 0
50 11 n1 n3 191 0.030 0
50 12 n1 n1 233 0.030 1
51 1 n4 n1 0 1.200 0
51 2 n4 n5 188 1.200 0
51 3 n4 n3 217 1.200 1
51 4 n3 n5 204 0.010 0
51 5 n3 n1 204 0.010 0
51 6 n3 n3 227 0.010 1
51 7 n5 n3 0 0.050 0
51 8 n5 n1 222 0.050 0
51 9 n5 n5 241 0.050 1
51 10 n1 n5 227 0.090 0
51 11 n1 n3 0 0.090 0
51 12 n1 n1 233 0.090 1
52 1 n4 n1 0 0.250 0
52 2 n4 n5 193 0.250 0
52 3 n4 n3 220 0.250 1
52 4 n3 n5 200 0.060 0
52 5 n3 n1 200 0.060 0
52 6 n3 n3 228 0.060 1
52 7 n5 n3 0 0.130 0
52 8 n5 n1 226 0.130 0
52 9 n5 n5 244 0.130 1
52 10 n1 n5 229 0.090 0
52 11 n1 n3 0 0.090 0
52 12 n1 n1 231 0.090 1
53 1 n4 n1 0 0.020 0
53 2 n4 n5 187 0.020 0
53 3 n4 n3 224 0.020 1
53 4 n3 n5 192 0.070 0
53 5 n3 n1 199 0.070 0
53 6 n3 n3 230 0.070 1
53 7 n5 n3 0 0.320 0
53 8 n5 n1 229 0.320 0
53 9 n5 n5 246 0.320 1
53 10 n1 n5 231 0.140 0
53 11 n1 n3 206 0.140 0
53 12 n1 n1 236 0.140 1
54 1 n4 n1 0 0.120 0
54 2 n4 n5 182 0.120 0
54 3 n4 n3 225 0.120 1
54 4 n3 n5 191 0.170 0
54 5 n3 n1 201 0.170 0
54 6 n3 n3 231 0.170 1
54 7 n5 n3 0 0.250 0
54 8 n5 n1 234 0.250 0
54 9 n5 n5 247 0.250 1
54 10 n1 n5 231 0.180 0
54 11 n1 n3 206 0.180 0
54 12 n1 n1 240 0.180 1
55 1 n4 n1 0 0.190 0
55 2 n4 n5 184 0.190 0
55 3 n4 n3 225 0.190 1
55 4 n3 n5 188 0.260 0
55 5 n3 n1 201 0.260 0
55 6 n3 n3 232 0.260 1
55 7 n5 n3 0 0.330 0
55 8 n5 n1 232 0.330 0
55 9 n5 n5 243 0.330 1
55 10 n1 n5 227 0.290 0
55 11 n1 n3 206 0.290 0
55 12 n1 n1 244 0.290 1
56 1 n4 n1 0 0.030 0
56 2 n4 n5 181 0.030 0
56 3 n4 n3 223 0.030 1
56 4 n3 n5 186 0.010 0
56 5 n3 n1 200 0.010 0
56 6 n3 n3 232 0.010 1
56 7 n5 n3 0 0.030 0
56 8 n5 n1 226 0.030 0
56 9 n5 n5 238 0.030 1
56 10 n1 n5 226 0.350 0
56 11 n1 n3 206 0.350 0
56 12 n1 n1 244 0.350 1
57 1 n4 n1 0 0.100 0
57 2 n4 n5 177 0.100 0
57 3 n4 n3 221 0.100 1
57 4 n3 n5 183 0.090 0
57 5 n3 n1 195 0.090 0
57 6 n3 n3 228 0.090 1
57 7 n5 n3 193 0.100 0
57 8 n5 n1 222 0.100 0
57 9 n5 n5 236 0.100 1
57 10 n1 n5 224 0.000 0
57 11 n1 n3 205 0.000 0
57 12 n1 n1 236 0.000 1
58 1 n4 n1 0 0.200 0
58 2 n4 n5 170 0.200 0
58 3 n4 n3 219 0.200 1
58 4 n3 n5 178 0.050 0
58 5 n3 n1 185 0.050 0
58 6 n3 n3 225 0.050 1
58 7 n5 n3 195 0.170 0
58 8 n5 n1 216 0.170 0
58 9 n5 n5 233 0.170 1
58 10 n1 n5 224 0.070 0
58 11 n1 n3 207 0.070 0
58 12 n1 n1 234 0.070 1
59 1 n4 n1 0 0.290 0
59 2 n4 n5 170 0.290 0
59 3 n4 n3 218 0.290 1
59 4 n3 n5 180 0.020 0
59 5 n3 n1 187 0.020 0
59 6 n3 n3 223 0.020 1
59 7 n5 n3 195 0.010 0
59 8 n5 n1 218 0.010 0
59 9 n5 n5 232 0.010 1
59 10 n1 n5 226 0.020 0
59 11 n1 n3 210 0.020 0
59 12 n1 n1 235 0.020 1
60 1 n4 n1 0 0.340 0
60 2 n4 n5 174 0.340 0
60 3 n4 n3 217 0.340 1
60 4 n3 n5 184 0.100 0
60 5 n3 n1 190 0.100 0
60 6 n3 n3 222 0.100 1
60 7 n5 n3 193 0.090 0
60 8 n5 n1 217 0.090 0
60 9 n5 n5 234 0.090 1
60 10 n1 n5 228 0.070 0
60 11 n1 n3 209 0.070 0
60 12 n1 n1 236 0.070 1
61 1 n4 n1 0 0.110 0
61 2 n4 n5 178 0.110 0
61 3 n4 n3 218 0.110 1
61 4 n3 n5 188 0.200 0
61 5 n3 n1 194 0.200 0
61 6 n3 n3 225 0.200 1
61 7 n5 n3 194 0.180 0
61 8 n5 n1 216 0.180 0
61 9 n5 n5 236 0.180 1
61 10 n1 n5 228 0.120 0
61 11 n1 n3 211 0.120 0
61 12 n1 n1 235 0.120 1
62 1 n4 n1 0 0.030 0
62 2 n4 n5 182 0.030 0
62 3 n4 n3 219 0.030 1
62 4 n3 n5 192 0.000 0
62 5 n3 n1 198 0.000 0
62 6 n3 n3 230 0.000 1
62 7 n5 n3 193 0.030 0
62 8 n5 n1 212 0.030 0
62 9 n5 n5 237 0.030 1
62 10 n1 n5 228 0.230 0
62 11 n1 n3 212 0.230 0
62 12 n1 n1 231 0.230 1
63 1 n4 n1 0 0.010 0
63 2 n4 n5 184 0.010 0
63 3 n4 n3 220 0.010 1
63 4 n3 n5 193 0.070 0
63 5 n3 n1 193 0.070 0
63 6 n3 n3 230 0.070 1
63 7 n5 n3 193 0.110 0
63 8 n5 n1 209 0.110 0
63 9 n5 n5 238 0.110 1
63 10 n1 n5 230 0.280 1
63 11 n1 n3 213 0.280 0
63 12 n1 n1 228 0.280 0
64 1 n4 n1 0 0.080 0
64 2 n4 n5 186 0.080 0
64 3 n4 n3 220 0.080 1
64 4 n3 n5 193 0.030 0
64 5 n3 n1 197 0.030 0
64 6 n3 n3 229 0.030 1
64 7 n5 n3 193 0.070 0
64 8 n5 n1 211 0.070 0
64 9 n5 n5 238 0.070 1
64 10 n1 n5 232 0.380 1
64 11 n1 n3 210 0.380 0
64 12 n1 n1 230 0.380 0
65 1 n4 n1 0 0.140 0
65 2 n4 n5 188 0.140 0
65 3 n4 n3 220 0.140 1
65 4 n3 n5 197 0.040 0
65 5 n3 n1 197 0.040 0
65 6 n3 n3 229 0.040 1
65 7 n5 n3 0 0.160 0
65 8 n5 n1 210 0.160 0
65 9 n5 n5 238 0.160 1
65 10 n1 n5 232 0.020 1
65 11 n1 n3 209 0.020 0
65 12 n1 n1 232 0.020 0
66 1 n4 n1 0 0.200 0
66 2 n4 n5 189 0.200 0
66 3 n4 n3 220 0.200 1
66 4 n3 n5 195 0.200 0
66 5 n3 n1 195 0.200 0
66 6 n3 n3 229 0.200 1
66 7 n5 n3 0 0.220 0
66 8 n5 n1 210 0.220 0
66 9 n5 n5 238 0.220 1
66 10 n1 n5 232 0.070 1
66 11 n1 n3 211 0.070 0
66 12 n1 n1 231 0.070 0
67 1 n4 n1 0 0.260 0
67 2 n4 n5 187 0.260 0
67 3 n4 n3 220 0.260 1
67 4 n3 n5 193 0.450 0
67 5 n3 n1 193 0.450 0
67 6 n3 n3 230 0.450 1
67 7 n5 n3 0 0.280 0
67 8 n5 n1 210 0.280 0
67 9 n5 n5 239 0.280 1
67 10 n1 n5 232 0.020 1
67 11 n1 n3 212 0.020 0
67 12 n1 n1 230 0.020 0
68 1 n4 n1 0 0.100 0
68 2 n4 n5 187 0.100 0
68 3 n4 n3 220 0.100 1
68 4 n3 n5 193 0.070 0
68 5 n3 n1 191 0.070 0
68 6 n3 n3 230 0.070 1
68 7 n5 n3 0 0.370 0
68 8 n5 n1 208 0.370 0
68 9 n5 n5 241 0.370 1
68 10 n1 n5 232 0.130 1
68 11 n1 n3 208 0.130 0
68 12 n1 n1 227 0.130 0
69 1 n4 n1 0 0.170 0
69 2 n4 n5 186 0.170 0
69 3 n4 n3 220 0.170 1
69 4 n3 n5 189 0.040 0
69 5 n3 n1 185 0.040 0
69 6 n3 n3 230 0.040 1
69 7 n5 n3 0 0.070 0
69 8 n5 n1 205 0.070 0
69 9 n5 n5 241 0.070 1
69 10 n1 n5 232 0.210 1
69 11 n1 n3 210 0.210 0
69 12 n1 n1 223 0.210 0
70 1 n4 n1 0 0.000 0
70 2 n4 n5 184 0.000 0
70 3 n4 n3 223 0.000 1
70 4 n3 n5 189 0.070 0
70 5 n3 n1 187 0.070 0
70 6 n3 n3 232 0.070 1
70 7 n5 n3 0 0.050 0
70 8 n5 n1 207 0.050 0
70 9 n5 n5 239 0.050 1
70 10 n1 n5 232 0.300 1
70 11 n1 n3 214 0.300 0
70 12 n1 n1 222 0.300 0
71 1 n4 n1 0 0.300 0
71 2 n4 n5 186 0.300 0
71 3 n4 n3 224 0.300 1
71 4 n3 n5 193 0.050 0
71 5 n3 n1 192 0.050 0
71 6 n3 n3 234 0.050 1
71 7 n5 n3 196 0.030 0
71 8 n5 n1 207 0.030 0
71 9 n5 n5 238 0.030 1
71 10 n1 n5 232 0.380 1
71 11 n1 n3 216 0.380 0
71 12 n1 n1 225 0.380 0
72 1 n4 n1 0 0.170 0
72 2 n4 n5 186 0.170 0
72 3 n4 n3 224 0.170 1
72 4 n3 n5 193 0.360 0
72 5 n3 n1 194 0.360 0
72 6 n3 n3 234 0.360 1
72 7 n5 n3 192 0.060 0
72 8 n5 n1 211 0.060 0
72 9 n5 n5 238 0.060 1
72 10 n1 n5 232 0.010 1
72 11 n1 n3 212 0.010 0
72 12 n1 n1 230 0.010 0
73 1 n4 n1 0 0.760 0
73 2 n4 n5 184 0.760 0
73 3 n4 n3 224 0.760 1
73 4 n3 n5 191 0.340 0
73 5 n3 n1 196 0.340 0
73 6 n3 n3 234 0.340 1
73 7 n5 n3 190 0.120 0
73 8 n5 n1 209 0.120 0
73 9 n5 n5 238 0.120 1
73 10 n1 n5 228 0.030 0
73 11 n1 n3 206 0.030 0
73 12 n1 n1 231 0.030 1
74 1 n4 n1 0 0.010 0
74 2 n4 n5 184 0.010 0
74 3 n4 n3 224 0.010 1
74 4 n3 n5 194 0.040 0
74 5 n3 n1 194 0.040 0
74 6 n3 n3 234 0.040 1
74 7 n5 n3 188 0.350 0
74 8 n5 n1 203 0.350 0
74 9 n5 n5 237 0.350 1
74 10 n1 n5 224 0.050 0
74 11 n1 n3 209 0.050 0
74 12 n1 n1 231 0.050 1
75 1 n4 n1 0 0.070 0
75 2 n4 n5 186 0.070 0
75 3 n4 n3 225 0.070 1
75 4 n3 n5 188 0.090 0
75 5 n3 n1 194 0.090 0
75 6 n3 n3 235 0.090 1
75 7 n5 n3 0 0.020 0
75 8 n5 n1 200 0.020 0
75 9 n5 n5 235 0.020 1
75 10 n1 n5 222 0.130 0
75 11 n1 n3 211 0.130 0
75 12 n1 n1 231 0.130 1
76 1 n4 n1 0 0.150 0
76 2 n4 n5 0 0.150 0
76 3 n4 n3 227 0.150 1
76 4 n3 n5 188 0.060 0
76 5 n3 n1 191 0.060 0
76 6 n3 n3 237 0.060 1
76 7 n5 n3 0 0.080 0
76 8 n5 n1 202 0.080 0
76 9 n5 n5 235 0.080 1
76 10 n1 n5 221 0.200 0
76 11 n1 n3 218 0.200 0
76 12 n1 n1 234 0.200 1
77 1 n4 n1 0 0.260 0
77 2 n4 n5 174 0.260 0
77 3 n4 n3 228 0.260 1
77 4 n3 n5 0 0.300 0
77 5 n3 n1 192 0.300 0
77 6 n3 n3 238 0.300 1
77 7 n5 n3 0 0.090 0
77 8 n5 n1 201 0.090 0
77 9 n5 n5 234 0.090 1
77 10 n1 n5 221 0.310 0
77 11 n1 n3 220 0.310 0
77 12 n1 n1 238 0.310 1
78 1 n4 n1 0 0.340 0
78 2 n4 n5 172 0.340 0
78 3 n4 n3 228 0.340 1
78 4 n3 n5 0 0.290 0
78 5 n3 n1 188 0.290 0
78 6 n3 n3 238 0.290 1
78 7 n5 n3 0 0.290 0
78 8 n5 n1 198 0.290 0
78 9 n5 n5 234 0.290 1
78 10 n1 n5 221 0.410 0
78 11 n1 n3 220 0.410 0
78 12 n1 n1 240 0.410 1
79 1 n4 n1 0 0.460 0
79 2 n4 n5 0 0.460 0
79 3 n4 n3 230 0.460 1
79 4 n3 n5 0 0.360 0
79 5 n3 n1 186 0.360 0
79 6 n3 n3 240 0.360 1
79 7 n5 n3 0 0.360 0
79 8 n5 n1 194 0.360 0
79 9 n5 n5 234 0.360 1
79 10 n1 n5 221 0.450 0
79 11 n1 n3 217 0.450 0
79 12 n1 n1 238 0.450 1
80 1 n4 n1 0 0.020 0
80 2 n4 n5 0 0.020 0
80 3 n4 n3 229 0.020 1
80 4 n3 n5 0 0.000 0
80 5 n3 n1 191 0.000 0
80 6 n3 n3 242 0.000 1
80 7 n5 n3 0 0.330 0
80 8 n5 n1 196 0.330 0
80 9 n5 n5 235 0.330 1
80 10 n1 n5 222 0.040 0
80 11 n1 n3 217 0.040 0
80 12 n1 n1 240 0.040 1
81 1 n4 n1 0 0.630 0
81 2 n4 n5 0 0.630 0
81 3 n4 n3 226 0.630 1
81 4 n3 n5 0 0.060 0
81 5 n3 n1 194 0.060 0
81 6 n3 n3 242 0.060 1
81 7 n5 n3 0 0.400 0
81 8 n5 n1 197 0.400 0
81 9 n5 n5 234 0.400 1
81 10 n1 n5 222 0.100 0
81 11 n1 n3 219 0.100 0
81 12 n1 n1 242 0.100 1
82 1 n4 n1 0 0.180 0
82 2 n4 n5 0 0.180 0
82 3 n4 n3 223 0.180 1
82 4 n3 n5 0 0.110 0
82 5 n3 n1 196 0.110 0
82 6 n3 n3 242 0.110 1
82 7 n5 n3 0 0.100 0
82 8 n5 n1 195 0.100 0
82 9 n5 n5 233 0.100 1
82 10 n1 n5 223 0.700 0
82 11 n1 n3 216 0.700 0
82 12 n1 n1 244 0.700 1
83 1 n4 n1 0 0.260 0
83 2 n4 n5 0 0.260 0
83 3 n4 n3 220 0.260 1
83 4 n3 n5 0 0.100 0
83 5 n3 n1 200 0.100 0
83 6 n3 n3 242 0.100 1
83 7 n5 n3 0 0.080 0
83 8 n5 n1 194 0.080 0
83 9 n5 n5 233 0.080 1
83 10 n1 n5 222 0.410 0
83 11 n1 n3 212 0.410 0
83 12 n1 n1 247 0.410 1
84 1 n4 n1 0 0.400 0
84 2 n4 n5 0 0.400 0
84 3 n4 n3 220 0.400 1
84 4 n3 n5 0 0.190 0
84 5 n3 n1 197 0.190 0
84 6 n3 n3 242 0.190 1
84 7 n5 n3 0 0.290 0
84 8 n5 n1 194 0.290 0
84 9 n5 n5 234 0.290 1
84 10 n1 n5 221 0.470 0
84 11 n1 n3 216 0.470 0
84 12 n1 n1 247 0.470 1
85 1 n4 n1 0 0.000 0
85 2 n4 n5 0 0.000 0
85 3 n4 n3 220 0.000 1
85 4 n3 n5 0 0.260 0
85 5 n3 n1 199 0.260 0
85 6 n3 n3 240 0.260 1
85 7 n5 n3 0 0.270 0
85 8 n5 n1 187 0.270 0
85 9 n5 n5 236 0.270 1
85 10 n1 n5 0 0.400 0
85 11 n1 n3 217 0.400 0
85 12 n1 n1 245 0.400 1
86 1 n4 n1 0 0.060 0
86 2 n4 n5 0 0.060 0
86 3 n4 n3 219 0.060 1
86 4 n3 n5 0 0.340 0
86 5 n3 n1 205 0.340 0
86 6 n3 n3 240 0.340 1
86 7 n5 n3 0 0.450 0
86 8 n5 n1 189 0.450 0
86 9 n5 n5 241 0.450 1
86 10 n1 n5 0 0.080 0
86 11 n1 n3 215 0.080 0
86 12 n1 n1 246 0.080 1
87 1 n4 n1 0 0.140 0
87 2 n4 n5 0 0.140 0
87 3 n4 n3 220 0.140 1
87 4 n3 n5 0 0.040 0
87 5 n3 n1 205 0.040 0
87 6 n3 n3 242 0.040 1
87 7 n5 n3 0 0.530 0
87 8 n5 n1 188 0.530 0
87 9 n5 n5 245 0.530 1
87 10 n1 n5 226 0.020 0
87 11 n1 n3 214 0.020 0
87 12 n1 n1 247 0.020 1
88 1 n4 n1 0 0.270 0
88 2 n4 n5 0 0.270 0
88 3 n4 n3 224 0.270 1
88 4 n3 n5 209 0.040 0
88 5 n3 n1 207 0.040 0
88 6 n3 n3 243 0.040 1
88 7 n5 n3 0 0.110 0
88 8 n5 n1 189 0.110 0
88 9 n5 n5 250 0.110 1
88 10 n1 n5 223 0.140 0
88 11 n1 n3 208 0.140 0
88 12 n1 n1 246 0.140 1
89 1 n4 n1 0 0.360 0
89 2 n4 n5 0 0.360 0
89 3 n4 n3 226 0.360 1
89 4 n3 n5 213 0.130 0
89 5 n3 n1 206 0.130 0
89 6 n3 n3 243 0.130 1
89 7 n5 n3 0 0.200 0
89 8 n5 n1 184 0.200 0
89 9 n5 n5 249 0.200 1
89 10 n1 n5 223 0.190 0
89 11 n1 n3 207 0.190 0
89 12 n1 n1 245 0.190 1
90 1 n4 n1 0 0.490 0
90 2 n4 n5 0 0.490 0
90 3 n4 n3 224 0.490 1
90 4 n3 n5 214 0.210 0
90 5 n3 n1 207 0.210 0
90 6 n3 n3 243 0.210 1
90 7 n5 n3 221 0.050 0
90 8 n5 n1 192 0.050 0
90 9 n5 n5 249 0.050 1
90 10 n1 n5 0 0.270 0
90 11 n1 n3 211 0.270 0
90 12 n1 n1 244 0.270 1
91 1 n4 n1 0 0.020 0
91 2 n4 n5 0 0.020 0
91 3 n4 n3 222 0.020 1
91 4 n3 n5 212 0.280 0
91 5 n3 n1 206 0.280 0
91 6 n3 n3 243 0.280 1
91 7 n5 n3 222 0.100 0
91 8 n5 n1 189 0.100 0
91 9 n5 n5 250 0.100 1
91 10 n1 n5 228 0.370 0
91 11 n1 n3 212 0.370 0
91 12 n1 n1 246 0.370 1
92 1 n4 n1 0 0.120 0
92 2 n4 n5 0 0.120 0
92 3 n4 n3 223 0.120 1
92 4 n3 n5 219 0.370 0
92 5 n3 n1 204 0.370 0
92 6 n3 n3 243 0.370 1
92 7 n5 n3 220 0.190 0
92 8 n5 n1 185 0.190 0
92 9 n5 n5 251 0.190 1
92 10 n1 n5 228 0.060 0
92 11 n1 n3 205 0.060 0
92 12 n1 n1 244 0.060 1
93 1 n4 n1 0 0.190 0
93 2 n4 n5 0 0.190 0
93 3 n4 n3 224 0.190 1
93 4 n3 n5 217 0.070 0
93 5 n3 n1 204 0.070 0
93 6 n3 n3 243 0.070 1
93 7 n5 n3 217 0.280 0
93 8 n5 n1 184 0.280 0
93 9 n5 n5 249 0.280 1
93 10 n1 n5 228 0.040 0
93 11 n1 n3 205 0.040 0
93 12 n1 n1 242 0.040 1
94 1 n4 n1 0 0.270 0
94 2 n4 n5 0 0.270 0
94 3 n4 n3 224 0.270 1
94 4 n3 n5 222 0.040 0
94 5 n3 n1 204 0.040 0
94 6 n3 n3 243 0.040 1
94 7 n5 n3 213 0.080 0
94 8 n5 n1 181 0.080 0
94 9 n5 n5 246 0.080 1
94 10 n1 n5 222 0.130 0
94 11 n1 n3 210 0.130 0
94 12 n1 n1 244 0.130 1
95 1 n4 n1 0 0.360 0
95 2 n4 n5 0 0.360 0
95 3 n4 n3 223 0.360 1
95 4 n3 n5 226 0.130 0
95 5 n3 n1 205 0.130 0
95 6 n3 n3 243 0.130 1
95 7 n5 n3 213 0.070 0
95 8 n5 n1 181 0.070 0
95 9 n5 n5 243 0.070 1
95 10 n1 n5 220 0.210 0
95 11 n1 n3 212 0.210 0
95 12 n1 n1 247 0.210 1
96 1 n4 n1 0 0.950 0
96 2 n4 n5 0 0.950 0
96 3 n4 n3 222 0.950 1
96 4 n3 n5 224 0.190 0
96 5 n3 n1 205 0.190 0
96 6 n3 n3 243 0.190 1
96 7 n5 n3 215 0.050 0
96 8 n5 n1 183 0.050 0
96 9 n5 n5 239 0.050 1
96 10 n1 n5 217 0.270 0
96 11 n1 n3 213 0.270 0
96 12 n1 n1 251 0.270 1
97 1 n4 n1 0 0.020 0
97 2 n4 n5 0 0.020 0
97 3 n4 n3 221 0.020 1
97 4 n3 n5 221 0.290 0
97 5 n3 n1 206 0.290 0
97 6 n3 n3 243 0.290 1
97 7 n5 n3 215 0.170 0
97 8 n5 n1 185 0.170 0
97 9 n5 n5 236 0.170 1
97 10 n1 n5 211 0.370 0
97 11 n1 n3 216 0.370 0
97 12 n1 n1 251 0.370 1
98 1 n4 n1 0 0.110 0
98 2 n4 n5 0 0.110 0
98 3 n4 n3 222 0.110 1
98 4 n3 n5 219 0.340 0
98 5 n3 n1 208 0.340 0
98 6 n3 n3 241 0.340 1
98 7 n5 n3 211 0.220 0
98 8 n5 n1 184 0.220 0
98 9 n5 n5 235 0.220 1
98 10 n1 n5 206 0.060 0
98 11 n1 n3 210 0.060 0
98 12 n1 n1 253 0.060 1
99 1 n4 n1 0 0.180 0
99 2 n4 n5 0 0.180 0
99 3 n4 n3 222 0.180 1
99 4 n3 n5 218 0.430 0
99 5 n3 n1 211 0.430 0
99 6 n3 n3 239 0.430 1
99 7 n5 n3 209 0.280 0
99 8 n5 n1 183 0.280 0
99 9 n5 n5 235 0.280 1
99 10 n1 n5 203 0.050 0
99 11 n1 n3 208 0.050 0
99 12 n1 n1 255 0.050 1
100 1 n4 n1 0 0.260 0
100 2 n4 n5 0 0.260 0
100 3 n4 n3 225 0.260 1
100 4 n3 n5 215 0.020 0
100 5 n3 n1 218 0.020 0
100 6 n3 n3 240 0.020 1
100 7 n5 n3 211 0.100 0
100 8 n5 n1 186 0.100 0
100 9 n5 n5 232 0.100 1
100 10 n1 n5 198 0.140 0
100 11 n1 n3 206 0.140 0
100 12 n1 n1 255 0.140 1
101 1 n4 n1 0 0.840 0
101 2 n4 n5 0 0.840 0
101 3 n4 n3 225 0.840 1
101 4 n3 n5 216 0.090 0
101 5 n3 n1 216 0.090 0
101 6 n3 n3 242 0.090 1
101 7 n5 n3 210 0.020 0
101 8 n5 n1 188 0.020 0
101 9 n5 n5 230 0.020 1
101 10 n1 n5 195 0.240 0
101 11 n1 n3 206 0.240 0
101 12 n1 n1 255 0.240 1
102 1 n4 n1 0 0.400 0
102 2 n4 n5 0 0.400 0
102 3 n4 n3 227 0.400 1
102 4 n3 n5 217 0.140 0
102 5 n3 n1 214 0.140 0
102 6 n3 n3 243 0.140 1
102 7 n5 n3 208 0.080 0
102 8 n5 n1 180 0.080 0
102 9 n5 n5 229 0.080 1
102 10 n1 n5 0 0.300 0
102 11 n1 n3 208 0.300 0
102 12 n1 n1 254 0.300 1
103 1 n4 n1 0 1.000 0
103 2 n4 n5 0 1.000 0
103 3 n4 n3 225 1.000 1
103 4 n3 n5 217 0.210 0
103 5 n3 n1 210 0.210 0
103 6 n3 n3 245 0.210 1
103 7 n5 n3 210 0.060 0
103 8 n5 n1 181 0.060 0
103 9 n5 n5 226 0.060 1
103 10 n1 n5 0 0.360 0
103 11 n1 n3 207 0.360 0
103 12 n1 n1 247 0.360 1
104 1 n4 n1 0 0.050 0
104 2 n4 n5 0 0.050 0
104 3 n4 n3 224 0.050 1
104 4 n3 n5 209 0.290 0
104 5 n3 n1 208 0.290 0
104 6 n3 n3 245 0.290 1
104 7 n5 n3 213 0.110 0
104 8 n5 n1 182 0.110 0
104 9 n5 n5 222 0.110 1
104 10 n1 n5 177 0.020 0
104 11 n1 n3 206 0.020 0
104 12 n1 n1 237 0.020 1
105 1 n4 n1 0 0.090 0
105 2 n4 n5 0 0.090 0
105 3 n4 n3 225 0.090 1
105 4 n3 n5 209 0.340 0
105 5 n3 n1 211 0.340 0
105 6 n3 n3 243 0.340 1
105 7 n5 n3 212 0.180 0
105 8 n5 n1 185 0.180 0
105 9 n5 n5 218 0.180 1
105 10 n1 n5 175 0.090 0
105 11 n1 n3 204 0.090 0
105 12 n1 n1 233 0.090 1
106 1 n4 n1 0 0.200 0
106 2 n4 n5 0 0.200 0
106 3 n4 n3 226 0.200 1
106 4 n3 n5 196 0.060 0
106 5 n3 n1 213 0.060 0
106 6 n3 n3 241 0.060 1
106 7 n5 n3 206 0.020 0
106 8 n5 n1 183 0.020 0
106 9 n5 n5 207 0.020 1
106 10 n1 n5 160 0.020 0
106 11 n1 n3 198 0.020 0
106 12 n1 n1 229 0.020 1
107 1 n4 n1 0 0.280 0
107 2 n4 n5 0 0.280 0
107 3 n4 n3 224 0.280 1
107 4 n3 n5 192 0.070 0
107 5 n3 n1 220 0.070 0
107 6 n3 n3 239 0.070 1
107 7 n5 n3 200 0.000 0
107 8 n5 n1 185 0.000 0
107 9 n5 n5 201 0.000 1
107 10 n1 n5 157 0.180 0
107 11 n1 n3 194 0.180 0
107 12 n1 n1 229 0.180 1
108 1 n4 n1 0 0.340 0
108 2 n4 n5 0 0.340 0
108 3 n4 n3 224 0.340 1
108 4 n3 n5 184 0.170 0
108 5 n3 n1 220 0.170 0
108 6 n3 n3 237 0.170 1
108 7 n5 n3 196 0.090 0
108 8 n5 n1 183 0.090 0
108 9 n5 n5 197 0.090 1
108 10 n1 n5 155 0.260 0
108 11 n1 n3 192 0.260 0
108 12 n1 n1 230 0.260 1
109 1 n4 n1 0 0.400 0
109 2 n4 n5 0 0.400 0
109 3 n4 n3 224 0.400 1
109 4 n3 n5 180 0.250 0
109 5 n3 n1 216 0.250 0
109 6 n3 n3 237 0.250 1
109 7 n5 n3 189 0.150 1
109 8 n5 n1 179 0.150 0
109 9 n5 n5 187 0.150 0
109 10 n1 n5 142 0.290 0
109 11 n1 n3 196 0.290 0
109 12 n1 n1 228 0.290 1
110 1 n4 n1 0 0.500 0
110 2 n4 n5 0 0.500 0
110 3 n4 n3 224 0.500 1
110 4 n3 n5 170 0.350 0
110 5 n3 n1 210 0.350 0
110 6 n3 n3 236 0.350 1
110 7 n5 n3 185 0.220 1
110 8 n5 n1 178 0.220 0
110 9 n5 n5 182 0.220 0
110 10 n1 n5 142 0.010 0
110 11 n1 n3 192 0.010 0
110 12 n1 n1 219 0.010 1
111 1 n4 n1 0 0.550 0
111 2 n4 n5 0 0.550 0
111 3 n4 n3 223 0.550 1
111 4 n3 n5 170 0.010 0
111 5 n3 n1 204 0.010 0
111 6 n3 n3 232 0.010 1
111 7 n5 n3 180 0.290 1
111 8 n5 n1 0 0.290 0
111 9 n5 n5 177 0.290 0
111 10 n1 n5 0 0.080 0
111 11 n1 n3 189 0.080 0
111 12 n1 n1 215 0.080 1
112 1 n4 n1 0 0.660 0
112 2 n4 n5 0 0.660 0
112 3 n4 n3 222 0.660 1
112 4 n3 n5 0 0.110 0
112 5 n3 n1 197 0.110 0
112 6 n3 n3 230 0.110 1
112 7 n5 n3 178 0.850 1
112 8 n5 n1 0 0.850 0
112 9 n5 n5 174 0.850 0
112 10 n1 n5 0 0.060 0
112 11 n1 n3 187 0.060 0
112 12 n1 n1 210 0.060 1
113 1 n4 n1 0 0.180 0
113 2 n4 n5 0 0.180 0
113 3 n4 n3 220 0.180 1
113 4 n3 n5 0 0.060 0
113 5 n3 n1 199 0.060 0
113 6 n3 n3 230 0.060 1
113 7 n5 n3 170 0.430 1
113 8 n5 n1 0 0.430 0
113 9 n5 n5 162 0.430 0
113 10 n1 n5 0 0.130 0
113 11 n1 n3 184 0.130 0
113 12 n1 n1 207 0.130 1
114 1 n4 n1 0 0.770 0
114 2 n4 n5 0 0.770 0
114 3 n4 n3 220 0.770 1
114 4 n3 n5 0 0.150 0
114 5 n3 n1 201 0.150 0
114 6 n3 n3 232 0.150 1
114 7 n5 n3 167 1.030 1
114 8 n5 n1 0 1.030 0
114 9 n5 n5 162 1.030 0
114 10 n1 n5 0 0.220 0
114 11 n1 n3 186 0.220 0
114 12 n1 n1 207 0.220 1
115 1 n4 n1 0 0.340 0
115 2 n4 n5 0 0.340 0
115 3 n4 n3 224 0.340 1
115 4 n3 n5 0 0.220 0
115 5 n3 n1 200 0.220 0
115 6 n3 n3 235 0.220 1
115 7 n5 n3 167 2.130 1
115 8 n5 n1 0 2.130 0
115 9 n5 n5 162 2.130 0
115 10 n1 n5 0 0.330 0
115 11 n1 n3 188 0.330 0
115 12 n1 n1 209 0.330 1
116 1 n4 n1 0 0.420 0
116 2 n4 n5 0 0.420 0
116 3 n4 n3 226 0.420 1
116 4 n3 n5 0 0.310 0
116 5 n3 n1 197 0.310 0
116 6 n3 n3 238 0.310 1
116 7 n5 n3 167 3.240 1
116 8 n5 n1 0 3.240 0
116 9 n5 n5 162 3.240 0
116 10 n1 n5 0 0.030 0
116 11 n1 n3 189 0.030 0
116 12 n1 n1 207 0.030 1
117 1 n4 n1 0 0.500 0
117 2 n4 n5 0 0.500 0
117 3 n4 n3 225 0.500 1
117 4 n3 n5 0 0.400 0
117 5 n3 n1 194 0.400 0
117 6 n3 n3 238 0.400 1
117 7 n5 n3 167 4.340 1
117 8 n5 n1 0 4.340 0
117 9 n5 n5 162 4.340 0
117 10 n1 n5 0 0.010 0
117 11 n1 n3 194 0.010 0
117 12 n1 n1 206 0.010 1
118 1 n4 n1 0 0.070 0
118 2 n4 n5 0 0.070 0
118 3 n4 n3 222 0.070 1
118 4 n3 n5 0 0.070 0
118 5 n3 n1 200 0.070 0
118 6 n3 n3 238 0.070 1
118 7 n5 n3 170 0.260 1
118 8 n5 n1 0 0.260 0
118 9 n5 n5 162 0.260 0
118 10 n1 n5 0 0.090 0
118 11 n1 n3 197 0.090 0
118 12 n1 n1 208 0.090 1
119 1 n4 n1 0 0.180 0
119 2 n4 n5 0 0.180 0
119 3 n4 n3 220 0.180 1
119 4 n3 n5 0 0.020 0
119 5 n3 n1 199 0.020 0
119 6 n3 n3 238 0.020 1
119 7 n5 n3 175 0.330 1
119 8 n5 n1 0 0.330 0
119 9 n5 n5 0 0.330 0
119 10 n1 n5 0 0.180 0
119 11 n1 n3 197 0.180 0
119 12 n1 n1 210 0.180 1
120 1 n4 n1 0 0.220 0
120 2 n4 n5 0 0.220 0
120 3 n4 n3 220 0.220 1
120 4 n3 n5 0 0.090 0
120 5 n3 n1 199 0.090 0
120 6 n3 n3 238 0.090 1
120 7 n5 n3 182 0.400 1
120 8 n5 n1 0 0.400 0
120 9 n5 n5 0 0.400 0
120 10 n1 n5 0 0.220 0
120 11 n1 n3 195 0.220 0
120 12 n1 n1 212 0.220 1
121 1 n4 n1 0 0.360 0
121 2 n4 n5 0 0.360 0
121 3 n4 n3 220 0.360 1
121 4 n3 n5 0 0.240 0
121 5 n3 n1 202 0.240 0
121 6 n3 n3 238 0.240 1
121 7 n5 n3 188 0.520 1
121 8 n5 n1 0 0.520 0
121 9 n5 n5 0 0.520 0
121 10 n1 n5 0 0.340 0
121 11 n1 n3 196 0.340 0
121 12 n1 n1 214 0.340 1
122 1 n4 n1 0 0.030 0
122 2 n4 n5 0 0.030 0
122 3 n4 n3 224 0.030 1
122 4 n3 n5 0 0.020 0
122 5 n3 n1 199 0.020 0
122 6 n3 n3 238 0.020 1
122 7 n5 n3 198 0.170 1
122 8 n5 n1 0 0.170 0
122 9 n5 n5 0 0.170 0
122 10 n1 n5 0 0.000 0
122 11 n1 n3 202 0.000 0
122 12 n1 n1 220 0.000 1
123 1 n4 n1 0 0.100 0
123 2 n4 n5 0 0.100 0
123 3 n4 n3 227 0.100 1
123 4 n3 n5 0 0.110 0
123 5 n3 n1 198 0.110 0
123 6 n3 n3 238 0.110 1
123 7 n5 n3 207 0.240 1
123 8 n5 n1 0 0.240 0
123 9 n5 n5 0 0.240 0
123 10 n1 n5 0 0.080 0
123 11 n1 n3 204 0.080 0
123 12 n1 n1 216 0.080 1
124 1 n4 n1 0 0.660 0
124 2 n4 n5 0 0.660 0
124 3 n4 n3 228 0.660 1
124 4 n3 n5 0 0.150 0
124 5 n3 n1 194 0.150 0
124 6 n3 n3 238 0.150 1
124 7 n5 n3 212 0.370 1
124 8 n5 n1 0 0.370 0
124 9 n5 n5 0 0.370 0
124 10 n1 n5 0 0.120 0
124 11 n1 n3 204 0.120 0
124 12 n1 n1 211 0.120 1
125 1 n4 n1 0 0.220 0
125 2 n4 n5 0 0.220 0
125 3 n4 n3 226 0.220 1
125 4 n3 n5 0 0.120 0
125 5 n3 n1 190 0.120 0
125 6 n3 n3 236 0.120 1
125 7 n5 n3 212 1.480 1
125 8 n5 n1 0 1.480 0
125 9 n5 n5 0 1.480 0
125 10 n1 n5 0 0.220 0
125 11 n1 n3 199 0.220 0
125 12 n1 n1 205 0.220 1
126 1 n4 n1 0 0.300 0
126 2 n4 n5 0 0.300 0
126 3 n4 n3 226 0.300 1
126 4 n3 n5 0 0.210 0
126 5 n3 n1 188 0.210 0
126 6 n3 n3 234 0.210 1
126 7 n5 n3 211 0.520 1
126 8 n5 n1 0 0.520 0
126 9 n5 n5 0 0.520 0
126 10 n1 n5 0 0.330 0
126 11 n1 n3 192 0.330 0
126 12 n1 n1 204 0.330 1
127 1 n4 n1 0 0.400 0
127 2 n4 n5 0 0.400 0
127 3 n4 n3 226 0.400 1
127 4 n3 n5 0 0.270 0
127 5 n3 n1 186 0.270 0
127 6 n3 n3 235 0.270 1
127 7 n5 n3 207 0.070 1
127 8 n5 n1 0 0.070 0
127 9 n5 n5 0 0.070 0
127 10 n1 n5 0 0.370 0
127 11 n1 n3 193 0.370 0
127 12 n1 n1 202 0.370 1
128 1 n4 n1 0 0.450 0
128 2 n4 n5 0 0.450 0
128 3 n4 n3 228 0.450 1
128 4 n3 n5 0 0.460 0
128 5 n3 n1 186 0.460 0
128 6 n3 n3 237 0.460 1
128 7 n5 n3 205 0.150 1
128 8 n5 n1 0 0.150 0
128 9 n5 n5 0 0.150 0
128 10 n1 n5 0 0.060 0
128 11 n1 n3 194 0.060 0
128 12 n1 n1 201 0.060 1
129 1 n4 n1 0 0.030 0
129 2 n4 n5 0 0.030 0
129 3 n4 n3 227 0.030 1
129 4 n3 n5 0 0.060 0
129 5 n3 n1 186 0.060 0
129 6 n3 n3 236 0.060 1
129 7 n5 n3 202 0.160 1
129 8 n5 n1 0 0.160 0
129 9 n5 n5 0 0.160 0
129 10 n1 n5 0 0.030 0
129 11 n1 n3 187 0.030 0
129 12 n1 n1 199 0.030 1
130 1 n4 n1 0 0.610 0
130 2 n4 n5 0 0.610 0
130 3 n4 n3 226 0.610 1
130 4 n3 n5 0 0.110 0
130 5 n3 n1 183 0.110 0
130 6 n3 n3 235 0.110 1
130 7 n5 n3 202 1.260 1
130 8 n5 n1 0 1.260 0
130 9 n5 n5 0 1.260 0
130 10 n1 n5 0 0.120 0
130 11 n1 n3 187 0.120 0
130 12 n1 n1 198 0.120 1
131 1 n4 n1 0 0.170 0
131 2 n4 n5 0 0.170 0
131 3 n4 n3 226 0.170 1
131 4 n3 n5 0 0.050 0
131 5 n3 n1 190 0.050 0
131 6 n3 n3 235 0.050 1
131 7 n5 n3 202 2.370 1
131 8 n5 n1 0 2.370 0
131 9 n5 n5 0 2.370 0
131 10 n1 n5 0 0.290 0
131 11 n1 n3 187 0.290 0
131 12 n1 n1 200 0.290 1
132 1 n4 n1 0 0.070 0
132 2 n4 n5 0 0.070 0
132 3 n4 n3 226 0.070 1
132 4 n3 n5 0 0.140 0
132 5 n3 n1 189 0.140 0
132 6 n3 n3 235 0.140 1
132 7 n5 n3 202 3.470 1
132 8 n5 n1 0 3.470 0
132 9 n5 n5 0 3.470 0
132 10 n1 n5 0 0.250 0
132 11 n1 n3 192 0.250 0
132 12 n1 n1 203 0.250 1
133 1 n4 n1 0 0.370 0
133 2 n4 n5 0 0.370 0
133 3 n4 n3 225 0.370 1
133 4 n3 n5 0 0.230 0
133 5 n3 n1 189 0.230 0
133 6 n3 n3 235 0.230 1
133 7 n5 n3 202 4.580 1
133 8 n5 n1 0 4.580 0
133 9 n5 n5 0 4.580 0
133 10 n1 n5 0 0.340 0
133 11 n1 n3 198 0.340 0
133 12 n1 n1 207 0.340 1
134 1 n4 n1 0 0.460 0
134 2 n4 n5 0 0.460 0
134 3 n4 n3 226 0.460 1
134 4 n3 n5 0 0.280 0
134 5 n3 n1 184 0.280 0
134 6 n3 n3 235 0.280 1
134 7 n5 n3 202 5.690 1
134 8 n5 n1 0 5.690 0
134 9 n5 n5 0 5.690 0
134 10 n1 n5 0 0.400 0
134 11 n1 n3 202 0.400 0
134 12 n1 n1 210 0.400 1
135 1 n4 n1 0 0.010 0
135 2 n4 n5 0 0.010 0
135 3 n4 n3 222 0.010 1
135 4 n3 n5 0 0.450 0
135 5 n3 n1 181 0.450 0
135 6 n3 n3 235 0.450 1
135 7 n5 n3 199 0.110 1
135 8 n5 n1 0 0.110 0
135 9 n5 n5 0 0.110 0
135 10 n1 n5 0 0.480 0
135 11 n1 n3 204 0.480 0
135 12 n1 n1 211 0.480 1
136 1 n4 n1 0 0.120 0
136 2 n4 n5 0 0.120 0
136 3 n4 n3 220 0.120 1
136 4 n3 n5 0 0.050 0
136 5 n3 n1 176 0.050 0
136 6 n3 n3 235 0.050 1
136 7 n5 n3 199 1.250 1
136 8 n5 n1 0 1.250 0
136 9 n5 n5 0 1.250 0
136 10 n1 n5 0 0.130 0
136 11 n1 n3 210 0.130 0
136 12 n1 n1 212 0.130 1
137 1 n4 n1 0 0.680 0
137 2 n4 n5 0 0.680 0
137 3 n4 n3 220 0.680 1
137 4 n3 n5 0 0.000 0
137 5 n3 n1 176 0.000 0
137 6 n3 n3 237 0.000 1
137 7 n5 n3 199 2.350 1
137 8 n5 n1 0 2.350 0
137 9 n5 n5 0 2.350 0
137 10 n1 n5 0 0.220 0
137 11 n1 n3 210 0.220 1
137 12 n1 n1 209 0.220 0
138 1 n4 n1 0 0.290 0
138 2 n4 n5 0 0.290 0
138 3 n4 n3 220 0.290 1
138 4 n3 n5 0 0.070 0
138 5 n3 n1 175 0.070 0
138 6 n3 n3 239 0.070 1
138 7 n5 n3 194 0.350 1
138 8 n5 n1 0 0.350 0
138 9 n5 n5 0 0.350 0
138 10 n1 n5 0 0.400 0
138 11 n1 n3 208 0.400 1
138 12 n1 n1 207 0.400 0
139 1 n4 n1 0 0.880 0
139 2 n4 n5 0 0.880 0
139 3 n4 n3 220 0.880 1
139 4 n3 n5 0 0.140 0
139 5 n3 n1 176 0.140 0
139 6 n3 n3 239 0.140 1
139 7 n5 n3 194 1.450 1
139 8 n5 n1 0 1.450 0
139 9 n5 n5 0 1.450 0
139 10 n1 n5 0 0.360 0
139 11 n1 n3 212 0.360 1
139 12 n1 n1 207 0.360 0
140 1 n4 n1 0 0.960 0
140 2 n4 n5 0 0.960 0
140 3 n4 n3 221 0.960 1
140 4 n3 n5 0 0.210 0
140 5 n3 n1 179 0.210 0
140 6 n3 n3 239 0.210 1
140 7 n5 n3 183 0.500 1
140 8 n5 n1 0 0.500 0
140 9 n5 n5 0 0.500 0
140 10 n1 n5 0 0.030 0
140 11 n1 n3 212 0.030 0
140 12 n1 n1 213 0.030 1
141 1 n4 n1 0 0.010 0
141 2 n4 n5 0 0.010 0
141 3 n4 n3 225 0.010 1
141 4 n3 n5 0 0.300 0
141 5 n3 n1 182 0.300 0
141 6 n3 n3 241 0.300 1
141 7 n5 n3 170 0.060 1
141 8 n5 n1 0 0.060 0
141 9 n5 n5 0 0.060 0
141 10 n1 n5 0 0.100 0
141 11 n1 n3 220 0.100 1
141 12 n1 n1 217 0.100 0
142 1 n4 n1 0 0.580 0
142 2 n4 n5 0 0.580 0
142 3 n4 n3 226 0.580 1
142 4 n3 n5 0 0.510 0
142 5 n3 n1 184 0.510 0
142 6 n3 n3 243 0.510 1
142 7 n5 n3 166 0.650 1
142 8 n5 n1 0 0.650 0
142 9 n5 n5 0 0.650 0
142 10 n1 n5 0 0.080 0
142 11 n1 n3 220 0.080 1
142 12 n1 n1 220 0.080 0
143 1 n4 n1 0 0.130 0
143 2 n4 n5 0 0.130 0
143 3 n4 n3 230 0.130 1
143 4 n3 n5 0 0.060 0
143 5 n3 n1 183 0.060 0
143 6 n3 n3 243 0.060 1
143 7 n5 n3 166 1.750 1
143 8 n5 n1 0 1.750 0
143 9 n5 n5 0 1.750 0
143 10 n1 n5 0 0.150 0
143 11 n1 n3 221 0.150 1
143 12 n1 n1 221 0.150 0
144 1 n4 n1 0 0.230 0
144 2 n4 n5 0 0.230 0
144 3 n4 n3 231 0.230 1
144 4 n3 n5 0 0.120 0
144 5 n3 n1 181 0.120 0
144 6 n3 n3 243 0.120 1
144 7 n5 n3 151 0.260 1
144 8 n5 n1 0 0.260 0
144 9 n5 n5 0 0.260 0
144 10 n1 n5 0 0.250 0
144 11 n1 n3 221 0.250 1
144 12 n1 n1 220 0.250 0
145 1 n4 n1 0 0.300 0
145 2 n4 n5 0 0.300 0
145 3 n4 n3 231 0.300 1
145 4 n3 n5 0 0.120 0
145 5 n3 n1 186 0.120 0
145 6 n3 n3 243 0.120 1
145 7 n5 n3 151 1.360 1
145 8 n5 n1 0 1.360 0
145 9 n5 n5 0 1.360 0
145 10 n1 n5 0 0.330 0
145 11 n1 n3 220 0.330 1
145 12 n1 n1 220 0.330 0
146 1 n4 n1 0 0.400 0
146 2 n4 n5 0 0.400 0
146 3 n4 n3 230 0.400 1
146 4 n3 n5 0 0.310 0
146 5 n3 n1 191 0.310 0
146 6 n3 n3 243 0.310 1
146 7 n5 n3 143 0.950 1
146 8 n5 n1 0 0.950 0
146 9 n5 n5 0 0.950 0
146 10 n1 n5 0 0.040 0
146 11 n1 n3 215 0.040 0
146 12 n1 n1 226 0.040 1
147 1 n4 n1 0 0.450 0
147 2 n4 n5 0 0.450 0
147 3 n4 n3 230 0.450 1
147 4 n3 n5 0 0.360 0
147 5 n3 n1 190 0.360 0
147 6 n3 n3 242 0.360 1
147 7 n5 n3 119 0.020 1
147 8 n5 n1 0 0.020 0
147 9 n5 n5 0 0.020 0
147 10 n1 n5 0 0.100 0
147 11 n1 n3 212 0.100 0
147 12 n1 n1 229 0.100 1
148 1 n4 n1 0 0.030 0
148 2 n4 n5 0 0.030 0
148 3 n4 n3 229 0.030 1
148 4 n3 n5 0 0.350 0
148 5 n3 n1 191 0.350 0
148 6 n3 n3 242 0.350 1
148 7 n5 n3 119 1.130 1
148 8 n5 n1 0 1.130 0
148 9 n5 n5 0 1.130 0
148 10 n1 n5 0 0.050 0
148 11 n1 n3 206 0.050 0
148 12 n1 n1 229 0.050 1
149 1 n4 n1 0 0.110 0
149 2 n4 n5 0 0.110 0
149 3 n4 n3 230 0.110 1
149 4 n3 n5 0 0.030 0
149 5 n3 n1 194 0.030 0
149 6 n3 n3 242 0.030 1
149 7 n5 n3 102 0.160 1
149 8 n5 n1 0 0.160 0
149 9 n5 n5 0 0.160 0
149 10 n1 n5 0 0.110 0
149 11 n1 n3 207 0.110 0
149 12 n1 n1 228 0.110 1
150 1 n4 n1 0 0.210 0
150 2 n4 n5 0 0.210 0
150 3 n4 n3 232 0.210 1
150 4 n3 n5 0 0.010 0
150 5 n3 n1 198 0.010 0
150 6 n3 n3 242 0.010 1
150 7 n5 n3 102 1.290 1
150 8 n5 n1 0 1.290 0
150 9 n5 n5 0 1.290 0
150 10 n1 n5 0 0.190 0
150 11 n1 n3 209 0.190 0
150 12 n1 n1 226 0.190 1
151 1 n4 n1 0 0.270 0
151 2 n4 n5 0 0.270 0
151 3 n4 n3 232 0.270 1
151 4 n3 n5 0 0.090 0
151 5 n3 n1 204 0.090 0
151 6 n3 n3 242 0.090 1
151 7 n5 n3 93 0.850 1
151 8 n5 n1 0 0.850 0
151 9 n5 n5 0 0.850 0
151 10 n1 n5 0 0.270 0
151 11 n1 n3 203 0.270 0
151 12 n1 n1 228 0.270 1
152 1 n4 n1 0 0.370 0
152 2 n4 n5 0 0.370 0
152 3 n4 n3 232 0.370 1
152 4 n3 n5 0 0.210 0
152 5 n3 n1 208 0.210 0
152 6 n3 n3 242 0.210 1
152 7 n5 n3 82 0.400 1
152 8 n5 n1 0 0.400 0
152 9 n5 n5 0 0.400 0
152 10 n1 n5 0 0.330 0
152 11 n1 n3 201 0.330 0
152 12 n1 n1 230 0.330 1
153 1 n4 n1 0 0.400 0
153 2 n4 n5 0 0.400 0
153 3 n4 n3 232 0.400 1
153 4 n3 n5 0 0.290 0
153 5 n3 n1 206 0.290 0
153 6 n3 n3 242 0.290 1
153 7 n5 n3 62 0.410 1
153 8 n5 n1 0 0.410 0
153 9 n5 n5 0 0.410 0
153 10 n1 n5 0 0.030 0
153 11 n1 n3 201 0.030 0
153 12 n1 n1 237 0.030 1
154 1 n4 n1 0 0.000 0
154 2 n4 n5 0 0.000 0
154 3 n4 n3 233 0.000 1
154 4 n3 n5 0 0.360 0
154 5 n3 n1 207 0.360 0
154 6 n3 n3 242 0.360 1
154 7 n5 n3 50 0.020 1
154 8 n5 n1 0 0.020 0
154 9 n5 n5 0 0.020 0
154 10 n1 n5 0 0.360 0
154 11 n1 n3 199 0.360 0
154 12 n1 n1 236 0.360 1
155 1 n4 n1 0 0.130 0
155 2 n4 n5 0 0.130 0
155 3 n4 n3 234 0.130 1
155 4 n3 n5 0 0.090 0
155 5 n3 n1 204 0.090 0
155 6 n3 n3 245 0.090 1
155 7 n5 n3 33 0.110 1
155 8 n5 n1 0 0.110 0
155 9 n5 n5 0 0.110 0
155 10 n1 n5 0 0.120 0
155 11 n1 n3 204 0.120 0
155 12 n1 n1 237 0.120 1
156 1 n4 n1 0 0.210 0
156 2 n4 n5 0 0.210 0
156 3 n4 n3 236 0.210 1
156 4 n3 n5 0 0.090 0
156 5 n3 n1 209 0.090 0
156 6 n3 n3 246 0.090 1
156 7 n5 n3 20 0.200 1
156 8 n5 n1 0 0.200 0
156 9 n5 n5 0 0.200 0
156 10 n1 n5 0 0.230 0
156 11 n1 n3 209 0.230 0
156 12 n1 n1 239 0.230 1
157 1 n4 n1 0 0.320 0
157 2 n4 n5 0 0.320 0
157 3 n4 n3 236 0.320 1
157 4 n3 n5 0 0.200 0
157 5 n3 n1 207 0.200 0
157 6 n3 n3 246 0.200 1
157 7 n5 n3 19 0.310 1
157 8 n5 n1 0 0.310 0
157 9 n5 n5 0 0.310 0
157 10 n1 n5 0 0.300 0
157 11 n1 n3 215 0.300 0
157 12 n1 n1 244 0.300 1
158 1 n4 n1 0 0.380 0
158 2 n4 n5 0 0.380 0
158 3 n4 n3 236 0.380 1
158 4 n3 n5 0 0.390 0
158 5 n3 n1 206 0.390 0
158 6 n3 n3 246 0.390 1
158 7 n5 n3 19 1.400 1
158 8 n5 n1 0 1.400 0
158 9 n5 n5 0 1.400 0
158 10 n1 n5 0 0.340 0
158 11 n1 n3 220 0.340 0
158 12 n1 n1 247 0.340 1
159 1 n4 n5 0 0.480 0
159 2 n4 n3 236 0.480 1
159 3 n3 n5 0 0.380 0
159 4 n3 n1 207 0.380 0
159 5 n3 n3 246 0.380 1
159 6 n5 n3 19 0.490 1
159 7 n5 n1 0 0.490 0
159 8 n5 n5 0 0.490 0
159 9 n1 n5 0 0.010 0
159 10 n1 n3 225 0.010 0
159 11 n1 n1 251 0.010 1
160 1 n4 n5 0 0.050 0
160 2 n4 n3 236 0.050 1
160 3 n3 n5 0 0.040 0
160 4 n3 n1 205 0.040 0
160 5 n3 n3 246 0.040 1
160 6 n5 n3 28 0.040 1
160 7 n5 n1 0 0.040 0
160 8 n5 n5 0 0.040 0
160 9 n1 n5 0 0.090 0
160 10 n1 n3 229 0.090 0
160 11 n1 n1 254 0.090 1
161 1 n4 n5 0 0.100 0
161 2 n4 n3 235 0.100 1
161 3 n3 n5 0 0.000 0
161 4 n3 n1 207 0.000 0
161 5 n3 n3 246 0.000 1
161 6 n5 n3 37 0.110 1
161 7 n5 n1 0 0.110 0
161 8 n5 n5 0 0.110 0
161 9 n1 n5 0 0.050 0
161 10 n1 n3 224 0.050 0
161 11 n1 n1 255 0.050 1
162 1 n4 n5 7 0.150 0
162 2 n4 n3 231 0.150 1
162 3 n3 n5 3 0.180 0
162 4 n3 n1 212 0.180 0
162 5 n3 n3 246 0.180 1
162 6 n5 n3 45 0.180 1
162 7 n5 n1 0 0.180 0
162 8 n5 n5 11 0.180 0
162 9 n1 n5 3 0.090 0
162 10 n1 n3 216 0.090 0
162 11 n1 n1 255 0.090 1
163 1 n4 n5 10 0.230 0
163 2 n4 n3 232 0.230 1
163 3 n3 n5 3 0.170 0
163 4 n3 n1 218 0.170 0
163 5 n3 n3 246 0.170 1
163 6 n5 n3 59 0.170 1
163 7 n5 n1 0 0.170 0
163 8 n5 n5 18 0.170 0
163 9 n1 n5 7 0.150 0
163 10 n1 n3 207 0.150 0
163 11 n1 n1 255 0.150 1
164 1 n4 n5 11 0.290 0
164 2 n4 n3 240 0.290 1
164 3 n3 n5 0 0.370 0
164 4 n3 n1 221 0.370 0
164 5 n3 n3 250 0.370 1
164 6 n5 n3 69 0.220 1
164 7 n5 n1 0 0.220 0
164 8 n5 n5 19 0.220 0
164 9 n1 n5 7 0.330 0
164 10 n1 n3 205 0.330 0
164 11 n1 n1 255 0.330 1
165 1 n4 n5 11 0.430 0
165 2 n4 n3 243 0.430 1
165 3 n3 n5 0 0.350 0
165 4 n3 n1 221 0.350 0
165 5 n3 n3 253 0.350 1
165 6 n5 n3 75 0.310 1
165 7 n5 n1 0 0.310 0
165 8 n5 n5 22 0.310 0
165 9 n1 n5 7 0.080 0
165 10 n1 n3 202 0.080 0
165 11 n1 n1 255 0.080 1
166 1 n4 n5 12 0.490 0
166 2 n4 n3 240 0.490 1
166 3 n3 n5 0 0.030 0
166 4 n3 n1 216 0.030 0
166 5 n3 n3 251 0.030 1
166 6 n5 n3 80 0.380 1
166 7 n5 n1 0 0.380 0
166 8 n5 n5 0 0.380 0
166 9 n1 n5 0 0.030 0
166 10 n1 n3 0 0.030 0
166 11 n1 n1 254 0.030 1
167 1 n4 n5 15 0.040 0
167 2 n4 n3 234 0.040 1
167 3 n3 n5 12 0.090 0
167 4 n3 n1 219 0.090 0
167 5 n3 n3 250 0.090 1
167 6 n5 n3 88 0.180 1
167 7 n5 n1 0 0.180 0
167 8 n5 n5 22 0.180 0
167 9 n1 n5 10 0.100 0
167 10 n1 n3 208 0.100 0
167 11 n1 n1 254 0.100 1
168 1 n4 n5 14 0.110 0
168 2 n4 n3 230 0.110 1
168 3 n3 n5 12 0.040 0
168 4 n3 n1 221 0.040 0
168 5 n3 n3 250 0.040 1
168 6 n5 n3 94 0.020 1
168 7 n5 n1 0 0.020 0
168 8 n5 n5 21 0.020 0
168 9 n1 n5 10 0.030 0
168 10 n1 n3 204 0.030 0
168 11 n1 n1 255 0.030 1
169 1 n4 n5 14 0.180 0
169 2 n4 n3 225 0.180 1
169 3 n3 n5 12 0.130 0
169 4 n3 n1 226 0.130 0
169 5 n3 n3 249 0.130 1
169 6 n5 n3 92 0.090 1
169 7 n5 n1 0 0.090 0
169 8 n5 n5 20 0.090 0
169 9 n1 n5 9 0.090 0
169 10 n1 n3 199 0.090 0
169 11 n1 n1 255 0.090 1
170 1 n4 n5 15 0.220 0
170 2 n4 n3 218 0.220 1
170 3 n3 n5 12 0.060 0
170 4 n3 n1 226 0.060 0
170 5 n3 n3 246 0.060 1
170 6 n5 n3 94 0.130 1
170 7 n5 n1 0 0.130 0
170 8 n5 n5 20 0.130 0
170 9 n1 n5 9 0.270 0
170 10 n1 n3 198 0.270 0
170 11 n1 n1 255 0.270 1
171 1 n4 n5 15 0.310 0
171 2 n4 n3 213 0.310 1
171 3 n3 n5 12 0.180 0
171 4 n3 n1 221 0.180 0
171 5 n3 n3 243 0.180 1
171 6 n5 n3 100 0.230 1
171 7 n5 n1 0 0.230 0
171 8 n5 n5 19 0.230 0
171 9 n1 n5 10 0.310 0
171 10 n1 n3 198 0.310 0
171 11 n1 n1 255 0.310 1
172 1 n4 n5 15 1.400 0
172 2 n4 n3 213 1.400 1
172 3 n3 n5 15 0.250 0
172 4 n3 n1 215 0.250 0
172 5 n3 n3 242 0.250 1
172 6 n5 n3 107 0.250 1
172 7 n5 n1 0 0.250 0
172 8 n5 n5 20 0.250 0
172 9 n1 n5 10 0.340 0
172 10 n1 n3 197 0.340 0
172 11 n1 n1 255 0.340 1
173 1 n4 n5 17 0.430 0
173 2 n4 n3 213 0.430 1
173 3 n3 n5 17 0.290 0
173 4 n3 n1 217 0.290 0
173 5 n3 n3 242 0.290 1
173 6 n5 n3 108 0.040 1
173 7 n5 n1 0 0.040 0
173 8 n5 n5 24 0.040 0
173 9 n1 n5 0 0.040 0
173 10 n1 n3 0 0.040 0
173 11 n1 n1 255 0.040 1
174 1 n4 n5 20 0.490 0
174 2 n4 n3 211 0.490 1
174 3 n3 n5 17 0.040 0
174 4 n3 n1 217 0.040 0
174 5 n3 n3 240 0.040 1
174 6 n5 n3 112 0.160 1
174 7 n5 n1 0 0.160 0
174 8 n5 n5 26 0.160 0
174 9 n1 n5 0 0.020 0
174 10 n1 n3 0 0.020 0
174 11 n1 n1 255 0.020 1
175 1 n4 n5 23 0.040 0
175 2 n4 n3 208 0.040 1
175 3 n3 n5 17 0.060 0
175 4 n3 n1 217 0.060 0
175 5 n3 n3 238 0.060 1
175 6 n5 n3 117 0.060 1
175 7 n5 n1 0 0.060 0
175 8 n5 n5 27 0.060 0
175 9 n1 n5 0 0.070 0
175 10 n1 n3 0 0.070 0
175 11 n1 n1 255 0.070 1
176 1 n4 n5 31 0.120 0
176 2 n4 n3 207 0.120 1
176 3 n3 n5 25 0.150 0
176 4 n3 n1 209 0.150 0
176 5 n3 n3 235 0.150 1
176 6 n5 n3 121 0.150 1
176 7 n5 n1 0 0.150 0
176 8 n5 n5 34 0.150 0
176 9 n1 n5 0 0.180 0
176 10 n1 n3 0 0.180 0
176 11 n1 n1 255 0.180 1
177 1 n4 n5 44 0.250 0
177 2 n4 n3 207 0.250 1
177 3 n3 n5 39 0.040 0
177 4 n3 n1 207 0.040 0
177 5 n3 n3 233 0.040 1
177 6 n5 n3 127 0.270 1
177 7 n5 n1 0 0.270 0
177 8 n5 n5 41 0.270 0
177 9 n1 n5 0 0.120 0
177 10 n1 n3 208 0.120 0
177 11 n1 n1 255 0.120 1
178 1 n4 n5 62 0.320 0
178 2 n4 n3 208 0.320 1
178 3 n3 n5 50 0.090 0
178 4 n3 n1 209 0.090 0
178 5 n3 n3 234 0.090 1
178 6 n5 n3 129 0.480 1
178 7 n5 n1 0 0.480 0
178 8 n5 n5 57 0.480 0
178 9 n1 n5 50 0.310 0
178 10 n1 n3 208 0.310 0
178 11 n1 n1 255 0.310 1
179 1 n4 n5 70 0.380 0
179 2 n4 n3 206 0.380 1
179 3 n3 n5 57 0.150 0
179 4 n3 n1 209 0.150 0
179 5 n3 n3 235 0.150 1
179 6 n5 n3 137 0.040 1
179 7 n5 n1 0 0.040 0
179 8 n5 n5 75 0.040 0
179 9 n1 n5 50 0.380 0
179 10 n1 n3 208 0.380 0
179 11 n1 n1 255 0.380 1
180 1 n4 n5 80 0.440 0
180 2 n4 n3 205 0.440 1
180 3 n3 n5 65 0.220 0
180 4 n3 n1 205 0.220 0
180 5 n3 n3 235 0.220 1
180 6 n5 n3 140 0.100 1
180 7 n5 n1 0 0.100 0
180 8 n5 n5 85 0.100 0
180 9 n1 n5 0 0.000 0
180 10 n1 n3 0 0.000 0
180 11 n1 n1 255 0.000 1
181 1 n4 n5 93 0.010 0
181 2 n4 n3 205 0.010 1
181 3 n3 n5 73 0.050 0
181 4 n3 n1 201 0.050 0
181 5 n3 n3 235 0.050 1
181 6 n5 n3 142 0.190 1
181 7 n5 n1 0 0.190 0
181 8 n5 n5 96 0.190 0
181 9 n1 n5 0 0.080 0
181 10 n1 n3 0 0.080 0
181 11 n1 n1 255 0.080 1
182 1 n4 n5 101 0.590 0
182 2 n4 n3 205 0.590 1
182 3 n3 n5 80 0.140 0
182 4 n3 n1 199 0.140 0
182 5 n3 n3 234 0.140 1
182 6 n5 n3 141 0.270 1
182 7 n5 n1 0 0.270 0
182 8 n5 n5 104 0.270 0
182 9 n1 n5 0 0.030 0
182 10 n1 n3 212 0.030 0
182 11 n1 n1 255 0.030 1
183 1 n4 n5 104 0.140 0
183 2 n4 n3 200 0.140 1
183 3 n3 n5 83 0.220 0
183 4 n3 n1 203 0.220 0
183 5 n3 n3 231 0.220 1
183 6 n5 n3 142 0.070 1
183 7 n5 n1 0 0.070 0
183 8 n5 n5 108 0.070 0
183 9 n1 n5 77 0.200 0
183 10 n1 n3 208 0.200 0
183 11 n1 n1 255 0.200 1
184 1 n4 n5 108 0.020 0
184 2 n4 n3 193 0.020 1
184 3 n3 n5 90 0.010 0
184 4 n3 n1 203 0.010 0
184 5 n3 n3 227 0.010 1
184 6 n5 n3 142 0.000 1
184 7 n5 n1 0 0.000 0
184 8 n5 n5 114 0.000 0
184 9 n1 n5 77 0.150 0
184 10 n1 n3 202 0.150 0
184 11 n1 n1 254 0.150 1
185 1 n4 n5 0 0.320 0
185 2 n4 n3 191 0.320 1
185 3 n3 n5 95 0.140 0
185 4 n3 n1 194 0.140 0
185 5 n3 n3 223 0.140 1
185 6 n5 n3 142 0.230 1
185 7 n5 n1 0 0.230 0
185 8 n5 n5 123 0.230 0
185 9 n1 n5 0 0.240 0
185 10 n1 n3 197 0.240 0
185 11 n1 n1 252 0.240 1
186 1 n4 n5 0 0.430 0
186 2 n4 n3 187 0.430 1
186 3 n3 n5 99 0.320 0
186 4 n3 n1 193 0.320 0
186 5 n3 n3 219 0.320 1
186 6 n5 n3 140 0.020 1
186 7 n5 n1 0 0.020 0
186 8 n5 n5 133 0.020 0
186 9 n1 n5 0 0.320 0
186 10 n1 n3 194 0.320 0
186 11 n1 n1 248 0.320 1
187 1 n4 n5 0 0.020 0
187 2 n4 n3 188 0.020 1
187 3 n3 n5 100 0.060 0
187 4 n3 n1 195 0.060 0
187 5 n3 n3 219 0.060 1
187 6 n5 n3 139 0.110 1
187 7 n5 n1 0 0.110 0
187 8 n5 n5 137 0.110 0
187 9 n1 n5 0 0.030 0
187 10 n1 n3 186 0.030 0
187 11 n1 n1 246 0.030 1
188 1 n4 n5 0 1.120 0
188 2 n4 n3 188 1.120 1
188 3 n3 n5 0 0.010 0
188 4 n3 n1 193 0.010 0
188 5 n3 n3 219 0.010 1
188 6 n5 n3 137 0.180 0
188 7 n5 n1 119 0.180 0
188 8 n5 n5 143 0.180 1
188 9 n1 n5 0 0.100 0
188 10 n1 n3 191 0.100 0
188 11 n1 n1 245 0.100 1
189 1 n4 n5 0 0.640 0
189 2 n4 n3 190 0.640 1
189 3 n3 n5 110 0.090 0
189 4 n3 n1 191 0.090 0
189 5 n3 n3 219 0.090 1
189 6 n5 n3 146 0.150 0
189 7 n5 n1 125 0.150 0
189 8 n5 n5 148 0.150 1
189 9 n1 n5 0 0.050 0
189 10 n1 n3 191 0.050 0
189 11 n1 n1 243 0.050 1
190 1 n4 n5 0 0.160 0
190 2 n4 n3 196 0.160 1
190 3 n3 n5 113 0.160 0
190 4 n3 n1 193 0.160 0
190 5 n3 n3 218 0.160 1
190 6 n5 n3 147 0.210 0
190 7 n5 n1 131 0.210 0
190 8 n5 n5 151 0.210 1
190 9 n1 n5 0 0.110 0
190 10 n1 n3 189 0.110 0
190 11 n1 n1 241 0.110 1
191 1 n4 n5 0 0.240 0
191 2 n4 n3 201 0.240 1
191 3 n3 n5 118 0.220 0
191 4 n3 n1 189 0.220 0
191 5 n3 n3 216 0.220 1
191 6 n5 n3 150 0.160 0
191 7 n5 n1 129 0.160 0
191 8 n5 n5 154 0.160 1
191 9 n1 n5 0 0.190 0
191 10 n1 n3 188 0.190 0
191 11 n1 n1 237 0.190 1
192 1 n4 n5 0 0.300 0
192 2 n4 n3 202 0.300 1
192 3 n3 n5 120 0.280 0
192 4 n3 n1 182 0.280 0
192 5 n3 n3 215 0.280 1
192 6 n5 n3 151 0.200 0
192 7 n5 n1 127 0.200 0
192 8 n5 n5 156 0.200 1
192 9 n1 n5 0 0.260 0
192 10 n1 n3 194 0.260 0
192 11 n1 n1 231 0.260 1
193 1 n4 n5 0 0.360 0
193 2 n4 n3 202 0.360 1
193 3 n3 n5 125 0.320 0
193 4 n3 n1 177 0.320 0
193 5 n3 n3 215 0.320 1
193 6 n5 n3 152 0.260 0
193 7 n5 n1 125 0.260 0
193 8 n5 n5 160 0.260 1
193 9 n1 n5 0 0.340 0
193 10 n1 n3 199 0.340 0
193 11 n1 n1 227 0.340 1
194 1 n4 n5 0 0.420 0
194 2 n4 n3 202 0.420 1
194 3 n3 n5 134 0.400 0
194 4 n3 n1 178 0.400 0
194 5 n3 n3 215 0.400 1
194 6 n5 n3 155 0.030 0
194 7 n5 n1 129 0.030 0
194 8 n5 n5 169 0.030 1
194 9 n1 n5 0 0.010 0
194 10 n1 n3 202 0.010 0
194 11 n1 n1 231 0.010 1
195 1 n4 n5 0 0.520 0
195 2 n4 n3 202 0.520 1
195 3 n3 n5 138 0.070 0
195 4 n3 n1 178 0.070 0
195 5 n3 n3 216 0.070 1
195 6 n5 n3 159 0.020 0
195 7 n5 n1 129 0.020 0
195 8 n5 n5 174 0.020 1
195 9 n1 n5 0 0.060 0
195 10 n1 n3 203 0.060 0
195 11 n1 n1 233 0.060 1
196 1 n4 n5 0 0.080 0
196 2 n4 n3 207 0.080 1
196 3 n3 n5 144 0.050 0
196 4 n3 n1 184 0.050 0
196 5 n3 n3 218 0.050 1
196 6 n5 n3 163 0.110 0
196 7 n5 n1 145 0.110 0
196 8 n5 n5 176 0.110 1
196 9 n1 n5 0 0.020 0
196 10 n1 n3 201 0.020 0
196 11 n1 n1 235 0.020 1
197 1 n4 n5 0 0.220 0
197 2 n4 n3 210 0.220 1
197 3 n3 n5 150 0.150 0
197 4 n3 n1 186 0.150 0
197 5 n3 n3 219 0.150 1
197 6 n5 n3 165 0.220 0
197 7 n5 n1 149 0.220 0
197 8 n5 n5 179 0.220 1
197 9 n1 n5 0 0.140 0
197 10 n1 n3 201 0.140 0
197 11 n1 n1 237 0.140 1
198 1 n4 n5 0 0.290 0
198 2 n4 n3 210 0.290 1
198 3 n3 n5 157 0.220 0
198 4 n3 n1 186 0.220 0
198 5 n3 n3 219 0.220 1
198 6 n5 n3 171 0.270 0
198 7 n5 n1 154 0.270 0
198 8 n5 n5 185 0.270 1
198 9 n1 n5 0 0.200 0
198 10 n1 n3 201 0.200 0
198 11 n1 n1 238 0.200 1
199 1 n4 n5 0 0.400 0
199 2 n4 n3 210 0.400 1
199 3 n3 n5 166 0.300 0
199 4 n3 n1 186 0.300 0
199 5 n3 n3 219 0.300 1
199 6 n5 n3 177 0.330 0
199 7 n5 n1 157 0.330 0
199 8 n5 n5 193 0.330 1
199 9 n1 n5 0 0.280 0
199 10 n1 n3 202 0.280 0
199 11 n1 n1 238 0.280 1
200 1 n4 n5 0 0.970 0
200 2 n4 n3 211 0.970 1
200 3 n3 n5 175 0.340 0
200 4 n3 n1 180 0.340 0
200 5 n3 n3 222 0.340 1
200 6 n5 n3 184 0.000 0
200 7 n5 n1 159 0.000 0
200 8 n5 n5 205 0.000 1
200 9 n1 n5 0 0.370 0
200 10 n1 n3 208 0.370 0
200 11 n1 n1 234 0.370 1
201 1 n4 n5 0 0.000 0
201 2 n4 n3 216 0.000 1
201 3 n3 n5 188 0.040 0
201 4 n3 n1 180 0.040 0
201 5 n3 n3 226 0.040 1
201 6 n5 n3 191 0.110 0
201 7 n5 n1 157 0.110 0
201 8 n5 n5 212 0.110 1
201 9 n1 n5 0 0.040 0
201 10 n1 n3 207 0.040 0
201 11 n1 n1 229 0.040 1
202 1 n4 n5 0 0.030 0
202 2 n4 n3 216 0.030 1
202 3 n3 n5 190 0.080 0
202 4 n3 n1 180 0.080 0
202 5 n3 n3 225 0.080 1
202 6 n5 n3 193 0.050 0
202 7 n5 n1 157 0.050 0
202 8 n5 n5 216 0.050 1
202 9 n1 n5 178 0.100 0
202 10 n1 n3 205 0.100 0
202 11 n1 n1 225 0.100 1
203 1 n4 n5 0 0.670 0
203 2 n4 n3 215 0.670 1
203 3 n3 n5 199 0.060 0
203 4 n3 n1 181 0.060 0
203 5 n3 n3 223 0.060 1
203 6 n5 n3 191 0.170 0
203 7 n5 n1 158 0.170 0
203 8 n5 n5 220 0.170 1
203 9 n1 n5 181 0.110 0
203 10 n1 n3 199 0.110 0
203 11 n1 n1 223 0.110 1
204 1 n4 n5 0 0.240 0
204 2 n4 n3 215 0.240 1
204 3 n3 n5 212 0.110 0
204 4 n3 n1 185 0.110 0
204 5 n3 n3 224 0.110 1
204 6 n5 n3 194 0.250 0
204 7 n5 n1 0 0.250 0
204 8 n5 n5 226 0.250 1
204 9 n1 n5 186 0.050 0
204 10 n1 n3 199 0.050 0
204 11 n1 n1 222 0.050 1
205 1 n4 n5 0 0.340 0
205 2 n4 n3 217 0.340 1
205 3 n3 n5 214 0.190 0
205 4 n3 n1 188 0.190 0
205 5 n3 n3 227 0.190 1
205 6 n5 n3 200 0.330 0
205 7 n5 n1 0 0.330 0
205 8 n5 n5 233 0.330 1
205 9 n1 n5 188 0.210 0
205 10 n1 n3 200 0.210 0
205 11 n1 n1 222 0.210 1
206 1 n4 n5 0 0.380 0
206 2 n4 n3 219 0.380 1
206 3 n3 n5 216 0.260 0
206 4 n3 n1 190 0.260 0
206 5 n3 n3 229 0.260 1
206 6 n5 n3 199 0.380 0
206 7 n5 n1 0 0.380 0
206 8 n5 n5 237 0.380 1
206 9 n1 n5 182 0.130 0
206 10 n1 n3 199 0.130 0
206 11 n1 n1 222 0.130 1
207 1 n4 n5 0 0.490 0
207 2 n4 n3 220 0.490 1
207 3 n3 n5 216 0.360 0
207 4 n3 n1 189 0.360 0
207 5 n3 n3 230 0.360 1
207 6 n5 n3 196 0.030 0
207 7 n5 n1 0 0.030 0
207 8 n5 n5 236 0.030 1
207 9 n1 n5 182 0.220 0
207 10 n1 n3 195 0.220 0
207 11 n1 n1 220 0.220 1
208 1 n4 n5 0 0.030 0
208 2 n4 n3 218 0.030 1
208 3 n3 n5 212 0.020 0
208 4 n3 n1 191 0.020 0
208 5 n3 n3 227 0.020 1
208 6 n5 n3 187 0.100 0
208 7 n5 n1 0 0.100 0
208 8 n5 n5 236 0.100 1
208 9 n1 n5 183 0.030 0
208 10 n1 n3 190 0.030 0
208 11 n1 n1 220 0.030 1
209 1 n4 n5 0 0.090 0
209 2 n4 n3 218 0.090 1
209 3 n3 n5 216 0.070 0
209 4 n3 n1 185 0.070 0
209 5 n3 n3 227 0.070 1
209 6 n5 n3 181 0.070 0
209 7 n5 n1 0 0.070 0
209 8 n5 n5 237 0.070 1
209 9 n1 n5 187 0.090 0
209 10 n1 n3 202 0.090 0
209 11 n1 n1 221 0.090 1
210 1 n4 n5 0 0.200 0
210 2 n4 n3 217 0.200 1
210 3 n3 n5 218 0.050 0
210 4 n3 n1 188 0.050 0
210 5 n3 n3 226 0.050 1
210 6 n5 n3 175 0.140 0
210 7 n5 n1 0 0.140 0
210 8 n5 n5 239 0.140 1
210 9 n1 n5 196 0.060 0
210 10 n1 n3 201 0.060 0
210 11 n1 n1 222 0.060 1
211 1 n4 n5 0 0.300 0
211 2 n4 n3 214 0.300 1
211 3 n3 n5 221 0.140 0
211 4 n3 n1 194 0.140 0
211 5 n3 n3 223 0.140 1
211 6 n5 n3 171 0.210 0
211 7 n5 n1 177 0.210 0
211 8 n5 n5 239 0.210 1
211 9 n1 n5 194 0.140 0
211 10 n1 n3 191 0.140 0
211 11 n1 n1 223 0.140 1
212 1 n4 n1 188 0.270 0
212 2 n4 n5 219 0.270 1
212 3 n4 n3 211 0.270 0
212 4 n3 n5 224 0.230 1
212 5 n3 n1 196 0.230 0
212 6 n3 n3 220 0.230 0
212 7 n5 n3 171 0.310 0
212 8 n5 n1 178 0.310 0
212 9 n5 n5 240 0.310 1
212 10 n1 n5 197 0.200 0
212 11 n1 n3 187 0.200 0
212 12 n1 n1 223 0.200 1
213 1 n4 n1 186 0.350 0
213 2 n4 n5 221 0.350 1
213 3 n4 n3 213 0.350 0
213 4 n3 n5 230 0.340 1
213 5 n3 n1 193 0.340 0
213 6 n3 n3 222 0.340 0
213 7 n5 n3 171 0.000 0
213 8 n5 n1 178 0.000 0
213 9 n5 n5 243 0.000 1
213 10 n1 n5 202 0.300 0
213 11 n1 n3 189 0.300 0
213 12 n1 n1 221 0.300 1
214 1 n4 n1 195 0.010 0
214 2 n4 n5 223 0.010 1
214 3 n4 n3 219 0.010 0
214 4 n3 n5 233 0.060 1
214 5 n3 n1 196 0.060 0
214 6 n3 n3 228 0.060 0
214 7 n5 n3 171 0.100 0
214 8 n5 n1 192 0.100 0
214 9 n5 n5 243 0.100 1
214 10 n1 n5 203 0.370 0
214 11 n1 n3 189 0.370 0
214 12 n1 n1 223 0.370 1
215 1 n4 n1 204 0.050 0
215 2 n4 n5 222 0.050 1
215 3 n4 n3 221 0.050 0
215 4 n3 n5 234 0.000 1
215 5 n3 n1 215 0.000 0
215 6 n3 n3 231 0.000 0
215 7 n5 n3 0 0.030 0
215 8 n5 n1 192 0.030 0
215 9 n5 n5 243 0.030 1
215 10 n1 n5 204 0.050 0
215 11 n1 n3 194 0.050 0
215 12 n1 n1 228 0.050 1
216 1 n4 n1 206 0.050 0
216 2 n4 n5 223 0.050 1
216 3 n4 n3 221 0.050 0
216 4 n3 n5 232 0.070 1
216 5 n3 n1 215 0.070 0
216 6 n3 n3 231 0.070 0
216 7 n5 n3 0 0.100 0
216 8 n5 n1 192 0.100 0
216 9 n5 n5 245 0.100 1
216 10 n1 n5 206 0.030 0
216 11 n1 n3 193 0.030 0
216 12 n1 n1 229 0.030 1
217 1 n4 n1 200 0.110 0
217 2 n4 n5 218 0.110 1
217 3 n4 n3 221 0.110 0
217 4 n3 n5 229 0.180 1
217 5 n3 n1 212 0.180 0
217 6 n3 n3 231 0.180 0
217 7 n5 n3 0 0.180 0
217 8 n5 n1 191 0.180 0
217 9 n5 n5 247 0.180 1
217 10 n1 n5 204 0.110 0
217 11 n1 n3 193 0.110 0
217 12 n1 n1 227 0.110 1
218 1 n4 n1 197 0.280 0
218 2 n4 n5 217 0.280 0
218 3 n4 n3 221 0.280 1
218 4 n3 n5 226 0.250 0
218 5 n3 n1 212 0.250 0
218 6 n3 n3 231 0.250 1
218 7 n5 n3 0 0.260 0
218 8 n5 n1 194 0.260 0
218 9 n5 n5 247 0.260 1
218 10 n1 n5 206 0.200 0
218 11 n1 n3 191 0.200 0
218 12 n1 n1 227 0.200 1
219 1 n4 n1 195 0.350 0
219 2 n4 n5 213 0.350 0
219 3 n4 n3 221 0.350 1
219 4 n3 n5 223 0.320 0
219 5 n3 n1 215 0.320 0
219 6 n3 n3 231 0.320 1
219 7 n5 n3 0 0.460 0
219 8 n5 n1 196 0.460 0
219 9 n5 n5 247 0.460 1
219 10 n1 n5 211 0.270 0
219 11 n1 n3 191 0.270 0
219 12 n1 n1 228 0.270 1
220 1 n4 n1 0 0.430 0
220 2 n4 n5 0 0.430 0
220 3 n4 n3 221 0.430 1
220 4 n3 n5 221 0.030 0
220 5 n3 n1 213 0.030 0
220 6 n3 n3 232 0.030 1
220 7 n5 n3 0 0.000 0
220 8 n5 n1 203 0.000 0
220 9 n5 n5 248 0.000 1
220 10 n1 n5 212 0.360 0
220 11 n1 n3 193 0.360 0
220 12 n1 n1 228 0.360 1
221 1 n4 n1 0 0.000 0
221 2 n4 n5 0 0.000 0
221 3 n4 n3 224 0.000 1
221 4 n3 n5 0 0.110 0
221 5 n3 n1 228 0.110 0
221 6 n3 n3 234 0.110 1
221 7 n5 n3 0 0.100 0
221 8 n5 n1 217 0.100 0
221 9 n5 n5 249 0.100 1
221 10 n1 n5 215 0.070 0
221 11 n1 n3 192 0.070 0
221 12 n1 n1 232 0.070 1
222 1 n4 n1 0 0.080 0
222 2 n4 n5 0 0.080 0
222 3 n4 n3 225 0.080 1
222 4 n3 n5 223 0.190 0
222 5 n3 n1 230 0.190 0
222 6 n3 n3 235 0.190 1
222 7 n5 n3 0 0.070 0
222 8 n5 n1 228 0.070 0
222 9 n5 n5 248 0.070 1
222 10 n1 n5 212 0.020 0
222 11 n1 n3 186 0.020 0
222 12 n1 n1 238 0.020 1
223 1 n4 n1 0 0.650 0
223 2 n4 n5 0 0.650 0
223 3 n4 n3 224 0.650 1
223 4 n3 n5 211 0.150 0
223 5 n3 n1 230 0.150 0
223 6 n3 n3 235 0.150 1
223 7 n5 n3 0 0.110 0
223 8 n5 n1 226 0.110 0
223 9 n5 n5 247 0.110 1
223 10 n1 n5 208 0.090 0
223 11 n1 n3 183 0.090 0
223 12 n1 n1 239 0.090 1
224 1 n4 n1 0 0.760 0
224 2 n4 n5 0 0.760 0
224 3 n4 n3 224 0.760 1
224 4 n3 n5 211 0.260 0
224 5 n3 n1 226 0.260 0
224 6 n3 n3 235 0.260 1
224 7 n5 n3 0 0.200 0
224 8 n5 n1 222 0.200 0
224 9 n5 n5 247 0.200 1
224 10 n1 n5 208 0.180 0
224 11 n1 n3 0 0.180 0
224 12 n1 n1 238 0.180 1
225 1 n4 n1 0 0.310 0
225 2 n4 n5 0 0.310 0
225 3 n4 n3 223 0.310 1
225 4 n3 n5 196 0.430 0
225 5 n3 n1 224 0.430 0
225 6 n3 n3 235 0.430 1
225 7 n5 n3 0 0.310 0
225 8 n5 n1 220 0.310 0
225 9 n5 n5 244 0.310 1
225 10 n1 n5 204 0.260 0
225 11 n1 n3 0 0.260 0
225 12 n1 n1 235 0.260 1
226 1 n4 n1 0 0.410 0
226 2 n4 n5 0 0.410 0
226 3 n4 n3 222 0.410 1
226 4 n3 n5 196 0.400 0
226 5 n3 n1 221 0.400 0
226 6 n3 n3 234 0.400 1
226 7 n5 n3 0 0.400 0
226 8 n5 n1 218 0.400 0
226 9 n5 n5 241 0.400 1
226 10 n1 n5 200 0.340 0
226 11 n1 n3 0 0.340 0
226 12 n1 n1 232 0.340 1
227 1 n4 n1 0 0.490 0
227 2 n4 n5 0 0.490 0
227 3 n4 n3 222 0.490 1
227 4 n3 n5 0 0.110 0
227 5 n3 n1 211 0.110 0
227 6 n3 n3 234 0.110 1
227 7 n5 n3 0 0.100 0
227 8 n5 n1 212 0.100 0
227 9 n5 n5 238 0.100 1
227 10 n1 n5 200 0.050 0
227 11 n1 n3 0 0.050 0
227 12 n1 n1 225 0.050 1
228 1 n4 n1 0 0.030 0
228 2 n4 n5 191 0.030 0
228 3 n4 n3 220 0.030 1
228 4 n3 n5 0 0.060 0
228 5 n3 n1 208 0.060 0
228 6 n3 n3 234 0.060 1
228 7 n5 n3 0 0.060 0
228 8 n5 n1 208 0.060 0
228 9 n5 n5 238 0.060 1
228 10 n1 n5 200 0.100 0
228 11 n1 n3 0 0.100 0
228 12 n1 n1 222 0.100 1
229 1 n4 n1 0 0.650 0
229 2 n4 n5 191 0.650 0
229 3 n4 n3 220 0.650 1
229 4 n3 n5 0 0.150 0
229 5 n3 n1 208 0.150 0
229 6 n3 n3 234 0.150 1
229 7 n5 n3 0 0.160 0
229 8 n5 n1 204 0.160 0
229 9 n5 n5 238 0.160 1
229 10 n1 n5 203 0.070 0
229 11 n1 n3 0 0.070 0
229 12 n1 n1 220 0.070 1
230 1 n4 n1 0 0.160 0
230 2 n4 n5 191 0.170 0
230 3 n4 n3 220 0.170 1
230 4 n3 n5 196 0.120 0
230 5 n3 n1 210 0.120 0
230 6 n3 n3 234 0.120 1
230 7 n5 n3 0 0.230 0
230 8 n5 n1 204 0.230 0
230 9 n5 n5 238 0.230 1
230 10 n1 n5 205 0.140 0
230 11 n1 n3 0 0.140 0
230 12 n1 n1 220 0.140 1
231 1 n4 n1 0 0.250 0
231 2 n4 n5 191 0.250 0
231 3 n4 n3 220 0.250 1
231 4 n3 n5 197 0.190 0
231 5 n3 n1 212 0.190 0
231 6 n3 n3 234 0.190 1
231 7 n5 n3 0 0.280 0
231 8 n5 n1 207 0.280 0
231 9 n5 n5 238 0.280 1
231 10 n1 n5 206 0.240 0
231 11 n1 n3 0 0.240 0
231 12 n1 n1 221 0.240 1
232 1 n4 n1 0 0.110 0
232 2 n4 n5 199 0.110 0
232 3 n4 n3 222 0.110 1
232 4 n3 n5 203 0.250 0
232 5 n3 n1 212 0.250 0
232 6 n3 n3 235 0.250 1
232 7 n5 n3 0 0.380 0
232 8 n5 n1 208 0.380 0
232 9 n5 n5 239 0.380 1
232 10 n1 n5 210 0.330 0
232 11 n1 n3 0 0.330 0
232 12 n1 n1 222 0.330 1
233 1 n4 n1 0 0.380 0
233 2 n4 n5 197 0.380 0
233 3 n4 n3 224 0.380 1
233 4 n3 n5 200 0.050 0
233 5 n3 n1 210 0.050 0
233 6 n3 n3 238 0.050 1
233 7 n5 n3 0 0.070 0
233 8 n5 n1 208 0.070 0
233 9 n5 n5 242 0.070 1
233 10 n1 n5 209 0.430 0
233 11 n1 n3 0 0.430 0
233 12 n1 n1 221 0.430 1
234 1 n4 n1 0 0.240 0
234 2 n4 n5 193 0.240 0
234 3 n4 n3 224 0.240 1
234 4 n3 n5 200 0.120 0
234 5 n3 n1 210 0.120 0
234 6 n3 n3 237 0.120 1
234 7 n5 n3 0 0.040 0
234 8 n5 n1 210 0.040 0
234 9 n5 n5 241 0.040 1
234 10 n1 n5 207 0.110 0
234 11 n1 n3 0 0.110 0
234 12 n1 n1 220 0.110 1
235 1 n4 n1 0 0.000 0
235 2 n4 n5 190 0.000 0
235 3 n4 n3 221 0.000 1
235 4 n3 n5 197 0.180 0
235 5 n3 n1 212 0.180 0
235 6 n3 n3 235 0.180 1
235 7 n5 n3 0 0.130 0
235 8 n5 n1 210 0.130 0
235 9 n5 n5 238 0.130 1
235 10 n1 n5 204 0.100 0
235 11 n1 n3 0 0.100 0
235 12 n1 n1 220 0.100 1
236 1 n4 n1 0 0.370 0
236 2 n4 n5 190 0.370 0
236 3 n4 n3 220 0.370 1
236 4 n3 n5 197 0.120 0
236 5 n3 n1 206 0.120 0
236 6 n3 n3 234 0.120 1
236 7 n5 n3 0 0.190 0
236 8 n5 n1 206 0.190 0
236 9 n5 n5 235 0.190 1
236 10 n1 n5 204 0.170 0
236 11 n1 n3 0 0.170 0
236 12 n1 n1 217 0.170 1
237 1 n4 n1 0 0.190 0
237 2 n4 n5 190 0.190 0
237 3 n4 n3 221 0.190 1
237 4 n3 n5 197 0.290 0
237 5 n3 n1 206 0.290 0
237 6 n3 n3 235 0.290 1
237 7 n5 n3 0 0.260 0
237 8 n5 n1 206 0.260 0
237 9 n5 n5 233 0.260 1
237 10 n1 n5 204 0.240 0
237 11 n1 n3 0 0.240 0
237 12 n1 n1 216 0.240 1
238 1 n4 n1 0 1.300 0
238 2 n4 n5 190 1.300 0
238 3 n4 n3 221 1.300 1
238 4 n3 n5 197 0.150 0
238 5 n3 n1 202 0.150 0
238 6 n3 n3 237 0.150 1
238 7 n5 n3 0 0.310 0
238 8 n5 n1 200 0.310 0
238 9 n5 n5 231 0.310 1
238 10 n1 n5 203 0.340 0
238 11 n1 n3 0 0.340 0
238 12 n1 n1 216 0.340 1
239 1 n4 n1 0 0.200 0
239 2 n4 n5 191 0.200 0
239 3 n4 n3 224 0.200 1
239 4 n3 n5 199 0.200 0
239 5 n3 n1 200 0.200 0
239 6 n3 n3 238 0.200 1
239 7 n5 n3 0 0.490 0
239 8 n5 n1 198 0.490 0
239 9 n5 n5 230 0.490 1
239 10 n1 n5 207 0.010 0
239 11 n1 n3 0 0.010 0
239 12 n1 n1 213 0.010 1
240 1 n4 n1 0 0.230 0
240 2 n4 n5 186 0.230 0
240 3 n4 n3 227 0.230 1
240 4 n3 n5 197 0.000 0
240 5 n3 n1 200 0.000 0
240 6 n3 n3 240 0.000 1
240 7 n5 n3 0 0.090 0
240 8 n5 n1 192 0.090 0
240 9 n5 n5 230 0.090 1
240 10 n1 n5 205 0.120 0
240 11 n1 n3 0 0.120 0
240 12 n1 n1 211 0.120 1
241 1 n4 n1 0 0.030 0
241 2 n4 n5 182 0.030 0
241 3 n4 n3 230 0.030 1
241 4 n3 n5 190 0.020 0
241 5 n3 n1 201 0.020 0
241 6 n3 n3 243 0.020 1
241 7 n5 n3 0 0.060 0
241 8 n5 n1 197 0.060 0
241 9 n5 n5 227 0.060 1
241 10 n1 n5 196 0.100 0
241 11 n1 n3 186 0.100 0
241 12 n1 n1 211 0.100 1
242 1 n4 n1 0 0.120 0
242 2 n4 n5 178 0.120 0
242 3 n4 n3 232 0.120 1
242 4 n3 n5 188 0.080 0
242 5 n3 n1 204 0.080 0
242 6 n3 n3 246 0.080 1
242 7 n5 n3 0 0.130 0
242 8 n5 n1 200 0.130 0
242 9 n5 n5 222 0.130 1
242 10 n1 n5 193 0.190 0
242 11 n1 n3 189 0.190 0
242 12 n1 n1 213 0.190 1
243 1 n4 n1 0 0.020 0
243 2 n4 n5 176 0.020 0
243 3 n4 n3 232 0.020 1
243 4 n3 n5 186 0.020 0
243 5 n3 n1 205 0.020 0
243 6 n3 n3 245 0.020 1
243 7 n5 n3 0 0.170 0
243 8 n5 n1 199 0.170 0
243 9 n5 n5 218 0.170 1
243 10 n1 n5 191 0.250 0
243 11 n1 n3 192 0.250 0
243 12 n1 n1 216 0.250 1
244 1 n4 n1 0 0.080 0
244 2 n4 n5 177 0.080 0
244 3 n4 n3 232 0.080 1
244 4 n3 n5 186 0.320 0
244 5 n3 n1 208 0.320 0
244 6 n3 n3 244 0.320 1
244 7 n5 n3 0 0.260 0
244 8 n5 n1 199 0.260 0
244 9 n5 n5 216 0.260 1
244 10 n1 n5 191 0.310 0
244 11 n1 n3 193 0.310 0
244 12 n1 n1 217 0.310 1
245 1 n4 n1 0 0.180 0
245 2 n4 n5 177 0.180 0
245 3 n4 n3 234 0.180 1
245 4 n3 n5 186 0.180 0
245 5 n3 n1 208 0.180 0
245 6 n3 n3 244 0.180 1
245 7 n5 n3 0 0.360 0
245 8 n5 n1 197 0.360 0
245 9 n5 n5 216 0.360 1
245 10 n1 n5 190 0.380 0
245 11 n1 n3 195 0.380 0
245 12 n1 n1 217 0.380 1
246 1 n4 n1 0 0.280 0
246 2 n4 n5 177 0.280 0
246 3 n4 n3 236 0.280 1
246 4 n3 n5 186 0.280 0
246 5 n3 n1 209 0.280 0
246 6 n3 n3 246 0.280 1
246 7 n5 n3 0 0.070 0
246 8 n5 n1 200 0.070 0
246 9 n5 n5 216 0.070 1
246 10 n1 n5 188 0.050 0
246 11 n1 n3 195 0.050 0
246 12 n1 n1 217 0.050 1
247 1 n4 n1 0 0.090 0
247 2 n4 n5 177 0.090 0
247 3 n4 n3 234 0.090 1
247 4 n3 n5 186 0.000 0
247 5 n3 n1 209 0.000 0
247 6 n3 n3 244 0.000 1
247 7 n5 n3 0 0.050 0
247 8 n5 n1 202 0.050 0
247 9 n5 n5 216 0.050 1
247 10 n1 n5 187 0.030 0
247 11 n1 n3 193 0.030 0
247 12 n1 n1 218 0.030 1
248 1 n4 n1 0 0.010 0
248 2 n4 n5 177 0.010 0
248 3 n4 n3 232 0.010 1
248 4 n3 n5 186 0.010 0
248 5 n3 n1 201 0.010 0
248 6 n3 n3 243 0.010 1
248 7 n5 n3 0 0.160 0
248 8 n5 n1 197 0.160 0
248 9 n5 n5 216 0.160 1
248 10 n1 n5 187 0.140 0
248 11 n1 n3 192 0.140 0
248 12 n1 n1 217 0.140 1
249 1 n4 n1 0 0.090 0
249 2 n4 n5 179 0.090 0
249 3 n4 n3 233 0.090 1
249 4 n3 n5 187 0.090 0
249 5 n3 n1 202 0.090 0
249 6 n3 n3 244 0.090 1
249 7 n5 n3 0 0.240 0
249 8 n5 n1 196 0.240 0
249 9 n5 n5 216 0.240 1
249 10 n1 n5 189 0.210 0
249 11 n1 n3 192 0.210 0
249 12 n1 n1 214 0.210 1
250 1 n4 n1 0 0.160 0
250 2 n4 n5 178 0.160 0
250 3 n4 n3 234 0.160 1
250 4 n3 n5 186 0.160 0
250 5 n3 n1 201 0.160 0
250 6 n3 n3 245 0.160 1
250 7 n5 n3 0 0.310 0
250 8 n5 n1 195 0.310 0
250 9 n5 n5 216 0.310 1
250 10 n1 n5 191 0.280 0
250 11 n1 n3 193 0.280 0
250 12 n1 n1 215 0.280 1
251 1 n4 n1 0 0.730 0
251 2 n4 n5 178 0.730 0
251 3 n4 n3 234 0.730 1
251 4 n3 n5 185 0.460 0
251 5 n3 n1 200 0.460 0
251 6 n3 n3 246 0.460 1
251 7 n5 n3 0 0.390 0
251 8 n5 n1 195 0.390 0
251 9 n5 n5 217 0.390 1
251 10 n1 n5 192 0.360 0
251 11 n1 n3 196 0.360 0
251 12 n1 n1 216 0.360 1
252 1 n4 n1 0 0.310 0
252 2 n4 n5 183 0.310 0
252 3 n4 n3 234 0.310 1
252 4 n3 n5 196 0.030 0
252 5 n3 n1 200 0.030 0
252 6 n3 n3 246 0.030 1
252 7 n5 n3 0 0.080 0
252 8 n5 n1 193 0.080 0
252 9 n5 n5 220 0.080 1
252 10 n1 n5 197 0.010 0
252 11 n1 n3 196 0.010 0
252 12 n1 n1 213 0.010 1
253 1 n4 n1 0 0.130 0
253 2 n4 n5 177 0.130 0
253 3 n4 n3 235 0.130 1
253 4 n3 n5 192 0.020 0
253 5 n3 n1 194 0.020 0
253 6 n3 n3 246 0.020 1
253 7 n5 n3 0 0.040 0
253 8 n5 n1 195 0.040 0
253 9 n5 n5 221 0.040 1
253 10 n1 n5 197 0.060 0
253 11 n1 n3 0 0.060 0
253 12 n1 n1 213 0.060 1
254 1 n4 n1 0 0.210 0
254 2 n4 n5 175 0.210 0
254 3 n4 n3 236 0.210 1
254 4 n3 n5 193 0.100 0
254 5 n3 n1 194 0.100 0
254 6 n3 n3 246 0.100 1
254 7 n5 n3 0 0.130 0
254 8 n5 n1 197 0.130 0
254 9 n5 n5 221 0.130 1
254 10 n1 n5 208 0.030 0
254 11 n1 n3 201 0.030 0
254 12 n1 n1 213 0.030 1
255 1 n4 n1 0 0.130 0
255 2 n4 n5 185 0.130 0
255 3 n4 n3 235 0.130 1
255 4 n3 n5 194 0.130 0
255 5 n3 n1 193 0.130 0
255 6 n3 n3 244 0.130 1
255 7 n5 n3 0 0.190 0
255 8 n5 n1 199 0.190 0
255 9 n5 n5 225 0.190 1
255 10 n1 n5 213 0.140 0
255 11 n1 n3 205 0.140 0
255 12 n1 n1 214 0.140 1
256 1 n4 n1 0 0.240 0
256 2 n4 n5 177 0.240 0
256 3 n4 n3 234 0.240 1
256 4 n3 n5 187 0.380 0
256 5 n3 n1 192 0.380 0
256 6 n3 n3 243 0.380 1
256 7 n5 n3 0 0.280 0
256 8 n5 n1 204 0.280 0
256 9 n5 n5 228 0.280 1
256 10 n1 n5 210 0.240 0
256 11 n1 n3 210 0.240 0
256 12 n1 n1 218 0.240 1
257 1 n4 n1 0 0.470 0
257 2 n4 n5 174 0.470 0
257 3 n4 n3 233 0.470 1
257 4 n3 n5 182 0.340 0
257 5 n3 n1 197 0.340 0
257 6 n3 n3 242 0.340 1
257 7 n5 n3 194 0.240 0
257 8 n5 n1 210 0.240 0
257 9 n5 n5 229 0.240 1
257 10 n1 n5 207 0.300 0
257 11 n1 n3 208 0.300 0
257 12 n1 n1 222 0.300 1
258 1 n4 n1 0 0.020 0
258 2 n4 n5 174 0.020 0
258 3 n4 n3 226 0.020 1
258 4 n3 n5 180 0.030 0
258 5 n3 n1 201 0.030 0
258 6 n3 n3 240 0.030 1
258 7 n5 n3 196 0.030 0
258 8 n5 n1 216 0.030 0
258 9 n5 n5 229 0.030 1
258 10 n1 n5 207 0.380 0
258 11 n1 n3 204 0.380 0
258 12 n1 n1 226 0.380 1
259 1 n4 n1 0 0.110 0
259 2 n4 n5 0 0.110 0
259 3 n4 n3 216 0.110 1
259 4 n3 n5 182 0.100 0
259 5 n3 n1 203 0.100 0
259 6 n3 n3 239 0.100 1
259 7 n5 n3 198 0.100 0
259 8 n5 n1 220 0.100 0
259 9 n5 n5 229 0.100 1
259 10 n1 n5 209 0.080 0
259 11 n1 n3 203 0.080 0
259 12 n1 n1 228 0.080 1
260 1 n4 n1 0 0.050 0
260 2 n4 n5 158 0.050 0
260 3 n4 n3 209 0.050 1
260 4 n3 n5 181 0.050 0
260 5 n3 n1 199 0.050 0
260 6 n3 n3 237 0.050 1
260 7 n5 n3 196 0.060 0
260 8 n5 n1 220 0.060 0
260 9 n5 n5 227 0.060 1
260 10 n1 n5 205 0.050 0
260 11 n1 n3 201 0.050 0
260 12 n1 n1 227 0.050 1
261 1 n4 n1 0 1.160 0
261 2 n4 n5 158 1.160 0
261 3 n4 n3 209 1.160 1
261 4 n3 n5 178 0.150 0
261 5 n3 n1 195 0.150 0
261 6 n3 n3 237 0.150 1
261 7 n5 n3 196 0.110 0
261 8 n5 n1 216 0.110 0
261 9 n5 n5 226 0.110 1
261 10 n1 n5 204 0.150 0
261 11 n1 n3 201 0.150 0
261 12 n1 n1 227 0.150 1
262 1 n4 n1 0 0.340 0
262 2 n4 n5 156 0.340 0
262 3 n4 n3 208 0.340 1
262 4 n3 n5 174 0.200 0
262 5 n3 n1 194 0.200 0
262 6 n3 n3 236 0.200 1
262 7 n5 n3 193 0.070 0
262 8 n5 n1 214 0.070 0
262 9 n5 n5 224 0.070 1
262 10 n1 n5 204 0.250 0
262 11 n1 n3 202 0.250 0
262 12 n1 n1 227 0.250 1
263 1 n4 n1 0 0.410 0
263 2 n4 n5 154 0.410 0
263 3 n4 n3 208 0.410 1
263 4 n3 n5 0 0.300 0
263 5 n3 n1 196 0.300 0
263 6 n3 n3 235 0.300 1
263 7 n5 n3 195 0.170 0
263 8 n5 n1 211 0.170 0
263 9 n5 n5 223 0.170 1
263 10 n1 n5 201 0.340 0
263 11 n1 n3 204 0.340 0
263 12 n1 n1 226 0.340 1
264 1 n4 n1 0 0.480 0
264 2 n4 n5 0 0.480 0
264 3 n4 n3 206 0.480 1
264 4 n3 n5 0 0.390 0
264 5 n3 n1 193 0.390 0
264 6 n3 n3 235 0.390 1
264 7 n5 n3 199 0.230 0
264 8 n5 n1 205 0.230 0
264 9 n5 n5 223 0.230 1
264 10 n1 n5 202 0.040 0
264 11 n1 n3 209 0.040 0
264 12 n1 n1 223 0.040 1
265 1 n4 n1 0 0.050 0
265 2 n4 n5 158 0.050 0
265 3 n4 n3 207 0.050 1
265 4 n3 n5 179 0.060 0
265 5 n3 n1 198 0.060 0
265 6 n3 n3 238 0.060 1
265 7 n5 n3 204 0.010 0
265 8 n5 n1 210 0.010 0
265 9 n5 n5 223 0.010 1
265 10 n1 n5 203 0.000 0
265 11 n1 n3 211 0.000 0
265 12 n1 n1 222 0.000 1
266 1 n4 n1 0 0.110 0
266 2 n4 n5 158 0.110 0
266 3 n4 n3 207 0.110 1
266 4 n3 n5 178 0.040 0
266 5 n3 n1 200 0.040 0
266 6 n3 n3 239 0.040 1
266 7 n5 n3 203 0.100 0
266 8 n5 n1 210 0.100 0
266 9 n5 n5 221 0.100 1
266 10 n1 n5 200 0.100 0
266 11 n1 n3 213 0.100 0
266 12 n1 n1 223 0.100 1
267 1 n4 n1 0 0.120 0
267 2 n4 n5 0 0.120 0
267 3 n4 n3 205 0.120 1
267 4 n3 n5 176 0.130 0
267 5 n3 n1 196 0.130 0
267 6 n3 n3 239 0.130 1
267 7 n5 n3 209 0.040 0
267 8 n5 n1 211 0.040 0
267 9 n5 n5 217 0.040 1
267 10 n1 n5 196 0.130 0
267 11 n1 n3 216 0.130 0
267 12 n1 n1 222 0.130 1
268 1 n4 n1 0 0.220 0
268 2 n4 n5 0 0.220 0
268 3 n4 n3 202 0.220 1
268 4 n3 n5 176 0.180 0
268 5 n3 n1 198 0.180 0
268 6 n3 n3 238 0.180 1
268 7 n5 n3 210 0.130 0
268 8 n5 n1 214 0.130 1
268 9 n5 n5 214 0.130 0
268 10 n1 n5 194 0.190 0
268 11 n1 n3 216 0.190 0
268 12 n1 n1 221 0.190 1
269 1 n4 n1 0 0.310 0
269 2 n4 n5 0 0.310 0
269 3 n4 n3 198 0.310 1
269 4 n3 n5 0 0.250 0
269 5 n3 n1 199 0.250 0
269 6 n3 n3 238 0.250 1
269 7 n5 n3 210 0.210 0
269 8 n5 n1 213 0.210 1
269 9 n5 n5 214 0.210 0
269 10 n1 n5 194 0.290 0
269 11 n1 n3 213 0.290 0
269 12 n1 n1 222 0.290 1
270 1 n4 n1 0 0.190 0
270 2 n4 n5 154 0.190 0
270 3 n4 n3 197 0.190 1
270 4 n3 n5 0 0.000 0
270 5 n3 n1 196 0.000 0
270 6 n3 n3 239 0.000 1
270 7 n5 n3 207 0.210 0
270 8 n5 n1 209 0.210 0
270 9 n5 n5 218 0.210 1
270 10 n1 n5 206 0.010 0
270 11 n1 n3 214 0.010 0
270 12 n1 n1 223 0.010 1
271 1 n4 n1 0 0.350 0
271 2 n4 n5 153 0.350 0
271 3 n4 n3 195 0.350 1
271 4 n3 n5 0 0.050 0
271 5 n3 n1 189 0.050 0
271 6 n3 n3 239 0.050 1
271 7 n5 n3 209 0.260 0
271 8 n5 n1 206 0.260 0
271 9 n5 n5 222 0.260 1
271 10 n1 n5 208 0.100 0
271 11 n1 n3 218 0.100 0
271 12 n1 n1 221 0.100 1
272 1 n4 n1 0 0.020 0
272 2 n4 n5 157 0.020 0
272 3 n4 n3 196 0.020 1
272 4 n3 n5 0 0.010 0
272 5 n3 n1 189 0.010 0
272 6 n3 n3 238 0.010 1
272 7 n5 n3 212 0.090 0
272 8 n5 n1 210 0.090 0
272 9 n5 n5 227 0.090 1
272 10 n1 n5 213 0.040 0
272 11 n1 n3 219 0.040 1
272 12 n1 n1 219 0.040 0
273 1 n4 n1 0 0.100 0
273 2 n4 n5 162 0.100 0
273 3 n4 n3 199 0.100 1
273 4 n3 n5 189 0.070 0
273 5 n3 n1 193 0.070 0
273 6 n3 n3 236 0.070 1
273 7 n5 n3 210 0.010 0
273 8 n5 n1 207 0.010 0
273 9 n5 n5 230 0.010 1
273 10 n1 n5 215 0.110 0
273 11 n1 n3 220 0.110 1
273 12 n1 n1 218 0.110 0
274 1 n4 n1 0 0.230 0
274 2 n4 n5 155 0.230 0
274 3 n4 n3 200 0.230 1
274 4 n3 n5 183 0.050 0
274 5 n3 n1 187 0.050 0
274 6 n3 n3 235 0.050 1
274 7 n5 n3 215 0.110 0
274 8 n5 n1 209 0.110 0
274 9 n5 n5 232 0.110 1
274 10 n1 n5 217 0.230 0
274 11 n1 n3 224 0.230 1
274 12 n1 n1 216 0.230 0
275 1 n4 n1 0 0.310 0
275 2 n4 n5 153 0.310 0
275 3 n4 n3 200 0.310 1
275 4 n3 n5 182 0.230 0
275 5 n3 n1 186 0.230 0
275 6 n3 n3 235 0.230 1
275 7 n5 n3 220 0.070 0
275 8 n5 n1 209 0.070 0
275 9 n5 n5 234 0.070 1
275 10 n1 n5 215 0.320 0
275 11 n1 n3 227 0.320 1
275 12 n1 n1 214 0.320 0
276 1 n4 n1 0 0.360 0
276 2 n4 n5 0 0.360 0
276 3 n4 n3 199 0.360 1
276 4 n3 n5 182 0.270 0
276 5 n3 n1 187 0.270 0
276 6 n3 n3 235 0.270 1
276 7 n5 n3 217 0.140 0
276 8 n5 n1 209 0.140 0
276 9 n5 n5 234 0.140 1
276 10 n1 n5 215 0.010 0
276 11 n1 n3 227 0.010 1
276 12 n1 n1 214 0.010 0
277 1 n4 n1 0 0.430 0
277 2 n4 n5 0 0.430 0
277 3 n4 n3 200 0.430 1
277 4 n3 n5 0 0.350 0
277 5 n3 n1 184 0.350 0
277 6 n3 n3 237 0.350 1
277 7 n5 n3 214 0.220 0
277 8 n5 n1 210 0.220 0
277 9 n5 n5 234 0.220 1
277 10 n1 n5 217 0.090 0
277 11 n1 n3 228 0.090 1
277 12 n1 n1 216 0.090 0
278 1 n4 n1 0 0.500 0
278 2 n4 n5 0 0.500 0
278 3 n4 n3 201 0.500 1
278 4 n3 n5 0 0.400 0
278 5 n3 n1 183 0.400 0
278 6 n3 n3 239 0.400 1
278 7 n5 n3 219 0.290 0
278 8 n5 n1 210 0.290 0
278 9 n5 n5 235 0.290 1
278 10 n1 n5 219 0.070 0
278 11 n1 n3 228 0.070 1
278 12 n1 n1 215 0.070 0
279 1 n4 n1 0 0.040 0
279 2 n4 n5 155 0.040 0
279 3 n4 n3 200 0.040 1
279 4 n3 n5 0 0.070 0
279 5 n3 n1 180 0.070 0
279 6 n3 n3 239 0.070 1
279 7 n5 n3 219 0.060 0
279 8 n5 n1 209 0.060 0
279 9 n5 n5 240 0.060 1
279 10 n1 n5 223 0.150 0
279 11 n1 n3 228 0.150 1
279 12 n1 n1 214 0.150 0
280 1 n4 n1 0 0.120 0
280 2 n4 n5 155 0.120 0
280 3 n4 n3 199 0.120 1
280 4 n3 n5 188 0.140 0
280 5 n3 n1 178 0.140 0
280 6 n3 n3 239 0.140 1
280 7 n5 n3 218 0.050 0
280 8 n5 n1 210 0.050 0
280 9 n5 n5 242 0.050 1
280 10 n1 n5 223 0.230 0
280 11 n1 n3 227 0.230 1
280 12 n1 n1 214 0.230 0
281 1 n4 n1 0 0.180 0
281 2 n4 n5 154 0.180 0
281 3 n4 n3 199 0.180 1
281 4 n3 n5 184 0.200 0
281 5 n3 n1 0 0.200 0
281 6 n3 n3 239 0.200 1
281 7 n5 n3 218 0.090 0
281 8 n5 n1 213 0.090 0
281 9 n5 n5 242 0.090 1
281 10 n1 n5 223 0.290 0
281 11 n1 n3 227 0.290 1
281 12 n1 n1 216 0.290 0
282 1 n4 n1 0 0.280 0
282 2 n4 n5 153 0.280 0
282 3 n4 n3 200 0.280 1
282 4 n3 n5 182 0.290 0
282 5 n3 n1 0 0.290 0
282 6 n3 n3 238 0.290 1
282 7 n5 n3 218 0.040 0
282 8 n5 n1 213 0.040 0
282 9 n5 n5 242 0.040 1
282 10 n1 n5 222 0.360 0
282 11 n1 n3 225 0.360 1
282 12 n1 n1 218 0.360 0
283 1 n4 n1 0 0.330 0
283 2 n4 n5 154 0.330 0
283 3 n4 n3 201 0.330 1
283 4 n3 n5 182 0.340 0
283 5 n3 n1 0 0.340 0
283 6 n3 n3 236 0.340 1
283 7 n5 n3 216 0.110 0
283 8 n5 n1 213 0.110 0
283 9 n5 n5 241 0.110 1
283 10 n1 n5 222 0.050 0
283 11 n1 n3 225 0.050 1
283 12 n1 n1 218 0.050 0
284 1 n4 n1 0 0.440 0
284 2 n4 n5 155 0.440 0
284 3 n4 n3 203 0.440 1
284 4 n3 n5 0 0.340 0
284 5 n3 n1 184 0.340 0
284 6 n3 n3 235 0.340 1
284 7 n5 n3 216 0.430 0
284 8 n5 n1 213 0.430 0
284 9 n5 n5 239 0.430 1
284 10 n1 n5 218 0.030 0
284 11 n1 n3 226 0.030 1
284 12 n1 n1 218 0.030 0
285 1 n4 n1 0 0.510 0
285 2 n4 n5 0 0.510 0
285 3 n4 n3 206 0.510 1
285 4 n3 n5 0 0.000 0
285 5 n3 n1 186 0.000 0
285 6 n3 n3 238 0.000 1
285 7 n5 n3 212 0.280 0
285 8 n5 n1 213 0.280 0
285 9 n5 n5 238 0.280 1
285 10 n1 n5 214 0.100 0
285 11 n1 n3 222 0.100 1
285 12 n1 n1 218 0.100 0
286 1 n4 n1 0 0.080 0
286 2 n4 n5 0 0.080 0
286 3 n4 n3 206 0.080 1
286 4 n3 n5 0 0.000 0
286 5 n3 n1 184 0.000 0
286 6 n3 n3 239 0.000 1
286 7 n5 n3 206 0.050 0
286 8 n5 n1 209 0.050 0
286 9 n5 n5 238 0.050 1
286 10 n1 n5 215 0.180 0
286 11 n1 n3 214 0.180 0
286 12 n1 n1 216 0.180 1
287 1 n4 n1 0 0.670 0
287 2 n4 n5 0 0.670 0
287 3 n4 n3 205 0.670 1
287 4 n3 n5 0 0.060 0
287 5 n3 n1 184 0.060 0
287 6 n3 n3 239 0.060 1
287 7 n5 n3 209 0.030 0
287 8 n5 n1 209 0.030 0
287 9 n5 n5 238 0.030 1
287 10 n1 n5 215 0.290 0
287 11 n1 n3 220 0.290 1
287 12 n1 n1 214 0.290 0
288 1 n4 n1 0 0.220 0
288 2 n4 n5 0 0.220 0
288 3 n4 n3 211 0.220 1
288 4 n3 n5 0 0.140 0
288 5 n3 n1 186 0.140 0
288 6 n3 n3 241 0.140 1
288 7 n5 n3 213 0.110 0
288 8 n5 n1 209 0.110 0
288 9 n5 n5 238 0.110 1
288 10 n1 n5 215 0.360 0
288 11 n1 n3 222 0.360 1
288 12 n1 n1 214 0.360 0
289 1 n4 n1 0 0.110 0
289 2 n4 n5 172 0.110 0
289 3 n4 n3 218 0.110 1
289 4 n3 n5 0 0.230 0
289 5 n3 n1 190 0.230 0
289 6 n3 n3 243 0.230 1
289 7 n5 n3 211 0.060 0
289 8 n5 n1 211 0.060 0
289 9 n5 n5 238 0.060 1
289 10 n1 n5 215 0.080 0
289 11 n1 n3 216 0.080 0
289 12 n1 n1 218 0.080 1
290 1 n4 n1 0 0.860 0
290 2 n4 n5 172 0.860 0
290 3 n4 n3 221 0.860 1
290 4 n3 n5 0 0.330 0
290 5 n3 n1 192 0.330 0
290 6 n3 n3 243 0.330 1
290 7 n5 n3 211 0.160 0
290 8 n5 n1 213 0.160 0
290 9 n5 n5 240 0.160 1
290 10 n1 n5 218 0.040 0
290 11 n1 n3 214 0.040 0
290 12 n1 n1 221 0.040 1
291 1 n4 n1 0 0.400 0
291 2 n4 n5 172 0.400 0
291 3 n4 n3 220 0.400 1
291 4 n3 n5 0 0.030 0
291 5 n3 n1 185 0.030 0
291 6 n3 n3 243 0.030 1
291 7 n5 n3 219 0.490 0
291 8 n5 n1 213 0.490 0
291 9 n5 n5 242 0.490 1
291 10 n1 n5 217 0.100 0
291 11 n1 n3 233 0.100 1
291 12 n1 n1 222 0.100 0
292 1 n4 n1 0 0.450 0
292 2 n4 n5 0 0.450 0
292 3 n4 n3 216 0.450 1
292 4 n3 n5 0 0.000 0
292 5 n3 n1 189 0.000 0
292 6 n3 n3 243 0.000 1
292 7 n5 n3 217 0.050 0
292 8 n5 n1 217 0.050 0
292 9 n5 n5 242 0.050 1
292 10 n1 n5 219 0.170 0
292 11 n1 n3 233 0.170 1
292 12 n1 n1 222 0.170 0
293 1 n4 n1 0 0.030 0
293 2 n4 n5 0 0.030 0
293 3 n4 n3 215 0.030 1
293 4 n3 n5 0 0.040 0
293 5 n3 n1 191 0.040 0
293 6 n3 n3 243 0.040 1
293 7 n5 n3 223 0.010 0
293 8 n5 n1 220 0.010 0
293 9 n5 n5 244 0.010 1
293 10 n1 n5 223 0.280 0
293 11 n1 n3 231 0.280 1
293 12 n1 n1 225 0.280 0
294 1 n4 n1 0 0.100 0
294 2 n4 n5 0 0.100 0
294 3 n4 n3 217 0.100 1
294 4 n3 n5 0 0.140 0
294 5 n3 n1 189 0.140 0
294 6 n3 n3 243 0.140 1
294 7 n5 n3 219 0.060 0
294 8 n5 n1 219 0.060 0
294 9 n5 n5 246 0.060 1
294 10 n1 n5 222 0.340 0
294 11 n1 n3 225 0.340 0
294 12 n1 n1 227 0.340 1
295 1 n4 n1 0 0.180 0
295 2 n4 n5 0 0.180 0
295 3 n4 n3 216 0.180 1
295 4 n3 n5 0 0.220 0
295 5 n3 n1 190 0.220 0
295 6 n3 n3 243 0.220 1
295 7 n5 n3 217 0.040 0
295 8 n5 n1 220 0.040 0
295 9 n5 n5 249 0.040 1
295 10 n1 n5 226 0.030 0
295 11 n1 n3 224 0.030 0
295 12 n1 n1 229 0.030 1
296 1 n4 n1 0 0.270 0
296 2 n4 n5 0 0.270 0
296 3 n4 n3 214 0.270 1
296 4 n3 n5 0 0.290 0
296 5 n3 n1 191 0.290 0
296 6 n3 n3 243 0.290 1
296 7 n5 n3 217 0.100 0
296 8 n5 n1 221 0.100 0
296 9 n5 n5 253 0.100 1
296 10 n1 n5 233 0.100 1
296 11 n1 n3 226 0.100 0
296 12 n1 n1 230 0.100 0
297 1 n4 n1 0 0.350 0
297 2 n4 n5 0 0.350 0
297 3 n4 n3 212 0.350 1
297 4 n3 n5 0 0.360 0
297 5 n3 n1 195 0.360 0
297 6 n3 n3 243 0.360 1
297 7 n5 n3 215 0.170 0
297 8 n5 n1 224 0.170 0
297 9 n5 n5 255 0.170 1
297 10 n1 n5 236 0.060 1
297 11 n1 n3 224 0.060 0
297 12 n1 n1 230 0.060 0
298 1 n4 n1 0 0.480 0
298 2 n4 n5 0 0.480 0
298 3 n4 n3 214 0.480 1
298 4 n3 n5 0 0.060 0
298 5 n3 n1 197 0.060 0
298 6 n3 n3 243 0.060 1
298 7 n5 n3 219 0.030 0
298 8 n5 n1 224 0.030 0
298 9 n5 n5 255 0.030 1
298 10 n1 n5 236 0.170 1
298 11 n1 n3 225 0.170 0
298 12 n1 n1 231 0.170 0
299 1 n4 n1 0 0.040 0
299 2 n4 n5 0 0.040 0
299 3 n4 n3 217 0.040 1
299 4 n3 n5 0 0.000 0
299 5 n3 n1 198 0.000 0
299 6 n3 n3 243 0.000 1
299 7 n5 n3 223 0.090 0
299 8 n5 n1 224 0.090 0
299 9 n5 n5 255 0.090 1
299 10 n1 n5 236 0.210 1
299 11 n1 n3 231 0.210 0
299 12 n1 n1 232 0.210 0
300 1 n4 n1 0 0.140 0
300 2 n4 n5 0 0.140 0
300 3 n4 n3 216 0.140 1
300 4 n3 n5 196 0.110 0
300 5 n3 n1 203 0.110 0
300 6 n3 n3 243 0.110 1
300 7 n5 n3 223 0.040 0
300 8 n5 n1 230 0.040 0
300 9 n5 n5 255 0.040 1
300 10 n1 n5 236 0.290 1
300 11 n1 n3 230 0.290 0
300 12 n1 n1 234 0.290 0
