1 1 n4 n5 0 0.270 0
1 2 n4 n4 249 0.270 1
1 3 n5 n5 0 0.040 0
1 4 n5 n1 217 0.040 1
1 5 n5 n2 206 0.040 0
1 6 n2 n5 0 0.150 0
1 7 n2 n1 197 0.150 0
1 8 n2 n2 215 0.150 1
1 9 n1 n5 0 0.140 0
1 10 n1 n2 199 0.140 0
1 11 n1 n1 238 0.140 1
2 1 n4 n5 0 0.390 0
2 2 n4 n4 248 0.390 1
2 3 n5 n5 0 0.160 0
2 4 n5 n1 216 0.160 1
2 5 n5 n2 211 0.160 0
2 6 n2 n5 0 0.270 0
2 7 n2 n1 195 0.270 0
2 8 n2 n2 217 0.270 1
2 9 n1 n5 0 0.260 0
2 10 n1 n2 202 0.260 0
2 11 n1 n1 236 0.260 1
3 1 n4 n5 0 0.440 0
3 2 n4 n4 248 0.440 1
3 3 n5 n5 0 0.260 0
3 4 n5 n1 210 0.260 0
3 5 n5 n2 215 0.260 1
3 6 n2 n5 0 0.090 0
3 7 n2 n1 189 0.090 0
3 8 n2 n2 225 0.090 1
3 9 n1 n5 0 0.060 0
3 10 n1 n2 209 0.060 0
3 11 n1 n1 231 0.060 1
4 1 n4 n5 0 0.530 0
4 2 n4 n4 249 0.530 1
4 3 n5 n5 0 0.300 0
4 4 n5 n1 209 0.300 0
4 5 n5 n2 218 0.300 1
4 6 n2 n5 0 0.040 0
4 7 n2 n1 188 0.040 0
4 8 n2 n2 227 0.040 1
4 9 n1 n5 0 0.100 0
4 10 n1 n2 211 0.100 0
4 11 n1 n1 229 0.100 1
5 1 n4 n5 0 0.040 0
5 2 n4 n4 252 0.040 1
5 3 n5 n5 0 0.390 0
5 4 n5 n1 209 0.390 0
5 5 n5 n2 220 0.390 1
5 6 n2 n5 0 0.000 0
5 7 n2 n1 191 0.000 0
5 8 n2 n2 230 0.000 1
5 9 n1 n5 0 0.180 0
5 10 n1 n2 211 0.180 0
5 11 n1 n1 230 0.180 1
6 1 n4 n5 0 0.170 0
6 2 n4 n4 253 0.170 1
6 3 n5 n5 0 0.480 0
6 4 n5 n1 211 0.480 0
6 5 n5 n2 222 0.480 1
6 6 n2 n5 0 0.100 0
6 7 n2 n1 195 0.100 0
6 8 n2 n2 231 0.100 1
6 9 n1 n5 0 0.560 0
6 10 n1 n2 213 0.560 0
6 11 n1 n1 231 0.560 1
7 1 n4 n5 0 0.270 0
7 2 n4 n4 254 0.270 1
7 3 n5 n5 0 0.090 0
7 4 n5 n1 212 0.090 0
7 5 n5 n2 222 0.090 1
7 6 n2 n5 0 0.230 0
7 7 n2 n1 198 0.230 0
7 8 n2 n2 233 0.230 1
7 9 n1 n5 0 0.350 0
7 10 n1 n2 215 0.350 0
7 11 n1 n1 236 0.350 1
8 1 n4 n5 0 0.380 0
8 2 n4 n4 255 0.380 1
8 3 n5 n5 0 0.200 0
8 4 n5 n1 214 0.200 0
8 5 n5 n2 222 0.200 1
8 6 n2 n5 0 0.060 0
8 7 n2 n1 202 0.060 0
8 8 n2 n2 236 0.060 1
8 9 n1 n5 0 0.260 0
8 10 n1 n2 215 0.260 0
8 11 n1 n1 237 0.260 1
9 1 n4 n5 0 0.460 0
9 2 n4 n4 255 0.460 1
9 3 n5 n5 0 0.310 0
9 4 n5 n1 214 0.310 0
9 5 n5 n2 223 0.310 1
9 6 n2 n5 0 0.040 0
9 7 n2 n1 201 0.040 0
9 8 n2 n2 238 0.040 1
9 9 n1 n5 0 0.040 0
9 10 n1 n2 215 0.040 0
9 11 n1 n1 234 0.040 1
10 1 n4 n5 0 0.560 0
10 2 n4 n4 255 0.560 1
10 3 n5 n5 0 0.420 0
10 4 n5 n1 207 0.420 0
10 5 n5 n2 224 0.420 1
10 6 n2 n5 0 0.110 0
10 7 n2 n1 195 0.110 0
10 8 n2 n2 238 0.110 1
10 9 n1 n5 0 0.110 0
10 10 n1 n2 215 0.110 0
10 11 n1 n1 229 0.110 1
11 1 n4 n5 0 0.110 0
11 2 n4 n4 255 0.110 1
11 3 n5 n5 0 0.000 0
11 4 n5 n1 198 0.000 0
11 5 n5 n2 224 0.000 1
11 6 n2 n5 0 0.090 0
11 7 n2 n1 194 0.090 0
11 8 n2 n2 238 0.090 1
11 9 n1 n5 0 0.190 0
11 10 n1 n2 215 0.190 0
11 11 n1 n1 226 0.190 1
12 1 n4 n5 0 0.180 0
12 2 n4 n4 255 0.180 1
12 3 n5 n5 0 0.080 0
12 4 n5 n1 198 0.080 0
12 5 n5 n2 224 0.080 1
12 6 n2 n5 0 0.160 0
12 7 n2 n1 194 0.160 0
12 8 n2 n2 238 0.160 1
12 9 n1 n5 0 0.040 0
12 10 n1 n2 215 0.040 0
12 11 n1 n1 223 0.040 1
13 1 n4 n5 0 0.270 0
13 2 n4 n4 255 0.270 1
13 3 n5 n5 0 0.130 0
13 4 n5 n1 198 0.130 0
13 5 n5 n2 224 0.130 1
13 6 n2 n5 0 0.470 0
13 7 n2 n1 192 0.470 0
13 8 n2 n2 238 0.470 1
13 9 n1 n5 0 0.070 0
13 10 n1 n2 215 0.070 0
13 11 n1 n1 222 0.070 1
14 1 n4 n5 0 0.300 0
14 2 n4 n4 255 0.300 1
14 3 n5 n5 0 0.220 0
14 4 n5 n1 200 0.220 0
14 5 n5 n2 224 0.220 1
14 6 n2 n5 0 0.040 0
14 7 n2 n1 195 0.040 0
14 8 n2 n2 238 0.040 1
14 9 n1 n5 0 0.150 0
14 10 n1 n2 215 0.150 0
14 11 n1 n1 223 0.150 1
15 1 n4 n5 0 0.390 0
15 2 n4 n4 255 0.390 1
15 3 n5 n5 0 0.270 0
15 4 n5 n1 203 0.270 0
15 5 n5 n2 226 0.270 1
15 6 n2 n5 0 0.130 0
15 7 n2 n1 197 0.130 0
15 8 n2 n2 239 0.130 1
15 9 n1 n5 0 0.190 0
15 10 n1 n2 217 0.190 0
15 11 n1 n1 227 0.190 1
16 1 n4 n5 0 0.460 0
16 2 n4 n4 255 0.460 1
16 3 n5 n5 0 0.360 0
16 4 n5 n1 207 0.360 0
16 5 n5 n2 229 0.360 1
16 6 n2 n5 0 0.000 0
16 7 n2 n1 203 0.000 0
16 8 n2 n2 242 0.000 1
16 9 n1 n5 0 0.000 0
16 10 n1 n2 219 0.000 0
16 11 n1 n1 232 0.000 1
17 1 n4 n5 0 0.540 0
17 2 n4 n4 255 0.540 1
17 3 n5 n5 0 0.440 0
17 4 n5 n1 209 0.440 0
17 5 n5 n2 229 0.440 1
17 6 n2 n5 0 0.090 0
17 7 n2 n1 202 0.090 0
17 8 n2 n2 242 0.090 1
17 9 n1 n5 0 0.090 0
17 10 n1 n2 219 0.090 0
17 11 n1 n1 235 0.090 1
18 1 n4 n5 0 0.620 0
18 2 n4 n4 255 0.620 1
18 3 n5 n5 0 0.000 0
18 4 n5 n1 209 0.000 0
18 5 n5 n2 231 0.000 1
18 6 n2 n5 0 0.090 0
18 7 n2 n1 200 0.090 0
18 8 n2 n2 244 0.090 1
18 9 n1 n5 0 0.220 0
18 10 n1 n2 222 0.220 0
18 11 n1 n1 233 0.220 1
19 1 n4 n5 0 0.200 0
19 2 n4 n4 255 0.200 1
19 3 n5 n5 0 0.070 0
19 4 n5 n1 209 0.070 0
19 5 n5 n2 231 0.070 1
19 6 n2 n5 0 0.170 0
19 7 n2 n1 199 0.170 0
19 8 n2 n2 245 0.170 1
19 9 n1 n5 0 0.060 0
19 10 n1 n2 221 0.060 0
19 11 n1 n1 234 0.060 1
20 1 n4 n5 0 0.240 0
20 2 n4 n4 255 0.240 1
20 3 n5 n5 0 0.160 0
20 4 n5 n1 209 0.160 0
20 5 n5 n2 231 0.160 1
20 6 n2 n5 0 0.210 0
20 7 n2 n1 198 0.210 0
20 8 n2 n2 247 0.210 1
20 9 n1 n5 0 0.120 0
20 10 n1 n2 221 0.120 0
20 11 n1 n1 236 0.120 1
21 1 n4 n5 0 0.080 0
21 2 n4 n4 255 0.080 1
21 3 n5 n5 0 0.250 0
21 4 n5 n1 209 0.250 0
21 5 n5 n2 232 0.250 1
21 6 n2 n5 0 0.040 0
21 7 n2 n1 199 0.040 0
21 8 n2 n2 249 0.040 1
21 9 n1 n5 0 0.190 0
21 10 n1 n2 222 0.190 0
21 11 n1 n1 237 0.190 1
22 1 n4 n5 0 0.400 0
22 2 n4 n4 255 0.400 1
22 3 n5 n5 0 0.340 0
22 4 n5 n1 208 0.340 0
22 5 n5 n2 232 0.340 1
22 6 n2 n5 0 0.000 0
22 7 n2 n1 201 0.000 0
22 8 n2 n2 250 0.000 1
22 9 n1 n5 0 0.260 0
22 10 n1 n2 221 0.260 0
22 11 n1 n1 237 0.260 1
23 1 n4 n5 0 0.490 0
23 2 n4 n4 255 0.490 1
23 3 n5 n5 0 0.440 0
23 4 n5 n1 206 0.440 0
23 5 n5 n2 229 0.440 1
23 6 n2 n5 0 0.050 0
23 7 n2 n1 202 0.050 0
23 8 n2 n2 251 0.050 1
23 9 n1 n5 0 0.040 0
23 10 n1 n2 217 0.040 0
23 11 n1 n1 237 0.040 1
24 1 n4 n5 0 0.060 0
24 2 n4 n4 255 0.060 1
24 3 n5 n5 0 0.010 0
24 4 n5 n1 201 0.010 0
24 5 n5 n2 224 0.010 1
24 6 n2 n5 0 0.270 0
24 7 n2 n1 199 0.270 0
24 8 n2 n2 253 0.270 1
24 9 n1 n5 0 0.130 0
24 10 n1 n2 215 0.130 0
24 11 n1 n1 234 0.130 1
25 1 n4 n5 0 0.150 0
25 2 n4 n4 255 0.150 1
25 3 n5 n5 0 0.100 0
25 4 n5 n1 200 0.100 0
25 5 n5 n2 225 0.100 1
25 6 n2 n5 0 0.320 0
25 7 n2 n1 195 0.320 0
25 8 n2 n2 254 0.320 1
25 9 n1 n5 0 0.190 0
25 10 n1 n2 218 0.190 0
25 11 n1 n1 233 0.190 1
26 1 n4 n5 0 0.220 0
26 2 n4 n4 255 0.220 1
26 3 n5 n5 0 0.160 0
26 4 n5 n1 202 0.160 0
26 5 n5 n2 226 0.160 1
26 6 n2 n5 0 0.400 0
26 7 n2 n1 195 0.400 0
26 8 n2 n2 254 0.400 1
26 9 n1 n5 0 0.020 0
26 10 n1 n2 218 0.020 0
26 11 n1 n1 233 0.020 1
27 1 n4 n5 0 0.290 0
27 2 n4 n4 255 0.290 1
27 3 n5 n5 0 0.220 0
27 4 n5 n1 202 0.220 0
27 5 n5 n2 230 0.220 1
27 6 n2 n5 0 0.380 0
27 7 n2 n1 194 0.380 0
27 8 n2 n2 255 0.380 1
27 9 n1 n5 0 0.060 0
27 10 n1 n2 218 0.060 0
27 11 n1 n1 232 0.060 1
28 1 n4 n5 0 0.320 0
28 2 n4 n4 255 0.320 1
28 3 n5 n5 0 0.280 0
28 4 n5 n1 199 0.280 0
28 5 n5 n2 232 0.280 1
28 6 n2 n5 0 0.050 0
28 7 n2 n1 192 0.050 0
28 8 n2 n2 255 0.050 1
28 9 n1 n5 0 0.100 0
28 10 n1 n2 218 0.100 0
28 11 n1 n1 230 0.100 1
29 1 n4 n5 0 0.390 0
29 2 n4 n4 253 0.390 1
29 3 n5 n5 0 0.860 0
29 4 n5 n1 198 0.860 0
29 5 n5 n2 232 0.860 1
29 6 n2 n5 0 0.110 0
29 7 n2 n1 191 0.110 0
29 8 n2 n2 255 0.110 1
29 9 n1 n5 0 0.290 0
29 10 n1 n2 222 0.290 0
29 11 n1 n1 229 0.290 1
30 1 n4 n5 0 0.440 0
30 2 n4 n4 251 0.440 1
30 3 n5 n5 0 0.400 0
30 4 n5 n1 205 0.400 0
30 5 n5 n2 231 0.400 1
30 6 n2 n5 0 0.210 0
30 7 n2 n1 0 0.210 0
30 8 n2 n2 255 0.210 1
30 9 n1 n5 0 0.370 0
30 10 n1 n2 221 0.370 0
30 11 n1 n1 229 0.370 1
31 1 n4 n5 0 0.550 0
31 2 n4 n4 250 0.550 1
31 3 n5 n5 0 0.000 0
31 4 n5 n1 208 0.000 0
31 5 n5 n2 227 0.000 1
31 6 n2 n5 0 0.280 0
31 7 n2 n1 0 0.280 0
31 8 n2 n2 255 0.280 1
31 9 n1 n5 0 0.060 0
31 10 n1 n2 217 0.060 0
31 11 n1 n1 229 0.060 1
32 1 n4 n5 0 0.110 0
32 2 n4 n4 251 0.110 1
32 3 n5 n5 0 0.060 0
32 4 n5 n1 212 0.060 0
32 5 n5 n2 225 0.060 1
32 6 n2 n5 0 0.160 0
32 7 n2 n1 200 0.160 0
32 8 n2 n2 255 0.160 1
32 9 n1 n5 0 0.160 0
32 10 n1 n2 219 0.160 0
32 11 n1 n1 230 0.160 1
33 1 n4 n5 0 0.210 0
33 2 n4 n4 251 0.210 1
33 3 n5 n5 0 0.130 0
33 4 n5 n1 214 0.130 0
33 5 n5 n2 226 0.130 1
33 6 n2 n5 0 0.250 0
33 7 n2 n1 202 0.250 0
33 8 n2 n2 255 0.250 1
33 9 n1 n5 0 0.130 0
33 10 n1 n2 225 0.130 0
33 11 n1 n1 233 0.130 1
34 1 n4 n5 0 0.300 0
34 2 n4 n4 249 0.300 1
34 3 n5 n5 0 0.190 0
34 4 n5 n1 211 0.190 0
34 5 n5 n2 227 0.190 1
34 6 n2 n5 0 0.020 0
34 7 n2 n1 202 0.020 0
34 8 n2 n2 255 0.020 1
34 9 n1 n5 0 0.200 0
34 10 n1 n2 226 0.200 0
34 11 n1 n1 235 0.200 1
35 1 n4 n5 0 0.370 0
35 2 n4 n4 247 0.370 1
35 3 n5 n5 0 0.320 0
35 4 n5 n1 207 0.320 0
35 5 n5 n2 225 0.320 1
35 6 n2 n5 0 0.100 0
35 7 n2 n1 195 0.100 0
35 8 n2 n2 255 0.100 1
35 9 n1 n5 0 0.300 0
35 10 n1 n2 220 0.300 0
35 11 n1 n1 233 0.300 1
36 1 n4 n5 0 0.440 0
36 2 n4 n4 243 0.440 1
36 3 n5 n5 0 0.380 0
36 4 n5 n1 208 0.380 0
36 5 n5 n2 224 0.380 1
36 6 n2 n5 0 0.160 0
36 7 n2 n1 195 0.160 0
36 8 n2 n2 255 0.160 1
36 9 n1 n5 0 0.370 0
36 10 n1 n2 217 0.370 0
36 11 n1 n1 229 0.370 1
37 1 n4 n5 0 0.000 0
37 2 n4 n4 244 0.000 1
37 3 n5 n5 0 0.440 0
37 4 n5 n1 210 0.440 0
37 5 n5 n2 224 0.440 1
37 6 n2 n5 0 0.040 0
37 7 n2 n1 201 0.040 0
37 8 n2 n2 255 0.040 1
37 9 n1 n5 0 0.040 0
37 10 n1 n2 216 0.040 0
37 11 n1 n1 227 0.040 1
38 1 n4 n5 0 0.070 0
38 2 n4 n4 247 0.070 1
38 3 n5 n5 0 0.030 0
38 4 n5 n1 211 0.030 0
38 5 n5 n2 224 0.030 1
38 6 n2 n5 0 0.280 0
38 7 n2 n1 198 0.280 0
38 8 n2 n2 255 0.280 1
38 9 n1 n5 0 0.510 0
38 10 n1 n2 219 0.510 0
38 11 n1 n1 226 0.510 1
39 1 n4 n5 0 0.160 0
39 2 n4 n4 247 0.160 1
39 3 n5 n5 0 0.100 0
39 4 n5 n1 210 0.100 0
39 5 n5 n2 224 0.100 1
39 6 n2 n5 0 0.220 0
39 7 n2 n1 194 0.220 0
39 8 n2 n2 255 0.220 1
39 9 n1 n5 0 0.100 0
39 10 n1 n2 224 0.100 0
39 11 n1 n1 228 0.100 1
40 1 n4 n5 0 0.220 0
40 2 n4 n4 245 0.220 1
40 3 n5 n5 0 0.700 0
40 4 n5 n1 210 0.700 0
40 5 n5 n2 224 0.700 1
40 6 n2 n5 0 0.400 0
40 7 n2 n1 192 0.400 0
40 8 n2 n2 255 0.400 1
40 9 n1 n5 0 0.200 0
40 10 n1 n2 229 0.200 1
40 11 n1 n1 227 0.200 0
41 1 n4 n5 0 0.800 0
41 2 n4 n4 245 0.800 1
41 3 n5 n5 0 0.270 0
41 4 n5 n1 207 0.270 0
41 5 n5 n2 224 0.270 1
41 6 n2 n5 0 0.500 0
41 7 n2 n1 192 0.500 0
41 8 n2 n2 255 0.500 1
41 9 n1 n5 0 0.300 0
41 10 n1 n2 229 0.300 1
41 11 n1 n1 226 0.300 0
42 1 n4 n5 0 0.330 0
42 2 n4 n4 245 0.330 1
42 3 n5 n5 0 0.370 0
42 4 n5 n1 209 0.370 0
42 5 n5 n2 220 0.370 1
42 6 n2 n5 0 0.060 0
42 7 n2 n1 0 0.060 0
42 8 n2 n2 255 0.060 1
42 9 n1 n5 10 0.000 0
42 10 n1 n2 224 0.000 0
42 11 n1 n1 227 0.000 1
43 1 n4 n5 0 0.430 0
43 2 n4 n4 246 0.430 1
43 3 n5 n5 0 0.450 0
43 4 n5 n1 210 0.450 0
43 5 n5 n2 220 0.450 1
43 6 n2 n5 0 0.130 0
43 7 n2 n1 0 0.130 0
43 8 n2 n2 255 0.130 1
43 9 n1 n5 10 0.060 0
43 10 n1 n2 222 0.060 0
43 11 n1 n1 227 0.060 1
44 1 n4 n5 17 0.030 0
44 2 n4 n4 250 0.030 1
44 3 n5 n5 22 0.030 0
44 4 n5 n1 212 0.030 0
44 5 n5 n2 220 0.030 1
44 6 n2 n5 20 0.200 0
44 7 n2 n1 0 0.200 0
44 8 n2 n2 255 0.200 1
44 9 n1 n5 20 0.010 0
44 10 n1 n2 222 0.010 0
44 11 n1 n1 227 0.010 1
45 1 n4 n5 17 0.060 0
45 2 n4 n4 252 0.060 1
45 3 n5 n5 22 0.120 0
45 4 n5 n1 216 0.120 0
45 5 n5 n2 220 0.120 1
45 6 n2 n5 20 0.250 0
45 7 n2 n1 0 0.250 0
45 8 n2 n2 255 0.250 1
45 9 n1 n5 20 0.100 0
45 10 n1 n2 222 0.100 0
45 11 n1 n1 228 0.100 1
46 1 n4 n5 0 0.170 0
46 2 n4 n4 253 0.170 1
46 3 n5 n5 0 0.220 0
46 4 n5 n1 215 0.220 0
46 5 n5 n2 222 0.220 1
46 6 n2 n5 0 0.220 0
46 7 n2 n1 188 0.220 0
46 8 n2 n2 255 0.220 1
46 9 n1 n5 0 0.170 0
46 10 n1 n2 221 0.170 0
46 11 n1 n1 229 0.170 1
47 1 n4 n5 17 0.230 0
47 2 n4 n4 252 0.230 1
47 3 n5 n5 22 0.290 0
47 4 n5 n1 210 0.290 0
47 5 n5 n2 225 0.290 1
47 6 n2 n5 19 0.310 0
47 7 n2 n1 188 0.310 0
47 8 n2 n2 255 0.310 1
47 9 n1 n5 20 0.230 0
47 10 n1 n2 221 0.230 0
47 11 n1 n1 226 0.230 1
48 1 n4 n5 16 0.800 0
48 2 n4 n4 251 0.800 1
48 3 n5 n5 21 0.350 0
48 4 n5 n1 206 0.350 0
48 5 n5 n2 224 0.350 1
48 6 n2 n5 18 0.380 0
48 7 n2 n1 187 0.380 0
48 8 n2 n2 255 0.380 1
48 9 n1 n5 19 0.420 0
48 10 n1 n2 218 0.420 0
48 11 n1 n1 223 0.420 1
49 1 n4 n5 16 0.030 0
49 2 n4 n4 249 0.030 1
49 3 n5 n5 21 0.410 0
49 4 n5 n1 205 0.410 0
49 5 n5 n2 223 0.410 1
49 6 n2 n5 18 0.460 0
49 7 n2 n1 187 0.460 0
49 8 n2 n2 255 0.460 1
49 9 n1 n5 19 0.360 0
49 10 n1 n2 216 0.360 0
49 11 n1 n1 222 0.360 1
50 1 n4 n5 16 0.600 0
50 2 n4 n4 249 0.600 1
50 3 n5 n5 26 0.060 0
50 4 n5 n1 212 0.060 0
50 5 n5 n2 226 0.060 1
50 6 n2 n5 21 0.010 0
50 7 n2 n1 0 0.010 0
50 8 n2 n2 255 0.010 1
50 9 n1 n5 24 0.040 0
50 10 n1 n2 221 0.040 1
50 11 n1 n1 221 0.040 0
51 1 n4 n5 16 0.530 0
51 2 n4 n4 250 0.530 1
51 3 n5 n5 27 0.050 0
51 4 n5 n1 208 0.050 0
51 5 n5 n2 229 0.050 1
51 6 n2 n5 26 0.180 0
51 7 n2 n1 0 0.180 0
51 8 n2 n2 255 0.180 1
51 9 n1 n5 28 0.130 0
51 10 n1 n2 226 0.130 1
51 11 n1 n1 220 0.130 0
52 1 n4 n5 16 0.150 0
52 2 n4 n4 251 0.150 1
52 3 n5 n5 37 0.200 0
52 4 n5 n1 211 0.200 0
52 5 n5 n2 225 0.200 1
52 6 n2 n5 40 0.210 0
52 7 n2 n1 0 0.210 0
52 8 n2 n2 254 0.210 1
52 9 n1 n5 32 0.120 0
52 10 n1 n2 219 0.120 1
52 11 n1 n1 221 0.120 0
53 1 n4 n5 43 0.210 0
53 2 n4 n4 254 0.210 1
53 3 n5 n5 49 0.260 0
53 4 n5 n1 218 0.260 0
53 5 n5 n2 224 0.260 1
53 6 n2 n5 43 0.140 0
53 7 n2 n1 192 0.140 0
53 8 n2 n2 250 0.140 1
53 9 n1 n5 48 0.210 0
53 10 n1 n2 213 0.210 0
53 11 n1 n1 225 0.210 1
54 1 n4 n5 46 0.270 0
54 2 n4 n4 255 0.270 1
54 3 n5 n5 59 0.330 0
54 4 n5 n1 224 0.330 0
54 5 n5 n2 227 0.330 1
54 6 n2 n5 61 0.230 0
54 7 n2 n1 193 0.230 0
54 8 n2 n2 246 0.230 1
54 9 n1 n5 67 0.260 0
54 10 n1 n2 220 0.260 0
54 11 n1 n1 231 0.260 1
55 1 n4 n5 61 0.040 0
55 2 n4 n4 255 0.040 1
55 3 n5 n5 72 0.390 0
55 4 n5 n1 226 0.390 0
55 5 n5 n2 228 0.390 1
55 6 n2 n5 69 0.010 0
55 7 n2 n1 196 0.010 0
55 8 n2 n2 246 0.010 1
55 9 n1 n5 77 0.440 0
55 10 n1 n2 229 0.440 0
55 11 n1 n1 234 0.440 1
56 1 n4 n5 62 0.440 0
56 2 n4 n4 255 0.440 1
56 3 n5 n5 80 0.460 0
56 4 n5 n1 225 0.460 0
56 5 n5 n2 229 0.460 1
56 6 n2 n5 71 0.390 0
56 7 n2 n1 196 0.390 0
56 8 n2 n2 247 0.390 1
56 9 n1 n5 76 0.420 0
56 10 n1 n2 229 0.420 0
56 11 n1 n1 234 0.420 1
57 1 n4 n5 60 0.160 0
57 2 n4 n4 255 0.160 1
57 3 n5 n5 80 0.040 0
57 4 n5 n1 226 0.040 1
57 5 n5 n2 223 0.040 0
57 6 n2 n5 71 0.150 0
57 7 n2 n1 197 0.150 0
57 8 n2 n2 249 0.150 1
57 9 n1 n5 75 0.070 0
57 10 n1 n2 229 0.070 0
57 11 n1 n1 237 0.070 1
58 1 n4 n5 62 0.060 0
58 2 n4 n4 255 0.060 1
58 3 n5 n5 83 0.080 0
58 4 n5 n1 226 0.080 1
58 5 n5 n2 221 0.080 0
58 6 n2 n5 71 0.250 0
58 7 n2 n1 196 0.250 0
58 8 n2 n2 253 0.250 1
58 9 n1 n5 79 0.520 0
58 10 n1 n2 224 0.520 0
58 11 n1 n1 238 0.520 1
59 1 n4 n5 63 0.130 0
59 2 n4 n4 255 0.130 1
59 3 n5 n5 84 0.150 0
59 4 n5 n1 229 0.150 1
59 5 n5 n2 219 0.150 0
59 6 n2 n5 76 0.170 0
59 7 n2 n1 201 0.170 0
59 8 n2 n2 255 0.170 1
59 9 n1 n5 85 0.060 0
59 10 n1 n2 224 0.060 0
59 11 n1 n1 242 0.060 1
60 1 n4 n5 65 0.380 0
60 2 n4 n4 255 0.380 1
60 3 n5 n5 87 0.220 0
60 4 n5 n1 231 0.220 1
60 5 n5 n2 222 0.220 0
60 6 n2 n5 79 0.230 0
60 7 n2 n1 200 0.230 0
60 8 n2 n2 255 0.230 1
60 9 n1 n5 90 0.130 0
60 10 n1 n2 226 0.130 0
60 11 n1 n1 247 0.130 1
61 1 n4 n5 73 0.420 0
61 2 n4 n4 255 0.420 1
61 3 n5 n5 92 0.290 0
61 4 n5 n1 228 0.290 1
61 5 n5 n2 225 0.290 0
61 6 n2 n5 87 0.020 0
61 7 n2 n1 197 0.020 0
61 8 n2 n2 255 0.020 1
61 9 n1 n5 97 0.150 0
61 10 n1 n2 226 0.150 0
61 11 n1 n1 246 0.150 1
62 1 n4 n5 76 0.330 0
62 2 n4 n4 255 0.330 1
62 3 n5 n5 97 0.400 0
62 4 n5 n1 225 0.400 1
62 5 n5 n2 224 0.400 0
62 6 n2 n5 89 0.030 0
62 7 n2 n1 195 0.030 0
62 8 n2 n2 255 0.030 1
62 9 n1 n5 98 0.230 0
62 10 n1 n2 224 0.230 0
62 11 n1 n1 246 0.230 1
63 1 n4 n5 88 0.100 0
63 2 n4 n4 255 0.100 1
63 3 n5 n5 106 0.100 0
63 4 n5 n1 223 0.100 1
63 5 n5 n2 223 0.100 0
63 6 n2 n5 97 0.080 0
63 7 n2 n1 195 0.080 0
63 8 n2 n2 255 0.080 1
63 9 n1 n5 108 0.300 0
63 10 n1 n2 219 0.300 0
63 11 n1 n1 246 0.300 1
64 1 n4 n5 92 0.080 0
64 2 n4 n4 255 0.080 1
64 3 n5 n5 112 0.060 0
64 4 n5 n1 221 0.060 0
64 5 n5 n2 223 0.060 1
64 6 n2 n5 105 0.150 0
64 7 n2 n1 194 0.150 0
64 8 n2 n2 255 0.150 1
64 9 n1 n5 118 0.260 0
64 10 n1 n2 219 0.260 0
64 11 n1 n1 247 0.260 1
65 1 n4 n5 99 0.140 0
65 2 n4 n4 255 0.140 1
65 3 n5 n5 121 0.130 0
65 4 n5 n1 217 0.130 0
65 5 n5 n2 223 0.130 1
65 6 n2 n5 114 0.100 0
65 7 n2 n1 191 0.100 0
65 8 n2 n2 255 0.100 1
65 9 n1 n5 122 0.030 0
65 10 n1 n2 222 0.030 0
65 11 n1 n1 244 0.030 1
66 1 n4 n5 110 0.190 0
66 2 n4 n4 255 0.190 1
66 3 n5 n5 135 0.210 0
66 4 n5 n1 215 0.210 0
66 5 n5 n2 220 0.210 1
66 6 n2 n5 124 0.160 0
66 7 n2 n1 193 0.160 0
66 8 n2 n2 253 0.160 1
66 9 n1 n5 138 0.070 0
66 10 n1 n2 219 0.070 0
66 11 n1 n1 242 0.070 1
67 1 n4 n5 118 0.070 0
67 2 n4 n4 255 0.070 1
67 3 n5 n5 143 0.260 0
67 4 n5 n1 219 0.260 0
67 5 n5 n2 220 0.260 1
67 6 n2 n5 131 0.250 0
67 7 n2 n1 195 0.250 0
67 8 n2 n2 251 0.250 1
67 9 n1 n5 145 0.000 0
67 10 n1 n2 217 0.000 0
67 11 n1 n1 242 0.000 1
68 1 n4 n5 121 0.170 0
68 2 n4 n4 255 0.170 1
68 3 n5 n5 149 0.350 0
68 4 n5 n1 221 0.350 0
68 5 n5 n2 225 0.350 1
68 6 n2 n5 139 0.080 0
68 7 n2 n1 198 0.080 0
68 8 n2 n2 250 0.080 1
68 9 n1 n5 150 0.100 0
68 10 n1 n2 215 0.100 0
68 11 n1 n1 242 0.100 1
69 1 n4 n5 124 0.250 0
69 2 n4 n4 255 0.250 1
69 3 n5 n5 155 0.010 0
69 4 n5 n1 219 0.010 0
69 5 n5 n2 227 0.010 1
69 6 n2 n5 146 0.040 0
69 7 n2 n1 195 0.040 0
69 8 n2 n2 250 0.040 1
69 9 n1 n5 154 0.150 0
69 10 n1 n2 215 0.150 0
69 11 n1 n1 240 0.150 1
70 1 n4 n5 128 0.330 0
70 2 n4 n4 255 0.330 1
70 3 n5 n5 159 0.110 0
70 4 n5 n1 223 0.110 0
70 5 n5 n2 227 0.110 1
70 6 n2 n5 147 0.090 0
70 7 n2 n1 203 0.090 0
70 8 n2 n2 249 0.090 1
70 9 n1 n5 159 0.200 0
70 10 n1 n2 216 0.200 0
70 11 n1 n1 239 0.200 1
71 1 n4 n5 126 0.040 0
71 2 n4 n4 255 0.040 1
71 3 n5 n5 161 0.090 0
71 4 n5 n1 222 0.090 1
71 5 n5 n2 219 0.090 0
71 6 n2 n5 145 0.140 0
71 7 n2 n1 199 0.140 0
71 8 n2 n2 247 0.140 1
71 9 n1 n5 160 0.460 0
71 10 n1 n2 214 0.460 0
71 11 n1 n1 241 0.460 1
72 1 n4 n5 127 0.460 0
72 2 n4 n4 255 0.460 1
72 3 n5 n5 162 0.160 0
72 4 n5 n1 220 0.160 1
72 5 n5 n2 216 0.160 0
72 6 n2 n5 148 0.230 0
72 7 n2 n1 195 0.230 0
72 8 n2 n2 245 0.230 1
72 9 n1 n5 159 0.000 0
72 10 n1 n2 212 0.000 0
72 11 n1 n1 242 0.000 1
73 1 n4 n5 137 0.050 0
73 2 n4 n4 255 0.050 1
73 3 n5 n5 165 0.230 0
73 4 n5 n1 215 0.230 1
73 5 n5 n2 216 0.230 0
73 6 n2 n5 151 0.470 0
73 7 n2 n1 195 0.470 0
73 8 n2 n2 243 0.470 1
73 9 n1 n5 166 0.060 0
73 10 n1 n2 210 0.060 0
73 11 n1 n1 239 0.060 1
74 1 n4 n5 140 0.090 0
74 2 n4 n4 255 0.090 1
74 3 n5 n5 174 0.160 0
74 4 n5 n1 210 0.160 0
74 5 n5 n2 219 0.160 1
74 6 n2 n5 167 0.040 0
74 7 n2 n1 193 0.040 0
74 8 n2 n2 244 0.040 1
74 9 n1 n5 170 0.070 0
74 10 n1 n2 207 0.070 0
74 11 n1 n1 238 0.070 1
75 1 n4 n5 141 0.170 0
75 2 n4 n4 255 0.170 1
75 3 n5 n5 177 0.390 0
75 4 n5 n1 206 0.390 0
75 5 n5 n2 218 0.390 1
75 6 n2 n5 166 0.020 0
75 7 n2 n1 190 0.020 0
75 8 n2 n2 246 0.020 1
75 9 n1 n5 171 0.090 0
75 10 n1 n2 209 0.090 0
75 11 n1 n1 236 0.090 1
76 1 n4 n5 141 0.230 0
76 2 n4 n4 255 0.230 1
76 3 n5 n5 178 0.050 0
76 4 n5 n1 205 0.050 0
76 5 n5 n2 215 0.050 1
76 6 n2 n5 167 0.070 0
76 7 n2 n1 189 0.070 0
76 8 n2 n2 244 0.070 1
76 9 n1 n5 174 0.160 0
76 10 n1 n2 211 0.160 0
76 11 n1 n1 238 0.160 1
77 1 n4 n5 0 0.310 0
77 2 n4 n4 255 0.310 1
77 3 n5 n5 179 0.000 0
77 4 n5 n1 209 0.000 0
77 5 n5 n2 213 0.000 1
77 6 n2 n5 168 0.080 0
77 7 n2 n1 193 0.080 0
77 8 n2 n2 242 0.080 1
77 9 n1 n5 176 0.250 0
77 10 n1 n2 214 0.250 0
77 11 n1 n1 242 0.250 1
78 1 n4 n5 147 0.080 0
78 2 n4 n4 255 0.080 1
78 3 n5 n5 183 0.100 0
78 4 n5 n1 205 0.100 0
78 5 n5 n2 215 0.100 1
78 6 n2 n5 173 0.160 0
78 7 n2 n1 190 0.160 0
78 8 n2 n2 242 0.160 1
78 9 n1 n5 178 0.320 0
78 10 n1 n2 220 0.320 0
78 11 n1 n1 246 0.320 1
79 1 n4 n5 155 0.160 0
79 2 n4 n4 255 0.160 1
79 3 n5 n5 188 0.160 0
79 4 n5 n1 203 0.160 0
79 5 n5 n2 218 0.160 1
79 6 n2 n5 180 0.220 0
79 7 n2 n1 186 0.220 0
79 8 n2 n2 245 0.220 1
79 9 n1 n5 187 0.390 0
79 10 n1 n2 222 0.390 0
79 11 n1 n1 245 0.390 1
80 1 n4 n5 161 0.050 0
80 2 n4 n4 255 0.050 1
80 3 n5 n5 195 0.230 0
80 4 n5 n1 193 0.230 0
80 5 n5 n2 220 0.230 1
80 6 n2 n5 185 0.340 0
80 7 n2 n1 183 0.340 0
80 8 n2 n2 248 0.340 1
80 9 n1 n5 189 0.440 0
80 10 n1 n2 219 0.440 0
80 11 n1 n1 242 0.440 1
81 1 n4 n5 161 0.130 0
81 2 n4 n4 252 0.130 1
81 3 n5 n5 198 0.320 0
81 4 n5 n1 191 0.320 0
81 5 n5 n2 220 0.320 1
81 6 n2 n5 189 0.030 0
81 7 n2 n1 180 0.030 0
81 8 n2 n2 250 0.030 1
81 9 n1 n5 194 0.030 0
81 10 n1 n2 227 0.030 0
81 11 n1 n1 240 0.030 1
82 1 n4 n5 159 0.730 0
82 2 n4 n4 249 0.730 1
82 3 n5 n5 201 0.380 0
82 4 n5 n1 190 0.380 0
82 5 n5 n2 222 0.380 1
82 6 n2 n5 190 0.100 0
82 7 n2 n1 178 0.100 0
82 8 n2 n2 252 0.100 1
82 9 n1 n5 197 0.080 0
82 10 n1 n2 233 0.080 0
82 11 n1 n1 240 0.080 1
83 1 n4 n5 160 0.290 0
83 2 n4 n4 246 0.290 1
83 3 n5 n5 203 0.090 0
83 4 n5 n1 185 0.090 0
83 5 n5 n2 225 0.090 1
83 6 n2 n5 192 0.090 0
83 7 n2 n1 177 0.090 0
83 8 n2 n2 254 0.090 1
83 9 n1 n5 198 0.710 0
83 10 n1 n2 235 0.710 0
83 11 n1 n1 238 0.710 1
84 1 n4 n5 161 0.030 0
84 2 n4 n4 243 0.030 1
84 3 n5 n5 205 0.080 0
84 4 n5 n1 183 0.080 0
84 5 n5 n2 222 0.080 1
84 6 n2 n5 193 0.180 0
84 7 n2 n1 177 0.180 0
84 8 n2 n2 255 0.180 1
84 9 n1 n5 199 0.290 0
84 10 n1 n2 236 0.290 0
84 11 n1 n1 237 0.290 1
85 1 n4 n5 166 0.030 0
85 2 n4 n4 241 0.030 1
85 3 n5 n5 209 0.180 0
85 4 n5 n1 187 0.180 0
85 5 n5 n2 223 0.180 1
85 6 n2 n5 198 0.280 0
85 7 n2 n1 0 0.280 0
85 8 n2 n2 255 0.280 1
85 9 n1 n5 199 0.360 0
85 10 n1 n2 236 0.360 1
85 11 n1 n1 237 0.360 0
86 1 n4 n5 169 0.140 0
86 2 n4 n4 242 0.140 1
86 3 n5 n5 217 0.290 0
86 4 n5 n1 180 0.290 0
86 5 n5 n2 227 0.290 1
86 6 n2 n5 202 0.380 0
86 7 n2 n1 0 0.380 0
86 8 n2 n2 255 0.380 1
86 9 n1 n5 0 0.010 0
86 10 n1 n2 233 0.010 0
86 11 n1 n1 240 0.010 1
87 1 n4 n5 170 0.190 0
87 2 n4 n4 243 0.190 1
87 3 n5 n5 222 0.340 0
87 4 n5 n1 176 0.340 0
87 5 n5 n2 228 0.340 1
87 6 n2 n5 209 0.080 0
87 7 n2 n1 0 0.080 0
87 8 n2 n2 253 0.080 1
87 9 n1 n5 0 0.090 0
87 10 n1 n2 237 0.090 0
87 11 n1 n1 240 0.090 1
88 1 n4 n5 172 0.270 0
88 2 n4 n4 244 0.270 1
88 3 n5 n5 224 0.420 0
88 4 n5 n1 175 0.420 0
88 5 n5 n2 235 0.420 1
88 6 n2 n5 206 0.040 0
88 7 n2 n1 0 0.040 0
88 8 n2 n2 252 0.040 1
88 9 n1 n5 212 0.030 0
88 10 n1 n2 231 0.030 0
88 11 n1 n1 237 0.030 1
89 1 n4 n5 172 0.350 0
89 2 n4 n4 246 0.350 1
89 3 n5 n5 229 0.080 0
89 4 n5 n1 174 0.080 0
89 5 n5 n2 232 0.080 1
89 6 n2 n5 206 0.080 0
89 7 n2 n1 0 0.080 0
89 8 n2 n2 249 0.080 1
89 9 n1 n5 209 0.110 0
89 10 n1 n2 224 0.110 0
89 11 n1 n1 233 0.110 1
90 1 n4 n5 0 0.440 0
90 2 n4 n4 245 0.440 1
90 3 n5 n5 232 0.050 1
90 4 n5 n1 173 0.050 0
90 5 n5 n2 229 0.050 0
90 6 n2 n5 210 0.150 0
90 7 n2 n1 0 0.150 0
90 8 n2 n2 246 0.150 1
90 9 n1 n5 207 0.270 0
90 10 n1 n2 221 0.270 0
90 11 n1 n1 228 0.270 1
91 1 n4 n5 0 0.020 0
91 2 n4 n4 241 0.020 1
91 3 n5 n5 235 0.090 1
91 4 n5 n1 0 0.090 0
91 5 n5 n2 230 0.090 0
91 6 n2 n5 215 0.200 0
91 7 n2 n1 0 0.200 0
91 8 n2 n2 246 0.200 1
91 9 n1 n5 0 0.190 0
91 10 n1 n2 223 0.190 0
91 11 n1 n1 229 0.190 1
92 1 n4 n5 0 0.070 0
92 2 n4 n4 240 0.070 1
92 3 n5 n5 238 0.140 1
92 4 n5 n1 0 0.140 0
92 5 n5 n2 232 0.140 0
92 6 n2 n5 220 0.280 0
92 7 n2 n1 0 0.280 0
92 8 n2 n2 246 0.280 1
92 9 n1 n5 0 0.290 0
92 10 n1 n2 224 0.290 0
92 11 n1 n1 231 0.290 1
93 1 n4 n5 0 0.140 0
93 2 n4 n4 241 0.140 1
93 3 n5 n5 239 0.200 1
93 4 n5 n1 0 0.200 0
93 5 n5 n2 232 0.200 0
93 6 n2 n5 217 0.370 0
93 7 n2 n1 0 0.370 0
93 8 n2 n2 246 0.370 1
93 9 n1 n5 220 0.370 0
93 10 n1 n2 220 0.370 0
93 11 n1 n1 229 0.370 1
94 1 n4 n5 0 0.210 0
94 2 n4 n4 242 0.210 1
94 3 n5 n5 236 0.290 1
94 4 n5 n1 0 0.290 0
94 5 n5 n2 229 0.290 0
94 6 n2 n5 214 0.030 0
94 7 n2 n1 0 0.030 0
94 8 n2 n2 246 0.030 1
94 9 n1 n5 220 0.060 0
94 10 n1 n2 221 0.060 0
94 11 n1 n1 226 0.060 1
95 1 n4 n5 0 0.280 0
95 2 n4 n4 242 0.280 1
95 3 n5 n5 233 0.360 1
95 4 n5 n1 0 0.360 0
95 5 n5 n2 225 0.360 0
95 6 n2 n5 210 0.110 0
95 7 n2 n1 0 0.110 0
95 8 n2 n2 244 0.110 1
95 9 n1 n5 211 0.020 0
95 10 n1 n2 221 0.020 0
95 11 n1 n1 229 0.020 1
96 1 n4 n5 0 0.360 0
96 2 n4 n4 241 0.360 1
96 3 n5 n5 230 0.060 1
96 4 n5 n1 0 0.060 0
96 5 n5 n2 221 0.060 0
96 6 n2 n5 212 0.050 0
96 7 n2 n1 176 0.050 0
96 8 n2 n2 242 0.050 1
96 9 n1 n5 211 0.090 0
96 10 n1 n2 224 0.090 0
96 11 n1 n1 232 0.090 1
97 1 n4 n5 0 0.950 0
97 2 n4 n4 240 0.950 1
97 3 n5 n5 231 0.040 1
97 4 n5 n1 0 0.040 0
97 5 n5 n2 214 0.040 0
97 6 n2 n5 216 0.130 0
97 7 n2 n1 177 0.130 0
97 8 n2 n2 242 0.130 1
97 9 n1 n5 211 0.150 0
97 10 n1 n2 225 0.150 0
97 11 n1 n1 233 0.150 1
98 1 n4 n5 0 0.510 0
98 2 n4 n4 240 0.510 1
98 3 n5 n5 233 0.140 1
98 4 n5 n1 0 0.140 0
98 5 n5 n2 210 0.140 0
98 6 n2 n5 216 0.240 0
98 7 n2 n1 182 0.240 0
98 8 n2 n2 241 0.240 1
98 9 n1 n5 210 0.230 0
98 10 n1 n2 224 0.230 0
98 11 n1 n1 235 0.230 1
99 1 n4 n5 0 0.090 0
99 2 n4 n4 242 0.090 1
99 3 n5 n5 233 0.200 1
99 4 n5 n1 0 0.200 0
99 5 n5 n2 211 0.200 0
99 6 n2 n5 212 0.310 0
99 7 n2 n1 178 0.310 0
99 8 n2 n2 241 0.310 1
99 9 n1 n5 205 0.330 0
99 10 n1 n2 228 0.330 0
99 11 n1 n1 236 0.330 1
100 1 n4 n5 0 0.180 0
100 2 n4 n4 244 0.180 1
100 3 n5 n5 231 0.270 1
100 4 n5 n1 0 0.270 0
100 5 n5 n2 212 0.270 0
100 6 n2 n5 209 0.410 0
100 7 n2 n1 178 0.410 0
100 8 n2 n2 242 0.410 1
100 9 n1 n5 201 0.050 0
100 10 n1 n2 230 0.050 0
100 11 n1 n1 233 0.050 1
101 1 n4 n5 0 0.270 0
101 2 n4 n4 246 0.270 1
101 3 n5 n5 230 0.390 1
101 4 n5 n1 0 0.390 0
101 5 n5 n2 205 0.390 0
101 6 n2 n5 208 0.020 0
101 7 n2 n1 179 0.020 0
101 8 n2 n2 238 0.020 1
101 9 n1 n5 200 0.030 0
101 10 n1 n2 224 0.030 0
101 11 n1 n1 230 0.030 1
102 1 n4 n5 0 0.840 0
102 2 n4 n4 246 0.840 1
102 3 n5 n5 229 0.020 1
102 4 n5 n1 0 0.020 0
102 5 n5 n2 201 0.020 0
102 6 n2 n5 208 0.080 0
102 7 n2 n1 175 0.080 0
102 8 n2 n2 234 0.080 1
102 9 n1 n5 198 0.020 0
102 10 n1 n2 224 0.020 0
102 11 n1 n1 228 0.020 1
103 1 n4 n5 0 0.410 0
103 2 n4 n4 246 0.410 1
103 3 n5 n5 227 0.090 1
103 4 n5 n1 0 0.090 0
103 5 n5 n2 201 0.090 0
103 6 n2 n5 208 0.160 0
103 7 n2 n1 178 0.160 0
103 8 n2 n2 234 0.160 1
103 9 n1 n5 194 0.190 0
103 10 n1 n2 222 0.190 0
103 11 n1 n1 229 0.190 1
104 1 n4 n5 0 1.000 0
104 2 n4 n4 246 1.000 1
104 3 n5 n5 227 0.040 1
104 4 n5 n1 0 0.040 0
104 5 n5 n2 196 0.040 0
104 6 n2 n5 208 0.250 0
104 7 n2 n1 186 0.250 0
104 8 n2 n2 234 0.250 1
104 9 n1 n5 186 0.160 0
104 10 n1 n2 222 0.160 0
104 11 n1 n1 229 0.160 1
105 1 n4 n5 0 0.040 0
105 2 n4 n4 246 0.040 1
105 3 n5 n5 230 0.090 1
105 4 n5 n1 0 0.090 0
105 5 n5 n2 192 0.090 0
105 6 n2 n5 210 0.300 0
105 7 n2 n1 192 0.300 0
105 8 n2 n2 234 0.300 1
105 9 n1 n5 181 0.300 0
105 10 n1 n2 209 0.300 0
105 11 n1 n1 228 0.300 1
106 1 n4 n5 0 0.090 0
106 2 n4 n4 248 0.090 1
106 3 n5 n5 233 0.280 1
106 4 n5 n1 0 0.280 0
106 5 n5 n2 192 0.280 0
106 6 n2 n5 210 0.020 0
106 7 n2 n1 196 0.020 0
106 8 n2 n2 237 0.020 1
106 9 n1 n5 183 0.350 0
106 10 n1 n2 207 0.350 0
106 11 n1 n1 227 0.350 1
107 1 n4 n5 0 0.170 0
107 2 n4 n4 250 0.170 1
107 3 n5 n5 231 0.260 1
107 4 n5 n1 0 0.260 0
107 5 n5 n2 186 0.260 0
107 6 n2 n5 210 0.480 0
107 7 n2 n1 194 0.480 0
107 8 n2 n2 238 0.480 1
107 9 n1 n5 0 0.060 0
107 10 n1 n2 201 0.060 0
107 11 n1 n1 222 0.060 1
108 1 n4 n5 0 0.230 0
108 2 n4 n4 253 0.230 1
108 3 n5 n5 228 0.340 1
108 4 n5 n1 0 0.340 0
108 5 n5 n2 181 0.340 0
108 6 n2 n5 0 0.020 0
108 7 n2 n1 193 0.020 0
108 8 n2 n2 240 0.020 1
108 9 n1 n5 0 0.130 0
108 10 n1 n2 202 0.130 0
108 11 n1 n1 220 0.130 1
109 1 n4 n5 0 0.280 0
109 2 n4 n4 255 0.280 1
109 3 n5 n5 221 0.030 1
109 4 n5 n1 0 0.030 0
109 5 n5 n2 179 0.030 0
109 6 n2 n5 135 0.100 0
109 7 n2 n1 196 0.100 0
109 8 n2 n2 240 0.100 1
109 9 n1 n5 0 0.030 0
109 10 n1 n2 205 0.030 0
109 11 n1 n1 218 0.030 1
110 1 n4 n5 0 0.340 0
110 2 n4 n4 255 0.340 1
110 3 n5 n5 216 0.090 1
110 4 n5 n1 0 0.090 0
110 5 n5 n2 0 0.090 0
110 6 n2 n5 135 0.180 0
110 7 n2 n1 198 0.180 0
110 8 n2 n2 241 0.180 1
110 9 n1 n5 0 0.150 0
110 10 n1 n2 201 0.150 0
110 11 n1 n1 220 0.150 1
111 1 n4 n5 0 0.420 0
111 2 n4 n4 255 0.420 1
111 3 n5 n5 211 0.140 1
111 4 n5 n1 0 0.140 0
111 5 n5 n2 0 0.140 0
111 6 n2 n5 0 0.230 0
111 7 n2 n1 198 0.230 0
111 8 n2 n2 243 0.230 1
111 9 n1 n5 0 0.220 0
111 10 n1 n2 197 0.220 0
111 11 n1 n1 220 0.220 1
112 1 n4 n5 0 0.470 0
112 2 n4 n4 255 0.470 1
112 3 n5 n5 206 0.210 1
112 4 n5 n1 0 0.210 0
112 5 n5 n2 0 0.210 0
112 6 n2 n5 0 0.270 0
112 7 n2 n1 196 0.270 0
112 8 n2 n2 245 0.270 1
112 9 n1 n5 0 0.290 0
112 10 n1 n2 194 0.290 0
112 11 n1 n1 219 0.290 1
113 1 n4 n5 0 0.600 0
113 2 n4 n4 255 0.600 1
113 3 n5 n5 203 0.810 1
113 4 n5 n1 0 0.810 0
113 5 n5 n2 0 0.810 0
113 6 n2 n5 0 0.480 0
113 7 n2 n1 196 0.480 0
113 8 n2 n2 248 0.480 1
113 9 n1 n5 0 0.000 0
113 10 n1 n2 192 0.000 0
113 11 n1 n1 218 0.000 1
114 1 n4 n5 0 0.140 0
114 2 n4 n4 255 0.140 1
114 3 n5 n5 195 0.360 1
114 4 n5 n1 0 0.360 0
114 5 n5 n2 0 0.360 0
114 6 n2 n5 0 0.040 0
114 7 n2 n1 0 0.040 0
114 8 n2 n2 246 0.040 1
114 9 n1 n5 0 0.060 0
114 10 n1 n2 188 0.060 0
114 11 n1 n1 216 0.060 1
115 1 n4 n5 0 0.710 0
115 2 n4 n4 255 0.710 1
115 3 n5 n5 192 0.950 1
115 4 n5 n1 0 0.950 0
115 5 n5 n2 0 0.950 0
115 6 n2 n5 0 0.020 0
115 7 n2 n1 189 0.020 0
115 8 n2 n2 239 0.020 1
115 9 n1 n5 0 0.140 0
115 10 n1 n2 184 0.140 0
115 11 n1 n1 213 0.140 1
116 1 n4 n5 0 0.290 0
116 2 n4 n4 255 0.290 1
116 3 n5 n4 177 0.390 0
116 4 n5 n5 191 0.390 1
116 5 n5 n1 0 0.390 0
116 6 n5 n2 0 0.390 0
116 7 n2 n5 0 0.220 0
116 8 n2 n1 189 0.220 0
116 9 n2 n2 234 0.220 1
116 10 n1 n5 0 0.150 0
116 11 n1 n2 180 0.150 0
116 12 n1 n1 213 0.150 1
117 1 n4 n5 156 0.250 0
117 2 n4 n4 254 0.250 1
117 3 n5 n4 179 0.490 0
117 4 n5 n5 189 0.490 1
117 5 n5 n1 0 0.490 0
117 6 n5 n2 0 0.490 0
117 7 n2 n5 0 0.220 0
117 8 n2 n1 191 0.220 0
117 9 n2 n2 233 0.220 1
117 10 n1 n5 0 0.240 0
117 11 n1 n2 178 0.240 0
117 12 n1 n1 213 0.240 1
118 1 n4 n5 156 0.440 0
118 2 n4 n4 252 0.440 1
118 3 n5 n4 184 0.090 1
118 4 n5 n5 0 0.090 0
118 5 n5 n1 0 0.090 0
118 6 n5 n2 0 0.090 0
118 7 n2 n5 0 0.420 0
118 8 n2 n1 191 0.420 0
118 9 n2 n2 234 0.420 1
118 10 n1 n5 0 0.450 0
118 11 n1 n2 180 0.450 0
118 12 n1 n1 214 0.450 1
119 1 n4 n5 0 0.010 0
119 2 n4 n4 248 0.010 1
119 3 n5 n4 189 0.200 1
119 4 n5 n5 0 0.200 0
119 5 n5 n1 0 0.200 0
119 6 n5 n2 0 0.200 0
119 7 n2 n5 0 0.380 0
119 8 n2 n1 196 0.380 0
119 9 n2 n2 234 0.380 1
119 10 n1 n5 0 0.030 0
119 11 n1 n2 180 0.030 0
119 12 n1 n1 220 0.030 1
120 1 n4 n5 0 0.130 0
120 2 n4 n4 246 0.130 1
120 3 n5 n4 195 0.280 1
120 4 n5 n5 0 0.280 0
120 5 n5 n1 0 0.280 0
120 6 n5 n2 0 0.280 0
120 7 n2 n5 0 0.050 0
120 8 n2 n1 190 0.050 0
120 9 n2 n2 233 0.050 1
120 10 n1 n5 0 0.120 0
120 11 n1 n2 185 0.120 0
120 12 n1 n1 222 0.120 1
121 1 n4 n5 157 0.170 0
121 2 n4 n4 246 0.170 1
121 3 n5 n4 201 0.350 1
121 4 n5 n5 0 0.350 0
121 5 n5 n1 0 0.350 0
121 6 n5 n2 0 0.350 0
121 7 n2 n5 0 0.010 0
121 8 n2 n1 195 0.010 0
121 9 n2 n2 233 0.010 1
121 10 n1 n5 0 0.170 0
121 11 n1 n2 183 0.170 0
121 12 n1 n1 221 0.170 1
122 1 n4 n5 157 0.250 0
122 2 n4 n4 246 0.250 1
122 3 n5 n4 207 0.410 1
122 4 n5 n5 0 0.410 0
122 5 n5 n1 0 0.410 0
122 6 n5 n2 0 0.410 0
122 7 n2 n5 0 0.190 0
122 8 n2 n1 190 0.190 0
122 9 n2 n2 233 0.190 1
122 10 n1 n5 0 0.110 0
122 11 n1 n2 191 0.110 0
122 12 n1 n1 221 0.110 1
123 1 n4 n5 0 0.350 0
123 2 n4 n4 248 0.350 1
123 3 n5 n4 217 0.500 1
123 4 n5 n5 0 0.500 0
123 5 n5 n1 0 0.500 0
123 6 n5 n2 0 0.500 0
123 7 n2 n5 0 0.200 0
123 8 n2 n1 195 0.200 0
123 9 n2 n2 233 0.200 1
123 10 n1 n5 0 0.310 0
123 11 n1 n2 189 0.310 0
123 12 n1 n1 223 0.310 1
124 1 n4 n5 0 0.440 0
124 2 n4 n4 252 0.440 1
124 3 n5 n4 230 0.050 1
124 4 n5 n5 0 0.050 0
124 5 n5 n1 0 0.050 0
124 6 n5 n2 0 0.050 0
124 7 n2 n5 0 0.270 0
124 8 n2 n1 194 0.270 0
124 9 n2 n2 233 0.270 1
124 10 n1 n5 0 0.290 0
124 11 n1 n2 188 0.290 0
124 12 n1 n1 227 0.290 1
125 1 n4 n5 0 0.470 0
125 2 n4 n4 255 0.470 1
125 3 n5 n4 234 0.180 1
125 4 n5 n5 0 0.180 0
125 5 n5 n1 0 0.180 0
125 6 n5 n2 0 0.180 0
125 7 n2 n5 0 0.350 0
125 8 n2 n1 195 0.350 0
125 9 n2 n2 234 0.350 1
125 10 n1 n5 0 0.340 0
125 11 n1 n2 182 0.340 0
125 12 n1 n1 229 0.340 1
126 1 n4 n5 0 0.030 0
126 2 n4 n4 255 0.030 1
126 3 n5 n4 234 1.290 1
126 4 n5 n5 0 1.290 0
126 5 n5 n1 0 1.290 0
126 6 n5 n2 0 1.290 0
126 7 n2 n5 0 0.030 0
126 8 n2 n1 198 0.030 0
126 9 n2 n2 236 0.030 1
126 10 n1 n5 0 0.030 0
126 11 n1 n2 179 0.030 0
126 12 n1 n1 226 0.030 1
127 1 n4 n5 0 0.090 0
127 2 n4 n4 255 0.090 1
127 3 n5 n4 234 0.310 1
127 4 n5 n5 0 0.310 0
127 5 n5 n1 0 0.310 0
127 6 n5 n2 0 0.310 0
127 7 n2 n5 0 0.090 0
127 8 n2 n1 192 0.090 0
127 9 n2 n2 238 0.090 1
127 10 n1 n5 0 0.110 0
127 11 n1 n2 178 0.110 0
127 12 n1 n1 223 0.110 1
128 1 n4 n5 0 0.180 0
128 2 n4 n4 255 0.180 1
128 3 n5 n4 232 0.880 1
128 4 n5 n5 0 0.880 0
128 5 n5 n1 0 0.880 0
128 6 n5 n2 0 0.880 0
128 7 n2 n5 0 0.030 0
128 8 n2 n1 190 0.030 0
128 9 n2 n2 238 0.030 1
128 10 n1 n5 0 0.160 0
128 11 n1 n2 180 0.160 0
128 12 n1 n1 220 0.160 1
129 1 n4 n5 0 0.230 0
129 2 n4 n4 255 0.230 1
129 3 n5 n4 229 0.420 1
129 4 n5 n5 0 0.420 0
129 5 n5 n1 0 0.420 0
129 6 n5 n2 0 0.420 0
129 7 n2 n5 0 0.110 0
129 8 n2 n1 188 0.110 0
129 9 n2 n2 238 0.110 1
129 10 n1 n5 0 0.120 0
129 11 n1 n2 178 0.120 0
129 12 n1 n1 219 0.120 1
130 1 n4 n5 0 0.040 0
130 2 n4 n4 255 0.040 1
130 3 n5 n4 225 0.170 1
130 4 n5 n5 0 0.170 0
130 5 n5 n1 0 0.170 0
130 6 n5 n2 0 0.170 0
130 7 n2 n5 0 0.010 0
130 8 n2 n1 184 0.010 0
130 9 n2 n2 239 0.010 1
130 10 n1 n5 0 0.040 0
130 11 n1 n2 177 0.040 0
130 12 n1 n1 216 0.040 1
131 1 n4 n5 0 0.660 0
131 2 n4 n4 255 0.660 1
131 3 n5 n4 225 1.320 1
131 4 n5 n5 0 1.320 0
131 5 n5 n1 0 1.320 0
131 6 n5 n2 0 1.320 0
131 7 n2 n5 0 0.010 0
131 8 n2 n1 178 0.010 0
131 9 n2 n2 242 0.010 1
131 10 n1 n5 0 0.060 0
131 11 n1 n2 183 0.060 0
131 12 n1 n1 213 0.060 1
132 1 n4 n5 0 0.220 0
132 2 n4 n4 255 0.220 1
132 3 n5 n4 225 2.420 1
132 4 n5 n5 0 2.420 0
132 5 n5 n1 0 2.420 0
132 6 n5 n2 0 2.420 0
132 7 n2 n5 0 0.170 0
132 8 n2 n1 175 0.170 0
132 9 n2 n2 244 0.170 1
132 10 n1 n5 0 0.100 0
132 11 n1 n2 184 0.100 0
132 12 n1 n1 213 0.100 1
133 1 n4 n5 0 0.130 0
133 2 n4 n4 255 0.130 1
133 3 n5 n4 225 3.530 1
133 4 n5 n5 0 3.530 0
133 5 n5 n1 0 3.530 0
133 6 n5 n2 0 3.530 0
133 7 n2 n5 0 0.270 0
133 8 n2 n1 174 0.270 0
133 9 n2 n2 246 0.270 1
133 10 n1 n5 0 0.190 0
133 11 n1 n2 189 0.190 0
133 12 n1 n1 216 0.190 1
134 1 n4 n5 0 0.430 0
134 2 n4 n4 255 0.430 1
134 3 n5 n4 225 4.640 1
134 4 n5 n5 0 4.640 0
134 5 n5 n1 0 4.640 0
134 6 n5 n2 0 4.640 0
134 7 n2 n5 0 0.360 0
134 8 n2 n1 0 0.360 0
134 9 n2 n2 246 0.360 1
134 10 n1 n5 0 0.280 0
134 11 n1 n2 191 0.280 0
134 12 n1 n1 226 0.280 1
135 1 n4 n5 0 0.510 0
135 2 n4 n4 255 0.510 1
135 3 n5 n4 225 5.740 1
135 4 n5 n5 0 5.740 0
135 5 n5 n1 0 5.740 0
135 6 n5 n2 0 5.740 0
135 7 n2 n5 0 1.460 0
135 8 n2 n1 0 1.460 0
135 9 n2 n2 246 1.460 1
135 10 n1 n5 0 0.330 0
135 11 n1 n2 192 0.330 0
135 12 n1 n1 228 0.330 1
136 1 n4 n5 0 0.070 0
136 2 n4 n4 254 0.070 1
136 3 n5 n4 222 0.170 1
136 4 n5 n5 0 0.170 0
136 5 n5 n1 0 0.170 0
136 6 n5 n2 0 0.170 0
136 7 n2 n5 0 0.020 0
136 8 n2 n1 0 0.020 0
136 9 n2 n2 248 0.020 1
136 10 n1 n5 0 0.420 0
136 11 n1 n2 194 0.420 0
136 12 n1 n1 230 0.420 1
137 1 n4 n5 0 0.140 0
137 2 n4 n4 252 0.140 1
137 3 n5 n4 222 1.270 1
137 4 n5 n5 0 1.270 0
137 5 n5 n1 0 1.270 0
137 6 n5 n2 0 1.270 0
137 7 n2 n5 0 0.090 0
137 8 n2 n1 189 0.090 0
137 9 n2 n2 248 0.090 1
137 10 n1 n5 0 0.040 0
137 11 n1 n2 194 0.040 0
137 12 n1 n1 236 0.040 1
138 1 n4 n5 0 0.710 0
138 2 n4 n4 251 0.710 1
138 3 n5 n4 222 2.380 1
138 4 n5 n5 0 2.380 0
138 5 n5 n1 0 2.380 0
138 6 n5 n2 0 2.380 0
138 7 n2 n5 0 0.170 0
138 8 n2 n1 189 0.170 0
138 9 n2 n2 246 0.170 1
138 10 n1 n5 0 0.250 0
138 11 n1 n2 192 0.250 0
138 12 n1 n1 239 0.250 1
139 1 n4 n5 0 0.330 0
139 2 n4 n4 249 0.330 1
139 3 n5 n4 217 0.390 1
139 4 n5 n5 0 0.390 0
139 5 n5 n1 0 0.390 0
139 6 n5 n2 0 0.390 0
139 7 n2 n5 0 0.250 0
139 8 n2 n1 0 0.250 0
139 9 n2 n2 246 0.250 1
139 10 n1 n5 0 0.840 0
139 11 n1 n2 192 0.840 0
139 12 n1 n1 239 0.840 1
140 1 n4 n5 0 0.930 0
140 2 n4 n4 249 0.930 1
140 3 n5 n4 217 1.500 1
140 4 n5 n5 0 1.500 0
140 5 n5 n1 0 1.500 0
140 6 n5 n2 0 1.500 0
140 7 n2 n5 0 0.250 0
140 8 n2 n1 189 0.250 0
140 9 n2 n2 246 0.250 1
140 10 n1 n5 0 0.410 0
140 11 n1 n2 192 0.410 0
140 12 n1 n1 239 0.410 1
141 1 n4 n5 0 0.510 0
141 2 n4 n4 252 0.510 1
141 3 n5 n4 205 0.570 1
141 4 n5 n5 0 0.570 0
141 5 n5 n1 0 0.570 0
141 6 n5 n2 0 0.570 0
141 7 n2 n5 0 0.350 0
141 8 n2 n1 191 0.350 0
141 9 n2 n2 245 0.350 1
141 10 n1 n5 0 0.490 0
141 11 n1 n2 0 0.490 0
141 12 n1 n1 240 0.490 1
142 1 n4 n5 0 0.090 0
142 2 n4 n4 254 0.090 1
142 3 n5 n4 190 0.140 1
142 4 n5 n5 0 0.140 0
142 5 n5 n1 0 0.140 0
142 6 n5 n2 0 0.140 0
142 7 n2 n5 0 0.060 0
142 8 n2 n1 200 0.060 0
142 9 n2 n2 242 0.060 1
142 10 n1 n5 0 0.060 0
142 11 n1 n2 0 0.060 0
142 12 n1 n1 243 0.060 1
143 1 n4 n5 0 0.660 0
143 2 n4 n4 255 0.660 1
143 3 n5 n4 185 0.730 1
143 4 n5 n5 0 0.730 0
143 5 n5 n1 0 0.730 0
143 6 n5 n2 0 0.730 0
143 7 n2 n5 0 0.040 0
143 8 n2 n1 201 0.040 0
143 9 n2 n2 243 0.040 1
143 10 n1 n5 0 0.160 0
143 11 n1 n2 0 0.160 0
143 12 n1 n1 244 0.160 1
144 1 n4 n5 0 0.200 0
144 2 n4 n4 255 0.200 1
144 3 n5 n4 185 1.820 1
144 4 n5 n5 0 1.820 0
144 5 n5 n1 0 1.820 0
144 6 n5 n2 0 1.820 0
144 7 n2 n5 0 0.130 0
144 8 n2 n1 201 0.130 0
144 9 n2 n2 247 0.130 1
144 10 n1 n5 0 0.100 0
144 11 n1 n2 209 0.100 0
144 12 n1 n1 245 0.100 1
145 1 n4 n5 0 0.320 0
145 2 n4 n4 255 0.320 1
145 3 n5 n4 170 0.360 1
145 4 n5 n5 0 0.360 0
145 5 n5 n1 0 0.360 0
145 6 n5 n2 0 0.360 0
145 7 n2 n5 0 0.330 0
145 8 n2 n1 205 0.330 0
145 9 n2 n2 252 0.330 1
145 10 n1 n5 0 0.350 0
145 11 n1 n2 209 0.350 0
145 12 n1 n1 245 0.350 1
146 1 n4 n5 0 0.400 0
146 2 n4 n4 255 0.400 1
146 3 n5 n4 170 1.470 1
146 4 n5 n5 0 1.470 0
146 5 n5 n1 0 1.470 0
146 6 n5 n2 0 1.470 0
146 7 n2 n5 0 0.290 0
146 8 n2 n1 203 0.290 0
146 9 n2 n2 255 0.290 1
146 10 n1 n5 0 0.430 0
146 11 n1 n2 209 0.430 0
146 12 n1 n1 245 0.430 1
147 1 n4 n5 0 0.490 0
147 2 n4 n4 255 0.490 1
147 3 n5 n4 151 0.010 1
147 4 n5 n5 0 0.010 0
147 5 n5 n1 0 0.010 0
147 6 n5 n2 0 0.010 0
147 7 n2 n5 0 0.360 0
147 8 n2 n1 198 0.360 0
147 9 n2 n2 255 0.360 1
147 10 n1 n5 0 0.010 0
147 11 n1 n2 219 0.010 0
147 12 n1 n1 241 0.010 1
148 1 n4 n5 0 0.030 0
148 2 n4 n4 255 0.030 1
148 3 n5 n4 133 0.110 1
148 4 n5 n5 0 0.110 0
148 5 n5 n1 0 0.110 0
148 6 n5 n2 0 0.110 0
148 7 n2 n5 0 0.040 0
148 8 n2 n1 195 0.040 0
148 9 n2 n2 255 0.040 1
148 10 n1 n5 0 0.070 0
148 11 n1 n2 219 0.070 0
148 12 n1 n1 236 0.070 1
149 1 n4 n5 0 0.120 0
149 2 n4 n4 255 0.120 1
149 3 n5 n4 133 1.220 1
149 4 n5 n5 0 1.220 0
149 5 n5 n1 0 1.220 0
149 6 n5 n2 0 1.220 0
149 7 n2 n5 0 0.120 0
149 8 n2 n1 192 0.120 0
149 9 n2 n2 253 0.120 1
149 10 n1 n5 0 0.140 0
149 11 n1 n2 219 0.140 0
149 12 n1 n1 233 0.140 1
150 1 n4 n5 0 0.210 0
150 2 n4 n4 255 0.210 1
150 3 n5 n4 115 0.270 1
150 4 n5 n5 0 0.270 0
150 5 n5 n1 0 0.270 0
150 6 n5 n2 0 0.270 0
150 7 n2 n5 0 0.120 0
150 8 n2 n1 189 0.120 0
150 9 n2 n2 252 0.120 1
150 10 n1 n5 0 0.100 0
150 11 n1 n2 216 0.100 0
150 12 n1 n1 231 0.100 1
151 1 n4 n5 0 0.290 0
151 2 n4 n4 255 0.290 1
151 3 n5 n4 115 1.370 1
151 4 n5 n5 0 1.370 0
151 5 n5 n1 0 1.370 0
151 6 n5 n2 0 1.370 0
151 7 n2 n5 0 0.210 0
151 8 n2 n1 192 0.210 0
151 9 n2 n2 248 0.210 1
151 10 n1 n5 0 0.150 0
151 11 n1 n2 209 0.150 0
151 12 n1 n1 231 0.150 1
152 1 n4 n5 0 0.360 0
152 2 n4 n4 255 0.360 1
152 3 n5 n4 105 0.940 1
152 4 n5 n5 0 0.940 0
152 5 n5 n1 0 0.940 0
152 6 n5 n2 0 0.940 0
152 7 n2 n5 0 0.310 0
152 8 n2 n1 187 0.310 0
152 9 n2 n2 246 0.310 1
152 10 n1 n5 0 0.240 0
152 11 n1 n2 210 0.240 0
152 12 n1 n1 228 0.240 1
153 1 n4 n5 0 0.460 0
153 2 n4 n4 255 0.460 1
153 3 n5 n4 93 0.490 1
153 4 n5 n5 0 0.490 0
153 5 n5 n1 0 0.490 0
153 6 n5 n2 0 0.490 0
153 7 n2 n5 0 0.500 0
153 8 n2 n1 183 0.500 0
153 9 n2 n2 246 0.500 1
153 10 n1 n5 0 0.290 0
153 11 n1 n2 216 0.290 0
153 12 n1 n1 224 0.290 1
154 1 n4 n5 0 0.020 0
154 2 n4 n4 255 0.020 1
154 3 n5 n4 70 0.490 1
154 4 n5 n5 0 0.490 0
154 5 n5 n1 0 0.490 0
154 6 n5 n2 0 0.490 0
154 7 n2 n5 0 0.080 0
154 8 n2 n1 184 0.080 0
154 9 n2 n2 246 0.080 1
154 10 n1 n5 0 0.380 0
154 11 n1 n2 218 0.380 0
154 12 n1 n1 222 0.380 1
155 1 n4 n5 0 0.090 0
155 2 n4 n4 255 0.090 1
155 3 n5 n4 49 0.110 1
155 4 n5 n5 0 0.110 0
155 5 n5 n1 0 0.110 0
155 6 n5 n2 0 0.110 0
155 7 n2 n5 0 0.060 0
155 8 n2 n1 184 0.060 0
155 9 n2 n2 246 0.060 1
155 10 n1 n5 0 0.480 0
155 11 n1 n2 218 0.480 0
155 12 n1 n1 220 0.480 1
156 1 n4 n5 0 0.210 0
156 2 n4 n4 255 0.210 1
156 3 n5 n4 34 0.190 1
156 4 n5 n5 0 0.190 0
156 5 n5 n1 0 0.190 0
156 6 n5 n2 0 0.190 0
156 7 n2 n5 0 0.160 0
156 8 n2 n1 185 0.160 0
156 9 n2 n2 246 0.160 1
156 10 n1 n5 0 0.080 0
156 11 n1 n2 218 0.080 0
156 12 n1 n1 222 0.080 1
157 1 n4 n5 0 0.280 0
157 2 n4 n4 255 0.280 1
157 3 n5 n4 24 0.270 1
157 4 n5 n5 0 0.270 0
157 5 n5 n1 0 0.270 0
157 6 n5 n2 0 0.270 0
157 7 n2 n5 0 0.250 0
157 8 n2 n1 183 0.250 0
157 9 n2 n2 244 0.250 1
157 10 n1 n5 0 0.300 0
157 11 n1 n2 220 0.300 0
157 12 n1 n1 225 0.300 1
158 1 n4 n5 0 0.370 0
158 2 n4 n4 255 0.370 1
158 3 n5 n4 22 0.320 1
158 4 n5 n5 0 0.320 0
158 5 n5 n1 0 0.320 0
158 6 n5 n2 0 0.320 0
158 7 n2 n5 0 0.310 0
158 8 n2 n1 187 0.310 0
158 9 n2 n2 242 0.310 1
158 10 n1 n5 0 0.230 0
158 11 n1 n2 221 0.230 0
158 12 n1 n1 230 0.230 1
159 1 n4 n5 0 0.440 0
159 2 n4 n4 255 0.440 1
159 3 n5 n4 22 1.420 1
159 4 n5 n5 0 1.420 0
159 5 n5 n1 0 1.420 0
159 6 n5 n2 0 1.420 0
159 7 n2 n5 0 0.390 0
159 8 n2 n1 189 0.390 0
159 9 n2 n2 242 0.390 1
159 10 n1 n5 0 0.280 0
159 11 n1 n2 222 0.280 0
159 12 n1 n1 236 0.280 1
160 1 n4 n5 0 0.070 0
160 2 n4 n4 255 0.070 1
160 3 n5 n4 22 0.510 1
160 4 n5 n5 0 0.510 0
160 5 n5 n1 0 0.510 0
160 6 n5 n2 0 0.510 0
160 7 n2 n5 0 0.000 0
160 8 n2 n1 192 0.000 0
160 9 n2 n2 243 0.000 1
160 10 n1 n5 0 0.370 0
160 11 n1 n2 226 0.370 0
160 12 n1 n1 241 0.370 1
161 1 n4 n5 0 0.150 0
161 2 n4 n4 255 0.150 1
161 3 n5 n4 32 0.060 1
161 4 n5 n5 0 0.060 0
161 5 n5 n1 0 0.060 0
161 6 n5 n2 0 0.060 0
161 7 n2 n5 0 0.110 0
161 8 n2 n1 195 0.110 0
161 9 n2 n2 245 0.110 1
161 10 n1 n5 0 0.070 0
161 11 n1 n2 232 0.070 0
161 12 n1 n1 246 0.070 1
162 1 n4 n5 0 0.210 0
162 2 n4 n4 254 0.210 1
162 3 n5 n4 41 0.160 1
162 4 n5 n5 0 0.160 0
162 5 n5 n1 0 0.160 0
162 6 n5 n2 0 0.160 0
162 7 n2 n5 0 0.150 0
162 8 n2 n1 197 0.150 0
162 9 n2 n2 244 0.150 1
162 10 n1 n5 0 0.040 0
162 11 n1 n2 229 0.040 0
162 12 n1 n1 244 0.040 1
163 1 n4 n5 0 0.790 0
163 2 n4 n4 252 0.790 1
163 3 n5 n4 47 0.220 1
163 4 n5 n5 0 0.220 0
163 5 n5 n1 0 0.220 0
163 6 n5 n2 0 0.220 0
163 7 n2 n5 0 0.240 0
163 8 n2 n1 188 0.240 0
163 9 n2 n2 242 0.240 1
163 10 n1 n5 0 0.080 0
163 11 n1 n2 228 0.080 0
163 12 n1 n1 239 0.080 1
164 1 n4 n5 0 0.340 0
164 2 n4 n4 251 0.340 1
164 3 n5 n4 58 0.280 1
164 4 n5 n5 0 0.280 0
164 5 n5 n1 0 0.280 0
164 6 n5 n2 0 0.280 0
164 7 n2 n5 0 0.310 0
164 8 n2 n1 179 0.310 0
164 9 n2 n2 241 0.310 1
164 10 n1 n5 0 0.140 0
164 11 n1 n2 228 0.140 0
164 12 n1 n1 229 0.140 1
165 1 n4 n5 0 0.400 0
165 2 n4 n4 252 0.400 1
165 3 n5 n4 69 0.330 1
165 4 n5 n5 0 0.330 0
165 5 n5 n1 0 0.330 0
165 6 n5 n2 0 0.330 0
165 7 n2 n5 0 0.000 0
165 8 n2 n1 174 0.000 0
165 9 n2 n2 234 0.000 1
165 10 n1 n5 0 0.200 0
165 11 n1 n2 222 0.200 1
165 12 n1 n1 221 0.200 0
166 1 n4 n5 0 0.510 0
166 2 n4 n4 255 0.510 1
166 3 n5 n4 78 0.390 1
166 4 n5 n5 0 0.390 0
166 5 n5 n1 0 0.390 0
166 6 n5 n2 0 0.390 0
166 7 n2 n5 0 0.060 0
166 8 n2 n1 172 0.060 0
166 9 n2 n2 231 0.060 1
166 10 n1 n5 0 0.320 0
166 11 n1 n2 219 0.320 1
166 12 n1 n1 217 0.320 0
167 1 n4 n5 0 0.070 0
167 2 n4 n4 252 0.070 1
167 3 n5 n4 85 0.080 1
167 4 n5 n5 0 0.080 0
167 5 n5 n1 0 0.080 0
167 6 n5 n2 0 0.080 0
167 7 n2 n5 0 0.060 0
167 8 n2 n1 179 0.060 0
167 9 n2 n2 230 0.060 1
167 10 n1 n5 0 0.010 0
167 11 n1 n2 214 0.010 0
167 12 n1 n1 217 0.010 1
168 1 n4 n5 7 0.030 0
168 2 n4 n4 249 0.030 1
168 3 n5 n4 97 0.050 1
168 4 n5 n5 10 0.050 0
168 5 n5 n1 0 0.050 0
168 6 n5 n2 0 0.050 0
168 7 n2 n5 5 0.100 0
168 8 n2 n1 183 0.100 0
168 9 n2 n2 230 0.100 1
168 10 n1 n5 5 0.080 0
168 11 n1 n2 217 0.080 0
168 12 n1 n1 219 0.080 1
169 1 n4 n5 7 0.100 0
169 2 n4 n4 246 0.100 1
169 3 n5 n4 100 0.130 1
169 4 n5 n5 10 0.130 0
169 5 n5 n1 0 0.130 0
169 6 n5 n2 0 0.130 0
169 7 n2 n5 5 0.170 0
169 8 n2 n1 181 0.170 0
169 9 n2 n2 230 0.170 1
169 10 n1 n5 4 0.020 0
169 11 n1 n2 218 0.020 0
169 12 n1 n1 219 0.020 1
170 1 n4 n5 9 0.190 0
170 2 n4 n4 241 0.190 1
170 3 n5 n4 99 0.230 1
170 4 n5 n5 12 0.230 0
170 5 n5 n1 0 0.230 0
170 6 n5 n2 0 0.230 0
170 7 n2 n5 7 0.280 0
170 8 n2 n1 180 0.280 0
170 9 n2 n2 230 0.280 1
170 10 n1 n5 6 0.110 0
170 11 n1 n2 219 0.110 1
170 12 n1 n1 217 0.110 0
171 1 n4 n5 19 0.250 0
171 2 n4 n4 236 0.250 1
171 3 n5 n4 103 0.260 1
171 4 n5 n5 19 0.260 0
171 5 n5 n1 0 0.260 0
171 6 n5 n2 0 0.260 0
171 7 n2 n5 13 0.380 0
171 8 n2 n1 179 0.380 0
171 9 n2 n2 231 0.380 1
171 10 n1 n5 12 0.170 0
171 11 n1 n2 223 0.170 1
171 12 n1 n1 215 0.170 0
172 1 n4 n5 24 0.330 0
172 2 n4 n4 233 0.330 1
172 3 n5 n4 111 0.370 1
172 4 n5 n5 28 0.370 0
172 5 n5 n1 0 0.370 0
172 6 n5 n2 0 0.370 0
172 7 n2 n5 22 0.030 0
172 8 n2 n1 177 0.030 0
172 9 n2 n2 237 0.030 1
172 10 n1 n5 15 0.210 0
172 11 n1 n2 226 0.210 1
172 12 n1 n1 217 0.210 0
173 1 n4 n5 24 0.030 0
173 2 n4 n4 233 0.030 1
173 3 n5 n4 119 0.020 1
173 4 n5 n5 36 0.020 0
173 5 n5 n1 0 0.020 0
173 6 n5 n2 0 0.020 0
173 7 n2 n5 22 0.020 0
173 8 n2 n1 178 0.020 0
173 9 n2 n2 238 0.020 1
173 10 n1 n5 16 0.270 0
173 11 n1 n2 228 0.270 1
173 12 n1 n1 221 0.270 0
174 1 n4 n5 37 0.090 0
174 2 n4 n4 235 0.090 1
174 3 n5 n4 119 0.090 1
174 4 n5 n5 46 0.090 0
174 5 n5 n1 0 0.090 0
174 6 n5 n2 0 0.090 0
174 7 n2 n5 22 0.090 0
174 8 n2 n1 173 0.090 0
174 9 n2 n2 236 0.090 1
174 10 n1 n5 16 0.090 0
174 11 n1 n2 226 0.090 1
174 12 n1 n1 223 0.090 0
175 1 n4 n5 50 0.240 0
175 2 n4 n4 234 0.240 1
175 3 n5 n4 127 0.320 1
175 4 n5 n5 55 0.320 0
175 5 n5 n1 0 0.320 0
175 6 n5 n2 0 0.320 0
175 7 n2 n5 36 0.020 0
175 8 n2 n1 172 0.020 0
175 9 n2 n2 235 0.020 1
175 10 n1 n5 0 0.170 0
175 11 n1 n2 225 0.170 1
175 12 n1 n1 223 0.170 0
176 1 n4 n5 57 0.310 0
176 2 n4 n4 233 0.310 1
176 3 n5 n4 134 0.010 1
176 4 n5 n5 67 0.010 0
176 5 n5 n1 0 0.010 0
176 6 n5 n2 0 0.010 0
176 7 n2 n5 39 0.120 0
176 8 n2 n1 172 0.120 0
176 9 n2 n2 237 0.120 1
176 10 n1 n5 0 0.220 0
176 11 n1 n2 224 0.220 1
176 12 n1 n1 223 0.220 0
177 1 n4 n5 74 0.060 0
177 2 n4 n4 236 0.060 1
177 3 n5 n4 143 0.040 1
177 4 n5 n5 79 0.040 0
177 5 n5 n1 0 0.040 0
177 6 n5 n2 0 0.040 0
177 7 n2 n5 54 0.130 0
177 8 n2 n1 181 0.130 0
177 9 n2 n2 239 0.130 1
177 10 n1 n5 48 0.370 0
177 11 n1 n2 227 0.370 0
177 12 n1 n1 228 0.370 1
178 1 n4 n5 91 0.100 0
178 2 n4 n4 237 0.100 1
178 3 n5 n4 147 0.160 1
178 4 n5 n5 92 0.160 0
178 5 n5 n1 0 0.160 0
178 6 n5 n2 0 0.160 0
178 7 n2 n5 69 0.100 0
178 8 n2 n1 185 0.100 0
178 9 n2 n2 242 0.100 1
178 10 n1 n5 0 0.000 0
178 11 n1 n2 236 0.000 1
178 12 n1 n1 235 0.000 0
179 1 n4 n5 100 0.220 0
179 2 n4 n4 235 0.220 1
179 3 n5 n4 151 0.250 1
179 4 n5 n5 103 0.250 0
179 5 n5 n1 0 0.250 0
179 6 n5 n2 0 0.250 0
179 7 n2 n5 75 0.000 0
179 8 n2 n1 181 0.000 0
179 9 n2 n2 247 0.000 1
179 10 n1 n5 72 0.090 0
179 11 n1 n2 238 0.090 1
179 12 n1 n1 235 0.090 0
180 1 n4 n5 111 0.280 0
180 2 n4 n4 234 0.280 1
180 3 n5 n4 157 0.340 1
180 4 n5 n5 114 0.340 0
180 5 n5 n1 0 0.340 0
180 6 n5 n2 0 0.340 0
180 7 n2 n5 87 0.070 0
180 8 n2 n1 181 0.070 0
180 9 n2 n2 250 0.070 1
180 10 n1 n5 72 0.290 0
180 11 n1 n2 238 0.290 1
180 12 n1 n1 233 0.290 0
181 1 n4 n5 119 0.460 0
181 2 n4 n4 233 0.460 1
181 3 n5 n4 161 0.400 1
181 4 n5 n5 122 0.400 0
181 5 n5 n1 0 0.400 0
181 6 n5 n2 0 0.400 0
181 7 n2 n5 92 0.010 0
181 8 n2 n1 194 0.010 0
181 9 n2 n2 249 0.010 1
181 10 n1 n5 0 0.260 0
181 11 n1 n2 236 0.260 1
181 12 n1 n1 233 0.260 0
182 1 n4 n5 128 0.400 0
182 2 n4 n4 233 0.400 1
182 3 n5 n4 162 0.060 1
182 4 n5 n5 136 0.060 0
182 5 n5 n1 0 0.060 0
182 6 n5 n2 0 0.060 0
182 7 n2 n5 97 0.080 0
182 8 n2 n1 194 0.080 0
182 9 n2 n2 247 0.080 1
182 10 n1 n5 0 0.350 0
182 11 n1 n2 233 0.350 0
182 12 n1 n1 237 0.350 1
183 1 n4 n5 132 0.260 0
183 2 n4 n4 232 0.260 1
183 3 n5 n4 163 0.140 1
183 4 n5 n5 141 0.140 0
183 5 n5 n1 0 0.140 0
183 6 n5 n2 0 0.140 0
183 7 n2 n5 100 0.140 0
183 8 n2 n1 194 0.140 0
183 9 n2 n2 246 0.140 1
183 10 n1 n5 0 0.000 0
183 11 n1 n2 229 0.000 0
183 12 n1 n1 239 0.000 1
184 1 n4 n5 139 0.030 0
184 2 n4 n4 230 0.030 1
184 3 n5 n4 166 0.210 1
184 4 n5 n5 148 0.210 0
184 5 n5 n1 0 0.210 0
184 6 n5 n2 0 0.210 0
184 7 n2 n5 105 0.320 0
184 8 n2 n1 193 0.320 0
184 9 n2 n2 244 0.320 1
184 10 n1 n5 0 0.490 0
184 11 n1 n2 229 0.490 0
184 12 n1 n1 240 0.490 1
185 1 n4 n5 145 0.240 0
185 2 n4 n4 228 0.240 1
185 3 n5 n4 171 0.300 1
185 4 n5 n5 151 0.300 0
185 5 n5 n1 0 0.300 0
185 6 n5 n2 0 0.300 0
185 7 n2 n5 105 1.420 0
185 8 n2 n1 193 1.420 0
185 9 n2 n2 244 1.420 1
185 10 n1 n5 0 0.040 0
185 11 n1 n2 224 0.040 0
185 12 n1 n1 238 0.040 1
186 1 n4 n5 0 0.360 0
186 2 n4 n4 228 0.360 1
186 3 n5 n4 173 0.240 1
186 4 n5 n5 152 0.240 0
186 5 n5 n1 0 0.240 0
186 6 n5 n2 0 0.240 0
186 7 n2 n5 0 0.010 0
186 8 n2 n1 200 0.010 0
186 9 n2 n2 242 0.010 1
186 10 n1 n5 109 0.030 0
186 11 n1 n2 224 0.030 0
186 12 n1 n1 238 0.030 1
187 1 n4 n5 0 0.470 0
187 2 n4 n4 228 0.470 1
187 3 n5 n4 172 0.440 1
187 4 n5 n5 156 0.440 0
187 5 n5 n1 0 0.440 0
187 6 n5 n2 0 0.440 0
187 7 n2 n5 125 0.060 0
187 8 n2 n1 204 0.060 0
187 9 n2 n2 244 0.060 1
187 10 n1 n5 113 0.110 0
187 11 n1 n2 226 0.110 0
187 12 n1 n1 235 0.110 1
188 1 n4 n5 0 0.560 0
188 2 n4 n4 230 0.560 1
188 3 n5 n4 169 0.020 1
188 4 n5 n5 166 0.020 0
188 5 n5 n1 0 0.020 0
188 6 n5 n2 0 0.020 0
188 7 n2 n5 135 0.040 0
188 8 n2 n1 198 0.040 0
188 9 n2 n2 243 0.040 1
188 10 n1 n5 123 0.230 0
188 11 n1 n2 224 0.230 0
188 12 n1 n1 231 0.230 1
189 1 n4 n5 0 0.110 0
189 2 n4 n4 232 0.110 1
189 3 n5 n4 166 0.000 0
189 4 n5 n5 172 0.000 1
189 5 n5 n1 129 0.000 0
189 6 n5 n2 129 0.000 0
189 7 n2 n5 144 0.160 0
189 8 n2 n1 199 0.160 0
189 9 n2 n2 239 0.160 1
189 10 n1 n5 133 0.020 0
189 11 n1 n2 216 0.020 0
189 12 n1 n1 232 0.020 1
190 1 n4 n5 0 0.170 0
190 2 n4 n4 236 0.170 1
190 3 n5 n4 172 0.100 0
190 4 n5 n5 177 0.100 1
190 5 n5 n1 130 0.100 0
190 6 n5 n2 130 0.100 0
190 7 n2 n5 152 0.210 0
190 8 n2 n1 200 0.210 0
190 9 n2 n2 237 0.210 1
190 10 n1 n5 139 0.000 0
190 11 n1 n2 214 0.000 0
190 12 n1 n1 233 0.000 1
191 1 n4 n5 0 0.250 0
191 2 n4 n4 243 0.250 1
191 3 n5 n4 173 0.170 0
191 4 n5 n5 181 0.170 1
191 5 n5 n1 126 0.170 0
191 6 n5 n2 135 0.170 0
191 7 n2 n5 157 0.290 0
191 8 n2 n1 199 0.290 0
191 9 n2 n2 237 0.290 1
191 10 n1 n5 143 0.070 0
191 11 n1 n2 213 0.070 0
191 12 n1 n1 232 0.070 1
192 1 n4 n5 0 0.310 0
192 2 n4 n4 250 0.310 1
192 3 n5 n4 173 0.220 0
192 4 n5 n5 185 0.220 1
192 5 n5 n1 126 0.220 0
192 6 n5 n2 137 0.220 0
192 7 n2 n5 164 0.390 0
192 8 n2 n1 202 0.390 0
192 9 n2 n2 238 0.390 1
192 10 n1 n5 143 0.050 0
192 11 n1 n2 206 0.050 0
192 12 n1 n1 233 0.050 1
193 1 n4 n5 0 0.380 0
193 2 n4 n4 251 0.380 1
193 3 n5 n4 160 0.270 0
193 4 n5 n5 188 0.270 1
193 5 n5 n1 125 0.270 0
193 6 n5 n2 136 0.270 0
193 7 n2 n5 167 0.060 0
193 8 n2 n1 212 0.060 0
193 9 n2 n2 237 0.060 1
193 10 n1 n5 142 0.150 0
193 11 n1 n2 196 0.150 0
193 12 n1 n1 239 0.150 1
194 1 n4 n5 0 0.450 0
194 2 n4 n4 251 0.450 1
194 3 n5 n4 153 0.330 0
194 4 n5 n5 189 0.330 1
194 5 n5 n1 0 0.330 0
194 6 n5 n2 144 0.330 0
194 7 n2 n5 173 0.050 0
194 8 n2 n1 215 0.050 0
194 9 n2 n2 236 0.050 1
194 10 n1 n5 148 0.220 0
194 11 n1 n2 202 0.220 0
194 12 n1 n1 247 0.220 1
195 1 n4 n5 0 0.030 0
195 2 n4 n4 250 0.030 1
195 3 n5 n4 147 0.030 0
195 4 n5 n5 193 0.030 1
195 5 n5 n1 0 0.030 0
195 6 n5 n2 149 0.030 0
195 7 n2 n5 178 0.150 0
195 8 n2 n1 215 0.150 0
195 9 n2 n2 234 0.150 1
195 10 n1 n5 154 0.290 0
195 11 n1 n2 203 0.290 0
195 12 n1 n1 250 0.290 1
196 1 n4 n5 0 0.100 0
196 2 n4 n4 252 0.100 1
196 3 n5 n4 142 0.010 0
196 4 n5 n5 195 0.010 1
196 5 n5 n1 149 0.010 0
196 6 n5 n2 149 0.010 0
196 7 n2 n5 183 0.250 0
196 8 n2 n1 212 0.250 0
196 9 n2 n2 232 0.250 1
196 10 n1 n5 159 0.050 0
196 11 n1 n2 202 0.050 0
196 12 n1 n1 248 0.050 1
197 1 n4 n5 0 0.230 0
197 2 n4 n4 254 0.230 1
197 3 n5 n4 142 0.120 0
197 4 n5 n5 198 0.120 1
197 5 n5 n1 150 0.120 0
197 6 n5 n2 152 0.120 0
197 7 n2 n5 186 0.340 0
197 8 n2 n1 210 0.340 0
197 9 n2 n2 231 0.340 1
197 10 n1 n5 165 0.020 0
197 11 n1 n2 205 0.020 0
197 12 n1 n1 245 0.020 1
198 1 n4 n5 0 0.330 0
198 2 n4 n4 255 0.330 1
198 3 n5 n4 0 0.200 0
198 4 n5 n5 202 0.200 1
198 5 n5 n1 156 0.200 0
198 6 n5 n2 153 0.200 0
198 7 n2 n5 194 0.000 0
198 8 n2 n1 210 0.000 0
198 9 n2 n2 229 0.000 1
198 10 n1 n5 172 0.100 0
198 11 n1 n2 202 0.100 0
198 12 n1 n1 245 0.100 1
199 1 n4 n5 0 0.430 0
199 2 n4 n4 255 0.430 1
199 3 n5 n4 0 0.250 0
199 4 n5 n5 208 0.250 1
199 5 n5 n1 161 0.250 0
199 6 n5 n2 163 0.250 0
199 7 n2 n5 203 0.060 0
199 8 n2 n1 210 0.060 0
199 9 n2 n2 226 0.060 1
199 10 n1 n5 181 0.070 0
199 11 n1 n2 202 0.070 0
199 12 n1 n1 245 0.070 1
200 1 n4 n5 0 0.500 0
200 2 n4 n4 255 0.500 1
200 3 n5 n4 0 0.440 0
200 4 n5 n5 214 0.440 1
200 5 n5 n1 162 0.440 0
200 6 n5 n2 165 0.440 0
200 7 n2 n5 206 0.030 0
200 8 n2 n1 214 0.030 0
200 9 n2 n2 221 0.030 1
200 10 n1 n5 181 0.180 0
200 11 n1 n2 193 0.180 0
200 12 n1 n1 246 0.180 1
201 1 n4 n5 0 0.040 0
201 2 n4 n4 255 0.040 1
201 3 n5 n4 0 0.030 0
201 4 n5 n5 221 0.030 1
201 5 n5 n1 169 0.030 0
201 6 n5 n2 162 0.030 0
201 7 n2 n5 215 0.100 0
201 8 n2 n1 218 0.100 1
201 9 n2 n2 215 0.100 0
201 10 n1 n5 182 0.790 0
201 11 n1 n2 184 0.790 0
201 12 n1 n1 246 0.790 1
202 1 n4 n5 0 0.110 0
202 2 n4 n4 255 0.110 1
202 3 n5 n4 0 0.010 0
202 4 n5 n5 226 0.010 1
202 5 n5 n1 168 0.010 0
202 6 n5 n2 168 0.010 0
202 7 n2 n5 218 0.200 0
202 8 n2 n1 218 0.200 1
202 9 n2 n2 211 0.200 0
202 10 n1 n5 183 0.070 0
202 11 n1 n2 173 0.070 0
202 12 n1 n1 244 0.070 1
203 1 n4 n5 0 0.220 0
203 2 n4 n4 255 0.220 1
203 3 n5 n4 0 0.000 0
203 4 n5 n5 229 0.000 1
203 5 n5 n1 175 0.000 0
203 6 n5 n2 173 0.000 0
203 7 n2 n5 220 0.320 1
203 8 n2 n1 219 0.320 0
203 9 n2 n2 213 0.320 0
203 10 n1 n5 184 0.040 0
203 11 n1 n2 177 0.040 0
203 12 n1 n1 241 0.040 1
204 1 n4 n5 0 0.320 0
204 2 n4 n4 255 0.320 1
204 3 n5 n4 0 0.080 0
204 4 n5 n5 230 0.080 1
204 5 n5 n1 179 0.080 0
204 6 n5 n2 182 0.080 0
204 7 n2 n5 220 0.000 1
204 8 n2 n1 219 0.000 0
204 9 n2 n2 216 0.000 0
204 10 n1 n5 0 0.120 0
204 11 n1 n2 176 0.120 0
204 12 n1 n1 239 0.120 1
205 1 n4 n5 0 0.390 0
205 2 n4 n4 255 0.390 1
205 3 n5 n4 0 0.180 0
205 4 n5 n5 231 0.180 1
205 5 n5 n1 183 0.180 0
205 6 n5 n2 188 0.180 0
205 7 n2 n5 220 0.100 1
205 8 n2 n1 214 0.100 0
205 9 n2 n2 215 0.100 0
205 10 n1 n5 0 0.190 0
205 11 n1 n2 175 0.190 0
205 12 n1 n1 237 0.190 1
206 1 n4 n5 0 0.490 0
206 2 n4 n4 255 0.490 1
206 3 n5 n4 0 0.270 0
206 4 n5 n5 232 0.270 1
206 5 n5 n1 183 0.270 0
206 6 n5 n2 189 0.270 0
206 7 n2 n5 216 0.100 1
206 8 n2 n1 209 0.100 0
206 9 n2 n2 212 0.100 0
206 10 n1 n5 0 0.250 0
206 11 n1 n2 173 0.250 0
206 12 n1 n1 233 0.250 1
207 1 n4 n5 0 0.090 0
207 2 n4 n4 255 0.090 1
207 3 n5 n4 0 0.320 0
207 4 n5 n5 230 0.320 1
207 5 n5 n1 180 0.320 0
207 6 n5 n2 187 0.320 0
207 7 n2 n5 211 0.160 1
207 8 n2 n1 207 0.160 0
207 9 n2 n2 211 0.160 0
207 10 n1 n5 0 0.320 0
207 11 n1 n2 171 0.320 0
207 12 n1 n1 231 0.320 1
208 1 n4 n5 0 0.160 0
208 2 n4 n4 255 0.160 1
208 3 n5 n4 0 0.090 0
208 4 n5 n5 224 0.090 1
208 5 n5 n1 176 0.090 0
208 6 n5 n2 185 0.090 0
208 7 n2 n5 210 0.240 0
208 8 n2 n1 201 0.240 0
208 9 n2 n2 213 0.240 1
208 10 n1 n5 0 0.420 0
208 11 n1 n2 172 0.420 0
208 12 n1 n1 227 0.420 1
209 1 n4 n5 0 0.210 0
209 2 n4 n4 255 0.210 1
209 3 n5 n4 0 0.050 0
209 4 n5 n5 218 0.050 1
209 5 n5 n1 180 0.050 0
209 6 n5 n2 189 0.050 0
209 7 n2 n5 208 0.350 0
209 8 n2 n1 207 0.350 0
209 9 n2 n2 215 0.350 1
209 10 n1 n5 171 0.100 0
209 11 n1 n2 174 0.100 0
209 12 n1 n1 230 0.100 1
210 1 n4 n5 0 0.310 0
210 2 n4 n4 255 0.310 1
210 3 n5 n4 0 0.080 0
210 4 n5 n5 214 0.080 1
210 5 n5 n1 184 0.080 0
210 6 n5 n2 193 0.080 0
210 7 n2 n5 205 0.410 0
210 8 n2 n1 211 0.410 0
210 9 n2 n2 216 0.410 1
210 10 n1 n5 171 0.060 0
210 11 n1 n2 178 0.060 0
210 12 n1 n1 239 0.060 1
211 1 n4 n5 0 0.420 0
211 2 n4 n4 255 0.420 1
211 3 n5 n4 0 0.230 0
211 4 n5 n5 209 0.230 1
211 5 n5 n1 183 0.230 0
211 6 n5 n2 197 0.230 0
211 7 n2 n5 199 0.080 0
211 8 n2 n1 208 0.080 0
211 9 n2 n2 223 0.080 1
211 10 n1 n5 0 0.130 0
211 11 n1 n2 187 0.130 0
211 12 n1 n1 237 0.130 1
212 1 n4 n5 0 0.000 0
212 2 n4 n4 255 0.000 1
212 3 n5 n4 0 0.310 0
212 4 n5 n5 207 0.310 1
212 5 n5 n1 181 0.310 0
212 6 n5 n2 200 0.310 0
212 7 n2 n5 196 0.040 0
212 8 n2 n1 202 0.040 0
212 9 n2 n2 228 0.040 1
212 10 n1 n5 0 0.210 0
212 11 n1 n2 191 0.210 0
212 12 n1 n1 231 0.210 1
213 1 n4 n5 0 0.060 0
213 2 n4 n4 255 0.060 1
213 3 n5 n4 0 0.000 0
213 4 n5 n5 206 0.000 1
213 5 n5 n1 184 0.000 0
213 6 n5 n2 206 0.000 0
213 7 n2 n5 193 0.140 0
213 8 n2 n1 202 0.140 0
213 9 n2 n2 229 0.140 1
213 10 n1 n5 171 0.300 0
213 11 n1 n2 191 0.300 0
213 12 n1 n1 227 0.300 1
214 1 n4 n2 193 0.130 0
214 2 n4 n5 0 0.130 0
214 3 n4 n4 255 0.130 1
214 4 n5 n4 0 0.480 0
214 5 n5 n5 205 0.480 0
214 6 n5 n1 187 0.480 0
214 7 n5 n2 208 0.480 1
214 8 n2 n5 192 0.250 0
214 9 n2 n1 199 0.250 0
214 10 n2 n2 230 0.250 1
214 11 n1 n5 171 0.370 0
214 12 n1 n2 193 0.370 0
214 13 n1 n1 224 0.370 1
215 1 n4 n2 192 0.210 0
215 2 n4 n5 0 0.210 0
215 3 n4 n4 255 0.210 1
215 4 n5 n4 0 0.050 0
215 5 n5 n5 203 0.050 0
215 6 n5 n1 186 0.050 0
215 7 n5 n2 210 0.050 1
215 8 n2 n5 191 0.330 0
215 9 n2 n1 194 0.330 0
215 10 n2 n2 231 0.330 1
215 11 n1 n5 171 0.070 0
215 12 n1 n2 200 0.070 0
215 13 n1 n1 222 0.070 1
216 1 n4 n2 199 0.310 0
216 2 n4 n5 0 0.310 0
216 3 n4 n4 255 0.310 1
216 4 n5 n4 0 0.140 0
216 5 n5 n5 202 0.140 0
216 6 n5 n1 186 0.140 0
216 7 n5 n2 214 0.140 1
216 8 n2 n5 186 0.020 0
216 9 n2 n1 193 0.020 0
216 10 n2 n2 235 0.020 1
216 11 n1 n5 167 0.050 0
216 12 n1 n2 203 0.050 0
216 13 n1 n1 222 0.050 1
217 1 n4 n2 199 0.020 0
217 2 n4 n5 0 0.020 0
217 3 n4 n4 255 0.020 1
217 4 n5 n4 0 0.200 0
217 5 n5 n5 201 0.200 0
217 6 n5 n1 188 0.200 0
217 7 n5 n2 216 0.200 1
217 8 n2 n5 184 0.010 0
217 9 n2 n1 197 0.010 0
217 10 n2 n2 238 0.010 1
217 11 n1 n5 167 0.140 0
217 12 n1 n2 203 0.140 0
217 13 n1 n1 223 0.140 1
218 1 n4 n2 197 0.510 0
218 2 n4 n5 0 0.510 0
218 3 n4 n4 255 0.510 1
218 4 n5 n4 0 0.350 0
218 5 n5 n5 199 0.350 0
218 6 n5 n1 192 0.350 0
218 7 n5 n2 222 0.350 1
218 8 n2 n5 182 0.200 0
218 9 n2 n1 200 0.200 0
218 10 n2 n2 240 0.200 1
218 11 n1 n5 165 0.310 0
218 12 n1 n2 204 0.310 0
218 13 n1 n1 225 0.310 1
219 1 n4 n2 193 0.050 0
219 2 n4 n5 0 0.050 0
219 3 n4 n4 255 0.050 1
219 4 n5 n4 0 0.040 0
219 5 n5 n5 196 0.040 0
219 6 n5 n1 193 0.040 0
219 7 n5 n2 224 0.040 1
219 8 n2 n5 180 0.280 0
219 9 n2 n1 200 0.280 0
219 10 n2 n2 244 0.280 1
219 11 n1 n5 169 0.480 0
219 12 n1 n2 207 0.480 0
219 13 n1 n1 225 0.480 1
220 1 n4 n2 0 0.150 0
220 2 n4 n5 0 0.150 0
220 3 n4 n4 255 0.150 1
220 4 n5 n4 0 0.000 0
220 5 n5 n5 193 0.000 0
220 6 n5 n1 198 0.000 0
220 7 n5 n2 228 0.000 1
220 8 n2 n5 176 0.370 0
220 9 n2 n1 200 0.370 0
220 10 n2 n2 245 0.370 1
220 11 n1 n5 166 0.080 0
220 12 n1 n2 207 0.080 0
220 13 n1 n1 225 0.080 1
221 1 n4 n2 0 0.230 0
221 2 n4 n5 0 0.230 0
221 3 n4 n4 255 0.230 1
221 4 n5 n4 0 0.090 0
221 5 n5 n5 188 0.090 0
221 6 n5 n1 206 0.090 0
221 7 n5 n2 232 0.090 1
221 8 n2 n5 171 0.050 0
221 9 n2 n1 199 0.050 0
221 10 n2 n2 245 0.050 1
221 11 n1 n5 162 0.050 0
221 12 n1 n2 215 0.050 0
221 13 n1 n1 223 0.050 1
222 1 n4 n2 0 0.310 0
222 2 n4 n5 0 0.310 0
222 3 n4 n4 255 0.310 1
222 4 n5 n4 0 0.190 0
222 5 n5 n5 185 0.190 0
222 6 n5 n1 206 0.190 0
222 7 n5 n2 230 0.190 1
222 8 n2 n5 173 0.160 0
222 9 n2 n1 197 0.160 0
222 10 n2 n2 246 0.160 1
222 11 n1 n5 160 0.120 0
222 12 n1 n2 220 0.120 1
222 13 n1 n1 219 0.120 0
223 1 n4 n2 0 0.560 0
223 2 n4 n5 0 0.560 0
223 3 n4 n4 255 0.560 1
223 4 n5 n4 0 0.020 0
223 5 n5 n5 183 0.020 0
223 6 n5 n1 202 0.020 0
223 7 n5 n2 225 0.020 1
223 8 n2 n5 175 0.210 0
223 9 n2 n1 188 0.210 0
223 10 n2 n2 245 0.210 1
223 11 n1 n5 160 0.400 0
223 12 n1 n2 221 0.400 1
223 13 n1 n1 214 0.400 0
224 1 n4 n2 0 0.650 0
224 2 n4 n5 0 0.650 0
224 3 n4 n4 255 0.650 1
224 4 n5 n4 0 0.470 0
224 5 n5 n5 181 0.470 0
224 6 n5 n1 200 0.470 0
224 7 n5 n2 228 0.470 1
224 8 n2 n5 168 0.010 0
224 9 n2 n1 185 0.010 0
224 10 n2 n2 248 0.010 1
224 11 n1 n5 154 0.060 0
224 12 n1 n2 223 0.060 1
224 13 n1 n1 208 0.060 0
225 1 n4 n2 0 0.220 0
225 2 n4 n5 0 0.220 0
225 3 n4 n4 255 0.220 1
225 4 n5 n4 0 0.100 0
225 5 n5 n5 180 0.100 0
225 6 n5 n1 202 0.100 0
225 7 n5 n2 231 0.100 1
225 8 n2 n5 164 0.630 0
225 9 n2 n1 185 0.630 0
225 10 n2 n2 250 0.630 1
225 11 n1 n5 153 0.040 0
225 12 n1 n2 224 0.040 1
225 13 n1 n1 207 0.040 0
226 1 n4 n2 0 0.330 0
226 2 n4 n5 0 0.330 0
226 3 n4 n4 255 0.330 1
226 4 n5 n4 0 0.200 0
226 5 n5 n5 0 0.200 0
226 6 n5 n1 197 0.200 0
226 7 n5 n2 226 0.200 1
226 8 n2 n5 173 0.090 0
226 9 n2 n1 185 0.090 0
226 10 n2 n2 254 0.090 1
226 11 n1 n5 154 0.130 0
226 12 n1 n2 220 0.130 1
226 13 n1 n1 206 0.130 0
227 1 n4 n2 0 0.390 0
227 2 n4 n5 0 0.390 0
227 3 n4 n4 255 0.390 1
227 4 n5 n4 0 0.270 0
227 5 n5 n5 183 0.270 0
227 6 n5 n1 195 0.270 0
227 7 n5 n2 225 0.270 1
227 8 n2 n5 174 0.160 0
227 9 n2 n1 192 0.160 0
227 10 n2 n2 255 0.160 1
227 11 n1 n5 156 0.200 0
227 12 n1 n2 216 0.200 1
227 13 n1 n1 204 0.200 0
228 1 n4 n2 0 0.440 0
228 2 n4 n5 0 0.440 0
228 3 n4 n4 255 0.440 1
228 4 n5 n4 0 0.340 0
228 5 n5 n5 180 0.340 0
228 6 n5 n1 198 0.340 0
228 7 n5 n2 228 0.340 1
228 8 n2 n5 176 0.210 0
228 9 n2 n1 190 0.210 0
228 10 n2 n2 255 0.210 1
228 11 n1 n5 157 0.280 0
228 12 n1 n2 212 0.280 1
228 13 n1 n1 202 0.280 0
229 1 n4 n2 0 0.540 0
229 2 n4 n5 0 0.540 0
229 3 n4 n4 255 0.540 1
229 4 n5 n4 0 0.430 0
229 5 n5 n5 180 0.430 0
229 6 n5 n1 196 0.430 0
229 7 n5 n2 228 0.430 1
229 8 n2 n5 172 0.430 0
229 9 n2 n1 190 0.430 0
229 10 n2 n2 255 0.430 1
229 11 n1 n5 154 0.350 0
229 12 n1 n2 209 0.350 1
229 13 n1 n1 204 0.350 0
230 1 n4 n2 0 0.070 0
230 2 n4 n5 0 0.070 0
230 3 n4 n4 255 0.070 1
230 4 n5 n4 0 0.530 0
230 5 n5 n5 179 0.530 0
230 6 n5 n1 189 0.530 0
230 7 n5 n2 228 0.530 1
230 8 n2 n5 169 0.510 0
230 9 n2 n1 188 0.510 0
230 10 n2 n2 255 0.510 1
230 11 n1 n5 151 0.030 0
230 12 n1 n2 211 0.030 1
230 13 n1 n1 203 0.030 0
231 1 n4 n2 0 0.200 0
231 2 n4 n5 0 0.200 0
231 3 n4 n4 255 0.200 1
231 4 n5 n4 0 0.110 0
231 5 n5 n5 177 0.110 0
231 6 n5 n1 189 0.110 0
231 7 n5 n2 228 0.110 1
231 8 n2 n5 170 0.090 0
231 9 n2 n1 0 0.090 0
231 10 n2 n2 255 0.090 1
231 11 n1 n5 0 0.060 0
231 12 n1 n2 212 0.060 1
231 13 n1 n1 202 0.060 0
232 1 n4 n2 0 0.280 0
232 2 n4 n5 0 0.280 0
232 3 n4 n4 255 0.280 1
232 4 n5 n4 0 0.230 0
232 5 n5 n5 177 0.230 0
232 6 n5 n1 189 0.230 0
232 7 n5 n2 229 0.230 1
232 8 n2 n5 0 0.180 0
232 9 n2 n1 0 0.180 0
232 10 n2 n2 255 0.180 1
232 11 n1 n5 144 0.160 0
232 12 n1 n2 212 0.160 1
232 13 n1 n1 201 0.160 0
233 1 n4 n2 0 0.380 0
233 2 n4 n5 135 0.380 0
233 3 n4 n4 255 0.380 1
233 4 n5 n4 0 0.310 0
233 5 n5 n5 163 0.310 0
233 6 n5 n1 190 0.310 0
233 7 n5 n2 232 0.310 1
233 8 n2 n5 0 0.280 0
233 9 n2 n1 0 0.280 0
233 10 n2 n2 255 0.280 1
233 11 n1 n5 144 0.280 0
233 12 n1 n2 210 0.280 1
233 13 n1 n1 201 0.280 0
234 1 n4 n2 0 0.100 0
234 2 n4 n5 124 0.100 0
234 3 n4 n4 255 0.100 1
234 4 n5 n4 0 0.410 0
234 5 n5 n5 161 0.410 0
234 6 n5 n1 195 0.410 0
234 7 n5 n2 232 0.410 1
234 8 n2 n5 0 0.880 0
234 9 n2 n1 0 0.880 0
234 10 n2 n2 255 0.880 1
234 11 n1 n5 134 0.360 0
234 12 n1 n2 209 0.360 1
234 13 n1 n1 202 0.360 0
235 1 n4 n2 0 0.180 0
235 2 n4 n5 128 0.180 0
235 3 n4 n4 255 0.180 1
235 4 n5 n4 0 0.000 0
235 5 n5 n5 159 0.000 0
235 6 n5 n1 193 0.000 0
235 7 n5 n2 226 0.000 1
235 8 n2 n5 144 0.440 0
235 9 n2 n1 0 0.440 0
235 10 n2 n2 255 0.440 1
235 11 n1 n5 135 0.080 0
235 12 n1 n2 211 0.080 1
235 13 n1 n1 204 0.080 0
236 1 n4 n2 0 0.250 0
236 2 n4 n5 130 0.250 0
236 3 n4 n4 255 0.250 1
236 4 n5 n4 0 0.060 0
236 5 n5 n5 158 0.060 0
236 6 n5 n1 192 0.060 0
236 7 n5 n2 224 0.060 1
236 8 n2 n5 144 0.510 0
236 9 n2 n1 0 0.510 0
236 10 n2 n2 255 0.510 1
236 11 n1 n5 135 0.040 0
236 12 n1 n2 205 0.040 1
236 13 n1 n1 203 0.040 0
237 1 n4 n2 0 0.190 0
237 2 n4 n5 128 0.190 0
237 3 n4 n4 255 0.190 1
237 4 n5 n4 0 0.140 0
237 5 n5 n5 157 0.140 0
237 6 n5 n1 194 0.140 0
237 7 n5 n2 222 0.140 1
237 8 n2 n5 147 0.080 0
237 9 n2 n1 0 0.080 0
237 10 n2 n2 255 0.080 1
237 11 n1 n5 135 0.110 0
237 12 n1 n2 207 0.110 1
237 13 n1 n1 206 0.110 0
238 1 n4 n2 0 1.300 0
238 2 n4 n5 128 1.300 0
238 3 n4 n4 255 1.300 1
238 4 n5 n4 0 0.190 0
238 5 n5 n5 157 0.190 0
238 6 n5 n1 186 0.190 0
238 7 n5 n2 219 0.190 1
238 8 n2 n5 147 0.080 0
238 9 n2 n1 0 0.080 0
238 10 n2 n2 255 0.080 1
238 11 n1 n5 137 0.210 0
238 12 n1 n2 205 0.210 1
238 13 n1 n1 204 0.210 0
239 1 n4 n2 0 0.090 0
239 2 n4 n5 134 0.090 0
239 3 n4 n4 255 0.090 1
239 4 n5 n4 0 0.260 0
239 5 n5 n5 158 0.260 0
239 6 n5 n1 182 0.260 0
239 7 n5 n2 221 0.260 1
239 8 n2 n5 147 0.260 0
239 9 n2 n1 0 0.260 0
239 10 n2 n2 255 0.260 1
239 11 n1 n5 140 0.310 0
239 12 n1 n2 203 0.310 1
239 13 n1 n1 202 0.310 0
240 1 n4 n2 0 0.470 0
240 2 n4 n5 131 0.470 0
240 3 n4 n4 255 0.470 1
240 4 n5 n4 0 0.370 0
240 5 n5 n5 160 0.370 0
240 6 n5 n1 185 0.370 0
240 7 n5 n2 218 0.370 1
240 8 n2 n5 144 0.380 0
240 9 n2 n1 0 0.380 0
240 10 n2 n2 253 0.380 1
240 11 n1 n5 140 0.010 0
240 12 n1 n2 201 0.010 1
240 13 n1 n1 201 0.010 0
241 1 n4 n2 0 0.040 0
241 2 n4 n5 123 0.040 0
241 3 n4 n4 255 0.040 1
241 4 n5 n4 0 0.070 0
241 5 n5 n5 153 0.070 0
241 6 n5 n1 189 0.070 0
241 7 n5 n2 211 0.070 1
241 8 n2 n5 133 0.380 0
241 9 n2 n1 0 0.380 0
241 10 n2 n2 251 0.380 1
241 11 n1 n5 126 0.100 0
241 12 n1 n2 199 0.100 0
241 13 n1 n1 203 0.100 1
242 1 n4 n2 0 0.150 0
242 2 n4 n5 115 0.150 0
242 3 n4 n4 255 0.150 1
242 4 n5 n4 0 0.030 0
242 5 n5 n5 146 0.030 0
242 6 n5 n1 191 0.030 0
242 7 n5 n2 205 0.030 1
242 8 n2 n5 131 0.060 0
242 9 n2 n1 0 0.060 0
242 10 n2 n2 250 0.060 1
242 11 n1 n5 123 0.100 0
242 12 n1 n2 202 0.100 0
242 13 n1 n1 205 0.100 1
243 1 n4 n2 0 0.210 0
243 2 n4 n5 116 0.210 0
243 3 n4 n4 255 0.210 1
243 4 n5 n4 0 0.080 0
243 5 n5 n5 144 0.080 0
243 6 n5 n1 193 0.080 0
243 7 n5 n2 201 0.080 1
243 8 n2 n5 128 0.050 0
243 9 n2 n1 0 0.050 0
243 10 n2 n2 251 0.050 1
243 11 n1 n5 125 0.160 0
243 12 n1 n2 205 0.160 0
243 13 n1 n1 208 0.160 1
244 1 n4 n2 0 0.360 0
244 2 n4 n5 118 0.360 0
244 3 n4 n4 255 0.360 1
244 4 n5 n4 0 0.200 0
244 5 n5 n5 142 0.200 0
244 6 n5 n1 196 0.200 0
244 7 n5 n2 198 0.200 1
244 8 n2 n5 128 0.180 0
244 9 n2 n1 0 0.180 0
244 10 n2 n2 250 0.180 1
244 11 n1 n5 126 0.250 0
244 12 n1 n2 200 0.250 0
244 13 n1 n1 212 0.250 1
245 1 n4 n2 0 0.450 0
245 2 n4 n5 117 0.450 0
245 3 n4 n4 255 0.450 1
245 4 n5 n4 0 0.300 0
245 5 n5 n5 143 0.300 0
245 6 n5 n1 194 0.300 0
245 7 n5 n2 195 0.300 1
245 8 n2 n5 128 0.360 0
245 9 n2 n1 0 0.360 0
245 10 n2 n2 248 0.360 1
245 11 n1 n5 122 0.330 0
245 12 n1 n2 196 0.330 0
245 13 n1 n1 213 0.330 1
246 1 n4 n2 0 0.030 0
246 2 n4 n5 107 0.030 0
246 3 n4 n4 255 0.030 1
246 4 n5 n4 0 0.390 0
246 5 n5 n5 142 0.390 0
246 6 n5 n1 194 0.390 0
246 7 n5 n2 195 0.390 1
246 8 n2 n5 114 0.360 0
246 9 n2 n1 0 0.360 0
246 10 n2 n2 246 0.360 1
246 11 n1 n5 114 0.370 0
246 12 n1 n2 196 0.370 0
246 13 n1 n1 213 0.370 1
247 1 n4 n2 0 0.110 0
247 2 n4 n5 114 0.110 0
247 3 n4 n4 255 0.110 1
247 4 n5 n4 0 0.490 0
247 5 n5 n5 135 0.490 0
247 6 n5 n1 196 0.490 1
247 7 n5 n2 195 0.490 0
247 8 n2 n5 117 0.020 0
247 9 n2 n1 0 0.020 0
247 10 n2 n2 248 0.020 1
247 11 n1 n5 114 0.060 0
247 12 n1 n2 201 0.060 0
247 13 n1 n1 213 0.060 1
248 1 n4 n2 0 0.210 0
248 2 n4 n5 111 0.210 0
248 3 n4 n4 255 0.210 1
248 4 n5 n4 0 0.030 0
248 5 n5 n5 135 0.030 0
248 6 n5 n1 196 0.030 0
248 7 n5 n2 198 0.030 1
248 8 n2 n5 121 0.100 0
248 9 n2 n1 0 0.100 0
248 10 n2 n2 249 0.100 1
248 11 n1 n5 115 0.020 0
248 12 n1 n2 196 0.020 0
248 13 n1 n1 213 0.020 1
249 1 n4 n2 0 0.290 0
249 2 n4 n5 111 0.290 0
249 3 n4 n4 255 0.290 1
249 4 n5 n4 0 0.120 0
249 5 n5 n5 135 0.120 0
249 6 n5 n1 194 0.120 0
249 7 n5 n2 198 0.120 1
249 8 n2 n5 116 0.040 0
249 9 n2 n1 0 0.040 0
249 10 n2 n2 247 0.040 1
249 11 n1 n5 114 0.100 0
249 12 n1 n2 197 0.100 0
249 13 n1 n1 213 0.100 1
250 1 n4 n2 0 0.070 0
250 2 n4 n5 109 0.070 0
250 3 n4 n4 255 0.070 1
250 4 n5 n4 0 0.210 0
250 5 n5 n5 133 0.210 0
250 6 n5 n1 194 0.210 0
250 7 n5 n2 198 0.210 1
250 8 n2 n5 121 0.140 0
250 9 n2 n1 0 0.140 0
250 10 n2 n2 246 0.140 1
250 11 n1 n5 116 0.190 0
250 12 n1 n2 199 0.190 0
250 13 n1 n1 213 0.190 1
251 1 n4 n2 0 0.990 0
251 2 n4 n5 109 0.990 0
251 3 n4 n4 255 0.990 1
251 4 n5 n4 0 0.310 0
251 5 n5 n5 136 0.310 0
251 6 n5 n1 197 0.310 0
251 7 n5 n2 201 0.310 1
251 8 n2 n5 122 0.230 0
251 9 n2 n1 0 0.230 0
251 10 n2 n2 247 0.230 1
251 11 n1 n5 119 0.260 0
251 12 n1 n2 200 0.260 0
251 13 n1 n1 215 0.260 1
252 1 n4 n2 0 0.230 0
252 2 n4 n5 109 0.230 0
252 3 n4 n4 255 0.230 1
252 4 n5 n4 0 0.410 0
252 5 n5 n5 133 0.410 0
252 6 n5 n1 195 0.410 0
252 7 n5 n2 206 0.410 1
252 8 n2 n5 118 0.290 0
252 9 n2 n1 0 0.290 0
252 10 n2 n2 249 0.290 1
252 11 n1 n5 120 0.340 0
252 12 n1 n2 201 0.340 0
252 13 n1 n1 215 0.340 1
253 1 n4 n2 0 0.170 0
253 2 n4 n5 106 0.170 0
253 3 n4 n4 255 0.170 1
253 4 n5 n4 0 0.490 0
253 5 n5 n5 133 0.490 0
253 6 n5 n1 196 0.490 0
253 7 n5 n2 206 0.490 1
253 8 n2 n5 115 0.370 0
253 9 n2 n1 0 0.370 0
253 10 n2 n2 250 0.370 1
253 11 n1 n5 117 0.390 0
253 12 n1 n2 201 0.390 0
253 13 n1 n1 212 0.390 1
254 1 n4 n2 0 0.250 0
254 2 n4 n5 105 0.250 0
254 3 n4 n4 255 0.250 1
254 4 n5 n4 0 0.050 0
254 5 n5 n5 137 0.050 0
254 6 n5 n1 204 0.050 0
254 7 n5 n2 204 0.050 1
254 8 n2 n5 124 0.490 0
254 9 n2 n1 0 0.490 0
254 10 n2 n2 248 0.490 1
254 11 n1 n5 122 0.070 0
254 12 n1 n2 201 0.070 0
254 13 n1 n1 221 0.070 1
255 1 n4 n2 0 0.350 0
255 2 n4 n5 115 0.350 0
255 3 n4 n4 255 0.350 1
255 4 n5 n4 0 0.130 0
255 5 n5 n5 141 0.130 0
255 6 n5 n1 210 0.130 1
255 7 n5 n2 209 0.130 0
255 8 n2 n5 126 0.090 0
255 9 n2 n1 206 0.090 0
255 10 n2 n2 245 0.090 1
255 11 n1 n5 133 0.570 0
255 12 n1 n2 199 0.570 0
255 13 n1 n1 223 0.570 1
256 1 n4 n2 0 0.450 0
256 2 n4 n5 115 0.450 0
256 3 n4 n4 255 0.450 1
256 4 n5 n4 0 0.180 0
256 5 n5 n5 141 0.180 0
256 6 n5 n1 215 0.180 1
256 7 n5 n2 209 0.180 0
256 8 n2 n5 131 0.160 0
256 9 n2 n1 210 0.160 0
256 10 n2 n2 244 0.160 1
256 11 n1 n5 138 0.140 0
256 12 n1 n2 200 0.140 0
256 13 n1 n1 228 0.140 1
257 1 n4 n2 0 0.040 0
257 2 n4 n5 0 0.040 0
257 3 n4 n4 254 0.040 1
257 4 n5 n4 0 0.310 0
257 5 n5 n5 140 0.310 0
257 6 n5 n1 217 0.310 1
257 7 n5 n2 208 0.310 0
257 8 n2 n5 132 0.290 0
257 9 n2 n1 206 0.290 0
257 10 n2 n2 244 0.290 1
257 11 n1 n5 135 0.250 0
257 12 n1 n2 206 0.250 0
257 13 n1 n1 231 0.250 1
258 1 n4 n2 0 0.100 0
258 2 n4 n5 0 0.100 0
258 3 n4 n4 249 0.100 1
258 4 n5 n4 0 0.370 0
258 5 n5 n5 0 0.370 0
258 6 n5 n1 217 0.370 1
258 7 n5 n2 208 0.370 0
258 8 n2 n5 126 0.360 0
258 9 n2 n1 204 0.360 0
258 10 n2 n2 244 0.360 1
258 11 n1 n5 128 0.340 0
258 12 n1 n2 210 0.340 0
258 13 n1 n1 228 0.340 1
259 1 n4 n2 0 0.200 0
259 2 n4 n5 109 0.200 0
259 3 n4 n4 240 0.200 1
259 4 n5 n4 0 0.070 0
259 5 n5 n5 142 0.070 0
259 6 n5 n1 221 0.070 1
259 7 n5 n2 209 0.070 0
259 8 n2 n5 129 0.070 0
259 9 n2 n1 202 0.070 0
259 10 n2 n2 246 0.070 1
259 11 n1 n5 129 0.050 0
259 12 n1 n2 213 0.050 0
259 13 n1 n1 227 0.050 1
260 1 n4 n2 0 0.320 0
260 2 n4 n5 102 0.320 0
260 3 n4 n4 234 0.320 1
260 4 n5 n4 0 0.040 0
260 5 n5 n5 144 0.040 0
260 6 n5 n1 219 0.040 1
260 7 n5 n2 210 0.040 0
260 8 n2 n5 132 0.040 0
260 9 n2 n1 209 0.040 0
260 10 n2 n2 246 0.040 1
260 11 n1 n5 129 0.030 0
260 12 n1 n2 211 0.030 0
260 13 n1 n1 226 0.030 1
261 1 n4 n2 0 0.930 0
261 2 n4 n5 102 0.930 0
261 3 n4 n4 233 0.930 1
261 4 n5 n4 0 0.090 0
261 5 n5 n5 146 0.090 0
261 6 n5 n1 218 0.090 1
261 7 n5 n2 211 0.090 0
261 8 n2 n5 0 0.620 0
261 9 n2 n1 210 0.620 0
261 10 n2 n2 247 0.620 1
261 11 n1 n5 137 0.130 0
261 12 n1 n2 211 0.130 0
261 13 n1 n1 228 0.130 1
262 1 n4 n2 0 0.450 0
262 2 n4 n5 105 0.450 0
262 3 n4 n4 234 0.450 1
262 4 n5 n4 0 0.170 0
262 5 n5 n5 148 0.170 0
262 6 n5 n1 219 0.170 1
262 7 n5 n2 211 0.170 0
262 8 n2 n5 0 0.190 0
262 9 n2 n1 213 0.190 0
262 10 n2 n2 249 0.190 1
262 11 n1 n5 137 0.240 0
262 12 n1 n2 211 0.240 0
262 13 n1 n1 231 0.240 1
263 1 n4 n2 0 0.010 0
263 2 n4 n5 0 0.010 0
263 3 n4 n4 235 0.010 1
263 4 n5 n4 0 0.280 0
263 5 n5 n5 148 0.280 0
263 6 n5 n1 222 0.280 1
263 7 n5 n2 210 0.280 0
263 8 n2 n5 149 0.260 0
263 9 n2 n1 217 0.260 0
263 10 n2 n2 250 0.260 1
263 11 n1 n5 137 0.330 0
263 12 n1 n2 211 0.330 0
263 13 n1 n1 234 0.330 1
264 1 n4 n2 0 0.070 0
264 2 n4 n5 0 0.070 0
264 3 n4 n4 233 0.070 1
264 4 n5 n4 0 0.340 0
264 5 n5 n5 164 0.340 0
264 6 n5 n1 224 0.340 1
264 7 n5 n2 209 0.340 0
264 8 n2 n5 146 0.320 0
264 9 n2 n1 227 0.320 0
264 10 n2 n2 249 0.320 1
264 11 n1 n5 150 0.030 0
264 12 n1 n2 204 0.030 0
264 13 n1 n1 237 0.030 1
265 1 n4 n2 0 0.160 0
265 2 n4 n5 112 0.160 0
265 3 n4 n4 232 0.160 1
265 4 n5 n4 0 0.410 0
265 5 n5 n5 162 0.410 0
265 6 n5 n1 226 0.410 1
265 7 n5 n2 209 0.410 0
265 8 n2 n5 144 0.000 0
265 9 n2 n1 230 0.000 0
265 10 n2 n2 246 0.000 1
265 11 n1 n5 150 0.100 0
265 12 n1 n2 204 0.100 0
265 13 n1 n1 239 0.100 1
266 1 n4 n2 0 0.270 0
266 2 n4 n5 112 0.270 0
266 3 n4 n4 231 0.270 1
266 4 n5 n4 0 0.020 0
266 5 n5 n5 160 0.020 0
266 6 n5 n1 228 0.020 1
266 7 n5 n2 204 0.020 0
266 8 n2 n5 0 0.130 0
266 9 n2 n1 226 0.130 0
266 10 n2 n2 246 0.130 1
266 11 n1 n5 162 0.140 0
266 12 n1 n2 207 0.140 0
266 13 n1 n1 240 0.140 1
267 1 n4 n2 0 0.340 0
267 2 n4 n5 0 0.340 0
267 3 n4 n4 231 0.340 1
267 4 n5 n4 0 0.110 0
267 5 n5 n5 177 0.110 0
267 6 n5 n1 233 0.110 1
267 7 n5 n2 201 0.110 0
267 8 n2 n5 170 0.150 0
267 9 n2 n1 230 0.150 0
267 10 n2 n2 246 0.150 1
267 11 n1 n5 160 0.220 0
267 12 n1 n2 202 0.220 0
267 13 n1 n1 241 0.220 1
268 1 n4 n2 0 0.450 0
268 2 n4 n5 133 0.450 0
268 3 n4 n4 229 0.450 1
268 4 n5 n4 0 0.240 0
268 5 n5 n5 180 0.240 0
268 6 n5 n1 233 0.240 1
268 7 n5 n2 197 0.240 0
268 8 n2 n5 176 0.290 0
268 9 n2 n1 233 0.290 0
268 10 n2 n2 246 0.290 1
268 11 n1 n5 167 0.300 0
268 12 n1 n2 203 0.300 0
268 13 n1 n1 243 0.300 1
269 1 n4 n2 0 0.100 0
269 2 n4 n5 130 0.100 0
269 3 n4 n4 225 0.100 1
269 4 n5 n4 0 0.410 0
269 5 n5 n5 182 0.410 0
269 6 n5 n1 228 0.410 1
269 7 n5 n2 196 0.410 0
269 8 n2 n5 177 0.020 0
269 9 n2 n1 228 0.020 0
269 10 n2 n2 244 0.020 1
269 11 n1 n5 167 0.110 0
269 12 n1 n2 202 0.110 0
269 13 n1 n1 242 0.110 1
270 1 n4 n2 0 0.220 0
270 2 n4 n5 131 0.220 0
270 3 n4 n4 223 0.220 1
270 4 n5 n4 0 0.010 0
270 5 n5 n5 186 0.010 0
270 6 n5 n1 231 0.010 1
270 7 n5 n2 204 0.010 0
270 8 n2 n5 177 0.030 0
270 9 n2 n1 233 0.030 0
270 10 n2 n2 242 0.030 1
270 11 n1 n5 172 0.090 0
270 12 n1 n2 201 0.090 0
270 13 n1 n1 242 0.090 1
271 1 n4 n2 0 0.800 0
271 2 n4 n5 130 0.800 0
271 3 n4 n4 222 0.800 1
271 4 n5 n4 0 0.060 0
271 5 n5 n5 191 0.060 0
271 6 n5 n1 236 0.060 1
271 7 n5 n2 207 0.060 0
271 8 n2 n5 167 0.130 0
271 9 n2 n1 236 0.130 0
271 10 n2 n2 242 0.130 1
271 11 n1 n5 173 0.180 0
271 12 n1 n2 198 0.180 0
271 13 n1 n1 246 0.180 1
272 1 n4 n2 0 0.330 0
272 2 n4 n5 129 0.330 0
272 3 n4 n4 222 0.330 1
272 4 n5 n4 0 0.160 0
272 5 n5 n5 185 0.160 0
272 6 n5 n1 237 0.160 1
272 7 n5 n2 212 0.160 0
272 8 n2 n5 166 0.210 0
272 9 n2 n1 229 0.210 0
272 10 n2 n2 242 0.210 1
272 11 n1 n5 171 0.350 0
272 12 n1 n2 198 0.350 0
272 13 n1 n1 248 0.350 1
273 1 n4 n2 0 0.440 0
273 2 n4 n5 129 0.440 0
273 3 n4 n4 224 0.440 1
273 4 n5 n4 0 0.220 0
273 5 n5 n5 184 0.220 0
273 6 n5 n1 237 0.220 1
273 7 n5 n2 215 0.220 0
273 8 n2 n5 166 0.470 0
273 9 n2 n1 224 0.470 0
273 10 n2 n2 245 0.470 1
273 11 n1 n5 173 0.330 0
273 12 n1 n2 198 0.330 0
273 13 n1 n1 248 0.330 1
274 1 n4 n2 0 0.020 0
274 2 n4 n5 128 0.020 0
274 3 n4 n4 225 0.020 1
274 4 n5 n4 0 0.300 0
274 5 n5 n5 187 0.300 0
274 6 n5 n1 243 0.300 1
274 7 n5 n2 219 0.300 0
274 8 n2 n5 176 0.030 0
274 9 n2 n1 235 0.030 0
274 10 n2 n2 249 0.030 1
274 11 n1 n5 176 0.030 0
274 12 n1 n2 0 0.030 0
274 13 n1 n1 252 0.030 1
275 1 n4 n2 0 0.100 0
275 2 n4 n5 128 0.100 0
275 3 n4 n4 225 0.100 1
275 4 n5 n4 0 0.370 0
275 5 n5 n5 191 0.370 0
275 6 n5 n1 245 0.370 1
275 7 n5 n2 219 0.370 0
275 8 n2 n5 176 0.000 0
275 9 n2 n1 233 0.000 0
275 10 n2 n2 250 0.000 1
275 11 n1 n5 180 0.130 0
275 12 n1 n2 0 0.130 0
275 13 n1 n1 254 0.130 1
276 1 n4 n2 0 0.160 0
276 2 n4 n5 0 0.160 0
276 3 n4 n4 225 0.160 1
276 4 n5 n4 0 0.450 0
276 5 n5 n5 186 0.450 0
276 6 n5 n1 243 0.450 1
276 7 n5 n2 220 0.450 0
276 8 n2 n5 169 0.110 0
276 9 n2 n1 235 0.110 0
276 10 n2 n2 250 0.110 1
276 11 n1 n5 180 1.240 0
276 12 n1 n2 0 1.240 0
276 13 n1 n1 254 1.240 1
277 1 n4 n2 0 0.220 0
277 2 n4 n5 121 0.220 0
277 3 n4 n4 225 0.220 1
277 4 n5 n4 0 0.010 0
277 5 n5 n5 174 0.010 0
277 6 n5 n1 241 0.010 1
277 7 n5 n2 217 0.010 0
277 8 n2 n5 163 0.310 0
277 9 n2 n1 237 0.310 0
277 10 n2 n2 250 0.310 1
277 11 n1 n5 0 0.290 0
277 12 n1 n2 0 0.290 0
277 13 n1 n1 254 0.290 1
278 1 n4 n2 0 0.310 0
278 2 n4 n5 121 0.310 0
278 3 n4 n4 225 0.310 1
278 4 n5 n4 0 0.100 0
278 5 n5 n5 169 0.100 0
278 6 n5 n1 244 0.100 1
278 7 n5 n2 217 0.100 0
278 8 n2 n5 163 0.330 0
278 9 n2 n1 239 0.330 0
278 10 n2 n2 249 0.330 1
278 11 n1 n5 0 0.410 0
278 12 n1 n2 0 0.410 0
278 13 n1 n1 254 0.410 1
279 1 n4 n1 180 0.380 0
279 2 n4 n2 0 0.380 0
279 3 n4 n5 0 0.380 0
279 4 n4 n4 224 0.380 1
279 5 n5 n4 0 0.160 0
279 6 n5 n5 169 0.160 0
279 7 n5 n1 244 0.160 1
279 8 n5 n2 218 0.160 0
279 9 n2 n5 152 0.290 0
279 10 n2 n1 239 0.290 0
279 11 n2 n2 246 0.290 1
279 12 n1 n5 0 1.000 0
279 13 n1 n2 0 1.000 0
279 14 n1 n1 254 1.000 1
280 1 n4 n1 177 0.130 0
280 2 n4 n2 0 0.130 0
280 3 n4 n5 0 0.130 0
280 4 n4 n4 223 0.130 1
280 5 n5 n4 0 0.270 0
280 6 n5 n5 167 0.270 0
280 7 n5 n1 243 0.270 1
280 8 n5 n2 218 0.270 0
280 9 n2 n5 147 0.070 0
280 10 n2 n1 238 0.070 0
280 11 n2 n2 242 0.070 1
280 12 n1 n5 0 0.060 0
280 13 n1 n2 0 0.060 0
280 14 n1 n1 253 0.060 1
281 1 n4 n1 177 0.210 0
281 2 n4 n2 0 0.210 0
281 3 n4 n5 0 0.210 0
281 4 n4 n4 223 0.210 1
281 5 n5 n4 0 0.330 0
281 6 n5 n5 167 0.330 0
281 7 n5 n1 243 0.330 1
281 8 n5 n2 217 0.330 0
281 9 n2 n5 142 0.020 0
281 10 n2 n1 235 0.020 0
281 11 n2 n2 242 0.020 1
281 12 n1 n5 0 0.130 0
281 13 n1 n2 0 0.130 0
281 14 n1 n1 253 0.130 1
282 1 n4 n1 176 0.130 0
282 2 n4 n2 0 0.130 0
282 3 n4 n5 0 0.130 0
282 4 n4 n4 226 0.130 1
282 5 n5 n4 0 0.400 0
282 6 n5 n5 171 0.400 0
282 7 n5 n1 244 0.400 1
282 8 n5 n2 218 0.400 0
282 9 n2 n5 151 0.100 0
282 10 n2 n1 233 0.100 0
282 11 n2 n2 243 0.100 1
282 12 n1 n5 163 0.090 0
282 13 n1 n2 0 0.090 0
282 14 n1 n1 254 0.090 1
283 1 n4 n1 177 0.240 0
283 2 n4 n2 0 0.240 0
283 3 n4 n5 0 0.240 0
283 4 n4 n4 229 0.240 1
283 5 n5 n4 0 0.490 0
283 6 n5 n5 167 0.490 0
283 7 n5 n1 245 0.490 1
283 8 n5 n2 223 0.490 0
283 9 n2 n5 148 0.220 0
283 10 n2 n1 235 0.220 0
283 11 n2 n2 247 0.220 1
283 12 n1 n5 157 0.220 0
283 13 n1 n2 0 0.220 0
283 14 n1 n1 254 0.220 1
284 1 n4 n1 177 0.340 0
284 2 n4 n2 0 0.340 0
284 3 n4 n5 112 0.340 0
284 4 n4 n4 232 0.340 1
284 5 n5 n4 0 0.180 0
284 6 n5 n5 158 0.180 0
284 7 n5 n1 245 0.180 1
284 8 n5 n2 223 0.180 0
284 9 n2 n5 142 0.350 0
284 10 n2 n1 235 0.350 0
284 11 n2 n2 248 0.350 1
284 12 n1 n5 155 0.430 0
284 13 n1 n2 0 0.430 0
284 14 n1 n1 255 0.430 1
285 1 n4 n1 0 0.390 0
285 2 n4 n2 0 0.390 0
285 3 n4 n5 112 0.390 0
285 4 n4 n4 233 0.390 1
285 5 n5 n4 0 0.150 0
285 6 n5 n5 158 0.150 0
285 7 n5 n1 235 0.150 1
285 8 n5 n2 221 0.150 0
285 9 n2 n5 139 0.020 0
285 10 n2 n1 230 0.020 0
285 11 n2 n2 246 0.020 1
285 12 n1 n5 136 0.010 0
285 13 n1 n2 0 0.010 0
285 14 n1 n1 246 0.010 1
286 1 n4 n1 0 0.500 0
286 2 n4 n2 0 0.500 0
286 3 n4 n5 0 0.500 0
286 4 n4 n4 231 0.500 1
286 5 n5 n4 0 0.240 0
286 6 n5 n5 150 0.240 0
286 7 n5 n1 232 0.240 1
286 8 n5 n2 219 0.240 0
286 9 n2 n5 129 0.030 0
286 10 n2 n1 222 0.030 0
286 11 n2 n2 246 0.030 1
286 12 n1 n5 132 0.100 0
286 13 n1 n2 0 0.100 0
286 14 n1 n1 242 0.100 1
287 1 n4 n1 0 0.070 0
287 2 n4 n2 0 0.070 0
287 3 n4 n5 0 0.070 0
287 4 n4 n4 232 0.070 1
287 5 n5 n4 0 0.330 0
287 6 n5 n5 142 0.330 0
287 7 n5 n1 236 0.330 1
287 8 n5 n2 218 0.330 0
287 9 n2 n5 126 0.080 0
287 10 n2 n1 224 0.080 0
287 11 n2 n2 244 0.080 1
287 12 n1 n5 129 0.180 0
287 13 n1 n2 196 0.180 0
287 14 n1 n1 243 0.180 1
288 1 n4 n1 0 0.130 0
288 2 n4 n2 0 0.130 0
288 3 n4 n5 0 0.130 0
288 4 n4 n4 237 0.130 1
288 5 n5 n4 0 0.430 0
288 6 n5 n5 0 0.430 0
288 7 n5 n1 233 0.430 1
288 8 n5 n2 217 0.430 0
288 9 n2 n5 117 0.160 0
288 10 n2 n1 220 0.160 0
288 11 n2 n2 244 0.160 1
288 12 n1 n5 0 0.300 0
288 13 n1 n2 193 0.300 0
288 14 n1 n1 244 0.300 1
289 1 n4 n1 0 0.210 0
289 2 n4 n2 0 0.210 0
289 3 n4 n5 0 0.210 0
289 4 n4 n4 242 0.210 1
289 5 n5 n4 0 0.000 0
289 6 n5 n5 134 0.000 0
289 7 n5 n1 231 0.000 1
289 8 n5 n2 221 0.000 0
289 9 n2 n5 117 0.280 0
289 10 n2 n1 211 0.280 0
289 11 n2 n2 245 0.280 1
289 12 n1 n5 0 0.420 0
289 13 n1 n2 0 0.420 0
289 14 n1 n1 241 0.420 1
290 1 n4 n1 0 0.280 0
290 2 n4 n2 0 0.280 0
290 3 n4 n5 0 0.280 0
290 4 n4 n4 242 0.280 1
290 5 n5 n4 0 0.110 0
290 6 n5 n5 134 0.110 0
290 7 n5 n1 237 0.110 1
290 8 n5 n2 223 0.110 0
290 9 n2 n5 117 0.370 0
290 10 n2 n1 216 0.370 0
290 11 n2 n2 246 0.370 1
290 12 n1 n5 109 0.370 0
290 13 n1 n2 204 0.370 0
290 14 n1 n1 239 0.370 1
291 1 n4 n1 0 0.340 0
291 2 n4 n2 0 0.340 0
291 3 n4 n5 83 0.340 0
291 4 n4 n4 238 0.340 1
291 5 n5 n4 0 0.160 0
291 6 n5 n5 0 0.160 0
291 7 n5 n1 242 0.160 1
291 8 n5 n2 222 0.160 0
291 9 n2 n5 0 0.050 0
291 10 n2 n1 223 0.050 0
291 11 n2 n2 245 0.050 1
291 12 n1 n5 106 0.450 0
291 13 n1 n2 202 0.450 0
291 14 n1 n1 249 0.450 1
292 1 n4 n1 0 0.430 0
292 2 n4 n2 0 0.430 0
292 3 n4 n5 83 0.430 0
292 4 n4 n4 235 0.430 1
292 5 n5 n4 0 0.290 0
292 6 n5 n5 0 0.290 0
292 7 n5 n1 241 0.290 1
292 8 n5 n2 223 0.290 0
292 9 n2 n5 103 0.040 0
292 10 n2 n1 221 0.040 0
292 11 n2 n2 245 0.040 1
292 12 n1 n5 104 0.140 0
292 13 n1 n2 201 0.140 0
292 14 n1 n1 255 0.140 1
293 1 n4 n1 0 0.170 0
293 2 n4 n2 0 0.170 0
293 3 n4 n5 85 0.170 0
293 4 n4 n4 236 0.170 1
293 5 n5 n4 0 0.380 0
293 6 n5 n5 0 0.380 0
293 7 n5 n1 243 0.380 1
293 8 n5 n2 226 0.380 0
293 9 n2 n5 107 0.130 0
293 10 n2 n1 220 0.130 0
293 11 n2 n2 246 0.130 1
293 12 n1 n5 108 0.140 0
293 13 n1 n2 0 0.140 0
293 14 n1 n1 254 0.140 1
294 1 n4 n1 0 0.080 0
294 2 n4 n2 0 0.080 0
294 3 n4 n5 87 0.080 0
294 4 n4 n4 238 0.080 1
294 5 n5 n4 0 0.440 0
294 6 n5 n5 0 0.440 0
294 7 n5 n1 240 0.440 1
294 8 n5 n2 227 0.440 0
294 9 n2 n5 107 0.180 0
294 10 n2 n1 222 0.180 0
294 11 n2 n2 246 0.180 1
294 12 n1 n5 108 0.330 0
294 13 n1 n2 0 0.330 0
294 14 n1 n1 252 0.330 1
295 1 n4 n1 0 0.200 0
295 2 n4 n2 0 0.200 0
295 3 n4 n5 0 0.200 0
295 4 n4 n4 236 0.200 1
295 5 n5 n4 0 0.020 0
295 6 n5 n5 0 0.020 0
295 7 n5 n1 238 0.020 1
295 8 n5 n2 234 0.020 0
295 9 n2 n5 107 0.300 0
295 10 n2 n1 222 0.300 0
295 11 n2 n2 246 0.300 1
295 12 n1 n5 108 0.310 0
295 13 n1 n2 212 0.310 0
295 14 n1 n1 250 0.310 1
296 1 n4 n1 0 0.310 0
296 2 n4 n2 0 0.310 0
296 3 n4 n5 0 0.310 0
296 4 n4 n4 234 0.310 1
296 5 n5 n4 0 0.120 0
296 6 n5 n5 0 0.120 0
296 7 n5 n1 239 0.120 1
296 8 n5 n2 236 0.120 0
296 9 n2 n5 0 0.020 0
296 10 n2 n1 224 0.020 0
296 11 n2 n2 246 0.020 1
296 12 n1 n5 0 0.020 0
296 13 n1 n2 212 0.020 0
296 14 n1 n1 250 0.020 1
297 1 n4 n1 0 0.410 0
297 2 n4 n2 0 0.410 0
297 3 n4 n5 0 0.410 0
297 4 n4 n4 234 0.410 1
297 5 n5 n4 0 0.220 0
297 6 n5 n5 0 0.220 0
297 7 n5 n1 240 0.220 1
297 8 n5 n2 236 0.220 0
297 9 n2 n5 0 0.100 0
297 10 n2 n1 226 0.100 0
297 11 n2 n2 246 0.100 1
297 12 n1 n5 0 0.120 0
297 13 n1 n2 216 0.120 0
297 14 n1 n1 250 0.120 1
298 1 n4 n1 0 0.000 0
298 2 n4 n2 0 0.000 0
298 3 n4 n5 0 0.000 0
298 4 n4 n4 237 0.000 1
298 5 n5 n4 0 0.340 0
298 6 n5 n5 0 0.340 0
298 7 n5 n1 243 0.340 1
298 8 n5 n2 237 0.340 0
298 9 n2 n5 0 0.100 0
298 10 n2 n1 231 0.100 0
298 11 n2 n2 247 0.100 1
298 12 n1 n5 0 0.490 0
298 13 n1 n2 219 0.490 0
298 14 n1 n1 251 0.490 1
299 1 n4 n1 0 0.110 0
299 2 n4 n2 0 0.110 0
299 3 n4 n5 0 0.110 0
299 4 n4 n4 238 0.110 1
299 5 n5 n4 0 0.410 0
299 6 n5 n5 0 0.410 0
299 7 n5 n1 245 0.410 1
299 8 n5 n2 240 0.410 0
299 9 n2 n5 0 0.150 0
299 10 n2 n1 227 0.150 0
299 11 n2 n2 249 0.150 1
299 12 n1 n5 0 0.030 0
299 13 n1 n2 218 0.030 0
299 14 n1 n1 253 0.030 1
300 1 n4 n1 0 0.190 0
300 2 n4 n2 0 0.190 0
300 3 n4 n5 0 0.190 0
300 4 n4 n4 237 0.190 1
300 5 n5 n4 0 0.500 0
300 6 n5 n5 0 0.500 0
300 7 n5 n1 243 0.500 1
300 8 n5 n2 240 0.500 0
300 9 n2 n5 0 0.250 0
300 10 n2 n1 218 0.250 0
300 11 n2 n2 250 0.250 1
300 12 n1 n5 0 0.110 0
300 13 n1 n2 218 0.110 0
300 14 n1 n1 252 0.110 1
