1 1 n3 n3 235 0.430 1
1 2 n5 n3 205 0.640 1
1 3 n2 n3 187 0.360 1
1 4 n1 n3 219 0.440 1
2 1 n3 n3 237 0.500 1
2 2 n5 n3 201 0.160 1
2 3 n2 n3 187 0.440 1
2 4 n1 n3 215 0.460 1
3 1 n3 n3 238 0.010 1
3 2 n5 n3 197 0.170 1
3 3 n2 n3 188 0.520 1
3 4 n1 n3 211 0.500 1
4 1 n3 n3 239 0.060 1
4 2 n5 n3 195 0.190 1
4 3 n2 n3 190 0.530 1
4 4 n1 n3 208 0.000 1
5 1 n3 n3 239 0.100 1
5 2 n5 n3 193 0.770 1
5 3 n2 n3 196 0.080 1
5 4 n1 n3 205 0.050 1
6 1 n3 n3 238 0.140 1
6 2 n5 n3 194 0.260 1
6 3 n2 n3 202 0.120 1
6 4 n1 n3 201 0.070 1
7 1 n3 n3 236 0.200 1
7 2 n5 n3 193 0.310 1
7 3 n2 n3 203 0.160 1
7 4 n1 n3 201 0.100 1
8 1 n3 n3 236 0.230 1
8 2 n5 n3 196 0.340 1
8 3 n2 n3 205 0.190 1
8 4 n1 n3 202 0.640 1
9 1 n3 n3 237 0.260 1
9 2 n5 n3 197 0.400 1
9 3 n2 n3 207 0.240 1
9 4 n1 n3 205 0.130 1
10 1 n3 n3 238 0.300 1
10 2 n5 n3 198 0.390 1
10 3 n2 n3 209 0.260 1
10 4 n1 n3 207 0.170 1
11 1 n3 n3 238 0.350 1
11 2 n5 n3 198 0.450 1
11 3 n2 n3 210 0.310 1
11 4 n1 n3 207 0.190 1
12 1 n3 n3 237 0.400 1
12 2 n5 n3 198 0.010 1
12 3 n2 n3 211 0.360 1
12 4 n1 n3 202 0.210 1
13 1 n3 n3 234 0.430 1
13 2 n5 n3 196 0.030 1
13 3 n2 n3 209 0.360 1
13 4 n1 n3 199 0.740 1
14 1 n3 n3 231 0.460 1
14 2 n5 n3 193 0.080 1
14 3 n2 n3 206 0.380 1
14 4 n1 n3 192 0.260 1
15 1 n3 n3 230 0.490 1
15 2 n5 n3 193 0.100 1
15 3 n2 n3 205 0.450 1
15 4 n1 n3 188 0.280 1
16 1 n3 n3 230 0.000 1
16 2 n5 n3 193 0.120 1
16 3 n2 n3 205 0.460 1
16 4 n1 n3 188 0.290 1
17 1 n3 n3 230 0.020 1
17 2 n5 n3 193 0.180 1
17 3 n2 n3 205 0.010 1
17 4 n1 n3 189 0.320 1
18 1 n3 n3 230 0.060 1
18 2 n5 n3 195 0.170 1
18 3 n2 n3 207 0.010 1
18 4 n1 n3 194 0.340 1
19 1 n3 n3 230 0.090 1
19 2 n5 n3 197 0.230 1
19 3 n2 n3 209 0.030 1
19 4 n1 n3 197 0.380 1
20 1 n3 n3 229 0.110 1
20 2 n5 n3 197 0.270 1
20 3 n2 n3 209 0.060 1
20 4 n1 n3 200 0.440 1
21 1 n3 n3 226 0.150 1
21 2 n5 n3 195 0.290 1
21 3 n2 n3 209 0.610 1
21 4 n1 n3 197 0.500 1
22 1 n3 n3 225 0.170 1
22 2 n5 n3 195 0.320 1
22 3 n2 n3 209 0.110 1
22 4 n1 n3 195 0.020 1
23 1 n3 n3 224 0.170 1
23 2 n5 n3 194 0.370 1
23 3 n2 n3 208 0.150 1
23 4 n1 n3 195 0.560 1
24 1 n3 n3 223 0.200 1
24 2 n5 n3 193 0.410 1
24 3 n2 n3 208 0.200 1
24 4 n1 n3 195 0.070 1
25 1 n3 n3 222 0.220 1
25 2 n5 n3 192 0.460 1
25 3 n2 n3 208 0.230 1
25 4 n1 n3 194 0.100 1
26 1 n3 n3 222 0.220 1
26 2 n5 n3 189 0.010 1
26 3 n2 n3 209 0.230 1
26 4 n1 n3 194 0.110 1
27 1 n3 n3 222 0.250 1
27 2 n5 n3 187 0.040 1
27 3 n2 n3 211 0.310 1
27 4 n1 n3 191 0.160 1
28 1 n3 n3 221 0.270 1
28 2 n5 n3 187 0.100 1
28 3 n2 n3 212 0.310 1
28 4 n1 n3 190 0.180 1
29 1 n3 n3 221 0.300 1
29 2 n5 n3 188 0.100 1
29 3 n2 n3 212 0.340 1
29 4 n1 n3 190 0.190 1
30 1 n3 n3 221 0.320 1
30 2 n5 n3 190 0.140 1
30 3 n2 n3 213 0.420 1
30 4 n1 n3 191 0.190 1
31 1 n3 n3 221 0.390 1
31 2 n5 n3 193 0.220 1
31 3 n2 n3 214 0.490 1
31 4 n1 n3 189 0.280 1
32 1 n3 n3 221 0.430 1
32 2 n5 n3 194 0.770 1
32 3 n2 n3 214 0.010 1
32 4 n1 n3 188 0.310 1
33 1 n3 n3 223 0.470 1
33 2 n5 n3 193 0.240 1
33 3 n2 n3 214 0.050 1
33 4 n1 n3 188 0.320 1
34 1 n3 n3 223 0.520 1
34 2 n5 n3 191 0.300 1
34 3 n2 n3 214 0.060 1
34 4 n1 n3 188 0.350 1
35 1 n3 n3 221 0.020 1
35 2 n5 n3 187 0.310 1
35 3 n2 n3 213 0.100 1
35 4 n1 n3 188 0.390 1
36 1 n3 n3 221 0.040 1
36 2 n5 n3 187 0.320 1
36 3 n2 n3 213 0.140 1
36 4 n1 n3 189 0.450 1
37 1 n3 n3 222 0.090 1
37 2 n5 n3 187 0.910 1
37 3 n2 n3 213 0.210 1
37 4 n1 n3 192 0.500 1
38 1 n3 n3 223 0.110 1
38 2 n5 n3 190 0.420 1
38 3 n2 n3 215 0.230 1
38 4 n1 n3 193 0.030 1
39 1 n3 n3 225 0.130 1
39 2 n5 n3 190 0.450 1
39 3 n2 n3 216 0.760 1
39 4 n1 n3 191 0.040 1
40 1 n3 n3 225 0.160 1
40 2 n5 n3 190 0.470 1
40 3 n2 n3 218 0.250 1
40 4 n1 n3 189 0.090 1
41 1 n3 n3 222 0.180 1
41 2 n5 n3 188 0.010 1
41 3 n2 n3 216 0.270 1
41 4 n1 n3 187 0.100 1
42 1 n3 n3 221 0.220 1
42 2 n5 n3 187 0.040 1
42 3 n2 n3 214 0.320 1
42 4 n1 n3 187 0.160 1
43 1 n3 n3 222 0.230 1
43 2 n5 n3 188 0.100 1
43 3 n2 n3 214 0.320 1
43 4 n1 n3 188 0.200 1
44 1 n3 n3 224 0.240 1
44 2 n5 n3 188 0.130 1
44 3 n2 n3 215 0.840 1
44 4 n1 n3 191 0.130 1
45 1 n3 n3 226 0.270 1
45 2 n5 n3 188 0.170 1
45 3 n2 n3 217 0.360 1
45 4 n1 n3 192 0.270 1
46 1 n3 n3 227 0.350 1
46 2 n5 n3 186 0.350 1
46 3 n2 n3 218 0.440 1
46 4 n1 n3 191 0.860 1
47 1 n3 n3 227 0.380 1
47 2 n5 n3 183 0.280 1
47 3 n2 n3 218 0.470 1
47 4 n1 n3 191 0.400 1
48 1 n3 n3 226 0.410 1
48 2 n5 n3 183 0.410 1
48 3 n2 n3 218 0.490 1
48 4 n1 n3 190 0.430 1
49 1 n3 n3 223 0.460 1
49 2 n5 n3 182 0.460 1
49 3 n2 n3 216 0.500 1
49 4 n1 n3 191 0.470 1
50 1 n3 n3 222 0.490 1
50 2 n5 n3 183 0.490 1
50 3 n2 n3 215 0.020 1
50 4 n1 n3 191 0.480 1
51 1 n3 n3 226 0.040 1
51 2 n5 n3 186 0.440 1
51 3 n2 n3 217 0.070 1
51 4 n1 n3 190 0.000 1
52 1 n3 n3 229 0.090 1
52 2 n5 n3 190 0.460 1
52 3 n2 n3 218 0.610 1
52 4 n1 n3 190 0.000 1
53 1 n3 n3 231 0.150 1
53 2 n5 n3 190 0.490 1
53 3 n2 n3 220 0.640 1
53 4 n1 n3 189 0.020 1
54 1 n3 n3 231 0.200 1
54 2 n5 n3 192 0.510 1
54 3 n2 n3 221 0.170 1
54 4 n1 n3 190 0.590 1
55 1 n3 n3 229 0.230 1
55 2 n5 n3 193 0.050 1
55 3 n2 n3 219 0.190 1
55 4 n1 n3 190 0.530 1
56 1 n3 n3 225 0.290 1
56 2 n5 n3 189 0.100 1
56 3 n2 n3 215 0.220 1
56 4 n1 n3 186 0.100 1
57 1 n3 n3 221 0.290 1
57 2 n5 n3 183 0.130 1
57 3 n2 n3 208 0.240 1
57 4 n1 n3 186 1.160 1
58 1 n3 n3 219 0.360 1
58 2 n5 n3 181 0.160 1
58 3 n2 n3 202 0.290 1
58 4 n1 n3 187 0.220 1
59 1 n3 n3 219 0.430 1
59 2 n5 n3 183 0.170 1
59 3 n2 n3 202 0.300 1
59 4 n1 n3 185 0.220 1
60 1 n3 n3 219 0.460 1
60 2 n5 n3 184 0.700 1
60 3 n2 n3 203 0.340 1
60 4 n1 n3 188 0.280 1
61 1 n3 n3 218 0.480 1
61 2 n5 n3 182 0.220 1
61 3 n2 n3 203 1.400 1
61 4 n1 n3 188 0.290 1
62 1 n3 n3 216 0.490 1
62 2 n5 n3 179 0.260 1
62 3 n2 n3 204 0.890 1
62 4 n1 n3 188 0.280 1
63 1 n3 n3 215 0.520 1
63 2 n5 n3 178 0.280 1
63 3 n2 n3 204 0.960 1
63 4 n1 n3 190 0.300 1
64 1 n3 n3 215 0.020 1
64 2 n5 n3 179 0.300 1
64 3 n2 n3 206 0.000 1
64 4 n1 n3 192 0.310 1
65 1 n3 n3 213 0.050 1
65 2 n5 n3 180 0.330 1
65 3 n2 n3 204 0.040 1
65 4 n1 n3 194 0.320 1
66 1 n3 n3 211 0.110 1
66 2 n5 n3 178 0.370 1
66 3 n2 n3 202 0.110 1
66 4 n1 n3 194 0.330 1
67 1 n3 n3 211 0.130 1
67 2 n5 n3 175 0.430 1
67 3 n2 n3 202 0.140 1
67 4 n1 n3 193 0.870 1
68 1 n3 n3 211 0.150 1
68 2 n5 n3 174 0.470 1
68 3 n2 n3 202 0.170 1
68 4 n1 n3 193 0.390 1
69 1 n3 n3 211 0.160 1
69 2 n5 n3 174 1.520 1
69 3 n2 n3 202 0.180 1
69 4 n1 n3 191 0.410 1
70 1 n3 n3 211 0.230 1
70 2 n5 n3 175 0.020 1
70 3 n2 n3 201 0.200 1
70 4 n1 n3 190 0.430 1
71 1 n3 n3 210 0.300 1
71 2 n5 n3 174 0.070 1
71 3 n2 n3 198 0.260 1
71 4 n1 n3 187 0.440 1
72 1 n3 n3 210 0.330 1
72 2 n5 n3 174 0.060 1
72 3 n2 n3 197 0.300 1
72 4 n1 n3 187 0.440 1
73 1 n3 n3 210 0.390 1
73 2 n5 n3 176 0.080 1
73 3 n2 n3 197 0.330 1
73 4 n1 n3 188 0.460 1
74 1 n3 n3 211 0.460 1
74 2 n5 n5 0 0.130 0
74 3 n5 n3 179 0.130 1
74 4 n2 n3 198 0.380 1
74 5 n1 n3 186 0.020 1
75 1 n3 n3 211 0.500 1
75 2 n5 n5 0 0.190 0
75 3 n5 n3 177 0.190 1
75 4 n2 n3 197 0.400 1
75 5 n1 n3 186 0.070 1
76 1 n3 n3 211 0.500 1
76 2 n5 n5 0 0.240 0
76 3 n5 n3 176 0.240 1
76 4 n2 n3 196 0.430 1
76 5 n1 n3 189 0.090 1
77 1 n3 n3 214 0.040 1
77 2 n5 n5 0 0.290 0
77 3 n5 n3 175 0.290 1
77 4 n2 n3 196 0.490 1
77 5 n1 n3 190 0.110 1
78 1 n3 n3 215 0.090 1
78 2 n5 n5 0 0.290 0
78 3 n5 n3 174 0.290 1
78 4 n2 n3 196 0.030 1
78 5 n1 n3 189 0.120 1
79 1 n3 n3 213 0.140 1
79 2 n5 n5 0 0.060 0
79 3 n5 n3 172 0.060 1
79 4 n2 n3 196 0.070 1
79 5 n1 n3 189 0.100 1
80 1 n3 n3 211 0.190 1
80 2 n5 n5 0 0.390 0
80 3 n5 n3 172 0.390 1
80 4 n2 n3 197 0.110 1
80 5 n1 n3 188 0.200 1
81 1 n3 n3 211 0.190 1
81 2 n5 n5 0 0.120 0
81 3 n5 n3 173 0.120 1
81 4 n2 n3 196 0.130 1
81 5 n1 n3 189 0.730 1
82 1 n3 n3 211 0.250 1
82 2 n5 n5 0 0.160 0
82 3 n5 n3 172 0.160 1
82 4 n2 n3 195 0.170 1
82 5 n1 n3 191 0.280 1
83 1 n3 n3 211 0.080 1
83 2 n5 n5 0 0.220 0
83 3 n5 n3 172 0.220 1
83 4 n2 n3 196 0.200 1
83 5 n1 n3 194 0.320 1
84 1 n3 n3 213 0.110 1
84 2 n5 n5 0 0.000 0
84 3 n5 n3 177 0.000 1
84 4 n2 n3 200 0.230 1
84 5 n1 n3 196 0.350 1
85 1 n3 n3 215 0.150 1
85 2 n5 n5 0 0.040 0
85 3 n5 n3 180 0.040 1
85 4 n2 n3 205 0.290 1
85 5 n1 n3 196 0.360 1
86 1 n3 n3 220 0.400 1
86 2 n5 n5 0 0.080 0
86 3 n5 n3 184 0.080 1
86 4 n2 n3 208 0.320 1
86 5 n1 n3 198 0.420 1
87 1 n3 n3 227 0.410 1
87 2 n5 n5 0 0.100 0
87 3 n5 n3 189 0.100 1
87 4 n2 n3 215 0.340 1
87 5 n1 n3 199 0.970 1
88 1 n3 n3 231 0.290 1
88 2 n5 n5 0 0.410 0
88 3 n5 n3 191 0.410 1
88 4 n2 n3 219 0.410 1
88 5 n1 n3 203 0.520 1
89 1 n3 n3 232 0.490 1
89 2 n5 n5 0 0.470 0
89 3 n5 n3 192 0.470 1
89 4 n2 n3 222 0.470 1
89 5 n1 n3 203 1.580 1
90 1 n3 n3 233 0.050 1
90 2 n5 n5 0 0.040 0
90 3 n5 n3 193 0.040 1
90 4 n2 n3 222 0.020 1
90 5 n1 n3 206 0.050 1
91 1 n3 n3 234 0.090 1
91 2 n5 n5 0 0.110 0
91 3 n5 n3 195 0.110 1
91 4 n2 n3 223 0.070 1
91 5 n1 n3 207 0.120 1
92 1 n3 n3 235 0.130 1
92 2 n5 n5 0 0.130 0
92 3 n5 n3 198 0.130 1
92 4 n2 n3 224 0.130 1
92 5 n1 n3 210 0.150 1
93 1 n3 n3 237 0.170 1
93 2 n5 n5 0 0.170 0
93 3 n5 n3 203 0.170 1
93 4 n2 n3 226 0.190 1
93 5 n1 n3 212 0.180 1
94 1 n3 n3 238 0.230 1
94 2 n5 n5 0 0.190 0
94 3 n5 n3 206 0.190 1
94 4 n2 n3 224 0.200 1
94 5 n1 n3 210 0.220 1
95 1 n3 n3 238 0.140 1
95 2 n5 n5 0 0.000 0
95 3 n5 n3 204 0.000 1
95 4 n2 n3 221 0.200 1
95 5 n1 n3 205 0.240 1
96 1 n3 n5 5 0.190 0
96 2 n3 n3 239 0.190 1
96 3 n5 n5 6 0.140 0
96 4 n5 n3 207 0.140 1
96 5 n2 n5 6 0.250 0
96 6 n2 n3 222 0.250 1
96 7 n1 n3 205 0.260 1
97 1 n3 n5 5 0.220 0
97 2 n3 n3 242 0.220 1
97 3 n5 n5 6 0.150 0
97 4 n5 n3 220 0.150 1
97 5 n2 n5 6 0.270 0
97 6 n2 n3 225 0.270 1
97 7 n1 n3 209 0.290 1
98 1 n3 n5 5 0.400 0
98 2 n3 n3 245 0.400 1
98 3 n5 n5 6 0.200 0
98 4 n5 n3 220 0.200 1
98 5 n2 n5 5 0.340 0
98 6 n2 n3 227 0.340 1
98 7 n1 n5 5 0.360 0
98 8 n1 n3 213 0.360 1
99 1 n3 n5 5 0.340 0
99 2 n3 n3 246 0.340 1
99 3 n5 n5 6 0.250 0
99 4 n5 n3 218 0.250 1
99 5 n2 n5 5 0.390 0
99 6 n2 n3 227 0.390 1
99 7 n1 n5 5 0.400 0
99 8 n1 n3 210 0.400 1
100 1 n3 n5 7 0.380 0
100 2 n3 n3 246 0.380 1
100 3 n5 n5 9 0.300 0
100 4 n5 n3 214 0.300 1
100 5 n2 n5 8 0.430 0
100 6 n2 n3 227 0.430 1
100 7 n1 n5 5 0.460 0
100 8 n1 n3 209 0.460 1
101 1 n3 n5 19 0.050 0
101 2 n3 n3 246 0.050 1
101 3 n5 n5 14 0.360 0
101 4 n5 n3 212 0.360 1
101 5 n2 n5 12 0.500 0
101 6 n2 n3 224 0.500 1
101 7 n1 n5 21 0.000 0
101 8 n1 n3 215 0.000 1
102 1 n3 n5 30 0.110 0
102 2 n3 n3 247 0.110 1
102 3 n5 n5 29 0.050 0
102 4 n5 n3 213 0.050 1
102 5 n2 n5 29 0.030 0
102 6 n2 n3 225 0.030 1
102 7 n1 n5 24 0.580 0
102 8 n1 n3 216 0.580 1
103 1 n3 n5 42 0.040 0
103 2 n3 n3 247 0.040 1
103 3 n5 n5 39 0.130 0
103 4 n5 n3 217 0.130 1
103 5 n2 n5 40 0.110 0
103 6 n2 n3 223 0.110 1
103 7 n1 n5 33 0.110 0
103 8 n1 n3 218 0.110 1
104 1 n3 n5 48 0.120 0
104 2 n3 n3 246 0.120 1
104 3 n5 n5 48 0.100 0
104 4 n5 n3 216 0.100 1
104 5 n2 n5 45 0.190 0
104 6 n2 n3 221 0.190 1
104 7 n1 n5 42 0.230 0
104 8 n1 n3 218 0.230 1
105 1 n3 n5 53 0.170 0
105 2 n3 n3 246 0.170 1
105 3 n5 n5 55 0.160 0
105 4 n5 n3 213 0.160 1
105 5 n2 n5 49 0.250 0
105 6 n2 n3 223 0.250 1
105 7 n1 n5 50 0.280 0
105 8 n1 n3 215 0.280 1
106 1 n3 n5 61 0.240 0
106 2 n3 n3 246 0.240 1
106 3 n5 n5 61 0.200 0
106 4 n5 n3 212 0.200 1
106 5 n2 n5 57 0.290 0
106 6 n2 n3 222 0.290 1
106 7 n1 n5 55 0.350 0
106 8 n1 n3 214 0.350 1
107 1 n3 n5 69 0.310 0
107 2 n3 n3 246 0.310 1
107 3 n5 n5 69 0.260 0
107 4 n5 n3 212 0.260 1
107 5 n2 n5 66 0.390 0
107 6 n2 n3 218 0.390 1
107 7 n1 n5 63 0.380 0
107 8 n1 n3 212 0.380 1
108 1 n3 n5 74 0.350 0
108 2 n3 n3 245 0.350 1
108 3 n5 n5 76 0.280 0
108 4 n5 n3 209 0.280 1
108 5 n2 n5 72 0.450 0
108 6 n2 n3 214 0.450 1
108 7 n1 n5 68 0.400 0
108 8 n1 n3 209 0.400 1
109 1 n3 n5 80 0.380 0
109 2 n3 n3 243 0.380 1
109 3 n5 n5 82 0.320 0
109 4 n5 n3 204 0.320 1
109 5 n2 n5 76 0.010 0
109 6 n2 n3 213 0.010 1
109 7 n1 n5 70 0.010 0
109 8 n1 n3 209 0.010 1
110 1 n3 n5 90 0.040 0
110 2 n3 n3 242 0.040 1
110 3 n5 n5 88 0.390 0
110 4 n5 n3 208 0.390 1
110 5 n2 n5 81 0.050 0
110 6 n2 n3 213 0.050 1
110 7 n1 n5 76 0.060 0
110 8 n1 n3 208 0.060 1
111 1 n3 n5 97 0.060 0
111 2 n3 n3 242 0.060 1
111 3 n5 n5 95 0.410 0
111 4 n5 n3 210 0.410 1
111 5 n2 n5 86 0.110 0
111 6 n2 n3 214 0.110 1
111 7 n1 n5 77 0.090 0
111 8 n1 n3 206 0.090 1
112 1 n3 n5 98 0.130 0
112 2 n3 n3 242 0.130 1
112 3 n5 n5 106 0.080 0
112 4 n5 n3 212 0.080 1
112 5 n2 n5 92 0.200 0
112 6 n2 n3 215 0.200 1
112 7 n1 n5 78 0.150 0
112 8 n1 n3 204 0.150 1
113 1 n3 n5 111 0.080 0
113 2 n3 n3 240 0.080 1
113 3 n5 n5 112 0.040 0
113 4 n5 n3 203 0.040 1
113 5 n2 n5 92 0.750 0
113 6 n2 n3 215 0.750 1
113 7 n1 n5 0 0.220 0
113 8 n1 n3 200 0.220 1
114 1 n3 n5 115 0.300 0
114 2 n3 n3 238 0.300 1
114 3 n5 n5 118 0.120 0
114 4 n5 n3 200 0.120 1
114 5 n2 n5 0 0.300 0
114 6 n2 n3 215 0.300 1
114 7 n1 n5 0 0.300 0
114 8 n1 n3 197 0.300 1
115 1 n3 n5 121 0.270 0
115 2 n3 n3 238 0.270 1
115 3 n5 n5 125 0.190 0
115 4 n5 n3 194 0.190 1
115 5 n2 n5 0 0.380 0
115 6 n2 n3 214 0.380 1
115 7 n1 n5 0 0.360 0
115 8 n1 n3 194 0.360 1
116 1 n3 n5 125 0.440 0
116 2 n3 n3 238 0.440 1
116 3 n5 n5 132 0.240 0
116 4 n5 n3 189 0.240 1
116 5 n2 n5 0 0.440 0
116 6 n2 n3 215 0.440 1
116 7 n1 n5 0 0.430 0
116 8 n1 n3 196 0.430 1
117 1 n3 n5 142 0.050 0
117 2 n3 n3 238 0.050 1
117 3 n5 n5 139 0.300 0
117 4 n5 n3 185 0.300 1
117 5 n2 n5 0 0.500 0
117 6 n2 n3 217 0.500 1
117 7 n1 n5 0 0.510 0
117 8 n1 n3 196 0.510 1
118 1 n3 n5 146 0.080 0
118 2 n3 n3 238 0.080 1
118 3 n5 n5 148 0.360 0
118 4 n5 n3 183 0.360 1
118 5 n2 n5 0 0.020 0
118 6 n2 n3 221 0.020 1
118 7 n1 n5 0 0.030 0
118 8 n1 n3 195 0.030 1
119 1 n3 n5 150 0.170 0
119 2 n3 n3 236 0.170 1
119 3 n5 n5 152 0.910 0
119 4 n5 n3 181 0.910 1
119 5 n2 n5 0 0.090 0
119 6 n2 n3 221 0.090 1
119 7 n1 n5 0 0.120 0
119 8 n1 n3 192 0.120 1
120 1 n3 n5 159 0.210 0
120 2 n3 n3 233 0.210 1
120 3 n5 n5 166 0.070 0
120 4 n5 n3 167 0.070 1
120 5 n2 n5 0 0.140 0
120 6 n2 n3 216 0.140 1
120 7 n1 n5 0 0.160 0
120 8 n1 n3 187 0.160 1
121 1 n3 n5 159 0.250 0
121 2 n3 n3 230 0.250 1
121 3 n5 n5 166 1.020 0
121 4 n5 n3 165 1.020 1
121 5 n2 n5 0 0.200 0
121 6 n2 n3 207 0.200 1
121 7 n1 n5 0 0.210 0
121 8 n1 n3 183 0.210 1
122 1 n3 n5 166 0.310 0
122 2 n3 n3 228 0.310 1
122 3 n5 n5 178 0.170 1
122 4 n5 n3 162 0.170 0
122 5 n2 n5 0 0.250 0
122 6 n2 n3 204 0.250 1
122 7 n1 n5 0 0.310 0
122 8 n1 n3 181 0.310 1
123 1 n3 n5 166 0.370 0
123 2 n3 n3 227 0.370 1
123 3 n5 n5 188 0.240 1
123 4 n5 n3 0 0.240 0
123 5 n2 n5 0 0.340 0
123 6 n2 n3 198 0.340 1
123 7 n1 n5 0 0.370 0
123 8 n1 n3 180 0.370 1
124 1 n3 n5 0 0.430 0
124 2 n3 n3 225 0.430 1
124 3 n5 n5 197 0.310 1
124 4 n5 n3 0 0.310 0
124 5 n2 n5 0 0.400 0
124 6 n2 n3 198 0.400 1
124 7 n1 n5 0 0.430 0
124 8 n1 n3 180 0.430 1
125 1 n3 n5 0 0.480 0
125 2 n3 n3 225 0.480 1
125 3 n5 n5 205 0.380 1
125 4 n5 n3 0 0.380 0
125 5 n2 n5 0 0.450 0
125 6 n2 n3 199 0.450 1
125 7 n1 n5 0 0.500 0
125 8 n1 n3 182 0.500 1
126 1 n3 n5 0 0.020 0
126 2 n3 n3 227 0.020 1
126 3 n5 n5 212 0.440 1
126 4 n5 n3 0 0.440 0
126 5 n2 n5 0 0.490 0
126 6 n2 n3 200 0.490 1
126 7 n1 n5 0 0.060 0
126 8 n1 n3 186 0.060 1
127 1 n3 n5 0 0.060 0
127 2 n3 n3 230 0.060 1
127 3 n5 n5 219 0.490 1
127 4 n5 n3 0 0.490 0
127 5 n2 n5 0 0.020 0
127 6 n2 n3 201 0.020 1
127 7 n1 n5 0 0.080 0
127 8 n1 n3 187 0.080 1
128 1 n3 n5 0 0.140 0
128 2 n3 n3 230 0.140 1
128 3 n5 n5 230 0.030 1
128 4 n5 n3 0 0.030 0
128 5 n2 n5 0 0.090 0
128 6 n2 n3 201 0.090 1
128 7 n1 n5 0 0.130 0
128 8 n1 n3 188 0.130 1
129 1 n3 n5 0 0.220 0
129 2 n3 n3 229 0.220 1
129 3 n5 n5 236 0.080 1
129 4 n5 n3 0 0.080 0
129 5 n2 n5 0 0.170 0
129 6 n2 n3 201 0.170 1
129 7 n1 n5 0 0.170 0
129 8 n1 n3 192 0.170 1
130 1 n3 n5 0 0.280 0
130 2 n3 n3 229 0.280 1
130 3 n5 n5 241 0.150 1
130 4 n5 n3 0 0.150 0
130 5 n2 n5 0 0.240 0
130 6 n2 n3 201 0.240 1
130 7 n1 n5 0 0.280 0
130 8 n1 n3 195 0.280 1
131 1 n3 n5 0 0.330 0
131 2 n3 n3 228 0.330 1
131 3 n5 n5 244 0.250 1
131 4 n5 n3 0 0.250 0
131 5 n2 n5 0 0.300 0
131 6 n2 n3 201 0.300 1
131 7 n1 n5 0 0.300 0
131 8 n1 n3 197 0.300 1
132 1 n3 n5 0 0.370 0
132 2 n3 n3 226 0.370 1
132 3 n5 n5 246 0.300 1
132 4 n5 n3 0 0.300 0
132 5 n2 n5 0 0.360 0
132 6 n2 n3 201 0.360 1
132 7 n1 n5 0 0.340 0
132 8 n1 n3 195 0.340 1
133 1 n3 n5 0 0.400 0
133 2 n3 n3 225 0.400 1
133 3 n5 n5 244 0.330 1
133 4 n5 n3 0 0.330 0
133 5 n2 n5 0 0.390 0
133 6 n2 n3 201 0.390 1
133 7 n1 n5 0 0.420 0
133 8 n1 n3 190 0.420 1
134 1 n3 n5 0 0.470 0
134 2 n3 n3 224 0.470 1
134 3 n5 n5 242 0.890 1
134 4 n5 n3 0 0.890 0
134 5 n2 n5 0 0.440 0
134 6 n2 n3 201 0.440 1
134 7 n1 n5 0 0.460 0
134 8 n1 n3 185 0.460 1
135 1 n3 n5 0 0.010 0
135 2 n3 n3 226 0.010 1
135 3 n5 n5 239 0.420 1
135 4 n5 n3 0 0.420 0
135 5 n2 n5 0 0.490 0
135 6 n2 n3 202 0.490 1
135 7 n1 n5 0 0.020 0
135 8 n1 n3 184 0.020 1
136 1 n3 n5 0 0.120 0
136 2 n3 n3 228 0.120 1
136 3 n5 n5 236 0.500 1
136 4 n5 n3 0 0.500 0
136 5 n2 n5 0 0.050 0
136 6 n2 n3 205 0.050 1
136 7 n1 n5 0 0.080 0
136 8 n1 n3 185 0.080 1
137 1 n3 n5 0 0.170 0
137 2 n3 n3 227 0.170 1
137 3 n5 n5 234 1.050 1
137 4 n5 n3 0 1.050 0
137 5 n2 n5 0 0.110 0
137 6 n2 n3 207 0.110 1
137 7 n1 n5 0 0.160 0
137 8 n1 n3 182 0.160 1
138 1 n3 n5 0 0.190 0
138 2 n3 n3 228 0.190 1
138 3 n5 n5 234 2.130 1
138 4 n5 n3 0 2.130 0
138 5 n2 n5 0 0.150 0
138 6 n2 n3 209 0.150 1
138 7 n1 n5 0 0.200 0
138 8 n1 n3 179 0.200 1
139 1 n3 n5 0 0.250 0
139 2 n3 n3 227 0.250 1
139 3 n5 n5 234 3.220 1
139 4 n5 n3 0 3.220 0
139 5 n2 n5 0 0.190 0
139 6 n2 n3 209 0.190 1
139 7 n1 n5 0 1.290 0
139 8 n1 n3 179 1.290 1
140 1 n3 n5 0 0.310 0
140 2 n3 n3 225 0.310 1
140 3 n5 n5 234 4.290 1
140 4 n5 n3 0 4.290 0
140 5 n2 n5 0 0.260 0
140 6 n2 n3 208 0.260 1
140 7 n1 n5 0 0.810 0
140 8 n1 n3 180 0.810 1
141 1 n3 n5 0 0.360 0
141 2 n3 n3 223 0.360 1
141 3 n5 n5 234 5.390 1
141 4 n5 n3 0 5.390 0
141 5 n2 n5 0 0.850 0
141 6 n2 n3 207 0.850 1
141 7 n1 n5 0 0.890 0
141 8 n1 n3 182 0.890 1
142 1 n3 n5 0 0.410 0
142 2 n3 n3 224 0.410 1
142 3 n5 n5 234 6.480 1
142 4 n5 n3 0 6.480 0
142 5 n2 n5 0 0.390 0
142 6 n2 n3 207 0.390 1
142 7 n1 n5 0 0.930 0
142 8 n1 n3 186 0.930 1
143 1 n3 n5 0 0.450 0
143 2 n3 n3 225 0.450 1
143 3 n5 n5 231 0.850 1
143 4 n5 n3 0 0.850 0
143 5 n2 n5 0 0.470 0
143 6 n2 n3 210 0.470 1
143 7 n1 n5 0 0.990 0
143 8 n1 n3 190 0.990 1
144 1 n3 n5 0 0.000 0
144 2 n3 n3 226 0.000 1
144 3 n5 n5 231 1.940 1
144 4 n5 n3 0 1.940 0
144 5 n2 n5 0 0.000 0
144 6 n2 n3 210 0.000 1
144 7 n1 n5 0 0.080 0
144 8 n1 n3 201 0.080 1
145 1 n3 n5 0 0.040 0
145 2 n3 n3 225 0.040 1
145 3 n5 n5 231 3.020 1
145 4 n5 n3 0 3.020 0
145 5 n2 n5 0 0.070 0
145 6 n2 n3 207 0.070 1
145 7 n1 n5 0 0.140 0
145 8 n1 n3 200 0.140 1
146 1 n3 n5 0 0.070 0
146 2 n3 n3 224 0.070 1
146 3 n5 n5 227 1.010 1
146 4 n5 n3 0 1.010 0
146 5 n2 n5 0 0.120 0
146 6 n2 n3 207 0.120 1
146 7 n1 n5 0 0.190 0
146 8 n1 n3 199 0.190 1
147 1 n3 n5 0 0.140 0
147 2 n3 n3 223 0.140 1
147 3 n5 n5 216 0.050 1
147 4 n5 n3 0 0.050 0
147 5 n2 n5 0 0.220 0
147 6 n2 n3 206 0.220 1
147 7 n1 n5 0 0.270 0
147 8 n1 n3 197 0.270 1
148 1 n3 n5 0 0.220 0
148 2 n3 n3 219 0.220 1
148 3 n5 n5 204 0.090 1
148 4 n5 n3 0 0.090 0
148 5 n2 n5 0 0.290 0
148 6 n2 n3 201 0.290 1
148 7 n1 n5 0 0.300 0
148 8 n1 n3 198 0.300 1
149 1 n3 n5 0 0.290 0
149 2 n3 n3 217 0.290 1
149 3 n5 n5 193 0.170 1
149 4 n5 n3 0 0.170 0
149 5 n2 n5 0 0.860 0
149 6 n2 n3 199 0.860 1
149 7 n1 n5 0 0.360 0
149 8 n1 n3 198 0.360 1
150 1 n3 n5 0 0.350 0
150 2 n3 n3 217 0.350 1
150 3 n5 n5 193 1.250 1
150 4 n5 n3 0 1.250 0
150 5 n2 n5 0 0.430 0
150 6 n2 n3 198 0.430 1
150 7 n1 n5 0 0.440 0
150 8 n1 n3 197 0.440 1
151 1 n3 n5 0 0.400 0
151 2 n3 n3 217 0.400 1
151 3 n5 n5 185 0.270 1
151 4 n5 n3 0 0.270 0
151 5 n2 n5 0 0.000 0
151 6 n2 n3 203 0.000 1
151 7 n1 n5 0 0.000 0
151 8 n1 n3 197 0.000 1
152 1 n3 n5 0 0.450 0
152 2 n3 n3 218 0.450 1
152 3 n5 n5 177 0.820 1
152 4 n5 n3 0 0.820 0
152 5 n2 n5 0 0.030 0
152 6 n2 n3 206 0.030 1
152 7 n1 n5 0 0.060 0
152 8 n1 n3 197 0.060 1
153 1 n3 n5 0 0.030 0
153 2 n3 n3 218 0.030 1
153 3 n5 n5 168 0.380 1
153 4 n5 n3 0 0.380 0
153 5 n2 n5 0 0.090 0
153 6 n2 n3 207 0.090 1
153 7 n1 n5 0 0.140 0
153 8 n1 n3 197 0.140 1
154 1 n3 n5 0 0.060 0
154 2 n3 n3 217 0.060 1
154 3 n5 n5 158 0.430 1
154 4 n5 n3 0 0.430 0
154 5 n2 n5 0 0.160 0
154 6 n2 n3 208 0.160 1
154 7 n1 n5 0 0.200 0
154 8 n1 n3 193 0.200 1
155 1 n3 n5 0 0.140 0
155 2 n3 n3 215 0.140 1
155 3 n5 n5 139 0.520 1
155 4 n5 n3 0 0.520 0
155 5 n2 n5 0 0.230 0
155 6 n2 n3 206 0.230 1
155 7 n1 n5 0 0.260 0
155 8 n1 n3 188 0.260 1
156 1 n3 n5 0 0.200 0
156 2 n3 n3 213 0.200 1
156 3 n5 n5 122 0.060 1
156 4 n5 n3 0 0.060 0
156 5 n2 n5 0 0.280 0
156 6 n2 n3 204 0.280 1
156 7 n1 n5 0 0.300 0
156 8 n1 n3 184 0.300 1
157 1 n3 n5 0 0.270 0
157 2 n3 n3 213 0.270 1
157 3 n5 n5 115 0.630 1
157 4 n5 n3 0 0.630 0
157 5 n2 n5 0 0.360 0
157 6 n2 n3 199 0.360 1
157 7 n1 n5 0 0.350 0
157 8 n1 n3 182 0.350 1
158 1 n3 n5 0 0.330 0
158 2 n3 n3 213 0.330 1
158 3 n5 n5 106 0.190 1
158 4 n5 n3 0 0.190 0
158 5 n2 n5 0 0.450 0
158 6 n2 n3 194 0.450 1
158 7 n1 n5 0 0.400 0
158 8 n1 n3 182 0.400 1
159 1 n3 n5 0 0.400 0
159 2 n3 n3 213 0.400 1
159 3 n5 n5 106 1.270 1
159 4 n5 n3 0 1.270 0
159 5 n2 n5 0 0.010 0
159 6 n2 n3 193 0.010 1
159 7 n1 n5 0 0.460 0
159 8 n1 n3 180 0.460 1
160 1 n3 n5 0 0.480 0
160 2 n3 n3 213 0.480 1
160 3 n5 n5 84 0.290 1
160 4 n5 n3 0 0.290 0
160 5 n2 n5 0 0.060 0
160 6 n2 n3 193 0.060 1
160 7 n1 n5 0 0.490 0
160 8 n1 n3 177 0.490 1
161 1 n3 n5 0 0.040 0
161 2 n3 n3 212 0.040 1
161 3 n5 n5 63 0.340 1
161 4 n5 n3 0 0.340 0
161 5 n2 n5 0 0.130 0
161 6 n2 n3 193 0.130 1
161 7 n1 n5 0 0.050 0
161 8 n1 n3 176 0.050 1
162 1 n3 n5 0 0.110 0
162 2 n3 n3 213 0.110 1
162 3 n5 n5 47 0.370 1
162 4 n5 n3 0 0.370 0
162 5 n2 n5 0 0.200 0
162 6 n2 n3 195 0.200 1
162 7 n1 n5 0 0.630 0
162 8 n1 n3 176 0.630 1
163 1 n3 n5 0 0.180 0
163 2 n3 n3 213 0.180 1
163 3 n5 n5 34 0.430 1
163 4 n5 n3 0 0.430 0
163 5 n2 n5 0 0.290 0
163 6 n2 n3 195 0.290 1
163 7 n1 n5 0 0.210 0
163 8 n1 n3 176 0.210 1
164 1 n3 n5 0 0.250 0
164 2 n3 n3 212 0.250 1
164 3 n5 n5 25 0.480 1
164 4 n5 n3 0 0.480 0
164 5 n2 n5 0 0.340 0
164 6 n2 n3 192 0.340 1
164 7 n1 n5 0 0.280 0
164 8 n1 n3 177 0.280 1
165 1 n3 n5 0 0.330 0
165 2 n3 n3 211 0.330 1
165 3 n5 n5 23 0.520 1
165 4 n5 n3 0 0.520 0
165 5 n2 n5 0 0.400 0
165 6 n2 n3 190 0.400 1
165 7 n1 n5 0 0.320 0
165 8 n1 n3 180 0.320 1
166 1 n3 n5 0 0.420 0
166 2 n3 n3 208 0.420 1
166 3 n5 n5 24 0.080 1
166 4 n5 n3 0 0.080 0
166 5 n2 n5 0 0.470 0
166 6 n2 n3 188 0.470 1
166 7 n1 n5 0 0.370 0
166 8 n1 n3 184 0.370 1
167 1 n3 n5 0 0.500 0
167 2 n3 n3 206 0.500 1
167 3 n5 n5 27 0.130 1
167 4 n5 n3 0 0.130 0
167 5 n2 n5 0 0.030 0
167 6 n2 n3 188 0.030 1
167 7 n1 n5 0 0.410 0
167 8 n1 n3 187 0.410 1
168 1 n3 n5 0 0.020 0
168 2 n3 n3 209 0.020 1
168 3 n5 n5 33 0.170 1
168 4 n5 n3 0 0.170 0
168 5 n2 n5 0 0.090 0
168 6 n2 n3 191 0.090 1
168 7 n1 n5 0 0.460 0
168 8 n1 n3 191 0.460 1
169 1 n3 n5 0 0.080 0
169 2 n3 n3 211 0.080 1
169 3 n5 n5 44 0.240 1
169 4 n5 n3 0 0.240 0
169 5 n2 n5 0 0.130 0
169 6 n2 n3 192 0.130 1
169 7 n1 n5 0 0.020 0
169 8 n1 n3 195 0.020 1
170 1 n3 n5 0 0.140 0
170 2 n3 n3 212 0.140 1
170 3 n5 n5 55 0.300 1
170 4 n5 n3 0 0.300 0
170 5 n2 n5 0 0.200 0
170 6 n2 n3 192 0.200 1
170 7 n1 n5 0 0.050 0
170 8 n1 n3 192 0.050 1
171 1 n3 n5 0 0.200 0
171 2 n3 n3 211 0.200 1
171 3 n5 n5 65 0.320 1
171 4 n5 n3 0 0.320 0
171 5 n2 n5 0 0.230 0
171 6 n2 n3 191 0.230 1
171 7 n1 n5 0 0.070 0
171 8 n1 n3 184 0.070 1
172 1 n3 n5 0 0.280 0
172 2 n3 n3 211 0.280 1
172 3 n5 n5 74 0.360 1
172 4 n5 n3 0 0.360 0
172 5 n2 n5 0 0.300 0
172 6 n2 n3 188 0.300 1
172 7 n1 n5 0 0.000 0
172 8 n1 n3 179 0.000 1
173 1 n3 n5 0 0.310 0
173 2 n3 n3 211 0.310 1
173 3 n5 n5 83 0.390 1
173 4 n5 n3 0 0.390 0
173 5 n2 n5 0 0.880 0
173 6 n2 n3 185 0.880 1
173 7 n1 n5 0 0.160 0
173 8 n1 n3 175 0.160 1
174 1 n3 n5 0 0.380 0
174 2 n3 n3 211 0.380 1
174 3 n5 n5 92 0.450 1
174 4 n5 n3 0 0.450 0
174 5 n2 n5 0 0.410 0
174 6 n2 n3 182 0.410 1
174 7 n1 n5 0 0.220 0
174 8 n1 n3 174 0.220 1
175 1 n3 n5 0 0.430 0
175 2 n3 n3 212 0.430 1
175 3 n5 n5 104 0.010 1
175 4 n5 n3 0 0.010 0
175 5 n2 n5 0 0.470 0
175 6 n2 n3 183 0.470 1
175 7 n1 n5 0 0.320 0
175 8 n1 n3 175 0.320 1
176 1 n3 n5 0 0.470 0
176 2 n3 n3 214 0.470 1
176 3 n5 n5 110 0.070 1
176 4 n5 n3 0 0.070 0
176 5 n2 n5 0 0.500 0
176 6 n2 n3 184 0.500 1
176 7 n1 n5 0 0.370 0
176 8 n1 n3 177 0.370 1
177 1 n3 n5 0 0.040 0
177 2 n3 n3 216 0.040 1
177 3 n5 n5 113 0.120 1
177 4 n5 n3 0 0.120 0
177 5 n2 n5 0 0.550 0
177 6 n2 n3 185 0.550 1
177 7 n1 n5 0 0.410 0
177 8 n1 n3 179 0.410 1
178 1 n3 n5 0 0.080 0
178 2 n3 n3 220 0.080 1
178 3 n5 n5 117 0.150 1
178 4 n5 n3 0 0.150 0
178 5 n2 n5 0 0.630 0
178 6 n2 n3 187 0.630 1
178 7 n1 n5 0 0.980 0
178 8 n1 n3 179 0.980 1
179 1 n3 n5 0 0.150 0
179 2 n3 n3 222 0.150 1
179 3 n5 n5 126 0.260 1
179 4 n5 n3 0 0.260 0
179 5 n2 n5 0 0.220 0
179 6 n2 n3 192 0.220 1
179 7 n1 n5 0 1.040 0
179 8 n1 n3 181 1.040 1
180 1 n3 n5 0 0.240 0
180 2 n3 n3 221 0.240 1
180 3 n5 n5 134 0.340 1
180 4 n5 n3 0 0.340 0
180 5 n2 n5 0 0.320 0
180 6 n2 n3 195 0.320 1
180 7 n1 n5 0 0.470 0
180 8 n1 n3 186 0.470 1
181 1 n3 n5 0 0.310 0
181 2 n3 n3 217 0.310 1
181 3 n5 n5 138 0.390 1
181 4 n5 n3 0 0.390 0
181 5 n2 n5 0 0.370 0
181 6 n2 n3 193 0.370 1
181 7 n1 n5 0 0.040 0
181 8 n1 n3 188 0.040 1
182 1 n3 n5 0 0.370 0
182 2 n3 n3 215 0.370 1
182 3 n5 n5 140 0.470 1
182 4 n5 n3 0 0.470 0
182 5 n2 n5 0 0.970 0
182 6 n2 n3 192 0.970 1
182 7 n1 n5 0 0.090 0
182 8 n1 n3 185 0.090 1
183 1 n3 n5 0 0.380 0
183 2 n3 n3 216 0.380 1
183 3 n5 n5 149 0.030 1
183 4 n5 n3 0 0.030 0
183 5 n2 n5 0 0.520 0
183 6 n2 n3 192 0.520 1
183 7 n1 n5 0 0.140 0
183 8 n1 n3 186 0.140 1
184 1 n3 n5 0 0.420 0
184 2 n3 n3 217 0.420 1
184 3 n5 n5 155 0.100 1
184 4 n5 n3 0 0.100 0
184 5 n2 n5 0 0.090 0
184 6 n2 n3 195 0.090 1
184 7 n1 n5 0 0.200 0
184 8 n1 n3 186 0.200 1
185 1 n3 n5 0 0.490 0
185 2 n3 n3 216 0.490 1
185 3 n5 n5 162 0.140 1
185 4 n5 n3 0 0.140 0
185 5 n2 n5 0 0.150 0
185 6 n2 n3 198 0.150 1
185 7 n1 n5 0 1.290 0
185 8 n1 n3 186 1.290 1
186 1 n3 n5 0 0.030 0
186 2 n3 n3 215 0.030 1
186 3 n5 n5 167 0.190 1
186 4 n5 n3 0 0.190 0
186 5 n2 n5 0 0.190 0
186 6 n2 n3 200 0.190 1
186 7 n1 n5 0 0.420 0
186 8 n1 n3 189 0.420 1
187 1 n3 n5 0 0.080 0
187 2 n3 n3 217 0.080 1
187 3 n5 n5 173 0.220 1
187 4 n5 n3 0 0.220 0
187 5 n2 n5 0 0.270 0
187 6 n2 n3 203 0.270 1
187 7 n1 n5 0 0.360 0
187 8 n1 n3 193 0.360 1
188 1 n3 n5 0 0.130 0
188 2 n3 n3 219 0.130 1
188 3 n5 n5 179 0.310 1
188 4 n5 n3 0 0.310 0
188 5 n2 n5 0 0.310 0
188 6 n2 n3 206 0.310 1
188 7 n1 n5 0 0.930 0
188 8 n1 n3 195 0.930 1
189 1 n3 n5 0 0.190 0
189 2 n3 n3 217 0.190 1
189 3 n5 n5 183 0.340 1
189 4 n5 n3 0 0.340 0
189 5 n2 n5 0 0.340 0
189 6 n2 n3 205 0.340 1
189 7 n1 n5 0 0.480 0
189 8 n1 n3 195 0.480 1
190 1 n3 n5 0 0.240 0
190 2 n3 n3 215 0.240 1
190 3 n5 n5 184 0.900 1
190 4 n5 n3 0 0.900 0
190 5 n2 n5 0 0.410 0
190 6 n2 n3 203 0.410 1
190 7 n1 n5 0 1.070 0
190 8 n1 n3 193 1.070 1
191 1 n3 n5 0 0.320 0
191 2 n3 n3 215 0.320 1
191 3 n5 n5 187 0.960 1
191 4 n5 n3 0 0.960 0
191 5 n2 n5 0 0.440 0
191 6 n2 n3 202 0.440 1
191 7 n1 n5 0 0.190 0
191 8 n1 n3 193 0.190 1
192 1 n3 n5 0 0.400 0
192 2 n3 n3 213 0.400 1
192 3 n5 n5 189 1.020 1
192 4 n5 n3 0 1.020 0
192 5 n2 n5 0 0.480 0
192 6 n2 n3 198 0.480 1
192 7 n1 n5 0 1.270 0
192 8 n1 n3 193 1.270 1
193 1 n3 n5 0 0.450 0
193 2 n3 n3 214 0.450 1
193 3 n5 n5 197 0.040 1
193 4 n5 n3 0 0.040 0
193 5 n2 n5 0 0.050 0
193 6 n2 n3 198 0.050 1
193 7 n1 n5 0 0.310 0
193 8 n1 n3 194 0.310 1
194 1 n3 n5 0 0.020 0
194 2 n3 n3 218 0.020 1
194 3 n5 n5 203 0.070 1
194 4 n5 n3 0 0.070 0
194 5 n2 n5 0 0.120 0
194 6 n2 n3 200 0.120 1
194 7 n1 n5 138 0.260 0
194 8 n1 n3 195 0.260 1
195 1 n3 n5 0 0.070 0
195 2 n3 n3 219 0.070 1
195 3 n5 n5 204 0.640 1
195 4 n5 n3 0 0.640 0
195 5 n2 n5 155 0.140 0
195 6 n2 n3 204 0.140 1
195 7 n1 n5 140 0.310 0
195 8 n1 n3 196 0.310 1
196 1 n3 n5 0 0.120 0
196 2 n3 n3 219 0.120 1
196 3 n5 n5 201 0.200 1
196 4 n5 n3 0 0.200 0
196 5 n2 n5 155 0.220 0
196 6 n2 n3 201 0.220 1
196 7 n1 n5 144 0.010 0
196 8 n1 n3 192 0.010 1
197 1 n3 n5 0 0.200 0
197 2 n3 n3 216 0.200 1
197 3 n5 n5 196 0.130 1
197 4 n5 n3 140 0.130 0
197 5 n2 n5 158 0.280 0
197 6 n2 n3 196 0.280 1
197 7 n1 n5 143 0.010 0
197 8 n1 n3 190 0.010 1
198 1 n3 n5 139 0.130 0
198 2 n3 n3 212 0.130 1
198 3 n5 n5 192 0.210 1
198 4 n5 n3 141 0.210 0
198 5 n2 n5 159 0.300 0
198 6 n2 n3 189 0.300 1
198 7 n1 n5 143 0.100 0
198 8 n1 n3 187 0.100 1
199 1 n3 n5 139 0.320 0
199 2 n3 n3 209 0.320 1
199 3 n5 n5 190 0.260 1
199 4 n5 n3 143 0.260 0
199 5 n2 n5 159 0.380 0
199 6 n2 n3 189 0.380 1
199 7 n1 n5 141 0.050 0
199 8 n1 n3 185 0.050 1
200 1 n3 n5 138 0.240 0
200 2 n3 n3 209 0.240 1
200 3 n5 n5 189 0.280 1
200 4 n5 n3 146 0.280 0
200 5 n2 n5 159 0.440 0
200 6 n2 n3 190 0.440 1
200 7 n1 n5 136 0.110 0
200 8 n1 n3 186 0.110 1
201 1 n3 n5 136 0.380 0
201 2 n3 n3 212 0.380 1
201 3 n5 n5 175 0.300 1
201 4 n5 n3 150 0.300 0
201 5 n2 n5 156 0.500 0
201 6 n2 n3 191 0.500 1
201 7 n1 n5 129 0.190 0
201 8 n1 n3 195 0.190 1
202 1 n3 n5 135 0.440 0
202 2 n3 n3 214 0.440 1
202 3 n5 n5 170 0.370 1
202 4 n5 n3 156 0.370 0
202 5 n2 n5 149 0.090 0
202 6 n2 n3 194 0.090 1
202 7 n1 n5 126 0.260 0
202 8 n1 n3 203 0.260 1
203 1 n3 n5 124 0.010 0
203 2 n3 n3 215 0.010 1
203 3 n5 n5 161 0.050 1
203 4 n5 n3 156 0.050 0
203 5 n2 n5 145 0.170 0
203 6 n2 n3 192 0.170 1
203 7 n1 n5 127 0.410 0
203 8 n1 n3 205 0.410 1
204 1 n3 n5 124 0.070 0
204 2 n3 n3 215 0.070 1
204 3 n5 n5 154 0.010 0
204 4 n5 n3 159 0.010 1
204 5 n2 n5 138 0.240 0
204 6 n2 n3 188 0.240 1
204 7 n1 n5 127 0.440 0
204 8 n1 n3 204 0.440 1
205 1 n3 n5 0 0.140 0
205 2 n3 n3 215 0.140 1
205 3 n5 n5 153 0.080 0
205 4 n5 n3 160 0.080 1
205 5 n2 n5 138 0.290 0
205 6 n2 n3 190 0.290 1
205 7 n1 n5 118 0.510 0
205 8 n1 n3 202 0.510 1
206 1 n3 n5 116 0.060 0
206 2 n3 n3 215 0.060 1
206 3 n5 n5 0 0.140 0
206 4 n5 n3 164 0.140 1
206 5 n2 n5 132 0.330 0
206 6 n2 n3 188 0.330 1
206 7 n1 n5 118 0.050 0
206 8 n1 n3 201 0.050 1
207 1 n3 n5 116 0.240 0
207 2 n3 n3 215 0.240 1
207 3 n5 n5 130 0.180 0
207 4 n5 n3 174 0.180 1
207 5 n2 n5 130 0.400 0
207 6 n2 n3 186 0.400 1
207 7 n1 n5 112 0.110 0
207 8 n1 n3 201 0.110 1
208 1 n3 n5 103 0.170 0
208 2 n3 n3 216 0.170 1
208 3 n5 n5 127 0.210 0
208 4 n5 n3 177 0.210 1
208 5 n2 n5 0 0.420 0
208 6 n2 n3 183 0.420 1
208 7 n1 n5 105 0.070 0
208 8 n1 n3 202 0.070 1
209 1 n3 n5 103 0.360 0
209 2 n3 n3 218 0.360 1
209 3 n5 n5 125 0.280 0
209 4 n5 n3 180 0.280 1
209 5 n2 n5 0 0.490 0
209 6 n2 n3 178 0.490 1
209 7 n1 n5 98 0.770 0
209 8 n1 n3 202 0.770 1
210 1 n3 n5 103 0.400 0
210 2 n3 n3 219 0.400 1
210 3 n5 n5 0 0.350 0
210 4 n5 n3 185 0.350 1
210 5 n2 n5 0 0.400 0
210 6 n2 n3 176 0.400 1
210 7 n1 n5 98 0.280 0
210 8 n1 n3 203 0.280 1
211 1 n3 n5 0 0.430 0
211 2 n3 n3 223 0.430 1
211 3 n5 n5 0 0.400 0
211 4 n5 n3 192 0.400 1
211 5 n2 n5 0 0.480 0
211 6 n2 n3 180 0.480 1
211 7 n1 n5 0 0.330 0
211 8 n1 n3 205 0.330 1
212 1 n3 n5 0 0.470 0
212 2 n3 n3 226 0.470 1
212 3 n5 n5 0 0.470 0
212 4 n5 n3 195 0.470 1
212 5 n2 n5 0 0.550 0
212 6 n2 n3 185 0.550 1
212 7 n1 n5 0 0.410 0
212 8 n1 n3 206 0.410 1
213 1 n3 n5 0 0.010 0
213 2 n3 n3 227 0.010 1
213 3 n5 n5 0 0.030 0
213 4 n5 n3 195 0.030 1
213 5 n2 n5 0 0.120 0
213 6 n2 n3 184 0.120 1
213 7 n1 n5 0 0.440 0
213 8 n1 n3 203 0.440 1
214 1 n3 n5 0 0.060 0
214 2 n3 n3 228 0.060 1
214 3 n5 n5 0 0.070 0
214 4 n5 n3 196 0.070 1
214 5 n2 n5 0 0.180 0
214 6 n2 n3 184 0.180 1
214 7 n1 n5 0 0.470 0
214 8 n1 n3 201 0.470 1
215 1 n3 n5 0 0.120 0
215 2 n3 n3 230 0.120 1
215 3 n5 n5 0 0.100 0
215 4 n5 n3 196 0.100 1
215 5 n2 n5 0 0.250 0
215 6 n2 n3 184 0.250 1
215 7 n1 n5 0 0.500 0
215 8 n1 n3 199 0.500 1
216 1 n3 n5 0 0.200 0
216 2 n3 n3 231 0.200 1
216 3 n5 n5 0 0.150 0
216 4 n5 n3 195 0.150 1
216 5 n2 n5 0 0.300 0
216 6 n2 n3 181 0.300 1
216 7 n1 n5 0 0.070 0
216 8 n1 n3 196 0.070 1
217 1 n3 n5 0 0.250 0
217 2 n3 n3 231 0.250 1
217 3 n5 n5 0 0.210 0
217 4 n5 n3 192 0.210 1
217 5 n2 n5 0 0.480 0
217 6 n2 n3 181 0.480 1
217 7 n1 n5 0 0.150 0
217 8 n1 n3 197 0.150 1
218 1 n3 n5 0 0.270 0
218 2 n3 n3 231 0.270 1
218 3 n5 n5 0 0.270 0
218 4 n5 n3 187 0.270 1
218 5 n2 n5 0 0.000 0
218 6 n2 n3 185 0.000 1
218 7 n1 n5 0 0.170 0
218 8 n1 n3 201 0.170 1
219 1 n3 n5 0 0.360 0
219 2 n3 n3 231 0.360 1
219 3 n5 n5 0 0.330 0
219 4 n5 n3 182 0.330 1
219 5 n2 n5 0 1.090 0
219 6 n2 n3 185 1.090 1
219 7 n1 n5 0 0.250 0
219 8 n1 n3 202 0.250 1
220 1 n3 n5 0 0.420 0
220 2 n3 n3 231 0.420 1
220 3 n5 n5 0 0.380 0
220 4 n5 n3 180 0.380 1
220 5 n2 n5 0 0.130 0
220 6 n2 n3 191 0.130 1
220 7 n1 n5 0 0.300 0
220 8 n1 n3 203 0.300 1
221 1 n3 n5 0 0.000 0
221 2 n3 n3 231 0.000 1
221 3 n5 n5 0 0.460 0
221 4 n5 n3 179 0.460 1
221 5 n2 n5 0 0.180 0
221 6 n2 n3 195 0.180 1
221 7 n1 n5 0 0.350 0
221 8 n1 n3 198 0.350 1
222 1 n3 n5 0 0.080 0
222 2 n3 n3 232 0.080 1
222 3 n5 n5 0 0.390 0
222 4 n5 n3 180 0.390 1
222 5 n2 n5 0 0.250 0
222 6 n2 n3 200 0.250 1
222 7 n1 n5 0 0.410 0
222 8 n1 n3 196 0.410 1
223 1 n3 n5 0 0.130 0
223 2 n3 n3 232 0.130 1
223 3 n5 n5 0 0.450 0
223 4 n5 n3 181 0.450 1
223 5 n2 n5 0 0.300 0
223 6 n2 n3 201 0.300 1
223 7 n1 n5 0 0.440 0
223 8 n1 n3 196 0.440 1
224 1 n3 n5 0 0.190 0
224 2 n3 n3 231 0.190 1
224 3 n5 n5 0 0.500 0
224 4 n5 n3 184 0.500 1
224 5 n2 n5 0 0.390 0
224 6 n2 n3 204 0.390 1
224 7 n1 n5 0 0.000 0
224 8 n1 n3 194 0.000 1
225 1 n3 n5 0 0.230 0
225 2 n3 n3 231 0.230 1
225 3 n5 n5 0 0.030 0
225 4 n5 n3 187 0.030 1
225 5 n2 n5 0 0.440 0
225 6 n2 n3 205 0.440 1
225 7 n1 n5 0 0.080 0
225 8 n1 n3 196 0.080 1
226 1 n3 n5 0 0.300 0
226 2 n3 n3 231 0.300 1
226 3 n5 n5 0 0.070 0
226 4 n5 n3 188 0.070 1
226 5 n2 n5 0 0.010 0
226 6 n2 n3 210 0.010 1
226 7 n1 n5 0 0.120 0
226 8 n1 n3 197 0.120 1
227 1 n3 n5 0 0.360 0
227 2 n3 n3 233 0.360 1
227 3 n5 n5 0 0.140 0
227 4 n5 n3 195 0.140 1
227 5 n2 n5 0 0.090 0
227 6 n2 n3 216 0.090 1
227 7 n1 n5 0 0.190 0
227 8 n1 n3 199 0.190 1
228 1 n3 n5 0 0.410 0
228 2 n3 n3 237 0.410 1
228 3 n5 n5 0 0.190 0
228 4 n5 n3 202 0.190 1
228 5 n2 n5 0 0.130 0
228 6 n2 n3 222 0.130 1
228 7 n1 n5 0 0.240 0
228 8 n1 n3 203 0.240 1
229 1 n3 n5 0 0.480 0
229 2 n3 n3 241 0.480 1
229 3 n5 n5 0 0.230 0
229 4 n5 n3 208 0.230 1
229 5 n2 n5 0 0.190 0
229 6 n2 n3 225 0.190 1
229 7 n1 n5 0 0.310 0
229 8 n1 n3 206 0.310 1
230 1 n3 n5 0 0.050 0
230 2 n3 n3 244 0.050 1
230 3 n5 n5 0 0.310 0
230 4 n5 n3 213 0.310 1
230 5 n2 n5 0 0.270 0
230 6 n2 n3 227 0.270 1
230 7 n1 n5 0 0.390 0
230 8 n1 n3 206 0.390 1
231 1 n3 n5 0 0.090 0
231 2 n3 n3 245 0.090 1
231 3 n5 n5 0 0.380 0
231 4 n5 n3 213 0.380 1
231 5 n2 n5 0 0.340 0
231 6 n2 n3 228 0.340 1
231 7 n1 n5 0 0.420 0
231 8 n1 n3 202 0.420 1
232 1 n3 n5 0 0.140 0
232 2 n3 n3 243 0.140 1
232 3 n5 n5 0 0.400 0
232 4 n5 n3 211 0.400 1
232 5 n2 n5 0 0.420 0
232 6 n2 n3 227 0.420 1
232 7 n1 n5 0 0.400 0
232 8 n1 n3 202 0.400 1
233 1 n3 n5 0 0.230 0
233 2 n3 n3 242 0.230 1
233 3 n5 n5 0 0.430 0
233 4 n5 n3 210 0.430 1
233 5 n2 n5 0 0.470 0
233 6 n2 n3 227 0.470 1
233 7 n1 n5 0 0.430 0
233 8 n1 n3 202 0.430 1
234 1 n3 n5 0 0.260 0
234 2 n3 n3 239 0.260 1
234 3 n5 n5 0 0.030 0
234 4 n5 n3 206 0.030 1
234 5 n2 n5 0 0.550 0
234 6 n2 n3 226 0.550 1
234 7 n1 n5 0 0.030 0
234 8 n1 n3 200 0.030 1
235 1 n3 n5 0 0.320 0
235 2 n3 n3 235 0.320 1
235 3 n5 n5 0 0.090 0
235 4 n5 n3 204 0.090 1
235 5 n2 n5 0 0.080 0
235 6 n2 n3 226 0.080 1
235 7 n1 n5 0 0.090 0
235 8 n1 n3 195 0.090 1
236 1 n3 n5 0 0.350 0
236 2 n3 n3 231 0.350 1
236 3 n5 n5 0 0.130 0
236 4 n5 n3 201 0.130 1
236 5 n2 n5 0 0.150 0
236 6 n2 n3 223 0.150 1
236 7 n1 n5 0 0.130 0
236 8 n1 n3 190 0.130 1
237 1 n3 n5 0 0.420 0
237 2 n3 n3 231 0.420 1
237 3 n5 n5 0 0.170 0
237 4 n5 n3 197 0.170 1
237 5 n2 n5 0 0.190 0
237 6 n2 n3 221 0.190 1
237 7 n1 n5 0 0.170 0
237 8 n1 n3 185 0.170 1
238 1 n3 n5 0 0.470 0
238 2 n3 n3 231 0.470 1
238 3 n5 n5 0 0.240 0
238 4 n5 n3 197 0.240 1
238 5 n2 n5 0 0.230 0
238 6 n2 n3 221 0.230 1
238 7 n1 n5 0 0.240 0
238 8 n1 n3 182 0.240 1
239 1 n3 n5 0 0.000 0
239 2 n3 n3 230 0.000 1
239 3 n5 n5 0 0.290 0
239 4 n5 n3 196 0.290 1
239 5 n2 n5 0 0.270 0
239 6 n2 n3 220 0.270 1
239 7 n1 n5 0 0.290 0
239 8 n1 n3 180 0.290 1
240 1 n3 n5 0 0.060 0
240 2 n3 n3 230 0.060 1
240 3 n5 n5 0 0.340 0
240 4 n5 n3 196 0.340 1
240 5 n2 n5 0 0.300 0
240 6 n2 n3 220 0.300 1
240 7 n1 n5 0 0.340 0
240 8 n1 n3 180 0.340 1
241 1 n3 n5 0 0.100 0
241 2 n3 n3 231 0.100 1
241 3 n5 n5 0 0.410 0
241 4 n5 n3 197 0.410 1
241 5 n2 n5 0 0.350 0
241 6 n2 n3 221 0.350 1
241 7 n1 n5 0 0.410 0
241 8 n1 n3 182 0.410 1
242 1 n3 n5 0 0.170 0
242 2 n3 n3 231 0.170 1
242 3 n5 n5 0 0.460 0
242 4 n5 n3 198 0.460 1
242 5 n2 n5 0 0.410 0
242 6 n2 n3 221 0.410 1
242 7 n1 n5 0 0.460 0
242 8 n1 n3 182 0.460 1
243 1 n3 n5 0 0.260 0
243 2 n3 n3 232 0.260 1
243 3 n5 n5 0 0.050 0
243 4 n5 n3 202 0.050 1
243 5 n2 n5 0 0.520 0
243 6 n2 n3 222 0.520 1
243 7 n1 n5 0 0.050 0
243 8 n1 n3 182 0.050 1
244 1 n3 n5 0 0.290 0
244 2 n3 n3 234 0.290 1
244 3 n5 n5 0 0.110 0
244 4 n5 n3 202 0.110 1
244 5 n2 n5 0 0.050 0
244 6 n2 n3 224 0.050 1
244 7 n1 n5 0 0.110 0
244 8 n1 n3 183 0.110 1
245 1 n3 n5 0 0.330 0
245 2 n3 n3 235 0.330 1
245 3 n5 n5 0 0.160 0
245 4 n5 n3 198 0.160 1
245 5 n2 n5 0 0.100 0
245 6 n2 n3 225 0.100 1
245 7 n1 n5 0 0.160 0
245 8 n1 n3 182 0.160 1
246 1 n3 n5 0 0.400 0
246 2 n3 n3 234 0.400 1
246 3 n5 n5 0 0.230 0
246 4 n5 n3 195 0.230 1
246 5 n2 n5 0 0.160 0
246 6 n2 n3 223 0.160 1
246 7 n1 n5 0 0.750 0
246 8 n1 n3 181 0.750 1
247 1 n3 n5 0 0.450 0
247 2 n3 n3 231 0.450 1
247 3 n5 n5 0 0.280 0
247 4 n5 n3 191 0.280 1
247 5 n2 n5 0 0.260 0
247 6 n2 n3 221 0.260 1
247 7 n1 n5 0 0.280 0
247 8 n1 n3 179 0.280 1
248 1 n3 n5 0 0.490 0
248 2 n3 n3 225 0.490 1
248 3 n5 n5 0 0.860 0
248 4 n5 n3 188 0.860 1
248 5 n2 n5 0 0.310 0
248 6 n2 n3 217 0.310 1
248 7 n1 n5 0 0.340 0
248 8 n1 n3 174 0.340 1
249 1 n3 n5 0 0.520 0
249 2 n3 n3 221 0.520 1
249 3 n5 n5 0 0.380 0
249 4 n5 n3 185 0.380 1
249 5 n2 n5 0 0.370 0
249 6 n2 n3 213 0.370 1
249 7 n1 n5 0 0.380 0
249 8 n1 n3 171 0.380 1
250 1 n3 n5 0 0.100 0
250 2 n3 n3 218 0.100 1
250 3 n5 n5 0 0.470 0
250 4 n5 n3 180 0.470 1
250 5 n2 n5 0 0.450 0
250 6 n2 n3 210 0.450 1
250 7 n1 n5 0 0.470 0
250 8 n1 n3 168 0.470 1
251 1 n3 n5 0 0.150 0
251 2 n3 n3 216 0.150 1
251 3 n5 n5 0 0.480 0
251 4 n5 n3 175 0.480 1
251 5 n2 n5 0 0.510 0
251 6 n2 n3 207 0.510 1
251 7 n1 n5 0 0.130 0
251 8 n1 n3 166 0.130 1
252 1 n3 n5 0 0.200 0
252 2 n3 n3 215 0.200 1
252 3 n5 n5 0 0.000 0
252 4 n5 n3 169 0.000 1
252 5 n2 n5 0 0.050 0
252 6 n2 n3 206 0.050 1
252 7 n1 n5 0 1.220 0
252 8 n1 n3 166 1.220 1
253 1 n3 n5 0 0.210 0
253 2 n3 n3 215 0.210 1
253 3 n5 n5 0 0.060 0
253 4 n5 n3 166 0.060 1
253 5 n2 n5 0 0.120 0
253 6 n2 n3 206 0.120 1
253 7 n1 n5 0 0.220 0
253 8 n1 n3 166 0.220 1
254 1 n3 n5 0 0.300 0
254 2 n3 n3 215 0.300 1
254 3 n5 n5 0 0.140 0
254 4 n5 n3 163 0.140 1
254 5 n2 n5 0 0.200 0
254 6 n2 n3 205 0.200 1
254 7 n1 n5 0 0.280 0
254 8 n1 n3 169 0.280 1
255 1 n3 n5 0 0.360 0
255 2 n3 n3 215 0.360 1
255 3 n5 n5 0 0.200 0
255 4 n5 n3 160 0.200 1
255 5 n2 n5 0 0.270 0
255 6 n2 n3 202 0.270 1
255 7 n1 n5 0 0.320 0
255 8 n1 n3 172 0.320 1
256 1 n3 n5 0 0.430 0
256 2 n3 n3 215 0.430 1
256 3 n5 n5 0 0.270 0
256 4 n5 n3 160 0.270 1
256 5 n2 n5 0 0.850 0
256 6 n2 n3 202 0.850 1
256 7 n1 n5 0 0.370 0
256 8 n1 n3 174 0.370 1
257 1 n3 n5 0 0.480 0
257 2 n3 n3 215 0.480 1
257 3 n5 n5 0 1.350 0
257 4 n5 n3 160 1.350 1
257 5 n2 n5 0 0.360 0
257 6 n2 n3 203 0.360 1
257 7 n1 n5 0 0.400 0
257 8 n1 n3 174 0.400 1
258 1 n3 n5 0 0.040 0
258 2 n3 n3 215 0.040 1
258 3 n5 n5 0 0.360 0
258 4 n5 n3 160 0.360 1
258 5 n2 n5 0 0.420 0
258 6 n2 n3 204 0.420 1
258 7 n1 n5 0 0.460 0
258 8 n1 n3 174 0.460 1
259 1 n3 n5 0 0.110 0
259 2 n3 n3 215 0.110 1
259 3 n5 n5 0 0.410 0
259 4 n5 n3 161 0.410 1
259 5 n2 n5 0 0.460 0
259 6 n2 n3 203 0.460 1
259 7 n1 n5 0 0.010 0
259 8 n1 n3 174 0.010 1
260 1 n3 n5 0 0.660 0
260 2 n3 n3 215 0.660 1
260 3 n5 n5 0 0.460 0
260 4 n5 n3 163 0.460 1
260 5 n2 n5 0 0.000 0
260 6 n2 n3 202 0.000 1
260 7 n1 n5 0 0.030 0
260 8 n1 n3 175 0.030 1
261 1 n3 n5 0 0.210 0
261 2 n3 n3 215 0.210 1
261 3 n5 n5 0 0.020 0
261 4 n5 n3 166 0.020 1
261 5 n2 n5 0 0.030 0
261 6 n2 n3 204 0.030 1
261 7 n1 n5 0 0.080 0
261 8 n1 n3 174 0.080 1
262 1 n3 n5 0 0.250 0
262 2 n3 n3 215 0.250 1
262 3 n5 n5 0 0.080 0
262 4 n5 n3 167 0.080 1
262 5 n2 n5 0 0.080 0
262 6 n2 n3 204 0.080 1
262 7 n1 n5 0 1.150 0
262 8 n1 n3 174 1.150 1
263 1 n3 n5 0 0.330 0
263 2 n3 n3 215 0.330 1
263 3 n5 n5 0 0.110 0
263 4 n5 n3 167 0.110 1
263 5 n2 n5 0 0.150 0
263 6 n2 n3 203 0.150 1
263 7 n1 n5 0 0.140 0
263 8 n1 n3 175 0.140 1
264 1 n3 n5 0 0.390 0
264 2 n3 n3 218 0.390 1
264 3 n5 n5 0 0.700 0
264 4 n5 n3 167 0.700 1
264 5 n2 n5 0 0.730 0
264 6 n2 n3 203 0.730 1
264 7 n1 n5 0 0.200 0
264 8 n1 n3 178 0.200 1
265 1 n3 n5 0 0.450 0
265 2 n3 n3 221 0.450 1
265 3 n5 n5 0 0.750 0
265 4 n5 n3 169 0.750 1
265 5 n2 n5 0 0.810 0
265 6 n2 n3 203 0.810 1
265 7 n1 n5 0 0.790 0
265 8 n1 n3 181 0.790 1
266 1 n3 n5 0 0.470 0
266 2 n3 n3 225 0.470 1
266 3 n5 n5 0 0.760 0
266 4 n5 n3 171 0.760 1
266 5 n2 n5 0 0.330 0
266 6 n2 n3 205 0.330 1
266 7 n1 n5 0 0.850 0
266 8 n1 n3 186 0.850 1
267 1 n3 n5 0 0.030 0
267 2 n3 n3 229 0.030 1
267 3 n5 n5 0 0.320 0
267 4 n5 n3 174 0.320 1
267 5 n2 n5 0 0.420 0
267 6 n2 n3 208 0.420 1
267 7 n1 n5 0 0.380 0
267 8 n1 n3 194 0.380 1
268 1 n3 n5 0 0.110 0
268 2 n3 n3 229 0.110 1
268 3 n5 n5 0 0.380 0
268 4 n5 n3 183 0.380 1
268 5 n2 n5 0 0.470 0
268 6 n2 n3 210 0.470 1
268 7 n1 n5 0 0.460 0
268 8 n1 n3 196 0.460 1
269 1 n3 n5 0 0.190 0
269 2 n3 n3 230 0.190 1
269 3 n5 n5 0 0.480 0
269 4 n5 n3 189 0.480 1
269 5 n2 n5 0 0.070 0
269 6 n2 n3 213 0.070 1
269 7 n1 n5 0 0.050 0
269 8 n1 n3 196 0.050 1
270 1 n3 n5 0 0.250 0
270 2 n3 n3 232 0.250 1
270 3 n5 n5 0 0.000 0
270 4 n5 n3 192 0.000 1
270 5 n2 n5 0 0.110 0
270 6 n2 n3 216 0.110 1
270 7 n1 n5 0 0.110 0
270 8 n1 n3 197 0.110 1
271 1 n3 n5 0 0.300 0
271 2 n3 n3 233 0.300 1
271 3 n5 n5 0 0.030 0
271 4 n5 n3 191 0.030 1
271 5 n2 n5 0 0.670 0
271 6 n2 n3 217 0.670 1
271 7 n1 n5 0 0.190 0
271 8 n1 n3 199 0.190 1
272 1 n3 n5 0 0.330 0
272 2 n3 n3 231 0.330 1
272 3 n5 n5 0 0.090 0
272 4 n5 n3 190 0.090 1
272 5 n2 n5 0 0.210 0
272 6 n2 n3 217 0.210 1
272 7 n1 n5 0 0.270 0
272 8 n1 n3 200 0.270 1
273 1 n3 n5 0 0.400 0
273 2 n3 n3 230 0.400 1
273 3 n5 n5 0 0.160 0
273 4 n5 n3 190 0.160 1
273 5 n2 n5 0 0.250 0
273 6 n2 n3 216 0.250 1
273 7 n1 n5 0 0.330 0
273 8 n1 n3 201 0.330 1
274 1 n3 n5 0 0.460 0
274 2 n3 n3 228 0.460 1
274 3 n5 n5 0 0.190 0
274 4 n5 n3 192 0.190 1
274 5 n2 n5 0 0.290 0
274 6 n2 n3 215 0.290 1
274 7 n1 n5 0 0.390 0
274 8 n1 n3 203 0.390 1
275 1 n3 n5 0 0.520 0
275 2 n3 n3 226 0.520 1
275 3 n5 n5 0 0.230 0
275 4 n5 n3 194 0.230 1
275 5 n2 n5 0 0.350 0
275 6 n2 n3 213 0.350 1
275 7 n1 n5 0 0.440 0
275 8 n1 n3 205 0.440 1
276 1 n3 n5 0 0.050 0
276 2 n3 n3 227 0.050 1
276 3 n5 n5 0 0.280 0
276 4 n5 n3 196 0.280 1
276 5 n2 n5 0 0.390 0
276 6 n2 n3 212 0.390 1
276 7 n1 n5 0 0.000 0
276 8 n1 n3 208 0.000 1
277 1 n3 n5 0 0.120 0
277 2 n3 n3 230 0.120 1
277 3 n5 n5 0 0.330 0
277 4 n5 n3 200 0.330 1
277 5 n2 n5 0 0.450 0
277 6 n2 n3 214 0.450 1
277 7 n1 n5 0 0.000 0
277 8 n1 n3 211 0.000 1
278 1 n3 n5 0 0.160 0
278 2 n3 n3 234 0.160 1
278 3 n5 n5 0 0.390 0
278 4 n5 n3 206 0.390 1
278 5 n2 n5 0 0.040 0
278 6 n2 n3 220 0.040 1
278 7 n1 n5 0 0.060 0
278 8 n1 n3 216 0.060 1
279 1 n3 n5 0 0.210 0
279 2 n3 n3 237 0.210 1
279 3 n5 n5 0 0.960 0
279 4 n5 n3 208 0.960 1
279 5 n2 n5 0 0.090 0
279 6 n2 n3 222 0.090 1
279 7 n1 n5 0 0.140 0
279 8 n1 n3 219 0.140 1
280 1 n3 n5 0 0.300 0
280 2 n3 n3 238 0.300 1
280 3 n5 n5 0 0.010 0
280 4 n5 n3 210 0.010 1
280 5 n2 n5 0 0.140 0
280 6 n2 n3 222 0.140 1
280 7 n1 n5 0 0.200 0
280 8 n1 n3 220 0.200 1
281 1 n3 n5 0 0.360 0
281 2 n3 n3 240 0.360 1
281 3 n5 n5 0 0.040 0
281 4 n5 n3 212 0.040 1
281 5 n2 n5 0 0.220 0
281 6 n2 n3 221 0.220 1
281 7 n1 n5 0 0.260 0
281 8 n1 n3 222 0.260 1
282 1 n3 n5 0 0.400 0
282 2 n3 n3 241 0.400 1
282 3 n5 n5 0 0.600 0
282 4 n5 n3 214 0.600 1
282 5 n2 n5 0 0.270 0
282 6 n2 n3 221 0.270 1
282 7 n1 n5 0 0.320 0
282 8 n1 n3 224 0.320 1
283 1 n3 n5 0 0.450 0
283 2 n3 n3 239 0.450 1
283 3 n5 n5 0 0.150 0
283 4 n5 n3 215 0.150 1
283 5 n2 n5 0 0.360 0
283 6 n2 n3 220 0.360 1
283 7 n1 n5 0 0.870 0
283 8 n1 n3 225 0.870 1
284 1 n3 n5 0 0.480 0
284 2 n3 n3 238 0.480 1
284 3 n5 n5 0 0.180 0
284 4 n5 n3 217 0.180 1
284 5 n2 n5 0 0.430 0
284 6 n2 n3 221 0.430 1
284 7 n1 n5 0 0.410 0
284 8 n1 n3 224 0.410 1
285 1 n3 n5 0 0.500 0
285 2 n3 n3 238 0.500 1
285 3 n5 n5 0 0.220 0
285 4 n5 n3 220 0.220 1
285 5 n2 n5 0 0.480 0
285 6 n2 n3 223 0.480 1
285 7 n1 n5 0 0.470 0
285 8 n1 n3 226 0.470 1
286 1 n3 n5 0 0.010 0
286 2 n3 n3 238 0.010 1
286 3 n5 n5 0 0.290 0
286 4 n5 n3 223 0.290 1
286 5 n2 n5 0 0.040 0
286 6 n2 n3 224 0.040 1
286 7 n1 n5 0 0.550 0
286 8 n1 n3 228 0.550 1
287 1 n3 n5 0 0.060 0
287 2 n3 n3 238 0.060 1
287 3 n5 n5 0 0.340 0
287 4 n5 n3 220 0.340 1
287 5 n2 n5 0 0.100 0
287 6 n2 n3 224 0.100 1
287 7 n1 n5 0 0.070 0
287 8 n1 n3 228 0.070 1
288 1 n3 n5 0 0.100 0
288 2 n3 n3 238 0.100 1
288 3 n5 n5 0 0.380 0
288 4 n5 n3 219 0.380 1
288 5 n2 n5 0 0.180 0
288 6 n2 n3 224 0.180 1
288 7 n1 n5 0 0.160 0
288 8 n1 n3 227 0.160 1
289 1 n3 n5 0 0.140 0
289 2 n3 n3 238 0.140 1
289 3 n5 n5 0 0.440 0
289 4 n5 n3 220 0.440 1
289 5 n2 n5 0 0.270 0
289 6 n2 n3 223 0.270 1
289 7 n1 n5 0 0.230 0
289 8 n1 n3 227 0.230 1
290 1 n3 n5 0 0.210 0
290 2 n3 n3 238 0.210 1
290 3 n5 n5 0 0.470 0
290 4 n5 n3 222 0.470 1
290 5 n2 n5 0 0.290 0
290 6 n2 n3 220 0.290 1
290 7 n1 n5 0 0.270 0
290 8 n1 n3 226 0.270 1
291 1 n3 n5 0 0.260 0
291 2 n3 n3 237 0.260 1
291 3 n5 n5 0 0.580 0
291 4 n5 n3 221 0.580 1
291 5 n2 n5 0 0.380 0
291 6 n2 n3 218 0.380 1
291 7 n1 n5 0 0.370 0
291 8 n1 n3 226 0.370 1
292 1 n3 n5 0 0.320 0
292 2 n3 n3 238 0.320 1
292 3 n5 n5 0 0.100 0
292 4 n5 n3 220 0.100 1
292 5 n2 n5 0 0.410 0
292 6 n2 n3 218 0.410 1
292 7 n1 n5 0 0.410 0
292 8 n1 n3 227 0.410 1
293 1 n3 n5 0 0.360 0
293 2 n3 n3 239 0.360 1
293 3 n5 n5 0 0.640 0
293 4 n5 n3 220 0.640 1
293 5 n2 n5 0 0.450 0
293 6 n2 n3 219 0.450 1
293 7 n1 n5 0 0.440 0
293 8 n1 n3 228 0.440 1
294 1 n3 n5 0 0.420 0
294 2 n3 n3 240 0.420 1
294 3 n5 n5 0 0.160 0
294 4 n5 n3 222 0.160 1
294 5 n2 n5 0 0.020 0
294 6 n2 n3 222 0.020 1
294 7 n1 n5 0 0.000 0
294 8 n1 n3 229 0.000 1
295 1 n3 n5 0 0.460 0
295 2 n3 n3 241 0.460 1
295 3 n5 n5 0 1.240 0
295 4 n5 n3 222 1.240 1
295 5 n2 n5 0 0.070 0
295 6 n2 n3 224 0.070 1
295 7 n1 n5 0 0.050 0
295 8 n1 n3 227 0.050 1
296 1 n3 n5 0 0.010 0
296 2 n3 n3 240 0.010 1
296 3 n5 n5 0 0.270 0
296 4 n5 n3 218 0.270 1
296 5 n2 n5 0 0.140 0
296 6 n2 n3 224 0.140 1
296 7 n1 n5 0 0.130 0
296 8 n1 n3 223 0.130 1
297 1 n3 n5 0 0.070 0
297 2 n3 n3 239 0.070 1
297 3 n5 n5 0 0.320 0
297 4 n5 n3 214 0.320 1
297 5 n2 n5 0 0.220 0
297 6 n2 n3 224 0.220 1
297 7 n1 n5 0 0.180 0
297 8 n1 n3 219 0.180 1
298 1 n3 n5 0 0.120 0
298 2 n3 n3 239 0.120 1
298 3 n5 n5 0 0.380 0
298 4 n5 n3 212 0.380 1
298 5 n2 n5 0 0.240 0
298 6 n2 n3 222 0.240 1
298 7 n1 n5 0 0.230 0
298 8 n1 n3 219 0.230 1
299 1 n3 n5 0 0.180 0
299 2 n3 n3 237 0.180 1
299 3 n5 n5 0 0.440 0
299 4 n5 n3 212 0.440 1
299 5 n2 n5 0 0.290 0
299 6 n2 n3 220 0.290 1
299 7 n1 n5 0 0.310 0
299 8 n1 n3 219 0.310 1
300 1 n3 n5 0 0.270 0
300 2 n3 n3 235 0.270 1
300 3 n5 n5 0 0.490 0
300 4 n5 n3 210 0.490 1
300 5 n2 n5 0 0.360 0
300 6 n2 n3 220 0.360 1
300 7 n1 n5 0 0.390 0
300 8 n1 n3 215 0.390 1
