PING N2 (00:00:0c:18:11:02) 116(144) bytes of data
116 bytes from N2 icmp_seq=1 ttl=50 time=110.02 ms
RR: 	N5
	N2
	N2
	N5

116 bytes from N2 icmp_seq=2 ttl=50 time=1.18 ms	(same route)
116 bytes from N2 icmp_seq=3 ttl=50 time=4.73 ms	(same route)
116 bytes from N2 icmp_seq=4 ttl=50 time=1.15 ms	(same route)
116 bytes from N2 icmp_seq=5 ttl=50 time=1.14 ms	(same route)
116 bytes from N2 icmp_seq=6 ttl=50 time=1.13 ms	(same route)
116 bytes from N2 icmp_seq=7 ttl=50 time=1.11 ms	(same route)
116 bytes from N2 icmp_seq=8 ttl=50 time=1.11 ms	(same route)
116 bytes from N2 icmp_seq=9 ttl=50 time=10.26 ms	(same route)
116 bytes from N2 icmp_seq=10 ttl=50 time=1.22 ms	(same route)
116 bytes from N2 icmp_seq=11 ttl=50 time=1.15 ms	(same route)
116 bytes from N2 icmp_seq=12 ttl=50 time=3.18 ms	(same route)
116 bytes from N2 icmp_seq=13 ttl=50 time=10.62 ms	(same route)
116 bytes from N2 icmp_seq=14 ttl=50 time=1.11 ms	(same route)
116 bytes from N2 icmp_seq=15 ttl=50 time=1.22 ms	(same route)
116 bytes from N2 icmp_seq=16 ttl=50 time=1.21 ms	(same route)
116 bytes from N2 icmp_seq=17 ttl=50 time=1.13 ms	(same route)
116 bytes from N2 icmp_seq=18 ttl=50 time=1.12 ms	(same route)
116 bytes from N2 icmp_seq=19 ttl=50 time=1.10 ms	(same route)
116 bytes from N2 icmp_seq=20 ttl=50 time=1.12 ms	(same route)
116 bytes from N2 icmp_seq=21 ttl=50 time=1.25 ms	(same route)
116 bytes from N2 icmp_seq=22 ttl=50 time=1.12 ms	(same route)
116 bytes from N2 icmp_seq=23 ttl=50 time=1.13 ms	(same route)
116 bytes from N2 icmp_seq=24 ttl=50 time=1.14 ms	(same route)
116 bytes from N2 icmp_seq=25 ttl=50 time=2.78 ms	(same route)
116 bytes from N2 icmp_seq=26 ttl=50 time=1.24 ms	(same route)
116 bytes from N2 icmp_seq=27 ttl=50 time=1.11 ms	(same route)
116 bytes from N2 icmp_seq=28 ttl=50 time=4.16 ms	(same route)
116 bytes from N2 icmp_seq=29 ttl=50 time=3.58 ms	(same route)
116 bytes from N2 icmp_seq=30 ttl=50 time=1.29 ms	(same route)
116 bytes from N2 icmp_seq=31 ttl=50 time=2.19 ms	(same route)
116 bytes from N2 icmp_seq=32 ttl=50 time=1.43 ms	(same route)
116 bytes from N2 icmp_seq=33 ttl=50 time=1.12 ms	(same route)
116 bytes from N2 icmp_seq=34 ttl=50 time=1.14 ms	(same route)
116 bytes from N2 icmp_seq=35 ttl=50 time=1.12 ms	(same route)
116 bytes from N2 icmp_seq=36 ttl=50 time=3.14 ms	(same route)
116 bytes from N2 icmp_seq=37 ttl=50 time=1.71 ms	(same route)
116 bytes from N2 icmp_seq=38 ttl=50 time=1.09 ms	(same route)
116 bytes from N2 icmp_seq=39 ttl=50 time=1.45 ms	(same route)
116 bytes from N2 icmp_seq=40 ttl=50 time=1.13 ms	(same route)
116 bytes from N2 icmp_seq=41 ttl=50 time=14.74 ms	(same route)
116 bytes from N2 icmp_seq=42 ttl=50 time=8.33 ms	(same route)
116 bytes from N2 icmp_seq=43 ttl=50 time=1.13 ms	(same route)
116 bytes from N2 icmp_seq=44 ttl=50 time=7.64 ms	(same route)
116 bytes from N2 icmp_seq=45 ttl=50 time=6.31 ms	(same route)
116 bytes from N2 icmp_seq=46 ttl=50 time=7.20 ms	(same route)
116 bytes from N2 icmp_seq=47 ttl=50 time=52.09 ms	(same route)
116 bytes from N2 icmp_seq=48 ttl=50 time=1.11 ms	(same route)
116 bytes from N2 icmp_seq=49 ttl=50 time=10.78 ms	(same route)
116 bytes from N2 icmp_seq=50 ttl=50 time=4.09 ms	(same route)
116 bytes from N2 icmp_seq=51 ttl=50 time=1.18 ms	(same route)
116 bytes from N2 icmp_seq=52 ttl=50 time=1.10 ms	(same route)
116 bytes from N2 icmp_seq=53 ttl=50 time=2.78 ms	(same route)
116 bytes from N2 icmp_seq=54 ttl=50 time=3.90 ms	(same route)
116 bytes from N2 icmp_seq=55 ttl=50 time=1.09 ms	(same route)
116 bytes from N2 icmp_seq=56 ttl=50 time=34.71 ms	(same route)
116 bytes from N2 icmp_seq=57 ttl=50 time=1.11 ms	(same route)
116 bytes from N2 icmp_seq=58 ttl=50 time=1.14 ms	(same route)
116 bytes from N2 icmp_seq=59 ttl=50 time=69.85 ms	(same route)
116 bytes from N2 icmp_seq=60 ttl=50 time=1.12 ms	(same route)
116 bytes from N2 icmp_seq=61 ttl=50 time=1.07 ms	(same route)
116 bytes from N2 icmp_seq=62 ttl=50 time=3.51 ms	(same route)
116 bytes from N2 icmp_seq=63 ttl=50 time=1.14 ms	(same route)
116 bytes from N2 icmp_seq=64 ttl=50 time=1.11 ms	(same route)
116 bytes from N2 icmp_seq=65 ttl=50 time=6.61 ms	(same route)
116 bytes from N2 icmp_seq=66 ttl=50 time=89.36 ms	(same route)
116 bytes from N2 icmp_seq=67 ttl=50 time=97.07 ms	(same route)
116 bytes from N2 icmp_seq=68 ttl=50 time=4.36 ms	(same route)
116 bytes from N2 icmp_seq=69 ttl=50 time=1.13 ms	(same route)
116 bytes from N2 icmp_seq=70 ttl=50 time=1.25 ms	(same route)
116 bytes from N2 icmp_seq=71 ttl=50 time=1.26 ms	(same route)
116 bytes from N2 icmp_seq=72 ttl=50 time=5.67 ms	(same route)
116 bytes from N2 icmp_seq=73 ttl=50 time=5.36 ms	(same route)
116 bytes from N2 icmp_seq=74 ttl=50 time=1.19 ms	(same route)
116 bytes from N2 icmp_seq=75 ttl=50 time=1.11 ms	(same route)
116 bytes from N2 icmp_seq=76 ttl=50 time=1.13 ms	(same route)
116 bytes from N2 icmp_seq=77 ttl=50 time=2.48 ms	(same route)
116 bytes from N2 icmp_seq=78 ttl=50 time=1.11 ms	(same route)
116 bytes from N2 icmp_seq=79 ttl=50 time=1.11 ms	(same route)
116 bytes from N2 icmp_seq=80 ttl=50 time=4.14 ms	(same route)
116 bytes from N2 icmp_seq=81 ttl=50 time=1.13 ms	(same route)
116 bytes from N2 icmp_seq=82 ttl=50 time=0.92 ms	(same route)
116 bytes from N2 icmp_seq=83 ttl=50 time=1.85 ms	(same route)
116 bytes from N2 icmp_seq=84 ttl=50 time=1.28 ms	(same route)
116 bytes from N2 icmp_seq=85 ttl=50 time=6.77 ms	(same route)
116 bytes from N2 icmp_seq=86 ttl=50 time=18.65 ms	(same route)
116 bytes from N2 icmp_seq=87 ttl=50 time=5.05 ms	(same route)
116 bytes from N2 icmp_seq=88 ttl=50 time=5.72 ms	(same route)
116 bytes from N2 icmp_seq=89 ttl=50 time=1.10 ms	(same route)
116 bytes from N2 icmp_seq=90 ttl=50 time=1.15 ms	(same route)
116 bytes from N2 icmp_seq=91 ttl=50 time=1.25 ms	(same route)
116 bytes from N2 icmp_seq=92 ttl=50 time=1.92 ms	(same route)
116 bytes from N2 icmp_seq=93 ttl=50 time=1.23 ms	(same route)
116 bytes from N2 icmp_seq=94 ttl=50 time=1.15 ms	(same route)
116 bytes from N2 icmp_seq=95 ttl=50 time=3.87 ms	(same route)
116 bytes from N2 icmp_seq=96 ttl=50 time=1.22 ms	(same route)
116 bytes from N2 icmp_seq=97 ttl=50 time=2.49 ms	(same route)
116 bytes from N2 icmp_seq=98 ttl=50 time=2.66 ms	(same route)
116 bytes from N2 icmp_seq=99 ttl=50 time=9.74 ms	(same route)
116 bytes from N2 icmp_seq=100 ttl=50 time=1.36 ms	(same route)
116 bytes from N2 icmp_seq=101 ttl=50 time=2.39 ms	(same route)
116 bytes from N2 icmp_seq=102 ttl=50 time=4.03 ms	(same route)
116 bytes from N2 icmp_seq=103 ttl=50 time=2.70 ms	(same route)
116 bytes from N2 icmp_seq=104 ttl=50 time=13.18 ms	(same route)
116 bytes from N2 icmp_seq=105 ttl=50 time=81.50 ms	(same route)
116 bytes from N2 icmp_seq=106 ttl=50 time=1.09 ms	(same route)
116 bytes from N2 icmp_seq=107 ttl=50 time=19.39 ms	(same route)
116 bytes from N2 icmp_seq=108 ttl=50 time=3.61 ms	(same route)
116 bytes from N2 icmp_seq=109 ttl=50 time=9.74 ms	(same route)
116 bytes from N2 icmp_seq=110 ttl=50 time=3.98 ms	(same route)
116 bytes from N2 icmp_seq=111 ttl=50 time=3.72 ms	(same route)
116 bytes from N2 icmp_seq=112 ttl=50 time=3.71 ms	(same route)
116 bytes from N2 icmp_seq=113 ttl=50 time=1.12 ms	(same route)
116 bytes from N2 icmp_seq=114 ttl=50 time=8.58 ms	(same route)
116 bytes from N2 icmp_seq=115 ttl=50 time=5.05 ms	(same route)
116 bytes from N2 icmp_seq=116 ttl=50 time=3.61 ms	(same route)
116 bytes from N2 icmp_seq=117 ttl=50 time=0.05 ms	(same route)
116 bytes from N2 icmp_seq=118 ttl=50 time=8.80 ms	(same route)
116 bytes from N2 icmp_seq=119 ttl=50 time=1.41 ms	(same route)
116 bytes from N2 icmp_seq=120 ttl=50 time=4.49 ms	(same route)
116 bytes from N2 icmp_seq=121 ttl=50 time=1.28 ms	(same route)
116 bytes from N2 icmp_seq=122 ttl=50 time=63.62 ms	(same route)
116 bytes from N2 icmp_seq=123 ttl=50 time=2.44 ms	(same route)
116 bytes from N2 icmp_seq=124 ttl=50 time=11.85 ms	(same route)
116 bytes from N2 icmp_seq=125 ttl=50 time=1.28 ms	(same route)
116 bytes from N2 icmp_seq=126 ttl=50 time=7.23 ms	(same route)
116 bytes from N2 icmp_seq=127 ttl=50 time=2.25 ms	(same route)
116 bytes from N2 icmp_seq=128 ttl=50 time=1.11 ms	(same route)
116 bytes from N2 icmp_seq=129 ttl=50 time=17.97 ms	(same route)
116 bytes from N2 icmp_seq=130 ttl=50 time=309.35 ms	(same route)
116 bytes from N2 icmp_seq=131 ttl=50 time=32.91 ms	(same route)
116 bytes from N2 icmp_seq=132 ttl=50 time=1.09 ms	(same route)
116 bytes from N2 icmp_seq=133 ttl=50 time=1.18 ms	(same route)
116 bytes from N2 icmp_seq=134 ttl=50 time=33.75 ms	(same route)
116 bytes from N2 icmp_seq=135 ttl=50 time=1.20 ms	(same route)
116 bytes from N2 icmp_seq=136 ttl=50 time=175.95 ms	(same route)
116 bytes from N2 icmp_seq=137 ttl=50 time=2.33 ms	(same route)
116 bytes from N2 icmp_seq=138 ttl=50 time=5.21 ms	(same route)
116 bytes from N2 icmp_seq=139 ttl=50 time=1.05 ms	(same route)
116 bytes from N2 icmp_seq=140 ttl=50 time=35.19 ms	(same route)
116 bytes from N2 icmp_seq=141 ttl=50 time=14.20 ms	(same route)
116 bytes from N2 icmp_seq=142 ttl=50 time=13.29 ms	(same route)
116 bytes from N2 icmp_seq=143 ttl=50 time=10.77 ms	(same route)
116 bytes from N2 icmp_seq=144 ttl=50 time=293.90 ms	(same route)
116 bytes from N2 icmp_seq=145 ttl=50 time=0.64 ms	(same route)
116 bytes from N2 icmp_seq=146 ttl=50 time=2.31 ms	(same route)
116 bytes from N2 icmp_seq=147 ttl=50 time=25.30 ms	(same route)
116 bytes from N2 icmp_seq=148 ttl=50 time=27.67 ms	(same route)
116 bytes from N2 icmp_seq=149 ttl=50 time=2.53 ms	(same route)
116 bytes from N2 icmp_seq=150 ttl=50 time=6.48 ms	(same route)
116 bytes from N2 icmp_seq=151 ttl=50 time=1.12 ms	(same route)
116 bytes from N2 icmp_seq=152 ttl=50 time=3.44 ms	(same route)
116 bytes from N2 icmp_seq=153 ttl=50 time=5.69 ms	(same route)
116 bytes from N2 icmp_seq=154 ttl=50 time=1.12 ms	(same route)
116 bytes from N2 icmp_seq=155 ttl=50 time=9.32 ms	(same route)
116 bytes from N2 icmp_seq=156 ttl=50 time=1.12 ms	(same route)
116 bytes from N2 icmp_seq=157 ttl=50 time=7.14 ms	(same route)
116 bytes from N2 icmp_seq=158 ttl=50 time=2.15 ms	(same route)
116 bytes from N2 icmp_seq=159 ttl=50 time=18.37 ms	(same route)
116 bytes from N2 icmp_seq=160 ttl=50 time=5.79 ms	(same route)
116 bytes from N2 icmp_seq=161 ttl=50 time=1.11 ms	(same route)
116 bytes from N2 icmp_seq=162 ttl=50 time=9.84 ms	(same route)
116 bytes from N2 icmp_seq=163 ttl=50 time=1.89 ms	(same route)
116 bytes from N2 icmp_seq=164 ttl=50 time=1.06 ms	(same route)
116 bytes from N2 icmp_seq=165 ttl=50 time=2.07 ms	(same route)
116 bytes from N2 icmp_seq=166 ttl=50 time=2.55 ms	(same route)
116 bytes from N2 icmp_seq=167 ttl=50 time=9.57 ms	(same route)
116 bytes from N2 icmp_seq=168 ttl=50 time=1.10 ms	(same route)
116 bytes from N2 icmp_seq=169 ttl=50 time=3.06 ms	(same route)
116 bytes from N2 icmp_seq=170 ttl=50 time=1.05 ms	(same route)
116 bytes from N2 icmp_seq=171 ttl=50 time=1.10 ms	(same route)
116 bytes from N2 icmp_seq=172 ttl=50 time=11.21 ms	(same route)
116 bytes from N2 icmp_seq=173 ttl=50 time=9.92 ms	(same route)
116 bytes from N2 icmp_seq=174 ttl=50 time=30.96 ms	(same route)
116 bytes from N2 icmp_seq=175 ttl=50 time=8.04 ms	(same route)
116 bytes from N2 icmp_seq=176 ttl=50 time=3.13 ms	(same route)
116 bytes from N2 icmp_seq=177 ttl=50 time=171.37 ms	(same route)
116 bytes from N2 icmp_seq=178 ttl=50 time=2.79 ms	(same route)
116 bytes from N2 icmp_seq=179 ttl=50 time=352.61 ms	(same route)
116 bytes from N2 icmp_seq=180 ttl=50 time=2.22 ms	(same route)
116 bytes from N2 icmp_seq=181 ttl=50 time=53.75 ms	(same route)
116 bytes from N2 icmp_seq=182 ttl=50 time=8.69 ms	(same route)
116 bytes from N2 icmp_seq=183 ttl=50 time=1.24 ms	(same route)
116 bytes from N2 icmp_seq=184 ttl=50 time=1.08 ms	(same route)
116 bytes from N2 icmp_seq=185 ttl=50 time=1.13 ms	(same route)
116 bytes from N2 icmp_seq=186 ttl=50 time=3.07 ms	(same route)
116 bytes from N2 icmp_seq=187 ttl=50 time=2.59 ms	(same route)
116 bytes from N2 icmp_seq=188 ttl=50 time=1.15 ms	(same route)
116 bytes from N2 icmp_seq=189 ttl=50 time=1.07 ms	(same route)
116 bytes from N2 icmp_seq=190 ttl=50 time=124.19 ms	(same route)
116 bytes from N2 icmp_seq=191 ttl=50 time=2.22 ms	(same route)
116 bytes from N2 icmp_seq=192 ttl=50 time=1.31 ms	(same route)
116 bytes from N2 icmp_seq=193 ttl=50 time=26.27 ms	(same route)
116 bytes from N2 icmp_seq=194 ttl=50 time=8.65 ms	(same route)
116 bytes from N2 icmp_seq=195 ttl=50 time=7.69 ms	(same route)
116 bytes from N2 icmp_seq=196 ttl=50 time=700.43 ms	(same route)
116 bytes from N2 icmp_seq=197 ttl=50 time=0.06 ms	(same route)
116 bytes from N2 icmp_seq=198 ttl=50 time=1.06 ms	(same route)
116 bytes from N2 icmp_seq=199 ttl=50 time=4.18 ms	(same route)
116 bytes from N2 icmp_seq=200 ttl=50 time=3.06 ms	(same route)
116 bytes from N2 icmp_seq=201 ttl=50 time=9.63 ms	(same route)
116 bytes from N2 icmp_seq=202 ttl=50 time=5.23 ms	(same route)
116 bytes from N2 icmp_seq=203 ttl=50 time=1.29 ms	(same route)
116 bytes from N2 icmp_seq=204 ttl=50 time=1.06 ms	(same route)
116 bytes from N2 icmp_seq=205 ttl=50 time=4.97 ms	(same route)
116 bytes from N2 icmp_seq=206 ttl=50 time=4.90 ms	(same route)
116 bytes from N2 icmp_seq=207 ttl=50 time=1.82 ms	(same route)
116 bytes from N2 icmp_seq=208 ttl=50 time=11.97 ms	(same route)
116 bytes from N2 icmp_seq=209 ttl=50 time=1.08 ms	(same route)
116 bytes from N2 icmp_seq=210 ttl=50 time=23.12 ms	(same route)
116 bytes from N2 icmp_seq=211 ttl=50 time=4.95 ms	(same route)
116 bytes from N2 icmp_seq=212 ttl=50 time=9.71 ms	(same route)
116 bytes from N2 icmp_seq=213 ttl=50 time=31.29 ms	(same route)
116 bytes from N2 icmp_seq=214 ttl=50 time=1.09 ms	(same route)
116 bytes from N2 icmp_seq=215 ttl=50 time=3.53 ms	(same route)
116 bytes from N2 icmp_seq=216 ttl=50 time=8.10 ms	(same route)
116 bytes from N2 icmp_seq=217 ttl=50 time=9.59 ms	(same route)
116 bytes from N2 icmp_seq=218 ttl=50 time=1.09 ms	(same route)
116 bytes from N2 icmp_seq=219 ttl=50 time=70.38 ms	(same route)
116 bytes from N2 icmp_seq=220 ttl=50 time=805.07 ms	(same route)
116 bytes from N2 icmp_seq=221 ttl=50 time=384.65 ms	(same route)
116 bytes from N2 icmp_seq=222 ttl=50 time=198.30 ms	(same route)
116 bytes from N2 icmp_seq=223 ttl=50 time=698.50 ms	(same route)
116 bytes from N2 icmp_seq=224 ttl=50 time=1.13 ms	(same route)
116 bytes from N2 icmp_seq=225 ttl=50 time=1.09 ms	(same route)
116 bytes from N2 icmp_seq=226 ttl=50 time=6.11 ms	(same route)
116 bytes from N2 icmp_seq=227 ttl=50 time=1.12 ms	(same route)
116 bytes from N2 icmp_seq=228 ttl=50 time=1.81 ms	(same route)
116 bytes from N2 icmp_seq=229 ttl=50 time=8.57 ms	(same route)
116 bytes from N2 icmp_seq=230 ttl=50 time=2.58 ms	(same route)
116 bytes from N2 icmp_seq=231 ttl=50 time=2.85 ms	(same route)
116 bytes from N2 icmp_seq=232 ttl=50 time=1.13 ms	(same route)
116 bytes from N2 icmp_seq=233 ttl=50 time=5.68 ms	(same route)
116 bytes from N2 icmp_seq=234 ttl=50 time=4.87 ms	(same route)
116 bytes from N2 icmp_seq=235 ttl=50 time=1.08 ms	(same route)
116 bytes from N2 icmp_seq=236 ttl=50 time=3.88 ms	(same route)
116 bytes from N2 icmp_seq=237 ttl=50 time=1.10 ms	(same route)
116 bytes from N2 icmp_seq=238 ttl=50 time=2.97 ms	(same route)
116 bytes from N2 icmp_seq=239 ttl=50 time=1.07 ms	(same route)
116 bytes from N2 icmp_seq=240 ttl=50 time=8.44 ms	(same route)
116 bytes from N2 icmp_seq=241 ttl=50 time=1.24 ms	(same route)
116 bytes from N2 icmp_seq=242 ttl=50 time=14.25 ms	(same route)
116 bytes from N2 icmp_seq=243 ttl=50 time=3.83 ms	(same route)
116 bytes from N2 icmp_seq=244 ttl=50 time=1.20 ms	(same route)
116 bytes from N2 icmp_seq=245 ttl=50 time=1.10 ms	(same route)
116 bytes from N2 icmp_seq=246 ttl=50 time=1.21 ms	(same route)
116 bytes from N2 icmp_seq=247 ttl=50 time=5.59 ms	(same route)
116 bytes from N2 icmp_seq=248 ttl=50 time=3.40 ms	(same route)
116 bytes from N2 icmp_seq=249 ttl=50 time=37.01 ms	(same route)
116 bytes from N2 icmp_seq=250 ttl=50 time=14.22 ms	(same route)
116 bytes from N2 icmp_seq=251 ttl=50 time=2.69 ms	(same route)
116 bytes from N2 icmp_seq=252 ttl=50 time=1.09 ms	(same route)
116 bytes from N2 icmp_seq=253 ttl=50 time=9.01 ms	(same route)
116 bytes from N2 icmp_seq=254 ttl=50 time=4.07 ms	(same route)
116 bytes from N2 icmp_seq=255 ttl=50 time=1.06 ms	(same route)
116 bytes from N2 icmp_seq=256 ttl=50 time=4.02 ms	(same route)
116 bytes from N2 icmp_seq=257 ttl=50 time=16.00 ms	(same route)
116 bytes from N2 icmp_seq=258 ttl=50 time=3.97 ms	(same route)
116 bytes from N2 icmp_seq=259 ttl=50 time=34.55 ms	(same route)
116 bytes from N2 icmp_seq=260 ttl=50 time=11.62 ms	(same route)
116 bytes from N2 icmp_seq=261 ttl=50 time=7.10 ms	(same route)
116 bytes from N2 icmp_seq=262 ttl=50 time=43.57 ms	(same route)
116 bytes from N2 icmp_seq=263 ttl=50 time=21.58 ms	(same route)
116 bytes from N2 icmp_seq=264 ttl=50 time=28.04 ms	(same route)
116 bytes from N2 icmp_seq=265 ttl=50 time=18.04 ms	(same route)
116 bytes from N2 icmp_seq=266 ttl=50 time=71.34 ms	(same route)
116 bytes from N2 icmp_seq=267 ttl=50 time=5.80 ms	(same route)
116 bytes from N2 icmp_seq=268 ttl=50 time=2.88 ms	(same route)
116 bytes from N2 icmp_seq=269 ttl=50 time=1.23 ms	(same route)
116 bytes from N2 icmp_seq=270 ttl=50 time=1.11 ms	(same route)
116 bytes from N2 icmp_seq=271 ttl=50 time=1.30 ms	(same route)
116 bytes from N2 icmp_seq=272 ttl=50 time=192.41 ms	(same route)
116 bytes from N2 icmp_seq=273 ttl=50 time=1.12 ms	(same route)
116 bytes from N2 icmp_seq=274 ttl=50 time=7.27 ms	(same route)
116 bytes from N2 icmp_seq=275 ttl=50 time=5.68 ms	(same route)
116 bytes from N2 icmp_seq=276 ttl=50 time=1.17 ms	(same route)
116 bytes from N2 icmp_seq=277 ttl=50 time=201.97 ms	(same route)
Reply from host N2 timed out
116 bytes from N2 icmp_seq=279 ttl=50 time=46.69 ms	(same route)
116 bytes from N2 icmp_seq=280 ttl=50 time=120.80 ms	(same route)
116 bytes from N2 icmp_seq=281 ttl=50 time=330.94 ms	(same route)
116 bytes from N2 icmp_seq=282 ttl=50 time=849.68 ms	(same route)
116 bytes from N2 icmp_seq=283 ttl=50 time=1.10 ms	(same route)
116 bytes from N2 icmp_seq=284 ttl=50 time=4.13 ms	(same route)
116 bytes from N2 icmp_seq=285 ttl=50 time=1.25 ms	(same route)
116 bytes from N2 icmp_seq=286 ttl=50 time=1.09 ms	(same route)
116 bytes from N2 icmp_seq=287 ttl=50 time=137.32 ms	(same route)
116 bytes from N2 icmp_seq=288 ttl=50 time=62.40 ms	(same route)
116 bytes from N2 icmp_seq=289 ttl=50 time=5.60 ms	(same route)
116 bytes from N2 icmp_seq=290 ttl=50 time=6.29 ms	(same route)
116 bytes from N2 icmp_seq=291 ttl=50 time=3.32 ms	(same route)
116 bytes from N2 icmp_seq=292 ttl=50 time=1.09 ms	(same route)
116 bytes from N2 icmp_seq=293 ttl=50 time=1.45 ms	(same route)
116 bytes from N2 icmp_seq=294 ttl=50 time=8.08 ms	(same route)
116 bytes from N2 icmp_seq=295 ttl=50 time=186.58 ms	(same route)
116 bytes from N2 icmp_seq=296 ttl=50 time=312.06 ms	(same route)
116 bytes from N2 icmp_seq=297 ttl=50 time=437.07 ms	(same route)
Reply from host N2 timed out
Reply from host N2 timed out
116 bytes from N2 icmp_seq=300 ttl=50 time=81.35 ms	(same route)
--- N2 ping statistics ---
302 packets transmitted, 297 received, 1% packet loss
rtt min/avg/max/mdev = 0.054/31.561/849.680/104.805 ms
