1 1 N3 N1 104 0.540 0
1 2 N3 N2 192 0.540 1
1 3 N1 N2 204 0.200 1
1 4 N1 N1 119 0.200 0
1 5 N2 N1 107 0.270 0
1 6 N2 N2 249 0.270 1
1 7 N4 N1 65 0.450 0
1 8 N4 N2 143 0.450 1
2 1 N3 N1 102 0.130 0
2 2 N3 N2 191 0.130 1
2 3 N1 N2 205 0.270 1
2 4 N1 N1 119 0.270 0
2 5 N2 N1 100 0.240 0
2 6 N2 N2 250 0.240 1
2 7 N4 N1 65 0.400 0
2 8 N4 N2 144 0.400 1
3 1 N3 N1 101 0.160 0
3 2 N3 N2 189 0.160 1
3 3 N1 N2 208 0.310 1
3 4 N1 N1 115 0.310 0
3 5 N2 N1 95 0.280 0
3 6 N2 N2 251 0.280 1
3 7 N4 N1 65 1.460 0
3 8 N4 N2 144 1.460 1
4 1 N3 N3 0 0.190 0
4 2 N3 N1 96 0.190 0
4 3 N3 N2 188 0.190 1
4 4 N1 N2 208 0.370 1
4 5 N1 N1 115 0.370 0
4 6 N2 N1 95 0.420 0
4 7 N2 N2 252 0.420 1
4 8 N4 N1 67 0.010 0
4 9 N4 N2 142 0.010 1
5 1 N3 N3 0 0.720 0
5 2 N3 N1 93 0.720 0
5 3 N3 N2 186 0.720 1
5 4 N1 N2 208 0.400 1
5 5 N1 N1 112 0.400 0
5 6 N2 N1 93 0.460 0
5 7 N2 N2 253 0.460 1
5 8 N4 N1 67 1.090 0
5 9 N4 N2 142 1.090 1
6 1 N3 N3 0 1.790 0
6 2 N3 N1 93 1.790 0
6 3 N3 N2 186 1.790 1
6 4 N1 N2 208 0.400 1
6 5 N1 N1 106 0.400 0
6 6 N2 N1 86 0.500 0
6 7 N2 N2 254 0.500 1
6 8 N4 N1 61 0.160 0
6 9 N4 N2 142 0.160 1
7 1 N3 N3 0 0.310 0
7 2 N3 N1 87 0.310 0
7 3 N3 N2 184 0.310 1
7 4 N1 N2 208 0.030 1
7 5 N1 N1 101 0.030 0
7 6 N2 N1 86 0.070 0
7 7 N2 N2 255 0.070 1
7 8 N4 N1 61 0.130 0
7 9 N4 N2 140 0.130 1
8 1 N3 N3 0 0.870 0
8 2 N3 N1 82 0.870 0
8 3 N3 N2 183 0.870 1
8 4 N1 N2 207 0.040 1
8 5 N1 N1 93 0.040 0
8 6 N2 N1 75 0.020 0
8 7 N2 N2 255 0.020 1
8 8 N4 N1 56 0.150 0
8 9 N4 N2 134 0.150 1
9 1 N3 N3 0 0.360 0
9 2 N3 N1 75 0.360 0
9 3 N3 N2 180 0.360 1
9 4 N1 N2 207 0.070 1
9 5 N1 N1 91 0.070 0
9 6 N2 N1 71 0.050 0
9 7 N2 N2 255 0.050 1
9 8 N4 N1 55 0.170 0
9 9 N4 N2 133 0.170 1
10 1 N3 N3 0 0.430 0
10 2 N3 N1 75 0.430 0
10 3 N3 N2 180 0.430 1
10 4 N1 N2 206 0.100 1
10 5 N1 N1 91 0.100 0
10 6 N2 N1 72 0.110 0
10 7 N2 N2 254 0.110 1
10 8 N4 N1 55 0.230 0
10 9 N4 N2 128 0.230 1
11 1 N3 N3 0 0.470 0
11 2 N3 N1 70 0.470 0
11 3 N3 N2 176 0.470 1
11 4 N1 N2 205 0.150 1
11 5 N1 N1 89 0.150 0
11 6 N2 N1 72 0.260 0
11 7 N2 N2 253 0.260 1
11 8 N4 N1 51 0.270 0
11 9 N4 N2 127 0.270 1
12 1 N3 N3 0 1.050 0
12 2 N3 N1 70 1.050 0
12 3 N3 N2 174 1.050 1
12 4 N1 N2 204 0.220 1
12 5 N1 N1 89 0.220 0
12 6 N2 N1 71 0.300 0
12 7 N2 N2 252 0.300 1
12 8 N4 N1 47 0.330 0
12 9 N4 N2 124 0.330 1
13 1 N3 N3 0 0.570 0
13 2 N3 N1 69 0.570 0
13 3 N3 N2 173 0.570 1
13 4 N1 N2 203 0.250 1
13 5 N1 N1 90 0.250 0
13 6 N2 N1 71 0.330 0
13 7 N2 N2 251 0.330 1
13 8 N4 N1 47 0.410 0
13 9 N4 N2 120 0.410 1
14 1 N3 N3 0 1.000 0
14 2 N3 N1 67 1.000 0
14 3 N3 N2 172 1.000 1
14 4 N1 N2 203 0.420 1
14 5 N1 N1 91 0.420 0
14 6 N2 N1 73 0.260 0
14 7 N2 N2 251 0.260 1
14 8 N4 N1 47 1.490 0
14 9 N4 N2 120 1.490 1
15 1 N3 N3 0 0.080 0
15 2 N3 N1 64 0.080 0
15 3 N3 N2 169 0.080 1
15 4 N1 N2 199 0.340 1
15 5 N1 N1 93 0.340 0
15 6 N2 N1 75 0.850 0
15 7 N2 N2 250 0.850 1
15 8 N4 N1 47 2.560 0
15 9 N4 N2 120 2.560 1
16 1 N3 N3 0 0.670 0
16 2 N3 N1 64 0.670 0
16 3 N3 N2 168 0.670 1
16 4 N1 N2 196 0.060 1
16 5 N1 N1 96 0.060 0
16 6 N2 N1 76 0.360 0
16 7 N2 N2 249 0.360 1
16 8 N4 N1 47 0.540 0
16 9 N4 N2 119 0.540 1
17 1 N3 N3 0 0.220 0
17 2 N3 N1 65 0.220 0
17 3 N3 N2 167 0.220 1
17 4 N1 N2 195 0.100 1
17 5 N1 N1 97 0.100 0
17 6 N2 N1 77 0.010 0
17 7 N2 N2 247 0.010 1
17 8 N4 N1 47 0.870 0
17 9 N4 N2 119 0.870 1
18 1 N3 N3 0 0.260 0
18 2 N3 N1 65 0.260 0
18 3 N3 N2 166 0.260 1
18 4 N1 N2 195 0.070 1
18 5 N1 N1 97 0.070 0
18 6 N2 N1 78 0.070 0
18 7 N2 N2 246 0.070 1
18 8 N4 N1 46 0.080 0
18 9 N4 N2 119 0.080 1
19 1 N3 N3 0 0.290 0
19 2 N3 N1 63 0.290 0
19 3 N3 N2 166 0.290 1
19 4 N1 N2 195 0.630 1
19 5 N1 N1 99 0.630 0
19 6 N2 N1 80 0.500 0
19 7 N2 N2 246 0.500 1
19 8 N4 N1 46 1.150 0
19 9 N4 N2 119 1.150 1
20 1 N3 N3 0 0.320 0
20 2 N3 N1 64 0.320 0
20 3 N3 N2 165 0.320 1
20 4 N1 N2 196 0.160 1
20 5 N1 N1 102 0.160 0
20 6 N2 N1 85 0.050 0
20 7 N2 N2 245 0.050 1
20 8 N4 N1 46 2.220 0
20 9 N4 N2 119 2.220 1
21 1 N3 N3 0 0.900 0
21 2 N3 N1 64 0.900 0
21 3 N3 N2 165 0.900 1
21 4 N1 N2 199 0.210 1
21 5 N1 N1 105 0.210 0
21 6 N2 N1 87 0.200 0
21 7 N2 N2 245 0.200 1
21 8 N4 N1 47 0.190 0
21 9 N4 N2 118 0.190 1
22 1 N3 N3 0 0.380 0
22 2 N3 N1 65 0.380 0
22 3 N3 N2 165 0.380 1
22 4 N1 N2 199 0.260 1
22 5 N1 N1 106 0.260 0
22 6 N2 N1 88 0.270 0
22 7 N2 N2 245 0.270 1
22 8 N4 N1 49 0.270 0
22 9 N4 N2 122 0.270 1
23 1 N3 N3 0 0.490 0
23 2 N3 N1 64 0.490 0
23 3 N3 N2 166 0.490 1
23 4 N1 N2 199 0.310 1
23 5 N1 N1 108 0.310 0
23 6 N2 N1 94 0.230 0
23 7 N2 N2 244 0.230 1
23 8 N4 N1 50 0.350 0
23 9 N4 N2 126 0.350 1
24 1 N3 N3 0 0.010 0
24 2 N3 N1 64 0.010 0
24 3 N3 N2 167 0.010 1
24 4 N1 N2 198 0.340 1
24 5 N1 N1 109 0.340 0
24 6 N2 N1 93 0.250 0
24 7 N2 N2 243 0.250 1
24 8 N4 N1 50 0.460 0
24 9 N4 N2 126 0.460 1
25 1 N3 N3 0 0.500 0
25 2 N3 N1 64 0.500 0
25 3 N3 N2 168 0.500 1
25 4 N1 N2 198 0.420 1
25 5 N1 N1 112 0.420 0
25 6 N2 N1 91 0.420 0
25 7 N2 N2 242 0.420 1
25 8 N4 N1 50 0.440 0
25 9 N4 N2 131 0.440 1
26 1 N3 N3 0 0.150 0
26 2 N3 N1 64 0.150 0
26 3 N3 N2 169 0.150 1
26 4 N1 N2 197 0.070 1
26 5 N1 N1 114 0.070 0
26 6 N2 N1 91 0.440 0
26 7 N2 N2 241 0.440 1
26 8 N4 N1 51 0.010 0
26 9 N4 N2 140 0.010 1
27 1 N3 N3 0 0.180 0
27 2 N3 N1 64 0.180 0
27 3 N3 N2 170 0.180 1
27 4 N1 N2 197 1.040 1
27 5 N1 N1 114 1.040 0
27 6 N2 N1 90 0.370 0
27 7 N2 N2 241 0.370 1
27 8 N4 N1 52 0.110 0
27 9 N4 N2 141 0.110 1
28 1 N3 N3 0 0.230 0
28 2 N3 N1 64 0.230 0
28 3 N3 N2 171 0.230 1
28 4 N1 N2 199 0.050 1
28 5 N1 N1 115 0.050 0
28 6 N2 N1 89 0.410 0
28 7 N2 N2 241 0.410 1
28 8 N4 N1 53 0.180 0
28 9 N4 N2 146 0.180 1
29 1 N3 N3 0 0.260 0
29 2 N3 N1 63 0.260 0
29 3 N3 N2 171 0.260 1
29 4 N1 N2 200 0.130 1
29 5 N1 N1 114 0.130 0
29 6 N2 N1 89 0.050 0
29 7 N2 N2 240 0.050 1
29 8 N4 N1 53 0.220 0
29 9 N4 N2 146 0.220 1
30 1 N3 N3 0 0.300 0
30 2 N3 N1 63 0.300 0
30 3 N3 N2 172 0.300 1
30 4 N1 N2 201 0.190 1
30 5 N1 N1 114 0.190 0
30 6 N2 N1 89 0.080 0
30 7 N2 N2 240 0.080 1
30 8 N4 N1 53 0.270 0
30 9 N4 N2 148 0.270 1
31 1 N3 N3 0 0.320 0
31 2 N3 N1 62 0.320 0
31 3 N3 N2 173 0.320 1
31 4 N1 N2 202 0.280 1
31 5 N1 N1 113 0.280 0
31 6 N2 N1 89 0.130 0
31 7 N2 N2 239 0.130 1
31 8 N4 N1 53 0.300 0
31 9 N4 N2 148 0.300 1
32 1 N3 N3 0 0.360 0
32 2 N3 N1 62 0.360 0
32 3 N3 N2 172 0.360 1
32 4 N1 N2 203 0.340 1
32 5 N1 N1 111 0.340 0
32 6 N2 N1 90 0.160 0
32 7 N2 N2 239 0.160 1
32 8 N4 N1 53 0.370 0
32 9 N4 N2 148 0.370 1
33 1 N3 N3 0 0.370 0
33 2 N3 N1 62 0.370 0
33 3 N3 N2 171 0.370 1
33 4 N1 N2 205 0.380 1
33 5 N1 N1 113 0.380 0
33 6 N2 N1 91 0.070 0
33 7 N2 N2 238 0.070 1
33 8 N4 N1 52 0.410 0
33 9 N4 N2 147 0.410 1
34 1 N3 N3 0 0.930 0
34 2 N3 N1 62 0.930 0
34 3 N3 N2 172 0.930 1
34 4 N1 N2 202 0.410 1
34 5 N1 N1 114 0.410 0
34 6 N2 N1 91 0.110 0
34 7 N2 N2 238 0.110 1
34 8 N4 N1 50 0.470 0
34 9 N4 N2 147 0.470 1
35 1 N3 N3 0 0.470 0
35 2 N3 N1 61 0.470 0
35 3 N3 N2 173 0.470 1
35 4 N1 N2 201 0.040 1
35 5 N1 N1 114 0.040 0
35 6 N2 N1 91 0.270 0
35 7 N2 N2 237 0.270 1
35 8 N4 N1 50 0.540 0
35 9 N4 N2 143 0.540 1
36 1 N3 N3 0 0.030 0
36 2 N3 N1 61 0.030 0
36 3 N3 N2 174 0.030 1
36 4 N1 N2 201 0.470 1
36 5 N1 N1 114 0.470 0
36 6 N2 N1 92 0.340 0
36 7 N2 N2 236 0.340 1
36 8 N4 N1 50 1.070 0
36 9 N4 N2 141 1.070 1
37 1 N3 N3 0 0.490 0
37 2 N3 N1 60 0.490 0
37 3 N3 N2 175 0.490 1
37 4 N1 N2 201 0.540 1
37 5 N1 N1 115 0.540 0
37 6 N2 N1 95 0.260 0
37 7 N2 N2 236 0.260 1
37 8 N4 N1 50 0.490 0
37 9 N4 N2 141 0.490 1
38 1 N3 N3 0 0.110 0
38 2 N3 N1 60 0.110 0
38 3 N3 N2 178 0.110 1
38 4 N1 N2 201 0.070 1
38 5 N1 N1 117 0.070 0
38 6 N2 N1 98 0.280 0
38 7 N2 N2 236 0.280 1
38 8 N4 N1 51 0.670 0
38 9 N4 N2 140 0.670 1
39 1 N3 N3 0 0.130 0
39 2 N3 N1 60 0.130 0
39 3 N3 N2 179 0.130 1
39 4 N1 N2 202 0.140 1
39 5 N1 N1 117 0.140 0
39 6 N2 N1 99 0.320 0
39 7 N2 N2 237 0.320 1
39 8 N4 N1 51 0.120 0
39 9 N4 N2 137 0.120 1
40 1 N3 N3 0 0.200 0
40 2 N3 N1 60 0.200 0
40 3 N3 N2 181 0.200 1
40 4 N1 N2 207 0.190 1
40 5 N1 N1 117 0.190 0
40 6 N2 N1 100 0.480 0
40 7 N2 N2 238 0.480 1
40 8 N4 N1 51 1.190 0
40 9 N4 N2 137 1.190 1
41 1 N3 N3 0 0.280 0
41 2 N3 N1 60 0.280 0
41 3 N3 N2 182 0.280 1
41 4 N1 N2 210 0.750 1
41 5 N1 N1 117 0.750 0
41 6 N2 N1 101 0.390 0
41 7 N2 N2 240 0.390 1
41 8 N4 N1 50 0.310 0
41 9 N4 N2 136 0.310 1
42 1 N3 N3 0 0.290 0
42 2 N3 N1 59 0.290 0
42 3 N3 N2 185 0.290 1
42 4 N1 N2 215 0.290 1
42 5 N1 N1 117 0.290 0
42 6 N2 N1 101 0.010 0
42 7 N2 N2 243 0.010 1
42 8 N4 N1 50 0.320 0
42 9 N4 N2 136 0.320 1
43 1 N3 N3 0 0.370 0
43 2 N3 N1 58 0.370 0
43 3 N3 N2 188 0.370 1
43 4 N1 N2 218 0.400 1
43 5 N1 N1 117 0.400 0
43 6 N2 N1 101 0.110 0
43 7 N2 N2 245 0.110 1
43 8 N4 N1 48 0.390 0
43 9 N4 N2 136 0.390 1
44 1 N3 N3 0 0.420 0
44 2 N3 N1 58 0.420 0
44 3 N3 N2 191 0.420 1
44 4 N1 N2 220 0.470 1
44 5 N1 N1 118 0.470 0
44 6 N2 N1 100 0.040 0
44 7 N2 N2 248 0.040 1
44 8 N4 N1 48 0.440 0
44 9 N4 N2 136 0.440 1
45 1 N3 N3 0 0.500 0
45 2 N3 N1 54 0.500 0
45 3 N3 N2 194 0.500 1
45 4 N1 N2 221 0.510 1
45 5 N1 N1 118 0.510 0
45 6 N2 N1 100 0.070 0
45 7 N2 N2 250 0.070 1
45 8 N4 N1 46 0.470 0
45 9 N4 N2 137 0.470 1
46 1 N3 N3 0 0.540 0
46 2 N3 N1 54 0.540 0
46 3 N3 N2 196 0.540 1
46 4 N1 N2 222 0.040 1
46 5 N1 N1 118 0.040 0
46 6 N2 N1 99 0.270 0
46 7 N2 N2 253 0.270 1
46 8 N4 N1 46 0.500 0
46 9 N4 N2 137 0.500 1
47 1 N3 N3 0 1.040 0
47 2 N3 N1 0 1.040 0
47 3 N3 N2 197 1.040 1
47 4 N1 N2 222 0.100 1
47 5 N1 N1 119 0.100 0
47 6 N2 N1 99 0.360 0
47 7 N2 N2 254 0.360 1
47 8 N4 N1 0 0.040 0
47 9 N4 N2 137 0.040 1
48 1 N3 N3 0 0.090 0
48 2 N3 N1 0 0.090 0
48 3 N3 N2 202 0.090 1
48 4 N1 N2 223 0.140 1
48 5 N1 N1 119 0.140 0
48 6 N2 N1 98 0.250 0
48 7 N2 N2 255 0.250 1
48 8 N4 N1 0 0.590 0
48 9 N4 N2 137 0.590 1
49 1 N3 N3 0 1.170 0
49 2 N3 N1 0 1.170 0
49 3 N3 N2 202 1.170 1
49 4 N1 N2 224 0.190 1
49 5 N1 N1 119 0.190 0
49 6 N2 N1 98 0.330 0
49 7 N2 N2 255 0.330 1
49 8 N4 N1 0 0.100 0
49 9 N4 N2 136 0.100 1
50 1 N3 N3 0 0.720 0
50 2 N3 N1 0 0.720 0
50 3 N3 N2 203 0.720 1
50 4 N1 N2 223 0.220 1
50 5 N1 N1 117 0.220 0
50 6 N2 N1 96 0.370 0
50 7 N2 N2 254 0.370 1
50 8 N4 N1 0 0.170 0
50 9 N4 N2 133 0.170 1
51 1 N3 N3 0 0.270 0
51 2 N3 N1 0 0.270 0
51 3 N3 N2 203 0.270 1
51 4 N1 N2 221 0.290 1
51 5 N1 N1 113 0.290 0
51 6 N2 N1 93 0.520 0
51 7 N2 N2 252 0.520 1
51 8 N4 N1 0 0.210 0
51 9 N4 N2 131 0.210 1
52 1 N3 N3 0 0.310 0
52 2 N3 N1 0 0.310 0
52 3 N3 N2 202 0.310 1
52 4 N1 N2 218 0.320 1
52 5 N1 N1 109 0.320 0
52 6 N2 N1 89 0.040 0
52 7 N2 N2 250 0.040 1
52 8 N4 N1 0 0.260 0
52 9 N4 N2 126 0.260 1
53 1 N3 N3 0 0.350 0
53 2 N3 N1 0 0.350 0
53 3 N3 N2 200 0.350 1
53 4 N1 N2 217 0.370 1
53 5 N1 N1 109 0.370 0
53 6 N2 N1 86 0.100 0
53 7 N2 N2 249 0.100 1
53 8 N4 N1 0 1.340 0
53 9 N4 N2 126 1.340 1
54 1 N3 N3 0 0.400 0
54 2 N3 N1 0 0.400 0
54 3 N3 N2 197 0.400 1
54 4 N1 N2 216 0.420 1
54 5 N1 N1 108 0.420 0
54 6 N2 N1 81 0.140 0
54 7 N2 N2 247 0.140 1
54 8 N4 N1 0 0.370 0
54 9 N4 N2 122 0.370 1
55 1 N3 N3 0 0.130 0
55 2 N3 N1 0 0.130 0
55 3 N3 N2 191 0.130 1
55 4 N1 N2 215 0.150 1
55 5 N1 N1 105 0.150 0
55 6 N2 N1 81 0.390 0
55 7 N2 N2 246 0.390 1
55 8 N4 N1 0 1.130 0
55 9 N4 N2 119 1.130 1
56 1 N3 N3 0 0.220 0
56 2 N3 N1 0 0.220 0
56 3 N3 N2 186 0.220 1
56 4 N1 N2 215 0.210 1
56 5 N1 N1 102 0.210 0
56 6 N2 N1 81 0.430 0
56 7 N2 N2 245 0.430 1
56 8 N4 N1 0 0.150 0
56 9 N4 N2 116 0.150 1
57 1 N3 N3 0 0.270 0
57 2 N3 N1 0 0.270 0
57 3 N3 N2 180 0.270 1
57 4 N1 N2 216 0.340 1
57 5 N1 N1 100 0.340 0
57 6 N2 N1 82 0.860 0
57 7 N2 N2 245 0.860 1
57 8 N4 N1 0 0.200 0
57 9 N4 N2 110 0.200 1
58 1 N3 N3 0 0.300 0
58 2 N3 N1 0 0.300 0
58 3 N3 N2 176 0.300 1
58 4 N1 N2 216 0.260 1
58 5 N1 N1 99 0.260 0
58 6 N2 N1 82 0.490 0
58 7 N2 N2 245 0.490 1
58 8 N4 N1 0 0.200 0
58 9 N4 N2 107 0.200 1
59 1 N3 N3 0 0.350 0
59 2 N3 N1 0 0.350 0
59 3 N3 N2 173 0.350 1
59 4 N1 N2 217 0.300 1
59 5 N1 N1 99 0.300 0
59 6 N2 N1 83 0.040 0
59 7 N2 N2 247 0.040 1
59 8 N4 N1 0 1.270 0
59 9 N4 N2 107 1.270 1
60 1 N3 N3 0 0.390 0
60 2 N3 N1 0 0.390 0
60 3 N3 N2 172 0.390 1
60 4 N1 N2 217 0.380 1
60 5 N1 N1 101 0.380 0
60 6 N2 N1 85 0.060 0
60 7 N2 N2 248 0.060 1
60 8 N4 N1 0 0.300 0
60 9 N4 N2 102 0.300 1
61 1 N3 N3 0 0.950 0
61 2 N3 N1 0 0.950 0
61 3 N3 N2 171 0.950 1
61 4 N1 N2 217 0.390 1
61 5 N1 N1 101 0.390 0
61 6 N2 N1 85 0.090 0
61 7 N2 N2 249 0.090 1
61 8 N4 N1 0 0.870 0
61 9 N4 N2 100 0.870 1
62 1 N3 N3 0 0.490 0
62 2 N3 N1 56 0.490 0
62 3 N3 N2 169 0.490 1
62 4 N1 N2 217 0.060 1
62 5 N1 N1 101 0.060 0
62 6 N2 N1 84 0.170 0
62 7 N2 N2 250 0.170 1
62 8 N4 N1 0 0.940 0
62 9 N4 N2 98 0.940 1
63 1 N3 N3 0 0.540 0
63 2 N3 N1 56 0.540 0
63 3 N3 N2 168 0.540 1
63 4 N1 N2 217 0.020 1
63 5 N1 N1 100 0.020 0
63 6 N2 N1 82 0.240 0
63 7 N2 N2 251 0.240 1
63 8 N4 N1 0 0.960 0
63 9 N4 N2 97 0.960 1
64 1 N3 N3 0 0.100 0
64 2 N3 N1 56 0.100 0
64 3 N3 N2 167 0.100 1
64 4 N1 N2 217 1.100 1
64 5 N1 N1 100 1.100 0
64 6 N2 N1 82 0.290 0
64 7 N2 N2 252 0.290 1
64 8 N4 N1 0 0.040 0
64 9 N4 N2 96 0.040 1
65 1 N3 N3 0 0.150 0
65 2 N3 N1 56 0.150 0
65 3 N3 N2 164 0.150 1
65 4 N1 N2 217 0.160 1
65 5 N1 N1 100 0.160 0
65 6 N2 N1 81 0.830 0
65 7 N2 N2 253 0.830 1
65 8 N4 N1 0 1.110 0
65 9 N4 N2 96 1.110 1
66 1 N3 N3 0 0.720 0
66 2 N3 N1 56 0.720 0
66 3 N3 N2 163 0.720 1
66 4 N1 N2 216 0.210 1
66 5 N1 N1 100 0.210 0
66 6 N2 N1 81 1.900 0
66 7 N2 N2 253 1.900 1
66 8 N4 N1 0 0.110 0
66 9 N4 N2 97 0.110 1
67 1 N3 N3 0 1.800 0
67 2 N3 N1 56 1.800 0
67 3 N3 N2 163 1.800 1
67 4 N1 N2 215 0.760 1
67 5 N1 N1 100 0.760 0
67 6 N2 N1 81 0.310 0
67 7 N2 N2 253 0.310 1
67 8 N4 N1 0 1.190 0
67 9 N4 N2 97 1.190 1
68 1 N3 N3 0 0.310 0
68 2 N3 N1 56 0.310 0
68 3 N3 N2 162 0.310 1
68 4 N1 N2 215 0.280 1
68 5 N1 N1 97 0.280 0
68 6 N2 N1 78 0.500 0
68 7 N2 N2 254 0.500 1
68 8 N4 N1 0 0.180 0
68 9 N4 N2 98 0.180 1
69 1 N3 N3 0 0.380 0
69 2 N3 N1 56 0.380 0
69 3 N3 N2 163 0.380 1
69 4 N1 N2 215 0.430 1
69 5 N1 N1 98 0.430 0
69 6 N2 N1 77 0.060 0
69 7 N2 N2 254 0.060 1
69 8 N4 N1 0 0.730 0
69 9 N4 N2 100 0.730 1
70 1 N3 N3 0 0.390 0
70 2 N3 N1 56 0.390 0
70 3 N3 N2 162 0.390 1
70 4 N1 N2 215 0.890 1
70 5 N1 N1 98 0.890 0
70 6 N2 N1 77 0.100 0
70 7 N2 N2 254 0.100 1
70 8 N4 N1 0 1.810 0
70 9 N4 N2 100 1.810 1
71 1 N3 N3 0 0.440 0
71 2 N3 N1 56 0.440 0
71 3 N3 N2 161 0.440 1
71 4 N1 N2 215 0.430 1
71 5 N1 N1 96 0.430 0
71 6 N2 N1 77 0.180 0
71 7 N2 N2 254 0.180 1
71 8 N4 N1 0 2.890 0
71 9 N4 N2 100 2.890 1
72 1 N3 N3 0 0.490 0
72 2 N3 N1 49 0.490 0
72 3 N3 N2 158 0.490 1
72 4 N1 N2 214 0.440 1
72 5 N1 N1 96 0.440 0
72 6 N2 N1 77 0.190 0
72 7 N2 N2 254 0.190 1
72 8 N4 N1 0 0.870 0
72 9 N4 N2 101 0.870 1
73 1 N3 N3 0 0.020 0
73 2 N3 N1 49 0.020 0
73 3 N3 N2 155 0.020 1
73 4 N1 N2 214 0.460 1
73 5 N1 N1 98 0.460 0
73 6 N2 N1 78 0.120 0
73 7 N2 N2 254 0.120 1
73 8 N4 N1 0 0.420 0
73 9 N4 N2 103 0.420 1
74 1 N3 N3 0 0.030 0
74 2 N3 N1 49 0.030 0
74 3 N3 N2 154 0.030 1
74 4 N1 N2 215 0.110 1
74 5 N1 N1 98 0.110 0
74 6 N2 N1 82 0.130 0
74 7 N2 N2 255 0.130 1
74 8 N4 N1 0 1.490 0
74 9 N4 N2 103 1.490 1
75 1 N3 N3 0 0.080 0
75 2 N3 N1 49 0.080 0
75 3 N3 N2 153 0.080 1
75 4 N1 N2 214 0.030 1
75 5 N1 N1 98 0.030 0
75 6 N2 N1 82 0.320 0
75 7 N2 N2 255 0.320 1
75 8 N4 N1 41 0.520 0
75 9 N4 N2 104 0.520 1
76 1 N3 N3 0 0.120 0
76 2 N3 N1 46 0.120 0
76 3 N3 N2 152 0.120 1
76 4 N1 N2 212 0.080 1
76 5 N1 N1 99 0.080 0
76 6 N2 N1 82 0.880 0
76 7 N2 N2 255 0.880 1
76 8 N4 N1 41 1.590 0
76 9 N4 N2 104 1.590 1
77 1 N3 N3 0 0.190 0
77 2 N3 N1 45 0.190 0
77 3 N3 N2 150 0.190 1
77 4 N1 N2 210 0.150 1
77 5 N1 N1 98 0.150 0
77 6 N2 N1 84 0.430 0
77 7 N2 N2 255 0.430 1
77 8 N4 N1 41 0.150 0
77 9 N4 N2 106 0.150 1
78 1 N3 N3 0 0.120 0
78 2 N3 N1 44 0.120 0
78 3 N3 N2 149 0.120 1
78 4 N1 N2 208 0.220 1
78 5 N1 N1 97 0.220 0
78 6 N2 N1 84 0.460 0
78 7 N2 N2 255 0.460 1
78 8 N4 N1 41 0.120 0
78 9 N4 N2 108 0.120 1
79 1 N3 N3 0 0.260 0
79 2 N3 N1 43 0.260 0
79 3 N3 N2 149 0.260 1
79 4 N1 N2 205 0.250 1
79 5 N1 N1 96 0.250 0
79 6 N2 N1 84 0.370 0
79 7 N2 N2 255 0.370 1
79 8 N4 N1 41 0.750 0
79 9 N4 N2 110 0.750 1
80 1 N3 N3 0 0.310 0
80 2 N3 N1 43 0.310 0
80 3 N3 N2 149 0.310 1
80 4 N1 N2 203 0.290 1
80 5 N1 N1 96 0.290 0
80 6 N2 N1 81 0.020 0
80 7 N2 N2 255 0.020 1
80 8 N4 N1 41 0.310 0
80 9 N4 N2 114 0.310 1
81 1 N3 N3 0 0.390 0
81 2 N3 N1 43 0.390 0
81 3 N3 N2 149 0.390 1
81 4 N1 N2 203 0.350 1
81 5 N1 N1 95 0.350 0
81 6 N2 N1 82 0.080 0
81 7 N2 N2 255 0.080 1
81 8 N4 N1 41 0.860 0
81 9 N4 N2 115 0.860 1
82 1 N3 N3 0 0.410 0
82 2 N3 N1 43 0.410 0
82 3 N3 N2 150 0.410 1
82 4 N1 N2 203 0.040 1
82 5 N1 N1 96 0.040 0
82 6 N2 N1 82 0.660 0
82 7 N2 N2 255 0.660 1
82 8 N4 N1 41 0.440 0
82 9 N4 N2 119 0.440 1
83 1 N3 N3 0 0.060 0
83 2 N3 N1 45 0.060 0
83 3 N3 N2 150 0.060 1
83 4 N1 N2 203 0.070 1
83 5 N1 N1 96 0.070 0
83 6 N2 N1 82 0.180 0
83 7 N2 N2 254 0.180 1
83 8 N4 N1 42 0.470 0
83 9 N4 N2 123 0.470 1
84 1 N3 N3 0 0.030 0
84 2 N3 N1 44 0.030 0
84 3 N3 N2 151 0.030 1
84 4 N1 N2 203 0.080 1
84 5 N1 N1 95 0.080 0
84 6 N2 N1 82 0.280 0
84 7 N2 N2 254 0.280 1
84 8 N4 N1 40 0.560 0
84 9 N4 N2 124 0.560 1
85 1 N3 N3 0 0.100 0
85 2 N3 N1 43 0.100 0
85 3 N3 N2 152 0.100 1
85 4 N1 N2 203 0.110 1
85 5 N1 N1 93 0.110 0
85 6 N2 N1 80 0.320 0
85 7 N2 N2 254 0.320 1
85 8 N4 N1 38 0.120 0
85 9 N4 N2 125 0.120 1
86 1 N3 N3 0 0.170 0
86 2 N3 N1 43 0.170 0
86 3 N3 N2 153 0.170 1
86 4 N1 N2 202 0.650 1
86 5 N1 N1 94 0.650 0
86 6 N2 N1 75 0.240 0
86 7 N2 N2 254 0.240 1
86 8 N4 N1 37 0.700 0
86 9 N4 N2 125 0.700 1
87 1 N3 N3 0 1.240 0
87 2 N3 N1 43 1.240 0
87 3 N3 N2 153 1.240 1
87 4 N1 N2 202 0.690 1
87 5 N1 N1 94 0.690 0
87 6 N2 N1 65 0.220 0
87 7 N2 N2 254 0.220 1
87 8 N4 N1 37 0.240 0
87 9 N4 N2 126 0.240 1
88 1 N3 N3 0 0.260 0
88 2 N3 N1 43 0.260 0
88 3 N3 N2 154 0.260 1
88 4 N1 N2 201 0.240 1
88 5 N1 N1 92 0.240 0
88 6 N2 N1 65 0.450 0
88 7 N2 N2 254 0.450 1
88 8 N4 N1 37 1.320 0
88 9 N4 N2 126 1.320 1
89 1 N3 N3 0 0.310 0
89 2 N3 N1 43 0.310 0
89 3 N3 N2 157 0.310 1
89 4 N1 N2 202 0.260 1
89 5 N1 N1 91 0.260 0
89 6 N2 N1 65 0.480 0
89 7 N2 N2 254 0.480 1
89 8 N4 N1 37 0.340 0
89 9 N4 N2 127 0.340 1
90 1 N3 N3 0 0.380 0
90 2 N3 N1 43 0.380 0
90 3 N3 N2 159 0.380 1
90 4 N1 N2 203 0.290 1
90 5 N1 N1 88 0.290 0
90 6 N2 N1 65 0.010 0
90 7 N2 N2 255 0.010 1
90 8 N4 N1 37 0.400 0
90 9 N4 N2 129 0.400 1
91 1 N3 N3 0 0.450 0
91 2 N3 N1 43 0.450 0
91 3 N3 N2 161 0.450 1
91 4 N1 N2 204 0.320 1
91 5 N1 N1 85 0.320 0
91 6 N2 N1 61 0.060 0
91 7 N2 N2 255 0.060 1
91 8 N4 N1 37 1.470 0
91 9 N4 N2 129 1.470 1
92 1 N3 N3 0 0.480 0
92 2 N3 N1 40 0.480 0
92 3 N3 N2 163 0.480 1
92 4 N1 N2 206 0.370 1
92 5 N1 N1 80 0.370 0
92 6 N2 N1 61 0.100 0
92 7 N2 N2 255 0.100 1
92 8 N4 N1 37 0.460 0
92 9 N4 N2 130 0.460 1
93 1 N3 N3 0 0.510 0
93 2 N3 N1 38 0.510 0
93 3 N3 N2 165 0.510 1
93 4 N1 N2 208 0.020 1
93 5 N1 N1 75 0.020 0
93 6 N2 N1 61 0.150 0
93 7 N2 N2 255 0.150 1
93 8 N4 N1 37 0.470 0
93 9 N4 N2 131 0.470 1
94 1 N3 N3 0 0.040 0
94 2 N3 N1 0 0.040 0
94 3 N3 N2 167 0.040 1
94 4 N1 N2 208 0.070 1
94 5 N1 N1 74 0.070 0
94 6 N2 N1 61 0.700 0
94 7 N2 N2 255 0.700 1
94 8 N4 N1 37 0.530 0
94 9 N4 N2 132 0.530 1
95 1 N3 N3 0 0.110 0
95 2 N3 N1 0 0.110 0
95 3 N3 N2 168 0.110 1
95 4 N1 N2 207 0.520 1
95 5 N1 N1 74 0.520 0
95 6 N2 N1 61 0.130 0
95 7 N2 N2 255 0.130 1
95 8 N4 N1 37 0.060 0
95 9 N4 N2 133 0.060 1
96 1 N3 N3 0 0.120 0
96 2 N3 N1 0 0.120 0
96 3 N3 N2 169 0.120 1
96 4 N1 N2 206 0.040 1
96 5 N1 N1 72 0.040 0
96 6 N2 N1 61 0.280 0
96 7 N2 N2 255 0.280 1
96 8 N4 N1 34 0.600 0
96 9 N4 N2 134 0.600 1
97 1 N3 N3 0 0.210 0
97 2 N3 N1 0 0.210 0
97 3 N3 N2 168 0.210 1
97 4 N1 N2 205 0.200 1
97 5 N1 N1 72 0.200 0
97 6 N2 N1 61 0.220 0
97 7 N2 N2 255 0.220 1
97 8 N4 N1 34 0.640 0
97 9 N4 N2 135 0.640 1
98 1 N3 N3 0 0.220 0
98 2 N3 N1 0 0.220 0
98 3 N3 N2 166 0.220 1
98 4 N1 N2 204 0.150 1
98 5 N1 N1 72 0.150 0
98 6 N2 N1 63 0.400 0
98 7 N2 N2 255 0.400 1
98 8 N4 N1 31 0.170 0
98 9 N4 N2 135 0.170 1
99 1 N3 N3 0 0.290 0
99 2 N3 N1 0 0.290 0
99 3 N3 N2 165 0.290 1
99 4 N1 N2 204 0.220 1
99 5 N1 N1 73 0.220 0
99 6 N2 N1 63 0.440 0
99 7 N2 N2 255 0.440 1
99 8 N4 N1 0 0.190 0
99 9 N4 N2 136 0.190 1
100 1 N3 N3 0 0.320 0
100 2 N3 N1 0 0.320 0
100 3 N3 N2 164 0.320 1
100 4 N1 N2 205 0.250 1
100 5 N1 N1 71 0.250 0
100 6 N2 N1 61 0.380 0
100 7 N2 N2 255 0.380 1
100 8 N4 N1 0 0.200 0
100 9 N4 N2 136 0.200 1
101 1 N3 N3 0 0.390 0
101 2 N3 N1 0 0.390 0
101 3 N3 N2 165 0.390 1
101 4 N1 N2 204 0.290 1
101 5 N1 N1 68 0.290 0
101 6 N2 N1 59 0.030 0
101 7 N2 N2 255 0.030 1
101 8 N4 N1 0 0.260 0
101 9 N4 N2 138 0.260 1
102 1 N3 N3 0 0.460 0
102 2 N3 N1 0 0.460 0
102 3 N3 N2 164 0.460 1
102 4 N1 N2 204 0.270 1
102 5 N1 N1 67 0.270 0
102 6 N2 N1 58 0.380 0
102 7 N2 N2 255 0.380 1
102 8 N4 N1 0 1.340 0
102 9 N4 N2 138 1.340 1
103 1 N3 N3 0 0.990 0
103 2 N3 N1 36 0.990 0
103 3 N3 N2 164 0.990 1
103 4 N1 N2 204 0.330 1
103 5 N1 N1 66 0.330 0
103 6 N2 N1 54 0.120 0
103 7 N2 N2 255 0.120 1
103 8 N4 N1 0 0.320 0
103 9 N4 N2 139 0.320 1
104 1 N3 N3 0 0.000 0
104 2 N3 N1 39 0.000 0
104 3 N3 N2 164 0.000 1
104 4 N1 N2 204 0.940 1
104 5 N1 N1 66 0.940 0
104 6 N2 N1 52 0.230 0
104 7 N2 N2 255 0.230 1
104 8 N4 N1 0 0.520 0
104 9 N4 N2 139 0.520 1
105 1 N3 N3 0 0.060 0
105 2 N3 N1 42 0.060 0
105 3 N3 N2 166 0.060 1
105 4 N1 N2 203 0.500 1
105 5 N1 N1 66 0.500 0
105 6 N2 N1 54 0.160 0
105 7 N2 N2 255 0.160 1
105 8 N4 N1 0 0.950 0
105 9 N4 N2 138 0.950 1
106 1 N3 N3 0 0.640 0
106 2 N3 N1 42 0.640 0
106 3 N3 N2 166 0.640 1
106 4 N1 N2 204 0.060 1
106 5 N1 N1 64 0.060 0
106 6 N2 N1 58 0.220 0
106 7 N2 N2 255 0.220 1
106 8 N4 N1 0 2.030 0
106 9 N4 N2 138 2.030 1
107 1 N3 N3 0 0.040 0
107 2 N3 N1 42 0.040 0
107 3 N3 N2 166 0.040 1
107 4 N1 N2 204 0.120 1
107 5 N1 N1 61 0.120 0
107 6 N2 N1 59 0.370 0
107 7 N2 N2 255 0.370 1
107 8 N4 N1 0 3.100 0
107 9 N4 N2 138 3.100 1
108 1 N3 N3 0 1.120 0
108 2 N3 N1 42 1.120 0
108 3 N3 N2 166 1.120 1
108 4 N1 N2 204 0.150 1
108 5 N1 N1 62 0.150 0
108 6 N2 N1 62 0.330 0
108 7 N2 N2 255 0.330 1
108 8 N4 N1 0 4.180 0
108 9 N4 N2 138 4.180 1
109 1 N3 N3 0 0.710 0
109 2 N3 N1 43 0.710 0
109 3 N3 N2 164 0.710 1
109 4 N1 N2 204 0.330 1
109 5 N1 N1 66 0.330 0
109 6 N2 N1 63 0.510 0
109 7 N2 N2 255 0.510 1
109 8 N4 N1 0 0.720 0
109 9 N4 N2 136 0.720 1
110 1 N3 N3 0 1.790 0
110 2 N3 N1 43 1.790 0
110 3 N3 N2 164 1.790 1
110 4 N1 N2 203 0.280 1
110 5 N1 N1 69 0.280 0
110 6 N2 N1 64 0.040 0
110 7 N2 N2 255 0.040 1
110 8 N4 N1 0 1.800 0
110 9 N4 N2 136 1.800 1
111 1 N3 N3 0 0.280 0
111 2 N3 N1 45 0.280 0
111 3 N3 N2 161 0.280 1
111 4 N1 N2 203 0.850 1
111 5 N1 N1 71 0.850 0
111 6 N2 N1 66 0.060 0
111 7 N2 N2 255 0.060 1
111 8 N4 N1 0 0.290 0
111 9 N4 N2 133 0.290 1
112 1 N3 N3 0 1.420 0
112 2 N3 N1 45 1.420 0
112 3 N3 N2 161 1.420 1
112 4 N1 N2 202 0.070 1
112 5 N1 N1 73 0.070 0
112 6 N2 N1 67 0.170 0
112 7 N2 N2 255 0.170 1
112 8 N4 N1 0 1.430 0
112 9 N4 N2 133 1.430 1
113 1 N3 N3 0 0.860 0
113 2 N3 N1 45 0.860 0
113 3 N3 N2 160 0.860 1
113 4 N1 N2 199 0.110 1
113 5 N1 N1 74 0.110 0
113 6 N2 N1 66 0.230 0
113 7 N2 N2 255 0.230 1
113 8 N4 N1 0 0.860 0
113 9 N4 N2 131 0.860 1
114 1 N3 N3 0 0.290 0
114 2 N3 N1 47 0.290 0
114 3 N3 N2 160 0.290 1
114 4 N1 N2 198 0.080 1
114 5 N1 N1 73 0.080 0
114 6 N2 N1 65 0.170 0
114 7 N2 N2 255 0.170 1
114 8 N4 N1 0 0.310 0
114 9 N4 N2 129 0.310 1
115 1 N3 N3 0 0.470 0
115 2 N3 N1 47 0.470 0
115 3 N3 N2 159 0.470 1
115 4 N1 N2 196 0.130 1
115 5 N1 N1 73 0.130 0
115 6 N2 N1 64 0.300 0
115 7 N2 N2 254 0.300 1
115 8 N4 N1 0 0.470 0
115 9 N4 N2 121 0.470 1
116 1 N3 N3 0 0.980 0
116 2 N3 N1 47 0.980 0
116 3 N3 N2 159 0.980 1
116 4 N1 N2 195 0.170 1
116 5 N1 N1 73 0.170 0
116 6 N2 N1 64 0.330 0
116 7 N2 N2 253 0.330 1
116 8 N4 N1 0 1.540 0
116 9 N4 N2 121 1.540 1
117 1 N3 N3 0 0.630 0
117 2 N3 N1 47 0.630 0
117 3 N3 N2 157 0.630 1
117 4 N1 N2 194 0.230 1
117 5 N1 N1 73 0.230 0
117 6 N2 N1 63 0.260 0
117 7 N2 N2 253 0.260 1
117 8 N4 N1 0 2.620 0
117 9 N4 N2 121 2.620 1
118 1 N3 N3 0 1.700 0
118 2 N3 N1 47 1.700 0
118 3 N3 N2 157 1.700 1
118 4 N1 N2 193 0.230 1
118 5 N1 N1 73 0.230 0
118 6 N2 N1 61 0.440 0
118 7 N2 N2 252 0.440 1
118 8 N4 N1 0 3.690 0
118 9 N4 N2 121 3.690 1
119 1 N3 N3 0 0.120 0
119 2 N3 N1 45 0.120 0
119 3 N3 N2 157 0.120 1
119 4 N1 N2 192 0.290 1
119 5 N1 N1 72 0.290 0
119 6 N2 N1 60 0.360 0
119 7 N2 N2 251 0.360 1
119 8 N4 N1 17 0.120 0
119 9 N4 N2 114 0.120 1
120 1 N3 N3 0 0.560 0
120 2 N3 N1 44 0.560 0
120 3 N3 N2 157 0.560 1
120 4 N1 N2 191 0.090 1
120 5 N1 N1 70 0.090 0
120 6 N2 N1 59 0.010 0
120 7 N2 N2 251 0.010 1
120 8 N4 N1 17 0.560 0
120 9 N4 N2 107 0.560 1
121 1 N3 N3 0 0.260 0
121 2 N3 N1 42 0.260 0
121 3 N3 N2 157 0.260 1
121 4 N1 N2 192 0.350 1
121 5 N1 N1 69 0.350 0
121 6 N2 N1 58 0.050 0
121 7 N2 N2 251 0.050 1
121 8 N4 N1 17 1.630 0
121 9 N4 N2 107 1.630 1
122 1 N3 N3 0 1.340 0
122 2 N3 N1 42 1.340 0
122 3 N3 N2 157 1.340 1
122 4 N1 N2 191 0.380 1
122 5 N1 N1 69 0.380 0
122 6 N2 N1 58 0.140 0
122 7 N2 N2 251 0.140 1
122 8 N4 N1 17 2.710 0
122 9 N4 N2 107 2.710 1
123 1 N3 N3 0 0.390 0
123 2 N3 N1 39 0.390 0
123 3 N3 N2 155 0.390 1
123 4 N1 N2 190 0.400 1
123 5 N1 N1 67 0.400 0
123 6 N2 N1 58 0.080 0
123 7 N2 N2 251 0.080 1
123 8 N4 N1 17 0.070 0
123 9 N4 N2 90 0.070 1
124 1 N3 N3 0 0.160 0
124 2 N3 N1 37 0.160 0
124 3 N3 N2 154 0.160 1
124 4 N1 N2 190 0.050 1
124 5 N1 N1 67 0.050 0
124 6 N2 N1 58 0.160 0
124 7 N2 N2 251 0.160 1
124 8 N4 N1 17 0.760 0
124 9 N4 N2 84 0.760 1
125 1 N3 N3 0 0.080 0
125 2 N3 N1 36 0.080 0
125 3 N3 N2 152 0.080 1
125 4 N1 N2 191 0.620 1
125 5 N1 N1 66 0.620 0
125 6 N2 N1 58 0.350 0
125 7 N2 N2 251 0.350 1
125 8 N4 N1 17 0.540 0
125 9 N4 N2 79 0.540 1
126 1 N3 N3 0 0.190 0
126 2 N3 N1 35 0.190 0
126 3 N3 N2 153 0.190 1
126 4 N1 N2 191 0.250 1
126 5 N1 N1 66 0.250 0
126 6 N2 N1 58 0.460 0
126 7 N2 N2 251 0.460 1
126 8 N4 N1 17 1.070 0
126 9 N4 N2 75 1.070 1
127 1 N3 N3 0 1.260 0
127 2 N3 N1 35 1.260 0
127 3 N3 N2 153 1.260 1
127 4 N1 N2 191 1.320 1
127 5 N1 N1 66 1.320 0
127 6 N2 N1 58 0.500 0
127 7 N2 N2 252 0.500 1
127 8 N4 N1 17 0.050 0
127 9 N4 N2 68 0.050 1
128 1 N3 N3 0 0.300 0
128 2 N3 N1 35 0.300 0
128 3 N3 N2 154 0.300 1
128 4 N1 N2 191 0.370 1
128 5 N1 N1 65 0.370 0
128 6 N2 N1 56 0.060 0
128 7 N2 N2 253 0.060 1
128 8 N4 N1 13 0.230 0
128 9 N4 N2 64 0.230 1
129 1 N3 N3 0 0.300 0
129 2 N3 N1 32 0.300 0
129 3 N3 N2 155 0.300 1
129 4 N1 N2 189 0.430 1
129 5 N1 N1 66 0.430 0
129 6 N2 N1 56 0.100 0
129 7 N2 N2 253 0.100 1
129 8 N4 N1 13 0.250 0
129 9 N4 N2 56 0.250 1
130 1 N3 N3 0 0.910 0
130 2 N3 N1 31 0.910 0
130 3 N3 N2 154 0.910 1
130 4 N1 N2 189 0.980 1
130 5 N1 N1 66 0.980 0
130 6 N2 N1 56 0.180 0
130 7 N2 N2 253 0.180 1
130 8 N4 N1 13 1.330 0
130 9 N4 N2 56 1.330 1
131 1 N3 N3 0 0.370 0
131 2 N3 N1 29 0.370 0
131 3 N3 N2 155 0.370 1
131 4 N1 N2 188 0.480 1
131 5 N1 N1 65 0.480 0
131 6 N2 N1 54 0.740 0
131 7 N2 N2 253 0.740 1
131 8 N4 N1 13 2.400 0
131 9 N4 N2 56 2.400 1
132 1 N3 N3 0 0.990 0
132 2 N3 N1 29 0.990 0
132 3 N3 N2 154 0.990 1
132 4 N1 N2 188 0.420 1
132 5 N1 N1 64 0.420 0
132 6 N2 N1 52 0.290 0
132 7 N2 N2 254 0.290 1
132 8 N4 N1 13 3.480 0
132 9 N4 N2 56 3.480 1
133 1 N3 N3 0 0.410 0
133 2 N3 N1 28 0.410 0
133 3 N3 N2 152 0.410 1
133 4 N1 N2 185 0.060 1
133 5 N1 N1 64 0.060 0
133 6 N2 N1 52 0.350 0
133 7 N2 N2 254 0.350 1
133 8 N4 N1 11 0.450 0
133 9 N4 N2 45 0.450 1
134 1 N3 N3 0 0.100 0
134 2 N3 N1 25 0.100 0
134 3 N3 N2 152 0.100 1
134 4 N1 N2 185 0.090 1
134 5 N1 N1 60 0.090 0
134 6 N2 N1 52 0.410 0
134 7 N2 N2 254 0.410 1
134 8 N4 N1 5 0.190 0
134 9 N4 N2 40 0.190 1
135 1 N3 N3 0 0.150 0
135 2 N3 N1 25 0.150 0
135 3 N3 N2 151 0.150 1
135 4 N1 N2 182 0.520 1
135 5 N1 N1 58 0.520 0
135 6 N2 N1 52 0.450 0
135 7 N2 N2 253 0.450 1
135 8 N4 N1 5 1.270 0
135 9 N4 N2 40 1.270 1
136 1 N3 N3 0 1.230 0
136 2 N3 N1 25 1.230 0
136 3 N3 N2 151 1.230 1
136 4 N1 N2 178 0.170 1
136 5 N1 N1 54 0.170 0
136 6 N2 N1 44 0.360 0
136 7 N2 N2 252 0.360 1
136 8 N4 N1 5 2.340 0
136 9 N4 N2 40 2.340 1
137 1 N3 N3 0 0.090 0
137 2 N3 N1 22 0.090 0
137 3 N3 N2 150 0.090 1
137 4 N1 N2 176 0.210 1
137 5 N1 N1 51 0.210 0
137 6 N2 N1 44 0.520 0
137 7 N2 N2 252 0.520 1
137 8 N4 N1 5 3.410 0
137 9 N4 N2 40 3.410 1
138 1 N3 N3 0 0.130 0
138 2 N3 N1 22 0.130 0
138 3 N3 N2 149 0.130 1
138 4 N1 N2 174 0.260 1
138 5 N1 N1 51 0.260 0
138 6 N2 N1 34 0.060 0
138 7 N2 N2 251 0.060 1
138 8 N4 N1 5 0.140 0
138 9 N4 N2 38 0.140 1
139 1 N3 N3 0 0.130 0
139 2 N3 N1 22 0.130 0
139 3 N3 N2 149 0.130 1
139 4 N1 N2 171 0.420 1
139 5 N1 N1 49 0.420 0
139 6 N2 N1 34 0.070 0
139 7 N2 N2 250 0.070 1
139 8 N4 N1 5 1.210 0
139 9 N4 N2 38 1.210 1
140 1 N3 N3 0 1.210 0
140 2 N3 N1 22 1.210 0
140 3 N3 N2 149 1.210 1
140 4 N1 N2 167 0.360 1
140 5 N1 N1 43 0.360 0
140 6 N2 N1 27 0.030 0
140 7 N2 N2 248 0.030 1
140 8 N4 N1 5 2.290 0
140 9 N4 N2 38 2.290 1
141 1 N3 N3 0 0.220 0
141 2 N3 N1 21 0.220 0
141 3 N3 N2 151 0.220 1
141 4 N1 N2 166 0.380 1
141 5 N1 N1 43 0.380 0
141 6 N2 N1 27 0.200 0
141 7 N2 N2 248 0.200 1
141 8 N4 N1 5 0.200 0
141 9 N4 N2 32 0.200 1
142 1 N3 N3 0 0.540 0
142 2 N3 N1 0 0.540 0
142 3 N3 N2 152 0.540 1
142 4 N1 N2 165 0.520 1
142 5 N1 N1 41 0.520 0
142 6 N2 N1 21 0.150 0
142 7 N2 N2 247 0.150 1
142 8 N4 N1 5 0.560 0
142 9 N4 N2 31 0.560 1
143 1 N3 N3 0 0.520 0
143 2 N3 N1 0 0.520 0
143 3 N3 N2 154 0.520 1
143 4 N1 N2 163 0.510 1
143 5 N1 N1 36 0.510 0
143 6 N2 N1 21 0.360 0
143 7 N2 N2 247 0.360 1
143 8 N4 N1 5 0.520 0
143 9 N4 N2 29 0.520 1
144 1 N3 N3 0 0.090 0
144 2 N3 N1 0 0.090 0
144 3 N3 N2 157 0.090 1
144 4 N1 N2 160 0.010 1
144 5 N1 N1 31 0.010 0
144 6 N2 N1 17 0.400 0
144 7 N2 N2 246 0.400 1
144 8 N4 N1 5 0.110 0
144 9 N4 N2 28 0.110 1
145 1 N3 N3 0 0.090 0
145 2 N3 N1 0 0.090 0
145 3 N3 N2 158 0.090 1
145 4 N1 N2 157 0.060 1
145 5 N1 N1 33 0.060 0
145 6 N2 N1 26 0.320 0
145 7 N2 N2 246 0.320 1
145 8 N4 N1 4 0.040 0
145 9 N4 N2 27 0.040 1
146 1 N3 N3 0 0.230 0
146 2 N3 N1 0 0.230 0
146 3 N3 N2 160 0.230 1
146 4 N1 N2 156 0.060 1
146 5 N1 N1 38 0.060 0
146 6 N2 N1 29 0.500 0
146 7 N2 N2 246 0.500 1
146 8 N4 N1 3 0.240 0
146 9 N4 N2 28 0.240 1
147 1 N3 N3 0 0.290 0
147 2 N3 N1 0 0.290 0
147 3 N3 N2 161 0.290 1
147 4 N1 N2 155 0.180 1
147 5 N1 N1 39 0.180 0
147 6 N2 N1 32 0.420 0
147 7 N2 N2 247 0.420 1
147 8 N4 N1 3 0.600 0
147 9 N4 N2 29 0.600 1
148 1 N3 N3 0 0.010 0
148 2 N3 N1 0 0.010 0
148 3 N3 N2 162 0.010 1
148 4 N1 N2 154 0.230 1
148 5 N1 N1 39 0.230 0
148 6 N2 N1 41 0.050 0
148 7 N2 N2 247 0.050 1
148 8 N4 N1 3 0.050 0
148 9 N4 N2 33 0.050 1
149 1 N3 N3 0 1.080 0
149 2 N3 N1 0 1.080 0
149 3 N3 N2 162 1.080 1
149 4 N1 N2 153 0.250 1
149 5 N1 N1 44 0.250 0
149 6 N2 N1 41 0.110 0
149 7 N2 N2 247 0.110 1
149 8 N4 N1 3 0.690 0
149 9 N4 N2 35 0.690 1
150 1 N3 N3 0 2.150 0
150 2 N3 N1 0 2.150 0
150 3 N3 N2 162 2.150 1
150 4 N1 N2 151 0.280 1
150 5 N1 N1 48 0.280 0
150 6 N2 N1 41 0.560 0
150 7 N2 N2 247 0.560 1
150 8 N4 N1 3 1.050 0
150 9 N4 N2 37 1.050 1
151 1 N3 N3 0 0.240 0
151 2 N3 N1 0 0.240 0
151 3 N3 N2 163 0.240 1
151 4 N1 N2 149 0.240 1
151 5 N1 N1 48 0.240 0
151 6 N2 N1 43 0.100 0
151 7 N2 N2 247 0.100 1
151 8 N4 N1 3 0.240 0
151 9 N4 N2 39 0.240 1
152 1 N3 N3 0 0.070 0
152 2 N3 N1 0 0.070 0
152 3 N3 N2 165 0.070 1
152 4 N1 N2 148 0.410 1
152 5 N1 N1 48 0.410 0
152 6 N2 N1 43 0.260 0
152 7 N2 N2 247 0.260 1
152 8 N4 N1 3 0.410 0
152 9 N4 N2 40 0.410 1
153 1 N3 N3 0 0.120 0
153 2 N3 N1 0 0.120 0
153 3 N3 N2 166 0.120 1
153 4 N1 N2 147 0.470 1
153 5 N1 N1 49 0.470 0
153 6 N2 N1 43 0.320 0
153 7 N2 N2 247 0.320 1
153 8 N4 N1 3 0.430 0
153 9 N4 N2 41 0.430 1
154 1 N3 N3 0 0.150 0
154 2 N3 N1 0 0.150 0
154 3 N3 N2 167 0.150 1
154 4 N1 N2 146 0.500 1
154 5 N1 N1 50 0.500 0
154 6 N2 N1 43 0.250 0
154 7 N2 N2 246 0.250 1
154 8 N4 N1 3 0.420 0
154 9 N4 N2 44 0.420 1
155 1 N3 N3 0 0.200 0
155 2 N3 N1 0 0.200 0
155 3 N3 N2 169 0.200 1
155 4 N1 N2 146 0.560 1
155 5 N1 N1 50 0.560 0
155 6 N2 N1 43 0.450 0
155 7 N2 N2 244 0.450 1
155 8 N4 N1 0 0.450 0
155 9 N4 N2 46 0.450 1
156 1 N3 N3 0 1.270 0
156 2 N3 N1 0 1.270 0
156 3 N3 N2 169 1.270 1
156 4 N1 N2 145 0.130 1
156 5 N1 N1 50 0.130 0
156 6 N2 N1 43 0.500 0
156 7 N2 N2 243 0.500 1
156 8 N4 N1 0 1.520 0
156 9 N4 N2 46 1.520 1
157 1 N3 N3 0 0.270 0
157 2 N3 N1 0 0.270 0
157 3 N3 N2 171 0.270 1
157 4 N1 N2 144 0.140 1
157 5 N1 N1 50 0.140 0
157 6 N2 N1 44 0.030 0
157 7 N2 N2 240 0.030 1
157 8 N4 N1 0 0.110 0
157 9 N4 N2 48 0.110 1
158 1 N3 N3 0 0.340 0
158 2 N3 N1 0 0.340 0
158 3 N3 N2 174 0.340 1
158 4 N1 N2 145 0.210 1
158 5 N1 N1 50 0.210 0
158 6 N2 N1 46 0.080 0
158 7 N2 N2 239 0.080 1
158 8 N4 N1 0 0.160 0
158 9 N4 N2 49 0.160 1
159 1 N3 N3 0 0.400 0
159 2 N3 N1 0 0.400 0
159 3 N3 N2 177 0.400 1
159 4 N1 N2 146 0.240 1
159 5 N1 N1 52 0.240 0
159 6 N2 N1 47 0.120 0
159 7 N2 N2 237 0.120 1
159 8 N4 N1 0 0.150 0
159 9 N4 N2 50 0.150 1
160 1 N3 N3 0 0.460 0
160 2 N3 N1 0 0.460 0
160 3 N3 N2 179 0.460 1
160 4 N1 N2 146 0.310 1
160 5 N1 N1 53 0.310 0
160 6 N2 N1 48 0.700 0
160 7 N2 N2 236 0.700 1
160 8 N4 N1 0 0.260 0
160 9 N4 N2 50 0.260 1
161 1 N3 N3 0 0.520 0
161 2 N3 N1 0 0.520 0
161 3 N3 N2 182 0.520 1
161 4 N1 N2 146 0.340 1
161 5 N1 N1 55 0.340 0
161 6 N2 N1 51 0.110 0
161 7 N2 N2 235 0.110 1
161 8 N4 N1 0 0.290 0
161 9 N4 N2 53 0.290 1
162 1 N3 N3 0 0.080 0
162 2 N3 N1 0 0.080 0
162 3 N3 N2 186 0.080 1
162 4 N1 N2 148 0.410 1
162 5 N1 N1 61 0.410 0
162 6 N2 N1 51 0.300 0
162 7 N2 N2 235 0.300 1
162 8 N4 N1 0 0.330 0
162 9 N4 N2 56 0.330 1
163 1 N3 N3 0 0.120 0
163 2 N3 N1 0 0.120 0
163 3 N3 N2 189 0.120 1
163 4 N1 N2 150 0.480 1
163 5 N1 N1 62 0.480 0
163 6 N2 N1 53 0.360 0
163 7 N2 N2 235 0.360 1
163 8 N4 N1 0 0.920 0
163 9 N4 N2 57 0.920 1
164 1 N3 N3 0 0.180 0
164 2 N3 N1 0 0.180 0
164 3 N3 N2 190 0.180 1
164 4 N1 N2 153 0.020 1
164 5 N1 N1 65 0.020 0
164 6 N2 N1 56 0.300 0
164 7 N2 N2 235 0.300 1
164 8 N4 N1 0 2.000 0
164 9 N4 N2 57 2.000 1
165 1 N3 N3 0 0.260 0
165 2 N3 N1 0 0.260 0
165 3 N3 N2 192 0.260 1
165 4 N1 N2 154 0.090 1
165 5 N1 N1 67 0.090 0
165 6 N2 N1 58 0.370 0
165 7 N2 N2 235 0.370 1
165 8 N4 N1 0 0.510 0
165 9 N4 N2 60 0.510 1
166 1 N3 N3 0 0.120 0
166 2 N3 N1 0 0.120 0
166 3 N3 N2 192 0.120 1
166 4 N1 N2 158 0.110 1
166 5 N1 N1 67 0.110 0
166 6 N2 N1 58 0.150 0
166 7 N2 N2 235 0.150 1
166 8 N4 N1 0 0.010 0
166 9 N4 N2 65 0.010 1
167 1 N3 N3 0 0.870 0
167 2 N3 N1 0 0.870 0
167 3 N3 N2 192 0.870 1
167 4 N1 N2 159 0.150 1
167 5 N1 N1 70 0.150 0
167 6 N2 N1 62 0.420 0
167 7 N2 N2 236 0.420 1
167 8 N4 N1 0 1.090 0
167 9 N4 N2 65 1.090 1
168 1 N3 N3 0 0.410 0
168 2 N3 N1 0 0.410 0
168 3 N3 N2 192 0.410 1
168 4 N1 N2 159 0.630 1
168 5 N1 N1 70 0.630 0
168 6 N2 N1 60 0.080 0
168 7 N2 N2 237 0.080 1
168 8 N4 N1 0 0.100 0
168 9 N4 N2 71 0.100 1
169 1 N3 N3 0 0.210 0
169 2 N3 N1 0 0.210 0
169 3 N3 N2 192 0.210 1
169 4 N1 N2 159 0.570 1
169 5 N1 N1 71 0.570 0
169 6 N2 N1 60 0.090 0
169 7 N2 N2 239 0.090 1
169 8 N4 N1 0 0.130 0
169 9 N4 N2 74 0.130 1
170 1 N3 N3 0 0.510 0
170 2 N3 N1 0 0.510 0
170 3 N3 N2 191 0.510 1
170 4 N1 N2 160 0.300 1
170 5 N1 N1 72 0.300 0
170 6 N2 N1 60 0.150 0
170 7 N2 N2 240 0.150 1
170 8 N4 N1 0 0.150 0
170 9 N4 N2 80 0.150 1
171 1 N3 N3 0 0.060 0
171 2 N3 N1 0 0.060 0
171 3 N3 N2 190 0.060 1
171 4 N1 N2 161 0.340 1
171 5 N1 N1 74 0.340 0
171 6 N2 N1 60 0.260 0
171 7 N2 N2 242 0.260 1
171 8 N4 N1 0 0.260 0
171 9 N4 N2 85 0.260 1
172 1 N3 N3 0 0.110 0
172 2 N3 N1 0 0.110 0
172 3 N3 N2 190 0.110 1
172 4 N1 N2 162 0.390 1
172 5 N1 N1 77 0.390 0
172 6 N2 N1 68 0.280 0
172 7 N2 N2 244 0.280 1
172 8 N4 N1 0 0.280 0
172 9 N4 N2 91 0.280 1
173 1 N3 N3 0 1.190 0
173 2 N3 N1 0 1.190 0
173 3 N3 N2 190 1.190 1
173 4 N1 N2 163 0.410 1
173 5 N1 N1 77 0.410 0
173 6 N2 N1 69 0.710 0
173 7 N2 N2 245 0.710 1
173 8 N4 N1 0 0.840 0
173 9 N4 N2 94 0.840 1
174 1 N3 N3 0 0.160 0
174 2 N3 N1 0 0.160 0
174 3 N3 N2 189 0.160 1
174 4 N1 N2 165 0.020 1
174 5 N1 N1 73 0.020 0
174 6 N2 N1 69 0.380 0
174 7 N2 N2 247 0.380 1
174 8 N4 N1 0 0.380 0
174 9 N4 N2 97 0.380 1
175 1 N3 N3 0 0.180 0
175 2 N3 N1 0 0.180 0
175 3 N3 N2 188 0.180 1
175 4 N1 N2 165 0.480 1
175 5 N1 N1 73 0.480 0
175 6 N2 N1 72 0.420 0
175 7 N2 N2 249 0.420 1
175 8 N4 N1 0 0.930 0
175 9 N4 N2 99 0.930 1
176 1 N3 N3 0 0.730 0
176 2 N3 N1 0 0.730 0
176 3 N3 N2 187 0.730 1
176 4 N1 N2 166 0.020 1
176 5 N1 N1 69 0.020 0
176 6 N2 N1 72 0.480 0
176 7 N2 N2 252 0.480 1
176 8 N4 N3 7 0.480 0
176 9 N4 N1 0 0.480 0
176 10 N4 N2 104 0.480 1
177 1 N3 N3 0 1.810 0
177 2 N3 N1 0 1.810 0
177 3 N3 N2 187 1.810 1
177 4 N1 N2 166 0.690 1
177 5 N1 N1 68 0.690 0
177 6 N2 N1 72 1.040 0
177 7 N2 N2 252 1.040 1
177 8 N4 N3 7 1.040 0
177 9 N4 N1 0 1.040 0
177 10 N4 N2 106 1.040 1
178 1 N3 N3 0 2.890 0
178 2 N3 N1 0 2.890 0
178 3 N3 N2 187 2.890 1
178 4 N1 N2 166 1.770 1
178 5 N1 N1 68 1.770 0
178 6 N2 N1 72 0.040 0
178 7 N2 N2 254 0.040 1
178 8 N4 N3 7 2.120 0
178 9 N4 N1 0 2.120 0
178 10 N4 N2 106 2.120 1
179 1 N3 N3 0 0.430 0
179 2 N3 N1 0 0.430 0
179 3 N3 N2 188 0.430 1
179 4 N1 N2 166 0.240 1
179 5 N1 N1 65 0.240 0
179 6 N2 N1 56 0.090 0
179 7 N2 N2 255 0.090 1
179 8 N4 N3 7 1.020 0
179 9 N4 N1 0 1.020 0
179 10 N4 N2 108 1.020 1
180 1 N3 N3 0 0.450 0
180 2 N3 N1 0 0.450 0
180 3 N3 N2 188 0.450 1
180 4 N1 N2 166 0.920 1
180 5 N1 N1 65 0.920 0
180 6 N2 N1 53 0.050 0
180 7 N2 N2 255 0.050 1
180 8 N4 N3 7 2.090 0
180 9 N4 N1 0 2.090 0
180 10 N4 N2 108 2.090 1
181 1 N3 N3 0 0.500 0
181 2 N3 N1 0 0.500 0
181 3 N3 N2 188 0.500 1
181 4 N1 N2 166 0.310 1
181 5 N1 N1 65 0.310 0
181 6 N2 N1 43 0.070 0
181 7 N2 N2 254 0.070 1
181 8 N4 N3 7 3.170 0
181 9 N4 N1 0 3.170 0
181 10 N4 N2 108 3.170 1
182 1 N3 N3 0 0.070 0
182 2 N3 N1 0 0.070 0
182 3 N3 N2 187 0.070 1
182 4 N1 N2 167 0.420 1
182 5 N1 N1 65 0.420 0
182 6 N2 N1 42 0.160 0
182 7 N2 N2 253 0.160 1
182 8 N4 N3 7 0.850 0
182 9 N4 N1 0 0.850 0
182 10 N4 N2 110 0.850 1
183 1 N3 N3 0 1.150 0
183 2 N3 N1 0 1.150 0
183 3 N3 N2 187 1.150 1
183 4 N1 N2 167 1.000 1
183 5 N1 N1 65 1.000 0
183 6 N2 N1 41 0.270 0
183 7 N2 N2 252 0.270 1
183 8 N4 N3 7 0.890 0
183 9 N4 N1 0 0.890 0
183 10 N4 N2 112 0.890 1
184 1 N3 N3 0 0.140 0
184 2 N3 N1 0 0.140 0
184 3 N3 N2 186 0.140 1
184 4 N1 N2 169 0.040 1
184 5 N1 N1 63 0.040 0
184 6 N2 N1 39 0.280 0
184 7 N2 N2 252 0.280 1
184 8 N4 N3 7 0.140 0
184 9 N4 N1 0 0.140 0
184 10 N4 N2 114 0.140 1
185 1 N3 N3 0 0.720 0
185 2 N3 N1 0 0.720 0
185 3 N3 N2 186 0.720 1
185 4 N1 N2 169 1.120 1
185 5 N1 N1 63 1.120 0
185 6 N2 N1 38 0.350 0
185 7 N2 N2 251 0.350 1
185 8 N4 N3 7 0.970 0
185 9 N4 N1 0 0.970 0
185 10 N4 N2 115 0.970 1
186 1 N3 N3 0 0.300 0
186 2 N3 N1 0 0.300 0
186 3 N3 N2 184 0.300 1
186 4 N1 N2 171 0.240 1
186 5 N1 N1 62 0.240 0
186 6 N2 N1 39 0.380 0
186 7 N2 N2 251 0.380 1
186 8 N4 N3 7 0.500 0
186 9 N4 N1 0 0.500 0
186 10 N4 N2 117 0.500 1
187 1 N3 N3 0 0.360 0
187 2 N3 N1 0 0.360 0
187 3 N3 N2 183 0.360 1
187 4 N1 N2 175 0.190 1
187 5 N1 N1 60 0.190 0
187 6 N2 N1 39 0.050 0
187 7 N2 N2 250 0.050 1
187 8 N4 N3 7 1.580 0
187 9 N4 N1 0 1.580 0
187 10 N4 N2 117 1.580 1
188 1 N3 N3 0 0.970 0
188 2 N3 N1 0 0.970 0
188 3 N3 N2 182 0.970 1
188 4 N1 N2 177 0.250 1
188 5 N1 N1 58 0.250 0
188 6 N2 N1 36 0.020 0
188 7 N2 N2 249 0.020 1
188 8 N4 N3 7 2.680 0
188 9 N4 N1 0 2.680 0
188 10 N4 N2 117 2.680 1
189 1 N3 N3 0 0.530 0
189 2 N3 N1 0 0.530 0
189 3 N3 N2 179 0.530 1
189 4 N1 N2 178 0.300 1
189 5 N1 N1 58 0.300 0
189 6 N2 N1 36 0.180 0
189 7 N2 N2 248 0.180 1
189 8 N4 N3 7 0.180 0
189 9 N4 N1 0 0.180 0
189 10 N4 N2 119 0.180 1
190 1 N3 N3 0 0.030 0
190 2 N3 N1 0 0.030 0
190 3 N3 N2 178 0.030 1
190 4 N1 N2 179 0.350 1
190 5 N1 N1 56 0.350 0
190 6 N2 N1 36 0.240 0
190 7 N2 N2 247 0.240 1
190 8 N4 N3 7 0.750 0
190 9 N4 N1 0 0.750 0
190 10 N4 N2 120 0.750 1
191 1 N3 N3 0 0.120 0
191 2 N3 N1 0 0.120 0
191 3 N3 N2 173 0.120 1
191 4 N1 N2 179 1.430 1
191 5 N1 N1 56 1.430 0
191 6 N2 N1 31 0.290 0
191 7 N2 N2 245 0.290 1
191 8 N4 N3 7 1.830 0
191 9 N4 N1 0 1.830 0
191 10 N4 N2 120 1.830 1
192 1 N3 N3 0 0.680 0
192 2 N3 N1 0 0.680 0
192 3 N3 N2 171 0.680 1
192 4 N1 N2 179 0.060 1
192 5 N1 N1 44 0.060 0
192 6 N2 N1 26 0.370 0
192 7 N2 N2 243 0.370 1
192 8 N4 N3 7 0.880 0
192 9 N4 N1 0 0.880 0
192 10 N4 N2 121 0.880 1
193 1 N3 N3 0 1.760 0
193 2 N3 N1 0 1.760 0
193 3 N3 N2 171 1.760 1
193 4 N1 N2 180 0.010 1
193 5 N1 N1 40 0.010 0
193 6 N2 N1 26 0.380 0
193 7 N2 N2 241 0.380 1
193 8 N4 N3 7 0.380 0
193 9 N4 N1 0 0.380 0
193 10 N4 N2 121 0.380 1
194 1 N3 N3 0 0.070 0
194 2 N3 N1 0 0.070 0
194 3 N3 N2 169 0.070 1
194 4 N1 N2 179 0.180 1
194 5 N1 N1 37 0.180 0
194 6 N2 N1 23 0.430 0
194 7 N2 N2 239 0.430 1
194 8 N4 N3 0 0.430 0
194 9 N4 N1 0 0.430 0
194 10 N4 N2 122 0.430 1
195 1 N3 N3 0 0.340 0
195 2 N3 N1 0 0.340 0
195 3 N3 N2 166 0.340 1
195 4 N1 N2 180 0.130 1
195 5 N1 N1 29 0.130 0
195 6 N2 N1 17 0.360 0
195 7 N2 N2 238 0.360 1
195 8 N4 N3 0 0.480 0
195 9 N4 N1 0 0.480 0
195 10 N4 N2 122 0.480 1
196 1 N3 N3 0 0.400 0
196 2 N3 N1 0 0.400 0
196 3 N3 N2 163 0.400 1
196 4 N1 N2 181 0.710 1
196 5 N1 N1 27 0.710 0
196 6 N2 N1 16 0.380 0
196 7 N2 N2 236 0.380 1
196 8 N4 N3 0 1.560 0
196 9 N4 N1 0 1.560 0
196 10 N4 N2 122 1.560 1
197 1 N3 N3 0 0.990 0
197 2 N3 N1 0 0.990 0
197 3 N3 N2 161 0.990 1
197 4 N1 N2 184 0.240 1
197 5 N1 N1 22 0.240 0
197 6 N2 N1 15 0.020 0
197 7 N2 N2 235 0.020 1
197 8 N4 N3 0 0.580 0
197 9 N4 N1 0 0.580 0
197 10 N4 N2 122 0.580 1
198 1 N3 N3 0 0.030 0
198 2 N3 N1 0 0.030 0
198 3 N3 N2 159 0.030 1
198 4 N1 N2 186 0.850 1
198 5 N1 N1 22 0.850 0
198 6 N2 N1 12 0.090 0
198 7 N2 N2 233 0.090 1
198 8 N4 N3 0 0.120 0
198 9 N4 N1 0 0.120 0
198 10 N4 N2 123 0.120 1
199 1 N3 N3 0 0.100 0
199 2 N3 N1 0 0.100 0
199 3 N3 N2 159 0.100 1
199 4 N1 N2 192 0.330 1
199 5 N1 N1 20 0.330 0
199 6 N2 N1 11 0.040 0
199 7 N2 N2 232 0.040 1
199 8 N4 N3 0 1.200 0
199 9 N4 N1 0 1.200 0
199 10 N4 N2 123 1.200 1
200 1 N3 N3 0 0.170 0
200 2 N3 N1 0 0.170 0
200 3 N3 N2 159 0.170 1
200 4 N1 N2 195 0.410 1
200 5 N1 N1 20 0.410 0
200 6 N2 N1 11 0.220 0
200 7 N2 N2 232 0.220 1
200 8 N4 N3 0 0.220 0
200 9 N4 N1 0 0.220 0
200 10 N4 N2 125 0.220 1
201 1 N3 N3 0 0.250 0
201 2 N3 N1 0 0.250 0
201 3 N3 N2 160 0.250 1
201 4 N1 N2 196 0.580 1
201 5 N1 N1 19 0.580 0
201 6 N2 N1 11 0.320 0
201 7 N2 N2 231 0.320 1
201 8 N4 N3 0 0.320 0
201 9 N4 N1 0 0.320 0
201 10 N4 N2 127 0.320 1
202 1 N3 N3 0 1.330 0
202 2 N3 N1 0 1.330 0
202 3 N3 N2 160 1.330 1
202 4 N1 N2 197 0.150 1
202 5 N1 N1 17 0.150 0
202 6 N2 N1 11 0.890 0
202 7 N2 N2 230 0.890 1
202 8 N4 N3 0 0.890 0
202 9 N4 N1 0 0.890 0
202 10 N4 N2 127 0.890 1
203 1 N3 N3 0 0.370 0
203 2 N3 N1 0 0.370 0
203 3 N3 N2 161 0.370 1
203 4 N1 N2 198 0.090 1
203 5 N1 N1 16 0.090 0
203 6 N2 N1 11 0.430 0
203 7 N2 N2 230 0.430 1
203 8 N4 N3 0 1.970 0
203 9 N4 N1 0 1.970 0
203 10 N4 N2 127 1.970 1
204 1 N3 N3 0 0.420 0
204 2 N3 N1 0 0.420 0
204 3 N3 N2 160 0.420 1
204 4 N1 N2 197 0.140 1
204 5 N1 N1 15 0.140 0
204 6 N2 N1 11 0.370 0
204 7 N2 N2 227 0.370 1
204 8 N4 N3 0 3.050 0
204 9 N4 N1 0 3.050 0
204 10 N4 N2 127 3.050 1
205 1 N3 N3 0 1.520 0
205 2 N3 N1 0 1.520 0
205 3 N3 N2 160 1.520 1
205 4 N1 N2 196 0.740 1
205 5 N1 N1 15 0.740 0
205 6 N2 N1 11 0.540 0
205 7 N2 N2 225 0.540 1
205 8 N4 N3 0 0.540 0
205 9 N4 N1 0 0.540 0
205 10 N4 N2 128 0.540 1
206 1 N3 N3 0 0.280 0
206 2 N3 N1 0 0.280 0
206 3 N3 N2 160 0.280 1
206 4 N1 N2 196 1.810 1
206 5 N1 N1 15 1.810 0
206 6 N2 N1 11 0.380 0
206 7 N2 N2 223 0.380 1
206 8 N4 N3 0 1.610 0
206 9 N4 N1 0 1.610 0
206 10 N4 N2 128 1.610 1
207 1 N3 N3 0 1.360 0
207 2 N3 N1 0 1.360 0
207 3 N3 N2 160 1.360 1
207 4 N1 N2 196 2.890 1
207 5 N1 N1 15 2.890 0
207 6 N2 N1 11 0.640 0
207 7 N2 N2 222 0.640 1
207 8 N4 N3 0 2.690 0
207 9 N4 N1 0 2.690 0
207 10 N4 N2 128 2.690 1
208 1 N3 N3 0 1.060 0
208 2 N3 N1 0 1.060 0
208 3 N3 N2 160 1.060 1
208 4 N1 N2 195 0.360 1
208 5 N1 N1 15 0.360 0
208 6 N2 N1 11 0.700 0
208 7 N2 N2 220 0.700 1
208 8 N4 N3 0 3.770 0
208 9 N4 N1 0 3.770 0
208 10 N4 N2 128 3.770 1
209 1 N3 N3 0 0.220 0
209 2 N3 N1 0 0.220 0
209 3 N3 N2 157 0.220 1
209 4 N1 N2 192 0.450 1
209 5 N1 N1 14 0.450 0
209 6 N2 N1 11 0.250 0
209 7 N2 N2 217 0.250 1
209 8 N4 N3 0 0.160 0
209 9 N4 N1 0 0.160 0
209 10 N4 N2 127 0.160 1
210 1 N3 N3 0 0.310 0
210 2 N3 N1 0 0.310 0
210 3 N3 N2 154 0.310 1
210 4 N1 N2 190 0.110 1
210 5 N1 N1 14 0.110 0
210 6 N2 N1 0 0.210 0
210 7 N2 N2 215 0.210 1
210 8 N4 N3 0 1.240 0
210 9 N4 N1 0 1.240 0
210 10 N4 N2 127 1.240 1
211 1 N3 N3 0 0.360 0
211 2 N3 N1 0 0.360 0
211 3 N3 N2 153 0.360 1
211 4 N1 N2 185 0.030 1
211 5 N1 N1 11 0.030 0
211 6 N2 N1 5 0.230 0
211 7 N2 N2 212 0.230 1
211 8 N4 N3 0 0.250 0
211 9 N4 N1 0 0.250 0
211 10 N4 N2 127 0.250 1
212 1 N3 N3 0 0.430 0
212 2 N3 N1 0 0.430 0
212 3 N3 N2 151 0.430 1
212 4 N1 N2 185 1.110 1
212 5 N1 N1 11 1.110 0
212 6 N2 N1 5 0.420 0
212 7 N2 N2 209 0.420 1
212 8 N4 N3 0 0.320 0
212 9 N4 N1 0 0.320 0
212 10 N4 N2 128 0.320 1
213 1 N3 N3 0 0.950 0
213 2 N3 N1 9 0.950 0
213 3 N3 N2 150 0.950 1
213 4 N1 N2 179 0.140 1
213 5 N1 N1 11 0.140 0
213 6 N2 N1 9 0.350 0
213 7 N2 N2 207 0.350 1
213 8 N4 N3 0 0.360 0
213 9 N4 N1 7 0.360 0
213 10 N4 N2 127 0.360 1
214 1 N3 N3 0 0.070 0
214 2 N3 N1 9 0.070 0
214 3 N3 N2 147 0.070 1
214 4 N1 N2 176 0.160 1
214 5 N1 N1 11 0.160 0
214 6 N2 N1 10 0.400 0
214 7 N2 N2 205 0.400 1
214 8 N4 N3 0 0.410 0
214 9 N4 N1 7 0.410 0
214 10 N4 N2 126 0.410 1
215 1 N3 N3 0 0.120 0
215 2 N3 N1 8 0.120 0
215 3 N3 N2 145 0.120 1
215 4 N1 N2 176 0.720 1
215 5 N1 N1 11 0.720 0
215 6 N2 N1 10 0.050 0
215 7 N2 N2 203 0.050 1
215 8 N4 N3 0 0.050 0
215 9 N4 N1 7 0.050 0
215 10 N4 N2 123 0.050 1
216 1 N3 N3 0 0.120 0
216 2 N3 N1 8 0.120 0
216 3 N3 N2 143 0.120 1
216 4 N1 N2 175 0.250 1
216 5 N1 N1 12 0.250 0
216 6 N2 N1 11 0.090 0
216 7 N2 N2 203 0.090 1
216 8 N4 N3 0 0.090 0
216 9 N4 N1 7 0.090 0
216 10 N4 N2 122 0.090 1
217 1 N3 N3 0 0.190 0
217 2 N3 N1 8 0.190 0
217 3 N3 N2 142 0.190 1
217 4 N1 N2 173 0.320 1
217 5 N1 N1 13 0.320 0
217 6 N2 N1 11 0.140 0
217 7 N2 N2 202 0.140 1
217 8 N4 N3 0 0.650 0
217 9 N4 N1 7 0.650 0
217 10 N4 N2 121 0.650 1
218 1 N3 N3 0 0.270 0
218 2 N3 N1 8 0.270 0
218 3 N3 N2 141 0.270 1
218 4 N1 N2 171 0.310 1
218 5 N1 N1 13 0.310 0
218 6 N2 N1 11 0.240 0
218 7 N2 N2 202 0.240 1
218 8 N4 N3 0 0.240 0
218 9 N4 N1 7 0.240 0
218 10 N4 N2 120 0.240 1
219 1 N3 N3 0 0.310 0
219 2 N3 N1 8 0.310 0
219 3 N3 N2 141 0.310 1
219 4 N1 N2 170 0.470 1
219 5 N1 N1 14 0.470 0
219 6 N2 N1 11 0.300 0
219 7 N2 N2 202 0.300 1
219 8 N4 N3 0 0.300 0
219 9 N4 N1 7 0.300 0
219 10 N4 N2 121 0.300 1
220 1 N3 N3 0 0.400 0
220 2 N3 N1 9 0.400 0
220 3 N3 N2 143 0.400 1
220 4 N1 N2 169 0.030 1
220 5 N1 N1 16 0.030 0
220 6 N2 N1 13 0.040 0
220 7 N2 N2 203 0.040 1
220 8 N4 N3 0 0.340 0
220 9 N4 N1 7 0.340 0
220 10 N4 N2 121 0.340 1
221 1 N3 N3 0 0.170 0
221 2 N3 N1 10 0.170 0
221 3 N3 N2 144 0.170 1
221 4 N1 N2 168 0.040 1
221 5 N1 N1 16 0.040 0
221 6 N2 N1 15 0.270 0
221 7 N2 N2 203 0.270 1
221 8 N4 N3 0 0.170 0
221 9 N4 N1 8 0.170 0
221 10 N4 N2 121 0.170 1
222 1 N3 N3 0 0.970 0
222 2 N3 N1 12 0.970 0
222 3 N3 N2 145 0.970 1
222 4 N1 N2 164 0.080 1
222 5 N1 N1 21 0.080 0
222 6 N2 N1 17 0.300 0
222 7 N2 N2 202 0.300 1
222 8 N4 N3 0 0.420 0
222 9 N4 N1 8 0.420 0
222 10 N4 N2 122 0.420 1
223 1 N3 N3 0 0.490 0
223 2 N3 N1 12 0.490 0
223 3 N3 N2 145 0.490 1
223 4 N1 N2 164 0.130 1
223 5 N1 N1 22 0.130 0
223 6 N2 N1 20 0.340 0
223 7 N2 N2 202 0.340 1
223 8 N4 N3 0 0.450 0
223 9 N4 N1 9 0.450 0
223 10 N4 N2 121 0.450 1
224 1 N3 N3 0 0.060 0
224 2 N3 N1 12 0.060 0
224 3 N3 N2 144 0.060 1
224 4 N1 N2 163 0.200 1
224 5 N1 N1 23 0.200 0
224 6 N2 N1 22 0.390 0
224 7 N2 N2 201 0.390 1
224 8 N4 N3 0 0.510 0
224 9 N4 N1 15 0.510 0
224 10 N4 N2 120 0.510 1
225 1 N3 N3 0 0.640 0
225 2 N3 N1 13 0.640 0
225 3 N3 N2 143 0.640 1
225 4 N1 N2 163 0.770 1
225 5 N1 N1 24 0.770 0
225 6 N2 N1 24 0.010 0
225 7 N2 N2 199 0.010 1
225 8 N4 N3 0 0.010 0
225 9 N4 N1 15 0.010 0
225 10 N4 N2 119 0.010 1
226 1 N3 N3 0 0.190 0
226 2 N3 N1 15 0.190 0
226 3 N3 N2 143 0.190 1
226 4 N1 N2 160 0.310 1
226 5 N1 N1 26 0.310 0
226 6 N2 N1 24 0.060 0
226 7 N2 N2 198 0.060 1
226 8 N4 N3 0 0.540 0
226 9 N4 N1 15 0.540 0
226 10 N4 N2 119 0.540 1
227 1 N3 N3 0 0.210 0
227 2 N3 N1 19 0.210 0
227 3 N3 N2 143 0.210 1
227 4 N1 N2 159 0.370 1
227 5 N1 N1 27 0.370 0
227 6 N2 N1 24 0.110 0
227 7 N2 N2 197 0.110 1
227 8 N4 N3 0 0.110 0
227 9 N4 N1 15 0.110 0
227 10 N4 N2 118 0.110 1
228 1 N3 N3 0 0.260 0
228 2 N3 N1 19 0.260 0
228 3 N3 N2 142 0.260 1
228 4 N1 N2 160 0.440 1
228 5 N1 N1 27 0.440 0
228 6 N2 N1 24 0.160 0
228 7 N2 N2 197 0.160 1
228 8 N4 N3 0 0.160 0
228 9 N4 N1 15 0.160 0
228 10 N4 N2 118 0.160 1
229 1 N3 N3 0 0.320 0
229 2 N3 N1 21 0.320 0
229 3 N3 N2 141 0.320 1
229 4 N1 N2 161 0.480 1
229 5 N1 N1 32 0.480 0
229 6 N2 N1 30 0.220 0
229 7 N2 N2 196 0.220 1
229 8 N4 N3 0 1.240 0
229 9 N4 N1 15 1.240 0
229 10 N4 N2 118 1.240 1
230 1 N3 N3 0 0.350 0
230 2 N3 N1 23 0.350 0
230 3 N3 N2 141 0.350 1
230 4 N1 N2 161 0.600 1
230 5 N1 N1 36 0.600 0
230 6 N2 N1 43 0.120 0
230 7 N2 N2 196 0.120 1
230 8 N4 N3 0 0.250 0
230 9 N4 N1 16 0.250 0
230 10 N4 N2 117 0.250 1
231 1 N3 N3 0 0.410 0
231 2 N3 N1 25 0.410 0
231 3 N3 N2 138 0.410 1
231 4 N1 N2 161 0.060 1
231 5 N1 N1 41 0.060 0
231 6 N2 N1 44 0.180 0
231 7 N2 N2 195 0.180 1
231 8 N4 N3 0 1.350 0
231 9 N4 N1 16 1.350 0
231 10 N4 N2 117 1.350 1
232 1 N3 N3 0 0.480 0
232 2 N3 N1 25 0.480 0
232 3 N3 N2 138 0.480 1
232 4 N1 N2 162 0.100 1
232 5 N1 N1 44 0.100 0
232 6 N2 N1 47 0.220 0
232 7 N2 N2 195 0.220 1
232 8 N4 N3 0 0.340 0
232 9 N4 N1 20 0.340 0
232 10 N4 N2 115 0.340 1
233 1 N3 N3 0 0.010 0
233 2 N3 N1 27 0.010 0
233 3 N3 N2 136 0.010 1
233 4 N1 N2 161 0.180 1
233 5 N1 N1 46 0.180 0
233 6 N2 N1 47 0.380 0
233 7 N2 N2 195 0.380 1
233 8 N4 N3 0 0.390 0
233 9 N4 N1 20 0.390 0
233 10 N4 N2 111 0.390 1
234 1 N3 N3 0 0.070 0
234 2 N3 N1 27 0.070 0
234 3 N3 N2 136 0.070 1
234 4 N1 N2 161 0.220 1
234 5 N1 N1 52 0.220 0
234 6 N2 N1 47 0.430 0
234 7 N2 N2 195 0.430 1
234 8 N4 N3 0 0.430 0
234 9 N4 N1 20 0.430 0
234 10 N4 N2 109 0.430 1
235 1 N3 N3 0 0.150 0
235 2 N3 N1 28 0.150 0
235 3 N3 N2 134 0.150 1
235 4 N1 N2 162 0.310 1
235 5 N1 N1 56 0.310 0
235 6 N2 N1 47 0.470 0
235 7 N2 N2 194 0.470 1
235 8 N4 N3 0 0.010 0
235 9 N4 N1 21 0.010 0
235 10 N4 N2 106 0.010 1
236 1 N3 N3 0 0.220 0
236 2 N3 N1 28 0.220 0
236 3 N3 N2 132 0.220 1
236 4 N1 N2 164 0.390 1
236 5 N1 N1 55 0.390 0
236 6 N2 N1 46 0.010 0
236 7 N2 N2 195 0.010 1
236 8 N4 N3 0 0.040 0
236 9 N4 N1 21 0.040 0
236 10 N4 N2 104 0.040 1
237 1 N3 N3 0 0.780 0
237 2 N3 N1 28 0.780 0
237 3 N3 N2 131 0.780 1
237 4 N1 N2 167 0.030 1
237 5 N1 N1 54 0.030 0
237 6 N2 N1 45 0.030 0
237 7 N2 N2 196 0.030 1
237 8 N4 N3 0 0.650 0
237 9 N4 N1 22 0.650 0
237 10 N4 N2 104 0.650 1
238 1 N3 N3 0 0.330 0
238 2 N3 N1 28 0.330 0
238 3 N3 N2 131 0.330 1
238 4 N1 N2 171 0.080 1
238 5 N1 N1 54 0.080 0
238 6 N2 N1 44 0.090 0
238 7 N2 N2 197 0.090 1
238 8 N4 N3 0 0.200 0
238 9 N4 N1 22 0.200 0
238 10 N4 N2 104 0.200 1
239 1 N3 N3 0 0.370 0
239 2 N3 N1 28 0.370 0
239 3 N3 N2 131 0.370 1
239 4 N1 N2 176 0.020 1
239 5 N1 N1 55 0.020 0
239 6 N2 N1 45 0.150 0
239 7 N2 N2 200 0.150 1
239 8 N4 N3 0 0.250 0
239 9 N4 N1 23 0.250 0
239 10 N4 N2 105 0.250 1
240 1 N3 N3 0 0.410 0
240 2 N3 N1 28 0.410 0
240 3 N3 N2 134 0.410 1
240 4 N1 N2 180 0.050 1
240 5 N1 N1 55 0.050 0
240 6 N2 N1 45 0.180 0
240 7 N2 N2 204 0.180 1
240 8 N4 N3 0 0.300 0
240 9 N4 N1 23 0.300 0
240 10 N4 N2 107 0.300 1
241 1 N3 N3 0 0.970 0
241 2 N3 N1 28 0.970 0
241 3 N3 N2 135 0.970 1
241 4 N1 N2 183 0.090 1
241 5 N1 N1 55 0.090 0
241 6 N2 N1 47 0.130 0
241 7 N2 N2 208 0.130 1
241 8 N4 N3 0 0.340 0
241 9 N4 N1 24 0.340 0
241 10 N4 N2 108 0.340 1
242 1 N3 N3 0 0.980 0
242 2 N3 N1 28 0.980 0
242 3 N3 N2 137 0.980 1
242 4 N1 N2 184 0.100 1
242 5 N1 N1 55 0.100 0
242 6 N2 N1 47 0.300 0
242 7 N2 N2 210 0.300 1
242 8 N4 N3 0 0.300 0
242 9 N4 N1 24 0.300 0
242 10 N4 N2 109 0.300 1
243 1 N3 N3 0 0.550 0
243 2 N3 N1 0 0.550 0
243 3 N3 N2 139 0.550 1
243 4 N1 N2 184 1.190 1
243 5 N1 N1 55 1.190 0
243 6 N2 N1 48 0.210 0
243 7 N2 N2 214 0.210 1
243 8 N4 N3 0 1.390 0
243 9 N4 N1 24 1.390 0
243 10 N4 N2 109 1.390 1
244 1 N3 N3 0 0.110 0
244 2 N3 N1 0 0.110 0
244 3 N3 N2 141 0.110 1
244 4 N1 N2 187 0.180 1
244 5 N1 N1 55 0.180 0
244 6 N2 N1 48 1.290 0
244 7 N2 N2 214 1.290 1
244 8 N4 N3 0 2.470 0
244 9 N4 N1 24 2.470 0
244 10 N4 N2 109 2.470 1
245 1 N3 N3 0 0.190 0
245 2 N3 N1 0 0.190 0
245 3 N3 N2 142 0.190 1
245 4 N1 N2 191 0.130 1
245 5 N1 N1 56 0.130 0
245 6 N2 N1 49 0.440 0
245 7 N2 N2 218 0.440 1
245 8 N4 N3 0 0.040 0
245 9 N4 N1 24 0.040 0
245 10 N4 N2 113 0.040 1
246 1 N3 N3 0 0.740 0
246 2 N3 N1 0 0.740 0
246 3 N3 N2 143 0.740 1
246 4 N1 N2 191 0.410 1
246 5 N1 N1 57 0.410 0
246 6 N2 N1 49 0.460 0
246 7 N2 N2 220 0.460 1
246 8 N4 N3 0 0.020 0
246 9 N4 N1 24 0.020 0
246 10 N4 N2 114 0.020 1
247 1 N3 N3 0 0.250 0
247 2 N3 N1 0 0.250 0
247 3 N3 N2 146 0.250 1
247 4 N1 N2 190 0.380 1
247 5 N1 N1 60 0.380 0
247 6 N2 N1 51 0.010 0
247 7 N2 N2 223 0.010 1
247 8 N4 N3 0 0.160 0
247 9 N4 N1 24 0.160 0
247 10 N4 N2 114 0.160 1
248 1 N3 N3 0 0.810 0
248 2 N3 N1 0 0.810 0
248 3 N3 N2 147 0.810 1
248 4 N1 N2 190 0.430 1
248 5 N1 N1 63 0.430 0
248 6 N2 N1 54 0.040 0
248 7 N2 N2 224 0.040 1
248 8 N4 N3 0 0.240 0
248 9 N4 N1 25 0.240 0
248 10 N4 N2 116 0.240 1
249 1 N3 N3 0 0.350 0
249 2 N3 N1 0 0.350 0
249 3 N3 N2 148 0.350 1
249 4 N1 N2 190 0.050 1
249 5 N1 N1 67 0.050 0
249 6 N2 N1 60 0.090 0
249 7 N2 N2 224 0.090 1
249 8 N4 N3 0 0.270 0
249 9 N4 N1 26 0.270 0
249 10 N4 N2 116 0.270 1
250 1 N3 N3 0 0.910 0
250 2 N3 N1 0 0.910 0
250 3 N3 N2 148 0.910 1
250 4 N1 N2 185 0.100 1
250 5 N1 N1 68 0.100 0
250 6 N2 N1 64 0.030 0
250 7 N2 N2 225 0.030 1
250 8 N4 N3 0 0.850 0
250 9 N4 N1 26 0.850 0
250 10 N4 N2 116 0.850 1
251 1 N3 N3 0 0.460 0
251 2 N3 N1 0 0.460 0
251 3 N3 N2 149 0.460 1
251 4 N1 N2 184 0.030 1
251 5 N1 N1 70 0.030 0
251 6 N2 N1 64 0.100 0
251 7 N2 N2 225 0.100 1
251 8 N4 N3 0 0.930 0
251 9 N4 N1 26 0.930 0
251 10 N4 N2 117 0.930 1
252 1 N3 N3 0 0.010 0
252 2 N3 N1 0 0.010 0
252 3 N3 N2 150 0.010 1
252 4 N1 N2 185 0.090 1
252 5 N1 N1 71 0.090 0
252 6 N2 N1 63 0.170 0
252 7 N2 N2 226 0.170 1
252 8 N4 N3 0 0.990 0
252 9 N4 N1 26 0.990 0
252 10 N4 N2 117 0.990 1
253 1 N3 N3 0 1.140 0
253 2 N3 N1 0 1.140 0
253 3 N3 N2 150 1.140 1
253 4 N1 N2 185 0.180 1
253 5 N1 N1 72 0.180 0
253 6 N2 N1 63 0.370 0
253 7 N2 N2 227 0.370 1
253 8 N4 N3 0 2.120 0
253 9 N4 N1 26 2.120 0
253 10 N4 N2 117 2.120 1
254 1 N3 N3 0 0.190 0
254 2 N3 N1 0 0.190 0
254 3 N3 N2 152 0.190 1
254 4 N1 N2 185 0.870 1
254 5 N1 N1 73 0.870 0
254 6 N2 N1 63 0.390 0
254 7 N2 N2 229 0.390 1
254 8 N4 N3 0 0.150 0
254 9 N4 N1 24 0.150 0
254 10 N4 N2 119 0.150 1
255 1 N3 N3 0 0.250 0
255 2 N3 N1 0 0.250 0
255 3 N3 N2 154 0.250 1
255 4 N1 N2 186 0.300 1
255 5 N1 N1 75 0.300 0
255 6 N2 N1 62 0.280 0
255 7 N2 N2 231 0.280 1
255 8 N4 N3 0 0.700 0
255 9 N4 N1 0 0.700 0
255 10 N4 N2 119 0.700 1
256 1 N3 N3 0 0.370 0
256 2 N3 N1 0 0.370 0
256 3 N3 N2 157 0.370 1
256 4 N1 N2 186 0.350 1
256 5 N1 N1 75 0.350 0
256 6 N2 N1 61 0.060 0
256 7 N2 N2 234 0.060 1
256 8 N4 N3 0 0.260 0
256 9 N4 N1 0 0.260 0
256 10 N4 N2 121 0.260 1
257 1 N3 N3 0 0.410 0
257 2 N3 N1 0 0.410 0
257 3 N3 N2 160 0.410 1
257 4 N1 N2 188 0.420 1
257 5 N1 N1 75 0.420 0
257 6 N2 N1 65 0.020 0
257 7 N2 N2 236 0.020 1
257 8 N4 N3 0 0.880 0
257 9 N4 N1 0 0.880 0
257 10 N4 N2 122 0.880 1
258 1 N3 N3 0 0.480 0
258 2 N3 N1 0 0.480 0
258 3 N3 N2 162 0.480 1
258 4 N1 N2 190 0.490 1
258 5 N1 N1 75 0.490 0
258 6 N2 N1 65 0.210 0
258 7 N2 N2 238 0.210 1
258 8 N4 N3 0 0.400 0
258 9 N4 N1 0 0.400 0
258 10 N4 N2 124 0.400 1
259 1 N3 N3 0 1.020 0
259 2 N3 N1 0 1.020 0
259 3 N3 N2 163 1.020 1
259 4 N1 N2 190 1.570 1
259 5 N1 N1 75 1.570 0
259 6 N2 N1 65 1.290 0
259 7 N2 N2 238 1.290 1
259 8 N4 N3 0 1.480 0
259 9 N4 N1 0 1.480 0
259 10 N4 N2 124 1.480 1
260 1 N3 N3 0 0.580 0
260 2 N3 N1 0 0.580 0
260 3 N3 N2 165 0.580 1
260 4 N1 N2 190 2.650 1
260 5 N1 N1 75 2.650 0
260 6 N2 N1 65 0.310 0
260 7 N2 N2 240 0.310 1
260 8 N4 N3 0 2.560 0
260 9 N4 N1 0 2.560 0
260 10 N4 N2 124 2.560 1
261 1 N3 N3 0 1.660 0
261 2 N3 N1 0 1.660 0
261 3 N3 N2 165 1.660 1
261 4 N1 N2 190 3.730 1
261 5 N1 N1 75 3.730 0
261 6 N2 N1 65 1.390 0
261 7 N2 N2 240 1.390 1
261 8 N4 N3 0 3.640 0
261 9 N4 N1 0 3.640 0
261 10 N4 N2 124 3.640 1
262 1 N3 N3 0 2.740 0
262 2 N3 N1 0 2.740 0
262 3 N3 N2 165 2.740 1
262 4 N1 N2 190 4.810 1
262 5 N1 N1 75 4.810 0
262 6 N2 N1 65 0.100 0
262 7 N2 N2 240 0.100 1
262 8 N4 N3 0 4.720 0
262 9 N4 N1 0 4.720 0
262 10 N4 N2 124 4.720 1
263 1 N3 N3 0 3.820 0
263 2 N3 N1 0 3.820 0
263 3 N3 N2 165 3.820 1
263 4 N1 N2 190 0.030 1
263 5 N1 N1 73 0.030 0
263 6 N2 N1 65 1.180 0
263 7 N2 N2 240 1.180 1
263 8 N4 N3 0 5.800 0
263 9 N4 N1 0 5.800 0
263 10 N4 N2 124 5.800 1
264 1 N3 N3 0 0.290 0
264 2 N3 N1 0 0.290 0
264 3 N3 N2 167 0.290 1
264 4 N1 N2 182 0.230 1
264 5 N1 N1 71 0.230 0
264 6 N2 N1 62 0.040 0
264 7 N2 N2 242 0.040 1
264 8 N4 N3 0 0.140 0
264 9 N4 N1 0 0.140 0
264 10 N4 N2 125 0.140 1
265 1 N3 N3 0 0.340 0
265 2 N3 N1 0 0.340 0
265 3 N3 N2 169 0.340 1
265 4 N1 N2 179 0.280 1
265 5 N1 N1 71 0.280 0
265 6 N2 N1 61 0.080 0
265 7 N2 N2 243 0.080 1
265 8 N4 N3 0 0.200 0
265 9 N4 N1 0 0.200 0
265 10 N4 N2 125 0.200 1
266 1 N3 N3 0 0.410 0
266 2 N3 N1 0 0.410 0
266 3 N3 N2 171 0.410 1
266 4 N1 N2 176 0.340 1
266 5 N1 N1 73 0.340 0
266 6 N2 N1 59 0.040 0
266 7 N2 N2 243 0.040 1
266 8 N4 N3 0 1.280 0
266 9 N4 N1 0 1.280 0
266 10 N4 N2 125 1.280 1
267 1 N3 N3 0 0.420 0
267 2 N3 N1 0 0.420 0
267 3 N3 N2 172 0.420 1
267 4 N1 N2 175 0.480 1
267 5 N1 N1 74 0.480 0
267 6 N2 N1 62 0.200 0
267 7 N2 N2 243 0.200 1
267 8 N4 N3 0 0.770 0
267 9 N4 N1 0 0.770 0
267 10 N4 N2 125 0.770 1
268 1 N3 N3 0 0.390 0
268 2 N3 N1 0 0.390 0
268 3 N3 N2 171 0.390 1
268 4 N1 N2 175 0.390 1
268 5 N1 N1 77 0.390 0
268 6 N2 N1 62 1.280 0
268 7 N2 N2 243 1.280 1
268 8 N4 N3 0 1.850 0
268 9 N4 N1 0 1.850 0
268 10 N4 N2 125 1.850 1
269 1 N3 N3 0 0.520 0
269 2 N3 N1 0 0.520 0
269 3 N3 N2 169 0.520 1
269 4 N1 N2 175 0.100 1
269 5 N1 N1 79 0.100 0
269 6 N2 N1 64 0.320 0
269 7 N2 N2 243 0.320 1
269 8 N4 N3 0 0.400 0
269 9 N4 N1 0 0.400 0
269 10 N4 N2 124 0.400 1
270 1 N3 N3 0 0.070 0
270 2 N3 N1 0 0.070 0
270 3 N3 N2 165 0.070 1
270 4 N1 N2 172 0.070 1
270 5 N1 N1 83 0.070 0
270 6 N2 N1 68 0.250 0
270 7 N2 N2 242 0.250 1
270 8 N4 N3 0 0.440 0
270 9 N4 N1 0 0.440 0
270 10 N4 N2 123 0.440 1
271 1 N3 N3 0 0.150 0
271 2 N3 N1 0 0.150 0
271 3 N3 N2 162 0.150 1
271 4 N1 N2 170 0.150 1
271 5 N1 N1 83 0.150 0
271 6 N2 N1 68 0.430 0
271 7 N2 N2 241 0.430 1
271 8 N4 N3 0 0.540 0
271 9 N4 N1 0 0.540 0
271 10 N4 N2 121 0.540 1
272 1 N3 N3 0 0.220 0
272 2 N3 N1 0 0.220 0
272 3 N3 N2 160 0.220 1
272 4 N1 N2 166 0.230 1
272 5 N1 N1 86 0.230 0
272 6 N2 N1 68 0.000 0
272 7 N2 N2 239 0.000 1
272 8 N4 N3 0 0.030 0
272 9 N4 N1 0 0.030 0
272 10 N4 N2 118 0.030 1
273 1 N3 N3 0 0.270 0
273 2 N3 N1 0 0.270 0
273 3 N3 N2 158 0.270 1
273 4 N1 N2 165 0.290 1
273 5 N1 N1 90 0.290 0
273 6 N2 N1 70 0.030 0
273 7 N2 N2 237 0.030 1
273 8 N4 N3 0 0.070 0
273 9 N4 N1 0 0.070 0
273 10 N4 N2 117 0.070 1
274 1 N3 N3 0 0.820 0
274 2 N3 N1 0 0.820 0
274 3 N3 N2 158 0.820 1
274 4 N1 N2 165 0.880 1
274 5 N1 N1 90 0.880 0
274 6 N2 N1 69 0.070 0
274 7 N2 N2 234 0.070 1
274 8 N4 N3 0 0.120 0
274 9 N4 N1 0 0.120 0
274 10 N4 N2 114 0.120 1
275 1 N3 N3 0 0.360 0
275 2 N3 N1 0 0.360 0
275 3 N3 N2 158 0.360 1
275 4 N1 N2 164 0.360 1
275 5 N1 N1 91 0.360 0
275 6 N2 N1 69 0.180 0
275 7 N2 N2 233 0.180 1
275 8 N4 N3 0 1.210 0
275 9 N4 N1 0 1.210 0
275 10 N4 N2 114 1.210 1
276 1 N3 N3 0 1.430 0
276 2 N3 N1 0 1.430 0
276 3 N3 N2 158 1.430 1
276 4 N1 N2 164 1.430 1
276 5 N1 N1 91 1.430 0
276 6 N2 N1 69 0.200 0
276 7 N2 N2 232 0.200 1
276 8 N4 N3 0 2.280 0
276 9 N4 N1 0 2.280 0
276 10 N4 N2 114 2.280 1
277 1 N3 N3 0 2.510 0
277 2 N3 N1 0 2.510 0
277 3 N3 N2 158 2.510 1
277 4 N1 N2 164 2.510 1
277 5 N1 N1 91 2.510 0
277 6 N2 N1 70 0.140 0
277 7 N2 N2 232 0.140 1
277 8 N4 N3 0 3.360 0
277 9 N4 N1 0 3.360 0
277 10 N4 N2 114 3.360 1
278 1 N3 N3 0 3.590 0
278 2 N3 N1 0 3.590 0
278 3 N3 N2 158 3.590 1
278 4 N1 N2 164 3.590 1
278 5 N1 N1 91 3.590 0
278 6 N2 N1 70 0.210 0
278 7 N2 N2 230 0.210 1
278 8 N4 N3 0 0.220 0
278 9 N4 N1 0 0.220 0
278 10 N4 N2 111 0.220 1
279 1 N3 N3 0 0.250 0
279 2 N3 N1 0 0.250 0
279 3 N3 N2 156 0.250 1
279 4 N1 N2 163 0.560 1
279 5 N1 N1 91 0.560 0
279 6 N2 N1 70 0.370 0
279 7 N2 N2 227 0.370 1
279 8 N4 N3 0 0.250 0
279 9 N4 N1 0 0.250 0
279 10 N4 N2 109 0.250 1
280 1 N3 N3 0 1.330 0
280 2 N3 N1 0 1.330 0
280 3 N3 N2 156 1.330 1
280 4 N1 N2 163 1.640 1
280 5 N1 N1 91 1.640 0
280 6 N2 N1 67 0.870 0
280 7 N2 N2 226 0.870 1
280 8 N4 N3 0 1.330 0
280 9 N4 N1 0 1.330 0
280 10 N4 N2 109 1.330 1
281 1 N3 N3 0 0.180 0
281 2 N3 N1 0 0.180 0
281 3 N3 N2 153 0.180 1
281 4 N1 N2 163 2.720 1
281 5 N1 N1 91 2.720 0
281 6 N2 N1 67 1.950 0
281 7 N2 N2 226 1.950 1
281 8 N4 N3 0 2.410 0
281 9 N4 N1 0 2.410 0
281 10 N4 N2 109 2.410 1
282 1 N3 N3 0 0.260 0
282 2 N3 N1 0 0.260 0
282 3 N3 N2 150 0.260 1
282 4 N1 N2 161 0.270 1
282 5 N1 N1 86 0.270 0
282 6 N2 N1 67 0.020 0
282 7 N2 N2 224 0.020 1
282 8 N4 N3 0 0.530 0
282 9 N4 N1 0 0.530 0
282 10 N4 N2 106 0.530 1
283 1 N3 N3 0 0.300 0
283 2 N3 N1 0 0.300 0
283 3 N3 N2 148 0.300 1
283 4 N1 N2 159 0.850 1
283 5 N1 N1 85 0.850 0
283 6 N2 N1 67 0.100 0
283 7 N2 N2 223 0.100 1
283 8 N4 N3 0 1.610 0
283 9 N4 N1 0 1.610 0
283 10 N4 N2 106 1.610 1
284 1 N3 N3 0 0.320 0
284 2 N3 N1 0 0.320 0
284 3 N3 N2 144 0.320 1
284 4 N1 N2 157 0.380 1
284 5 N1 N1 84 0.380 0
284 6 N2 N1 48 0.040 0
284 7 N2 N2 222 0.040 1
284 8 N4 N3 0 2.690 0
284 9 N4 N1 0 2.690 0
284 10 N4 N2 106 2.690 1
285 1 N3 N3 0 0.340 0
285 2 N3 N1 0 0.340 0
285 3 N3 N2 141 0.340 1
285 4 N1 N2 155 0.940 1
285 5 N1 N1 84 0.940 0
285 6 N2 N1 38 0.180 0
285 7 N2 N2 221 0.180 1
285 8 N4 N3 0 3.770 0
285 9 N4 N1 0 3.770 0
285 10 N4 N2 106 3.770 1
286 1 N3 N3 0 1.420 0
286 2 N3 N1 0 1.420 0
286 3 N3 N2 141 1.420 1
286 4 N1 N2 151 0.460 1
286 5 N1 N1 84 0.460 0
286 6 N2 N1 38 0.230 0
286 7 N2 N2 219 0.230 1
286 8 N4 N3 0 0.230 0
286 9 N4 N1 0 0.230 0
286 10 N4 N2 103 0.230 1
287 1 N3 N3 0 0.480 0
287 2 N3 N1 0 0.480 0
287 3 N3 N2 135 0.480 1
287 4 N1 N2 148 0.080 1
287 5 N1 N1 65 0.080 0
287 6 N2 N1 38 0.290 0
287 7 N2 N2 217 0.290 1
287 8 N4 N3 0 0.160 0
287 9 N4 N1 0 0.160 0
287 10 N4 N2 100 0.160 1
288 1 N3 N3 0 0.060 0
288 2 N3 N1 0 0.060 0
288 3 N3 N2 129 0.060 1
288 4 N1 N2 137 0.030 1
288 5 N1 N1 48 0.030 0
288 6 N2 N1 35 0.250 0
288 7 N2 N2 217 0.250 1
288 8 N4 N3 0 0.240 0
288 9 N4 N1 0 0.240 0
288 10 N4 N2 95 0.240 1
289 1 N3 N3 0 0.130 0
289 2 N3 N1 0 0.130 0
289 3 N3 N2 126 0.130 1
289 4 N1 N2 134 0.600 1
289 5 N1 N1 48 0.600 0
289 6 N2 N1 34 0.810 0
289 7 N2 N2 217 0.810 1
289 8 N4 N3 0 0.280 0
289 9 N4 N1 0 0.280 0
289 10 N4 N2 94 0.280 1
290 1 N3 N3 0 0.210 0
290 2 N3 N1 0 0.210 0
290 3 N3 N2 126 0.210 1
290 4 N1 N2 132 0.130 1
290 5 N1 N1 48 0.130 0
290 6 N2 N1 33 0.480 0
290 7 N2 N2 217 0.480 1
290 8 N4 N3 0 0.340 0
290 9 N4 N1 0 0.340 0
290 10 N4 N2 92 0.340 1
291 1 N3 N3 0 0.270 0
291 2 N3 N1 20 0.270 0
291 3 N3 N2 127 0.270 1
291 4 N1 N2 131 0.210 1
291 5 N1 N1 43 0.210 0
291 6 N2 N1 30 0.030 0
291 7 N2 N2 218 0.030 1
291 8 N4 N3 0 1.420 0
291 9 N4 N1 0 1.420 0
291 10 N4 N2 92 1.420 1
292 1 N3 N3 0 0.310 0
292 2 N3 N1 21 0.310 0
292 3 N3 N2 128 0.310 1
292 4 N1 N2 131 0.270 1
292 5 N1 N1 43 0.270 0
292 6 N2 N1 30 0.100 0
292 7 N2 N2 218 0.100 1
292 8 N4 N3 0 0.430 0
292 9 N4 N1 0 0.430 0
292 10 N4 N2 91 0.430 1
293 1 N3 N3 0 0.350 0
293 2 N3 N1 21 0.350 0
293 3 N3 N2 130 0.350 1
293 4 N1 N2 134 0.350 1
293 5 N1 N1 43 0.350 0
293 6 N2 N1 30 0.040 0
293 7 N2 N2 219 0.040 1
293 8 N4 N3 0 0.470 0
293 9 N4 N1 0 0.470 0
293 10 N4 N2 89 0.470 1
294 1 N3 N3 0 0.390 0
294 2 N3 N1 21 0.390 0
294 3 N3 N2 132 0.390 1
294 4 N1 N2 135 0.520 1
294 5 N1 N1 44 0.520 0
294 6 N2 N1 30 0.190 0
294 7 N2 N2 220 0.190 1
294 8 N4 N3 0 0.490 0
294 9 N4 N1 0 0.490 0
294 10 N4 N2 89 0.490 1
295 1 N3 N3 0 0.460 0
295 2 N3 N1 21 0.460 0
295 3 N3 N2 134 0.460 1
295 4 N1 N2 140 0.030 1
295 5 N1 N1 46 0.030 0
295 6 N2 N1 31 0.650 0
295 7 N2 N2 221 0.650 1
295 8 N4 N3 0 1.050 0
295 9 N4 N1 0 1.050 0
295 10 N4 N2 88 1.050 1
296 1 N3 N3 0 0.000 0
296 2 N3 N1 21 0.000 0
296 3 N3 N2 140 0.000 1
296 4 N1 N2 142 0.490 1
296 5 N1 N1 46 0.490 0
296 6 N2 N1 33 0.150 0
296 7 N2 N2 223 0.150 1
296 8 N4 N3 0 2.120 0
296 9 N4 N1 0 2.130 0
296 10 N4 N2 88 2.130 1
297 1 N3 N3 0 1.110 0
297 2 N3 N1 21 1.110 0
297 3 N3 N2 140 1.110 1
297 4 N1 N2 148 0.040 1
297 5 N1 N1 46 0.040 0
297 6 N2 N1 34 0.360 0
297 7 N2 N2 225 0.360 1
297 8 N4 N3 0 0.110 0
297 9 N4 N1 0 0.110 0
297 10 N4 N2 89 0.110 1
298 1 N3 N3 0 0.100 0
298 2 N3 N1 21 0.100 0
298 3 N3 N2 145 0.100 1
298 4 N1 N2 153 0.090 1
298 5 N1 N1 43 0.090 0
298 6 N2 N1 35 0.380 0
298 7 N2 N2 227 0.380 1
298 8 N4 N3 0 0.670 0
298 9 N4 N1 0 0.670 0
298 10 N4 N2 90 0.670 1
299 1 N3 N3 0 0.180 0
299 2 N3 N1 21 0.180 0
299 3 N3 N2 148 0.180 1
299 4 N1 N2 157 0.180 1
299 5 N1 N1 43 0.180 0
299 6 N2 N1 34 0.310 0
299 7 N2 N2 228 0.310 1
299 8 N4 N3 0 0.710 0
299 9 N4 N1 0 0.710 0
299 10 N4 N2 92 0.710 1
300 1 N3 N3 0 0.220 0
300 2 N3 N1 21 0.220 0
300 3 N3 N2 149 0.220 1
300 4 N1 N2 158 0.210 1
300 5 N1 N1 43 0.210 0
300 6 N2 N1 33 0.340 0
300 7 N2 N2 229 0.340 1
300 8 N4 N3 0 0.210 0
300 9 N4 N1 0 0.210 0
300 10 N4 N2 98 0.210 1
