PING N3 (00:00:0c:18:11:03) 116(144) bytes of data
116 bytes from N3 icmp_seq=1 ttl=50 time=22.74 ms
RR: 	N1
	N5
	N1

116 bytes from N3 icmp_seq=2 ttl=50 time=26.89 ms	(same route)
116 bytes from N3 icmp_seq=3 ttl=49 time=2.00 ms
RR: 	N1
	N3
	N3
	N2
	N1

116 bytes from N3 icmp_seq=4 ttl=49 time=3.48 ms	(same route)
116 bytes from N3 icmp_seq=5 ttl=49 time=7.59 ms
RR: 	N1
	N2
	N3
	N3
	N2
	N1

116 bytes from N3 icmp_seq=6 ttl=50 time=28.86 ms
RR: 	N1
	N5
	N1

116 bytes from N3 icmp_seq=7 ttl=49 time=5.95 ms
RR: 	N1
	N2
	N3
	N3
	N2
	N1

116 bytes from N3 icmp_seq=8 ttl=49 time=6.15 ms	(same route)
116 bytes from N3 icmp_seq=9 ttl=49 time=24.31 ms	(same route)
116 bytes from N3 icmp_seq=10 ttl=50 time=33.06 ms
RR: 	N1
	N5
	N1

116 bytes from N3 icmp_seq=11 ttl=49 time=6.30 ms
RR: 	N1
	N2
	N3
	N3
	N2
	N1

116 bytes from N3 icmp_seq=12 ttl=50 time=32.58 ms
RR: 	N1
	N5
	N1

116 bytes from N3 icmp_seq=13 ttl=50 time=32.05 ms	(same route)
116 bytes from N3 icmp_seq=14 ttl=49 time=8.43 ms
RR: 	N1
	N2
	N3
	N3
	N2
	N1

116 bytes from N3 icmp_seq=15 ttl=50 time=30.15 ms
RR: 	N1
	N5
	N1

116 bytes from N3 icmp_seq=16 ttl=49 time=4.32 ms
RR: 	N1
	N2
	N3
	N3
	N2
	N1

116 bytes from N3 icmp_seq=17 ttl=49 time=2.19 ms	(same route)
116 bytes from N3 icmp_seq=18 ttl=49 time=2.20 ms	(same route)
116 bytes from N3 icmp_seq=19 ttl=49 time=5.15 ms	(same route)
116 bytes from N3 icmp_seq=20 ttl=49 time=2.25 ms	(same route)
116 bytes from N3 icmp_seq=21 ttl=48 time=3.37 ms
RR: 	N1
	N2
	N3
	N3
	N2
	N5
	N1

116 bytes from N3 icmp_seq=22 ttl=48 time=7.93 ms	(same route)
116 bytes from N3 icmp_seq=23 ttl=48 time=22.21 ms	(same route)
116 bytes from N3 icmp_seq=24 ttl=48 time=19.30 ms	(same route)
116 bytes from N3 icmp_seq=25 ttl=48 time=5.07 ms	(same route)
116 bytes from N3 icmp_seq=26 ttl=50 time=21.42 ms
RR: 	N1
	N5
	N1

116 bytes from N3 icmp_seq=27 ttl=48 time=3.61 ms
RR: 	N1
	N2
	N3
	N3
	N2
	N5
	N1

116 bytes from N3 icmp_seq=28 ttl=50 time=49.12 ms
RR: 	N1
	N5
	N1

116 bytes from N3 icmp_seq=29 ttl=48 time=4.88 ms
RR: 	N1
	N2
	N3
	N3
	N2
	N5
	N1

116 bytes from N3 icmp_seq=30 ttl=49 time=31.24 ms
RR: 	N1
	N2
	N3
	N3
	N2
	N1

116 bytes from N3 icmp_seq=31 ttl=49 time=42.71 ms	(same route)
116 bytes from N3 icmp_seq=32 ttl=49 time=4.34 ms	(same route)
116 bytes from N3 icmp_seq=33 ttl=49 time=7.64 ms	(same route)
116 bytes from N3 icmp_seq=34 ttl=49 time=17.99 ms	(same route)
116 bytes from N3 icmp_seq=35 ttl=49 time=18.41 ms	(same route)
116 bytes from N3 icmp_seq=36 ttl=49 time=18.29 ms	(same route)
116 bytes from N3 icmp_seq=37 ttl=49 time=25.28 ms	(same route)
116 bytes from N3 icmp_seq=38 ttl=49 time=46.00 ms	(same route)
116 bytes from N3 icmp_seq=39 ttl=49 time=9.52 ms	(same route)
116 bytes from N3 icmp_seq=40 ttl=49 time=2.28 ms	(same route)
116 bytes from N3 icmp_seq=41 ttl=49 time=2.16 ms	(same route)
116 bytes from N3 icmp_seq=42 ttl=50 time=58.77 ms
RR: 	N1
	N5
	N1

116 bytes from N3 icmp_seq=43 ttl=49 time=6.59 ms
RR: 	N1
	N2
	N3
	N3
	N2
	N1

116 bytes from N3 icmp_seq=44 ttl=49 time=13.27 ms	(same route)
116 bytes from N3 icmp_seq=45 ttl=50 time=50.19 ms
RR: 	N1
	N5
	N1

116 bytes from N3 icmp_seq=46 ttl=50 time=8.08 ms
RR: 	N1
	N2
	N3
	N3
	N1

116 bytes from N3 icmp_seq=47 ttl=50 time=131.72 ms	(same route)
116 bytes from N3 icmp_seq=48 ttl=50 time=3.74 ms	(same route)
116 bytes from N3 icmp_seq=49 ttl=50 time=62.83 ms
RR: 	N1
	N5
	N1

116 bytes from N3 icmp_seq=50 ttl=50 time=52.80 ms
RR: 	N1
	N2
	N3
	N3
	N1

116 bytes from N3 icmp_seq=51 ttl=50 time=8.89 ms	(same route)
116 bytes from N3 icmp_seq=52 ttl=50 time=17.33 ms	(same route)
116 bytes from N3 icmp_seq=53 ttl=50 time=9.06 ms	(same route)
116 bytes from N3 icmp_seq=54 ttl=50 time=111.63 ms	(same route)
116 bytes from N3 icmp_seq=55 ttl=50 time=422.76 ms
RR: 	N1
	N2
	N5
	N1

116 bytes from N3 icmp_seq=56 ttl=50 time=51.70 ms
RR: 	N1
	N2
	N3
	N3
	N1

116 bytes from N3 icmp_seq=57 ttl=50 time=3.39 ms	(same route)
116 bytes from N3 icmp_seq=58 ttl=50 time=6.35 ms	(same route)
116 bytes from N3 icmp_seq=59 ttl=50 time=123.82 ms	(same route)
116 bytes from N3 icmp_seq=60 ttl=50 time=196.58 ms
RR: 	N1
	N2
	N5
	N1

116 bytes from N3 icmp_seq=61 ttl=50 time=1.74 ms
RR: 	N1
	N2
	N3
	N3
	N1

116 bytes from N3 icmp_seq=62 ttl=50 time=306.91 ms	(same route)
116 bytes from N3 icmp_seq=63 ttl=50 time=13.99 ms	(same route)
116 bytes from N3 icmp_seq=64 ttl=50 time=4.26 ms	(same route)
116 bytes from N3 icmp_seq=65 ttl=50 time=11.37 ms
RR: 	N1
	N3
	N3
	N1

116 bytes from N3 icmp_seq=66 ttl=49 time=246.53 ms
RR: 	N1
	N3
	N3
	N2
	N1

116 bytes from N3 icmp_seq=67 ttl=49 time=62.17 ms	(same route)
Reply from host N3 timed out
Reply from host N3 timed out
Reply from host N3 timed out
Reply from host N3 timed out
Reply from host N3 timed out
Reply from host N3 timed out
Reply from host N3 timed out
Reply from host N3 timed out
116 bytes from N3 icmp_seq=76 ttl=49 time=23.73 ms
RR: 	N1
	N2
	N3
	N3
	N5
	N1

Reply from host N3 timed out
116 bytes from N3 icmp_seq=78 ttl=49 time=2.56 ms
RR: 	N1
	N2
	N3
	N3
	N2
	N1

116 bytes from N3 icmp_seq=79 ttl=49 time=0.03 ms
RR: 	N1
	N2
	N3
	N3
	N5
	N1

116 bytes from N3 icmp_seq=80 ttl=49 time=457.73 ms	(same route)
116 bytes from N3 icmp_seq=81 ttl=49 time=758.60 ms	(same route)
Reply from host N3 timed out
Reply from host N3 timed out
116 bytes from N3 icmp_seq=84 ttl=49 time=610.37 ms	(same route)
116 bytes from N3 icmp_seq=85 ttl=49 time=120.12 ms	(same route)
116 bytes from N3 icmp_seq=86 ttl=49 time=51.60 ms	(same route)
116 bytes from N3 icmp_seq=87 ttl=50 time=103.62 ms
RR: 	N1
	N2
	N3
	N3
	N1

116 bytes from N3 icmp_seq=88 ttl=49 time=3.18 ms
RR: 	N1
	N2
	N3
	N3
	N2
	N1

116 bytes from N3 icmp_seq=89 ttl=49 time=12.20 ms	(same route)
116 bytes from N3 icmp_seq=90 ttl=49 time=126.35 ms	(same route)
116 bytes from N3 icmp_seq=91 ttl=49 time=13.96 ms	(same route)
116 bytes from N3 icmp_seq=92 ttl=49 time=13.42 ms	(same route)
116 bytes from N3 icmp_seq=93 ttl=49 time=8.59 ms	(same route)
Reply from host N3 timed out
Reply from host N3 timed out
Reply from host N3 timed out
Reply from host N3 timed out
Reply from host N3 timed out
Reply from host N3 timed out
Reply from host N3 timed out
Reply from host N3 timed out
Reply from host N3 timed out
Reply from host N3 timed out
Reply from host N3 timed out
Reply from host N3 timed out
Reply from host N3 timed out
Reply from host N3 timed out
Reply from host N3 timed out
Reply from host N3 timed out
Reply from host N3 timed out
Reply from host N3 timed out
Reply from host N3 timed out
Reply from host N3 timed out
Reply from host N3 timed out
Reply from host N3 timed out
Reply from host N3 timed out
Reply from host N3 timed out
Reply from host N3 timed out
Reply from host N3 timed out
Reply from host N3 timed out
Reply from host N3 timed out
Reply from host N3 timed out
Reply from host N3 timed out
Reply from host N3 timed out
Reply from host N3 timed out
Reply from host N3 timed out
Reply from host N3 timed out
Reply from host N3 timed out
Reply from host N3 timed out
Reply from host N3 timed out
Reply from host N3 timed out
Reply from host N3 timed out
Reply from host N3 timed out
Reply from host N3 timed out
Reply from host N3 timed out
Reply from host N3 timed out
Reply from host N3 timed out
Reply from host N3 timed out
Reply from host N3 timed out
Reply from host N3 timed out
Reply from host N3 timed out
Reply from host N3 timed out
Reply from host N3 timed out
Reply from host N3 timed out
116 bytes from N3 icmp_seq=145 ttl=49 time=0.01 ms
RR: 	N1
	N3
	N3
	N2
	N1

Reply from host N3 timed out
116 bytes from N3 icmp_seq=147 ttl=49 time=0.02 ms	(same route)
Reply from host N3 timed out
116 bytes from N3 icmp_seq=149 ttl=49 time=0.02 ms	(same route)
Reply from host N3 timed out
116 bytes from N3 icmp_seq=151 ttl=49 time=0.03 ms	(same route)
116 bytes from N3 icmp_seq=152 ttl=49 time=713.62 ms	(same route)
Reply from host N3 timed out
Reply from host N3 timed out
Reply from host N3 timed out
Reply from host N3 timed out
Reply from host N3 timed out
Reply from host N3 timed out
Reply from host N3 timed out
116 bytes from N3 icmp_seq=160 ttl=49 time=27.94 ms	(same route)
116 bytes from N3 icmp_seq=161 ttl=49 time=8.84 ms	(same route)
116 bytes from N3 icmp_seq=162 ttl=49 time=13.78 ms	(same route)
116 bytes from N3 icmp_seq=163 ttl=49 time=7.61 ms	(same route)
116 bytes from N3 icmp_seq=164 ttl=49 time=3.71 ms	(same route)
116 bytes from N3 icmp_seq=165 ttl=49 time=15.61 ms	(same route)
116 bytes from N3 icmp_seq=166 ttl=49 time=8.18 ms	(same route)
116 bytes from N3 icmp_seq=167 ttl=49 time=9.42 ms	(same route)
116 bytes from N3 icmp_seq=168 ttl=49 time=816.71 ms	(same route)
116 bytes from N3 icmp_seq=169 ttl=49 time=151.54 ms	(same route)
116 bytes from N3 icmp_seq=170 ttl=49 time=2.66 ms	(same route)
116 bytes from N3 icmp_seq=171 ttl=49 time=1.61 ms	(same route)
116 bytes from N3 icmp_seq=172 ttl=49 time=81.34 ms	(same route)
116 bytes from N3 icmp_seq=173 ttl=49 time=1.88 ms	(same route)
116 bytes from N3 icmp_seq=174 ttl=49 time=2.04 ms	(same route)
116 bytes from N3 icmp_seq=175 ttl=49 time=47.83 ms	(same route)
116 bytes from N3 icmp_seq=176 ttl=49 time=374.73 ms	(same route)
116 bytes from N3 icmp_seq=177 ttl=49 time=15.98 ms
RR: 	N1
	N2
	N3
	N3
	N2
	N1

116 bytes from N3 icmp_seq=178 ttl=49 time=5.44 ms	(same route)
116 bytes from N3 icmp_seq=179 ttl=49 time=2.88 ms	(same route)
116 bytes from N3 icmp_seq=180 ttl=49 time=24.40 ms	(same route)
116 bytes from N3 icmp_seq=181 ttl=49 time=491.94 ms	(same route)
116 bytes from N3 icmp_seq=182 ttl=49 time=2.24 ms	(same route)
116 bytes from N3 icmp_seq=183 ttl=49 time=33.03 ms	(same route)
116 bytes from N3 icmp_seq=184 ttl=49 time=2.26 ms	(same route)
116 bytes from N3 icmp_seq=185 ttl=49 time=84.80 ms	(same route)
116 bytes from N3 icmp_seq=186 ttl=49 time=2.26 ms	(same route)
116 bytes from N3 icmp_seq=187 ttl=49 time=5.00 ms	(same route)
116 bytes from N3 icmp_seq=188 ttl=49 time=285.12 ms	(same route)
116 bytes from N3 icmp_seq=189 ttl=49 time=27.53 ms	(same route)
116 bytes from N3 icmp_seq=190 ttl=49 time=141.10 ms	(same route)
116 bytes from N3 icmp_seq=191 ttl=49 time=39.91 ms	(same route)
116 bytes from N3 icmp_seq=192 ttl=49 time=22.59 ms	(same route)
116 bytes from N3 icmp_seq=193 ttl=49 time=22.95 ms	(same route)
116 bytes from N3 icmp_seq=194 ttl=49 time=12.59 ms	(same route)
116 bytes from N3 icmp_seq=195 ttl=49 time=2.47 ms	(same route)
116 bytes from N3 icmp_seq=196 ttl=49 time=2.88 ms	(same route)
116 bytes from N3 icmp_seq=197 ttl=49 time=3.02 ms	(same route)
116 bytes from N3 icmp_seq=198 ttl=49 time=64.30 ms	(same route)
116 bytes from N3 icmp_seq=199 ttl=49 time=24.42 ms	(same route)
116 bytes from N3 icmp_seq=200 ttl=49 time=24.05 ms	(same route)
116 bytes from N3 icmp_seq=201 ttl=49 time=176.83 ms	(same route)
116 bytes from N3 icmp_seq=202 ttl=49 time=8.46 ms	(same route)
116 bytes from N3 icmp_seq=203 ttl=49 time=3.19 ms	(same route)
116 bytes from N3 icmp_seq=204 ttl=49 time=44.94 ms	(same route)
116 bytes from N3 icmp_seq=205 ttl=49 time=349.68 ms	(same route)
116 bytes from N3 icmp_seq=206 ttl=49 time=676.07 ms	(same route)
116 bytes from N3 icmp_seq=207 ttl=49 time=24.69 ms
RR: 	N1
	N2
	N5
	N2
	N1

116 bytes from N3 icmp_seq=208 ttl=49 time=226.13 ms
RR: 	N1
	N2
	N3
	N3
	N2
	N1

116 bytes from N3 icmp_seq=209 ttl=49 time=13.22 ms	(same route)
116 bytes from N3 icmp_seq=210 ttl=49 time=12.42 ms	(same route)
116 bytes from N3 icmp_seq=211 ttl=49 time=60.23 ms
RR: 	N1
	N2
	N5
	N2
	N1

116 bytes from N3 icmp_seq=212 ttl=49 time=42.46 ms
RR: 	N1
	N2
	N3
	N3
	N2
	N1

116 bytes from N3 icmp_seq=213 ttl=49 time=8.98 ms	(same route)
116 bytes from N3 icmp_seq=214 ttl=49 time=8.70 ms	(same route)
116 bytes from N3 icmp_seq=215 ttl=49 time=4.28 ms	(same route)
116 bytes from N3 icmp_seq=216 ttl=49 time=78.47 ms	(same route)
116 bytes from N3 icmp_seq=217 ttl=49 time=8.22 ms	(same route)
116 bytes from N3 icmp_seq=218 ttl=49 time=8.78 ms	(same route)
116 bytes from N3 icmp_seq=219 ttl=49 time=20.17 ms	(same route)
116 bytes from N3 icmp_seq=220 ttl=49 time=40.33 ms	(same route)
116 bytes from N3 icmp_seq=221 ttl=49 time=84.02 ms	(same route)
116 bytes from N3 icmp_seq=222 ttl=49 time=13.82 ms	(same route)
116 bytes from N3 icmp_seq=223 ttl=49 time=2.15 ms	(same route)
116 bytes from N3 icmp_seq=224 ttl=49 time=17.11 ms	(same route)
116 bytes from N3 icmp_seq=225 ttl=50 time=71.21 ms
RR: 	N1
	N2
	N5
	N1

116 bytes from N3 icmp_seq=226 ttl=50 time=102.09 ms	(same route)
Reply from host N3 timed out
116 bytes from N3 icmp_seq=228 ttl=50 time=237.31 ms	(same route)
116 bytes from N3 icmp_seq=229 ttl=50 time=88.45 ms	(same route)
116 bytes from N3 icmp_seq=230 ttl=49 time=25.28 ms
RR: 	N1
	N2
	N3
	N3
	N5
	N1

116 bytes from N3 icmp_seq=231 ttl=49 time=2.46 ms	(same route)
116 bytes from N3 icmp_seq=232 ttl=49 time=27.58 ms	(same route)
116 bytes from N3 icmp_seq=233 ttl=50 time=412.91 ms
RR: 	N1
	N2
	N5
	N1

116 bytes from N3 icmp_seq=234 ttl=50 time=60.53 ms	(same route)
116 bytes from N3 icmp_seq=235 ttl=50 time=60.46 ms	(same route)
116 bytes from N3 icmp_seq=236 ttl=50 time=61.62 ms	(same route)
116 bytes from N3 icmp_seq=237 ttl=49 time=5.30 ms
RR: 	N1
	N2
	N3
	N3
	N5
	N1

116 bytes from N3 icmp_seq=238 ttl=49 time=10.22 ms	(same route)
116 bytes from N3 icmp_seq=239 ttl=50 time=246.44 ms
RR: 	N1
	N5
	N1

116 bytes from N3 icmp_seq=240 ttl=50 time=439.82 ms	(same route)
116 bytes from N3 icmp_seq=241 ttl=50 time=128.06 ms	(same route)
116 bytes from N3 icmp_seq=242 ttl=50 time=53.75 ms	(same route)
116 bytes from N3 icmp_seq=243 ttl=50 time=141.96 ms	(same route)
116 bytes from N3 icmp_seq=244 ttl=50 time=72.27 ms	(same route)
116 bytes from N3 icmp_seq=245 ttl=49 time=122.86 ms
RR: 	N1
	N2
	N3
	N3
	N5
	N1

116 bytes from N3 icmp_seq=246 ttl=49 time=45.95 ms	(same route)
116 bytes from N3 icmp_seq=247 ttl=49 time=4.46 ms	(same route)
116 bytes from N3 icmp_seq=248 ttl=49 time=45.48 ms	(same route)
116 bytes from N3 icmp_seq=249 ttl=49 time=65.31 ms
RR: 	N1
	N2
	N3
	N3
	N2
	N1

116 bytes from N3 icmp_seq=250 ttl=49 time=12.45 ms	(same route)
116 bytes from N3 icmp_seq=251 ttl=50 time=75.37 ms
RR: 	N1
	N5
	N1

116 bytes from N3 icmp_seq=252 ttl=49 time=2.66 ms
RR: 	N1
	N2
	N3
	N3
	N2
	N1

116 bytes from N3 icmp_seq=253 ttl=49 time=38.82 ms	(same route)
116 bytes from N3 icmp_seq=254 ttl=49 time=2.21 ms	(same route)
116 bytes from N3 icmp_seq=255 ttl=49 time=13.95 ms	(same route)
116 bytes from N3 icmp_seq=256 ttl=49 time=15.43 ms	(same route)
116 bytes from N3 icmp_seq=257 ttl=49 time=4.98 ms	(same route)
116 bytes from N3 icmp_seq=258 ttl=49 time=80.99 ms	(same route)
116 bytes from N3 icmp_seq=259 ttl=49 time=27.07 ms	(same route)
116 bytes from N3 icmp_seq=260 ttl=49 time=42.07 ms	(same route)
116 bytes from N3 icmp_seq=261 ttl=49 time=7.60 ms	(same route)
116 bytes from N3 icmp_seq=262 ttl=49 time=22.29 ms	(same route)
116 bytes from N3 icmp_seq=263 ttl=49 time=2.51 ms	(same route)
116 bytes from N3 icmp_seq=264 ttl=49 time=3.75 ms	(same route)
116 bytes from N3 icmp_seq=265 ttl=49 time=5.28 ms	(same route)
116 bytes from N3 icmp_seq=266 ttl=49 time=97.82 ms	(same route)
116 bytes from N3 icmp_seq=267 ttl=49 time=6.92 ms	(same route)
116 bytes from N3 icmp_seq=268 ttl=49 time=4.11 ms	(same route)
116 bytes from N3 icmp_seq=269 ttl=49 time=117.32 ms	(same route)
116 bytes from N3 icmp_seq=270 ttl=49 time=8.64 ms	(same route)
116 bytes from N3 icmp_seq=271 ttl=49 time=3.92 ms	(same route)
116 bytes from N3 icmp_seq=272 ttl=49 time=24.26 ms	(same route)
116 bytes from N3 icmp_seq=273 ttl=49 time=565.19 ms	(same route)
116 bytes from N3 icmp_seq=274 ttl=50 time=113.09 ms
RR: 	N1
	N5
	N1

116 bytes from N3 icmp_seq=275 ttl=49 time=20.80 ms
RR: 	N1
	N3
	N3
	N2
	N1

116 bytes from N3 icmp_seq=276 ttl=49 time=5.74 ms	(same route)
116 bytes from N3 icmp_seq=277 ttl=49 time=14.40 ms	(same route)
116 bytes from N3 icmp_seq=278 ttl=49 time=5.40 ms	(same route)
116 bytes from N3 icmp_seq=279 ttl=49 time=3.26 ms
RR: 	N1
	N2
	N3
	N3
	N2
	N1

116 bytes from N3 icmp_seq=280 ttl=49 time=3.03 ms	(same route)
116 bytes from N3 icmp_seq=281 ttl=49 time=2.70 ms	(same route)
116 bytes from N3 icmp_seq=282 ttl=50 time=689.46 ms
RR: 	N1
	N5
	N1

116 bytes from N3 icmp_seq=283 ttl=49 time=5.45 ms
RR: 	N1
	N2
	N3
	N3
	N2
	N1

116 bytes from N3 icmp_seq=284 ttl=49 time=3.03 ms	(same route)
116 bytes from N3 icmp_seq=285 ttl=50 time=149.70 ms
RR: 	N1
	N5
	N1

116 bytes from N3 icmp_seq=286 ttl=50 time=120.68 ms	(same route)
116 bytes from N3 icmp_seq=287 ttl=50 time=668.42 ms	(same route)
116 bytes from N3 icmp_seq=288 ttl=49 time=1.90 ms
RR: 	N1
	N3
	N3
	N2
	N1

116 bytes from N3 icmp_seq=289 ttl=49 time=2.27 ms	(same route)
116 bytes from N3 icmp_seq=290 ttl=49 time=22.97 ms
RR: 	N1
	N2
	N3
	N3
	N2
	N1

116 bytes from N3 icmp_seq=291 ttl=49 time=11.19 ms	(same route)
116 bytes from N3 icmp_seq=292 ttl=49 time=23.98 ms	(same route)
116 bytes from N3 icmp_seq=293 ttl=49 time=2.40 ms	(same route)
116 bytes from N3 icmp_seq=294 ttl=49 time=8.99 ms	(same route)
116 bytes from N3 icmp_seq=295 ttl=49 time=2.23 ms	(same route)
116 bytes from N3 icmp_seq=296 ttl=49 time=3.04 ms	(same route)
116 bytes from N3 icmp_seq=297 ttl=49 time=3.21 ms	(same route)
116 bytes from N3 icmp_seq=298 ttl=49 time=46.27 ms	(same route)
116 bytes from N3 icmp_seq=299 ttl=49 time=11.00 ms	(same route)
116 bytes from N3 icmp_seq=300 ttl=49 time=32.31 ms	(same route)
--- N3 ping statistics ---
565 packets transmitted, 227 received, 59% packet loss
rtt min/avg/max/mdev = 0.014/71.374/816.713/145.760 ms
