1 1 N3 N1 131 0.170 0
1 2 N3 N5 100 0.170 0
1 3 N3 N3 184 0.170 1
1 4 N5 N1 203 0.100 0
1 5 N5 N5 224 0.100 1
1 6 N1 N3 0 0.250 0
1 7 N1 N5 184 0.250 0
1 8 N1 N1 234 0.250 1
1 9 N4 N5 65 0.430 0
1 10 N4 N3 117 0.430 1
2 1 N3 N1 131 0.280 0
2 2 N3 N5 0 0.280 0
2 3 N3 N3 186 0.280 1
2 4 N5 N1 203 0.120 0
2 5 N5 N5 224 0.120 1
2 6 N1 N3 0 0.360 0
2 7 N1 N5 184 0.360 0
2 8 N1 N1 234 0.360 1
2 9 N4 N5 65 0.540 0
2 10 N4 N3 117 0.540 1
3 1 N3 N1 127 0.330 0
3 2 N3 N5 0 0.330 0
3 3 N3 N3 185 0.330 1
3 4 N5 N1 202 0.160 0
3 5 N5 N5 224 0.160 1
3 6 N1 N3 0 0.380 0
3 7 N1 N5 186 0.380 0
3 8 N1 N1 233 0.380 1
3 9 N4 N5 66 0.040 0
3 10 N4 N3 118 0.040 1
4 1 N3 N1 118 0.260 0
4 2 N3 N5 0 0.260 0
4 3 N3 N3 184 0.260 1
4 4 N5 N1 202 0.200 0
4 5 N5 N5 224 0.200 1
4 6 N1 N3 0 0.010 0
4 7 N1 N5 190 0.010 0
4 8 N1 N1 232 0.010 1
4 9 N4 N5 67 0.120 0
4 10 N4 N3 119 0.120 1
5 1 N3 N1 114 0.440 0
5 2 N3 N5 0 0.440 0
5 3 N3 N3 183 0.440 1
5 4 N5 N1 202 0.260 0
5 5 N5 N5 225 0.260 1
5 6 N1 N3 0 0.040 0
5 7 N1 N5 190 0.040 0
5 8 N1 N1 230 0.040 1
5 9 N4 N5 67 0.160 0
5 10 N4 N3 119 0.160 1
6 1 N3 N1 113 0.500 0
6 2 N3 N5 0 0.500 0
6 3 N3 N3 180 0.500 1
6 4 N5 N1 202 0.330 0
6 5 N5 N5 227 0.330 1
6 6 N1 N3 0 0.110 0
6 7 N1 N5 194 0.110 0
6 8 N1 N1 229 0.110 1
6 9 N4 N5 73 0.730 0
6 10 N4 N3 119 0.730 1
7 1 N3 N1 113 0.040 0
7 2 N3 N5 0 0.040 0
7 3 N3 N3 177 0.040 1
7 4 N5 N1 202 0.490 0
7 5 N5 N5 230 0.490 1
7 6 N1 N3 0 0.080 0
7 7 N1 N5 201 0.080 0
7 8 N1 N1 228 0.080 1
7 9 N4 N5 0 0.260 0
7 10 N4 N3 117 0.260 1
8 1 N3 N1 113 0.060 0
8 2 N3 N5 0 0.060 0
8 3 N3 N3 175 0.060 1
8 4 N5 N1 201 0.420 0
8 5 N5 N5 234 0.420 1
8 6 N1 N3 0 0.130 0
8 7 N1 N5 208 0.130 0
8 8 N1 N1 227 0.130 1
8 9 N4 N5 0 0.360 0
8 10 N4 N3 115 0.360 1
9 1 N3 N1 113 1.130 0
9 2 N3 N5 0 1.130 0
9 3 N3 N3 175 1.130 1
9 4 N5 N1 200 0.080 0
9 5 N5 N5 240 0.080 1
9 6 N1 N3 0 0.170 0
9 7 N1 N5 210 0.170 0
9 8 N1 N1 225 0.170 1
9 9 N4 N5 0 0.420 0
9 10 N4 N3 111 0.420 1
10 1 N3 N1 112 0.130 0
10 2 N3 N5 0 0.130 0
10 3 N3 N3 174 0.130 1
10 4 N5 N1 198 0.010 0
10 5 N5 N5 243 0.010 1
10 6 N1 N3 0 0.200 0
10 7 N1 N5 212 0.200 0
10 8 N1 N1 225 0.200 1
10 9 N4 N5 0 1.010 0
10 10 N4 N3 108 1.010 1
11 1 N3 N1 112 0.190 0
11 2 N3 N5 0 0.190 0
11 3 N3 N3 174 0.190 1
11 4 N5 N1 197 0.070 0
11 5 N5 N5 246 0.070 1
11 6 N1 N3 0 0.250 0
11 7 N1 N5 213 0.250 0
11 8 N1 N1 224 0.250 1
11 9 N4 N5 0 0.030 0
11 10 N4 N3 106 0.030 1
12 1 N3 N1 112 0.260 0
12 2 N3 N5 0 0.260 0
12 3 N3 N3 176 0.260 1
12 4 N5 N1 196 0.100 0
12 5 N5 N5 248 0.100 1
12 6 N1 N3 0 0.410 0
12 7 N1 N5 213 0.410 0
12 8 N1 N1 223 0.410 1
12 9 N4 N5 0 0.570 0
12 10 N4 N3 105 0.570 1
13 1 N3 N1 108 0.300 0
13 2 N3 N5 0 0.300 0
13 3 N3 N3 177 0.300 1
13 4 N5 N1 195 0.150 0
13 5 N5 N5 249 0.150 1
13 6 N1 N3 0 0.320 0
13 7 N1 N5 213 0.320 0
13 8 N1 N1 222 0.320 1
13 9 N4 N5 0 1.650 0
13 10 N4 N3 105 1.650 1
14 1 N3 N1 0 0.400 0
14 2 N3 N5 0 0.400 0
14 3 N3 N3 179 0.400 1
14 4 N5 N1 193 0.200 0
14 5 N5 N5 250 0.200 1
14 6 N1 N3 0 0.370 0
14 7 N1 N5 212 0.370 0
14 8 N1 N1 221 0.370 1
14 9 N4 N5 0 0.210 0
14 10 N4 N3 105 0.210 1
15 1 N3 N1 0 0.470 0
15 2 N3 N5 0 0.470 0
15 3 N3 N3 182 0.470 1
15 4 N5 N1 192 0.350 0
15 5 N5 N5 250 0.350 1
15 6 N1 N3 0 0.410 0
15 7 N1 N5 213 0.410 0
15 8 N1 N1 220 0.410 1
15 9 N4 N5 0 0.300 0
15 10 N4 N3 105 0.300 1
16 1 N3 N1 0 0.520 0
16 2 N3 N5 0 0.520 0
16 3 N3 N3 185 0.520 1
16 4 N5 N1 188 0.280 0
16 5 N5 N5 249 0.280 1
16 6 N1 N3 0 0.050 0
16 7 N1 N5 212 0.050 0
16 8 N1 N1 219 0.050 1
16 9 N4 N5 0 0.340 0
16 10 N4 N3 106 0.340 1
17 1 N3 N1 0 0.600 0
17 2 N3 N5 0 0.600 0
17 3 N3 N3 186 0.600 1
17 4 N5 N1 186 0.380 0
17 5 N5 N5 247 0.380 1
17 6 N1 N3 0 0.000 0
17 7 N1 N5 213 0.000 0
17 8 N1 N1 218 0.000 1
17 9 N4 N5 0 0.400 0
17 10 N4 N3 108 0.400 1
18 1 N3 N1 0 0.180 0
18 2 N3 N5 0 0.180 0
18 3 N3 N3 188 0.180 1
18 4 N5 N1 184 0.030 0
18 5 N5 N5 247 0.030 1
18 6 N1 N3 0 0.160 0
18 7 N1 N5 214 0.160 0
18 8 N1 N1 217 0.160 1
18 9 N4 N5 0 0.480 0
18 10 N4 N3 109 0.480 1
19 1 N3 N1 0 0.220 0
19 2 N3 N5 0 0.220 0
19 3 N3 N3 191 0.220 1
19 4 N5 N1 183 0.110 0
19 5 N5 N5 246 0.110 1
19 6 N1 N3 0 0.110 0
19 7 N1 N5 214 0.110 0
19 8 N1 N1 216 0.110 1
19 9 N4 N5 0 0.510 0
19 10 N4 N3 110 0.510 1
20 1 N3 N1 0 0.300 0
20 2 N3 N5 0 0.300 0
20 3 N3 N3 192 0.300 1
20 4 N5 N1 183 0.080 0
20 5 N5 N5 246 0.080 1
20 6 N1 N3 0 0.190 0
20 7 N1 N5 216 0.190 0
20 8 N1 N1 216 0.190 1
20 9 N4 N5 0 0.090 0
20 10 N4 N3 112 0.090 1
21 1 N3 N1 0 0.360 0
21 2 N3 N5 0 0.360 0
21 3 N3 N3 194 0.360 1
21 4 N5 N1 182 0.130 0
21 5 N5 N5 246 0.130 1
21 6 N1 N3 0 0.220 0
21 7 N1 N5 219 0.220 1
21 8 N1 N1 215 0.220 0
21 9 N4 N5 0 0.130 0
21 10 N4 N3 115 0.130 1
22 1 N3 N1 0 0.110 0
22 2 N3 N5 128 0.110 0
22 3 N3 N3 195 0.110 1
22 4 N5 N1 182 0.180 0
22 5 N5 N5 247 0.180 1
22 6 N1 N3 0 0.400 0
22 7 N1 N5 220 0.400 1
22 8 N1 N1 215 0.400 0
22 9 N4 N5 0 0.710 0
22 10 N4 N3 118 0.710 1
23 1 N3 N1 0 0.180 0
23 2 N3 N5 125 0.180 0
23 3 N3 N3 194 0.180 1
23 4 N5 N1 183 0.220 0
23 5 N5 N5 248 0.220 1
23 6 N1 N3 0 0.330 0
23 7 N1 N5 220 0.330 1
23 8 N1 N1 216 0.330 0
23 9 N4 N5 0 0.260 0
23 10 N4 N3 118 0.260 1
24 1 N3 N1 0 0.560 0
24 2 N3 N5 125 0.560 0
24 3 N3 N3 194 0.560 1
24 4 N5 N1 184 0.240 0
24 5 N5 N5 249 0.240 1
24 6 N1 N3 0 0.870 0
24 7 N1 N5 221 0.870 1
24 8 N1 N1 216 0.870 0
24 9 N4 N5 80 0.320 0
24 10 N4 N3 119 0.320 1
25 1 N3 N1 0 0.280 0
25 2 N3 N5 122 0.280 0
25 3 N3 N3 193 0.280 1
25 4 N5 N1 186 0.310 0
25 5 N5 N5 250 0.310 1
25 6 N1 N3 0 0.040 0
25 7 N1 N5 223 0.040 1
25 8 N1 N1 218 0.040 0
25 9 N4 N5 73 0.410 0
25 10 N4 N3 118 0.410 1
26 1 N3 N1 0 0.130 0
26 2 N3 N5 122 0.130 0
26 3 N3 N3 192 0.130 1
26 4 N5 N1 187 0.010 0
26 5 N5 N5 252 0.010 1
26 6 N1 N3 0 0.090 0
26 7 N1 N5 223 0.090 1
26 8 N1 N1 219 0.090 0
26 9 N4 N5 70 0.110 0
26 10 N4 N3 117 0.110 1
27 1 N3 N1 0 0.370 0
27 2 N3 N5 120 0.370 0
27 3 N3 N3 192 0.370 1
27 4 N5 N1 186 0.050 0
27 5 N5 N5 253 0.050 1
27 6 N1 N3 0 0.670 0
27 7 N1 N5 223 0.670 1
27 8 N1 N1 220 0.670 0
27 9 N4 N5 70 1.200 0
27 10 N4 N3 117 1.200 1
28 1 N3 N1 0 0.250 0
28 2 N3 N5 120 0.250 0
28 3 N3 N3 191 0.250 1
28 4 N5 N1 185 0.080 0
28 5 N5 N5 254 0.080 1
28 6 N1 N3 0 0.110 0
28 7 N1 N5 223 0.110 1
28 8 N1 N1 221 0.110 0
28 9 N4 N5 70 0.040 0
28 10 N4 N3 117 0.040 1
29 1 N3 N1 0 0.310 0
29 2 N3 N5 117 0.310 0
29 3 N3 N3 189 0.310 1
29 4 N5 N1 185 0.010 0
29 5 N5 N5 253 0.010 1
29 6 N1 N3 0 0.160 0
29 7 N1 N5 223 0.160 0
29 8 N1 N1 224 0.160 1
29 9 N4 N5 68 0.640 0
29 10 N4 N3 116 0.640 1
30 1 N3 N1 0 0.330 0
30 2 N3 N5 116 0.330 0
30 3 N3 N3 189 0.330 1
30 4 N5 N1 185 0.010 0
30 5 N5 N5 253 0.010 1
30 6 N1 N3 0 0.210 0
30 7 N1 N5 223 0.210 0
30 8 N1 N1 227 0.210 1
30 9 N4 N5 68 0.650 0
30 10 N4 N3 115 0.650 1
31 1 N3 N1 0 0.570 0
31 2 N3 N5 117 0.570 0
31 3 N3 N3 188 0.570 1
31 4 N5 N1 186 0.130 0
31 5 N5 N5 253 0.130 1
31 6 N1 N3 0 0.280 0
31 7 N1 N5 223 0.280 0
31 8 N1 N1 229 0.280 1
31 9 N4 N5 68 0.180 0
31 10 N4 N3 115 0.180 1
32 1 N3 N1 0 0.980 0
32 2 N3 N5 118 0.980 0
32 3 N3 N3 188 0.980 1
32 4 N5 N1 186 0.170 0
32 5 N5 N5 253 0.170 1
32 6 N1 N3 0 0.310 0
32 7 N1 N5 223 0.310 0
32 8 N1 N1 231 0.310 1
32 9 N4 N5 66 0.730 0
32 10 N4 N3 114 0.730 1
33 1 N3 N1 0 0.120 0
33 2 N3 N5 123 0.120 0
33 3 N3 N3 190 0.120 1
33 4 N5 N1 186 0.230 0
33 5 N5 N5 253 0.230 1
33 6 N1 N3 0 0.380 0
33 7 N1 N5 223 0.380 0
33 8 N1 N1 234 0.380 1
33 9 N4 N5 68 0.250 0
33 10 N4 N3 115 0.250 1
34 1 N3 N1 0 0.160 0
34 2 N3 N5 128 0.160 0
34 3 N3 N3 192 0.160 1
34 4 N5 N1 186 0.290 0
34 5 N5 N5 253 0.290 1
34 6 N1 N3 0 0.050 0
34 7 N1 N5 224 0.050 0
34 8 N1 N1 238 0.050 1
34 9 N4 N5 78 0.000 0
34 10 N4 N3 116 0.000 1
35 1 N3 N1 0 0.040 0
35 2 N3 N5 135 0.040 0
35 3 N3 N3 197 0.040 1
35 4 N5 N1 187 0.340 0
35 5 N5 N5 253 0.340 1
35 6 N1 N3 0 0.110 0
35 7 N1 N5 224 0.110 0
35 8 N1 N1 241 0.110 1
35 9 N4 N5 78 1.080 0
35 10 N4 N3 116 1.080 1
36 1 N3 N1 0 0.090 0
36 2 N3 N5 137 0.090 0
36 3 N3 N3 200 0.090 1
36 4 N5 N1 189 0.030 0
36 5 N5 N5 254 0.030 1
36 6 N1 N3 0 0.070 0
36 7 N1 N5 224 0.070 0
36 8 N1 N1 243 0.070 1
36 9 N4 N5 78 2.160 0
36 10 N4 N3 116 2.160 1
37 1 N3 N1 0 0.320 0
37 2 N3 N5 142 0.320 0
37 3 N3 N3 203 0.320 1
37 4 N5 N1 190 0.050 0
37 5 N5 N5 254 0.050 1
37 6 N1 N3 0 0.130 0
37 7 N1 N5 224 0.130 0
37 8 N1 N1 245 0.130 1
37 9 N4 N5 89 0.170 0
37 10 N4 N3 120 0.170 1
38 1 N3 N1 0 0.230 0
38 2 N3 N5 144 0.230 0
38 3 N3 N3 209 0.230 1
38 4 N5 N1 191 0.060 0
38 5 N5 N5 254 0.060 1
38 6 N1 N3 0 0.220 0
38 7 N1 N5 224 0.220 0
38 8 N1 N1 247 0.220 1
38 9 N4 N5 89 1.290 0
38 10 N4 N3 120 1.290 1
39 1 N3 N1 0 0.290 0
39 2 N3 N5 147 0.290 0
39 3 N3 N3 215 0.290 1
39 4 N5 N1 191 0.210 0
39 5 N5 N5 254 0.210 1
39 6 N1 N3 0 0.280 0
39 7 N1 N5 225 0.280 0
39 8 N1 N1 248 0.280 1
39 9 N4 N5 91 0.300 0
39 10 N4 N3 126 0.300 1
40 1 N3 N1 0 0.030 0
40 2 N3 N5 146 0.030 0
40 3 N3 N3 219 0.030 1
40 4 N5 N1 192 0.170 0
40 5 N5 N5 254 0.170 1
40 6 N1 N3 0 0.350 0
40 7 N1 N5 224 0.350 0
40 8 N1 N1 249 0.350 1
40 9 N4 N5 92 0.070 0
40 10 N4 N3 131 0.070 1
41 1 N3 N1 0 0.450 0
41 2 N3 N5 145 0.450 0
41 3 N3 N3 221 0.450 1
41 4 N5 N1 193 0.240 0
41 5 N5 N5 254 0.240 1
41 6 N1 N3 0 0.530 0
41 7 N1 N5 223 0.530 0
41 8 N1 N1 249 0.530 1
41 9 N4 N5 93 0.110 0
41 10 N4 N3 133 0.110 1
42 1 N3 N1 0 0.490 0
42 2 N3 N5 145 0.490 0
42 3 N3 N3 222 0.490 1
42 4 N5 N1 193 0.300 0
42 5 N5 N5 255 0.300 1
42 6 N1 N3 0 0.070 0
42 7 N1 N5 223 0.070 0
42 8 N1 N1 249 0.070 1
42 9 N4 N5 94 0.140 0
42 10 N4 N3 135 0.140 1
43 1 N3 N1 0 0.550 0
43 2 N3 N5 144 0.550 0
43 3 N3 N3 220 0.550 1
43 4 N5 N1 192 0.340 0
43 5 N5 N5 255 0.340 1
43 6 N1 N3 0 0.020 0
43 7 N1 N5 223 0.020 0
43 8 N1 N1 248 0.020 1
43 9 N4 N5 94 0.710 0
43 10 N4 N3 137 0.710 1
44 1 N3 N1 0 0.090 0
44 2 N3 N5 144 0.090 0
44 3 N3 N3 218 0.090 1
44 4 N5 N1 190 0.370 0
44 5 N5 N5 255 0.370 1
44 6 N1 N3 129 0.070 0
44 7 N1 N5 224 0.070 0
44 8 N1 N1 249 0.070 1
44 9 N4 N5 95 0.500 0
44 10 N4 N3 138 0.500 1
45 1 N3 N1 0 0.120 0
45 2 N3 N5 142 0.120 0
45 3 N3 N3 215 0.120 1
45 4 N5 N1 191 0.000 0
45 5 N5 N5 255 0.000 1
45 6 N1 N3 131 0.050 0
45 7 N1 N5 225 0.050 0
45 8 N1 N1 249 0.050 1
45 9 N4 N5 95 1.580 0
45 10 N4 N3 138 1.580 1
46 1 N3 N1 0 0.180 0
46 2 N3 N5 140 0.180 0
46 3 N3 N3 213 0.180 1
46 4 N5 N1 191 0.090 0
46 5 N5 N5 255 0.090 1
46 6 N1 N3 135 0.140 0
46 7 N1 N5 224 0.140 0
46 8 N1 N1 249 0.140 1
46 9 N4 N5 95 0.400 0
46 10 N4 N3 141 0.400 1
47 1 N3 N1 0 0.730 0
47 2 N3 N5 140 0.730 0
47 3 N3 N3 212 0.730 1
47 4 N5 N1 192 0.050 0
47 5 N5 N5 255 0.050 1
47 6 N1 N3 135 0.200 0
47 7 N1 N5 223 0.200 0
47 8 N1 N1 249 0.200 1
47 9 N4 N5 95 0.960 0
47 10 N4 N3 142 0.960 1
48 1 N3 N1 0 1.810 0
48 2 N3 N5 140 1.810 0
48 3 N3 N3 212 1.810 1
48 4 N5 N1 193 0.190 0
48 5 N5 N5 255 0.190 1
48 6 N1 N3 138 0.270 0
48 7 N1 N5 222 0.270 0
48 8 N1 N1 249 0.270 1
48 9 N4 N5 95 1.010 0
48 10 N4 N3 143 1.010 1
49 1 N3 N1 0 0.820 0
49 2 N3 N5 142 0.820 0
49 3 N3 N3 211 0.820 1
49 4 N5 N1 193 1.270 0
49 5 N5 N5 255 1.270 1
49 6 N1 N3 138 0.970 0
49 7 N1 N5 222 0.970 0
49 8 N1 N1 249 0.970 1
49 9 N4 N5 95 1.060 0
49 10 N4 N3 143 1.060 1
50 1 N3 N1 0 0.840 0
50 2 N3 N5 0 0.840 0
50 3 N3 N3 209 0.840 1
50 4 N5 N1 193 0.770 0
50 5 N5 N5 255 0.770 1
50 6 N1 N3 138 2.050 0
50 7 N1 N5 222 2.050 0
50 8 N1 N1 249 2.050 1
50 9 N4 N5 94 0.100 0
50 10 N4 N3 144 0.100 1
51 1 N3 N1 0 0.430 0
51 2 N3 N5 0 0.430 0
51 3 N3 N3 209 0.430 1
51 4 N5 N1 192 0.380 0
51 5 N5 N5 255 0.380 1
51 6 N1 N3 139 0.060 0
51 7 N1 N5 221 0.060 0
51 8 N1 N1 251 0.060 1
51 9 N4 N5 92 0.160 0
51 10 N4 N3 143 0.160 1
52 1 N3 N1 0 0.470 0
52 2 N3 N5 0 0.470 0
52 3 N3 N3 209 0.470 1
52 4 N5 N1 191 0.410 0
52 5 N5 N5 254 0.410 1
52 6 N1 N3 140 0.100 0
52 7 N1 N5 221 0.100 0
52 8 N1 N1 252 0.100 1
52 9 N4 N5 92 1.240 0
52 10 N4 N3 143 1.240 1
53 1 N3 N1 0 1.030 0
53 2 N3 N5 0 1.030 0
53 3 N3 N3 210 1.030 1
53 4 N5 N1 191 0.450 0
53 5 N5 N5 253 0.450 1
53 6 N1 N3 137 0.180 0
53 7 N1 N5 218 0.180 0
53 8 N1 N1 252 0.180 1
53 9 N4 N5 92 2.330 0
53 10 N4 N3 143 2.330 1
54 1 N3 N1 0 0.580 0
54 2 N3 N5 0 0.580 0
54 3 N3 N3 211 0.580 1
54 4 N5 N1 191 0.480 0
54 5 N5 N5 251 0.480 1
54 6 N1 N3 131 0.100 0
54 7 N1 N5 214 0.100 0
54 8 N1 N1 252 0.100 1
54 9 N4 N5 92 0.880 0
54 10 N4 N3 143 0.880 1
55 1 N3 N1 0 0.110 0
55 2 N3 N5 0 0.110 0
55 3 N3 N3 213 0.110 1
55 4 N5 N3 131 0.000 0
55 5 N5 N1 191 0.000 0
55 6 N5 N5 250 0.000 1
55 7 N1 N3 125 0.150 0
55 8 N1 N5 207 0.150 0
55 9 N1 N1 253 0.150 1
55 10 N4 N5 94 0.420 0
55 11 N4 N3 144 0.420 1
56 1 N3 N1 0 0.200 0
56 2 N3 N5 0 0.200 0
56 3 N3 N3 213 0.200 1
56 4 N5 N3 130 0.080 0
56 5 N5 N1 0 0.080 0
56 6 N5 N5 249 0.080 1
56 7 N1 N3 124 0.240 0
56 8 N1 N5 201 0.240 0
56 9 N1 N1 253 0.240 1
56 10 N4 N5 94 0.530 0
56 11 N4 N3 145 0.530 1
57 1 N3 N1 0 0.090 0
57 2 N3 N5 0 0.090 0
57 3 N3 N3 214 0.090 1
57 4 N5 N3 129 0.040 0
57 5 N5 N1 0 0.040 0
57 6 N5 N5 247 0.040 1
57 7 N1 N3 124 0.490 0
57 8 N1 N5 199 0.490 0
57 9 N1 N1 253 0.490 1
57 10 N4 N5 94 1.660 0
57 11 N4 N3 145 1.660 1
58 1 N3 N1 0 0.880 0
58 2 N3 N5 0 0.880 0
58 3 N3 N3 213 0.880 1
58 4 N5 N3 129 0.730 0
58 5 N5 N1 0 0.730 0
58 6 N5 N5 246 0.730 1
58 7 N1 N3 120 0.020 0
58 8 N1 N5 194 0.020 0
58 9 N1 N1 250 0.020 1
58 10 N4 N5 94 2.750 0
58 11 N4 N3 145 2.750 1
59 1 N3 N1 0 0.450 0
59 2 N3 N5 0 0.450 0
59 3 N3 N3 210 0.450 1
59 4 N5 N3 129 0.460 0
59 5 N5 N1 0 0.460 0
59 6 N5 N5 245 0.460 1
59 7 N1 N3 119 0.500 0
59 8 N1 N5 194 0.500 0
59 9 N1 N1 249 0.500 1
59 10 N4 N5 94 3.840 0
59 11 N4 N3 145 3.840 1
60 1 N3 N1 0 0.510 0
60 2 N3 N5 0 0.510 0
60 3 N3 N3 210 0.510 1
60 4 N5 N3 128 0.640 0
60 5 N5 N1 0 0.640 0
60 6 N5 N5 244 0.640 1
60 7 N1 N3 107 0.060 0
60 8 N1 N5 187 0.060 0
60 9 N1 N1 245 0.060 1
60 10 N4 N5 0 0.290 0
60 11 N4 N3 146 0.290 1
61 1 N3 N1 0 0.030 0
61 2 N3 N5 0 0.030 0
61 3 N3 N3 205 0.030 1
61 4 N5 N3 126 0.170 0
61 5 N5 N1 0 0.170 0
61 6 N5 N5 240 0.170 1
61 7 N1 N3 101 0.100 0
61 8 N1 N5 184 0.100 0
61 9 N1 N1 242 0.100 1
61 10 N4 N5 0 0.860 0
61 11 N4 N3 147 0.860 1
62 1 N3 N1 0 0.080 0
62 2 N3 N5 158 0.080 0
62 3 N3 N3 201 0.080 1
62 4 N5 N3 123 0.310 0
62 5 N5 N1 0 0.310 0
62 6 N5 N5 239 0.310 1
62 7 N1 N3 101 0.170 0
62 8 N1 N5 182 0.170 0
62 9 N1 N1 239 0.170 1
62 10 N4 N5 0 0.900 0
62 11 N4 N3 148 0.900 1
63 1 N3 N1 127 0.020 0
63 2 N3 N5 161 0.020 0
63 3 N3 N3 195 0.020 1
63 4 N5 N3 120 0.350 0
63 5 N5 N1 0 0.350 0
63 6 N5 N5 238 0.350 1
63 7 N1 N3 98 0.220 0
63 8 N1 N5 182 0.220 0
63 9 N1 N1 236 0.220 1
63 10 N4 N5 0 1.990 0
63 11 N4 N3 148 1.990 1
64 1 N3 N1 124 0.150 0
64 2 N3 N5 161 0.150 0
64 3 N3 N3 191 0.150 1
64 4 N5 N3 121 0.410 0
64 5 N5 N1 0 0.410 0
64 6 N5 N5 237 0.410 1
64 7 N1 N3 98 0.240 0
64 8 N1 N5 182 0.240 0
64 9 N1 N1 235 0.240 1
64 10 N4 N5 0 0.500 0
64 11 N4 N3 149 0.500 1
65 1 N3 N1 122 0.650 0
65 2 N3 N5 161 0.650 0
65 3 N3 N3 189 0.650 1
65 4 N5 N3 122 0.990 0
65 5 N5 N1 0 0.990 0
65 6 N5 N5 236 0.990 1
65 7 N1 N3 96 0.410 0
65 8 N1 N5 182 0.410 0
65 9 N1 N1 234 0.410 1
65 10 N4 N5 0 0.060 0
65 11 N4 N3 148 0.060 1
66 1 N3 N1 122 0.320 0
66 2 N3 N5 159 0.320 0
66 3 N3 N3 184 0.320 1
66 4 N5 N3 123 0.810 0
66 5 N5 N1 0 0.810 0
66 6 N5 N5 235 0.810 1
66 7 N1 N3 96 0.470 0
66 8 N1 N5 184 0.470 0
66 9 N1 N1 233 0.470 1
66 10 N4 N5 0 1.150 0
66 11 N4 N3 148 1.150 1
67 1 N3 N1 121 0.220 0
67 2 N3 N5 159 0.220 0
67 3 N3 N3 183 0.220 1
67 4 N5 N3 123 1.890 0
67 5 N5 N1 0 1.890 0
67 6 N5 N5 235 1.890 1
67 7 N1 N3 96 0.510 0
67 8 N1 N5 184 0.510 0
67 9 N1 N1 232 0.510 1
67 10 N4 N5 0 0.210 0
67 11 N4 N3 148 0.210 1
68 1 N3 N1 117 0.290 0
68 2 N3 N5 159 0.290 0
68 3 N3 N3 181 0.290 1
68 4 N5 N3 123 2.980 0
68 5 N5 N1 0 2.980 0
68 6 N5 N5 235 2.980 1
68 7 N1 N3 94 0.580 0
68 8 N1 N5 186 0.580 0
68 9 N1 N1 232 0.580 1
68 10 N4 N5 0 1.300 0
68 11 N4 N3 148 1.300 1
69 1 N3 N1 117 0.950 0
69 2 N3 N5 159 0.950 0
69 3 N3 N3 181 0.950 1
69 4 N5 N3 123 0.830 0
69 5 N5 N1 0 0.830 0
69 6 N5 N5 232 0.830 1
69 7 N1 N3 0 0.140 0
69 8 N1 N5 185 0.140 0
69 9 N1 N1 231 0.140 1
69 10 N4 N5 0 0.320 0
69 11 N4 N3 148 0.320 1
70 1 N3 N1 117 0.510 0
70 2 N3 N5 160 0.510 0
70 3 N3 N3 180 0.510 1
70 4 N5 N3 125 0.770 0
70 5 N5 N1 0 0.770 0
70 6 N5 N5 231 0.770 1
70 7 N1 N3 0 0.230 0
70 8 N1 N5 184 0.230 0
70 9 N1 N1 231 0.230 1
70 10 N4 N5 0 1.410 0
70 11 N4 N3 148 1.410 1
71 1 N3 N1 115 0.030 0
71 2 N3 N5 160 0.030 0
71 3 N3 N3 181 0.030 1
71 4 N5 N3 126 0.040 0
71 5 N5 N1 0 0.040 0
71 6 N5 N5 228 0.040 1
71 7 N1 N3 0 0.050 0
71 8 N1 N5 184 0.050 0
71 9 N1 N1 231 0.050 1
71 10 N4 N5 0 0.950 0
71 11 N4 N3 148 0.950 1
72 1 N3 N1 113 0.100 0
72 2 N3 N5 142 0.100 0
72 3 N3 N3 185 0.100 1
72 4 N5 N3 132 0.020 0
72 5 N5 N1 0 0.020 0
72 6 N5 N5 219 0.020 1
72 7 N1 N3 0 0.350 0
72 8 N1 N5 182 0.350 0
72 9 N1 N1 232 0.350 1
72 10 N4 N5 0 0.500 0
72 11 N4 N3 149 0.500 1
73 1 N3 N1 112 0.060 0
73 2 N3 N5 138 0.060 0
73 3 N3 N3 188 0.060 1
73 4 N5 N3 136 0.060 0
73 5 N5 N1 0 0.060 0
73 6 N5 N5 214 0.060 1
73 7 N1 N3 0 0.450 0
73 8 N1 N5 0 0.450 0
73 9 N1 N1 232 0.450 1
73 10 N4 N5 0 0.570 0
73 11 N4 N3 148 0.570 1
74 1 N3 N1 112 0.220 0
74 2 N3 N5 133 0.220 0
74 3 N3 N3 192 0.220 1
74 4 N5 N3 144 0.430 0
74 5 N5 N1 0 0.430 0
74 6 N5 N5 213 0.430 1
74 7 N1 N3 0 0.550 0
74 8 N1 N5 138 0.550 0
74 9 N1 N1 232 0.550 1
74 10 N4 N5 0 0.600 0
74 11 N4 N3 148 0.600 1
75 1 N3 N1 112 0.790 0
75 2 N3 N5 133 0.790 0
75 3 N3 N3 194 0.790 1
75 4 N5 N3 151 0.220 0
75 5 N5 N1 0 0.220 0
75 6 N5 N5 208 0.220 1
75 7 N1 N3 105 0.070 0
75 8 N1 N5 137 0.070 0
75 9 N1 N1 233 0.070 1
75 10 N4 N5 0 0.650 0
75 11 N4 N3 147 0.650 1
76 1 N3 N1 107 0.360 0
76 2 N3 N5 131 0.360 0
76 3 N3 N3 197 0.360 1
76 4 N5 N3 150 0.180 0
76 5 N5 N1 0 0.180 0
76 6 N5 N5 204 0.180 1
76 7 N1 N3 105 0.630 0
76 8 N1 N5 137 0.630 0
76 9 N1 N1 234 0.630 1
76 10 N4 N5 0 0.230 0
76 11 N4 N3 146 0.230 1
77 1 N3 N1 107 0.280 0
77 2 N3 N5 131 0.280 0
77 3 N3 N3 198 0.280 1
77 4 N5 N3 148 0.160 0
77 5 N5 N1 0 0.160 0
77 6 N5 N5 202 0.160 1
77 7 N1 N3 105 0.160 0
77 8 N1 N5 128 0.160 0
77 9 N1 N1 235 0.160 1
77 10 N4 N5 0 0.830 0
77 11 N4 N3 146 0.830 1
78 1 N3 N1 0 0.480 0
78 2 N3 N5 130 0.480 0
78 3 N3 N3 199 0.480 1
78 4 N5 N3 148 1.260 0
78 5 N5 N1 0 1.260 0
78 6 N5 N5 202 1.260 1
78 7 N1 N3 105 0.280 0
78 8 N1 N5 128 0.280 0
78 9 N1 N1 236 0.280 1
78 10 N4 N5 0 0.890 0
78 11 N4 N3 147 0.890 1
79 1 N3 N1 0 0.530 0
79 2 N3 N5 128 0.530 0
79 3 N3 N3 199 0.530 1
79 4 N5 N3 148 0.610 0
79 5 N5 N1 0 0.610 0
79 6 N5 N5 196 0.610 1
79 7 N1 N3 105 0.320 0
79 8 N1 N5 128 0.320 0
79 9 N1 N1 237 0.320 1
79 10 N4 N5 0 1.980 0
79 11 N4 N3 147 1.980 1
80 1 N3 N1 0 0.550 0
80 2 N3 N5 128 0.550 0
80 3 N3 N3 199 0.550 1
80 4 N5 N3 143 0.300 0
80 5 N5 N1 0 0.300 0
80 6 N5 N5 191 0.300 1
80 7 N1 N3 105 0.350 0
80 8 N1 N5 128 0.350 0
80 9 N1 N1 238 0.350 1
80 10 N4 N5 0 0.490 0
80 11 N4 N3 148 0.490 1
81 1 N3 N1 0 0.150 0
81 2 N3 N5 131 0.150 0
81 3 N3 N3 200 0.150 1
81 4 N5 N3 141 0.450 0
81 5 N5 N1 0 0.450 0
81 6 N5 N5 188 0.450 1
81 7 N1 N3 105 0.420 0
81 8 N1 N5 128 0.420 0
81 9 N1 N1 239 0.420 1
81 10 N4 N5 0 0.030 0
81 11 N4 N3 150 0.030 1
82 1 N3 N1 0 0.210 0
82 2 N3 N5 133 0.210 0
82 3 N3 N3 199 0.210 1
82 4 N5 N3 142 0.630 0
82 5 N5 N1 0 0.630 0
82 6 N5 N5 186 0.630 1
82 7 N1 N3 105 0.460 0
82 8 N1 N5 123 0.460 0
82 9 N1 N1 239 0.460 1
82 10 N4 N5 0 0.100 0
82 11 N4 N3 151 0.100 1
83 1 N3 N1 0 0.270 0
83 2 N3 N5 133 0.270 0
83 3 N3 N3 199 0.270 1
83 4 N5 N3 142 1.720 0
83 5 N5 N1 0 1.720 0
83 6 N5 N5 186 1.720 1
83 7 N1 N3 0 0.050 0
83 8 N1 N5 110 0.050 0
83 9 N1 N1 240 0.050 1
83 10 N4 N5 0 0.140 0
83 11 N4 N3 150 0.140 1
84 1 N3 N1 0 0.310 0
84 2 N3 N5 136 0.310 0
84 3 N3 N3 197 0.310 1
84 4 N5 N3 143 0.500 0
84 5 N5 N1 0 0.500 0
84 6 N5 N5 182 0.500 1
84 7 N1 N3 0 0.100 0
84 8 N1 N5 110 0.100 0
84 9 N1 N1 240 0.100 1
84 10 N4 N5 0 1.220 0
84 11 N4 N3 150 1.220 1
85 1 N3 N1 0 0.900 0
85 2 N3 N5 139 0.900 0
85 3 N3 N3 196 0.900 1
85 4 N5 N3 143 1.590 0
85 5 N5 N1 0 1.590 0
85 6 N5 N5 182 1.590 1
85 7 N1 N3 0 0.160 0
85 8 N1 N5 0 0.160 0
85 9 N1 N1 238 0.160 1
85 10 N4 N5 0 0.790 0
85 11 N4 N3 149 0.790 1
86 1 N3 N1 0 0.440 0
86 2 N3 N5 133 0.440 0
86 3 N3 N3 195 0.440 1
86 4 N5 N3 146 0.680 0
86 5 N5 N1 0 0.680 0
86 6 N5 N5 174 0.680 1
86 7 N1 N3 0 0.210 0
86 8 N1 N5 0 0.210 0
86 9 N1 N1 237 0.210 1
86 10 N4 N5 0 1.870 0
86 11 N4 N3 149 1.870 1
87 1 N3 N1 0 0.000 0
87 2 N3 N5 126 0.000 0
87 3 N3 N3 195 0.000 1
87 4 N5 N3 146 0.480 0
87 5 N5 N1 0 0.480 0
87 6 N5 N5 173 0.480 1
87 7 N1 N3 0 0.280 0
87 8 N1 N5 0 0.280 0
87 9 N1 N1 236 0.280 1
87 10 N4 N5 0 2.960 0
87 11 N4 N3 149 2.960 1
88 1 N3 N1 0 0.060 0
88 2 N3 N5 126 0.060 0
88 3 N3 N3 196 0.060 1
88 4 N5 N3 149 0.490 0
88 5 N5 N1 0 0.490 0
88 6 N5 N5 173 0.490 1
88 7 N1 N3 0 0.330 0
88 8 N1 N5 0 0.330 0
88 9 N1 N1 234 0.330 1
88 10 N4 N5 0 1.010 0
88 11 N4 N3 148 1.010 1
89 1 N3 N1 0 0.140 0
89 2 N3 N5 123 0.140 0
89 3 N3 N3 196 0.140 1
89 4 N5 N3 155 0.710 0
89 5 N5 N1 0 0.710 0
89 6 N5 N5 173 0.710 1
89 7 N1 N3 0 0.440 0
89 8 N1 N5 0 0.440 0
89 9 N1 N1 234 0.440 1
89 10 N4 N5 0 0.070 0
89 11 N4 N3 146 0.070 1
90 1 N3 N1 0 0.710 0
90 2 N3 N5 120 0.710 0
90 3 N3 N3 196 0.710 1
90 4 N5 N3 159 0.990 0
90 5 N5 N1 0 0.990 0
90 6 N5 N5 172 0.990 1
90 7 N1 N3 0 0.510 0
90 8 N1 N5 0 0.510 0
90 9 N1 N1 233 0.510 1
90 10 N4 N5 0 0.630 0
90 11 N4 N3 145 0.630 1
91 1 N3 N1 0 0.770 0
91 2 N3 N5 120 0.770 0
91 3 N3 N3 195 0.770 1
91 4 N5 N3 159 2.070 0
91 5 N5 N1 0 2.070 0
91 6 N5 N5 172 2.070 1
91 7 N1 N3 0 0.560 0
91 8 N1 N5 0 0.560 0
91 9 N1 N1 232 0.560 1
91 10 N4 N5 0 1.710 0
91 11 N4 N3 145 1.710 1
92 1 N3 N1 0 0.400 0
92 2 N3 N5 111 0.400 0
92 3 N3 N3 195 0.400 1
92 4 N5 N3 161 0.400 0
92 5 N5 N1 0 0.400 0
92 6 N5 N5 169 0.400 1
92 7 N1 N3 0 0.070 0
92 8 N1 N5 0 0.070 0
92 9 N1 N1 232 0.070 1
92 10 N4 N5 0 2.800 0
92 11 N4 N3 145 2.800 1
93 1 N3 N1 0 0.460 0
93 2 N3 N5 111 0.460 0
93 3 N3 N3 194 0.460 1
93 4 N5 N3 159 0.390 0
93 5 N5 N1 0 0.390 0
93 6 N5 N5 163 0.390 1
93 7 N1 N3 0 0.160 0
93 8 N1 N5 0 0.160 0
93 9 N1 N1 232 0.160 1
93 10 N4 N5 0 1.040 0
93 11 N4 N3 144 1.040 1
94 1 N3 N1 0 1.540 0
94 2 N3 N5 111 1.540 0
94 3 N3 N3 194 1.540 1
94 4 N5 N3 159 1.470 0
94 5 N5 N1 0 1.470 0
94 6 N5 N5 163 1.470 1
94 7 N1 N3 0 0.200 0
94 8 N1 N5 0 0.200 0
94 9 N1 N1 232 0.200 1
94 10 N4 N5 0 2.120 0
94 11 N4 N3 144 2.120 1
95 1 N3 N1 0 2.620 0
95 2 N3 N5 111 2.620 0
95 3 N3 N3 194 2.620 1
95 4 N5 N3 159 2.550 0
95 5 N5 N1 0 2.550 0
95 6 N5 N5 163 2.550 1
95 7 N1 N3 0 0.760 0
95 8 N1 N5 0 0.760 0
95 9 N1 N1 231 0.760 1
95 10 N4 N5 0 3.200 0
95 11 N4 N3 144 3.200 1
96 1 N3 N1 0 0.040 0
96 2 N3 N5 109 0.040 0
96 3 N3 N3 193 0.040 1
96 4 N5 N3 159 3.640 0
96 5 N5 N1 0 3.640 0
96 6 N5 N5 163 3.640 1
96 7 N1 N3 54 0.030 0
96 8 N1 N5 0 0.030 0
96 9 N1 N1 230 0.030 1
96 10 N4 N5 0 4.290 0
96 11 N4 N3 144 4.290 1
97 1 N3 N1 0 0.500 0
97 2 N3 N5 105 0.500 0
97 3 N3 N3 191 0.500 1
97 4 N5 N3 159 4.720 0
97 5 N5 N1 0 4.720 0
97 6 N5 N5 163 4.720 1
97 7 N1 N3 54 0.910 0
97 8 N1 N5 0 0.910 0
97 9 N1 N1 229 0.910 1
97 10 N4 N5 0 0.500 0
97 11 N4 N3 142 0.500 1
98 1 N3 N1 0 0.520 0
98 2 N3 N5 105 0.520 0
98 3 N3 N3 192 0.520 1
98 4 N5 N3 156 0.520 0
98 5 N5 N1 0 0.520 0
98 6 N5 N5 161 0.520 1
98 7 N1 N3 56 0.430 0
98 8 N1 N5 0 0.430 0
98 9 N1 N1 229 0.430 1
98 10 N4 N5 0 1.590 0
98 11 N4 N3 142 1.590 1
99 1 N3 N1 0 0.740 0
99 2 N3 N5 101 0.740 0
99 3 N3 N3 191 0.740 1
99 4 N5 N3 156 1.600 0
99 5 N5 N1 0 1.600 0
99 6 N5 N5 161 1.600 1
99 7 N1 N3 56 0.520 0
99 8 N1 N5 0 0.520 0
99 9 N1 N1 228 0.520 1
99 10 N4 N5 0 2.670 0
99 11 N4 N3 142 2.670 1
100 1 N3 N1 0 1.830 0
100 2 N3 N5 101 1.830 0
100 3 N3 N3 191 1.830 1
100 4 N5 N3 156 2.690 0
100 5 N5 N1 0 2.690 0
100 6 N5 N5 161 2.690 1
100 7 N1 N3 59 0.570 0
100 8 N1 N5 0 0.570 0
100 9 N1 N1 226 0.570 1
100 10 N4 N5 0 0.690 0
100 11 N4 N3 140 0.690 1
101 1 N3 N1 0 0.800 0
101 2 N3 N5 95 0.800 0
101 3 N3 N3 191 0.800 1
101 4 N5 N3 146 0.810 0
101 5 N5 N1 0 0.810 0
101 6 N5 N5 148 0.810 1
101 7 N1 N3 59 1.650 0
101 8 N1 N5 0 1.650 0
101 9 N1 N1 226 1.650 1
101 10 N4 N5 0 1.770 0
101 11 N4 N3 140 1.770 1
102 1 N3 N1 0 0.220 0
102 2 N3 N5 95 0.220 0
102 3 N3 N3 189 0.220 1
102 4 N5 N3 146 1.910 0
102 5 N5 N1 0 1.910 0
102 6 N5 N5 148 1.910 1
102 7 N1 N3 59 0.160 0
102 8 N1 N5 0 0.160 0
102 9 N1 N1 227 0.160 1
102 10 N4 N5 0 0.230 0
102 11 N4 N3 138 0.230 1
103 1 N3 N1 0 0.940 0
103 2 N3 N5 95 0.940 0
103 3 N3 N3 189 0.940 1
103 4 N5 N3 146 3.000 0
103 5 N5 N1 0 3.000 0
103 6 N5 N5 148 3.000 1
103 7 N1 N3 58 0.200 0
103 8 N1 N5 0 0.200 0
103 9 N1 N1 226 0.200 1
103 10 N4 N5 0 1.320 0
103 11 N4 N3 138 1.320 1
104 1 N3 N1 0 1.010 0
104 2 N3 N5 0 1.010 0
104 3 N3 N3 188 1.010 1
104 4 N5 N3 146 4.090 0
104 5 N5 N1 0 4.090 0
104 6 N5 N5 148 4.090 1
104 7 N1 N3 57 0.780 0
104 8 N1 N5 0 0.780 0
104 9 N1 N1 226 0.780 1
104 10 N4 N5 0 2.410 0
104 11 N4 N3 138 2.410 1
105 1 N3 N1 0 0.120 0
105 2 N3 N5 0 0.120 0
105 3 N3 N3 183 0.120 1
105 4 N5 N3 139 0.120 0
105 5 N5 N1 0 0.120 0
105 6 N5 N5 144 0.120 1
105 7 N1 N3 57 0.300 0
105 8 N1 N5 0 0.300 0
105 9 N1 N1 227 0.300 1
105 10 N4 N5 0 0.150 0
105 11 N4 N3 135 0.150 1
106 1 N3 N1 0 0.650 0
106 2 N3 N5 0 0.650 0
106 3 N3 N3 183 0.650 1
106 4 N5 N3 139 1.230 0
106 5 N5 N1 0 1.230 0
106 6 N5 N5 144 1.230 1
106 7 N1 N3 58 0.360 0
106 8 N1 N5 0 0.360 0
106 9 N1 N1 227 0.360 1
106 10 N4 N5 0 1.090 0
106 11 N4 N3 132 1.090 1
107 1 N3 N1 0 0.040 0
107 2 N3 N5 0 0.040 0
107 3 N3 N3 181 0.040 1
107 4 N5 N3 139 2.310 0
107 5 N5 N1 0 2.310 0
107 6 N5 N5 144 2.310 1
107 7 N1 N3 58 0.430 0
107 8 N1 N5 0 0.430 0
107 9 N1 N1 228 0.430 1
107 10 N4 N5 0 2.180 0
107 11 N4 N3 132 2.180 1
108 1 N3 N1 0 0.670 0
108 2 N3 N5 0 0.670 0
108 3 N3 N3 180 0.670 1
108 4 N5 N3 139 3.400 0
108 5 N5 N1 0 3.400 0
108 6 N5 N5 144 3.400 1
108 7 N1 N3 58 0.500 0
108 8 N1 N5 0 0.500 0
108 9 N1 N1 229 0.500 1
108 10 N4 N5 0 0.670 0
108 11 N4 N3 129 0.670 1
109 1 N3 N1 0 1.750 0
109 2 N3 N5 0 1.750 0
109 3 N3 N3 180 1.750 1
109 4 N5 N3 139 4.480 0
109 5 N5 N1 0 4.480 0
109 6 N5 N5 144 4.480 1
109 7 N1 N3 55 0.030 0
109 8 N1 N5 0 0.030 0
109 9 N1 N1 229 0.030 1
109 10 N4 N5 0 1.750 0
109 11 N4 N3 129 1.750 1
110 1 N3 N1 0 0.640 0
110 2 N3 N5 0 0.640 0
110 3 N3 N3 178 0.640 1
110 4 N5 N3 139 5.570 0
110 5 N5 N1 0 5.570 0
110 6 N5 N5 144 5.570 1
110 7 N1 N3 55 0.620 0
110 8 N1 N5 0 0.620 0
110 9 N1 N1 230 0.620 1
110 10 N4 N5 0 0.630 0
110 11 N4 N3 125 0.630 1
111 1 N3 N1 0 0.700 0
111 2 N3 N5 0 0.700 0
111 3 N3 N3 175 0.700 1
111 4 N5 N3 139 6.650 0
111 5 N5 N1 0 6.650 0
111 6 N5 N5 144 6.650 1
111 7 N1 N3 55 0.680 0
111 8 N1 N5 0 0.680 0
111 9 N1 N1 231 0.680 1
111 10 N4 N5 0 1.710 0
111 11 N4 N3 125 1.710 1
112 1 N3 N1 0 0.860 0
112 2 N3 N5 0 0.860 0
112 3 N3 N3 170 0.860 1
112 4 N5 N3 139 7.740 0
112 5 N5 N1 0 7.740 0
112 6 N5 N5 144 7.740 1
112 7 N1 N3 53 0.200 0
112 8 N1 N5 0 0.200 0
112 9 N1 N1 231 0.200 1
112 10 N4 N5 0 2.800 0
112 11 N4 N3 125 2.800 1
113 1 N3 N1 0 1.950 0
113 2 N3 N5 0 1.950 0
113 3 N3 N3 170 1.950 1
113 4 N5 N3 139 8.830 0
113 5 N5 N1 0 8.830 0
113 6 N5 N5 144 8.830 1
113 7 N1 N3 0 0.240 0
113 8 N1 N5 0 0.240 0
113 9 N1 N1 229 0.240 1
113 10 N4 N5 0 3.890 0
113 11 N4 N3 125 3.890 1
114 1 N3 N1 0 1.050 0
114 2 N3 N5 0 1.050 0
114 3 N3 N3 165 1.050 1
114 4 N5 N3 139 9.960 0
114 5 N5 N1 0 9.960 0
114 6 N5 N5 144 9.960 1
114 7 N1 N3 0 0.350 0
114 8 N1 N5 0 0.350 0
114 9 N1 N1 229 0.350 1
114 10 N4 N5 0 5.020 0
114 11 N4 N3 125 5.020 1
115 1 N3 N1 0 0.060 0
115 2 N3 N5 0 0.060 0
115 3 N3 N3 151 0.060 1
115 4 N5 N3 139 11.040 0
115 5 N5 N1 0 11.040 0
115 6 N5 N5 144 11.040 1
115 7 N1 N3 0 0.400 0
115 8 N1 N5 0 0.400 0
115 9 N1 N1 229 0.400 1
115 10 N4 N5 0 0.060 0
115 11 N4 N3 106 0.060 1
116 1 N3 N1 0 0.190 0
116 2 N3 N5 0 0.190 0
116 3 N3 N3 151 0.190 1
116 4 N5 N3 139 12.130 0
116 5 N5 N1 0 12.130 0
116 6 N5 N5 144 12.130 1
116 7 N1 N3 0 0.450 0
116 8 N1 N5 0 0.450 0
116 9 N1 N1 232 0.450 1
116 10 N4 N5 0 1.150 0
116 11 N4 N3 106 1.150 1
117 1 N3 N1 0 0.610 0
117 2 N3 N5 0 0.610 0
117 3 N3 N3 150 0.610 1
117 4 N5 N3 139 13.210 0
117 5 N5 N1 0 13.210 0
117 6 N5 N5 144 13.210 1
117 7 N1 N3 0 0.010 0
117 8 N1 N5 0 0.010 0
117 9 N1 N1 234 0.010 1
117 10 N4 N5 0 0.710 0
117 11 N4 N3 99 0.710 1
118 1 N3 N1 0 0.480 0
118 2 N3 N5 0 0.480 0
118 3 N3 N3 148 0.480 1
118 4 N5 N3 139 14.300 0
118 5 N5 N1 0 14.300 0
118 6 N5 N5 144 14.300 1
118 7 N1 N3 0 0.090 0
118 8 N1 N5 0 0.090 0
118 9 N1 N1 236 0.090 1
118 10 N4 N5 0 1.800 0
118 11 N4 N3 99 1.800 1
119 1 N3 N1 79 0.380 0
119 2 N3 N5 0 0.380 0
119 3 N3 N3 145 0.380 1
119 4 N5 N3 139 15.380 0
119 5 N5 N1 0 15.380 0
119 6 N5 N5 144 15.380 1
119 7 N1 N3 0 0.170 0
119 8 N1 N5 0 0.170 0
119 9 N1 N1 238 0.170 1
119 10 N4 N5 0 0.380 0
119 11 N4 N3 95 0.380 1
120 1 N3 N1 79 1.470 0
120 2 N3 N5 0 1.470 0
120 3 N3 N3 145 1.470 1
120 4 N5 N3 139 16.470 0
120 5 N5 N1 0 16.470 0
120 6 N5 N5 144 16.470 1
120 7 N1 N3 0 0.220 0
120 8 N1 N5 0 0.220 0
120 9 N1 N1 241 0.220 1
120 10 N4 N5 0 1.470 0
120 11 N4 N3 95 1.470 1
121 1 N3 N1 79 0.330 0
121 2 N3 N5 0 0.330 0
121 3 N3 N3 145 0.330 1
121 4 N5 N3 139 17.550 0
121 5 N5 N1 0 17.550 0
121 6 N5 N5 144 17.550 1
121 7 N1 N3 0 0.280 0
121 8 N1 N5 0 0.280 0
121 9 N1 N1 244 0.280 1
121 10 N4 N5 0 2.550 0
121 11 N4 N3 95 2.550 1
122 1 N3 N1 79 1.440 0
122 2 N3 N5 0 1.440 0
122 3 N3 N3 145 1.440 1
122 4 N5 N3 139 18.660 0
122 5 N5 N1 0 18.660 0
122 6 N5 N5 144 18.660 1
122 7 N1 N3 0 0.360 0
122 8 N1 N5 0 0.360 0
122 9 N1 N1 245 0.360 1
122 10 N4 N5 0 3.660 0
122 11 N4 N3 95 3.660 1
123 1 N3 N1 79 1.010 0
123 2 N3 N5 0 1.010 0
123 3 N3 N3 145 1.010 1
123 4 N5 N3 139 19.740 0
123 5 N5 N1 0 19.740 0
123 6 N5 N5 144 19.740 1
123 7 N1 N3 0 0.930 0
123 8 N1 N5 0 0.930 0
123 9 N1 N1 244 0.930 1
123 10 N4 N5 0 1.000 0
123 11 N4 N3 92 1.000 1
124 1 N3 N1 79 0.600 0
124 2 N3 N5 0 0.600 0
124 3 N3 N3 149 0.600 1
124 4 N5 N3 139 20.830 0
124 5 N5 N1 0 20.830 0
124 6 N5 N5 144 20.830 1
124 7 N1 N3 0 2.020 0
124 8 N1 N5 0 2.020 0
124 9 N1 N1 244 2.020 1
124 10 N4 N5 0 2.090 0
124 11 N4 N3 92 2.090 1
125 1 N3 N1 80 0.840 0
125 2 N3 N5 0 0.840 0
125 3 N3 N3 151 0.840 1
125 4 N5 N3 139 21.930 0
125 5 N5 N1 0 21.930 0
125 6 N5 N5 144 21.930 1
125 7 N1 N3 0 0.080 0
125 8 N1 N5 0 0.080 0
125 9 N1 N1 244 0.080 1
125 10 N4 N5 0 3.190 0
125 11 N4 N3 92 3.190 1
126 1 N3 N1 85 0.170 0
126 2 N3 N5 0 0.170 0
126 3 N3 N3 153 0.170 1
126 4 N5 N3 139 23.020 0
126 5 N5 N1 0 23.020 0
126 6 N5 N5 144 23.020 1
126 7 N1 N3 0 0.090 0
126 8 N1 N5 0 0.090 0
126 9 N1 N1 239 0.090 1
126 10 N4 N5 0 0.280 0
126 11 N4 N3 88 0.280 1
127 1 N3 N1 87 0.100 0
127 2 N3 N5 0 0.100 0
127 3 N3 N3 149 0.100 1
127 4 N5 N3 139 24.110 0
127 5 N5 N1 0 24.110 0
127 6 N5 N5 144 24.110 1
127 7 N1 N3 0 0.170 0
127 8 N1 N5 0 0.170 0
127 9 N1 N1 237 0.170 1
127 10 N4 N5 0 1.370 0
127 11 N4 N3 88 1.370 1
128 1 N3 N1 87 1.170 0
128 2 N3 N5 0 1.170 0
128 3 N3 N3 149 1.170 1
128 4 N5 N3 139 25.180 0
128 5 N5 N1 0 25.180 0
128 6 N5 N5 144 25.180 1
128 7 N1 N3 0 0.180 0
128 8 N1 N5 0 0.180 0
128 9 N1 N1 233 0.180 1
128 10 N4 N5 0 2.440 0
128 11 N4 N3 88 2.440 1
129 1 N3 N1 87 2.270 0
129 2 N3 N5 0 2.270 0
129 3 N3 N3 149 2.270 1
129 4 N5 N3 139 26.280 0
129 5 N5 N1 0 26.280 0
129 6 N5 N5 144 26.280 1
129 7 N1 N3 0 0.760 0
129 8 N1 N5 0 0.760 0
129 9 N1 N1 232 0.760 1
129 10 N4 N5 0 0.040 0
129 11 N4 N3 85 0.040 1
130 1 N3 N1 89 0.650 0
130 2 N3 N5 0 0.650 0
130 3 N3 N3 141 0.650 1
130 4 N5 N3 139 27.360 0
130 5 N5 N1 0 27.360 0
130 6 N5 N5 144 27.360 1
130 7 N1 N3 0 0.280 0
130 8 N1 N5 0 0.280 0
130 9 N1 N1 229 0.280 1
130 10 N4 N5 0 0.750 0
130 11 N4 N3 82 0.750 1
131 1 N3 N1 89 1.740 0
131 2 N3 N5 0 1.740 0
131 3 N3 N3 141 1.740 1
131 4 N5 N3 139 28.450 0
131 5 N5 N1 0 28.450 0
131 6 N5 N5 144 28.450 1
131 7 N1 N3 0 0.350 0
131 8 N1 N5 0 0.350 0
131 9 N1 N1 226 0.350 1
131 10 N4 N5 0 1.840 0
131 11 N4 N3 82 1.840 1
132 1 N3 N1 89 0.430 0
132 2 N3 N5 0 0.430 0
132 3 N3 N3 126 0.430 1
132 4 N5 N3 139 29.530 0
132 5 N5 N1 0 29.530 0
132 6 N5 N5 144 29.530 1
132 7 N1 N3 0 0.410 0
132 8 N1 N5 0 0.410 0
132 9 N1 N1 225 0.410 1
132 10 N4 N5 0 0.430 0
132 11 N4 N3 72 0.430 1
133 1 N3 N1 93 0.080 0
133 2 N3 N5 0 0.080 0
133 3 N3 N3 120 0.080 1
133 4 N5 N3 139 30.610 0
133 5 N5 N1 0 30.610 0
133 6 N5 N5 144 30.610 1
133 7 N1 N3 0 0.490 0
133 8 N1 N5 0 0.490 0
133 9 N1 N1 225 0.490 1
133 10 N4 N5 0 1.510 0
133 11 N4 N3 72 1.510 1
134 1 N3 N1 104 1.050 0
134 2 N3 N5 0 1.050 0
134 3 N3 N3 120 1.050 1
134 4 N5 N3 139 31.700 0
134 5 N5 N1 0 31.700 0
134 6 N5 N5 144 31.700 1
134 7 N1 N3 0 0.070 0
134 8 N1 N5 0 0.070 0
134 9 N1 N1 224 0.070 1
134 10 N4 N5 0 2.600 0
134 11 N4 N3 72 2.600 1
135 1 N3 N1 104 2.140 0
135 2 N3 N5 0 2.140 0
135 3 N3 N3 120 2.140 1
135 4 N5 N3 139 32.790 0
135 5 N5 N1 0 32.790 0
135 6 N5 N5 144 32.790 1
135 7 N1 N3 0 0.120 0
135 8 N1 N5 0 0.120 0
135 9 N1 N1 224 0.120 1
135 10 N4 N5 0 0.250 0
135 11 N4 N3 70 0.250 1
136 1 N3 N1 106 0.800 0
136 2 N3 N5 0 0.800 0
136 3 N3 N3 114 0.800 1
136 4 N5 N3 139 33.870 0
136 5 N5 N1 0 33.870 0
136 6 N5 N5 144 33.870 1
136 7 N1 N3 0 0.180 0
136 8 N1 N5 0 0.180 0
136 9 N1 N1 225 0.180 1
136 10 N4 N5 0 0.920 0
136 11 N4 N3 70 0.920 1
137 1 N3 N1 113 0.040 1
137 2 N3 N5 0 0.040 0
137 3 N3 N3 112 0.040 0
137 4 N5 N3 139 34.960 0
137 5 N5 N1 0 34.960 0
137 6 N5 N5 144 34.960 1
137 7 N1 N3 0 0.250 0
137 8 N1 N5 0 0.250 0
137 9 N1 N1 224 0.250 1
137 10 N4 N1 67 0.020 0
137 11 N4 N5 0 0.020 0
137 12 N4 N3 71 0.020 1
138 1 N3 N1 115 0.080 1
138 2 N3 N5 0 0.080 0
138 3 N3 N3 115 0.080 0
138 4 N5 N3 139 36.340 0
138 5 N5 N1 0 36.340 0
138 6 N5 N5 144 36.340 1
138 7 N1 N3 0 0.070 0
138 8 N1 N5 0 0.070 0
138 9 N1 N1 223 0.070 1
138 10 N4 N1 67 1.050 0
138 11 N4 N5 0 1.050 0
138 12 N4 N3 71 1.050 1
139 1 N3 N1 116 0.020 0
139 2 N3 N5 0 0.020 0
139 3 N3 N3 122 0.020 1
139 4 N5 N3 129 0.240 0
139 5 N5 N1 0 0.240 0
139 6 N5 N5 140 0.240 1
139 7 N1 N3 0 0.200 0
139 8 N1 N5 0 0.200 0
139 9 N1 N1 222 0.200 1
139 10 N4 N1 67 0.680 0
139 11 N4 N5 0 0.680 0
139 12 N4 N3 71 0.680 1
140 1 N3 N1 120 0.060 0
140 2 N3 N5 0 0.060 0
140 3 N3 N3 127 0.060 1
140 4 N5 N3 129 1.330 0
140 5 N5 N1 0 1.330 0
140 6 N5 N5 140 1.330 1
140 7 N1 N3 0 0.780 0
140 8 N1 N5 0 0.780 0
140 9 N1 N1 221 0.780 1
140 10 N4 N1 67 0.750 0
140 11 N4 N5 0 0.750 0
140 12 N4 N3 72 0.750 1
141 1 N3 N1 122 0.520 0
141 2 N3 N5 0 0.520 0
141 3 N3 N3 129 0.520 1
141 4 N5 N3 129 2.420 0
141 5 N5 N1 0 2.420 0
141 6 N5 N5 140 2.420 1
141 7 N1 N3 0 0.360 0
141 8 N1 N5 0 0.360 0
141 9 N1 N1 221 0.360 1
141 10 N4 N1 67 0.270 0
141 11 N4 N5 0 0.270 0
141 12 N4 N3 75 0.270 1
142 1 N3 N1 124 0.170 0
142 2 N3 N5 0 0.170 0
142 3 N3 N3 132 0.170 1
142 4 N5 N3 99 0.260 0
142 5 N5 N1 0 0.260 0
142 6 N5 N5 126 0.260 1
142 7 N1 N3 0 0.420 0
142 8 N1 N5 0 0.420 0
142 9 N1 N1 221 0.420 1
142 10 N4 N1 67 0.850 0
142 11 N4 N5 0 0.850 0
142 12 N4 N3 76 0.850 1
143 1 N3 N1 126 0.420 0
143 2 N3 N5 0 0.420 0
143 3 N3 N3 133 0.420 1
143 4 N5 N3 99 1.410 0
143 5 N5 N1 0 1.410 0
143 6 N5 N5 126 1.410 1
143 7 N1 N3 0 0.420 0
143 8 N1 N5 0 0.420 0
143 9 N1 N1 221 0.420 1
143 10 N4 N1 67 2.000 0
143 11 N4 N5 0 2.000 0
143 12 N4 N3 76 2.000 1
144 1 N3 N1 126 0.390 0
144 2 N3 N5 0 0.390 0
144 3 N3 N3 134 0.390 1
144 4 N5 N3 99 2.530 0
144 5 N5 N1 0 2.530 0
144 6 N5 N5 126 2.530 1
144 7 N1 N3 0 0.260 0
144 8 N1 N5 0 0.260 0
144 9 N1 N1 220 0.260 1
144 10 N4 N1 67 0.490 0
144 11 N4 N5 0 0.490 0
144 12 N4 N3 76 0.490 1
145 1 N3 N1 128 0.460 0
145 2 N3 N5 0 0.460 0
145 3 N3 N3 133 0.460 1
145 4 N5 N3 99 3.620 0
145 5 N5 N1 0 3.620 0
145 6 N5 N5 126 3.620 1
145 7 N1 N3 0 0.410 0
145 8 N1 N5 0 0.410 0
145 9 N1 N1 220 0.410 1
145 10 N4 N1 67 0.520 0
145 11 N4 N5 0 0.520 0
145 12 N4 N3 77 0.520 1
146 1 N3 N1 128 0.540 0
146 2 N3 N5 0 0.540 0
146 3 N3 N3 132 0.540 1
146 4 N5 N3 99 4.740 0
146 5 N5 N1 0 4.740 0
146 6 N5 N5 126 4.740 1
146 7 N1 N3 0 0.060 0
146 8 N1 N5 0 0.060 0
146 9 N1 N1 216 0.060 1
146 10 N4 N1 67 1.090 0
146 11 N4 N5 0 1.090 0
146 12 N4 N3 78 1.090 1
147 1 N3 N1 127 0.110 0
147 2 N3 N5 0 0.110 0
147 3 N3 N3 128 0.110 1
147 4 N5 N3 90 0.630 0
147 5 N5 N1 0 0.630 0
147 6 N5 N5 126 0.630 1
147 7 N1 N3 0 0.840 0
147 8 N1 N5 0 0.840 0
147 9 N1 N1 216 0.840 1
147 10 N4 N1 67 0.650 0
147 11 N4 N5 0 0.650 0
147 12 N4 N3 79 0.650 1
148 1 N3 N1 127 0.160 0
148 2 N3 N5 0 0.160 0
148 3 N3 N3 126 0.160 1
148 4 N5 N3 77 0.160 0
148 5 N5 N1 0 0.160 0
148 6 N5 N5 126 0.160 1
148 7 N1 N3 0 0.110 0
148 8 N1 N5 0 0.110 0
148 9 N1 N1 214 0.110 1
148 10 N4 N1 67 1.740 0
148 11 N4 N5 0 1.740 0
148 12 N4 N3 79 1.740 1
149 1 N3 N1 120 0.230 0
149 2 N3 N5 0 0.230 0
149 3 N3 N3 124 0.230 1
149 4 N5 N3 75 0.230 0
149 5 N5 N1 0 0.230 0
149 6 N5 N5 120 0.230 1
149 7 N1 N3 0 0.420 0
149 8 N1 N5 0 0.420 0
149 9 N1 N1 212 0.420 1
149 10 N4 N1 67 2.830 0
149 11 N4 N5 0 2.830 0
149 12 N4 N3 79 2.830 1
150 1 N3 N1 120 0.730 0
150 2 N3 N5 0 0.730 0
150 3 N3 N3 123 0.730 1
150 4 N5 N3 68 0.840 1
150 5 N5 N1 0 0.840 0
150 6 N5 N5 0 0.840 0
150 7 N1 N3 0 0.520 0
150 8 N1 N5 0 0.520 0
150 9 N1 N1 210 0.520 1
150 10 N4 N1 67 0.320 0
150 11 N4 N5 0 0.320 0
150 12 N4 N3 81 0.320 1
151 1 N3 N1 117 0.280 0
151 2 N3 N5 0 0.280 0
151 3 N3 N3 123 0.280 1
151 4 N5 N3 62 0.390 1
151 5 N5 N1 0 0.390 0
151 6 N5 N5 0 0.390 0
151 7 N1 N3 0 0.030 0
151 8 N1 N5 0 0.030 0
151 9 N1 N1 212 0.030 1
151 10 N4 N1 67 0.940 0
151 11 N4 N5 0 0.940 0
151 12 N4 N3 82 0.940 1
152 1 N3 N1 116 0.380 0
152 2 N3 N5 0 0.380 0
152 3 N3 N3 124 0.380 1
152 4 N5 N3 52 0.500 1
152 5 N5 N1 0 0.500 0
152 6 N5 N5 0 0.500 0
152 7 N1 N3 0 0.160 0
152 8 N1 N5 0 0.160 0
152 9 N1 N1 215 0.160 1
152 10 N4 N1 67 0.030 0
152 11 N4 N5 0 0.030 0
152 12 N4 N3 85 0.030 1
153 1 N3 N1 116 0.070 0
153 2 N3 N5 0 0.070 0
153 3 N3 N3 127 0.070 1
153 4 N5 N3 43 0.070 1
153 5 N5 N1 0 0.070 0
153 6 N5 N5 0 0.070 0
153 7 N1 N3 0 0.210 0
153 8 N1 N5 0 0.210 0
153 9 N1 N1 217 0.210 1
153 10 N4 N1 67 0.620 0
153 11 N4 N5 0 0.620 0
153 12 N4 N3 86 0.620 1
154 1 N3 N1 117 0.190 0
154 2 N3 N5 0 0.190 0
154 3 N3 N3 131 0.190 1
154 4 N5 N3 43 0.270 1
154 5 N5 N1 0 0.270 0
154 6 N5 N5 0 0.270 0
154 7 N1 N3 0 0.300 0
154 8 N1 N5 0 0.300 0
154 9 N1 N1 221 0.300 1
154 10 N4 N1 67 1.720 0
154 11 N4 N5 0 1.720 0
154 12 N4 N3 86 1.720 1
155 1 N3 N1 116 0.050 0
155 2 N3 N5 0 0.050 0
155 3 N3 N3 135 0.050 1
155 4 N5 N3 41 0.210 1
155 5 N5 N1 0 0.210 0
155 6 N5 N5 0 0.210 0
155 7 N1 N3 0 0.370 0
155 8 N1 N5 0 0.370 0
155 9 N1 N1 224 0.370 1
155 10 N4 N1 67 0.780 0
155 11 N4 N5 0 0.780 0
155 12 N4 N3 86 0.780 1
156 1 N3 N1 116 0.150 0
156 2 N3 N5 0 0.150 0
156 3 N3 N3 140 0.150 1
156 4 N5 N3 43 0.300 1
156 5 N5 N1 0 0.300 0
156 6 N5 N5 0 0.300 0
156 7 N1 N3 0 0.460 0
156 8 N1 N5 0 0.460 0
156 9 N1 N1 229 0.460 1
156 10 N4 N1 68 0.350 0
156 11 N4 N5 0 0.350 0
156 12 N4 N3 88 0.350 1
157 1 N3 N1 116 0.000 0
157 2 N3 N5 0 0.000 0
157 3 N3 N3 144 0.000 1
157 4 N5 N3 50 0.410 1
157 5 N5 N1 0 0.410 0
157 6 N5 N5 0 0.410 0
157 7 N1 N3 0 0.620 0
157 8 N1 N5 0 0.620 0
157 9 N1 N1 231 0.620 1
157 10 N4 N1 68 0.970 0
157 11 N4 N5 0 0.970 0
157 12 N4 N3 88 0.970 1
158 1 N3 N1 109 0.500 0
158 2 N3 N5 0 0.500 0
158 3 N3 N3 145 0.500 1
158 4 N5 N3 57 0.510 1
158 5 N5 N1 0 0.510 0
158 6 N5 N5 0 0.510 0
158 7 N1 N3 0 0.540 0
158 8 N1 N5 0 0.540 0
158 9 N1 N1 236 0.540 1
158 10 N4 N1 0 0.570 0
158 11 N4 N5 0 0.580 0
158 12 N4 N3 90 0.580 1
159 1 N3 N1 109 0.200 0
159 2 N3 N5 8 0.200 0
159 3 N3 N3 148 0.200 1
159 4 N5 N3 60 0.210 1
159 5 N5 N1 0 0.210 0
159 6 N5 N5 22 0.210 0
159 7 N1 N3 0 0.080 0
159 8 N1 N5 0 0.080 0
159 9 N1 N1 241 0.080 1
159 10 N4 N1 0 0.140 0
159 11 N4 N5 18 0.140 0
159 12 N4 N3 91 0.140 1
160 1 N3 N1 104 0.050 0
160 2 N3 N5 8 0.050 0
160 3 N3 N3 150 0.050 1
160 4 N5 N3 66 0.680 1
160 5 N5 N1 0 0.680 0
160 6 N5 N5 22 0.680 0
160 7 N1 N3 0 0.350 0
160 8 N1 N5 0 0.350 0
160 9 N1 N1 245 0.350 1
160 10 N4 N1 0 0.190 0
160 11 N4 N5 17 0.190 0
160 12 N4 N3 91 0.190 1
161 1 N3 N1 102 0.320 0
161 2 N3 N5 8 0.320 0
161 3 N3 N3 152 0.320 1
161 4 N5 N3 77 0.240 1
161 5 N5 N1 0 0.240 0
161 6 N5 N5 21 0.240 0
161 7 N1 N3 0 0.810 0
161 8 N1 N5 0 0.810 0
161 9 N1 N1 247 0.810 1
161 10 N4 N1 0 1.280 0
161 11 N4 N5 17 1.280 0
161 12 N4 N3 91 1.280 1
162 1 N3 N1 102 0.130 0
162 2 N3 N5 9 0.130 0
162 3 N3 N3 153 0.130 1
162 4 N5 N3 88 0.220 1
162 5 N5 N1 0 0.220 0
162 6 N5 N5 23 0.220 0
162 7 N1 N3 0 0.490 0
162 8 N1 N5 0 0.490 0
162 9 N1 N1 249 0.490 1
162 10 N4 N1 0 0.310 0
162 11 N4 N5 19 0.310 0
162 12 N4 N3 92 0.310 1
163 1 N3 N1 100 0.440 0
163 2 N3 N5 10 0.440 0
163 3 N3 N3 154 0.440 1
163 4 N5 N3 91 0.380 1
163 5 N5 N1 0 0.380 0
163 6 N5 N5 23 0.380 0
163 7 N1 N3 0 0.060 0
163 8 N1 N5 0 0.060 0
163 9 N1 N1 251 0.060 1
163 10 N4 N1 0 0.900 0
163 11 N4 N5 19 0.900 0
163 12 N4 N3 94 0.900 1
164 1 N3 N1 97 0.390 0
164 2 N3 N5 11 0.390 0
164 3 N3 N3 154 0.390 1
164 4 N5 N3 100 0.400 1
164 5 N5 N1 0 0.400 0
164 6 N5 N5 25 0.400 0
164 7 N1 N3 0 0.090 0
164 8 N1 N5 0 0.090 0
164 9 N1 N1 252 0.090 1
164 10 N4 N1 0 0.440 0
164 11 N4 N5 23 0.440 0
164 12 N4 N3 99 0.440 1
165 1 N3 N1 96 0.070 0
165 2 N3 N5 14 0.070 0
165 3 N3 N3 155 0.070 1
165 4 N5 N3 104 0.070 1
165 5 N5 N1 0 0.070 0
165 6 N5 N5 28 0.070 0
165 7 N1 N3 0 0.160 0
165 8 N1 N5 0 0.160 0
165 9 N1 N1 253 0.160 1
165 10 N4 N1 0 0.020 0
165 11 N4 N5 25 0.020 0
165 12 N4 N3 104 0.020 1
166 1 N3 N1 95 0.020 0
166 2 N3 N5 19 0.020 0
166 3 N3 N3 157 0.020 1
166 4 N5 N3 107 0.020 1
166 5 N5 N1 0 0.020 0
166 6 N5 N5 30 0.020 0
166 7 N1 N3 0 0.220 0
166 8 N1 N5 0 0.220 0
166 9 N1 N1 254 0.220 1
166 10 N4 N1 0 0.590 0
166 11 N4 N5 26 0.590 0
166 12 N4 N3 105 0.590 1
167 1 N3 N1 95 0.120 0
167 2 N3 N5 22 0.120 0
167 3 N3 N3 157 0.120 1
167 4 N5 N3 109 0.230 1
167 5 N5 N1 0 0.230 0
167 6 N5 N5 32 0.230 0
167 7 N1 N3 0 0.320 0
167 8 N1 N5 0 0.320 0
167 9 N1 N1 255 0.320 1
167 10 N4 N1 0 0.160 0
167 11 N4 N5 27 0.160 0
167 12 N4 N3 106 0.160 1
168 1 N3 N1 95 0.330 0
168 2 N3 N5 23 0.330 0
168 3 N3 N3 156 0.330 1
168 4 N5 N3 111 0.690 1
168 5 N5 N1 0 0.690 0
168 6 N5 N5 35 0.690 0
168 7 N1 N3 0 0.400 0
168 8 N1 N5 0 0.400 0
168 9 N1 N1 255 0.400 1
168 10 N4 N1 0 1.250 0
168 11 N4 N5 27 1.250 0
168 12 N4 N3 106 1.250 1
169 1 N3 N1 95 0.260 0
169 2 N3 N5 33 0.260 0
169 3 N3 N3 157 0.260 1
169 4 N5 N3 113 0.220 1
169 5 N5 N1 0 0.220 0
169 6 N5 N5 38 0.220 0
169 7 N1 N3 0 0.450 0
169 8 N1 N5 25 0.450 0
169 9 N1 N1 255 0.450 1
169 10 N4 N1 0 0.310 0
169 11 N4 N5 33 0.310 0
169 12 N4 N3 107 0.310 1
170 1 N3 N1 95 0.440 0
170 2 N3 N5 33 0.440 0
170 3 N3 N3 158 0.440 1
170 4 N5 N3 115 0.360 1
170 5 N5 N1 0 0.360 0
170 6 N5 N5 38 0.360 0
170 7 N1 N3 0 0.480 0
170 8 N1 N5 25 0.480 0
170 9 N1 N1 255 0.480 1
170 10 N4 N1 0 0.380 0
170 11 N4 N5 37 0.380 0
170 12 N4 N3 111 0.380 1
171 1 N3 N1 95 0.530 0
171 2 N3 N5 37 0.530 0
171 3 N3 N3 161 0.530 1
171 4 N5 N3 115 0.450 1
171 5 N5 N1 0 0.450 0
171 6 N5 N5 51 0.450 0
171 7 N1 N3 0 0.020 0
171 8 N1 N5 27 0.020 0
171 9 N1 N1 255 0.020 1
171 10 N4 N1 0 0.430 0
171 11 N4 N5 37 0.430 0
171 12 N4 N3 116 0.430 1
172 1 N3 N1 0 0.060 0
172 2 N3 N5 39 0.060 0
172 3 N3 N3 163 0.060 1
172 4 N5 N3 115 1.540 1
172 5 N5 N1 0 1.540 0
172 6 N5 N5 51 1.540 0
172 7 N1 N3 0 0.070 0
172 8 N1 N5 27 0.070 0
172 9 N1 N1 255 0.070 1
172 10 N4 N1 0 1.520 0
172 11 N4 N5 37 1.520 0
172 12 N4 N3 116 1.520 1
173 1 N3 N1 0 0.600 0
173 2 N3 N5 44 0.600 0
173 3 N3 N3 164 0.600 1
173 4 N5 N3 121 0.470 1
173 5 N5 N1 0 0.470 0
173 6 N5 N5 72 0.470 0
173 7 N1 N3 0 0.170 0
173 8 N1 N5 27 0.170 0
173 9 N1 N1 255 0.170 1
173 10 N4 N1 0 0.560 0
173 11 N4 N5 44 0.560 0
173 12 N4 N3 119 0.560 1
174 1 N3 N1 0 0.170 0
174 2 N3 N5 50 0.170 0
174 3 N3 N3 166 0.170 1
174 4 N5 N3 126 0.650 1
174 5 N5 N1 0 0.650 0
174 6 N5 N5 77 0.650 0
174 7 N1 N3 0 0.230 0
174 8 N1 N5 27 0.230 0
174 9 N1 N1 255 0.230 1
174 10 N4 N1 0 0.100 0
174 11 N4 N5 51 0.100 0
174 12 N4 N3 122 0.100 1
175 1 N3 N1 0 0.230 0
175 2 N3 N5 53 0.230 0
175 3 N3 N3 167 0.230 1
175 4 N5 N3 132 0.640 1
175 5 N5 N1 0 0.640 0
175 6 N5 N5 85 0.640 0
175 7 N1 N3 0 0.310 0
175 8 N1 N5 28 0.310 0
175 9 N1 N1 255 0.310 1
175 10 N4 N1 0 1.200 0
175 11 N4 N5 51 1.200 0
175 12 N4 N3 122 1.200 1
176 1 N3 N1 0 0.250 0
176 2 N3 N5 56 0.250 0
176 3 N3 N3 169 0.250 1
176 4 N5 N3 132 1.740 1
176 5 N5 N1 0 1.740 0
176 6 N5 N5 85 1.740 0
176 7 N1 N3 0 0.370 0
176 8 N1 N5 28 0.370 0
176 9 N1 N1 255 0.370 1
176 10 N4 N1 0 0.850 0
176 11 N4 N5 51 0.850 0
176 12 N4 N3 123 0.850 1
177 1 N3 N1 0 0.360 0
177 2 N3 N5 62 0.360 0
177 3 N3 N3 170 0.360 1
177 4 N5 N3 135 0.800 1
177 5 N5 N1 0 0.800 0
177 6 N5 N5 89 0.800 0
177 7 N1 N3 0 0.440 0
177 8 N1 N5 31 0.440 0
177 9 N1 N1 255 0.440 1
177 10 N4 N1 0 0.270 0
177 11 N4 N5 68 0.270 0
177 12 N4 N3 126 0.270 1
178 1 N3 N1 0 0.920 0
178 2 N3 N5 65 0.920 0
178 3 N3 N3 171 0.920 1
178 4 N5 N3 135 0.800 1
178 5 N5 N1 0 0.800 0
178 6 N5 N5 95 0.800 0
178 7 N1 N3 0 0.490 0
178 8 N1 N5 31 0.490 0
178 9 N1 N1 255 0.490 1
178 10 N4 N1 0 0.120 0
178 11 N4 N5 68 0.120 0
178 12 N4 N3 128 0.120 1
179 1 N3 N1 0 0.020 0
179 2 N3 N5 65 0.020 0
179 3 N3 N3 171 0.020 1
179 4 N5 N3 135 1.910 1
179 5 N5 N1 0 1.910 0
179 6 N5 N5 95 1.910 0
179 7 N1 N3 0 0.580 0
179 8 N1 N5 0 0.580 0
179 9 N1 N1 255 0.580 1
179 10 N4 N1 0 1.230 0
179 11 N4 N5 68 1.230 0
179 12 N4 N3 128 1.230 1
180 1 N3 N1 0 0.110 0
180 2 N3 N5 73 0.110 0
180 3 N3 N3 170 0.110 1
180 4 N5 N3 134 0.550 1
180 5 N5 N1 0 0.550 0
180 6 N5 N5 101 0.550 0
180 7 N1 N3 0 0.130 0
180 8 N1 N5 47 0.130 0
180 9 N1 N1 255 0.130 1
180 10 N4 N1 0 2.330 0
180 11 N4 N5 68 2.330 0
180 12 N4 N3 128 2.330 1
181 1 N3 N1 0 0.190 0
181 2 N3 N5 78 0.190 0
181 3 N3 N3 170 0.190 1
181 4 N5 N3 132 0.600 1
181 5 N5 N1 0 0.600 0
181 6 N5 N5 104 0.600 0
181 7 N1 N3 0 0.190 0
181 8 N1 N5 47 0.190 0
181 9 N1 N1 255 0.190 1
181 10 N4 N1 0 3.420 0
181 11 N4 N5 68 3.420 0
181 12 N4 N3 128 3.420 1
182 1 N3 N1 0 0.110 0
182 2 N3 N5 78 0.110 0
182 3 N3 N3 169 0.110 1
182 4 N5 N3 132 1.720 1
182 5 N5 N1 0 1.720 0
182 6 N5 N5 104 1.720 0
182 7 N1 N3 0 0.280 0
182 8 N1 N5 47 0.280 0
182 9 N1 N1 255 0.280 1
182 10 N4 N1 0 0.340 0
182 11 N4 N5 68 0.340 0
182 12 N4 N3 128 0.340 1
183 1 N3 N1 0 0.810 0
183 2 N3 N5 78 0.810 0
183 3 N3 N3 168 0.810 1
183 4 N5 N3 129 0.650 1
183 5 N5 N1 0 0.650 0
183 6 N5 N5 106 0.650 0
183 7 N1 N3 0 0.350 0
183 8 N1 N5 47 0.350 0
183 9 N1 N1 255 0.350 1
183 10 N4 N1 0 1.430 0
183 11 N4 N5 68 1.430 0
183 12 N4 N3 128 1.430 1
184 1 N3 N1 0 0.380 0
184 2 N3 N5 78 0.380 0
184 3 N3 N3 167 0.380 1
184 4 N5 N3 129 1.740 1
184 5 N5 N1 0 1.740 0
184 6 N5 N5 106 1.740 0
184 7 N1 N3 0 0.400 0
184 8 N1 N5 47 0.400 0
184 9 N1 N1 255 0.400 1
184 10 N4 N1 0 0.230 0
184 11 N4 N5 71 0.230 0
184 12 N4 N3 126 0.230 1
185 1 N3 N1 0 0.450 0
185 2 N3 N5 91 0.450 0
185 3 N3 N3 167 0.450 1
185 4 N5 N3 127 0.820 1
185 5 N5 N1 0 0.820 0
185 6 N5 N5 111 0.820 0
185 7 N1 N3 0 0.490 0
185 8 N1 N5 47 0.490 0
185 9 N1 N1 255 0.490 1
185 10 N4 N1 0 1.320 0
185 11 N4 N5 71 1.320 0
185 12 N4 N3 126 1.320 1
186 1 N3 N1 0 0.360 0
186 2 N3 N5 97 0.360 0
186 3 N3 N3 167 0.360 1
186 4 N5 N3 127 1.920 1
186 5 N5 N1 0 1.920 0
186 6 N5 N5 111 1.920 0
186 7 N1 N3 0 0.060 0
186 8 N1 N5 47 0.060 0
186 9 N1 N1 255 0.060 1
186 10 N4 N1 0 0.560 0
186 11 N4 N5 71 0.560 0
186 12 N4 N3 125 0.560 1
187 1 N3 N1 0 0.070 0
187 2 N3 N5 97 0.070 0
187 3 N3 N3 166 0.070 1
187 4 N5 N3 123 0.820 1
187 5 N5 N1 0 0.820 0
187 6 N5 N5 113 0.820 0
187 7 N1 N3 0 0.140 0
187 8 N1 N5 0 0.140 0
187 9 N1 N1 255 0.140 1
187 10 N4 N1 0 0.640 0
187 11 N4 N5 0 0.640 0
187 12 N4 N3 124 0.640 1
188 1 N3 N1 0 0.120 0
188 2 N3 N5 108 0.120 0
188 3 N3 N3 166 0.120 1
188 4 N5 N3 122 0.110 0
188 5 N5 N1 0 0.110 0
188 6 N5 N5 123 0.110 1
188 7 N1 N3 0 0.180 0
188 8 N1 N5 66 0.180 0
188 9 N1 N1 255 0.180 1
188 10 N4 N1 0 0.080 0
188 11 N4 N5 0 0.080 0
188 12 N4 N3 124 0.080 1
189 1 N3 N1 0 0.470 0
189 2 N3 N5 109 0.470 0
189 3 N3 N3 165 0.470 1
189 4 N5 N3 121 0.350 0
189 5 N5 N1 0 0.350 0
189 6 N5 N5 126 0.350 1
189 7 N1 N3 0 0.210 0
189 8 N1 N5 66 0.210 0
189 9 N1 N1 255 0.210 1
189 10 N4 N1 0 0.010 0
189 11 N4 N5 0 0.010 0
189 12 N4 N3 124 0.010 1
190 1 N3 N1 0 0.650 0
190 2 N3 N5 113 0.650 0
190 3 N3 N3 164 0.650 1
190 4 N5 N3 121 0.650 0
190 5 N5 N1 0 0.650 0
190 6 N5 N5 133 0.650 1
190 7 N1 N3 0 0.310 0
190 8 N1 N5 66 0.310 0
190 9 N1 N1 255 0.310 1
190 10 N4 N1 0 1.120 0
190 11 N4 N5 0 1.120 0
190 12 N4 N3 124 1.120 1
191 1 N3 N1 0 0.680 0
191 2 N3 N5 115 0.680 0
191 3 N3 N3 164 0.680 1
191 4 N5 N3 122 0.670 0
191 5 N5 N1 0 0.670 0
191 6 N5 N5 140 0.670 1
191 7 N1 N3 0 0.960 0
191 8 N1 N5 66 0.960 0
191 9 N1 N1 255 0.960 1
191 10 N4 N1 0 0.680 0
191 11 N4 N5 0 0.680 0
191 12 N4 N3 125 0.680 1
192 1 N3 N1 0 0.150 0
192 2 N3 N5 120 0.150 0
192 3 N3 N3 165 0.150 1
192 4 N5 N3 124 0.320 0
192 5 N5 N1 0 0.320 0
192 6 N5 N5 148 0.320 1
192 7 N1 N3 0 0.510 0
192 8 N1 N5 66 0.510 0
192 9 N1 N1 255 0.510 1
192 10 N4 N1 0 0.620 0
192 11 N4 N5 0 0.620 0
192 12 N4 N3 126 0.620 1
193 1 N3 N1 0 0.050 0
193 2 N3 N5 120 0.050 0
193 3 N3 N3 166 0.050 1
193 4 N5 N3 121 0.170 0
193 5 N5 N1 0 0.170 0
193 6 N5 N5 152 0.170 1
193 7 N1 N3 0 0.040 0
193 8 N1 N5 66 0.040 0
193 9 N1 N1 254 0.040 1
193 10 N4 N1 0 0.220 0
193 11 N4 N5 0 0.220 0
193 12 N4 N3 126 0.220 1
194 1 N3 N1 0 0.050 0
194 2 N3 N5 127 0.050 0
194 3 N3 N3 168 0.050 1
194 4 N5 N3 120 0.150 0
194 5 N5 N1 0 0.150 0
194 6 N5 N5 154 0.150 1
194 7 N1 N3 0 0.090 0
194 8 N1 N5 66 0.090 0
194 9 N1 N1 254 0.090 1
194 10 N4 N1 0 0.070 0
194 11 N4 N5 0 0.070 0
194 12 N4 N3 129 0.070 1
195 1 N3 N1 0 0.200 0
195 2 N3 N5 130 0.200 0
195 3 N3 N3 167 0.200 1
195 4 N5 N3 120 0.080 0
195 5 N5 N1 0 0.080 0
195 6 N5 N5 159 0.080 1
195 7 N1 N3 0 0.140 0
195 8 N1 N5 0 0.140 0
195 9 N1 N1 253 0.140 1
195 10 N4 N1 0 0.140 0
195 11 N4 N5 0 0.140 0
195 12 N4 N3 130 0.140 1
196 1 N3 N1 0 0.310 0
196 2 N3 N5 131 0.310 0
196 3 N3 N3 167 0.310 1
196 4 N5 N3 119 0.160 0
196 5 N5 N1 0 0.160 0
196 6 N5 N5 163 0.160 1
196 7 N1 N3 0 0.770 0
196 8 N1 N5 0 0.770 0
196 9 N1 N1 252 0.770 1
196 10 N4 N1 0 0.250 0
196 11 N4 N5 0 0.250 0
196 12 N4 N3 131 0.250 1
197 1 N3 N1 0 0.380 0
197 2 N3 N5 132 0.380 0
197 3 N3 N3 168 0.380 1
197 4 N5 N3 119 0.380 0
197 5 N5 N1 0 0.380 0
197 6 N5 N5 168 0.380 1
197 7 N1 N3 0 0.350 0
197 8 N1 N5 0 0.350 0
197 9 N1 N1 252 0.350 1
197 10 N4 N1 0 0.300 0
197 11 N4 N5 0 0.300 0
197 12 N4 N3 134 0.300 1
198 1 N3 N1 0 0.330 0
198 2 N3 N5 134 0.330 0
198 3 N3 N3 168 0.330 1
198 4 N5 N3 121 0.330 0
198 5 N5 N1 0 0.330 0
198 6 N5 N5 172 0.330 1
198 7 N1 N3 0 0.400 0
198 8 N1 N5 0 0.400 0
198 9 N1 N1 251 0.400 1
198 10 N4 N1 0 0.360 0
198 11 N4 N5 0 0.360 0
198 12 N4 N3 135 0.360 1
199 1 N3 N1 0 0.030 0
199 2 N3 N5 134 0.030 0
199 3 N3 N3 168 0.030 1
199 4 N5 N3 124 0.000 0
199 5 N5 N1 0 0.000 0
199 6 N5 N5 175 0.000 1
199 7 N1 N3 0 0.430 0
199 8 N1 N5 0 0.430 0
199 9 N1 N1 250 0.430 1
199 10 N4 N1 0 0.420 0
199 11 N4 N5 0 0.420 0
199 12 N4 N3 135 0.420 1
200 1 N3 N1 0 0.110 0
200 2 N3 N5 132 0.110 0
200 3 N3 N3 167 0.110 1
200 4 N5 N3 124 0.580 0
200 5 N5 N1 0 0.580 0
200 6 N5 N5 177 0.580 1
200 7 N1 N3 0 0.510 0
200 8 N1 N5 0 0.510 0
200 9 N1 N1 248 0.510 1
200 10 N4 N1 0 0.460 0
200 11 N4 N5 0 0.460 0
200 12 N4 N3 133 0.460 1
201 1 N3 N1 0 0.150 0
201 2 N3 N5 132 0.150 0
201 3 N3 N3 167 0.150 1
201 4 N5 N3 125 0.510 0
201 5 N5 N1 0 0.510 0
201 6 N5 N5 182 0.510 1
201 7 N1 N3 0 0.040 0
201 8 N1 N5 0 0.040 0
201 9 N1 N1 245 0.040 1
201 10 N4 N1 0 0.500 0
201 11 N4 N5 0 0.500 0
201 12 N4 N3 133 0.500 1
202 1 N3 N1 0 0.180 0
202 2 N3 N5 131 0.180 0
202 3 N3 N3 168 0.180 1
202 4 N5 N3 127 0.280 0
202 5 N5 N1 0 0.280 0
202 6 N5 N5 187 0.280 1
202 7 N1 N3 0 0.140 0
202 8 N1 N5 0 0.140 0
202 9 N1 N1 243 0.140 1
202 10 N4 N1 0 0.660 0
202 11 N4 N5 0 0.660 0
202 12 N4 N3 133 0.660 1
203 1 N3 N1 0 0.230 0
203 2 N3 N5 131 0.230 0
203 3 N3 N3 168 0.230 1
203 4 N5 N3 129 0.350 0
203 5 N5 N1 0 0.350 0
203 6 N5 N5 190 0.350 1
203 7 N1 N3 0 0.200 0
203 8 N1 N5 0 0.200 0
203 9 N1 N1 242 0.200 1
203 10 N4 N1 0 1.750 0
203 11 N4 N5 0 1.750 0
203 12 N4 N3 133 1.750 1
204 1 N3 N1 0 0.300 0
204 2 N3 N5 132 0.300 0
204 3 N3 N3 171 0.300 1
204 4 N5 N3 131 0.280 0
204 5 N5 N1 0 0.280 0
204 6 N5 N5 194 0.280 1
204 7 N1 N3 0 0.150 0
204 8 N1 N5 134 0.150 0
204 9 N1 N1 240 0.150 1
204 10 N4 N1 0 0.790 0
204 11 N4 N5 0 0.790 0
204 12 N4 N3 134 0.790 1
205 1 N3 N1 0 0.340 0
205 2 N3 N5 134 0.340 0
205 3 N3 N3 172 0.340 1
205 4 N5 N3 132 0.440 0
205 5 N5 N1 0 0.440 0
205 6 N5 N5 197 0.440 1
205 7 N1 N3 0 0.700 0
205 8 N1 N5 136 0.700 0
205 9 N1 N1 239 0.700 1
205 10 N4 N1 0 0.360 0
205 11 N4 N5 0 0.360 0
205 12 N4 N3 134 0.360 1
206 1 N3 N1 0 0.400 0
206 2 N3 N5 137 0.400 0
206 3 N3 N3 175 0.400 1
206 4 N5 N3 138 0.010 0
206 5 N5 N1 0 0.010 0
206 6 N5 N5 202 0.010 1
206 7 N1 N3 0 0.290 0
206 8 N1 N5 144 0.290 0
206 9 N1 N1 236 0.290 1
206 10 N4 N1 0 0.420 0
206 11 N4 N5 0 0.420 0
206 12 N4 N3 135 0.420 1
207 1 N3 N1 0 0.970 0
207 2 N3 N5 138 0.970 0
207 3 N3 N3 176 0.970 1
207 4 N5 N3 138 0.070 0
207 5 N5 N1 0 0.070 0
207 6 N5 N5 207 0.070 1
207 7 N1 N3 0 0.330 0
207 8 N1 N5 148 0.330 0
207 9 N1 N1 235 0.330 1
207 10 N4 N1 0 0.480 0
207 11 N4 N5 0 0.480 0
207 12 N4 N3 137 0.480 1
208 1 N3 N1 0 0.010 0
208 2 N3 N5 141 0.010 0
208 3 N3 N3 176 0.010 1
208 4 N5 N3 137 0.140 0
208 5 N5 N1 0 0.140 0
208 6 N5 N5 211 0.140 1
208 7 N1 N3 0 0.010 0
208 8 N1 N5 150 0.010 0
208 9 N1 N1 233 0.010 1
208 10 N4 N1 0 1.580 0
208 11 N4 N5 0 1.580 0
208 12 N4 N3 137 1.580 1
209 1 N3 N1 0 0.110 0
209 2 N3 N5 145 0.110 0
209 3 N3 N3 178 0.110 1
209 4 N5 N3 136 0.040 0
209 5 N5 N1 0 0.040 0
209 6 N5 N5 216 0.040 1
209 7 N1 N3 0 0.060 0
209 8 N1 N5 160 0.060 0
209 9 N1 N1 232 0.060 1
209 10 N4 N1 0 2.680 0
209 11 N4 N5 0 2.680 0
209 12 N4 N3 137 2.680 1
210 1 N3 N1 0 1.200 0
210 2 N3 N5 145 1.200 0
210 3 N3 N3 178 1.200 1
210 4 N5 N3 134 0.360 0
210 5 N5 N1 0 0.360 0
210 6 N5 N5 218 0.360 1
210 7 N1 N3 0 0.360 0
210 8 N1 N5 160 0.360 0
210 9 N1 N1 231 0.360 1
210 10 N4 N1 0 3.770 0
210 11 N4 N5 0 3.770 0
210 12 N4 N3 137 3.770 1
211 1 N3 N1 0 0.100 0
211 2 N3 N5 150 0.100 0
211 3 N3 N3 179 0.100 1
211 4 N5 N3 134 0.100 0
211 5 N5 N1 0 0.100 0
211 6 N5 N5 223 0.100 1
211 7 N1 N3 87 0.070 0
211 8 N1 N5 170 0.070 0
211 9 N1 N1 228 0.070 1
211 10 N4 N1 0 4.880 0
211 11 N4 N5 0 4.880 0
211 12 N4 N3 137 4.880 1
212 1 N3 N1 0 0.840 0
212 2 N3 N5 152 0.840 0
212 3 N3 N3 180 0.840 1
212 4 N5 N3 131 0.350 0
212 5 N5 N1 0 0.350 0
212 6 N5 N5 228 0.350 1
212 7 N1 N3 87 0.130 0
212 8 N1 N5 171 0.130 0
212 9 N1 N1 226 0.130 1
212 10 N4 N1 0 0.690 0
212 11 N4 N5 0 0.690 0
212 12 N4 N3 137 0.690 1
213 1 N3 N1 0 0.020 0
213 2 N3 N5 156 0.020 0
213 3 N3 N3 184 0.020 1
213 4 N5 N3 133 0.340 0
213 5 N5 N1 0 0.340 0
213 6 N5 N5 232 0.340 1
213 7 N1 N3 93 0.210 0
213 8 N1 N5 175 0.210 0
213 9 N1 N1 225 0.210 1
213 10 N4 N1 0 0.820 0
213 11 N4 N5 0 0.820 0
213 12 N4 N3 136 0.820 1
214 1 N3 N1 0 0.010 0
214 2 N3 N5 158 0.010 0
214 3 N3 N3 185 0.010 1
214 4 N5 N3 134 0.010 0
214 5 N5 N1 0 0.010 0
214 6 N5 N5 238 0.010 1
214 7 N1 N3 93 0.300 0
214 8 N1 N5 178 0.300 0
214 9 N1 N1 224 0.300 1
214 10 N4 N1 0 0.940 0
214 11 N4 N5 0 0.940 0
214 12 N4 N3 137 0.940 1
215 1 N3 N1 0 0.060 0
215 2 N3 N5 157 0.060 0
215 3 N3 N3 186 0.060 1
215 4 N5 N3 134 0.090 0
215 5 N5 N1 0 0.090 0
215 6 N5 N5 242 0.090 1
215 7 N1 N3 96 0.230 0
215 8 N1 N5 180 0.230 0
215 9 N1 N1 222 0.230 1
215 10 N4 N1 0 0.450 0
215 11 N4 N5 0 0.450 0
215 12 N4 N3 136 0.450 1
216 1 N3 N1 0 0.130 0
216 2 N3 N5 156 0.130 0
216 3 N3 N3 186 0.130 1
216 4 N5 N3 135 0.140 0
216 5 N5 N1 0 0.140 0
216 6 N5 N5 245 0.140 1
216 7 N1 N3 98 0.130 0
216 8 N1 N5 182 0.130 0
216 9 N1 N1 221 0.130 1
216 10 N4 N1 0 0.130 0
216 11 N4 N5 0 0.130 0
216 12 N4 N3 137 0.130 1
217 1 N3 N1 0 0.270 0
217 2 N3 N5 155 0.270 0
217 3 N3 N3 187 0.270 1
217 4 N5 N3 135 0.050 0
217 5 N5 N1 0 0.050 0
217 6 N5 N5 246 0.050 1
217 7 N1 N3 100 0.070 0
217 8 N1 N5 190 0.070 0
217 9 N1 N1 219 0.070 1
217 10 N4 N1 0 0.050 0
217 11 N4 N5 0 0.050 0
217 12 N4 N3 140 0.050 1
218 1 N3 N1 0 0.260 0
218 2 N3 N5 154 0.260 0
218 3 N3 N3 189 0.260 1
218 4 N5 N3 135 0.140 0
218 5 N5 N1 0 0.140 0
218 6 N5 N5 247 0.140 1
218 7 N1 N3 105 0.130 0
218 8 N1 N5 194 0.130 0
218 9 N1 N1 218 0.130 1
218 10 N4 N1 0 0.110 0
218 11 N4 N5 0 0.110 0
218 12 N4 N3 144 0.110 1
219 1 N3 N1 0 0.440 0
219 2 N3 N5 152 0.440 0
219 3 N3 N3 192 0.440 1
219 4 N5 N3 133 0.350 0
219 5 N5 N1 0 0.350 0
219 6 N5 N5 247 0.350 1
219 7 N1 N3 107 0.080 0
219 8 N1 N5 200 0.080 0
219 9 N1 N1 218 0.080 1
219 10 N4 N1 0 0.190 0
219 11 N4 N5 0 0.190 0
219 12 N4 N3 144 0.190 1
220 1 N3 N1 0 0.460 0
220 2 N3 N5 151 0.460 0
220 3 N3 N3 192 0.460 1
220 4 N5 N3 131 0.270 0
220 5 N5 N1 151 0.270 0
220 6 N5 N5 247 0.270 1
220 7 N1 N3 106 0.040 0
220 8 N1 N5 202 0.040 0
220 9 N1 N1 217 0.040 1
220 10 N4 N1 0 0.260 0
220 11 N4 N5 0 0.260 0
220 12 N4 N3 145 0.260 1
221 1 N3 N1 0 0.560 0
221 2 N3 N5 151 0.560 0
221 3 N3 N3 195 0.560 1
221 4 N5 N3 131 1.360 0
221 5 N5 N1 151 1.360 0
221 6 N5 N5 247 1.360 1
221 7 N1 N3 106 0.280 0
221 8 N1 N5 203 0.280 0
221 9 N1 N1 217 0.280 1
221 10 N4 N1 0 0.830 0
221 11 N4 N5 0 0.830 0
221 12 N4 N3 145 0.830 1
222 1 N3 N1 0 1.650 0
222 2 N3 N5 151 1.650 0
222 3 N3 N3 195 1.650 1
222 4 N5 N3 131 2.450 0
222 5 N5 N1 151 2.450 0
222 6 N5 N5 247 2.450 1
222 7 N1 N3 106 0.370 0
222 8 N1 N5 203 0.370 0
222 9 N1 N1 217 0.370 1
222 10 N4 N1 0 1.920 0
222 11 N4 N5 0 1.920 0
222 12 N4 N3 145 1.920 1
223 1 N3 N1 0 2.740 0
223 2 N3 N5 151 2.740 0
223 3 N3 N3 195 2.740 1
223 4 N5 N3 131 0.390 0
223 5 N5 N1 157 0.390 0
223 6 N5 N5 248 0.390 1
223 7 N1 N3 107 0.410 0
223 8 N1 N5 202 0.410 0
223 9 N1 N1 216 0.410 1
223 10 N4 N1 0 3.010 0
223 11 N4 N5 0 3.010 0
223 12 N4 N3 145 3.010 1
224 1 N3 N1 0 0.060 0
224 2 N3 N5 147 0.060 0
224 3 N3 N3 196 0.060 1
224 4 N5 N3 131 0.470 0
224 5 N5 N1 157 0.470 0
224 6 N5 N5 248 0.470 1
224 7 N1 N3 107 0.470 0
224 8 N1 N5 201 0.470 0
224 9 N1 N1 214 0.470 1
224 10 N4 N1 0 4.100 0
224 11 N4 N5 0 4.100 0
224 12 N4 N3 145 4.100 1
225 1 N3 N1 0 0.760 0
225 2 N3 N5 147 0.760 0
225 3 N3 N3 197 0.760 1
225 4 N5 N3 131 0.130 0
225 5 N5 N1 155 0.130 0
225 6 N5 N5 249 0.130 1
225 7 N1 N3 107 0.410 0
225 8 N1 N5 198 0.410 0
225 9 N1 N1 213 0.410 1
225 10 N4 N1 0 1.080 0
225 11 N4 N5 0 1.080 0
225 12 N4 N3 145 1.080 1
226 1 N3 N1 0 0.330 0
226 2 N3 N5 144 0.330 0
226 3 N3 N3 198 0.330 1
226 4 N5 N3 125 0.100 0
226 5 N5 N1 155 0.100 0
226 6 N5 N5 249 0.100 1
226 7 N1 N3 105 0.090 0
226 8 N1 N5 198 0.090 0
226 9 N1 N1 212 0.090 1
226 10 N4 N1 0 0.140 0
226 11 N4 N5 0 0.140 0
226 12 N4 N3 145 0.140 1
227 1 N3 N1 0 0.390 0
227 2 N3 N5 143 0.390 0
227 3 N3 N3 198 0.390 1
227 4 N5 N3 122 0.190 0
227 5 N5 N1 155 0.190 0
227 6 N5 N5 250 0.190 1
227 7 N1 N3 102 0.070 0
227 8 N1 N5 198 0.070 0
227 9 N1 N1 211 0.070 1
227 10 N4 N1 0 0.700 0
227 11 N4 N5 0 0.700 0
227 12 N4 N3 146 0.700 1
228 1 N3 N1 0 0.430 0
228 2 N3 N5 140 0.430 0
228 3 N3 N3 197 0.430 1
228 4 N5 N3 109 0.250 0
228 5 N5 N1 155 0.250 0
228 6 N5 N5 252 0.250 1
228 7 N1 N3 89 0.110 0
228 8 N1 N5 201 0.110 0
228 9 N1 N1 211 0.110 1
228 10 N4 N1 0 0.210 0
228 11 N4 N5 0 0.210 0
228 12 N4 N3 146 0.210 1
229 1 N3 N1 0 0.500 0
229 2 N3 N5 139 0.500 0
229 3 N3 N3 198 0.500 1
229 4 N5 N3 109 0.330 0
229 5 N5 N1 159 0.330 0
229 6 N5 N5 253 0.330 1
229 7 N1 N3 71 0.060 0
229 8 N1 N5 200 0.060 0
229 9 N1 N1 212 0.060 1
229 10 N4 N1 0 0.260 0
229 11 N4 N5 0 0.260 0
229 12 N4 N3 149 0.260 1
230 1 N3 N1 0 0.080 0
230 2 N3 N5 139 0.080 0
230 3 N3 N3 199 0.080 1
230 4 N5 N3 94 0.390 0
230 5 N5 N1 165 0.390 0
230 6 N5 N5 254 0.390 1
230 7 N1 N3 71 0.370 0
230 8 N1 N5 200 0.370 0
230 9 N1 N1 214 0.370 1
230 10 N4 N1 0 0.330 0
230 11 N4 N5 0 0.330 0
230 12 N4 N3 151 0.330 1
231 1 N3 N1 0 0.150 0
231 2 N3 N5 136 0.150 0
231 3 N3 N3 198 0.150 1
231 4 N5 N3 94 0.090 0
231 5 N5 N1 171 0.090 0
231 6 N5 N5 254 0.090 1
231 7 N1 N3 71 0.320 0
231 8 N1 N5 197 0.320 0
231 9 N1 N1 217 0.320 1
231 10 N4 N1 0 0.390 0
231 11 N4 N5 0 0.390 0
231 12 N4 N3 151 0.390 1
232 1 N3 N1 0 0.240 0
232 2 N3 N5 136 0.240 0
232 3 N3 N3 197 0.240 1
232 4 N5 N3 94 0.040 0
232 5 N5 N1 177 0.040 0
232 6 N5 N5 254 0.040 1
232 7 N1 N3 71 0.390 0
232 8 N1 N5 194 0.390 0
232 9 N1 N1 219 0.390 1
232 10 N4 N1 0 0.420 0
232 11 N4 N5 0 0.420 0
232 12 N4 N3 151 0.420 1
233 1 N3 N1 0 0.290 0
233 2 N3 N5 137 0.290 0
233 3 N3 N3 195 0.290 1
233 4 N5 N3 87 0.110 0
233 5 N5 N1 181 0.110 0
233 6 N5 N5 253 0.110 1
233 7 N1 N3 71 0.040 0
233 8 N1 N5 192 0.040 0
233 9 N1 N1 225 0.040 1
233 10 N4 N1 0 0.510 0
233 11 N4 N5 0 0.510 0
233 12 N4 N3 149 0.510 1
234 1 N3 N1 0 0.380 0
234 2 N3 N5 137 0.380 0
234 3 N3 N3 193 0.380 1
234 4 N5 N3 87 0.670 0
234 5 N5 N1 183 0.670 0
234 6 N5 N5 253 0.670 1
234 7 N1 N3 71 0.120 0
234 8 N1 N5 189 0.120 0
234 9 N1 N1 228 0.120 1
234 10 N4 N1 0 0.070 0
234 11 N4 N5 0 0.070 0
234 12 N4 N3 147 0.070 1
235 1 N3 N1 0 0.460 0
235 2 N3 N5 131 0.460 0
235 3 N3 N3 191 0.460 1
235 4 N5 N3 81 0.160 0
235 5 N5 N1 190 0.160 0
235 6 N5 N5 251 0.160 1
235 7 N1 N3 66 0.070 0
235 8 N1 N5 187 0.070 0
235 9 N1 N1 231 0.070 1
235 10 N4 N1 0 1.160 0
235 11 N4 N5 0 1.160 0
235 12 N4 N3 147 1.160 1
236 1 N3 N1 0 0.930 0
236 2 N3 N5 124 0.930 0
236 3 N3 N3 189 0.930 1
236 4 N5 N3 81 0.230 0
236 5 N5 N1 193 0.230 0
236 6 N5 N5 250 0.230 1
236 7 N1 N3 66 0.110 0
236 8 N1 N5 187 0.110 0
236 9 N1 N1 234 0.110 1
236 10 N4 N1 0 0.750 0
236 11 N4 N5 0 0.750 0
236 12 N4 N3 145 0.750 1
237 1 N3 N1 0 0.050 0
237 2 N3 N5 124 0.050 0
237 3 N3 N3 188 0.050 1
237 4 N5 N3 0 0.320 0
237 5 N5 N1 197 0.320 0
237 6 N5 N5 249 0.320 1
237 7 N1 N3 0 0.190 0
237 8 N1 N5 186 0.190 0
237 9 N1 N1 235 0.190 1
237 10 N4 N1 0 0.330 0
237 11 N4 N5 0 0.330 0
237 12 N4 N3 141 0.330 1
238 1 N3 N1 0 0.120 0
238 2 N3 N5 107 0.120 0
238 3 N3 N3 184 0.120 1
238 4 N5 N3 0 0.380 0
238 5 N5 N1 200 0.380 0
238 6 N5 N5 249 0.380 1
238 7 N1 N3 0 0.760 0
238 8 N1 N5 185 0.760 0
238 9 N1 N1 235 0.760 1
238 10 N4 N1 0 0.920 0
238 11 N4 N5 0 0.920 0
238 12 N4 N3 138 0.920 1
239 1 N3 N1 0 0.180 0
239 2 N3 N5 107 0.180 0
239 3 N3 N3 181 0.180 1
239 4 N5 N3 0 0.050 0
239 5 N5 N1 201 0.050 0
239 6 N5 N5 248 0.050 1
239 7 N1 N3 0 0.450 0
239 8 N1 N5 184 0.450 0
239 9 N1 N1 236 0.450 1
239 10 N4 N1 0 2.010 0
239 11 N4 N5 0 2.010 0
239 12 N4 N3 138 2.010 1
240 1 N3 N1 0 0.250 0
240 2 N3 N5 107 0.250 0
240 3 N3 N3 180 0.250 1
240 4 N5 N3 0 1.170 0
240 5 N5 N1 201 1.170 0
240 6 N5 N5 248 1.170 1
240 7 N1 N3 0 0.050 0
240 8 N1 N5 182 0.050 0
240 9 N1 N1 236 0.050 1
240 10 N4 N1 0 3.130 0
240 11 N4 N5 0 3.130 0
240 12 N4 N3 138 3.130 1
241 1 N3 N1 0 0.310 0
241 2 N3 N5 107 0.310 0
241 3 N3 N3 180 0.310 1
241 4 N5 N3 0 0.070 0
241 5 N5 N1 199 0.070 0
241 6 N5 N5 246 0.070 1
241 7 N1 N3 0 0.120 0
241 8 N1 N5 180 0.120 0
241 9 N1 N1 235 0.120 1
241 10 N4 N1 0 0.160 0
241 11 N4 N5 0 0.160 0
241 12 N4 N3 134 0.160 1
242 1 N3 N1 0 0.400 0
242 2 N3 N5 107 0.400 0
242 3 N3 N3 179 0.400 1
242 4 N5 N3 0 0.160 0
242 5 N5 N1 198 0.160 0
242 6 N5 N5 244 0.160 1
242 7 N1 N3 0 0.190 0
242 8 N1 N5 178 0.190 0
242 9 N1 N1 234 0.190 1
242 10 N4 N1 0 0.230 0
242 11 N4 N5 0 0.230 0
242 12 N4 N3 132 0.230 1
243 1 N3 N1 0 0.440 0
243 2 N3 N5 107 0.440 0
243 3 N3 N3 179 0.440 1
243 4 N5 N3 0 0.220 0
243 5 N5 N1 198 0.220 0
243 6 N5 N5 242 0.220 1
243 7 N1 N3 0 0.110 0
243 8 N1 N5 178 0.110 0
243 9 N1 N1 233 0.110 1
243 10 N4 N1 0 0.300 0
243 11 N4 N5 0 0.300 0
243 12 N4 N3 129 0.300 1
244 1 N3 N1 0 0.000 0
244 2 N3 N5 100 0.000 0
244 3 N3 N3 180 0.000 1
244 4 N5 N3 0 0.300 0
244 5 N5 N1 200 0.300 0
244 6 N5 N5 242 0.300 1
244 7 N1 N3 0 0.070 0
244 8 N1 N5 181 0.070 0
244 9 N1 N1 232 0.070 1
244 10 N4 N1 0 0.350 0
244 11 N4 N5 0 0.350 0
244 12 N4 N3 127 0.350 1
245 1 N3 N1 0 0.080 0
245 2 N3 N5 100 0.080 0
245 3 N3 N3 182 0.080 1
245 4 N5 N3 0 0.350 0
245 5 N5 N1 202 0.350 0
245 6 N5 N5 240 0.350 1
245 7 N1 N3 0 0.340 0
245 8 N1 N5 181 0.340 0
245 9 N1 N1 233 0.340 1
245 10 N4 N1 0 0.430 0
245 11 N4 N5 0 0.430 0
245 12 N4 N3 125 0.430 1
246 1 N3 N1 0 0.140 0
246 2 N3 N5 88 0.140 0
246 3 N3 N3 183 0.140 1
246 4 N5 N3 0 1.440 0
246 5 N5 N1 202 1.440 0
246 6 N5 N5 240 1.440 1
246 7 N1 N3 0 0.020 0
246 8 N1 N5 180 0.020 0
246 9 N1 N1 234 0.020 1
246 10 N4 N1 0 1.520 0
246 11 N4 N5 0 1.520 0
246 12 N4 N3 125 1.520 1
247 1 N3 N1 0 0.030 0
247 2 N3 N5 88 0.030 0
247 3 N3 N3 184 0.030 1
247 4 N5 N3 0 0.090 0
247 5 N5 N1 204 0.090 0
247 6 N5 N5 238 0.090 1
247 7 N1 N3 0 0.460 0
247 8 N1 N5 180 0.460 0
247 9 N1 N1 234 0.460 1
247 10 N4 N1 0 1.060 0
247 11 N4 N5 0 1.060 0
247 12 N4 N3 123 1.060 1
248 1 N3 N1 0 0.280 0
248 2 N3 N5 88 0.280 0
248 3 N3 N3 186 0.280 1
248 4 N5 N3 0 0.010 0
248 5 N5 N1 204 0.010 0
248 6 N5 N5 235 0.010 1
248 7 N1 N3 0 0.330 0
248 8 N1 N5 177 0.330 0
248 9 N1 N1 235 0.330 1
248 10 N4 N1 0 0.110 0
248 11 N4 N5 0 0.110 0
248 12 N4 N3 122 0.110 1
249 1 N3 N1 0 0.360 0
249 2 N3 N5 0 0.360 0
249 3 N3 N3 186 0.360 1
249 4 N5 N3 0 0.060 0
249 5 N5 N1 205 0.060 0
249 6 N5 N5 231 0.060 1
249 7 N1 N3 0 0.100 0
249 8 N1 N5 175 0.100 0
249 9 N1 N1 235 0.100 1
249 10 N4 N1 0 0.190 0
249 11 N4 N5 0 0.190 0
249 12 N4 N3 121 0.190 1
250 1 N3 N1 0 0.400 0
250 2 N3 N5 0 0.400 0
250 3 N3 N3 187 0.400 1
250 4 N5 N3 0 0.190 0
250 5 N5 N1 204 0.190 0
250 6 N5 N5 231 0.190 1
250 7 N1 N3 0 0.050 0
250 8 N1 N5 165 0.050 0
250 9 N1 N1 234 0.050 1
250 10 N4 N1 0 0.260 0
250 11 N4 N5 0 0.260 0
250 12 N4 N3 119 0.260 1
251 1 N3 N1 0 0.440 0
251 2 N3 N5 0 0.440 0
251 3 N3 N3 187 0.440 1
251 4 N5 N3 0 0.290 0
251 5 N5 N1 201 0.290 0
251 6 N5 N5 226 0.290 1
251 7 N1 N3 0 0.120 0
251 8 N1 N5 161 0.120 0
251 9 N1 N1 232 0.120 1
251 10 N4 N1 0 0.300 0
251 11 N4 N5 0 0.300 0
251 12 N4 N3 118 0.300 1
252 1 N3 N1 0 0.520 0
252 2 N3 N5 0 0.520 0
252 3 N3 N3 186 0.520 1
252 4 N5 N3 0 0.140 0
252 5 N5 N1 197 0.140 0
252 6 N5 N5 225 0.140 1
252 7 N1 N3 0 0.320 0
252 8 N1 N5 159 0.320 0
252 9 N1 N1 229 0.320 1
252 10 N4 N1 0 1.400 0
252 11 N4 N5 0 1.400 0
252 12 N4 N3 118 1.400 1
253 1 N3 N1 0 0.680 0
253 2 N3 N5 0 0.680 0
253 3 N3 N3 185 0.680 1
253 4 N5 N3 0 0.220 0
253 5 N5 N1 193 0.220 0
253 6 N5 N5 221 0.220 1
253 7 N1 N3 0 0.260 0
253 8 N1 N5 157 0.260 0
253 9 N1 N1 227 0.260 1
253 10 N4 N1 0 0.680 0
253 11 N4 N5 0 0.680 0
253 12 N4 N3 117 0.680 1
254 1 N3 N1 105 0.010 0
254 2 N3 N5 0 0.010 0
254 3 N3 N3 185 0.010 1
254 4 N5 N3 0 0.090 0
254 5 N5 N1 194 0.090 0
254 6 N5 N5 217 0.090 1
254 7 N1 N3 0 0.340 0
254 8 N1 N5 158 0.340 0
254 9 N1 N1 225 0.340 1
254 10 N4 N1 0 0.020 0
254 11 N4 N5 0 0.020 0
254 12 N4 N3 116 0.020 1
255 1 N3 N1 104 0.130 0
255 2 N3 N5 0 0.130 0
255 3 N3 N3 186 0.130 1
255 4 N5 N3 0 0.040 0
255 5 N5 N1 194 0.040 0
255 6 N5 N5 213 0.040 1
255 7 N1 N3 0 0.030 0
255 8 N1 N5 161 0.030 0
255 9 N1 N1 224 0.030 1
255 10 N4 N1 0 0.090 0
255 11 N4 N5 0 0.090 0
255 12 N4 N3 117 0.090 1
256 1 N3 N1 103 0.230 0
256 2 N3 N5 0 0.230 0
256 3 N3 N3 185 0.230 1
256 4 N5 N3 0 0.110 0
256 5 N5 N1 196 0.110 0
256 6 N5 N5 209 0.110 1
256 7 N1 N3 0 0.100 0
256 8 N1 N5 162 0.100 0
256 9 N1 N1 224 0.100 1
256 10 N4 N1 0 0.150 0
256 11 N4 N5 0 0.150 0
256 12 N4 N3 117 0.150 1
257 1 N3 N1 103 0.410 0
257 2 N3 N5 0 0.410 0
257 3 N3 N3 184 0.410 1
257 4 N5 N3 0 0.060 0
257 5 N5 N1 199 0.060 0
257 6 N5 N5 207 0.060 1
257 7 N1 N3 0 0.060 0
257 8 N1 N5 164 0.060 0
257 9 N1 N1 224 0.060 1
257 10 N4 N1 0 0.210 0
257 11 N4 N5 0 0.210 0
257 12 N4 N3 116 0.210 1
258 1 N3 N1 103 0.460 0
258 2 N3 N5 0 0.460 0
258 3 N3 N3 184 0.460 1
258 4 N5 N3 0 0.370 0
258 5 N5 N1 200 0.370 0
258 6 N5 N5 207 0.370 1
258 7 N1 N3 0 0.210 0
258 8 N1 N5 165 0.210 0
258 9 N1 N1 225 0.210 1
258 10 N4 N1 0 1.300 0
258 11 N4 N5 0 1.300 0
258 12 N4 N3 116 1.300 1
259 1 N3 N1 103 0.030 0
259 2 N3 N5 0 0.030 0
259 3 N3 N3 181 0.030 1
259 4 N5 N3 0 0.320 0
259 5 N5 N1 200 0.320 0
259 6 N5 N5 207 0.320 1
259 7 N1 N3 0 0.150 0
259 8 N1 N5 168 0.150 0
259 9 N1 N1 226 0.150 1
259 10 N4 N1 0 2.390 0
259 11 N4 N5 0 2.390 0
259 12 N4 N3 116 2.390 1
260 1 N3 N1 103 0.090 0
260 2 N3 N5 0 0.090 0
260 3 N3 N3 180 0.090 1
260 4 N5 N3 0 0.370 0
260 5 N5 N1 201 0.370 0
260 6 N5 N5 209 0.370 1
260 7 N1 N3 0 0.220 0
260 8 N1 N5 171 0.220 0
260 9 N1 N1 228 0.220 1
260 10 N4 N1 0 0.410 0
260 11 N4 N5 0 0.410 0
260 12 N4 N3 115 0.410 1
261 1 N3 N1 103 0.170 0
261 2 N3 N5 0 0.170 0
261 3 N3 N3 179 0.170 1
261 4 N5 N3 0 0.050 0
261 5 N5 N1 200 0.050 0
261 6 N5 N5 213 0.050 1
261 7 N1 N3 0 0.000 0
261 8 N1 N5 172 0.000 0
261 9 N1 N1 228 0.000 1
261 10 N4 N1 0 0.450 0
261 11 N4 N5 0 0.450 0
261 12 N4 N3 115 0.450 1
262 1 N3 N1 103 0.270 0
262 2 N3 N5 0 0.270 0
262 3 N3 N3 178 0.270 1
262 4 N5 N3 0 0.020 0
262 5 N5 N1 202 0.020 0
262 6 N5 N5 216 0.020 1
262 7 N1 N3 0 0.320 0
262 8 N1 N5 173 0.320 0
262 9 N1 N1 229 0.320 1
262 10 N4 N1 0 0.490 0
262 11 N4 N5 0 0.490 0
262 12 N4 N3 115 0.490 1
263 1 N3 N1 103 0.840 0
263 2 N3 N5 0 0.840 0
263 3 N3 N3 177 0.840 1
263 4 N5 N3 0 0.100 0
263 5 N5 N1 202 0.100 0
263 6 N5 N5 218 0.100 1
263 7 N1 N3 0 0.410 0
263 8 N1 N5 173 0.410 0
263 9 N1 N1 229 0.410 1
263 10 N4 N1 0 0.100 0
263 11 N4 N5 0 0.100 0
263 12 N4 N3 116 0.100 1
264 1 N3 N1 111 0.270 0
264 2 N3 N5 0 0.270 0
264 3 N3 N3 174 0.270 1
264 4 N5 N3 0 0.680 0
264 5 N5 N1 202 0.680 0
264 6 N5 N5 220 0.680 1
264 7 N1 N3 0 0.110 0
264 8 N1 N5 173 0.110 0
264 9 N1 N1 228 0.110 1
264 10 N4 N1 0 1.190 0
264 11 N4 N5 0 1.190 0
264 12 N4 N3 116 1.190 1
265 1 N3 N1 111 0.450 0
265 2 N3 N5 0 0.450 0
265 3 N3 N3 174 0.450 1
265 4 N5 N3 0 0.250 0
265 5 N5 N1 201 0.250 0
265 6 N5 N5 221 0.250 1
265 7 N1 N3 0 0.560 0
265 8 N1 N5 172 0.560 0
265 9 N1 N1 228 0.560 1
265 10 N4 N1 0 2.290 0
265 11 N4 N5 0 2.290 0
265 12 N4 N3 116 2.290 1
266 1 N3 N1 102 0.020 0
266 2 N3 N5 0 0.020 0
266 3 N3 N3 172 0.020 1
266 4 N5 N3 0 0.320 0
266 5 N5 N1 198 0.320 0
266 6 N5 N5 221 0.320 1
266 7 N1 N3 0 0.150 0
266 8 N1 N5 170 0.150 0
266 9 N1 N1 226 0.150 1
266 10 N4 N1 0 0.600 0
266 11 N4 N5 0 0.600 0
266 12 N4 N3 118 0.600 1
267 1 N3 N1 100 0.080 0
267 2 N3 N5 0 0.080 0
267 3 N3 N3 172 0.080 1
267 4 N5 N3 0 0.380 0
267 5 N5 N1 196 0.380 0
267 6 N5 N5 221 0.380 1
267 7 N1 N3 0 0.220 0
267 8 N1 N5 169 0.220 0
267 9 N1 N1 225 0.220 1
267 10 N4 N1 0 0.890 0
267 11 N4 N5 0 0.890 0
267 12 N4 N3 120 0.890 1
268 1 N3 N1 100 0.120 0
268 2 N3 N5 0 0.120 0
268 3 N3 N3 173 0.120 1
268 4 N5 N3 0 0.040 0
268 5 N5 N1 194 0.040 0
268 6 N5 N5 221 0.040 1
268 7 N1 N3 0 0.260 0
268 8 N1 N5 167 0.260 0
268 9 N1 N1 223 0.260 1
268 10 N4 N1 0 0.450 0
268 11 N4 N5 0 0.450 0
268 12 N4 N3 124 0.450 1
269 1 N3 N1 100 0.190 0
269 2 N3 N5 0 0.190 0
269 3 N3 N3 173 0.190 1
269 4 N5 N3 0 0.010 0
269 5 N5 N1 195 0.010 0
269 6 N5 N5 221 0.010 1
269 7 N1 N3 0 0.350 0
269 8 N1 N5 167 0.350 0
269 9 N1 N1 223 0.350 1
269 10 N4 N1 0 0.050 0
269 11 N4 N5 0 0.050 0
269 12 N4 N3 127 0.050 1
270 1 N3 N1 100 0.770 0
270 2 N3 N5 0 0.770 0
270 3 N3 N3 174 0.770 1
270 4 N5 N3 0 0.050 0
270 5 N5 N1 197 0.050 0
270 6 N5 N5 221 0.050 1
270 7 N1 N3 0 0.520 0
270 8 N1 N5 168 0.520 0
270 9 N1 N1 222 0.520 1
270 10 N4 N1 0 1.140 0
270 11 N4 N5 0 1.140 0
270 12 N4 N3 127 1.140 1
271 1 N3 N1 98 0.290 0
271 2 N3 N5 0 0.290 0
271 3 N3 N3 175 0.290 1
271 4 N5 N3 0 0.090 0
271 5 N5 N1 199 0.090 0
271 6 N5 N5 222 0.090 1
271 7 N1 N3 0 0.040 0
271 8 N1 N5 169 0.040 0
271 9 N1 N1 223 0.040 1
271 10 N4 N1 0 0.190 0
271 11 N4 N5 0 0.190 0
271 12 N4 N3 130 0.190 1
272 1 N3 N1 98 0.340 0
272 2 N3 N5 0 0.340 0
272 3 N3 N3 179 0.340 1
272 4 N5 N3 0 0.200 0
272 5 N5 N1 201 0.200 0
272 6 N5 N5 223 0.200 1
272 7 N1 N3 0 0.080 0
272 8 N1 N5 173 0.080 0
272 9 N1 N1 224 0.080 1
272 10 N4 N1 0 0.250 0
272 11 N4 N5 0 0.250 0
272 12 N4 N3 132 0.250 1
273 1 N3 N1 98 0.410 0
273 2 N3 N5 0 0.410 0
273 3 N3 N3 181 0.410 1
273 4 N5 N3 0 0.250 0
273 5 N5 N1 202 0.250 0
273 6 N5 N5 225 0.250 1
273 7 N1 N3 0 0.150 0
273 8 N1 N5 175 0.150 0
273 9 N1 N1 226 0.150 1
273 10 N4 N1 0 1.340 0
273 11 N4 N5 0 1.340 0
273 12 N4 N3 132 1.340 1
274 1 N3 N1 98 0.980 0
274 2 N3 N5 0 0.980 0
274 3 N3 N3 182 0.980 1
274 4 N5 N3 0 0.310 0
274 5 N5 N1 203 0.310 0
274 6 N5 N5 226 0.310 1
274 7 N1 N3 0 0.110 0
274 8 N1 N5 175 0.110 0
274 9 N1 N1 227 0.110 1
274 10 N4 N1 0 0.330 0
274 11 N4 N5 0 0.330 0
274 12 N4 N3 137 0.330 1
275 1 N3 N1 98 0.540 0
275 2 N3 N5 0 0.540 0
275 3 N3 N3 182 0.540 1
275 4 N5 N3 0 0.370 0
275 5 N5 N1 202 0.370 0
275 6 N5 N5 228 0.370 1
275 7 N1 N3 0 0.160 0
275 8 N1 N5 175 0.160 0
275 9 N1 N1 228 0.160 1
275 10 N4 N1 0 0.410 0
275 11 N4 N5 0 0.410 0
275 12 N4 N3 141 0.410 1
276 1 N3 N1 98 0.600 0
276 2 N3 N5 0 0.600 0
276 3 N3 N3 183 0.600 1
276 4 N5 N3 0 0.040 0
276 5 N5 N1 202 0.040 0
276 6 N5 N5 230 0.040 1
276 7 N1 N3 0 0.210 0
276 8 N1 N5 177 0.210 0
276 9 N1 N1 229 0.210 1
276 10 N4 N1 0 1.000 0
276 11 N4 N5 0 1.000 0
276 12 N4 N3 143 1.000 1
277 1 N3 N1 100 0.150 0
277 2 N3 N5 0 0.150 0
277 3 N3 N3 186 0.150 1
277 4 N5 N3 0 0.110 0
277 5 N5 N1 202 0.110 0
277 6 N5 N5 231 0.110 1
277 7 N1 N3 0 0.290 0
277 8 N1 N5 178 0.290 0
277 9 N1 N1 229 0.290 1
277 10 N4 N1 0 0.590 0
277 11 N4 N5 0 0.590 0
277 12 N4 N3 144 0.590 1
278 1 N3 N1 0 0.230 0
278 2 N3 N5 0 0.230 0
278 3 N3 N3 188 0.230 1
278 4 N5 N3 0 0.080 0
278 5 N5 N1 203 0.080 0
278 6 N5 N5 232 0.080 1
278 7 N1 N3 0 0.370 0
278 8 N1 N5 181 0.370 0
278 9 N1 N1 230 0.370 1
278 10 N4 N1 0 1.690 0
278 11 N4 N5 0 1.690 0
278 12 N4 N3 144 1.690 1
279 1 N3 N1 0 0.300 0
279 2 N3 N5 0 0.300 0
279 3 N3 N3 190 0.300 1
279 4 N5 N3 0 0.120 0
279 5 N5 N1 204 0.120 0
279 6 N5 N5 235 0.120 1
279 7 N1 N3 0 0.400 0
279 8 N1 N5 188 0.400 0
279 9 N1 N1 230 0.400 1
279 10 N4 N1 0 0.170 0
279 11 N4 N5 0 0.170 0
279 12 N4 N3 148 0.170 1
280 1 N3 N1 0 0.390 0
280 2 N3 N5 0 0.390 0
280 3 N3 N3 190 0.390 1
280 4 N5 N3 0 0.170 0
280 5 N5 N1 204 0.170 0
280 6 N5 N5 237 0.170 1
280 7 N1 N3 0 0.060 0
280 8 N1 N5 191 0.060 0
280 9 N1 N1 231 0.060 1
280 10 N4 N1 0 0.220 0
280 11 N4 N5 0 0.220 0
280 12 N4 N3 149 0.220 1
281 1 N3 N1 0 0.440 0
281 2 N3 N5 0 0.440 0
281 3 N3 N3 190 0.440 1
281 4 N5 N3 0 0.240 0
281 5 N5 N1 204 0.240 0
281 6 N5 N5 239 0.240 1
281 7 N1 N3 0 0.020 0
281 8 N1 N5 199 0.020 0
281 9 N1 N1 231 0.020 1
281 10 N4 N1 0 0.290 0
281 11 N4 N5 0 0.290 0
281 12 N4 N3 152 0.290 1
282 1 N3 N1 0 1.530 0
282 2 N3 N5 0 1.530 0
282 3 N3 N3 190 1.530 1
282 4 N5 N3 0 0.290 0
282 5 N5 N1 203 0.290 0
282 6 N5 N5 241 0.290 1
282 7 N1 N3 0 0.210 0
282 8 N1 N5 202 0.210 0
282 9 N1 N1 232 0.210 1
282 10 N4 N1 0 0.350 0
282 11 N4 N5 0 0.350 0
282 12 N4 N3 154 0.350 1
283 1 N3 N1 0 0.060 0
283 2 N3 N5 0 0.060 0
283 3 N3 N3 193 0.060 1
283 4 N5 N3 0 0.370 0
283 5 N5 N1 203 0.370 0
283 6 N5 N5 243 0.370 1
283 7 N1 N3 103 0.190 0
283 8 N1 N5 204 0.190 0
283 9 N1 N1 233 0.190 1
283 10 N4 N1 0 0.420 0
283 11 N4 N5 0 0.420 0
283 12 N4 N3 156 0.420 1
284 1 N3 N1 0 0.130 0
284 2 N3 N5 0 0.130 0
284 3 N3 N3 193 0.130 1
284 4 N5 N3 0 0.080 0
284 5 N5 N1 203 0.080 0
284 6 N5 N5 246 0.080 1
284 7 N1 N3 101 0.270 0
284 8 N1 N5 205 0.270 0
284 9 N1 N1 233 0.270 1
284 10 N4 N1 0 0.500 0
284 11 N4 N5 0 0.500 0
284 12 N4 N3 157 0.500 1
285 1 N3 N1 0 0.200 0
285 2 N3 N5 0 0.200 0
285 3 N3 N3 194 0.200 1
285 4 N5 N3 0 0.020 0
285 5 N5 N1 204 0.020 0
285 6 N5 N5 249 0.020 1
285 7 N1 N3 100 0.320 0
285 8 N1 N5 208 0.320 0
285 9 N1 N1 233 0.320 1
285 10 N4 N1 0 0.070 0
285 11 N4 N5 0 0.070 0
285 12 N4 N3 158 0.070 1
286 1 N3 N1 0 0.770 0
286 2 N3 N5 0 0.770 0
286 3 N3 N3 195 0.770 1
286 4 N5 N3 0 0.090 0
286 5 N5 N1 206 0.090 0
286 6 N5 N5 250 0.090 1
286 7 N1 N3 99 0.400 0
286 8 N1 N5 209 0.400 0
286 9 N1 N1 234 0.400 1
286 10 N4 N1 0 0.140 0
286 11 N4 N5 110 0.140 0
286 12 N4 N3 160 0.140 1
287 1 N3 N1 0 0.470 0
287 2 N3 N5 128 0.470 0
287 3 N3 N3 195 0.470 1
287 4 N5 N3 0 0.170 0
287 5 N5 N1 207 0.170 0
287 6 N5 N5 250 0.170 1
287 7 N1 N3 97 0.450 0
287 8 N1 N5 211 0.450 0
287 9 N1 N1 234 0.450 1
287 10 N4 N1 0 0.470 0
287 11 N4 N5 110 0.470 0
287 12 N4 N3 162 0.470 1
288 1 N3 N1 0 0.540 0
288 2 N3 N5 128 0.540 0
288 3 N3 N3 196 0.540 1
288 4 N5 N3 0 0.770 0
288 5 N5 N1 206 0.770 0
288 6 N5 N5 250 0.770 1
288 7 N1 N3 97 0.100 0
288 8 N1 N5 212 0.100 0
288 9 N1 N1 234 0.100 1
288 10 N4 N1 0 0.300 0
288 11 N4 N5 110 0.300 0
288 12 N4 N3 163 0.300 1
289 1 N3 N1 0 0.080 0
289 2 N3 N5 129 0.080 0
289 3 N3 N3 199 0.080 1
289 4 N5 N3 0 0.310 0
289 5 N5 N1 205 0.310 0
289 6 N5 N5 250 0.310 1
289 7 N1 N3 95 0.050 0
289 8 N1 N5 211 0.050 0
289 9 N1 N1 233 0.050 1
289 10 N4 N1 0 1.390 0
289 11 N4 N5 110 1.390 0
289 12 N4 N3 163 1.390 1
290 1 N3 N1 0 0.660 0
290 2 N3 N5 130 0.660 0
290 3 N3 N3 200 0.660 1
290 4 N5 N3 0 0.350 0
290 5 N5 N1 202 0.350 0
290 6 N5 N5 250 0.350 1
290 7 N1 N3 94 0.100 0
290 8 N1 N5 209 0.100 0
290 9 N1 N1 231 0.100 1
290 10 N4 N1 0 0.410 0
290 11 N4 N5 106 0.410 0
290 12 N4 N3 163 0.410 1
291 1 N3 N1 0 0.030 0
291 2 N3 N5 130 0.030 0
291 3 N3 N3 202 0.030 1
291 4 N5 N3 0 0.420 0
291 5 N5 N1 199 0.420 0
291 6 N5 N5 249 0.420 1
291 7 N1 N3 91 0.170 0
291 8 N1 N5 208 0.170 0
291 9 N1 N1 230 0.170 1
291 10 N4 N1 0 0.210 0
291 11 N4 N5 101 0.210 0
291 12 N4 N3 162 0.210 1
292 1 N3 N1 0 1.120 0
292 2 N3 N5 130 1.120 0
292 3 N3 N3 202 1.120 1
292 4 N5 N3 0 0.610 0
292 5 N5 N1 196 0.610 0
292 6 N5 N5 248 0.610 1
292 7 N1 N3 91 0.250 0
292 8 N1 N5 206 0.250 0
292 9 N1 N1 228 0.250 1
292 10 N4 N1 0 1.300 0
292 11 N4 N5 101 1.300 0
292 12 N4 N3 162 1.300 1
293 1 N3 N1 0 2.210 0
293 2 N3 N5 130 2.210 0
293 3 N3 N3 202 2.210 1
293 4 N5 N3 0 0.030 0
293 5 N5 N1 191 0.030 0
293 6 N5 N5 248 0.030 1
293 7 N1 N3 90 0.400 0
293 8 N1 N5 206 0.400 0
293 9 N1 N1 226 0.400 1
293 10 N4 N1 0 2.390 0
293 11 N4 N5 101 2.390 0
293 12 N4 N3 162 2.390 1
294 1 N3 N1 0 3.300 0
294 2 N3 N5 130 3.300 0
294 3 N3 N3 202 3.300 1
294 4 N5 N3 0 0.110 0
294 5 N5 N1 190 0.110 0
294 6 N5 N5 247 0.110 1
294 7 N1 N3 90 0.350 0
294 8 N1 N5 207 0.350 0
294 9 N1 N1 225 0.350 1
294 10 N4 N1 0 3.480 0
294 11 N4 N5 101 3.480 0
294 12 N4 N3 162 3.480 1
295 1 N3 N1 0 4.390 0
295 2 N3 N5 130 4.390 0
295 3 N3 N3 202 4.390 1
295 4 N5 N3 0 0.150 0
295 5 N5 N1 189 0.150 0
295 6 N5 N5 246 0.150 1
295 7 N1 N3 90 0.500 0
295 8 N1 N5 207 0.500 0
295 9 N1 N1 224 0.500 1
295 10 N4 N1 0 4.570 0
295 11 N4 N5 101 4.570 0
295 12 N4 N3 162 4.570 1
296 1 N3 N1 0 5.480 0
296 2 N3 N5 130 5.480 0
296 3 N3 N3 202 5.480 1
296 4 N5 N3 0 0.330 0
296 5 N5 N1 190 0.330 0
296 6 N5 N5 245 0.330 1
296 7 N1 N3 88 0.040 0
296 8 N1 N5 209 0.040 0
296 9 N1 N1 223 0.040 1
296 10 N4 N1 0 5.660 0
296 11 N4 N5 101 5.660 0
296 12 N4 N3 162 5.660 1
297 1 N3 N1 0 0.390 0
297 2 N3 N5 130 0.390 0
297 3 N3 N3 203 0.390 1
297 4 N5 N3 0 0.260 0
297 5 N5 N1 190 0.260 0
297 6 N5 N5 244 0.260 1
297 7 N1 N3 88 0.130 0
297 8 N1 N5 210 0.130 0
297 9 N1 N1 222 0.130 1
297 10 N4 N1 0 6.750 0
297 11 N4 N5 101 6.750 0
297 12 N4 N3 162 6.750 1
298 1 N3 N1 0 1.500 0
298 2 N3 N5 130 1.500 0
298 3 N3 N3 203 1.500 1
298 4 N5 N3 0 0.460 0
298 5 N5 N1 191 0.460 0
298 6 N5 N5 243 0.460 1
298 7 N1 N3 88 0.220 0
298 8 N1 N5 211 0.220 0
298 9 N1 N1 223 0.220 1
298 10 N4 N1 0 7.860 0
298 11 N4 N5 101 7.860 0
298 12 N4 N3 162 7.860 1
299 1 N3 N1 0 1.030 0
299 2 N3 N5 130 1.030 0
299 3 N3 N3 203 1.030 1
299 4 N5 N3 0 0.910 0
299 5 N5 N1 191 0.910 0
299 6 N5 N5 243 0.910 1
299 7 N1 N3 90 0.270 0
299 8 N1 N5 212 0.270 0
299 9 N1 N1 223 0.270 1
299 10 N4 N1 0 8.950 0
299 11 N4 N5 101 8.950 0
299 12 N4 N3 162 8.950 1
300 1 N3 N1 0 0.050 0
300 2 N3 N5 130 0.050 0
300 3 N3 N3 202 0.050 1
300 4 N5 N3 0 0.440 0
300 5 N5 N1 193 0.440 0
300 6 N5 N5 243 0.440 1
300 7 N1 N3 55 0.200 0
300 8 N1 N5 212 0.200 0
300 9 N1 N1 223 0.200 1
300 10 N4 N1 0 10.040 0
300 11 N4 N5 101 10.040 0
300 12 N4 N3 162 10.040 1
