PING N4 (00:00:0c:18:11:04) 116(144) bytes of data
116 bytes from N4 icmp_seq=1 ttl=48 time=78.34 ms
RR: 	N5
	N2
	N3
	N4
	N4
	N3
	N2
	N5

116 bytes from N4 icmp_seq=2 ttl=48 time=6.27 ms	(same route)
116 bytes from N4 icmp_seq=3 ttl=48 time=3.56 ms	(same route)
116 bytes from N4 icmp_seq=4 ttl=48 time=5.94 ms	(same route)
116 bytes from N4 icmp_seq=5 ttl=48 time=92.84 ms	(same route)
116 bytes from N4 icmp_seq=6 ttl=48 time=6.24 ms	(same route)
116 bytes from N4 icmp_seq=7 ttl=48 time=4.45 ms	(same route)
116 bytes from N4 icmp_seq=8 ttl=48 time=5.19 ms	(same route)
116 bytes from N4 icmp_seq=9 ttl=48 time=4.25 ms	(same route)
116 bytes from N4 icmp_seq=10 ttl=48 time=10.80 ms	(same route)
116 bytes from N4 icmp_seq=11 ttl=48 time=48.00 ms	(same route)
116 bytes from N4 icmp_seq=12 ttl=48 time=44.62 ms	(same route)
116 bytes from N4 icmp_seq=13 ttl=48 time=44.87 ms	(same route)
116 bytes from N4 icmp_seq=14 ttl=48 time=66.70 ms	(same route)
116 bytes from N4 icmp_seq=15 ttl=48 time=9.24 ms	(same route)
116 bytes from N4 icmp_seq=16 ttl=48 time=9.71 ms	(same route)
116 bytes from N4 icmp_seq=17 ttl=48 time=55.66 ms	(same route)
116 bytes from N4 icmp_seq=18 ttl=48 time=33.61 ms	(same route)
116 bytes from N4 icmp_seq=19 ttl=48 time=18.32 ms	(same route)
116 bytes from N4 icmp_seq=20 ttl=48 time=11.16 ms	(same route)
116 bytes from N4 icmp_seq=21 ttl=48 time=34.51 ms	(same route)
116 bytes from N4 icmp_seq=22 ttl=48 time=43.43 ms
RR: 	N5
	N1
	N2
	N3
	N4
	N4
	N3
	N2
	N5

116 bytes from N4 icmp_seq=23 ttl=48 time=20.48 ms	(same route)
116 bytes from N4 icmp_seq=24 ttl=48 time=7.30 ms	(same route)
116 bytes from N4 icmp_seq=25 ttl=48 time=52.60 ms	(same route)
116 bytes from N4 icmp_seq=26 ttl=48 time=22.84 ms	(same route)
116 bytes from N4 icmp_seq=27 ttl=48 time=42.45 ms	(same route)
116 bytes from N4 icmp_seq=28 ttl=48 time=61.91 ms	(same route)
116 bytes from N4 icmp_seq=29 ttl=48 time=11.07 ms
RR: 	N5
	N2
	N3
	N4
	N4
	N3
	N2
	N5

116 bytes from N4 icmp_seq=30 ttl=48 time=53.27 ms	(same route)
116 bytes from N4 icmp_seq=31 ttl=48 time=46.79 ms	(same route)
116 bytes from N4 icmp_seq=32 ttl=48 time=19.37 ms
RR: 	N5
	N1
	N2
	N3
	N4
	N4
	N3
	N2
	N5

116 bytes from N4 icmp_seq=33 ttl=48 time=20.90 ms	(same route)
116 bytes from N4 icmp_seq=34 ttl=48 time=44.40 ms	(same route)
116 bytes from N4 icmp_seq=35 ttl=48 time=89.63 ms	(same route)
116 bytes from N4 icmp_seq=36 ttl=48 time=72.78 ms	(same route)
116 bytes from N4 icmp_seq=37 ttl=48 time=65.18 ms	(same route)
116 bytes from N4 icmp_seq=38 ttl=48 time=6.19 ms	(same route)
116 bytes from N4 icmp_seq=39 ttl=48 time=9.01 ms	(same route)
116 bytes from N4 icmp_seq=40 ttl=48 time=251.61 ms	(same route)
116 bytes from N4 icmp_seq=41 ttl=48 time=59.01 ms	(same route)
116 bytes from N4 icmp_seq=42 ttl=48 time=85.09 ms	(same route)
116 bytes from N4 icmp_seq=43 ttl=48 time=7.82 ms
RR: 	N5
	N2
	N3
	N4
	N4
	N3
	N2
	N5

116 bytes from N4 icmp_seq=44 ttl=48 time=451.67 ms	(same route)
116 bytes from N4 icmp_seq=45 ttl=48 time=6.26 ms	(same route)
116 bytes from N4 icmp_seq=46 ttl=48 time=147.44 ms	(same route)
116 bytes from N4 icmp_seq=47 ttl=48 time=5.13 ms	(same route)
116 bytes from N4 icmp_seq=48 ttl=48 time=46.31 ms	(same route)
116 bytes from N4 icmp_seq=49 ttl=48 time=46.32 ms	(same route)
116 bytes from N4 icmp_seq=50 ttl=48 time=865.36 ms	(same route)
116 bytes from N4 icmp_seq=51 ttl=48 time=747.75 ms	(same route)
116 bytes from N4 icmp_seq=52 ttl=48 time=9.92 ms	(same route)
116 bytes from N4 icmp_seq=53 ttl=48 time=75.51 ms	(same route)
116 bytes from N4 icmp_seq=54 ttl=49 time=804.12 ms
RR: 	N5
	N2
	N3
	N4
	N4
	N3
	N5

116 bytes from N4 icmp_seq=55 ttl=49 time=198.69 ms	(same route)
116 bytes from N4 icmp_seq=56 ttl=49 time=2.93 ms	(same route)
116 bytes from N4 icmp_seq=57 ttl=49 time=3.35 ms	(same route)
116 bytes from N4 icmp_seq=58 ttl=49 time=109.09 ms	(same route)
116 bytes from N4 icmp_seq=59 ttl=49 time=272.21 ms	(same route)
116 bytes from N4 icmp_seq=60 ttl=49 time=14.93 ms	(same route)
116 bytes from N4 icmp_seq=61 ttl=49 time=364.27 ms	(same route)
116 bytes from N4 icmp_seq=62 ttl=49 time=83.76 ms	(same route)
Reply from host N4 timed out
116 bytes from N4 icmp_seq=64 ttl=49 time=51.15 ms	(same route)
116 bytes from N4 icmp_seq=65 ttl=49 time=27.55 ms	(same route)
116 bytes from N4 icmp_seq=66 ttl=49 time=27.98 ms
RR: 	N5
	N3
	N4
	N4
	N3
	N5

Reply from host N4 timed out
Reply from host N4 timed out
Reply from host N4 timed out
Reply from host N4 timed out
116 bytes from N4 icmp_seq=71 ttl=49 time=0.03 ms	(same route)
Reply from host N4 timed out
Reply from host N4 timed out
Reply from host N4 timed out
116 bytes from N4 icmp_seq=75 ttl=49 time=5.99 ms	(same route)
116 bytes from N4 icmp_seq=76 ttl=49 time=601.75 ms	(same route)
116 bytes from N4 icmp_seq=77 ttl=49 time=235.01 ms	(same route)
116 bytes from N4 icmp_seq=78 ttl=49 time=872.16 ms	(same route)
116 bytes from N4 icmp_seq=79 ttl=49 time=408.59 ms	(same route)
116 bytes from N4 icmp_seq=80 ttl=49 time=801.23 ms	(same route)
Reply from host N4 timed out
116 bytes from N4 icmp_seq=82 ttl=49 time=33.14 ms	(same route)
116 bytes from N4 icmp_seq=83 ttl=49 time=232.39 ms	(same route)
116 bytes from N4 icmp_seq=84 ttl=49 time=92.83 ms	(same route)
116 bytes from N4 icmp_seq=85 ttl=49 time=12.04 ms	(same route)
116 bytes from N4 icmp_seq=86 ttl=49 time=595.47 ms	(same route)
116 bytes from N4 icmp_seq=87 ttl=49 time=928.80 ms	(same route)
Reply from host N4 timed out
116 bytes from N4 icmp_seq=89 ttl=49 time=0.62 ms	(same route)
Reply from host N4 timed out
116 bytes from N4 icmp_seq=91 ttl=49 time=1.71 ms	(same route)
Reply from host N4 timed out
116 bytes from N4 icmp_seq=93 ttl=49 time=18.35 ms	(same route)
116 bytes from N4 icmp_seq=94 ttl=49 time=716.87 ms	(same route)
Reply from host N4 timed out
Reply from host N4 timed out
Reply from host N4 timed out
Reply from host N4 timed out
Reply from host N4 timed out
Reply from host N4 timed out
Reply from host N4 timed out
Reply from host N4 timed out
Reply from host N4 timed out
Reply from host N4 timed out
Reply from host N4 timed out
Reply from host N4 timed out
Reply from host N4 timed out
Reply from host N4 timed out
Reply from host N4 timed out
Reply from host N4 timed out
116 bytes from N4 icmp_seq=111 ttl=50 time=2.71 ms
RR: 	N5
	N4
	N4
	N5

116 bytes from N4 icmp_seq=112 ttl=50 time=945.25 ms	(same route)
Reply from host N4 timed out
Reply from host N4 timed out
Reply from host N4 timed out
Reply from host N4 timed out
Reply from host N4 timed out
Reply from host N4 timed out
Reply from host N4 timed out
Reply from host N4 timed out
Reply from host N4 timed out
Reply from host N4 timed out
Reply from host N4 timed out
Reply from host N4 timed out
Reply from host N4 timed out
Reply from host N4 timed out
Reply from host N4 timed out
Reply from host N4 timed out
Reply from host N4 timed out
Reply from host N4 timed out
Reply from host N4 timed out
Reply from host N4 timed out
Reply from host N4 timed out
Reply from host N4 timed out
Reply from host N4 timed out
Reply from host N4 timed out
Reply from host N4 timed out
Reply from host N4 timed out
Reply from host N4 timed out
Reply from host N4 timed out
Reply from host N4 timed out
Reply from host N4 timed out
Reply from host N4 timed out
Reply from host N4 timed out
Reply from host N4 timed out
Reply from host N4 timed out
Reply from host N4 timed out
Reply from host N4 timed out
Reply from host N4 timed out
Reply from host N4 timed out
Reply from host N4 timed out
Reply from host N4 timed out
116 bytes from N4 icmp_seq=153 ttl=50 time=0.01 ms	(same route)
116 bytes from N4 icmp_seq=154 ttl=50 time=895.73 ms	(same route)
116 bytes from N4 icmp_seq=155 ttl=50 time=751.02 ms	(same route)
116 bytes from N4 icmp_seq=156 ttl=50 time=478.81 ms	(same route)
116 bytes from N4 icmp_seq=157 ttl=50 time=3.86 ms	(same route)
116 bytes from N4 icmp_seq=158 ttl=50 time=9.33 ms	(same route)
116 bytes from N4 icmp_seq=159 ttl=50 time=1.18 ms	(same route)
116 bytes from N4 icmp_seq=160 ttl=50 time=5.58 ms	(same route)
116 bytes from N4 icmp_seq=161 ttl=50 time=1.13 ms	(same route)
116 bytes from N4 icmp_seq=162 ttl=50 time=1.09 ms	(same route)
116 bytes from N4 icmp_seq=163 ttl=50 time=2.44 ms	(same route)
116 bytes from N4 icmp_seq=164 ttl=50 time=3.94 ms	(same route)
116 bytes from N4 icmp_seq=165 ttl=50 time=1.07 ms	(same route)
116 bytes from N4 icmp_seq=166 ttl=50 time=1.15 ms	(same route)
116 bytes from N4 icmp_seq=167 ttl=50 time=5.37 ms	(same route)
116 bytes from N4 icmp_seq=168 ttl=50 time=36.05 ms	(same route)
116 bytes from N4 icmp_seq=169 ttl=50 time=58.82 ms	(same route)
116 bytes from N4 icmp_seq=170 ttl=50 time=70.65 ms	(same route)
116 bytes from N4 icmp_seq=171 ttl=50 time=220.81 ms	(same route)
116 bytes from N4 icmp_seq=172 ttl=50 time=5.36 ms	(same route)
116 bytes from N4 icmp_seq=173 ttl=50 time=1.16 ms	(same route)
116 bytes from N4 icmp_seq=174 ttl=50 time=5.14 ms	(same route)
116 bytes from N4 icmp_seq=175 ttl=50 time=4.57 ms	(same route)
116 bytes from N4 icmp_seq=176 ttl=50 time=7.58 ms	(same route)
116 bytes from N4 icmp_seq=177 ttl=50 time=162.44 ms	(same route)
116 bytes from N4 icmp_seq=178 ttl=50 time=20.61 ms	(same route)
116 bytes from N4 icmp_seq=179 ttl=50 time=15.86 ms	(same route)
116 bytes from N4 icmp_seq=180 ttl=50 time=77.05 ms	(same route)
116 bytes from N4 icmp_seq=181 ttl=50 time=2.30 ms	(same route)
Reply from host N4 timed out
Reply from host N4 timed out
Reply from host N4 timed out
Reply from host N4 timed out
Reply from host N4 timed out
Reply from host N4 timed out
Reply from host N4 timed out
Reply from host N4 timed out
Reply from host N4 timed out
Reply from host N4 timed out
Reply from host N4 timed out
Reply from host N4 timed out
Reply from host N4 timed out
Reply from host N4 timed out
Reply from host N4 timed out
Reply from host N4 timed out
Reply from host N4 timed out
Reply from host N4 timed out
Reply from host N4 timed out
Reply from host N4 timed out
Reply from host N4 timed out
Reply from host N4 timed out
Reply from host N4 timed out
Reply from host N4 timed out
Reply from host N4 timed out
116 bytes from N4 icmp_seq=207 ttl=49 time=170.85 ms
RR: 	N5
	N3
	N4
	N4
	N3
	N5

116 bytes from N4 icmp_seq=208 ttl=49 time=13.49 ms	(same route)
116 bytes from N4 icmp_seq=209 ttl=49 time=41.43 ms	(same route)
116 bytes from N4 icmp_seq=210 ttl=49 time=6.71 ms	(same route)
116 bytes from N4 icmp_seq=211 ttl=49 time=75.10 ms	(same route)
116 bytes from N4 icmp_seq=212 ttl=49 time=19.88 ms	(same route)
116 bytes from N4 icmp_seq=213 ttl=49 time=63.73 ms	(same route)
116 bytes from N4 icmp_seq=214 ttl=49 time=12.18 ms	(same route)
116 bytes from N4 icmp_seq=215 ttl=49 time=9.34 ms	(same route)
116 bytes from N4 icmp_seq=216 ttl=49 time=11.79 ms	(same route)
116 bytes from N4 icmp_seq=217 ttl=49 time=15.71 ms	(same route)
116 bytes from N4 icmp_seq=218 ttl=49 time=6.01 ms	(same route)
116 bytes from N4 icmp_seq=219 ttl=49 time=29.90 ms	(same route)
116 bytes from N4 icmp_seq=220 ttl=49 time=41.31 ms	(same route)
116 bytes from N4 icmp_seq=221 ttl=49 time=32.51 ms	(same route)
116 bytes from N4 icmp_seq=222 ttl=49 time=10.68 ms	(same route)
116 bytes from N4 icmp_seq=223 ttl=49 time=50.61 ms	(same route)
116 bytes from N4 icmp_seq=224 ttl=49 time=62.45 ms	(same route)
116 bytes from N4 icmp_seq=225 ttl=49 time=2.55 ms	(same route)
Reply from host N4 timed out
116 bytes from N4 icmp_seq=227 ttl=49 time=621.51 ms	(same route)
116 bytes from N4 icmp_seq=228 ttl=49 time=737.94 ms	(same route)
116 bytes from N4 icmp_seq=229 ttl=49 time=18.81 ms	(same route)
116 bytes from N4 icmp_seq=230 ttl=49 time=14.69 ms	(same route)
116 bytes from N4 icmp_seq=231 ttl=49 time=61.74 ms	(same route)
116 bytes from N4 icmp_seq=232 ttl=49 time=688.32 ms	(same route)
116 bytes from N4 icmp_seq=233 ttl=49 time=736.30 ms	(same route)
116 bytes from N4 icmp_seq=234 ttl=49 time=632.95 ms	(same route)
116 bytes from N4 icmp_seq=235 ttl=49 time=123.05 ms	(same route)
116 bytes from N4 icmp_seq=236 ttl=49 time=10.83 ms	(same route)
116 bytes from N4 icmp_seq=237 ttl=49 time=2.63 ms	(same route)
Reply from host N4 timed out
Reply from host N4 timed out
116 bytes from N4 icmp_seq=240 ttl=49 time=0.01 ms	(same route)
116 bytes from N4 icmp_seq=241 ttl=49 time=485.28 ms	(same route)
116 bytes from N4 icmp_seq=242 ttl=49 time=165.58 ms	(same route)
116 bytes from N4 icmp_seq=243 ttl=49 time=248.57 ms	(same route)
116 bytes from N4 icmp_seq=244 ttl=49 time=13.02 ms	(same route)
116 bytes from N4 icmp_seq=245 ttl=49 time=54.75 ms	(same route)
116 bytes from N4 icmp_seq=246 ttl=49 time=21.68 ms	(same route)
116 bytes from N4 icmp_seq=247 ttl=49 time=63.85 ms	(same route)
116 bytes from N4 icmp_seq=248 ttl=48 time=65.91 ms
RR: 	N5
	N3
	N4
	N4
	N3
	N2
	N5

116 bytes from N4 icmp_seq=249 ttl=48 time=13.53 ms	(same route)
116 bytes from N4 icmp_seq=250 ttl=48 time=155.55 ms	(same route)
116 bytes from N4 icmp_seq=251 ttl=48 time=70.65 ms	(same route)
116 bytes from N4 icmp_seq=252 ttl=48 time=433.26 ms	(same route)
116 bytes from N4 icmp_seq=253 ttl=48 time=222.18 ms	(same route)
116 bytes from N4 icmp_seq=254 ttl=48 time=12.21 ms	(same route)
116 bytes from N4 icmp_seq=255 ttl=48 time=13.33 ms	(same route)
116 bytes from N4 icmp_seq=256 ttl=48 time=6.82 ms	(same route)
116 bytes from N4 icmp_seq=257 ttl=48 time=128.88 ms	(same route)
116 bytes from N4 icmp_seq=258 ttl=48 time=152.30 ms	(same route)
116 bytes from N4 icmp_seq=259 ttl=48 time=235.81 ms	(same route)
116 bytes from N4 icmp_seq=260 ttl=48 time=183.45 ms	(same route)
116 bytes from N4 icmp_seq=261 ttl=48 time=23.61 ms	(same route)
116 bytes from N4 icmp_seq=262 ttl=48 time=9.75 ms	(same route)
116 bytes from N4 icmp_seq=263 ttl=48 time=4.12 ms	(same route)
116 bytes from N4 icmp_seq=264 ttl=48 time=22.28 ms	(same route)
116 bytes from N4 icmp_seq=265 ttl=48 time=466.57 ms	(same route)
116 bytes from N4 icmp_seq=266 ttl=48 time=10.98 ms	(same route)
116 bytes from N4 icmp_seq=267 ttl=48 time=35.75 ms	(same route)
116 bytes from N4 icmp_seq=268 ttl=48 time=115.06 ms	(same route)
116 bytes from N4 icmp_seq=269 ttl=48 time=255.02 ms	(same route)
116 bytes from N4 icmp_seq=270 ttl=48 time=127.88 ms	(same route)
116 bytes from N4 icmp_seq=271 ttl=48 time=25.79 ms	(same route)
116 bytes from N4 icmp_seq=272 ttl=48 time=593.42 ms	(same route)
116 bytes from N4 icmp_seq=273 ttl=48 time=188.83 ms	(same route)
116 bytes from N4 icmp_seq=274 ttl=48 time=24.45 ms	(same route)
116 bytes from N4 icmp_seq=275 ttl=48 time=30.46 ms
RR: 	N5
	N2
	N3
	N4
	N4
	N3
	N2
	N5

116 bytes from N4 icmp_seq=276 ttl=48 time=17.38 ms	(same route)
116 bytes from N4 icmp_seq=277 ttl=48 time=19.34 ms	(same route)
116 bytes from N4 icmp_seq=278 ttl=48 time=13.34 ms	(same route)
116 bytes from N4 icmp_seq=279 ttl=48 time=10.44 ms	(same route)
116 bytes from N4 icmp_seq=280 ttl=48 time=24.51 ms	(same route)
116 bytes from N4 icmp_seq=281 ttl=48 time=11.94 ms	(same route)
116 bytes from N4 icmp_seq=282 ttl=48 time=17.70 ms	(same route)
116 bytes from N4 icmp_seq=283 ttl=48 time=4.29 ms	(same route)
116 bytes from N4 icmp_seq=284 ttl=48 time=52.03 ms	(same route)
116 bytes from N4 icmp_seq=285 ttl=48 time=155.82 ms	(same route)
116 bytes from N4 icmp_seq=286 ttl=48 time=301.69 ms	(same route)
116 bytes from N4 icmp_seq=287 ttl=48 time=11.32 ms	(same route)
116 bytes from N4 icmp_seq=288 ttl=48 time=4.32 ms	(same route)
116 bytes from N4 icmp_seq=289 ttl=48 time=48.70 ms	(same route)
116 bytes from N4 icmp_seq=290 ttl=48 time=15.25 ms	(same route)
116 bytes from N4 icmp_seq=291 ttl=48 time=30.93 ms	(same route)
116 bytes from N4 icmp_seq=292 ttl=48 time=8.72 ms	(same route)
116 bytes from N4 icmp_seq=293 ttl=48 time=17.91 ms	(same route)
116 bytes from N4 icmp_seq=294 ttl=48 time=12.29 ms	(same route)
116 bytes from N4 icmp_seq=295 ttl=48 time=4.90 ms	(same route)
116 bytes from N4 icmp_seq=296 ttl=48 time=14.76 ms	(same route)
116 bytes from N4 icmp_seq=297 ttl=48 time=7.71 ms	(same route)
116 bytes from N4 icmp_seq=298 ttl=48 time=8.97 ms	(same route)
116 bytes from N4 icmp_seq=299 ttl=48 time=37.71 ms	(same route)
116 bytes from N4 icmp_seq=300 ttl=48 time=55.06 ms	(same route)
--- N4 ping statistics ---
345 packets transmitted, 204 received, 40% packet loss
rtt min/avg/max/mdev = 0.014/124.102/945.254/219.293 ms
