1 1 N3 N5 136 0.030 0
1 2 N3 N3 160 0.030 1
1 3 N3 N2 157 0.030 0
1 4 N5 N3 74 0.090 0
1 5 N5 N2 186 0.090 0
1 6 N5 N5 252 0.090 1
1 7 N2 N3 95 0.390 0
1 8 N2 N5 208 0.390 0
1 9 N2 N2 241 0.390 1
1 10 N4 N5 91 0.290 0
1 11 N4 N3 105 0.290 1
1 12 N4 N2 0 0.290 0
2 1 N3 N5 131 0.150 0
2 2 N3 N3 157 0.150 1
2 3 N3 N2 155 0.150 0
2 4 N5 N3 72 0.070 0
2 5 N5 N2 187 0.070 0
2 6 N5 N5 253 0.070 1
2 7 N2 N3 92 0.060 0
2 8 N2 N5 207 0.060 0
2 9 N2 N2 240 0.060 1
2 10 N4 N5 89 0.080 0
2 11 N4 N3 104 0.080 1
2 12 N4 N2 0 0.080 0
3 1 N3 N5 129 0.190 0
3 2 N3 N3 154 0.190 1
3 3 N3 N2 152 0.190 0
3 4 N5 N3 71 0.220 0
3 5 N5 N2 188 0.220 0
3 6 N5 N5 254 0.220 1
3 7 N2 N3 92 0.120 0
3 8 N2 N5 206 0.120 0
3 9 N2 N2 240 0.120 1
3 10 N4 N5 87 0.000 0
3 11 N4 N3 102 0.000 1
3 12 N4 N2 0 0.000 0
4 1 N3 N5 125 0.300 0
4 2 N3 N3 150 0.300 1
4 3 N3 N2 148 0.300 0
4 4 N5 N3 73 0.340 0
4 5 N5 N2 189 0.340 0
4 6 N5 N5 255 0.340 1
4 7 N2 N3 92 0.100 0
4 8 N2 N5 206 0.100 0
4 9 N2 N2 240 0.100 1
4 10 N4 N5 85 0.100 0
4 11 N4 N3 101 0.100 1
4 12 N4 N2 0 0.100 0
5 1 N3 N5 124 0.510 0
5 2 N3 N3 146 0.510 0
5 3 N3 N2 146 0.510 1
5 4 N5 N3 73 0.060 0
5 5 N5 N2 192 0.060 0
5 6 N5 N5 255 0.060 1
5 7 N2 N3 88 0.190 0
5 8 N2 N5 203 0.190 0
5 9 N2 N2 241 0.190 1
5 10 N4 N5 81 0.370 0
5 11 N4 N3 98 0.370 1
5 12 N4 N2 90 0.370 0
6 1 N3 N5 123 0.060 0
6 2 N3 N3 143 0.060 1
6 3 N3 N2 142 0.060 0
6 4 N5 N3 71 0.100 0
6 5 N5 N2 197 0.100 0
6 6 N5 N5 255 0.100 1
6 7 N2 N3 84 0.240 0
6 8 N2 N5 201 0.240 0
6 9 N2 N2 241 0.240 1
6 10 N4 N5 75 0.250 0
6 11 N4 N3 96 0.250 1
6 12 N4 N2 86 0.250 0
7 1 N3 N5 122 0.090 0
7 2 N3 N3 141 0.090 0
7 3 N3 N2 143 0.090 1
7 4 N5 N3 69 0.030 0
7 5 N5 N2 204 0.030 0
7 6 N5 N5 255 0.030 1
7 7 N2 N3 78 0.330 0
7 8 N2 N5 198 0.330 0
7 9 N2 N2 241 0.330 1
7 10 N4 N5 72 0.330 0
7 11 N4 N3 96 0.330 1
7 12 N4 N2 87 0.330 0
8 1 N3 N5 122 1.180 0
8 2 N3 N3 141 1.180 0
8 3 N3 N2 143 1.180 1
8 4 N5 N3 72 0.130 0
8 5 N5 N2 211 0.130 0
8 6 N5 N5 255 0.130 1
8 7 N2 N3 80 0.000 0
8 8 N2 N5 193 0.000 0
8 9 N2 N2 242 0.000 1
8 10 N4 N5 68 0.000 0
8 11 N4 N3 92 0.000 1
8 12 N4 N2 84 0.000 0
9 1 N3 N5 122 0.210 0
9 2 N3 N3 143 0.210 0
9 3 N3 N2 144 0.210 1
9 4 N5 N3 74 0.310 0
9 5 N5 N2 212 0.310 0
9 6 N5 N5 254 0.310 1
9 7 N2 N3 81 0.050 0
9 8 N2 N5 192 0.050 0
9 9 N2 N2 243 0.050 1
9 10 N4 N5 67 1.010 0
9 11 N4 N3 92 1.010 1
9 12 N4 N2 84 1.010 0
10 1 N3 N5 122 0.280 0
10 2 N3 N3 143 0.280 0
10 3 N3 N2 147 0.280 1
10 4 N5 N3 74 0.270 0
10 5 N5 N2 214 0.270 0
10 6 N5 N5 253 0.270 1
10 7 N2 N3 85 0.130 0
10 8 N2 N5 190 0.130 0
10 9 N2 N2 244 0.130 1
10 10 N4 N5 65 0.130 0
10 11 N4 N3 88 0.130 1
10 12 N4 N2 85 0.130 0
11 1 N3 N5 121 0.360 0
11 2 N3 N3 143 0.360 0
11 3 N3 N2 152 0.360 1
11 4 N5 N3 75 0.310 0
11 5 N5 N2 214 0.310 0
11 6 N5 N5 253 0.310 1
11 7 N2 N3 85 0.050 0
11 8 N2 N5 191 0.050 0
11 9 N2 N2 244 0.050 1
11 10 N4 N5 66 0.580 0
11 11 N4 N3 87 0.580 1
11 12 N4 N2 85 0.580 0
12 1 N3 N5 121 0.430 0
12 2 N3 N3 143 0.430 0
12 3 N3 N2 154 0.430 1
12 4 N5 N3 78 0.260 0
12 5 N5 N2 213 0.260 0
12 6 N5 N5 253 0.260 1
12 7 N2 N3 88 0.140 0
12 8 N2 N5 191 0.140 0
12 9 N2 N2 245 0.140 1
12 10 N4 N5 66 0.380 0
12 11 N4 N3 86 0.380 1
12 12 N4 N2 85 0.380 0
13 1 N3 N5 0 0.020 0
13 2 N3 N3 142 0.020 0
13 3 N3 N2 159 0.020 1
13 4 N5 N3 75 0.030 0
13 5 N5 N2 212 0.030 0
13 6 N5 N5 252 0.030 1
13 7 N2 N3 88 0.140 0
13 8 N2 N5 191 0.140 0
13 9 N2 N2 246 0.140 1
13 10 N4 N5 66 0.330 0
13 11 N4 N3 84 0.330 0
13 12 N4 N2 88 0.330 1
14 1 N3 N5 0 0.060 0
14 2 N3 N3 141 0.060 0
14 3 N3 N2 161 0.060 1
14 4 N5 N3 74 0.080 0
14 5 N5 N2 212 0.080 0
14 6 N5 N5 251 0.080 1
14 7 N2 N3 89 0.370 0
14 8 N2 N5 192 0.370 0
14 9 N2 N2 246 0.370 1
14 10 N4 N5 65 0.440 0
14 11 N4 N3 83 0.440 0
14 12 N4 N2 90 0.440 1
15 1 N3 N5 0 0.270 0
15 2 N3 N3 140 0.270 0
15 3 N3 N2 161 0.270 1
15 4 N5 N3 74 0.030 0
15 5 N5 N2 211 0.030 0
15 6 N5 N5 250 0.030 1
15 7 N2 N3 88 0.320 0
15 8 N2 N5 192 0.320 0
15 9 N2 N2 247 0.320 1
15 10 N4 N5 65 0.480 0
15 11 N4 N3 83 0.480 0
15 12 N4 N2 93 0.480 1
16 1 N3 N5 0 0.350 0
16 2 N3 N3 139 0.350 0
16 3 N3 N2 163 0.350 1
16 4 N5 N3 73 0.210 0
16 5 N5 N2 211 0.210 0
16 6 N5 N5 249 0.210 1
16 7 N2 N3 87 0.400 0
16 8 N2 N5 191 0.400 0
16 9 N2 N2 247 0.400 1
16 10 N4 N5 65 0.530 0
16 11 N4 N3 81 0.530 0
16 12 N4 N2 96 0.530 1
17 1 N3 N5 0 0.330 0
17 2 N3 N3 138 0.330 0
17 3 N3 N2 164 0.330 1
17 4 N5 N3 72 0.180 0
17 5 N5 N2 213 0.180 0
17 6 N5 N5 248 0.180 1
17 7 N2 N3 87 0.090 0
17 8 N2 N5 188 0.090 0
17 9 N2 N2 249 0.090 1
17 10 N4 N5 66 0.630 0
17 11 N4 N3 81 0.630 0
17 12 N4 N2 97 0.630 1
18 1 N3 N5 0 0.380 0
18 2 N3 N3 137 0.380 0
18 3 N3 N2 167 0.380 1
18 4 N5 N3 75 0.160 0
18 5 N5 N2 213 0.160 0
18 6 N5 N5 247 0.160 1
18 7 N2 N3 89 0.050 0
18 8 N2 N5 187 0.050 0
18 9 N2 N2 250 0.050 1
18 10 N4 N5 66 0.680 0
18 11 N4 N3 83 0.680 0
18 12 N4 N2 99 0.680 1
19 1 N3 N5 0 0.060 0
19 2 N3 N3 137 0.060 0
19 3 N3 N2 169 0.060 1
19 4 N5 N3 75 0.330 0
19 5 N5 N2 215 0.330 0
19 6 N5 N5 246 0.330 1
19 7 N2 N3 89 0.100 0
19 8 N2 N5 185 0.100 0
19 9 N2 N2 251 0.100 1
19 10 N4 N5 69 0.230 0
19 11 N4 N3 84 0.230 0
19 12 N4 N2 102 0.230 1
20 1 N3 N5 0 0.020 0
20 2 N3 N3 138 0.020 0
20 3 N3 N2 172 0.020 1
20 4 N5 N3 76 0.010 0
20 5 N5 N2 218 0.010 0
20 6 N5 N5 245 0.010 1
20 7 N2 N3 92 0.150 0
20 8 N2 N5 185 0.150 0
20 9 N2 N2 252 0.150 1
20 10 N4 N5 72 0.370 0
20 11 N4 N3 86 0.370 0
20 12 N4 N2 105 0.370 1
21 1 N3 N5 0 0.100 0
21 2 N3 N3 139 0.100 0
21 3 N3 N2 171 0.100 1
21 4 N5 N3 76 0.040 0
21 5 N5 N2 220 0.040 0
21 6 N5 N5 245 0.040 1
21 7 N2 N3 93 0.190 0
21 8 N2 N5 184 0.190 0
21 9 N2 N2 253 0.190 1
21 10 N4 N5 72 0.490 0
21 11 N4 N3 87 0.490 0
21 12 N4 N2 108 0.490 1
22 1 N3 N5 0 0.290 0
22 2 N3 N3 137 0.290 0
22 3 N3 N2 170 0.290 1
22 4 N5 N3 79 0.090 0
22 5 N5 N2 223 0.090 0
22 6 N5 N5 246 0.090 1
22 7 N2 N3 94 0.240 0
22 8 N2 N5 184 0.240 0
22 9 N2 N2 253 0.240 1
22 10 N4 N5 0 0.500 0
22 11 N4 N3 87 0.500 0
22 12 N4 N2 108 0.500 1
23 1 N3 N5 0 0.360 0
23 2 N3 N3 137 0.360 0
23 3 N3 N2 167 0.360 1
23 4 N5 N3 81 0.050 0
23 5 N5 N2 222 0.050 0
23 6 N5 N5 245 0.050 1
23 7 N2 N3 94 0.440 0
23 8 N2 N5 184 0.440 0
23 9 N2 N2 253 0.440 1
23 10 N4 N5 0 0.040 0
23 11 N4 N3 86 0.040 0
23 12 N4 N2 107 0.040 1
24 1 N3 N5 0 0.830 0
24 2 N3 N3 137 0.830 0
24 3 N3 N2 164 0.830 1
24 4 N5 N3 81 0.140 0
24 5 N5 N2 220 0.140 0
24 6 N5 N5 245 0.140 1
24 7 N2 N3 95 0.010 0
24 8 N2 N5 183 0.010 0
24 9 N2 N2 251 0.010 1
24 10 N4 N5 0 0.110 0
24 11 N4 N3 85 0.110 0
24 12 N4 N2 102 0.110 1
25 1 N3 N5 0 0.350 0
25 2 N3 N3 133 0.350 0
25 3 N3 N2 159 0.350 1
25 4 N5 N3 81 0.230 0
25 5 N5 N2 219 0.230 0
25 6 N5 N5 243 0.230 1
25 7 N2 N3 91 0.080 0
25 8 N2 N5 182 0.080 0
25 9 N2 N2 250 0.080 1
25 10 N4 N5 0 0.680 0
25 11 N4 N3 86 0.680 0
25 12 N4 N2 100 0.680 1
26 1 N3 N5 0 0.550 0
26 2 N3 N3 132 0.550 0
26 3 N3 N2 156 0.550 1
26 4 N5 N3 79 0.270 0
26 5 N5 N2 216 0.270 0
26 6 N5 N5 242 0.270 1
26 7 N2 N3 90 0.170 0
26 8 N2 N5 184 0.170 0
26 9 N2 N2 249 0.170 1
26 10 N4 N5 0 1.770 0
26 11 N4 N3 86 1.770 0
26 12 N4 N2 100 1.770 1
27 1 N3 N5 0 0.480 0
27 2 N3 N3 132 0.480 0
27 3 N3 N2 154 0.480 1
27 4 N5 N3 81 0.220 0
27 5 N5 N2 213 0.220 0
27 6 N5 N5 240 0.220 1
27 7 N2 N3 90 0.120 0
27 8 N2 N5 0 0.120 0
27 9 N2 N2 247 0.120 1
27 10 N4 N5 0 0.340 0
27 11 N4 N3 84 0.340 0
27 12 N4 N2 96 0.340 1
28 1 N3 N5 0 0.010 0
28 2 N3 N3 130 0.010 0
28 3 N3 N2 153 0.010 1
28 4 N5 N3 82 0.230 0
28 5 N5 N2 213 0.230 0
28 6 N5 N5 239 0.230 1
28 7 N2 N3 91 0.170 0
28 8 N2 N5 0 0.170 0
28 9 N2 N2 245 0.170 1
28 10 N4 N5 0 0.870 0
28 11 N4 N3 84 0.870 0
28 12 N4 N2 95 0.870 1
29 1 N3 N5 0 0.070 0
29 2 N3 N3 129 0.070 0
29 3 N3 N2 153 0.070 1
29 4 N5 N3 82 0.370 0
29 5 N5 N2 212 0.370 0
29 6 N5 N5 236 0.370 1
29 7 N2 N3 93 0.230 0
29 8 N2 N5 0 0.230 0
29 9 N2 N2 244 0.230 1
29 10 N4 N5 0 0.900 0
29 11 N4 N3 84 0.900 0
29 12 N4 N2 93 0.900 1
30 1 N3 N5 0 0.150 0
30 2 N3 N3 128 0.150 0
30 3 N3 N2 155 0.150 1
30 4 N5 N3 82 0.100 0
30 5 N5 N2 213 0.100 0
30 6 N5 N5 232 0.100 1
30 7 N2 N3 95 0.410 0
30 8 N2 N5 0 0.410 0
30 9 N2 N2 243 0.410 1
30 10 N4 N5 0 0.020 0
30 11 N4 N3 81 0.020 0
30 12 N4 N2 92 0.020 1
31 1 N3 N5 0 0.180 0
31 2 N3 N3 128 0.180 0
31 3 N3 N2 157 0.180 1
31 4 N5 N3 81 0.030 0
31 5 N5 N2 213 0.030 0
31 6 N5 N5 230 0.030 1
31 7 N2 N3 94 0.350 0
31 8 N2 N5 0 0.350 0
31 9 N2 N2 243 0.350 1
31 10 N4 N5 0 0.060 0
31 11 N4 N3 81 0.060 0
31 12 N4 N2 91 0.060 1
32 1 N3 N5 0 0.380 0
32 2 N3 N3 129 0.380 0
32 3 N3 N2 161 0.380 1
32 4 N5 N3 81 0.130 0
32 5 N5 N2 214 0.130 0
32 6 N5 N5 228 0.130 1
32 7 N2 N3 95 0.070 0
32 8 N2 N5 0 0.070 0
32 9 N2 N2 243 0.070 1
32 10 N4 N5 0 0.070 0
32 11 N4 N3 80 0.070 0
32 12 N4 N2 98 0.070 1
33 1 N3 N5 0 0.440 0
33 2 N3 N3 130 0.440 0
33 3 N3 N2 165 0.440 1
33 4 N5 N3 81 0.210 0
33 5 N5 N2 214 0.210 0
33 6 N5 N5 226 0.210 1
33 7 N2 N3 95 0.030 0
33 8 N2 N5 0 0.030 0
33 9 N2 N2 242 0.030 1
33 10 N4 N5 0 0.660 0
33 11 N4 N3 80 0.660 0
33 12 N4 N2 100 0.660 1
34 1 N3 N5 0 0.370 0
34 2 N3 N3 134 0.370 0
34 3 N3 N2 176 0.370 1
34 4 N5 N3 81 0.290 0
34 5 N5 N2 213 0.290 0
34 6 N5 N5 225 0.290 1
34 7 N2 N3 96 0.200 0
34 8 N2 N5 0 0.200 0
34 9 N2 N2 242 0.200 1
34 10 N4 N5 0 0.260 0
34 11 N4 N3 82 0.260 0
34 12 N4 N2 103 0.260 1
35 1 N3 N5 0 0.050 0
35 2 N3 N3 138 0.050 0
35 3 N3 N2 181 0.050 1
35 4 N5 N3 84 0.370 0
35 5 N5 N2 213 0.370 0
35 6 N5 N5 223 0.370 1
35 7 N2 N3 98 0.290 0
35 8 N2 N5 0 0.290 0
35 9 N2 N2 243 0.290 1
35 10 N4 N5 0 0.290 0
35 11 N4 N3 82 0.290 0
35 12 N4 N2 107 0.290 1
36 1 N3 N5 0 0.000 0
36 2 N3 N3 141 0.000 0
36 3 N3 N2 186 0.000 1
36 4 N5 N3 91 0.030 0
36 5 N5 N2 213 0.030 0
36 6 N5 N5 222 0.030 1
36 7 N2 N3 102 0.250 0
36 8 N2 N5 0 0.250 0
36 9 N2 N2 243 0.250 1
36 10 N4 N5 0 0.780 0
36 11 N4 N3 84 0.780 0
36 12 N4 N2 112 0.780 1
37 1 N3 N5 0 0.060 0
37 2 N3 N3 143 0.060 0
37 3 N3 N2 189 0.060 1
37 4 N5 N3 94 0.110 0
37 5 N5 N2 212 0.110 0
37 6 N5 N5 222 0.110 1
37 7 N2 N3 102 0.950 0
37 8 N2 N5 0 0.950 0
37 9 N2 N2 242 0.950 1
37 10 N4 N5 0 0.310 0
37 11 N4 N3 88 0.310 0
37 12 N4 N2 116 0.310 1
38 1 N3 N5 0 0.140 0
38 2 N3 N3 148 0.140 0
38 3 N3 N2 190 0.140 1
38 4 N5 N3 94 0.100 0
38 5 N5 N2 212 0.100 0
38 6 N5 N5 222 0.100 1
38 7 N2 N3 104 0.500 0
38 8 N2 N5 0 0.500 0
38 9 N2 N2 242 0.500 1
38 10 N4 N5 0 0.480 0
38 11 N4 N3 92 0.480 0
38 12 N4 N2 119 0.480 1
39 1 N3 N5 0 0.210 0
39 2 N3 N3 151 0.210 0
39 3 N3 N2 188 0.210 1
39 4 N5 N3 97 0.110 0
39 5 N5 N2 212 0.110 0
39 6 N5 N5 223 0.110 1
39 7 N2 N3 108 0.540 0
39 8 N2 N5 0 0.540 0
39 9 N2 N2 242 0.540 1
39 10 N4 N5 0 0.420 0
39 11 N4 N3 95 0.420 0
39 12 N4 N2 121 0.420 1
40 1 N3 N5 0 0.280 0
40 2 N3 N3 154 0.280 0
40 3 N3 N2 186 0.280 1
40 4 N5 N3 97 0.210 0
40 5 N5 N2 213 0.210 0
40 6 N5 N5 223 0.210 1
40 7 N2 N3 111 0.100 0
40 8 N2 N5 174 0.100 0
40 9 N2 N2 242 0.100 1
40 10 N4 N5 0 0.470 0
40 11 N4 N3 95 0.470 0
40 12 N4 N2 121 0.470 1
41 1 N3 N5 0 0.320 0
41 2 N3 N3 155 0.320 0
41 3 N3 N2 184 0.320 1
41 4 N5 N3 100 0.110 0
41 5 N5 N2 214 0.110 0
41 6 N5 N5 223 0.110 1
41 7 N2 N3 113 0.030 0
41 8 N2 N5 173 0.030 0
41 9 N2 N2 242 0.030 1
41 10 N4 N5 0 0.490 0
41 11 N4 N3 96 0.490 0
41 12 N4 N2 120 0.490 1
42 1 N3 N5 0 0.910 0
42 2 N3 N3 157 0.910 0
42 3 N3 N2 182 0.910 1
42 4 N5 N3 100 0.280 0
42 5 N5 N2 217 0.280 0
42 6 N5 N5 223 0.280 1
42 7 N2 N3 113 0.120 0
42 8 N2 N5 172 0.120 0
42 9 N2 N2 244 0.120 1
42 10 N4 N5 0 0.700 0
42 11 N4 N3 100 0.700 0
42 12 N4 N2 121 0.700 1
43 1 N3 N5 0 0.050 0
43 2 N3 N3 161 0.050 0
43 3 N3 N2 180 0.050 1
43 4 N5 N3 106 0.200 0
43 5 N5 N2 218 0.200 0
43 6 N5 N5 223 0.200 1
43 7 N2 N3 120 0.170 0
43 8 N2 N5 172 0.170 0
43 9 N2 N2 245 0.170 1
43 10 N4 N5 0 0.870 0
43 11 N4 N3 102 0.870 0
43 12 N4 N2 119 0.870 1
44 1 N3 N5 0 0.500 0
44 2 N3 N3 162 0.500 0
44 3 N3 N2 179 0.500 1
44 4 N5 N3 108 0.000 0
44 5 N5 N2 220 0.000 0
44 6 N5 N5 224 0.000 1
44 7 N2 N3 122 0.260 0
44 8 N2 N5 172 0.260 0
44 9 N2 N2 246 0.260 1
44 10 N4 N5 0 0.210 0
44 11 N4 N3 105 0.210 0
44 12 N4 N2 120 0.210 1
45 1 N3 N5 0 0.040 0
45 2 N3 N3 163 0.040 0
45 3 N3 N2 180 0.040 1
45 4 N5 N3 108 0.100 0
45 5 N5 N2 222 0.100 0
45 6 N5 N5 224 0.100 1
45 7 N2 N3 122 0.330 0
45 8 N2 N5 172 0.330 0
45 9 N2 N2 248 0.330 1
45 10 N4 N5 0 0.270 0
45 11 N4 N3 108 0.270 0
45 12 N4 N2 121 0.270 1
46 1 N3 N5 0 0.730 0
46 2 N3 N3 164 0.730 0
46 3 N3 N2 180 0.730 1
46 4 N5 N3 107 0.050 0
46 5 N5 N2 223 0.050 1
46 6 N5 N5 223 0.050 0
46 7 N2 N3 120 0.010 0
46 8 N2 N5 173 0.010 0
46 9 N2 N2 251 0.010 1
46 10 N4 N5 0 0.340 0
46 11 N4 N3 109 0.340 0
46 12 N4 N2 120 0.340 1
47 1 N3 N5 0 0.190 0
47 2 N3 N3 165 0.190 0
47 3 N3 N2 180 0.190 1
47 4 N5 N3 109 0.640 0
47 5 N5 N2 224 0.640 1
47 6 N5 N5 222 0.640 0
47 7 N2 N3 119 0.520 0
47 8 N2 N5 175 0.520 0
47 9 N2 N2 251 0.520 1
47 10 N4 N5 0 0.440 0
47 11 N4 N3 110 0.440 0
47 12 N4 N2 121 0.440 1
48 1 N3 N5 0 0.220 0
48 2 N3 N3 164 0.220 0
48 3 N3 N2 182 0.220 1
48 4 N5 N3 109 0.150 0
48 5 N5 N2 223 0.150 1
48 6 N5 N5 221 0.150 0
48 7 N2 N3 114 0.170 0
48 8 N2 N5 174 0.170 0
48 9 N2 N2 252 0.170 1
48 10 N4 N5 0 1.530 0
48 11 N4 N3 110 1.530 0
48 12 N4 N2 121 1.530 1
49 1 N3 N5 0 1.310 0
49 2 N3 N3 164 1.310 0
49 3 N3 N2 182 1.310 1
49 4 N5 N3 108 0.270 0
49 5 N5 N2 219 0.270 1
49 6 N5 N5 218 0.270 0
49 7 N2 N3 110 0.110 0
49 8 N2 N5 172 0.110 0
49 9 N2 N2 251 0.110 1
49 10 N4 N5 0 0.060 0
49 11 N4 N3 111 0.060 0
49 12 N4 N2 121 0.060 1
50 1 N3 N5 0 0.360 0
50 2 N3 N3 166 0.360 0
50 3 N3 N2 182 0.360 1
50 4 N5 N3 106 0.320 0
50 5 N5 N2 216 0.320 1
50 6 N5 N5 215 0.320 0
50 7 N2 N3 103 0.270 0
50 8 N2 N5 171 0.270 0
50 9 N2 N2 249 0.270 1
50 10 N4 N5 0 0.630 0
50 11 N4 N3 112 0.630 0
50 12 N4 N2 121 0.630 1
51 1 N3 N5 0 0.430 0
51 2 N3 N3 165 0.430 0
51 3 N3 N2 181 0.430 1
51 4 N5 N3 106 0.370 0
51 5 N5 N2 211 0.370 1
51 6 N5 N5 212 0.370 0
51 7 N2 N3 103 0.020 0
51 8 N2 N5 169 0.020 0
51 9 N2 N2 249 0.020 1
51 10 N4 N5 0 1.720 0
51 11 N4 N3 112 1.720 0
51 12 N4 N2 121 1.720 1
52 1 N3 N5 0 0.170 0
52 2 N3 N3 165 0.170 0
52 3 N3 N2 180 0.170 1
52 4 N5 N3 99 0.070 0
52 5 N5 N2 207 0.070 1
52 6 N5 N5 205 0.070 0
52 7 N2 N3 98 0.080 0
52 8 N2 N5 164 0.080 0
52 9 N2 N2 247 0.080 1
52 10 N4 N5 0 0.470 0
52 11 N4 N3 112 0.470 0
52 12 N4 N2 122 0.470 1
53 1 N3 N5 0 0.240 0
53 2 N3 N3 165 0.240 0
53 3 N3 N2 180 0.240 1
53 4 N5 N3 100 0.130 0
53 5 N5 N2 206 0.130 1
53 6 N5 N5 201 0.130 0
53 7 N2 N3 95 0.060 0
53 8 N2 N5 161 0.060 0
53 9 N2 N2 245 0.060 1
53 10 N4 N5 0 0.030 0
53 11 N4 N3 112 0.030 0
53 12 N4 N2 123 0.030 1
54 1 N3 N5 0 0.290 0
54 2 N3 N3 166 0.290 0
54 3 N3 N2 180 0.290 1
54 4 N5 N3 102 0.180 0
54 5 N5 N2 204 0.180 1
54 6 N5 N5 196 0.180 0
54 7 N2 N3 95 0.100 0
54 8 N2 N5 159 0.100 0
54 9 N2 N2 243 0.100 1
54 10 N4 N5 0 0.210 0
54 11 N4 N3 112 0.210 0
54 12 N4 N2 126 0.210 1
55 1 N3 N5 0 0.390 0
55 2 N3 N3 166 0.390 0
55 3 N3 N2 180 0.390 1
55 4 N5 N3 103 0.240 0
55 5 N5 N2 203 0.240 1
55 6 N5 N5 192 0.240 0
55 7 N2 N3 93 0.200 0
55 8 N2 N5 160 0.200 0
55 9 N2 N2 242 0.200 1
55 10 N4 N5 0 0.800 0
55 11 N4 N3 116 0.800 0
55 12 N4 N2 126 0.800 1
56 1 N3 N5 0 0.440 0
56 2 N3 N3 167 0.440 0
56 3 N3 N2 179 0.440 1
56 4 N5 N3 104 0.410 0
56 5 N5 N2 202 0.410 1
56 6 N5 N5 190 0.410 0
56 7 N2 N3 93 0.260 0
56 8 N2 N5 160 0.260 0
56 9 N2 N2 242 0.260 1
56 10 N4 N5 0 0.340 0
56 11 N4 N3 120 0.340 0
56 12 N4 N2 125 0.340 1
57 1 N3 N5 0 0.120 0
57 2 N3 N3 173 0.120 0
57 3 N3 N2 180 0.120 1
57 4 N5 N3 104 0.130 0
57 5 N5 N2 203 0.130 1
57 6 N5 N5 188 0.130 0
57 7 N2 N3 93 0.120 0
57 8 N2 N5 160 0.120 0
57 9 N2 N2 243 0.120 1
57 10 N4 N5 0 1.420 0
57 11 N4 N3 120 1.420 0
57 12 N4 N2 125 1.420 1
58 1 N3 N5 0 0.720 0
58 2 N3 N3 173 0.720 0
58 3 N3 N2 180 0.720 1
58 4 N5 N3 106 0.280 0
58 5 N5 N2 203 0.280 1
58 6 N5 N5 187 0.280 0
58 7 N2 N3 92 0.510 0
58 8 N2 N5 159 0.510 0
58 9 N2 N2 244 0.510 1
58 10 N4 N5 0 2.520 0
58 11 N4 N3 120 2.520 0
58 12 N4 N2 125 2.520 1
59 1 N3 N5 0 0.110 0
59 2 N3 N3 175 0.110 0
59 3 N3 N2 174 0.110 1
59 4 N5 N3 108 0.040 0
59 5 N5 N2 203 0.040 1
59 6 N5 N5 184 0.040 0
59 7 N2 N3 92 0.160 0
59 8 N2 N5 158 0.160 0
59 9 N2 N2 245 0.160 1
59 10 N4 N5 0 0.390 0
59 11 N4 N3 124 0.390 0
59 12 N4 N2 127 0.390 1
60 1 N3 N5 116 0.280 0
60 2 N3 N3 176 0.280 1
60 3 N3 N2 171 0.280 0
60 4 N5 N3 110 0.010 0
60 5 N5 N2 203 0.010 1
60 6 N5 N5 181 0.010 0
60 7 N2 N3 0 0.020 0
60 8 N2 N5 154 0.020 0
60 9 N2 N2 247 0.020 1
60 10 N4 N5 74 0.360 0
60 11 N4 N3 128 0.360 1
60 12 N4 N2 127 0.360 0
61 1 N3 N5 115 0.220 0
61 2 N3 N3 176 0.220 1
61 3 N3 N2 164 0.220 0
61 4 N5 N3 112 0.040 0
61 5 N5 N2 204 0.040 1
61 6 N5 N5 180 0.040 0
61 7 N2 N3 111 0.190 0
61 8 N2 N5 151 0.190 0
61 9 N2 N2 249 0.190 1
61 10 N4 N5 74 1.450 0
61 11 N4 N3 128 1.450 1
61 12 N4 N2 127 1.450 0
62 1 N3 N5 116 0.410 0
62 2 N3 N3 173 0.410 1
62 3 N3 N2 161 0.410 0
62 4 N5 N3 113 0.130 0
62 5 N5 N2 206 0.130 1
62 6 N5 N5 177 0.130 0
62 7 N2 N3 106 0.140 0
62 8 N2 N5 147 0.140 0
62 9 N2 N2 251 0.140 1
62 10 N4 N5 74 0.230 0
62 11 N4 N3 129 0.230 1
62 12 N4 N2 128 0.230 0
63 1 N3 N5 116 0.360 0
63 2 N3 N3 171 0.360 1
63 3 N3 N2 158 0.360 0
63 4 N5 N3 113 0.710 0
63 5 N5 N2 206 0.710 1
63 6 N5 N5 176 0.710 0
63 7 N2 N3 106 0.320 0
63 8 N2 N5 146 0.320 0
63 9 N2 N2 252 0.320 1
63 10 N4 N5 74 0.300 0
63 11 N4 N3 128 0.300 1
63 12 N4 N2 129 0.300 0
64 1 N3 N5 111 0.630 0
64 2 N3 N3 170 0.630 1
64 3 N3 N2 157 0.630 0
64 4 N5 N3 112 0.510 0
64 5 N5 N2 206 0.510 1
64 6 N5 N5 173 0.510 0
64 7 N2 N3 100 0.250 0
64 8 N2 N5 146 0.250 0
64 9 N2 N2 252 0.250 1
64 10 N4 N5 74 0.370 0
64 11 N4 N3 126 0.370 1
64 12 N4 N2 131 0.370 0
65 1 N3 N5 111 0.070 0
65 2 N3 N3 165 0.070 1
65 3 N3 N2 155 0.070 0
65 4 N5 N3 112 1.600 0
65 5 N5 N2 206 1.600 1
65 6 N5 N5 173 1.600 0
65 7 N2 N3 98 0.310 0
65 8 N2 N5 146 0.310 0
65 9 N2 N2 251 0.310 1
65 10 N4 N5 74 1.460 0
65 11 N4 N3 126 1.460 1
65 12 N4 N2 131 1.460 0
66 1 N3 N5 111 0.010 0
66 2 N3 N3 156 0.010 1
66 3 N3 N2 155 0.010 0
66 4 N5 N3 112 2.690 0
66 5 N5 N2 206 2.690 1
66 6 N5 N5 173 2.690 0
66 7 N2 N3 94 0.220 0
66 8 N2 N5 146 0.220 0
66 9 N2 N2 251 0.220 1
66 10 N4 N5 74 0.470 0
66 11 N4 N3 126 0.470 1
66 12 N4 N2 131 0.470 0
67 1 N3 N5 111 0.700 0
67 2 N3 N3 156 0.700 1
67 3 N3 N2 155 0.700 0
67 4 N5 N3 107 0.580 0
67 5 N5 N2 203 0.580 1
67 6 N5 N5 163 0.580 0
67 7 N2 N3 88 0.540 0
67 8 N2 N5 129 0.540 0
67 9 N2 N2 250 0.540 1
67 10 N4 N5 74 0.540 0
67 11 N4 N3 124 0.540 1
67 12 N4 N2 134 0.540 0
68 1 N3 N5 109 0.070 0
68 2 N3 N3 151 0.070 0
68 3 N3 N2 155 0.070 1
68 4 N5 N3 107 1.670 0
68 5 N5 N2 203 1.670 1
68 6 N5 N5 163 1.670 0
68 7 N2 N3 83 0.060 0
68 8 N2 N5 119 0.060 0
68 9 N2 N2 248 0.060 1
68 10 N4 N5 74 0.320 0
68 11 N4 N3 124 0.320 1
68 12 N4 N2 134 0.320 0
69 1 N3 N5 109 0.210 0
69 2 N3 N3 149 0.210 0
69 3 N3 N2 156 0.210 1
69 4 N5 N3 107 2.760 0
69 5 N5 N2 203 2.760 1
69 6 N5 N5 163 2.760 0
69 7 N2 N3 83 0.190 0
69 8 N2 N5 119 0.190 0
69 9 N2 N2 247 0.190 1
69 10 N4 N5 74 0.590 0
69 11 N4 N3 123 0.590 0
69 12 N4 N2 134 0.590 1
70 1 N3 N5 87 0.160 0
70 2 N3 N3 140 0.160 0
70 3 N3 N2 157 0.160 1
70 4 N5 N3 104 0.060 0
70 5 N5 N2 190 0.060 1
70 6 N5 N5 139 0.060 0
70 7 N2 N3 78 0.090 0
70 8 N2 N5 88 0.090 0
70 9 N2 N2 245 0.090 1
70 10 N4 N5 60 0.100 0
70 11 N4 N3 121 0.100 0
70 12 N4 N2 125 0.100 1
71 1 N3 N5 83 0.760 0
71 2 N3 N3 140 0.760 0
71 3 N3 N2 158 0.760 1
71 4 N5 N3 100 0.720 0
71 5 N5 N2 179 0.720 1
71 6 N5 N5 136 0.720 0
71 7 N2 N3 70 0.170 0
71 8 N2 N5 88 0.170 0
71 9 N2 N2 242 0.170 1
71 10 N4 N5 58 0.190 0
71 11 N4 N3 115 0.190 0
71 12 N4 N2 123 0.190 1
72 1 N3 N5 69 0.290 0
72 2 N3 N3 134 0.290 0
72 3 N3 N2 160 0.290 1
72 4 N5 N3 89 0.170 0
72 5 N5 N2 172 0.170 1
72 6 N5 N5 120 0.170 0
72 7 N2 N3 65 0.210 0
72 8 N2 N5 88 0.210 0
72 9 N2 N2 240 0.210 1
72 10 N4 N5 58 1.280 0
72 11 N4 N3 115 1.280 0
72 12 N4 N2 123 1.280 1
73 1 N3 N5 69 0.430 0
73 2 N3 N3 132 0.430 0
73 3 N3 N2 162 0.430 1
73 4 N5 N3 84 0.240 0
73 5 N5 N2 166 0.240 1
73 6 N5 N5 118 0.240 0
73 7 N2 N3 63 0.250 0
73 8 N2 N5 79 0.250 0
73 9 N2 N2 237 0.250 1
73 10 N4 N5 58 0.280 0
73 11 N4 N3 112 0.280 0
73 12 N4 N2 121 0.280 1
74 1 N3 N5 65 0.110 0
74 2 N3 N3 123 0.110 0
74 3 N3 N2 162 0.110 1
74 4 N5 N3 80 0.180 0
74 5 N5 N2 157 0.180 1
74 6 N5 N5 110 0.180 0
74 7 N2 N3 63 0.440 0
74 8 N2 N5 66 0.440 0
74 9 N2 N2 234 0.440 1
74 10 N4 N5 58 1.370 0
74 11 N4 N3 112 1.370 0
74 12 N4 N2 121 1.370 1
75 1 N3 N5 63 0.030 0
75 2 N3 N3 119 0.030 0
75 3 N3 N2 160 0.030 1
75 4 N5 N3 80 0.030 0
75 5 N5 N2 155 0.030 1
75 6 N5 N5 101 0.030 0
75 7 N2 N3 61 0.510 0
75 8 N2 N5 63 0.510 0
75 9 N2 N2 230 0.510 1
75 10 N4 N5 50 0.040 0
75 11 N4 N3 107 0.040 0
75 12 N4 N2 118 0.040 1
76 1 N3 N5 58 0.110 0
76 2 N3 N3 114 0.110 0
76 3 N3 N2 158 0.110 1
76 4 N5 N3 80 0.240 0
76 5 N5 N2 150 0.240 1
76 6 N5 N5 97 0.240 0
76 7 N2 N3 61 0.070 0
76 8 N2 N5 56 0.070 0
76 9 N2 N2 228 0.070 1
76 10 N4 N5 50 0.580 0
76 11 N4 N3 104 0.580 0
76 12 N4 N2 118 0.580 1
77 1 N3 N5 55 0.200 0
77 2 N3 N3 103 0.200 0
77 3 N3 N2 152 0.200 1
77 4 N5 N3 75 0.390 0
77 5 N5 N2 144 0.390 1
77 6 N5 N5 92 0.390 0
77 7 N2 N3 56 0.160 0
77 8 N2 N5 53 0.160 0
77 9 N2 N2 225 0.160 1
77 10 N4 N5 46 0.500 0
77 11 N4 N3 102 0.500 0
77 12 N4 N2 118 0.500 1
78 1 N3 N5 52 0.350 0
78 2 N3 N3 99 0.350 0
78 3 N3 N2 150 0.350 1
78 4 N5 N3 72 0.100 0
78 5 N5 N2 140 0.100 1
78 6 N5 N5 82 0.100 0
78 7 N2 N3 54 0.120 0
78 8 N2 N5 46 0.120 0
78 9 N2 N2 223 0.120 1
78 10 N4 N5 46 0.230 0
78 11 N4 N3 98 0.230 0
78 12 N4 N2 117 0.230 1
79 1 N3 N5 52 0.340 0
79 2 N3 N3 99 0.340 0
79 3 N3 N2 148 0.340 1
79 4 N5 N3 70 0.260 0
79 5 N5 N2 140 0.260 1
79 6 N5 N5 78 0.260 0
79 7 N2 N3 54 0.300 0
79 8 N2 N5 42 0.300 0
79 9 N2 N2 222 0.300 1
79 10 N4 N5 45 0.300 0
79 11 N4 N3 91 0.300 0
79 12 N4 N2 117 0.300 1
80 1 N3 N5 50 0.420 0
80 2 N3 N3 97 0.420 0
80 3 N3 N2 150 0.420 1
80 4 N5 N3 72 0.330 0
80 5 N5 N2 142 0.330 1
80 6 N5 N5 74 0.330 0
80 7 N2 N3 51 0.370 0
80 8 N2 N5 41 0.370 0
80 9 N2 N2 222 0.370 1
80 10 N4 N5 40 0.340 0
80 11 N4 N3 88 0.340 0
80 12 N4 N2 117 0.340 1
81 1 N3 N5 48 0.090 0
81 2 N3 N3 97 0.090 0
81 3 N3 N2 152 0.090 1
81 4 N5 N3 72 1.420 0
81 5 N5 N2 142 1.420 1
81 6 N5 N5 74 1.420 0
81 7 N2 N3 53 0.430 0
81 8 N2 N5 39 0.430 0
81 9 N2 N2 221 0.430 1
81 10 N4 N5 37 0.430 0
81 11 N4 N3 82 0.430 0
81 12 N4 N2 116 0.430 1
82 1 N3 N5 47 0.140 0
82 2 N3 N3 96 0.140 0
82 3 N3 N2 156 0.140 1
82 4 N5 N3 71 0.320 0
82 5 N5 N2 143 0.320 1
82 6 N5 N5 68 0.320 0
82 7 N2 N3 53 0.470 0
82 8 N2 N5 39 0.470 0
82 9 N2 N2 222 0.470 1
82 10 N4 N5 36 0.790 0
82 11 N4 N3 80 0.790 0
82 12 N4 N2 115 0.790 1
83 1 N3 N5 48 0.610 0
83 2 N3 N3 95 0.610 0
83 3 N3 N2 156 0.610 1
83 4 N5 N3 71 1.410 0
83 5 N5 N2 143 1.410 1
83 6 N5 N5 68 1.410 0
83 7 N2 N3 53 0.010 0
83 8 N2 N5 38 0.010 0
83 9 N2 N2 223 0.010 1
83 10 N4 N5 36 0.520 0
83 11 N4 N3 78 0.520 0
83 12 N4 N2 115 0.520 1
84 1 N3 N5 48 0.160 0
84 2 N3 N3 93 0.160 0
84 3 N3 N2 154 0.160 1
84 4 N5 N3 69 0.510 0
84 5 N5 N2 136 0.510 1
84 6 N5 N5 65 0.510 0
84 7 N2 N3 50 0.980 0
84 8 N2 N5 38 0.980 0
84 9 N2 N2 223 0.980 1
84 10 N4 N5 36 1.610 0
84 11 N4 N3 78 1.610 0
84 12 N4 N2 115 1.610 1
85 1 N3 N5 45 0.320 0
85 2 N3 N3 93 0.320 0
85 3 N3 N2 153 0.320 1
85 4 N5 N3 69 0.320 0
85 5 N5 N2 136 0.320 1
85 6 N5 N5 63 0.320 0
85 7 N2 N3 49 0.320 0
85 8 N2 N5 32 0.320 0
85 9 N2 N2 225 0.320 1
85 10 N4 N5 36 2.700 0
85 11 N4 N3 78 2.700 0
85 12 N4 N2 115 2.700 1
86 1 N3 N5 44 0.810 0
86 2 N3 N3 94 0.810 0
86 3 N3 N2 152 0.810 1
86 4 N5 N3 70 0.320 0
86 5 N5 N2 133 0.320 1
86 6 N5 N5 62 0.320 0
86 7 N2 N3 48 0.230 0
86 8 N2 N5 29 0.230 0
86 9 N2 N2 227 0.230 1
86 10 N4 N5 36 0.740 0
86 11 N4 N3 76 0.740 0
86 12 N4 N2 114 0.740 1
87 1 N3 N5 44 0.850 0
87 2 N3 N3 93 0.850 0
87 3 N3 N2 153 0.850 1
87 4 N5 N3 70 0.520 0
87 5 N5 N2 131 0.520 1
87 6 N5 N5 62 0.520 0
87 7 N2 N3 48 1.320 0
87 8 N2 N5 29 1.320 0
87 9 N2 N2 227 1.320 1
87 10 N4 N5 36 1.830 0
87 11 N4 N3 76 1.830 0
87 12 N4 N2 114 1.830 1
88 1 N3 N5 42 1.050 0
88 2 N3 N3 93 1.050 0
88 3 N3 N2 153 1.050 1
88 4 N5 N3 70 0.790 0
88 5 N5 N2 131 0.790 1
88 6 N5 N5 61 0.790 0
88 7 N2 N3 47 0.930 0
88 8 N2 N5 21 0.930 0
88 9 N2 N2 227 0.930 1
88 10 N4 N5 35 0.960 0
88 11 N4 N3 72 0.960 0
88 12 N4 N2 114 0.960 1
89 1 N3 N5 42 0.940 0
89 2 N3 N3 93 0.940 0
89 3 N3 N2 154 0.940 1
89 4 N5 N3 70 1.890 0
89 5 N5 N2 131 1.890 1
89 6 N5 N5 61 1.890 0
89 7 N2 N3 46 0.900 0
89 8 N2 N5 21 0.900 0
89 9 N2 N2 228 0.900 1
89 10 N4 N5 35 0.940 0
89 11 N4 N3 72 0.940 0
89 12 N4 N2 112 0.940 1
90 1 N3 N5 42 0.220 0
90 2 N3 N3 90 0.220 0
90 3 N3 N2 153 0.220 1
90 4 N5 N3 70 0.220 0
90 5 N5 N2 129 0.220 1
90 6 N5 N5 59 0.220 0
90 7 N2 N3 46 0.220 0
90 8 N2 N5 21 0.220 0
90 9 N2 N2 229 0.220 1
90 10 N4 N5 35 2.030 0
90 11 N4 N3 72 2.030 0
90 12 N4 N2 112 2.030 1
91 1 N3 N5 42 1.310 0
91 2 N3 N3 90 1.310 0
91 3 N3 N2 153 1.310 1
91 4 N5 N3 69 0.200 0
91 5 N5 N2 121 0.200 1
91 6 N5 N5 58 0.200 0
91 7 N2 N3 46 0.800 0
91 8 N2 N5 21 0.800 0
91 9 N2 N2 228 0.800 1
91 10 N4 N5 35 3.120 0
91 11 N4 N3 72 3.120 0
91 12 N4 N2 112 3.120 1
92 1 N3 N5 40 0.590 0
92 2 N3 N3 87 0.590 0
92 3 N3 N2 152 0.590 1
92 4 N5 N3 69 1.310 0
92 5 N5 N2 121 1.310 1
92 6 N5 N5 58 1.310 0
92 7 N2 N3 46 0.480 0
92 8 N2 N5 21 0.480 0
92 9 N2 N2 227 0.480 1
92 10 N4 N5 35 4.230 0
92 11 N4 N3 72 4.230 0
92 12 N4 N2 112 4.230 1
93 1 N3 N5 40 1.690 0
93 2 N3 N3 87 1.690 0
93 3 N3 N2 152 1.690 1
93 4 N5 N3 69 2.410 0
93 5 N5 N2 121 2.410 1
93 6 N5 N5 58 2.410 0
93 7 N2 N3 46 1.580 0
93 8 N2 N5 21 1.580 0
93 9 N2 N2 227 1.580 1
93 10 N4 N5 35 5.330 0
93 11 N4 N3 72 5.330 0
93 12 N4 N2 112 5.330 1
94 1 N3 N5 40 2.770 0
94 2 N3 N3 87 2.770 0
94 3 N3 N2 152 2.770 1
94 4 N5 N3 69 3.490 0
94 5 N5 N2 121 3.490 1
94 6 N5 N5 58 3.490 0
94 7 N2 N3 46 0.040 0
94 8 N2 N5 0 0.040 0
94 9 N2 N2 224 0.040 1
94 10 N4 N5 35 6.410 0
94 11 N4 N3 72 6.410 0
94 12 N4 N2 112 6.410 1
95 1 N3 N5 35 0.380 0
95 2 N3 N3 90 0.380 0
95 3 N3 N2 153 0.380 1
95 4 N5 N3 69 4.590 0
95 5 N5 N2 121 4.590 1
95 6 N5 N5 58 4.590 0
95 7 N2 N3 43 0.370 0
95 8 N2 N5 0 0.370 0
95 9 N2 N2 222 0.370 1
95 10 N4 N5 35 7.510 0
95 11 N4 N3 72 7.510 0
95 12 N4 N2 112 7.510 1
96 1 N3 N5 35 0.190 0
96 2 N3 N3 93 0.190 0
96 3 N3 N2 153 0.190 1
96 4 N5 N3 69 5.700 0
96 5 N5 N2 121 5.700 1
96 6 N5 N5 58 5.700 0
96 7 N2 N3 43 0.190 0
96 8 N2 N5 0 0.190 0
96 9 N2 N2 219 0.190 1
96 10 N4 N5 35 0.190 0
96 11 N4 N3 72 0.190 0
96 12 N4 N2 108 0.190 1
97 1 N3 N5 0 0.650 0
97 2 N3 N3 95 0.650 0
97 3 N3 N2 155 0.650 1
97 4 N5 N3 69 6.790 0
97 5 N5 N2 121 6.790 1
97 6 N5 N5 58 6.790 0
97 7 N2 N3 44 0.800 0
97 8 N2 N5 0 0.800 0
97 9 N2 N2 219 0.800 1
97 10 N4 N5 35 1.280 0
97 11 N4 N3 72 1.280 0
97 12 N4 N2 108 1.280 1
98 1 N3 N5 0 0.520 0
98 2 N3 N3 94 0.520 0
98 3 N3 N2 155 0.520 1
98 4 N5 N3 69 7.880 0
98 5 N5 N2 121 7.880 1
98 6 N5 N5 58 7.880 0
98 7 N2 N3 44 0.530 0
98 8 N2 N5 0 0.530 0
98 9 N2 N2 216 0.530 1
98 10 N4 N5 35 0.600 0
98 11 N4 N3 70 0.600 0
98 12 N4 N2 108 0.600 1
99 1 N3 N5 0 0.620 0
99 2 N3 N3 94 0.620 0
99 3 N3 N2 155 0.620 1
99 4 N5 N3 68 0.720 0
99 5 N5 N2 119 0.720 1
99 6 N5 N5 55 0.720 0
99 7 N2 N3 44 0.260 0
99 8 N2 N5 0 0.260 0
99 9 N2 N2 212 0.260 1
99 10 N4 N5 35 1.690 0
99 11 N4 N3 70 1.690 0
99 12 N4 N2 108 1.690 1
100 1 N3 N5 0 0.630 0
100 2 N3 N3 94 0.630 0
100 3 N3 N2 151 0.630 1
100 4 N5 N3 68 1.820 0
100 5 N5 N2 119 1.820 1
100 6 N5 N5 55 1.820 0
100 7 N2 N3 44 0.140 0
100 8 N2 N5 0 0.140 0
100 9 N2 N2 206 0.140 1
100 10 N4 N5 35 0.860 0
100 11 N4 N3 68 0.860 0
100 12 N4 N2 107 0.860 1
101 1 N3 N5 0 0.010 0
101 2 N3 N3 94 0.010 0
101 3 N3 N2 141 0.010 1
101 4 N5 N3 68 2.920 0
101 5 N5 N2 119 2.920 1
101 6 N5 N5 55 2.920 0
101 7 N2 N3 44 0.010 0
101 8 N2 N5 0 0.010 0
101 9 N2 N2 202 0.010 1
101 10 N4 N5 34 0.020 0
101 11 N4 N3 68 0.020 0
101 12 N4 N2 103 0.020 1
102 1 N3 N5 0 1.100 0
102 2 N3 N3 94 1.100 0
102 3 N3 N2 141 1.100 1
102 4 N5 N3 68 4.010 0
102 5 N5 N2 119 4.010 1
102 6 N5 N5 55 4.010 0
102 7 N2 N3 44 1.100 0
102 8 N2 N5 0 1.100 0
102 9 N2 N2 202 1.100 1
102 10 N4 N5 34 0.200 0
102 11 N4 N3 66 0.200 0
102 12 N4 N2 101 0.200 1
103 1 N3 N5 0 0.090 0
103 2 N3 N3 94 0.090 0
103 3 N3 N2 136 0.090 1
103 4 N5 N3 68 5.100 0
103 5 N5 N2 119 5.100 1
103 6 N5 N5 55 5.100 0
103 7 N2 N3 46 1.020 0
103 8 N2 N5 0 1.020 0
103 9 N2 N2 199 1.020 1
103 10 N4 N5 34 1.290 0
103 11 N4 N3 66 1.290 0
103 12 N4 N2 101 1.290 1
104 1 N3 N5 0 1.180 0
104 2 N3 N3 94 1.180 0
104 3 N3 N2 136 1.180 1
104 4 N5 N3 68 6.190 0
104 5 N5 N2 119 6.190 1
104 6 N5 N5 55 6.190 0
104 7 N2 N3 46 2.110 0
104 8 N2 N5 0 2.110 0
104 9 N2 N2 199 2.110 1
104 10 N4 N5 34 1.010 0
104 11 N4 N3 64 1.010 0
104 12 N4 N2 101 1.010 1
105 1 N3 N5 0 0.080 0
105 2 N3 N3 95 0.080 0
105 3 N3 N2 122 0.080 1
105 4 N5 N3 68 7.280 0
105 5 N5 N2 119 7.280 1
105 6 N5 N5 55 7.280 0
105 7 N2 N3 0 0.900 0
105 8 N2 N5 0 0.900 0
105 9 N2 N2 196 0.900 1
105 10 N4 N5 34 0.910 0
105 11 N4 N3 62 0.910 0
105 12 N4 N2 96 0.910 1
106 1 N3 N5 0 0.190 0
106 2 N3 N3 95 0.190 0
106 3 N3 N2 121 0.190 1
106 4 N5 N3 68 8.370 0
106 5 N5 N2 119 8.370 1
106 6 N5 N5 55 8.370 0
106 7 N2 N3 0 0.190 0
106 8 N2 N5 0 0.190 0
106 9 N2 N2 197 0.190 1
106 10 N4 N5 32 0.190 0
106 11 N4 N3 62 0.190 0
106 12 N4 N2 91 0.190 1
107 1 N3 N5 0 1.300 0
107 2 N3 N3 95 1.300 0
107 3 N3 N2 121 1.300 1
107 4 N5 N3 68 9.480 0
107 5 N5 N2 119 9.480 1
107 6 N5 N5 55 9.480 0
107 7 N2 N3 0 1.300 0
107 8 N2 N5 0 1.300 0
107 9 N2 N2 197 1.300 1
107 10 N4 N5 32 1.300 0
107 11 N4 N3 62 1.300 0
107 12 N4 N2 91 1.300 1
108 1 N3 N5 0 0.600 0
108 2 N3 N3 96 0.600 0
108 3 N3 N2 121 0.600 1
108 4 N5 N3 68 10.580 0
108 5 N5 N2 119 10.580 1
108 6 N5 N5 55 10.580 0
108 7 N2 N3 0 0.080 0
108 8 N2 N5 0 0.080 0
108 9 N2 N2 197 0.080 1
108 10 N4 N5 32 0.590 0
108 11 N4 N3 61 0.590 0
108 12 N4 N2 89 0.590 1
109 1 N3 N5 0 0.660 0
109 2 N3 N3 96 0.660 0
109 3 N3 N2 120 0.660 1
109 4 N5 N3 68 11.660 0
109 5 N5 N2 119 11.660 1
109 6 N5 N5 55 11.660 0
109 7 N2 N3 0 0.650 0
109 8 N2 N5 0 0.650 0
109 9 N2 N2 197 0.650 1
109 10 N4 N5 32 0.660 0
109 11 N4 N3 61 0.660 0
109 12 N4 N2 85 0.660 1
110 1 N3 N5 0 1.750 0
110 2 N3 N3 96 1.750 0
110 3 N3 N2 120 1.750 1
110 4 N5 N3 68 12.750 0
110 5 N5 N2 119 12.750 1
110 6 N5 N5 55 12.750 0
110 7 N2 N3 0 1.740 0
110 8 N2 N5 0 1.740 0
110 9 N2 N2 197 1.740 1
110 10 N4 N5 32 1.750 0
110 11 N4 N3 61 1.750 0
110 12 N4 N2 85 1.750 1
111 1 N3 N5 0 2.850 0
111 2 N3 N3 96 2.850 0
111 3 N3 N2 120 2.850 1
111 4 N5 N3 68 13.850 0
111 5 N5 N2 119 13.850 1
111 6 N5 N5 55 13.850 0
111 7 N2 N3 0 2.840 0
111 8 N2 N5 0 2.840 0
111 9 N2 N2 197 2.840 1
111 10 N4 N5 32 2.850 0
111 11 N4 N3 61 2.850 0
111 12 N4 N2 85 2.850 1
112 1 N3 N5 0 0.500 0
112 2 N3 N3 99 0.500 0
112 3 N3 N2 107 0.500 1
112 4 N5 N3 68 14.970 0
112 5 N5 N2 119 14.970 1
112 6 N5 N5 55 14.970 0
112 7 N2 N3 0 0.500 0
112 8 N2 N5 0 0.500 0
112 9 N2 N2 195 0.500 1
112 10 N4 N5 32 3.970 0
112 11 N4 N3 61 3.970 0
112 12 N4 N2 85 3.970 1
113 1 N3 N5 0 0.080 0
113 2 N3 N3 102 0.080 0
113 3 N3 N2 104 0.080 1
113 4 N5 N3 68 16.100 0
113 5 N5 N2 119 16.100 1
113 6 N5 N5 55 16.100 0
113 7 N2 N3 43 0.080 0
113 8 N2 N5 0 0.080 0
113 9 N2 N2 195 0.080 1
113 10 N4 N5 0 0.080 0
113 11 N4 N3 57 0.080 0
113 12 N4 N2 80 0.080 1
114 1 N3 N5 0 0.210 0
114 2 N3 N3 105 0.210 1
114 3 N3 N2 101 0.210 0
114 4 N5 N3 68 17.190 0
114 5 N5 N2 119 17.190 1
114 6 N5 N5 55 17.190 0
114 7 N2 N3 46 0.210 0
114 8 N2 N5 0 0.210 0
114 9 N2 N2 193 0.210 1
114 10 N4 N5 0 0.980 0
114 11 N4 N3 57 0.980 0
114 12 N4 N2 63 0.980 1
115 1 N3 N5 0 0.790 0
115 2 N3 N3 107 0.790 1
115 3 N3 N2 101 0.790 0
115 4 N5 N3 68 18.280 0
115 5 N5 N2 119 18.280 1
115 6 N5 N5 55 18.280 0
115 7 N2 N3 46 1.300 0
115 8 N2 N5 0 1.300 0
115 9 N2 N2 193 1.300 1
115 10 N4 N5 0 0.740 0
115 11 N4 N3 57 0.740 0
115 12 N4 N2 60 0.740 1
116 1 N3 N5 0 0.860 0
116 2 N3 N3 107 0.860 1
116 3 N3 N2 99 0.860 0
116 4 N5 N3 68 19.370 0
116 5 N5 N2 119 19.370 1
116 6 N5 N5 55 19.370 0
116 7 N2 N3 46 0.860 0
116 8 N2 N5 0 0.860 0
116 9 N2 N2 190 0.860 1
116 10 N4 N5 0 0.860 0
116 11 N4 N3 56 0.860 0
116 12 N4 N2 57 0.860 1
117 1 N3 N5 0 0.250 0
117 2 N3 N3 106 0.250 1
117 3 N3 N2 95 0.250 0
117 4 N5 N3 68 20.450 0
117 5 N5 N2 119 20.450 1
117 6 N5 N5 55 20.450 0
117 7 N2 N3 46 0.250 0
117 8 N2 N5 0 0.250 0
117 9 N2 N2 187 0.250 1
117 10 N4 N5 0 0.410 0
117 11 N4 N3 54 0.410 1
117 12 N4 N2 54 0.410 0
118 1 N3 N5 0 1.350 0
118 2 N3 N3 106 1.350 1
118 3 N3 N2 95 1.350 0
118 4 N5 N3 68 21.550 0
118 5 N5 N2 119 21.550 1
118 6 N5 N5 55 21.550 0
118 7 N2 N3 46 0.410 0
118 8 N2 N5 0 0.410 0
118 9 N2 N2 187 0.410 1
118 10 N4 N5 0 1.510 0
118 11 N4 N3 54 1.510 1
118 12 N4 N2 54 1.510 0
119 1 N3 N5 0 0.160 0
119 2 N3 N3 107 0.160 1
119 3 N3 N2 97 0.160 0
119 4 N5 N3 68 22.630 0
119 5 N5 N2 119 22.630 1
119 6 N5 N5 55 22.630 0
119 7 N2 N3 51 0.170 0
119 8 N2 N5 0 0.170 0
119 9 N2 N2 187 0.170 1
119 10 N4 N5 0 2.590 0
119 11 N4 N3 54 2.590 1
119 12 N4 N2 54 2.590 0
120 1 N3 N5 0 1.260 0
120 2 N3 N3 107 1.260 1
120 3 N3 N2 97 1.260 0
120 4 N5 N3 68 23.730 0
120 5 N5 N2 119 23.730 1
120 6 N5 N5 55 23.730 0
120 7 N2 N3 51 1.270 0
120 8 N2 N5 0 1.270 0
120 9 N2 N2 187 1.270 1
120 10 N4 N5 0 3.690 0
120 11 N4 N3 54 3.690 1
120 12 N4 N2 54 3.690 0
121 1 N3 N5 0 2.360 0
121 2 N3 N3 107 2.360 1
121 3 N3 N2 97 2.360 0
121 4 N5 N3 68 24.830 0
121 5 N5 N2 119 24.830 1
121 6 N5 N5 55 24.830 0
121 7 N2 N3 52 0.750 0
121 8 N2 N5 0 0.750 0
121 9 N2 N2 187 0.750 1
121 10 N4 N5 0 4.790 0
121 11 N4 N3 54 4.790 1
121 12 N4 N2 54 4.790 0
122 1 N3 N5 0 0.040 0
122 2 N3 N3 105 0.040 1
122 3 N3 N2 100 0.040 0
122 4 N5 N3 68 25.930 0
122 5 N5 N2 119 25.930 1
122 6 N5 N5 55 25.930 0
122 7 N2 N3 52 0.660 0
122 8 N2 N5 0 0.660 0
122 9 N2 N2 187 0.660 1
122 10 N4 N5 0 5.890 0
122 11 N4 N3 54 5.890 1
122 12 N4 N2 54 5.890 0
123 1 N3 N5 0 1.140 0
123 2 N3 N3 105 1.140 1
123 3 N3 N2 100 1.140 0
123 4 N5 N3 68 27.030 0
123 5 N5 N2 119 27.030 1
123 6 N5 N5 55 27.030 0
123 7 N2 N3 52 0.950 0
123 8 N2 N5 0 0.950 0
123 9 N2 N2 187 0.950 1
123 10 N4 N5 0 6.990 0
123 11 N4 N3 54 6.990 1
123 12 N4 N2 54 6.990 0
124 1 N3 N5 0 0.410 0
124 2 N3 N3 109 0.410 1
124 3 N3 N2 100 0.410 0
124 4 N5 N3 68 28.190 0
124 5 N5 N2 119 28.190 1
124 6 N5 N5 55 28.190 0
124 7 N2 N3 57 0.410 0
124 8 N2 N5 0 0.410 0
124 9 N2 N2 187 0.410 1
124 10 N4 N5 0 0.410 0
124 11 N4 N3 55 0.410 1
124 12 N4 N2 54 0.410 0
125 1 N3 N5 0 0.340 0
125 2 N3 N3 115 0.340 1
125 3 N3 N2 98 0.340 0
125 4 N5 N3 68 29.280 0
125 5 N5 N2 119 29.280 1
125 6 N5 N5 55 29.280 0
125 7 N2 N3 57 1.500 0
125 8 N2 N5 0 1.500 0
125 9 N2 N2 187 1.500 1
125 10 N4 N5 0 1.500 0
125 11 N4 N3 55 1.500 1
125 12 N4 N2 54 1.500 0
126 1 N3 N5 0 0.380 0
126 2 N3 N3 115 0.380 1
126 3 N3 N2 96 0.380 0
126 4 N5 N3 68 30.370 0
126 5 N5 N2 119 30.370 1
126 6 N5 N5 55 30.370 0
126 7 N2 N3 57 0.370 0
126 8 N2 N5 0 0.370 0
126 9 N2 N2 195 0.370 1
126 10 N4 N5 0 2.590 0
126 11 N4 N3 55 2.590 1
126 12 N4 N2 54 2.590 0
127 1 N3 N5 0 1.470 0
127 2 N3 N3 115 1.470 1
127 3 N3 N2 96 1.470 0
127 4 N5 N3 68 31.460 0
127 5 N5 N2 119 31.460 1
127 6 N5 N5 55 31.460 0
127 7 N2 N3 57 0.410 0
127 8 N2 N5 0 0.410 0
127 9 N2 N2 197 0.410 1
127 10 N4 N5 0 3.680 0
127 11 N4 N3 55 3.680 1
127 12 N4 N2 54 3.680 0
128 1 N3 N5 0 0.900 0
128 2 N3 N3 115 0.900 1
128 3 N3 N2 96 0.900 0
128 4 N5 N3 68 32.550 0
128 5 N5 N2 119 32.550 1
128 6 N5 N5 55 32.550 0
128 7 N2 N3 57 0.890 0
128 8 N2 N5 0 0.890 0
128 9 N2 N2 197 0.890 1
128 10 N4 N5 0 0.890 0
128 11 N4 N3 56 0.890 1
128 12 N4 N2 51 0.890 0
129 1 N3 N5 0 0.450 0
129 2 N3 N3 115 0.450 1
129 3 N3 N2 93 0.450 0
129 4 N5 N3 68 33.640 0
129 5 N5 N2 119 33.640 1
129 6 N5 N5 55 33.640 0
129 7 N2 N3 57 0.440 0
129 8 N2 N5 0 0.440 0
129 9 N2 N2 203 0.440 1
129 10 N4 N5 0 1.980 0
129 11 N4 N3 56 1.980 1
129 12 N4 N2 51 1.980 0
130 1 N3 N5 0 1.540 0
130 2 N3 N3 115 1.540 1
130 3 N3 N2 93 1.540 0
130 4 N5 N3 68 34.730 0
130 5 N5 N2 119 34.730 1
130 6 N5 N5 55 34.730 0
130 7 N2 N3 57 0.590 0
130 8 N2 N5 0 0.590 0
130 9 N2 N2 203 0.590 1
130 10 N4 N5 0 0.590 0
130 11 N4 N3 58 0.590 1
130 12 N4 N2 48 0.590 0
131 1 N3 N5 0 0.250 0
131 2 N3 N3 122 0.250 1
131 3 N3 N2 79 0.250 0
131 4 N5 N3 68 35.820 0
131 5 N5 N2 119 35.820 1
131 6 N5 N5 55 35.820 0
131 7 N2 N3 57 0.850 0
131 8 N2 N5 0 0.850 0
131 9 N2 N2 208 0.850 1
131 10 N4 N5 0 1.680 0
131 11 N4 N3 58 1.680 1
131 12 N4 N2 48 1.680 0
132 1 N3 N5 0 0.040 0
132 2 N3 N3 122 0.040 1
132 3 N3 N2 79 0.040 0
132 4 N5 N3 68 36.910 0
132 5 N5 N2 119 36.910 1
132 6 N5 N5 55 36.910 0
132 7 N2 N3 0 0.030 0
132 8 N2 N5 0 0.030 0
132 9 N2 N2 213 0.030 1
132 10 N4 N5 0 2.770 0
132 11 N4 N3 58 2.770 1
132 12 N4 N2 48 2.770 0
133 1 N3 N5 0 0.020 0
133 2 N3 N3 124 0.020 1
133 3 N3 N2 79 0.020 0
133 4 N5 N3 68 38.000 0
133 5 N5 N2 119 38.000 1
133 6 N5 N5 55 38.000 0
133 7 N2 N3 0 0.420 0
133 8 N2 N5 0 0.420 0
133 9 N2 N2 213 0.420 1
133 10 N4 N5 0 0.420 0
133 11 N4 N3 60 0.420 1
133 12 N4 N2 48 0.420 0
134 1 N3 N5 0 0.430 0
134 2 N3 N3 128 0.430 1
134 3 N3 N2 80 0.430 0
134 4 N5 N3 68 39.100 0
134 5 N5 N2 119 39.100 1
134 6 N5 N5 55 39.100 0
134 7 N2 N3 0 0.430 0
134 8 N2 N5 0 0.430 0
134 9 N2 N2 217 0.430 1
134 10 N4 N5 0 1.520 0
134 11 N4 N3 60 1.520 1
134 12 N4 N2 48 1.520 0
135 1 N3 N5 0 0.460 0
135 2 N3 N3 138 0.460 1
135 3 N3 N2 80 0.460 0
135 4 N5 N3 68 40.190 0
135 5 N5 N2 119 40.190 1
135 6 N5 N5 55 40.190 0
135 7 N2 N3 88 0.470 0
135 8 N2 N5 0 0.470 0
135 9 N2 N2 217 0.470 1
135 10 N4 N5 0 0.320 0
135 11 N4 N3 65 0.320 1
135 12 N4 N2 46 0.320 0
136 1 N3 N5 0 0.160 0
136 2 N3 N3 143 0.160 1
136 3 N3 N2 83 0.160 0
136 4 N5 N3 68 41.350 0
136 5 N5 N2 119 41.350 1
136 6 N5 N5 55 41.350 0
136 7 N2 N3 93 0.680 0
136 8 N2 N5 0 0.680 0
136 9 N2 N2 219 0.680 1
136 10 N4 N5 0 0.020 0
136 11 N4 N3 68 0.020 1
136 12 N4 N2 46 0.020 0
137 1 N3 N5 0 0.440 0
137 2 N3 N3 146 0.440 1
137 3 N3 N2 83 0.440 0
137 4 N5 N3 62 0.170 0
137 5 N5 N2 119 0.170 1
137 6 N5 N5 52 0.170 0
137 7 N2 N3 93 0.050 0
137 8 N2 N5 0 0.050 0
137 9 N2 N2 219 0.050 1
137 10 N4 N5 0 0.610 0
137 11 N4 N3 71 0.610 1
137 12 N4 N2 46 0.610 0
138 1 N3 N5 0 0.490 0
138 2 N3 N3 151 0.490 1
138 3 N3 N2 92 0.490 0
138 4 N5 N3 62 1.260 0
138 5 N5 N2 119 1.260 1
138 6 N5 N5 52 1.260 0
138 7 N2 N3 93 0.620 0
138 8 N2 N5 0 0.620 0
138 9 N2 N2 220 0.620 1
138 10 N4 N5 0 0.680 0
138 11 N4 N3 74 0.680 1
138 12 N4 N2 49 0.680 0
139 1 N3 N5 0 0.420 0
139 2 N3 N3 153 0.420 1
139 3 N3 N2 97 0.420 0
139 4 N5 N3 62 2.350 0
139 5 N5 N2 119 2.350 1
139 6 N5 N5 52 2.350 0
139 7 N2 N3 97 0.310 0
139 8 N2 N5 0 0.310 0
139 9 N2 N2 220 0.310 1
139 10 N4 N5 0 0.200 0
139 11 N4 N3 78 0.200 1
139 12 N4 N2 47 0.200 0
140 1 N3 N5 0 0.000 0
140 2 N3 N3 156 0.000 1
140 3 N3 N2 99 0.000 0
140 4 N5 N3 62 3.440 0
140 5 N5 N2 119 3.440 1
140 6 N5 N5 52 3.440 0
140 7 N2 N3 97 0.010 0
140 8 N2 N5 0 0.010 0
140 9 N2 N2 220 0.010 1
140 10 N4 N5 0 1.290 0
140 11 N4 N3 78 1.290 1
140 12 N4 N2 47 1.290 0
141 1 N3 N5 0 0.170 0
141 2 N3 N3 159 0.170 1
141 3 N3 N2 104 0.170 0
141 4 N5 N3 62 4.530 0
141 5 N5 N2 119 4.530 1
141 6 N5 N5 52 4.530 0
141 7 N2 N3 97 1.080 0
141 8 N2 N5 0 1.080 0
141 9 N2 N2 221 1.080 1
141 10 N4 N5 0 2.380 0
141 11 N4 N3 78 2.380 1
141 12 N4 N2 47 2.380 0
142 1 N3 N5 0 0.290 0
142 2 N3 N3 161 0.290 1
142 3 N3 N2 102 0.290 0
142 4 N5 N3 62 5.620 0
142 5 N5 N2 119 5.620 1
142 6 N5 N5 52 5.620 0
142 7 N2 N3 103 0.180 0
142 8 N2 N5 0 0.180 0
142 9 N2 N2 220 0.180 1
142 10 N4 N5 0 3.470 0
142 11 N4 N3 78 3.470 1
142 12 N4 N2 47 3.470 0
143 1 N3 N5 0 1.380 0
143 2 N3 N3 161 1.380 1
143 3 N3 N2 102 1.380 0
143 4 N5 N3 62 6.710 0
143 5 N5 N2 119 6.710 1
143 6 N5 N5 52 6.710 0
143 7 N2 N3 103 1.270 0
143 8 N2 N5 0 1.270 0
143 9 N2 N2 220 1.270 1
143 10 N4 N5 0 0.360 0
143 11 N4 N3 80 0.360 1
143 12 N4 N2 47 0.360 0
144 1 N3 N5 0 0.330 0
144 2 N3 N3 162 0.330 1
144 3 N3 N2 97 0.330 0
144 4 N5 N3 62 7.810 0
144 5 N5 N2 119 7.810 1
144 6 N5 N5 52 7.810 0
144 7 N2 N3 101 0.320 0
144 8 N2 N5 0 0.320 0
144 9 N2 N2 219 0.320 1
144 10 N4 N5 0 1.460 0
144 11 N4 N3 80 1.460 1
144 12 N4 N2 47 1.460 0
145 1 N3 N5 0 1.420 0
145 2 N3 N3 162 1.420 1
145 3 N3 N2 97 1.420 0
145 4 N5 N3 62 8.900 0
145 5 N5 N2 119 8.900 1
145 6 N5 N5 52 8.900 0
145 7 N2 N3 101 1.410 0
145 8 N2 N5 0 1.410 0
145 9 N2 N2 219 1.410 1
145 10 N4 N5 0 2.550 0
145 11 N4 N3 80 2.550 1
145 12 N4 N2 47 2.550 0
146 1 N3 N5 0 0.240 0
146 2 N3 N3 164 0.240 1
146 3 N3 N2 94 0.240 0
146 4 N5 N3 62 9.990 0
146 5 N5 N2 119 9.990 1
146 6 N5 N5 52 9.990 0
146 7 N2 N3 100 0.240 0
146 8 N2 N5 0 0.240 0
146 9 N2 N2 220 0.240 1
146 10 N4 N5 0 3.640 0
146 11 N4 N3 80 3.640 1
146 12 N4 N2 47 3.640 0
147 1 N3 N5 0 0.550 0
147 2 N3 N3 164 0.550 1
147 3 N3 N2 93 0.550 0
147 4 N5 N3 62 11.080 0
147 5 N5 N2 119 11.080 1
147 6 N5 N5 52 11.080 0
147 7 N2 N3 100 1.330 0
147 8 N2 N5 0 1.330 0
147 9 N2 N2 220 1.330 1
147 10 N4 N5 0 4.730 0
147 11 N4 N3 80 4.730 1
147 12 N4 N2 47 4.730 0
148 1 N3 N5 0 0.500 0
148 2 N3 N3 164 0.500 1
148 3 N3 N2 92 0.500 0
148 4 N5 N3 61 0.620 0
148 5 N5 N2 118 0.620 1
148 6 N5 N5 52 0.620 0
148 7 N2 N3 101 0.020 0
148 8 N2 N5 0 0.020 0
148 9 N2 N2 222 0.020 1
148 10 N4 N5 0 0.100 0
148 11 N4 N3 83 0.100 1
148 12 N4 N2 46 0.100 0
149 1 N3 N5 0 0.040 0
149 2 N3 N3 161 0.040 1
149 3 N3 N2 94 0.040 0
149 4 N5 N3 59 0.080 0
149 5 N5 N2 94 0.080 1
149 6 N5 N5 46 0.080 0
149 7 N2 N3 109 0.080 0
149 8 N2 N5 0 0.080 0
149 9 N2 N2 223 0.080 1
149 10 N4 N5 0 1.180 0
149 11 N4 N3 83 1.180 1
149 12 N4 N2 46 1.180 0
150 1 N3 N5 0 0.120 0
150 2 N3 N3 154 0.120 1
150 3 N3 N2 99 0.120 0
150 4 N5 N3 58 0.230 1
150 5 N5 N2 56 0.230 0
150 6 N5 N5 46 0.230 0
150 7 N2 N3 107 0.050 0
150 8 N2 N5 0 0.050 0
150 9 N2 N2 226 0.050 1
150 10 N4 N5 0 2.300 0
150 11 N4 N3 83 2.300 1
150 12 N4 N2 46 2.300 0
151 1 N3 N5 0 0.210 0
151 2 N3 N3 153 0.210 1
151 3 N3 N2 102 0.210 0
151 4 N5 N3 58 1.320 1
151 5 N5 N2 56 1.320 0
151 6 N5 N5 46 1.320 0
151 7 N2 N3 107 0.230 0
151 8 N2 N5 0 0.230 0
151 9 N2 N2 227 0.230 1
151 10 N4 N5 0 0.360 0
151 11 N4 N3 84 0.360 1
151 12 N4 N2 0 0.360 0
152 1 N3 N5 0 0.290 0
152 2 N3 N3 151 0.290 1
152 3 N3 N2 108 0.290 0
152 4 N5 N3 57 0.900 1
152 5 N5 N2 56 0.900 0
152 6 N5 N5 46 0.900 0
152 7 N2 N3 107 0.190 0
152 8 N2 N5 0 0.190 0
152 9 N2 N2 229 0.190 1
152 10 N4 N5 0 1.450 0
152 11 N4 N3 84 1.450 1
152 12 N4 N2 0 1.450 0
153 1 N3 N5 0 0.390 0
153 2 N3 N3 148 0.390 1
153 3 N3 N2 112 0.390 0
153 4 N5 N3 57 1.990 1
153 5 N5 N2 56 1.990 0
153 6 N5 N5 46 1.990 0
153 7 N2 N3 107 0.360 0
153 8 N2 N5 0 0.360 0
153 9 N2 N2 229 0.360 1
153 10 N4 N5 0 2.540 0
153 11 N4 N3 84 2.540 1
153 12 N4 N2 0 2.540 0
154 1 N3 N5 0 0.480 0
154 2 N3 N3 148 0.480 1
154 3 N3 N2 113 0.480 0
154 4 N5 N3 57 0.520 1
154 5 N5 N2 56 0.520 0
154 6 N5 N5 46 0.520 0
154 7 N2 N3 107 0.420 0
154 8 N2 N5 0 0.420 0
154 9 N2 N2 229 0.420 1
154 10 N4 N5 0 0.550 0
154 11 N4 N3 87 0.550 1
154 12 N4 N2 0 0.550 0
155 1 N3 N5 0 0.550 0
155 2 N3 N3 148 0.550 1
155 3 N3 N2 115 0.550 0
155 4 N5 N3 57 0.080 1
155 5 N5 N2 56 0.080 0
155 6 N5 N5 0 0.080 0
155 7 N2 N3 107 0.480 0
155 8 N2 N5 0 0.480 0
155 9 N2 N2 228 0.480 1
155 10 N4 N5 0 1.640 0
155 11 N4 N3 87 1.640 1
155 12 N4 N2 0 1.640 0
156 1 N3 N5 0 0.120 0
156 2 N3 N3 140 0.120 1
156 3 N3 N2 115 0.120 0
156 4 N5 N3 57 1.180 1
156 5 N5 N2 56 1.180 0
156 6 N5 N5 0 1.180 0
156 7 N2 N3 107 0.080 0
156 8 N2 N5 0 0.080 0
156 9 N2 N2 227 0.080 1
156 10 N4 N5 0 0.200 0
156 11 N4 N3 89 0.200 1
156 12 N4 N2 0 0.200 0
157 1 N3 N5 0 1.210 0
157 2 N3 N3 140 1.210 1
157 3 N3 N2 115 1.210 0
157 4 N5 N3 57 2.270 1
157 5 N5 N2 56 2.270 0
157 6 N5 N5 0 2.270 0
157 7 N2 N3 102 0.150 0
157 8 N2 N5 0 0.150 0
157 9 N2 N2 225 0.150 1
157 10 N4 N5 0 1.290 0
157 11 N4 N3 89 1.290 1
157 12 N4 N2 0 1.290 0
158 1 N3 N5 0 0.290 0
158 2 N3 N3 137 0.290 1
158 3 N3 N2 115 0.290 0
158 4 N5 N3 57 0.310 1
158 5 N5 N2 56 0.310 0
158 6 N5 N5 0 0.310 0
158 7 N2 N3 97 0.240 0
158 8 N2 N5 0 0.240 0
158 9 N2 N2 224 0.240 1
158 10 N4 N5 0 0.340 0
158 11 N4 N3 90 0.340 1
158 12 N4 N2 0 0.340 0
159 1 N3 N5 0 0.240 0
159 2 N3 N3 132 0.240 1
159 3 N3 N2 116 0.240 0
159 4 N5 N3 57 1.390 1
159 5 N5 N2 56 1.390 0
159 6 N5 N5 0 1.390 0
159 7 N2 N3 88 0.280 0
159 8 N2 N5 0 0.280 0
159 9 N2 N2 223 0.280 1
159 10 N4 N5 0 1.420 0
159 11 N4 N3 90 1.420 1
159 12 N4 N2 0 1.420 0
160 1 N3 N5 0 0.280 0
160 2 N3 N3 126 0.280 1
160 3 N3 N2 116 0.280 0
160 4 N5 N3 57 2.480 1
160 5 N5 N2 56 2.480 0
160 6 N5 N5 0 2.480 0
160 7 N2 N3 82 0.210 0
160 8 N2 N5 0 0.210 0
160 9 N2 N2 221 0.210 1
160 10 N4 N5 0 2.510 0
160 11 N4 N3 90 2.510 1
160 12 N4 N2 0 2.510 0
161 1 N3 N5 0 0.550 0
161 2 N3 N3 118 0.550 1
161 3 N3 N2 116 0.550 0
161 4 N5 N3 57 3.570 1
161 5 N5 N2 56 3.570 0
161 6 N5 N5 0 3.570 0
161 7 N2 N3 79 0.300 0
161 8 N2 N5 0 0.300 0
161 9 N2 N2 220 0.300 1
161 10 N4 N5 0 3.600 0
161 11 N4 N3 90 3.600 1
161 12 N4 N2 0 3.600 0
162 1 N3 N5 0 0.000 0
162 2 N3 N3 116 0.000 0
162 3 N3 N2 116 0.000 1
162 4 N5 N3 57 0.140 1
162 5 N5 N2 35 0.140 0
162 6 N5 N5 0 0.140 0
162 7 N2 N3 78 0.020 0
162 8 N2 N5 0 0.020 0
162 9 N2 N2 219 0.020 1
162 10 N4 N5 0 0.060 0
162 11 N4 N3 90 0.060 1
162 12 N4 N2 0 0.060 0
163 1 N3 N5 0 0.090 0
163 2 N3 N3 116 0.090 0
163 3 N3 N2 116 0.090 1
163 4 N5 N3 57 0.070 1
163 5 N5 N2 50 0.070 0
163 6 N5 N5 0 0.070 0
163 7 N2 N3 75 0.520 0
163 8 N2 N5 0 0.520 0
163 9 N2 N2 218 0.520 1
163 10 N4 N5 0 0.130 0
163 11 N4 N3 90 0.130 1
163 12 N4 N2 0 0.130 0
164 1 N3 N5 0 0.130 0
164 2 N3 N3 111 0.130 0
164 3 N3 N2 117 0.130 1
164 4 N5 N3 57 0.030 0
164 5 N5 N2 58 0.030 1
164 6 N5 N5 0 0.030 0
164 7 N2 N3 75 0.140 0
164 8 N2 N5 4 0.140 0
164 9 N2 N2 217 0.140 1
164 10 N4 N5 0 0.140 0
164 11 N4 N3 89 0.140 1
164 12 N4 N2 82 0.140 0
165 1 N3 N5 6 0.250 0
165 2 N3 N3 110 0.250 0
165 3 N3 N2 117 0.250 1
165 4 N5 N3 58 0.220 0
165 5 N5 N2 67 0.220 1
165 6 N5 N5 11 0.220 0
165 7 N2 N3 75 0.220 0
165 8 N2 N5 4 0.220 0
165 9 N2 N2 216 0.220 1
165 10 N4 N5 0 0.820 0
165 11 N4 N3 89 0.820 1
165 12 N4 N2 82 0.820 0
166 1 N3 N5 6 0.340 0
166 2 N3 N3 106 0.340 0
166 3 N3 N2 116 0.340 1
166 4 N5 N3 65 0.180 0
166 5 N5 N2 83 0.180 1
166 6 N5 N5 11 0.180 0
166 7 N2 N3 72 0.280 0
166 8 N2 N5 4 0.280 0
166 9 N2 N2 215 0.280 1
166 10 N4 N5 0 0.780 0
166 11 N4 N3 88 0.780 1
166 12 N4 N2 82 0.780 0
167 1 N3 N5 10 0.400 0
167 2 N3 N3 107 0.400 0
167 3 N3 N2 116 0.400 1
167 4 N5 N3 70 0.340 0
167 5 N5 N2 83 0.340 1
167 6 N5 N5 11 0.340 0
167 7 N2 N3 72 0.110 0
167 8 N2 N5 6 0.110 0
167 9 N2 N2 215 0.110 1
167 10 N4 N5 0 1.870 0
167 11 N4 N3 88 1.870 1
167 12 N4 N2 82 1.870 0
168 1 N3 N5 12 0.100 0
168 2 N3 N3 107 0.100 0
168 3 N3 N2 116 0.100 1
168 4 N5 N3 75 0.100 0
168 5 N5 N2 84 0.100 1
168 6 N5 N5 14 0.100 0
168 7 N2 N3 72 0.100 0
168 8 N2 N5 6 0.100 0
168 9 N2 N2 215 0.100 1
168 10 N4 N5 19 0.410 0
168 11 N4 N3 86 0.410 0
168 12 N4 N2 87 0.410 1
169 1 N3 N5 13 0.030 0
169 2 N3 N3 108 0.030 0
169 3 N3 N2 121 0.030 1
169 4 N5 N3 78 0.180 0
169 5 N5 N2 87 0.180 1
169 6 N5 N5 21 0.180 0
169 7 N2 N3 71 0.180 0
169 8 N2 N5 9 0.180 0
169 9 N2 N2 216 0.180 1
169 10 N4 N5 19 0.980 0
169 11 N4 N3 83 0.980 0
169 12 N4 N2 89 0.980 1
170 1 N3 N5 13 0.090 0
170 2 N3 N3 108 0.090 0
170 3 N3 N2 122 0.090 1
170 4 N5 N3 78 1.040 0
170 5 N5 N2 87 1.040 1
170 6 N5 N5 21 1.040 0
170 7 N2 N3 71 0.000 0
170 8 N2 N5 11 0.000 0
170 9 N2 N2 217 0.000 1
170 10 N4 N5 19 1.040 0
170 11 N4 N3 80 1.040 0
170 12 N4 N2 92 1.040 1
171 1 N3 N5 22 0.120 0
171 2 N3 N3 112 0.120 0
171 3 N3 N2 125 0.120 1
171 4 N5 N3 82 0.050 0
171 5 N5 N2 89 0.050 1
171 6 N5 N5 34 0.050 0
171 7 N2 N3 71 0.050 0
171 8 N2 N5 11 0.050 0
171 9 N2 N2 218 0.050 1
171 10 N4 N5 30 0.050 0
171 11 N4 N3 77 0.050 0
171 12 N4 N2 93 0.050 1
172 1 N3 N5 26 0.180 0
172 2 N3 N3 112 0.180 0
172 3 N3 N2 125 0.180 1
172 4 N5 N3 82 0.140 0
172 5 N5 N2 97 0.140 1
172 6 N5 N5 36 0.140 0
172 7 N2 N3 71 0.120 0
172 8 N2 N5 11 0.120 0
172 9 N2 N2 219 0.120 1
172 10 N4 N5 30 0.420 0
172 11 N4 N3 77 0.420 0
172 12 N4 N2 93 0.420 1
173 1 N3 N5 28 0.160 0
173 2 N3 N3 112 0.160 0
173 3 N3 N2 130 0.160 1
173 4 N5 N3 83 0.180 0
173 5 N5 N2 103 0.180 1
173 6 N5 N5 47 0.180 0
173 7 N2 N3 72 0.180 0
173 8 N2 N5 12 0.180 0
173 9 N2 N2 219 0.180 1
173 10 N4 N5 30 0.700 0
173 11 N4 N3 77 0.700 0
173 12 N4 N2 96 0.700 1
174 1 N3 N5 31 0.290 0
174 2 N3 N3 112 0.290 0
174 3 N3 N2 130 0.290 1
174 4 N5 N3 83 1.260 0
174 5 N5 N2 103 1.260 1
174 6 N5 N5 47 1.260 0
174 7 N2 N3 69 0.130 0
174 8 N2 N5 14 0.130 0
174 9 N2 N2 220 0.130 1
174 10 N4 N5 30 0.310 0
174 11 N4 N3 77 0.310 0
174 12 N4 N2 96 0.310 1
175 1 N3 N5 35 0.350 0
175 2 N3 N3 103 0.350 0
175 3 N3 N2 129 0.350 1
175 4 N5 N3 87 0.300 0
175 5 N5 N2 101 0.300 1
175 6 N5 N5 47 0.300 0
175 7 N2 N3 66 0.180 0
175 8 N2 N5 14 0.180 0
175 9 N2 N2 220 0.180 1
175 10 N4 N5 30 0.190 0
175 11 N4 N3 77 0.190 0
175 12 N4 N2 96 0.190 1
176 1 N3 N5 39 0.400 0
176 2 N3 N3 103 0.400 0
176 3 N3 N2 127 0.400 1
176 4 N5 N3 83 0.270 0
176 5 N5 N2 101 0.270 1
176 6 N5 N5 50 0.270 0
176 7 N2 N3 67 0.380 0
176 8 N2 N5 30 0.380 0
176 9 N2 N2 219 0.380 1
176 10 N4 N5 30 0.890 0
176 11 N4 N3 77 0.890 0
176 12 N4 N2 96 0.890 1
177 1 N3 N5 39 0.090 0
177 2 N3 N3 100 0.090 0
177 3 N3 N2 126 0.090 1
177 4 N5 N3 83 1.360 0
177 5 N5 N2 101 1.360 1
177 6 N5 N5 50 1.360 0
177 7 N2 N3 67 0.300 0
177 8 N2 N5 30 0.300 0
177 9 N2 N2 218 0.300 1
177 10 N4 N5 30 0.680 0
177 11 N4 N3 76 0.680 0
177 12 N4 N2 97 0.680 1
178 1 N3 N5 44 0.070 0
178 2 N3 N3 100 0.070 0
178 3 N3 N2 125 0.070 1
178 4 N5 N3 79 0.000 0
178 5 N5 N2 99 0.000 1
178 6 N5 N5 60 0.000 0
178 7 N2 N3 66 0.240 0
178 8 N2 N5 30 0.240 0
178 9 N2 N2 216 0.240 1
178 10 N4 N5 30 1.780 0
178 11 N4 N3 76 1.780 0
178 12 N4 N2 97 1.780 1
179 1 N3 N5 47 0.170 0
179 2 N3 N3 99 0.170 0
179 3 N3 N2 123 0.170 1
179 4 N5 N3 78 0.060 0
179 5 N5 N2 96 0.060 1
179 6 N5 N5 62 0.060 0
179 7 N2 N3 66 0.030 0
179 8 N2 N5 30 0.030 0
179 9 N2 N2 214 0.030 1
179 10 N4 N5 30 2.890 0
179 11 N4 N3 76 2.890 0
179 12 N4 N2 97 2.890 1
180 1 N3 N5 47 0.290 0
180 2 N3 N3 99 0.290 0
180 3 N3 N2 123 0.290 1
180 4 N5 N3 78 1.220 0
180 5 N5 N2 96 1.220 1
180 6 N5 N5 62 1.220 0
180 7 N2 N3 66 0.150 0
180 8 N2 N5 30 0.150 0
180 9 N2 N2 212 0.150 1
180 10 N4 N5 30 4.050 0
180 11 N4 N3 76 4.050 0
180 12 N4 N2 97 4.050 1
181 1 N3 N5 47 0.320 0
181 2 N3 N3 98 0.320 0
181 3 N3 N2 122 0.320 1
181 4 N5 N3 78 0.210 0
181 5 N5 N2 95 0.210 1
181 6 N5 N5 63 0.210 0
181 7 N2 N3 67 0.210 0
181 8 N2 N5 30 0.210 0
181 9 N2 N2 211 0.210 1
181 10 N4 N5 30 0.940 0
181 11 N4 N3 77 0.940 0
181 12 N4 N2 96 0.940 1
182 1 N3 N5 47 1.420 0
182 2 N3 N3 98 1.420 0
182 3 N3 N2 122 1.420 1
182 4 N5 N3 78 1.310 0
182 5 N5 N2 95 1.310 1
182 6 N5 N5 63 1.310 0
182 7 N2 N3 66 0.160 0
182 8 N2 N5 30 0.160 0
182 9 N2 N2 210 0.160 1
182 10 N4 N5 30 2.040 0
182 11 N4 N3 77 2.040 0
182 12 N4 N2 96 2.040 1
183 1 N3 N5 54 0.040 0
183 2 N3 N3 98 0.040 0
183 3 N3 N2 120 0.040 1
183 4 N5 N3 79 0.430 0
183 5 N5 N2 90 0.430 1
183 6 N5 N5 64 0.430 0
183 7 N2 N3 66 0.390 0
183 8 N2 N5 30 0.390 0
183 9 N2 N2 210 0.390 1
183 10 N4 N5 42 0.920 0
183 11 N4 N3 77 0.920 0
183 12 N4 N2 92 0.920 1
184 1 N3 N5 58 0.090 0
184 2 N3 N3 98 0.090 0
184 3 N3 N2 120 0.090 1
184 4 N5 N3 79 1.550 0
184 5 N5 N2 90 1.550 1
184 6 N5 N5 64 1.550 0
184 7 N2 N3 65 0.490 0
184 8 N2 N5 0 0.490 0
184 9 N2 N2 210 0.490 1
184 10 N4 N5 42 0.170 0
184 11 N4 N3 79 0.170 0
184 12 N4 N2 91 0.170 1
185 1 N3 N5 58 0.180 0
185 2 N3 N3 98 0.180 0
185 3 N3 N2 118 0.180 1
185 4 N5 N3 79 0.420 0
185 5 N5 N2 88 0.420 1
185 6 N5 N5 66 0.420 0
185 7 N2 N3 65 0.040 0
185 8 N2 N5 0 0.040 0
185 9 N2 N2 210 0.040 1
185 10 N4 N5 0 0.250 0
185 11 N4 N3 78 0.250 0
185 12 N4 N2 88 0.250 1
186 1 N3 N5 67 0.270 0
186 2 N3 N3 98 0.270 0
186 3 N3 N2 119 0.270 1
186 4 N5 N3 77 0.450 0
186 5 N5 N2 89 0.450 1
186 6 N5 N5 72 0.450 0
186 7 N2 N3 66 0.070 0
186 8 N2 N5 0 0.070 0
186 9 N2 N2 211 0.070 1
186 10 N4 N5 0 1.340 0
186 11 N4 N3 78 1.340 0
186 12 N4 N2 88 1.340 1
187 1 N3 N5 69 0.190 0
187 2 N3 N3 98 0.190 0
187 3 N3 N2 121 0.190 1
187 4 N5 N3 78 0.070 0
187 5 N5 N2 92 0.070 1
187 6 N5 N5 82 0.070 0
187 7 N2 N3 67 0.110 0
187 8 N2 N5 56 0.110 0
187 9 N2 N2 213 0.110 1
187 10 N4 N5 0 0.770 0
187 11 N4 N3 78 0.770 0
187 12 N4 N2 89 0.770 1
188 1 N3 N5 73 0.390 0
188 2 N3 N3 98 0.390 0
188 3 N3 N2 121 0.390 1
188 4 N5 N3 77 0.270 0
188 5 N5 N2 99 0.270 1
188 6 N5 N5 89 0.270 0
188 7 N2 N3 67 0.230 0
188 8 N2 N5 60 0.230 0
188 9 N2 N2 215 0.230 1
188 10 N4 N5 67 0.400 0
188 11 N4 N3 79 0.400 0
188 12 N4 N2 89 0.400 1
189 1 N3 N5 77 0.240 0
189 2 N3 N3 98 0.240 0
189 3 N3 N2 123 0.240 1
189 4 N5 N3 76 0.560 0
189 5 N5 N2 102 0.560 1
189 6 N5 N5 91 0.560 0
189 7 N2 N3 66 0.310 0
189 8 N2 N5 60 0.310 0
189 9 N2 N2 217 0.310 1
189 10 N4 N5 67 0.310 0
189 11 N4 N3 79 0.310 0
189 12 N4 N2 90 0.310 1
190 1 N3 N5 79 0.020 0
190 2 N3 N3 98 0.020 0
190 3 N3 N2 126 0.020 1
190 4 N5 N3 75 0.010 0
190 5 N5 N2 113 0.010 1
190 6 N5 N5 97 0.010 0
190 7 N2 N3 66 0.010 0
190 8 N2 N5 60 0.010 0
190 9 N2 N2 219 0.010 1
190 10 N4 N5 66 0.010 0
190 11 N4 N3 80 0.010 0
190 12 N4 N2 93 0.010 1
191 1 N3 N5 79 0.630 0
191 2 N3 N3 98 0.630 0
191 3 N3 N2 128 0.630 1
191 4 N5 N3 75 0.240 0
191 5 N5 N2 119 0.240 1
191 6 N5 N5 97 0.240 0
191 7 N2 N3 70 0.110 0
191 8 N2 N5 60 0.110 0
191 9 N2 N2 220 0.110 1
191 10 N4 N5 66 1.100 0
191 11 N4 N3 80 1.100 0
191 12 N4 N2 93 1.100 1
192 1 N3 N5 84 0.220 0
192 2 N3 N3 99 0.220 0
192 3 N3 N2 130 0.220 1
192 4 N5 N3 75 0.220 0
192 5 N5 N2 121 0.220 1
192 6 N5 N5 99 0.220 0
192 7 N2 N3 71 0.390 0
192 8 N2 N5 66 0.390 0
192 9 N2 N2 222 0.390 1
192 10 N4 N5 69 0.140 0
192 11 N4 N3 83 0.140 0
192 12 N4 N2 101 0.140 1
193 1 N3 N5 86 0.290 0
193 2 N3 N3 102 0.290 0
193 3 N3 N2 131 0.290 1
193 4 N5 N3 75 0.270 0
193 5 N5 N2 125 0.270 1
193 6 N5 N5 100 0.270 0
193 7 N2 N3 76 0.050 0
193 8 N2 N5 68 0.050 0
193 9 N2 N2 224 0.050 1
193 10 N4 N5 72 0.220 0
193 11 N4 N3 83 0.220 0
193 12 N4 N2 105 0.220 1
194 1 N3 N5 88 0.380 0
194 2 N3 N3 106 0.380 0
194 3 N3 N2 129 0.380 1
194 4 N5 N3 75 0.360 0
194 5 N5 N2 130 0.360 1
194 6 N5 N5 106 0.360 0
194 7 N2 N3 76 0.160 0
194 8 N2 N5 71 0.160 0
194 9 N2 N2 225 0.160 1
194 10 N4 N5 73 0.300 0
194 11 N4 N3 84 0.300 0
194 12 N4 N2 105 0.300 1
195 1 N3 N5 90 0.450 0
195 2 N3 N3 106 0.450 0
195 3 N3 N2 129 0.450 1
195 4 N5 N3 74 0.430 0
195 5 N5 N2 132 0.430 1
195 6 N5 N5 111 0.430 0
195 7 N2 N3 80 0.100 0
195 8 N2 N5 76 0.100 0
195 9 N2 N2 226 0.100 1
195 10 N4 N5 75 0.150 0
195 11 N4 N3 86 0.150 0
195 12 N4 N2 105 0.150 1
196 1 N3 N5 92 0.100 0
196 2 N3 N3 106 0.100 0
196 3 N3 N2 129 0.100 1
196 4 N5 N3 73 0.110 0
196 5 N5 N2 136 0.110 1
196 6 N5 N5 118 0.110 0
196 7 N2 N3 80 0.270 0
196 8 N2 N5 78 0.270 0
196 9 N2 N2 226 0.270 1
196 10 N4 N5 77 0.420 0
196 11 N4 N3 86 0.420 0
196 12 N4 N2 106 0.420 1
197 1 N3 N5 95 0.070 0
197 2 N3 N3 108 0.070 0
197 3 N3 N2 129 0.070 1
197 4 N5 N3 76 0.160 0
197 5 N5 N2 140 0.160 1
197 6 N5 N5 122 0.160 0
197 7 N2 N3 80 0.330 0
197 8 N2 N5 81 0.330 0
197 9 N2 N2 225 0.330 1
197 10 N4 N5 77 0.080 0
197 11 N4 N3 83 0.080 0
197 12 N4 N2 105 0.080 1
198 1 N3 N5 94 0.300 0
198 2 N3 N3 109 0.300 0
198 3 N3 N2 128 0.300 1
198 4 N5 N3 76 0.130 0
198 5 N5 N2 140 0.130 1
198 6 N5 N5 128 0.130 0
198 7 N2 N3 77 0.300 0
198 8 N2 N5 86 0.300 0
198 9 N2 N2 225 0.300 1
198 10 N4 N5 75 0.010 0
198 11 N4 N3 81 0.010 0
198 12 N4 N2 102 0.010 1
199 1 N3 N5 95 0.240 0
199 2 N3 N3 110 0.240 0
199 3 N3 N2 126 0.240 1
199 4 N5 N3 79 0.190 0
199 5 N5 N2 142 0.190 1
199 6 N5 N5 132 0.190 0
199 7 N2 N3 72 0.390 0
199 8 N2 N5 89 0.390 0
199 9 N2 N2 224 0.390 1
199 10 N4 N5 73 0.060 0
199 11 N4 N3 76 0.060 0
199 12 N4 N2 101 0.060 1
200 1 N3 N5 95 0.710 0
200 2 N3 N3 110 0.710 0
200 3 N3 N2 126 0.710 1
200 4 N5 N3 79 0.260 0
200 5 N5 N2 143 0.260 1
200 6 N5 N5 135 0.260 0
200 7 N2 N3 72 0.050 0
200 8 N2 N5 92 0.050 0
200 9 N2 N2 223 0.050 1
200 10 N4 N5 72 0.140 0
200 11 N4 N3 76 0.140 0
200 12 N4 N2 100 0.140 1
201 1 N3 N5 95 0.870 0
201 2 N3 N3 110 0.870 0
201 3 N3 N2 126 0.870 1
201 4 N5 N3 79 0.330 0
201 5 N5 N2 145 0.330 1
201 6 N5 N5 137 0.330 0
201 7 N2 N3 70 0.000 0
201 8 N2 N5 96 0.000 0
201 9 N2 N2 222 0.000 1
201 10 N4 N5 72 0.730 0
201 11 N4 N3 76 0.730 0
201 12 N4 N2 98 0.730 1
202 1 N3 N5 95 0.410 0
202 2 N3 N3 106 0.410 0
202 3 N3 N2 129 0.410 1
202 4 N5 N3 79 0.000 0
202 5 N5 N2 150 0.000 1
202 6 N5 N5 141 0.000 0
202 7 N2 N3 70 0.070 0
202 8 N2 N5 98 0.070 0
202 9 N2 N2 221 0.070 1
202 10 N4 N5 73 0.200 0
202 11 N4 N3 76 0.200 0
202 12 N4 N2 99 0.200 1
203 1 N3 N5 95 0.970 0
203 2 N3 N3 104 0.970 0
203 3 N3 N2 129 0.970 1
203 4 N5 N3 79 0.040 0
203 5 N5 N2 154 0.040 1
203 6 N5 N5 143 0.040 0
203 7 N2 N3 70 0.090 0
203 8 N2 N5 101 0.100 0
203 9 N2 N2 221 0.100 1
203 10 N4 N5 74 0.360 0
203 11 N4 N3 76 0.360 0
203 12 N4 N2 99 0.360 1
204 1 N3 N5 98 0.000 0
204 2 N3 N3 103 0.000 0
204 3 N3 N2 134 0.000 1
204 4 N5 N3 78 0.000 0
204 5 N5 N2 159 0.000 1
204 6 N5 N5 146 0.000 0
204 7 N2 N3 70 0.180 0
204 8 N2 N5 107 0.180 0
204 9 N2 N2 220 0.180 1
204 10 N4 N5 74 0.020 0
204 11 N4 N3 77 0.020 0
204 12 N4 N2 100 0.020 1
205 1 N3 N5 99 0.550 0
205 2 N3 N3 103 0.550 0
205 3 N3 N2 137 0.550 1
205 4 N5 N3 77 0.060 0
205 5 N5 N2 161 0.060 1
205 6 N5 N5 149 0.060 0
205 7 N2 N3 70 0.230 0
205 8 N2 N5 111 0.230 0
205 9 N2 N2 220 0.230 1
205 10 N4 N5 76 0.070 0
205 11 N4 N3 79 0.070 0
205 12 N4 N2 105 0.070 1
206 1 N3 N5 99 1.640 0
206 2 N3 N3 103 1.640 0
206 3 N3 N2 137 1.640 1
206 4 N5 N3 77 0.630 0
206 5 N5 N2 162 0.630 1
206 6 N5 N5 150 0.630 0
206 7 N2 N3 68 0.280 0
206 8 N2 N5 113 0.280 0
206 9 N2 N2 219 0.280 1
206 10 N4 N5 77 1.040 0
206 11 N4 N3 79 1.040 0
206 12 N4 N2 105 1.040 1
207 1 N3 N5 102 0.190 0
207 2 N3 N3 103 0.190 0
207 3 N3 N2 138 0.190 1
207 4 N5 N3 77 0.100 0
207 5 N5 N2 163 0.100 1
207 6 N5 N5 154 0.100 0
207 7 N2 N3 69 0.220 0
207 8 N2 N5 117 0.220 0
207 9 N2 N2 218 0.220 1
207 10 N4 N5 77 2.130 0
207 11 N4 N3 79 2.130 0
207 12 N4 N2 105 2.130 1
208 1 N3 N5 104 0.700 0
208 2 N3 N3 102 0.700 0
208 3 N3 N2 138 0.700 1
208 4 N5 N3 78 0.690 0
208 5 N5 N2 165 0.690 1
208 6 N5 N5 156 0.690 0
208 7 N2 N3 68 0.520 0
208 8 N2 N5 119 0.520 0
208 9 N2 N2 217 0.520 1
208 10 N4 N5 77 3.220 0
208 11 N4 N3 79 3.220 0
208 12 N4 N2 105 3.220 1
209 1 N3 N5 107 0.170 0
209 2 N3 N3 101 0.170 0
209 3 N3 N2 138 0.170 1
209 4 N5 N3 78 0.160 0
209 5 N5 N2 166 0.160 1
209 6 N5 N5 161 0.160 0
209 7 N2 N3 68 0.080 0
209 8 N2 N5 123 0.080 0
209 9 N2 N2 217 0.080 1
209 10 N4 N5 77 4.340 0
209 11 N4 N3 79 4.340 0
209 12 N4 N2 105 4.340 1
210 1 N3 N5 111 0.400 0
210 2 N3 N3 101 0.400 0
210 3 N3 N2 137 0.400 1
210 4 N5 N3 78 0.350 0
210 5 N5 N2 176 0.350 1
210 6 N5 N5 165 0.350 0
210 7 N2 N3 68 0.130 0
210 8 N2 N5 127 0.130 0
210 9 N2 N2 218 0.130 1
210 10 N4 N5 78 0.160 0
210 11 N4 N3 80 0.160 0
210 12 N4 N2 107 0.160 1
211 1 N3 N5 114 0.340 0
211 2 N3 N3 101 0.340 0
211 3 N3 N2 138 0.340 1
211 4 N5 N3 74 0.020 0
211 5 N5 N2 181 0.020 1
211 6 N5 N5 172 0.020 0
211 7 N2 N3 65 0.170 0
211 8 N2 N5 133 0.170 0
211 9 N2 N2 218 0.170 1
211 10 N4 N5 80 0.270 0
211 11 N4 N3 79 0.270 0
211 12 N4 N2 107 0.270 1
212 1 N3 N5 119 0.030 0
212 2 N3 N3 101 0.030 0
212 3 N3 N2 139 0.030 1
212 4 N5 N3 69 0.060 0
212 5 N5 N2 188 0.060 1
212 6 N5 N5 177 0.060 0
212 7 N2 N3 65 0.130 0
212 8 N2 N5 137 0.130 0
212 9 N2 N2 219 0.130 1
212 10 N4 N5 81 0.380 0
212 11 N4 N3 78 0.380 0
212 12 N4 N2 108 0.380 1
213 1 N3 N5 120 0.090 0
213 2 N3 N3 99 0.090 0
213 3 N3 N2 141 0.090 1
213 4 N5 N3 70 0.030 0
213 5 N5 N2 191 0.030 1
213 6 N5 N5 181 0.030 0
213 7 N2 N3 66 0.220 0
213 8 N2 N5 140 0.220 0
213 9 N2 N2 221 0.220 1
213 10 N4 N5 81 0.430 0
213 11 N4 N3 78 0.430 0
213 12 N4 N2 107 0.430 1
214 1 N3 N5 119 0.680 0
214 2 N3 N3 99 0.680 0
214 3 N3 N2 143 0.680 1
214 4 N5 N3 70 0.610 0
214 5 N5 N2 192 0.610 1
214 6 N5 N5 184 0.610 0
214 7 N2 N3 66 0.410 0
214 8 N2 N5 141 0.410 0
214 9 N2 N2 223 0.410 1
214 10 N4 N5 83 0.500 0
214 11 N4 N3 77 0.500 0
214 12 N4 N2 107 0.500 1
215 1 N3 N5 119 0.660 0
215 2 N3 N3 98 0.660 0
215 3 N3 N2 145 0.660 1
215 4 N5 N3 70 0.080 0
215 5 N5 N2 195 0.080 1
215 6 N5 N5 188 0.080 0
215 7 N2 N3 66 0.350 0
215 8 N2 N5 144 0.350 0
215 9 N2 N2 225 0.350 1
215 10 N4 N5 84 0.660 0
215 11 N4 N3 77 0.660 0
215 12 N4 N2 107 0.660 1
216 1 N3 N5 120 0.800 0
216 2 N3 N3 97 0.800 0
216 3 N3 N2 148 0.800 1
216 4 N5 N3 70 0.200 0
216 5 N5 N2 194 0.200 1
216 6 N5 N5 191 0.200 0
216 7 N2 N3 66 0.040 0
216 8 N2 N5 147 0.040 0
216 9 N2 N2 227 0.040 1
216 10 N4 N5 86 0.570 0
216 11 N4 N3 77 0.570 0
216 12 N4 N2 109 0.570 1
217 1 N3 N5 121 0.380 0
217 2 N3 N3 99 0.380 0
217 3 N3 N2 153 0.380 1
217 4 N5 N3 68 0.270 0
217 5 N5 N2 194 0.270 1
217 6 N5 N5 193 0.270 0
217 7 N2 N3 66 0.080 0
217 8 N2 N5 150 0.080 0
217 9 N2 N2 227 0.080 1
217 10 N4 N5 88 0.110 0
217 11 N4 N3 77 0.110 0
217 12 N4 N2 113 0.110 1
218 1 N3 N5 121 0.000 0
218 2 N3 N3 99 0.000 0
218 3 N3 N2 154 0.000 1
218 4 N5 N3 68 0.330 0
218 5 N5 N2 192 0.330 0
218 6 N5 N5 195 0.330 1
218 7 N2 N3 67 0.030 0
218 8 N2 N5 154 0.030 0
218 9 N2 N2 228 0.030 1
218 10 N4 N5 89 0.710 0
218 11 N4 N3 76 0.710 0
218 12 N4 N2 114 0.710 1
219 1 N3 N5 120 0.100 0
219 2 N3 N3 99 0.100 0
219 3 N3 N2 154 0.100 1
219 4 N5 N3 66 0.900 0
219 5 N5 N2 192 0.900 0
219 6 N5 N5 196 0.900 1
219 7 N2 N3 66 0.100 0
219 8 N2 N5 155 0.100 0
219 9 N2 N2 228 0.100 1
219 10 N4 N5 91 0.250 0
219 11 N4 N3 74 0.250 0
219 12 N4 N2 117 0.250 1
220 1 N3 N5 120 1.070 0
220 2 N3 N3 99 1.070 0
220 3 N3 N2 155 1.070 1
220 4 N5 N3 66 1.990 0
220 5 N5 N2 192 1.990 0
220 6 N5 N5 196 1.990 1
220 7 N2 N3 66 0.660 0
220 8 N2 N5 155 0.660 0
220 9 N2 N2 228 0.660 1
220 10 N4 N5 91 1.340 0
220 11 N4 N3 74 1.340 0
220 12 N4 N2 117 1.340 1
221 1 N3 N5 120 2.160 0
221 2 N3 N3 99 2.160 0
221 3 N3 N2 155 2.160 1
221 4 N5 N3 66 0.050 0
221 5 N5 N2 193 0.050 0
221 6 N5 N5 199 0.050 1
221 7 N2 N3 65 0.260 0
221 8 N2 N5 156 0.260 0
221 9 N2 N2 226 0.260 1
221 10 N4 N5 91 2.430 0
221 11 N4 N3 74 2.430 0
221 12 N4 N2 117 2.430 1
222 1 N3 N5 122 0.120 0
222 2 N3 N3 98 0.120 0
222 3 N3 N2 157 0.120 1
222 4 N5 N3 66 0.120 0
222 5 N5 N2 194 0.120 0
222 6 N5 N5 202 0.120 1
222 7 N2 N3 65 0.340 0
222 8 N2 N5 157 0.340 0
222 9 N2 N2 226 0.340 1
222 10 N4 N5 91 3.520 0
222 11 N4 N3 74 3.520 0
222 12 N4 N2 117 3.520 1
223 1 N3 N5 122 0.340 0
223 2 N3 N3 98 0.340 0
223 3 N3 N2 156 0.340 1
223 4 N5 N3 66 0.500 0
223 5 N5 N2 194 0.500 0
223 6 N5 N5 203 0.500 1
223 7 N2 N3 65 0.330 0
223 8 N2 N5 158 0.330 0
223 9 N2 N2 225 0.330 1
223 10 N4 N5 91 0.110 0
223 11 N4 N3 75 0.110 0
223 12 N4 N2 118 0.110 1
224 1 N3 N5 122 0.050 0
224 2 N3 N3 100 0.050 0
224 3 N3 N2 156 0.050 1
224 4 N5 N3 66 0.690 0
224 5 N5 N2 195 0.690 0
224 6 N5 N5 205 0.690 1
224 7 N2 N3 64 0.050 0
224 8 N2 N5 159 0.050 0
224 9 N2 N2 224 0.050 1
224 10 N4 N5 91 1.210 0
224 11 N4 N3 75 1.210 0
224 12 N4 N2 118 1.210 1
225 1 N3 N5 119 0.300 0
225 2 N3 N3 103 0.300 0
225 3 N3 N2 154 0.300 1
225 4 N5 N3 64 0.250 0
225 5 N5 N2 195 0.250 0
225 6 N5 N5 206 0.250 1
225 7 N2 N3 64 0.100 0
225 8 N2 N5 158 0.100 0
225 9 N2 N2 223 0.100 1
225 10 N4 N5 94 0.140 0
225 11 N4 N3 76 0.140 0
225 12 N4 N2 116 0.140 1
226 1 N3 N5 118 0.400 0
226 2 N3 N3 103 0.400 0
226 3 N3 N2 151 0.400 1
226 4 N5 N3 64 0.270 0
226 5 N5 N2 194 0.270 0
226 6 N5 N5 209 0.270 1
226 7 N2 N3 66 0.040 0
226 8 N2 N5 158 0.040 0
226 9 N2 N2 221 0.040 1
226 10 N4 N5 94 0.290 0
226 11 N4 N3 77 0.290 0
226 12 N4 N2 116 0.290 1
227 1 N3 N5 118 0.050 0
227 2 N3 N3 105 0.050 0
227 3 N3 N2 149 0.050 1
227 4 N5 N3 61 0.370 0
227 5 N5 N2 192 0.370 0
227 6 N5 N5 212 0.370 1
227 7 N2 N3 71 0.110 0
227 8 N2 N5 157 0.110 0
227 9 N2 N2 220 0.110 1
227 10 N4 N5 93 0.220 0
227 11 N4 N3 80 0.220 0
227 12 N4 N2 113 0.220 1
228 1 N3 N5 118 0.000 0
228 2 N3 N3 108 0.000 0
228 3 N3 N2 149 0.000 1
228 4 N5 N3 56 0.060 0
228 5 N5 N2 191 0.060 0
228 6 N5 N5 217 0.060 1
228 7 N2 N3 72 0.160 0
228 8 N2 N5 157 0.160 0
228 9 N2 N2 220 0.160 1
228 10 N4 N5 93 0.380 0
228 11 N4 N3 81 0.380 0
228 12 N4 N2 114 0.380 1
229 1 N3 N5 117 0.090 0
229 2 N3 N3 111 0.090 0
229 3 N3 N2 149 0.090 1
229 4 N5 N3 56 0.010 0
229 5 N5 N2 190 0.010 0
229 6 N5 N5 218 0.010 1
229 7 N2 N3 72 0.270 0
229 8 N2 N5 156 0.270 0
229 9 N2 N2 219 0.270 1
229 10 N4 N5 94 0.860 0
229 11 N4 N3 82 0.860 0
229 12 N4 N2 114 0.860 1
230 1 N3 N5 118 0.150 0
230 2 N3 N3 111 0.150 0
230 3 N3 N2 147 0.150 1
230 4 N5 N3 55 0.100 0
230 5 N5 N2 188 0.100 0
230 6 N5 N5 220 0.100 1
230 7 N2 N3 69 0.310 0
230 8 N2 N5 155 0.310 0
230 9 N2 N2 218 0.310 1
230 10 N4 N5 95 0.960 0
230 11 N4 N3 82 0.960 0
230 12 N4 N2 114 0.960 1
231 1 N3 N5 120 0.230 0
231 2 N3 N3 110 0.230 0
231 3 N3 N2 146 0.230 1
231 4 N5 N3 52 0.130 0
231 5 N5 N2 186 0.130 0
231 6 N5 N5 222 0.130 1
231 7 N2 N3 68 0.370 0
231 8 N2 N5 154 0.370 0
231 9 N2 N2 216 0.370 1
231 10 N4 N5 93 0.040 0
231 11 N4 N3 82 0.040 0
231 12 N4 N2 110 0.040 1
232 1 N3 N5 120 0.410 0
232 2 N3 N3 109 0.410 0
232 3 N3 N2 144 0.410 1
232 4 N5 N3 54 0.080 0
232 5 N5 N2 185 0.080 0
232 6 N5 N5 224 0.080 1
232 7 N2 N3 68 0.060 0
232 8 N2 N5 154 0.060 0
232 9 N2 N2 214 0.060 1
232 10 N4 N5 93 0.620 0
232 11 N4 N3 82 0.620 0
232 12 N4 N2 108 0.620 1
233 1 N3 N5 118 0.370 0
233 2 N3 N3 109 0.370 0
233 3 N3 N2 139 0.370 1
233 4 N5 N3 56 0.140 0
233 5 N5 N2 184 0.140 0
233 6 N5 N5 226 0.140 1
233 7 N2 N3 68 0.140 0
233 8 N2 N5 156 0.140 0
233 9 N2 N2 213 0.140 1
233 10 N4 N5 93 0.650 0
233 11 N4 N3 83 0.650 0
233 12 N4 N2 106 0.650 1
234 1 N3 N5 116 0.470 0
234 2 N3 N3 109 0.470 0
234 3 N3 N2 136 0.470 1
234 4 N5 N3 58 0.320 0
234 5 N5 N2 184 0.320 0
234 6 N5 N5 229 0.320 1
234 7 N2 N3 69 0.070 0
234 8 N2 N5 158 0.070 0
234 9 N2 N2 213 0.070 1
234 10 N4 N5 86 0.190 0
234 11 N4 N3 82 0.190 0
234 12 N4 N2 104 0.190 1
235 1 N3 N5 113 0.010 0
235 2 N3 N3 109 0.010 0
235 3 N3 N2 135 0.010 1
235 4 N5 N3 58 0.390 0
235 5 N5 N2 185 0.390 0
235 6 N5 N5 231 0.390 1
235 7 N2 N3 70 0.160 0
235 8 N2 N5 162 0.160 0
235 9 N2 N2 213 0.160 1
235 10 N4 N5 86 0.270 0
235 11 N4 N3 82 0.270 0
235 12 N4 N2 99 0.270 1
236 1 N3 N5 108 0.070 0
236 2 N3 N3 108 0.070 0
236 3 N3 N2 135 0.070 1
236 4 N5 N3 61 0.060 0
236 5 N5 N2 187 0.060 0
236 6 N5 N5 236 0.060 1
236 7 N2 N3 75 0.240 0
236 8 N2 N5 166 0.240 0
236 9 N2 N2 214 0.240 1
236 10 N4 N5 77 0.350 0
236 11 N4 N3 81 0.350 0
236 12 N4 N2 92 0.350 1
237 1 N3 N5 105 0.140 0
237 2 N3 N3 111 0.140 0
237 3 N3 N2 135 0.140 1
237 4 N5 N3 61 0.530 0
237 5 N5 N2 187 0.530 0
237 6 N5 N5 238 0.530 1
237 7 N2 N3 78 0.280 0
237 8 N2 N5 169 0.280 0
237 9 N2 N2 215 0.280 1
237 10 N4 N5 77 1.460 0
237 11 N4 N3 81 1.460 0
237 12 N4 N2 92 1.460 1
238 1 N3 N5 105 0.720 0
238 2 N3 N3 111 0.720 0
238 3 N3 N2 134 0.720 1
238 4 N5 N3 61 0.600 0
238 5 N5 N2 186 0.600 0
238 6 N5 N5 239 0.600 1
238 7 N2 N3 78 0.340 0
238 8 N2 N5 169 0.340 0
238 9 N2 N2 215 0.340 1
238 10 N4 N5 77 2.550 0
238 11 N4 N3 81 2.550 0
238 12 N4 N2 92 2.550 1
239 1 N3 N5 105 0.760 0
239 2 N3 N3 113 0.760 0
239 3 N3 N2 135 0.760 1
239 4 N5 N3 62 0.100 0
239 5 N5 N2 185 0.100 0
239 6 N5 N5 243 0.100 1
239 7 N2 N3 79 0.030 0
239 8 N2 N5 169 0.030 0
239 9 N2 N2 216 0.030 1
239 10 N4 N5 77 0.080 0
239 11 N4 N3 80 0.080 0
239 12 N4 N2 89 0.080 1
240 1 N3 N5 105 0.300 0
240 2 N3 N3 118 0.300 0
240 3 N3 N2 136 0.300 1
240 4 N5 N3 68 0.050 0
240 5 N5 N2 181 0.050 0
240 6 N5 N5 245 0.050 1
240 7 N2 N3 85 0.010 0
240 8 N2 N5 171 0.010 0
240 9 N2 N2 216 0.010 1
240 10 N4 N5 77 0.660 0
240 11 N4 N3 80 0.660 0
240 12 N4 N2 88 0.660 1
241 1 N3 N5 105 0.890 0
241 2 N3 N3 119 0.890 0
241 3 N3 N2 136 0.890 1
241 4 N5 N3 72 0.230 0
241 5 N5 N2 175 0.230 0
241 6 N5 N5 247 0.230 1
241 7 N2 N3 87 0.070 0
241 8 N2 N5 172 0.070 0
241 9 N2 N2 217 0.070 1
241 10 N4 N5 77 0.220 0
241 11 N4 N3 79 0.220 0
241 12 N4 N2 87 0.220 1
242 1 N3 N5 103 0.540 0
242 2 N3 N3 122 0.540 0
242 3 N3 N2 136 0.540 1
242 4 N5 N3 72 0.440 0
242 5 N5 N2 173 0.440 0
242 6 N5 N5 248 0.440 1
242 7 N2 N3 90 0.150 0
242 8 N2 N5 174 0.150 0
242 9 N2 N2 216 0.150 1
242 10 N4 N5 68 0.790 0
242 11 N4 N3 79 0.790 0
242 12 N4 N2 87 0.790 1
243 1 N3 N5 99 0.110 0
243 2 N3 N3 126 0.110 0
243 3 N3 N2 137 0.110 1
243 4 N5 N3 73 0.000 0
243 5 N5 N2 172 0.000 0
243 6 N5 N5 249 0.000 1
243 7 N2 N3 93 0.170 0
243 8 N2 N5 175 0.170 0
243 9 N2 N2 215 0.170 1
243 10 N4 N5 68 0.840 0
243 11 N4 N3 79 0.840 0
243 12 N4 N2 87 0.840 1
244 1 N3 N5 99 0.700 0
244 2 N3 N3 128 0.700 0
244 3 N3 N2 138 0.700 1
244 4 N5 N3 74 0.860 0
244 5 N5 N2 172 0.860 0
244 6 N5 N5 249 0.860 1
244 7 N2 N3 94 0.350 0
244 8 N2 N5 176 0.350 0
244 9 N2 N2 213 0.350 1
244 10 N4 N5 60 0.930 0
244 11 N4 N3 79 0.930 0
244 12 N4 N2 88 0.930 1
245 1 N3 N5 90 0.640 0
245 2 N3 N3 131 0.640 0
245 3 N3 N2 139 0.640 1
245 4 N5 N3 74 0.640 0
245 5 N5 N2 172 0.640 0
245 6 N5 N5 249 0.640 1
245 7 N2 N3 95 0.280 0
245 8 N2 N5 174 0.280 0
245 9 N2 N2 212 0.280 1
245 10 N4 N5 60 0.590 0
245 11 N4 N3 80 0.590 0
245 12 N4 N2 88 0.590 1
246 1 N3 N5 90 0.200 0
246 2 N3 N3 133 0.200 0
246 3 N3 N2 140 0.200 1
246 4 N5 N3 74 0.070 0
246 5 N5 N2 171 0.070 0
246 6 N5 N5 249 0.070 1
246 7 N2 N3 95 0.490 0
246 8 N2 N5 174 0.490 0
246 9 N2 N2 211 0.490 1
246 10 N4 N5 60 1.690 0
246 11 N4 N3 80 1.690 0
246 12 N4 N2 88 1.690 1
247 1 N3 N5 0 0.790 0
247 2 N3 N3 133 0.790 0
247 3 N3 N2 140 0.790 1
247 4 N5 N3 73 0.630 0
247 5 N5 N2 169 0.630 0
247 6 N5 N5 249 0.630 1
247 7 N2 N3 94 0.450 0
247 8 N2 N5 173 0.450 0
247 9 N2 N2 210 0.450 1
247 10 N4 N5 60 0.620 0
247 11 N4 N3 81 0.620 0
247 12 N4 N2 88 0.620 1
248 1 N3 N5 0 0.870 0
248 2 N3 N3 134 0.870 0
248 3 N3 N2 139 0.870 1
248 4 N5 N3 73 0.680 0
248 5 N5 N2 169 0.680 0
248 6 N5 N5 250 0.680 1
248 7 N2 N3 95 0.130 0
248 8 N2 N5 171 0.130 0
248 9 N2 N2 210 0.130 1
248 10 N4 N5 51 0.190 0
248 11 N4 N3 83 0.190 0
248 12 N4 N2 88 0.190 1
249 1 N3 N5 0 0.310 0
249 2 N3 N3 136 0.310 0
249 3 N3 N2 139 0.310 1
249 4 N5 N3 73 0.190 0
249 5 N5 N2 167 0.190 0
249 6 N5 N5 250 0.190 1
249 7 N2 N3 95 0.090 0
249 8 N2 N5 170 0.090 0
249 9 N2 N2 211 0.090 1
249 10 N4 N5 44 0.770 0
249 11 N4 N3 83 0.770 0
249 12 N4 N2 88 0.770 1
250 1 N3 N5 0 0.040 0
250 2 N3 N3 139 0.040 0
250 3 N3 N2 139 0.040 1
250 4 N5 N3 73 0.510 0
250 5 N5 N2 166 0.510 0
250 6 N5 N5 251 0.510 1
250 7 N2 N3 94 0.240 0
250 8 N2 N5 172 0.240 0
250 9 N2 N2 213 0.240 1
250 10 N4 N5 44 0.800 0
250 11 N4 N3 84 0.800 0
250 12 N4 N2 86 0.800 1
251 1 N3 N5 0 0.010 0
251 2 N3 N3 141 0.010 1
251 3 N3 N2 136 0.010 0
251 4 N5 N3 72 0.860 0
251 5 N5 N2 164 0.860 0
251 6 N5 N5 251 0.860 1
251 7 N2 N3 93 0.280 0
251 8 N2 N5 175 0.280 0
251 9 N2 N2 214 0.280 1
251 10 N4 N5 35 0.020 0
251 11 N4 N3 86 0.020 0
251 12 N4 N2 85 0.020 1
252 1 N3 N5 98 0.960 0
252 2 N3 N3 141 0.960 1
252 3 N3 N2 136 0.960 0
252 4 N5 N3 69 0.020 0
252 5 N5 N2 158 0.020 0
252 6 N5 N5 252 0.020 1
252 7 N2 N3 93 0.230 0
252 8 N2 N5 176 0.230 0
252 9 N2 N2 214 0.230 1
252 10 N4 N5 35 0.070 0
252 11 N4 N3 85 0.070 0
252 12 N4 N2 85 0.070 1
253 1 N3 N5 108 0.020 0
253 2 N3 N3 142 0.020 1
253 3 N3 N2 136 0.020 0
253 4 N5 N3 64 0.210 0
253 5 N5 N2 156 0.210 0
253 6 N5 N5 252 0.210 1
253 7 N2 N3 90 0.320 0
253 8 N2 N5 178 0.320 0
253 9 N2 N2 215 0.320 1
253 10 N4 N5 35 0.130 0
253 11 N4 N3 87 0.130 1
253 12 N4 N2 81 0.130 0
254 1 N3 N5 113 0.130 0
254 2 N3 N3 141 0.130 1
254 3 N3 N2 136 0.130 0
254 4 N5 N3 62 0.140 0
254 5 N5 N2 154 0.140 0
254 6 N5 N5 251 0.140 1
254 7 N2 N3 92 0.380 0
254 8 N2 N5 179 0.380 0
254 9 N2 N2 215 0.380 1
254 10 N4 N5 56 0.460 0
254 11 N4 N3 86 0.460 1
254 12 N4 N2 81 0.460 0
255 1 N3 N5 114 0.720 0
255 2 N3 N3 139 0.720 1
255 3 N3 N2 137 0.720 0
255 4 N5 N3 62 0.310 0
255 5 N5 N2 152 0.310 0
255 6 N5 N5 251 0.310 1
255 7 N2 N3 89 0.040 0
255 8 N2 N5 183 0.040 0
255 9 N2 N2 217 0.040 1
255 10 N4 N5 66 0.020 0
255 11 N4 N3 86 0.020 1
255 12 N4 N2 81 0.020 0
256 1 N3 N5 114 0.380 0
256 2 N3 N3 138 0.380 0
256 3 N3 N2 139 0.380 1
256 4 N5 N3 59 0.400 0
256 5 N5 N2 154 0.400 0
256 6 N5 N5 251 0.400 1
256 7 N2 N3 89 0.100 0
256 8 N2 N5 185 0.100 0
256 9 N2 N2 218 0.100 1
256 10 N4 N5 66 0.590 0
256 11 N4 N3 87 0.590 1
256 12 N4 N2 80 0.590 0
257 1 N3 N5 117 0.060 0
257 2 N3 N3 139 0.060 0
257 3 N3 N2 140 0.060 1
257 4 N5 N3 59 0.480 0
257 5 N5 N2 156 0.480 0
257 6 N5 N5 251 0.480 1
257 7 N2 N3 89 0.040 0
257 8 N2 N5 186 0.040 0
257 9 N2 N2 219 0.040 1
257 10 N4 N5 66 1.690 0
257 11 N4 N3 87 1.690 1
257 12 N4 N2 80 1.690 0
258 1 N3 N5 118 0.010 0
258 2 N3 N3 137 0.010 0
258 3 N3 N2 139 0.010 1
258 4 N5 N3 59 0.020 0
258 5 N5 N2 160 0.020 0
258 6 N5 N5 252 0.020 1
258 7 N2 N3 86 0.080 0
258 8 N2 N5 185 0.080 0
258 9 N2 N2 218 0.080 1
258 10 N4 N5 75 0.220 0
258 11 N4 N3 87 0.220 1
258 12 N4 N2 81 0.220 0
259 1 N3 N5 119 0.050 0
259 2 N3 N3 136 0.050 0
259 3 N3 N2 137 0.050 1
259 4 N5 N3 65 0.090 0
259 5 N5 N2 165 0.090 0
259 6 N5 N5 252 0.090 1
259 7 N2 N3 89 0.130 0
259 8 N2 N5 185 0.130 0
259 9 N2 N2 219 0.130 1
259 10 N4 N5 75 0.790 0
259 11 N4 N3 87 0.790 1
259 12 N4 N2 82 0.790 0
260 1 N3 N5 118 0.170 0
260 2 N3 N3 133 0.170 0
260 3 N3 N2 135 0.170 1
260 4 N5 N3 70 0.170 0
260 5 N5 N2 168 0.170 0
260 6 N5 N5 252 0.170 1
260 7 N2 N3 89 0.210 0
260 8 N2 N5 185 0.210 0
260 9 N2 N2 220 0.210 1
260 10 N4 N5 75 0.020 0
260 11 N4 N3 89 0.020 1
260 12 N4 N2 83 0.020 0
261 1 N3 N5 117 0.240 0
261 2 N3 N3 134 0.240 0
261 3 N3 N2 130 0.240 1
261 4 N5 N3 71 0.130 0
261 5 N5 N2 170 0.130 0
261 6 N5 N5 253 0.130 1
261 7 N2 N3 92 0.280 0
261 8 N2 N5 184 0.280 0
261 9 N2 N2 222 0.280 1
261 10 N4 N5 76 0.880 0
261 11 N4 N3 89 0.880 1
261 12 N4 N2 86 0.880 0
262 1 N3 N5 117 0.420 0
262 2 N3 N3 137 0.420 1
262 3 N3 N2 129 0.420 0
262 4 N5 N3 75 0.190 0
262 5 N5 N2 171 0.190 0
262 6 N5 N5 254 0.190 1
262 7 N2 N3 95 0.350 0
262 8 N2 N5 183 0.350 0
262 9 N2 N2 222 0.350 1
262 10 N4 N5 76 0.470 0
262 11 N4 N3 90 0.470 1
262 12 N4 N2 89 0.470 0
263 1 N3 N5 105 0.250 0
263 2 N3 N3 139 0.250 1
263 3 N3 N2 129 0.250 0
263 4 N5 N3 75 0.270 0
263 5 N5 N2 171 0.270 0
263 6 N5 N5 254 0.270 1
263 7 N2 N3 95 0.520 0
263 8 N2 N5 183 0.520 0
263 9 N2 N2 222 0.520 1
263 10 N4 N5 76 1.560 0
263 11 N4 N3 90 1.560 1
263 12 N4 N2 89 1.560 0
264 1 N3 N5 105 0.050 0
264 2 N3 N3 138 0.050 1
264 3 N3 N2 131 0.050 0
264 4 N5 N3 75 0.440 0
264 5 N5 N2 171 0.440 0
264 6 N5 N5 255 0.440 1
264 7 N2 N3 97 0.090 0
264 8 N2 N5 183 0.090 0
264 9 N2 N2 223 0.090 1
264 10 N4 N5 76 0.110 0
264 11 N4 N3 91 0.110 1
264 12 N4 N2 92 0.110 0
265 1 N3 N5 102 0.000 0
265 2 N3 N3 136 0.000 1
265 3 N3 N2 135 0.000 0
265 4 N5 N3 70 0.000 0
265 5 N5 N2 175 0.000 0
265 6 N5 N5 255 0.000 1
265 7 N2 N3 92 0.020 0
265 8 N2 N5 178 0.020 0
265 9 N2 N2 223 0.020 1
265 10 N4 N5 77 0.170 0
265 11 N4 N3 91 0.170 1
265 12 N4 N2 92 0.170 0
266 1 N3 N5 102 0.590 0
266 2 N3 N3 135 0.590 0
266 3 N3 N2 137 0.590 1
266 4 N5 N3 68 0.100 0
266 5 N5 N2 177 0.100 0
266 6 N5 N5 255 0.100 1
266 7 N2 N3 90 0.130 0
266 8 N2 N5 175 0.130 0
266 9 N2 N2 225 0.130 1
266 10 N4 N5 78 0.370 0
266 11 N4 N3 93 0.370 0
266 12 N4 N2 95 0.370 1
267 1 N3 N5 102 0.640 0
267 2 N3 N3 135 0.640 0
267 3 N3 N2 141 0.640 1
267 4 N5 N3 68 0.040 0
267 5 N5 N2 180 0.040 0
267 6 N5 N5 255 0.040 1
267 7 N2 N3 88 0.200 0
267 8 N2 N5 171 0.200 0
267 9 N2 N2 228 0.200 1
267 10 N4 N5 78 0.080 0
267 11 N4 N3 95 0.080 0
267 12 N4 N2 97 0.080 1
268 1 N3 N5 102 0.180 0
268 2 N3 N3 135 0.180 0
268 3 N3 N2 143 0.180 1
268 4 N5 N3 63 0.070 0
268 5 N5 N2 181 0.070 0
268 6 N5 N5 255 0.070 1
268 7 N2 N3 87 0.290 0
268 8 N2 N5 172 0.290 0
268 9 N2 N2 230 0.290 1
268 10 N4 N5 79 0.540 0
268 11 N4 N3 96 0.540 0
268 12 N4 N2 104 0.540 1
269 1 N3 N5 102 1.280 0
269 2 N3 N3 135 1.280 0
269 3 N3 N2 143 1.280 1
269 4 N5 N3 63 0.150 0
269 5 N5 N2 183 0.150 0
269 6 N5 N5 255 0.150 1
269 7 N2 N3 80 0.360 0
269 8 N2 N5 172 0.360 0
269 9 N2 N2 232 0.360 1
269 10 N4 N5 79 1.640 0
269 11 N4 N3 96 1.640 0
269 12 N4 N2 104 1.640 1
270 1 N3 N5 102 0.260 0
270 2 N3 N3 134 0.260 0
270 3 N3 N2 147 0.260 1
270 4 N5 N3 63 0.210 0
270 5 N5 N2 185 0.210 0
270 6 N5 N5 255 0.210 1
270 7 N2 N3 77 0.400 0
270 8 N2 N5 171 0.400 0
270 9 N2 N2 234 0.400 1
270 10 N4 N5 79 0.680 0
270 11 N4 N3 98 0.680 0
270 12 N4 N2 109 0.680 1
271 1 N3 N5 102 0.330 0
271 2 N3 N3 132 0.330 0
271 3 N3 N2 150 0.330 1
271 4 N5 N3 63 0.300 0
271 5 N5 N2 187 0.300 0
271 6 N5 N5 255 0.300 1
271 7 N2 N3 73 0.070 0
271 8 N2 N5 172 0.070 0
271 9 N2 N2 236 0.070 1
271 10 N4 N5 79 0.750 0
271 11 N4 N3 99 0.750 0
271 12 N4 N2 111 0.750 1
272 1 N3 N5 98 0.510 0
272 2 N3 N3 130 0.510 0
272 3 N3 N2 152 0.510 1
272 4 N5 N3 0 0.340 0
272 5 N5 N2 189 0.340 0
272 6 N5 N5 255 0.340 1
272 7 N2 N3 72 0.030 0
272 8 N2 N5 170 0.030 0
272 9 N2 N2 237 0.030 1
272 10 N4 N5 79 0.260 0
272 11 N4 N3 101 0.260 0
272 12 N4 N2 114 0.260 1
273 1 N3 N5 98 0.050 0
273 2 N3 N3 126 0.050 0
273 3 N3 N2 153 0.050 1
273 4 N5 N3 0 0.410 0
273 5 N5 N2 189 0.410 0
273 6 N5 N5 255 0.410 1
273 7 N2 N3 69 0.120 0
273 8 N2 N5 169 0.120 0
273 9 N2 N2 236 0.120 1
273 10 N4 N5 79 0.300 0
273 11 N4 N3 101 0.300 0
273 12 N4 N2 120 0.300 1
274 1 N3 N5 99 0.000 0
274 2 N3 N3 120 0.000 0
274 3 N3 N2 155 0.000 1
274 4 N5 N3 42 0.080 0
274 5 N5 N2 189 0.080 0
274 6 N5 N5 255 0.080 1
274 7 N2 N3 67 0.150 0
274 8 N2 N5 170 0.150 0
274 9 N2 N2 236 0.150 1
274 10 N4 N5 79 0.400 0
274 11 N4 N3 97 0.400 0
274 12 N4 N2 122 0.400 1
275 1 N3 N5 0 0.050 0
275 2 N3 N3 119 0.050 0
275 3 N3 N2 156 0.050 1
275 4 N5 N3 45 0.110 0
275 5 N5 N2 190 0.110 0
275 6 N5 N5 255 0.110 1
275 7 N2 N3 64 0.230 0
275 8 N2 N5 173 0.230 0
275 9 N2 N2 235 0.230 1
275 10 N4 N5 79 1.490 0
275 11 N4 N3 97 1.490 0
275 12 N4 N2 122 1.490 1
276 1 N3 N5 0 0.100 0
276 2 N3 N3 119 0.100 0
276 3 N3 N2 157 0.100 1
276 4 N5 N3 49 0.060 0
276 5 N5 N2 193 0.060 0
276 6 N5 N5 255 0.060 1
276 7 N2 N3 63 0.290 0
276 8 N2 N5 177 0.290 0
276 9 N2 N2 235 0.290 1
276 10 N4 N5 79 2.580 0
276 11 N4 N3 97 2.580 0
276 12 N4 N2 122 2.580 1
277 1 N3 N5 0 0.190 0
277 2 N3 N3 117 0.190 0
277 3 N3 N2 158 0.190 1
277 4 N5 N3 52 0.020 0
277 5 N5 N2 196 0.020 0
277 6 N5 N5 255 0.020 1
277 7 N2 N3 65 0.330 0
277 8 N2 N5 178 0.330 0
277 9 N2 N2 235 0.330 1
277 10 N4 N5 79 0.090 0
277 11 N4 N3 97 0.090 0
277 12 N4 N2 123 0.090 1
278 1 N3 N5 0 0.320 0
278 2 N3 N3 116 0.320 0
278 3 N3 N2 158 0.320 1
278 4 N5 N3 52 0.220 0
278 5 N5 N2 200 0.220 0
278 6 N5 N5 254 0.220 1
278 7 N2 N3 65 0.420 0
278 8 N2 N5 178 0.420 0
278 9 N2 N2 234 0.420 1
278 10 N4 N5 83 0.680 0
278 11 N4 N3 96 0.680 0
278 12 N4 N2 124 0.680 1
279 1 N3 N5 0 0.390 0
279 2 N3 N3 115 0.390 0
279 3 N3 N2 157 0.390 1
279 4 N5 N3 52 0.290 0
279 5 N5 N2 202 0.290 0
279 6 N5 N5 254 0.290 1
279 7 N2 N3 65 0.030 0
279 8 N2 N5 177 0.030 0
279 9 N2 N2 235 0.030 1
279 10 N4 N5 0 0.230 0
279 11 N4 N3 96 0.230 0
279 12 N4 N2 126 0.230 1
280 1 N3 N5 0 0.980 0
280 2 N3 N3 115 0.980 0
280 3 N3 N2 157 0.980 1
280 4 N5 N3 56 0.490 0
280 5 N5 N2 203 0.490 0
280 6 N5 N5 253 0.490 1
280 7 N2 N3 68 0.010 0
280 8 N2 N5 173 0.010 0
280 9 N2 N2 235 0.010 1
280 10 N4 N5 0 0.310 0
280 11 N4 N3 95 0.310 0
280 12 N4 N2 126 0.310 1
281 1 N3 N5 0 0.110 0
281 2 N3 N3 114 0.110 0
281 3 N3 N2 159 0.110 1
281 4 N5 N3 57 0.030 0
281 5 N5 N2 205 0.030 0
281 6 N5 N5 253 0.030 1
281 7 N2 N3 69 0.040 0
281 8 N2 N5 173 0.040 0
281 9 N2 N2 236 0.040 1
281 10 N4 N5 0 0.880 0
281 11 N4 N3 95 0.880 0
281 12 N4 N2 127 0.880 1
282 1 N3 N5 0 0.580 0
282 2 N3 N3 115 0.580 0
282 3 N3 N2 161 0.580 1
282 4 N5 N3 57 0.110 0
282 5 N5 N2 206 0.110 0
282 6 N5 N5 253 0.110 1
282 7 N2 N3 69 0.090 0
282 8 N2 N5 174 0.090 0
282 9 N2 N2 238 0.090 1
282 10 N4 N5 0 0.030 0
282 11 N4 N3 94 0.030 0
282 12 N4 N2 130 0.030 1
283 1 N3 N5 0 0.620 0
283 2 N3 N3 116 0.620 0
283 3 N3 N2 162 0.620 1
283 4 N5 N3 57 0.060 0
283 5 N5 N2 211 0.060 0
283 6 N5 N5 253 0.060 1
283 7 N2 N3 69 0.280 0
283 8 N2 N5 174 0.280 0
283 9 N2 N2 240 0.280 1
283 10 N4 N5 0 1.000 0
283 11 N4 N3 94 1.000 0
283 12 N4 N2 132 1.000 1
284 1 N3 N5 0 0.180 0
284 2 N3 N3 121 0.180 0
284 3 N3 N2 164 0.180 1
284 4 N5 N3 56 0.120 0
284 5 N5 N2 214 0.120 0
284 6 N5 N5 253 0.120 1
284 7 N2 N3 69 0.210 0
284 8 N2 N5 175 0.210 0
284 9 N2 N2 241 0.210 1
284 10 N4 N5 0 0.060 0
284 11 N4 N3 93 0.060 0
284 12 N4 N2 135 0.060 1
285 1 N3 N5 0 0.230 0
285 2 N3 N3 121 0.230 0
285 3 N3 N2 165 0.230 1
285 4 N5 N3 56 0.200 0
285 5 N5 N2 215 0.200 0
285 6 N5 N5 253 0.200 1
285 7 N2 N3 70 0.390 0
285 8 N2 N5 176 0.390 0
285 9 N2 N2 243 0.390 1
285 10 N4 N5 0 0.130 0
285 11 N4 N3 95 0.130 0
285 12 N4 N2 138 0.130 1
286 1 N3 N5 0 0.290 0
286 2 N3 N3 121 0.290 0
286 3 N3 N2 166 0.290 1
286 4 N5 N3 56 0.270 0
286 5 N5 N2 215 0.270 0
286 6 N5 N5 253 0.270 1
286 7 N2 N3 70 1.470 0
286 8 N2 N5 176 1.470 0
286 9 N2 N2 243 1.470 1
286 10 N4 N5 0 1.210 0
286 11 N4 N3 95 1.210 0
286 12 N4 N2 138 1.210 1
287 1 N3 N5 0 0.470 0
287 2 N3 N3 120 0.470 0
287 3 N3 N2 167 0.470 1
287 4 N5 N3 56 0.470 0
287 5 N5 N2 215 0.470 0
287 6 N5 N5 253 0.470 1
287 7 N2 N3 71 1.040 0
287 8 N2 N5 176 1.040 0
287 9 N2 N2 244 1.040 1
287 10 N4 N5 0 2.310 0
287 11 N4 N3 95 2.310 0
287 12 N4 N2 138 2.310 1
288 1 N3 N5 0 0.420 0
288 2 N3 N3 119 0.420 0
288 3 N3 N2 173 0.420 1
288 4 N5 N3 58 0.000 0
288 5 N5 N2 214 0.000 0
288 6 N5 N5 253 0.000 1
288 7 N2 N3 71 0.050 0
288 8 N2 N5 177 0.050 0
288 9 N2 N2 246 0.050 1
288 10 N4 N5 0 0.330 0
288 11 N4 N3 96 0.330 0
288 12 N4 N2 140 0.330 1
289 1 N3 N5 0 1.510 0
289 2 N3 N3 119 1.510 0
289 3 N3 N2 173 1.510 1
289 4 N5 N3 56 0.070 0
289 5 N5 N2 214 0.070 0
289 6 N5 N5 253 0.070 1
289 7 N2 N3 71 0.100 0
289 8 N2 N5 176 0.100 0
289 9 N2 N2 249 0.100 1
289 10 N4 N5 0 0.380 0
289 11 N4 N3 97 0.380 0
289 12 N4 N2 141 0.380 1
290 1 N3 N5 0 0.530 0
290 2 N3 N3 119 0.530 0
290 3 N3 N2 176 0.530 1
290 4 N5 N3 56 0.020 0
290 5 N5 N2 214 0.020 0
290 6 N5 N5 252 0.020 1
290 7 N2 N3 71 0.170 0
290 8 N2 N5 176 0.170 0
290 9 N2 N2 250 0.170 1
290 10 N4 N5 0 0.600 0
290 11 N4 N3 96 0.600 0
290 12 N4 N2 141 0.600 1
291 1 N3 N5 0 1.620 0
291 2 N3 N3 119 1.620 0
291 3 N3 N2 176 1.620 1
291 4 N5 N3 52 0.180 0
291 5 N5 N2 213 0.180 0
291 6 N5 N5 251 0.180 1
291 7 N2 N3 72 0.210 0
291 8 N2 N5 176 0.210 0
291 9 N2 N2 251 0.210 1
291 10 N4 N5 0 1.690 0
291 11 N4 N3 96 1.690 0
291 12 N4 N2 141 1.690 1
292 1 N3 N5 0 2.710 0
292 2 N3 N3 119 2.710 0
292 3 N3 N2 176 2.710 1
292 4 N5 N3 52 0.250 0
292 5 N5 N2 214 0.250 0
292 6 N5 N5 251 0.250 1
292 7 N2 N3 72 0.280 0
292 8 N2 N5 0 0.280 0
292 9 N2 N2 252 0.280 1
292 10 N4 N5 0 2.780 0
292 11 N4 N3 96 2.780 0
292 12 N4 N2 141 2.780 1
293 1 N3 N5 0 3.800 0
293 2 N3 N3 119 3.800 0
293 3 N3 N2 176 3.800 1
293 4 N5 N3 52 0.310 0
293 5 N5 N2 214 0.310 0
293 6 N5 N5 250 0.310 1
293 7 N2 N3 72 0.360 0
293 8 N2 N5 0 0.360 0
293 9 N2 N2 253 0.360 1
293 10 N4 N5 0 3.870 0
293 11 N4 N3 96 3.870 0
293 12 N4 N2 141 3.870 1
294 1 N3 N5 0 4.890 0
294 2 N3 N3 119 4.890 0
294 3 N3 N2 176 4.890 1
294 4 N5 N3 52 0.240 0
294 5 N5 N2 214 0.240 0
294 6 N5 N5 249 0.240 1
294 7 N2 N3 72 0.440 0
294 8 N2 N5 0 0.440 0
294 9 N2 N2 253 0.440 1
294 10 N4 N5 0 4.960 0
294 11 N4 N3 96 4.960 0
294 12 N4 N2 141 4.960 1
295 1 N3 N5 0 6.010 0
295 2 N3 N3 119 6.010 0
295 3 N3 N2 176 6.010 1
295 4 N5 N3 52 0.330 0
295 5 N5 N2 212 0.330 0
295 6 N5 N5 248 0.330 1
295 7 N2 N3 0 0.020 0
295 8 N2 N5 0 0.020 0
295 9 N2 N2 253 0.020 1
295 10 N4 N5 0 6.080 0
295 11 N4 N3 96 6.080 0
295 12 N4 N2 141 6.080 1
296 1 N3 N5 0 0.910 0
296 2 N3 N3 119 0.910 0
296 3 N3 N2 176 0.910 1
296 4 N5 N3 52 0.380 0
296 5 N5 N2 212 0.380 0
296 6 N5 N5 248 0.380 1
296 7 N2 N3 0 0.090 0
296 8 N2 N5 0 0.090 0
296 9 N2 N2 254 0.090 1
296 10 N4 N5 0 7.160 0
296 11 N4 N3 96 7.160 0
296 12 N4 N2 141 7.160 1
297 1 N3 N5 0 0.450 0
297 2 N3 N3 120 0.450 0
297 3 N3 N2 176 0.450 1
297 4 N5 N3 0 0.050 0
297 5 N5 N2 211 0.050 0
297 6 N5 N5 248 0.050 1
297 7 N2 N3 0 0.170 0
297 8 N2 N5 0 0.170 0
297 9 N2 N2 254 0.170 1
297 10 N4 N5 0 8.260 0
297 11 N4 N3 96 8.260 0
297 12 N4 N2 141 8.260 1
298 1 N3 N5 0 1.530 0
298 2 N3 N3 120 1.530 0
298 3 N3 N2 176 1.530 1
298 4 N5 N3 0 0.090 0
298 5 N5 N2 211 0.090 0
298 6 N5 N5 248 0.090 1
298 7 N2 N3 0 0.240 0
298 8 N2 N5 0 0.240 0
298 9 N2 N2 254 0.240 1
298 10 N4 N5 0 9.340 0
298 11 N4 N3 96 9.340 0
298 12 N4 N2 141 9.340 1
299 1 N3 N5 0 0.560 0
299 2 N3 N3 120 0.560 0
299 3 N3 N2 175 0.560 1
299 4 N5 N3 0 0.150 0
299 5 N5 N2 211 0.150 0
299 6 N5 N5 249 0.150 1
299 7 N2 N3 0 0.810 0
299 8 N2 N5 0 0.810 0
299 9 N2 N2 254 0.810 1
299 10 N4 N5 0 10.430 0
299 11 N4 N3 96 10.430 0
299 12 N4 N2 141 10.430 1
300 1 N3 N5 0 0.110 0
300 2 N3 N3 120 0.110 0
300 3 N3 N2 172 0.110 1
300 4 N5 N3 0 0.220 0
300 5 N5 N2 212 0.220 0
300 6 N5 N5 250 0.220 1
300 7 N2 N3 0 0.310 0
300 8 N2 N5 0 0.310 0
300 9 N2 N2 254 0.310 1
300 10 N4 N5 0 11.520 0
300 11 N4 N3 96 11.520 0
300 12 N4 N2 141 11.520 1
