PING N5 (00:00:0c:18:11:05) 116(144) bytes of data
116 bytes from N5 icmp_seq=1 ttl=49 time=606.43 ms
RR: 	N1
	N2
	N5
	N5
	N2
	N1

116 bytes from N5 icmp_seq=2 ttl=49 time=511.72 ms	(same route)
116 bytes from N5 icmp_seq=3 ttl=49 time=95.18 ms	(same route)
116 bytes from N5 icmp_seq=4 ttl=49 time=955.01 ms	(same route)
Reply from host N5 timed out
116 bytes from N5 icmp_seq=6 ttl=49 time=533.29 ms	(same route)
116 bytes from N5 icmp_seq=7 ttl=49 time=13.65 ms	(same route)
116 bytes from N5 icmp_seq=8 ttl=49 time=5.66 ms	(same route)
116 bytes from N5 icmp_seq=9 ttl=49 time=2.29 ms	(same route)
116 bytes from N5 icmp_seq=10 ttl=49 time=2.74 ms	(same route)
116 bytes from N5 icmp_seq=11 ttl=49 time=3.28 ms	(same route)
116 bytes from N5 icmp_seq=12 ttl=49 time=6.39 ms	(same route)
116 bytes from N5 icmp_seq=13 ttl=49 time=51.26 ms	(same route)
116 bytes from N5 icmp_seq=14 ttl=49 time=7.15 ms	(same route)
116 bytes from N5 icmp_seq=15 ttl=49 time=5.36 ms	(same route)
116 bytes from N5 icmp_seq=16 ttl=49 time=7.22 ms	(same route)
116 bytes from N5 icmp_seq=17 ttl=49 time=6.30 ms	(same route)
116 bytes from N5 icmp_seq=18 ttl=49 time=2.53 ms	(same route)
116 bytes from N5 icmp_seq=19 ttl=49 time=2.18 ms	(same route)
116 bytes from N5 icmp_seq=20 ttl=49 time=2.23 ms	(same route)
116 bytes from N5 icmp_seq=21 ttl=49 time=57.57 ms	(same route)
116 bytes from N5 icmp_seq=22 ttl=49 time=205.66 ms	(same route)
116 bytes from N5 icmp_seq=23 ttl=49 time=3.39 ms	(same route)
116 bytes from N5 icmp_seq=24 ttl=49 time=3.91 ms	(same route)
116 bytes from N5 icmp_seq=25 ttl=49 time=2.31 ms	(same route)
116 bytes from N5 icmp_seq=26 ttl=49 time=48.68 ms	(same route)
116 bytes from N5 icmp_seq=27 ttl=49 time=391.67 ms	(same route)
116 bytes from N5 icmp_seq=28 ttl=49 time=6.55 ms	(same route)
116 bytes from N5 icmp_seq=29 ttl=49 time=7.94 ms	(same route)
116 bytes from N5 icmp_seq=30 ttl=49 time=5.29 ms	(same route)
116 bytes from N5 icmp_seq=31 ttl=49 time=5.95 ms	(same route)
116 bytes from N5 icmp_seq=32 ttl=49 time=64.98 ms	(same route)
116 bytes from N5 icmp_seq=33 ttl=49 time=11.25 ms	(same route)
116 bytes from N5 icmp_seq=34 ttl=49 time=3.21 ms	(same route)
116 bytes from N5 icmp_seq=35 ttl=49 time=2.89 ms	(same route)
116 bytes from N5 icmp_seq=36 ttl=49 time=4.58 ms	(same route)
116 bytes from N5 icmp_seq=37 ttl=49 time=9.91 ms	(same route)
116 bytes from N5 icmp_seq=38 ttl=49 time=2.42 ms	(same route)
116 bytes from N5 icmp_seq=39 ttl=49 time=264.50 ms	(same route)
116 bytes from N5 icmp_seq=40 ttl=49 time=2.19 ms	(same route)
116 bytes from N5 icmp_seq=41 ttl=49 time=6.98 ms	(same route)
116 bytes from N5 icmp_seq=42 ttl=49 time=4.08 ms	(same route)
116 bytes from N5 icmp_seq=43 ttl=49 time=9.31 ms	(same route)
116 bytes from N5 icmp_seq=44 ttl=49 time=265.51 ms	(same route)
116 bytes from N5 icmp_seq=45 ttl=49 time=11.90 ms	(same route)
116 bytes from N5 icmp_seq=46 ttl=49 time=6.98 ms	(same route)
116 bytes from N5 icmp_seq=47 ttl=49 time=3.56 ms	(same route)
116 bytes from N5 icmp_seq=48 ttl=49 time=13.32 ms	(same route)
116 bytes from N5 icmp_seq=49 ttl=49 time=3.58 ms	(same route)
116 bytes from N5 icmp_seq=50 ttl=49 time=677.54 ms	(same route)
116 bytes from N5 icmp_seq=51 ttl=49 time=2.42 ms	(same route)
116 bytes from N5 icmp_seq=52 ttl=49 time=6.01 ms	(same route)
116 bytes from N5 icmp_seq=53 ttl=49 time=2.35 ms	(same route)
116 bytes from N5 icmp_seq=54 ttl=49 time=4.30 ms	(same route)
116 bytes from N5 icmp_seq=55 ttl=49 time=2.31 ms	(same route)
116 bytes from N5 icmp_seq=56 ttl=49 time=12.99 ms	(same route)
116 bytes from N5 icmp_seq=57 ttl=49 time=18.34 ms	(same route)
Reply from host N5 timed out
116 bytes from N5 icmp_seq=59 ttl=49 time=19.88 ms	(same route)
116 bytes from N5 icmp_seq=60 ttl=49 time=102.01 ms	(same route)
116 bytes from N5 icmp_seq=61 ttl=49 time=11.48 ms	(same route)
116 bytes from N5 icmp_seq=62 ttl=49 time=188.59 ms	(same route)
116 bytes from N5 icmp_seq=63 ttl=49 time=2.44 ms	(same route)
116 bytes from N5 icmp_seq=64 ttl=49 time=25.43 ms	(same route)
116 bytes from N5 icmp_seq=65 ttl=49 time=911.41 ms	(same route)
116 bytes from N5 icmp_seq=66 ttl=49 time=629.02 ms	(same route)
Reply from host N5 timed out
Reply from host N5 timed out
Reply from host N5 timed out
116 bytes from N5 icmp_seq=70 ttl=49 time=0.02 ms	(same route)
116 bytes from N5 icmp_seq=71 ttl=49 time=419.66 ms	(same route)
116 bytes from N5 icmp_seq=72 ttl=49 time=3.06 ms	(same route)
116 bytes from N5 icmp_seq=73 ttl=49 time=6.48 ms	(same route)
116 bytes from N5 icmp_seq=74 ttl=49 time=501.19 ms	(same route)
116 bytes from N5 icmp_seq=75 ttl=49 time=14.45 ms	(same route)
116 bytes from N5 icmp_seq=76 ttl=49 time=8.93 ms	(same route)
116 bytes from N5 icmp_seq=77 ttl=49 time=480.15 ms	(same route)
116 bytes from N5 icmp_seq=78 ttl=49 time=6.62 ms	(same route)
116 bytes from N5 icmp_seq=79 ttl=49 time=5.95 ms	(same route)
116 bytes from N5 icmp_seq=80 ttl=49 time=6.65 ms	(same route)
116 bytes from N5 icmp_seq=81 ttl=49 time=7.91 ms	(same route)
116 bytes from N5 icmp_seq=82 ttl=49 time=0.05 ms	(same route)
116 bytes from N5 icmp_seq=83 ttl=49 time=4.69 ms	(same route)
116 bytes from N5 icmp_seq=84 ttl=49 time=652.11 ms	(same route)
116 bytes from N5 icmp_seq=85 ttl=49 time=11.47 ms	(same route)
116 bytes from N5 icmp_seq=86 ttl=49 time=11.77 ms	(same route)
116 bytes from N5 icmp_seq=87 ttl=49 time=749.43 ms	(same route)
116 bytes from N5 icmp_seq=88 ttl=49 time=4.10 ms	(same route)
116 bytes from N5 icmp_seq=89 ttl=49 time=79.90 ms	(same route)
116 bytes from N5 icmp_seq=90 ttl=49 time=18.36 ms	(same route)
116 bytes from N5 icmp_seq=91 ttl=49 time=7.97 ms	(same route)
116 bytes from N5 icmp_seq=92 ttl=49 time=714.65 ms	(same route)
116 bytes from N5 icmp_seq=93 ttl=49 time=4.23 ms	(same route)
116 bytes from N5 icmp_seq=94 ttl=49 time=12.55 ms	(same route)
116 bytes from N5 icmp_seq=95 ttl=49 time=4.92 ms	(same route)
116 bytes from N5 icmp_seq=96 ttl=49 time=7.52 ms	(same route)
116 bytes from N5 icmp_seq=97 ttl=49 time=8.98 ms	(same route)
116 bytes from N5 icmp_seq=98 ttl=49 time=13.14 ms	(same route)
116 bytes from N5 icmp_seq=99 ttl=49 time=5.25 ms	(same route)
116 bytes from N5 icmp_seq=100 ttl=49 time=16.56 ms	(same route)
116 bytes from N5 icmp_seq=101 ttl=49 time=40.73 ms	(same route)
116 bytes from N5 icmp_seq=102 ttl=49 time=26.66 ms	(same route)
116 bytes from N5 icmp_seq=103 ttl=49 time=14.31 ms	(same route)
116 bytes from N5 icmp_seq=104 ttl=49 time=2.43 ms	(same route)
116 bytes from N5 icmp_seq=105 ttl=49 time=11.76 ms	(same route)
116 bytes from N5 icmp_seq=106 ttl=49 time=22.19 ms	(same route)
116 bytes from N5 icmp_seq=107 ttl=49 time=75.36 ms	(same route)
116 bytes from N5 icmp_seq=108 ttl=49 time=4.51 ms	(same route)
116 bytes from N5 icmp_seq=109 ttl=49 time=15.06 ms	(same route)
116 bytes from N5 icmp_seq=110 ttl=49 time=12.44 ms	(same route)
116 bytes from N5 icmp_seq=111 ttl=49 time=13.08 ms	(same route)
116 bytes from N5 icmp_seq=112 ttl=49 time=8.71 ms	(same route)
116 bytes from N5 icmp_seq=113 ttl=49 time=3.05 ms	(same route)
116 bytes from N5 icmp_seq=114 ttl=49 time=8.80 ms	(same route)
116 bytes from N5 icmp_seq=115 ttl=49 time=8.92 ms	(same route)
116 bytes from N5 icmp_seq=116 ttl=49 time=9.11 ms	(same route)
116 bytes from N5 icmp_seq=117 ttl=49 time=91.29 ms	(same route)
116 bytes from N5 icmp_seq=118 ttl=49 time=574.10 ms	(same route)
116 bytes from N5 icmp_seq=119 ttl=49 time=11.54 ms	(same route)
116 bytes from N5 icmp_seq=120 ttl=49 time=2.86 ms	(same route)
116 bytes from N5 icmp_seq=121 ttl=49 time=18.42 ms	(same route)
116 bytes from N5 icmp_seq=122 ttl=49 time=12.87 ms	(same route)
116 bytes from N5 icmp_seq=123 ttl=49 time=299.37 ms	(same route)
116 bytes from N5 icmp_seq=124 ttl=49 time=3.34 ms	(same route)
116 bytes from N5 icmp_seq=125 ttl=49 time=5.30 ms	(same route)
116 bytes from N5 icmp_seq=126 ttl=49 time=13.20 ms	(same route)
116 bytes from N5 icmp_seq=127 ttl=49 time=6.96 ms	(same route)
116 bytes from N5 icmp_seq=128 ttl=49 time=6.26 ms	(same route)
116 bytes from N5 icmp_seq=129 ttl=49 time=2.21 ms	(same route)
116 bytes from N5 icmp_seq=130 ttl=49 time=10.65 ms	(same route)
116 bytes from N5 icmp_seq=131 ttl=49 time=5.66 ms	(same route)
116 bytes from N5 icmp_seq=132 ttl=49 time=6.43 ms	(same route)
116 bytes from N5 icmp_seq=133 ttl=49 time=3.20 ms	(same route)
116 bytes from N5 icmp_seq=134 ttl=49 time=6.42 ms	(same route)
116 bytes from N5 icmp_seq=135 ttl=49 time=464.52 ms	(same route)
116 bytes from N5 icmp_seq=136 ttl=49 time=2.24 ms	(same route)
116 bytes from N5 icmp_seq=137 ttl=49 time=637.93 ms	(same route)
116 bytes from N5 icmp_seq=138 ttl=49 time=2.35 ms	(same route)
116 bytes from N5 icmp_seq=139 ttl=49 time=649.43 ms	(same route)
116 bytes from N5 icmp_seq=140 ttl=49 time=3.01 ms	(same route)
116 bytes from N5 icmp_seq=141 ttl=49 time=13.31 ms	(same route)
116 bytes from N5 icmp_seq=142 ttl=49 time=10.80 ms	(same route)
116 bytes from N5 icmp_seq=143 ttl=49 time=3.11 ms	(same route)
116 bytes from N5 icmp_seq=144 ttl=49 time=54.51 ms	(same route)
116 bytes from N5 icmp_seq=145 ttl=49 time=7.53 ms	(same route)
116 bytes from N5 icmp_seq=146 ttl=49 time=4.50 ms	(same route)
116 bytes from N5 icmp_seq=147 ttl=49 time=7.99 ms	(same route)
116 bytes from N5 icmp_seq=148 ttl=49 time=625.56 ms	(same route)
116 bytes from N5 icmp_seq=149 ttl=49 time=2.24 ms	(same route)
116 bytes from N5 icmp_seq=150 ttl=49 time=3.65 ms	(same route)
116 bytes from N5 icmp_seq=151 ttl=49 time=3.85 ms	(same route)
116 bytes from N5 icmp_seq=152 ttl=49 time=7.05 ms	(same route)
116 bytes from N5 icmp_seq=153 ttl=49 time=5.81 ms	(same route)
116 bytes from N5 icmp_seq=154 ttl=49 time=4.36 ms	(same route)
116 bytes from N5 icmp_seq=155 ttl=49 time=5.19 ms	(same route)
116 bytes from N5 icmp_seq=156 ttl=49 time=496.55 ms	(same route)
116 bytes from N5 icmp_seq=157 ttl=49 time=6.22 ms	(same route)
116 bytes from N5 icmp_seq=158 ttl=49 time=3.97 ms	(same route)
116 bytes from N5 icmp_seq=159 ttl=49 time=40.25 ms	(same route)
Reply from host N5 timed out
116 bytes from N5 icmp_seq=161 ttl=49 time=35.60 ms	(same route)
116 bytes from N5 icmp_seq=162 ttl=49 time=10.37 ms	(same route)
116 bytes from N5 icmp_seq=163 ttl=49 time=11.77 ms	(same route)
116 bytes from N5 icmp_seq=164 ttl=49 time=5.46 ms	(same route)
116 bytes from N5 icmp_seq=165 ttl=49 time=8.40 ms	(same route)
116 bytes from N5 icmp_seq=166 ttl=49 time=13.87 ms	(same route)
116 bytes from N5 icmp_seq=167 ttl=49 time=523.97 ms	(same route)
116 bytes from N5 icmp_seq=168 ttl=49 time=7.13 ms	(same route)
116 bytes from N5 icmp_seq=169 ttl=49 time=6.39 ms	(same route)
116 bytes from N5 icmp_seq=170 ttl=49 time=6.54 ms	(same route)
116 bytes from N5 icmp_seq=171 ttl=49 time=553.97 ms	(same route)
116 bytes from N5 icmp_seq=172 ttl=49 time=7.90 ms	(same route)
116 bytes from N5 icmp_seq=173 ttl=49 time=7.06 ms	(same route)
116 bytes from N5 icmp_seq=174 ttl=49 time=6.39 ms	(same route)
116 bytes from N5 icmp_seq=175 ttl=49 time=3.40 ms	(same route)
116 bytes from N5 icmp_seq=176 ttl=49 time=12.78 ms	(same route)
116 bytes from N5 icmp_seq=177 ttl=49 time=4.48 ms	(same route)
116 bytes from N5 icmp_seq=178 ttl=49 time=6.29 ms	(same route)
116 bytes from N5 icmp_seq=179 ttl=49 time=8.80 ms	(same route)
116 bytes from N5 icmp_seq=180 ttl=49 time=11.11 ms	(same route)
116 bytes from N5 icmp_seq=181 ttl=49 time=3.18 ms	(same route)
116 bytes from N5 icmp_seq=182 ttl=49 time=2.26 ms	(same route)
116 bytes from N5 icmp_seq=183 ttl=49 time=2.15 ms	(same route)
116 bytes from N5 icmp_seq=184 ttl=49 time=2.18 ms	(same route)
116 bytes from N5 icmp_seq=185 ttl=49 time=5.45 ms	(same route)
116 bytes from N5 icmp_seq=186 ttl=49 time=8.88 ms	(same route)
116 bytes from N5 icmp_seq=187 ttl=49 time=3.88 ms	(same route)
116 bytes from N5 icmp_seq=188 ttl=49 time=3.04 ms	(same route)
116 bytes from N5 icmp_seq=189 ttl=49 time=2.72 ms	(same route)
116 bytes from N5 icmp_seq=190 ttl=49 time=3.98 ms	(same route)
116 bytes from N5 icmp_seq=191 ttl=49 time=6.98 ms	(same route)
116 bytes from N5 icmp_seq=192 ttl=49 time=5.66 ms	(same route)
116 bytes from N5 icmp_seq=193 ttl=49 time=670.37 ms	(same route)
116 bytes from N5 icmp_seq=194 ttl=49 time=5.89 ms	(same route)
116 bytes from N5 icmp_seq=195 ttl=49 time=6.14 ms	(same route)
116 bytes from N5 icmp_seq=196 ttl=49 time=6.44 ms	(same route)
116 bytes from N5 icmp_seq=197 ttl=49 time=8.81 ms	(same route)
116 bytes from N5 icmp_seq=198 ttl=49 time=8.37 ms	(same route)
116 bytes from N5 icmp_seq=199 ttl=49 time=4.80 ms	(same route)
116 bytes from N5 icmp_seq=200 ttl=49 time=10.12 ms	(same route)
116 bytes from N5 icmp_seq=201 ttl=49 time=4.11 ms	(same route)
116 bytes from N5 icmp_seq=202 ttl=49 time=4.29 ms	(same route)
116 bytes from N5 icmp_seq=203 ttl=49 time=6.60 ms	(same route)
116 bytes from N5 icmp_seq=204 ttl=49 time=9.82 ms	(same route)
116 bytes from N5 icmp_seq=205 ttl=49 time=7.62 ms	(same route)
116 bytes from N5 icmp_seq=206 ttl=49 time=5.21 ms	(same route)
116 bytes from N5 icmp_seq=207 ttl=49 time=6.24 ms	(same route)
116 bytes from N5 icmp_seq=208 ttl=49 time=20.51 ms	(same route)
116 bytes from N5 icmp_seq=209 ttl=49 time=16.34 ms	(same route)
116 bytes from N5 icmp_seq=210 ttl=49 time=2.67 ms	(same route)
116 bytes from N5 icmp_seq=211 ttl=49 time=9.15 ms	(same route)
116 bytes from N5 icmp_seq=212 ttl=49 time=8.81 ms	(same route)
116 bytes from N5 icmp_seq=213 ttl=49 time=2.35 ms	(same route)
116 bytes from N5 icmp_seq=214 ttl=49 time=2.25 ms	(same route)
116 bytes from N5 icmp_seq=215 ttl=49 time=14.04 ms	(same route)
116 bytes from N5 icmp_seq=216 ttl=49 time=2.78 ms	(same route)
116 bytes from N5 icmp_seq=217 ttl=49 time=7.54 ms	(same route)
116 bytes from N5 icmp_seq=218 ttl=49 time=30.82 ms	(same route)
116 bytes from N5 icmp_seq=219 ttl=49 time=3.95 ms	(same route)
116 bytes from N5 icmp_seq=220 ttl=49 time=6.33 ms	(same route)
116 bytes from N5 icmp_seq=221 ttl=49 time=11.31 ms	(same route)
116 bytes from N5 icmp_seq=222 ttl=49 time=5.10 ms	(same route)
116 bytes from N5 icmp_seq=223 ttl=49 time=5.88 ms	(same route)
116 bytes from N5 icmp_seq=224 ttl=49 time=4.16 ms	(same route)
116 bytes from N5 icmp_seq=225 ttl=49 time=6.48 ms	(same route)
116 bytes from N5 icmp_seq=226 ttl=49 time=11.27 ms	(same route)
116 bytes from N5 icmp_seq=227 ttl=49 time=9.06 ms	(same route)
116 bytes from N5 icmp_seq=228 ttl=49 time=2.33 ms	(same route)
116 bytes from N5 icmp_seq=229 ttl=49 time=4.94 ms	(same route)
116 bytes from N5 icmp_seq=230 ttl=49 time=7.78 ms	(same route)
116 bytes from N5 icmp_seq=231 ttl=49 time=2.64 ms	(same route)
116 bytes from N5 icmp_seq=232 ttl=49 time=7.68 ms	(same route)
116 bytes from N5 icmp_seq=233 ttl=49 time=9.16 ms	(same route)
116 bytes from N5 icmp_seq=234 ttl=49 time=12.86 ms	(same route)
116 bytes from N5 icmp_seq=235 ttl=49 time=19.21 ms	(same route)
116 bytes from N5 icmp_seq=236 ttl=49 time=9.74 ms	(same route)
116 bytes from N5 icmp_seq=237 ttl=49 time=18.29 ms	(same route)
116 bytes from N5 icmp_seq=238 ttl=49 time=2.17 ms	(same route)
116 bytes from N5 icmp_seq=239 ttl=49 time=542.10 ms	(same route)
116 bytes from N5 icmp_seq=240 ttl=49 time=7.65 ms	(same route)
116 bytes from N5 icmp_seq=241 ttl=49 time=3.67 ms	(same route)
116 bytes from N5 icmp_seq=242 ttl=49 time=2.85 ms	(same route)
116 bytes from N5 icmp_seq=243 ttl=49 time=228.03 ms	(same route)
116 bytes from N5 icmp_seq=244 ttl=49 time=2.58 ms	(same route)
116 bytes from N5 icmp_seq=245 ttl=49 time=21.47 ms	(same route)
116 bytes from N5 icmp_seq=246 ttl=49 time=5.56 ms	(same route)
116 bytes from N5 icmp_seq=247 ttl=49 time=2.30 ms	(same route)
116 bytes from N5 icmp_seq=248 ttl=49 time=2.20 ms	(same route)
116 bytes from N5 icmp_seq=249 ttl=49 time=2.62 ms	(same route)
116 bytes from N5 icmp_seq=250 ttl=49 time=3.02 ms	(same route)
116 bytes from N5 icmp_seq=251 ttl=49 time=26.66 ms	(same route)
116 bytes from N5 icmp_seq=252 ttl=49 time=13.77 ms	(same route)
116 bytes from N5 icmp_seq=253 ttl=49 time=4.34 ms	(same route)
116 bytes from N5 icmp_seq=254 ttl=49 time=41.56 ms	(same route)
116 bytes from N5 icmp_seq=255 ttl=49 time=36.75 ms	(same route)
116 bytes from N5 icmp_seq=256 ttl=49 time=4.44 ms	(same route)
116 bytes from N5 icmp_seq=257 ttl=49 time=3.09 ms	(same route)
116 bytes from N5 icmp_seq=258 ttl=49 time=765.57 ms	(same route)
116 bytes from N5 icmp_seq=259 ttl=49 time=21.14 ms	(same route)
116 bytes from N5 icmp_seq=260 ttl=49 time=4.18 ms	(same route)
116 bytes from N5 icmp_seq=261 ttl=49 time=10.00 ms	(same route)
116 bytes from N5 icmp_seq=262 ttl=49 time=34.12 ms	(same route)
116 bytes from N5 icmp_seq=263 ttl=49 time=571.93 ms	(same route)
116 bytes from N5 icmp_seq=264 ttl=49 time=228.41 ms	(same route)
116 bytes from N5 icmp_seq=265 ttl=49 time=3.54 ms	(same route)
116 bytes from N5 icmp_seq=266 ttl=49 time=642.62 ms	(same route)
116 bytes from N5 icmp_seq=267 ttl=49 time=90.32 ms	(same route)
116 bytes from N5 icmp_seq=268 ttl=49 time=4.14 ms	(same route)
116 bytes from N5 icmp_seq=269 ttl=49 time=63.46 ms	(same route)
116 bytes from N5 icmp_seq=270 ttl=49 time=6.38 ms	(same route)
116 bytes from N5 icmp_seq=271 ttl=49 time=4.68 ms	(same route)
116 bytes from N5 icmp_seq=272 ttl=49 time=8.02 ms	(same route)
116 bytes from N5 icmp_seq=273 ttl=49 time=3.46 ms	(same route)
116 bytes from N5 icmp_seq=274 ttl=49 time=29.09 ms	(same route)
116 bytes from N5 icmp_seq=275 ttl=49 time=14.11 ms	(same route)
116 bytes from N5 icmp_seq=276 ttl=49 time=2.13 ms	(same route)
116 bytes from N5 icmp_seq=277 ttl=49 time=5.39 ms	(same route)
116 bytes from N5 icmp_seq=278 ttl=49 time=9.47 ms	(same route)
116 bytes from N5 icmp_seq=279 ttl=49 time=585.57 ms	(same route)
116 bytes from N5 icmp_seq=280 ttl=49 time=474.88 ms	(same route)
116 bytes from N5 icmp_seq=281 ttl=49 time=35.49 ms	(same route)
116 bytes from N5 icmp_seq=282 ttl=49 time=2.47 ms	(same route)
116 bytes from N5 icmp_seq=283 ttl=49 time=2.20 ms	(same route)
116 bytes from N5 icmp_seq=284 ttl=49 time=408.10 ms	(same route)
116 bytes from N5 icmp_seq=285 ttl=49 time=7.76 ms	(same route)
116 bytes from N5 icmp_seq=286 ttl=49 time=132.14 ms	(same route)
116 bytes from N5 icmp_seq=287 ttl=49 time=4.89 ms	(same route)
116 bytes from N5 icmp_seq=288 ttl=49 time=2.41 ms	(same route)
116 bytes from N5 icmp_seq=289 ttl=49 time=116.49 ms	(same route)
116 bytes from N5 icmp_seq=290 ttl=49 time=489.59 ms	(same route)
116 bytes from N5 icmp_seq=291 ttl=49 time=3.32 ms	(same route)
116 bytes from N5 icmp_seq=292 ttl=49 time=2.16 ms	(same route)
116 bytes from N5 icmp_seq=293 ttl=49 time=2.74 ms	(same route)
116 bytes from N5 icmp_seq=294 ttl=49 time=8.32 ms	(same route)
116 bytes from N5 icmp_seq=295 ttl=49 time=2.44 ms	(same route)
116 bytes from N5 icmp_seq=296 ttl=49 time=58.96 ms	(same route)
116 bytes from N5 icmp_seq=297 ttl=49 time=562.95 ms	(same route)
116 bytes from N5 icmp_seq=298 ttl=49 time=12.32 ms	(same route)
116 bytes from N5 icmp_seq=299 ttl=49 time=13.82 ms	(same route)
116 bytes from N5 icmp_seq=300 ttl=49 time=558.75 ms	(same route)
--- N5 ping statistics ---
306 packets transmitted, 294 received, 3% packet loss
rtt min/avg/max/mdev = 0.017/82.950/955.011/189.950 ms
