1 1 N3 N1 178 1.500 0
1 2 N3 N3 189 1.500 1
1 3 N5 N5 210 0.490 1
1 4 N1 N3 0 0.080 0
1 5 N1 N1 252 0.080 1
1 6 N4 N1 155 0.130 0
1 7 N4 N3 160 0.130 1
2 1 N3 N1 173 0.360 0
2 2 N3 N3 188 0.360 1
2 3 N5 N5 211 0.260 1
2 4 N1 N3 0 0.060 0
2 5 N1 N1 251 0.060 1
2 6 N4 N1 155 0.920 0
2 7 N4 N3 158 0.920 1
3 1 N3 N1 169 0.030 0
3 2 N3 N3 188 0.030 1
3 3 N5 N5 213 0.270 1
3 4 N1 N3 0 1.120 0
3 5 N1 N1 251 1.120 1
3 6 N4 N1 155 0.960 0
3 7 N4 N3 157 0.960 1
4 1 N3 N1 160 0.170 0
4 2 N3 N3 188 0.170 1
4 3 N5 N5 215 0.310 1
4 4 N1 N3 0 0.170 0
4 5 N1 N1 247 0.170 1
4 6 N4 N1 150 1.000 0
4 7 N4 N3 157 1.000 1
5 1 N3 N1 151 0.000 0
5 2 N3 N3 188 0.000 1
5 3 N5 N5 215 0.320 1
5 4 N1 N3 0 0.000 0
5 5 N1 N1 245 0.000 1
5 6 N4 N1 145 0.500 0
5 7 N4 N3 154 0.500 1
6 1 N3 N1 146 0.150 0
6 2 N3 N3 185 0.150 1
6 3 N5 N5 216 0.330 1
6 4 N1 N3 0 0.220 0
6 5 N1 N1 242 0.220 1
6 6 N4 N1 145 1.050 0
6 7 N4 N3 152 1.050 1
7 1 N3 N1 141 0.710 0
7 2 N3 N3 184 0.710 1
7 3 N5 N5 215 0.400 1
7 4 N1 N3 0 0.260 0
7 5 N1 N1 241 0.260 1
7 6 N4 N1 138 0.590 0
7 7 N4 N3 150 0.590 1
8 1 N3 N1 133 0.110 0
8 2 N3 N3 183 0.110 1
8 3 N5 N5 215 0.410 1
8 4 N1 N3 105 0.200 0
8 5 N1 N1 239 0.200 1
8 6 N4 N1 132 0.090 0
8 7 N4 N3 145 0.090 1
9 1 N3 N1 131 0.630 0
9 2 N3 N3 183 0.630 1
9 3 N5 N5 214 0.450 1
9 4 N1 N3 103 0.220 0
9 5 N1 N1 238 0.220 1
9 6 N4 N1 132 0.090 0
9 7 N4 N3 142 0.090 1
10 1 N3 N1 130 0.120 0
10 2 N3 N3 182 0.120 1
10 3 N5 N5 213 0.450 1
10 4 N1 N3 103 0.250 0
10 5 N1 N1 237 0.250 1
10 6 N4 N1 0 0.120 0
10 7 N4 N3 142 0.120 1
11 1 N3 N1 131 0.100 0
11 2 N3 N3 181 0.100 1
11 3 N5 N5 211 0.480 1
11 4 N1 N3 103 0.000 0
11 5 N1 N1 238 0.000 1
11 6 N4 N1 0 0.100 0
11 7 N4 N3 141 0.100 1
12 1 N3 N1 130 0.210 0
12 2 N3 N3 180 0.210 1
12 3 N5 N5 209 0.480 1
12 4 N1 N3 104 0.310 0
12 5 N1 N1 238 0.310 1
12 6 N4 N1 0 0.760 0
12 7 N4 N3 141 0.760 1
13 1 N3 N1 130 0.400 0
13 2 N3 N3 179 0.400 1
13 3 N5 N5 209 0.030 1
13 4 N1 N3 103 0.350 0
13 5 N1 N1 238 0.350 1
13 6 N4 N1 0 0.790 0
13 7 N4 N3 141 0.790 1
14 1 N3 N1 130 0.290 0
14 2 N3 N3 177 0.290 1
14 3 N5 N5 209 0.080 1
14 4 N1 N3 101 0.370 0
14 5 N1 N1 237 0.370 1
14 6 N4 N1 0 0.830 0
14 7 N4 N3 141 0.830 1
15 1 N3 N1 129 0.880 0
15 2 N3 N3 175 0.880 1
15 3 N5 N5 210 0.100 1
15 4 N1 N3 100 0.030 0
15 5 N1 N1 236 0.030 1
15 6 N4 N1 0 0.900 0
15 7 N4 N3 140 0.900 1
16 1 N3 N1 128 0.550 0
16 2 N3 N3 172 0.550 1
16 3 N5 N5 211 0.120 1
16 4 N1 N3 100 0.070 0
16 5 N1 N1 234 0.070 1
16 6 N4 N1 0 0.550 0
16 7 N4 N3 138 0.550 1
17 1 N3 N1 126 0.410 0
17 2 N3 N3 171 0.410 1
17 3 N5 N5 212 0.180 1
17 4 N1 N3 98 0.640 0
17 5 N1 N1 233 0.640 1
17 6 N4 N1 0 0.530 0
17 7 N4 N3 136 0.530 1
18 1 N3 N1 123 0.450 0
18 2 N3 N3 169 0.450 1
18 3 N5 N5 213 0.200 1
18 4 N1 N3 97 0.150 0
18 5 N1 N1 231 0.150 1
18 6 N4 N1 0 0.560 0
18 7 N4 N3 136 0.560 1
19 1 N3 N1 119 0.200 0
19 2 N3 N3 169 0.200 1
19 3 N5 N5 215 0.240 1
19 4 N1 N3 97 0.090 0
19 5 N1 N1 228 0.090 1
19 6 N4 N1 0 1.620 0
19 7 N4 N3 136 1.620 1
20 1 N3 N1 115 0.100 0
20 2 N3 N3 168 0.100 1
20 3 N5 N5 216 0.290 1
20 4 N1 N3 97 0.330 0
20 5 N1 N1 227 0.330 1
20 6 N4 N1 0 0.620 0
20 7 N4 N3 136 0.620 1
21 1 N3 N1 115 0.150 0
21 2 N3 N3 168 0.150 1
21 3 N5 N5 217 0.850 1
21 4 N1 N3 98 0.170 0
21 5 N1 N1 225 0.170 1
21 6 N4 N1 0 0.120 0
21 7 N4 N3 135 0.120 1
22 1 N3 N1 113 0.190 0
22 2 N3 N3 168 0.190 1
22 3 N5 N5 218 0.390 1
22 4 N1 N3 99 0.290 0
22 5 N1 N1 223 0.290 1
22 6 N4 N1 0 1.190 0
22 7 N4 N3 135 1.190 1
23 1 N3 N1 111 0.270 0
23 2 N3 N3 169 0.270 1
23 3 N5 N5 218 0.410 1
23 4 N1 N3 100 0.320 0
23 5 N1 N1 222 0.320 1
23 6 N4 N1 0 0.410 0
23 7 N4 N3 135 0.410 1
24 1 N3 N1 111 0.240 0
24 2 N3 N3 172 0.240 1
24 3 N5 N5 218 0.440 1
24 4 N1 N3 101 0.240 0
24 5 N1 N1 222 0.240 1
24 6 N4 N1 0 0.230 0
24 7 N4 N3 134 0.230 1
25 1 N3 N1 112 0.270 0
25 2 N3 N3 175 0.270 1
25 3 N5 N5 218 0.480 1
25 4 N1 N3 102 0.050 0
25 5 N1 N1 223 0.050 1
25 6 N4 N1 0 0.780 0
25 7 N4 N3 134 0.780 1
26 1 N3 N1 112 0.290 0
26 2 N3 N3 177 0.290 1
26 3 N5 N5 218 0.510 1
26 4 N1 N3 103 0.350 0
26 5 N1 N1 224 0.350 1
26 6 N4 N1 0 0.310 0
26 7 N4 N3 134 0.310 1
27 1 N3 N1 110 0.330 0
27 2 N3 N3 178 0.330 1
27 3 N5 N5 218 0.540 1
27 4 N1 N3 102 0.360 0
27 5 N1 N1 225 0.360 1
27 6 N4 N1 0 0.360 0
27 7 N4 N3 132 0.360 1
28 1 N3 N1 109 0.890 0
28 2 N3 N3 177 0.890 1
28 3 N5 N5 218 0.590 1
28 4 N1 N3 102 0.010 0
28 5 N1 N1 227 0.010 1
28 6 N4 N1 0 0.960 0
28 7 N4 N3 131 0.960 1
29 1 N3 N1 109 0.430 0
29 2 N3 N3 176 0.430 1
29 3 N5 N5 217 0.100 1
29 4 N1 N3 93 0.070 0
29 5 N1 N1 227 0.070 1
29 6 N4 N1 0 0.980 0
29 7 N4 N3 130 0.980 1
30 1 N3 N1 109 0.460 0
30 2 N3 N3 176 0.460 1
30 3 N5 N5 217 0.130 1
30 4 N1 N3 87 0.100 0
30 5 N1 N1 228 0.100 1
30 6 N4 N1 0 0.460 0
30 7 N4 N3 129 0.460 1
31 1 N3 N1 0 0.030 0
31 2 N3 N3 173 0.030 1
31 3 N5 N5 217 0.720 1
31 4 N1 N3 78 0.170 0
31 5 N1 N1 229 0.170 1
31 6 N4 N1 0 0.570 0
31 7 N4 N3 128 0.570 1
32 1 N3 N1 123 0.500 0
32 2 N3 N3 172 0.500 1
32 3 N5 N5 218 0.770 1
32 4 N1 N3 75 0.090 0
32 5 N1 N1 230 0.090 1
32 6 N4 N1 0 0.120 0
32 7 N4 N3 127 0.120 1
33 1 N3 N1 125 0.570 0
33 2 N3 N3 171 0.570 1
33 3 N5 N5 219 0.290 1
33 4 N1 N3 76 0.640 0
33 5 N1 N1 230 0.640 1
33 6 N4 N1 0 0.170 0
33 7 N4 N3 127 0.170 1
34 1 N3 N1 127 0.180 0
34 2 N3 N3 169 0.180 1
34 3 N5 N5 221 0.310 1
34 4 N1 N3 75 0.270 0
34 5 N1 N1 230 0.270 1
34 6 N4 N1 0 0.220 0
34 7 N4 N3 127 0.220 1
35 1 N3 N1 127 0.130 0
35 2 N3 N3 168 0.130 1
35 3 N5 N5 222 0.360 1
35 4 N1 N3 75 0.140 0
35 5 N1 N1 230 0.140 1
35 6 N4 N1 0 0.140 0
35 7 N4 N3 126 0.140 1
36 1 N3 N1 129 0.260 0
36 2 N3 N3 168 0.260 1
36 3 N5 N5 224 0.370 1
36 4 N1 N3 76 0.840 0
36 5 N1 N1 230 0.840 1
36 6 N4 N1 0 0.820 0
36 7 N4 N3 126 0.820 1
37 1 N3 N1 130 0.180 0
37 2 N3 N3 171 0.180 1
37 3 N5 N5 226 0.410 1
37 4 N1 N3 78 0.330 0
37 5 N1 N1 229 0.330 1
37 6 N4 N1 0 1.880 0
37 7 N4 N3 126 1.880 1
38 1 N3 N1 130 0.220 0
38 2 N3 N3 172 0.220 1
38 3 N5 N5 228 0.440 1
38 4 N1 N3 78 0.440 0
38 5 N1 N1 229 0.440 1
38 6 N4 N1 0 0.400 0
38 7 N4 N3 126 0.400 1
39 1 N3 N1 129 0.360 0
39 2 N3 N3 176 0.360 1
39 3 N5 N5 229 0.480 1
39 4 N1 N3 79 0.500 0
39 5 N1 N1 228 0.500 1
39 6 N4 N1 0 0.410 0
39 7 N4 N3 128 0.410 1
40 1 N3 N1 127 0.250 0
40 2 N3 N3 178 0.250 1
40 3 N5 N5 231 0.510 1
40 4 N1 N3 79 0.520 0
40 5 N1 N1 228 0.520 1
40 6 N4 N1 0 1.470 0
40 7 N4 N3 128 1.470 1
41 1 N3 N1 125 0.140 0
41 2 N3 N3 180 0.140 1
41 3 N5 N5 233 0.040 1
41 4 N1 N3 79 0.150 0
41 5 N1 N1 228 0.150 1
41 6 N4 N1 0 0.470 0
41 7 N4 N3 131 0.470 1
42 1 N3 N1 124 0.310 0
42 2 N3 N3 180 0.310 1
42 3 N5 N5 234 0.070 1
42 4 N1 N3 0 0.060 0
42 5 N1 N1 227 0.060 1
42 6 N4 N1 0 1.540 0
42 7 N4 N3 131 1.540 1
43 1 N3 N1 124 0.480 0
43 2 N3 N3 180 0.480 1
43 3 N5 N5 234 0.120 1
43 4 N1 N3 0 0.080 0
43 5 N1 N1 227 0.080 1
43 6 N4 N1 0 0.530 0
43 7 N4 N3 133 0.530 1
44 1 N3 N1 123 0.410 0
44 2 N3 N3 181 0.410 1
44 3 N5 N5 234 0.150 1
44 4 N1 N3 0 0.090 0
44 5 N1 N1 226 0.090 1
44 6 N4 N1 0 1.590 0
44 7 N4 N3 133 1.590 1
45 1 N3 N1 123 0.030 0
45 2 N3 N3 182 0.030 1
45 3 N5 N5 234 0.170 1
45 4 N1 N3 0 0.150 0
45 5 N1 N1 226 0.150 1
45 6 N4 N1 0 0.130 0
45 7 N4 N3 137 0.130 1
46 1 N3 N1 124 0.090 0
46 2 N3 N3 183 0.090 1
46 3 N5 N5 235 0.190 1
46 4 N1 N3 0 0.700 0
46 5 N1 N1 226 0.700 1
46 6 N4 N1 0 0.150 0
46 7 N4 N3 141 0.150 1
47 1 N3 N1 125 0.070 0
47 2 N3 N3 182 0.070 1
47 3 N5 N5 235 0.250 1
47 4 N1 N3 0 0.100 0
47 5 N1 N1 225 0.100 1
47 6 N4 N1 0 0.690 0
47 7 N4 N3 142 0.690 1
48 1 N3 N1 126 0.160 0
48 2 N3 N3 181 0.160 1
48 3 N5 N5 235 0.260 1
48 4 N1 N3 0 0.810 0
48 5 N1 N1 225 0.810 1
48 6 N4 N1 0 0.240 0
48 7 N4 N3 143 0.240 1
49 1 N3 N1 126 0.100 0
49 2 N3 N3 181 0.100 1
49 3 N5 N5 235 0.310 1
49 4 N1 N3 0 0.230 0
49 5 N1 N1 225 0.230 1
49 6 N4 N1 0 0.260 0
49 7 N4 N3 144 0.260 1
50 1 N3 N1 128 0.110 0
50 2 N3 N3 180 0.110 1
50 3 N5 N5 235 0.320 1
50 4 N1 N3 0 0.370 0
50 5 N1 N1 224 0.370 1
50 6 N4 N1 0 0.260 0
50 7 N4 N3 145 0.260 1
51 1 N3 N1 128 0.120 0
51 2 N3 N3 180 0.120 1
51 3 N5 N5 236 0.340 1
51 4 N1 N3 0 0.410 0
51 5 N1 N1 224 0.410 1
51 6 N4 N1 0 0.300 0
51 7 N4 N3 145 0.300 1
52 1 N3 N1 129 0.790 0
52 2 N3 N3 180 0.790 1
52 3 N5 N5 236 0.410 1
52 4 N1 N3 0 0.450 0
52 5 N1 N1 223 0.450 1
52 6 N4 N1 0 0.320 0
52 7 N4 N3 143 0.320 1
53 1 N3 N1 129 0.550 0
53 2 N3 N3 180 0.550 1
53 3 N5 N5 236 0.460 1
53 4 N1 N3 0 0.490 0
53 5 N1 N1 223 0.490 1
53 6 N4 N1 0 1.390 0
53 7 N4 N3 143 1.390 1
54 1 N3 N1 129 0.450 0
54 2 N3 N3 179 0.450 1
54 3 N5 N5 236 0.030 1
54 4 N1 N3 0 1.630 0
54 5 N1 N1 223 1.630 1
54 6 N4 N1 0 2.530 0
54 7 N4 N3 143 2.530 1
55 1 N3 N1 129 0.040 0
55 2 N3 N3 179 0.040 1
55 3 N5 N5 237 0.090 1
55 4 N1 N3 0 0.030 0
55 5 N1 N1 219 0.030 1
55 6 N4 N1 0 3.600 0
55 7 N4 N3 143 3.600 1
56 1 N3 N1 128 0.310 0
56 2 N3 N3 178 0.310 1
56 3 N5 N5 237 0.130 1
56 4 N1 N3 0 1.090 0
56 5 N1 N1 219 1.090 1
56 6 N4 N1 0 0.020 0
56 7 N4 N3 143 0.020 1
57 1 N3 N1 128 1.380 0
57 2 N3 N3 178 1.380 1
57 3 N5 N5 238 0.160 1
57 4 N1 N3 0 0.670 0
57 5 N1 N1 217 0.670 1
57 6 N4 N1 0 1.090 0
57 7 N4 N3 143 1.090 1
58 1 N3 N1 126 0.390 0
58 2 N3 N3 177 0.390 1
58 3 N5 N5 237 0.190 1
58 4 N1 N3 97 0.110 0
58 5 N1 N1 216 0.110 1
58 6 N4 N1 0 0.080 0
58 7 N4 N3 143 0.080 1
59 1 N3 N1 126 0.450 0
59 2 N3 N3 177 0.450 1
59 3 N5 N5 236 0.250 1
59 4 N1 N3 97 0.820 0
59 5 N1 N1 215 0.820 1
59 6 N4 N1 0 0.110 0
59 7 N4 N3 143 0.110 1
60 1 N3 N1 126 1.520 0
60 2 N3 N3 177 1.520 1
60 3 N5 N5 235 0.270 1
60 4 N1 N3 97 0.860 0
60 5 N1 N1 215 0.860 1
60 6 N4 N1 0 0.140 0
60 7 N4 N3 144 0.140 1
61 1 N3 N1 126 2.580 0
61 2 N3 N3 177 2.580 1
61 3 N5 N5 233 0.320 1
61 4 N1 N3 97 1.920 0
61 5 N1 N1 215 1.920 1
61 6 N4 N1 0 1.200 0
61 7 N4 N3 144 1.200 1
62 1 N3 N1 126 0.570 0
62 2 N3 N3 179 0.570 1
62 3 N5 N5 230 0.360 1
62 4 N1 N3 97 0.880 0
62 5 N1 N1 214 0.880 1
62 6 N4 N1 0 0.580 0
62 7 N4 N3 144 0.580 1
63 1 N3 N1 124 0.130 0
63 2 N3 N3 179 0.130 1
63 3 N5 N5 225 0.420 1
63 4 N1 N3 97 1.960 0
63 5 N1 N1 214 1.960 1
63 6 N4 N1 0 0.140 0
63 7 N4 N3 144 0.140 1
64 1 N3 N1 123 0.120 0
64 2 N3 N3 178 0.120 1
64 3 N5 N5 218 0.000 1
64 4 N1 N3 97 1.060 0
64 5 N1 N1 213 1.060 1
64 6 N4 N1 0 1.260 0
64 7 N4 N3 144 1.260 1
65 1 N3 N1 123 0.420 0
65 2 N3 N3 177 0.420 1
65 3 N5 N5 213 0.030 1
65 4 N1 N3 97 2.130 0
65 5 N1 N1 213 2.130 1
65 6 N4 N1 0 2.330 0
65 7 N4 N3 144 2.330 1
66 1 N3 N1 121 0.090 0
66 2 N3 N3 171 0.090 1
66 3 N5 N5 210 0.040 1
66 4 N1 N3 83 0.080 0
66 5 N1 N1 211 0.080 1
66 6 N4 N1 0 0.110 0
66 7 N4 N3 142 0.110 1
67 1 N3 N1 113 0.640 0
67 2 N3 N3 171 0.640 1
67 3 N5 N5 209 0.070 1
67 4 N1 N3 83 0.050 0
67 5 N1 N1 210 0.050 1
67 6 N4 N1 0 1.170 0
67 7 N4 N3 142 1.170 1
68 1 N3 N1 103 0.660 0
68 2 N3 N3 169 0.660 1
68 3 N5 N5 207 0.120 1
68 4 N1 N3 72 0.110 0
68 5 N1 N1 209 0.110 1
68 6 N4 N1 0 0.780 0
68 7 N4 N3 138 0.780 1
69 1 N3 N1 97 0.540 0
69 2 N3 N3 168 0.540 1
69 3 N5 N5 206 0.150 1
69 4 N1 N3 75 0.560 0
69 5 N1 N1 209 0.560 1
69 6 N4 N1 0 0.550 0
69 7 N4 N3 133 0.550 1
70 1 N3 N1 101 0.050 0
70 2 N3 N3 163 0.050 1
70 3 N5 N5 206 0.190 1
70 4 N1 N3 76 0.050 0
70 5 N1 N1 209 0.050 1
70 6 N4 N1 0 0.070 0
70 7 N4 N3 129 0.070 1
71 1 N3 N1 103 0.080 0
71 2 N3 N3 161 0.080 1
71 3 N5 N5 206 0.740 1
71 4 N1 N3 76 0.100 0
71 5 N1 N1 210 0.100 1
71 6 N4 N1 0 1.130 0
71 7 N4 N3 129 1.130 1
72 1 N3 N1 110 0.500 0
72 2 N3 N3 161 0.500 1
72 3 N5 N5 208 0.280 1
72 4 N1 N3 76 0.760 0
72 5 N1 N1 210 0.760 1
72 6 N4 N1 0 0.630 0
72 7 N4 N3 127 0.630 1
73 1 N3 N1 112 0.130 0
73 2 N3 N3 163 0.130 1
73 3 N5 N5 210 0.340 1
73 4 N1 N3 77 0.190 0
73 5 N1 N1 214 0.190 1
73 6 N4 N1 0 0.130 0
73 7 N4 N3 126 0.130 1
74 1 N3 N1 113 0.700 0
74 2 N3 N3 164 0.700 1
74 3 N5 N5 213 0.370 1
74 4 N1 N3 77 0.270 0
74 5 N1 N1 216 0.270 1
74 6 N4 N1 0 0.160 0
74 7 N4 N3 123 0.160 1
75 1 N3 N1 116 0.130 0
75 2 N3 N3 167 0.130 1
75 3 N5 N5 215 0.400 1
75 4 N1 N3 77 0.400 0
75 5 N1 N1 218 0.400 1
75 6 N4 N1 0 0.210 0
75 7 N4 N3 121 0.210 1
76 1 N3 N1 118 0.280 0
76 2 N3 N3 169 0.280 1
76 3 N5 N5 215 0.440 1
76 4 N1 N3 76 0.410 0
76 5 N1 N1 220 0.410 1
76 6 N4 N1 0 0.250 0
76 7 N4 N3 117 0.250 1
77 1 N3 N1 116 0.350 0
77 2 N3 N3 171 0.350 1
77 3 N5 N5 215 0.490 1
77 4 N1 N3 77 0.950 0
77 5 N1 N1 221 0.950 1
77 6 N4 N1 0 1.320 0
77 7 N4 N3 117 1.320 1
78 1 N3 N1 114 0.280 0
78 2 N3 N3 173 0.280 1
78 3 N5 N5 215 0.030 1
78 4 N1 N3 79 0.030 0
78 5 N1 N1 223 0.030 1
78 6 N4 N1 0 2.390 0
78 7 N4 N3 117 2.390 1
79 1 N3 N1 113 0.100 0
79 2 N3 N3 175 0.100 1
79 3 N5 N5 214 0.070 1
79 4 N1 N3 79 0.040 0
79 5 N1 N1 223 0.040 1
79 6 N4 N1 0 3.460 0
79 7 N4 N3 117 3.460 1
80 1 N3 N1 112 0.500 0
80 2 N3 N3 177 0.500 1
80 3 N5 N5 211 0.140 1
80 4 N1 N3 79 0.640 0
80 5 N1 N1 223 0.640 1
80 6 N4 N1 0 0.470 0
80 7 N4 N3 115 0.470 1
81 1 N3 N1 108 0.010 0
81 2 N3 N3 177 0.010 1
81 3 N5 N5 208 0.150 1
81 4 N1 N3 79 0.080 0
81 5 N1 N1 223 0.080 1
81 6 N4 N1 0 0.520 0
81 7 N4 N3 112 0.520 1
82 1 N3 N1 105 0.040 0
82 2 N3 N3 175 0.040 1
82 3 N5 N5 206 0.200 1
82 4 N1 N3 0 0.170 0
82 5 N1 N1 223 0.170 1
82 6 N4 N1 0 0.540 0
82 7 N4 N3 110 0.540 1
83 1 N3 N1 102 0.110 0
83 2 N3 N3 172 0.110 1
83 3 N5 N5 203 0.260 1
83 4 N1 N3 0 0.740 0
83 5 N1 N1 222 0.740 1
83 6 N4 N1 0 0.110 0
83 7 N4 N3 109 0.110 1
84 1 N3 N1 100 0.140 0
84 2 N3 N3 168 0.140 1
84 3 N5 N5 202 0.290 1
84 4 N1 N3 0 0.240 0
84 5 N1 N1 222 0.240 1
84 6 N4 N1 0 0.140 0
84 7 N4 N3 108 0.140 1
85 1 N3 N1 97 0.160 0
85 2 N3 N3 164 0.160 1
85 3 N5 N5 199 0.290 1
85 4 N1 N3 0 0.250 0
85 5 N1 N1 222 0.250 1
85 6 N4 N1 0 0.160 0
85 7 N4 N3 108 0.160 1
86 1 N3 N1 96 0.220 0
86 2 N3 N3 162 0.220 1
86 3 N5 N5 197 0.320 1
86 4 N1 N3 0 0.150 0
86 5 N1 N1 221 0.150 1
86 6 N4 N1 0 0.190 0
86 7 N4 N3 107 0.190 1
87 1 N3 N1 96 0.570 0
87 2 N3 N3 160 0.570 1
87 3 N5 N5 196 0.330 1
87 4 N1 N3 0 0.290 0
87 5 N1 N1 221 0.290 1
87 6 N4 N1 0 0.720 0
87 7 N4 N3 107 0.720 1
88 1 N3 N1 95 0.140 0
88 2 N3 N3 157 0.140 1
88 3 N5 N5 195 0.380 1
88 4 N1 N3 0 0.340 0
88 5 N1 N1 222 0.340 1
88 6 N4 N1 0 1.790 0
88 7 N4 N3 107 1.790 1
89 1 N3 N1 95 0.280 0
89 2 N3 N3 157 0.280 1
89 3 N5 N5 195 0.410 1
89 4 N1 N3 0 0.370 0
89 5 N1 N1 223 0.370 1
89 6 N4 N1 0 0.310 0
89 7 N4 N3 107 0.310 1
90 1 N3 N1 98 0.190 0
90 2 N3 N3 156 0.190 1
90 3 N5 N5 195 0.470 1
90 4 N1 N3 0 0.410 0
90 5 N1 N1 223 0.410 1
90 6 N4 N1 0 0.380 0
90 7 N4 N3 107 0.380 1
91 1 N3 N1 98 0.860 0
91 2 N3 N3 156 0.860 1
91 3 N5 N5 196 0.490 1
91 4 N1 N3 0 0.440 0
91 5 N1 N1 225 0.440 1
91 6 N4 N1 0 0.420 0
91 7 N4 N3 108 0.420 1
92 1 N3 N1 98 0.380 0
92 2 N3 N3 158 0.380 1
92 3 N5 N5 199 0.020 1
92 4 N1 N3 0 0.480 0
92 5 N1 N1 226 0.480 1
92 6 N4 N1 0 0.470 0
92 7 N4 N3 108 0.470 1
93 1 N3 N1 99 0.420 0
93 2 N3 N3 161 0.420 1
93 3 N5 N5 202 0.070 1
93 4 N1 N3 108 0.020 0
93 5 N1 N1 226 0.020 1
93 6 N4 N1 0 0.000 0
93 7 N4 N3 109 0.000 1
94 1 N3 N1 99 0.460 0
94 2 N3 N3 163 0.460 1
94 3 N5 N5 205 0.110 1
94 4 N1 N3 107 0.490 0
94 5 N1 N1 227 0.490 1
94 6 N4 N1 0 0.050 0
94 7 N4 N3 112 0.050 1
95 1 N3 N1 99 0.180 0
95 2 N3 N3 164 0.180 1
95 3 N5 N5 208 0.170 1
95 4 N1 N3 107 0.090 0
95 5 N1 N1 229 0.090 1
95 6 N4 N1 0 0.190 0
95 7 N4 N3 113 0.190 1
96 1 N3 N1 100 0.080 0
96 2 N3 N3 167 0.080 1
96 3 N5 N5 211 0.200 1
96 4 N1 N3 106 0.150 0
96 5 N1 N1 231 0.150 1
96 6 N4 N1 0 0.160 0
96 7 N4 N3 117 0.160 1
97 1 N3 N1 100 0.610 0
97 2 N3 N3 169 0.610 1
97 3 N5 N5 214 0.240 1
97 4 N1 N3 107 0.200 0
97 5 N1 N1 232 0.200 1
97 6 N4 N1 0 0.230 0
97 7 N4 N3 120 0.230 1
98 1 N3 N1 104 0.130 0
98 2 N3 N3 173 0.130 1
98 3 N5 N5 216 0.290 1
98 4 N1 N3 111 0.140 0
98 5 N1 N1 232 0.140 1
98 6 N4 N1 0 0.240 0
98 7 N4 N3 122 0.240 1
99 1 N3 N1 103 0.180 0
99 2 N3 N3 175 0.180 1
99 3 N5 N5 218 0.330 1
99 4 N1 N3 110 0.190 0
99 5 N1 N1 232 0.190 1
99 6 N4 N1 0 1.310 0
99 7 N4 N3 122 1.310 1
100 1 N3 N1 103 1.240 0
100 2 N3 N3 175 1.240 1
100 3 N5 N5 218 0.350 1
100 4 N1 N3 111 0.300 0
100 5 N1 N1 232 0.300 1
100 6 N4 N1 0 0.820 0
100 7 N4 N3 124 0.820 1
101 1 N3 N1 0 0.250 0
101 2 N3 N3 176 0.250 1
101 3 N5 N5 219 0.370 1
101 4 N1 N3 113 0.320 0
101 5 N1 N1 233 0.320 1
101 6 N4 N1 0 0.330 0
101 7 N4 N3 124 0.330 1
102 1 N3 N1 0 0.280 0
102 2 N3 N3 178 0.280 1
102 3 N5 N5 219 0.390 1
102 4 N1 N3 114 0.280 0
102 5 N1 N1 233 0.280 1
102 6 N4 N1 0 0.930 0
102 7 N4 N3 125 0.930 1
103 1 N3 N1 0 0.310 0
103 2 N3 N3 180 0.310 1
103 3 N5 N5 218 0.410 1
103 4 N1 N3 113 0.330 0
103 5 N1 N1 233 0.330 1
103 6 N4 N1 0 0.930 0
103 7 N4 N3 127 0.930 1
104 1 N3 N1 0 0.030 0
104 2 N3 N3 180 0.030 1
104 3 N5 N5 216 0.450 1
104 4 N1 N3 110 0.450 0
104 5 N1 N1 232 0.450 1
104 6 N4 N1 0 2.000 0
104 7 N4 N3 127 2.000 1
105 1 N3 N1 0 0.270 0
105 2 N3 N3 180 0.270 1
105 3 N5 N5 213 0.020 1
105 4 N1 N3 110 0.580 0
105 5 N1 N1 232 0.580 1
105 6 N4 N1 0 0.020 0
105 7 N4 N3 127 0.020 1
106 1 N3 N1 0 0.470 0
106 2 N3 N3 179 0.470 1
106 3 N5 N5 211 0.070 1
106 4 N1 N3 111 0.120 0
106 5 N1 N1 233 0.120 1
106 6 N4 N1 0 0.070 0
106 7 N4 N3 128 0.070 1
107 1 N3 N1 0 0.480 0
107 2 N3 N3 178 0.480 1
107 3 N5 N5 211 0.120 1
107 4 N1 N3 111 0.150 0
107 5 N1 N1 234 0.150 1
107 6 N4 N1 0 1.130 0
107 7 N4 N3 128 1.130 1
108 1 N3 N1 0 0.530 0
108 2 N3 N3 176 0.530 1
108 3 N5 N5 210 0.150 1
108 4 N1 N3 111 0.070 0
108 5 N1 N1 234 0.070 1
108 6 N4 N1 0 0.170 0
108 7 N4 N3 127 0.170 1
109 1 N3 N1 0 0.050 0
109 2 N3 N3 174 0.050 1
109 3 N5 N5 209 0.170 1
109 4 N1 N3 114 0.100 0
109 5 N1 N1 235 0.100 1
109 6 N4 N1 0 0.220 0
109 7 N4 N3 128 0.220 1
110 1 N3 N1 136 0.120 0
110 2 N3 N3 174 0.120 1
110 3 N5 N5 210 0.210 1
110 4 N1 N3 115 0.750 0
110 5 N1 N1 236 0.750 1
110 6 N4 N1 0 0.260 0
110 7 N4 N3 128 0.260 1
111 1 N3 N1 136 0.150 0
111 2 N3 N3 172 0.150 1
111 3 N5 N5 210 0.280 1
111 4 N1 N3 117 0.040 0
111 5 N1 N1 236 0.040 1
111 6 N4 N1 0 0.300 0
111 7 N4 N3 127 0.300 1
112 1 N3 N1 138 0.080 0
112 2 N3 N3 171 0.080 1
112 3 N5 N5 211 0.360 1
112 4 N1 N3 117 0.880 0
112 5 N1 N1 236 0.880 1
112 6 N4 N1 0 0.330 0
112 7 N4 N3 127 0.330 1
113 1 N3 N1 138 0.260 0
113 2 N3 N3 171 0.260 1
113 3 N5 N5 213 0.370 1
113 4 N1 N3 117 0.150 0
113 5 N1 N1 237 0.150 1
113 6 N4 N1 0 0.390 0
113 7 N4 N3 127 0.390 1
114 1 N3 N1 138 0.830 0
114 2 N3 N3 172 0.830 1
114 3 N5 N5 214 0.420 1
114 4 N1 N3 116 0.370 0
114 5 N1 N1 237 0.370 1
114 6 N4 N1 0 1.460 0
114 7 N4 N3 127 1.460 1
115 1 N3 N1 138 0.220 0
115 2 N3 N3 174 0.220 1
115 3 N5 N5 214 0.440 1
115 4 N1 N3 112 0.220 0
115 5 N1 N1 238 0.220 1
115 6 N4 N1 0 2.530 0
115 7 N4 N3 127 2.530 1
116 1 N3 N1 138 0.400 0
116 2 N3 N3 176 0.400 1
116 3 N5 N5 215 0.460 1
116 4 N1 N3 112 0.120 0
116 5 N1 N1 239 0.120 1
116 6 N4 N1 0 1.010 0
116 7 N4 N3 128 1.010 1
117 1 N3 N1 154 0.320 0
117 2 N3 N3 178 0.320 1
117 3 N5 N5 215 1.030 1
117 4 N1 N3 109 0.150 0
117 5 N1 N1 241 0.150 1
117 6 N4 N1 0 0.530 0
117 7 N4 N3 130 0.530 1
118 1 N3 N1 156 0.870 0
118 2 N3 N3 179 0.870 1
118 3 N5 N5 214 0.000 1
118 4 N1 N3 108 0.200 0
118 5 N1 N1 241 0.200 1
118 6 N4 N1 0 0.070 0
118 7 N4 N3 131 0.070 1
119 1 N3 N1 156 0.400 0
119 2 N3 N3 183 0.400 1
119 3 N5 N5 213 0.010 1
119 4 N1 N3 107 0.250 0
119 5 N1 N1 243 0.250 1
119 6 N4 N1 0 0.110 0
119 7 N4 N3 132 0.110 1
120 1 N3 N1 159 0.530 0
120 2 N3 N3 185 0.530 1
120 3 N5 N5 213 0.030 1
120 4 N1 N3 109 0.150 0
120 5 N1 N1 244 0.150 1
120 6 N4 N1 0 0.150 0
120 7 N4 N3 134 0.150 1
121 1 N3 N1 158 0.030 0
121 2 N3 N3 189 0.030 1
121 3 N5 N5 212 0.080 1
121 4 N1 N3 109 0.300 0
121 5 N1 N1 244 0.300 1
121 6 N4 N1 0 1.210 0
121 7 N4 N3 134 1.210 1
122 1 N3 N1 157 0.100 0
122 2 N3 N3 192 0.100 1
122 3 N5 N5 210 0.130 1
122 4 N1 N3 110 0.210 0
122 5 N1 N1 243 0.210 1
122 6 N4 N1 0 2.280 0
122 7 N4 N3 134 2.280 1
123 1 N3 N1 154 0.130 0
123 2 N3 N3 193 0.130 1
123 3 N5 N5 209 0.150 1
123 4 N1 N3 111 0.250 0
123 5 N1 N1 243 0.250 1
123 6 N4 N1 0 0.200 0
123 7 N4 N3 140 0.200 1
124 1 N3 N1 155 0.070 0
124 2 N3 N3 194 0.070 1
124 3 N5 N5 208 0.190 1
124 4 N1 N3 112 0.290 0
124 5 N1 N1 241 0.290 1
124 6 N4 N1 0 0.290 0
124 7 N4 N3 145 0.290 1
125 1 N3 N1 155 0.220 0
125 2 N3 N3 195 0.220 1
125 3 N5 N5 207 0.250 1
125 4 N1 N3 112 0.440 0
125 5 N1 N1 241 0.440 1
125 6 N4 N1 0 0.840 0
125 7 N4 N3 148 0.840 1
126 1 N3 N1 153 0.640 0
126 2 N3 N3 196 0.640 1
126 3 N5 N5 207 0.290 1
126 4 N1 N3 115 0.000 0
126 5 N1 N1 239 0.000 1
126 6 N4 N1 0 0.850 0
126 7 N4 N3 151 0.850 1
127 1 N3 N1 152 0.160 0
127 2 N3 N3 194 0.160 1
127 3 N5 N5 208 0.850 1
127 4 N1 N3 116 0.160 0
127 5 N1 N1 238 0.160 1
127 6 N4 N1 0 1.920 0
127 7 N4 N3 151 1.920 1
128 1 N3 N1 150 0.640 0
128 2 N3 N3 193 0.640 1
128 3 N5 N5 209 0.410 1
128 4 N1 N3 117 0.090 0
128 5 N1 N1 239 0.090 1
128 6 N4 N1 0 2.990 0
128 7 N4 N3 151 2.990 1
129 1 N3 N1 149 0.350 0
129 2 N3 N3 192 0.350 1
129 3 N5 N5 209 0.430 1
129 4 N1 N3 117 0.110 0
129 5 N1 N1 239 0.110 1
129 6 N4 N1 0 0.490 0
129 7 N4 N3 157 0.490 1
130 1 N3 N1 151 0.320 0
130 2 N3 N3 191 0.320 1
130 3 N5 N5 210 0.500 1
130 4 N1 N3 122 0.060 0
130 5 N1 N1 240 0.060 1
130 6 N4 N1 0 0.550 0
130 7 N4 N3 161 0.550 1
131 1 N3 N1 150 0.260 0
131 2 N3 N3 192 0.260 1
131 3 N5 N5 211 0.510 1
131 4 N1 N3 122 0.100 0
131 5 N1 N1 241 0.100 1
131 6 N4 N1 0 0.600 0
131 7 N4 N3 163 0.600 1
132 1 N3 N1 151 0.910 0
132 2 N3 N3 193 0.910 1
132 3 N5 N5 210 0.510 1
132 4 N1 N3 122 0.100 0
132 5 N1 N1 242 0.100 1
132 6 N4 N1 0 0.080 0
132 7 N4 N3 165 0.080 1
133 1 N3 N1 155 0.420 0
133 2 N3 N3 192 0.420 1
133 3 N5 N5 209 0.000 1
133 4 N1 N3 124 0.270 0
133 5 N1 N1 242 0.270 1
133 6 N4 N1 0 0.130 0
133 7 N4 N3 166 0.130 1
134 1 N3 N1 165 0.070 0
134 2 N3 N3 192 0.070 1
134 3 N5 N5 208 0.020 1
134 4 N1 N3 124 0.210 0
134 5 N1 N1 243 0.210 1
134 6 N4 N1 0 0.190 0
134 7 N4 N3 165 0.190 1
135 1 N3 N1 165 0.010 0
135 2 N3 N3 192 0.010 1
135 3 N5 N5 208 0.040 1
135 4 N1 N3 122 0.350 0
135 5 N1 N1 244 0.350 1
135 6 N4 N1 0 0.250 0
135 7 N4 N3 165 0.250 1
136 1 N3 N1 165 0.530 0
136 2 N3 N3 192 0.530 1
136 3 N5 N5 208 0.090 1
136 4 N1 N3 120 0.250 0
136 5 N1 N1 243 0.250 1
136 6 N4 N1 0 0.240 0
136 7 N4 N3 164 0.240 1
137 1 N3 N1 165 1.590 0
137 2 N3 N3 192 1.590 1
137 3 N5 N5 208 0.150 1
137 4 N1 N3 119 0.380 0
137 5 N1 N1 242 0.380 1
137 6 N4 N1 0 1.300 0
137 7 N4 N3 164 1.300 1
138 1 N3 N1 163 0.660 0
138 2 N3 N3 190 0.660 1
138 3 N5 N5 208 0.190 1
138 4 N1 N3 119 0.440 0
138 5 N1 N1 242 0.440 1
138 6 N4 N1 0 0.770 0
138 7 N4 N3 163 0.770 1
139 1 N3 N1 161 0.390 0
139 2 N3 N3 187 0.390 1
139 3 N5 N5 210 0.240 1
139 4 N1 N3 113 0.380 0
139 5 N1 N1 242 0.380 1
139 6 N4 N1 0 1.040 0
139 7 N4 N3 163 1.040 1
140 1 N3 N1 158 0.470 0
140 2 N3 N3 185 0.470 1
140 3 N5 N5 212 0.290 1
140 4 N1 N3 111 0.020 0
140 5 N1 N1 241 0.020 1
140 6 N4 N1 0 2.100 0
140 7 N4 N3 163 2.100 1
141 1 N3 N1 155 0.220 0
141 2 N3 N3 184 0.220 1
141 3 N5 N5 215 0.330 1
141 4 N1 N3 107 0.560 0
141 5 N1 N1 242 0.560 1
141 6 N4 N1 0 0.810 0
141 7 N4 N3 161 0.810 1
142 1 N3 N1 155 1.290 0
142 2 N3 N3 184 1.290 1
142 3 N5 N5 217 0.350 1
142 4 N1 N3 107 0.100 0
142 5 N1 N1 243 0.100 1
142 6 N4 N1 0 0.490 0
142 7 N4 N3 158 0.490 1
143 1 N3 N1 153 0.310 0
143 2 N3 N3 184 0.310 1
143 3 N5 N5 218 0.390 1
143 4 N1 N3 107 1.170 0
143 5 N1 N1 243 1.170 1
143 6 N4 N1 0 1.560 0
143 7 N4 N3 158 1.560 1
144 1 N3 N1 151 0.340 0
144 2 N3 N3 184 0.340 1
144 3 N5 N5 219 0.430 1
144 4 N1 N3 104 0.210 0
144 5 N1 N1 245 0.210 1
144 6 N4 N1 0 2.630 0
144 7 N4 N3 158 2.630 1
145 1 N3 N1 147 0.040 0
145 2 N3 N3 186 0.040 1
145 3 N5 N5 221 0.460 1
145 4 N1 N3 104 0.250 0
145 5 N1 N1 247 0.250 1
145 6 N4 N1 0 0.100 0
145 7 N4 N3 158 0.100 1
146 1 N3 N1 147 0.050 0
146 2 N3 N3 188 0.050 1
146 3 N5 N5 222 0.480 1
146 4 N1 N3 104 0.790 0
146 5 N1 N1 248 0.790 1
146 6 N4 N1 0 0.140 0
146 7 N4 N3 159 0.140 1
147 1 N3 N1 145 0.090 0
147 2 N3 N3 191 0.090 1
147 3 N5 N5 224 0.490 1
147 4 N1 N3 104 0.290 0
147 5 N1 N1 250 0.290 1
147 6 N4 N1 0 0.190 0
147 7 N4 N3 160 0.190 1
148 1 N3 N1 139 0.000 0
148 2 N3 N3 192 0.000 1
148 3 N5 N5 226 0.030 1
148 4 N1 N3 101 0.350 0
148 5 N1 N1 252 0.350 1
148 6 N4 N1 0 0.720 0
148 7 N4 N3 160 0.720 1
149 1 N3 N1 137 0.050 0
149 2 N3 N3 193 0.050 1
149 3 N5 N5 227 0.060 1
149 4 N1 N3 0 0.380 0
149 5 N1 N1 253 0.380 1
149 6 N4 N1 0 0.290 0
149 7 N4 N3 160 0.290 1
150 1 N3 N1 135 0.100 0
150 2 N3 N3 194 0.100 1
150 3 N5 N5 228 0.080 1
150 4 N1 N3 0 0.410 0
150 5 N1 N1 254 0.410 1
150 6 N4 N1 0 0.340 0
150 7 N4 N3 159 0.340 1
151 1 N3 N1 135 0.280 0
151 2 N3 N3 194 0.280 1
151 3 N5 N5 230 0.130 1
151 4 N1 N3 0 1.480 0
151 5 N1 N1 254 1.480 1
151 6 N4 N1 0 0.900 0
151 7 N4 N3 159 0.900 1
152 1 N3 N1 135 0.180 0
152 2 N3 N3 193 0.180 1
152 3 N5 N5 231 0.160 1
152 4 N1 N3 0 0.020 0
152 5 N1 N1 253 0.020 1
152 6 N4 N1 0 0.900 0
152 7 N4 N3 159 0.900 1
153 1 N3 N1 135 0.220 0
153 2 N3 N3 192 0.220 1
153 3 N5 N5 233 0.180 1
153 4 N1 N3 0 0.030 0
153 5 N1 N1 253 0.030 1
153 6 N4 N1 0 0.960 0
153 7 N4 N3 159 0.960 1
154 1 N3 N1 135 0.270 0
154 2 N3 N3 191 0.270 1
154 3 N5 N5 235 0.200 1
154 4 N1 N3 0 0.060 0
154 5 N1 N1 254 0.060 1
154 6 N4 N1 0 0.470 0
154 7 N4 N3 159 0.470 1
155 1 N3 N1 136 0.340 0
155 2 N3 N3 190 0.340 1
155 3 N5 N5 236 0.280 1
155 4 N1 N3 0 0.110 0
155 5 N1 N1 254 0.110 1
155 6 N4 N1 0 0.520 0
155 7 N4 N3 159 0.520 1
156 1 N3 N1 136 1.000 0
156 2 N3 N3 190 1.000 1
156 3 N5 N5 237 0.340 1
156 4 N1 N3 0 0.140 0
156 5 N1 N1 254 0.140 1
156 6 N4 N1 0 0.560 0
156 7 N4 N3 160 0.560 1
157 1 N3 N1 138 0.510 0
157 2 N3 N3 191 0.510 1
157 3 N5 N5 237 0.400 1
157 4 N1 N3 0 0.710 0
157 5 N1 N1 254 0.710 1
157 6 N4 N1 0 1.630 0
157 7 N4 N3 160 1.630 1
158 1 N3 N1 137 0.520 0
158 2 N3 N3 192 0.520 1
158 3 N5 N5 238 0.420 1
158 4 N1 N3 0 0.250 0
158 5 N1 N1 254 0.250 1
158 6 N4 N1 0 0.180 0
158 7 N4 N3 161 0.180 1
159 1 N3 N1 137 0.410 0
159 2 N3 N3 192 0.410 1
159 3 N5 N5 238 0.480 1
159 4 N1 N3 0 0.280 0
159 5 N1 N1 255 0.280 1
159 6 N4 N1 0 0.220 0
159 7 N4 N3 159 0.220 1
160 1 N3 N1 137 0.550 0
160 2 N3 N3 192 0.550 1
160 3 N5 N5 238 0.020 1
160 4 N1 N3 0 0.360 0
160 5 N1 N1 255 0.360 1
160 6 N4 N1 0 1.290 0
160 7 N4 N3 159 1.290 1
161 1 N3 N1 137 0.060 0
161 2 N3 N3 192 0.060 1
161 3 N5 N5 238 0.030 1
161 4 N1 N3 0 0.170 0
161 5 N1 N1 255 0.170 1
161 6 N4 N1 0 0.260 0
161 7 N4 N3 156 0.260 1
162 1 N3 N1 135 0.070 0
162 2 N3 N3 192 0.070 1
162 3 N5 N5 237 0.050 1
162 4 N1 N3 0 0.370 0
162 5 N1 N1 255 0.370 1
162 6 N4 N1 0 0.260 0
162 7 N4 N3 155 0.260 1
163 1 N3 N1 133 0.090 0
163 2 N3 N3 191 0.090 1
163 3 N5 N5 238 0.080 1
163 4 N1 N3 0 0.430 0
163 5 N1 N1 255 0.430 1
163 6 N4 N1 0 0.320 0
163 7 N4 N3 155 0.320 1
164 1 N3 N1 131 0.040 0
164 2 N3 N3 190 0.040 1
164 3 N5 N5 238 0.120 1
164 4 N1 N3 0 0.090 0
164 5 N1 N1 255 0.090 1
164 6 N4 N1 0 0.370 0
164 7 N4 N3 155 0.370 1
165 1 N3 N1 129 0.060 0
165 2 N3 N3 190 0.060 1
165 3 N5 N5 238 0.660 1
165 4 N1 N3 0 0.460 0
165 5 N1 N1 255 0.460 1
165 6 N4 N1 0 0.400 0
165 7 N4 N3 157 0.400 1
166 1 N3 N1 127 0.100 0
166 2 N3 N3 189 0.100 1
166 3 N5 N5 239 0.170 1
166 4 N1 N3 0 1.000 0
166 5 N1 N1 255 1.000 1
166 6 N4 N1 0 0.450 0
166 7 N4 N3 158 0.450 1
167 1 N3 N1 127 0.270 0
167 2 N3 N3 189 0.270 1
167 3 N5 N5 241 0.210 1
167 4 N1 N3 0 0.490 0
167 5 N1 N1 255 0.490 1
167 6 N4 N1 0 0.480 0
167 7 N4 N3 160 0.480 1
168 1 N3 N1 126 0.330 0
168 2 N3 N3 190 0.330 1
168 3 N5 N5 241 0.270 1
168 4 N1 N3 0 0.010 0
168 5 N1 N1 255 0.010 1
168 6 N4 N1 0 0.490 0
168 7 N4 N3 162 0.490 1
169 1 N3 N1 125 0.890 0
169 2 N3 N3 192 0.890 1
169 3 N5 N5 242 0.300 1
169 4 N1 N3 0 0.050 0
169 5 N1 N1 255 0.050 1
169 6 N4 N1 0 0.050 0
169 7 N4 N3 164 0.050 1
170 1 N3 N1 125 0.390 0
170 2 N3 N3 193 0.390 1
170 3 N5 N5 242 0.360 1
170 4 N1 N3 0 0.070 0
170 5 N1 N1 255 0.070 1
170 6 N4 N1 0 0.090 0
170 7 N4 N3 167 0.090 1
171 1 N3 N1 125 0.420 0
171 2 N3 N3 194 0.420 1
171 3 N5 N5 243 0.400 1
171 4 N1 N3 0 0.080 0
171 5 N1 N1 255 0.080 1
171 6 N4 N1 0 1.150 0
171 7 N4 N3 167 1.150 1
172 1 N3 N1 125 0.460 0
172 2 N3 N3 195 0.460 1
172 3 N5 N5 243 0.420 1
172 4 N1 N3 0 0.140 0
172 5 N1 N1 255 0.140 1
172 6 N4 N1 0 0.160 0
172 7 N4 N3 169 0.160 1
173 1 N3 N1 125 0.470 0
173 2 N3 N3 194 0.470 1
173 3 N5 N5 244 0.470 1
173 4 N1 N3 0 0.160 0
173 5 N1 N1 255 0.160 1
173 6 N4 N1 0 0.200 0
173 7 N4 N3 169 0.200 1
174 1 N3 N1 127 0.520 0
174 2 N3 N3 193 0.520 1
174 3 N5 N5 245 0.520 1
174 4 N1 N3 0 0.190 0
174 5 N1 N1 255 0.190 1
174 6 N4 N1 0 1.270 0
174 7 N4 N3 169 1.270 1
175 1 N3 N1 134 0.050 0
175 2 N3 N3 188 0.050 1
175 3 N5 N5 245 0.020 1
175 4 N1 N3 0 0.200 0
175 5 N1 N1 255 0.200 1
175 6 N4 N1 0 0.300 0
175 7 N4 N3 170 0.300 1
176 1 N3 N1 132 0.090 0
176 2 N3 N3 184 0.090 1
176 3 N5 N5 246 0.050 1
176 4 N1 N3 0 0.230 0
176 5 N1 N1 255 0.230 1
176 6 N4 N1 0 0.320 0
176 7 N4 N3 168 0.320 1
177 1 N3 N1 130 0.120 0
177 2 N3 N3 180 0.120 1
177 3 N5 N5 246 0.610 1
177 4 N1 N3 112 0.150 0
177 5 N1 N1 255 0.150 1
177 6 N4 N1 0 0.380 0
177 7 N4 N3 167 0.380 1
178 1 N3 N1 130 0.170 0
178 2 N3 N3 177 0.170 1
178 3 N5 N5 247 0.120 1
178 4 N1 N3 112 0.810 0
178 5 N1 N1 255 0.810 1
178 6 N4 N1 0 0.920 0
178 7 N4 N3 165 0.920 1
179 1 N3 N1 128 0.100 0
179 2 N3 N3 175 0.100 1
179 3 N5 N5 249 0.130 1
179 4 N1 N3 112 0.310 0
179 5 N1 N1 254 0.310 1
179 6 N4 N1 0 0.970 0
179 7 N4 N3 163 0.970 1
180 1 N3 N1 127 0.150 0
180 2 N3 N3 171 0.150 1
180 3 N5 N5 250 0.180 1
180 4 N1 N3 111 0.260 0
180 5 N1 N1 253 0.260 1
180 6 N4 N1 0 0.030 0
180 7 N4 N3 157 0.030 1
181 1 N3 N1 128 0.170 0
181 2 N3 N3 168 0.170 1
181 3 N5 N5 252 0.220 1
181 4 N1 N3 110 0.310 0
181 5 N1 N1 252 0.310 1
181 6 N4 N1 0 0.030 0
181 7 N4 N3 153 0.030 1
182 1 N3 N1 129 0.220 0
182 2 N3 N3 167 0.220 1
182 3 N5 N5 252 0.230 1
182 4 N1 N3 110 0.350 0
182 5 N1 N1 250 0.350 1
182 6 N4 N1 0 0.060 0
182 7 N4 N3 151 0.060 1
183 1 N3 N1 129 0.240 0
183 2 N3 N3 165 0.240 1
183 3 N5 N5 252 0.240 1
183 4 N1 N3 110 0.370 0
183 5 N1 N1 249 0.370 1
183 6 N4 N1 0 0.610 0
183 7 N4 N3 150 0.610 1
184 1 N3 N1 129 0.820 0
184 2 N3 N3 164 0.820 1
184 3 N5 N5 252 0.290 1
184 4 N1 N3 109 0.510 0
184 5 N1 N1 248 0.510 1
184 6 N4 N1 0 1.700 0
184 7 N4 N3 150 1.700 1
185 1 N3 N1 130 0.360 0
185 2 N3 N3 163 0.360 1
185 3 N5 N5 252 0.340 1
185 4 N1 N3 109 0.060 0
185 5 N1 N1 246 0.060 1
185 6 N4 N1 0 0.470 0
185 7 N4 N3 146 0.470 1
186 1 N3 N1 129 0.400 0
186 2 N3 N3 164 0.400 1
186 3 N5 N5 252 0.370 1
186 4 N1 N3 110 0.110 0
186 5 N1 N1 245 0.110 1
186 6 N4 N1 0 0.190 0
186 7 N4 N3 145 0.190 1
187 1 N3 N1 125 0.440 0
187 2 N3 N3 163 0.440 1
187 3 N5 N5 251 0.420 1
187 4 N1 N3 110 0.160 0
187 5 N1 N1 244 0.160 1
187 6 N4 N1 0 0.220 0
187 7 N4 N3 144 0.220 1
188 1 N3 N1 122 0.470 0
188 2 N3 N3 163 0.470 1
188 3 N5 N5 250 0.440 1
188 4 N1 N3 114 0.200 0
188 5 N1 N1 244 0.200 1
188 6 N4 N3 144 0.260 1
189 1 N3 N1 120 0.090 0
189 2 N3 N3 164 0.090 1
189 3 N5 N5 250 0.990 1
189 4 N1 N3 114 0.200 0
189 5 N1 N1 243 0.200 1
189 6 N4 N3 144 0.390 1
190 1 N3 N1 120 0.130 0
190 2 N3 N3 165 0.130 1
190 3 N5 N5 250 0.500 1
190 4 N1 N3 123 0.100 0
190 5 N1 N1 243 0.100 1
190 6 N4 N3 144 0.320 1
191 1 N3 N1 120 0.160 0
191 2 N3 N3 166 0.160 1
191 3 N5 N5 251 0.010 1
191 4 N1 N3 128 0.140 0
191 5 N1 N1 242 0.140 1
191 6 N4 N3 144 0.370 1
192 1 N3 N1 120 1.220 0
192 2 N3 N3 166 1.220 1
192 3 N5 N5 252 0.080 1
192 4 N1 N3 129 0.310 0
192 5 N1 N1 242 0.310 1
192 6 N4 N3 145 0.370 1
193 1 N3 N1 119 0.290 0
193 2 N3 N3 168 0.290 1
193 3 N5 N5 252 0.090 1
193 4 N1 N3 132 0.240 0
193 5 N1 N1 241 0.240 1
193 6 N4 N3 145 0.930 1
194 1 N3 N1 119 0.840 0
194 2 N3 N3 169 0.840 1
194 3 N5 N5 253 0.120 1
194 4 N1 N3 132 0.400 0
194 5 N1 N1 241 0.400 1
194 6 N4 N3 146 0.020 1
195 1 N3 N1 119 0.360 0
195 2 N3 N3 169 0.360 1
195 3 N5 N5 254 0.150 1
195 4 N1 N3 133 0.430 0
195 5 N1 N1 241 0.430 1
195 6 N4 N3 149 0.520 1
196 1 N3 N1 116 0.400 0
196 2 N3 N3 170 0.400 1
196 3 N5 N5 254 0.180 1
196 4 N1 N3 132 0.370 0
196 5 N1 N1 241 0.370 1
196 6 N4 N3 149 1.060 1
197 1 N3 N1 116 0.950 0
197 2 N3 N3 171 0.950 1
197 3 N5 N5 255 0.200 1
197 4 N1 N3 131 0.000 0
197 5 N1 N1 241 0.000 1
197 6 N4 N3 149 2.120 1
198 1 N3 N1 112 0.010 0
198 2 N3 N3 172 0.010 1
198 3 N5 N5 255 0.240 1
198 4 N1 N3 127 0.060 0
198 5 N1 N1 241 0.060 1
198 6 N4 N3 150 0.770 1
199 1 N3 N1 0 0.330 0
199 2 N3 N3 172 0.330 1
199 3 N5 N5 255 0.780 1
199 4 N1 N3 123 0.120 0
199 5 N1 N1 241 0.120 1
199 6 N4 N3 150 1.830 1
200 1 N3 N1 0 0.030 0
200 2 N3 N3 173 0.030 1
200 3 N5 N5 255 0.280 1
200 4 N1 N3 122 0.060 0
200 5 N1 N1 241 0.060 1
200 6 N4 N3 150 2.890 1
201 1 N3 N1 0 0.070 0
201 2 N3 N3 174 0.070 1
201 3 N5 N5 255 0.310 1
201 4 N1 N3 121 0.120 0
201 5 N1 N1 241 0.120 1
201 6 N4 N3 150 0.180 1
202 1 N3 N1 0 0.110 0
202 2 N3 N3 175 0.110 1
202 3 N5 N5 254 0.340 1
202 4 N1 N3 120 0.250 0
202 5 N1 N1 241 0.250 1
202 6 N4 N3 151 0.180 1
203 1 N3 N1 0 0.160 0
203 2 N3 N3 175 0.160 1
203 3 N5 N5 253 0.400 1
203 4 N1 N3 123 0.200 0
203 5 N1 N1 241 0.200 1
203 6 N4 N3 152 0.760 1
204 1 N3 N1 0 0.220 0
204 2 N3 N3 176 0.220 1
204 3 N5 N5 252 0.440 1
204 4 N1 N3 123 0.230 0
204 5 N1 N1 241 0.230 1
204 6 N4 N3 153 0.260 1
205 1 N3 N1 0 0.290 0
205 2 N3 N3 178 0.290 1
205 3 N5 N5 251 0.000 1
205 4 N1 N3 124 0.370 0
205 5 N1 N1 241 0.370 1
205 6 N4 N3 154 0.300 1
206 1 N3 N1 0 0.340 0
206 2 N3 N3 180 0.340 1
206 3 N5 N5 250 0.020 1
206 4 N1 N3 124 0.330 0
206 5 N1 N1 242 0.330 1
206 6 N4 N3 156 0.310 1
207 1 N3 N1 0 0.390 0
207 2 N3 N3 181 0.390 1
207 3 N5 N5 250 0.060 1
207 4 N1 N3 124 0.890 0
207 5 N1 N1 242 0.890 1
207 6 N4 N3 157 0.870 1
208 1 N3 N1 0 0.430 0
208 2 N3 N3 183 0.430 1
208 3 N5 N5 249 0.080 1
208 4 N1 N3 124 0.020 0
208 5 N1 N1 242 0.020 1
208 6 N4 N3 157 1.930 1
209 1 N3 N1 0 0.470 0
209 2 N3 N3 186 0.470 1
209 3 N5 N5 248 0.120 1
209 4 N1 N3 124 0.080 0
209 5 N1 N1 242 0.080 1
209 6 N4 N3 159 0.400 1
210 1 N3 N1 0 0.530 0
210 2 N3 N3 188 0.530 1
210 3 N5 N5 248 0.120 1
210 4 N1 N3 123 0.100 0
210 5 N1 N1 243 0.100 1
210 6 N4 N3 159 1.460 1
211 1 N3 N1 0 0.040 0
211 2 N3 N3 192 0.040 1
211 3 N5 N5 247 0.180 1
211 4 N1 N3 123 0.130 0
211 5 N1 N1 243 0.130 1
211 6 N4 N3 161 0.480 1
212 1 N3 N1 0 0.600 0
212 2 N3 N3 194 0.600 1
212 3 N5 N5 247 0.220 1
212 4 N1 N3 127 0.060 0
212 5 N1 N1 244 0.060 1
212 6 N4 N3 162 0.530 1
213 1 N3 N1 0 0.120 0
213 2 N3 N3 198 0.120 1
213 3 N5 N5 248 0.250 1
213 4 N1 N3 135 0.080 0
213 5 N1 N1 245 0.080 1
213 6 N4 N3 162 1.590 1
214 1 N3 N1 0 0.650 0
214 2 N3 N3 201 0.650 1
214 3 N5 N5 248 0.270 1
214 4 N1 N3 135 1.140 0
214 5 N1 N1 245 1.140 1
214 6 N4 N3 162 2.650 1
215 1 N3 N1 0 0.620 0
215 2 N3 N3 202 0.620 1
215 3 N5 N5 248 0.330 1
215 4 N1 N3 136 0.280 0
215 5 N1 N1 247 0.280 1
215 6 N4 N3 162 3.710 1
216 1 N3 N1 0 0.160 0
216 2 N3 N3 207 0.160 1
216 3 N5 N5 248 0.370 1
216 4 N1 N3 133 0.310 0
216 5 N1 N1 249 0.310 1
216 6 N4 N3 165 0.210 1
217 1 N3 N1 0 0.720 0
217 2 N3 N3 208 0.720 1
217 3 N5 N5 248 0.380 1
217 4 N1 N3 131 0.230 0
217 5 N1 N1 250 0.230 1
217 6 N4 N3 169 0.280 1
218 1 N3 N1 0 0.250 0
218 2 N3 N3 210 0.250 1
218 3 N5 N5 249 0.430 1
218 4 N1 N3 125 0.260 0
218 5 N1 N1 251 0.260 1
218 6 N4 N3 169 1.340 1
219 1 N3 N1 0 0.280 0
219 2 N3 N3 211 0.280 1
219 3 N5 N5 250 0.460 1
219 4 N1 N3 118 0.410 0
219 5 N1 N1 252 0.410 1
219 6 N4 N3 171 0.360 1
220 1 N3 N1 0 0.290 0
220 2 N3 N3 212 0.290 1
220 3 N5 N5 251 0.510 1
220 4 N1 N3 113 0.350 0
220 5 N1 N1 253 0.350 1
220 6 N4 N3 174 0.360 1
221 1 N3 N1 0 0.310 0
221 2 N3 N3 213 0.310 1
221 3 N5 N5 250 0.000 1
221 4 N1 N3 111 0.000 0
221 5 N1 N1 254 0.000 1
221 6 N4 N3 176 0.390 1
222 1 N3 N1 0 0.350 0
222 2 N3 N3 212 0.350 1
222 3 N5 N5 249 0.030 1
222 4 N1 N3 107 0.040 0
222 5 N1 N1 255 0.040 1
222 6 N4 N3 178 0.450 1
223 1 N3 N1 0 0.320 0
223 2 N3 N3 211 0.320 1
223 3 N5 N5 248 0.050 1
223 4 N1 N3 104 0.100 0
223 5 N1 N1 255 0.100 1
223 6 N4 N3 178 1.510 1
224 1 N3 N1 157 0.270 0
224 2 N3 N3 209 0.270 1
224 3 N5 N5 247 0.100 1
224 4 N1 N3 100 0.120 0
224 5 N1 N1 255 0.120 1
224 6 N4 N3 178 0.490 1
225 1 N3 N1 157 0.420 0
225 2 N3 N3 209 0.420 1
225 3 N5 N5 247 0.670 1
225 4 N1 N3 99 0.460 0
225 5 N1 N1 255 0.460 1
225 6 N4 N3 178 0.460 1
226 1 N3 N1 156 0.930 0
226 2 N3 N3 208 0.930 1
226 3 N5 N5 246 0.140 1
226 4 N1 N3 98 0.170 0
226 5 N1 N1 255 0.170 1
226 6 N4 N3 177 0.050 1
227 1 N3 N1 160 0.370 0
227 2 N3 N3 208 0.370 1
227 3 N5 N5 245 0.200 1
227 4 N1 N3 98 0.210 0
227 5 N1 N1 255 0.210 1
227 6 N4 N3 176 0.120 1
228 1 N3 N1 163 0.020 0
228 2 N3 N3 208 0.020 1
228 3 N5 N5 245 0.250 1
228 4 N1 N3 98 0.770 0
228 5 N1 N1 255 0.770 1
228 6 N4 N3 177 0.180 1
229 1 N3 N1 165 0.060 0
229 2 N3 N3 208 0.060 1
229 3 N5 N5 245 0.290 1
229 4 N1 N3 99 0.280 0
229 5 N1 N1 255 0.280 1
229 6 N4 N3 177 0.180 1
230 1 N3 N1 171 0.080 0
230 2 N3 N3 209 0.080 1
230 3 N5 N5 245 0.320 1
230 4 N1 N3 100 0.320 0
230 5 N1 N1 255 0.320 1
230 6 N4 N3 178 0.210 1
231 1 N3 N1 171 0.110 0
231 2 N3 N3 209 0.110 1
231 3 N5 N5 246 0.310 1
231 4 N1 N3 100 0.850 0
231 5 N1 N1 255 0.850 1
231 6 N4 N3 178 0.720 1
232 1 N3 N1 184 0.010 0
232 2 N3 N3 210 0.010 1
232 3 N5 N5 246 0.330 1
232 4 N1 N3 100 0.370 0
232 5 N1 N1 254 0.370 1
232 6 N4 N3 178 0.230 1
233 1 N3 N1 187 0.200 0
233 2 N3 N3 212 0.200 1
233 3 N5 N5 247 0.350 1
233 4 N1 N3 0 0.930 0
233 5 N1 N1 254 0.930 1
233 6 N4 N3 179 0.280 1
234 1 N3 N1 190 0.090 0
234 2 N3 N3 213 0.090 1
234 3 N5 N5 247 0.370 1
234 4 N1 N3 0 0.480 0
234 5 N1 N1 254 0.480 1
234 6 N4 N3 180 0.280 1
235 1 N3 N1 195 0.130 0
235 2 N3 N3 214 0.130 1
235 3 N5 N5 246 0.400 1
235 4 N1 N3 0 0.510 0
235 5 N1 N1 254 0.510 1
235 6 N4 N3 182 0.330 1
236 1 N3 N1 196 0.670 0
236 2 N3 N3 214 0.670 1
236 3 N5 N5 246 0.470 1
236 4 N1 N3 0 0.040 0
236 5 N1 N1 253 0.040 1
236 6 N4 N3 184 0.370 1
237 1 N3 N1 196 0.840 0
237 2 N3 N3 214 0.840 1
237 3 N5 N5 245 0.490 1
237 4 N1 N3 0 0.070 0
237 5 N1 N1 252 0.070 1
237 6 N4 N3 185 0.420 1
238 1 N3 N1 195 0.240 0
238 2 N3 N3 215 0.240 1
238 3 N5 N5 246 0.020 1
238 4 N1 N3 0 0.120 0
238 5 N1 N1 251 0.120 1
238 6 N4 N3 187 0.460 1
239 1 N3 N1 195 0.370 0
239 2 N3 N3 214 0.370 1
239 3 N5 N5 246 0.060 1
239 4 N1 N3 0 0.160 0
239 5 N1 N1 251 0.160 1
239 6 N4 N3 187 1.520 1
240 1 N3 N1 196 0.300 0
240 2 N3 N3 212 0.300 1
240 3 N5 N5 246 0.080 1
240 4 N1 N3 0 0.200 0
240 5 N1 N1 249 0.200 1
240 6 N4 N3 186 0.560 1
241 1 N3 N1 190 0.300 0
241 2 N3 N3 209 0.300 1
241 3 N5 N5 246 0.100 1
241 4 N1 N3 0 0.230 0
241 5 N1 N1 247 0.230 1
241 6 N4 N3 185 0.600 1
242 1 N3 N1 189 0.470 0
242 2 N3 N3 205 0.470 1
242 3 N5 N5 245 0.650 1
242 4 N1 N3 0 0.770 0
242 5 N1 N1 246 0.770 1
242 6 N4 N3 182 0.090 1
243 1 N3 N1 189 0.490 0
243 2 N3 N3 201 0.490 1
243 3 N5 N5 245 0.140 1
243 4 N1 N3 0 0.610 0
243 5 N1 N1 243 0.610 1
243 6 N4 N3 179 0.090 1
244 1 N3 N1 187 1.020 0
244 2 N3 N3 199 1.020 1
244 3 N5 N5 244 0.160 1
244 4 N1 N3 0 0.730 0
244 5 N1 N1 239 0.730 1
244 6 N4 N3 179 1.150 1
245 1 N3 N1 181 0.510 0
245 2 N3 N3 195 0.510 1
245 3 N5 N5 244 0.190 1
245 4 N1 N3 0 0.800 0
245 5 N1 N1 235 0.800 1
245 6 N4 N3 177 0.670 1
246 1 N3 N1 172 0.070 0
246 2 N3 N3 188 0.070 1
246 3 N5 N5 243 0.270 1
246 4 N1 N3 0 0.380 0
246 5 N1 N1 227 0.380 1
246 6 N4 N3 175 0.730 1
247 1 N3 N1 165 0.010 0
247 2 N3 N3 183 0.010 1
247 3 N5 N5 242 0.350 1
247 4 N1 N3 0 0.440 0
247 5 N1 N1 224 0.440 1
247 6 N4 N3 175 1.810 1
248 1 N3 N1 160 0.170 0
248 2 N3 N3 181 0.170 1
248 3 N5 N5 241 0.370 1
248 4 N1 N3 0 0.980 0
248 5 N1 N1 221 0.980 1
248 6 N4 N3 173 0.820 1
249 1 N3 N1 160 0.130 0
249 2 N3 N3 181 0.130 1
249 3 N5 N5 240 0.410 1
249 4 N1 N3 0 0.030 0
249 5 N1 N1 211 0.030 1
249 6 N4 N3 170 0.330 1
250 1 N3 N1 160 0.800 0
250 2 N3 N3 181 0.800 1
250 3 N5 N5 238 0.450 1
250 4 N1 N3 0 0.090 0
250 5 N1 N1 207 0.090 1
250 6 N4 N3 169 0.880 1
251 1 N3 N1 159 0.310 0
251 2 N3 N3 181 0.310 1
251 3 N5 N5 237 0.500 1
251 4 N1 N3 0 0.120 0
251 5 N1 N1 203 0.120 1
251 6 N4 N3 165 0.410 1
252 1 N3 N1 159 0.310 0
252 2 N3 N3 182 0.310 1
252 3 N5 N5 236 0.520 1
252 4 N1 N3 0 0.160 0
252 5 N1 N1 201 0.160 1
252 6 N4 N3 163 0.410 1
253 1 N3 N1 155 0.210 0
253 2 N3 N3 184 0.210 1
253 3 N5 N5 236 0.010 1
253 4 N1 N3 0 0.210 0
253 5 N1 N1 200 0.210 1
253 6 N4 N3 162 0.470 1
254 1 N3 N1 155 0.370 0
254 2 N3 N3 185 0.370 1
254 3 N5 N5 235 0.040 1
254 4 N1 N3 0 0.260 0
254 5 N1 N1 199 0.260 1
254 6 N4 N3 161 0.470 1
255 1 N3 N1 155 0.420 0
255 2 N3 N3 185 0.420 1
255 3 N5 N5 236 0.060 1
255 4 N1 N3 0 0.270 0
255 5 N1 N1 199 0.270 1
255 6 N4 N3 161 0.510 1
256 1 N3 N1 152 0.320 0
256 2 N3 N3 186 0.320 1
256 3 N5 N5 236 0.090 1
256 4 N1 N3 0 0.290 0
256 5 N1 N1 199 0.290 1
256 6 N4 N3 161 0.010 1
257 1 N3 N1 151 0.430 0
257 2 N3 N3 187 0.430 1
257 3 N5 N5 236 0.140 1
257 4 N1 N3 0 0.340 0
257 5 N1 N1 200 0.340 1
257 6 N4 N3 161 0.530 1
258 1 N3 N1 153 0.340 0
258 2 N3 N3 188 0.340 1
258 3 N5 N5 237 0.170 1
258 4 N1 N3 0 0.350 0
258 5 N1 N1 200 0.350 1
258 6 N4 N3 161 0.040 1
259 1 N3 N1 153 0.360 0
259 2 N3 N3 187 0.360 1
259 3 N5 N5 237 0.220 1
259 4 N1 N3 0 0.360 0
259 5 N1 N1 201 0.360 1
259 6 N4 N3 161 0.070 1
260 1 N3 N1 152 0.010 0
260 2 N3 N3 186 0.010 1
260 3 N5 N5 238 0.270 1
260 4 N1 N3 0 0.390 0
260 5 N1 N1 202 0.390 1
260 6 N4 N3 161 0.630 1
261 1 N3 N1 150 0.550 0
261 2 N3 N3 185 0.550 1
261 3 N5 N5 238 0.310 1
261 4 N1 N3 0 0.410 0
261 5 N1 N1 202 0.410 1
261 6 N4 N3 160 0.160 1
262 1 N3 N1 150 0.080 0
262 2 N3 N3 184 0.080 1
262 3 N5 N5 238 0.350 1
262 4 N1 N3 0 0.460 0
262 5 N1 N1 202 0.460 1
262 6 N4 N3 160 0.700 1
263 1 N3 N1 147 0.100 0
263 2 N3 N3 184 0.100 1
263 3 N5 N5 238 0.380 1
263 4 N1 N3 0 1.030 0
263 5 N1 N1 202 1.030 1
263 6 N4 N3 159 0.250 1
264 1 N3 N1 147 0.170 0
264 2 N3 N3 184 0.170 1
264 3 N5 N5 238 0.910 1
264 4 N1 N3 0 0.030 0
264 5 N1 N1 201 0.030 1
264 6 N4 N3 159 1.310 1
265 1 N3 N1 147 0.140 0
265 2 N3 N3 184 0.140 1
265 3 N5 N5 239 0.000 1
265 4 N1 N3 0 0.140 0
265 5 N1 N1 200 0.140 1
265 6 N4 N3 159 0.920 1
266 1 N3 N1 147 0.330 0
266 2 N3 N3 183 0.330 1
266 3 N5 N5 239 0.070 1
266 4 N1 N3 0 0.200 0
266 5 N1 N1 200 0.200 1
266 6 N4 N3 158 0.460 1
267 1 N3 N1 151 0.360 0
267 2 N3 N3 182 0.360 1
267 3 N5 N5 239 0.100 1
267 4 N1 N3 0 0.240 0
267 5 N1 N1 201 0.240 1
267 6 N4 N3 158 1.520 1
268 1 N3 N1 150 0.110 0
268 2 N3 N3 182 0.110 1
268 3 N5 N5 240 0.130 1
268 4 N1 N3 0 0.110 0
268 5 N1 N1 200 0.110 1
268 6 N4 N3 157 0.520 1
269 1 N3 N1 150 0.330 0
269 2 N3 N3 181 0.330 1
269 3 N5 N5 240 0.160 1
269 4 N1 N3 0 0.310 0
269 5 N1 N1 200 0.310 1
269 6 N4 N3 157 1.580 1
270 1 N3 N1 149 0.350 0
270 2 N3 N3 180 0.350 1
270 3 N5 N5 240 0.190 1
270 4 N1 N3 0 0.330 0
270 5 N1 N1 200 0.330 1
270 6 N4 N3 157 0.030 1
271 1 N3 N1 150 0.480 0
271 2 N3 N3 180 0.480 1
271 3 N5 N5 240 0.240 1
271 4 N1 N3 0 0.360 0
271 5 N1 N1 201 0.360 1
271 6 N4 N3 156 0.060 1
272 1 N3 N1 150 1.540 0
272 2 N3 N3 180 1.540 1
272 3 N5 N5 240 0.270 1
272 4 N1 N3 0 0.080 0
272 5 N1 N1 202 0.080 1
272 6 N4 N3 156 0.600 1
273 1 N3 N1 149 0.040 0
273 2 N3 N3 182 0.040 1
273 3 N5 N5 239 0.300 1
273 4 N1 N3 0 1.140 0
273 5 N1 N1 202 1.140 1
273 6 N4 N3 156 0.620 1
274 1 N3 N1 152 0.050 0
274 2 N3 N3 183 0.050 1
274 3 N5 N5 237 0.320 1
274 4 N1 N3 0 0.450 0
274 5 N1 N1 207 0.450 1
274 6 N4 N3 158 0.130 1
275 1 N3 N1 158 0.100 0
275 2 N3 N3 184 0.100 1
275 3 N5 N5 236 0.360 1
275 4 N1 N3 0 0.490 0
275 5 N1 N1 210 0.490 1
275 6 N4 N3 159 0.190 1
276 1 N3 N1 159 0.090 0
276 2 N3 N3 186 0.090 1
276 3 N5 N5 236 0.390 1
276 4 N1 N3 0 0.480 0
276 5 N1 N1 214 0.480 1
276 6 N4 N3 160 0.200 1
277 1 N3 N1 161 0.140 0
277 2 N3 N3 189 0.140 1
277 3 N5 N5 235 0.450 1
277 4 N1 N3 0 0.520 0
277 5 N1 N1 219 0.520 1
277 6 N4 N3 161 0.770 1
278 1 N3 N1 174 0.050 0
278 2 N3 N3 192 0.050 1
278 3 N5 N5 236 0.480 1
278 4 N1 N3 0 0.070 0
278 5 N1 N1 223 0.070 1
278 6 N4 N3 162 0.770 1
279 1 N3 N1 175 0.080 0
279 2 N3 N3 194 0.080 1
279 3 N5 N5 236 0.500 1
279 4 N1 N3 0 0.130 0
279 5 N1 N1 228 0.130 1
279 6 N4 N3 164 0.280 1
280 1 N3 N1 175 0.050 0
280 2 N3 N3 194 0.050 1
280 3 N5 N5 236 0.490 1
280 4 N1 N3 0 0.040 0
280 5 N1 N1 231 0.040 1
280 6 N4 N3 164 0.310 1
281 1 N3 N1 171 0.200 0
281 2 N3 N3 193 0.200 1
281 3 N5 N5 236 0.520 1
281 4 N1 N3 0 0.200 0
281 5 N1 N1 234 0.200 1
281 6 N4 N3 164 0.860 1
282 1 N3 N1 166 0.340 0
282 2 N3 N3 191 0.340 1
282 3 N5 N5 237 0.020 1
282 4 N1 N3 0 0.240 0
282 5 N1 N1 236 0.240 1
282 6 N4 N3 165 0.880 1
283 1 N3 N1 165 0.350 0
283 2 N3 N3 190 0.350 1
283 3 N5 N5 237 0.070 1
283 4 N1 N3 0 0.230 0
283 5 N1 N1 237 0.230 1
283 6 N4 N3 165 0.410 1
284 1 N3 N1 159 0.360 0
284 2 N3 N3 188 0.360 1
284 3 N5 N5 238 0.080 1
284 4 N1 N3 0 0.330 0
284 5 N1 N1 237 0.330 1
284 6 N4 N3 165 0.400 1
285 1 N3 N1 159 0.380 0
285 2 N3 N3 188 0.380 1
285 3 N5 N5 237 0.070 1
285 4 N1 N3 0 0.380 0
285 5 N1 N1 237 0.380 1
285 6 N4 N3 165 1.460 1
286 1 N3 N1 159 1.440 0
286 2 N3 N3 188 1.440 1
286 3 N5 N5 236 0.130 1
286 4 N1 N3 0 1.440 0
286 5 N1 N1 237 1.440 1
286 6 N4 N3 165 2.520 1
287 1 N3 N1 159 2.500 0
287 2 N3 N3 188 2.500 1
287 3 N5 N5 234 0.170 1
287 4 N1 N3 0 0.480 0
287 5 N1 N1 237 0.480 1
287 6 N4 N3 165 3.580 1
288 1 N3 N1 145 0.340 0
288 2 N3 N3 184 0.340 1
288 3 N5 N5 233 0.230 1
288 4 N1 N3 0 1.540 0
288 5 N1 N1 237 1.540 1
288 6 N4 N3 165 4.640 1
289 1 N3 N1 131 0.470 0
289 2 N3 N3 180 0.470 1
289 3 N5 N5 232 0.250 1
289 4 N1 N3 0 0.060 0
289 5 N1 N1 237 0.060 1
289 6 N4 N3 163 0.060 1
290 1 N3 N1 126 0.410 0
290 2 N3 N3 178 0.410 1
290 3 N5 N5 229 0.240 1
290 4 N1 N3 0 0.090 0
290 5 N1 N1 237 0.090 1
290 6 N4 N3 159 0.080 1
291 1 N3 N1 126 0.080 0
291 2 N3 N3 176 0.080 1
291 3 N5 N5 227 0.260 1
291 4 N1 N3 0 0.140 0
291 5 N1 N1 237 0.140 1
291 6 N4 N3 155 0.100 1
292 1 N3 N1 124 0.030 0
292 2 N3 N3 173 0.030 1
292 3 N5 N5 224 0.280 1
292 4 N1 N3 0 0.210 0
292 5 N1 N1 237 0.210 1
292 6 N4 N3 151 0.120 1
293 1 N3 N1 124 0.150 0
293 2 N3 N3 172 0.150 1
293 3 N5 N5 221 0.310 1
293 4 N1 N3 0 0.250 0
293 5 N1 N1 236 0.250 1
293 6 N4 N3 148 0.130 1
294 1 N3 N1 125 0.220 0
294 2 N3 N3 170 0.220 1
294 3 N5 N5 219 0.390 1
294 4 N1 N3 0 0.300 0
294 5 N1 N1 236 0.300 1
294 6 N4 N3 146 0.210 1
295 1 N3 N1 123 0.250 0
295 2 N3 N3 168 0.250 1
295 3 N5 N5 217 0.430 1
295 4 N1 N3 0 0.330 0
295 5 N1 N1 236 0.330 1
295 6 N4 N3 145 0.220 1
296 1 N3 N1 120 0.310 0
296 2 N3 N3 168 0.310 1
296 3 N5 N5 215 0.440 1
296 4 N1 N3 0 0.380 0
296 5 N1 N1 235 0.380 1
296 6 N4 N3 143 0.270 1
297 1 N3 N1 112 0.240 0
297 2 N3 N3 168 0.240 1
297 3 N5 N5 215 0.470 1
297 4 N1 N3 0 0.400 0
297 5 N1 N1 236 0.400 1
297 6 N4 N3 143 0.310 1
298 1 N3 N1 107 0.260 0
298 2 N3 N3 168 0.260 1
298 3 N5 N5 214 0.000 1
298 4 N1 N3 0 0.440 0
298 5 N1 N1 235 0.440 1
298 6 N4 N3 143 0.360 1
299 1 N3 N1 106 0.290 0
299 2 N3 N3 169 0.290 1
299 3 N5 N5 213 0.040 1
299 4 N1 N3 0 0.480 0
299 5 N1 N1 235 0.480 1
299 6 N4 N3 143 0.890 1
300 1 N3 N1 106 0.950 0
300 2 N3 N3 170 0.950 1
300 3 N5 N5 212 0.050 1
300 4 N1 N3 0 1.020 0
300 5 N1 N1 234 1.020 1
300 6 N4 N3 144 0.400 1
