1 1 N5 N5 0 0.430 0
1 2 N5 N2 144 0.430 1
1 3 N1 N2 175 0.780 1
1 4 N1 N1 132 0.780 0
1 5 N2 N1 93 0.010 0
1 6 N2 N2 199 0.010 1
1 7 N4 N2 113 0.300 0
1 8 N4 N1 0 0.300 0
1 9 N4 N4 249 0.300 1
2 1 N5 N5 0 0.130 0
2 2 N5 N2 143 0.130 1
2 3 N1 N2 175 1.010 1
2 4 N1 N1 132 1.010 0
2 5 N2 N1 95 0.500 0
2 6 N2 N2 199 0.500 1
2 7 N4 N2 113 0.130 0
2 8 N4 N1 0 0.130 0
2 9 N4 N4 248 0.130 1
3 1 N5 N5 0 0.080 0
3 2 N5 N2 143 0.080 1
3 3 N1 N2 174 0.680 1
3 4 N1 N1 131 0.680 0
3 5 N2 N1 101 0.090 0
3 6 N2 N2 199 0.090 1
3 7 N4 N2 113 0.080 0
3 8 N4 N1 0 0.080 0
3 9 N4 N4 244 0.080 1
4 1 N5 N5 0 0.090 0
4 2 N5 N2 143 0.090 1
4 3 N1 N2 170 0.420 1
4 4 N1 N1 131 0.420 0
4 5 N2 N1 103 0.120 0
4 6 N2 N2 198 0.120 1
4 7 N4 N2 113 0.210 0
4 8 N4 N1 0 0.210 0
4 9 N4 N4 242 0.210 1
5 1 N5 N5 0 0.250 0
5 2 N5 N2 143 0.250 1
5 3 N1 N2 170 1.500 1
5 4 N1 N1 131 1.500 0
5 5 N2 N1 104 0.070 0
5 6 N2 N2 196 0.070 1
5 7 N4 N2 110 0.540 0
5 8 N4 N1 0 0.540 0
5 9 N4 N4 241 0.540 1
6 1 N5 N5 0 0.170 0
6 2 N5 N2 144 0.170 1
6 3 N1 N2 168 0.560 1
6 4 N1 N1 140 0.560 0
6 5 N2 N1 104 0.680 0
6 6 N2 N2 195 0.680 1
6 7 N4 N2 110 0.060 0
6 8 N4 N1 0 0.060 0
6 9 N4 N4 237 0.060 1
7 1 N5 N5 0 0.200 0
7 2 N5 N2 143 0.200 1
7 3 N1 N2 164 0.400 1
7 4 N1 N1 148 0.400 0
7 5 N2 N1 107 0.000 0
7 6 N2 N2 195 0.000 1
7 7 N4 N2 107 0.320 0
7 8 N4 N1 0 0.320 0
7 9 N4 N4 235 0.320 1
8 1 N5 N5 0 0.250 0
8 2 N5 N2 142 0.250 1
8 3 N1 N2 156 0.120 0
8 4 N1 N1 159 0.120 1
8 5 N2 N1 111 0.220 0
8 6 N2 N2 192 0.220 1
8 7 N4 N2 107 0.170 0
8 8 N4 N1 0 0.170 0
8 9 N4 N4 234 0.170 1
9 1 N5 N5 0 0.290 0
9 2 N5 N2 141 0.290 1
9 3 N1 N2 154 0.180 0
9 4 N1 N1 162 0.180 1
9 5 N2 N1 115 0.300 0
9 6 N2 N2 190 0.300 1
9 7 N4 N2 102 0.190 0
9 8 N4 N1 0 0.190 0
9 9 N4 N4 230 0.190 1
10 1 N5 N5 0 0.460 0
10 2 N5 N2 141 0.460 1
10 3 N1 N2 154 0.860 0
10 4 N1 N1 163 0.860 1
10 5 N2 N1 123 0.120 0
10 6 N2 N2 189 0.120 1
10 7 N4 N2 0 0.230 0
10 8 N4 N1 0 0.230 0
10 9 N4 N4 227 0.230 1
11 1 N5 N5 0 0.370 0
11 2 N5 N2 140 0.370 1
11 3 N1 N2 154 0.150 0
11 4 N1 N1 164 0.150 1
11 5 N2 N1 127 0.370 0
11 6 N2 N2 189 0.370 1
11 7 N4 N2 0 0.780 0
11 8 N4 N1 0 0.780 0
11 9 N4 N4 226 0.780 1
12 1 N5 N5 0 0.500 0
12 2 N5 N2 139 0.500 1
12 3 N1 N2 154 0.180 0
12 4 N1 N1 164 0.180 1
12 5 N2 N1 130 0.420 0
12 6 N2 N2 188 0.420 1
12 7 N4 N2 0 0.320 0
12 8 N4 N1 0 0.320 0
12 9 N4 N4 224 0.320 1
13 1 N5 N5 0 0.420 0
13 2 N5 N2 137 0.420 1
13 3 N1 N2 153 0.350 0
13 4 N1 N1 166 0.350 1
13 5 N2 N1 130 0.440 0
13 6 N2 N2 188 0.440 1
13 7 N4 N2 0 0.400 0
13 8 N4 N1 0 0.400 0
13 9 N4 N4 224 0.400 1
14 1 N5 N5 0 0.070 0
14 2 N5 N2 137 0.070 1
14 3 N1 N2 153 0.210 0
14 4 N1 N1 168 0.210 1
14 5 N2 N1 130 0.470 0
14 6 N2 N2 188 0.470 1
14 7 N4 N2 0 0.090 0
14 8 N4 N1 0 0.090 0
14 9 N4 N4 225 0.090 1
15 1 N5 N5 0 0.150 0
15 2 N5 N2 138 0.150 1
15 3 N1 N2 155 0.040 0
15 4 N1 N1 169 0.040 1
15 5 N2 N1 130 0.040 0
15 6 N2 N2 189 0.040 1
15 7 N4 N2 0 0.170 0
15 8 N4 N1 0 0.170 0
15 9 N4 N4 226 0.170 1
16 1 N5 N5 0 0.080 0
16 2 N5 N2 140 0.080 1
16 3 N1 N2 161 0.090 0
16 4 N1 N1 168 0.090 1
16 5 N2 N1 131 0.590 0
16 6 N2 N2 191 0.590 1
16 7 N4 N2 0 0.070 0
16 8 N4 N1 0 0.070 0
16 9 N4 N4 227 0.070 1
17 1 N5 N5 0 0.090 0
17 2 N5 N2 141 0.090 1
17 3 N1 N2 163 0.430 0
17 4 N1 N1 168 0.430 1
17 5 N2 N1 130 0.140 0
17 6 N2 N2 194 0.140 1
17 7 N4 N2 0 0.140 0
17 8 N4 N1 0 0.140 0
17 9 N4 N4 228 0.140 1
18 1 N5 N5 0 0.140 0
18 2 N5 N2 143 0.140 1
18 3 N1 N2 160 0.100 0
18 4 N1 N1 168 0.100 1
18 5 N2 N1 133 0.290 0
18 6 N2 N2 196 0.290 1
18 7 N4 N2 0 0.220 0
18 8 N4 N1 0 0.220 0
18 9 N4 N4 228 0.220 1
19 1 N5 N5 0 0.190 0
19 2 N5 N2 145 0.190 1
19 3 N1 N2 160 0.080 0
19 4 N1 N1 168 0.080 1
19 5 N2 N1 136 0.230 0
19 6 N2 N2 198 0.230 1
19 7 N4 N2 0 0.270 0
19 8 N4 N1 0 0.270 0
19 9 N4 N4 228 0.270 1
20 1 N5 N5 0 1.260 0
20 2 N5 N2 145 1.260 1
20 3 N1 N2 159 0.700 0
20 4 N1 N1 168 0.700 1
20 5 N2 N1 139 0.370 0
20 6 N2 N2 200 0.370 1
20 7 N4 N2 0 1.340 0
20 8 N4 N1 0 1.340 0
20 9 N4 N4 228 1.340 1
21 1 N5 N5 0 0.290 0
21 2 N5 N2 145 0.290 1
21 3 N1 N2 157 0.070 0
21 4 N1 N1 168 0.070 1
21 5 N2 N1 138 0.810 0
21 6 N2 N2 199 0.810 1
21 7 N4 N2 0 0.360 0
21 8 N4 N1 0 0.360 0
21 9 N4 N4 228 0.360 1
22 1 N5 N5 0 0.510 0
22 2 N5 N2 146 0.510 1
22 3 N1 N2 154 0.220 0
22 4 N1 N1 167 0.220 1
22 5 N2 N1 138 0.000 0
22 6 N2 N2 202 0.000 1
22 7 N4 N2 0 1.460 0
22 8 N4 N1 0 1.460 0
22 9 N4 N4 228 1.460 1
23 1 N5 N5 0 0.050 0
23 2 N5 N2 147 0.050 1
23 3 N1 N2 152 0.470 0
23 4 N1 N1 167 0.470 1
23 5 N2 N1 140 0.030 0
23 6 N2 N2 202 0.030 1
23 7 N4 N2 0 0.970 0
23 8 N4 N1 0 0.970 0
23 9 N4 N4 228 0.970 1
24 1 N5 N5 0 0.090 0
24 2 N5 N2 148 0.090 1
24 3 N1 N2 152 0.350 0
24 4 N1 N1 167 0.350 1
24 5 N2 N1 142 0.090 0
24 6 N2 N2 201 0.090 1
24 7 N4 N2 0 0.490 0
24 8 N4 N1 0 0.490 0
24 9 N4 N4 228 0.490 1
25 1 N5 N5 0 0.120 0
25 2 N5 N2 149 0.120 1
25 3 N1 N2 149 0.050 0
25 4 N1 N1 165 0.050 1
25 5 N2 N1 143 0.040 0
25 6 N2 N2 197 0.040 1
25 7 N4 N2 0 0.020 0
25 8 N4 N1 0 0.020 0
25 9 N4 N4 226 0.020 1
26 1 N5 N5 0 0.180 0
26 2 N5 N2 149 0.180 1
26 3 N1 N2 149 0.410 0
26 4 N1 N1 165 0.410 1
26 5 N2 N1 145 0.090 0
26 6 N2 N2 194 0.090 1
26 7 N4 N2 0 0.070 0
26 8 N4 N1 0 0.070 0
26 9 N4 N4 223 0.070 1
27 1 N5 N5 0 0.110 0
27 2 N5 N2 145 0.110 1
27 3 N1 N2 138 0.060 0
27 4 N1 N1 164 0.060 1
27 5 N2 N1 141 0.180 0
27 6 N2 N2 193 0.180 1
27 7 N4 N2 0 0.140 0
27 8 N4 N1 0 0.140 0
27 9 N4 N4 220 0.140 1
28 1 N5 N5 0 0.270 0
28 2 N5 N2 145 0.270 1
28 3 N1 N2 133 0.080 0
28 4 N1 N1 162 0.080 1
28 5 N2 N1 140 0.260 0
28 6 N2 N2 190 0.260 1
28 7 N4 N2 0 0.050 0
28 8 N4 N1 0 0.050 0
28 9 N4 N4 217 0.050 1
29 1 N5 N5 0 0.200 0
29 2 N5 N2 143 0.200 1
29 3 N1 N2 130 0.650 0
29 4 N1 N1 162 0.650 1
29 5 N2 N1 137 0.300 0
29 6 N2 N2 188 0.300 1
29 7 N4 N2 0 0.460 0
29 8 N4 N1 55 0.460 0
29 9 N4 N4 216 0.460 1
30 1 N5 N5 0 0.230 0
30 2 N5 N2 141 0.230 1
30 3 N1 N2 129 0.080 0
30 4 N1 N1 159 0.080 1
30 5 N2 N1 135 0.320 0
30 6 N2 N2 188 0.320 1
30 7 N4 N2 0 0.830 0
30 8 N4 N1 55 0.830 0
30 9 N4 N4 214 0.830 1
31 1 N5 N5 0 0.270 0
31 2 N5 N2 137 0.270 1
31 3 N1 N2 129 0.250 0
31 4 N1 N1 154 0.250 1
31 5 N2 N1 130 0.390 0
31 6 N2 N2 181 0.390 1
31 7 N4 N2 0 0.330 0
31 8 N4 N1 52 0.330 0
31 9 N4 N4 212 0.330 1
32 1 N5 N5 0 0.830 0
32 2 N5 N2 135 0.830 1
32 3 N1 N2 131 0.280 0
32 4 N1 N1 147 0.280 1
32 5 N2 N1 123 0.410 0
32 6 N2 N2 175 0.410 1
32 7 N4 N2 0 0.060 0
32 8 N4 N1 48 0.060 0
32 9 N4 N4 211 0.060 1
33 1 N5 N5 0 0.380 0
33 2 N5 N2 134 0.380 1
33 3 N1 N2 132 0.330 0
33 4 N1 N1 146 0.330 1
33 5 N2 N1 118 0.020 0
33 6 N2 N2 170 0.020 1
33 7 N4 N2 0 0.150 0
33 8 N4 N1 49 0.150 0
33 9 N4 N4 210 0.150 1
34 1 N5 N5 0 0.020 0
34 2 N5 N2 133 0.020 1
34 3 N1 N2 133 0.480 0
34 4 N1 N1 142 0.480 1
34 5 N2 N1 113 0.050 0
34 6 N2 N2 169 0.050 1
34 7 N4 N2 0 0.030 0
34 8 N4 N1 49 0.030 0
34 9 N4 N4 212 0.030 1
35 1 N5 N5 0 0.510 0
35 2 N5 N2 132 0.510 1
35 3 N1 N2 134 0.060 0
35 4 N1 N1 137 0.060 1
35 5 N2 N1 112 0.010 0
35 6 N2 N2 169 0.010 1
35 7 N4 N2 0 0.130 0
35 8 N4 N1 47 0.130 0
35 9 N4 N4 212 0.130 1
36 1 N5 N5 0 0.040 0
36 2 N5 N2 131 0.040 1
36 3 N1 N2 135 0.110 1
36 4 N1 N1 132 0.110 0
36 5 N2 N1 112 0.180 0
36 6 N2 N2 170 0.180 1
36 7 N4 N2 0 0.180 0
36 8 N4 N1 46 0.180 0
36 9 N4 N4 212 0.180 1
37 1 N5 N5 0 0.070 0
37 2 N5 N2 130 0.070 1
37 3 N1 N2 135 0.540 1
37 4 N1 N1 131 0.540 0
37 5 N2 N1 112 0.740 0
37 6 N2 N2 171 0.740 1
37 7 N4 N2 0 0.760 0
37 8 N4 N1 46 0.760 0
37 9 N4 N4 213 0.760 1
38 1 N5 N5 0 0.130 0
38 2 N5 N2 132 0.130 1
38 3 N1 N2 135 0.050 1
38 4 N1 N1 126 0.050 0
38 5 N2 N1 114 0.180 0
38 6 N2 N2 171 0.180 1
38 7 N4 N2 0 1.840 0
38 8 N4 N1 46 1.840 0
38 9 N4 N4 213 1.840 1
39 1 N5 N5 0 0.160 0
39 2 N5 N2 133 0.160 1
39 3 N1 N2 134 0.170 1
39 4 N1 N1 124 0.170 0
39 5 N2 N1 114 0.310 0
39 6 N2 N2 172 0.310 1
39 7 N4 N2 0 0.350 0
39 8 N4 N1 46 0.350 0
39 9 N4 N4 214 0.350 1
40 1 N5 N5 0 0.210 0
40 2 N5 N2 134 0.210 1
40 3 N1 N2 136 0.230 1
40 4 N1 N1 122 0.230 0
40 5 N2 N1 106 0.230 0
40 6 N2 N2 174 0.230 1
40 7 N4 N2 0 0.370 0
40 8 N4 N1 46 0.370 0
40 9 N4 N4 218 0.370 1
41 1 N5 N5 0 0.250 0
41 2 N5 N2 136 0.250 1
41 3 N1 N2 138 0.380 1
41 4 N1 N1 122 0.380 0
41 5 N2 N1 104 0.300 0
41 6 N2 N2 175 0.300 1
41 7 N4 N2 0 0.920 0
41 8 N4 N1 49 0.920 0
41 9 N4 N4 220 0.920 1
42 1 N5 N5 0 0.310 0
42 2 N5 N2 137 0.310 1
42 3 N1 N2 138 0.030 1
42 4 N1 N1 121 0.030 0
42 5 N2 N1 105 0.030 0
42 6 N2 N2 176 0.030 1
42 7 N4 N2 0 0.120 0
42 8 N4 N1 53 0.120 0
42 9 N4 N4 223 0.120 1
43 1 N5 N5 0 0.910 0
43 2 N5 N2 139 0.910 1
43 3 N1 N2 139 0.250 1
43 4 N1 N1 120 0.250 0
43 5 N2 N1 103 0.040 0
43 6 N2 N2 178 0.040 1
43 7 N4 N2 0 1.230 0
43 8 N4 N1 53 1.230 0
43 9 N4 N4 223 1.230 1
44 1 N5 N5 0 0.430 0
44 2 N5 N2 141 0.430 1
44 3 N1 N2 141 0.530 1
44 4 N1 N1 120 0.530 0
44 5 N2 N1 104 0.100 0
44 6 N2 N2 179 0.100 1
44 7 N4 N2 0 0.060 0
44 8 N4 N1 53 0.060 0
44 9 N4 N4 226 0.060 1
45 1 N5 N5 0 0.100 0
45 2 N5 N2 143 0.100 1
45 3 N1 N2 142 0.040 1
45 4 N1 N1 121 0.040 0
45 5 N2 N1 104 0.690 0
45 6 N2 N2 180 0.690 1
45 7 N4 N2 0 1.150 0
45 8 N4 N1 53 1.150 0
45 9 N4 N4 226 1.150 1
46 1 N5 N5 0 0.120 0
46 2 N5 N2 144 0.120 1
46 3 N1 N2 142 0.100 1
46 4 N1 N1 123 0.100 0
46 5 N2 N1 109 0.110 0
46 6 N2 N2 181 0.110 1
46 7 N4 N2 0 0.180 0
46 8 N4 N1 0 0.180 0
46 9 N4 N4 226 0.180 1
47 1 N5 N5 0 0.040 0
47 2 N5 N2 145 0.040 1
47 3 N1 N2 142 0.670 1
47 4 N1 N1 125 0.670 0
47 5 N2 N1 110 0.680 0
47 6 N2 N2 182 0.680 1
47 7 N4 N2 0 0.230 0
47 8 N4 N1 0 0.230 0
47 9 N4 N4 228 0.230 1
48 1 N5 N5 0 0.600 0
48 2 N5 N2 146 0.600 1
48 3 N1 N2 141 0.070 1
48 4 N1 N1 131 0.070 0
48 5 N2 N1 111 0.070 0
48 6 N2 N2 184 0.070 1
48 7 N4 N2 0 0.270 0
48 8 N4 N1 0 0.270 0
48 9 N4 N4 230 0.270 1
49 1 N5 N5 0 0.120 0
49 2 N5 N2 147 0.120 1
49 3 N1 N2 144 0.670 1
49 4 N1 N1 132 0.670 0
49 5 N2 N1 113 0.270 0
49 6 N2 N2 186 0.270 1
49 7 N4 N2 0 0.320 0
49 8 N4 N1 0 0.320 0
49 9 N4 N4 233 0.320 1
50 1 N5 N5 0 0.290 0
50 2 N5 N2 148 0.290 1
50 3 N1 N2 144 0.090 1
50 4 N1 N1 133 0.090 0
50 5 N2 N1 115 0.210 0
50 6 N2 N2 187 0.210 1
50 7 N4 N2 0 0.350 0
50 8 N4 N1 0 0.350 0
50 9 N4 N4 233 0.350 1
51 1 N5 N5 0 0.200 0
51 2 N5 N2 151 0.200 1
51 3 N1 N2 145 0.250 1
51 4 N1 N1 136 0.250 0
51 5 N2 N1 115 0.340 0
51 6 N2 N2 188 0.340 1
51 7 N4 N2 0 0.370 0
51 8 N4 N1 0 0.370 0
51 9 N4 N4 233 0.370 1
52 1 N5 N5 0 0.230 0
52 2 N5 N2 152 0.230 1
52 3 N1 N2 146 0.300 1
52 4 N1 N1 140 0.300 0
52 5 N2 N1 116 0.380 0
52 6 N2 N2 189 0.380 1
52 7 N4 N2 0 0.420 0
52 8 N4 N1 0 0.420 0
52 9 N4 N4 232 0.420 1
53 1 N5 N5 0 0.430 0
53 2 N5 N2 152 0.430 1
53 3 N1 N2 148 0.470 1
53 4 N1 N1 142 0.470 0
53 5 N2 N1 117 0.430 0
53 6 N2 N2 190 0.430 1
53 7 N4 N2 0 0.460 0
53 8 N4 N1 0 0.460 0
53 9 N4 N4 231 0.460 1
54 1 N5 N5 0 0.480 0
54 2 N5 N2 153 0.480 1
54 3 N1 N2 148 0.510 1
54 4 N1 N1 143 0.510 0
54 5 N2 N1 119 0.440 0
54 6 N2 N2 191 0.440 1
54 7 N4 N2 0 1.530 0
54 8 N4 N1 0 1.530 0
54 9 N4 N4 231 1.530 1
55 1 N5 N5 0 0.900 0
55 2 N5 N2 153 0.900 1
55 3 N1 N2 148 1.590 1
55 4 N1 N1 143 1.590 0
55 5 N2 N1 119 0.590 0
55 6 N2 N2 192 0.590 1
55 7 N4 N2 0 2.610 0
55 8 N4 N1 0 2.610 0
55 9 N4 N4 231 2.610 1
56 1 N5 N5 0 1.980 0
56 2 N5 N2 153 1.980 1
56 3 N1 N2 147 0.000 1
56 4 N1 N1 145 0.000 0
56 5 N2 N1 118 0.010 0
56 6 N2 N2 194 0.010 1
56 7 N4 N2 0 3.690 0
56 8 N4 N1 0 3.690 0
56 9 N4 N4 231 3.690 1
57 1 N5 N5 0 3.060 0
57 2 N5 N2 153 3.060 1
57 3 N1 N2 145 0.940 1
57 4 N1 N1 146 0.940 0
57 5 N2 N1 120 0.120 0
57 6 N2 N2 195 0.120 1
57 7 N4 N2 0 0.120 0
57 8 N4 N1 0 0.120 0
57 9 N4 N4 232 0.120 1
58 1 N5 N5 0 0.040 0
58 2 N5 N2 154 0.040 1
58 3 N1 N2 147 0.540 0
58 4 N1 N1 148 0.540 1
58 5 N2 N1 123 0.660 0
58 6 N2 N2 195 0.660 1
58 7 N4 N2 0 0.680 0
58 8 N4 N1 0 0.680 0
58 9 N4 N4 232 0.680 1
59 1 N5 N5 7 0.080 0
59 2 N5 N2 156 0.080 1
59 3 N1 N2 147 0.000 0
59 4 N1 N1 149 0.000 1
59 5 N2 N1 123 0.400 0
59 6 N2 N2 196 0.400 1
59 7 N4 N2 0 0.200 0
59 8 N4 N1 0 0.200 0
59 9 N4 N4 233 0.200 1
60 1 N5 N5 7 0.160 0
60 2 N5 N2 157 0.160 1
60 3 N1 N5 4 0.850 0
60 4 N1 N2 147 0.850 0
60 5 N1 N1 150 0.850 1
60 6 N2 N5 6 0.250 0
60 7 N2 N1 124 0.250 0
60 8 N2 N2 196 0.250 1
60 9 N4 N5 3 0.260 0
60 10 N4 N2 0 0.260 0
60 11 N4 N1 0 0.260 0
60 12 N4 N4 233 0.260 1
61 1 N5 N5 7 0.210 0
61 2 N5 N2 156 0.210 1
61 3 N1 N5 4 0.910 0
61 4 N1 N2 147 0.910 0
61 5 N1 N1 152 0.910 1
61 6 N2 N5 6 0.810 0
61 7 N2 N1 125 0.810 0
61 8 N2 N2 197 0.810 1
61 9 N4 N5 3 0.300 0
61 10 N4 N2 0 0.300 0
61 11 N4 N1 0 0.300 0
61 12 N4 N4 233 0.300 1
62 1 N5 N5 7 0.420 0
62 2 N5 N2 157 0.420 1
62 3 N1 N5 4 2.020 0
62 4 N1 N2 147 2.020 0
62 5 N1 N1 152 2.020 1
62 6 N2 N5 6 0.900 0
62 7 N2 N1 125 0.900 0
62 8 N2 N2 196 0.900 1
62 9 N4 N5 3 0.400 0
62 10 N4 N2 0 0.400 0
62 11 N4 N1 0 0.400 0
62 12 N4 N4 233 0.400 1
63 1 N5 N5 7 1.510 0
63 2 N5 N2 157 1.510 1
63 3 N1 N5 4 0.890 0
63 4 N1 N2 145 0.890 0
63 5 N1 N1 152 0.890 1
63 6 N2 N5 6 0.030 0
63 7 N2 N1 124 0.030 0
63 8 N2 N2 196 0.030 1
63 9 N4 N5 3 0.440 0
63 10 N4 N2 0 0.440 0
63 11 N4 N1 0 0.440 0
63 12 N4 N4 232 0.440 1
64 1 N5 N5 7 0.030 0
64 2 N5 N2 155 0.030 1
64 3 N1 N5 4 0.070 0
64 4 N1 N2 144 0.070 0
64 5 N1 N1 151 0.070 1
64 6 N2 N5 6 0.080 0
64 7 N2 N1 123 0.080 0
64 8 N2 N2 194 0.080 1
64 9 N4 N5 3 0.030 0
64 10 N4 N2 0 0.030 0
64 11 N4 N1 0 0.030 0
64 12 N4 N4 231 0.030 1
65 1 N5 N5 7 0.100 0
65 2 N5 N2 155 0.100 1
65 3 N1 N5 4 1.160 0
65 4 N1 N2 144 1.160 0
65 5 N1 N1 151 1.160 1
65 6 N2 N5 6 0.020 0
65 7 N2 N1 124 0.020 0
65 8 N2 N2 193 0.020 1
65 9 N4 N5 3 0.090 0
65 10 N4 N2 0 0.090 0
65 11 N4 N1 0 0.090 0
65 12 N4 N4 231 0.090 1
66 1 N5 N5 7 0.030 0
66 2 N5 N2 150 0.030 1
66 3 N1 N5 4 2.250 0
66 4 N1 N2 144 2.250 0
66 5 N1 N1 151 2.250 1
66 6 N2 N5 6 1.110 0
66 7 N2 N1 124 1.110 0
66 8 N2 N2 193 1.110 1
66 9 N4 N5 3 0.130 0
66 10 N4 N2 0 0.130 0
66 11 N4 N1 0 0.130 0
66 12 N4 N4 229 0.130 1
67 1 N5 N5 7 0.180 0
67 2 N5 N2 143 0.180 1
67 3 N1 N5 4 0.180 0
67 4 N1 N2 135 0.180 0
67 5 N1 N1 151 0.180 1
67 6 N2 N5 6 0.260 0
67 7 N2 N1 123 0.260 0
67 8 N2 N2 189 0.260 1
67 9 N4 N5 3 0.210 0
67 10 N4 N2 0 0.210 0
67 11 N4 N1 0 0.210 0
67 12 N4 N4 228 0.210 1
68 1 N5 N5 7 0.140 0
68 2 N5 N2 137 0.140 1
68 3 N1 N5 4 0.240 0
68 4 N1 N2 133 0.240 0
68 5 N1 N1 147 0.240 1
68 6 N2 N5 5 0.180 0
68 7 N2 N1 121 0.180 0
68 8 N2 N2 186 0.180 1
68 9 N4 N5 3 0.270 0
68 10 N4 N2 0 0.270 0
68 11 N4 N1 0 0.270 0
68 12 N4 N4 225 0.270 1
69 1 N5 N5 7 0.220 0
69 2 N5 N2 130 0.220 1
69 3 N1 N5 3 0.110 0
69 4 N1 N2 130 0.110 0
69 5 N1 N1 145 0.110 1
69 6 N2 N5 5 0.280 0
69 7 N2 N1 111 0.280 0
69 8 N2 N2 185 0.280 1
69 9 N4 N5 0 0.340 0
69 10 N4 N2 0 0.340 0
69 11 N4 N1 0 0.340 0
69 12 N4 N4 218 0.340 1
70 1 N5 N5 7 0.280 0
70 2 N5 N2 124 0.280 1
70 3 N1 N5 3 0.690 0
70 4 N1 N2 127 0.690 0
70 5 N1 N1 143 0.690 1
70 6 N2 N5 5 0.830 0
70 7 N2 N1 105 0.830 0
70 8 N2 N2 183 0.830 1
70 9 N4 N5 2 0.400 0
70 10 N4 N2 0 0.400 0
70 11 N4 N1 0 0.400 0
70 12 N4 N4 212 0.400 1
71 1 N5 N5 7 0.850 0
71 2 N5 N2 124 0.850 1
71 3 N1 N5 3 0.440 0
71 4 N1 N2 127 0.440 0
71 5 N1 N1 140 0.440 1
71 6 N2 N5 5 0.380 0
71 7 N2 N1 98 0.380 0
71 8 N2 N2 179 0.380 1
71 9 N4 N5 1 0.110 0
71 10 N4 N2 0 0.110 0
71 11 N4 N1 0 0.110 0
71 12 N4 N4 205 0.110 1
72 1 N5 N5 7 0.020 0
72 2 N5 N2 124 0.020 1
72 3 N1 N5 3 0.390 0
72 4 N1 N2 130 0.390 0
72 5 N1 N1 136 0.390 1
72 6 N2 N5 5 0.050 0
72 7 N2 N1 97 0.050 0
72 8 N2 N2 178 0.050 1
72 9 N4 N5 1 0.520 0
72 10 N4 N2 0 0.520 0
72 11 N4 N1 0 0.520 0
72 12 N4 N4 201 0.520 1
73 1 N5 N5 7 1.130 0
73 2 N5 N2 124 1.130 1
73 3 N1 N5 3 0.090 0
73 4 N1 N2 131 0.090 0
73 5 N1 N1 135 0.090 1
73 6 N2 N5 5 0.020 0
73 7 N2 N1 96 0.020 0
73 8 N2 N2 178 0.020 1
73 9 N4 N5 1 0.750 0
73 10 N4 N2 0 0.750 0
73 11 N4 N1 0 0.750 0
73 12 N4 N4 198 0.750 1
74 1 N5 N5 7 0.190 0
74 2 N5 N2 124 0.190 1
74 3 N1 N5 3 0.080 0
74 4 N1 N2 133 0.080 0
74 5 N1 N1 135 0.080 1
74 6 N2 N5 5 0.120 0
74 7 N2 N1 96 0.120 0
74 8 N2 N2 178 0.120 1
74 9 N4 N5 1 0.110 0
74 10 N4 N2 0 0.110 0
74 11 N4 N1 0 0.110 0
74 12 N4 N4 194 0.110 1
75 1 N5 N5 7 0.160 0
75 2 N5 N2 126 0.160 1
75 3 N1 N5 3 0.150 0
75 4 N1 N2 137 0.150 1
75 5 N1 N1 134 0.150 0
75 6 N2 N5 5 0.200 0
75 7 N2 N1 96 0.200 0
75 8 N2 N2 179 0.200 1
75 9 N4 N5 1 0.350 0
75 10 N4 N2 0 0.350 0
75 11 N4 N1 0 0.350 0
75 12 N4 N4 192 0.350 1
76 1 N5 N5 7 0.220 0
76 2 N5 N2 129 0.220 1
76 3 N1 N5 3 0.190 0
76 4 N1 N2 140 0.190 1
76 5 N1 N1 134 0.190 0
76 6 N2 N5 5 0.370 0
76 7 N2 N1 96 0.370 0
76 8 N2 N2 179 0.370 1
76 9 N4 N5 1 0.240 0
76 10 N4 N2 0 0.240 0
76 11 N4 N1 0 0.240 0
76 12 N4 N4 188 0.240 1
77 1 N5 N5 6 0.290 0
77 2 N5 N2 132 0.290 1
77 3 N1 N5 3 0.240 0
77 4 N1 N2 142 0.240 1
77 5 N1 N1 130 0.240 0
77 6 N2 N5 4 0.310 0
77 7 N2 N1 94 0.310 0
77 8 N2 N2 180 0.310 1
77 9 N4 N5 1 0.530 0
77 10 N4 N2 0 0.530 0
77 11 N4 N1 0 0.530 0
77 12 N4 N4 187 0.530 1
78 1 N5 N5 6 0.070 0
78 2 N5 N2 135 0.070 1
78 3 N1 N5 3 1.450 0
78 4 N1 N2 142 1.450 1
78 5 N1 N1 130 1.450 0
78 6 N2 N5 4 0.090 0
78 7 N2 N1 92 0.090 0
78 8 N2 N2 182 0.090 1
78 9 N4 N5 1 1.740 0
78 10 N4 N2 0 1.740 0
78 11 N4 N1 0 1.740 0
78 12 N4 N4 187 1.740 1
79 1 N5 N5 6 0.230 0
79 2 N5 N2 135 0.230 1
79 3 N1 N5 3 0.620 0
79 4 N1 N2 142 0.620 1
79 5 N1 N1 129 0.620 0
79 6 N2 N5 4 0.640 0
79 7 N2 N1 92 0.640 0
79 8 N2 N2 182 0.640 1
79 9 N4 N5 1 0.170 0
79 10 N4 N2 0 0.170 0
79 11 N4 N1 0 0.170 0
79 12 N4 N4 186 0.170 1
80 1 N5 N5 6 0.170 0
80 2 N5 N2 133 0.170 1
80 3 N1 N5 3 0.160 0
80 4 N1 N2 143 0.160 1
80 5 N1 N1 126 0.160 0
80 6 N2 N5 4 0.710 0
80 7 N2 N1 91 0.710 0
80 8 N2 N2 182 0.710 1
80 9 N4 N5 1 0.220 0
80 10 N4 N2 0 0.220 0
80 11 N4 N1 0 0.220 0
80 12 N4 N4 187 0.220 1
81 1 N5 N5 6 0.220 0
81 2 N5 N2 133 0.220 1
81 3 N1 N5 3 0.220 0
81 4 N1 N2 144 0.220 1
81 5 N1 N1 127 0.220 0
81 6 N2 N5 4 0.270 0
81 7 N2 N1 92 0.270 0
81 8 N2 N2 182 0.270 1
81 9 N4 N5 1 0.290 0
81 10 N4 N2 0 0.290 0
81 11 N4 N1 0 0.290 0
81 12 N4 N4 189 0.290 1
82 1 N5 N5 6 0.900 0
82 2 N5 N2 133 0.900 1
82 3 N1 N5 3 0.720 0
82 4 N1 N2 144 0.720 1
82 5 N1 N1 126 0.720 0
82 6 N2 N5 4 0.350 0
82 7 N2 N1 92 0.350 0
82 8 N2 N2 186 0.350 1
82 9 N4 N5 1 0.350 0
82 10 N4 N2 0 0.350 0
82 11 N4 N1 0 0.350 0
82 12 N4 N4 189 0.350 1
83 1 N5 N5 6 0.360 0
83 2 N5 N2 135 0.360 1
83 3 N1 N5 3 0.330 0
83 4 N1 N2 146 0.330 1
83 5 N1 N1 127 0.330 0
83 6 N2 N5 4 0.500 0
83 7 N2 N1 94 0.500 0
83 8 N2 N2 188 0.500 1
83 9 N4 N5 1 0.460 0
83 10 N4 N2 0 0.460 0
83 11 N4 N1 0 0.460 0
83 12 N4 N4 190 0.460 1
84 1 N5 N5 6 0.030 0
84 2 N5 N2 136 0.030 1
84 3 N1 N5 0 0.370 0
84 4 N1 N2 149 0.370 1
84 5 N1 N1 128 0.370 0
84 6 N2 N5 4 0.040 0
84 7 N2 N1 102 0.040 0
84 8 N2 N2 194 0.040 1
84 9 N4 N5 1 0.510 0
84 10 N4 N2 0 0.510 0
84 11 N4 N1 0 0.510 0
84 12 N4 N4 190 0.510 1
85 1 N5 N5 6 0.060 0
85 2 N5 N2 137 0.060 1
85 3 N1 N5 0 0.020 0
85 4 N1 N2 154 0.020 1
85 5 N1 N1 132 0.020 0
85 6 N2 N5 4 0.080 0
85 7 N2 N1 109 0.080 0
85 8 N2 N2 201 0.080 1
85 9 N4 N5 1 0.050 0
85 10 N4 N2 0 0.050 0
85 11 N4 N1 0 0.050 0
85 12 N4 N4 189 0.050 1
86 1 N5 N5 6 1.150 0
86 2 N5 N2 137 1.150 1
86 3 N1 N5 0 0.990 0
86 4 N1 N2 157 0.990 1
86 5 N1 N1 132 0.990 0
86 6 N2 N5 4 0.030 0
86 7 N2 N1 112 0.030 0
86 8 N2 N2 207 0.030 1
86 9 N4 N5 1 0.100 0
86 10 N4 N2 0 0.100 0
86 11 N4 N1 0 0.100 0
86 12 N4 N4 189 0.100 1
87 1 N5 N5 5 0.040 0
87 2 N5 N2 141 0.040 1
87 3 N1 N5 0 0.290 0
87 4 N1 N2 160 0.290 1
87 5 N1 N1 137 0.290 0
87 6 N2 N5 4 0.090 0
87 7 N2 N1 115 0.090 0
87 8 N2 N2 210 0.090 1
87 9 N4 N5 1 0.360 0
87 10 N4 N2 0 0.360 0
87 11 N4 N1 0 0.360 0
87 12 N4 N4 190 0.360 1
88 1 N5 N5 5 0.110 0
88 2 N5 N2 143 0.110 1
88 3 N1 N5 0 0.190 0
88 4 N1 N2 163 0.190 1
88 5 N1 N1 144 0.190 0
88 6 N2 N5 4 0.160 0
88 7 N2 N1 121 0.160 0
88 8 N2 N2 210 0.160 1
88 9 N4 N5 1 1.450 0
88 10 N4 N2 0 1.450 0
88 11 N4 N1 0 1.450 0
88 12 N4 N4 190 1.450 1
89 1 N5 N5 5 0.200 0
89 2 N5 N2 144 0.200 1
89 3 N1 N5 0 0.270 0
89 4 N1 N2 164 0.270 1
89 5 N1 N1 150 0.270 0
89 6 N2 N5 4 0.230 0
89 7 N2 N1 126 0.230 0
89 8 N2 N2 212 0.230 1
89 9 N4 N5 1 0.320 0
89 10 N4 N2 0 0.320 0
89 11 N4 N1 0 0.320 0
89 12 N4 N4 192 0.320 1
90 1 N5 N5 5 0.280 0
90 2 N5 N2 147 0.280 1
90 3 N1 N5 0 0.220 0
90 4 N1 N2 166 0.220 1
90 5 N1 N1 155 0.220 0
90 6 N2 N5 4 0.290 0
90 7 N2 N1 129 0.290 0
90 8 N2 N2 214 0.290 1
90 9 N4 N5 1 0.410 0
90 10 N4 N2 0 0.410 0
90 11 N4 N1 0 0.410 0
90 12 N4 N4 193 0.410 1
91 1 N5 N5 5 0.330 0
91 2 N5 N2 149 0.330 1
91 3 N1 N5 0 0.400 0
91 4 N1 N2 166 0.400 1
91 5 N1 N1 160 0.400 0
91 6 N2 N5 4 0.350 0
91 7 N2 N1 132 0.350 0
91 8 N2 N2 214 0.350 1
91 9 N4 N5 1 0.220 0
91 10 N4 N2 0 0.220 0
91 11 N4 N1 64 0.220 0
91 12 N4 N4 196 0.220 1
92 1 N5 N5 5 0.390 0
92 2 N5 N2 151 0.390 1
92 3 N1 N5 0 0.350 0
92 4 N1 N2 167 0.350 1
92 5 N1 N1 166 0.350 0
92 6 N2 N5 4 0.400 0
92 7 N2 N1 134 0.400 0
92 8 N2 N2 216 0.400 1
92 9 N4 N5 1 0.070 0
92 10 N4 N2 0 0.070 0
92 11 N4 N1 64 0.070 0
92 12 N4 N4 198 0.070 1
93 1 N5 N5 5 0.100 0
93 2 N5 N2 152 0.100 1
93 3 N1 N5 0 0.050 0
93 4 N1 N2 168 0.050 0
93 5 N1 N1 172 0.050 1
93 6 N2 N5 4 0.040 0
93 7 N2 N1 139 0.040 0
93 8 N2 N2 217 0.040 1
93 9 N4 N5 1 0.150 0
93 10 N4 N2 0 0.150 0
93 11 N4 N1 64 0.150 0
93 12 N4 N4 202 0.150 1
94 1 N5 N5 5 0.050 0
94 2 N5 N2 155 0.050 1
94 3 N1 N5 0 0.420 0
94 4 N1 N2 170 0.420 0
94 5 N1 N1 174 0.420 1
94 6 N2 N5 4 0.510 0
94 7 N2 N1 140 0.510 0
94 8 N2 N2 217 0.510 1
94 9 N4 N5 1 0.220 0
94 10 N4 N2 0 0.220 0
94 11 N4 N1 64 0.220 0
94 12 N4 N4 204 0.220 1
95 1 N5 N5 5 0.250 0
95 2 N5 N2 155 0.250 1
95 3 N1 N5 0 0.170 0
95 4 N1 N2 173 0.170 0
95 5 N1 N1 175 0.170 1
95 6 N2 N5 4 0.030 0
95 7 N2 N1 143 0.030 0
95 8 N2 N2 218 0.030 1
95 9 N4 N5 1 0.040 0
95 10 N4 N2 0 0.040 0
95 11 N4 N1 62 0.040 0
95 12 N4 N4 206 0.040 1
96 1 N5 N5 5 0.170 0
96 2 N5 N2 157 0.170 1
96 3 N1 N5 0 0.120 0
96 4 N1 N2 173 0.120 0
96 5 N1 N1 175 0.120 1
96 6 N2 N5 4 0.070 0
96 7 N2 N1 144 0.070 0
96 8 N2 N2 217 0.070 1
96 9 N4 N5 0 0.070 0
96 10 N4 N2 0 0.070 0
96 11 N4 N1 63 0.070 0
96 12 N4 N4 207 0.070 1
97 1 N5 N5 5 0.240 0
97 2 N5 N2 158 0.240 1
97 3 N1 N5 0 0.700 0
97 4 N1 N2 172 0.700 0
97 5 N1 N1 175 0.700 1
97 6 N2 N5 0 0.150 0
97 7 N2 N1 146 0.150 0
97 8 N2 N2 216 0.150 1
97 9 N4 N5 0 0.150 0
97 10 N4 N2 0 0.150 0
97 11 N4 N1 64 0.150 0
97 12 N4 N4 206 0.150 1
98 1 N5 N5 5 0.320 0
98 2 N5 N2 159 0.320 1
98 3 N1 N5 0 0.280 0
98 4 N1 N2 172 0.280 0
98 5 N1 N1 177 0.280 1
98 6 N2 N5 0 0.250 0
98 7 N2 N1 148 0.250 0
98 8 N2 N2 215 0.250 1
98 9 N4 N5 0 0.260 0
98 10 N4 N2 0 0.260 0
98 11 N4 N1 65 0.260 0
98 12 N4 N4 206 0.260 1
99 1 N5 N5 5 0.390 0
99 2 N5 N2 160 0.390 1
99 3 N1 N5 0 0.480 0
99 4 N1 N2 172 0.480 0
99 5 N1 N1 179 0.480 1
99 6 N2 N5 0 0.340 0
99 7 N2 N1 150 0.340 0
99 8 N2 N2 215 0.340 1
99 9 N4 N5 0 0.060 0
99 10 N4 N2 0 0.060 0
99 11 N4 N1 65 0.060 0
99 12 N4 N4 206 0.060 1
100 1 N5 N5 5 0.050 0
100 2 N5 N2 160 0.050 1
100 3 N1 N5 0 0.300 0
100 4 N1 N2 170 0.300 0
100 5 N1 N1 178 0.300 1
100 6 N2 N5 0 0.040 0
100 7 N2 N1 152 0.040 0
100 8 N2 N2 213 0.040 1
100 9 N4 N5 0 0.650 0
100 10 N4 N2 0 0.650 0
100 11 N4 N1 65 0.650 0
100 12 N4 N4 206 0.650 1
101 1 N5 N5 5 0.090 0
101 2 N5 N2 160 0.090 1
101 3 N1 N5 0 0.480 0
101 4 N1 N2 167 0.480 0
101 5 N1 N1 178 0.480 1
101 6 N2 N5 0 0.000 0
101 7 N2 N1 156 0.000 0
101 8 N2 N2 211 0.000 1
101 9 N4 N5 0 0.230 0
101 10 N4 N2 0 0.230 0
101 11 N4 N1 67 0.230 0
101 12 N4 N4 207 0.230 1
102 1 N5 N5 5 0.020 0
102 2 N5 N2 158 0.020 1
102 3 N1 N5 0 0.060 0
102 4 N1 N2 163 0.060 0
102 5 N1 N1 178 0.060 1
102 6 N2 N5 0 0.550 0
102 7 N2 N1 155 0.550 0
102 8 N2 N2 209 0.550 1
102 9 N4 N5 0 0.270 0
102 10 N4 N2 0 0.270 0
102 11 N4 N1 69 0.270 0
102 12 N4 N4 207 0.270 1
103 1 N5 N5 5 0.610 0
103 2 N5 N2 156 0.610 1
103 3 N1 N5 0 0.040 0
103 4 N1 N2 161 0.040 0
103 5 N1 N1 177 0.040 1
103 6 N2 N5 0 0.110 0
103 7 N2 N1 154 0.110 0
103 8 N2 N2 206 0.110 1
103 9 N4 N5 0 0.330 0
103 10 N4 N2 0 0.330 0
103 11 N4 N1 71 0.330 0
103 12 N4 N4 208 0.330 1
104 1 N5 N5 5 0.280 0
104 2 N5 N2 154 0.280 1
104 3 N1 N5 0 0.550 0
104 4 N1 N2 157 0.550 0
104 5 N1 N1 177 0.550 1
104 6 N2 N5 0 0.150 0
104 7 N2 N1 153 0.150 0
104 8 N2 N2 203 0.150 1
104 9 N4 N5 0 0.410 0
104 10 N4 N2 0 0.410 0
104 11 N4 N1 72 0.410 0
104 12 N4 N4 208 0.410 1
105 1 N5 N5 5 0.230 0
105 2 N5 N2 150 0.230 1
105 3 N1 N5 0 0.680 0
105 4 N1 N2 156 0.680 0
105 5 N1 N1 178 0.680 1
105 6 N2 N5 0 0.200 0
105 7 N2 N1 154 0.200 0
105 8 N2 N2 200 0.200 1
105 9 N4 N5 0 0.200 0
105 10 N4 N2 0 0.200 0
105 11 N4 N1 71 0.200 0
105 12 N4 N4 208 0.200 1
106 1 N5 N5 0 0.310 0
106 2 N5 N2 146 0.310 1
106 3 N1 N5 0 0.250 0
106 4 N1 N2 154 0.250 0
106 5 N1 N1 181 0.250 1
106 6 N2 N5 0 0.300 0
106 7 N2 N1 153 0.300 0
106 8 N2 N2 198 0.300 1
106 9 N4 N5 0 0.210 0
106 10 N4 N2 0 0.210 0
106 11 N4 N1 70 0.210 0
106 12 N4 N4 208 0.210 1
107 1 N5 N5 0 0.510 0
107 2 N5 N2 146 0.510 1
107 3 N1 N5 0 0.010 0
107 4 N1 N2 154 0.010 0
107 5 N1 N1 183 0.010 1
107 6 N2 N5 0 0.350 0
107 7 N2 N1 155 0.350 0
107 8 N2 N2 196 0.350 1
107 9 N4 N5 0 0.100 0
107 10 N4 N2 0 0.100 0
107 11 N4 N1 70 0.100 0
107 12 N4 N4 208 0.100 1
108 1 N5 N5 0 0.460 0
108 2 N5 N2 143 0.460 1
108 3 N1 N5 0 0.100 0
108 4 N1 N2 153 0.100 0
108 5 N1 N1 186 0.100 1
108 6 N2 N5 0 0.030 0
108 7 N2 N1 161 0.030 0
108 8 N2 N2 191 0.030 1
108 9 N4 N5 0 0.200 0
108 10 N4 N2 0 0.200 0
108 11 N4 N1 70 0.200 0
108 12 N4 N4 208 0.200 1
109 1 N5 N5 0 0.120 0
109 2 N5 N2 142 0.120 1
109 3 N1 N5 0 0.440 0
109 4 N1 N2 153 0.440 0
109 5 N1 N1 188 0.440 1
109 6 N2 N5 0 0.070 0
109 7 N2 N1 164 0.070 0
109 8 N2 N2 189 0.070 1
109 9 N4 N5 0 0.790 0
109 10 N4 N2 0 0.790 0
109 11 N4 N1 69 0.790 0
109 12 N4 N4 207 0.790 1
110 1 N5 N5 0 0.080 0
110 2 N5 N2 140 0.080 1
110 3 N1 N5 0 1.050 0
110 4 N1 N2 154 1.050 0
110 5 N1 N1 189 1.050 1
110 6 N2 N5 0 0.030 0
110 7 N2 N1 164 0.030 0
110 8 N2 N2 189 0.030 1
110 9 N4 N5 0 0.350 0
110 10 N4 N2 0 0.350 0
110 11 N4 N1 68 0.350 0
110 12 N4 N4 207 0.350 1
111 1 N5 N5 0 0.170 0
111 2 N5 N2 138 0.170 1
111 3 N1 N5 0 0.070 0
111 4 N1 N2 156 0.070 0
111 5 N1 N1 192 0.070 1
111 6 N2 N5 0 0.110 0
111 7 N2 N1 165 0.110 0
111 8 N2 N2 188 0.110 1
111 9 N4 N5 0 0.390 0
111 10 N4 N2 0 0.390 0
111 11 N4 N1 68 0.390 0
111 12 N4 N4 207 0.390 1
112 1 N5 N5 0 0.230 0
112 2 N5 N2 137 0.230 1
112 3 N1 N5 0 0.160 0
112 4 N1 N2 156 0.160 0
112 5 N1 N1 194 0.160 1
112 6 N2 N5 0 0.190 0
112 7 N2 N1 163 0.190 0
112 8 N2 N2 188 0.190 1
112 9 N4 N5 0 0.980 0
112 10 N4 N2 0 0.980 0
112 11 N4 N1 68 0.980 0
112 12 N4 N4 206 0.980 1
113 1 N5 N5 0 0.810 0
113 2 N5 N2 136 0.810 1
113 3 N1 N5 0 0.260 0
113 4 N1 N2 154 0.260 0
113 5 N1 N1 193 0.260 1
113 6 N2 N5 0 0.400 0
113 7 N2 N1 162 0.400 0
113 8 N2 N2 187 0.400 1
113 9 N4 N5 0 1.060 0
113 10 N4 N2 0 1.060 0
113 11 N4 N1 68 1.060 0
113 12 N4 N4 206 1.060 1
114 1 N5 N5 0 0.370 0
114 2 N5 N2 135 0.370 1
114 3 N1 N5 0 0.070 0
114 4 N1 N2 149 0.070 0
114 5 N1 N1 188 0.070 1
114 6 N2 N5 0 0.350 0
114 7 N2 N1 153 0.350 0
114 8 N2 N2 183 0.350 1
114 9 N4 N5 0 0.070 0
114 10 N4 N2 0 0.070 0
114 11 N4 N1 69 0.070 0
114 12 N4 N4 208 0.070 1
115 1 N5 N5 0 0.410 0
115 2 N5 N2 134 0.410 1
115 3 N1 N5 0 0.290 0
115 4 N1 N2 147 0.290 0
115 5 N1 N1 186 0.290 1
115 6 N2 N5 0 0.270 0
115 7 N2 N1 144 0.270 0
115 8 N2 N2 182 0.270 1
115 9 N4 N5 0 0.400 0
115 10 N4 N2 0 0.400 0
115 11 N4 N1 69 0.400 0
115 12 N4 N4 209 0.400 1
116 1 N5 N5 0 0.470 0
116 2 N5 N2 134 0.470 1
116 3 N1 N5 0 0.100 0
116 4 N1 N2 148 0.100 0
116 5 N1 N1 181 0.100 1
116 6 N2 N5 0 0.050 0
116 7 N2 N1 140 0.050 0
116 8 N2 N2 180 0.050 1
116 9 N4 N5 0 0.200 0
116 10 N4 N2 0 0.200 0
116 11 N4 N1 70 0.200 0
116 12 N4 N4 212 0.200 1
117 1 N5 N5 0 0.510 0
117 2 N5 N2 133 0.510 1
117 3 N1 N5 0 0.170 0
117 4 N1 N2 146 0.170 0
117 5 N1 N1 176 0.170 1
117 6 N2 N5 0 0.100 0
117 7 N2 N1 133 0.100 0
117 8 N2 N2 179 0.100 1
117 9 N4 N5 0 1.290 0
117 10 N4 N2 0 1.290 0
117 11 N4 N1 70 1.290 0
117 12 N4 N4 212 1.290 1
118 1 N5 N5 0 0.020 0
118 2 N5 N2 132 0.020 1
118 3 N1 N5 0 0.080 0
118 4 N1 N2 145 0.080 0
118 5 N1 N1 172 0.080 1
118 6 N2 N5 0 0.050 0
118 7 N2 N1 132 0.050 0
118 8 N2 N2 176 0.050 1
118 9 N4 N5 0 0.860 0
118 10 N4 N2 0 0.860 0
118 11 N4 N1 70 0.860 0
118 12 N4 N4 213 0.860 1
119 1 N5 N5 0 0.180 0
119 2 N5 N2 132 0.180 1
119 3 N1 N5 0 0.430 0
119 4 N1 N2 145 0.430 0
119 5 N1 N1 167 0.430 1
119 6 N2 N5 0 0.110 0
119 7 N2 N1 129 0.110 0
119 8 N2 N2 173 0.110 1
119 9 N4 N5 0 0.420 0
119 10 N4 N2 0 0.420 0
119 11 N4 N1 70 0.420 0
119 12 N4 N4 215 0.420 1
120 1 N5 N5 0 0.150 0
120 2 N5 N2 129 0.150 1
120 3 N1 N5 0 0.480 0
120 4 N1 N2 144 0.480 0
120 5 N1 N1 163 0.480 1
120 6 N2 N5 0 0.170 0
120 7 N2 N1 128 0.170 0
120 8 N2 N2 171 0.170 1
120 9 N4 N5 0 0.500 0
120 10 N4 N2 0 0.500 0
120 11 N4 N1 0 0.500 0
120 12 N4 N4 219 0.500 1
121 1 N5 N5 0 0.220 0
121 2 N5 N2 126 0.220 1
121 3 N1 N5 0 0.040 0
121 4 N1 N2 146 0.040 0
121 5 N1 N1 159 0.040 1
121 6 N2 N5 0 0.240 0
121 7 N2 N1 128 0.240 0
121 8 N2 N2 171 0.240 1
121 9 N4 N5 0 1.590 0
121 10 N4 N2 0 1.590 0
121 11 N4 N1 0 1.590 0
121 12 N4 N4 219 1.590 1
122 1 N5 N5 6 0.310 0
122 2 N5 N2 124 0.310 1
122 3 N1 N5 4 0.030 0
122 4 N1 N2 146 0.030 0
122 5 N1 N1 160 0.030 1
122 6 N2 N5 5 0.350 0
122 7 N2 N1 129 0.350 0
122 8 N2 N2 173 0.350 1
122 9 N4 N5 3 0.090 0
122 10 N4 N2 0 0.090 0
122 11 N4 N1 0 0.090 0
122 12 N4 N4 224 0.090 1
123 1 N5 N5 6 0.400 0
123 2 N5 N2 122 0.400 1
123 3 N1 N5 4 0.100 0
123 4 N1 N2 145 0.100 0
123 5 N1 N1 161 0.100 1
123 6 N2 N5 5 0.020 0
123 7 N2 N1 129 0.020 0
123 8 N2 N2 173 0.020 1
123 9 N4 N5 3 0.220 0
123 10 N4 N2 0 0.220 0
123 11 N4 N1 0 0.220 0
123 12 N4 N4 228 0.220 1
124 1 N5 N5 6 0.490 0
124 2 N5 N2 123 0.490 1
124 3 N1 N5 4 0.810 0
124 4 N1 N2 145 0.810 0
124 5 N1 N1 162 0.810 1
124 6 N2 N5 8 0.520 0
124 7 N2 N1 129 0.520 0
124 8 N2 N2 172 0.520 1
124 9 N4 N5 4 0.810 0
124 10 N4 N2 0 0.810 0
124 11 N4 N1 0 0.810 0
124 12 N4 N4 231 0.810 1
125 1 N5 N5 8 0.680 0
125 2 N5 N2 124 0.680 1
125 3 N1 N5 7 0.250 0
125 4 N1 N2 147 0.250 0
125 5 N1 N1 165 0.250 1
125 6 N2 N5 9 0.060 0
125 7 N2 N1 136 0.060 0
125 8 N2 N2 173 0.060 1
125 9 N4 N5 5 0.560 0
125 10 N4 N2 0 0.560 0
125 11 N4 N1 0 0.560 0
125 12 N4 N4 233 0.560 1
126 1 N5 N5 8 0.620 0
126 2 N5 N2 125 0.620 1
126 3 N1 N5 7 0.050 0
126 4 N1 N2 148 0.050 0
126 5 N1 N1 168 0.050 1
126 6 N2 N5 10 0.050 0
126 7 N2 N1 139 0.050 0
126 8 N2 N2 179 0.050 1
126 9 N4 N5 5 1.650 0
126 10 N4 N2 0 1.650 0
126 11 N4 N1 0 1.650 0
126 12 N4 N4 233 1.650 1
127 1 N5 N5 10 0.330 0
127 2 N5 N2 128 0.330 1
127 3 N1 N5 8 0.330 0
127 4 N1 N2 151 0.330 0
127 5 N1 N1 169 0.330 1
127 6 N2 N5 11 0.180 0
127 7 N2 N1 144 0.180 0
127 8 N2 N2 183 0.180 1
127 9 N4 N5 5 0.490 0
127 10 N4 N2 0 0.490 0
127 11 N4 N1 0 0.490 0
127 12 N4 N4 235 0.490 1
128 1 N5 N5 11 0.250 0
128 2 N5 N2 132 0.250 1
128 3 N1 N5 8 0.050 0
128 4 N1 N2 154 0.050 0
128 5 N1 N1 171 0.050 1
128 6 N2 N5 12 0.350 0
128 7 N2 N1 145 0.350 0
128 8 N2 N2 188 0.350 1
128 9 N4 N5 5 0.040 0
128 10 N4 N2 0 0.040 0
128 11 N4 N1 0 0.040 0
128 12 N4 N4 239 0.040 1
129 1 N5 N5 12 0.320 0
129 2 N5 N2 137 0.320 1
129 3 N1 N5 10 0.110 0
129 4 N1 N2 160 0.110 0
129 5 N1 N1 175 0.110 1
129 6 N2 N5 12 0.270 0
129 7 N2 N1 146 0.270 0
129 8 N2 N2 191 0.270 1
129 9 N4 N5 6 0.270 0
129 10 N4 N2 0 0.270 0
129 11 N4 N1 0 0.270 0
129 12 N4 N4 240 0.270 1
130 1 N5 N5 13 0.360 0
130 2 N5 N2 143 0.360 1
130 3 N1 N5 11 0.060 0
130 4 N1 N2 167 0.060 0
130 5 N1 N1 179 0.060 1
130 6 N2 N5 14 0.230 0
130 7 N2 N1 146 0.230 0
130 8 N2 N2 195 0.230 1
130 9 N4 N5 6 0.670 0
130 10 N4 N2 0 0.670 0
130 11 N4 N1 0 0.670 0
130 12 N4 N4 241 0.670 1
131 1 N5 N5 16 0.380 0
131 2 N5 N2 147 0.380 1
131 3 N1 N5 13 0.080 0
131 4 N1 N2 177 0.080 0
131 5 N1 N1 181 0.080 1
131 6 N2 N5 16 0.400 0
131 7 N2 N1 146 0.400 0
131 8 N2 N2 199 0.400 1
131 9 N4 N5 7 0.190 0
131 10 N4 N2 0 0.190 0
131 11 N4 N1 0 0.190 0
131 12 N4 N4 244 0.190 1
132 1 N5 N5 18 0.030 0
132 2 N5 N2 148 0.030 1
132 3 N1 N5 15 0.080 0
132 4 N1 N2 179 0.080 0
132 5 N1 N1 182 0.080 1
132 6 N2 N5 19 0.450 0
132 7 N2 N1 146 0.450 0
132 8 N2 N2 202 0.450 1
132 9 N4 N5 7 0.270 0
132 10 N4 N2 0 0.270 0
132 11 N4 N1 0 0.270 0
132 12 N4 N4 245 0.270 1
133 1 N5 N5 18 0.490 0
133 2 N5 N2 148 0.490 1
133 3 N1 N5 17 0.150 0
133 4 N1 N2 180 0.150 0
133 5 N1 N1 182 0.150 1
133 6 N2 N5 19 0.120 0
133 7 N2 N1 147 0.120 0
133 8 N2 N2 203 0.120 1
133 9 N4 N5 8 0.360 0
133 10 N4 N2 0 0.360 0
133 11 N4 N1 0 0.360 0
133 12 N4 N4 245 0.360 1
134 1 N5 N5 20 0.130 0
134 2 N5 N2 151 0.130 1
134 3 N1 N5 19 0.220 0
134 4 N1 N2 181 0.220 0
134 5 N1 N1 182 0.220 1
134 6 N2 N5 20 0.610 0
134 7 N2 N1 146 0.610 0
134 8 N2 N2 205 0.610 1
134 9 N4 N5 10 0.130 0
134 10 N4 N2 0 0.130 0
134 11 N4 N1 0 0.130 0
134 12 N4 N4 246 0.130 1
135 1 N5 N5 21 0.610 0
135 2 N5 N2 152 0.610 1
135 3 N1 N5 20 0.280 0
135 4 N1 N2 179 0.280 0
135 5 N1 N1 181 0.280 1
135 6 N2 N5 21 0.220 0
135 7 N2 N1 146 0.220 0
135 8 N2 N2 207 0.220 1
135 9 N4 N5 13 0.280 0
135 10 N4 N2 0 0.280 0
135 11 N4 N1 0 0.280 0
135 12 N4 N4 245 0.280 1
136 1 N5 N5 23 0.230 0
136 2 N5 N2 153 0.230 1
136 3 N1 N5 20 0.350 0
136 4 N1 N2 178 0.350 0
136 5 N1 N1 182 0.350 1
136 6 N2 N5 22 0.300 0
136 7 N2 N1 145 0.300 0
136 8 N2 N2 209 0.300 1
136 9 N4 N5 13 0.060 0
136 10 N4 N2 0 0.060 0
136 11 N4 N1 0 0.060 0
136 12 N4 N4 245 0.060 1
137 1 N5 N5 25 0.320 0
137 2 N5 N2 154 0.320 1
137 3 N1 N5 20 0.060 0
137 4 N1 N2 177 0.060 0
137 5 N1 N1 179 0.060 1
137 6 N2 N5 25 0.360 0
137 7 N2 N1 143 0.360 0
137 8 N2 N2 211 0.360 1
137 9 N4 N5 13 0.650 0
137 10 N4 N2 0 0.650 0
137 11 N4 N1 0 0.650 0
137 12 N4 N4 245 0.650 1
138 1 N5 N5 27 0.500 0
138 2 N5 N2 155 0.500 1
138 3 N1 N5 21 0.540 0
138 4 N1 N2 176 0.540 0
138 5 N1 N1 178 0.540 1
138 6 N2 N5 26 0.540 0
138 7 N2 N1 141 0.540 0
138 8 N2 N2 211 0.540 1
138 9 N4 N5 13 0.230 0
138 10 N4 N2 0 0.230 0
138 11 N4 N1 0 0.230 0
138 12 N4 N4 246 0.230 1
139 1 N5 N5 32 0.070 0
139 2 N5 N2 154 0.070 1
139 3 N1 N5 25 0.090 0
139 4 N1 N2 173 0.090 0
139 5 N1 N1 174 0.090 1
139 6 N2 N5 28 0.470 0
139 7 N2 N1 140 0.470 0
139 8 N2 N2 211 0.470 1
139 9 N4 N5 13 0.310 0
139 10 N4 N2 0 0.310 0
139 11 N4 N1 0 0.310 0
139 12 N4 N4 246 0.310 1
140 1 N5 N5 34 0.140 0
140 2 N5 N2 155 0.140 1
140 3 N1 N5 28 0.080 0
140 4 N1 N2 172 0.080 0
140 5 N1 N1 171 0.080 1
140 6 N2 N5 29 0.030 0
140 7 N2 N1 135 0.030 0
140 8 N2 N2 209 0.030 1
140 9 N4 N5 15 0.370 0
140 10 N4 N2 0 0.370 0
140 11 N4 N1 0 0.370 0
140 12 N4 N4 246 0.370 1
141 1 N5 N5 36 0.060 0
141 2 N5 N2 156 0.060 1
141 3 N1 N5 30 0.330 0
141 4 N1 N2 173 0.330 1
141 5 N1 N1 167 0.330 0
141 6 N2 N5 30 0.100 0
141 7 N2 N1 132 0.100 0
141 8 N2 N2 208 0.100 1
141 9 N4 N5 15 0.960 0
141 10 N4 N2 0 0.960 0
141 11 N4 N1 0 0.960 0
141 12 N4 N4 245 0.960 1
142 1 N5 N5 38 0.150 0
142 2 N5 N2 157 0.150 1
142 3 N1 N5 30 1.460 0
142 4 N1 N2 173 1.460 1
142 5 N1 N1 167 1.460 0
142 6 N2 N5 32 0.230 0
142 7 N2 N1 130 0.230 0
142 8 N2 N2 206 0.230 1
142 9 N4 N5 15 0.520 0
142 10 N4 N2 0 0.520 0
142 11 N4 N1 0 0.520 0
142 12 N4 N4 245 0.520 1
143 1 N5 N5 40 0.400 0
143 2 N5 N2 158 0.400 1
143 3 N1 N5 32 0.280 0
143 4 N1 N2 178 0.280 1
143 5 N1 N1 166 0.280 0
143 6 N2 N5 38 0.040 0
143 7 N2 N1 129 0.040 0
143 8 N2 N2 207 0.040 1
143 9 N4 N5 15 0.760 0
143 10 N4 N2 0 0.760 0
143 11 N4 N1 0 0.760 0
143 12 N4 N4 245 0.760 1
144 1 N5 N5 43 0.050 0
144 2 N5 N2 160 0.050 1
144 3 N1 N5 32 0.240 0
144 4 N1 N2 182 0.240 1
144 5 N1 N1 166 0.240 0
144 6 N2 N5 41 0.110 0
144 7 N2 N1 131 0.110 0
144 8 N2 N2 206 0.110 1
144 9 N4 N5 20 0.350 0
144 10 N4 N2 0 0.350 0
144 11 N4 N1 0 0.350 0
144 12 N4 N4 245 0.350 1
145 1 N5 N5 45 0.490 0
145 2 N5 N2 159 0.490 1
145 3 N1 N5 32 1.330 0
145 4 N1 N2 182 1.330 1
145 5 N1 N1 166 1.330 0
145 6 N2 N5 42 0.050 0
145 7 N2 N1 132 0.050 0
145 8 N2 N2 204 0.050 1
145 9 N4 N5 20 0.400 0
145 10 N4 N2 0 0.400 0
145 11 N4 N1 0 0.400 0
145 12 N4 N4 245 0.400 1
146 1 N5 N5 46 0.050 0
146 2 N5 N2 159 0.050 1
146 3 N1 N5 34 0.470 0
146 4 N1 N2 182 0.470 1
146 5 N1 N1 168 0.470 0
146 6 N2 N5 43 0.240 0
146 7 N2 N1 132 0.240 0
146 8 N2 N2 204 0.240 1
146 9 N4 N5 23 0.470 0
146 10 N4 N2 0 0.470 0
146 11 N4 N1 0 0.470 0
146 12 N4 N4 245 0.470 1
147 1 N5 N5 47 0.120 0
147 2 N5 N2 161 0.120 1
147 3 N1 N5 34 0.560 0
147 4 N1 N2 181 0.560 1
147 5 N1 N1 168 0.560 0
147 6 N2 N5 44 0.180 0
147 7 N2 N1 134 0.180 0
147 8 N2 N2 203 0.180 1
147 9 N4 N5 23 0.060 0
147 10 N4 N2 0 0.060 0
147 11 N4 N1 0 0.060 0
147 12 N4 N4 245 0.060 1
148 1 N5 N5 48 0.150 0
148 2 N5 N2 163 0.150 1
148 3 N1 N5 0 0.090 0
148 4 N1 N2 181 0.090 1
148 5 N1 N1 171 0.090 0
148 6 N2 N5 45 0.250 0
148 7 N2 N1 137 0.250 0
148 8 N2 N2 202 0.250 1
148 9 N4 N5 23 0.130 0
148 10 N4 N2 0 0.130 0
148 11 N4 N1 0 0.130 0
148 12 N4 N4 243 0.130 1
149 1 N5 N5 49 0.230 0
149 2 N5 N2 164 0.230 1
149 3 N1 N5 0 1.180 0
149 4 N1 N2 181 1.180 1
149 5 N1 N1 171 1.180 0
149 6 N2 N5 45 0.420 0
149 7 N2 N1 137 0.420 0
149 8 N2 N2 203 0.420 1
149 9 N4 N5 25 0.360 0
149 10 N4 N2 0 0.360 0
149 11 N4 N1 0 0.360 0
149 12 N4 N4 243 0.360 1
150 1 N5 N5 50 0.290 0
150 2 N5 N2 165 0.290 1
150 3 N1 N5 0 0.150 0
150 4 N1 N2 181 0.150 1
150 5 N1 N1 175 0.150 0
150 6 N2 N5 45 0.470 0
150 7 N2 N1 136 0.470 0
150 8 N2 N2 203 0.470 1
150 9 N4 N5 25 0.760 0
150 10 N4 N2 0 0.760 0
150 11 N4 N1 0 0.760 0
150 12 N4 N4 242 0.760 1
151 1 N5 N5 52 0.360 0
151 2 N5 N2 168 0.360 1
151 3 N1 N5 0 0.320 0
151 4 N1 N2 182 0.320 1
151 5 N1 N1 175 0.320 0
151 6 N2 N5 46 0.440 0
151 7 N2 N1 136 0.440 0
151 8 N2 N2 202 0.440 1
151 9 N4 N5 25 0.320 0
151 10 N4 N2 0 0.320 0
151 11 N4 N1 0 0.320 0
151 12 N4 N4 241 0.320 1
152 1 N5 N5 53 0.410 0
152 2 N5 N2 170 0.410 1
152 3 N1 N5 0 0.380 0
152 4 N1 N2 183 0.380 1
152 5 N1 N1 174 0.380 0
152 6 N2 N5 44 0.030 0
152 7 N2 N1 133 0.030 0
152 8 N2 N2 203 0.030 1
152 9 N4 N5 22 0.140 0
152 10 N4 N2 0 0.140 0
152 11 N4 N1 0 0.140 0
152 12 N4 N4 240 0.140 1
153 1 N5 N5 52 0.470 0
153 2 N5 N2 172 0.470 1
153 3 N1 N5 0 0.320 0
153 4 N1 N2 184 0.320 1
153 5 N1 N1 173 0.320 0
153 6 N2 N5 41 0.050 0
153 7 N2 N1 131 0.050 0
153 8 N2 N2 203 0.050 1
153 9 N4 N5 22 0.100 0
153 10 N4 N2 0 0.100 0
153 11 N4 N1 0 0.100 0
153 12 N4 N4 239 0.100 1
154 1 N5 N5 51 0.070 0
154 2 N5 N2 171 0.070 1
154 3 N1 N5 0 0.380 0
154 4 N1 N2 185 0.380 1
154 5 N1 N1 171 0.380 0
154 6 N2 N5 38 0.130 0
154 7 N2 N1 130 0.130 0
154 8 N2 N2 203 0.130 1
154 9 N4 N5 21 0.270 0
154 10 N4 N2 0 0.270 0
154 11 N4 N1 0 0.270 0
154 12 N4 N4 239 0.270 1
155 1 N5 N5 50 0.160 0
155 2 N5 N2 171 0.160 1
155 3 N1 N5 0 0.470 0
155 4 N1 N2 182 0.470 1
155 5 N1 N1 170 0.470 0
155 6 N2 N5 37 0.210 0
155 7 N2 N1 128 0.210 0
155 8 N2 N2 203 0.210 1
155 9 N4 N5 21 0.600 0
155 10 N4 N2 0 0.600 0
155 11 N4 N1 0 0.600 0
155 12 N4 N4 239 0.600 1
156 1 N5 N5 49 0.720 0
156 2 N5 N2 169 0.720 1
156 3 N1 N5 0 0.160 0
156 4 N1 N2 178 0.160 1
156 5 N1 N1 166 0.160 0
156 6 N2 N5 35 0.290 0
156 7 N2 N1 125 0.290 0
156 8 N2 N2 201 0.290 1
156 9 N4 N5 20 0.200 0
156 10 N4 N2 0 0.200 0
156 11 N4 N1 0 0.200 0
156 12 N4 N4 238 0.200 1
157 1 N5 N5 47 0.290 0
157 2 N5 N2 167 0.290 1
157 3 N1 N5 0 0.210 0
157 4 N1 N2 178 0.210 1
157 5 N1 N1 162 0.210 0
157 6 N2 N5 35 0.370 0
157 7 N2 N1 124 0.370 0
157 8 N2 N2 200 0.370 1
157 9 N4 N5 20 0.260 0
157 10 N4 N2 0 0.260 0
157 11 N4 N1 0 0.260 0
157 12 N4 N4 237 0.260 1
158 1 N5 N5 47 0.350 0
158 2 N5 N2 166 0.350 1
158 3 N1 N5 0 0.190 0
158 4 N1 N2 176 0.190 1
158 5 N1 N1 160 0.190 0
158 6 N2 N5 37 0.470 0
158 7 N2 N1 123 0.470 0
158 8 N2 N2 200 0.470 1
158 9 N4 N5 20 0.300 0
158 10 N4 N2 0 0.300 0
158 11 N4 N1 0 0.300 0
158 12 N4 N4 238 0.300 1
159 1 N5 N5 47 0.400 0
159 2 N5 N2 165 0.400 1
159 3 N1 N5 0 0.020 0
159 4 N1 N2 175 0.020 1
159 5 N1 N1 158 0.020 0
159 6 N2 N5 37 0.110 0
159 7 N2 N1 122 0.110 0
159 8 N2 N2 199 0.110 1
159 9 N4 N5 20 0.340 0
159 10 N4 N2 0 0.340 0
159 11 N4 N1 0 0.340 0
159 12 N4 N4 238 0.340 1
160 1 N5 N5 45 0.050 0
160 2 N5 N2 163 0.050 1
160 3 N1 N5 0 0.250 0
160 4 N1 N2 173 0.250 1
160 5 N1 N1 156 0.250 0
160 6 N2 N5 38 0.040 0
160 7 N2 N1 122 0.040 0
160 8 N2 N2 197 0.040 1
160 9 N4 N5 20 0.050 0
160 10 N4 N2 0 0.050 0
160 11 N4 N1 0 0.050 0
160 12 N4 N4 238 0.050 1
161 1 N5 N5 45 1.150 0
161 2 N5 N2 163 1.150 1
161 3 N1 N5 0 0.960 0
161 4 N1 N2 173 0.960 1
161 5 N1 N1 155 0.960 0
161 6 N2 N5 39 0.620 0
161 7 N2 N1 123 0.620 0
161 8 N2 N2 196 0.620 1
161 9 N4 N5 20 0.460 0
161 10 N4 N2 0 0.460 0
161 11 N4 N1 0 0.460 0
161 12 N4 N4 237 0.460 1
162 1 N5 N5 45 2.240 0
162 2 N5 N2 163 2.240 1
162 3 N1 N5 0 0.130 0
162 4 N1 N2 173 0.130 1
162 5 N1 N1 155 0.130 0
162 6 N2 N5 39 0.130 0
162 7 N2 N1 123 0.130 0
162 8 N2 N2 194 0.130 1
162 9 N4 N5 20 0.530 0
162 10 N4 N2 0 0.530 0
162 11 N4 N1 0 0.530 0
162 12 N4 N4 238 0.530 1
163 1 N5 N5 45 0.620 0
163 2 N5 N2 163 0.620 1
163 3 N1 N5 0 0.420 0
163 4 N1 N2 172 0.420 1
163 5 N1 N1 156 0.420 0
163 6 N2 N5 39 0.260 0
163 7 N2 N1 125 0.260 0
163 8 N2 N2 194 0.260 1
163 9 N4 N5 20 0.070 0
163 10 N4 N2 0 0.070 0
163 11 N4 N1 0 0.070 0
163 12 N4 N4 240 0.070 1
164 1 N5 N5 45 0.150 0
164 2 N5 N2 164 0.150 1
164 3 N1 N5 0 0.050 0
164 4 N1 N2 170 0.050 1
164 5 N1 N1 160 0.050 0
164 6 N2 N5 37 0.300 0
164 7 N2 N1 125 0.300 0
164 8 N2 N2 194 0.300 1
164 9 N4 N5 20 0.150 0
164 10 N4 N2 0 0.150 0
164 11 N4 N1 0 0.150 0
164 12 N4 N4 241 0.150 1
165 1 N5 N5 46 0.260 0
165 2 N5 N2 164 0.260 1
165 3 N1 N5 0 0.140 0
165 4 N1 N2 171 0.140 1
165 5 N1 N1 163 0.140 0
165 6 N2 N5 37 0.390 0
165 7 N2 N1 129 0.390 0
165 8 N2 N2 194 0.390 1
165 9 N4 N5 20 0.220 0
165 10 N4 N2 0 0.220 0
165 11 N4 N1 0 0.220 0
165 12 N4 N4 243 0.220 1
166 1 N5 N5 45 0.350 0
166 2 N5 N2 164 0.350 1
166 3 N1 N5 0 0.090 0
166 4 N1 N2 173 0.090 1
166 5 N1 N1 166 0.090 0
166 6 N2 N5 36 0.990 0
166 7 N2 N1 130 0.990 0
166 8 N2 N2 194 0.990 1
166 9 N4 N5 20 0.310 0
166 10 N4 N2 0 0.310 0
166 11 N4 N1 83 0.310 0
166 12 N4 N4 244 0.310 1
167 1 N5 N5 46 0.410 0
167 2 N5 N2 167 0.410 1
167 3 N1 N5 0 0.160 0
167 4 N1 N2 178 0.160 1
167 5 N1 N1 167 0.160 0
167 6 N2 N5 35 0.020 0
167 7 N2 N1 131 0.020 0
167 8 N2 N2 195 0.020 1
167 9 N4 N5 20 0.040 0
167 10 N4 N2 0 0.040 0
167 11 N4 N1 79 0.040 0
167 12 N4 N4 246 0.040 1
168 1 N5 N5 46 0.490 0
168 2 N5 N2 169 0.490 1
168 3 N1 N5 0 0.320 0
168 4 N1 N2 181 0.320 1
168 5 N1 N1 170 0.320 0
168 6 N2 N5 33 0.190 0
168 7 N2 N1 133 0.190 0
168 8 N2 N2 196 0.190 1
168 9 N4 N5 21 0.100 0
168 10 N4 N2 0 0.100 0
168 11 N4 N1 79 0.100 0
168 12 N4 N4 248 0.100 1
169 1 N5 N5 41 0.060 0
169 2 N5 N2 170 0.060 1
169 3 N1 N5 0 0.900 0
169 4 N1 N2 183 0.900 1
169 5 N1 N1 172 0.900 0
169 6 N2 N5 33 0.250 0
169 7 N2 N1 133 0.250 0
169 8 N2 N2 197 0.250 1
169 9 N4 N5 21 1.200 0
169 10 N4 N2 0 1.200 0
169 11 N4 N1 79 1.200 0
169 12 N4 N4 248 1.200 1
170 1 N5 N5 39 0.620 0
170 2 N5 N2 171 0.620 1
170 3 N1 N5 0 0.340 0
170 4 N1 N2 181 0.340 1
170 5 N1 N1 175 0.340 0
170 6 N2 N5 30 0.200 0
170 7 N2 N1 136 0.200 0
170 8 N2 N2 199 0.200 1
170 9 N4 N5 20 0.090 0
170 10 N4 N2 0 0.090 0
170 11 N4 N1 80 0.090 0
170 12 N4 N4 250 0.090 1
171 1 N5 N5 37 0.200 0
171 2 N5 N2 172 0.200 1
171 3 N1 N5 0 0.510 0
171 4 N1 N2 181 0.510 1
171 5 N1 N1 177 0.510 0
171 6 N2 N5 28 0.300 0
171 7 N2 N1 137 0.300 0
171 8 N2 N2 200 0.300 1
171 9 N4 N5 19 0.140 0
171 10 N4 N2 0 0.140 0
171 11 N4 N1 80 0.140 0
171 12 N4 N4 252 0.140 1
172 1 N5 N5 34 0.770 0
172 2 N5 N2 172 0.770 1
172 3 N1 N5 0 0.030 0
172 4 N1 N2 181 0.030 1
172 5 N1 N1 177 0.030 0
172 6 N2 N5 28 0.340 0
172 7 N2 N1 140 0.340 0
172 8 N2 N2 201 0.340 1
172 9 N4 N5 19 0.230 0
172 10 N4 N2 0 0.230 0
172 11 N4 N1 80 0.230 0
172 12 N4 N4 252 0.230 1
173 1 N5 N5 32 0.290 0
173 2 N5 N2 174 0.290 1
173 3 N1 N5 0 0.470 0
173 4 N1 N2 180 0.470 1
173 5 N1 N1 178 0.470 0
173 6 N2 N5 28 0.000 0
173 7 N2 N1 143 0.000 0
173 8 N2 N2 203 0.000 1
173 9 N4 N5 18 0.280 0
173 10 N4 N2 0 0.280 0
173 11 N4 N1 80 0.280 0
173 12 N4 N4 252 0.280 1
174 1 N5 N5 31 0.360 0
174 2 N5 N2 174 0.360 1
174 3 N1 N5 0 0.130 0
174 4 N1 N2 178 0.130 0
174 5 N1 N1 180 0.130 1
174 6 N2 N5 27 0.110 0
174 7 N2 N1 146 0.110 0
174 8 N2 N2 204 0.110 1
174 9 N4 N5 16 0.510 0
174 10 N4 N2 0 0.510 0
174 11 N4 N1 79 0.510 0
174 12 N4 N4 252 0.510 1
175 1 N5 N5 30 0.040 0
175 2 N5 N2 174 0.040 1
175 3 N1 N5 17 0.040 0
175 4 N1 N2 180 0.040 0
175 5 N1 N1 182 0.040 1
175 6 N2 N5 26 0.060 0
175 7 N2 N1 149 0.060 0
175 8 N2 N2 204 0.060 1
175 9 N4 N5 15 0.430 0
175 10 N4 N2 0 0.430 0
175 11 N4 N1 80 0.430 0
175 12 N4 N4 252 0.430 1
176 1 N5 N5 27 0.090 0
176 2 N5 N2 177 0.090 1
176 3 N1 N5 16 0.090 0
176 4 N1 N2 183 0.090 0
176 5 N1 N1 184 0.090 1
176 6 N2 N5 26 0.390 0
176 7 N2 N1 151 0.390 0
176 8 N2 N2 205 0.390 1
176 9 N4 N5 14 0.170 0
176 10 N4 N2 0 0.170 0
176 11 N4 N1 79 0.170 0
176 12 N4 N4 252 0.170 1
177 1 N5 N5 27 0.530 0
177 2 N5 N2 180 0.530 1
177 3 N1 N5 16 0.180 0
177 4 N1 N2 185 0.180 0
177 5 N1 N1 186 0.180 1
177 6 N2 N5 24 0.330 0
177 7 N2 N1 153 0.330 0
177 8 N2 N2 206 0.330 1
177 9 N4 N5 13 0.070 0
177 10 N4 N2 0 0.070 0
177 11 N4 N1 79 0.070 0
177 12 N4 N4 253 0.070 1
178 1 N5 N5 27 0.580 0
178 2 N5 N2 183 0.580 1
178 3 N1 N5 17 0.260 0
178 4 N1 N2 185 0.260 0
178 5 N1 N1 189 0.260 1
178 6 N2 N5 23 0.270 0
178 7 N2 N1 157 0.270 0
178 8 N2 N2 208 0.270 1
178 9 N4 N5 12 0.120 0
178 10 N4 N2 0 0.120 0
178 11 N4 N1 79 0.120 0
178 12 N4 N4 253 0.120 1
179 1 N5 N5 27 0.250 0
179 2 N5 N2 187 0.250 1
179 3 N1 N5 17 0.860 0
179 4 N1 N2 186 0.860 0
179 5 N1 N1 190 0.860 1
179 6 N2 N5 23 0.360 0
179 7 N2 N1 160 0.360 0
179 8 N2 N2 213 0.360 1
179 9 N4 N5 12 0.190 0
179 10 N4 N2 0 0.190 0
179 11 N4 N1 78 0.190 0
179 12 N4 N4 253 0.190 1
180 1 N5 N5 28 0.240 0
180 2 N5 N2 190 0.240 1
180 3 N1 N5 18 0.360 0
180 4 N1 N2 184 0.360 0
180 5 N1 N1 191 0.360 1
180 6 N2 N5 23 0.090 0
180 7 N2 N1 164 0.090 0
180 8 N2 N2 214 0.090 1
180 9 N4 N5 11 0.330 0
180 10 N4 N2 0 0.330 0
180 11 N4 N1 79 0.330 0
180 12 N4 N4 253 0.330 1
181 1 N5 N5 28 0.560 0
181 2 N5 N2 190 0.560 1
181 3 N1 N5 20 0.240 0
181 4 N1 N2 181 0.240 0
181 5 N1 N1 193 0.240 1
181 6 N2 N5 25 0.270 0
181 7 N2 N1 166 0.270 0
181 8 N2 N2 215 0.270 1
181 9 N4 N5 11 0.100 0
181 10 N4 N2 0 0.100 0
181 11 N4 N1 81 0.100 0
181 12 N4 N4 253 0.100 1
182 1 N5 N5 28 0.610 0
182 2 N5 N2 188 0.610 1
182 3 N1 N5 20 0.310 0
182 4 N1 N2 180 0.310 0
182 5 N1 N1 194 0.310 1
182 6 N2 N5 25 0.340 0
182 7 N2 N1 169 0.340 0
182 8 N2 N2 214 0.340 1
182 9 N4 N5 12 0.110 0
182 10 N4 N2 0 0.110 0
182 11 N4 N1 81 0.110 0
182 12 N4 N4 253 0.110 1
183 1 N5 N5 28 0.270 0
183 2 N5 N2 187 0.270 1
183 3 N1 N5 21 0.280 0
183 4 N1 N2 179 0.280 0
183 5 N1 N1 195 0.280 1
183 6 N2 N5 25 0.030 0
183 7 N2 N1 170 0.030 0
183 8 N2 N2 214 0.030 1
183 9 N4 N5 12 0.200 0
183 10 N4 N2 0 0.200 0
183 11 N4 N1 0 0.200 0
183 12 N4 N4 253 0.200 1
184 1 N5 N5 28 0.230 0
184 2 N5 N2 185 0.230 1
184 3 N1 N5 20 0.090 0
184 4 N1 N2 177 0.090 0
184 5 N1 N1 198 0.090 1
184 6 N2 N5 24 0.490 0
184 7 N2 N1 175 0.490 0
184 8 N2 N2 214 0.490 1
184 9 N4 N5 12 0.260 0
184 10 N4 N1 0 0.260 0
184 11 N4 N4 254 0.260 1
185 1 N5 N5 28 0.280 0
185 2 N5 N2 185 0.280 1
185 3 N1 N5 20 0.050 0
185 4 N1 N2 177 0.050 0
185 5 N1 N1 200 0.050 1
185 6 N2 N5 24 0.050 0
185 7 N2 N1 181 0.050 0
185 8 N2 N2 213 0.050 1
185 9 N4 N5 12 0.330 0
185 10 N4 N1 0 0.330 0
185 11 N4 N4 254 0.330 1
186 1 N5 N5 29 0.850 0
186 2 N5 N2 184 0.850 1
186 3 N1 N5 20 0.060 0
186 4 N1 N2 176 0.060 0
186 5 N1 N1 201 0.060 1
186 6 N2 N5 24 0.080 0
186 7 N2 N1 184 0.080 0
186 8 N2 N2 212 0.080 1
186 9 N4 N5 12 0.160 0
186 10 N4 N1 0 0.160 0
186 11 N4 N4 254 0.160 1
187 1 N5 N5 29 0.920 0
187 2 N5 N2 183 0.920 1
187 3 N1 N5 20 0.110 0
187 4 N1 N2 173 0.110 0
187 5 N1 N1 205 0.110 1
187 6 N2 N5 23 0.160 0
187 7 N2 N1 189 0.160 0
187 8 N2 N2 209 0.160 1
187 9 N4 N5 11 0.170 0
187 10 N4 N1 99 0.170 0
187 11 N4 N4 254 0.170 1
188 1 N5 N5 28 0.440 0
188 2 N5 N2 182 0.440 1
188 3 N1 N5 18 0.060 0
188 4 N1 N2 172 0.060 0
188 5 N1 N1 212 0.060 1
188 6 N2 N5 21 0.340 0
188 7 N2 N1 191 0.340 0
188 8 N2 N2 207 0.340 1
188 9 N4 N5 10 0.230 0
188 10 N4 N1 100 0.230 0
188 11 N4 N4 254 0.230 1
189 1 N5 N5 26 0.140 0
189 2 N5 N2 182 0.140 1
189 3 N1 N5 18 0.740 0
189 4 N1 N2 170 0.740 0
189 5 N1 N1 215 0.740 1
189 6 N2 N5 16 0.300 0
189 7 N2 N1 192 0.300 0
189 8 N2 N2 205 0.300 1
189 9 N4 N5 8 0.030 0
189 10 N4 N1 100 0.030 0
189 11 N4 N4 254 0.030 1
190 1 N5 N5 24 0.060 0
190 2 N5 N2 180 0.060 1
190 3 N1 N5 16 0.430 0
190 4 N1 N2 167 0.430 0
190 5 N1 N1 217 0.430 1
190 6 N2 N5 16 0.370 0
190 7 N2 N1 193 0.370 0
190 8 N2 N2 204 0.370 1
190 9 N4 N5 8 0.780 0
190 10 N4 N1 100 0.780 0
190 11 N4 N4 254 0.780 1
191 1 N5 N5 23 0.110 0
191 2 N5 N2 177 0.110 1
191 3 N1 N5 14 0.390 0
191 4 N1 N2 163 0.390 0
191 5 N1 N1 217 0.390 1
191 6 N2 N5 13 0.430 0
191 7 N2 N1 191 0.430 0
191 8 N2 N2 203 0.430 1
191 9 N4 N5 7 0.200 0
191 10 N4 N1 100 0.200 0
191 11 N4 N4 254 0.200 1
192 1 N5 N5 22 0.160 0
192 2 N5 N2 176 0.160 1
192 3 N1 N5 13 0.060 0
192 4 N1 N2 162 0.060 0
192 5 N1 N1 217 0.060 1
192 6 N2 N5 13 0.070 0
192 7 N2 N1 187 0.070 0
192 8 N2 N2 200 0.070 1
192 9 N4 N5 7 0.240 0
192 10 N4 N1 100 0.240 0
192 11 N4 N4 254 0.240 1
193 1 N5 N5 22 0.230 0
193 2 N5 N2 175 0.230 1
193 3 N1 N5 14 0.020 0
193 4 N1 N2 162 0.020 0
193 5 N1 N1 218 0.020 1
193 6 N2 N5 16 0.010 0
193 7 N2 N1 182 0.010 0
193 8 N2 N2 198 0.010 1
193 9 N4 N5 7 0.270 0
193 10 N4 N1 100 0.270 0
193 11 N4 N4 253 0.270 1
194 1 N5 N5 22 0.270 0
194 2 N5 N2 173 0.270 1
194 3 N1 N5 16 0.190 0
194 4 N1 N2 161 0.190 0
194 5 N1 N1 214 0.190 1
194 6 N2 N5 19 0.080 0
194 7 N2 N1 180 0.080 0
194 8 N2 N2 197 0.080 1
194 9 N4 N5 7 0.350 0
194 10 N4 N1 100 0.350 0
194 11 N4 N4 253 0.350 1
195 1 N5 N5 22 0.340 0
195 2 N5 N2 171 0.340 1
195 3 N1 N5 16 0.160 0
195 4 N1 N2 160 0.160 0
195 5 N1 N1 212 0.160 1
195 6 N2 N5 21 0.150 0
195 7 N2 N1 176 0.150 0
195 8 N2 N2 196 0.150 1
195 9 N4 N5 7 1.440 0
195 10 N4 N1 100 1.440 0
195 11 N4 N4 253 1.440 1
196 1 N5 N5 23 0.540 0
196 2 N5 N2 170 0.540 1
196 3 N1 N5 17 0.170 0
196 4 N1 N2 158 0.170 0
196 5 N1 N1 208 0.170 1
196 6 N2 N5 22 0.750 0
196 7 N2 N1 175 0.750 0
196 8 N2 N2 195 0.750 1
196 9 N4 N5 7 2.560 0
196 10 N4 N1 100 2.560 0
196 11 N4 N4 253 2.560 1
197 1 N5 N5 24 0.080 0
197 2 N5 N2 169 0.080 1
197 3 N1 N5 18 0.490 0
197 4 N1 N2 155 0.490 0
197 5 N1 N1 203 0.490 1
197 6 N2 N5 22 0.400 0
197 7 N2 N1 174 0.400 0
197 8 N2 N2 191 0.400 1
197 9 N4 N5 6 0.550 0
197 10 N4 N1 100 0.550 0
197 11 N4 N4 253 0.550 1
198 1 N5 N5 26 0.110 0
198 2 N5 N2 168 0.110 1
198 3 N1 N5 18 0.050 0
198 4 N1 N2 152 0.050 0
198 5 N1 N1 199 0.050 1
198 6 N2 N5 22 0.310 0
198 7 N2 N1 171 0.310 0
198 8 N2 N2 187 0.310 1
198 9 N4 N5 6 0.620 0
198 10 N4 N1 100 0.620 0
198 11 N4 N4 253 0.620 1
199 1 N5 N5 27 0.690 0
199 2 N5 N2 168 0.690 1
199 3 N1 N5 17 0.090 0
199 4 N1 N2 148 0.090 0
199 5 N1 N1 199 0.090 1
199 6 N2 N5 22 0.340 0
199 7 N2 N1 171 0.340 0
199 8 N2 N2 184 0.340 1
199 9 N4 N5 7 0.160 0
199 10 N4 N1 100 0.160 0
199 11 N4 N4 252 0.160 1
200 1 N5 N5 26 0.150 0
200 2 N5 N2 165 0.150 1
200 3 N1 N5 15 0.060 0
200 4 N1 N2 148 0.060 0
200 5 N1 N1 198 0.060 1
200 6 N2 N5 20 0.420 0
200 7 N2 N1 172 0.420 0
200 8 N2 N2 184 0.420 1
200 9 N4 N5 7 0.950 0
200 10 N4 N1 100 0.950 0
200 11 N4 N4 252 0.950 1
201 1 N5 N5 25 0.260 0
201 2 N5 N2 162 0.260 1
201 3 N1 N5 15 0.120 0
201 4 N1 N2 149 0.120 0
201 5 N1 N1 197 0.120 1
201 6 N2 N5 18 0.100 0
201 7 N2 N1 174 0.100 0
201 8 N2 N2 181 0.100 1
201 9 N4 N5 7 0.500 0
201 10 N4 N1 99 0.500 0
201 11 N4 N4 252 0.500 1
202 1 N5 N5 24 0.370 0
202 2 N5 N2 157 0.370 1
202 3 N1 N5 14 0.240 0
202 4 N1 N2 149 0.240 0
202 5 N1 N1 197 0.240 1
202 6 N2 N5 16 0.090 0
202 7 N2 N1 173 0.090 0
202 8 N2 N2 178 0.090 1
202 9 N4 N5 8 0.090 0
202 10 N4 N1 96 0.090 0
202 11 N4 N4 251 0.090 1
203 1 N5 N5 23 0.030 0
203 2 N5 N2 155 0.030 1
203 3 N1 N5 14 0.310 0
203 4 N1 N2 149 0.310 0
203 5 N1 N1 196 0.310 1
203 6 N2 N5 15 0.160 0
203 7 N2 N1 173 0.160 0
203 8 N2 N2 177 0.160 1
203 9 N4 N5 8 0.420 0
203 10 N4 N1 94 0.420 0
203 11 N4 N4 250 0.420 1
204 1 N5 N5 22 0.460 0
204 2 N5 N2 154 0.460 1
204 3 N1 N5 12 0.250 0
204 4 N1 N2 149 0.250 0
204 5 N1 N1 195 0.250 1
204 6 N2 N5 15 0.200 0
204 7 N2 N1 171 0.200 0
204 8 N2 N2 176 0.200 1
204 9 N4 N5 8 0.470 0
204 10 N4 N1 94 0.470 0
204 11 N4 N4 250 0.470 1
205 1 N5 N5 22 0.130 0
205 2 N5 N2 154 0.130 1
205 3 N1 N5 12 0.070 0
205 4 N1 N2 145 0.070 0
205 5 N1 N1 192 0.070 1
205 6 N2 N5 14 0.310 0
205 7 N2 N1 170 0.310 0
205 8 N2 N2 174 0.310 1
205 9 N4 N5 8 0.520 0
205 10 N4 N1 94 0.520 0
205 11 N4 N4 249 0.520 1
206 1 N5 N5 21 0.040 0
206 2 N5 N2 153 0.040 1
206 3 N1 N5 12 0.000 0
206 4 N1 N2 143 0.000 0
206 5 N1 N1 191 0.000 1
206 6 N2 N5 14 0.390 0
206 7 N2 N1 167 0.390 0
206 8 N2 N2 172 0.390 1
206 9 N4 N5 8 0.560 0
206 10 N4 N1 96 0.560 0
206 11 N4 N4 249 0.560 1
207 1 N5 N5 20 0.090 0
207 2 N5 N2 152 0.090 1
207 3 N1 N5 11 0.550 0
207 4 N1 N2 143 0.550 0
207 5 N1 N1 191 0.550 1
207 6 N2 N5 13 0.050 0
207 7 N2 N1 166 0.050 0
207 8 N2 N2 171 0.050 1
207 9 N4 N5 7 0.120 0
207 10 N4 N1 96 0.120 0
207 11 N4 N4 249 0.120 1
208 1 N5 N5 18 0.180 0
208 2 N5 N2 147 0.180 1
208 3 N1 N5 10 0.120 0
208 4 N1 N2 141 0.120 0
208 5 N1 N1 190 0.120 1
208 6 N2 N5 12 0.100 0
208 7 N2 N1 164 0.100 0
208 8 N2 N2 168 0.100 1
208 9 N4 N5 6 0.200 0
208 10 N4 N1 95 0.200 0
208 11 N4 N4 248 0.200 1
209 1 N5 N5 17 0.880 0
209 2 N5 N2 147 0.880 1
209 3 N1 N5 9 0.320 0
209 4 N1 N2 140 0.320 0
209 5 N1 N1 187 0.320 1
209 6 N2 N5 11 0.060 0
209 7 N2 N1 165 0.060 1
209 8 N2 N2 164 0.060 0
209 9 N4 N5 5 0.280 0
209 10 N4 N1 95 0.280 0
209 11 N4 N4 248 0.280 1
210 1 N5 N1 136 0.700 0
210 2 N5 N5 16 0.700 0
210 3 N5 N2 146 0.700 1
210 4 N1 N5 9 0.870 0
210 5 N1 N2 140 0.870 0
210 6 N1 N1 187 0.870 1
210 7 N2 N5 10 0.120 0
210 8 N2 N1 161 0.120 1
210 9 N2 N2 162 0.120 0
210 10 N4 N5 5 0.360 0
210 11 N4 N1 98 0.360 0
210 12 N4 N4 248 0.360 1
211 1 N5 N1 128 0.260 0
211 2 N5 N5 16 0.260 0
211 3 N5 N2 141 0.260 1
211 4 N1 N5 9 0.210 0
211 5 N1 N2 138 0.210 0
211 6 N1 N1 185 0.210 1
211 7 N2 N5 9 0.190 0
211 8 N2 N1 156 0.190 1
211 9 N2 N2 160 0.190 0
211 10 N4 N5 5 0.440 0
211 11 N4 N1 98 0.440 0
211 12 N4 N4 248 0.440 1
212 1 N5 N1 128 0.080 0
212 2 N5 N5 15 0.080 0
212 3 N5 N2 139 0.080 1
212 4 N1 N5 8 0.300 0
212 5 N1 N2 137 0.300 0
212 6 N1 N1 182 0.300 1
212 7 N2 N5 9 0.260 0
212 8 N2 N1 153 0.260 0
212 9 N2 N2 158 0.260 1
212 10 N4 N5 5 0.040 0
212 11 N4 N1 98 0.040 0
212 12 N4 N4 248 0.040 1
213 1 N5 N1 128 0.040 0
213 2 N5 N5 15 0.040 0
213 3 N5 N2 137 0.040 1
213 4 N1 N5 7 0.120 0
213 5 N1 N2 135 0.120 0
213 6 N1 N1 177 0.120 1
213 7 N2 N5 9 0.370 0
213 8 N2 N1 148 0.370 0
213 9 N2 N2 157 0.370 1
213 10 N4 N5 5 0.160 0
213 11 N4 N1 88 0.160 0
213 12 N4 N4 248 0.160 1
214 1 N5 N1 128 0.120 0
214 2 N5 N5 14 0.120 0
214 3 N5 N2 136 0.120 1
214 4 N1 N5 7 0.060 0
214 5 N1 N2 136 0.060 0
214 6 N1 N1 174 0.060 1
214 7 N2 N5 9 0.430 0
214 8 N2 N1 141 0.430 0
214 9 N2 N2 155 0.430 1
214 10 N4 N5 5 0.990 0
214 11 N4 N1 88 0.990 0
214 12 N4 N4 248 0.990 1
215 1 N5 N1 128 0.290 0
215 2 N5 N5 12 0.290 0
215 3 N5 N2 134 0.290 1
215 4 N1 N5 8 0.010 0
215 5 N1 N2 137 0.010 0
215 6 N1 N1 170 0.010 1
215 7 N2 N5 9 0.080 0
215 8 N2 N1 136 0.080 0
215 9 N2 N2 152 0.080 1
215 10 N4 N5 5 0.010 0
215 11 N4 N1 85 0.010 0
215 12 N4 N4 247 0.010 1
216 1 N5 N1 128 0.260 0
216 2 N5 N5 12 0.260 0
216 3 N5 N2 134 0.260 1
216 4 N1 N5 8 0.330 0
216 5 N1 N2 138 0.330 0
216 6 N1 N1 166 0.330 1
216 7 N2 N5 9 0.020 0
216 8 N2 N1 129 0.020 0
216 9 N2 N2 153 0.020 1
216 10 N4 N5 5 0.020 0
216 11 N4 N1 79 0.020 0
216 12 N4 N4 247 0.020 1
217 1 N5 N1 128 0.320 0
217 2 N5 N5 12 0.320 0
217 3 N5 N2 136 0.320 1
217 4 N1 N5 8 0.180 0
217 5 N1 N2 140 0.180 0
217 6 N1 N1 160 0.180 1
217 7 N2 N5 9 0.080 0
217 8 N2 N1 127 0.080 0
217 9 N2 N2 155 0.080 1
217 10 N4 N5 5 0.180 0
217 11 N4 N1 79 0.180 0
217 12 N4 N4 247 0.180 1
218 1 N5 N1 125 0.350 0
218 2 N5 N5 12 0.350 0
218 3 N5 N2 139 0.350 1
218 4 N1 N5 7 0.260 0
218 5 N1 N2 142 0.260 0
218 6 N1 N1 153 0.260 1
218 7 N2 N5 9 0.230 0
218 8 N2 N1 123 0.230 0
218 9 N2 N2 158 0.230 1
218 10 N4 N5 5 0.240 0
218 11 N4 N1 77 0.240 0
218 12 N4 N4 247 0.240 1
219 1 N5 N1 0 0.060 0
219 2 N5 N5 12 0.060 0
219 3 N5 N2 140 0.060 1
219 4 N1 N5 7 0.110 0
219 5 N1 N2 144 0.110 0
219 6 N1 N1 148 0.110 1
219 7 N2 N5 9 0.200 0
219 8 N2 N1 118 0.200 0
219 9 N2 N2 161 0.200 1
219 10 N4 N5 5 0.610 0
219 11 N4 N1 77 0.610 0
219 12 N4 N4 247 0.610 1
220 1 N5 N1 0 0.020 0
220 2 N5 N5 12 0.020 0
220 3 N5 N2 140 0.020 1
220 4 N1 N5 7 0.040 0
220 5 N1 N2 146 0.040 0
220 6 N1 N1 147 0.040 1
220 7 N2 N5 9 0.230 0
220 8 N2 N1 116 0.230 0
220 9 N2 N2 162 0.230 1
220 10 N4 N5 5 0.120 0
220 11 N4 N1 76 0.120 0
220 12 N4 N4 247 0.120 1
221 1 N5 N1 0 0.640 0
221 2 N5 N5 12 0.640 0
221 3 N5 N2 140 0.640 1
221 4 N1 N5 7 0.650 0
221 5 N1 N2 147 0.650 1
221 6 N1 N1 146 0.650 0
221 7 N2 N5 7 0.280 0
221 8 N2 N1 115 0.280 0
221 9 N2 N2 163 0.280 1
221 10 N4 N5 5 0.710 0
221 11 N4 N1 74 0.710 0
221 12 N4 N4 247 0.710 1
222 1 N5 N1 0 0.160 0
222 2 N5 N5 11 0.160 0
222 3 N5 N2 140 0.160 1
222 4 N1 N5 7 0.190 0
222 5 N1 N2 146 0.190 1
222 6 N1 N1 143 0.190 0
222 7 N2 N5 7 0.480 0
222 8 N2 N1 116 0.480 0
222 9 N2 N2 163 0.480 1
222 10 N4 N5 5 0.320 0
222 11 N4 N1 71 0.320 0
222 12 N4 N4 247 0.320 1
223 1 N5 N1 0 0.250 0
223 2 N5 N5 11 0.250 0
223 3 N5 N2 139 0.250 1
223 4 N1 N5 7 0.260 0
223 5 N1 N2 143 0.260 1
223 6 N1 N1 140 0.260 0
223 7 N2 N5 7 0.020 0
223 8 N2 N1 116 0.020 0
223 9 N2 N2 162 0.020 1
223 10 N4 N5 5 0.050 0
223 11 N4 N1 71 0.050 0
223 12 N4 N4 247 0.050 1
224 1 N5 N1 0 0.350 0
224 2 N5 N5 11 0.350 0
224 3 N5 N2 137 0.350 1
224 4 N1 N5 7 0.870 0
224 5 N1 N2 141 0.870 1
224 6 N1 N1 139 0.870 0
224 7 N2 N5 7 0.110 0
224 8 N2 N1 117 0.110 0
224 9 N2 N2 162 0.110 1
224 10 N4 N5 5 0.500 0
224 11 N4 N1 70 0.500 0
224 12 N4 N4 247 0.500 1
225 1 N5 N1 0 0.020 0
225 2 N5 N5 11 0.020 0
225 3 N5 N2 136 0.020 1
225 4 N1 N5 8 0.010 0
225 5 N1 N2 137 0.010 1
225 6 N1 N1 137 0.010 0
225 7 N2 N5 7 0.050 0
225 8 N2 N1 113 0.050 0
225 9 N2 N2 161 0.050 1
225 10 N4 N5 5 0.180 0
225 11 N4 N1 70 0.180 0
225 12 N4 N4 247 0.180 1
226 1 N5 N1 0 0.090 0
226 2 N5 N5 11 0.090 0
226 3 N5 N2 135 0.090 1
226 4 N1 N5 8 0.100 0
226 5 N1 N2 136 0.100 1
226 6 N1 N1 135 0.100 0
226 7 N2 N5 6 0.150 0
226 8 N2 N1 111 0.150 0
226 9 N2 N2 160 0.150 1
226 10 N4 N5 5 0.080 0
226 11 N4 N1 68 0.080 0
226 12 N4 N4 247 0.080 1
227 1 N5 N1 0 0.150 0
227 2 N5 N5 11 0.150 0
227 3 N5 N2 135 0.150 1
227 4 N1 N5 0 0.060 0
227 5 N1 N2 137 0.060 1
227 6 N1 N1 134 0.060 0
227 7 N2 N5 5 0.240 0
227 8 N2 N1 106 0.240 0
227 9 N2 N2 158 0.240 1
227 10 N4 N5 5 0.160 0
227 11 N4 N1 68 0.160 0
227 12 N4 N4 247 0.160 1
228 1 N5 N1 0 0.070 0
228 2 N5 N5 11 0.070 0
228 3 N5 N2 135 0.070 1
228 4 N1 N5 0 0.130 0
228 5 N1 N2 140 0.130 1
228 6 N1 N1 132 0.130 0
228 7 N2 N5 4 0.330 0
228 8 N2 N1 102 0.330 0
228 9 N2 N2 158 0.330 1
228 10 N4 N5 0 0.380 0
228 11 N4 N1 68 0.380 0
228 12 N4 N4 248 0.380 1
229 1 N5 N1 0 0.120 0
229 2 N5 N5 11 0.120 0
229 3 N5 N2 136 0.120 1
229 4 N1 N5 0 0.220 0
229 5 N1 N2 142 0.220 1
229 6 N1 N1 128 0.220 0
229 7 N2 N5 4 0.350 0
229 8 N2 N1 100 0.350 0
229 9 N2 N2 158 0.350 1
229 10 N4 N5 0 0.290 0
229 11 N4 N1 68 0.290 0
229 12 N4 N4 248 0.290 1
230 1 N5 N1 0 0.190 0
230 2 N5 N5 10 0.190 0
230 3 N5 N2 136 0.190 1
230 4 N1 N5 0 0.290 0
230 5 N1 N2 144 0.290 1
230 6 N1 N1 125 0.290 0
230 7 N2 N5 0 0.030 0
230 8 N2 N1 99 0.030 0
230 9 N2 N2 159 0.030 1
230 10 N4 N5 0 0.320 0
230 11 N4 N1 68 0.320 0
230 12 N4 N4 249 0.320 1
231 1 N5 N1 0 0.250 0
231 2 N5 N5 10 0.250 0
231 3 N5 N2 138 0.250 1
231 4 N1 N5 0 0.340 0
231 5 N1 N2 146 0.340 1
231 6 N1 N1 121 0.340 0
231 7 N2 N5 0 0.000 0
231 8 N2 N1 95 0.000 0
231 9 N2 N2 161 0.000 1
231 10 N4 N5 0 0.040 0
231 11 N4 N1 0 0.040 0
231 12 N4 N4 249 0.040 1
232 1 N5 N1 0 0.310 0
232 2 N5 N5 10 0.310 0
232 3 N5 N2 140 0.310 1
232 4 N1 N5 0 0.400 0
232 5 N1 N2 149 0.400 1
232 6 N1 N1 117 0.400 0
232 7 N2 N5 0 0.090 0
232 8 N2 N1 93 0.090 0
232 9 N2 N2 163 0.090 1
232 10 N4 N5 0 0.100 0
232 11 N4 N1 0 0.100 0
232 12 N4 N4 250 0.100 1
233 1 N5 N1 0 0.500 0
233 2 N5 N5 10 0.500 0
233 3 N5 N2 141 0.500 1
233 4 N1 N5 0 0.080 0
233 5 N1 N2 150 0.080 1
233 6 N1 N1 112 0.080 0
233 7 N2 N5 0 0.170 0
233 8 N2 N1 91 0.170 0
233 9 N2 N2 165 0.170 1
233 10 N4 N5 0 0.030 0
233 11 N4 N1 0 0.030 0
233 12 N4 N4 251 0.030 1
234 1 N5 N1 0 0.570 0
234 2 N5 N5 10 0.570 0
234 3 N5 N2 142 0.570 1
234 4 N1 N5 0 0.170 0
234 5 N1 N2 149 0.170 1
234 6 N1 N1 111 0.170 0
234 7 N2 N5 0 0.240 0
234 8 N2 N1 91 0.240 0
234 9 N2 N2 166 0.240 1
234 10 N4 N5 0 1.130 0
234 11 N4 N1 0 1.130 0
234 12 N4 N4 251 1.130 1
235 1 N5 N1 0 0.120 0
235 2 N5 N5 10 0.120 0
235 3 N5 N2 143 0.120 1
235 4 N1 N5 0 0.110 0
235 5 N1 N2 149 0.110 1
235 6 N1 N1 110 0.110 0
235 7 N2 N5 0 0.320 0
235 8 N2 N1 91 0.320 0
235 9 N2 N2 166 0.320 1
235 10 N4 N5 0 0.180 0
235 11 N4 N1 0 0.180 0
235 12 N4 N4 251 0.180 1
236 1 N5 N1 0 0.050 0
236 2 N5 N5 10 0.050 0
236 3 N5 N2 146 0.050 1
236 4 N1 N5 0 0.300 0
236 5 N1 N2 149 0.300 1
236 6 N1 N1 109 0.300 0
236 7 N2 N5 0 0.010 0
236 8 N2 N1 90 0.010 0
236 9 N2 N2 170 0.010 1
236 10 N4 N5 0 0.260 0
236 11 N4 N1 0 0.260 0
236 12 N4 N4 252 0.260 1
237 1 N5 N1 0 0.120 0
237 2 N5 N5 10 0.120 0
237 3 N5 N2 148 0.120 1
237 4 N1 N5 0 0.240 0
237 5 N1 N2 148 0.240 1
237 6 N1 N1 108 0.240 0
237 7 N2 N5 0 0.100 0
237 8 N2 N1 90 0.100 0
237 9 N2 N2 172 0.100 1
237 10 N4 N5 0 0.320 0
237 11 N4 N1 0 0.320 0
237 12 N4 N4 252 0.320 1
238 1 N5 N1 0 1.210 0
238 2 N5 N5 10 1.210 0
238 3 N5 N2 148 1.210 1
238 4 N1 N5 0 0.120 0
238 5 N1 N2 149 0.120 1
238 6 N1 N1 106 0.120 0
238 7 N2 N5 0 0.190 0
238 8 N2 N1 90 0.190 0
238 9 N2 N2 176 0.190 1
238 10 N4 N5 0 0.080 0
238 11 N4 N1 0 0.080 0
238 12 N4 N4 252 0.080 1
239 1 N5 N1 0 0.790 0
239 2 N5 N5 9 0.790 0
239 3 N5 N2 150 0.790 1
239 4 N1 N5 0 0.320 0
239 5 N1 N2 152 0.320 1
239 6 N1 N1 106 0.320 0
239 7 N2 N5 0 0.220 0
239 8 N2 N1 89 0.220 0
239 9 N2 N2 179 0.220 1
239 10 N4 N5 0 0.990 0
239 11 N4 N1 0 0.990 0
239 12 N4 N4 252 0.990 1
240 1 N5 N1 0 0.340 0
240 2 N5 N5 9 0.340 0
240 3 N5 N2 153 0.340 1
240 4 N1 N5 0 0.440 0
240 5 N1 N2 153 0.440 1
240 6 N1 N1 105 0.440 0
240 7 N2 N5 0 0.410 0
240 8 N2 N1 88 0.410 0
240 9 N2 N2 183 0.410 1
240 10 N4 N5 0 0.540 0
240 11 N4 N1 0 0.540 0
240 12 N4 N4 252 0.540 1
241 1 N5 N1 0 0.050 0
241 2 N5 N5 9 0.050 0
241 3 N5 N2 154 0.050 1
241 4 N1 N5 0 0.040 0
241 5 N1 N2 150 0.040 1
241 6 N1 N1 104 0.040 0
241 7 N2 N5 0 0.370 0
241 8 N2 N1 89 0.370 0
241 9 N2 N2 186 0.370 1
241 10 N4 N5 0 0.120 0
241 11 N4 N1 0 0.120 0
241 12 N4 N4 252 0.120 1
242 1 N5 N1 0 0.030 0
242 2 N5 N5 9 0.030 0
242 3 N5 N2 156 0.030 1
242 4 N1 N5 0 0.120 0
242 5 N1 N2 148 0.120 1
242 6 N1 N1 103 0.120 0
242 7 N2 N5 0 0.100 0
242 8 N2 N1 87 0.100 0
242 9 N2 N2 190 0.100 1
242 10 N4 N5 0 0.700 0
242 11 N4 N1 0 0.700 0
242 12 N4 N4 252 0.700 1
243 1 N5 N1 0 0.210 0
243 2 N5 N5 9 0.210 0
243 3 N5 N2 156 0.210 1
243 4 N1 N5 0 0.700 0
243 5 N1 N2 147 0.700 1
243 6 N1 N1 102 0.700 0
243 7 N2 N5 0 0.020 0
243 8 N2 N1 87 0.020 0
243 9 N2 N2 194 0.020 1
243 10 N4 N5 0 0.420 0
243 11 N4 N1 0 0.420 0
243 12 N4 N4 252 0.420 1
244 1 N5 N1 0 0.160 0
244 2 N5 N5 9 0.160 0
244 3 N5 N2 156 0.160 1
244 4 N1 N5 0 0.320 0
244 5 N1 N2 144 0.320 1
244 6 N1 N1 101 0.320 0
244 7 N2 N5 0 0.110 0
244 8 N2 N1 87 0.110 0
244 9 N2 N2 192 0.110 1
244 10 N4 N5 0 0.310 0
244 11 N4 N1 0 0.310 0
244 12 N4 N4 251 0.310 1
245 1 N5 N1 0 0.230 0
245 2 N5 N5 9 0.230 0
245 3 N5 N2 156 0.230 1
245 4 N1 N5 0 0.360 0
245 5 N1 N2 136 0.360 1
245 6 N1 N1 101 0.360 0
245 7 N2 N5 0 0.290 0
245 8 N2 N1 90 0.290 0
245 9 N2 N2 192 0.290 1
245 10 N4 N5 0 0.370 0
245 11 N4 N1 0 0.370 0
245 12 N4 N4 251 0.370 1
246 1 N5 N1 0 0.300 0
246 2 N5 N5 9 0.300 0
246 3 N5 N2 156 0.300 1
246 4 N1 N5 0 0.040 0
246 5 N1 N2 132 0.040 1
246 6 N1 N1 101 0.040 0
246 7 N2 N5 0 0.150 0
246 8 N2 N1 90 0.150 0
246 9 N2 N2 192 0.150 1
246 10 N4 N5 0 0.440 0
246 11 N4 N1 0 0.440 0
246 12 N4 N4 251 0.440 1
247 1 N5 N1 0 0.350 0
247 2 N5 N5 9 0.350 0
247 3 N5 N2 155 0.350 1
247 4 N1 N5 0 0.110 0
247 5 N1 N2 129 0.110 1
247 6 N1 N1 100 0.110 0
247 7 N2 N5 0 0.250 0
247 8 N2 N1 90 0.250 0
247 9 N2 N2 191 0.250 1
247 10 N4 N5 0 0.130 0
247 11 N4 N1 0 0.130 0
247 12 N4 N4 251 0.130 1
248 1 N5 N1 0 0.410 0
248 2 N5 N5 9 0.410 0
248 3 N5 N2 155 0.410 1
248 4 N1 N5 0 0.080 0
248 5 N1 N2 127 0.080 1
248 6 N1 N1 101 0.080 0
248 7 N2 N5 0 0.340 0
248 8 N2 N1 89 0.340 0
248 9 N2 N2 188 0.340 1
248 10 N4 N5 0 0.040 0
248 11 N4 N1 0 0.040 0
248 12 N4 N4 251 0.040 1
249 1 N5 N1 0 0.070 0
249 2 N5 N5 8 0.070 0
249 3 N5 N2 155 0.070 1
249 4 N1 N5 0 0.170 0
249 5 N1 N2 129 0.170 1
249 6 N1 N1 101 0.170 0
249 7 N2 N5 0 0.010 0
249 8 N2 N1 90 0.010 0
249 9 N2 N2 187 0.010 1
249 10 N4 N5 0 0.100 0
249 11 N4 N1 0 0.100 0
249 12 N4 N4 251 0.100 1
250 1 N5 N1 0 0.120 0
250 2 N5 N5 8 0.120 0
250 3 N5 N2 155 0.120 1
250 4 N1 N5 0 0.330 0
250 5 N1 N2 130 0.330 1
250 6 N1 N1 102 0.330 0
250 7 N2 N5 0 0.100 0
250 8 N2 N1 88 0.100 0
250 9 N2 N2 187 0.100 1
250 10 N4 N5 0 0.170 0
250 11 N4 N1 0 0.170 0
250 12 N4 N4 252 0.170 1
251 1 N5 N1 0 0.070 0
251 2 N5 N5 5 0.070 0
251 3 N5 N2 154 0.070 1
251 4 N1 N5 0 0.270 0
251 5 N1 N2 131 0.270 1
251 6 N1 N1 101 0.270 0
251 7 N2 N5 0 0.050 0
251 8 N2 N1 87 0.050 0
251 9 N2 N2 187 0.050 1
251 10 N4 N5 0 0.220 0
251 11 N4 N1 0 0.220 0
251 12 N4 N4 252 0.220 1
252 1 N5 N1 0 0.150 0
252 2 N5 N5 0 0.150 0
252 3 N5 N2 154 0.150 1
252 4 N1 N5 0 0.350 0
252 5 N1 N2 134 0.350 1
252 6 N1 N1 101 0.350 0
252 7 N2 N5 0 0.110 0
252 8 N2 N1 87 0.110 0
252 9 N2 N2 188 0.110 1
252 10 N4 N5 0 0.260 0
252 11 N4 N1 0 0.260 0
252 12 N4 N4 252 0.260 1
253 1 N5 N1 0 0.740 0
253 2 N5 N5 0 0.740 0
253 3 N5 N2 154 0.740 1
253 4 N1 N5 0 0.410 0
253 5 N1 N2 137 0.410 1
253 6 N1 N1 100 0.410 0
253 7 N2 N5 0 0.680 0
253 8 N2 N1 88 0.680 0
253 9 N2 N2 189 0.680 1
253 10 N4 N5 0 0.340 0
253 11 N4 N1 0 0.340 0
253 12 N4 N4 252 0.340 1
254 1 N5 N1 0 0.420 0
254 2 N5 N5 0 0.420 0
254 3 N5 N2 154 0.420 1
254 4 N1 N5 0 0.060 0
254 5 N1 N2 138 0.060 1
254 6 N1 N1 101 0.060 0
254 7 N2 N5 0 0.260 0
254 8 N2 N1 89 0.260 0
254 9 N2 N2 193 0.260 1
254 10 N4 N5 0 0.040 0
254 11 N4 N1 0 0.040 0
254 12 N4 N4 252 0.040 1
255 1 N5 N1 0 0.370 0
255 2 N5 N5 0 0.370 0
255 3 N5 N2 155 0.370 1
255 4 N1 N5 0 0.090 0
255 5 N1 N2 139 0.090 1
255 6 N1 N1 104 0.090 0
255 7 N2 N5 0 0.250 0
255 8 N2 N1 92 0.250 0
255 9 N2 N2 195 0.250 1
255 10 N4 N5 0 0.640 0
255 11 N4 N1 0 0.640 0
255 12 N4 N4 252 0.640 1
256 1 N5 N1 0 0.610 0
256 2 N5 N5 0 0.610 0
256 3 N5 N2 155 0.610 1
256 4 N1 N5 0 0.070 0
256 5 N1 N2 141 0.070 1
256 6 N1 N1 105 0.070 0
256 7 N2 N5 0 0.350 0
256 8 N2 N1 95 0.350 0
256 9 N2 N2 198 0.350 1
256 10 N4 N5 0 0.050 0
256 11 N4 N1 0 0.050 0
256 12 N4 N4 252 0.050 1
257 1 N5 N1 0 0.050 0
257 2 N5 N5 0 0.050 0
257 3 N5 N2 157 0.050 1
257 4 N1 N5 0 0.170 0
257 5 N1 N2 140 0.170 1
257 6 N1 N1 107 0.170 0
257 7 N2 N5 0 0.030 0
257 8 N2 N1 99 0.030 0
257 9 N2 N2 201 0.030 1
257 10 N4 N5 0 1.140 0
257 11 N4 N1 0 1.140 0
257 12 N4 N4 252 1.140 1
258 1 N5 N1 0 0.080 0
258 2 N5 N5 0 0.080 0
258 3 N5 N2 159 0.080 1
258 4 N1 N5 0 0.200 0
258 5 N1 N2 140 0.200 1
258 6 N1 N1 108 0.200 0
258 7 N2 N5 0 0.490 0
258 8 N2 N1 100 0.490 0
258 9 N2 N2 201 0.490 1
258 10 N4 N5 0 0.200 0
258 11 N4 N1 0 0.200 0
258 12 N4 N4 251 0.200 1
259 1 N5 N1 0 0.130 0
259 2 N5 N5 0 0.130 0
259 3 N5 N2 160 0.130 1
259 4 N1 N5 0 0.420 0
259 5 N1 N2 139 0.420 1
259 6 N1 N1 111 0.420 0
259 7 N2 N5 0 0.080 0
259 8 N2 N1 101 0.080 0
259 9 N2 N2 202 0.080 1
259 10 N4 N5 0 0.270 0
259 11 N4 N1 0 0.270 0
259 12 N4 N4 251 0.270 1
260 1 N5 N1 0 0.220 0
260 2 N5 N5 0 0.220 0
260 3 N5 N2 163 0.220 1
260 4 N1 N5 0 0.360 0
260 5 N1 N2 139 0.360 1
260 6 N1 N1 113 0.360 0
260 7 N2 N5 0 0.140 0
260 8 N2 N1 102 0.140 0
260 9 N2 N2 204 0.140 1
260 10 N4 N5 0 0.330 0
260 11 N4 N1 0 0.330 0
260 12 N4 N4 251 0.330 1
261 1 N5 N1 0 0.280 0
261 2 N5 N5 0 0.280 0
261 3 N5 N2 165 0.280 1
261 4 N1 N5 0 0.530 0
261 5 N1 N2 140 0.530 1
261 6 N1 N1 115 0.530 0
261 7 N2 N5 0 0.220 0
261 8 N2 N1 103 0.220 0
261 9 N2 N2 204 0.220 1
261 10 N4 N5 0 0.550 0
261 11 N4 N1 0 0.550 0
261 12 N4 N4 251 0.550 1
262 1 N5 N1 0 0.340 0
262 2 N5 N5 0 0.340 0
262 3 N5 N2 166 0.340 1
262 4 N1 N5 0 0.480 0
262 5 N1 N2 140 0.480 1
262 6 N1 N1 115 0.480 0
262 7 N2 N5 0 0.310 0
262 8 N2 N1 102 0.310 0
262 9 N2 N2 205 0.310 1
262 10 N4 N5 0 0.090 0
262 11 N4 N1 0 0.090 0
262 12 N4 N4 251 0.090 1
263 1 N5 N1 0 0.030 0
263 2 N5 N5 0 0.030 0
263 3 N5 N2 169 0.030 1
263 4 N1 N5 0 0.390 0
263 5 N1 N2 142 0.390 1
263 6 N1 N1 117 0.390 0
263 7 N2 N5 0 0.400 0
263 8 N2 N1 103 0.400 0
263 9 N2 N2 206 0.400 1
263 10 N4 N5 0 0.510 0
263 11 N4 N1 0 0.510 0
263 12 N4 N4 251 0.510 1
264 1 N5 N1 0 0.470 0
264 2 N5 N5 0 0.470 0
264 3 N5 N2 171 0.470 1
264 4 N1 N5 0 0.110 0
264 5 N1 N2 144 0.110 1
264 6 N1 N1 117 0.110 0
264 7 N2 N5 0 0.480 0
264 8 N2 N1 103 0.480 0
264 9 N2 N2 207 0.480 1
264 10 N4 N5 0 1.600 0
264 11 N4 N1 0 1.600 0
264 12 N4 N4 251 1.600 1
265 1 N5 N1 0 0.020 0
265 2 N5 N5 0 0.020 0
265 3 N5 N2 173 0.020 1
265 4 N1 N5 0 0.160 0
265 5 N1 N2 148 0.160 1
265 6 N1 N1 119 0.160 0
265 7 N2 N5 0 0.020 0
265 8 N2 N1 105 0.020 0
265 9 N2 N2 208 0.020 1
265 10 N4 N5 0 0.070 0
265 11 N4 N1 0 0.070 0
265 12 N4 N4 251 0.070 1
266 1 N5 N1 0 0.190 0
266 2 N5 N5 0 0.190 0
266 3 N5 N2 174 0.190 1
266 4 N1 N5 0 0.730 0
266 5 N1 N2 149 0.730 1
266 6 N1 N1 119 0.730 0
266 7 N2 N5 0 0.590 0
266 8 N2 N1 105 0.590 0
266 9 N2 N2 209 0.590 1
266 10 N4 N5 0 0.130 0
266 11 N4 N1 0 0.130 0
266 12 N4 N4 251 0.130 1
267 1 N5 N1 0 0.170 0
267 2 N5 N5 0 0.170 0
267 3 N5 N2 174 0.170 1
267 4 N1 N5 0 0.590 0
267 5 N1 N2 149 0.590 1
267 6 N1 N1 119 0.590 0
267 7 N2 N5 0 0.280 0
267 8 N2 N1 104 0.280 0
267 9 N2 N2 209 0.280 1
267 10 N4 N5 0 0.190 0
267 11 N4 N1 0 0.190 0
267 12 N4 N4 251 0.190 1
268 1 N5 N1 0 0.200 0
268 2 N5 N5 0 0.200 0
268 3 N5 N2 173 0.200 1
268 4 N1 N5 0 0.230 0
268 5 N1 N2 151 0.230 1
268 6 N1 N1 120 0.230 0
268 7 N2 N5 0 0.250 0
268 8 N2 N1 102 0.250 0
268 9 N2 N2 209 0.250 1
268 10 N4 N5 0 0.260 0
268 11 N4 N1 0 0.260 0
268 12 N4 N4 252 0.260 1
269 1 N5 N1 0 0.280 0
269 2 N5 N5 0 0.280 0
269 3 N5 N2 171 0.280 1
269 4 N1 N5 0 0.010 0
269 5 N1 N2 151 0.010 1
269 6 N1 N1 123 0.010 0
269 7 N2 N5 0 0.300 0
269 8 N2 N1 102 0.300 0
269 9 N2 N2 206 0.300 1
269 10 N4 N5 0 0.350 0
269 11 N4 N1 0 0.350 0
269 12 N4 N4 252 0.350 1
270 1 N5 N1 0 0.380 0
270 2 N5 N5 0 0.380 0
270 3 N5 N2 169 0.380 1
270 4 N1 N5 0 0.480 0
270 5 N1 N2 151 0.480 1
270 6 N1 N1 123 0.480 0
270 7 N2 N5 0 0.360 0
270 8 N2 N1 101 0.360 0
270 9 N2 N2 204 0.360 1
270 10 N4 N5 0 0.940 0
270 11 N4 N1 0 0.940 0
270 12 N4 N4 252 0.940 1
271 1 N5 N1 0 0.070 0
271 2 N5 N5 0 0.070 0
271 3 N5 N2 167 0.070 1
271 4 N1 N5 0 0.020 0
271 5 N1 N2 153 0.020 1
271 6 N1 N1 124 0.020 0
271 7 N2 N5 0 0.030 0
271 8 N2 N1 99 0.030 0
271 9 N2 N2 201 0.030 1
271 10 N4 N5 0 0.160 0
271 11 N4 N1 0 0.160 0
271 12 N4 N4 252 0.160 1
272 1 N5 N1 0 0.020 0
272 2 N5 N5 0 0.020 0
272 3 N5 N2 165 0.020 1
272 4 N1 N5 0 0.350 0
272 5 N1 N2 153 0.350 1
272 6 N1 N1 124 0.350 0
272 7 N2 N5 0 0.020 0
272 8 N2 N1 102 0.020 0
272 9 N2 N2 198 0.020 1
272 10 N4 N5 0 0.200 0
272 11 N4 N1 0 0.200 0
272 12 N4 N4 252 0.200 1
273 1 N5 N1 0 0.180 0
273 2 N5 N5 0 0.180 0
273 3 N5 N2 164 0.180 1
273 4 N1 N5 0 0.320 0
273 5 N1 N2 154 0.320 1
273 6 N1 N1 125 0.320 0
273 7 N2 N5 0 0.060 0
273 8 N2 N1 102 0.060 0
273 9 N2 N2 196 0.060 1
273 10 N4 N5 0 0.080 0
273 11 N4 N1 0 0.080 0
273 12 N4 N4 252 0.080 1
274 1 N5 N1 0 0.110 0
274 2 N5 N5 0 0.110 0
274 3 N5 N2 163 0.110 1
274 4 N1 N5 0 0.810 0
274 5 N1 N2 155 0.810 1
274 6 N1 N1 125 0.810 0
274 7 N2 N5 0 0.170 0
274 8 N2 N1 103 0.170 0
274 9 N2 N2 195 0.170 1
274 10 N4 N5 0 0.160 0
274 11 N4 N1 0 0.160 0
274 12 N4 N4 252 0.160 1
275 1 N5 N1 0 0.160 0
275 2 N5 N5 0 0.160 0
275 3 N5 N2 160 0.160 1
275 4 N1 N5 0 0.340 0
275 5 N1 N2 157 0.340 1
275 6 N1 N1 126 0.340 0
275 7 N2 N5 0 0.250 0
275 8 N2 N1 100 0.250 0
275 9 N2 N2 193 0.250 1
275 10 N4 N5 0 0.380 0
275 11 N4 N1 0 0.380 0
275 12 N4 N4 252 0.380 1
276 1 N5 N1 0 0.210 0
276 2 N5 N5 0 0.210 0
276 3 N5 N2 159 0.210 1
276 4 N1 N5 0 0.040 0
276 5 N1 N2 159 0.040 1
276 6 N1 N1 127 0.040 0
276 7 N2 N5 0 0.310 0
276 8 N2 N1 101 0.310 0
276 9 N2 N2 192 0.310 1
276 10 N4 N5 0 0.450 0
276 11 N4 N1 0 0.450 0
276 12 N4 N4 252 0.450 1
277 1 N5 N1 0 0.270 0
277 2 N5 N5 0 0.270 0
277 3 N5 N2 159 0.270 1
277 4 N1 N5 0 0.050 0
277 5 N1 N2 160 0.050 1
277 6 N1 N1 129 0.050 0
277 7 N2 N5 0 0.050 0
277 8 N2 N1 101 0.050 0
277 9 N2 N2 192 0.050 1
277 10 N4 N5 0 0.340 0
277 11 N4 N1 0 0.340 0
277 12 N4 N4 252 0.340 1
278 1 N5 N1 0 0.870 0
278 2 N5 N5 0 0.870 0
278 3 N5 N2 159 0.870 1
278 4 N1 N5 0 0.070 0
278 5 N1 N2 162 0.070 1
278 6 N1 N1 129 0.070 0
278 7 N2 N5 0 0.520 0
278 8 N2 N1 101 0.520 0
278 9 N2 N2 194 0.520 1
278 10 N4 N5 0 0.370 0
278 11 N4 N1 0 0.370 0
278 12 N4 N4 252 0.370 1
279 1 N5 N1 0 0.500 0
279 2 N5 N5 0 0.500 0
279 3 N5 N2 159 0.500 1
279 4 N1 N5 0 1.160 0
279 5 N1 N2 162 1.160 1
279 6 N1 N1 129 1.160 0
279 7 N2 N5 0 0.090 0
279 8 N2 N1 101 0.090 0
279 9 N2 N2 193 0.090 1
279 10 N4 N5 0 0.430 0
279 11 N4 N1 0 0.430 0
279 12 N4 N4 252 0.430 1
280 1 N5 N1 0 0.410 0
280 2 N5 N5 0 0.410 0
280 3 N5 N2 159 0.410 1
280 4 N1 N5 0 2.250 0
280 5 N1 N2 162 2.250 1
280 6 N1 N1 129 2.250 0
280 7 N2 N5 0 0.050 0
280 8 N2 N1 100 0.050 0
280 9 N2 N2 194 0.050 1
280 10 N4 N5 0 1.520 0
280 11 N4 N1 0 1.520 0
280 12 N4 N4 252 1.520 1
281 1 N5 N1 0 0.120 0
281 2 N5 N5 0 0.120 0
281 3 N5 N2 159 0.120 1
281 4 N1 N5 0 0.430 0
281 5 N1 N2 162 0.430 1
281 6 N1 N1 130 0.430 0
281 7 N2 N5 0 1.140 0
281 8 N2 N1 100 1.140 0
281 9 N2 N2 194 1.140 1
281 10 N4 N5 0 2.610 0
281 11 N4 N1 0 2.610 0
281 12 N4 N4 252 2.610 1
282 1 N5 N1 0 0.240 0
282 2 N5 N5 0 0.240 0
282 3 N5 N2 159 0.240 1
282 4 N1 N5 0 1.550 0
282 5 N1 N2 162 1.550 1
282 6 N1 N1 130 1.550 0
282 7 N2 N5 0 0.710 0
282 8 N2 N1 100 0.710 0
282 9 N2 N2 194 0.710 1
282 10 N4 N5 0 3.730 0
282 11 N4 N1 0 3.730 0
282 12 N4 N4 252 3.730 1
283 1 N5 N1 0 0.170 0
283 2 N5 N5 0 0.170 0
283 3 N5 N2 160 0.170 1
283 4 N1 N5 0 0.100 0
283 5 N1 N2 163 0.100 1
283 6 N1 N1 132 0.100 0
283 7 N2 N5 0 0.390 0
283 8 N2 N1 102 0.390 0
283 9 N2 N2 195 0.390 1
283 10 N4 N5 0 0.210 0
283 11 N4 N1 0 0.210 0
283 12 N4 N4 251 0.210 1
284 1 N5 N1 0 0.200 0
284 2 N5 N5 0 0.200 0
284 3 N5 N2 159 0.200 1
284 4 N1 N5 0 0.050 0
284 5 N1 N2 163 0.050 1
284 6 N1 N1 135 0.050 0
284 7 N2 N5 0 0.370 0
284 8 N2 N1 102 0.370 0
284 9 N2 N2 198 0.370 1
284 10 N4 N5 0 0.270 0
284 11 N4 N1 0 0.270 0
284 12 N4 N4 250 0.270 1
285 1 N5 N1 0 0.270 0
285 2 N5 N5 0 0.270 0
285 3 N5 N2 159 0.270 1
285 4 N1 N5 0 0.150 0
285 5 N1 N2 164 0.150 1
285 6 N1 N1 137 0.150 0
285 7 N2 N5 0 0.460 0
285 8 N2 N1 102 0.460 0
285 9 N2 N2 199 0.460 1
285 10 N4 N5 0 0.340 0
285 11 N4 N1 0 0.340 0
285 12 N4 N4 249 0.340 1
286 1 N5 N1 0 0.320 0
286 2 N5 N5 0 0.320 0
286 3 N5 N2 158 0.320 1
286 4 N1 N5 0 0.250 0
286 5 N1 N2 165 0.250 1
286 6 N1 N1 140 0.250 0
286 7 N2 N5 0 0.050 0
286 8 N2 N1 105 0.050 0
286 9 N2 N2 202 0.050 1
286 10 N4 N5 0 0.400 0
286 11 N4 N1 0 0.400 0
286 12 N4 N4 248 0.400 1
287 1 N5 N1 0 0.400 0
287 2 N5 N5 0 0.400 0
287 3 N5 N2 159 0.400 1
287 4 N1 N5 0 0.350 0
287 5 N1 N2 168 0.350 1
287 6 N1 N1 144 0.350 0
287 7 N2 N5 0 0.120 0
287 8 N2 N1 108 0.120 0
287 9 N2 N2 205 0.120 1
287 10 N4 N5 0 0.130 0
287 11 N4 N1 0 0.130 0
287 12 N4 N4 247 0.130 1
288 1 N5 N1 0 0.490 0
288 2 N5 N5 0 0.490 0
288 3 N5 N2 158 0.490 1
288 4 N1 N5 0 0.400 0
288 5 N1 N2 168 0.400 1
288 6 N1 N1 145 0.400 0
288 7 N2 N5 0 0.200 0
288 8 N2 N1 109 0.200 0
288 9 N2 N2 205 0.200 1
288 10 N4 N5 0 0.530 0
288 11 N4 N1 0 0.530 0
288 12 N4 N4 246 0.530 1
289 1 N5 N1 0 0.560 0
289 2 N5 N5 0 0.560 0
289 3 N5 N2 157 0.560 1
289 4 N1 N5 0 0.460 0
289 5 N1 N2 168 0.460 1
289 6 N1 N1 146 0.460 0
289 7 N2 N5 0 0.250 0
289 8 N2 N1 111 0.250 0
289 9 N2 N2 206 0.250 1
289 10 N4 N5 0 0.090 0
289 11 N4 N1 0 0.090 0
289 12 N4 N4 246 0.090 1
290 1 N5 N1 0 0.080 0
290 2 N5 N5 0 0.080 0
290 3 N5 N2 154 0.080 1
290 4 N1 N5 0 0.010 0
290 5 N1 N2 165 0.010 1
290 6 N1 N1 149 0.010 0
290 7 N2 N5 0 0.450 0
290 8 N2 N1 113 0.450 0
290 9 N2 N2 206 0.450 1
290 10 N4 N5 0 0.170 0
290 11 N4 N1 0 0.170 0
290 12 N4 N4 245 0.170 1
291 1 N5 N1 0 0.160 0
291 2 N5 N5 0 0.160 0
291 3 N5 N2 152 0.160 1
291 4 N1 N5 0 0.090 0
291 5 N1 N2 162 0.090 1
291 6 N1 N1 149 0.090 0
291 7 N2 N5 0 0.910 0
291 8 N2 N1 112 0.910 0
291 9 N2 N2 207 0.910 1
291 10 N4 N5 0 0.480 0
291 11 N4 N1 0 0.480 0
291 12 N4 N4 246 0.480 1
292 1 N5 N1 0 0.230 0
292 2 N5 N5 0 0.230 0
292 3 N5 N2 151 0.230 1
292 4 N1 N5 0 0.150 0
292 5 N1 N2 159 0.150 1
292 6 N1 N1 149 0.150 0
292 7 N2 N5 0 0.060 0
292 8 N2 N1 111 0.060 0
292 9 N2 N2 205 0.060 1
292 10 N4 N5 0 0.290 0
292 11 N4 N1 0 0.290 0
292 12 N4 N4 246 0.290 1
293 1 N5 N1 0 0.420 0
293 2 N5 N5 0 0.420 0
293 3 N5 N2 150 0.420 1
293 4 N1 N5 0 0.230 0
293 5 N1 N2 157 0.230 1
293 6 N1 N1 148 0.230 0
293 7 N2 N5 0 0.620 0
293 8 N2 N1 111 0.620 0
293 9 N2 N2 203 0.620 1
293 10 N4 N5 0 0.340 0
293 11 N4 N1 0 0.340 0
293 12 N4 N4 246 0.340 1
294 1 N5 N1 0 0.370 0
294 2 N5 N5 0 0.370 0
294 3 N5 N2 148 0.370 1
294 4 N1 N5 0 0.300 0
294 5 N1 N2 154 0.300 1
294 6 N1 N1 148 0.300 0
294 7 N2 N5 0 0.110 0
294 8 N2 N1 109 0.110 0
294 9 N2 N2 200 0.110 1
294 10 N4 N5 0 0.620 0
294 11 N4 N1 0 0.620 0
294 12 N4 N4 247 0.620 1
295 1 N5 N1 0 0.120 0
295 2 N5 N5 0 0.120 0
295 3 N5 N2 142 0.120 1
295 4 N1 N5 0 0.070 0
295 5 N1 N2 146 0.070 1
295 6 N1 N1 139 0.070 0
295 7 N2 N5 0 0.400 0
295 8 N2 N1 105 0.400 0
295 9 N2 N2 198 0.400 1
295 10 N4 N5 0 0.180 0
295 11 N4 N1 0 0.180 0
295 12 N4 N4 247 0.180 1
296 1 N5 N1 0 0.330 0
296 2 N5 N5 0 0.330 0
296 3 N5 N2 141 0.330 1
296 4 N1 N5 0 0.160 0
296 5 N1 N2 143 0.160 1
296 6 N1 N1 135 0.160 0
296 7 N2 N5 0 0.050 0
296 8 N2 N1 102 0.050 0
296 9 N2 N2 194 0.050 1
296 10 N4 N5 0 0.040 0
296 11 N4 N1 0 0.040 0
296 12 N4 N4 248 0.040 1
297 1 N5 N1 0 0.270 0
297 2 N5 N5 0 0.270 0
297 3 N5 N2 140 0.270 1
297 4 N1 N5 0 0.360 0
297 5 N1 N2 143 0.360 1
297 6 N1 N1 134 0.360 0
297 7 N2 N5 0 0.120 0
297 8 N2 N1 100 0.120 0
297 9 N2 N2 193 0.120 1
297 10 N4 N5 0 0.010 0
297 11 N4 N1 0 0.010 0
297 12 N4 N4 248 0.010 1
298 1 N5 N1 0 0.840 0
298 2 N5 N5 0 0.840 0
298 3 N5 N2 139 0.840 1
298 4 N1 N5 0 0.420 0
298 5 N1 N2 141 0.420 1
298 6 N1 N1 133 0.420 0
298 7 N2 N5 0 0.050 0
298 8 N2 N1 100 0.050 0
298 9 N2 N2 193 0.050 1
298 10 N4 N5 0 0.390 0
298 11 N4 N1 0 0.390 0
298 12 N4 N4 248 0.390 1
299 1 N5 N1 0 0.040 0
299 2 N5 N5 0 0.040 0
299 3 N5 N2 139 0.040 1
299 4 N1 N5 0 0.480 0
299 5 N1 N2 144 0.480 1
299 6 N1 N1 132 0.480 0
299 7 N2 N5 0 0.120 0
299 8 N2 N1 103 0.120 0
299 9 N2 N2 196 0.120 1
299 10 N4 N5 0 0.120 0
299 11 N4 N1 58 0.120 0
299 12 N4 N4 248 0.120 1
300 1 N5 N1 0 1.040 0
300 2 N5 N5 0 1.040 0
300 3 N5 N2 140 1.040 1
300 4 N1 N5 0 0.070 0
300 5 N1 N2 151 0.070 1
300 6 N1 N1 132 0.070 0
300 7 N2 N5 0 0.340 0
300 8 N2 N1 110 0.340 0
300 9 N2 N2 198 0.340 1
300 10 N4 N5 0 0.550 0
300 11 N4 N1 58 0.550 0
300 12 N4 N4 249 0.550 1
