1 1 N3 N3 192 0.070 1
1 2 N5 N3 94 0.070 1
1 3 N1 N3 114 0.920 1
1 4 N2 N3 133 0.150 1
2 1 N3 N3 194 0.120 1
2 2 N5 N3 94 0.650 1
2 3 N1 N3 115 0.120 1
2 4 N2 N3 133 0.220 1
3 1 N3 N3 196 0.090 1
3 2 N5 N3 94 0.630 1
3 3 N1 N3 115 1.170 1
3 4 N2 N3 133 1.270 1
4 1 N3 N3 199 0.100 1
4 2 N5 N3 95 0.180 1
4 3 N1 N3 115 0.780 1
4 4 N2 N3 134 0.190 1
5 1 N3 N3 200 0.150 1
5 2 N5 N3 96 0.170 1
5 3 N1 N3 115 0.510 1
5 4 N2 N3 133 0.220 1
6 1 N3 N3 201 0.190 1
6 2 N5 N3 97 0.700 1
6 3 N1 N3 115 1.550 1
6 4 N2 N3 134 0.230 1
7 1 N3 N3 202 0.190 1
7 2 N5 N3 98 0.190 1
7 3 N1 N3 115 0.590 1
7 4 N2 N3 135 0.760 1
8 1 N3 N3 203 0.230 1
8 2 N5 N3 100 0.230 1
8 3 N1 N3 115 0.410 1
8 4 N2 N3 135 0.780 1
9 1 N3 N3 203 0.260 1
9 2 N5 N3 99 0.260 1
9 3 N1 N3 114 0.610 1
9 4 N2 N3 135 0.310 1
10 1 N3 N3 203 0.080 1
10 2 N5 N3 99 0.080 1
10 3 N1 N3 114 0.080 1
10 4 N2 N3 135 0.090 1
11 1 N3 N3 203 0.270 1
11 2 N5 N3 99 0.800 1
11 3 N1 N3 114 0.770 1
11 4 N2 N3 134 0.370 1
12 1 N3 N3 203 1.320 1
12 2 N5 N3 99 1.850 1
12 3 N1 N3 114 0.780 1
12 4 N2 N3 134 1.420 1
13 1 N3 N3 203 0.790 1
13 2 N5 N3 98 0.790 1
13 3 N1 N3 113 0.780 1
13 4 N2 N3 133 0.790 1
14 1 N3 N3 204 0.300 1
14 2 N5 N3 97 0.300 1
14 3 N1 N3 113 0.290 1
14 4 N2 N3 132 0.640 1
15 1 N3 N3 205 0.350 1
15 2 N5 N3 96 0.840 1
15 3 N1 N3 114 0.320 1
15 4 N2 N3 132 1.690 1
16 1 N3 N3 206 0.360 1
16 2 N5 N3 98 0.360 1
16 3 N1 N3 117 0.120 1
16 4 N2 N3 133 0.430 1
17 1 N3 N3 206 0.400 1
17 2 N5 N3 99 0.400 1
17 3 N1 N3 119 0.320 1
17 4 N2 N3 134 0.410 1
18 1 N3 N3 206 1.450 1
18 2 N5 N3 99 1.450 1
18 3 N1 N3 119 1.370 1
18 4 N2 N3 134 1.460 1
19 1 N3 N3 208 0.240 1
19 2 N5 N3 101 0.240 1
19 3 N1 N3 121 0.240 1
19 4 N2 N3 138 0.240 1
20 1 N3 N3 209 0.050 1
20 2 N5 N3 103 0.940 1
20 3 N1 N3 121 1.290 1
20 4 N2 N3 140 0.050 1
21 1 N3 N3 209 0.120 1
21 2 N5 N3 104 0.960 1
21 3 N1 N3 121 0.120 1
21 4 N2 N3 142 0.120 1
22 1 N3 N3 209 0.460 1
22 2 N5 N3 104 0.460 1
22 3 N1 N3 121 0.450 1
22 4 N2 N3 143 0.500 1
23 1 N3 N3 209 0.460 1
23 2 N5 N3 105 0.460 1
23 3 N1 N3 121 0.690 1
23 4 N2 N3 142 0.530 1
24 1 N3 N3 207 0.510 1
24 2 N5 N3 105 1.520 1
24 3 N1 N3 121 0.530 1
24 4 N2 N3 143 0.590 1
25 1 N3 N3 206 0.530 1
25 2 N5 N3 105 0.990 1
25 3 N1 N3 120 0.520 1
25 4 N2 N3 144 0.600 1
26 1 N3 N3 203 0.050 1
26 2 N5 N3 106 0.180 1
26 3 N1 N3 117 0.030 1
26 4 N2 N3 140 0.110 1
27 1 N3 N3 200 0.060 1
27 2 N5 N3 105 0.060 1
27 3 N1 N3 115 0.060 1
27 4 N2 N3 138 0.180 1
28 1 N3 N3 198 0.040 1
28 2 N5 N3 103 0.040 1
28 3 N1 N3 113 0.090 1
28 4 N2 N3 136 0.570 1
29 1 N3 N3 197 0.570 1
29 2 N5 N3 101 0.570 1
29 3 N1 N3 112 0.630 1
29 4 N2 N3 136 1.620 1
30 1 N3 N3 194 0.070 1
30 2 N5 N3 101 1.620 1
30 3 N1 N3 109 0.100 1
30 4 N2 N3 134 0.780 1
31 1 N3 N3 193 0.620 1
31 2 N5 N3 99 0.620 1
31 3 N1 N3 109 1.150 1
31 4 N2 N3 134 1.830 1
32 1 N3 N3 192 0.110 1
32 2 N5 N3 95 0.110 1
32 3 N1 N3 107 0.660 1
32 4 N2 N3 131 0.290 1
33 1 N3 N3 191 0.650 1
33 2 N5 N3 93 0.650 1
33 3 N1 N3 105 0.710 1
33 4 N2 N3 128 0.840 1
34 1 N3 N3 189 0.170 1
34 2 N5 N3 91 0.920 1
34 3 N1 N3 100 0.710 1
34 4 N2 N3 123 0.300 1
35 1 N3 N3 188 0.220 1
35 2 N5 N3 89 0.730 1
35 3 N1 N3 97 0.210 1
35 4 N2 N3 119 0.290 1
36 1 N3 N3 188 0.240 1
36 2 N5 N3 88 0.240 1
36 3 N1 N3 95 0.730 1
36 4 N2 N3 116 0.300 1
37 1 N3 N3 187 0.260 1
37 2 N5 N3 87 0.690 1
37 3 N1 N3 92 0.240 1
37 4 N2 N3 114 0.820 1
38 1 N3 N3 187 0.200 1
38 2 N5 N3 85 0.190 1
38 3 N1 N3 89 0.190 1
38 4 N2 N3 113 0.200 1
39 1 N3 N3 187 0.310 1
39 2 N5 N3 85 0.170 1
39 3 N1 N3 88 0.660 1
39 4 N2 N3 112 0.860 1
40 1 N3 N3 187 0.340 1
40 2 N5 N3 85 0.210 1
40 3 N1 N3 87 0.210 1
40 4 N2 N3 110 0.380 1
41 1 N3 N3 187 0.360 1
41 2 N5 N3 86 0.240 1
41 3 N1 N3 86 0.240 1
41 4 N2 N3 109 0.390 1
42 1 N3 N3 186 0.360 1
42 2 N5 N3 86 0.250 1
42 3 N1 N3 84 0.250 1
42 4 N2 N3 109 0.380 1
43 1 N3 N3 185 0.350 1
43 2 N5 N3 87 0.350 1
43 3 N1 N3 84 0.880 1
43 4 N2 N3 110 0.420 1
44 1 N3 N3 185 0.360 1
44 2 N5 N3 87 0.360 1
44 3 N1 N3 84 1.930 1
44 4 N2 N3 110 0.960 1
45 1 N3 N3 185 1.410 1
45 2 N5 N3 87 1.410 1
45 3 N1 N3 84 0.170 1
45 4 N2 N3 111 0.480 1
46 1 N3 N3 182 0.410 1
46 2 N5 N3 88 0.410 1
46 3 N1 N3 85 0.830 1
46 4 N2 N3 110 0.510 1
47 1 N3 N3 180 0.470 1
47 2 N5 N3 88 0.370 1
47 3 N1 N3 85 0.370 1
47 4 N2 N3 110 0.580 1
48 1 N3 N3 177 0.480 1
48 2 N5 N3 88 0.480 1
48 3 N1 N3 85 0.860 1
48 4 N2 N3 109 0.090 1
49 1 N3 N3 174 0.010 1
49 2 N5 N3 88 1.530 1
49 3 N1 N3 85 1.910 1
49 4 N2 N3 109 1.140 1
50 1 N3 N3 173 0.530 1
50 2 N5 N3 88 0.420 1
50 3 N1 N3 85 2.960 1
50 4 N2 N3 109 2.190 1
51 1 N3 N3 172 0.040 1
51 2 N5 N3 88 1.470 1
51 3 N1 N3 86 0.550 1
51 4 N2 N3 109 0.170 1
52 1 N3 N3 172 0.570 1
52 2 N5 N3 88 0.450 1
52 3 N1 N3 86 1.590 1
52 4 N2 N3 109 0.720 1
53 1 N3 N3 173 0.080 1
53 2 N5 N3 89 0.480 1
53 3 N1 N3 87 0.080 1
53 4 N2 N3 110 0.190 1
54 1 N3 N3 174 0.070 1
54 2 N5 N3 91 0.450 1
54 3 N1 N3 88 0.100 1
54 4 N2 N3 111 0.200 1
55 1 N3 N3 177 0.090 1
55 2 N5 N3 91 0.990 1
55 3 N1 N3 88 0.600 1
55 4 N2 N3 114 0.200 1
56 1 N3 N3 179 0.450 1
56 2 N5 N3 93 0.450 1
56 3 N1 N3 88 1.650 1
56 4 N2 N3 115 0.210 1
57 1 N3 N3 182 0.150 1
57 2 N5 N3 94 0.530 1
57 3 N1 N3 88 2.700 1
57 4 N2 N3 117 0.220 1
58 1 N3 N3 184 0.130 1
58 2 N5 N3 94 1.570 1
58 3 N1 N3 89 0.130 1
58 4 N2 N3 117 1.260 1
59 1 N3 N3 185 0.160 1
59 2 N5 N3 94 2.630 1
59 3 N1 N3 89 0.510 1
59 4 N2 N3 118 0.820 1
60 1 N3 N3 186 0.170 1
60 2 N5 N3 94 3.670 1
60 3 N1 N3 89 0.210 1
60 4 N2 N3 119 0.830 1
61 1 N3 N3 185 0.170 1
61 2 N5 N3 95 0.170 1
61 3 N1 N3 89 1.260 1
61 4 N2 N3 119 1.880 1
62 1 N3 N3 183 0.200 1
62 2 N5 N3 95 0.200 1
62 3 N1 N3 90 0.330 1
62 4 N2 N3 119 0.370 1
63 1 N3 N3 180 0.230 1
63 2 N5 N3 96 0.230 1
63 3 N1 N3 91 0.360 1
63 4 N2 N3 119 0.360 1
64 1 N3 N3 178 0.050 1
64 2 N5 N3 96 0.770 1
64 3 N1 N3 91 1.410 1
64 4 N2 N3 120 0.070 1
65 1 N3 N3 175 0.180 1
65 2 N5 N3 96 1.860 1
65 3 N1 N3 91 2.500 1
65 4 N2 N3 120 1.160 1
66 1 N3 N3 175 1.220 1
66 2 N5 N3 96 2.900 1
66 3 N1 N3 91 3.540 1
66 4 N2 N3 120 2.200 1
67 1 N3 N3 172 0.760 1
67 2 N5 N3 95 0.760 1
67 3 N1 N3 91 4.600 1
67 4 N2 N3 119 0.770 1
68 1 N3 N3 171 0.690 1
68 2 N5 N3 95 1.810 1
68 3 N1 N3 91 0.690 1
68 4 N2 N3 119 1.820 1
69 1 N3 N3 170 0.970 1
69 2 N5 N3 95 2.860 1
69 3 N1 N3 91 1.740 1
69 4 N2 N3 119 2.870 1
70 1 N3 N3 168 0.620 1
70 2 N5 N3 92 0.620 1
70 3 N1 N3 90 0.610 1
70 4 N2 N3 119 0.630 1
71 1 N3 N3 167 0.230 1
71 2 N5 N3 91 0.220 1
71 3 N1 N3 88 0.230 1
71 4 N2 N3 115 0.230 1
72 1 N3 N3 167 0.400 1
72 2 N5 N3 89 0.390 1
72 3 N1 N3 86 0.000 1
72 4 N2 N3 111 0.020 1
73 1 N3 N3 169 0.000 1
73 2 N5 N3 86 0.420 1
73 3 N1 N3 84 0.010 1
73 4 N2 N3 109 0.040 1
74 1 N3 N3 170 0.020 1
74 2 N5 N3 84 0.940 1
74 3 N1 N3 84 0.010 1
74 4 N2 N3 108 0.590 1
75 1 N3 N3 172 0.020 1
75 2 N5 N3 82 0.970 1
75 3 N1 N3 83 0.560 1
75 4 N2 N3 106 0.100 1
76 1 N3 N3 173 0.020 1
76 2 N5 N3 82 2.030 1
76 3 N1 N3 82 0.090 1
76 4 N2 N3 105 0.130 1
77 1 N3 N3 174 0.080 1
77 2 N5 N3 82 3.080 1
77 3 N1 N3 80 0.150 1
77 4 N2 N3 105 0.170 1
78 1 N3 N3 176 0.110 1
78 2 N5 N3 81 0.110 1
78 3 N1 N3 81 0.110 1
78 4 N2 N3 106 0.210 1
79 1 N3 N3 176 0.140 1
79 2 N5 N3 80 0.140 1
79 3 N1 N3 81 0.140 1
79 4 N2 N3 107 0.230 1
80 1 N3 N3 176 0.170 1
80 2 N5 N3 78 0.170 1
80 3 N1 N3 83 0.060 1
80 4 N2 N3 109 0.250 1
81 1 N3 N3 175 0.230 1
81 2 N5 N3 78 0.230 1
81 3 N1 N3 83 1.110 1
81 4 N2 N3 109 0.790 1
82 1 N3 N3 172 0.230 1
82 2 N5 N3 77 0.230 1
82 3 N1 N3 82 0.230 1
82 4 N2 N3 109 0.790 1
83 1 N3 N3 170 0.270 1
83 2 N5 N3 76 0.270 1
83 3 N1 N3 82 0.150 1
83 4 N2 N3 109 1.840 1
84 1 N3 N3 167 0.260 1
84 2 N5 N3 76 0.260 1
84 3 N1 N3 81 0.690 1
84 4 N2 N3 109 2.880 1
85 1 N3 N3 164 0.290 1
85 2 N5 N3 76 0.800 1
85 3 N1 N3 80 0.130 1
85 4 N2 N3 109 0.360 1
86 1 N3 N3 162 0.290 1
86 2 N5 N3 76 0.290 1
86 3 N1 N3 81 0.190 1
86 4 N2 N3 109 0.900 1
87 1 N3 N3 160 0.340 1
87 2 N5 N3 76 0.340 1
87 3 N1 N3 81 0.830 1
87 4 N2 N3 109 0.910 1
88 1 N3 N3 158 0.360 1
88 2 N5 N3 77 0.360 1
88 3 N1 N3 83 0.220 1
88 4 N2 N3 110 0.410 1
89 1 N3 N3 159 0.380 1
89 2 N5 N3 77 1.410 1
89 3 N1 N3 85 0.230 1
89 4 N2 N3 113 0.400 1
90 1 N3 N3 161 0.400 1
90 2 N5 N3 77 2.450 1
90 3 N1 N3 86 0.100 1
90 4 N2 N3 115 0.410 1
91 1 N3 N3 164 0.430 1
91 2 N5 N3 77 0.280 1
91 3 N1 N3 88 0.280 1
91 4 N2 N3 116 0.450 1
92 1 N3 N3 167 0.450 1
92 2 N5 N3 77 0.860 1
92 3 N1 N3 89 0.860 1
92 4 N2 N3 116 1.530 1
93 1 N3 N3 170 0.460 1
93 2 N5 N3 78 0.460 1
93 3 N1 N3 89 1.910 1
93 4 N2 N3 119 0.530 1
94 1 N3 N3 173 0.480 1
94 2 N5 N3 80 0.480 1
94 3 N1 N3 91 0.350 1
94 4 N2 N3 122 0.020 1
95 1 N3 N3 176 0.520 1
95 2 N5 N3 84 0.420 1
95 3 N1 N3 91 1.400 1
95 4 N2 N3 124 0.010 1
96 1 N3 N3 178 0.520 1
96 2 N5 N3 87 0.520 1
96 3 N1 N3 92 0.390 1
96 4 N2 N3 126 0.550 1
97 1 N3 N3 179 0.020 1
97 2 N5 N3 91 0.020 1
97 3 N1 N3 97 0.020 1
97 4 N2 N3 128 0.020 1
98 1 N3 N3 180 0.060 1
98 2 N5 N3 94 0.060 1
98 3 N1 N3 99 0.580 1
98 4 N2 N3 128 1.060 1
99 1 N3 N3 180 0.250 1
99 2 N5 N3 94 1.110 1
99 3 N1 N3 101 0.250 1
99 4 N2 N3 130 0.250 1
100 1 N3 N3 182 0.120 1
100 2 N5 N3 97 0.010 1
100 3 N1 N3 104 0.600 1
100 4 N2 N3 134 0.020 1
101 1 N3 N3 184 0.140 1
101 2 N5 N3 100 0.140 1
101 3 N1 N3 105 0.620 1
101 4 N2 N3 136 0.080 1
102 1 N3 N3 185 0.650 1
102 2 N5 N3 101 0.650 1
102 3 N1 N3 109 0.160 1
102 4 N2 N3 137 0.130 1
103 1 N3 N3 186 0.180 1
103 2 N5 N3 102 0.180 1
103 3 N1 N3 110 0.190 1
103 4 N2 N3 137 0.160 1
104 1 N3 N3 186 1.230 1
104 2 N5 N3 102 1.230 1
104 3 N1 N3 110 1.240 1
104 4 N2 N3 137 1.210 1
105 1 N3 N3 188 0.210 1
105 2 N5 N3 103 0.280 1
105 3 N1 N3 112 0.290 1
105 4 N2 N3 137 0.230 1
106 1 N3 N3 189 0.230 1
106 2 N5 N3 103 0.110 1
106 3 N1 N3 113 0.240 1
106 4 N2 N3 137 0.240 1
107 1 N3 N3 190 0.250 1
107 2 N5 N3 102 0.120 1
107 3 N1 N3 114 0.270 1
107 4 N2 N3 137 0.250 1
108 1 N3 N3 190 1.300 1
108 2 N5 N3 102 1.170 1
108 3 N1 N3 115 0.820 1
108 4 N2 N3 137 1.300 1
109 1 N3 N3 191 0.150 1
109 2 N5 N3 100 0.140 1
109 3 N1 N3 115 1.870 1
109 4 N2 N3 134 0.150 1
110 1 N3 N3 190 0.330 1
110 2 N5 N3 99 0.190 1
110 3 N1 N3 116 0.390 1
110 4 N2 N3 133 0.300 1
111 1 N3 N3 190 0.340 1
111 2 N5 N3 98 0.750 1
111 3 N1 N3 118 0.410 1
111 4 N2 N3 132 0.860 1
112 1 N3 N3 190 0.350 1
112 2 N5 N3 97 0.350 1
112 3 N1 N3 119 0.400 1
112 4 N2 N3 130 0.340 1
113 1 N3 N3 191 0.380 1
113 2 N5 N3 96 0.800 1
113 3 N1 N3 123 0.440 1
113 4 N2 N3 129 0.880 1
114 1 N3 N3 192 0.420 1
114 2 N5 N3 96 0.810 1
114 3 N1 N3 125 0.970 1
114 4 N2 N3 128 0.370 1
115 1 N3 N3 193 0.450 1
115 2 N5 N3 95 0.790 1
115 3 N1 N3 125 2.020 1
115 4 N2 N3 128 0.380 1
116 1 N3 N3 194 0.450 1
116 2 N5 N3 94 0.450 1
116 3 N1 N3 126 0.870 1
116 4 N2 N3 127 0.430 1
117 1 N3 N3 195 0.490 1
117 2 N5 N3 93 0.390 1
117 3 N1 N3 127 0.550 1
117 4 N2 N3 127 0.460 1
118 1 N3 N3 196 0.540 1
118 2 N5 N3 92 0.920 1
118 3 N1 N3 128 0.600 1
118 4 N2 N3 126 0.510 1
119 1 N3 N3 196 0.550 1
119 2 N5 N3 92 1.970 1
119 3 N1 N3 127 0.570 1
119 4 N2 N3 124 0.570 1
120 1 N3 N3 197 0.080 1
120 2 N5 N3 90 0.430 1
120 3 N1 N3 127 0.320 1
120 4 N2 N3 124 0.530 1
121 1 N3 N3 197 0.080 1
121 2 N5 N3 90 0.460 1
121 3 N1 N3 126 0.720 1
121 4 N2 N3 123 0.030 1
122 1 N3 N3 195 0.110 1
122 2 N5 N3 89 0.460 1
122 3 N1 N3 125 0.230 1
122 4 N2 N3 122 0.040 1
123 1 N3 N3 194 0.140 1
123 2 N5 N3 89 1.510 1
123 3 N1 N3 125 1.280 1
123 4 N2 N3 120 0.060 1
124 1 N3 N3 193 0.140 1
124 2 N5 N3 88 0.450 1
124 3 N1 N3 122 0.280 1
124 4 N2 N3 120 0.090 1
125 1 N3 N3 192 0.160 1
125 2 N5 N3 88 0.440 1
125 3 N1 N3 118 0.280 1
125 4 N2 N3 117 0.080 1
126 1 N3 N3 190 0.170 1
126 2 N5 N3 86 0.510 1
126 3 N1 N3 115 0.330 1
126 4 N2 N3 116 0.620 1
127 1 N3 N3 190 0.220 1
127 2 N5 N3 83 0.520 1
127 3 N1 N3 111 0.340 1
127 4 N2 N3 114 0.140 1
128 1 N3 N3 189 0.030 1
128 2 N5 N3 81 0.030 1
128 3 N1 N3 109 0.870 1
128 4 N2 N3 114 1.190 1
129 1 N3 N3 189 0.280 1
129 2 N5 N3 80 0.050 1
129 3 N1 N3 106 0.370 1
129 4 N2 N3 113 0.680 1
130 1 N3 N3 188 0.270 1
130 2 N5 N3 80 0.610 1
130 3 N1 N3 106 0.410 1
130 4 N2 N3 113 0.200 1
131 1 N3 N3 187 0.150 1
131 2 N5 N3 80 0.110 1
131 3 N1 N3 106 0.150 1
131 4 N2 N3 113 0.140 1
132 1 N3 N3 184 0.230 1
132 2 N5 N3 80 0.150 1
132 3 N1 N3 106 1.200 1
132 4 N2 N3 113 0.230 1
133 1 N3 N3 181 0.210 1
133 2 N5 N3 80 1.200 1
133 3 N1 N3 106 2.250 1
133 4 N2 N3 113 0.200 1
134 1 N3 N3 179 0.350 1
134 2 N5 N3 81 0.180 1
134 3 N1 N3 106 0.500 1
134 4 N2 N3 114 0.280 1
135 1 N3 N3 177 0.390 1
135 2 N5 N3 82 0.200 1
135 3 N1 N3 106 0.520 1
135 4 N2 N3 115 0.270 1
136 1 N3 N3 175 0.430 1
136 2 N5 N3 83 0.210 1
136 3 N1 N3 107 0.030 1
136 4 N2 N3 116 0.820 1
137 1 N3 N3 173 0.440 1
137 2 N5 N3 84 0.730 1
137 3 N1 N3 107 0.070 1
137 4 N2 N3 118 0.340 1
138 1 N3 N3 172 0.980 1
138 2 N5 N3 84 0.730 1
138 3 N1 N3 107 1.120 1
138 4 N2 N3 119 0.850 1
139 1 N3 N3 170 0.510 1
139 2 N5 N3 86 0.220 1
139 3 N1 N3 108 0.110 1
139 4 N2 N3 119 0.380 1
140 1 N3 N3 170 0.530 1
140 2 N5 N3 86 0.750 1
140 3 N1 N3 108 0.540 1
140 4 N2 N3 120 0.930 1
141 1 N3 N3 171 1.060 1
141 2 N5 N3 87 0.770 1
141 3 N1 N3 107 0.670 1
141 4 N2 N3 120 1.990 1
142 1 N3 N3 171 0.110 1
142 2 N5 N3 88 0.110 1
142 3 N1 N3 107 1.720 1
142 4 N2 N3 121 0.110 1
143 1 N3 N3 172 0.350 1
143 2 N5 N3 89 0.340 1
143 3 N1 N3 107 2.770 1
143 4 N2 N3 123 0.350 1
144 1 N3 N3 173 0.610 1
144 2 N5 N3 90 0.750 1
144 3 N1 N3 105 0.740 1
144 4 N2 N3 124 0.520 1
145 1 N3 N3 174 0.090 1
145 2 N5 N3 91 0.100 1
145 3 N1 N3 104 0.090 1
145 4 N2 N3 124 0.100 1
146 1 N3 N3 174 0.670 1
146 2 N5 N3 92 0.430 1
146 3 N1 N3 104 1.140 1
146 4 N2 N3 125 0.040 1
147 1 N3 N3 175 0.180 1
147 2 N5 N3 92 0.430 1
147 3 N1 N3 104 0.180 1
147 4 N2 N3 125 0.060 1
148 1 N3 N3 174 0.210 1
148 2 N5 N3 93 0.450 1
148 3 N1 N3 104 1.230 1
148 4 N2 N3 125 0.100 1
149 1 N3 N3 173 0.220 1
149 2 N5 N3 93 0.970 1
149 3 N1 N3 104 0.220 1
149 4 N2 N3 125 0.120 1
150 1 N3 N3 173 0.290 1
150 2 N5 N3 93 1.010 1
150 3 N1 N3 104 0.290 1
150 4 N2 N3 124 0.650 1
151 1 N3 N3 171 0.290 1
151 2 N5 N3 93 0.490 1
151 3 N1 N3 104 0.800 1
151 4 N2 N3 123 0.160 1
152 1 N3 N3 171 0.300 1
152 2 N5 N3 93 1.000 1
152 3 N1 N3 104 0.360 1
152 4 N2 N3 122 0.670 1
153 1 N3 N3 170 0.310 1
153 2 N5 N3 93 0.000 1
153 3 N1 N3 104 0.330 1
153 4 N2 N3 121 0.170 1
154 1 N3 N3 169 0.350 1
154 2 N5 N3 94 0.010 1
154 3 N1 N3 104 0.350 1
154 4 N2 N3 120 0.150 1
155 1 N3 N3 170 0.390 1
155 2 N5 N3 94 0.020 1
155 3 N1 N3 104 0.890 1
155 4 N2 N3 120 0.210 1
156 1 N3 N3 170 0.430 1
156 2 N5 N3 94 0.570 1
156 3 N1 N3 104 1.940 1
156 4 N2 N3 120 0.250 1
157 1 N3 N3 171 0.460 1
157 2 N5 N3 95 0.080 1
157 3 N1 N3 105 0.460 1
157 4 N2 N3 119 0.780 1
158 1 N3 N3 171 0.500 1
158 2 N5 N3 97 0.100 1
158 3 N1 N3 105 1.010 1
158 4 N2 N3 120 0.820 1
159 1 N3 N3 172 0.520 1
159 2 N5 N3 98 0.100 1
159 3 N1 N3 105 2.060 1
159 4 N2 N3 120 0.350 1
160 1 N3 N3 173 0.030 1
160 2 N5 N3 99 0.640 1
160 3 N1 N3 106 0.550 1
160 4 N2 N3 120 0.350 1
161 1 N3 N3 174 0.040 1
161 2 N5 N3 99 0.200 1
161 3 N1 N3 107 0.040 1
161 4 N2 N3 120 0.360 1
162 1 N3 N3 174 0.050 1
162 2 N5 N3 100 0.230 1
162 3 N1 N3 107 0.570 1
162 4 N2 N3 121 0.890 1
163 1 N3 N3 175 0.060 1
163 2 N5 N3 100 0.770 1
163 3 N1 N3 107 0.590 1
163 4 N2 N3 121 0.450 1
164 1 N3 N3 177 0.090 1
164 2 N5 N3 100 0.840 1
164 3 N1 N3 107 0.670 1
164 4 N2 N3 122 0.540 1
165 1 N3 N3 178 0.100 1
165 2 N5 N3 101 0.350 1
165 3 N1 N3 109 0.190 1
165 4 N2 N3 123 0.580 1
166 1 N3 N3 180 0.100 1
166 2 N5 N3 101 0.350 1
166 3 N1 N3 109 0.710 1
166 4 N2 N3 123 0.070 1
167 1 N3 N3 182 0.100 1
167 2 N5 N3 101 0.380 1
167 3 N1 N3 110 0.180 1
167 4 N2 N3 123 0.080 1
168 1 N3 N3 184 0.100 1
168 2 N5 N3 101 1.430 1
168 3 N1 N3 110 1.230 1
168 4 N2 N3 124 0.610 1
169 1 N3 N3 186 0.150 1
169 2 N5 N3 101 2.480 1
169 3 N1 N3 110 0.740 1
169 4 N2 N3 124 0.150 1
170 1 N3 N3 187 0.160 1
170 2 N5 N3 101 3.530 1
170 3 N1 N3 110 0.210 1
170 4 N2 N3 124 0.160 1
171 1 N3 N3 188 0.180 1
171 2 N5 N3 102 0.410 1
171 3 N1 N3 110 0.730 1
171 4 N2 N3 125 0.160 1
172 1 N3 N3 189 0.220 1
172 2 N5 N3 103 0.430 1
172 3 N1 N3 110 0.220 1
172 4 N2 N3 126 0.190 1
173 1 N3 N3 190 0.260 1
173 2 N5 N3 103 0.990 1
173 3 N1 N3 110 1.270 1
173 4 N2 N3 126 1.240 1
174 1 N3 N3 192 0.290 1
174 2 N5 N3 104 1.010 1
174 3 N1 N3 113 0.290 1
174 4 N2 N3 126 2.280 1
175 1 N3 N3 193 0.280 1
175 2 N5 N3 107 0.020 1
175 3 N1 N3 116 0.280 1
175 4 N2 N3 128 0.750 1
176 1 N3 N3 194 0.300 1
176 2 N5 N3 108 0.040 1
176 3 N1 N3 116 1.330 1
176 4 N2 N3 130 0.770 1
177 1 N3 N3 194 0.330 1
177 2 N5 N3 109 0.050 1
177 3 N1 N3 116 2.380 1
177 4 N2 N3 131 0.260 1
178 1 N3 N3 195 0.320 1
178 2 N5 N3 110 0.110 1
178 3 N1 N3 116 0.320 1
178 4 N2 N3 131 0.300 1
179 1 N3 N3 196 0.380 1
179 2 N5 N3 112 0.150 1
179 3 N1 N3 116 1.400 1
179 4 N2 N3 131 0.880 1
180 1 N3 N3 198 0.400 1
180 2 N5 N3 113 0.170 1
180 3 N1 N3 116 0.860 1
180 4 N2 N3 132 0.860 1
181 1 N3 N3 200 0.440 1
181 2 N5 N3 116 0.180 1
181 3 N1 N3 118 0.940 1
181 4 N2 N3 135 0.390 1
182 1 N3 N3 201 0.450 1
182 2 N5 N3 119 0.190 1
182 3 N1 N3 118 1.990 1
182 4 N2 N3 137 0.430 1
183 1 N3 N3 202 0.470 1
183 2 N5 N3 121 0.200 1
183 3 N1 N3 119 1.010 1
183 4 N2 N3 138 0.960 1
184 1 N3 N3 202 0.100 1
184 2 N5 N3 121 1.250 1
184 3 N1 N3 121 0.110 1
184 4 N2 N3 140 1.010 1
185 1 N3 N3 204 0.000 1
185 2 N5 N3 123 0.720 1
185 3 N1 N3 121 1.160 1
185 4 N2 N3 144 0.520 1
186 1 N3 N3 205 0.030 1
186 2 N5 N3 124 0.750 1
186 3 N1 N3 126 0.050 1
186 4 N2 N3 146 0.050 1
187 1 N3 N3 205 0.090 1
187 2 N5 N3 125 0.180 1
187 3 N1 N3 126 1.130 1
187 4 N2 N3 147 0.180 1
188 1 N3 N3 205 0.100 1
188 2 N5 N3 126 0.280 1
188 3 N1 N3 127 0.590 1
188 4 N2 N3 147 0.640 1
189 1 N3 N3 205 0.630 1
189 2 N5 N3 127 0.790 1
189 3 N1 N3 130 0.610 1
189 4 N2 N3 148 0.630 1
190 1 N3 N3 204 0.150 1
190 2 N5 N3 130 0.150 1
190 3 N1 N3 131 0.710 1
190 4 N2 N3 150 0.110 1
191 1 N3 N3 204 0.180 1
191 2 N5 N3 130 0.320 1
191 3 N1 N3 132 0.170 1
191 4 N2 N3 150 1.160 1
192 1 N3 N3 204 0.200 1
192 2 N5 N3 131 0.350 1
192 3 N1 N3 133 0.180 1
192 4 N2 N3 151 0.220 1
193 1 N3 N3 203 0.220 1
193 2 N5 N3 132 0.880 1
193 3 N1 N3 136 0.230 1
193 4 N2 N3 151 0.250 1
194 1 N3 N3 203 0.010 1
194 2 N5 N3 132 0.010 1
194 3 N1 N3 139 0.030 1
194 4 N2 N3 151 0.010 1
195 1 N3 N3 203 0.260 1
195 2 N5 N3 131 0.410 1
195 3 N1 N3 140 0.230 1
195 4 N2 N3 149 0.280 1
196 1 N3 N3 201 0.260 1
196 2 N5 N3 131 1.460 1
196 3 N1 N3 143 0.240 1
196 4 N2 N3 147 0.820 1
197 1 N3 N3 200 0.310 1
197 2 N5 N3 130 0.430 1
197 3 N1 N3 145 0.280 1
197 4 N2 N3 145 0.320 1
198 1 N3 N3 199 0.350 1
198 2 N5 N3 128 0.980 1
198 3 N1 N3 145 0.330 1
198 4 N2 N3 142 0.380 1
199 1 N3 N3 198 0.410 1
199 2 N5 N3 127 0.490 1
199 3 N1 N3 146 0.860 1
199 4 N2 N3 140 0.390 1
200 1 N3 N3 196 0.440 1
200 2 N5 N3 124 0.500 1
200 3 N1 N3 145 0.620 1
200 4 N2 N3 139 0.620 1
201 1 N3 N3 195 0.460 1
201 2 N5 N3 122 0.000 1
201 3 N1 N3 146 0.420 1
201 4 N2 N3 138 0.420 1
202 1 N3 N3 193 0.480 1
202 2 N5 N3 121 0.550 1
202 3 N1 N3 146 0.960 1
202 4 N2 N3 135 0.450 1
203 1 N3 N3 192 0.280 1
203 2 N5 N3 119 0.290 1
203 3 N1 N3 145 0.280 1
203 4 N2 N3 132 0.280 1
204 1 N3 N3 190 0.510 1
204 2 N5 N3 115 0.520 1
204 3 N1 N3 143 0.510 1
204 4 N2 N3 131 0.580 1
205 1 N3 N3 186 0.030 1
205 2 N5 N3 113 0.890 1
205 3 N1 N3 141 0.070 1
205 4 N2 N3 129 0.890 1
206 1 N3 N3 183 0.070 1
206 2 N5 N3 113 1.940 1
206 3 N1 N3 139 0.610 1
206 4 N2 N3 123 0.000 1
207 1 N3 N3 181 0.070 1
207 2 N5 N3 113 2.990 1
207 3 N1 N3 134 0.150 1
207 4 N2 N3 118 0.000 1
208 1 N3 N3 179 0.120 1
208 2 N5 N3 113 4.040 1
208 3 N1 N3 130 0.150 1
208 4 N2 N3 117 0.530 1
209 1 N3 N3 177 0.670 1
209 2 N5 N3 113 5.080 1
209 3 N1 N3 127 0.710 1
209 4 N2 N3 115 0.550 1
210 1 N3 N3 172 0.220 1
210 2 N5 N3 107 0.220 1
210 3 N1 N3 123 0.200 1
210 4 N2 N3 112 0.060 1
211 1 N3 N3 169 0.270 1
211 2 N5 N3 103 0.270 1
211 3 N1 N3 121 0.260 1
211 4 N2 N3 110 0.090 1
212 1 N3 N3 167 0.310 1
212 2 N5 N3 101 0.830 1
212 3 N1 N3 117 0.300 1
212 4 N2 N3 108 0.130 1
213 1 N3 N3 166 0.340 1
213 2 N5 N3 99 0.340 1
213 3 N1 N3 113 0.300 1
213 4 N2 N3 106 0.130 1
214 1 N3 N3 165 0.010 1
214 2 N5 N3 99 1.400 1
214 3 N1 N3 112 0.870 1
214 4 N2 N3 103 0.010 1
215 1 N3 N3 166 0.390 1
215 2 N5 N3 99 2.440 1
215 3 N1 N3 111 0.390 1
215 4 N2 N3 100 0.250 1
216 1 N3 N3 165 0.230 1
216 2 N5 N3 98 0.830 1
216 3 N1 N3 111 1.440 1
216 4 N2 N3 100 0.220 1
217 1 N3 N3 165 0.440 1
217 2 N5 N3 94 0.440 1
217 3 N1 N3 110 0.420 1
217 4 N2 N3 99 0.280 1
218 1 N3 N3 166 0.460 1
218 2 N5 N3 92 0.890 1
218 3 N1 N3 109 0.450 1
218 4 N2 N3 98 0.290 1
219 1 N3 N3 167 0.500 1
219 2 N5 N3 92 1.940 1
219 3 N1 N3 108 0.460 1
219 4 N2 N3 96 0.240 1
220 1 N3 N3 167 1.020 1
220 2 N5 N3 92 2.990 1
220 3 N1 N3 108 1.510 1
220 4 N2 N3 95 0.760 1
221 1 N3 N3 168 0.970 1
221 2 N5 N3 87 0.970 1
221 3 N1 N3 107 0.970 1
221 4 N2 N3 94 0.780 1
222 1 N3 N3 169 0.040 1
222 2 N5 N3 87 2.050 1
222 3 N1 N3 104 0.050 1
222 4 N2 N3 94 1.860 1
223 1 N3 N3 169 0.590 1
223 2 N5 N3 86 0.590 1
223 3 N1 N3 104 0.600 1
223 4 N2 N3 93 0.420 1
224 1 N3 N3 169 0.110 1
224 2 N5 N3 84 0.610 1
224 3 N1 N3 102 0.120 1
224 4 N2 N3 93 1.470 1
225 1 N3 N3 169 0.100 1
225 2 N5 N3 84 1.660 1
225 3 N1 N3 99 0.140 1
225 4 N2 N3 92 0.480 1
226 1 N3 N3 169 0.630 1
226 2 N5 N3 83 0.630 1
226 3 N1 N3 98 0.690 1
226 4 N2 N3 92 1.010 1
227 1 N3 N3 169 0.640 1
227 2 N5 N3 82 0.640 1
227 3 N1 N3 93 0.230 1
227 4 N2 N3 92 0.500 1
228 1 N3 N3 170 0.670 1
228 2 N5 N3 82 0.670 1
228 3 N1 N3 91 0.750 1
228 4 N2 N3 92 0.500 1
229 1 N3 N3 171 0.170 1
229 2 N5 N3 82 0.170 1
229 3 N1 N3 88 0.300 1
229 4 N2 N3 92 0.500 1
230 1 N3 N3 171 0.690 1
230 2 N5 N3 82 0.690 1
230 3 N1 N3 87 0.820 1
230 4 N2 N3 93 0.480 1
231 1 N3 N3 171 0.180 1
231 2 N5 N3 82 0.750 1
231 3 N1 N3 85 0.750 1
231 4 N2 N3 94 0.470 1
232 1 N3 N3 172 0.200 1
232 2 N5 N3 81 0.220 1
232 3 N1 N3 84 0.220 1
232 4 N2 N3 95 0.500 1
233 1 N3 N3 172 0.230 1
233 2 N5 N3 81 0.240 1
233 3 N1 N3 83 0.240 1
233 4 N2 N3 95 0.510 1
234 1 N3 N3 172 0.270 1
234 2 N5 N3 82 0.270 1
234 3 N1 N3 82 0.790 1
234 4 N2 N3 95 0.550 1
235 1 N3 N3 172 0.300 1
235 2 N5 N3 81 0.300 1
235 3 N1 N3 82 0.300 1
235 4 N2 N3 95 0.040 1
236 1 N3 N3 173 0.310 1
236 2 N5 N3 81 0.310 1
236 3 N1 N3 82 0.310 1
236 4 N2 N3 96 0.080 1
237 1 N3 N3 175 0.320 1
237 2 N5 N3 81 0.320 1
237 3 N1 N3 82 0.830 1
237 4 N2 N3 96 0.100 1
238 1 N3 N3 177 0.340 1
238 2 N5 N3 81 1.380 1
238 3 N1 N3 84 0.350 1
238 4 N2 N3 96 0.160 1
239 1 N3 N3 179 0.400 1
239 2 N5 N3 83 0.400 1
239 3 N1 N3 85 0.900 1
239 4 N2 N3 97 0.150 1
240 1 N3 N3 181 0.390 1
240 2 N5 N3 84 0.390 1
240 3 N1 N3 88 0.430 1
240 4 N2 N3 98 0.160 1
241 1 N3 N3 184 0.410 1
241 2 N5 N3 86 0.410 1
241 3 N1 N3 90 0.440 1
241 4 N2 N3 100 0.190 1
242 1 N3 N3 188 0.410 1
242 2 N5 N3 89 0.440 1
242 3 N1 N3 93 0.440 1
242 4 N2 N3 102 0.740 1
243 1 N3 N3 191 0.440 1
243 2 N5 N3 92 0.450 1
243 3 N1 N3 96 0.450 1
243 4 N2 N3 103 0.790 1
244 1 N3 N3 194 0.480 1
244 2 N5 N3 93 0.480 1
244 3 N1 N3 98 0.010 1
244 4 N2 N3 106 0.310 1
245 1 N3 N3 194 0.470 1
245 2 N5 N3 93 1.520 1
245 3 N1 N3 98 1.050 1
245 4 N2 N3 107 0.850 1
246 1 N3 N3 194 0.510 1
246 2 N5 N3 94 1.000 1
246 3 N1 N3 98 0.580 1
246 4 N2 N3 107 1.900 1
247 1 N3 N3 194 0.520 1
247 2 N5 N3 96 0.520 1
247 3 N1 N3 99 0.080 1
247 4 N2 N3 111 0.430 1
248 1 N3 N3 193 0.030 1
248 2 N5 N3 98 0.540 1
248 3 N1 N3 99 0.610 1
248 4 N2 N3 112 0.470 1
249 1 N3 N3 192 0.030 1
249 2 N5 N3 99 0.030 1
249 3 N1 N3 100 0.460 1
249 4 N2 N3 116 0.530 1
250 1 N3 N3 190 0.030 1
250 2 N5 N3 100 0.030 1
250 3 N1 N3 101 0.550 1
250 4 N2 N3 119 0.050 1
251 1 N3 N3 188 0.050 1
251 2 N5 N3 101 0.570 1
251 3 N1 N3 100 0.640 1
251 4 N2 N3 121 0.080 1
252 1 N3 N3 187 0.080 1
252 2 N5 N3 101 0.590 1
252 3 N1 N3 98 0.160 1
252 4 N2 N3 122 0.610 1
253 1 N3 N3 186 0.110 1
253 2 N5 N3 102 0.190 1
253 3 N1 N3 97 0.190 1
253 4 N2 N3 123 0.170 1
254 1 N3 N3 186 0.160 1
254 2 N5 N3 102 0.730 1
254 3 N1 N3 96 0.730 1
254 4 N2 N3 123 0.160 1
255 1 N3 N3 185 0.200 1
255 2 N5 N3 101 0.200 1
255 3 N1 N3 93 0.310 1
255 4 N2 N3 123 0.190 1
256 1 N3 N3 185 0.230 1
256 2 N5 N3 100 0.230 1
256 3 N1 N3 91 0.290 1
256 4 N2 N3 123 0.220 1
257 1 N3 N3 185 0.240 1
257 2 N5 N3 100 0.240 1
257 3 N1 N3 90 0.850 1
257 4 N2 N3 123 0.740 1
258 1 N3 N3 185 0.230 1
258 2 N5 N3 99 0.230 1
258 3 N1 N3 89 0.350 1
258 4 N2 N3 122 0.220 1
259 1 N3 N3 185 0.250 1
259 2 N5 N3 99 0.250 1
259 3 N1 N3 89 1.400 1
259 4 N2 N3 120 0.260 1
260 1 N3 N3 185 0.280 1
260 2 N5 N3 100 0.280 1
260 3 N1 N3 87 0.950 1
260 4 N2 N3 120 0.290 1
261 1 N3 N3 187 0.300 1
261 2 N5 N3 100 1.320 1
261 3 N1 N3 86 0.440 1
261 4 N2 N3 120 0.310 1
262 1 N3 N3 188 0.320 1
262 2 N5 N3 99 0.320 1
262 3 N1 N3 85 0.450 1
262 4 N2 N3 120 0.880 1
263 1 N3 N3 190 0.300 1
263 2 N5 N3 100 0.300 1
263 3 N1 N3 84 0.990 1
263 4 N2 N3 122 0.370 1
264 1 N3 N3 191 0.320 1
264 2 N5 N3 100 0.400 1
264 3 N1 N3 85 0.400 1
264 4 N2 N3 124 0.380 1
265 1 N3 N3 192 0.360 1
265 2 N5 N3 100 1.480 1
265 3 N1 N3 85 0.550 1
265 4 N2 N3 126 0.420 1
266 1 N3 N3 193 0.370 1
266 2 N5 N3 100 2.530 1
266 3 N1 N3 85 1.600 1
266 4 N2 N3 129 0.440 1
267 1 N3 N3 195 0.400 1
267 2 N5 N3 101 0.930 1
267 3 N1 N3 86 0.540 1
267 4 N2 N3 130 0.450 1
268 1 N3 N3 196 0.440 1
268 2 N5 N3 102 0.560 1
268 3 N1 N3 87 0.560 1
268 4 N2 N3 132 0.970 1
269 1 N3 N3 196 0.990 1
269 2 N5 N3 103 0.510 1
269 3 N1 N3 88 0.630 1
269 4 N2 N3 134 0.490 1
270 1 N3 N3 196 0.460 1
270 2 N5 N3 105 0.490 1
270 3 N1 N3 89 0.610 1
270 4 N2 N3 135 0.000 1
271 1 N3 N3 196 0.500 1
271 2 N5 N3 107 0.000 1
271 3 N1 N3 90 0.170 1
271 4 N2 N3 136 0.060 1
272 1 N3 N3 196 0.000 1
272 2 N5 N3 109 0.550 1
272 3 N1 N3 92 0.170 1
272 4 N2 N3 136 0.600 1
273 1 N3 N3 195 0.020 1
273 2 N5 N3 110 0.560 1
273 3 N1 N3 92 1.220 1
273 4 N2 N3 137 0.110 1
274 1 N3 N3 194 0.060 1
274 2 N5 N3 111 0.070 1
274 3 N1 N3 92 0.720 1
274 4 N2 N3 137 0.660 1
275 1 N3 N3 193 0.090 1
275 2 N5 N3 113 0.100 1
275 3 N1 N3 93 0.610 1
275 4 N2 N3 137 0.700 1
276 1 N3 N3 191 0.100 1
276 2 N5 N3 113 0.120 1
276 3 N1 N3 94 0.260 1
276 4 N2 N3 138 0.740 1
277 1 N3 N3 191 0.090 1
277 2 N5 N3 114 0.120 1
277 3 N1 N3 94 0.260 1
277 4 N2 N3 138 0.760 1
278 1 N3 N3 190 0.110 1
278 2 N5 N3 114 0.660 1
278 3 N1 N3 94 1.310 1
278 4 N2 N3 138 0.760 1
279 1 N3 N3 190 0.630 1
279 2 N5 N3 115 0.190 1
279 3 N1 N3 94 2.360 1
279 4 N2 N3 137 0.310 1
280 1 N3 N3 190 0.150 1
280 2 N5 N3 114 0.220 1
280 3 N1 N3 95 0.220 1
280 4 N2 N3 136 0.350 1
281 1 N3 N3 190 0.180 1
281 2 N5 N3 112 0.220 1
281 3 N1 N3 95 0.350 1
281 4 N2 N3 135 0.350 1
282 1 N3 N3 191 0.190 1
282 2 N5 N3 111 0.250 1
282 3 N1 N3 97 0.360 1
282 4 N2 N3 134 0.350 1
283 1 N3 N3 192 0.210 1
283 2 N5 N3 110 0.360 1
283 3 N1 N3 98 0.360 1
283 4 N2 N3 134 0.890 1
284 1 N3 N3 193 0.210 1
284 2 N5 N3 110 1.410 1
284 3 N1 N3 99 0.880 1
284 4 N2 N3 133 0.400 1
285 1 N3 N3 194 0.230 1
285 2 N5 N3 109 0.320 1
285 3 N1 N3 100 0.430 1
285 4 N2 N3 132 0.940 1
286 1 N3 N3 195 0.270 1
286 2 N5 N3 109 1.370 1
286 3 N1 N3 100 1.480 1
286 4 N2 N3 130 0.480 1
287 1 N3 N3 195 0.330 1
287 2 N5 N3 108 0.330 1
287 3 N1 N3 101 0.400 1
287 4 N2 N3 129 0.480 1
288 1 N3 N3 195 0.360 1
288 2 N5 N3 107 0.360 1
288 3 N1 N3 102 0.520 1
288 4 N2 N3 129 0.520 1
289 1 N3 N3 194 0.360 1
289 2 N5 N3 106 0.360 1
289 3 N1 N3 103 0.560 1
289 4 N2 N3 128 0.020 1
290 1 N3 N3 192 0.370 1
290 2 N5 N3 106 0.380 1
290 3 N1 N3 104 0.090 1
290 4 N2 N3 128 0.530 1
291 1 N3 N3 190 0.360 1
291 2 N5 N3 106 1.420 1
291 3 N1 N3 104 0.620 1
291 4 N2 N3 128 0.050 1
292 1 N3 N3 188 0.370 1
292 2 N5 N3 105 0.370 1
292 3 N1 N3 104 1.670 1
292 4 N2 N3 127 0.600 1
293 1 N3 N3 185 0.380 1
293 2 N5 N3 104 0.890 1
293 3 N1 N3 104 2.720 1
293 4 N2 N3 127 1.650 1
294 1 N3 N3 183 0.400 1
294 2 N5 N3 104 1.940 1
294 3 N1 N3 104 3.770 1
294 4 N2 N3 127 2.700 1
295 1 N3 N3 179 0.420 1
295 2 N5 N3 104 2.990 1
295 3 N1 N3 104 4.820 1
295 4 N2 N3 127 3.750 1
296 1 N3 N3 175 0.440 1
296 2 N5 N3 103 0.480 1
296 3 N1 N3 104 0.810 1
296 4 N2 N3 125 0.200 1
297 1 N3 N3 170 0.000 1
297 2 N5 N3 100 0.490 1
297 3 N1 N3 103 0.320 1
297 4 N2 N3 124 0.750 1
298 1 N3 N3 167 0.030 1
298 2 N5 N3 98 0.030 1
298 3 N1 N3 101 0.350 1
298 4 N2 N3 123 0.770 1
299 1 N3 N3 165 0.060 1
299 2 N5 N3 95 0.060 1
299 3 N1 N3 101 0.410 1
299 4 N2 N3 123 0.320 1
300 1 N3 N3 163 0.070 1
300 2 N5 N3 94 0.070 1
300 3 N1 N3 100 0.460 1
300 4 N2 N3 122 0.330 1
