PING n3 (00:00:0d:18:08:03) 116(144) bytes of data
116 bytes from n3 icmp_seq=1 ttl=50 time=9.21 ms
RR: 	n2
	n3
	n3
	n2

116 bytes from n3 icmp_seq=2 ttl=50 time=1.31 ms	(same route)
116 bytes from n3 icmp_seq=3 ttl=50 time=1.30 ms	(same route)
116 bytes from n3 icmp_seq=4 ttl=50 time=1.32 ms	(same route)
116 bytes from n3 icmp_seq=5 ttl=50 time=1.33 ms	(same route)
116 bytes from n3 icmp_seq=6 ttl=50 time=11.27 ms	(same route)
116 bytes from n3 icmp_seq=7 ttl=50 time=1.21 ms	(same route)
116 bytes from n3 icmp_seq=8 ttl=50 time=1.25 ms	(same route)
116 bytes from n3 icmp_seq=9 ttl=50 time=1.26 ms	(same route)
116 bytes from n3 icmp_seq=10 ttl=50 time=1.25 ms	(same route)
116 bytes from n3 icmp_seq=11 ttl=50 time=1.27 ms	(same route)
116 bytes from n3 icmp_seq=12 ttl=50 time=5.92 ms	(same route)
116 bytes from n3 icmp_seq=13 ttl=50 time=1.19 ms	(same route)
116 bytes from n3 icmp_seq=14 ttl=50 time=4.49 ms	(same route)
116 bytes from n3 icmp_seq=15 ttl=50 time=1.28 ms	(same route)
116 bytes from n3 icmp_seq=16 ttl=50 time=1.47 ms	(same route)
116 bytes from n3 icmp_seq=17 ttl=50 time=3.25 ms	(same route)
116 bytes from n3 icmp_seq=18 ttl=50 time=3.23 ms	(same route)
116 bytes from n3 icmp_seq=19 ttl=50 time=1.16 ms	(same route)
116 bytes from n3 icmp_seq=20 ttl=50 time=1.19 ms	(same route)
116 bytes from n3 icmp_seq=21 ttl=50 time=1.17 ms	(same route)
116 bytes from n3 icmp_seq=22 ttl=50 time=3.69 ms	(same route)
116 bytes from n3 icmp_seq=23 ttl=50 time=1.31 ms	(same route)
116 bytes from n3 icmp_seq=24 ttl=50 time=1.38 ms	(same route)
116 bytes from n3 icmp_seq=25 ttl=50 time=1.18 ms	(same route)
116 bytes from n3 icmp_seq=26 ttl=50 time=1.19 ms	(same route)
116 bytes from n3 icmp_seq=27 ttl=50 time=3.09 ms	(same route)
116 bytes from n3 icmp_seq=28 ttl=50 time=1.85 ms	(same route)
116 bytes from n3 icmp_seq=29 ttl=50 time=1.89 ms	(same route)
116 bytes from n3 icmp_seq=30 ttl=50 time=5.02 ms	(same route)
116 bytes from n3 icmp_seq=31 ttl=50 time=10.67 ms	(same route)
116 bytes from n3 icmp_seq=32 ttl=50 time=2.01 ms	(same route)
116 bytes from n3 icmp_seq=33 ttl=50 time=2.38 ms	(same route)
116 bytes from n3 icmp_seq=34 ttl=50 time=6.16 ms	(same route)
116 bytes from n3 icmp_seq=35 ttl=50 time=9.29 ms	(same route)
116 bytes from n3 icmp_seq=36 ttl=50 time=4.30 ms	(same route)
116 bytes from n3 icmp_seq=37 ttl=50 time=15.07 ms	(same route)
116 bytes from n3 icmp_seq=38 ttl=50 time=10.17 ms	(same route)
116 bytes from n3 icmp_seq=39 ttl=50 time=2.48 ms	(same route)
116 bytes from n3 icmp_seq=40 ttl=50 time=6.19 ms	(same route)
116 bytes from n3 icmp_seq=41 ttl=50 time=1.12 ms	(same route)
116 bytes from n3 icmp_seq=42 ttl=50 time=2.03 ms	(same route)
116 bytes from n3 icmp_seq=43 ttl=50 time=3.53 ms	(same route)
116 bytes from n3 icmp_seq=44 ttl=50 time=3.54 ms	(same route)
116 bytes from n3 icmp_seq=45 ttl=50 time=11.58 ms	(same route)
116 bytes from n3 icmp_seq=46 ttl=50 time=33.83 ms	(same route)
116 bytes from n3 icmp_seq=47 ttl=50 time=3.70 ms	(same route)
116 bytes from n3 icmp_seq=48 ttl=50 time=4.07 ms	(same route)
116 bytes from n3 icmp_seq=49 ttl=50 time=7.21 ms	(same route)
116 bytes from n3 icmp_seq=50 ttl=50 time=2.43 ms	(same route)
116 bytes from n3 icmp_seq=51 ttl=50 time=1.35 ms	(same route)
116 bytes from n3 icmp_seq=52 ttl=50 time=2.18 ms	(same route)
116 bytes from n3 icmp_seq=53 ttl=50 time=6.04 ms	(same route)
116 bytes from n3 icmp_seq=54 ttl=50 time=2.19 ms	(same route)
116 bytes from n3 icmp_seq=55 ttl=50 time=1.06 ms	(same route)
116 bytes from n3 icmp_seq=56 ttl=50 time=2.98 ms	(same route)
116 bytes from n3 icmp_seq=57 ttl=50 time=8.65 ms	(same route)
116 bytes from n3 icmp_seq=58 ttl=50 time=1.22 ms	(same route)
116 bytes from n3 icmp_seq=59 ttl=50 time=3.51 ms	(same route)
116 bytes from n3 icmp_seq=60 ttl=50 time=4.44 ms	(same route)
116 bytes from n3 icmp_seq=61 ttl=50 time=2.40 ms	(same route)
116 bytes from n3 icmp_seq=62 ttl=50 time=2.41 ms	(same route)
116 bytes from n3 icmp_seq=63 ttl=50 time=11.80 ms	(same route)
116 bytes from n3 icmp_seq=64 ttl=50 time=6.93 ms	(same route)
116 bytes from n3 icmp_seq=65 ttl=50 time=31.88 ms	(same route)
116 bytes from n3 icmp_seq=66 ttl=50 time=114.94 ms	(same route)
116 bytes from n3 icmp_seq=67 ttl=50 time=27.50 ms	(same route)
116 bytes from n3 icmp_seq=68 ttl=50 time=3.28 ms	(same route)
116 bytes from n3 icmp_seq=69 ttl=50 time=15.75 ms	(same route)
116 bytes from n3 icmp_seq=70 ttl=50 time=7.50 ms	(same route)
116 bytes from n3 icmp_seq=71 ttl=50 time=1.21 ms	(same route)
116 bytes from n3 icmp_seq=72 ttl=50 time=1.09 ms	(same route)
116 bytes from n3 icmp_seq=73 ttl=50 time=4.94 ms	(same route)
116 bytes from n3 icmp_seq=74 ttl=50 time=74.30 ms	(same route)
116 bytes from n3 icmp_seq=75 ttl=50 time=3.96 ms	(same route)
116 bytes from n3 icmp_seq=76 ttl=50 time=1.23 ms	(same route)
116 bytes from n3 icmp_seq=77 ttl=50 time=3.13 ms	(same route)
116 bytes from n3 icmp_seq=78 ttl=50 time=1.17 ms	(same route)
116 bytes from n3 icmp_seq=79 ttl=50 time=1.97 ms	(same route)
116 bytes from n3 icmp_seq=80 ttl=50 time=3.64 ms	(same route)
116 bytes from n3 icmp_seq=81 ttl=50 time=1.16 ms	(same route)
116 bytes from n3 icmp_seq=82 ttl=50 time=10.19 ms	(same route)
116 bytes from n3 icmp_seq=83 ttl=50 time=3.74 ms	(same route)
116 bytes from n3 icmp_seq=84 ttl=50 time=3.52 ms	(same route)
116 bytes from n3 icmp_seq=85 ttl=50 time=1.20 ms	(same route)
116 bytes from n3 icmp_seq=86 ttl=50 time=2.04 ms	(same route)
116 bytes from n3 icmp_seq=87 ttl=50 time=1.45 ms	(same route)
116 bytes from n3 icmp_seq=88 ttl=50 time=19.16 ms	(same route)
116 bytes from n3 icmp_seq=89 ttl=50 time=8.34 ms	(same route)
116 bytes from n3 icmp_seq=90 ttl=50 time=1.10 ms	(same route)
116 bytes from n3 icmp_seq=91 ttl=50 time=1.33 ms	(same route)
116 bytes from n3 icmp_seq=92 ttl=50 time=1.29 ms	(same route)
116 bytes from n3 icmp_seq=93 ttl=50 time=1.43 ms	(same route)
116 bytes from n3 icmp_seq=94 ttl=50 time=1.20 ms	(same route)
116 bytes from n3 icmp_seq=95 ttl=50 time=2.61 ms	(same route)
116 bytes from n3 icmp_seq=96 ttl=50 time=1.14 ms	(same route)
116 bytes from n3 icmp_seq=97 ttl=50 time=0.08 ms	(same route)
116 bytes from n3 icmp_seq=98 ttl=50 time=1.57 ms	(same route)
116 bytes from n3 icmp_seq=99 ttl=49 time=1.80 ms
RR: 	n2
	n3
	n3
	n1
	n2

116 bytes from n3 icmp_seq=100 ttl=50 time=10.93 ms
RR: 	n2
	n3
	n3
	n2

116 bytes from n3 icmp_seq=101 ttl=50 time=1.28 ms	(same route)
116 bytes from n3 icmp_seq=102 ttl=49 time=3.88 ms
RR: 	n2
	n3
	n3
	n1
	n2

116 bytes from n3 icmp_seq=103 ttl=49 time=5.11 ms	(same route)
116 bytes from n3 icmp_seq=104 ttl=49 time=219.05 ms	(same route)
116 bytes from n3 icmp_seq=105 ttl=49 time=4.70 ms	(same route)
116 bytes from n3 icmp_seq=106 ttl=49 time=218.55 ms	(same route)
116 bytes from n3 icmp_seq=107 ttl=49 time=182.20 ms	(same route)
116 bytes from n3 icmp_seq=108 ttl=49 time=286.36 ms	(same route)
116 bytes from n3 icmp_seq=109 ttl=50 time=1.11 ms
RR: 	n2
	n3
	n3
	n2

116 bytes from n3 icmp_seq=110 ttl=50 time=5.32 ms	(same route)
116 bytes from n3 icmp_seq=111 ttl=50 time=6.72 ms	(same route)
116 bytes from n3 icmp_seq=112 ttl=50 time=1.17 ms	(same route)
116 bytes from n3 icmp_seq=113 ttl=50 time=1.19 ms	(same route)
116 bytes from n3 icmp_seq=114 ttl=50 time=8.17 ms	(same route)
116 bytes from n3 icmp_seq=115 ttl=50 time=90.47 ms	(same route)
116 bytes from n3 icmp_seq=116 ttl=50 time=20.59 ms	(same route)
116 bytes from n3 icmp_seq=117 ttl=50 time=2.44 ms	(same route)
116 bytes from n3 icmp_seq=118 ttl=50 time=175.64 ms	(same route)
116 bytes from n3 icmp_seq=119 ttl=50 time=271.29 ms	(same route)
116 bytes from n3 icmp_seq=120 ttl=50 time=496.95 ms	(same route)
116 bytes from n3 icmp_seq=121 ttl=50 time=340.45 ms	(same route)
116 bytes from n3 icmp_seq=122 ttl=50 time=339.57 ms	(same route)
116 bytes from n3 icmp_seq=123 ttl=50 time=279.88 ms	(same route)
116 bytes from n3 icmp_seq=124 ttl=50 time=306.38 ms	(same route)
116 bytes from n3 icmp_seq=125 ttl=50 time=1.09 ms	(same route)
116 bytes from n3 icmp_seq=126 ttl=50 time=138.58 ms	(same route)
116 bytes from n3 icmp_seq=127 ttl=50 time=183.85 ms	(same route)
116 bytes from n3 icmp_seq=128 ttl=50 time=136.16 ms	(same route)
116 bytes from n3 icmp_seq=129 ttl=50 time=293.94 ms	(same route)
116 bytes from n3 icmp_seq=130 ttl=50 time=66.14 ms	(same route)
116 bytes from n3 icmp_seq=131 ttl=50 time=252.61 ms	(same route)
116 bytes from n3 icmp_seq=132 ttl=50 time=494.16 ms	(same route)
116 bytes from n3 icmp_seq=133 ttl=50 time=263.19 ms	(same route)
116 bytes from n3 icmp_seq=134 ttl=50 time=123.62 ms	(same route)
116 bytes from n3 icmp_seq=135 ttl=50 time=44.02 ms	(same route)
116 bytes from n3 icmp_seq=136 ttl=50 time=297.31 ms	(same route)
116 bytes from n3 icmp_seq=137 ttl=50 time=365.34 ms	(same route)
116 bytes from n3 icmp_seq=138 ttl=50 time=15.61 ms	(same route)
116 bytes from n3 icmp_seq=139 ttl=50 time=235.55 ms	(same route)
116 bytes from n3 icmp_seq=140 ttl=50 time=294.40 ms	(same route)
116 bytes from n3 icmp_seq=141 ttl=50 time=57.12 ms	(same route)
116 bytes from n3 icmp_seq=142 ttl=50 time=351.25 ms	(same route)
116 bytes from n3 icmp_seq=143 ttl=50 time=801.68 ms	(same route)
116 bytes from n3 icmp_seq=144 ttl=50 time=109.18 ms	(same route)
116 bytes from n3 icmp_seq=145 ttl=50 time=180.38 ms	(same route)
116 bytes from n3 icmp_seq=146 ttl=50 time=298.63 ms	(same route)
116 bytes from n3 icmp_seq=147 ttl=50 time=29.05 ms	(same route)
116 bytes from n3 icmp_seq=148 ttl=50 time=68.36 ms	(same route)
116 bytes from n3 icmp_seq=149 ttl=50 time=10.41 ms	(same route)
116 bytes from n3 icmp_seq=150 ttl=50 time=8.45 ms	(same route)
116 bytes from n3 icmp_seq=151 ttl=50 time=4.15 ms	(same route)
116 bytes from n3 icmp_seq=152 ttl=50 time=6.42 ms	(same route)
116 bytes from n3 icmp_seq=153 ttl=50 time=1.85 ms	(same route)
116 bytes from n3 icmp_seq=154 ttl=50 time=1.99 ms	(same route)
116 bytes from n3 icmp_seq=155 ttl=50 time=1.09 ms	(same route)
116 bytes from n3 icmp_seq=156 ttl=50 time=48.76 ms	(same route)
116 bytes from n3 icmp_seq=157 ttl=50 time=7.43 ms	(same route)
116 bytes from n3 icmp_seq=158 ttl=50 time=5.82 ms	(same route)
116 bytes from n3 icmp_seq=159 ttl=50 time=3.77 ms	(same route)
116 bytes from n3 icmp_seq=160 ttl=50 time=13.33 ms	(same route)
116 bytes from n3 icmp_seq=161 ttl=50 time=2.46 ms	(same route)
116 bytes from n3 icmp_seq=162 ttl=50 time=3.40 ms	(same route)
116 bytes from n3 icmp_seq=163 ttl=50 time=1.15 ms	(same route)
116 bytes from n3 icmp_seq=164 ttl=50 time=1.66 ms	(same route)
116 bytes from n3 icmp_seq=165 ttl=50 time=4.50 ms	(same route)
116 bytes from n3 icmp_seq=166 ttl=50 time=3.67 ms	(same route)
116 bytes from n3 icmp_seq=167 ttl=50 time=3.84 ms	(same route)
116 bytes from n3 icmp_seq=168 ttl=50 time=8.25 ms	(same route)
116 bytes from n3 icmp_seq=169 ttl=50 time=5.56 ms	(same route)
116 bytes from n3 icmp_seq=170 ttl=50 time=4.51 ms	(same route)
116 bytes from n3 icmp_seq=171 ttl=50 time=4.01 ms	(same route)
116 bytes from n3 icmp_seq=172 ttl=50 time=8.21 ms	(same route)
116 bytes from n3 icmp_seq=173 ttl=50 time=2.03 ms	(same route)
116 bytes from n3 icmp_seq=174 ttl=50 time=13.92 ms	(same route)
116 bytes from n3 icmp_seq=175 ttl=50 time=0.06 ms	(same route)
116 bytes from n3 icmp_seq=176 ttl=50 time=35.63 ms	(same route)
116 bytes from n3 icmp_seq=177 ttl=50 time=1.17 ms	(same route)
116 bytes from n3 icmp_seq=178 ttl=50 time=11.90 ms	(same route)
116 bytes from n3 icmp_seq=179 ttl=50 time=2.98 ms	(same route)
116 bytes from n3 icmp_seq=180 ttl=50 time=1.20 ms	(same route)
116 bytes from n3 icmp_seq=181 ttl=50 time=1.95 ms	(same route)
116 bytes from n3 icmp_seq=182 ttl=50 time=11.34 ms	(same route)
116 bytes from n3 icmp_seq=183 ttl=50 time=2.18 ms	(same route)
116 bytes from n3 icmp_seq=184 ttl=50 time=6.15 ms	(same route)
116 bytes from n3 icmp_seq=185 ttl=50 time=3.73 ms	(same route)
116 bytes from n3 icmp_seq=186 ttl=50 time=1.52 ms	(same route)
116 bytes from n3 icmp_seq=187 ttl=50 time=9.63 ms	(same route)
116 bytes from n3 icmp_seq=188 ttl=50 time=1.78 ms	(same route)
116 bytes from n3 icmp_seq=189 ttl=50 time=1.13 ms	(same route)
116 bytes from n3 icmp_seq=190 ttl=50 time=1.16 ms	(same route)
116 bytes from n3 icmp_seq=191 ttl=50 time=1.20 ms	(same route)
116 bytes from n3 icmp_seq=192 ttl=50 time=2.82 ms	(same route)
116 bytes from n3 icmp_seq=193 ttl=50 time=0.83 ms	(same route)
116 bytes from n3 icmp_seq=194 ttl=50 time=191.20 ms	(same route)
116 bytes from n3 icmp_seq=195 ttl=50 time=21.60 ms	(same route)
116 bytes from n3 icmp_seq=196 ttl=50 time=53.21 ms	(same route)
116 bytes from n3 icmp_seq=197 ttl=50 time=2.63 ms	(same route)
116 bytes from n3 icmp_seq=198 ttl=50 time=116.95 ms	(same route)
116 bytes from n3 icmp_seq=199 ttl=50 time=1.99 ms	(same route)
116 bytes from n3 icmp_seq=200 ttl=50 time=2.81 ms	(same route)
116 bytes from n3 icmp_seq=201 ttl=50 time=1.86 ms	(same route)
116 bytes from n3 icmp_seq=202 ttl=50 time=4.42 ms	(same route)
116 bytes from n3 icmp_seq=203 ttl=50 time=1.16 ms	(same route)
116 bytes from n3 icmp_seq=204 ttl=50 time=9.33 ms	(same route)
116 bytes from n3 icmp_seq=205 ttl=50 time=3.52 ms	(same route)
116 bytes from n3 icmp_seq=206 ttl=50 time=4.01 ms	(same route)
116 bytes from n3 icmp_seq=207 ttl=50 time=3.89 ms	(same route)
116 bytes from n3 icmp_seq=208 ttl=50 time=4.70 ms	(same route)
116 bytes from n3 icmp_seq=209 ttl=50 time=1.30 ms	(same route)
116 bytes from n3 icmp_seq=210 ttl=50 time=1.14 ms	(same route)
116 bytes from n3 icmp_seq=211 ttl=50 time=2.31 ms	(same route)
116 bytes from n3 icmp_seq=212 ttl=50 time=1.17 ms	(same route)
116 bytes from n3 icmp_seq=213 ttl=50 time=1.12 ms	(same route)
116 bytes from n3 icmp_seq=214 ttl=50 time=4.97 ms	(same route)
116 bytes from n3 icmp_seq=215 ttl=50 time=8.27 ms	(same route)
116 bytes from n3 icmp_seq=216 ttl=50 time=1.31 ms	(same route)
116 bytes from n3 icmp_seq=217 ttl=50 time=6.90 ms	(same route)
116 bytes from n3 icmp_seq=218 ttl=50 time=9.99 ms	(same route)
116 bytes from n3 icmp_seq=219 ttl=50 time=3.99 ms	(same route)
116 bytes from n3 icmp_seq=220 ttl=50 time=4.02 ms	(same route)
116 bytes from n3 icmp_seq=221 ttl=50 time=4.15 ms	(same route)
116 bytes from n3 icmp_seq=222 ttl=49 time=14.70 ms
RR: 	n2
	n3
	n3
	n1
	n2

116 bytes from n3 icmp_seq=223 ttl=50 time=1.19 ms
RR: 	n2
	n3
	n3
	n2

116 bytes from n3 icmp_seq=224 ttl=50 time=1.77 ms	(same route)
116 bytes from n3 icmp_seq=225 ttl=50 time=1.19 ms	(same route)
116 bytes from n3 icmp_seq=226 ttl=50 time=1.70 ms	(same route)
116 bytes from n3 icmp_seq=227 ttl=50 time=3.39 ms	(same route)
116 bytes from n3 icmp_seq=228 ttl=50 time=13.52 ms	(same route)
116 bytes from n3 icmp_seq=229 ttl=50 time=3.23 ms	(same route)
116 bytes from n3 icmp_seq=230 ttl=50 time=1.10 ms	(same route)
116 bytes from n3 icmp_seq=231 ttl=50 time=1.11 ms	(same route)
116 bytes from n3 icmp_seq=232 ttl=50 time=1.19 ms	(same route)
116 bytes from n3 icmp_seq=233 ttl=50 time=2.77 ms	(same route)
116 bytes from n3 icmp_seq=234 ttl=50 time=1.65 ms	(same route)
116 bytes from n3 icmp_seq=235 ttl=50 time=127.92 ms	(same route)
116 bytes from n3 icmp_seq=236 ttl=50 time=1.93 ms	(same route)
116 bytes from n3 icmp_seq=237 ttl=50 time=9.20 ms	(same route)
116 bytes from n3 icmp_seq=238 ttl=49 time=121.21 ms
RR: 	n2
	n3
	n3
	n5
	n2

116 bytes from n3 icmp_seq=239 ttl=49 time=161.41 ms	(same route)
116 bytes from n3 icmp_seq=240 ttl=49 time=297.53 ms	(same route)
116 bytes from n3 icmp_seq=241 ttl=49 time=232.98 ms	(same route)
116 bytes from n3 icmp_seq=242 ttl=49 time=257.45 ms	(same route)
116 bytes from n3 icmp_seq=243 ttl=49 time=198.34 ms	(same route)
116 bytes from n3 icmp_seq=244 ttl=49 time=45.57 ms	(same route)
116 bytes from n3 icmp_seq=245 ttl=49 time=172.79 ms	(same route)
116 bytes from n3 icmp_seq=246 ttl=49 time=60.14 ms	(same route)
116 bytes from n3 icmp_seq=247 ttl=49 time=2.34 ms
RR: 	n2
	n3
	n3
	n1
	n2

116 bytes from n3 icmp_seq=248 ttl=49 time=8.21 ms	(same route)
116 bytes from n3 icmp_seq=249 ttl=49 time=22.03 ms	(same route)
116 bytes from n3 icmp_seq=250 ttl=49 time=3.35 ms	(same route)
116 bytes from n3 icmp_seq=251 ttl=49 time=2.19 ms	(same route)
116 bytes from n3 icmp_seq=252 ttl=49 time=2.21 ms	(same route)
116 bytes from n3 icmp_seq=253 ttl=49 time=3.49 ms	(same route)
116 bytes from n3 icmp_seq=254 ttl=49 time=15.17 ms	(same route)
116 bytes from n3 icmp_seq=255 ttl=49 time=2.16 ms	(same route)
116 bytes from n3 icmp_seq=256 ttl=49 time=3.58 ms	(same route)
116 bytes from n3 icmp_seq=257 ttl=49 time=1.76 ms	(same route)
116 bytes from n3 icmp_seq=258 ttl=49 time=2.60 ms	(same route)
116 bytes from n3 icmp_seq=259 ttl=49 time=1.68 ms	(same route)
116 bytes from n3 icmp_seq=260 ttl=49 time=2.38 ms	(same route)
116 bytes from n3 icmp_seq=261 ttl=49 time=2.26 ms	(same route)
116 bytes from n3 icmp_seq=262 ttl=49 time=1.71 ms	(same route)
116 bytes from n3 icmp_seq=263 ttl=49 time=1.78 ms	(same route)
116 bytes from n3 icmp_seq=264 ttl=49 time=7.17 ms	(same route)
116 bytes from n3 icmp_seq=265 ttl=49 time=2.65 ms	(same route)
116 bytes from n3 icmp_seq=266 ttl=49 time=6.89 ms	(same route)
116 bytes from n3 icmp_seq=267 ttl=49 time=2.09 ms	(same route)
116 bytes from n3 icmp_seq=268 ttl=49 time=1.71 ms	(same route)
116 bytes from n3 icmp_seq=269 ttl=49 time=1.73 ms	(same route)
116 bytes from n3 icmp_seq=270 ttl=49 time=3.14 ms	(same route)
116 bytes from n3 icmp_seq=271 ttl=49 time=5.75 ms	(same route)
116 bytes from n3 icmp_seq=272 ttl=49 time=2.47 ms	(same route)
116 bytes from n3 icmp_seq=273 ttl=49 time=1.70 ms	(same route)
116 bytes from n3 icmp_seq=274 ttl=49 time=1.96 ms	(same route)
116 bytes from n3 icmp_seq=275 ttl=49 time=3.41 ms	(same route)
116 bytes from n3 icmp_seq=276 ttl=49 time=1.79 ms	(same route)
116 bytes from n3 icmp_seq=277 ttl=50 time=2.12 ms
RR: 	n2
	n1
	n3
	n3
	n2

116 bytes from n3 icmp_seq=278 ttl=50 time=3.02 ms	(same route)
116 bytes from n3 icmp_seq=279 ttl=50 time=1.67 ms	(same route)
116 bytes from n3 icmp_seq=280 ttl=50 time=1.74 ms	(same route)
116 bytes from n3 icmp_seq=281 ttl=50 time=1.87 ms	(same route)
116 bytes from n3 icmp_seq=282 ttl=50 time=8.30 ms	(same route)
116 bytes from n3 icmp_seq=283 ttl=50 time=1.63 ms	(same route)
116 bytes from n3 icmp_seq=284 ttl=50 time=1.85 ms	(same route)
116 bytes from n3 icmp_seq=285 ttl=50 time=1.93 ms	(same route)
116 bytes from n3 icmp_seq=286 ttl=50 time=1.90 ms	(same route)
116 bytes from n3 icmp_seq=287 ttl=50 time=4.35 ms	(same route)
116 bytes from n3 icmp_seq=288 ttl=50 time=13.02 ms	(same route)
116 bytes from n3 icmp_seq=289 ttl=50 time=2.38 ms	(same route)
116 bytes from n3 icmp_seq=290 ttl=50 time=217.83 ms
RR: 	n2
	n5
	n1
	n3
	n3
	n2

116 bytes from n3 icmp_seq=291 ttl=50 time=131.61 ms	(same route)
116 bytes from n3 icmp_seq=292 ttl=50 time=1.57 ms
RR: 	n2
	n1
	n3
	n3
	n2

116 bytes from n3 icmp_seq=293 ttl=50 time=5.41 ms	(same route)
116 bytes from n3 icmp_seq=294 ttl=50 time=1.82 ms	(same route)
116 bytes from n3 icmp_seq=295 ttl=50 time=2.00 ms
RR: 	n2
	n3
	n3
	n2

116 bytes from n3 icmp_seq=296 ttl=50 time=1.18 ms	(same route)
116 bytes from n3 icmp_seq=297 ttl=50 time=1.20 ms	(same route)
116 bytes from n3 icmp_seq=298 ttl=50 time=1.72 ms	(same route)
116 bytes from n3 icmp_seq=299 ttl=50 time=1.13 ms	(same route)
116 bytes from n3 icmp_seq=300 ttl=50 time=1.09 ms	(same route)
--- n3 ping statistics ---
300 packets transmitted, 300 received, 0% packet loss
rtt min/avg/max/mdev = 0.055/40.133/801.678/96.821 ms
