1 1 n3 n3 5 0.650 1
1 2 n5 n3 4 0.740 1
1 3 n2 n3 5 1.770 1
1 4 n1 n3 4 1.350 1
2 1 n3 n3 5 1.730 1
2 2 n5 n3 4 0.250 1
2 3 n2 n3 5 0.280 1
2 4 n1 n3 4 0.350 1
3 1 n3 n3 8 0.230 1
3 2 n5 n3 6 0.300 1
3 3 n2 n3 7 0.300 1
3 4 n1 n3 4 1.400 1
4 1 n3 n3 10 0.770 1
4 2 n5 n3 7 0.840 1
4 3 n2 n3 10 0.330 1
4 4 n1 n3 6 0.400 1
5 1 n3 n3 11 0.270 1
5 2 n5 n3 8 0.890 1
5 3 n2 n3 11 0.350 1
5 4 n1 n3 6 1.460 1
6 1 n3 n3 11 1.320 1
6 2 n5 n3 9 0.920 1
6 3 n2 n3 11 0.390 1
6 4 n1 n3 9 0.450 1
7 1 n3 n3 12 0.830 1
7 2 n5 n3 9 1.990 1
7 3 n2 n3 11 0.930 1
7 4 n1 n3 10 0.990 1
8 1 n3 n3 12 0.300 1
8 2 n5 n3 10 0.490 1
8 3 n2 n3 11 0.420 1
8 4 n1 n3 11 1.010 1
9 1 n3 n3 12 0.330 1
9 2 n5 n3 10 1.550 1
9 3 n2 n3 11 0.470 1
9 4 n1 n3 11 0.540 1
10 1 n3 n3 12 0.850 1
10 2 n5 n3 10 0.030 1
10 3 n2 n3 11 1.520 1
10 4 n1 n3 11 1.590 1
11 1 n3 n3 12 0.360 1
11 2 n5 n3 10 0.570 1
11 3 n2 n3 11 0.070 1
11 4 n1 n3 11 0.550 1
12 1 n3 n3 12 0.900 1
12 2 n5 n3 10 0.100 1
12 3 n2 n3 11 1.140 1
12 4 n1 n3 11 1.620 1
13 1 n3 n3 12 0.400 1
13 2 n5 n3 10 1.150 1
13 3 n2 n3 11 0.110 1
13 4 n1 n3 11 2.670 1
14 1 n3 n3 12 0.420 1
14 2 n5 n3 10 0.630 1
14 3 n2 n3 11 0.170 1
14 4 n1 n3 11 0.130 1
15 1 n3 n3 12 0.940 1
15 2 n5 n3 10 0.670 1
15 3 n2 n3 11 0.200 1
15 4 n1 n3 11 1.180 1
16 1 n3 n3 12 1.000 1
16 2 n5 n3 10 1.730 1
16 3 n2 n3 11 0.730 1
16 4 n1 n3 11 0.200 1
17 1 n3 n3 12 0.510 1
17 2 n5 n3 10 0.210 1
17 3 n2 n3 11 0.730 1
17 4 n1 n3 11 0.740 1
18 1 n3 n3 12 0.040 1
18 2 n5 n3 10 0.740 1
18 3 n2 n3 11 0.240 1
18 4 n1 n3 11 0.280 1
19 1 n3 n3 12 0.580 1
19 2 n5 n3 9 0.300 1
19 3 n2 n3 11 1.300 1
19 4 n1 n3 11 0.840 1
20 1 n3 n3 12 1.660 1
20 2 n5 n3 9 0.380 1
20 3 n2 n3 10 0.810 1
20 4 n1 n3 11 0.900 1
21 1 n3 n3 12 0.670 1
21 2 n5 n3 9 0.390 1
21 3 n2 n3 10 0.310 1
21 4 n1 n3 10 0.940 1
22 1 n3 n3 12 0.170 1
22 2 n5 n3 9 0.430 1
22 3 n2 n3 10 0.840 1
22 4 n1 n3 10 0.450 1
23 1 n3 n3 12 0.730 1
23 2 n5 n3 9 0.460 1
23 3 n2 n3 10 0.340 1
23 4 n1 n3 10 0.490 1
24 1 n3 n3 12 0.270 1
24 2 n5 n3 9 0.490 1
24 3 n2 n3 10 0.880 1
24 4 n1 n3 10 1.550 1
25 1 n3 n3 12 0.310 1
25 2 n5 n3 9 1.550 1
25 3 n2 n3 10 0.380 1
25 4 n1 n3 10 0.060 1
26 1 n3 n3 12 1.370 1
26 2 n5 n3 9 2.610 1
26 3 n2 n3 11 0.920 1
26 4 n1 n3 10 0.060 1
27 1 n3 n3 12 0.320 1
27 2 n5 n3 9 0.100 1
27 3 n2 n3 11 0.460 1
27 4 n1 n3 10 0.090 1
28 1 n3 n3 12 0.330 1
28 2 n5 n3 9 0.630 1
28 3 n2 n3 11 1.000 1
28 4 n1 n3 10 0.110 1
29 1 n3 n3 11 0.370 1
29 2 n5 n3 9 0.660 1
29 3 n2 n3 11 1.000 1
29 4 n1 n3 9 0.120 1
30 1 n3 n3 10 0.410 1
30 2 n5 n3 9 0.690 1
30 3 n2 n3 9 0.520 1
30 4 n1 n3 8 0.170 1
31 1 n3 n3 8 0.430 1
31 2 n5 n3 8 0.170 1
31 3 n2 n3 9 0.540 1
31 4 n1 n3 7 0.190 1
32 1 n3 n3 8 0.470 1
32 2 n5 n3 8 1.230 1
32 3 n2 n3 9 0.080 1
32 4 n1 n3 7 1.250 1
33 1 n3 n3 8 1.530 1
33 2 n5 n3 8 2.290 1
33 3 n2 n3 9 0.620 1
33 4 n1 n3 7 0.270 1
34 1 n3 n3 8 2.590 1
34 2 n5 n3 7 0.800 1
34 3 n2 n3 8 0.130 1
34 4 n1 n3 7 1.330 1
35 1 n3 n3 7 0.550 1
35 2 n5 n3 7 1.860 1
35 3 n2 n3 8 0.170 1
35 4 n1 n3 7 2.390 1
36 1 n3 n3 7 0.070 1
36 2 n5 n3 5 0.360 1
36 3 n2 n3 7 0.740 1
36 4 n1 n3 7 0.390 1
37 1 n3 n3 7 1.130 1
37 2 n5 n3 5 1.420 1
37 3 n2 n3 6 0.780 1
37 4 n1 n3 7 1.450 1
38 1 n3 n3 5 0.130 1
38 2 n5 n3 5 2.480 1
38 3 n2 n3 5 0.300 1
38 4 n1 n3 6 0.460 1
39 1 n3 n3 5 0.180 1
39 2 n5 n3 4 0.470 1
39 3 n2 n3 5 1.370 1
39 4 n1 n3 5 0.500 1
40 1 n3 n3 5 0.220 1
40 2 n5 n3 4 0.490 1
40 3 n2 n3 5 2.430 1
40 4 n1 n3 5 1.560 1
41 1 n3 n3 5 0.260 1
41 2 n5 n3 4 1.560 1
41 3 n2 n3 5 0.360 1
41 4 n1 n3 4 0.110 1
42 1 n3 n3 5 0.290 1
42 2 n5 n3 4 0.050 1
42 3 n2 n3 5 0.890 1
42 4 n1 n3 4 0.650 1
43 1 n3 n3 5 0.310 1
43 2 n5 n3 4 1.110 1
43 3 n2 n3 5 0.400 1
43 4 n1 n3 4 1.710 1
44 1 n3 n3 5 0.380 1
44 2 n5 n3 4 0.650 1
44 3 n2 n3 5 0.460 1
44 4 n1 n3 4 2.790 1
45 1 n3 n3 5 0.440 1
45 2 n5 n3 4 0.180 1
45 3 n2 n3 5 0.480 1
45 4 n1 n3 4 0.240 1
46 1 n3 n3 5 0.980 1
46 2 n5 n3 4 1.240 1
46 3 n2 n3 5 0.550 1
46 4 n1 n3 4 0.260 1
47 1 n3 n3 5 2.030 1
47 2 n5 n3 4 0.750 1
47 3 n2 n3 5 1.600 1
47 4 n1 n3 4 1.310 1
48 1 n3 n3 5 0.030 1
48 2 n5 n3 4 0.320 1
48 3 n2 n3 5 2.670 1
48 4 n1 n3 4 2.380 1
49 1 n3 n3 5 0.040 1
49 2 n5 n3 4 1.370 1
49 3 n2 n3 5 0.630 1
49 4 n1 n3 4 0.220 1
50 1 n3 n3 5 0.090 1
50 2 n5 n3 4 0.420 1
50 3 n2 n3 5 0.670 1
50 4 n1 n3 4 0.270 1
51 1 n3 n3 5 0.630 1
51 2 n5 n3 4 0.480 1
51 3 n2 n3 5 1.740 1
51 4 n1 n3 4 0.290 1
52 1 n3 n3 5 0.640 1
52 2 n5 n3 4 0.510 1
52 3 n2 n3 5 0.280 1
52 4 n1 n3 4 1.350 1
53 1 n3 n3 5 0.160 1
53 2 n5 n3 4 0.540 1
53 3 n2 n3 5 0.290 1
53 4 n1 n3 4 0.420 1
54 1 n3 n3 5 1.230 1
54 2 n5 n3 4 0.580 1
54 3 n2 n3 5 0.320 1
54 4 n1 n3 4 1.490 1
55 1 n3 n3 6 0.730 1
55 2 n5 n3 6 0.110 1
55 3 n2 n3 7 0.350 1
55 4 n1 n3 4 2.540 1
56 1 n3 n3 9 0.290 1
56 2 n5 n3 7 0.140 1
56 3 n2 n3 8 0.930 1
56 4 n1 n3 4 3.620 1
57 1 n3 n3 9 1.350 1
57 2 n5 n3 8 0.190 1
57 3 n2 n3 9 0.420 1
57 4 n1 n3 4 4.680 1
58 1 n3 n3 9 2.410 1
58 2 n5 n3 9 0.730 1
58 3 n2 n3 10 0.440 1
58 4 n1 n3 4 5.740 1
59 1 n3 n3 9 3.470 1
59 2 n5 n3 10 0.280 1
59 3 n2 n3 11 0.490 1
59 4 n1 n3 7 0.140 1
60 1 n3 n3 16 0.430 1
60 2 n5 n3 10 1.340 1
60 3 n2 n3 14 0.510 1
60 4 n1 n3 10 0.700 1
61 1 n3 n3 21 0.450 1
61 2 n5 n3 10 2.400 1
61 3 n2 n3 14 1.570 1
61 4 n1 n3 13 0.750 1
62 1 n3 n3 21 1.510 1
62 2 n5 n3 10 3.460 1
62 3 n2 n3 16 1.050 1
62 4 n1 n3 17 0.250 1
63 1 n3 n3 22 1.010 1
63 2 n5 n3 11 0.900 1
63 3 n2 n3 17 0.060 1
63 4 n1 n3 16 0.800 1
64 1 n3 n3 22 2.080 1
64 2 n5 n3 11 1.970 1
64 3 n2 n3 18 0.100 1
64 4 n1 n3 16 1.870 1
65 1 n3 n3 22 3.130 1
65 2 n5 n3 11 3.020 1
65 3 n2 n3 18 1.150 1
65 4 n1 n3 16 2.920 1
66 1 n3 n3 22 4.190 1
66 2 n5 n3 11 4.080 1
66 3 n2 n3 18 2.210 1
66 4 n1 n3 16 3.980 1
67 1 n3 n3 22 5.260 1
67 2 n5 n3 11 5.150 1
67 3 n2 n3 18 3.280 1
67 4 n1 n3 16 5.050 1
68 1 n3 n3 22 6.310 1
68 2 n5 n3 11 6.200 1
68 3 n2 n3 17 0.240 1
68 4 n1 n3 16 6.100 1
69 1 n3 n3 23 0.150 1
69 2 n5 n5 0 0.150 0
69 3 n5 n3 12 0.150 1
69 4 n2 n3 16 0.290 1
69 5 n1 n3 16 0.490 1
70 1 n3 n3 23 1.210 1
70 2 n5 n5 0 1.210 0
70 3 n5 n3 12 1.210 1
70 4 n2 n3 17 0.300 1
70 5 n1 n3 16 1.030 1
71 1 n3 n3 22 0.510 1
71 2 n5 n5 0 0.400 0
71 3 n5 n3 13 0.400 1
71 4 n2 n3 17 0.870 1
71 5 n1 n3 17 0.460 1
72 1 n3 n3 21 0.250 1
72 2 n5 n5 0 0.250 0
72 3 n5 n3 15 0.250 1
72 4 n2 n3 18 0.420 1
72 5 n1 n3 16 0.120 1
73 1 n3 n3 21 0.250 1
73 2 n5 n5 0 0.490 0
73 3 n5 n3 15 0.490 1
73 4 n2 n3 18 0.460 1
73 5 n1 n3 16 0.160 1
74 1 n3 n3 22 0.300 1
74 2 n5 n5 0 0.030 0
74 3 n5 n3 15 0.030 1
74 4 n2 n3 18 0.530 1
74 5 n1 n3 17 0.220 1
75 1 n3 n3 22 0.100 1
75 2 n5 n5 0 0.060 0
75 3 n5 n3 15 0.060 1
75 4 n2 n3 18 0.050 1
75 5 n1 n3 17 0.280 1
76 1 n3 n3 22 0.400 1
76 2 n5 n5 0 0.400 0
76 3 n5 n3 15 0.400 1
76 4 n2 n3 18 0.610 1
76 5 n1 n3 17 0.330 1
77 1 n3 n3 22 0.450 1
77 2 n5 n5 0 0.170 0
77 3 n5 n3 15 0.170 1
77 4 n2 n3 18 0.130 1
77 5 n1 n3 17 0.360 1
78 1 n3 n3 24 0.370 1
78 2 n5 n5 0 0.490 0
78 3 n5 n3 17 0.490 1
78 4 n2 n3 18 0.680 1
78 5 n1 n3 19 0.400 1
79 1 n3 n3 25 0.430 1
79 2 n5 n5 0 0.540 0
79 3 n5 n3 17 0.540 1
79 4 n2 n3 19 0.160 1
79 5 n1 n3 20 0.450 1
80 1 n3 n3 25 0.990 1
80 2 n5 n5 0 0.250 0
80 3 n5 n3 17 0.250 1
80 4 n2 n3 21 0.190 1
80 5 n1 n3 23 0.470 1
81 1 n3 n3 30 0.120 1
81 2 n5 n5 0 0.260 0
81 3 n5 n3 19 0.260 1
81 4 n2 n3 25 0.230 1
81 5 n1 n3 23 0.520 1
82 1 n3 n5 8 0.040 0
82 2 n3 n3 33 0.040 1
82 3 n5 n5 0 0.150 0
82 4 n5 n3 22 0.150 1
82 5 n2 n3 28 0.270 1
82 6 n1 n5 8 0.040 0
82 7 n1 n3 25 0.040 1
83 1 n3 n5 12 0.090 0
83 2 n3 n3 38 0.090 1
83 3 n5 n5 9 0.700 0
83 4 n5 n3 26 0.700 1
83 5 n2 n5 15 0.340 0
83 6 n2 n3 35 0.340 1
83 7 n1 n5 12 0.060 0
83 8 n1 n3 31 0.060 1
84 1 n3 n5 18 0.120 0
84 2 n3 n3 43 0.120 1
84 3 n5 n5 13 0.420 0
84 4 n5 n3 33 0.420 1
84 5 n2 n5 15 0.920 0
84 6 n2 n3 37 0.920 1
84 7 n1 n5 12 0.090 0
84 8 n1 n3 34 0.090 1
85 1 n3 n5 21 0.280 0
85 2 n3 n3 43 0.280 1
85 3 n5 n5 17 0.480 0
85 4 n5 n3 32 0.480 1
85 5 n2 n5 18 0.990 0
85 6 n2 n3 36 0.990 1
85 7 n1 n5 19 0.120 0
85 8 n1 n3 35 0.120 1
86 1 n3 n5 24 0.750 0
86 2 n3 n3 41 0.750 1
86 3 n5 n5 22 0.020 0
86 4 n5 n3 32 0.020 1
86 5 n2 n5 21 0.030 0
86 6 n2 n3 32 0.030 1
86 7 n1 n5 23 0.170 0
86 8 n1 n3 32 0.170 1
87 1 n3 n5 27 0.310 0
87 2 n3 n3 39 0.310 1
87 3 n5 n5 25 0.060 0
87 4 n5 n3 32 0.060 1
87 5 n2 n5 24 0.070 0
87 6 n2 n3 28 0.070 1
87 7 n1 n5 25 0.240 0
87 8 n1 n3 30 0.240 1
88 1 n3 n5 27 0.510 0
88 2 n3 n3 38 0.510 1
88 3 n5 n5 31 0.660 0
88 4 n5 n3 32 0.660 1
88 5 n2 n5 29 0.150 1
88 6 n2 n3 28 0.150 0
88 7 n1 n5 32 0.320 1
88 8 n1 n3 26 0.320 0
89 1 n3 n5 34 0.070 0
89 2 n3 n3 38 0.070 1
89 3 n5 n5 34 0.210 1
89 4 n5 n3 0 0.210 0
89 5 n2 n5 36 0.220 1
89 6 n2 n3 33 0.220 0
89 7 n1 n5 32 1.400 1
89 8 n1 n3 26 1.400 0
90 1 n3 n5 56 0.030 1
90 2 n3 n3 42 0.030 0
90 3 n5 n5 42 0.280 1
90 4 n5 n3 0 0.280 0
90 5 n2 n5 40 0.810 1
90 6 n2 n3 39 0.810 0
90 7 n1 n5 46 0.440 1
90 8 n1 n3 27 0.440 0
91 1 n3 n5 64 0.100 1
91 2 n3 n3 40 0.100 0
91 3 n5 n5 56 0.340 1
91 4 n5 n3 0 0.340 0
91 5 n2 n5 46 0.350 1
91 6 n2 n3 35 0.350 0
91 7 n1 n5 46 1.530 1
91 8 n1 n3 27 1.530 0
92 1 n3 n5 70 0.650 1
92 2 n3 n3 37 0.650 0
92 3 n5 n5 67 0.250 1
92 4 n5 n3 26 0.250 0
92 5 n2 n5 62 0.410 1
92 6 n2 n3 27 0.410 0
92 7 n1 n5 46 2.610 1
92 8 n1 n3 27 2.610 0
93 1 n3 n5 79 0.230 1
93 2 n3 n3 35 0.230 0
93 3 n5 n5 78 0.440 1
93 4 n5 n3 26 0.440 0
93 5 n2 n5 75 0.430 1
93 6 n2 n3 27 0.430 0
93 7 n1 n5 46 3.700 1
93 8 n1 n3 27 3.700 0
94 1 n3 n5 84 0.790 1
94 2 n3 n3 35 0.790 0
94 3 n5 n5 88 0.010 1
94 4 n5 n3 26 0.010 0
94 5 n2 n5 82 0.470 1
94 6 n2 n3 27 0.470 0
94 7 n1 n5 64 0.200 1
94 8 n1 n3 29 0.200 0
95 1 n3 n5 89 0.330 1
95 2 n3 n3 35 0.330 0
95 3 n5 n5 90 0.060 1
95 4 n5 n3 26 0.060 0
95 5 n2 n5 86 0.010 1
95 6 n2 n3 28 0.010 0
95 7 n1 n5 93 0.270 1
95 8 n1 n3 30 0.270 0
96 1 n3 n5 90 0.360 1
96 2 n3 n3 34 0.360 0
96 3 n5 n5 93 0.620 1
96 4 n5 n3 26 0.620 0
96 5 n2 n5 86 1.100 1
96 6 n2 n3 28 1.100 0
96 7 n1 n5 93 0.380 1
96 8 n1 n3 29 0.380 0
97 1 n3 n5 88 0.390 1
97 2 n3 n3 34 0.390 0
97 3 n5 n5 94 0.020 1
97 4 n5 n3 28 0.020 0
97 5 n2 n5 86 0.140 1
97 6 n2 n3 28 0.140 0
97 7 n1 n5 93 1.460 1
97 8 n1 n3 29 1.460 0
98 1 n3 n5 87 0.030 1
98 2 n3 n3 33 0.030 0
98 3 n5 n5 94 0.070 1
98 4 n5 n3 28 0.070 0
98 5 n2 n5 87 0.180 1
98 6 n2 n3 27 0.180 0
98 7 n1 n5 93 0.010 1
98 8 n1 n3 29 0.010 0
99 1 n3 n5 90 0.100 1
99 2 n3 n3 32 0.100 0
99 3 n5 n5 95 0.240 1
99 4 n5 n3 28 0.240 0
99 5 n2 n5 88 0.240 1
99 6 n2 n3 26 0.240 0
99 7 n1 n5 89 0.570 1
99 8 n1 n3 28 0.570 0
100 1 n3 n5 90 0.130 1
100 2 n3 n3 32 0.130 0
100 3 n5 n5 97 0.280 1
100 4 n5 n3 28 0.280 0
100 5 n2 n5 89 0.290 1
100 6 n2 n3 26 0.290 0
100 7 n1 n5 89 0.120 1
100 8 n1 n3 28 0.120 0
101 1 n3 n5 93 0.080 1
101 2 n3 n3 31 0.080 0
101 3 n5 n5 99 0.220 1
101 4 n5 n3 26 0.220 0
101 5 n2 n5 90 0.370 1
101 6 n2 n3 27 0.370 0
101 7 n1 n5 89 1.210 1
101 8 n1 n3 28 1.210 0
102 1 n3 n5 93 0.120 1
102 2 n3 n3 30 0.120 0
102 3 n5 n5 102 0.400 1
102 4 n5 n3 26 0.400 0
102 5 n2 n5 92 0.400 1
102 6 n2 n3 26 0.400 0
102 7 n1 n5 92 0.260 1
102 8 n1 n3 28 0.260 0
103 1 n3 n5 95 0.220 1
103 2 n3 n3 30 0.220 0
103 3 n5 n5 105 0.470 1
103 4 n5 n3 26 0.470 0
103 5 n2 n5 95 0.490 1
103 6 n2 n3 26 0.490 0
103 7 n1 n5 93 0.340 1
103 8 n1 n3 28 0.340 0
104 1 n3 n5 96 0.770 1
104 2 n3 n3 30 0.770 0
104 3 n5 n5 106 0.370 1
104 4 n5 n3 28 0.370 0
104 5 n2 n5 95 0.430 1
104 6 n2 n3 26 0.430 0
104 7 n1 n5 95 0.820 1
104 8 n1 n3 28 0.820 0
105 1 n3 n5 103 0.370 1
105 2 n3 n3 31 0.370 0
105 3 n5 n5 115 0.050 1
105 4 n5 n3 28 0.050 0
105 5 n2 n5 99 0.080 1
105 6 n2 n3 26 0.080 0
105 7 n1 n5 102 0.440 1
105 8 n1 n3 28 0.440 0
106 1 n3 n5 114 0.020 1
106 2 n3 n3 32 0.020 0
106 3 n5 n5 127 0.110 1
106 4 n5 n3 29 0.110 0
106 5 n2 n5 111 0.110 1
106 6 n2 n3 26 0.110 0
106 7 n1 n5 111 0.490 1
106 8 n1 n3 28 0.490 0
107 1 n3 n5 124 0.050 1
107 2 n3 n3 34 0.050 0
107 3 n5 n5 134 0.200 1
107 4 n5 n3 32 0.200 0
107 5 n2 n5 121 0.180 1
107 6 n2 n3 28 0.180 0
107 7 n1 n5 123 0.050 1
107 8 n1 n3 30 0.050 0
108 1 n3 n5 136 0.010 1
108 2 n3 n3 35 0.010 0
108 3 n5 n5 145 0.260 1
108 4 n5 n3 35 0.260 0
108 5 n2 n5 127 0.220 1
108 6 n2 n3 29 0.220 0
108 7 n1 n5 135 0.090 1
108 8 n1 n3 29 0.090 0
109 1 n3 n5 145 0.050 1
109 2 n3 n3 33 0.050 0
109 3 n5 n5 153 0.350 1
109 4 n5 n3 29 0.350 0
109 5 n2 n5 133 0.300 1
109 6 n2 n3 28 0.300 0
109 7 n1 n5 143 0.170 1
109 8 n1 n3 29 0.170 0
110 1 n3 n5 152 0.110 1
110 2 n3 n3 32 0.110 0
110 3 n5 n5 163 0.390 1
110 4 n5 n3 28 0.390 0
110 5 n2 n5 139 0.310 1
110 6 n2 n3 26 0.310 0
110 7 n1 n5 146 0.200 1
110 8 n1 n3 28 0.200 0
111 1 n3 n5 164 0.180 1
111 2 n3 n3 31 0.180 0
111 3 n5 n5 170 0.350 1
111 4 n5 n3 27 0.350 0
111 5 n2 n5 147 0.310 1
111 6 n2 n3 26 0.310 0
111 7 n1 n5 146 1.300 1
111 8 n1 n3 28 1.300 0
112 1 n3 n5 169 0.240 1
112 2 n3 n3 31 0.240 0
112 3 n5 n5 184 0.010 1
112 4 n5 n3 27 0.010 0
112 5 n2 n5 151 0.450 1
112 6 n2 n3 24 0.450 0
112 7 n1 n5 146 2.380 1
112 8 n1 n3 28 2.380 0
113 1 n3 n5 171 0.380 1
113 2 n3 n3 27 0.380 0
113 3 n5 n5 189 0.020 1
113 4 n5 n3 0 0.020 0
113 5 n2 n5 151 1.530 1
113 6 n2 n3 24 1.530 0
113 7 n1 n5 146 3.460 1
113 8 n1 n3 28 3.460 0
114 1 n3 n5 174 0.630 1
114 2 n3 n3 23 0.630 0
114 3 n5 n5 190 0.190 1
114 4 n5 n3 18 0.190 0
114 5 n2 n5 151 0.450 1
114 6 n2 n3 21 0.450 0
114 7 n1 n5 146 4.550 1
114 8 n1 n3 28 4.550 0
115 1 n3 n5 170 0.510 1
115 2 n3 n3 22 0.510 0
115 3 n5 n5 190 0.710 1
115 4 n5 n3 19 0.710 0
115 5 n2 n5 150 0.450 1
115 6 n2 n3 20 0.450 0
115 7 n1 n5 149 0.520 1
115 8 n1 n3 27 0.520 0
116 1 n3 n5 165 0.420 1
116 2 n3 n3 23 0.420 0
116 3 n5 n5 191 0.390 1
116 4 n5 n3 21 0.390 0
116 5 n2 n5 0 0.830 0
116 6 n2 n3 20 0.830 1
116 7 n1 n5 149 0.420 1
116 8 n1 n3 25 0.420 0
117 1 n3 n5 165 0.400 1
117 2 n3 n3 24 0.400 0
117 3 n5 n5 193 0.100 1
117 4 n5 n3 0 0.100 0
117 5 n2 n5 0 1.020 0
117 6 n2 n3 19 1.020 1
117 7 n1 n5 0 0.110 0
117 8 n1 n3 23 0.110 1
118 1 n3 n5 0 0.700 0
118 2 n3 n3 24 0.700 1
118 3 n5 n5 193 0.400 1
118 4 n5 n3 0 0.400 0
118 5 n2 n5 0 0.140 0
118 6 n2 n3 21 0.140 1
118 7 n1 n5 162 0.950 1
118 8 n1 n3 23 0.950 0
119 1 n3 n5 179 0.070 1
119 2 n3 n3 22 0.070 0
119 3 n5 n5 196 0.380 1
119 4 n5 n3 0 0.380 0
119 5 n2 n5 0 0.240 0
119 6 n2 n3 18 0.240 1
119 7 n1 n5 154 0.130 1
119 8 n1 n3 20 0.130 0
120 1 n3 n5 175 0.130 1
120 2 n3 n3 16 0.130 0
120 3 n5 n5 198 0.020 1
120 4 n5 n3 0 0.020 0
120 5 n2 n5 150 0.300 1
120 6 n2 n3 16 0.300 0
120 7 n1 n5 148 0.150 1
120 8 n1 n3 15 0.150 0
121 1 n3 n5 175 0.820 1
121 2 n3 n3 14 0.820 0
121 3 n5 n5 198 0.580 1
121 4 n5 n3 0 0.580 0
121 5 n2 n5 150 0.410 1
121 6 n2 n3 14 0.410 0
121 7 n1 n5 151 0.170 1
121 8 n1 n3 10 0.170 0
122 1 n3 n5 171 0.210 1
122 2 n3 n3 13 0.210 0
122 3 n5 n5 197 0.060 1
122 4 n5 n3 0 0.060 0
122 5 n2 n5 150 0.290 1
122 6 n2 n3 13 0.290 0
122 7 n1 n5 151 0.210 1
122 8 n1 n3 11 0.210 0
123 1 n3 n5 171 0.950 1
123 2 n3 n3 14 0.950 0
123 3 n5 n5 199 0.110 1
123 4 n5 n3 0 0.110 0
123 5 n2 n5 150 0.500 1
123 6 n2 n3 14 0.500 0
123 7 n1 n5 151 0.960 1
123 8 n1 n3 12 0.960 0
124 1 n3 n5 0 0.930 0
124 2 n3 n3 16 0.930 1
124 3 n5 n5 202 0.110 1
124 4 n5 n3 0 0.110 0
124 5 n2 n5 150 0.590 1
124 6 n2 n3 15 0.590 0
124 7 n1 n5 151 2.040 1
124 8 n1 n3 12 2.040 0
125 1 n3 n5 0 0.540 0
125 2 n3 n3 19 0.540 1
125 3 n5 n5 202 1.190 1
125 4 n5 n3 0 1.190 0
125 5 n2 n5 150 1.670 1
125 6 n2 n3 15 1.670 0
125 7 n1 n5 0 0.490 0
125 8 n1 n3 16 0.490 1
126 1 n3 n5 0 0.420 0
126 2 n3 n3 22 0.420 1
126 3 n5 n5 208 0.300 1
126 4 n5 n3 0 0.300 0
126 5 n2 n5 150 2.740 1
126 6 n2 n3 15 2.740 0
126 7 n1 n5 0 0.420 0
126 8 n1 n3 18 0.420 1
127 1 n3 n5 0 0.830 0
127 2 n3 n3 23 0.830 1
127 3 n5 n5 211 0.460 1
127 4 n5 n3 0 0.460 0
127 5 n2 n5 150 3.830 1
127 6 n2 n3 15 3.830 0
127 7 n1 n5 0 0.830 0
127 8 n1 n3 18 0.830 1
128 1 n3 n5 0 1.930 0
128 2 n3 n3 23 1.930 1
128 3 n5 n5 219 0.320 1
128 4 n5 n3 0 0.320 0
128 5 n2 n5 150 4.930 1
128 6 n2 n3 15 4.930 0
128 7 n1 n5 0 1.930 0
128 8 n1 n3 18 1.930 1
129 1 n3 n5 0 3.010 0
129 2 n3 n3 23 3.010 1
129 3 n5 n5 221 0.090 1
129 4 n5 n3 0 0.090 0
129 5 n2 n5 150 6.010 1
129 6 n2 n3 15 6.010 0
129 7 n1 n5 0 3.010 0
129 8 n1 n3 18 3.010 1
130 1 n3 n5 0 1.030 0
130 2 n3 n3 23 1.030 1
130 3 n5 n5 221 0.890 1
130 4 n5 n3 0 0.890 0
130 5 n2 n5 0 0.960 0
130 6 n2 n3 17 0.960 1
130 7 n1 n5 0 4.090 0
130 8 n1 n3 18 4.090 1
131 1 n3 n5 0 0.100 0
131 2 n3 n3 23 0.100 1
131 3 n5 n5 217 0.560 1
131 4 n5 n3 0 0.560 0
131 5 n2 n5 0 0.800 0
131 6 n2 n3 20 0.800 1
131 7 n1 n5 0 5.180 0
131 8 n1 n3 18 5.180 1
132 1 n3 n5 0 0.140 0
132 2 n3 n3 24 0.140 1
132 3 n5 n5 217 1.630 1
132 4 n5 n3 0 1.630 0
132 5 n2 n5 0 0.250 0
132 6 n2 n3 21 0.250 1
132 7 n1 n5 0 0.140 0
132 8 n1 n3 19 0.140 1
133 1 n3 n5 0 1.240 0
133 2 n3 n3 24 1.240 1
133 3 n5 n5 217 0.690 1
133 4 n5 n3 0 0.690 0
133 5 n2 n5 0 0.910 0
133 6 n2 n3 21 0.910 1
133 7 n1 n5 0 0.320 0
133 8 n1 n3 19 0.320 1
134 1 n3 n5 0 0.650 0
134 2 n3 n3 24 0.650 1
134 3 n5 n5 217 1.780 1
134 4 n5 n3 0 1.780 0
134 5 n2 n5 0 0.260 0
134 6 n2 n3 21 0.260 1
134 7 n1 n5 0 0.120 0
134 8 n1 n3 19 0.120 1
135 1 n3 n5 0 0.350 0
135 2 n3 n3 24 0.350 1
135 3 n5 n5 217 2.860 1
135 4 n5 n3 0 2.860 0
135 5 n2 n5 0 0.350 0
135 6 n2 n3 21 0.350 1
135 7 n1 n5 0 0.350 0
135 8 n1 n3 19 0.350 1
136 1 n3 n5 0 0.500 0
136 2 n3 n3 25 0.500 1
136 3 n5 n5 217 3.950 1
136 4 n5 n3 0 3.950 0
136 5 n2 n5 0 1.440 0
136 6 n2 n3 21 1.440 1
136 7 n1 n5 0 0.140 0
136 8 n1 n3 20 0.140 1
137 1 n3 n5 0 0.370 0
137 2 n3 n3 25 0.370 1
137 3 n5 n5 217 5.030 1
137 4 n5 n3 0 5.030 0
137 5 n2 n5 0 0.370 0
137 6 n2 n3 21 0.370 1
137 7 n1 n5 0 1.220 0
137 8 n1 n3 20 1.220 1
138 1 n3 n5 0 0.540 0
138 2 n3 n3 25 0.540 1
138 3 n5 n5 217 6.110 1
138 4 n5 n3 0 6.110 0
138 5 n2 n5 0 0.130 0
138 6 n2 n3 21 0.130 1
138 7 n1 n5 0 0.130 0
138 8 n1 n3 20 0.130 1
139 1 n3 n5 0 0.120 0
139 2 n3 n3 26 0.120 1
139 3 n5 n5 217 7.190 1
139 4 n5 n3 0 7.190 0
139 5 n2 n5 0 0.120 0
139 6 n2 n3 21 0.120 1
139 7 n1 n5 0 0.120 0
139 8 n1 n3 22 0.120 1
140 1 n3 n5 0 1.210 0
140 2 n3 n3 26 1.210 1
140 3 n5 n5 217 8.280 1
140 4 n5 n3 0 8.280 0
140 5 n2 n5 0 1.020 0
140 6 n2 n3 23 1.020 1
140 7 n1 n5 0 0.870 0
140 8 n1 n3 24 0.870 1
141 1 n3 n5 0 0.840 0
141 2 n3 n3 27 0.840 1
141 3 n5 n5 217 9.360 1
141 4 n5 n3 0 9.360 0
141 5 n2 n5 0 0.510 0
141 6 n2 n3 24 0.510 1
141 7 n1 n5 0 0.890 0
141 8 n1 n3 24 0.890 1
142 1 n3 n5 0 0.420 0
142 2 n3 n3 30 0.420 1
142 3 n5 n5 210 0.910 1
142 4 n5 n3 0 0.910 0
142 5 n2 n5 0 0.100 0
142 6 n2 n3 29 0.100 1
142 7 n1 n5 0 1.980 0
142 8 n1 n3 24 1.980 1
143 1 n3 n5 0 0.980 0
143 2 n3 n3 33 0.980 1
143 3 n5 n5 194 0.470 1
143 4 n5 n3 0 0.470 0
143 5 n2 n5 0 0.690 0
143 6 n2 n3 32 0.690 1
143 7 n1 n5 0 0.570 0
143 8 n1 n3 26 0.570 1
144 1 n3 n5 0 0.510 0
144 2 n3 n3 37 0.510 1
144 3 n5 n5 172 0.530 1
144 4 n5 n3 0 0.530 0
144 5 n2 n5 0 0.190 0
144 6 n2 n3 34 0.190 1
144 7 n1 n5 0 0.620 0
144 8 n1 n3 29 0.620 1
145 1 n3 n5 0 0.040 0
145 2 n3 n3 37 0.040 1
145 3 n5 n5 165 0.590 1
145 4 n5 n3 0 0.590 0
145 5 n2 n5 0 0.260 0
145 6 n2 n3 32 0.260 1
145 7 n1 n5 0 0.140 0
145 8 n1 n3 29 0.140 1
146 1 n3 n5 0 0.610 0
146 2 n3 n3 35 0.610 1
146 3 n5 n5 165 1.670 1
146 4 n5 n3 0 1.670 0
146 5 n2 n5 0 0.310 0
146 6 n2 n3 31 0.310 1
146 7 n1 n5 0 0.190 0
146 8 n1 n3 28 0.190 1
147 1 n3 n5 0 0.160 0
147 2 n3 n3 33 0.160 1
147 3 n5 n5 160 0.690 1
147 4 n5 n3 0 0.690 0
147 5 n2 n5 0 1.390 0
147 6 n2 n3 31 1.390 1
147 7 n1 n5 0 1.270 0
147 8 n1 n3 28 1.270 1
148 1 n3 n5 0 0.720 0
148 2 n3 n3 32 0.720 1
148 3 n5 n5 147 0.180 1
148 4 n5 n3 0 0.180 0
148 5 n2 n5 0 2.470 0
148 6 n2 n3 31 2.470 1
148 7 n1 n5 0 0.810 0
148 8 n1 n3 27 0.810 1
149 1 n3 n5 0 0.280 0
149 2 n3 n3 32 0.280 1
149 3 n5 n5 141 0.790 1
149 4 n5 n3 0 0.790 0
149 5 n2 n5 0 0.430 0
149 6 n2 n3 29 0.430 1
149 7 n1 n5 0 1.900 0
149 8 n1 n3 27 1.900 1
150 1 n3 n5 0 0.350 0
150 2 n3 n3 34 0.350 1
150 3 n5 n5 123 0.270 1
150 4 n5 n3 0 0.270 0
150 5 n2 n5 0 0.550 0
150 6 n2 n3 29 0.550 1
150 7 n1 n5 0 0.420 0
150 8 n1 n3 27 0.420 1
151 1 n3 n5 0 0.920 0
151 2 n3 n3 35 0.920 1
151 3 n5 n5 115 0.750 1
151 4 n5 n3 0 0.750 0
151 5 n2 n5 0 1.630 0
151 6 n2 n3 29 1.630 1
151 7 n1 n5 0 0.470 0
151 8 n1 n3 30 0.470 1
152 1 n3 n5 0 0.450 0
152 2 n3 n3 38 0.450 1
152 3 n5 n5 101 0.460 1
152 4 n5 n3 0 0.460 0
152 5 n2 n5 0 2.720 0
152 6 n2 n3 29 2.720 1
152 7 n1 n5 0 0.550 0
152 8 n1 n3 31 0.550 1
153 1 n3 n5 0 0.500 0
153 2 n3 n3 36 0.500 1
153 3 n5 n5 101 1.540 1
153 4 n5 n3 0 1.540 0
153 5 n2 n5 0 0.130 0
153 6 n2 n3 29 0.130 1
153 7 n1 n5 0 0.060 0
153 8 n1 n3 29 0.060 1
154 1 n3 n5 0 0.050 0
154 2 n3 n3 35 0.050 1
154 3 n5 n5 94 0.560 1
154 4 n5 n3 0 0.560 0
154 5 n2 n5 0 0.190 0
154 6 n2 n3 28 0.190 1
154 7 n1 n5 0 0.100 0
154 8 n1 n3 26 0.100 1
155 1 n3 n5 0 1.140 0
155 2 n3 n3 35 1.140 1
155 3 n5 n5 94 1.650 1
155 4 n5 n3 0 1.650 0
155 5 n2 n5 0 0.770 0
155 6 n2 n3 28 0.770 1
155 7 n1 n5 0 0.690 0
155 8 n1 n3 25 0.690 1
156 1 n3 n5 0 0.180 0
156 2 n3 n3 36 0.180 1
156 3 n5 n5 79 0.180 1
156 4 n5 n3 0 0.180 0
156 5 n2 n5 0 1.870 0
156 6 n2 n3 28 1.870 1
156 7 n1 n5 0 1.790 0
156 8 n1 n3 25 1.790 1
157 1 n3 n5 0 0.240 0
157 2 n3 n3 36 0.240 1
157 3 n5 n5 62 0.270 1
157 4 n5 n3 0 0.270 0
157 5 n2 n5 0 0.390 0
157 6 n2 n3 33 0.390 1
157 7 n1 n5 0 0.780 0
157 8 n1 n3 27 0.780 1
158 1 n3 n5 0 0.790 0
158 2 n3 n3 38 0.790 1
158 3 n5 n5 58 0.850 1
158 4 n5 n3 0 0.850 0
158 5 n2 n5 0 0.450 0
158 6 n2 n3 38 0.450 1
158 7 n1 n5 0 0.350 0
158 8 n1 n3 34 0.350 1
159 1 n3 n5 0 0.850 0
159 2 n3 n3 40 0.850 1
159 3 n5 n5 52 0.820 1
159 4 n5 n3 0 0.820 0
159 5 n2 n5 0 0.500 0
159 6 n2 n3 41 0.500 1
159 7 n1 n5 0 1.440 0
159 8 n1 n3 34 1.440 1
160 1 n3 n5 0 0.400 0
160 2 n3 n3 42 0.400 1
160 3 n5 n5 41 0.340 1
160 4 n5 n3 0 0.340 0
160 5 n2 n5 0 1.580 0
160 6 n2 n3 41 1.580 1
160 7 n1 n5 0 0.970 0
160 8 n1 n3 37 0.970 1
161 1 n3 n5 0 0.960 0
161 2 n3 n3 42 0.960 1
161 3 n5 n5 36 0.320 1
161 4 n5 n3 0 0.320 0
161 5 n2 n5 0 0.110 0
161 6 n2 n3 42 0.110 1
161 7 n1 n5 0 1.040 0
161 8 n1 n3 39 1.040 1
162 1 n3 n5 0 0.500 0
162 2 n3 n3 43 0.500 1
162 3 n5 n5 32 0.410 1
162 4 n5 n3 0 0.410 0
162 5 n2 n5 0 0.170 0
162 6 n2 n3 42 0.170 1
162 7 n1 n5 0 0.050 0
162 8 n1 n3 39 0.050 1
163 1 n3 n5 0 0.050 0
163 2 n3 n3 43 0.050 1
163 3 n5 n5 30 0.500 1
163 4 n5 n3 0 0.500 0
163 5 n2 n5 0 0.760 0
163 6 n2 n3 42 0.760 1
163 7 n1 n5 0 0.120 0
163 8 n1 n3 37 0.120 1
164 1 n3 n5 0 0.120 0
164 2 n3 n3 42 0.120 1
164 3 n5 n5 29 0.610 1
164 4 n5 n3 0 0.610 0
164 5 n2 n5 0 0.820 0
164 6 n2 n3 41 0.820 1
164 7 n1 n5 0 0.150 0
164 8 n1 n3 36 0.150 1
165 1 n3 n5 0 0.200 0
165 2 n3 n3 42 0.200 1
165 3 n5 n5 28 0.120 1
165 4 n5 n3 0 0.120 0
165 5 n2 n5 0 0.410 0
165 6 n2 n3 41 0.410 1
165 7 n1 n5 0 0.210 0
165 8 n1 n3 35 0.210 1
166 1 n3 n5 0 1.310 0
166 2 n3 n3 42 1.310 1
166 3 n5 n5 28 1.230 1
166 4 n5 n3 0 1.230 0
166 5 n2 n5 0 1.000 0
166 6 n2 n3 39 1.000 1
166 7 n1 n5 0 1.320 0
166 8 n1 n3 35 1.320 1
167 1 n3 n5 0 0.360 0
167 2 n3 n3 39 0.360 1
167 3 n5 n5 28 0.320 1
167 4 n5 n3 0 0.320 0
167 5 n2 n5 0 0.530 0
167 6 n2 n3 37 0.530 1
167 7 n1 n5 0 0.320 0
167 8 n1 n3 32 0.320 1
168 1 n3 n5 0 1.450 0
168 2 n3 n3 39 1.450 1
168 3 n5 n5 27 0.880 1
168 4 n5 n3 0 0.880 0
168 5 n2 n5 0 1.620 0
168 6 n2 n3 37 1.620 1
168 7 n1 n5 0 0.240 0
168 8 n1 n3 31 0.240 1
169 1 n3 n5 0 1.000 0
169 2 n3 n3 38 1.000 1
169 3 n5 n5 28 0.330 1
169 4 n5 n3 0 0.330 0
169 5 n2 n5 0 0.170 0
169 6 n2 n3 36 0.170 1
169 7 n1 n5 0 0.800 0
169 8 n1 n3 30 0.800 1
170 1 n3 n5 0 0.010 0
170 2 n3 n3 37 0.010 1
170 3 n5 n5 28 1.410 1
170 4 n5 n3 0 1.410 0
170 5 n2 n5 0 0.230 0
170 6 n2 n3 36 0.230 1
170 7 n1 n5 0 0.340 0
170 8 n1 n3 29 0.340 1
171 1 n3 n5 0 0.060 0
171 2 n3 n3 39 0.060 1
171 3 n5 n5 28 2.500 1
171 4 n5 n3 0 2.500 0
171 5 n2 n5 0 0.290 0
171 6 n2 n3 37 0.290 1
171 7 n1 n5 0 1.430 0
171 8 n1 n3 29 1.430 1
172 1 n3 n5 0 0.640 0
172 2 n3 n3 39 0.640 1
172 3 n5 n5 28 3.580 1
172 4 n5 n3 0 3.580 0
172 5 n2 n5 0 0.340 0
172 6 n2 n3 38 0.340 1
172 7 n1 n5 0 0.440 0
172 8 n1 n3 29 0.440 1
173 1 n3 n5 0 0.200 0
173 2 n3 n3 39 0.200 1
173 3 n5 n5 30 0.070 1
173 4 n5 n3 0 0.070 0
173 5 n2 n5 0 0.410 0
173 6 n2 n3 37 0.410 1
173 7 n1 n5 0 0.530 0
173 8 n1 n3 28 0.530 1
174 1 n3 n5 0 0.250 0
174 2 n3 n3 41 0.250 1
174 3 n5 n5 33 0.700 1
174 4 n5 n3 0 0.700 0
174 5 n2 n5 0 0.970 0
174 6 n2 n3 38 0.970 1
174 7 n1 n5 0 0.560 0
174 8 n1 n3 30 0.560 1
175 1 n3 n5 0 0.790 0
175 2 n3 n3 42 0.790 1
175 3 n5 n5 35 0.720 1
175 4 n5 n3 0 0.720 0
175 5 n2 n5 0 0.470 0
175 6 n2 n3 40 0.470 1
175 7 n1 n5 0 0.120 0
175 8 n1 n3 33 0.120 1
176 1 n3 n5 0 0.310 0
176 2 n3 n3 46 0.310 1
176 3 n5 n5 44 0.270 1
176 4 n5 n3 0 0.270 0
176 5 n2 n5 0 0.530 0
176 6 n2 n3 43 0.530 1
176 7 n1 n5 0 0.200 0
176 8 n1 n3 37 0.200 1
177 1 n3 n5 0 0.360 0
177 2 n3 n3 48 0.360 1
177 3 n5 n5 53 0.340 1
177 4 n5 n3 0 0.340 0
177 5 n2 n5 0 0.100 0
177 6 n2 n3 45 0.100 1
177 7 n1 n5 0 0.360 0
177 8 n1 n3 41 0.360 1
178 1 n3 n5 0 0.430 0
178 2 n3 n3 49 0.430 1
178 3 n5 n5 59 0.450 1
178 4 n5 n3 0 0.450 0
178 5 n2 n5 0 0.170 0
178 6 n2 n3 47 0.170 1
178 7 n1 n5 0 0.430 0
178 8 n1 n3 42 0.430 1
179 1 n3 n5 0 1.010 0
179 2 n3 n3 51 1.010 1
179 3 n5 n5 71 0.010 1
179 4 n5 n3 0 0.010 0
179 5 n2 n5 0 0.210 0
179 6 n2 n3 49 0.210 1
179 7 n1 n5 0 1.010 0
179 8 n1 n3 44 1.010 1
180 1 n3 n5 0 0.010 0
180 2 n3 n3 51 0.010 1
180 3 n5 n5 80 0.040 1
180 4 n5 n3 0 0.040 0
180 5 n2 n5 0 0.780 0
180 6 n2 n3 50 0.780 1
180 7 n1 n5 0 0.120 0
180 8 n1 n3 43 0.120 1
181 1 n3 n5 0 0.050 0
181 2 n3 n3 53 0.050 1
181 3 n5 n5 84 0.060 1
181 4 n5 n3 0 0.060 0
181 5 n2 n5 0 1.860 0
181 6 n2 n3 50 1.860 1
181 7 n1 n5 0 0.160 0
181 8 n1 n3 45 0.160 1
182 1 n3 n5 0 0.090 0
182 2 n3 n3 53 0.090 1
182 3 n5 n5 88 0.110 1
182 4 n5 n3 0 0.110 0
182 5 n2 n5 0 0.350 0
182 6 n2 n3 52 0.350 1
182 7 n1 n5 0 0.710 0
182 8 n1 n3 46 0.710 1
183 1 n3 n5 0 1.180 0
183 2 n3 n3 53 1.180 1
183 3 n5 n5 94 0.190 1
183 4 n5 n3 0 0.190 0
183 5 n2 n5 0 0.920 0
183 6 n2 n3 52 0.920 1
183 7 n1 n5 0 0.270 0
183 8 n1 n3 46 0.270 1
184 1 n3 n5 0 0.250 0
184 2 n3 n3 53 0.250 1
184 3 n5 n5 100 0.250 1
184 4 n5 n3 0 0.250 0
184 5 n2 n5 0 0.490 0
184 6 n2 n3 53 0.490 1
184 7 n1 n5 0 1.350 0
184 8 n1 n3 46 1.350 1
185 1 n3 n5 0 0.290 0
185 2 n3 n3 51 0.290 1
185 3 n5 n5 106 0.300 1
185 4 n5 n3 0 0.300 0
185 5 n2 n5 0 0.510 0
185 6 n2 n3 51 0.510 1
185 7 n1 n5 0 2.430 0
185 8 n1 n3 46 2.430 1
186 1 n3 n5 0 0.320 0
186 2 n3 n3 46 0.320 1
186 3 n5 n5 107 0.340 1
186 4 n5 n3 0 0.340 0
186 5 n2 n5 0 1.600 0
186 6 n2 n3 51 1.600 1
186 7 n1 n5 0 0.890 0
186 8 n1 n3 45 0.890 1
187 1 n3 n5 0 0.400 0
187 2 n3 n3 44 0.400 1
187 3 n5 n5 109 0.370 1
187 4 n5 n3 0 0.370 0
187 5 n2 n5 0 0.100 0
187 6 n2 n3 48 0.100 1
187 7 n1 n5 0 0.390 0
187 8 n1 n3 44 0.390 1
188 1 n3 n5 0 0.460 0
188 2 n3 n3 45 0.460 1
188 3 n5 n5 117 0.460 1
188 4 n5 n3 0 0.460 0
188 5 n2 n5 0 0.200 0
188 6 n2 n3 45 0.200 1
188 7 n1 n5 0 0.990 0
188 8 n1 n3 42 0.990 1
189 1 n3 n5 0 0.510 0
189 2 n3 n3 44 0.510 1
189 3 n5 n5 132 0.040 1
189 4 n5 n3 0 0.040 0
189 5 n2 n5 0 1.290 0
189 6 n2 n3 45 1.290 1
189 7 n1 n5 0 0.510 0
189 8 n1 n3 41 0.510 1
190 1 n3 n5 0 0.570 0
190 2 n3 n3 43 0.570 1
190 3 n5 n5 141 0.080 1
190 4 n5 n3 0 0.080 0
190 5 n2 n5 0 0.320 0
190 6 n2 n3 44 0.320 1
190 7 n1 n5 0 0.570 0
190 8 n1 n3 39 0.570 1
191 1 n3 n5 0 0.110 0
191 2 n3 n3 44 0.110 1
191 3 n5 n5 150 0.160 1
191 4 n5 n3 0 0.160 0
191 5 n2 n5 0 0.390 0
191 6 n2 n3 43 0.390 1
191 7 n1 n5 0 0.630 0
191 8 n1 n3 39 0.630 1
192 1 n3 n5 0 0.180 0
192 2 n3 n3 47 0.180 1
192 3 n5 n5 158 0.230 1
192 4 n5 n3 0 0.230 0
192 5 n2 n5 0 0.470 0
192 6 n2 n3 44 0.470 1
192 7 n1 n5 0 0.180 0
192 8 n1 n3 40 0.180 1
193 1 n3 n5 40 0.090 0
193 2 n3 n3 52 0.090 1
193 3 n5 n5 165 0.120 1
193 4 n5 n3 8 0.120 0
193 5 n2 n5 0 0.530 0
193 6 n2 n3 47 0.530 1
193 7 n1 n5 0 1.250 0
193 8 n1 n3 40 1.250 1
194 1 n3 n5 40 0.140 0
194 2 n3 n3 57 0.140 1
194 3 n5 n5 170 0.300 1
194 4 n5 n3 10 0.300 0
194 5 n2 n5 0 0.590 0
194 6 n2 n3 51 0.590 1
194 7 n1 n5 0 0.370 0
194 8 n1 n3 47 0.370 1
195 1 n3 n5 46 0.190 0
195 2 n3 n3 60 0.190 1
195 3 n5 n5 173 0.350 1
195 4 n5 n3 12 0.350 0
195 5 n2 n5 0 0.130 0
195 6 n2 n3 57 0.130 1
195 7 n1 n5 0 0.440 0
195 8 n1 n3 50 0.440 1
196 1 n3 n5 61 0.260 0
196 2 n3 n3 64 0.260 1
196 3 n5 n5 179 0.310 1
196 4 n5 n3 16 0.310 0
196 5 n2 n5 0 0.160 0
196 6 n2 n3 61 0.160 1
196 7 n1 n5 0 0.510 0
196 8 n1 n3 54 0.510 1
197 1 n3 n5 73 0.320 1
197 2 n3 n3 65 0.320 0
197 3 n5 n5 183 0.360 1
197 4 n5 n3 21 0.360 0
197 5 n2 n5 83 0.110 1
197 6 n2 n3 62 0.110 0
197 7 n1 n5 74 0.480 1
197 8 n1 n3 57 0.480 0
198 1 n3 n5 87 0.390 1
198 2 n3 n3 65 0.390 0
198 3 n5 n5 188 0.400 1
198 4 n5 n3 24 0.400 0
198 5 n2 n5 90 0.180 1
198 6 n2 n3 62 0.180 0
198 7 n1 n5 74 1.570 1
198 8 n1 n3 57 1.570 0
199 1 n3 n5 99 0.420 1
199 2 n3 n3 67 0.420 0
199 3 n5 n5 194 0.060 1
199 4 n5 n3 30 0.060 0
199 5 n2 n5 99 0.210 1
199 6 n2 n3 63 0.210 0
199 7 n1 n5 93 0.060 1
199 8 n1 n3 64 0.060 0
200 1 n3 n5 110 0.050 1
200 2 n3 n3 65 0.050 0
200 3 n5 n5 196 0.140 1
200 4 n5 n3 30 0.140 0
200 5 n2 n5 103 0.780 1
200 6 n2 n3 63 0.780 0
200 7 n1 n5 109 0.140 1
200 8 n1 n3 63 0.140 0
201 1 n3 n5 118 0.010 1
201 2 n3 n3 62 0.010 0
201 3 n5 n5 198 0.100 1
201 4 n5 n3 31 0.100 0
201 5 n2 n5 113 0.320 1
201 6 n2 n3 62 0.320 0
201 7 n1 n5 113 0.220 1
201 8 n1 n3 62 0.220 0
202 1 n3 n5 127 0.080 1
202 2 n3 n3 63 0.080 0
202 3 n5 n5 198 0.190 1
202 4 n5 n3 34 0.190 0
202 5 n2 n5 120 0.390 1
202 6 n2 n3 60 0.390 0
202 7 n1 n5 120 0.310 1
202 8 n1 n3 62 0.310 0
203 1 n3 n5 140 0.100 1
203 2 n3 n3 63 0.100 0
203 3 n5 n5 200 0.250 1
203 4 n5 n3 35 0.250 0
203 5 n2 n5 125 0.440 1
203 6 n2 n3 60 0.440 0
203 7 n1 n5 128 0.270 1
203 8 n1 n3 62 0.270 0
204 1 n3 n5 150 0.130 1
204 2 n3 n3 60 0.130 0
204 3 n5 n5 204 0.300 1
204 4 n5 n3 33 0.300 0
204 5 n2 n5 133 0.010 1
204 6 n2 n3 54 0.010 0
204 7 n1 n5 131 0.460 1
204 8 n1 n3 60 0.460 0
205 1 n3 n5 159 0.170 1
205 2 n3 n3 59 0.170 0
205 3 n5 n5 209 0.350 1
205 4 n5 n3 36 0.350 0
205 5 n2 n5 142 0.060 1
205 6 n2 n3 53 0.060 0
205 7 n1 n5 141 0.470 1
205 8 n1 n3 58 0.470 0
206 1 n3 n5 162 0.210 1
206 2 n3 n3 58 0.210 0
206 3 n5 n5 210 0.500 1
206 4 n5 n3 38 0.500 0
206 5 n2 n5 149 0.110 1
206 6 n2 n3 54 0.110 0
206 7 n1 n5 148 0.070 1
206 8 n1 n3 54 0.070 0
207 1 n3 n5 164 0.270 1
207 2 n3 n3 58 0.270 0
207 3 n5 n5 208 0.040 1
207 4 n5 n3 36 0.040 0
207 5 n2 n5 150 0.160 1
207 6 n2 n3 54 0.160 0
207 7 n1 n5 151 0.040 1
207 8 n1 n3 52 0.040 0
208 1 n3 n5 165 0.370 1
208 2 n3 n3 56 0.370 0
208 3 n5 n5 207 0.630 1
208 4 n5 n3 37 0.630 0
208 5 n2 n5 151 0.740 1
208 6 n2 n3 52 0.740 0
208 7 n1 n5 150 0.630 1
208 8 n1 n3 52 0.630 0
209 1 n3 n5 167 0.000 1
209 2 n3 n3 52 0.000 0
209 3 n5 n5 204 0.030 1
209 4 n5 n3 38 0.030 0
209 5 n2 n5 150 0.260 1
209 6 n2 n3 49 0.260 0
209 7 n1 n5 155 0.150 1
209 8 n1 n3 50 0.150 0
210 1 n3 n5 167 0.080 1
210 2 n3 n3 52 0.080 0
210 3 n5 n5 201 0.070 1
210 4 n5 n3 37 0.070 0
210 5 n2 n5 150 0.250 1
210 6 n2 n3 47 0.250 0
210 7 n1 n5 156 0.180 1
210 8 n1 n3 49 0.180 0
211 1 n3 n5 164 0.030 1
211 2 n3 n3 49 0.030 0
211 3 n5 n5 198 0.110 1
211 4 n5 n3 34 0.110 0
211 5 n2 n5 150 0.490 1
211 6 n2 n3 46 0.490 0
211 7 n1 n5 156 0.230 1
211 8 n1 n3 49 0.230 0
212 1 n3 n5 165 0.190 1
212 2 n3 n3 47 0.190 0
212 3 n5 n5 194 0.160 1
212 4 n5 n3 33 0.160 0
212 5 n2 n5 153 0.420 1
212 6 n2 n3 43 0.420 0
212 7 n1 n5 157 0.800 1
212 8 n1 n3 46 0.800 0
213 1 n3 n5 157 0.260 1
213 2 n3 n3 48 0.260 0
213 3 n5 n5 193 0.140 1
213 4 n5 n3 35 0.140 0
213 5 n2 n5 152 0.070 1
213 6 n2 n3 45 0.070 0
213 7 n1 n5 158 0.950 1
213 8 n1 n3 46 0.950 0
214 1 n3 n5 155 0.230 1
214 2 n3 n3 51 0.230 0
214 3 n5 n5 181 0.260 1
214 4 n5 n3 39 0.260 0
214 5 n2 n5 152 0.140 1
214 6 n2 n3 47 0.140 0
214 7 n1 n5 153 0.260 1
214 8 n1 n3 48 0.260 0
215 1 n3 n5 153 0.380 1
215 2 n3 n3 53 0.380 0
215 3 n5 n5 176 0.330 1
215 4 n5 n3 40 0.330 0
215 5 n2 n5 150 0.710 1
215 6 n2 n3 48 0.710 0
215 7 n1 n5 147 0.000 1
215 8 n1 n3 49 0.000 0
216 1 n3 n5 153 0.840 1
216 2 n3 n3 52 0.840 0
216 3 n5 n5 174 0.380 1
216 4 n5 n3 40 0.380 0
216 5 n2 n5 147 0.220 1
216 6 n2 n3 48 0.220 0
216 7 n1 n5 147 1.080 1
216 8 n1 n3 49 1.080 0
217 1 n3 n5 153 0.490 1
217 2 n3 n3 53 0.490 0
217 3 n5 n5 174 0.470 1
217 4 n5 n3 41 0.470 0
217 5 n2 n5 147 0.260 1
217 6 n2 n3 48 0.260 0
217 7 n1 n5 146 0.080 1
217 8 n1 n3 48 0.080 0
218 1 n3 n5 155 0.420 1
218 2 n3 n3 53 0.420 0
218 3 n5 n5 170 0.020 1
218 4 n5 n3 42 0.020 0
218 5 n2 n5 154 0.310 1
218 6 n2 n3 47 0.310 0
218 7 n1 n5 137 0.030 1
218 8 n1 n3 46 0.030 0
219 1 n3 n5 158 0.070 1
219 2 n3 n3 53 0.070 0
219 3 n5 n5 170 0.080 1
219 4 n5 n3 42 0.080 0
219 5 n2 n5 151 0.360 1
219 6 n2 n3 45 0.360 0
219 7 n1 n5 137 0.220 1
219 8 n1 n3 46 0.220 0
220 1 n3 n5 158 0.140 1
220 2 n3 n3 52 0.140 0
220 3 n5 n5 170 0.470 1
220 4 n5 n3 42 0.470 0
220 5 n2 n5 151 0.410 1
220 6 n2 n3 45 0.410 0
220 7 n1 n5 137 0.280 1
220 8 n1 n3 45 0.280 0
221 1 n3 n5 158 1.220 1
221 2 n3 n3 52 1.220 0
221 3 n5 n5 0 0.110 0
221 4 n5 n3 43 0.110 1
221 5 n2 n5 145 0.460 1
221 6 n2 n3 44 0.460 0
221 7 n1 n5 137 0.300 1
221 8 n1 n3 45 0.300 0
222 1 n3 n5 0 0.280 0
222 2 n3 n3 52 0.280 1
222 3 n5 n5 0 1.190 0
222 4 n5 n3 43 1.190 1
222 5 n2 n5 142 1.010 1
222 6 n2 n3 44 1.010 0
222 7 n1 n5 0 0.340 0
222 8 n1 n3 46 0.340 1
223 1 n3 n5 0 0.370 0
223 2 n3 n3 49 0.370 1
223 3 n5 n5 0 0.510 0
223 4 n5 n3 42 0.510 1
223 5 n2 n5 142 0.590 1
223 6 n2 n3 42 0.590 0
223 7 n1 n5 0 0.430 0
223 8 n1 n3 44 0.430 1
224 1 n3 n5 0 0.410 0
224 2 n3 n3 45 0.410 1
224 3 n5 n5 0 1.000 0
224 4 n5 n3 41 1.000 1
224 5 n2 n5 142 0.130 1
224 6 n2 n3 40 0.130 0
224 7 n1 n5 0 1.020 0
224 8 n1 n3 42 1.020 1
225 1 n3 n5 0 0.440 0
225 2 n3 n3 43 0.440 1
225 3 n5 n5 0 0.970 0
225 4 n5 n3 40 0.970 1
225 5 n2 n5 0 0.680 0
225 6 n2 n3 38 0.680 1
225 7 n1 n5 0 0.080 0
225 8 n1 n3 38 0.080 1
226 1 n3 n5 0 0.480 0
226 2 n3 n3 42 0.480 1
226 3 n5 n5 0 0.220 0
226 4 n5 n3 39 0.220 1
226 5 n2 n5 0 0.220 0
226 6 n2 n3 37 0.220 1
226 7 n1 n5 0 0.130 0
226 8 n1 n3 37 0.130 1
227 1 n3 n5 0 1.050 0
227 2 n3 n3 42 1.050 1
227 3 n5 n5 0 1.300 0
227 4 n5 n3 39 1.300 1
227 5 n2 n5 0 0.780 0
227 6 n2 n3 35 0.780 1
227 7 n1 n5 0 1.210 0
227 8 n1 n3 37 1.210 1
228 1 n3 n5 0 0.550 0
228 2 n3 n3 43 0.550 1
228 3 n5 n5 0 2.390 0
228 4 n5 n3 39 2.390 1
228 5 n2 n5 0 0.230 0
228 6 n2 n3 35 0.230 1
228 7 n1 n5 0 0.260 0
228 8 n1 n3 37 0.260 1
229 1 n3 n5 0 0.080 0
229 2 n3 n3 42 0.080 1
229 3 n5 n5 0 3.480 0
229 4 n5 n3 39 3.480 1
229 5 n2 n5 0 0.120 0
229 6 n2 n3 36 0.120 1
229 7 n1 n5 0 0.330 0
229 8 n1 n3 35 0.330 1
230 1 n3 n5 0 0.140 0
230 2 n3 n3 40 0.140 1
230 3 n5 n5 0 0.490 0
230 4 n5 n3 37 0.490 1
230 5 n2 n5 0 0.820 0
230 6 n2 n3 35 0.820 1
230 7 n1 n5 0 0.380 0
230 8 n1 n3 34 0.380 1
231 1 n3 n5 0 0.190 0
231 2 n3 n3 37 0.190 1
231 3 n5 n5 0 0.180 0
231 4 n5 n3 35 0.180 1
231 5 n2 n5 0 0.720 0
231 6 n2 n3 35 0.720 1
231 7 n1 n5 0 1.460 0
231 8 n1 n3 34 1.460 1
232 1 n3 n5 0 0.770 0
232 2 n3 n3 36 0.770 1
232 3 n5 n5 0 0.680 0
232 4 n5 n3 33 0.680 1
232 5 n2 n5 0 0.420 0
232 6 n2 n3 31 0.420 1
232 7 n1 n5 0 0.460 0
232 8 n1 n3 32 0.460 1
233 1 n3 n5 0 0.300 0
233 2 n3 n3 34 0.300 1
233 3 n5 n5 0 0.220 0
233 4 n5 n3 30 0.220 1
233 5 n2 n5 0 0.330 0
233 6 n2 n3 29 0.330 1
233 7 n1 n5 0 1.530 0
233 8 n1 n3 32 1.530 1
234 1 n3 n5 0 0.280 0
234 2 n3 n3 32 0.280 1
234 3 n5 n5 0 0.840 0
234 4 n5 n3 29 0.840 1
234 5 n2 n5 0 0.520 0
234 6 n2 n3 28 0.520 1
234 7 n1 n5 0 0.530 0
234 8 n1 n3 30 0.530 1
235 1 n3 n5 0 0.430 0
235 2 n3 n3 32 0.430 1
235 3 n5 n5 0 0.220 0
235 4 n5 n3 26 0.220 1
235 5 n2 n5 0 0.090 0
235 6 n2 n3 28 0.090 1
235 7 n1 n5 0 0.060 0
235 8 n1 n3 30 0.060 1
236 1 n3 n5 0 0.470 0
236 2 n3 n3 32 0.470 1
236 3 n5 n5 0 1.300 0
236 4 n5 n3 26 1.300 1
236 5 n2 n5 0 0.660 0
236 6 n2 n3 28 0.660 1
236 7 n1 n5 0 0.080 0
236 8 n1 n3 30 0.080 1
237 1 n3 n5 0 0.490 0
237 2 n3 n3 32 0.490 1
237 3 n5 n5 0 0.160 0
237 4 n5 n3 26 0.160 1
237 5 n2 n5 0 0.160 0
237 6 n2 n3 29 0.160 1
237 7 n1 n5 0 0.130 0
237 8 n1 n3 30 0.130 1
238 1 n3 n5 0 0.560 0
238 2 n3 n3 32 0.560 1
238 3 n5 n5 0 0.560 0
238 4 n5 n3 26 0.560 1
238 5 n2 n5 0 1.230 0
238 6 n2 n3 29 1.230 1
238 7 n1 n5 0 1.200 0
238 8 n1 n3 30 1.200 1
239 1 n3 n5 0 1.650 0
239 2 n3 n3 32 1.650 1
239 3 n5 n5 0 0.790 0
239 4 n5 n3 26 0.790 1
239 5 n2 n5 0 0.250 0
239 6 n2 n3 30 0.250 1
239 7 n1 n5 0 0.240 0
239 8 n1 n3 30 0.240 1
240 1 n3 n5 0 2.720 0
240 2 n3 n3 32 2.720 1
240 3 n5 n5 0 0.290 0
240 4 n5 n3 29 0.290 1
240 5 n2 n5 0 0.290 0
240 6 n2 n3 32 0.290 1
240 7 n1 n5 0 0.290 0
240 8 n1 n3 32 0.290 1
241 1 n3 n5 0 0.250 0
241 2 n3 n3 34 0.250 1
241 3 n5 n5 0 0.400 0
241 4 n5 n3 30 0.400 1
241 5 n2 n5 0 0.400 0
241 6 n2 n3 33 0.400 1
241 7 n1 n5 0 0.380 0
241 8 n1 n3 34 0.380 1
242 1 n3 n5 0 0.840 0
242 2 n3 n3 35 0.840 1
242 3 n5 n5 0 1.500 0
242 4 n5 n3 30 1.500 1
242 5 n2 n5 0 0.440 0
242 6 n2 n3 33 0.440 1
242 7 n1 n5 0 0.450 0
242 8 n1 n3 34 0.450 1
243 1 n3 n5 0 0.410 0
243 2 n3 n3 34 0.410 1
243 3 n5 n5 0 0.510 0
243 4 n5 n3 31 0.510 1
243 5 n2 n5 0 0.510 0
243 6 n2 n3 32 0.510 1
243 7 n1 n5 0 0.500 0
243 8 n1 n3 33 0.500 1
244 1 n3 n5 0 0.960 0
244 2 n3 n3 32 0.960 1
244 3 n5 n5 0 1.590 0
244 4 n5 n3 31 1.590 1
244 5 n2 n5 0 0.530 0
244 6 n2 n3 31 0.530 1
244 7 n1 n5 0 0.530 0
244 8 n1 n3 32 0.530 1
245 1 n3 n5 0 0.040 0
245 2 n3 n3 27 0.040 1
245 3 n5 n5 0 0.210 0
245 4 n5 n3 28 0.210 1
245 5 n2 n5 0 0.100 0
245 6 n2 n3 27 0.100 1
245 7 n1 n5 0 0.070 0
245 8 n1 n3 28 0.070 1
246 1 n3 n5 0 0.130 0
246 2 n3 n3 27 0.130 1
246 3 n5 n5 0 1.300 0
246 4 n5 n3 28 1.300 1
246 5 n2 n5 0 0.190 0
246 6 n2 n3 25 0.190 1
246 7 n1 n5 0 0.120 0
246 8 n1 n3 26 0.120 1
247 1 n3 n5 0 0.710 0
247 2 n3 n3 27 0.710 1
247 3 n5 n5 0 2.380 0
247 4 n5 n3 28 2.380 1
247 5 n2 n5 0 1.270 0
247 6 n2 n3 25 1.270 1
247 7 n1 n5 0 1.200 0
247 8 n1 n3 26 1.200 1
248 1 n3 n5 0 0.280 0
248 2 n3 n3 27 0.280 1
248 3 n5 n5 0 0.450 0
248 4 n5 n3 24 0.450 1
248 5 n2 n5 0 0.310 0
248 6 n2 n3 24 0.310 1
248 7 n1 n5 0 0.740 0
248 8 n1 n3 25 0.740 1
249 1 n3 n5 0 0.310 0
249 2 n3 n3 26 0.310 1
249 3 n5 n5 0 0.510 0
249 4 n5 n3 23 0.510 1
249 5 n2 n5 0 0.360 0
249 6 n2 n3 23 0.360 1
249 7 n1 n5 0 0.810 0
249 8 n1 n3 25 0.810 1
250 1 n3 n5 0 0.390 0
250 2 n3 n3 26 0.390 1
250 3 n5 n5 0 0.520 0
250 4 n5 n3 22 0.520 1
250 5 n2 n5 0 1.440 0
250 6 n2 n3 23 1.440 1
250 7 n1 n5 0 0.350 0
250 8 n1 n3 24 0.350 1
251 1 n3 n5 0 1.470 0
251 2 n3 n3 26 1.470 1
251 3 n5 n5 0 0.640 0
251 4 n5 n3 22 0.640 1
251 5 n2 n5 0 0.980 0
251 6 n2 n3 23 0.980 1
251 7 n1 n5 0 0.390 0
251 8 n1 n3 24 0.390 1
252 1 n3 n5 0 2.580 0
252 2 n3 n3 26 2.580 1
252 3 n5 n5 0 0.700 0
252 4 n5 n3 21 0.700 1
252 5 n2 n5 0 0.530 0
252 6 n2 n3 21 0.530 1
252 7 n1 n5 0 0.480 0
252 8 n1 n3 22 0.480 1
253 1 n3 n5 0 0.560 0
253 2 n3 n3 25 0.560 1
253 3 n5 n5 0 0.110 0
253 4 n5 n3 19 0.110 1
253 5 n2 n5 0 0.110 0
253 6 n2 n3 18 0.110 1
253 7 n1 n5 0 0.040 0
253 8 n1 n3 19 0.040 1
254 1 n3 n5 0 0.660 0
254 2 n3 n3 24 0.660 1
254 3 n5 n5 0 0.290 0
254 4 n5 n3 18 0.290 1
254 5 n2 n5 0 0.760 0
254 6 n2 n3 18 0.760 1
254 7 n1 n5 0 0.160 0
254 8 n1 n3 19 0.160 1
255 1 n3 n5 0 0.180 0
255 2 n3 n3 21 0.180 1
255 3 n5 n5 0 0.370 0
255 4 n5 n3 16 0.370 1
255 5 n2 n5 0 0.370 0
255 6 n2 n3 16 0.370 1
255 7 n1 n5 0 0.180 0
255 8 n1 n3 17 0.180 1
256 1 n3 n5 0 0.250 0
256 2 n3 n3 15 0.250 1
256 3 n5 n5 0 0.440 0
256 4 n5 n3 13 0.440 1
256 5 n2 n5 0 0.310 0
256 6 n2 n3 13 0.310 1
256 7 n1 n5 0 0.740 0
256 8 n1 n3 15 0.740 1
257 1 n3 n5 0 0.310 0
257 2 n3 n3 11 0.310 1
257 3 n5 n5 0 0.450 0
257 4 n5 n3 10 0.450 1
257 5 n2 n5 0 0.350 0
257 6 n2 n3 10 0.350 1
257 7 n1 n5 0 0.310 0
257 8 n1 n3 12 0.310 1
258 1 n3 n5 0 0.860 0
258 2 n3 n3 10 0.860 1
258 3 n5 n5 0 0.570 0
258 4 n5 n3 9 0.570 1
258 5 n2 n5 0 0.400 0
258 6 n2 n3 9 0.400 1
258 7 n1 n5 0 0.360 0
258 8 n1 n3 9 0.360 1
259 1 n3 n5 0 0.400 0
259 2 n3 n3 10 0.400 1
259 3 n5 n5 0 0.050 0
259 4 n5 n3 9 0.050 1
259 5 n2 n5 0 0.980 0
259 6 n2 n3 9 0.980 1
259 7 n1 n5 0 1.450 0
259 8 n1 n3 9 1.450 1
260 1 n3 n5 0 0.450 0
260 2 n3 n3 10 0.450 1
260 3 n5 n5 0 1.130 0
260 4 n5 n3 9 1.130 1
260 5 n2 n5 0 0.520 0
260 6 n2 n3 8 0.520 1
260 7 n1 n5 0 0.500 0
260 8 n1 n3 9 0.500 1
261 1 n3 n5 0 1.020 0
261 2 n3 n3 10 1.020 1
261 3 n5 n5 0 0.630 0
261 4 n5 n3 9 0.630 1
261 5 n2 n5 0 1.590 0
261 6 n2 n3 8 1.590 1
261 7 n1 n5 0 1.570 0
261 8 n1 n3 9 1.570 1
262 1 n3 n5 0 2.110 0
262 2 n3 n3 10 2.110 1
262 3 n5 n5 0 0.670 0
262 4 n5 n3 8 0.670 1
262 5 n2 n5 0 0.220 0
262 6 n2 n3 8 0.220 1
262 7 n1 n5 0 0.080 0
262 8 n1 n3 9 0.080 1
263 1 n3 n5 0 0.140 0
263 2 n3 n3 10 0.140 1
263 3 n5 n5 0 0.240 0
263 4 n5 n3 8 0.240 1
263 5 n2 n5 0 0.770 0
263 6 n2 n3 8 0.770 1
263 7 n1 n5 0 1.160 0
263 8 n1 n3 9 1.160 1
264 1 n3 n5 0 0.700 0
264 2 n3 n3 10 0.700 1
264 3 n5 n5 0 0.360 0
264 4 n5 n3 8 0.360 1
264 5 n2 n5 0 0.300 0
264 6 n2 n3 8 0.300 1
264 7 n1 n5 0 2.250 0
264 8 n1 n3 9 2.250 1
265 1 n3 n5 0 0.720 0
265 2 n3 n3 9 0.720 1
265 3 n5 n5 0 0.330 0
265 4 n5 n3 6 0.330 1
265 5 n2 n5 0 0.860 0
265 6 n2 n3 9 0.860 1
265 7 n1 n5 0 0.220 0
265 8 n1 n3 7 0.220 1
266 1 n3 n5 0 0.790 0
266 2 n3 n3 9 0.790 1
266 3 n5 n5 0 0.440 0
266 4 n5 n3 7 0.440 1
266 5 n2 n5 0 0.420 0
266 6 n2 n3 9 0.420 1
266 7 n1 n5 0 0.290 0
266 8 n1 n3 7 0.290 1
267 1 n3 n5 0 0.310 0
267 2 n3 n3 10 0.310 1
267 3 n5 n5 0 0.460 0
267 4 n5 n3 8 0.460 1
267 5 n2 n5 0 0.460 0
267 6 n2 n3 9 0.460 1
267 7 n1 n5 0 0.360 0
267 8 n1 n3 8 0.360 1
268 1 n3 n5 0 0.900 0
268 2 n3 n3 10 0.900 1
268 3 n5 n5 0 0.510 0
268 4 n5 n3 8 0.510 1
268 5 n2 n5 0 0.040 0
268 6 n2 n3 8 0.040 1
268 7 n1 n5 0 0.440 0
268 8 n1 n3 8 0.440 1
269 1 n3 n5 0 0.470 0
269 2 n3 n3 9 0.470 1
269 3 n5 n5 0 0.170 0
269 4 n5 n3 7 0.170 1
269 5 n2 n5 0 0.610 0
269 6 n2 n3 7 0.610 1
269 7 n1 n5 0 1.020 0
269 8 n1 n3 7 1.020 1
270 1 n3 n5 0 0.520 0
270 2 n3 n3 7 0.520 1
270 3 n5 n5 0 1.260 0
270 4 n5 n3 7 1.260 1
270 5 n2 n5 0 1.700 0
270 6 n2 n3 7 1.700 1
270 7 n1 n5 0 0.060 0
270 8 n1 n3 6 0.060 1
271 1 n3 n5 0 0.060 0
271 2 n3 n3 7 0.060 1
271 3 n5 n5 0 0.590 0
271 4 n5 n3 6 0.590 1
271 5 n2 n5 0 0.230 0
271 6 n2 n3 6 0.230 1
271 7 n1 n5 0 0.110 0
271 8 n1 n3 6 0.110 1
272 1 n3 n5 0 1.150 0
272 2 n3 n3 7 1.150 1
272 3 n5 n5 0 0.690 0
272 4 n5 n3 6 0.690 1
272 5 n2 n5 0 0.800 0
272 6 n2 n3 6 0.800 1
272 7 n1 n5 0 0.700 0
272 8 n1 n3 6 0.700 1
273 1 n3 n5 0 0.180 0
273 2 n3 n3 9 0.180 1
273 3 n5 n5 0 0.220 0
273 4 n5 n3 6 0.220 1
273 5 n2 n5 0 0.350 0
273 6 n2 n3 7 0.350 1
273 7 n1 n5 0 0.740 0
273 8 n1 n3 7 0.740 1
274 1 n3 n5 0 0.740 0
274 2 n3 n3 11 0.740 1
274 3 n5 n5 0 0.440 0
274 4 n5 n3 8 0.440 1
274 5 n2 n5 0 0.420 0
274 6 n2 n3 9 0.420 1
274 7 n1 n5 0 0.270 0
274 8 n1 n3 9 0.270 1
275 1 n3 n5 0 0.280 0
275 2 n3 n3 12 0.280 1
275 3 n5 n5 0 1.530 0
275 4 n5 n3 8 1.530 1
275 5 n2 n5 0 0.480 0
275 6 n2 n3 9 0.480 1
275 7 n1 n5 0 0.350 0
275 8 n1 n3 9 0.350 1
276 1 n3 n5 0 0.330 0
276 2 n3 n3 13 0.330 1
276 3 n5 n5 0 0.410 0
276 4 n5 n3 9 0.410 1
276 5 n2 n5 0 1.560 0
276 6 n2 n3 9 1.560 1
276 7 n1 n5 0 0.380 0
276 8 n1 n3 11 0.380 1
277 1 n3 n5 0 0.380 0
277 2 n3 n3 16 0.380 1
277 3 n5 n5 0 1.490 0
277 4 n5 n3 9 1.490 1
277 5 n2 n5 0 0.050 0
277 6 n2 n3 11 0.050 1
277 7 n1 n5 0 0.430 0
277 8 n1 n3 12 0.430 1
278 1 n3 n5 0 0.460 0
278 2 n3 n3 17 0.460 1
278 3 n5 n5 0 2.590 0
278 4 n5 n3 9 2.590 1
278 5 n2 n5 0 0.130 0
278 6 n2 n3 14 0.130 1
278 7 n1 n5 0 1.030 0
278 8 n1 n3 13 1.030 1
279 1 n3 n5 0 0.490 0
279 2 n3 n3 19 0.490 1
279 3 n5 n5 0 0.230 0
279 4 n5 n3 13 0.230 1
279 5 n2 n5 0 0.150 0
279 6 n2 n3 17 0.150 1
279 7 n1 n5 0 0.090 0
279 8 n1 n3 16 0.090 1
280 1 n3 n5 0 0.030 0
280 2 n3 n3 24 0.030 1
280 3 n5 n5 0 0.310 0
280 4 n5 n3 18 0.310 1
280 5 n2 n5 0 0.730 0
280 6 n2 n3 18 0.730 1
280 7 n1 n5 0 0.150 0
280 8 n1 n3 19 0.150 1
281 1 n3 n5 0 0.620 0
281 2 n3 n3 25 0.620 1
281 3 n5 n5 0 0.380 0
281 4 n5 n3 21 0.380 1
281 5 n2 n5 0 0.300 0
281 6 n2 n3 21 0.300 1
281 7 n1 n5 0 0.200 0
281 8 n1 n3 21 0.200 1
282 1 n3 n5 0 0.170 0
282 2 n3 n3 26 0.170 1
282 3 n5 n5 0 1.460 0
282 4 n5 n3 21 1.460 1
282 5 n2 n5 0 0.360 0
282 6 n2 n3 23 0.360 1
282 7 n1 n5 0 0.250 0
282 8 n1 n3 22 0.250 1
283 1 n3 n5 0 0.200 0
283 2 n3 n3 28 0.200 1
283 3 n5 n5 0 0.480 0
283 4 n5 n3 23 0.480 1
283 5 n2 n5 0 0.420 0
283 6 n2 n3 24 0.420 1
283 7 n1 n5 0 0.820 0
283 8 n1 n3 22 0.820 1
284 1 n3 n5 0 0.230 0
284 2 n3 n3 28 0.230 1
284 3 n5 n5 0 0.010 0
284 4 n5 n3 24 0.010 1
284 5 n2 n5 0 0.470 0
284 6 n2 n3 24 0.470 1
284 7 n1 n5 0 0.330 0
284 8 n1 n3 23 0.330 1
285 1 n3 n5 0 0.280 0
285 2 n3 n3 31 0.280 1
285 3 n5 n5 0 1.100 0
285 4 n5 n3 24 1.100 1
285 5 n2 n5 0 0.510 0
285 6 n2 n3 26 0.510 1
285 7 n1 n5 0 0.400 0
285 8 n1 n3 25 0.400 1
286 1 n3 n5 0 0.320 0
286 2 n3 n3 35 0.320 1
286 3 n5 n5 0 0.110 0
286 4 n5 n3 25 0.110 1
286 5 n2 n5 0 0.070 0
286 6 n2 n3 29 0.070 1
286 7 n1 n5 0 0.460 0
286 8 n1 n3 28 0.460 1
287 1 n3 n5 0 1.410 0
287 2 n3 n3 35 1.410 1
287 3 n5 n5 0 0.170 0
287 4 n5 n3 28 0.170 1
287 5 n2 n5 0 1.160 0
287 6 n2 n3 29 1.160 1
287 7 n1 n5 0 1.550 0
287 8 n1 n3 28 1.550 1
288 1 n3 n5 0 0.420 0
288 2 n3 n3 41 0.420 1
288 3 n5 n5 0 0.230 0
288 4 n5 n3 33 0.230 1
288 5 n2 n5 0 0.130 0
288 6 n2 n3 32 0.130 1
288 7 n1 n5 0 0.040 0
288 8 n1 n3 32 0.040 1
289 1 n3 n5 0 0.480 0
289 2 n3 n3 43 0.480 1
289 3 n5 n5 0 0.290 0
289 4 n5 n3 37 0.290 1
289 5 n2 n5 0 0.200 0
289 6 n2 n3 37 0.200 1
289 7 n1 n5 0 0.080 0
289 8 n1 n3 35 0.080 1
290 1 n3 n5 0 0.520 0
290 2 n3 n3 46 0.520 1
290 3 n5 n5 0 0.380 0
290 4 n5 n3 39 0.380 1
290 5 n2 n5 0 0.800 0
290 6 n2 n3 39 0.800 1
290 7 n1 n5 0 0.130 0
290 8 n1 n3 38 0.130 1
291 1 n3 n5 0 0.070 0
291 2 n3 n3 51 0.070 1
291 3 n5 n5 0 0.480 0
291 4 n5 n3 39 0.480 1
291 5 n2 n5 0 0.860 0
291 6 n2 n3 42 0.860 1
291 7 n1 n5 0 0.240 0
291 8 n1 n3 39 0.240 1
292 1 n3 n5 0 0.620 0
292 2 n3 n3 52 0.620 1
292 3 n5 n5 0 0.620 0
292 4 n5 n3 41 0.620 1
292 5 n2 n5 0 0.890 0
292 6 n2 n3 43 0.890 1
292 7 n1 n5 0 0.810 0
292 8 n1 n3 40 0.810 1
293 1 n3 n5 0 0.160 0
293 2 n3 n3 53 0.160 1
293 3 n5 n5 0 0.160 0
293 4 n5 n3 42 0.160 1
293 5 n2 n5 0 0.420 0
293 6 n2 n3 45 0.420 1
293 7 n1 n5 0 1.890 0
293 8 n1 n3 40 1.890 1
294 1 n3 n5 0 0.210 0
294 2 n3 n3 54 0.210 1
294 3 n5 n5 0 0.210 0
294 4 n5 n3 43 0.210 1
294 5 n2 n5 0 0.470 0
294 6 n2 n3 46 0.470 1
294 7 n1 n5 0 0.420 0
294 8 n1 n3 41 0.420 1
295 1 n3 n5 0 0.250 0
295 2 n3 n3 57 0.250 1
295 3 n5 n5 0 0.250 0
295 4 n5 n3 47 0.250 1
295 5 n2 n5 0 0.010 0
295 6 n2 n3 47 0.010 1
295 7 n1 n5 0 1.010 0
295 8 n1 n3 42 1.010 1
296 1 n3 n5 0 0.270 0
296 2 n3 n3 57 0.270 1
296 3 n5 n5 0 0.280 0
296 4 n5 n3 47 0.280 1
296 5 n2 n5 0 0.600 0
296 6 n2 n3 47 0.600 1
296 7 n1 n5 0 0.550 0
296 8 n1 n3 42 0.550 1
297 1 n3 n5 0 0.330 0
297 2 n3 n3 57 0.330 1
297 3 n5 n5 0 0.330 0
297 4 n5 n3 47 0.330 1
297 5 n2 n5 0 0.130 0
297 6 n2 n3 48 0.130 1
297 7 n1 n5 0 0.090 0
297 8 n1 n3 43 0.090 1
298 1 n3 n5 0 0.400 0
298 2 n3 n3 56 0.400 1
298 3 n5 n5 0 0.400 0
298 4 n5 n3 47 0.400 1
298 5 n2 n5 0 0.170 0
298 6 n2 n3 48 0.170 1
298 7 n1 n5 0 0.670 0
298 8 n1 n3 44 0.670 1
299 1 n3 n5 0 0.420 0
299 2 n3 n3 57 0.420 1
299 3 n5 n5 0 1.480 0
299 4 n5 n3 47 1.480 1
299 5 n2 n5 0 0.220 0
299 6 n2 n3 48 0.220 1
299 7 n1 n5 0 0.710 0
299 8 n1 n3 44 0.710 1
300 1 n3 n5 0 0.480 0
300 2 n3 n3 58 0.480 1
300 3 n5 n5 0 0.490 0
300 4 n5 n3 46 0.490 1
300 5 n2 n5 0 0.270 0
300 6 n2 n3 48 0.270 1
300 7 n1 n5 0 0.220 0
300 8 n1 n3 45 0.220 1
