PING n5 (00:00:0d:18:08:05) 116(144) bytes of data
116 bytes from n5 icmp_seq=1 ttl=48 time=10.37 ms
RR: 	n4
	n3
	n2
	n5
	n5
	n1
	n3
	n4

116 bytes from n5 icmp_seq=2 ttl=48 time=4.03 ms	(same route)
116 bytes from n5 icmp_seq=3 ttl=48 time=5.11 ms	(same route)
116 bytes from n5 icmp_seq=4 ttl=48 time=4.26 ms	(same route)
116 bytes from n5 icmp_seq=5 ttl=48 time=9.97 ms	(same route)
116 bytes from n5 icmp_seq=6 ttl=48 time=4.00 ms	(same route)
116 bytes from n5 icmp_seq=7 ttl=48 time=8.73 ms	(same route)
116 bytes from n5 icmp_seq=8 ttl=48 time=20.15 ms	(same route)
116 bytes from n5 icmp_seq=9 ttl=48 time=3.68 ms	(same route)
116 bytes from n5 icmp_seq=10 ttl=48 time=27.14 ms	(same route)
116 bytes from n5 icmp_seq=11 ttl=48 time=29.43 ms	(same route)
116 bytes from n5 icmp_seq=12 ttl=48 time=6.26 ms	(same route)
116 bytes from n5 icmp_seq=13 ttl=48 time=4.85 ms	(same route)
116 bytes from n5 icmp_seq=14 ttl=48 time=4.06 ms	(same route)
116 bytes from n5 icmp_seq=15 ttl=48 time=16.53 ms
RR: 	n4
	n3
	n1
	n5
	n5
	n1
	n3
	n4

116 bytes from n5 icmp_seq=16 ttl=48 time=7.71 ms	(same route)
116 bytes from n5 icmp_seq=17 ttl=48 time=6.84 ms	(same route)
116 bytes from n5 icmp_seq=18 ttl=48 time=3.49 ms	(same route)
116 bytes from n5 icmp_seq=19 ttl=48 time=3.58 ms	(same route)
116 bytes from n5 icmp_seq=20 ttl=48 time=4.23 ms	(same route)
116 bytes from n5 icmp_seq=21 ttl=48 time=5.00 ms
RR: 	n4
	n3
	n2
	n5
	n5
	n1
	n3
	n4

116 bytes from n5 icmp_seq=22 ttl=48 time=7.93 ms
RR: 	n4
	n3
	n1
	n5
	n5
	n1
	n3
	n4

116 bytes from n5 icmp_seq=23 ttl=48 time=5.59 ms	(same route)
116 bytes from n5 icmp_seq=24 ttl=48 time=4.27 ms	(same route)
116 bytes from n5 icmp_seq=25 ttl=48 time=15.78 ms	(same route)
116 bytes from n5 icmp_seq=26 ttl=48 time=3.53 ms
RR: 	n4
	n3
	n2
	n5
	n5
	n1
	n3
	n4

116 bytes from n5 icmp_seq=27 ttl=48 time=8.42 ms	(same route)
116 bytes from n5 icmp_seq=28 ttl=48 time=3.56 ms	(same route)
116 bytes from n5 icmp_seq=29 ttl=48 time=5.81 ms	(same route)
116 bytes from n5 icmp_seq=30 ttl=48 time=8.33 ms	(same route)
116 bytes from n5 icmp_seq=31 ttl=48 time=10.91 ms	(same route)
116 bytes from n5 icmp_seq=32 ttl=48 time=11.01 ms
RR: 	n4
	n3
	n2
	n5
	n5
	n2
	n3
	n4

116 bytes from n5 icmp_seq=33 ttl=48 time=14.27 ms	(same route)
116 bytes from n5 icmp_seq=34 ttl=48 time=8.56 ms	(same route)
116 bytes from n5 icmp_seq=35 ttl=48 time=80.21 ms	(same route)
116 bytes from n5 icmp_seq=36 ttl=48 time=129.91 ms	(same route)
116 bytes from n5 icmp_seq=37 ttl=48 time=3.90 ms	(same route)
116 bytes from n5 icmp_seq=38 ttl=48 time=3.47 ms	(same route)
116 bytes from n5 icmp_seq=39 ttl=48 time=4.85 ms	(same route)
116 bytes from n5 icmp_seq=40 ttl=48 time=7.98 ms	(same route)
116 bytes from n5 icmp_seq=41 ttl=48 time=4.93 ms	(same route)
116 bytes from n5 icmp_seq=42 ttl=48 time=3.96 ms	(same route)
116 bytes from n5 icmp_seq=43 ttl=48 time=8.44 ms	(same route)
116 bytes from n5 icmp_seq=44 ttl=48 time=8.76 ms	(same route)
116 bytes from n5 icmp_seq=45 ttl=48 time=3.67 ms	(same route)
116 bytes from n5 icmp_seq=46 ttl=48 time=13.97 ms	(same route)
116 bytes from n5 icmp_seq=47 ttl=48 time=23.03 ms	(same route)
116 bytes from n5 icmp_seq=48 ttl=48 time=11.22 ms	(same route)
116 bytes from n5 icmp_seq=49 ttl=48 time=13.96 ms	(same route)
116 bytes from n5 icmp_seq=50 ttl=48 time=3.46 ms	(same route)
116 bytes from n5 icmp_seq=51 ttl=48 time=4.40 ms	(same route)
116 bytes from n5 icmp_seq=52 ttl=48 time=9.04 ms	(same route)
116 bytes from n5 icmp_seq=53 ttl=48 time=3.61 ms	(same route)
116 bytes from n5 icmp_seq=54 ttl=48 time=17.08 ms	(same route)
116 bytes from n5 icmp_seq=55 ttl=48 time=28.13 ms	(same route)
116 bytes from n5 icmp_seq=56 ttl=48 time=4.97 ms	(same route)
116 bytes from n5 icmp_seq=57 ttl=48 time=3.98 ms	(same route)
116 bytes from n5 icmp_seq=58 ttl=48 time=6.64 ms
RR: 	n4
	n3
	n1
	n5
	n5
	n2
	n3
	n4

116 bytes from n5 icmp_seq=59 ttl=48 time=3.77 ms	(same route)
116 bytes from n5 icmp_seq=60 ttl=48 time=5.65 ms	(same route)
116 bytes from n5 icmp_seq=61 ttl=48 time=7.77 ms	(same route)
116 bytes from n5 icmp_seq=62 ttl=48 time=8.22 ms
RR: 	n4
	n3
	n1
	n5
	n5
	n1
	n3
	n4

116 bytes from n5 icmp_seq=63 ttl=48 time=8.40 ms
RR: 	n4
	n3
	n2
	n5
	n5
	n2
	n3
	n4

116 bytes from n5 icmp_seq=64 ttl=48 time=4.03 ms	(same route)
116 bytes from n5 icmp_seq=65 ttl=48 time=53.13 ms	(same route)
116 bytes from n5 icmp_seq=66 ttl=48 time=37.54 ms	(same route)
116 bytes from n5 icmp_seq=67 ttl=48 time=3.71 ms	(same route)
116 bytes from n5 icmp_seq=68 ttl=48 time=160.37 ms	(same route)
Reply from host n5 timed out
Reply from host n5 timed out
116 bytes from n5 icmp_seq=71 ttl=48 time=80.84 ms	(same route)
116 bytes from n5 icmp_seq=72 ttl=48 time=7.91 ms	(same route)
116 bytes from n5 icmp_seq=73 ttl=48 time=6.09 ms	(same route)
116 bytes from n5 icmp_seq=74 ttl=48 time=5.15 ms	(same route)
116 bytes from n5 icmp_seq=75 ttl=48 time=5.03 ms	(same route)
116 bytes from n5 icmp_seq=76 ttl=48 time=13.06 ms	(same route)
116 bytes from n5 icmp_seq=77 ttl=48 time=7.38 ms	(same route)
116 bytes from n5 icmp_seq=78 ttl=48 time=7.85 ms	(same route)
116 bytes from n5 icmp_seq=79 ttl=48 time=10.17 ms	(same route)
116 bytes from n5 icmp_seq=80 ttl=48 time=91.02 ms	(same route)
116 bytes from n5 icmp_seq=81 ttl=48 time=4.03 ms	(same route)
116 bytes from n5 icmp_seq=82 ttl=48 time=4.73 ms	(same route)
116 bytes from n5 icmp_seq=83 ttl=48 time=4.08 ms	(same route)
116 bytes from n5 icmp_seq=84 ttl=48 time=5.69 ms	(same route)
116 bytes from n5 icmp_seq=85 ttl=48 time=3.48 ms	(same route)
116 bytes from n5 icmp_seq=86 ttl=48 time=4.55 ms	(same route)
116 bytes from n5 icmp_seq=87 ttl=49 time=8.09 ms
RR: 	n4
	n3
	n2
	n5
	n5
	n3
	n4

116 bytes from n5 icmp_seq=88 ttl=49 time=3.22 ms	(same route)
116 bytes from n5 icmp_seq=89 ttl=50 time=2.60 ms
RR: 	n4
	n3
	n2
	n5
	n5
	n4

116 bytes from n5 icmp_seq=90 ttl=50 time=3.27 ms	(same route)
116 bytes from n5 icmp_seq=91 ttl=50 time=6.62 ms	(same route)
116 bytes from n5 icmp_seq=92 ttl=50 time=2.35 ms	(same route)
116 bytes from n5 icmp_seq=93 ttl=50 time=5.70 ms	(same route)
116 bytes from n5 icmp_seq=94 ttl=50 time=1.19 ms
RR: 	n4
	n5
	n5
	n4

116 bytes from n5 icmp_seq=95 ttl=50 time=1.22 ms	(same route)
116 bytes from n5 icmp_seq=96 ttl=50 time=1.29 ms	(same route)
116 bytes from n5 icmp_seq=97 ttl=50 time=156.14 ms	(same route)
116 bytes from n5 icmp_seq=98 ttl=50 time=14.10 ms	(same route)
116 bytes from n5 icmp_seq=99 ttl=50 time=13.15 ms	(same route)
116 bytes from n5 icmp_seq=100 ttl=50 time=2.99 ms	(same route)
116 bytes from n5 icmp_seq=101 ttl=50 time=1.05 ms	(same route)
116 bytes from n5 icmp_seq=102 ttl=50 time=32.81 ms	(same route)
116 bytes from n5 icmp_seq=103 ttl=50 time=7.85 ms	(same route)
116 bytes from n5 icmp_seq=104 ttl=50 time=1.34 ms	(same route)
116 bytes from n5 icmp_seq=105 ttl=50 time=1.22 ms	(same route)
116 bytes from n5 icmp_seq=106 ttl=50 time=9.22 ms	(same route)
116 bytes from n5 icmp_seq=107 ttl=50 time=134.19 ms	(same route)
116 bytes from n5 icmp_seq=108 ttl=50 time=3.66 ms	(same route)
116 bytes from n5 icmp_seq=109 ttl=50 time=2.95 ms	(same route)
116 bytes from n5 icmp_seq=110 ttl=50 time=5.77 ms	(same route)
116 bytes from n5 icmp_seq=111 ttl=50 time=1.15 ms	(same route)
116 bytes from n5 icmp_seq=112 ttl=50 time=53.77 ms	(same route)
116 bytes from n5 icmp_seq=113 ttl=50 time=1.14 ms	(same route)
116 bytes from n5 icmp_seq=114 ttl=50 time=1.09 ms	(same route)
116 bytes from n5 icmp_seq=115 ttl=50 time=2.83 ms	(same route)
116 bytes from n5 icmp_seq=116 ttl=50 time=1.12 ms	(same route)
116 bytes from n5 icmp_seq=117 ttl=50 time=1.06 ms	(same route)
116 bytes from n5 icmp_seq=118 ttl=50 time=1.05 ms	(same route)
116 bytes from n5 icmp_seq=119 ttl=50 time=154.65 ms	(same route)
116 bytes from n5 icmp_seq=120 ttl=50 time=251.93 ms	(same route)
116 bytes from n5 icmp_seq=121 ttl=50 time=731.55 ms	(same route)
Reply from host n5 timed out
116 bytes from n5 icmp_seq=123 ttl=50 time=863.20 ms	(same route)
116 bytes from n5 icmp_seq=124 ttl=50 time=164.97 ms	(same route)
116 bytes from n5 icmp_seq=125 ttl=50 time=11.14 ms	(same route)
116 bytes from n5 icmp_seq=126 ttl=50 time=72.35 ms	(same route)
116 bytes from n5 icmp_seq=127 ttl=50 time=1.07 ms	(same route)
116 bytes from n5 icmp_seq=128 ttl=50 time=1.13 ms	(same route)
116 bytes from n5 icmp_seq=129 ttl=50 time=401.34 ms	(same route)
116 bytes from n5 icmp_seq=130 ttl=50 time=5.99 ms	(same route)
116 bytes from n5 icmp_seq=131 ttl=50 time=20.02 ms	(same route)
116 bytes from n5 icmp_seq=132 ttl=50 time=470.80 ms	(same route)
116 bytes from n5 icmp_seq=133 ttl=50 time=471.58 ms	(same route)
116 bytes from n5 icmp_seq=134 ttl=50 time=78.17 ms	(same route)
116 bytes from n5 icmp_seq=135 ttl=50 time=95.25 ms	(same route)
116 bytes from n5 icmp_seq=136 ttl=50 time=136.64 ms	(same route)
116 bytes from n5 icmp_seq=137 ttl=50 time=380.67 ms	(same route)
116 bytes from n5 icmp_seq=138 ttl=50 time=801.22 ms	(same route)
Reply from host n5 timed out
116 bytes from n5 icmp_seq=140 ttl=50 time=336.07 ms	(same route)
116 bytes from n5 icmp_seq=141 ttl=50 time=297.18 ms	(same route)
116 bytes from n5 icmp_seq=142 ttl=50 time=519.86 ms	(same route)
116 bytes from n5 icmp_seq=143 ttl=50 time=184.35 ms	(same route)
116 bytes from n5 icmp_seq=144 ttl=50 time=526.13 ms	(same route)
116 bytes from n5 icmp_seq=145 ttl=50 time=982.12 ms	(same route)
Reply from host n5 timed out
Reply from host n5 timed out
116 bytes from n5 icmp_seq=148 ttl=50 time=10.47 ms	(same route)
116 bytes from n5 icmp_seq=149 ttl=50 time=187.68 ms	(same route)
116 bytes from n5 icmp_seq=150 ttl=50 time=172.93 ms	(same route)
116 bytes from n5 icmp_seq=151 ttl=50 time=134.31 ms	(same route)
116 bytes from n5 icmp_seq=152 ttl=50 time=1.99 ms	(same route)
116 bytes from n5 icmp_seq=153 ttl=50 time=57.18 ms	(same route)
116 bytes from n5 icmp_seq=154 ttl=50 time=2.07 ms	(same route)
116 bytes from n5 icmp_seq=155 ttl=50 time=72.78 ms	(same route)
116 bytes from n5 icmp_seq=156 ttl=50 time=2.03 ms	(same route)
116 bytes from n5 icmp_seq=157 ttl=50 time=39.25 ms	(same route)
116 bytes from n5 icmp_seq=158 ttl=50 time=1.20 ms	(same route)
116 bytes from n5 icmp_seq=159 ttl=50 time=14.59 ms	(same route)
116 bytes from n5 icmp_seq=160 ttl=50 time=172.49 ms	(same route)
116 bytes from n5 icmp_seq=161 ttl=50 time=6.47 ms	(same route)
116 bytes from n5 icmp_seq=162 ttl=50 time=21.61 ms	(same route)
116 bytes from n5 icmp_seq=163 ttl=50 time=59.88 ms	(same route)
116 bytes from n5 icmp_seq=164 ttl=50 time=25.18 ms	(same route)
116 bytes from n5 icmp_seq=165 ttl=50 time=11.33 ms	(same route)
116 bytes from n5 icmp_seq=166 ttl=50 time=12.26 ms	(same route)
116 bytes from n5 icmp_seq=167 ttl=50 time=21.24 ms	(same route)
116 bytes from n5 icmp_seq=168 ttl=50 time=24.01 ms	(same route)
116 bytes from n5 icmp_seq=169 ttl=50 time=149.76 ms	(same route)
116 bytes from n5 icmp_seq=170 ttl=50 time=27.67 ms	(same route)
116 bytes from n5 icmp_seq=171 ttl=50 time=57.03 ms	(same route)
116 bytes from n5 icmp_seq=172 ttl=50 time=11.14 ms	(same route)
116 bytes from n5 icmp_seq=173 ttl=50 time=228.31 ms	(same route)
116 bytes from n5 icmp_seq=174 ttl=50 time=191.81 ms	(same route)
116 bytes from n5 icmp_seq=175 ttl=50 time=387.76 ms	(same route)
116 bytes from n5 icmp_seq=176 ttl=50 time=22.02 ms	(same route)
116 bytes from n5 icmp_seq=177 ttl=50 time=94.75 ms	(same route)
116 bytes from n5 icmp_seq=178 ttl=50 time=226.57 ms	(same route)
116 bytes from n5 icmp_seq=179 ttl=50 time=2.09 ms	(same route)
116 bytes from n5 icmp_seq=180 ttl=50 time=28.77 ms	(same route)
116 bytes from n5 icmp_seq=181 ttl=50 time=38.77 ms	(same route)
116 bytes from n5 icmp_seq=182 ttl=50 time=98.86 ms	(same route)
116 bytes from n5 icmp_seq=183 ttl=50 time=327.05 ms	(same route)
116 bytes from n5 icmp_seq=184 ttl=50 time=132.98 ms	(same route)
116 bytes from n5 icmp_seq=185 ttl=50 time=6.23 ms	(same route)
116 bytes from n5 icmp_seq=186 ttl=50 time=1.42 ms	(same route)
116 bytes from n5 icmp_seq=187 ttl=50 time=75.08 ms	(same route)
116 bytes from n5 icmp_seq=188 ttl=50 time=5.26 ms	(same route)
116 bytes from n5 icmp_seq=189 ttl=50 time=6.13 ms	(same route)
116 bytes from n5 icmp_seq=190 ttl=50 time=1.23 ms	(same route)
116 bytes from n5 icmp_seq=191 ttl=50 time=1.25 ms	(same route)
116 bytes from n5 icmp_seq=192 ttl=50 time=1.39 ms	(same route)
116 bytes from n5 icmp_seq=193 ttl=50 time=1.76 ms	(same route)
116 bytes from n5 icmp_seq=194 ttl=50 time=3.09 ms	(same route)
116 bytes from n5 icmp_seq=195 ttl=50 time=172.41 ms	(same route)
116 bytes from n5 icmp_seq=196 ttl=50 time=1.25 ms	(same route)
116 bytes from n5 icmp_seq=197 ttl=50 time=1.29 ms	(same route)
116 bytes from n5 icmp_seq=198 ttl=50 time=3.54 ms	(same route)
116 bytes from n5 icmp_seq=199 ttl=50 time=1.84 ms	(same route)
116 bytes from n5 icmp_seq=200 ttl=50 time=1.24 ms	(same route)
116 bytes from n5 icmp_seq=201 ttl=50 time=1.18 ms	(same route)
116 bytes from n5 icmp_seq=202 ttl=50 time=5.64 ms	(same route)
116 bytes from n5 icmp_seq=203 ttl=50 time=1.65 ms	(same route)
116 bytes from n5 icmp_seq=204 ttl=50 time=1.52 ms	(same route)
116 bytes from n5 icmp_seq=205 ttl=50 time=0.65 ms	(same route)
116 bytes from n5 icmp_seq=206 ttl=50 time=1.12 ms	(same route)
116 bytes from n5 icmp_seq=207 ttl=50 time=1.13 ms	(same route)
116 bytes from n5 icmp_seq=208 ttl=50 time=1.39 ms	(same route)
116 bytes from n5 icmp_seq=209 ttl=50 time=1.16 ms	(same route)
116 bytes from n5 icmp_seq=210 ttl=50 time=1.17 ms	(same route)
116 bytes from n5 icmp_seq=211 ttl=50 time=1.19 ms	(same route)
116 bytes from n5 icmp_seq=212 ttl=50 time=1.16 ms	(same route)
116 bytes from n5 icmp_seq=213 ttl=50 time=1.56 ms	(same route)
116 bytes from n5 icmp_seq=214 ttl=50 time=1.26 ms	(same route)
116 bytes from n5 icmp_seq=215 ttl=50 time=1.39 ms	(same route)
116 bytes from n5 icmp_seq=216 ttl=50 time=1.74 ms	(same route)
116 bytes from n5 icmp_seq=217 ttl=50 time=1.10 ms	(same route)
116 bytes from n5 icmp_seq=218 ttl=50 time=2.14 ms	(same route)
116 bytes from n5 icmp_seq=219 ttl=50 time=1.13 ms	(same route)
116 bytes from n5 icmp_seq=220 ttl=50 time=1.17 ms	(same route)
116 bytes from n5 icmp_seq=221 ttl=50 time=1.19 ms	(same route)
116 bytes from n5 icmp_seq=222 ttl=50 time=128.77 ms	(same route)
116 bytes from n5 icmp_seq=223 ttl=50 time=4.17 ms	(same route)
116 bytes from n5 icmp_seq=224 ttl=50 time=7.11 ms	(same route)
116 bytes from n5 icmp_seq=225 ttl=50 time=2.04 ms	(same route)
116 bytes from n5 icmp_seq=226 ttl=50 time=2.87 ms	(same route)
116 bytes from n5 icmp_seq=227 ttl=50 time=513.01 ms	(same route)
116 bytes from n5 icmp_seq=228 ttl=50 time=1.57 ms	(same route)
116 bytes from n5 icmp_seq=229 ttl=50 time=91.39 ms	(same route)
116 bytes from n5 icmp_seq=230 ttl=50 time=103.33 ms	(same route)
116 bytes from n5 icmp_seq=231 ttl=50 time=128.39 ms	(same route)
116 bytes from n5 icmp_seq=232 ttl=50 time=60.12 ms	(same route)
116 bytes from n5 icmp_seq=233 ttl=50 time=4.30 ms	(same route)
Reply from host n5 timed out
Reply from host n5 timed out
116 bytes from n5 icmp_seq=236 ttl=50 time=136.85 ms
RR: 	n4
	n3
	n5
	n5
	n4

Reply from host n5 timed out
Reply from host n5 timed out
116 bytes from n5 icmp_seq=239 ttl=50 time=477.41 ms	(same route)
Reply from host n5 timed out
Reply from host n5 timed out
Reply from host n5 timed out
116 bytes from n5 icmp_seq=243 ttl=50 time=608.03 ms	(same route)
116 bytes from n5 icmp_seq=244 ttl=50 time=166.31 ms	(same route)
116 bytes from n5 icmp_seq=245 ttl=50 time=459.30 ms	(same route)
Reply from host n5 timed out
Reply from host n5 timed out
116 bytes from n5 icmp_seq=248 ttl=50 time=575.00 ms	(same route)
116 bytes from n5 icmp_seq=249 ttl=50 time=569.38 ms	(same route)
Reply from host n5 timed out
Reply from host n5 timed out
Reply from host n5 timed out
Reply from host n5 timed out
Reply from host n5 timed out
Reply from host n5 timed out
Reply from host n5 timed out
Reply from host n5 timed out
Reply from host n5 timed out
Reply from host n5 timed out
Reply from host n5 timed out
Reply from host n5 timed out
Reply from host n5 timed out
Reply from host n5 timed out
Reply from host n5 timed out
Reply from host n5 timed out
Reply from host n5 timed out
Reply from host n5 timed out
Reply from host n5 timed out
Reply from host n5 timed out
Reply from host n5 timed out
Reply from host n5 timed out
Reply from host n5 timed out
Reply from host n5 timed out
Reply from host n5 timed out
Reply from host n5 timed out
Reply from host n5 timed out
Reply from host n5 timed out
Reply from host n5 timed out
Reply from host n5 timed out
Reply from host n5 timed out
Reply from host n5 timed out
Reply from host n5 timed out
Reply from host n5 timed out
Reply from host n5 timed out
Reply from host n5 timed out
Reply from host n5 timed out
Reply from host n5 timed out
Reply from host n5 timed out
Reply from host n5 timed out
Reply from host n5 timed out
Reply from host n5 timed out
Reply from host n5 timed out
Reply from host n5 timed out
Reply from host n5 timed out
Reply from host n5 timed out
Reply from host n5 timed out
Reply from host n5 timed out
116 bytes from n5 icmp_seq=298 ttl=48 time=78.02 ms
RR: 	n4
	n3
	n2
	n5
	n5
	n1
	n3
	n4

116 bytes from n5 icmp_seq=299 ttl=48 time=8.13 ms	(same route)
116 bytes from n5 icmp_seq=300 ttl=48 time=30.95 ms	(same route)
--- n5 ping statistics ---
305 packets transmitted, 237 received, 22% packet loss
rtt min/avg/max/mdev = 0.655/72.776/982.120/157.849 ms
