PING N4 (00:00:0c:18:11:04) 116(144) bytes of data
116 bytes from N4 icmp_seq=1 ttl=49 time=50.97 ms
RR: 	N1
	N3
	N4
	N4
	N3
	N1

116 bytes from N4 icmp_seq=2 ttl=49 time=32.57 ms	(same route)
116 bytes from N4 icmp_seq=3 ttl=49 time=30.84 ms	(same route)
116 bytes from N4 icmp_seq=4 ttl=49 time=3.84 ms	(same route)
116 bytes from N4 icmp_seq=5 ttl=49 time=152.97 ms	(same route)
116 bytes from N4 icmp_seq=6 ttl=49 time=5.87 ms	(same route)
116 bytes from N4 icmp_seq=7 ttl=49 time=18.54 ms	(same route)
116 bytes from N4 icmp_seq=8 ttl=49 time=10.33 ms	(same route)
116 bytes from N4 icmp_seq=9 ttl=49 time=125.95 ms	(same route)
116 bytes from N4 icmp_seq=10 ttl=49 time=239.68 ms	(same route)
116 bytes from N4 icmp_seq=11 ttl=49 time=519.25 ms	(same route)
116 bytes from N4 icmp_seq=12 ttl=49 time=2.70 ms	(same route)
116 bytes from N4 icmp_seq=13 ttl=49 time=47.17 ms	(same route)
116 bytes from N4 icmp_seq=14 ttl=49 time=4.30 ms	(same route)
116 bytes from N4 icmp_seq=15 ttl=49 time=82.69 ms	(same route)
116 bytes from N4 icmp_seq=16 ttl=49 time=328.80 ms	(same route)
116 bytes from N4 icmp_seq=17 ttl=49 time=11.60 ms	(same route)
116 bytes from N4 icmp_seq=18 ttl=49 time=4.27 ms	(same route)
116 bytes from N4 icmp_seq=19 ttl=49 time=4.48 ms	(same route)
116 bytes from N4 icmp_seq=20 ttl=49 time=8.84 ms	(same route)
116 bytes from N4 icmp_seq=21 ttl=49 time=6.82 ms	(same route)
116 bytes from N4 icmp_seq=22 ttl=49 time=2.97 ms	(same route)
116 bytes from N4 icmp_seq=23 ttl=49 time=6.97 ms	(same route)
116 bytes from N4 icmp_seq=24 ttl=49 time=8.08 ms	(same route)
116 bytes from N4 icmp_seq=25 ttl=49 time=10.60 ms	(same route)
116 bytes from N4 icmp_seq=26 ttl=49 time=179.36 ms	(same route)
116 bytes from N4 icmp_seq=27 ttl=49 time=13.18 ms	(same route)
116 bytes from N4 icmp_seq=28 ttl=49 time=19.49 ms	(same route)
116 bytes from N4 icmp_seq=29 ttl=49 time=5.70 ms	(same route)
116 bytes from N4 icmp_seq=30 ttl=49 time=155.56 ms	(same route)
116 bytes from N4 icmp_seq=31 ttl=49 time=6.91 ms	(same route)
116 bytes from N4 icmp_seq=32 ttl=49 time=10.72 ms	(same route)
116 bytes from N4 icmp_seq=33 ttl=49 time=23.47 ms	(same route)
116 bytes from N4 icmp_seq=34 ttl=49 time=12.41 ms	(same route)
116 bytes from N4 icmp_seq=35 ttl=49 time=8.65 ms	(same route)
116 bytes from N4 icmp_seq=36 ttl=49 time=4.27 ms
RR: 	N1
	N2
	N3
	N4
	N4
	N3
	N1

116 bytes from N4 icmp_seq=37 ttl=49 time=518.78 ms	(same route)
116 bytes from N4 icmp_seq=38 ttl=49 time=9.19 ms	(same route)
116 bytes from N4 icmp_seq=39 ttl=49 time=45.23 ms	(same route)
116 bytes from N4 icmp_seq=40 ttl=49 time=112.52 ms	(same route)
116 bytes from N4 icmp_seq=41 ttl=49 time=20.07 ms	(same route)
116 bytes from N4 icmp_seq=42 ttl=49 time=4.65 ms	(same route)
116 bytes from N4 icmp_seq=43 ttl=49 time=10.99 ms	(same route)
116 bytes from N4 icmp_seq=44 ttl=49 time=8.61 ms	(same route)
116 bytes from N4 icmp_seq=45 ttl=49 time=21.72 ms	(same route)
116 bytes from N4 icmp_seq=46 ttl=49 time=169.68 ms	(same route)
116 bytes from N4 icmp_seq=47 ttl=49 time=538.52 ms	(same route)
116 bytes from N4 icmp_seq=48 ttl=49 time=9.20 ms	(same route)
116 bytes from N4 icmp_seq=49 ttl=49 time=7.57 ms	(same route)
116 bytes from N4 icmp_seq=50 ttl=49 time=245.86 ms	(same route)
116 bytes from N4 icmp_seq=51 ttl=49 time=5.58 ms	(same route)
116 bytes from N4 icmp_seq=52 ttl=49 time=12.06 ms	(same route)
116 bytes from N4 icmp_seq=53 ttl=49 time=5.36 ms	(same route)
116 bytes from N4 icmp_seq=54 ttl=49 time=22.60 ms	(same route)
116 bytes from N4 icmp_seq=55 ttl=49 time=5.06 ms	(same route)
116 bytes from N4 icmp_seq=56 ttl=49 time=12.94 ms	(same route)
116 bytes from N4 icmp_seq=57 ttl=49 time=531.65 ms	(same route)
116 bytes from N4 icmp_seq=58 ttl=49 time=11.20 ms	(same route)
116 bytes from N4 icmp_seq=59 ttl=49 time=8.48 ms	(same route)
116 bytes from N4 icmp_seq=60 ttl=49 time=8.13 ms	(same route)
116 bytes from N4 icmp_seq=61 ttl=49 time=2.48 ms
RR: 	N1
	N3
	N4
	N4
	N3
	N1

116 bytes from N4 icmp_seq=62 ttl=49 time=588.49 ms	(same route)
116 bytes from N4 icmp_seq=63 ttl=48 time=5.37 ms
RR: 	N1
	N3
	N4
	N4
	N3
	N2
	N1

116 bytes from N4 icmp_seq=64 ttl=48 time=9.75 ms	(same route)
116 bytes from N4 icmp_seq=65 ttl=48 time=27.25 ms	(same route)
116 bytes from N4 icmp_seq=66 ttl=48 time=2.94 ms	(same route)
116 bytes from N4 icmp_seq=67 ttl=48 time=5.74 ms	(same route)
116 bytes from N4 icmp_seq=68 ttl=48 time=16.81 ms	(same route)
116 bytes from N4 icmp_seq=69 ttl=48 time=3.25 ms	(same route)
116 bytes from N4 icmp_seq=70 ttl=48 time=5.08 ms	(same route)
116 bytes from N4 icmp_seq=71 ttl=48 time=362.73 ms	(same route)
116 bytes from N4 icmp_seq=72 ttl=48 time=3.12 ms	(same route)
116 bytes from N4 icmp_seq=73 ttl=48 time=4.12 ms	(same route)
116 bytes from N4 icmp_seq=74 ttl=48 time=10.77 ms	(same route)
116 bytes from N4 icmp_seq=75 ttl=48 time=6.66 ms	(same route)
116 bytes from N4 icmp_seq=76 ttl=48 time=3.18 ms	(same route)
116 bytes from N4 icmp_seq=77 ttl=48 time=2.97 ms	(same route)
116 bytes from N4 icmp_seq=78 ttl=48 time=6.20 ms	(same route)
116 bytes from N4 icmp_seq=79 ttl=48 time=56.69 ms	(same route)
116 bytes from N4 icmp_seq=80 ttl=48 time=4.22 ms	(same route)
116 bytes from N4 icmp_seq=81 ttl=48 time=3.23 ms	(same route)
116 bytes from N4 icmp_seq=82 ttl=48 time=7.39 ms	(same route)
116 bytes from N4 icmp_seq=83 ttl=48 time=4.52 ms	(same route)
116 bytes from N4 icmp_seq=84 ttl=48 time=4.95 ms	(same route)
116 bytes from N4 icmp_seq=85 ttl=48 time=3.39 ms	(same route)
116 bytes from N4 icmp_seq=86 ttl=48 time=22.97 ms	(same route)
116 bytes from N4 icmp_seq=87 ttl=48 time=4.54 ms	(same route)
116 bytes from N4 icmp_seq=88 ttl=48 time=326.88 ms	(same route)
116 bytes from N4 icmp_seq=89 ttl=48 time=3.29 ms	(same route)
116 bytes from N4 icmp_seq=90 ttl=48 time=7.47 ms	(same route)
116 bytes from N4 icmp_seq=91 ttl=48 time=6.35 ms	(same route)
116 bytes from N4 icmp_seq=92 ttl=48 time=11.11 ms	(same route)
116 bytes from N4 icmp_seq=93 ttl=48 time=24.10 ms	(same route)
116 bytes from N4 icmp_seq=94 ttl=48 time=297.05 ms	(same route)
116 bytes from N4 icmp_seq=95 ttl=48 time=8.98 ms	(same route)
116 bytes from N4 icmp_seq=96 ttl=48 time=4.93 ms	(same route)
116 bytes from N4 icmp_seq=97 ttl=48 time=339.11 ms	(same route)
116 bytes from N4 icmp_seq=98 ttl=48 time=11.31 ms	(same route)
116 bytes from N4 icmp_seq=99 ttl=48 time=3.91 ms	(same route)
116 bytes from N4 icmp_seq=100 ttl=48 time=3.06 ms	(same route)
116 bytes from N4 icmp_seq=101 ttl=48 time=3.62 ms	(same route)
116 bytes from N4 icmp_seq=102 ttl=48 time=14.15 ms	(same route)
Reply from host N4 timed out
116 bytes from N4 icmp_seq=104 ttl=48 time=2.04 ms	(same route)
116 bytes from N4 icmp_seq=105 ttl=48 time=3.08 ms	(same route)
116 bytes from N4 icmp_seq=106 ttl=48 time=50.03 ms	(same route)
116 bytes from N4 icmp_seq=107 ttl=48 time=595.72 ms	(same route)
116 bytes from N4 icmp_seq=108 ttl=48 time=3.91 ms	(same route)
116 bytes from N4 icmp_seq=109 ttl=48 time=20.24 ms	(same route)
116 bytes from N4 icmp_seq=110 ttl=48 time=196.33 ms	(same route)
116 bytes from N4 icmp_seq=111 ttl=48 time=260.00 ms	(same route)
116 bytes from N4 icmp_seq=112 ttl=48 time=3.41 ms	(same route)
116 bytes from N4 icmp_seq=113 ttl=48 time=42.20 ms	(same route)
116 bytes from N4 icmp_seq=114 ttl=48 time=124.34 ms	(same route)
116 bytes from N4 icmp_seq=115 ttl=48 time=311.47 ms	(same route)
116 bytes from N4 icmp_seq=116 ttl=48 time=549.16 ms	(same route)
116 bytes from N4 icmp_seq=117 ttl=48 time=33.73 ms	(same route)
116 bytes from N4 icmp_seq=118 ttl=48 time=4.03 ms	(same route)
116 bytes from N4 icmp_seq=119 ttl=48 time=3.82 ms	(same route)
116 bytes from N4 icmp_seq=120 ttl=48 time=3.23 ms	(same route)
Reply from host N4 timed out
Reply from host N4 timed out
116 bytes from N4 icmp_seq=123 ttl=48 time=74.63 ms	(same route)
116 bytes from N4 icmp_seq=124 ttl=48 time=109.18 ms	(same route)
116 bytes from N4 icmp_seq=125 ttl=48 time=48.29 ms	(same route)
116 bytes from N4 icmp_seq=126 ttl=48 time=142.87 ms	(same route)
116 bytes from N4 icmp_seq=127 ttl=48 time=497.54 ms	(same route)
116 bytes from N4 icmp_seq=128 ttl=48 time=102.86 ms	(same route)
116 bytes from N4 icmp_seq=129 ttl=48 time=17.68 ms	(same route)
116 bytes from N4 icmp_seq=130 ttl=48 time=103.07 ms	(same route)
116 bytes from N4 icmp_seq=131 ttl=48 time=886.05 ms	(same route)
116 bytes from N4 icmp_seq=132 ttl=48 time=170.12 ms	(same route)
116 bytes from N4 icmp_seq=133 ttl=48 time=288.06 ms	(same route)
116 bytes from N4 icmp_seq=134 ttl=48 time=48.18 ms	(same route)
116 bytes from N4 icmp_seq=135 ttl=48 time=32.01 ms	(same route)
116 bytes from N4 icmp_seq=136 ttl=48 time=69.19 ms	(same route)
116 bytes from N4 icmp_seq=137 ttl=48 time=7.43 ms	(same route)
116 bytes from N4 icmp_seq=138 ttl=48 time=986.24 ms	(same route)
116 bytes from N4 icmp_seq=139 ttl=48 time=35.82 ms	(same route)
116 bytes from N4 icmp_seq=140 ttl=48 time=25.24 ms	(same route)
116 bytes from N4 icmp_seq=141 ttl=48 time=14.37 ms	(same route)
116 bytes from N4 icmp_seq=142 ttl=48 time=10.73 ms	(same route)
116 bytes from N4 icmp_seq=143 ttl=48 time=58.08 ms	(same route)
116 bytes from N4 icmp_seq=144 ttl=48 time=84.76 ms	(same route)
116 bytes from N4 icmp_seq=145 ttl=48 time=178.78 ms	(same route)
116 bytes from N4 icmp_seq=146 ttl=48 time=29.85 ms	(same route)
116 bytes from N4 icmp_seq=147 ttl=48 time=3.04 ms	(same route)
116 bytes from N4 icmp_seq=148 ttl=48 time=21.33 ms	(same route)
116 bytes from N4 icmp_seq=149 ttl=48 time=3.85 ms	(same route)
116 bytes from N4 icmp_seq=150 ttl=48 time=4.30 ms	(same route)
116 bytes from N4 icmp_seq=151 ttl=48 time=253.65 ms	(same route)
116 bytes from N4 icmp_seq=152 ttl=48 time=13.92 ms	(same route)
116 bytes from N4 icmp_seq=153 ttl=48 time=840.32 ms	(same route)
116 bytes from N4 icmp_seq=154 ttl=48 time=19.20 ms	(same route)
116 bytes from N4 icmp_seq=155 ttl=48 time=7.10 ms	(same route)
116 bytes from N4 icmp_seq=156 ttl=48 time=28.08 ms	(same route)
116 bytes from N4 icmp_seq=157 ttl=48 time=97.77 ms	(same route)
116 bytes from N4 icmp_seq=158 ttl=48 time=130.03 ms	(same route)
116 bytes from N4 icmp_seq=159 ttl=48 time=5.84 ms	(same route)
Reply from host N4 timed out
Reply from host N4 timed out
116 bytes from N4 icmp_seq=162 ttl=48 time=356.60 ms	(same route)
116 bytes from N4 icmp_seq=163 ttl=48 time=797.10 ms	(same route)
116 bytes from N4 icmp_seq=164 ttl=48 time=6.02 ms	(same route)
116 bytes from N4 icmp_seq=165 ttl=48 time=37.30 ms	(same route)
116 bytes from N4 icmp_seq=166 ttl=48 time=14.83 ms	(same route)
116 bytes from N4 icmp_seq=167 ttl=48 time=16.61 ms	(same route)
116 bytes from N4 icmp_seq=168 ttl=48 time=24.84 ms	(same route)
116 bytes from N4 icmp_seq=169 ttl=48 time=19.11 ms	(same route)
116 bytes from N4 icmp_seq=170 ttl=48 time=28.34 ms	(same route)
116 bytes from N4 icmp_seq=171 ttl=48 time=12.03 ms	(same route)
116 bytes from N4 icmp_seq=172 ttl=48 time=13.28 ms	(same route)
116 bytes from N4 icmp_seq=173 ttl=48 time=10.69 ms	(same route)
116 bytes from N4 icmp_seq=174 ttl=48 time=14.62 ms	(same route)
116 bytes from N4 icmp_seq=175 ttl=48 time=2.85 ms	(same route)
116 bytes from N4 icmp_seq=176 ttl=48 time=3.15 ms	(same route)
116 bytes from N4 icmp_seq=177 ttl=48 time=6.36 ms	(same route)
116 bytes from N4 icmp_seq=178 ttl=48 time=81.42 ms	(same route)
116 bytes from N4 icmp_seq=179 ttl=48 time=11.25 ms	(same route)
116 bytes from N4 icmp_seq=180 ttl=48 time=6.85 ms	(same route)
116 bytes from N4 icmp_seq=181 ttl=48 time=46.06 ms	(same route)
116 bytes from N4 icmp_seq=182 ttl=48 time=91.38 ms	(same route)
116 bytes from N4 icmp_seq=183 ttl=48 time=18.87 ms	(same route)
116 bytes from N4 icmp_seq=184 ttl=48 time=32.59 ms	(same route)
116 bytes from N4 icmp_seq=185 ttl=48 time=9.70 ms	(same route)
116 bytes from N4 icmp_seq=186 ttl=49 time=88.48 ms
RR: 	N1
	N3
	N4
	N4
	N3
	N1

116 bytes from N4 icmp_seq=187 ttl=49 time=20.26 ms
RR: 	N1
	N2
	N3
	N4
	N4
	N3
	N1

116 bytes from N4 icmp_seq=188 ttl=49 time=6.04 ms	(same route)
116 bytes from N4 icmp_seq=189 ttl=49 time=15.06 ms	(same route)
116 bytes from N4 icmp_seq=190 ttl=49 time=44.14 ms	(same route)
116 bytes from N4 icmp_seq=191 ttl=49 time=4.71 ms	(same route)
116 bytes from N4 icmp_seq=192 ttl=49 time=19.22 ms	(same route)
116 bytes from N4 icmp_seq=193 ttl=49 time=4.02 ms	(same route)
116 bytes from N4 icmp_seq=194 ttl=49 time=19.61 ms	(same route)
116 bytes from N4 icmp_seq=195 ttl=49 time=5.13 ms	(same route)
116 bytes from N4 icmp_seq=196 ttl=49 time=9.85 ms	(same route)
116 bytes from N4 icmp_seq=197 ttl=49 time=6.35 ms	(same route)
116 bytes from N4 icmp_seq=198 ttl=49 time=6.17 ms	(same route)
116 bytes from N4 icmp_seq=199 ttl=49 time=5.54 ms	(same route)
116 bytes from N4 icmp_seq=200 ttl=49 time=620.59 ms	(same route)
116 bytes from N4 icmp_seq=201 ttl=49 time=5.40 ms	(same route)
116 bytes from N4 icmp_seq=202 ttl=49 time=4.52 ms	(same route)
116 bytes from N4 icmp_seq=203 ttl=49 time=6.78 ms	(same route)
116 bytes from N4 icmp_seq=204 ttl=49 time=2.90 ms	(same route)
116 bytes from N4 icmp_seq=205 ttl=49 time=626.84 ms	(same route)
116 bytes from N4 icmp_seq=206 ttl=49 time=4.81 ms	(same route)
116 bytes from N4 icmp_seq=207 ttl=49 time=11.92 ms	(same route)
116 bytes from N4 icmp_seq=208 ttl=49 time=13.38 ms	(same route)
116 bytes from N4 icmp_seq=209 ttl=49 time=7.44 ms	(same route)
116 bytes from N4 icmp_seq=210 ttl=49 time=2.90 ms	(same route)
116 bytes from N4 icmp_seq=211 ttl=49 time=8.46 ms	(same route)
116 bytes from N4 icmp_seq=212 ttl=49 time=441.38 ms	(same route)
116 bytes from N4 icmp_seq=213 ttl=49 time=63.80 ms	(same route)
116 bytes from N4 icmp_seq=214 ttl=48 time=36.06 ms
RR: 	N1
	N2
	N3
	N4
	N4
	N3
	N2
	N1

116 bytes from N4 icmp_seq=215 ttl=48 time=5.09 ms	(same route)
116 bytes from N4 icmp_seq=216 ttl=48 time=20.91 ms	(same route)
116 bytes from N4 icmp_seq=217 ttl=48 time=5.51 ms	(same route)
116 bytes from N4 icmp_seq=218 ttl=48 time=3.47 ms	(same route)
116 bytes from N4 icmp_seq=219 ttl=48 time=43.88 ms	(same route)
116 bytes from N4 icmp_seq=220 ttl=48 time=3.62 ms	(same route)
116 bytes from N4 icmp_seq=221 ttl=48 time=5.83 ms	(same route)
116 bytes from N4 icmp_seq=222 ttl=48 time=4.25 ms	(same route)
116 bytes from N4 icmp_seq=223 ttl=48 time=8.24 ms	(same route)
116 bytes from N4 icmp_seq=224 ttl=48 time=6.42 ms	(same route)
116 bytes from N4 icmp_seq=225 ttl=48 time=11.08 ms	(same route)
116 bytes from N4 icmp_seq=226 ttl=48 time=6.77 ms	(same route)
116 bytes from N4 icmp_seq=227 ttl=48 time=175.54 ms	(same route)
116 bytes from N4 icmp_seq=228 ttl=48 time=8.44 ms	(same route)
116 bytes from N4 icmp_seq=229 ttl=48 time=5.84 ms	(same route)
116 bytes from N4 icmp_seq=230 ttl=48 time=3.43 ms	(same route)
116 bytes from N4 icmp_seq=231 ttl=48 time=9.02 ms	(same route)
116 bytes from N4 icmp_seq=232 ttl=48 time=38.11 ms	(same route)
116 bytes from N4 icmp_seq=233 ttl=48 time=6.77 ms	(same route)
116 bytes from N4 icmp_seq=234 ttl=48 time=15.86 ms	(same route)
116 bytes from N4 icmp_seq=235 ttl=48 time=4.38 ms	(same route)
116 bytes from N4 icmp_seq=236 ttl=48 time=10.86 ms	(same route)
116 bytes from N4 icmp_seq=237 ttl=48 time=8.87 ms	(same route)
116 bytes from N4 icmp_seq=238 ttl=48 time=17.69 ms	(same route)
116 bytes from N4 icmp_seq=239 ttl=48 time=12.85 ms	(same route)
116 bytes from N4 icmp_seq=240 ttl=49 time=19.19 ms
RR: 	N1
	N2
	N3
	N4
	N4
	N3
	N1

116 bytes from N4 icmp_seq=241 ttl=49 time=3.72 ms	(same route)
116 bytes from N4 icmp_seq=242 ttl=49 time=438.59 ms	(same route)
116 bytes from N4 icmp_seq=243 ttl=49 time=5.87 ms	(same route)
116 bytes from N4 icmp_seq=244 ttl=49 time=3.08 ms	(same route)
116 bytes from N4 icmp_seq=245 ttl=49 time=13.18 ms	(same route)
116 bytes from N4 icmp_seq=246 ttl=49 time=3.06 ms	(same route)
116 bytes from N4 icmp_seq=247 ttl=49 time=283.21 ms	(same route)
116 bytes from N4 icmp_seq=248 ttl=49 time=12.95 ms	(same route)
116 bytes from N4 icmp_seq=249 ttl=49 time=10.29 ms	(same route)
116 bytes from N4 icmp_seq=250 ttl=49 time=7.60 ms	(same route)
116 bytes from N4 icmp_seq=251 ttl=49 time=15.65 ms	(same route)
116 bytes from N4 icmp_seq=252 ttl=49 time=47.08 ms	(same route)
116 bytes from N4 icmp_seq=253 ttl=49 time=18.80 ms	(same route)
116 bytes from N4 icmp_seq=254 ttl=49 time=4.69 ms	(same route)
116 bytes from N4 icmp_seq=255 ttl=49 time=3.13 ms	(same route)
116 bytes from N4 icmp_seq=256 ttl=49 time=4.57 ms	(same route)
116 bytes from N4 icmp_seq=257 ttl=49 time=14.63 ms	(same route)
116 bytes from N4 icmp_seq=258 ttl=49 time=4.51 ms	(same route)
116 bytes from N4 icmp_seq=259 ttl=49 time=5.26 ms	(same route)
116 bytes from N4 icmp_seq=260 ttl=49 time=5.35 ms	(same route)
116 bytes from N4 icmp_seq=261 ttl=49 time=7.39 ms	(same route)
116 bytes from N4 icmp_seq=262 ttl=49 time=312.11 ms	(same route)
116 bytes from N4 icmp_seq=263 ttl=49 time=3.41 ms	(same route)
116 bytes from N4 icmp_seq=264 ttl=49 time=7.98 ms	(same route)
116 bytes from N4 icmp_seq=265 ttl=49 time=15.19 ms	(same route)
116 bytes from N4 icmp_seq=266 ttl=49 time=17.64 ms	(same route)
116 bytes from N4 icmp_seq=267 ttl=48 time=177.86 ms
RR: 	N1
	N2
	N3
	N4
	N4
	N3
	N2
	N1

116 bytes from N4 icmp_seq=268 ttl=48 time=5.39 ms	(same route)
116 bytes from N4 icmp_seq=269 ttl=48 time=6.55 ms	(same route)
116 bytes from N4 icmp_seq=270 ttl=48 time=3.34 ms	(same route)
116 bytes from N4 icmp_seq=271 ttl=48 time=5.27 ms	(same route)
116 bytes from N4 icmp_seq=272 ttl=48 time=10.46 ms	(same route)
116 bytes from N4 icmp_seq=273 ttl=48 time=6.16 ms	(same route)
116 bytes from N4 icmp_seq=274 ttl=48 time=7.85 ms	(same route)
116 bytes from N4 icmp_seq=275 ttl=48 time=9.34 ms	(same route)
116 bytes from N4 icmp_seq=276 ttl=48 time=22.64 ms	(same route)
116 bytes from N4 icmp_seq=277 ttl=48 time=17.79 ms	(same route)
116 bytes from N4 icmp_seq=278 ttl=48 time=7.41 ms	(same route)
116 bytes from N4 icmp_seq=279 ttl=48 time=5.70 ms	(same route)
116 bytes from N4 icmp_seq=280 ttl=48 time=14.77 ms	(same route)
116 bytes from N4 icmp_seq=281 ttl=48 time=4.19 ms	(same route)
116 bytes from N4 icmp_seq=282 ttl=48 time=12.07 ms	(same route)
116 bytes from N4 icmp_seq=283 ttl=48 time=20.41 ms	(same route)
116 bytes from N4 icmp_seq=284 ttl=48 time=50.39 ms	(same route)
116 bytes from N4 icmp_seq=285 ttl=48 time=3.31 ms	(same route)
116 bytes from N4 icmp_seq=286 ttl=48 time=4.27 ms	(same route)
116 bytes from N4 icmp_seq=287 ttl=48 time=14.64 ms	(same route)
116 bytes from N4 icmp_seq=288 ttl=48 time=7.96 ms	(same route)
116 bytes from N4 icmp_seq=289 ttl=48 time=9.11 ms	(same route)
116 bytes from N4 icmp_seq=290 ttl=48 time=16.32 ms	(same route)
116 bytes from N4 icmp_seq=291 ttl=48 time=4.19 ms	(same route)
116 bytes from N4 icmp_seq=292 ttl=48 time=5.74 ms	(same route)
116 bytes from N4 icmp_seq=293 ttl=48 time=8.91 ms	(same route)
116 bytes from N4 icmp_seq=294 ttl=48 time=7.33 ms	(same route)
116 bytes from N4 icmp_seq=295 ttl=48 time=7.33 ms	(same route)
116 bytes from N4 icmp_seq=296 ttl=48 time=11.68 ms	(same route)
116 bytes from N4 icmp_seq=297 ttl=48 time=54.54 ms	(same route)
116 bytes from N4 icmp_seq=298 ttl=48 time=7.87 ms	(same route)
116 bytes from N4 icmp_seq=299 ttl=48 time=7.33 ms	(same route)
116 bytes from N4 icmp_seq=300 ttl=48 time=2.77 ms
RR: 	N1
	N3
	N4
	N4
	N3
	N2
	N1

--- N4 ping statistics ---
305 packets transmitted, 295 received, 3% packet loss
rtt min/avg/max/mdev = 2.042/69.397/986.236/154.145 ms
