1 1 N3 N1 84 0.130 0
1 2 N3 N3 0 0.130 0
1 3 N3 N2 180 0.130 1
1 4 N1 N1 110 0.390 0
1 5 N1 N2 219 0.390 1
1 6 N2 N3 0 0.110 0
1 7 N2 N1 101 0.110 0
1 8 N2 N2 252 0.110 1
1 9 N4 N1 67 1.150 0
1 10 N4 N2 143 1.150 1
2 1 N3 N1 84 0.230 0
2 2 N3 N3 0 0.230 0
2 3 N3 N2 178 0.230 1
2 4 N1 N1 113 0.440 0
2 5 N1 N2 220 0.440 1
2 6 N2 N3 0 0.190 0
2 7 N2 N1 101 0.190 0
2 8 N2 N2 253 0.190 1
2 9 N4 N1 66 0.220 0
2 10 N4 N2 138 0.220 1
3 1 N3 N1 84 0.780 0
3 2 N3 N3 0 0.780 0
3 3 N3 N2 177 0.780 1
3 4 N1 N1 113 0.060 0
3 5 N1 N2 221 0.060 1
3 6 N2 N3 0 0.220 0
3 7 N2 N1 99 0.220 0
3 8 N2 N2 254 0.220 1
3 9 N4 N1 64 0.250 0
3 10 N4 N2 134 0.250 1
4 1 N3 N1 83 0.300 0
4 2 N3 N3 0 0.300 0
4 3 N3 N2 175 0.300 1
4 4 N1 N1 113 0.500 0
4 5 N1 N2 221 0.500 1
4 6 N2 N3 0 0.030 0
4 7 N2 N1 93 0.030 0
4 8 N2 N2 254 0.030 1
4 9 N4 N1 64 1.330 0
4 10 N4 N2 134 1.330 1
5 1 N3 N1 81 0.850 0
5 2 N3 N3 0 0.850 0
5 3 N3 N2 175 0.850 1
5 4 N1 N1 103 0.020 0
5 5 N1 N2 221 0.020 1
5 6 N2 N3 0 0.220 0
5 7 N2 N1 81 0.220 0
5 8 N2 N2 255 0.220 1
5 9 N4 N1 60 0.380 0
5 10 N4 N2 130 0.380 1
6 1 N3 N1 75 0.370 0
6 2 N3 N3 0 0.370 0
6 3 N3 N2 174 0.370 1
6 4 N1 N1 97 0.070 0
6 5 N1 N2 222 0.070 1
6 6 N2 N3 0 0.310 0
6 7 N2 N1 78 0.310 0
6 8 N2 N2 255 0.310 1
6 9 N4 N1 56 0.430 0
6 10 N4 N2 128 0.430 1
7 1 N3 N1 66 0.420 0
7 2 N3 N3 0 0.420 0
7 3 N3 N2 174 0.420 1
7 4 N1 N1 91 0.160 0
7 5 N1 N2 223 0.160 1
7 6 N2 N3 0 0.450 0
7 7 N2 N1 78 0.450 0
7 8 N2 N2 255 0.450 1
7 9 N4 N1 56 0.980 0
7 10 N4 N2 127 0.980 1
8 1 N3 N1 62 0.990 0
8 2 N3 N3 0 0.990 0
8 3 N3 N2 174 0.990 1
8 4 N1 N1 85 0.200 0
8 5 N1 N2 224 0.200 1
8 6 N2 N3 0 0.010 0
8 7 N2 N1 72 0.010 0
8 8 N2 N2 255 0.010 1
8 9 N4 N1 55 0.010 0
8 10 N4 N2 127 0.010 1
9 1 N3 N1 56 0.020 0
9 2 N3 N3 0 0.020 0
9 3 N3 N2 175 0.020 1
9 4 N1 N1 78 0.280 0
9 5 N1 N2 225 0.280 1
9 6 N2 N3 0 0.070 0
9 7 N2 N1 67 0.070 0
9 8 N2 N2 255 0.070 1
9 9 N4 N1 53 0.070 0
9 10 N4 N2 126 0.070 1
10 1 N3 N1 56 0.140 0
10 2 N3 N3 0 0.140 0
10 3 N3 N2 175 0.140 1
10 4 N1 N1 77 0.130 0
10 5 N1 N2 225 0.130 1
10 6 N2 N3 0 0.140 0
10 7 N2 N1 65 0.140 0
10 8 N2 N2 255 0.140 1
10 9 N4 N1 53 0.030 0
10 10 N4 N2 127 0.030 1
11 1 N3 N1 54 0.100 0
11 2 N3 N3 0 0.100 0
11 3 N3 N2 175 0.100 1
11 4 N1 N1 76 0.020 0
11 5 N1 N2 224 0.020 1
11 6 N2 N3 0 0.060 0
11 7 N2 N1 63 0.060 0
11 8 N2 N2 255 0.060 1
11 9 N4 N1 49 0.180 0
11 10 N4 N2 127 0.180 1
12 1 N3 N1 53 0.170 0
12 2 N3 N3 0 0.170 0
12 3 N3 N2 175 0.170 1
12 4 N1 N1 74 0.460 0
12 5 N1 N2 223 0.460 1
12 6 N2 N3 0 0.240 0
12 7 N2 N1 61 0.240 0
12 8 N2 N2 255 0.240 1
12 9 N4 N1 49 1.260 0
12 10 N4 N2 127 1.260 1
13 1 N3 N1 52 0.210 0
13 2 N3 N3 0 0.210 0
13 3 N3 N2 173 0.210 1
13 4 N1 N1 72 0.510 0
13 5 N1 N2 222 0.510 1
13 6 N2 N3 0 0.290 0
13 7 N2 N1 62 0.290 0
13 8 N2 N2 255 0.290 1
13 9 N4 N1 45 0.250 0
13 10 N4 N2 127 0.250 1
14 1 N3 N1 53 0.250 0
14 2 N3 N3 23 0.250 0
14 3 N3 N2 170 0.250 1
14 4 N1 N1 72 0.040 0
14 5 N1 N2 221 0.040 1
14 6 N2 N3 0 0.370 0
14 7 N2 N1 62 0.370 0
14 8 N2 N2 255 0.370 1
14 9 N4 N1 45 0.810 0
14 10 N4 N2 125 0.810 1
15 1 N3 N1 54 0.270 0
15 2 N3 N3 23 0.270 0
15 3 N3 N2 169 0.270 1
15 4 N1 N1 72 0.080 0
15 5 N1 N2 220 0.080 1
15 6 N2 N3 0 0.400 0
15 7 N2 N1 65 0.400 0
15 8 N2 N2 255 0.400 1
15 9 N4 N1 41 0.400 0
15 10 N4 N2 124 0.400 1
16 1 N3 N1 56 0.330 0
16 2 N3 N3 23 0.330 0
16 3 N3 N2 169 0.330 1
16 4 N1 N1 73 0.140 0
16 5 N1 N2 219 0.140 1
16 6 N2 N3 0 0.320 0
16 7 N2 N1 65 0.320 0
16 8 N2 N2 255 0.320 1
16 9 N4 N1 41 1.480 0
16 10 N4 N2 124 1.480 1
17 1 N3 N1 56 0.360 0
17 2 N3 N3 23 0.360 0
17 3 N3 N2 167 0.360 1
17 4 N1 N1 75 0.220 0
17 5 N1 N2 218 0.220 1
17 6 N2 N3 0 0.370 0
17 7 N2 N1 65 0.370 0
17 8 N2 N2 255 0.370 1
17 9 N4 N1 41 1.000 0
17 10 N4 N2 123 1.000 1
18 1 N3 N1 55 0.420 0
18 2 N3 N3 23 0.420 0
18 3 N3 N2 166 0.420 1
18 4 N1 N1 77 0.280 0
18 5 N1 N2 217 0.280 1
18 6 N2 N3 0 0.380 0
18 7 N2 N1 65 0.380 0
18 8 N2 N2 255 0.380 1
18 9 N4 N1 40 0.980 0
18 10 N4 N2 122 0.980 1
19 1 N3 N1 54 0.480 0
19 2 N3 N3 23 0.480 0
19 3 N3 N2 164 0.480 1
19 4 N1 N1 78 0.450 0
19 5 N1 N2 216 0.450 1
19 6 N2 N3 0 0.000 0
19 7 N2 N1 65 0.000 0
19 8 N2 N2 255 0.000 1
19 9 N4 N1 40 0.000 0
19 10 N4 N2 121 0.000 1
20 1 N3 N1 54 0.540 0
20 2 N3 N3 23 0.540 0
20 3 N3 N2 163 0.540 1
20 4 N1 N1 78 0.920 0
20 5 N1 N2 216 0.920 1
20 6 N2 N3 0 0.080 0
20 7 N2 N1 65 0.080 0
20 8 N2 N2 255 0.080 1
20 9 N4 N1 38 0.040 0
20 10 N4 N2 120 0.040 1
21 1 N3 N1 52 0.060 0
21 2 N3 N3 23 0.060 0
21 3 N3 N2 164 0.060 1
21 4 N1 N1 74 0.060 0
21 5 N1 N2 216 0.060 1
21 6 N2 N3 0 0.120 0
21 7 N2 N1 65 0.120 0
21 8 N2 N2 255 0.120 1
21 9 N4 N1 37 0.080 0
21 10 N4 N2 119 0.080 1
22 1 N3 N1 50 0.640 0
22 2 N3 N3 23 0.640 0
22 3 N3 N2 165 0.640 1
22 4 N1 N1 74 0.000 0
22 5 N1 N2 215 0.000 1
22 6 N2 N3 0 0.040 0
22 7 N2 N1 60 0.040 0
22 8 N2 N2 255 0.040 1
22 9 N4 N1 37 1.160 0
22 10 N4 N2 119 1.160 1
23 1 N3 N1 49 0.150 0
23 2 N3 N3 0 0.150 0
23 3 N3 N2 166 0.150 1
23 4 N1 N1 73 0.070 0
23 5 N1 N2 214 0.070 1
23 6 N2 N3 0 0.210 0
23 7 N2 N1 58 0.210 0
23 8 N2 N2 255 0.210 1
23 9 N4 N1 33 0.210 0
23 10 N4 N2 119 0.210 1
24 1 N3 N1 42 0.240 0
24 2 N3 N3 0 0.240 0
24 3 N3 N2 169 0.240 1
24 4 N1 N1 73 0.110 0
24 5 N1 N2 214 0.110 1
24 6 N2 N3 0 0.150 0
24 7 N2 N1 48 0.150 0
24 8 N2 N2 255 0.150 1
24 9 N4 N1 30 0.250 0
24 10 N4 N2 119 0.250 1
25 1 N3 N1 41 0.320 0
25 2 N3 N3 0 0.320 0
25 3 N3 N2 172 0.320 1
25 4 N1 N1 66 0.190 0
25 5 N1 N2 215 0.190 1
25 6 N2 N3 0 0.340 0
25 7 N2 N1 48 0.340 0
25 8 N2 N2 255 0.340 1
25 9 N4 N1 27 0.350 0
25 10 N4 N2 118 0.350 1
26 1 N3 N1 38 0.370 0
26 2 N3 N3 0 0.370 0
26 3 N3 N2 175 0.370 1
26 4 N1 N1 66 0.750 0
26 5 N1 N2 215 0.750 1
26 6 N2 N3 0 0.420 0
26 7 N2 N1 46 0.420 0
26 8 N2 N2 255 0.420 1
26 9 N4 N1 26 0.900 0
26 10 N4 N2 119 0.900 1
27 1 N3 N1 38 0.440 0
27 2 N3 N3 0 0.440 0
27 3 N3 N2 177 0.440 1
27 4 N1 N1 57 0.330 0
27 5 N1 N2 215 0.330 1
27 6 N2 N3 0 0.000 0
27 7 N2 N1 46 0.000 0
27 8 N2 N2 254 0.000 1
27 9 N4 N1 23 0.970 0
27 10 N4 N2 119 0.970 1
28 1 N3 N1 36 0.010 0
28 2 N3 N3 0 0.010 0
28 3 N3 N2 180 0.010 1
28 4 N1 N1 50 0.390 0
28 5 N1 N2 214 0.390 1
28 6 N2 N3 0 0.060 0
28 7 N2 N1 39 0.060 0
28 8 N2 N2 252 0.060 1
28 9 N4 N1 23 0.580 0
28 10 N4 N2 120 0.580 1
29 1 N3 N1 36 0.600 0
29 2 N3 N3 0 0.600 0
29 3 N3 N2 181 0.600 1
29 4 N1 N1 39 0.090 0
29 5 N1 N2 212 0.090 1
29 6 N2 N3 0 0.130 0
29 7 N2 N1 39 0.130 0
29 8 N2 N2 250 0.130 1
29 9 N4 N1 23 1.690 0
29 10 N4 N2 120 1.690 1
30 1 N3 N1 26 0.120 0
30 2 N3 N3 0 0.120 0
30 3 N3 N2 183 0.120 1
30 4 N1 N1 36 0.000 0
30 5 N1 N2 209 0.000 1
30 6 N2 N3 0 0.160 0
30 7 N2 N1 37 0.160 0
30 8 N2 N2 248 0.160 1
30 9 N4 N1 22 0.160 0
30 10 N4 N2 123 0.160 1
31 1 N3 N1 22 0.190 0
31 2 N3 N3 0 0.190 0
31 3 N3 N2 185 0.190 1
31 4 N1 N1 36 0.060 0
31 5 N1 N2 206 0.060 1
31 6 N2 N3 0 0.090 0
31 7 N2 N1 29 0.090 0
31 8 N2 N2 246 0.090 1
31 9 N4 N1 21 0.210 0
31 10 N4 N2 126 0.210 1
32 1 N3 N1 13 0.240 0
32 2 N3 N3 0 0.250 0
32 3 N3 N2 186 0.250 1
32 4 N1 N1 34 0.100 0
32 5 N1 N2 204 0.100 1
32 6 N2 N3 0 0.160 0
32 7 N2 N1 22 0.160 0
32 8 N2 N2 244 0.160 1
32 9 N4 N1 16 0.270 0
32 10 N4 N2 129 0.270 1
33 1 N3 N1 13 0.300 0
33 2 N3 N3 0 0.300 0
33 3 N3 N2 186 0.300 1
33 4 N1 N1 27 0.150 0
33 5 N1 N2 201 0.150 1
33 6 N2 N3 15 0.710 0
33 7 N2 N1 22 0.710 0
33 8 N2 N2 243 0.710 1
33 9 N4 N1 16 1.340 0
33 10 N4 N2 129 1.340 1
34 1 N3 N1 13 0.850 0
34 2 N3 N3 0 0.850 0
34 3 N3 N2 187 0.850 1
34 4 N1 N1 26 0.240 0
34 5 N1 N2 201 0.240 1
34 6 N2 N3 15 0.390 0
34 7 N2 N1 17 0.390 0
34 8 N2 N2 242 0.390 1
34 9 N4 N1 15 0.890 0
34 10 N4 N2 131 0.890 1
35 1 N3 N1 13 0.360 0
35 2 N3 N3 0 0.360 0
35 3 N3 N2 186 0.360 1
35 4 N1 N1 23 0.310 0
35 5 N1 N2 199 0.310 1
35 6 N2 N3 15 0.460 0
35 7 N2 N1 17 0.460 0
35 8 N2 N2 239 0.460 1
35 9 N4 N1 14 0.460 0
35 10 N4 N2 133 0.460 1
36 1 N3 N1 13 0.420 0
36 2 N3 N3 0 0.420 0
36 3 N3 N2 186 0.420 1
36 4 N1 N1 21 0.350 0
36 5 N1 N2 197 0.350 1
36 6 N2 N3 15 0.520 0
36 7 N2 N1 17 0.520 0
36 8 N2 N2 238 0.520 1
36 9 N4 N1 14 1.540 0
36 10 N4 N2 133 1.540 1
37 1 N3 N1 13 0.470 0
37 2 N3 N3 0 0.470 0
37 3 N3 N2 186 0.470 1
37 4 N1 N1 20 0.400 0
37 5 N1 N2 194 0.400 1
37 6 N2 N3 15 0.070 0
37 7 N2 N1 17 0.070 0
37 8 N2 N2 236 0.070 1
37 9 N4 N1 12 0.070 0
37 10 N4 N2 134 0.070 1
38 1 N3 N1 13 0.040 0
38 2 N3 N3 0 0.040 0
38 3 N3 N2 186 0.040 1
38 4 N1 N1 20 0.450 0
38 5 N1 N2 192 0.450 1
38 6 N2 N3 15 0.540 0
38 7 N2 N1 17 0.540 0
38 8 N2 N2 236 0.540 1
38 9 N4 N1 10 0.670 0
38 10 N4 N2 134 0.670 1
39 1 N3 N1 0 0.140 0
39 2 N3 N3 0 0.140 0
39 3 N3 N2 186 0.140 1
39 4 N1 N1 20 0.030 0
39 5 N1 N2 191 0.030 1
39 6 N2 N3 15 0.260 0
39 7 N2 N1 17 0.260 0
39 8 N2 N2 235 0.260 1
39 9 N4 N1 10 0.280 0
39 10 N4 N2 135 0.280 1
40 1 N3 N1 0 0.710 0
40 2 N3 N3 0 0.710 0
40 3 N3 N2 186 0.710 1
40 4 N1 N1 19 0.080 0
40 5 N1 N2 190 0.080 1
40 6 N2 N3 15 0.330 0
40 7 N2 N1 18 0.330 0
40 8 N2 N2 234 0.330 1
40 9 N4 N1 10 0.330 0
40 10 N4 N2 136 0.330 1
41 1 N3 N1 0 0.250 0
41 2 N3 N3 0 0.250 0
41 3 N3 N2 183 0.250 1
41 4 N1 N1 18 0.130 0
41 5 N1 N2 190 0.130 1
41 6 N2 N3 15 0.900 0
41 7 N2 N1 18 0.900 0
41 8 N2 N2 233 0.900 1
41 9 N4 N1 10 0.280 0
41 10 N4 N2 136 0.280 1
42 1 N3 N1 0 1.330 0
42 2 N3 N3 0 1.330 0
42 3 N3 N2 183 1.330 1
42 4 N1 N1 16 0.150 0
42 5 N1 N2 192 0.150 1
42 6 N2 N3 0 0.430 0
42 7 N2 N1 18 0.430 0
42 8 N2 N2 233 0.430 1
42 9 N4 N1 10 0.860 0
42 10 N4 N2 136 0.860 1
43 1 N3 N1 0 0.390 0
43 2 N3 N3 0 0.390 0
43 3 N3 N2 181 0.390 1
43 4 N1 N1 16 0.710 0
43 5 N1 N2 193 0.710 1
43 6 N2 N3 0 0.480 0
43 7 N2 N1 18 0.480 0
43 8 N2 N2 233 0.480 1
43 9 N4 N1 10 0.900 0
43 10 N4 N2 138 0.900 1
44 1 N3 N1 0 0.440 0
44 2 N3 N3 0 0.440 0
44 3 N3 N2 181 0.440 1
44 4 N1 N1 14 0.280 0
44 5 N1 N2 196 0.280 1
44 6 N2 N3 0 0.500 0
44 7 N2 N1 15 0.500 0
44 8 N2 N2 233 0.500 1
44 9 N4 N1 0 0.730 0
44 10 N4 N2 138 0.730 1
45 1 N3 N1 0 0.490 0
45 2 N3 N3 0 0.490 0
45 3 N3 N2 181 0.490 1
45 4 N1 N1 13 0.830 0
45 5 N1 N2 199 0.830 1
45 6 N2 N3 0 0.040 0
45 7 N2 N1 14 0.040 0
45 8 N2 N2 235 0.040 1
45 9 N4 N1 0 0.040 0
45 10 N4 N2 141 0.040 1
46 1 N3 N1 0 0.000 0
46 2 N3 N3 0 0.000 0
46 3 N3 N2 182 0.000 1
46 4 N1 N1 11 0.360 0
46 5 N1 N2 201 0.360 1
46 6 N2 N3 0 0.080 0
46 7 N2 N1 10 0.080 0
46 8 N2 N2 237 0.080 1
46 9 N4 N1 0 0.080 0
46 10 N4 N2 145 0.080 1
47 1 N3 N1 0 0.040 0
47 2 N3 N3 0 0.040 0
47 3 N3 N2 183 0.040 1
47 4 N1 N1 11 0.270 0
47 5 N1 N2 204 0.270 1
47 6 N2 N3 0 0.150 0
47 7 N2 N1 6 0.150 0
47 8 N2 N2 239 0.150 1
47 9 N4 N1 0 0.150 0
47 10 N4 N2 146 0.150 1
48 1 N3 N1 0 0.620 0
48 2 N3 N3 0 0.620 0
48 3 N3 N2 183 0.620 1
48 4 N1 N1 9 0.440 0
48 5 N1 N2 205 0.440 1
48 6 N2 N3 0 0.080 0
48 7 N2 N1 6 0.080 0
48 8 N2 N2 241 0.080 1
48 9 N4 N1 0 0.200 0
48 10 N4 N2 146 0.200 1
49 1 N3 N1 0 0.670 0
49 2 N3 N3 0 0.670 0
49 3 N3 N2 183 0.670 1
49 4 N1 N1 8 0.080 0
49 5 N1 N2 209 0.080 1
49 6 N2 N3 0 0.250 0
49 7 N2 N1 6 0.250 0
49 8 N2 N2 243 0.250 1
49 9 N4 N1 0 0.780 0
49 10 N4 N2 147 0.780 1
50 1 N3 N1 0 0.190 0
50 2 N3 N3 0 0.190 0
50 3 N3 N2 185 0.190 1
50 4 N1 N1 7 0.000 0
50 5 N1 N2 211 0.000 1
50 6 N2 N3 0 0.170 0
50 7 N2 N1 6 0.170 0
50 8 N2 N2 245 0.170 1
50 9 N4 N1 0 1.860 0
50 10 N4 N2 147 1.860 1
51 1 N3 N1 0 0.250 0
51 2 N3 N3 0 0.250 0
51 3 N3 N2 185 0.250 1
51 4 N1 N1 7 0.060 0
51 5 N1 N2 212 0.060 1
51 6 N2 N3 0 0.250 0
51 7 N2 N1 6 0.250 0
51 8 N2 N2 246 0.250 1
51 9 N4 N1 0 0.870 0
51 10 N4 N2 148 0.870 1
52 1 N3 N1 0 0.810 0
52 2 N3 N3 0 0.810 0
52 3 N3 N2 184 0.810 1
52 4 N1 N1 7 0.130 0
52 5 N1 N2 213 0.130 1
52 6 N2 N3 0 0.460 0
52 7 N2 N1 6 0.460 0
52 8 N2 N2 247 0.460 1
52 9 N4 N1 0 0.460 0
52 10 N4 N2 148 0.460 1
53 1 N3 N1 0 0.390 0
53 2 N3 N3 0 0.390 0
53 3 N3 N2 183 0.390 1
53 4 N1 N1 7 0.200 0
53 5 N1 N2 214 0.200 1
53 6 N2 N3 0 0.000 0
53 7 N2 N1 6 0.000 0
53 8 N2 N2 247 0.000 1
53 9 N4 N1 0 0.000 0
53 10 N4 N2 148 0.000 1
54 1 N3 N1 0 0.450 0
54 2 N3 N3 0 0.450 0
54 3 N3 N2 179 0.450 1
54 4 N1 N1 7 0.270 0
54 5 N1 N2 213 0.270 1
54 6 N2 N3 0 0.080 0
54 7 N2 N1 6 0.080 0
54 8 N2 N2 246 0.080 1
54 9 N4 N1 0 1.080 0
54 10 N4 N2 148 1.080 1
55 1 N3 N1 4 0.500 0
55 2 N3 N3 0 0.500 0
55 3 N3 N2 174 0.500 1
55 4 N1 N1 7 0.360 0
55 5 N1 N2 212 0.360 1
55 6 N2 N3 0 0.130 0
55 7 N2 N1 6 0.130 0
55 8 N2 N2 246 0.130 1
55 9 N4 N1 0 0.130 0
55 10 N4 N2 147 0.130 1
56 1 N3 N1 4 0.000 0
56 2 N3 N3 0 0.000 0
56 3 N3 N2 168 0.000 1
56 4 N1 N1 7 0.420 0
56 5 N1 N2 212 0.420 1
56 6 N2 N3 0 0.170 0
56 7 N2 N1 6 0.170 0
56 8 N2 N2 246 0.170 1
56 9 N4 N1 0 0.700 0
56 10 N4 N2 146 0.700 1
57 1 N3 N1 4 0.590 0
57 2 N3 N3 0 0.590 0
57 3 N3 N2 166 0.590 1
57 4 N1 N1 7 0.490 0
57 5 N1 N2 212 0.490 1
57 6 N2 N3 0 0.280 0
57 7 N2 N1 6 0.280 0
57 8 N2 N2 245 0.280 1
57 9 N4 N1 0 0.660 0
57 10 N4 N2 145 0.660 1
58 1 N3 N1 4 0.100 0
58 2 N3 N3 0 0.100 0
58 3 N3 N2 163 0.100 1
58 4 N1 N1 7 0.010 0
58 5 N1 N2 211 0.010 1
58 6 N2 N3 0 0.360 0
58 7 N2 N1 6 0.360 0
58 8 N2 N2 245 0.360 1
58 9 N4 N1 0 0.200 0
58 10 N4 N2 141 0.200 1
59 1 N3 N1 7 0.170 0
59 2 N3 N3 0 0.170 0
59 3 N3 N2 161 0.170 1
59 4 N1 N1 8 0.070 0
59 5 N1 N2 211 0.070 1
59 6 N2 N3 0 0.270 0
59 7 N2 N1 10 0.270 0
59 8 N2 N2 245 0.270 1
59 9 N4 N1 0 0.760 0
59 10 N4 N2 140 0.760 1
60 1 N3 N1 7 0.210 0
60 2 N3 N3 0 0.210 0
60 3 N3 N2 159 0.210 1
60 4 N1 N1 9 0.130 0
60 5 N1 N2 211 0.130 1
60 6 N2 N3 0 0.430 0
60 7 N2 N1 12 0.430 0
60 8 N2 N2 246 0.430 1
60 9 N4 N1 8 0.300 0
60 10 N4 N2 138 0.300 1
61 1 N3 N1 7 0.770 0
61 2 N3 N3 0 0.770 0
61 3 N3 N2 159 0.770 1
61 4 N1 N1 12 0.150 0
61 5 N1 N2 211 0.150 1
61 6 N2 N3 0 0.370 0
61 7 N2 N1 12 0.370 0
61 8 N2 N2 246 0.370 1
61 9 N4 N1 8 0.870 0
61 10 N4 N2 137 0.870 1
62 1 N3 N1 7 0.330 0
62 2 N3 N3 0 0.330 0
62 3 N3 N2 158 0.330 1
62 4 N1 N1 14 0.250 0
62 5 N1 N2 210 0.250 1
62 6 N2 N3 0 0.010 0
62 7 N2 N1 12 0.010 0
62 8 N2 N2 247 0.010 1
62 9 N4 N1 8 0.410 0
62 10 N4 N2 134 0.410 1
63 1 N3 N1 9 0.380 0
63 2 N3 N3 0 0.380 0
63 3 N3 N2 157 0.380 1
63 4 N1 N1 16 0.290 0
63 5 N1 N2 212 0.290 1
63 6 N2 N3 0 0.070 0
63 7 N2 N1 14 0.070 0
63 8 N2 N2 247 0.070 1
63 9 N4 N1 8 0.470 0
63 10 N4 N2 132 0.470 1
64 1 N3 N1 9 0.430 0
64 2 N3 N3 0 0.430 0
64 3 N3 N2 157 0.430 1
64 4 N1 N1 16 0.330 0
64 5 N1 N2 212 0.330 1
64 6 N2 N3 0 0.150 0
64 7 N2 N1 13 0.150 0
64 8 N2 N2 247 0.150 1
64 9 N4 N1 8 0.530 0
64 10 N4 N2 131 0.530 1
65 1 N3 N1 9 0.480 0
65 2 N3 N3 0 0.480 0
65 3 N3 N2 157 0.480 1
65 4 N1 N1 16 0.910 0
65 5 N1 N2 212 0.910 1
65 6 N2 N3 0 0.210 0
65 7 N2 N1 13 0.210 0
65 8 N2 N2 248 0.210 1
65 9 N4 N1 8 0.580 0
65 10 N4 N2 130 0.580 1
66 1 N3 N1 9 0.010 0
66 2 N3 N3 0 0.010 0
66 3 N3 N2 157 0.010 1
66 4 N1 N1 14 0.060 0
66 5 N1 N2 213 0.060 1
66 6 N2 N3 0 0.290 0
66 7 N2 N1 13 0.290 0
66 8 N2 N2 249 0.290 1
66 9 N4 N1 8 0.620 0
66 10 N4 N2 130 0.620 1
67 1 N3 N1 9 0.060 0
67 2 N3 N3 0 0.060 0
67 3 N3 N2 157 0.060 1
67 4 N1 N1 13 0.110 0
67 5 N1 N2 217 0.110 1
67 6 N2 N3 0 0.200 0
67 7 N2 N1 10 0.200 0
67 8 N2 N2 250 0.200 1
67 9 N4 N1 7 0.670 0
67 10 N4 N2 130 0.670 1
68 1 N3 N1 9 0.130 0
68 2 N3 N3 0 0.130 0
68 3 N3 N2 158 0.130 1
68 4 N1 N1 12 0.550 0
68 5 N1 N2 220 0.550 1
68 6 N2 N3 0 0.380 0
68 7 N2 N1 10 0.380 0
68 8 N2 N2 250 0.380 1
68 9 N4 N1 7 0.740 0
68 10 N4 N2 130 0.740 1
69 1 N3 N1 9 0.180 0
69 2 N3 N3 0 0.180 0
69 3 N3 N2 159 0.180 1
69 4 N1 N1 12 0.080 0
69 5 N1 N2 221 0.080 1
69 6 N2 N3 0 0.440 0
69 7 N2 N1 9 0.440 0
69 8 N2 N2 251 0.440 1
69 9 N4 N1 6 0.270 0
69 10 N4 N2 130 0.270 1
70 1 N3 N1 9 0.250 0
70 2 N3 N3 0 0.250 0
70 3 N3 N2 161 0.250 1
70 4 N1 N1 12 0.630 0
70 5 N1 N2 222 0.630 1
70 6 N2 N3 0 0.380 0
70 7 N2 N1 9 0.380 0
70 8 N2 N2 252 0.380 1
70 9 N4 N1 6 0.850 0
70 10 N4 N2 130 0.850 1
71 1 N3 N1 4 0.320 0
71 2 N3 N3 0 0.320 0
71 3 N3 N2 164 0.320 1
71 4 N1 N1 10 0.180 0
71 5 N1 N2 224 0.180 1
71 6 N2 N3 0 0.540 0
71 7 N2 N1 7 0.540 0
71 8 N2 N2 254 0.540 1
71 9 N4 N1 6 0.910 0
71 10 N4 N2 131 0.910 1
72 1 N3 N1 4 0.350 0
72 2 N3 N3 0 0.350 0
72 3 N3 N2 164 0.350 1
72 4 N1 N1 8 0.270 0
72 5 N1 N2 224 0.270 1
72 6 N2 N3 0 0.050 0
72 7 N2 N1 7 0.050 0
72 8 N2 N2 255 0.050 1
72 9 N4 N1 5 0.920 0
72 10 N4 N2 132 0.920 1
73 1 N3 N1 4 0.390 0
73 2 N3 N3 0 0.390 0
73 3 N3 N2 164 0.390 1
73 4 N1 N1 7 0.340 0
73 5 N1 N2 224 0.340 1
73 6 N2 N3 0 0.110 0
73 7 N2 N1 6 0.110 0
73 8 N2 N2 255 0.110 1
73 9 N4 N1 5 0.980 0
73 10 N4 N2 132 0.980 1
74 1 N3 N1 4 0.430 0
74 2 N3 N3 0 0.430 0
74 3 N3 N2 165 0.430 1
74 4 N1 N1 7 0.390 0
74 5 N1 N2 223 0.390 1
74 6 N2 N3 0 0.040 0
74 7 N2 N1 6 0.040 0
74 8 N2 N2 255 0.040 1
74 9 N4 N1 4 0.530 0
74 10 N4 N2 134 0.530 1
75 1 N3 N1 4 0.510 0
75 2 N3 N3 0 0.510 0
75 3 N3 N2 165 0.510 1
75 4 N1 N1 7 0.420 0
75 5 N1 N2 223 0.420 1
75 6 N2 N3 0 0.220 0
75 7 N2 N1 6 0.220 0
75 8 N2 N2 255 0.220 1
75 9 N4 N1 4 0.580 0
75 10 N4 N2 136 0.580 1
76 1 N3 N1 4 0.070 0
76 2 N3 N3 0 0.070 0
76 3 N3 N2 164 0.070 1
76 4 N1 N1 7 0.080 0
76 5 N1 N2 222 0.080 1
76 6 N2 N3 0 0.310 0
76 7 N2 N1 6 0.310 0
76 8 N2 N2 255 0.310 1
76 9 N4 N1 3 0.120 0
76 10 N4 N2 135 0.120 1
77 1 N3 N1 4 0.150 0
77 2 N3 N3 0 0.150 0
77 3 N3 N2 163 0.150 1
77 4 N1 N1 7 0.100 0
77 5 N1 N2 221 0.100 1
77 6 N2 N3 0 0.300 0
77 7 N2 N1 6 0.300 0
77 8 N2 N2 255 0.300 1
77 9 N4 N1 3 0.190 0
77 10 N4 N2 135 0.190 1
78 1 N3 N1 4 0.180 0
78 2 N3 N3 0 0.180 0
78 3 N3 N2 162 0.180 1
78 4 N1 N1 7 0.190 0
78 5 N1 N2 219 0.190 1
78 6 N2 N3 0 0.460 0
78 7 N2 N1 6 0.460 0
78 8 N2 N2 255 0.460 1
78 9 N4 N1 3 0.190 0
78 10 N4 N2 135 0.190 1
79 1 N3 N1 4 0.260 0
79 2 N3 N3 0 0.260 0
79 3 N3 N2 160 0.260 1
79 4 N1 N1 7 0.300 0
79 5 N1 N2 217 0.300 1
79 6 N2 N3 0 0.050 0
79 7 N2 N1 6 0.050 0
79 8 N2 N2 255 0.050 1
79 9 N4 N1 3 0.790 0
79 10 N4 N2 135 0.790 1
80 1 N3 N1 4 0.400 0
80 2 N3 N3 0 0.400 0
80 3 N3 N2 160 0.400 1
80 4 N1 N1 7 0.440 0
80 5 N1 N2 216 0.440 1
80 6 N2 N3 0 0.100 0
80 7 N2 N1 6 0.100 0
80 8 N2 N2 255 0.100 1
80 9 N4 N1 3 0.410 0
80 10 N4 N2 135 0.410 1
81 1 N3 N1 4 0.020 0
81 2 N3 N3 0 0.020 0
81 3 N3 N2 160 0.020 1
81 4 N1 N1 7 0.500 0
81 5 N1 N2 215 0.500 1
81 6 N2 N3 0 0.310 0
81 7 N2 N1 6 0.310 0
81 8 N2 N2 255 0.310 1
81 9 N4 N1 3 0.980 0
81 10 N4 N2 134 0.980 1
82 1 N3 N1 4 0.490 0
82 2 N3 N3 0 0.490 0
82 3 N3 N2 160 0.490 1
82 4 N1 N1 7 0.060 0
82 5 N1 N2 213 0.060 1
82 6 N2 N3 0 0.350 0
82 7 N2 N1 6 0.350 0
82 8 N2 N2 255 0.350 1
82 9 N4 N1 3 0.550 0
82 10 N4 N2 134 0.550 1
83 1 N3 N1 4 0.010 0
83 2 N3 N3 0 0.010 0
83 3 N3 N2 162 0.010 1
83 4 N1 N1 8 0.100 0
83 5 N1 N2 212 0.100 1
83 6 N2 N3 0 0.400 0
83 7 N2 N1 6 0.400 0
83 8 N2 N2 255 0.400 1
83 9 N4 N1 3 0.630 0
83 10 N4 N2 134 0.630 1
84 1 N3 N1 5 0.060 0
84 2 N3 N3 0 0.060 0
84 3 N3 N2 163 0.060 1
84 4 N1 N1 8 0.660 0
84 5 N1 N2 211 0.660 1
84 6 N2 N3 0 0.430 0
84 7 N2 N1 8 0.430 0
84 8 N2 N2 255 0.430 1
84 9 N4 N1 3 0.680 0
84 10 N4 N2 134 0.680 1
85 1 N3 N1 5 0.060 0
85 2 N3 N3 0 0.060 0
85 3 N3 N2 164 0.060 1
85 4 N1 N1 9 0.170 0
85 5 N1 N2 210 0.170 1
85 6 N2 N3 0 0.360 0
85 7 N2 N1 9 0.360 0
85 8 N2 N2 255 0.360 1
85 9 N4 N1 3 0.210 0
85 10 N4 N2 133 0.210 1
86 1 N3 N1 5 0.170 0
86 2 N3 N3 0 0.170 0
86 3 N3 N2 164 0.170 1
86 4 N1 N1 10 0.210 0
86 5 N1 N2 209 0.210 1
86 6 N2 N3 0 0.000 0
86 7 N2 N1 10 0.000 0
86 8 N2 N2 255 0.000 1
86 9 N4 N1 4 0.300 0
86 10 N4 N2 133 0.300 1
87 1 N3 N1 7 0.220 0
87 2 N3 N3 0 0.220 0
87 3 N3 N2 164 0.220 1
87 4 N1 N1 10 0.280 0
87 5 N1 N2 207 0.280 1
87 6 N2 N3 0 0.060 0
87 7 N2 N1 14 0.060 0
87 8 N2 N2 255 0.060 1
87 9 N4 N1 4 0.340 0
87 10 N4 N2 133 0.340 1
88 1 N3 N1 11 0.250 0
88 2 N3 N3 0 0.250 0
88 3 N3 N2 164 0.250 1
88 4 N1 N1 14 0.460 0
88 5 N1 N2 206 0.460 1
88 6 N2 N3 0 0.120 0
88 7 N2 N1 18 0.120 0
88 8 N2 N2 255 0.120 1
88 9 N4 N1 5 0.400 0
88 10 N4 N2 133 0.400 1
89 1 N3 N1 14 0.320 0
89 2 N3 N3 0 0.320 0
89 3 N3 N2 162 0.320 1
89 4 N1 N1 14 1.540 0
89 5 N1 N2 206 1.540 1
89 6 N2 N3 0 0.170 0
89 7 N2 N1 19 0.170 0
89 8 N2 N2 255 0.170 1
89 9 N4 N1 5 0.460 0
89 10 N4 N2 133 0.460 1
90 1 N3 N1 14 0.370 0
90 2 N3 N3 0 0.370 0
90 3 N3 N2 160 0.370 1
90 4 N1 N1 18 0.030 0
90 5 N1 N2 204 0.030 1
90 6 N2 N3 0 0.200 0
90 7 N2 N1 20 0.200 0
90 8 N2 N2 255 0.200 1
90 9 N4 N1 7 0.000 0
90 10 N4 N2 132 0.000 1
91 1 N3 N1 15 0.470 0
91 2 N3 N3 0 0.470 0
91 3 N3 N2 157 0.470 1
91 4 N1 N1 18 0.500 0
91 5 N1 N2 204 0.500 1
91 6 N2 N3 0 0.310 0
91 7 N2 N1 23 0.310 0
91 8 N2 N2 255 0.310 1
91 9 N4 N1 7 1.120 0
91 10 N4 N2 132 1.120 1
92 1 N3 N1 15 0.000 0
92 2 N3 N3 0 0.000 0
92 3 N3 N2 154 0.000 1
92 4 N1 N1 24 0.040 0
92 5 N1 N2 202 0.040 1
92 6 N2 N3 0 0.260 0
92 7 N2 N1 23 0.260 0
92 8 N2 N2 255 0.260 1
92 9 N4 N1 8 0.150 0
92 10 N4 N2 131 0.150 1
93 1 N3 N1 15 0.030 0
93 2 N3 N3 0 0.030 0
93 3 N3 N2 152 0.030 1
93 4 N1 N1 24 0.090 0
93 5 N1 N2 203 0.090 1
93 6 N2 N3 0 0.420 0
93 7 N2 N1 23 0.420 0
93 8 N2 N2 255 0.420 1
93 9 N4 N1 8 1.230 0
93 10 N4 N2 131 1.230 1
94 1 N3 N1 15 0.640 0
94 2 N3 N3 0 0.640 0
94 3 N3 N2 151 0.640 1
94 4 N1 N1 24 1.190 0
94 5 N1 N2 203 1.190 1
94 6 N2 N3 0 0.490 0
94 7 N2 N1 21 0.490 0
94 8 N2 N2 254 0.490 1
94 9 N4 N1 8 2.330 0
94 10 N4 N2 131 2.330 1
95 1 N3 N1 15 1.720 0
95 2 N3 N3 0 1.720 0
95 3 N3 N2 151 1.720 1
95 4 N1 N1 24 0.840 0
95 5 N1 N2 202 0.840 1
95 6 N2 N3 0 1.570 0
95 7 N2 N1 21 1.570 0
95 8 N2 N2 254 1.570 1
95 9 N4 N1 8 3.410 0
95 10 N4 N2 131 3.410 1
96 1 N3 N1 15 0.270 0
96 2 N3 N3 0 0.270 0
96 3 N3 N2 151 0.270 1
96 4 N1 N1 26 0.270 0
96 5 N1 N2 201 0.270 1
96 6 N2 N3 0 0.080 0
96 7 N2 N1 21 0.080 0
96 8 N2 N2 254 0.080 1
96 9 N4 N1 8 4.490 0
96 10 N4 N2 131 4.490 1
97 1 N3 N1 14 0.840 0
97 2 N3 N3 0 0.840 0
97 3 N3 N2 150 0.840 1
97 4 N1 N1 26 0.820 0
97 5 N1 N2 201 0.820 1
97 6 N2 N3 0 0.100 0
97 7 N2 N1 21 0.100 0
97 8 N2 N2 254 0.100 1
97 9 N4 N1 10 0.410 0
97 10 N4 N2 129 0.410 1
98 1 N3 N1 14 0.890 0
98 2 N3 N3 0 0.890 0
98 3 N3 N2 148 0.890 1
98 4 N1 N1 26 0.870 0
98 5 N1 N2 201 0.870 1
98 6 N2 N3 0 0.630 0
98 7 N2 N1 21 0.630 0
98 8 N2 N2 254 0.630 1
98 9 N4 N1 10 0.910 0
98 10 N4 N2 127 0.910 1
99 1 N3 N1 14 0.300 0
99 2 N3 N3 0 0.300 0
99 3 N3 N2 147 0.300 1
99 4 N1 N1 26 0.070 0
99 5 N1 N2 200 0.070 1
99 6 N2 N3 0 0.190 0
99 7 N2 N1 22 0.190 0
99 8 N2 N2 254 0.190 1
99 9 N4 N1 10 0.000 0
99 10 N4 N2 122 0.000 1
100 1 N3 N1 14 1.370 0
100 2 N3 N3 0 1.370 0
100 3 N3 N2 147 1.370 1
100 4 N1 N1 25 0.450 0
100 5 N1 N2 198 0.450 1
100 6 N2 N3 0 0.120 0
100 7 N2 N1 23 0.120 0
100 8 N2 N2 254 0.120 1
100 9 N4 N1 10 1.070 0
100 10 N4 N2 122 1.070 1
101 1 N3 N1 14 0.500 0
101 2 N3 N3 0 0.500 0
101 3 N3 N2 145 0.500 1
101 4 N1 N1 26 0.100 0
101 5 N1 N2 196 0.100 1
101 6 N2 N3 0 0.800 0
101 7 N2 N1 23 0.800 0
101 8 N2 N2 254 0.800 1
101 9 N4 N1 10 0.620 0
101 10 N4 N2 120 0.620 1
102 1 N3 N1 14 1.600 0
102 2 N3 N3 0 1.600 0
102 3 N3 N2 145 1.600 1
102 4 N1 N1 26 1.080 0
102 5 N1 N2 195 1.080 1
102 6 N2 N3 0 0.810 0
102 7 N2 N1 23 0.810 0
102 8 N2 N2 254 0.810 1
102 9 N4 N1 10 1.720 0
102 10 N4 N2 120 1.720 1
103 1 N3 N1 16 0.110 0
103 2 N3 N3 0 0.110 0
103 3 N3 N2 144 0.110 1
103 4 N1 N1 27 0.140 0
103 5 N1 N2 191 0.140 1
103 6 N2 N3 0 0.470 0
103 7 N2 N1 24 0.470 0
103 8 N2 N2 254 0.470 1
103 9 N4 N1 10 0.250 0
103 10 N4 N2 117 0.250 1
104 1 N3 N1 16 1.190 0
104 2 N3 N3 0 1.190 0
104 3 N3 N2 144 1.190 1
104 4 N1 N1 27 0.700 0
104 5 N1 N2 190 0.700 1
104 6 N2 N3 0 0.520 0
104 7 N2 N1 24 0.520 0
104 8 N2 N2 254 0.520 1
104 9 N4 N1 10 0.830 0
104 10 N4 N2 115 0.830 1
105 1 N3 N1 16 2.270 0
105 2 N3 N3 0 2.270 0
105 3 N3 N2 144 2.270 1
105 4 N1 N1 27 0.100 0
105 5 N1 N2 189 0.100 1
105 6 N2 N3 0 0.010 0
105 7 N2 N1 24 0.010 0
105 8 N2 N2 253 0.010 1
105 9 N4 N1 10 1.910 0
105 10 N4 N2 115 1.910 1
106 1 N3 N1 16 0.270 0
106 2 N3 N3 0 0.270 0
106 3 N3 N2 143 0.270 1
106 4 N1 N1 27 1.180 0
106 5 N1 N2 189 1.180 1
106 6 N2 N3 0 0.050 0
106 7 N2 N1 24 0.050 0
106 8 N2 N2 254 0.050 1
106 9 N4 N1 10 2.990 0
106 10 N4 N2 115 2.990 1
107 1 N3 N1 16 0.820 0
107 2 N3 N3 0 0.820 0
107 3 N3 N2 142 0.820 1
107 4 N1 N1 29 0.460 0
107 5 N1 N2 187 0.460 1
107 6 N2 N3 0 0.600 0
107 7 N2 N1 24 0.600 0
107 8 N2 N2 253 0.600 1
107 9 N4 N1 12 0.500 0
107 10 N4 N2 113 0.500 1
108 1 N3 N1 17 0.370 0
108 2 N3 N3 0 0.370 0
108 3 N3 N2 140 0.370 1
108 4 N1 N1 30 0.940 0
108 5 N1 N2 186 0.940 1
108 6 N2 N3 0 0.040 0
108 7 N2 N1 28 0.040 0
108 8 N2 N2 252 0.040 1
108 9 N4 N1 12 0.050 0
108 10 N4 N2 111 0.050 1
109 1 N3 N1 17 0.440 0
109 2 N3 N3 0 0.440 0
109 3 N3 N2 138 0.440 1
109 4 N1 N1 34 0.450 0
109 5 N1 N2 182 0.450 1
109 6 N2 N3 0 0.720 0
109 7 N2 N1 28 0.720 0
109 8 N2 N2 251 0.720 1
109 9 N4 N1 12 1.140 0
109 10 N4 N2 111 1.140 1
110 1 N3 N1 20 0.510 0
110 2 N3 N3 0 0.510 0
110 3 N3 N2 136 0.510 1
110 4 N1 N1 37 0.040 0
110 5 N1 N2 179 0.040 1
110 6 N2 N3 0 0.130 0
110 7 N2 N1 37 0.130 0
110 8 N2 N2 249 0.130 1
110 9 N4 N1 16 0.190 0
110 10 N4 N2 107 0.190 1
111 1 N3 N1 20 0.020 0
111 2 N3 N3 0 0.020 0
111 3 N3 N2 134 0.020 1
111 4 N1 N1 42 0.070 0
111 5 N1 N2 177 0.070 1
111 6 N2 N3 0 0.180 0
111 7 N2 N1 40 0.180 0
111 8 N2 N2 247 0.180 1
111 9 N4 N1 16 1.270 0
111 10 N4 N2 107 1.270 1
112 1 N3 N1 20 1.120 0
112 2 N3 N3 0 1.120 0
112 3 N3 N2 134 1.120 1
112 4 N1 N1 42 1.170 0
112 5 N1 N2 177 1.170 1
112 6 N2 N3 0 0.380 0
112 7 N2 N1 40 0.380 0
112 8 N2 N2 244 0.380 1
112 9 N4 N1 16 0.380 0
112 10 N4 N2 105 0.380 1
113 1 N3 N1 20 0.160 0
113 2 N3 N3 0 0.160 0
113 3 N3 N2 132 0.160 1
113 4 N1 N1 42 2.250 0
113 5 N1 N2 177 2.250 1
113 6 N2 N3 0 0.400 0
113 7 N2 N1 40 0.400 0
113 8 N2 N2 241 0.400 1
113 9 N4 N1 16 1.460 0
113 10 N4 N2 105 1.460 1
114 1 N3 N1 22 0.140 0
114 2 N3 N3 0 0.140 0
114 3 N3 N2 129 0.140 1
114 4 N1 N1 45 0.080 0
114 5 N1 N2 172 0.080 1
114 6 N2 N3 0 0.790 0
114 7 N2 N1 40 0.790 0
114 8 N2 N2 239 0.790 1
114 9 N4 N1 17 0.230 0
114 10 N4 N2 104 0.230 1
115 1 N3 N1 22 0.780 0
115 2 N3 N3 0 0.780 0
115 3 N3 N2 126 0.780 1
115 4 N1 N1 45 1.160 0
115 5 N1 N2 172 1.160 1
115 6 N2 N3 0 0.010 0
115 7 N2 N1 42 0.010 0
115 8 N2 N2 232 0.010 1
115 9 N4 N1 19 1.050 0
115 10 N4 N2 102 1.050 1
116 1 N3 N1 22 0.330 0
116 2 N3 N3 0 0.330 0
116 3 N3 N2 123 0.330 1
116 4 N1 N1 47 0.450 0
116 5 N1 N2 169 0.450 1
116 6 N2 N3 0 0.490 0
116 7 N2 N1 47 0.490 0
116 8 N2 N2 230 0.490 1
116 9 N4 N1 20 0.590 0
116 10 N4 N2 99 0.590 1
117 1 N3 N1 22 1.400 0
117 2 N3 N3 0 1.400 0
117 3 N3 N2 123 1.400 1
117 4 N1 N1 48 0.330 0
117 5 N1 N2 168 0.330 1
117 6 N2 N3 0 0.130 0
117 7 N2 N1 47 0.130 0
117 8 N2 N2 228 0.130 1
117 9 N4 N1 20 0.450 0
117 10 N4 N2 97 0.450 1
118 1 N3 N1 22 2.480 0
118 2 N3 N3 0 2.480 0
118 3 N3 N2 123 2.480 1
118 4 N1 N1 48 0.410 0
118 5 N1 N2 166 0.410 1
118 6 N2 N3 0 0.210 0
118 7 N2 N1 47 0.210 0
118 8 N2 N2 224 0.210 1
118 9 N4 N1 20 0.210 0
118 10 N4 N2 95 0.210 1
119 1 N3 N1 22 3.560 0
119 2 N3 N3 0 3.560 0
119 3 N3 N2 123 3.560 1
119 4 N1 N1 47 0.420 0
119 5 N1 N2 164 0.420 1
119 6 N2 N3 0 0.270 0
119 7 N2 N1 47 0.270 0
119 8 N2 N2 220 0.270 1
119 9 N4 N1 20 1.290 0
119 10 N4 N2 95 1.290 1
120 1 N3 N1 22 1.020 0
120 2 N3 N3 0 1.020 0
120 3 N3 N2 122 1.020 1
120 4 N1 N1 47 1.020 0
120 5 N1 N2 162 1.020 1
120 6 N2 N3 0 0.320 0
120 7 N2 N1 41 0.320 0
120 8 N2 N2 216 0.320 1
120 9 N4 N1 20 0.330 0
120 10 N4 N2 94 0.330 1
121 1 N3 N1 22 2.100 0
121 2 N3 N3 0 2.100 0
121 3 N3 N2 122 2.100 1
121 4 N1 N1 46 1.070 0
121 5 N1 N2 161 1.070 1
121 6 N2 N3 0 1.400 0
121 7 N2 N1 41 1.400 0
121 8 N2 N2 216 1.400 1
121 9 N4 N1 20 1.410 0
121 10 N4 N2 94 1.410 1
122 1 N3 N1 19 0.360 0
122 2 N3 N3 0 0.360 0
122 3 N3 N2 120 0.360 1
122 4 N1 N1 43 0.050 0
122 5 N1 N2 156 0.050 1
122 6 N2 N3 0 2.480 0
122 7 N2 N1 41 2.480 0
122 8 N2 N2 216 2.480 1
122 9 N4 N1 18 0.660 0
122 10 N4 N2 93 0.660 1
123 1 N3 N1 19 0.130 0
123 2 N3 N3 0 0.130 0
123 3 N3 N2 118 0.130 1
123 4 N1 N1 41 0.110 0
123 5 N1 N2 153 0.110 1
123 6 N2 N3 0 0.990 0
123 7 N2 N1 41 0.990 0
123 8 N2 N2 214 0.990 1
123 9 N4 N1 18 0.990 0
123 10 N4 N2 91 0.990 1
124 1 N3 N1 19 0.210 0
124 2 N3 N3 0 0.210 0
124 3 N3 N2 115 0.210 1
124 4 N1 N1 41 0.170 0
124 5 N1 N2 154 0.170 1
124 6 N2 N3 0 0.510 0
124 7 N2 N1 41 0.510 0
124 8 N2 N2 212 0.510 1
124 9 N4 N1 18 2.070 0
124 10 N4 N2 91 2.070 1
125 1 N3 N1 19 0.240 0
125 2 N3 N3 0 0.240 0
125 3 N3 N2 113 0.240 1
125 4 N1 N1 40 0.720 0
125 5 N1 N2 152 0.720 1
125 6 N2 N3 0 0.430 0
125 7 N2 N1 37 0.430 0
125 8 N2 N2 211 0.430 1
125 9 N4 N1 18 3.150 0
125 10 N4 N2 91 3.150 1
126 1 N3 N1 19 1.320 0
126 2 N3 N3 0 1.320 0
126 3 N3 N2 113 1.320 1
126 4 N1 N1 38 0.750 0
126 5 N1 N2 151 0.750 1
126 6 N2 N3 0 0.030 0
126 7 N2 N1 37 0.030 0
126 8 N2 N2 211 0.030 1
126 9 N4 N1 18 0.030 0
126 10 N4 N2 90 0.030 1
127 1 N3 N1 19 1.080 0
127 2 N3 N3 0 1.080 0
127 3 N3 N2 113 1.080 1
127 4 N1 N1 38 2.070 0
127 5 N1 N2 151 2.070 1
127 6 N2 N3 0 0.340 0
127 7 N2 N1 28 0.340 0
127 8 N2 N2 209 0.340 1
127 9 N4 N1 19 0.870 0
127 10 N4 N2 88 0.870 1
128 1 N3 N1 15 0.100 0
128 2 N3 N3 0 0.100 0
128 3 N3 N2 113 0.100 1
128 4 N1 N1 36 0.070 0
128 5 N1 N2 150 0.070 1
128 6 N2 N3 0 0.410 0
128 7 N2 N1 28 0.410 0
128 8 N2 N2 207 0.410 1
128 9 N4 N1 19 0.410 0
128 10 N4 N2 86 0.410 1
129 1 N3 N1 15 0.620 0
129 2 N3 N3 0 0.620 0
129 3 N3 N2 112 0.620 1
129 4 N1 N1 35 0.050 0
129 5 N1 N2 148 0.050 1
129 6 N2 N3 0 0.450 0
129 7 N2 N1 28 0.450 0
129 8 N2 N2 205 0.450 1
129 9 N4 N1 17 0.450 0
129 10 N4 N2 84 0.450 1
130 1 N3 N1 15 0.220 0
130 2 N3 N3 0 0.220 0
130 3 N3 N2 111 0.220 1
130 4 N1 N1 37 0.170 0
130 5 N1 N2 147 0.170 1
130 6 N2 N3 0 0.510 0
130 7 N2 N1 28 0.510 0
130 8 N2 N2 202 0.510 1
130 9 N4 N1 16 0.550 0
130 10 N4 N2 82 0.550 1
131 1 N3 N1 15 0.260 0
131 2 N3 N3 0 0.260 0
131 3 N3 N2 109 0.260 1
131 4 N1 N1 37 1.250 0
131 5 N1 N2 147 1.250 1
131 6 N2 N3 0 0.030 0
131 7 N2 N1 28 0.030 0
131 8 N2 N2 200 0.030 1
131 9 N4 N1 16 1.630 0
131 10 N4 N2 82 1.630 1
132 1 N3 N1 15 0.280 0
132 2 N3 N3 0 0.280 0
132 3 N3 N2 106 0.280 1
132 4 N1 N1 42 0.280 0
132 5 N1 N2 148 0.280 1
132 6 N2 N3 0 0.490 0
132 7 N2 N1 42 0.490 0
132 8 N2 N2 200 0.490 1
132 9 N4 N1 16 2.710 0
132 10 N4 N2 82 2.710 1
133 1 N3 N1 15 0.890 0
133 2 N3 N3 0 0.890 0
133 3 N3 N2 105 0.890 1
133 4 N1 N1 44 0.330 0
133 5 N1 N2 146 0.330 1
133 6 N2 N3 0 0.140 0
133 7 N2 N1 42 0.140 0
133 8 N2 N2 197 0.140 1
133 9 N4 N1 15 0.140 0
133 10 N4 N2 80 0.140 1
134 1 N3 N1 15 1.970 0
134 2 N3 N3 0 1.970 0
134 3 N3 N2 105 1.970 1
134 4 N1 N1 44 0.850 0
134 5 N1 N2 145 0.850 1
134 6 N2 N3 0 0.210 0
134 7 N2 N1 49 0.210 0
134 8 N2 N2 194 0.210 1
134 9 N4 N1 15 1.220 0
134 10 N4 N2 80 1.220 1
135 1 N3 N1 15 0.950 0
135 2 N3 N3 0 0.950 0
135 3 N3 N2 105 0.950 1
135 4 N1 N1 44 1.930 0
135 5 N1 N2 145 1.930 1
135 6 N2 N3 0 0.790 0
135 7 N2 N1 49 0.790 0
135 8 N2 N2 192 0.790 1
135 9 N4 N1 15 2.300 0
135 10 N4 N2 80 2.300 1
136 1 N3 N1 15 0.980 0
136 2 N3 N3 0 0.980 0
136 3 N3 N2 104 0.980 1
136 4 N1 N1 47 0.520 0
136 5 N1 N2 144 0.520 1
136 6 N2 N3 0 0.330 0
136 7 N2 N1 49 0.330 0
136 8 N2 N2 190 0.330 1
136 9 N4 N1 16 0.330 0
136 10 N4 N2 79 0.330 1
137 1 N3 N1 15 1.030 0
137 2 N3 N3 0 1.030 0
137 3 N3 N2 103 1.030 1
137 4 N1 N1 53 0.030 0
137 5 N1 N2 145 0.030 1
137 6 N2 N3 0 0.780 0
137 7 N2 N1 48 0.780 0
137 8 N2 N2 189 0.780 1
137 9 N4 N1 16 1.410 0
137 10 N4 N2 79 1.410 1
138 1 N3 N1 20 0.080 0
138 2 N3 N3 0 0.080 0
138 3 N3 N2 102 0.080 1
138 4 N1 N1 58 0.080 0
138 5 N1 N2 147 0.080 1
138 6 N2 N3 0 0.450 0
138 7 N2 N1 48 0.450 0
138 8 N2 N2 189 0.450 1
138 9 N4 N1 16 2.490 0
138 10 N4 N2 79 2.490 1
139 1 N3 N1 20 1.160 0
139 2 N3 N3 0 1.160 0
139 3 N3 N2 102 1.160 1
139 4 N1 N1 64 0.120 0
139 5 N1 N2 150 0.120 1
139 6 N2 N3 0 0.390 0
139 7 N2 N1 46 0.390 0
139 8 N2 N2 189 0.390 1
139 9 N4 N1 14 1.010 0
139 10 N4 N2 78 1.010 1
140 1 N3 N1 20 0.180 0
140 2 N3 N3 0 0.180 0
140 3 N3 N2 102 0.180 1
140 4 N1 N1 64 0.330 0
140 5 N1 N2 151 0.330 1
140 6 N2 N3 0 0.450 0
140 7 N2 N1 44 0.450 0
140 8 N2 N2 189 0.450 1
140 9 N4 N1 14 0.060 0
140 10 N4 N2 77 0.060 1
141 1 N3 N1 20 0.740 0
141 2 N3 N3 0 0.740 0
141 3 N3 N2 102 0.740 1
141 4 N1 N1 63 0.210 0
141 5 N1 N2 151 0.210 1
141 6 N2 N3 0 0.610 0
141 7 N2 N1 43 0.610 0
141 8 N2 N2 190 0.610 1
141 9 N4 N1 14 1.140 0
141 10 N4 N2 77 1.140 1
142 1 N3 N1 24 0.260 0
142 2 N3 N3 0 0.260 0
142 3 N3 N2 101 0.260 1
142 4 N1 N1 64 0.320 0
142 5 N1 N2 152 0.320 1
142 6 N2 N3 0 0.160 0
142 7 N2 N1 42 0.160 0
142 8 N2 N2 192 0.160 1
142 9 N4 N1 14 2.220 0
142 10 N4 N2 77 2.220 1
143 1 N3 N1 22 0.320 0
143 2 N3 N3 0 0.320 0
143 3 N3 N2 101 0.320 1
143 4 N1 N1 63 0.380 0
143 5 N1 N2 154 0.380 1
143 6 N2 N3 0 0.120 0
143 7 N2 N1 42 0.120 0
143 8 N2 N2 197 0.120 1
143 9 N4 N1 13 0.750 0
143 10 N4 N2 76 0.750 1
144 1 N3 N1 22 0.360 0
144 2 N3 N3 0 0.360 0
144 3 N3 N2 102 0.360 1
144 4 N1 N1 61 0.540 0
144 5 N1 N2 157 0.540 1
144 6 N2 N3 0 0.280 0
144 7 N2 N1 42 0.280 0
144 8 N2 N2 201 0.280 1
144 9 N4 N1 13 1.820 0
144 10 N4 N2 76 1.820 1
145 1 N3 N1 22 0.970 0
145 2 N3 N3 0 0.970 0
145 3 N3 N2 102 0.970 1
145 4 N1 N1 61 1.630 0
145 5 N1 N2 157 1.630 1
145 6 N2 N3 0 0.850 0
145 7 N2 N1 42 0.850 0
145 8 N2 N2 204 0.850 1
145 9 N4 N1 13 2.910 0
145 10 N4 N2 76 2.910 1
146 1 N3 N1 22 2.050 0
146 2 N3 N3 0 2.050 0
146 3 N3 N2 102 2.050 1
146 4 N1 N1 58 0.050 0
146 5 N1 N2 160 0.050 1
146 6 N2 N3 0 0.370 0
146 7 N2 N1 41 0.370 0
146 8 N2 N2 208 0.370 1
146 9 N4 N1 13 0.390 0
146 10 N4 N2 74 0.390 1
147 1 N3 N1 22 3.150 0
147 2 N3 N3 0 3.150 0
147 3 N3 N2 102 3.150 1
147 4 N1 N1 58 0.140 0
147 5 N1 N2 161 0.140 1
147 6 N2 N3 0 0.960 0
147 7 N2 N1 41 0.960 0
147 8 N2 N2 210 0.960 1
147 9 N4 N1 13 0.990 0
147 10 N4 N2 72 0.990 1
148 1 N3 N1 22 4.230 0
148 2 N3 N3 0 4.230 0
148 3 N3 N2 102 4.230 1
148 4 N1 N1 58 1.220 0
148 5 N1 N2 161 1.220 1
148 6 N2 N3 0 0.480 0
148 7 N2 N1 43 0.480 0
148 8 N2 N2 215 0.480 1
148 9 N4 N1 13 0.990 0
148 10 N4 N2 70 0.990 1
149 1 N3 N1 22 0.650 0
149 2 N3 N3 0 0.650 0
149 3 N3 N2 103 0.650 1
149 4 N1 N1 56 0.600 0
149 5 N1 N2 163 0.600 1
149 6 N2 N3 0 0.010 0
149 7 N2 N1 43 0.010 0
149 8 N2 N2 218 0.010 1
149 9 N4 N1 13 2.070 0
149 10 N4 N2 70 2.070 1
150 1 N3 N1 22 0.190 0
150 2 N3 N3 0 0.190 0
150 3 N3 N2 105 0.190 1
150 4 N1 N1 53 0.240 0
150 5 N1 N2 169 0.240 1
150 6 N2 N3 0 0.060 0
150 7 N2 N1 44 0.060 0
150 8 N2 N2 223 0.060 1
150 9 N4 N1 13 0.120 0
150 10 N4 N2 67 0.120 1
151 1 N3 N1 22 0.230 0
151 2 N3 N3 0 0.230 0
151 3 N3 N2 107 0.230 1
151 4 N1 N1 54 0.070 0
151 5 N1 N2 175 0.070 1
151 6 N2 N3 0 0.100 0
151 7 N2 N1 48 0.100 0
151 8 N2 N2 226 0.100 1
151 9 N4 N1 13 1.200 0
151 10 N4 N2 67 1.200 1
152 1 N3 N1 22 1.320 0
152 2 N3 N3 0 1.320 0
152 3 N3 N2 107 1.320 1
152 4 N1 N1 54 0.960 0
152 5 N1 N2 179 0.960 1
152 6 N2 N3 0 1.190 0
152 7 N2 N1 48 1.190 0
152 8 N2 N2 226 1.190 1
152 9 N4 N1 13 2.290 0
152 10 N4 N2 67 2.290 1
153 1 N3 N1 22 0.870 0
153 2 N3 N3 0 0.870 0
153 3 N3 N2 108 0.870 1
153 4 N1 N1 55 0.490 0
153 5 N1 N2 184 0.490 1
153 6 N2 N3 0 0.220 0
153 7 N2 N1 50 0.220 0
153 8 N2 N2 231 0.220 1
153 9 N4 N1 13 3.380 0
153 10 N4 N2 67 3.380 1
154 1 N3 N1 22 0.400 0
154 2 N3 N3 0 0.400 0
154 3 N3 N2 108 0.400 1
154 4 N1 N1 55 0.030 0
154 5 N1 N2 186 0.030 1
154 6 N2 N3 0 0.240 0
154 7 N2 N1 50 0.240 0
154 8 N2 N2 231 0.240 1
154 9 N4 N1 14 0.360 0
154 10 N4 N2 64 0.360 1
155 1 N3 N1 23 0.430 0
155 2 N3 N3 0 0.430 0
155 3 N3 N2 110 0.430 1
155 4 N1 N1 59 0.080 0
155 5 N1 N2 191 0.080 1
155 6 N2 N3 0 0.250 0
155 7 N2 N1 51 0.250 0
155 8 N2 N2 235 0.250 1
155 9 N4 N1 16 0.410 0
155 10 N4 N2 63 0.410 1
156 1 N3 N1 26 0.010 0
156 2 N3 N3 0 0.010 0
156 3 N3 N2 111 0.010 1
156 4 N1 N1 60 0.130 0
156 5 N1 N2 192 0.130 1
156 6 N2 N3 0 0.180 0
156 7 N2 N1 52 0.180 0
156 8 N2 N2 236 0.180 1
156 9 N4 N1 16 1.490 0
156 10 N4 N2 63 1.490 1
157 1 N3 N1 27 0.570 0
157 2 N3 N3 0 0.570 0
157 3 N3 N2 112 0.570 1
157 4 N1 N1 64 0.180 0
157 5 N1 N2 195 0.180 1
157 6 N2 N3 0 0.350 0
157 7 N2 N1 52 0.350 0
157 8 N2 N2 240 0.350 1
157 9 N4 N1 17 0.980 0
157 10 N4 N2 63 0.980 1
158 1 N3 N1 31 0.100 0
158 2 N3 N3 0 0.100 0
158 3 N3 N2 113 0.100 1
158 4 N1 N1 64 0.230 0
158 5 N1 N2 195 0.230 1
158 6 N2 N3 0 0.280 0
158 7 N2 N1 55 0.280 0
158 8 N2 N2 242 0.280 1
158 9 N4 N1 16 1.030 0
158 10 N4 N2 62 1.030 1
159 1 N3 N1 33 0.650 0
159 2 N3 N3 0 0.650 0
159 3 N3 N2 114 0.650 1
159 4 N1 N1 66 0.150 0
159 5 N1 N2 195 0.150 1
159 6 N2 N3 0 0.140 0
159 7 N2 N1 54 0.140 0
159 8 N2 N2 243 0.140 1
159 9 N4 N1 16 0.080 0
159 10 N4 N2 62 0.080 1
160 1 N3 N1 39 0.210 0
160 2 N3 N3 0 0.210 0
160 3 N3 N2 116 0.210 1
160 4 N1 N1 68 0.330 0
160 5 N1 N2 200 0.330 1
160 6 N2 N3 0 0.380 0
160 7 N2 N1 53 0.380 0
160 8 N2 N2 243 0.380 1
160 9 N4 N1 16 0.150 0
160 10 N4 N2 63 0.150 1
161 1 N3 N1 36 0.280 0
161 2 N3 N3 0 0.280 0
161 3 N3 N2 117 0.280 1
161 4 N1 N1 66 0.370 0
161 5 N1 N2 200 0.370 1
161 6 N2 N3 0 0.040 0
161 7 N2 N1 49 0.040 0
161 8 N2 N2 244 0.040 1
161 9 N4 N1 17 0.720 0
161 10 N4 N2 64 0.720 1
162 1 N3 N1 36 0.860 0
162 2 N3 N3 0 0.860 0
162 3 N3 N2 117 0.860 1
162 4 N1 N1 60 0.040 0
162 5 N1 N2 202 0.040 1
162 6 N2 N3 0 0.090 0
162 7 N2 N1 44 0.090 0
162 8 N2 N2 244 0.090 1
162 9 N4 N1 17 1.800 0
162 10 N4 N2 64 1.800 1
163 1 N3 N1 36 0.410 0
163 2 N3 N3 0 0.410 0
163 3 N3 N2 119 0.410 1
163 4 N1 N1 56 0.000 0
163 5 N1 N2 202 0.000 1
163 6 N2 N3 0 0.040 0
163 7 N2 N1 39 0.040 0
163 8 N2 N2 244 0.040 1
163 9 N4 N1 17 0.280 0
163 10 N4 N2 65 0.280 1
164 1 N3 N1 33 0.460 0
164 2 N3 N3 0 0.460 0
164 3 N3 N2 121 0.460 1
164 4 N1 N1 54 0.580 0
164 5 N1 N2 203 0.580 1
164 6 N2 N3 0 0.100 0
164 7 N2 N1 36 0.100 0
164 8 N2 N2 244 0.100 1
164 9 N4 N1 17 1.360 0
164 10 N4 N2 65 1.360 1
165 1 N3 N1 32 0.010 0
165 2 N3 N3 0 0.010 0
165 3 N3 N2 124 0.010 1
165 4 N1 N1 54 0.660 0
165 5 N1 N2 204 0.660 1
165 6 N2 N3 0 0.710 0
165 7 N2 N1 34 0.710 0
165 8 N2 N2 244 0.710 1
165 9 N4 N1 17 0.390 0
165 10 N4 N2 67 0.390 1
166 1 N3 N1 28 0.070 0
166 2 N3 N3 0 0.070 0
166 3 N3 N2 126 0.070 1
166 4 N1 N1 49 0.200 0
166 5 N1 N2 206 0.200 1
166 6 N2 N3 0 0.250 0
166 7 N2 N1 30 0.250 0
166 8 N2 N2 244 0.250 1
166 9 N4 N1 17 1.470 0
166 10 N4 N2 67 1.470 1
167 1 N3 N1 19 0.140 0
167 2 N3 N3 0 0.140 0
167 3 N3 N2 130 0.140 1
167 4 N1 N1 44 0.220 0
167 5 N1 N2 206 0.220 1
167 6 N2 N3 0 0.440 0
167 7 N2 N1 30 0.440 0
167 8 N2 N2 244 0.440 1
167 9 N4 N1 17 2.560 0
167 10 N4 N2 67 2.560 1
168 1 N3 N1 16 0.180 0
168 2 N3 N3 0 0.180 0
168 3 N3 N2 134 0.180 1
168 4 N1 N1 43 0.080 0
168 5 N1 N2 206 0.080 1
168 6 N2 N3 0 0.500 0
168 7 N2 N1 30 0.500 0
168 8 N2 N2 245 0.500 1
168 9 N4 N1 17 1.080 0
168 10 N4 N2 71 1.080 1
169 1 N3 N1 16 0.750 0
169 2 N3 N3 0 0.750 0
169 3 N3 N2 135 0.750 1
169 4 N1 N1 40 0.320 0
169 5 N1 N2 207 0.320 1
169 6 N2 N3 0 0.020 0
169 7 N2 N1 29 0.020 0
169 8 N2 N2 246 0.020 1
169 9 N4 N1 17 0.610 0
169 10 N4 N2 75 0.610 1
170 1 N3 N1 16 0.290 0
170 2 N3 N3 0 0.290 0
170 3 N3 N2 137 0.290 1
170 4 N1 N1 35 0.400 0
170 5 N1 N2 207 0.400 1
170 6 N2 N3 0 0.100 0
170 7 N2 N1 28 0.100 0
170 8 N2 N2 246 0.100 1
170 9 N4 N1 16 0.710 0
170 10 N4 N2 75 0.710 1
171 1 N3 N1 16 0.320 0
171 2 N3 N3 0 0.320 0
171 3 N3 N2 139 0.320 1
171 4 N1 N1 33 0.410 0
171 5 N1 N2 204 0.410 1
171 6 N2 N3 0 0.040 0
171 7 N2 N1 25 0.040 0
171 8 N2 N2 246 0.040 1
171 9 N4 N1 14 0.210 0
171 10 N4 N2 86 0.210 1
172 1 N3 N1 15 0.370 0
172 2 N3 N3 0 0.370 0
172 3 N3 N2 145 0.370 1
172 4 N1 N1 32 0.480 0
172 5 N1 N2 202 0.480 1
172 6 N2 N3 0 0.160 0
172 7 N2 N1 26 0.160 0
172 8 N2 N2 246 0.160 1
172 9 N4 N1 14 1.280 0
172 10 N4 N2 86 1.280 1
173 1 N3 N1 15 1.450 0
173 2 N3 N3 0 1.450 0
173 3 N3 N2 145 1.450 1
173 4 N1 N1 29 0.510 0
173 5 N1 N2 198 0.510 1
173 6 N2 N3 0 0.180 0
173 7 N2 N1 26 0.180 0
173 8 N2 N2 246 0.180 1
173 9 N4 N1 13 0.850 0
173 10 N4 N2 88 0.850 1
174 1 N3 N1 15 0.470 0
174 2 N3 N3 0 0.470 0
174 3 N3 N2 153 0.470 1
174 4 N1 N1 29 0.050 0
174 5 N1 N2 196 0.050 1
174 6 N2 N3 0 0.080 0
174 7 N2 N1 24 0.080 0
174 8 N2 N2 247 0.080 1
174 9 N4 N1 12 0.380 0
174 10 N4 N2 92 0.380 1
175 1 N3 N1 15 0.000 0
175 2 N3 N3 0 0.000 0
175 3 N3 N2 158 0.000 1
175 4 N1 N1 29 0.100 0
175 5 N1 N2 194 0.100 1
175 6 N2 N3 0 0.230 0
175 7 N2 N1 24 0.230 0
175 8 N2 N2 247 0.230 1
175 9 N4 N1 12 0.420 0
175 10 N4 N2 98 0.420 1
176 1 N3 N1 15 0.050 0
176 2 N3 N3 0 0.050 0
176 3 N3 N2 163 0.050 1
176 4 N1 N1 28 0.190 0
176 5 N1 N2 193 0.190 1
176 6 N2 N3 0 0.810 0
176 7 N2 N1 24 0.810 0
176 8 N2 N2 247 0.810 1
176 9 N4 N1 12 0.480 0
176 10 N4 N2 109 0.480 1
177 1 N3 N1 15 1.130 0
177 2 N3 N3 0 1.130 0
177 3 N3 N2 163 1.130 1
177 4 N1 N1 27 0.250 0
177 5 N1 N2 194 0.250 1
177 6 N2 N3 0 0.320 0
177 7 N2 N1 23 0.320 0
177 8 N2 N2 247 0.320 1
177 9 N4 N1 12 1.560 0
177 10 N4 N2 109 1.560 1
178 1 N3 N1 15 2.220 0
178 2 N3 N3 0 2.220 0
178 3 N3 N2 163 2.220 1
178 4 N1 N1 25 0.330 0
178 5 N1 N2 195 0.330 1
178 6 N2 N3 0 0.240 0
178 7 N2 N1 21 0.240 0
178 8 N2 N2 248 0.240 1
178 9 N4 N1 12 0.100 0
178 10 N4 N2 115 0.100 1
179 1 N3 N1 15 0.210 0
179 2 N3 N3 0 0.210 0
179 3 N3 N2 169 0.210 1
179 4 N1 N1 23 0.540 0
179 5 N1 N2 196 0.540 1
179 6 N2 N3 0 0.320 0
179 7 N2 N1 20 0.320 0
179 8 N2 N2 249 0.320 1
179 9 N4 N1 12 0.130 0
179 10 N4 N2 122 0.130 1
180 1 N3 N1 15 0.280 0
180 2 N3 N3 0 0.280 0
180 3 N3 N2 174 0.280 1
180 4 N1 N1 23 0.480 0
180 5 N1 N2 199 0.480 1
180 6 N2 N3 0 0.020 0
180 7 N2 N1 20 0.020 0
180 8 N2 N2 250 0.020 1
180 9 N4 N1 11 0.740 0
180 10 N4 N2 128 0.740 1
181 1 N3 N1 15 0.380 0
181 2 N3 N3 0 0.380 0
181 3 N3 N2 178 0.380 1
181 4 N1 N1 18 0.120 0
181 5 N1 N2 203 0.120 1
181 6 N2 N3 0 0.170 0
181 7 N2 N1 17 0.170 0
181 8 N2 N2 251 0.170 1
181 9 N4 N1 11 0.350 0
181 10 N4 N2 134 0.350 1
182 1 N3 N1 0 0.450 0
182 2 N3 N3 0 0.450 0
182 3 N3 N2 180 0.450 1
182 4 N1 N1 18 0.180 0
182 5 N1 N2 202 0.180 1
182 6 N2 N3 0 0.190 0
182 7 N2 N1 17 0.190 0
182 8 N2 N2 250 0.190 1
182 9 N4 N1 11 0.400 0
182 10 N4 N2 139 0.400 1
183 1 N3 N1 0 0.040 0
183 2 N3 N3 0 0.040 0
183 3 N3 N2 183 0.040 1
183 4 N1 N1 16 0.360 0
183 5 N1 N2 201 0.360 1
183 6 N2 N3 0 0.170 0
183 7 N2 N1 14 0.170 0
183 8 N2 N2 249 0.170 1
183 9 N4 N1 11 0.460 0
183 10 N4 N2 145 0.460 1
184 1 N3 N1 0 1.120 0
184 2 N3 N3 0 1.120 0
184 3 N3 N2 183 1.120 1
184 4 N1 N1 16 1.440 0
184 5 N1 N2 201 1.440 1
184 6 N2 N3 0 0.220 0
184 7 N2 N1 13 0.220 0
184 8 N2 N2 249 0.220 1
184 9 N4 N1 11 1.540 0
184 10 N4 N2 145 1.540 1
185 1 N3 N1 0 0.330 0
185 2 N3 N3 0 0.330 0
185 3 N3 N2 184 0.330 1
185 4 N1 N1 15 0.830 0
185 5 N1 N2 200 0.830 1
185 6 N2 N3 0 0.210 0
185 7 N2 N1 11 0.210 0
185 8 N2 N2 247 0.210 1
185 9 N4 N1 11 2.640 0
185 10 N4 N2 145 2.640 1
186 1 N3 N1 0 0.180 0
186 2 N3 N3 0 0.180 0
186 3 N3 N2 185 0.180 1
186 4 N1 N1 14 0.330 0
186 5 N1 N2 199 0.330 1
186 6 N2 N3 0 0.310 0
186 7 N2 N1 9 0.310 0
186 8 N2 N2 245 0.310 1
186 9 N4 N1 11 0.680 0
186 10 N4 N2 146 0.680 1
187 1 N3 N1 0 0.240 0
187 2 N3 N3 0 0.240 0
187 3 N3 N2 185 0.240 1
187 4 N1 N1 14 0.400 0
187 5 N1 N2 194 0.400 1
187 6 N2 N3 0 0.490 0
187 7 N2 N1 6 0.490 0
187 8 N2 N2 241 0.490 1
187 9 N4 N1 11 0.220 0
187 10 N4 N2 148 0.220 1
188 1 N3 N1 0 0.810 0
188 2 N3 N3 0 0.810 0
188 3 N3 N2 185 0.810 1
188 4 N1 N1 12 0.030 0
188 5 N1 N2 191 0.030 1
188 6 N2 N3 0 0.050 0
188 7 N2 N1 6 0.050 0
188 8 N2 N2 236 0.050 1
188 9 N4 N1 10 0.280 0
188 10 N4 N2 150 0.280 1
189 1 N3 N1 0 0.360 0
189 2 N3 N3 0 0.360 0
189 3 N3 N2 183 0.360 1
189 4 N1 N1 12 0.490 0
189 5 N1 N2 188 0.490 1
189 6 N2 N3 0 0.040 0
189 7 N2 N1 6 0.040 0
189 8 N2 N2 232 0.040 1
189 9 N4 N1 0 0.360 0
189 10 N4 N2 151 0.360 1
190 1 N3 N1 0 1.440 0
190 2 N3 N3 0 1.440 0
190 3 N3 N2 183 1.440 1
190 4 N1 N1 12 0.150 0
190 5 N1 N2 185 0.150 1
190 6 N2 N3 0 0.200 0
190 7 N2 N1 6 0.200 0
190 8 N2 N2 230 0.200 1
190 9 N4 N1 0 1.440 0
190 10 N4 N2 151 1.440 1
191 1 N3 N1 0 0.470 0
191 2 N3 N3 0 0.470 0
191 3 N3 N2 184 0.470 1
191 4 N1 N1 10 0.110 0
191 5 N1 N2 184 0.110 1
191 6 N2 N3 0 0.250 0
191 7 N2 N1 6 0.250 0
191 8 N2 N2 229 0.250 1
191 9 N4 N1 0 0.420 0
191 10 N4 N2 154 0.420 1
192 1 N3 N1 0 0.050 0
192 2 N3 N3 0 0.050 0
192 3 N3 N2 187 0.050 1
192 4 N1 N1 10 0.170 0
192 5 N1 N2 182 0.170 1
192 6 N2 N3 0 0.300 0
192 7 N2 N1 0 0.300 0
192 8 N2 N2 230 0.300 1
192 9 N4 N1 0 1.500 0
192 10 N4 N2 154 1.500 1
193 1 N3 N1 0 0.610 0
193 2 N3 N3 0 0.610 0
193 3 N3 N2 187 0.610 1
193 4 N1 N1 10 0.340 0
193 5 N1 N2 181 0.340 1
193 6 N2 N3 0 0.250 0
193 7 N2 N1 0 0.250 0
193 8 N2 N2 230 0.250 1
193 9 N4 N1 0 0.490 0
193 10 N4 N2 155 0.490 1
194 1 N3 N1 0 0.640 0
194 2 N3 N3 0 0.640 0
194 3 N3 N2 188 0.640 1
194 4 N1 N1 7 0.280 0
194 5 N1 N2 181 0.280 1
194 6 N2 N3 0 0.270 0
194 7 N2 N1 6 0.270 0
194 8 N2 N2 231 0.270 1
194 9 N4 N1 0 0.530 0
194 10 N4 N2 157 0.530 1
195 1 N3 N1 0 0.130 0
195 2 N3 N3 0 0.130 0
195 3 N3 N2 190 0.130 1
195 4 N1 N1 7 0.310 0
195 5 N1 N2 180 0.310 1
195 6 N2 N3 0 0.460 0
195 7 N2 N1 6 0.460 0
195 8 N2 N2 232 0.460 1
195 9 N4 N1 0 0.060 0
195 10 N4 N2 156 0.060 1
196 1 N3 N1 0 0.000 0
196 2 N3 N3 0 0.000 0
196 3 N3 N2 192 0.000 1
196 4 N1 N1 7 0.380 0
196 5 N1 N2 180 0.380 1
196 6 N2 N3 0 0.030 0
196 7 N2 N1 6 0.030 0
196 8 N2 N2 234 0.030 1
196 9 N4 N1 0 0.030 0
196 10 N4 N2 156 0.030 1
197 1 N3 N1 0 0.200 0
197 2 N3 N3 0 0.200 0
197 3 N3 N2 194 0.200 1
197 4 N1 N1 7 0.450 0
197 5 N1 N2 180 0.450 1
197 6 N2 N3 0 0.550 0
197 7 N2 N1 6 0.550 0
197 8 N2 N2 234 0.550 1
197 9 N4 N1 0 0.680 0
197 10 N4 N2 155 0.680 1
198 1 N3 N1 0 0.260 0
198 2 N3 N3 0 0.260 0
198 3 N3 N2 195 0.260 1
198 4 N1 N1 9 0.490 0
198 5 N1 N2 181 0.490 1
198 6 N2 N3 0 0.100 0
198 7 N2 N1 6 0.100 0
198 8 N2 N2 235 0.100 1
198 9 N4 N1 0 0.230 0
198 10 N4 N2 155 0.230 1
199 1 N3 N1 0 0.820 0
199 2 N3 N2 196 0.820 1
199 3 N1 N1 10 0.120 0
199 4 N1 N2 183 0.120 1
199 5 N2 N3 0 0.120 0
199 6 N2 N1 6 0.120 0
199 7 N2 N2 236 0.120 1
199 8 N4 N1 0 0.270 0
199 9 N4 N2 154 0.270 1
200 1 N3 N1 0 0.350 0
200 2 N3 N2 196 0.350 1
200 3 N1 N1 11 0.020 0
200 4 N1 N2 187 0.020 1
200 5 N2 N3 0 0.190 0
200 6 N2 N1 6 0.190 0
200 7 N2 N2 236 0.190 1
200 8 N4 N1 0 0.330 0
200 9 N4 N2 154 0.330 1
201 1 N3 N1 0 0.420 0
201 2 N3 N2 196 0.420 1
201 3 N1 N1 11 0.070 0
201 4 N1 N2 191 0.070 1
201 5 N2 N3 0 0.170 0
201 6 N2 N1 8 0.170 0
201 7 N2 N2 236 0.170 1
201 8 N4 N1 0 1.430 0
201 9 N4 N2 154 1.430 1
202 1 N3 N1 0 0.460 0
202 2 N3 N2 197 0.460 1
202 3 N1 N1 12 0.110 0
202 4 N1 N2 196 0.110 1
202 5 N2 N3 0 0.230 0
202 6 N2 N1 12 0.230 0
202 7 N2 N2 238 0.230 1
202 8 N4 N1 0 0.450 0
202 9 N4 N2 153 0.450 1
203 1 N3 N1 0 0.490 0
203 2 N3 N2 197 0.490 1
203 3 N1 N1 13 0.150 0
203 4 N1 N2 207 0.150 1
203 5 N2 N3 0 0.370 0
203 6 N2 N1 12 0.370 0
203 7 N2 N2 239 0.370 1
203 8 N4 N1 0 1.520 0
203 9 N4 N2 153 1.520 1
204 1 N3 N1 0 0.040 0
204 2 N3 N2 194 0.040 1
204 3 N1 N1 14 0.240 0
204 4 N1 N2 212 0.240 1
204 5 N2 N3 0 0.300 0
204 6 N2 N1 11 0.300 0
204 7 N2 N2 239 0.300 1
204 8 N4 N1 0 0.070 0
204 9 N4 N2 152 0.070 1
205 1 N3 N1 0 0.070 0
205 2 N3 N2 193 0.070 1
205 3 N1 N1 14 0.270 0
205 4 N1 N2 211 0.270 1
205 5 N2 N3 0 0.490 0
205 6 N2 N1 11 0.490 0
205 7 N2 N2 239 0.490 1
205 8 N4 N1 0 1.140 0
205 9 N4 N2 152 1.140 1
206 1 N3 N1 0 0.100 0
206 2 N3 N2 191 0.100 1
206 3 N1 N1 14 0.330 0
206 4 N1 N2 212 0.330 1
206 5 N2 N3 0 0.030 0
206 6 N2 N1 11 0.030 0
206 7 N2 N2 240 0.030 1
206 8 N4 N1 0 0.160 0
206 9 N4 N2 151 0.160 1
207 1 N3 N1 0 0.140 0
207 2 N3 N2 188 0.140 1
207 3 N1 N1 14 1.400 0
207 4 N1 N2 212 1.400 1
207 5 N2 N3 0 0.080 0
207 6 N2 N1 12 0.080 0
207 7 N2 N2 239 0.080 1
207 8 N4 N1 0 0.200 0
207 9 N4 N2 149 0.200 1
208 1 N3 N1 0 0.200 0
208 2 N3 N2 185 0.200 1
208 3 N1 N1 15 0.520 0
208 4 N1 N2 210 0.520 1
208 5 N2 N3 0 0.030 0
208 6 N2 N1 13 0.030 0
208 7 N2 N2 237 0.030 1
208 8 N4 N1 0 0.230 0
208 9 N4 N2 146 0.230 1
209 1 N3 N1 0 0.220 0
209 2 N3 N2 180 0.220 1
209 3 N1 N1 16 0.460 0
209 4 N1 N2 207 0.460 1
209 5 N2 N3 0 0.180 0
209 6 N2 N1 13 0.180 0
209 7 N2 N2 236 0.180 1
209 8 N4 N1 0 0.270 0
209 9 N4 N2 145 0.270 1
210 1 N3 N1 0 0.250 0
210 2 N3 N2 176 0.250 1
210 3 N1 N1 16 0.010 0
210 4 N1 N2 204 0.010 1
210 5 N2 N3 0 0.220 0
210 6 N2 N1 14 0.220 0
210 7 N2 N2 233 0.220 1
210 8 N4 N1 0 1.370 0
210 9 N4 N2 145 1.370 1
211 1 N3 N1 0 1.320 0
211 2 N3 N2 176 1.320 1
211 3 N1 N1 16 0.100 0
211 4 N1 N2 203 0.100 1
211 5 N2 N3 0 0.140 0
211 6 N2 N1 20 0.140 0
211 7 N2 N2 232 0.140 1
211 8 N4 N1 0 2.440 0
211 9 N4 N2 145 2.440 1
212 1 N3 N1 0 0.370 0
212 2 N3 N2 174 0.370 1
212 3 N1 N1 21 0.240 0
212 4 N1 N2 201 0.240 1
212 5 N2 N3 0 0.840 0
212 6 N2 N1 20 0.840 0
212 7 N2 N2 231 0.840 1
212 8 N4 N1 0 0.450 0
212 9 N4 N2 144 0.450 1
213 1 N3 N1 0 1.440 0
213 2 N3 N2 174 1.440 1
213 3 N1 N1 24 0.160 0
213 4 N1 N2 200 0.160 1
213 5 N2 N3 0 0.240 0
213 6 N2 N1 22 0.240 0
213 7 N2 N2 230 0.240 1
213 8 N4 N1 0 0.480 0
213 9 N4 N2 143 0.480 1
214 1 N3 N1 0 0.430 0
214 2 N3 N2 173 0.430 1
214 3 N1 N1 27 0.180 0
214 4 N1 N2 201 0.180 1
214 5 N2 N3 0 0.810 0
214 6 N2 N1 23 0.810 0
214 7 N2 N2 230 0.810 1
214 8 N4 N1 0 0.530 0
214 9 N4 N2 142 0.530 1
215 1 N3 N1 0 0.470 0
215 2 N3 N2 172 0.470 1
215 3 N1 N1 27 0.320 0
215 4 N1 N2 201 0.320 1
215 5 N2 N3 0 0.430 0
215 6 N2 N1 24 0.430 0
215 7 N2 N2 231 0.430 1
215 8 N4 N1 0 0.550 0
215 9 N4 N2 142 0.550 1
216 1 N3 N1 0 0.030 0
216 2 N3 N2 171 0.030 1
216 3 N1 N1 28 0.220 0
216 4 N1 N2 202 0.220 1
216 5 N2 N3 0 0.000 0
216 6 N2 N1 24 0.000 0
216 7 N2 N2 231 0.000 1
216 8 N4 N1 0 0.110 0
216 9 N4 N2 141 0.110 1
217 1 N3 N1 0 0.600 0
217 2 N3 N2 171 0.600 1
217 3 N1 N1 29 0.270 0
217 4 N1 N2 205 0.270 1
217 5 N2 N3 0 0.040 0
217 6 N2 N1 24 0.040 0
217 7 N2 N2 232 0.040 1
217 8 N4 N1 0 0.670 0
217 9 N4 N2 140 0.670 1
218 1 N3 N1 0 0.150 0
218 2 N3 N2 172 0.150 1
218 3 N1 N1 28 0.320 0
218 4 N1 N2 204 0.320 1
218 5 N2 N1 24 0.090 0
218 6 N2 N2 232 0.090 1
218 7 N4 N1 0 0.710 0
218 8 N4 N2 138 0.710 1
219 1 N3 N1 0 0.160 0
219 2 N3 N2 172 0.160 1
219 3 N1 N1 28 0.380 0
219 4 N1 N2 202 0.380 1
219 5 N2 N1 23 0.130 0
219 6 N2 N2 232 0.130 1
219 7 N4 N1 0 1.780 0
219 8 N4 N2 138 1.780 1
220 1 N3 N1 0 0.190 0
220 2 N3 N2 172 0.190 1
220 3 N1 N1 28 0.450 0
220 4 N1 N2 199 0.450 1
220 5 N2 N1 23 0.140 0
220 6 N2 N2 232 0.140 1
220 7 N4 N1 0 0.260 0
220 8 N4 N2 138 0.260 1
221 1 N3 N1 0 0.260 0
221 2 N3 N2 171 0.260 1
221 3 N1 N1 29 0.080 0
221 4 N1 N2 196 0.080 1
221 5 N2 N1 23 0.720 0
221 6 N2 N2 232 0.720 1
221 7 N4 N1 0 0.820 0
221 8 N4 N2 136 0.820 1
222 1 N3 N1 0 0.820 0
222 2 N3 N2 171 0.820 1
222 3 N1 N1 29 0.520 0
222 4 N1 N2 193 0.520 1
222 5 N2 N1 27 0.120 0
222 6 N2 N2 231 0.120 1
222 7 N4 N1 0 0.870 0
222 8 N4 N2 135 0.870 1
223 1 N3 N1 0 0.310 0
223 2 N3 N2 171 0.310 1
223 3 N1 N1 29 0.180 0
223 4 N1 N2 193 0.180 1
223 5 N2 N1 27 0.270 0
223 6 N2 N2 229 0.270 1
223 7 N4 N1 0 0.400 0
223 8 N4 N2 134 0.400 1
224 1 N3 N1 0 1.380 0
224 2 N3 N2 171 1.380 1
224 3 N1 N1 29 0.120 0
224 4 N1 N2 189 0.120 1
224 5 N2 N1 27 0.320 0
224 6 N2 N2 229 0.320 1
224 7 N4 N1 0 1.470 0
224 8 N4 N2 134 1.470 1
225 1 N3 N1 0 0.400 0
225 2 N3 N2 172 0.400 1
225 3 N1 N1 30 0.260 0
225 4 N1 N2 187 0.260 1
225 5 N2 N1 27 0.390 0
225 6 N2 N2 227 0.390 1
225 7 N4 N1 0 0.010 0
225 8 N4 N2 136 0.010 1
226 1 N3 N1 0 0.470 0
226 2 N3 N2 172 0.470 1
226 3 N1 N1 29 0.150 0
226 4 N1 N2 185 0.150 1
226 5 N2 N1 29 0.430 0
226 6 N2 N2 227 0.430 1
226 7 N4 N1 0 0.080 0
226 8 N4 N2 137 0.080 1
227 1 N3 N1 0 0.040 0
227 2 N3 N2 172 0.040 1
227 3 N1 N1 29 0.200 0
227 4 N1 N2 182 0.200 1
227 5 N2 N1 26 0.490 0
227 6 N2 N2 226 0.490 1
227 7 N4 N1 0 0.150 0
227 8 N4 N2 137 0.150 1
228 1 N3 N1 0 0.100 0
228 2 N3 N2 172 0.100 1
228 3 N1 N1 30 0.230 0
228 4 N1 N2 181 0.230 1
228 5 N2 N1 25 0.540 0
228 6 N2 N2 225 0.540 1
228 7 N4 N1 0 0.190 0
228 8 N4 N2 137 0.190 1
229 1 N3 N1 0 0.140 0
229 2 N3 N2 172 0.140 1
229 3 N1 N1 30 0.260 0
229 4 N1 N2 179 0.260 1
229 5 N2 N1 24 0.030 0
229 6 N2 N2 223 0.030 1
229 7 N4 N1 0 0.550 0
229 8 N4 N2 137 0.550 1
230 1 N3 N1 0 0.160 0
230 2 N3 N2 173 0.160 1
230 3 N1 N1 30 0.320 0
230 4 N1 N2 179 0.320 1
230 5 N2 N1 24 0.570 0
230 6 N2 N2 223 0.570 1
230 7 N4 N1 0 0.300 0
230 8 N4 N2 137 0.300 1
231 1 N3 N1 0 0.210 0
231 2 N3 N2 173 0.210 1
231 3 N1 N1 29 0.360 0
231 4 N1 N2 176 0.360 1
231 5 N2 N1 23 0.090 0
231 6 N2 N2 222 0.090 1
231 7 N4 N1 0 0.870 0
231 8 N4 N2 137 0.870 1
232 1 N3 N1 0 0.750 0
232 2 N3 N2 173 0.750 1
232 3 N1 N1 28 0.380 0
232 4 N1 N2 175 0.380 1
232 5 N2 N1 25 0.120 0
232 6 N2 N2 222 0.120 1
232 7 N4 N1 0 0.410 0
232 8 N4 N2 138 0.410 1
233 1 N3 N1 0 0.270 0
233 2 N3 N2 174 0.270 1
233 3 N1 N1 29 0.450 0
233 4 N1 N2 174 0.450 1
233 5 N2 N1 27 0.170 0
233 6 N2 N2 222 0.170 1
233 7 N4 N1 0 0.980 0
233 8 N4 N2 138 0.980 1
234 1 N3 N1 0 0.830 0
234 2 N3 N2 175 0.830 1
234 3 N1 N1 33 0.020 0
234 4 N1 N2 174 0.020 1
234 5 N2 N1 30 0.210 0
234 6 N2 N2 223 0.210 1
234 7 N4 N1 0 2.050 0
234 8 N4 N2 138 2.050 1
235 1 N3 N1 0 0.390 0
235 2 N3 N2 176 0.390 1
235 3 N1 N1 33 0.570 0
235 4 N1 N2 174 0.570 1
235 5 N2 N1 31 0.130 0
235 6 N2 N2 224 0.130 1
235 7 N4 N1 0 0.010 0
235 8 N4 N2 141 0.010 1
236 1 N3 N1 0 0.430 0
236 2 N3 N2 178 0.430 1
236 3 N1 N1 36 0.110 0
236 4 N1 N2 174 0.110 1
236 5 N2 N1 33 0.280 0
236 6 N2 N2 225 0.280 1
236 7 N4 N1 0 0.040 0
236 8 N4 N2 141 0.040 1
237 1 N3 N1 0 0.490 0
237 2 N3 N2 180 0.490 1
237 3 N1 N1 37 0.180 0
237 4 N1 N2 175 0.180 1
237 5 N2 N1 34 0.340 0
237 6 N2 N2 228 0.340 1
237 7 N4 N1 0 0.590 0
237 8 N4 N2 142 0.590 1
238 1 N3 N1 0 0.060 0
238 2 N3 N2 184 0.060 1
238 3 N1 N1 39 0.240 0
238 4 N1 N2 176 0.240 1
238 5 N2 N1 34 0.380 0
238 6 N2 N2 230 0.380 1
238 7 N4 N1 0 0.640 0
238 8 N4 N2 142 0.640 1
239 1 N3 N1 0 0.070 0
239 2 N3 N2 186 0.070 1
239 3 N1 N1 39 0.780 0
239 4 N1 N2 177 0.780 1
239 5 N2 N1 35 0.410 0
239 6 N2 N2 234 0.410 1
239 7 N4 N1 0 0.650 0
239 8 N4 N2 141 0.650 1
240 1 N3 N1 0 0.110 0
240 2 N3 N2 189 0.110 1
240 3 N1 N1 41 0.340 0
240 4 N1 N2 178 0.340 1
240 5 N2 N1 35 0.980 0
240 6 N2 N2 235 0.980 1
240 7 N4 N1 0 0.160 0
240 8 N4 N2 141 0.160 1
241 1 N3 N1 0 0.150 0
241 2 N3 N2 191 0.150 1
241 3 N1 N1 40 0.370 0
241 4 N1 N2 181 0.370 1
241 5 N2 N1 33 0.380 0
241 6 N2 N2 237 0.380 1
241 7 N4 N1 0 0.180 0
241 8 N4 N2 142 0.180 1
242 1 N3 N1 0 0.190 0
242 2 N3 N2 192 0.190 1
242 3 N1 N1 40 0.020 0
242 4 N1 N2 184 0.020 1
242 5 N2 N1 31 0.030 0
242 6 N2 N2 241 0.030 1
242 7 N4 N1 0 0.210 0
242 8 N4 N2 142 0.210 1
243 1 N3 N1 0 0.230 0
243 2 N3 N2 192 0.230 1
243 3 N1 N1 39 0.490 0
243 4 N1 N2 187 0.490 1
243 5 N2 N1 31 0.110 0
243 6 N2 N2 243 0.110 1
243 7 N4 N1 0 0.350 0
243 8 N4 N2 143 0.350 1
244 1 N3 N1 0 0.260 0
244 2 N3 N2 193 0.260 1
244 3 N1 N1 37 0.010 0
244 4 N1 N2 191 0.010 1
244 5 N2 N1 31 0.680 0
244 6 N2 N2 244 0.680 1
244 7 N4 N1 0 0.360 0
244 8 N4 N2 144 0.360 1
245 1 N3 N1 0 0.280 0
245 2 N3 N2 194 0.280 1
245 3 N1 N1 37 0.030 0
245 4 N1 N2 192 0.030 1
245 5 N2 N1 35 0.190 0
245 6 N2 N2 245 0.190 1
245 7 N4 N1 0 0.400 0
245 8 N4 N2 147 0.400 1
246 1 N3 N1 0 0.340 0
246 2 N3 N2 195 0.340 1
246 3 N1 N1 43 0.060 0
246 4 N1 N2 195 0.060 1
246 5 N2 N1 39 0.240 0
246 6 N2 N2 246 0.240 1
246 7 N4 N1 0 0.440 0
246 8 N4 N2 149 0.440 1
247 1 N3 N1 0 0.360 0
247 2 N3 N2 196 0.360 1
247 3 N1 N1 46 0.090 0
247 4 N1 N2 197 0.090 1
247 5 N2 N1 43 0.290 0
247 6 N2 N2 248 0.290 1
247 7 N4 N1 0 1.030 0
247 8 N4 N2 151 1.030 1
248 1 N3 N1 0 0.420 0
248 2 N3 N2 197 0.420 1
248 3 N1 N1 49 0.100 0
248 4 N1 N2 198 0.100 1
248 5 N2 N1 49 0.220 0
248 6 N2 N2 250 0.220 1
248 7 N4 N1 0 0.050 0
248 8 N4 N2 153 0.050 1
249 1 N3 N1 0 0.470 0
249 2 N3 N2 197 0.470 1
249 3 N1 N1 53 0.150 0
249 4 N1 N2 199 0.150 1
249 5 N2 N1 49 0.370 0
249 6 N2 N2 251 0.370 1
249 7 N4 N1 0 0.110 0
249 8 N4 N2 154 0.110 1
250 1 N3 N1 0 0.000 0
250 2 N3 N2 195 0.000 1
250 3 N1 N1 56 0.180 0
250 4 N1 N2 202 0.180 1
250 5 N2 N1 50 0.280 0
250 6 N2 N2 252 0.280 1
250 7 N4 N1 0 1.170 0
250 8 N4 N2 154 1.170 1
251 1 N3 N1 0 0.040 0
251 2 N3 N2 193 0.040 1
251 3 N1 N1 56 0.750 0
251 4 N1 N2 203 0.750 1
251 5 N2 N1 49 0.410 0
251 6 N2 N2 253 0.410 1
251 7 N4 N1 0 0.210 0
251 8 N4 N2 154 0.210 1
252 1 N3 N1 0 0.100 0
252 2 N3 N2 191 0.100 1
252 3 N1 N1 57 0.290 0
252 4 N1 N2 204 0.290 1
252 5 N2 N1 49 0.450 0
252 6 N2 N2 253 0.450 1
252 7 N4 N1 0 0.760 0
252 8 N4 N2 154 0.760 1
253 1 N3 N1 0 0.120 0
253 2 N3 N2 190 0.120 1
253 3 N1 N1 57 0.340 0
253 4 N1 N2 205 0.340 1
253 5 N2 N1 51 0.380 0
253 6 N2 N2 254 0.380 1
253 7 N4 N1 0 1.830 0
253 8 N4 N2 154 1.830 1
254 1 N3 N1 0 1.190 0
254 2 N3 N2 190 1.190 1
254 3 N1 N1 59 0.380 0
254 4 N1 N2 207 0.380 1
254 5 N2 N1 52 0.060 0
254 6 N2 N2 255 0.060 1
254 7 N4 N1 0 0.340 0
254 8 N4 N2 154 0.340 1
255 1 N3 N1 0 0.230 0
255 2 N3 N2 189 0.230 1
255 3 N1 N1 61 0.450 0
255 4 N1 N2 208 0.450 1
255 5 N2 N1 54 0.110 0
255 6 N2 N2 255 0.110 1
255 7 N4 N1 0 0.360 0
255 8 N4 N2 153 0.360 1
256 1 N3 N1 0 0.250 0
256 2 N3 N2 187 0.250 1
256 3 N1 N1 62 0.080 0
256 4 N1 N2 209 0.080 1
256 5 N2 N1 55 0.150 0
256 6 N2 N2 255 0.150 1
256 7 N4 N1 0 0.900 0
256 8 N4 N2 152 0.900 1
257 1 N3 N1 0 0.320 0
257 2 N3 N2 186 0.320 1
257 3 N1 N1 63 0.020 0
257 4 N1 N2 209 0.020 1
257 5 N2 N1 58 0.200 0
257 6 N2 N2 255 0.200 1
257 7 N4 N1 0 0.430 0
257 8 N4 N2 152 0.430 1
258 1 N3 N1 0 0.340 0
258 2 N3 N2 185 0.340 1
258 3 N1 N1 63 0.040 0
258 4 N1 N2 209 0.040 1
258 5 N2 N1 59 0.120 0
258 6 N2 N2 255 0.120 1
258 7 N4 N1 0 1.000 0
258 8 N4 N2 151 1.000 1
259 1 N3 N1 0 0.370 0
259 2 N3 N2 185 0.370 1
259 3 N1 N1 64 0.070 0
259 4 N1 N2 209 0.070 1
259 5 N2 N1 58 0.170 0
259 6 N2 N2 255 0.170 1
259 7 N4 N1 0 0.020 0
259 8 N4 N2 149 0.020 1
260 1 N3 N1 0 0.380 0
260 2 N3 N2 185 0.380 1
260 3 N1 N1 65 0.090 0
260 4 N1 N2 208 0.090 1
260 5 N2 N1 56 0.220 0
260 6 N2 N2 255 0.220 1
260 7 N4 N1 0 0.600 0
260 8 N4 N2 147 0.600 1
261 1 N3 N1 0 0.410 0
261 2 N3 N2 185 0.410 1
261 3 N1 N1 65 0.100 0
261 4 N1 N2 208 0.100 1
261 5 N2 N1 56 0.250 0
261 6 N2 N2 255 0.250 1
261 7 N4 N1 0 0.140 0
261 8 N4 N2 144 0.140 1
262 1 N3 N1 0 0.460 0
262 2 N3 N2 186 0.460 1
262 3 N1 N1 63 0.280 0
262 4 N1 N2 207 0.280 1
262 5 N2 N1 55 0.400 0
262 6 N2 N2 255 0.400 1
262 7 N4 N1 0 0.210 0
262 8 N4 N2 143 0.210 1
263 1 N3 N1 0 0.480 0
263 2 N3 N2 186 0.480 1
263 3 N1 N1 61 0.730 0
263 4 N1 N2 206 0.730 1
263 5 N2 N1 52 0.350 0
263 6 N2 N2 254 0.350 1
263 7 N4 N1 0 1.280 0
263 8 N4 N2 143 1.280 1
264 1 N3 N1 0 0.520 0
264 2 N3 N2 185 0.520 1
264 3 N1 N1 60 0.270 0
264 4 N1 N2 205 0.270 1
264 5 N2 N1 52 0.480 0
264 6 N2 N2 253 0.480 1
264 7 N4 N1 0 2.350 0
264 8 N4 N2 143 2.350 1
265 1 N3 N1 0 0.060 0
265 2 N3 N2 183 0.060 1
265 3 N1 N1 59 0.340 0
265 4 N1 N2 204 0.340 1
265 5 N2 N1 50 0.050 0
265 6 N2 N2 251 0.050 1
265 7 N4 N1 0 0.420 0
265 8 N4 N2 141 0.420 1
266 1 N3 N1 0 0.100 0
266 2 N3 N2 181 0.100 1
266 3 N1 N1 58 0.360 0
266 4 N1 N2 203 0.360 1
266 5 N2 N1 49 0.080 0
266 6 N2 N2 249 0.080 1
266 7 N4 N1 0 0.960 0
266 8 N4 N2 141 0.960 1
267 1 N3 N1 0 0.130 0
267 2 N3 N2 179 0.130 1
267 3 N1 N1 58 0.020 0
267 4 N1 N2 202 0.020 1
267 5 N2 N1 47 0.130 0
267 6 N2 N2 247 0.130 1
267 7 N4 N1 0 0.490 0
267 8 N4 N2 140 0.490 1
268 1 N3 N1 0 0.180 0
268 2 N3 N2 177 0.180 1
268 3 N1 N1 58 0.050 0
268 4 N1 N2 202 0.050 1
268 5 N2 N1 47 0.150 0
268 6 N2 N2 246 0.150 1
268 7 N4 N1 0 0.150 0
268 8 N4 N2 139 0.150 1
269 1 N3 N1 0 0.230 0
269 2 N3 N2 175 0.230 1
269 3 N1 N1 58 0.090 0
269 4 N1 N2 202 0.090 1
269 5 N2 N1 48 0.160 0
269 6 N2 N2 244 0.160 1
269 7 N4 N1 0 1.220 0
269 8 N4 N2 139 1.220 1
270 1 N3 N1 0 0.800 0
270 2 N3 N2 174 0.800 1
270 3 N1 N1 58 0.070 0
270 4 N1 N2 202 0.070 1
270 5 N2 N1 50 0.100 0
270 6 N2 N2 244 0.100 1
270 7 N4 N1 0 0.210 0
270 8 N4 N2 139 0.210 1
271 1 N3 N1 0 0.350 0
271 2 N3 N2 171 0.350 1
271 3 N1 N1 58 0.130 0
271 4 N1 N2 200 0.130 1
271 5 N2 N1 50 0.280 0
271 6 N2 N2 242 0.280 1
271 7 N4 N1 0 1.320 0
271 8 N4 N2 139 1.320 1
272 1 N3 N1 0 0.350 0
272 2 N3 N2 169 0.350 1
272 3 N1 N1 58 0.160 0
272 4 N1 N2 199 0.160 1
272 5 N2 N1 49 0.190 0
272 6 N2 N2 241 0.190 1
272 7 N4 N1 0 0.320 0
272 8 N4 N2 138 0.320 1
273 1 N3 N1 0 0.980 0
273 2 N3 N2 168 0.980 1
273 3 N1 N1 56 0.270 0
273 4 N1 N2 199 0.270 1
273 5 N2 N1 48 0.440 0
273 6 N2 N2 239 0.440 1
273 7 N4 N1 0 0.440 0
273 8 N4 N2 137 0.440 1
274 1 N3 N1 0 2.050 0
274 2 N3 N2 168 2.050 1
274 3 N1 N1 55 0.350 0
274 4 N1 N2 198 0.350 1
274 5 N2 N1 48 0.490 0
274 6 N2 N2 238 0.490 1
274 7 N4 N1 0 1.010 0
274 8 N4 N2 137 1.010 1
275 1 N3 N1 0 0.490 0
275 2 N3 N2 167 0.490 1
275 3 N1 N1 52 0.370 0
275 4 N1 N2 197 0.370 1
275 5 N2 N1 48 0.520 0
275 6 N2 N2 237 0.520 1
275 7 N4 N1 0 0.040 0
275 8 N4 N2 136 0.040 1
276 1 N3 N1 0 0.040 0
276 2 N3 N2 165 0.040 1
276 3 N1 N1 51 0.400 0
276 4 N1 N2 196 0.400 1
276 5 N2 N1 47 0.560 0
276 6 N2 N2 235 0.560 1
276 7 N4 N1 0 0.090 0
276 8 N4 N2 135 0.090 1
277 1 N3 N1 0 0.610 0
277 2 N3 N2 163 0.610 1
277 3 N1 N1 49 0.470 0
277 4 N1 N2 195 0.470 1
277 5 N2 N1 44 0.120 0
277 6 N2 N2 233 0.120 1
277 7 N4 N1 0 0.670 0
277 8 N4 N2 134 0.670 1
278 1 N3 N1 0 0.120 0
278 2 N3 N2 161 0.120 1
278 3 N1 N1 48 0.490 0
278 4 N1 N2 194 0.490 1
278 5 N2 N1 43 0.020 0
278 6 N2 N2 231 0.020 1
278 7 N4 N1 0 0.700 0
278 8 N4 N2 132 0.700 1
279 1 N3 N1 27 0.170 0
279 2 N3 N2 158 0.170 1
279 3 N1 N1 47 0.010 0
279 4 N1 N2 194 0.010 1
279 5 N2 N1 40 0.050 0
279 6 N2 N2 229 0.050 1
279 7 N4 N1 23 0.740 0
279 8 N4 N2 132 0.740 1
280 1 N3 N1 27 0.210 0
280 2 N3 N2 157 0.210 1
280 3 N1 N1 46 0.030 0
280 4 N1 N2 193 0.030 1
280 5 N2 N1 40 0.090 0
280 6 N2 N2 228 0.090 1
280 7 N4 N1 23 0.760 0
280 8 N4 N2 132 0.760 1
281 1 N3 N1 27 0.780 0
281 2 N3 N2 156 0.780 1
281 3 N1 N1 46 0.090 0
281 4 N1 N2 193 0.090 1
281 5 N2 N1 40 0.640 0
281 6 N2 N2 228 0.640 1
281 7 N4 N1 23 0.270 0
281 8 N4 N2 132 0.270 1
282 1 N3 N1 27 0.290 0
282 2 N3 N2 155 0.290 1
282 3 N1 N1 44 0.150 0
282 4 N1 N2 194 0.150 1
282 5 N2 N1 40 0.250 0
282 6 N2 N2 227 0.250 1
282 7 N4 N1 23 0.310 0
282 8 N4 N2 131 0.310 1
283 1 N3 N1 27 0.330 0
283 2 N3 N2 155 0.330 1
283 3 N1 N1 43 0.200 0
283 4 N1 N2 196 0.200 1
283 5 N2 N1 38 0.200 0
283 6 N2 N2 228 0.200 1
283 7 N4 N1 23 0.350 0
283 8 N4 N2 131 0.350 1
284 1 N3 N1 25 0.370 0
284 2 N3 N2 154 0.370 1
284 3 N1 N1 44 0.230 0
284 4 N1 N2 196 0.230 1
284 5 N2 N1 36 0.350 0
284 6 N2 N2 229 0.350 1
284 7 N4 N1 22 0.410 0
284 8 N4 N2 131 0.410 1
285 1 N3 N1 25 0.420 0
285 2 N3 N2 154 0.420 1
285 3 N1 N1 43 0.920 0
285 4 N1 N2 196 0.920 1
285 5 N2 N1 33 0.280 0
285 6 N2 N2 229 0.280 1
285 7 N4 N1 22 0.440 0
285 8 N4 N2 130 0.440 1
286 1 N3 N1 25 0.470 0
286 2 N3 N2 153 0.470 1
286 3 N1 N1 40 0.350 0
286 4 N1 N2 199 0.350 1
286 5 N2 N1 31 0.410 0
286 6 N2 N2 231 0.410 1
286 7 N4 N1 22 0.500 0
286 8 N4 N2 130 0.500 1
287 1 N3 N1 25 1.040 0
287 2 N3 N2 152 1.040 1
287 3 N1 N1 39 0.410 0
287 4 N1 N2 201 0.410 1
287 5 N2 N1 29 0.460 0
287 6 N2 N2 232 0.460 1
287 7 N4 N1 22 1.590 0
287 8 N4 N2 130 1.590 1
288 1 N3 N1 25 2.110 0
288 2 N3 N2 152 2.110 1
288 3 N1 N1 38 0.430 0
288 4 N1 N2 202 0.430 1
288 5 N2 N1 29 0.510 0
288 6 N2 N2 233 0.510 1
288 7 N4 N1 22 2.660 0
288 8 N4 N2 130 2.660 1
289 1 N3 N1 24 0.070 0
289 2 N3 N2 153 0.070 1
289 3 N1 N1 36 0.460 0
289 4 N1 N2 202 0.460 1
289 5 N2 N1 28 0.560 0
289 6 N2 N2 234 0.560 1
289 7 N4 N1 22 0.590 0
289 8 N4 N2 130 0.590 1
290 1 N3 N1 24 0.620 0
290 2 N3 N2 153 0.620 1
290 3 N1 N1 35 0.090 0
290 4 N1 N2 204 0.090 1
290 5 N2 N1 28 0.450 0
290 6 N2 N2 235 0.450 1
290 7 N4 N1 22 1.660 0
290 8 N4 N2 130 1.660 1
291 1 N3 N1 23 0.650 0
291 2 N3 N2 152 0.650 1
291 3 N1 N1 35 0.500 0
291 4 N1 N2 205 0.500 1
291 5 N2 N1 28 0.110 0
291 6 N2 N2 236 0.110 1
291 7 N4 N1 22 0.150 0
291 8 N4 N2 130 0.150 1
292 1 N3 N1 24 0.190 0
292 2 N3 N2 153 0.190 1
292 3 N1 N1 34 0.040 0
292 4 N1 N2 206 0.040 1
292 5 N2 N1 28 0.170 0
292 6 N2 N2 237 0.170 1
292 7 N4 N1 22 0.720 0
292 8 N4 N2 129 0.720 1
293 1 N3 N1 24 0.220 0
293 2 N3 N2 152 0.220 1
293 3 N1 N1 34 0.060 0
293 4 N1 N2 207 0.060 1
293 5 N2 N1 29 0.110 0
293 6 N2 N2 239 0.110 1
293 7 N4 N1 22 0.200 0
293 8 N4 N2 129 0.200 1
294 1 N3 N1 23 0.280 0
294 2 N3 N2 149 0.280 1
294 3 N1 N1 34 1.140 0
294 4 N1 N2 207 1.140 1
294 5 N2 N1 29 0.270 0
294 6 N2 N2 240 0.270 1
294 7 N4 N1 22 0.270 0
294 8 N4 N2 128 0.270 1
295 1 N3 N1 23 0.310 0
295 2 N3 N2 149 0.310 1
295 3 N1 N1 32 0.270 0
295 4 N1 N2 207 0.270 1
295 5 N2 N1 29 0.810 0
295 6 N2 N2 241 0.810 1
295 7 N4 N1 22 1.330 0
295 8 N4 N2 128 1.330 1
296 1 N3 N1 23 0.350 0
296 2 N3 N2 149 0.350 1
296 3 N1 N1 31 0.210 0
296 4 N1 N2 210 0.210 1
296 5 N2 N1 24 0.220 0
296 6 N2 N2 243 0.220 1
296 7 N4 N1 22 0.330 0
296 8 N4 N2 128 0.330 1
297 1 N3 N1 23 0.410 0
297 2 N3 N2 149 0.410 1
297 3 N1 N1 29 0.340 0
297 4 N1 N2 211 0.340 1
297 5 N2 N1 24 1.290 0
297 6 N2 N2 243 1.290 1
297 7 N4 N1 22 0.900 0
297 8 N4 N2 128 0.900 1
298 1 N3 N1 23 0.430 0
298 2 N3 N2 150 0.430 1
298 3 N1 N1 27 0.270 0
298 4 N1 N2 212 0.270 1
298 5 N2 N1 21 0.280 0
298 6 N2 N2 245 0.280 1
298 7 N4 N1 18 0.460 0
298 8 N4 N2 128 0.460 1
299 1 N3 N1 21 0.470 0
299 2 N3 N2 152 0.470 1
299 3 N1 N1 25 0.300 0
299 4 N1 N2 212 0.300 1
299 5 N2 N1 19 0.450 0
299 6 N2 N2 247 0.450 1
299 7 N4 N1 18 1.530 0
299 8 N4 N2 128 1.530 1
300 1 N3 N1 20 0.000 0
300 2 N3 N2 155 0.000 1
300 3 N1 N1 24 0.300 0
300 4 N1 N2 213 0.300 1
300 5 N2 N1 17 0.380 0
300 6 N2 N2 248 0.380 1
300 7 N4 N1 16 0.600 0
300 8 N4 N2 128 0.600 1
