1 1 N3 N1 186 0.110 0
1 2 N3 N3 202 0.110 1
1 3 N5 N3 0 0.950 0
1 4 N5 N5 244 0.950 1
1 5 N1 N3 120 0.470 0
1 6 N1 N1 250 0.470 1
1 7 N4 N3 163 0.200 1
2 1 N3 N1 187 0.300 0
2 2 N3 N3 200 0.300 1
2 3 N5 N3 0 0.490 0
2 4 N5 N5 243 0.490 1
2 5 N1 N3 118 0.510 0
2 6 N1 N1 250 0.510 1
2 7 N4 N3 159 0.300 1
3 1 N3 N1 187 0.320 0
3 2 N3 N3 199 0.320 1
3 3 N5 N3 0 0.040 0
3 4 N5 N5 241 0.040 1
3 5 N1 N3 116 0.020 0
3 6 N1 N1 250 0.020 1
3 7 N4 N3 157 0.850 1
4 1 N3 N1 186 0.230 0
4 2 N3 N3 198 0.230 1
4 3 N5 N3 0 0.060 0
4 4 N5 N5 239 0.060 1
4 5 N1 N3 117 0.050 0
4 6 N1 N1 250 0.050 1
4 7 N4 N3 155 0.390 1
5 1 N3 N1 185 0.250 0
5 2 N3 N3 198 0.250 1
5 3 N5 N3 0 0.100 0
5 4 N5 N5 238 0.100 1
5 5 N1 N3 118 0.060 0
5 6 N1 N1 250 0.060 1
5 7 N4 N3 151 0.450 1
6 1 N3 N1 182 0.300 0
6 2 N3 N3 197 0.300 1
6 3 N5 N3 0 0.160 0
6 4 N5 N5 238 0.160 1
6 5 N1 N3 123 0.130 0
6 6 N1 N1 251 0.130 1
6 7 N4 N3 147 0.450 1
7 1 N3 N1 179 0.330 0
7 2 N3 N3 196 0.330 1
7 3 N5 N3 0 0.230 0
7 4 N5 N5 238 0.230 1
7 5 N1 N3 124 0.070 0
7 6 N1 N1 252 0.070 1
7 7 N4 N3 145 0.490 1
8 1 N3 N1 178 0.480 0
8 2 N3 N3 197 0.480 1
8 3 N5 N3 0 0.250 0
8 4 N5 N5 238 0.250 1
8 5 N1 N3 124 0.230 0
8 6 N1 N1 252 0.230 1
8 7 N4 N3 145 0.520 1
9 1 N3 N1 175 0.400 0
9 2 N3 N3 198 0.400 1
9 3 N5 N3 0 0.300 0
9 4 N5 N5 237 0.300 1
9 5 N1 N3 124 0.250 0
9 6 N1 N1 253 0.250 1
9 7 N4 N3 144 0.540 1
10 1 N3 N1 174 0.040 0
10 2 N3 N3 199 0.040 1
10 3 N5 N3 0 0.340 0
10 4 N5 N5 237 0.340 1
10 5 N1 N3 124 0.290 0
10 6 N1 N1 253 0.290 1
10 7 N4 N3 144 0.520 1
11 1 N3 N1 172 0.070 0
11 2 N3 N3 199 0.070 1
11 3 N5 N3 0 0.370 0
11 4 N5 N5 237 0.370 1
11 5 N1 N3 125 0.240 0
11 6 N1 N1 254 0.240 1
11 7 N4 N3 145 0.630 1
12 1 N3 N1 172 0.110 0
12 2 N3 N3 198 0.110 1
12 3 N5 N3 0 0.410 0
12 4 N5 N5 238 0.410 1
12 5 N1 N3 122 0.210 0
12 6 N1 N1 253 0.210 1
12 7 N4 N3 145 1.700 1
13 1 N3 N1 172 0.110 0
13 2 N3 N3 195 0.110 1
13 3 N5 N3 0 0.470 0
13 4 N5 N5 238 0.470 1
13 5 N1 N3 118 0.330 0
13 6 N1 N1 252 0.330 1
13 7 N4 N3 143 0.160 1
14 1 N3 N1 173 0.550 0
14 2 N3 N3 194 0.550 1
14 3 N5 N3 0 0.510 0
14 4 N5 N5 238 0.510 1
14 5 N1 N3 116 0.460 0
14 6 N1 N1 251 0.460 1
14 7 N4 N3 143 1.230 1
15 1 N3 N1 176 0.040 0
15 2 N3 N3 192 0.040 1
15 3 N5 N3 0 0.020 0
15 4 N5 N5 238 0.020 1
15 5 N1 N3 115 0.490 0
15 6 N1 N1 250 0.490 1
15 7 N4 N3 141 0.730 1
16 1 N3 N1 175 0.080 0
16 2 N3 N3 192 0.080 1
16 3 N5 N3 0 0.060 0
16 4 N5 N5 238 0.060 1
16 5 N1 N3 114 0.030 0
16 6 N1 N1 248 0.030 1
16 7 N4 N3 140 0.250 1
17 1 N3 N1 173 0.100 0
17 2 N3 N3 190 0.100 1
17 3 N5 N3 0 0.080 0
17 4 N5 N5 237 0.080 1
17 5 N1 N3 111 0.070 0
17 6 N1 N1 247 0.070 1
17 7 N4 N3 139 0.280 1
18 1 N3 N1 171 0.290 0
18 2 N3 N3 189 0.290 1
18 3 N5 N3 0 0.130 0
18 4 N5 N5 236 0.130 1
18 5 N1 N3 111 0.130 0
18 6 N1 N1 246 0.130 1
18 7 N4 N3 139 1.350 1
19 1 N3 N1 166 0.180 0
19 2 N3 N3 187 0.180 1
19 3 N5 N3 0 0.170 0
19 4 N5 N5 235 0.170 1
19 5 N1 N3 109 0.060 0
19 6 N1 N1 245 0.060 1
19 7 N4 N3 138 0.330 1
20 1 N3 N1 163 0.190 0
20 2 N3 N3 186 0.190 1
20 3 N5 N3 0 0.220 0
20 4 N5 N5 234 0.220 1
20 5 N1 N3 110 0.080 0
20 6 N1 N1 245 0.080 1
20 7 N4 N3 137 0.350 1
21 1 N3 N1 162 0.240 0
21 2 N3 N3 187 0.240 1
21 3 N5 N3 0 0.240 0
21 4 N5 N5 233 0.240 1
21 5 N1 N3 113 0.120 0
21 6 N1 N1 245 0.120 1
21 7 N4 N3 136 0.380 1
22 1 N3 N1 163 0.810 0
22 2 N3 N3 188 0.810 1
22 3 N5 N3 0 0.290 0
22 4 N5 N5 232 0.290 1
22 5 N1 N3 114 0.180 0
22 6 N1 N1 245 0.180 1
22 7 N4 N3 136 1.450 1
23 1 N3 N1 164 0.300 0
23 2 N3 N3 190 0.300 1
23 3 N5 N3 0 0.310 0
23 4 N5 N5 231 0.310 1
23 5 N1 N3 118 0.330 0
23 6 N1 N1 245 0.330 1
23 7 N4 N3 135 0.440 1
24 1 N3 N1 162 0.360 0
24 2 N3 N3 194 0.360 1
24 3 N5 N3 0 0.380 0
24 4 N5 N5 230 0.380 1
24 5 N1 N3 120 0.350 0
24 6 N1 N1 245 0.350 1
24 7 N4 N3 136 0.490 1
25 1 N3 N1 155 0.010 0
25 2 N3 N3 198 0.010 1
25 3 N5 N3 0 0.390 0
25 4 N5 N5 229 0.390 1
25 5 N1 N3 128 0.270 0
25 6 N1 N1 245 0.270 1
25 7 N4 N3 137 0.030 1
26 1 N3 N1 152 0.100 0
26 2 N3 N3 201 0.100 1
26 3 N5 N3 0 0.490 0
26 4 N5 N5 228 0.490 1
26 5 N1 N3 135 0.890 0
26 6 N1 N1 245 0.890 1
26 7 N4 N3 136 0.130 1
27 1 N3 N1 145 0.160 0
27 2 N3 N3 204 0.160 1
27 3 N5 N3 0 0.040 0
27 4 N5 N5 228 0.040 1
27 5 N1 N3 144 0.430 0
27 6 N1 N1 246 0.430 1
27 7 N4 N3 136 1.190 1
28 1 N3 N1 144 0.220 0
28 2 N3 N3 207 0.220 1
28 3 N5 N3 0 0.610 0
28 4 N5 N5 229 0.610 1
28 5 N1 N3 151 0.500 0
28 6 N1 N1 246 0.500 1
28 7 N4 N3 137 0.720 1
29 1 N3 N1 142 0.650 0
29 2 N3 N3 209 0.650 1
29 3 N5 N3 0 0.090 0
29 4 N5 N5 230 0.090 1
29 5 N1 N3 155 0.140 0
29 6 N1 N1 247 0.140 1
29 7 N4 N3 137 1.780 1
30 1 N3 N1 143 0.290 0
30 2 N3 N3 214 0.290 1
30 3 N5 N3 0 0.130 0
30 4 N5 N5 232 0.130 1
30 5 N1 N3 156 0.060 0
30 6 N1 N1 248 0.060 1
30 7 N4 N3 141 0.280 1
31 1 N3 N1 143 0.330 0
31 2 N3 N3 217 0.330 1
31 3 N5 N3 0 0.130 0
31 4 N5 N5 233 0.130 1
31 5 N1 N3 158 0.090 0
31 6 N1 N1 248 0.090 1
31 7 N4 N3 146 0.330 1
32 1 N3 N1 144 0.360 0
32 2 N3 N3 220 0.360 1
32 3 N5 N3 0 0.170 0
32 4 N5 N5 234 0.170 1
32 5 N1 N3 159 0.100 0
32 6 N1 N1 248 0.100 1
32 7 N4 N3 150 0.380 1
33 1 N3 N1 144 0.400 0
33 2 N3 N3 223 0.400 1
33 3 N5 N3 0 0.210 0
33 4 N5 N5 236 0.210 1
33 5 N1 N3 160 0.150 0
33 6 N1 N1 248 0.150 1
33 7 N4 N3 153 0.430 1
34 1 N3 N1 144 0.950 0
34 2 N3 N3 224 0.950 1
34 3 N5 N3 0 0.270 0
34 4 N5 N5 238 0.270 1
34 5 N1 N3 158 0.020 0
34 6 N1 N1 248 0.020 1
34 7 N4 N3 157 0.020 1
35 1 N3 N1 143 0.440 0
35 2 N3 N3 226 0.440 1
35 3 N5 N3 0 0.280 0
35 4 N5 N5 240 0.280 1
35 5 N1 N3 156 0.390 0
35 6 N1 N1 247 0.390 1
35 7 N4 N3 160 0.500 1
36 1 N3 N1 144 0.490 0
36 2 N3 N3 228 0.490 1
36 3 N5 N3 0 0.330 0
36 4 N5 N5 242 0.330 1
36 5 N1 N3 155 0.420 0
36 6 N1 N1 245 0.420 1
36 7 N4 N3 160 1.570 1
37 1 N3 N1 144 0.520 0
37 2 N3 N3 229 0.520 1
37 3 N5 N3 0 0.380 0
37 4 N5 N5 243 0.380 1
37 5 N1 N3 150 0.330 0
37 6 N1 N1 244 0.330 1
37 7 N4 N3 163 0.090 1
38 1 N3 N1 150 0.070 0
38 2 N3 N3 230 0.070 1
38 3 N5 N3 0 0.430 0
38 4 N5 N5 243 0.430 1
38 5 N1 N3 149 0.480 0
38 6 N1 N1 242 0.480 1
38 7 N4 N3 164 0.670 1
39 1 N3 N1 0 0.120 0
39 2 N3 N3 230 0.120 1
39 3 N5 N3 0 0.460 0
39 4 N5 N5 243 0.460 1
39 5 N1 N3 148 0.010 0
39 6 N1 N1 242 0.010 1
39 7 N4 N3 166 0.260 1
40 1 N3 N1 0 0.670 0
40 2 N3 N3 229 0.670 1
40 3 N5 N3 0 1.020 0
40 4 N5 N5 243 1.020 1
40 5 N1 N3 147 0.030 0
40 6 N1 N1 242 0.030 1
40 7 N4 N3 168 0.190 1
41 1 N3 N1 0 0.200 0
41 2 N3 N3 227 0.200 1
41 3 N5 N3 0 0.020 0
41 4 N5 N5 244 0.020 1
41 5 N1 N3 147 0.080 0
41 6 N1 N1 242 0.080 1
41 7 N4 N3 169 0.230 1
42 1 N3 N1 0 0.770 0
42 2 N3 N3 226 0.770 1
42 3 N5 N3 0 0.080 0
42 4 N5 N5 243 0.080 1
42 5 N1 N3 147 0.090 0
42 6 N1 N1 243 0.090 1
42 7 N4 N3 169 0.800 1
43 1 N3 N1 0 0.310 0
43 2 N3 N3 224 0.310 1
43 3 N5 N3 0 0.110 0
43 4 N5 N5 242 0.110 1
43 5 N1 N3 147 0.120 0
43 6 N1 N1 245 0.120 1
43 7 N4 N3 171 0.820 1
44 1 N3 N1 0 0.350 0
44 2 N3 N3 224 0.350 1
44 3 N5 N3 0 0.170 0
44 4 N5 N5 241 0.170 1
44 5 N1 N3 144 0.080 0
44 6 N1 N1 247 0.080 1
44 7 N4 N3 172 0.640 1
45 1 N3 N1 0 0.380 0
45 2 N3 N3 224 0.380 1
45 3 N5 N3 0 0.190 0
45 4 N5 N5 241 0.190 1
45 5 N1 N3 141 0.090 0
45 6 N1 N1 249 0.090 1
45 7 N4 N3 173 0.370 1
46 1 N3 N1 0 0.020 0
46 2 N3 N3 223 0.020 1
46 3 N5 N3 0 0.200 0
46 4 N5 N5 240 0.200 1
46 5 N1 N3 140 0.230 0
46 6 N1 N1 249 0.230 1
46 7 N4 N3 176 0.040 1
47 1 N3 N1 0 0.430 0
47 2 N3 N3 221 0.430 1
47 3 N5 N3 0 0.260 0
47 4 N5 N5 239 0.260 1
47 5 N1 N3 136 0.130 0
47 6 N1 N1 250 0.130 1
47 7 N4 N3 178 0.980 1
48 1 N3 N1 0 0.480 0
48 2 N3 N3 221 0.480 1
48 3 N5 N3 0 0.300 0
48 4 N5 N5 239 0.300 1
48 5 N1 N3 135 0.300 0
48 6 N1 N1 251 0.300 1
48 7 N4 N3 178 0.000 1
49 1 N3 N1 0 0.520 0
49 2 N3 N3 221 0.520 1
49 3 N5 N3 0 0.360 0
49 4 N5 N5 239 0.360 1
49 5 N1 N3 135 0.340 0
49 6 N1 N1 251 0.340 1
49 7 N4 N3 178 0.550 1
50 1 N3 N1 0 0.040 0
50 2 N3 N3 221 0.040 1
50 3 N5 N3 0 0.390 0
50 4 N5 N5 239 0.390 1
50 5 N1 N3 136 0.370 0
50 6 N1 N1 251 0.370 1
50 7 N4 N3 178 1.630 1
51 1 N3 N1 0 0.080 0
51 2 N3 N3 219 0.080 1
51 3 N5 N3 0 0.950 0
51 4 N5 N5 239 0.950 1
51 5 N1 N3 137 0.280 0
51 6 N1 N1 250 0.280 1
51 7 N4 N3 178 0.660 1
52 1 N3 N1 0 0.610 0
52 2 N3 N3 218 0.610 1
52 3 N5 N3 0 0.500 0
52 4 N5 N5 240 0.500 1
52 5 N1 N3 136 0.320 0
52 6 N1 N1 250 0.320 1
52 7 N4 N3 178 0.170 1
53 1 N3 N1 0 0.180 0
53 2 N3 N3 215 0.180 1
53 3 N5 N3 0 0.020 0
53 4 N5 N5 242 0.020 1
53 5 N1 N3 131 0.180 0
53 6 N1 N1 250 0.180 1
53 7 N4 N3 178 0.750 1
54 1 N3 N1 0 0.240 0
54 2 N3 N3 211 0.240 1
54 3 N5 N3 0 0.120 0
54 4 N5 N5 243 0.120 1
54 5 N1 N3 129 0.070 0
54 6 N1 N1 250 0.070 1
54 7 N4 N3 177 0.830 1
55 1 N3 N1 160 0.180 0
55 2 N3 N3 207 0.180 1
55 3 N5 N3 0 0.120 0
55 4 N5 N5 245 0.120 1
55 5 N1 N3 124 0.030 0
55 6 N1 N1 250 0.030 1
55 7 N4 N3 176 0.340 1
56 1 N3 N1 162 0.300 0
56 2 N3 N3 202 0.300 1
56 3 N5 N3 0 0.180 0
56 4 N5 N5 246 0.180 1
56 5 N1 N3 120 0.190 0
56 6 N1 N1 251 0.190 1
56 7 N4 N3 173 0.390 1
57 1 N3 N1 158 0.320 0
57 2 N3 N3 198 0.320 1
57 3 N5 N3 0 0.190 0
57 4 N5 N5 247 0.190 1
57 5 N1 N3 117 0.220 0
57 6 N1 N1 250 0.220 1
57 7 N4 N3 171 0.390 1
58 1 N3 N1 158 0.220 0
58 2 N3 N3 197 0.220 1
58 3 N5 N3 0 0.220 0
58 4 N5 N5 248 0.220 1
58 5 N1 N3 116 0.160 0
58 6 N1 N1 250 0.160 1
58 7 N4 N3 169 0.450 1
59 1 N3 N1 158 0.260 0
59 2 N3 N3 194 0.260 1
59 3 N5 N3 0 0.290 0
59 4 N5 N5 248 0.290 1
59 5 N1 N3 115 0.270 0
59 6 N1 N1 250 0.270 1
59 7 N4 N3 166 0.460 1
60 1 N3 N1 158 0.480 0
60 2 N3 N3 191 0.480 1
60 3 N5 N3 0 0.380 0
60 4 N5 N5 248 0.380 1
60 5 N1 N3 112 0.390 0
60 6 N1 N1 250 0.390 1
60 7 N4 N3 162 0.050 1
61 1 N3 N1 158 0.380 0
61 2 N3 N3 189 0.380 1
61 3 N5 N3 0 0.400 0
61 4 N5 N5 248 0.400 1
61 5 N1 N3 110 0.430 0
61 6 N1 N1 250 0.430 1
61 7 N4 N3 161 0.600 1
62 1 N3 N1 156 0.040 0
62 2 N3 N3 188 0.040 1
62 3 N5 N3 0 0.440 0
62 4 N5 N5 248 0.440 1
62 5 N1 N3 109 0.450 0
62 6 N1 N1 250 0.450 1
62 7 N4 N3 157 0.120 1
63 1 N3 N1 153 0.070 0
63 2 N3 N3 186 0.070 1
63 3 N5 N3 0 0.460 0
63 4 N5 N5 247 0.460 1
63 5 N1 N3 108 0.490 0
63 6 N1 N1 250 0.490 1
63 7 N4 N3 156 0.160 1
64 1 N3 N1 151 0.090 0
64 2 N3 N3 186 0.090 1
64 3 N5 N3 0 0.520 0
64 4 N5 N5 247 0.520 1
64 5 N1 N3 108 0.520 0
64 6 N1 N1 249 0.520 1
64 7 N4 N3 154 0.190 1
65 1 N3 N1 146 0.000 0
65 2 N3 N3 187 0.000 1
65 3 N5 N3 0 0.060 0
65 4 N5 N5 246 0.060 1
65 5 N1 N3 0 0.030 0
65 6 N1 N1 249 0.030 1
65 7 N4 N3 153 0.220 1
66 1 N3 N1 145 0.170 0
66 2 N3 N3 185 0.170 1
66 3 N5 N3 0 0.120 0
66 4 N5 N5 245 0.120 1
66 5 N1 N3 0 0.080 0
66 6 N1 N1 250 0.080 1
66 7 N4 N3 152 0.250 1
67 1 N3 N1 145 0.190 0
67 2 N3 N3 184 0.190 1
67 3 N5 N3 0 0.190 0
67 4 N5 N5 245 0.190 1
67 5 N1 N3 0 0.120 0
67 6 N1 N1 250 0.120 1
67 7 N4 N3 151 0.290 1
68 1 N3 N1 147 0.130 0
68 2 N3 N3 184 0.130 1
68 3 N5 N3 0 0.220 0
68 4 N5 N5 245 0.220 1
68 5 N1 N3 0 0.150 0
68 6 N1 N1 251 0.150 1
68 7 N4 N3 151 0.330 1
69 1 N3 N1 150 0.160 0
69 2 N3 N3 184 0.160 1
69 3 N5 N3 0 0.240 0
69 4 N5 N5 246 0.240 1
69 5 N1 N3 0 0.190 0
69 6 N1 N1 252 0.190 1
69 7 N4 N3 151 0.370 1
70 1 N3 N1 155 0.310 0
70 2 N3 N3 186 0.310 1
70 3 N5 N3 0 0.270 0
70 4 N5 N5 246 0.270 1
70 5 N1 N3 0 0.200 0
70 6 N1 N1 252 0.200 1
70 7 N4 N3 150 0.410 1
71 1 N3 N1 157 0.160 0
71 2 N3 N3 188 0.160 1
71 3 N5 N3 0 0.320 0
71 4 N5 N5 245 0.320 1
71 5 N1 N3 0 0.150 0
71 6 N1 N1 253 0.150 1
71 7 N4 N3 151 0.470 1
72 1 N3 N1 164 0.300 0
72 2 N3 N3 189 0.300 1
72 3 N5 N3 0 0.340 0
72 4 N5 N5 244 0.340 1
72 5 N1 N3 0 0.300 0
72 6 N1 N1 253 0.300 1
72 7 N4 N3 151 0.460 1
73 1 N3 N1 164 0.830 0
73 2 N3 N3 188 0.830 1
73 3 N5 N3 0 0.360 0
73 4 N5 N5 244 0.360 1
73 5 N1 N3 0 0.360 0
73 6 N1 N1 254 0.360 1
73 7 N4 N3 152 0.530 1
74 1 N3 N1 163 0.360 0
74 2 N3 N3 188 0.360 1
74 3 N5 N3 0 0.410 0
74 4 N5 N5 243 0.410 1
74 5 N1 N3 0 0.420 0
74 6 N1 N1 254 0.420 1
74 7 N4 N3 153 0.040 1
75 1 N3 N1 160 0.000 0
75 2 N3 N3 188 0.000 1
75 3 N5 N3 0 0.440 0
75 4 N5 N5 243 0.440 1
75 5 N1 N3 0 0.440 0
75 6 N1 N1 253 0.440 1
75 7 N4 N3 153 0.070 1
76 1 N3 N1 160 0.060 0
76 2 N3 N3 187 0.060 1
76 3 N5 N3 0 0.500 0
76 4 N5 N5 242 0.500 1
76 5 N1 N3 0 0.450 0
76 6 N1 N1 253 0.450 1
76 7 N4 N3 153 0.110 1
77 1 N3 N1 156 0.060 0
77 2 N3 N3 187 0.060 1
77 3 N5 N3 0 0.010 0
77 4 N5 N5 241 0.010 1
77 5 N1 N3 0 0.000 0
77 6 N1 N1 252 0.000 1
77 7 N4 N3 152 0.110 1
78 1 N3 N1 150 0.100 0
78 2 N3 N3 186 0.100 1
78 3 N5 N3 0 0.060 0
78 4 N5 N5 241 0.060 1
78 5 N1 N3 0 0.070 0
78 6 N1 N1 251 0.070 1
78 7 N4 N3 153 0.130 1
79 1 N3 N1 150 0.100 0
79 2 N3 N3 185 0.100 1
79 3 N5 N3 0 0.060 0
79 4 N5 N5 242 0.060 1
79 5 N1 N3 0 0.150 0
79 6 N1 N1 250 0.150 1
79 7 N4 N3 154 0.130 1
80 1 N3 N1 148 0.050 0
80 2 N3 N3 184 0.050 1
80 3 N5 N3 0 0.130 0
80 4 N5 N5 241 0.130 1
80 5 N1 N3 0 0.200 0
80 6 N1 N1 249 0.200 1
80 7 N4 N3 154 1.220 1
81 1 N3 N1 147 0.090 0
81 2 N3 N3 184 0.090 1
81 3 N5 N3 0 0.160 0
81 4 N5 N5 241 0.160 1
81 5 N1 N3 0 0.270 0
81 6 N1 N1 248 0.270 1
81 7 N4 N3 153 0.230 1
82 1 N3 N1 147 0.230 0
82 2 N3 N3 184 0.230 1
82 3 N5 N3 0 0.190 0
82 4 N5 N5 240 0.190 1
82 5 N1 N3 0 0.220 0
82 6 N1 N1 246 0.220 1
82 7 N4 N3 153 1.300 1
83 1 N3 N1 144 0.300 0
83 2 N3 N3 185 0.300 1
83 3 N5 N3 0 0.230 0
83 4 N5 N5 239 0.230 1
83 5 N1 N3 0 0.370 0
83 6 N1 N1 245 0.370 1
83 7 N4 N3 153 0.860 1
84 1 N3 N1 142 0.300 0
84 2 N3 N3 186 0.300 1
84 3 N5 N3 0 0.240 0
84 4 N5 N5 238 0.240 1
84 5 N1 N3 0 0.390 0
84 6 N1 N1 243 0.390 1
84 7 N4 N3 153 0.920 1
85 1 N3 N1 137 0.220 0
85 2 N3 N3 187 0.220 1
85 3 N5 N3 0 0.300 0
85 4 N5 N5 237 0.300 1
85 5 N1 N3 0 0.420 0
85 6 N1 N1 242 0.420 1
85 7 N4 N3 153 0.960 1
86 1 N3 N1 137 0.360 0
86 2 N3 N3 187 0.360 1
86 3 N5 N3 0 0.350 0
86 4 N5 N5 236 0.350 1
86 5 N1 N3 0 0.430 0
86 6 N1 N1 239 0.430 1
86 7 N4 N3 153 0.470 1
87 1 N3 N1 134 0.420 0
87 2 N3 N3 187 0.420 1
87 3 N5 N3 0 0.410 0
87 4 N5 N5 235 0.410 1
87 5 N1 N3 0 0.460 0
87 6 N1 N1 237 0.460 1
87 7 N4 N3 152 0.550 1
88 1 N3 N1 132 0.340 0
88 2 N3 N3 187 0.340 1
88 3 N5 N3 0 0.420 0
88 4 N5 N5 235 0.420 1
88 5 N1 N3 0 0.010 0
88 6 N1 N1 234 0.010 1
88 7 N4 N3 151 0.580 1
89 1 N3 N1 134 0.360 0
89 2 N3 N3 186 0.360 1
89 3 N5 N3 0 0.480 0
89 4 N5 N5 235 0.480 1
89 5 N1 N3 0 0.050 0
89 6 N1 N1 233 0.050 1
89 7 N4 N3 151 0.620 1
90 1 N3 N1 135 0.010 0
90 2 N3 N3 183 0.010 1
90 3 N5 N3 0 0.490 0
90 4 N5 N5 235 0.490 1
90 5 N1 N3 0 0.060 0
90 6 N1 N1 232 0.060 1
90 7 N4 N3 151 0.660 1
91 1 N3 N1 135 0.030 0
91 2 N3 N3 182 0.030 1
91 3 N5 N3 0 0.490 0
91 4 N5 N5 235 0.490 1
91 5 N1 N3 0 0.090 0
91 6 N1 N1 231 0.090 1
91 7 N4 N3 150 0.180 1
92 1 N3 N1 136 0.090 0
92 2 N3 N3 179 0.090 1
92 3 N5 N3 0 0.000 0
92 4 N5 N5 235 0.000 1
92 5 N1 N3 0 0.120 0
92 6 N1 N1 230 0.120 1
92 7 N4 N3 150 1.250 1
93 1 N3 N1 137 0.120 0
93 2 N3 N3 177 0.120 1
93 3 N5 N3 0 0.030 0
93 4 N5 N5 234 0.030 1
93 5 N1 N3 0 0.160 0
93 6 N1 N1 230 0.160 1
93 7 N4 N3 149 0.270 1
94 1 N3 N1 137 0.180 0
94 2 N3 N3 176 0.180 1
94 3 N5 N3 0 0.110 0
94 4 N5 N5 234 0.110 1
94 5 N1 N3 0 0.240 0
94 6 N1 N1 230 0.240 1
94 7 N4 N3 149 1.380 1
95 1 N3 N1 139 0.160 0
95 2 N3 N3 173 0.160 1
95 3 N5 N3 0 0.160 0
95 4 N5 N5 233 0.160 1
95 5 N1 N3 0 0.270 0
95 6 N1 N1 230 0.270 1
95 7 N4 N3 149 2.450 1
96 1 N3 N1 140 0.280 0
96 2 N3 N3 171 0.280 1
96 3 N5 N3 0 0.180 0
96 4 N5 N5 232 0.180 1
96 5 N1 N3 0 0.810 0
96 6 N1 N1 230 0.810 1
96 7 N4 N3 149 3.510 1
97 1 N3 N1 139 0.230 0
97 2 N3 N3 171 0.230 1
97 3 N5 N3 0 0.200 0
97 4 N5 N5 230 0.200 1
97 5 N1 N3 0 0.360 0
97 6 N1 N1 229 0.360 1
97 7 N4 N3 149 4.580 1
98 1 N3 N1 138 0.790 0
98 2 N3 N3 170 0.790 1
98 3 N5 N3 0 0.240 0
98 4 N5 N5 228 0.240 1
98 5 N1 N3 0 0.370 0
98 6 N1 N1 229 0.370 1
98 7 N4 N3 147 0.480 1
99 1 N3 N1 136 0.830 0
99 2 N3 N3 169 0.830 1
99 3 N5 N3 0 0.280 0
99 4 N5 N5 225 0.280 1
99 5 N1 N3 0 0.400 0
99 6 N1 N1 228 0.400 1
99 7 N4 N3 145 0.510 1
100 1 N3 N1 132 0.120 0
100 2 N3 N3 167 0.120 1
100 3 N5 N3 0 0.350 0
100 4 N5 N5 222 0.350 1
100 5 N1 N3 0 0.120 0
100 6 N1 N1 227 0.120 1
100 7 N4 N3 140 0.050 1
101 1 N3 N1 132 0.970 0
101 2 N3 N3 165 0.970 1
101 3 N5 N3 0 0.410 0
101 4 N5 N5 219 0.410 1
101 5 N1 N3 0 0.500 0
101 6 N1 N1 225 0.500 1
101 7 N4 N3 140 1.120 1
102 1 N3 N1 128 0.400 0
102 2 N3 N3 164 0.400 1
102 3 N5 N3 0 0.420 0
102 4 N5 N5 216 0.420 1
102 5 N1 N3 0 0.000 0
102 6 N1 N1 223 0.000 1
102 7 N4 N3 137 0.640 1
103 1 N3 N1 128 1.460 0
103 2 N3 N3 164 1.460 1
103 3 N5 N3 0 0.480 0
103 4 N5 N5 213 0.480 1
103 5 N1 N3 0 1.060 0
103 6 N1 N1 223 1.060 1
103 7 N4 N3 137 1.700 1
104 1 N3 N1 126 0.030 0
104 2 N3 N3 163 0.030 1
104 3 N5 N3 0 0.030 0
104 4 N5 N5 209 0.030 1
104 5 N1 N3 0 0.070 0
104 6 N1 N1 219 0.070 1
104 7 N4 N3 134 0.170 1
105 1 N3 N1 123 0.120 0
105 2 N3 N3 163 0.120 1
105 3 N5 N3 0 0.080 0
105 4 N5 N5 207 0.080 1
105 5 N1 N3 0 0.110 0
105 6 N1 N1 217 0.110 1
105 7 N4 N3 132 0.760 1
106 1 N3 N1 115 0.020 0
106 2 N3 N3 161 0.020 1
106 3 N5 N3 0 0.640 0
106 4 N5 N5 206 0.640 1
106 5 N1 N3 0 0.020 0
106 6 N1 N1 215 0.020 1
106 7 N4 N3 132 1.830 1
107 1 N3 N1 114 0.170 0
107 2 N3 N3 160 0.170 1
107 3 N5 N3 0 0.150 0
107 4 N5 N5 204 0.150 1
107 5 N1 N3 0 0.720 0
107 6 N1 N1 214 0.720 1
107 7 N4 N3 132 2.890 1
108 1 N3 N1 114 0.720 0
108 2 N3 N3 159 0.720 1
108 3 N5 N3 0 0.200 0
108 4 N5 N5 203 0.200 1
108 5 N1 N3 0 0.230 0
108 6 N1 N1 213 0.230 1
108 7 N4 N3 129 0.390 1
109 1 N3 N1 113 0.130 0
109 2 N3 N3 157 0.130 1
109 3 N5 N3 0 0.240 0
109 4 N5 N5 201 0.240 1
109 5 N1 N3 0 0.260 0
109 6 N1 N1 212 0.260 1
109 7 N4 N3 129 1.450 1
110 1 N3 N1 107 0.180 0
110 2 N3 N3 155 0.180 1
110 3 N5 N3 0 0.280 0
110 4 N5 N5 198 0.280 1
110 5 N1 N3 0 0.310 0
110 6 N1 N1 211 0.310 1
110 7 N4 N3 127 0.990 1
111 1 N3 N1 107 0.230 0
111 2 N3 N3 154 0.230 1
111 3 N5 N3 0 0.300 0
111 4 N5 N5 196 0.300 1
111 5 N1 N3 0 0.370 0
111 6 N1 N1 211 0.370 1
111 7 N4 N3 123 0.030 1
112 1 N3 N1 108 0.780 0
112 2 N3 N3 154 0.780 1
112 3 N5 N3 0 0.360 0
112 4 N5 N5 195 0.360 1
112 5 N1 N3 0 0.410 0
112 6 N1 N1 211 0.410 1
112 7 N4 N3 123 1.090 1
113 1 N3 N1 108 0.920 0
113 2 N3 N3 154 0.920 1
113 3 N5 N3 0 0.310 0
113 4 N5 N5 193 0.310 1
113 5 N1 N3 0 0.940 0
113 6 N1 N1 212 0.940 1
113 7 N4 N3 122 0.100 1
114 1 N3 N1 108 1.990 0
114 2 N3 N3 154 1.990 1
114 3 N5 N3 0 0.370 0
114 4 N5 N5 191 0.370 1
114 5 N1 N3 0 2.010 0
114 6 N1 N1 212 2.010 1
114 7 N4 N3 122 1.170 1
115 1 N3 N1 108 1.000 0
115 2 N3 N3 153 1.000 1
115 3 N5 N3 0 0.450 0
115 4 N5 N5 189 0.450 1
115 5 N1 N3 0 0.420 0
115 6 N1 N1 212 0.420 1
115 7 N4 N3 119 0.240 1
116 1 N3 N1 113 0.530 0
116 2 N3 N3 151 0.530 1
116 3 N5 N3 0 0.490 0
116 4 N5 N5 187 0.490 1
116 5 N1 N3 0 0.930 0
116 6 N1 N1 213 0.930 1
116 7 N4 N3 116 0.780 1
117 1 N3 N1 114 0.050 0
117 2 N3 N3 149 0.050 1
117 3 N5 N3 0 0.030 0
117 4 N5 N5 184 0.030 1
117 5 N1 N3 0 0.050 0
117 6 N1 N1 216 0.050 1
117 7 N4 N3 115 0.310 1
118 1 N3 N1 118 0.060 0
118 2 N3 N3 149 0.060 1
118 3 N5 N3 0 0.020 0
118 4 N5 N5 182 0.020 1
118 5 N1 N3 0 0.040 0
118 6 N1 N1 216 0.040 1
118 7 N4 N3 115 0.350 1
119 1 N3 N1 120 0.090 0
119 2 N3 N3 149 0.090 1
119 3 N5 N3 0 0.090 0
119 4 N5 N5 179 0.090 1
119 5 N1 N3 0 0.110 0
119 6 N1 N1 218 0.110 1
119 7 N4 N3 115 1.420 1
120 1 N3 N1 119 0.500 0
120 2 N3 N3 149 0.500 1
120 3 N5 N3 0 0.110 0
120 4 N5 N5 177 0.110 1
120 5 N1 N3 0 0.110 0
120 6 N1 N1 219 0.110 1
120 7 N4 N3 114 0.950 1
121 1 N3 N1 115 0.110 0
121 2 N3 N3 151 0.110 1
121 3 N5 N3 0 0.210 0
121 4 N5 N5 175 0.210 1
121 5 N1 N3 0 0.200 0
121 6 N1 N1 219 0.200 1
121 7 N4 N3 114 0.040 1
122 1 N3 N1 115 1.200 0
122 2 N3 N3 151 1.200 1
122 3 N5 N3 0 0.280 0
122 4 N5 N5 172 0.280 1
122 5 N1 N3 0 0.270 0
122 6 N1 N1 220 0.270 1
122 7 N4 N3 114 1.130 1
123 1 N3 N1 113 0.250 0
123 2 N3 N3 153 0.250 1
123 3 N5 N3 0 0.320 0
123 4 N5 N5 168 0.320 1
123 5 N1 N3 0 0.250 0
123 6 N1 N1 219 0.250 1
123 7 N4 N3 114 0.630 1
124 1 N3 N1 108 1.010 0
124 2 N3 N3 153 1.010 1
124 3 N5 N3 0 0.340 0
124 4 N5 N5 165 0.340 1
124 5 N1 N3 0 0.820 0
124 6 N1 N1 218 0.820 1
124 7 N4 N3 114 0.640 1
125 1 N3 N1 101 0.380 0
125 2 N3 N3 154 0.380 1
125 3 N5 N3 0 0.370 0
125 4 N5 N5 162 0.370 1
125 5 N1 N3 0 0.340 0
125 6 N1 N1 217 0.340 1
125 7 N4 N3 114 1.700 1
126 1 N3 N1 101 0.950 0
126 2 N3 N3 155 0.950 1
126 3 N5 N3 0 0.440 0
126 4 N5 N5 159 0.440 1
126 5 N1 N3 0 0.380 0
126 6 N1 N1 216 0.380 1
126 7 N4 N3 114 2.770 1
127 1 N3 N1 96 0.220 0
127 2 N3 N3 156 0.220 1
127 3 N5 N3 0 0.490 0
127 4 N5 N5 156 0.490 1
127 5 N1 N3 0 0.430 0
127 6 N1 N1 214 0.430 1
127 7 N4 N3 114 0.730 1
128 1 N3 N1 92 0.030 0
128 2 N3 N3 157 0.030 1
128 3 N5 N3 0 1.080 0
128 4 N5 N5 155 1.080 1
128 5 N1 N3 0 1.030 0
128 6 N1 N1 213 1.030 1
128 7 N4 N3 113 0.300 1
129 1 N3 N1 88 0.070 0
129 2 N3 N3 158 0.070 1
129 3 N5 N3 0 0.050 0
129 4 N5 N5 153 0.050 1
129 5 N1 N3 0 2.100 0
129 6 N1 N1 213 2.100 1
129 7 N4 N3 113 1.370 1
130 1 N3 N1 82 0.000 0
130 2 N3 N3 159 0.000 1
130 3 N5 N3 0 0.120 0
130 4 N5 N5 153 0.120 1
130 5 N1 N3 0 0.090 0
130 6 N1 N1 211 0.090 1
130 7 N4 N3 113 0.420 1
131 1 N3 N1 79 0.520 0
131 2 N3 N3 160 0.520 1
131 3 N5 N3 0 0.170 0
131 4 N5 N5 153 0.170 1
131 5 N1 N3 0 0.580 0
131 6 N1 N1 211 0.580 1
131 7 N4 N3 114 0.970 1
132 1 N3 N1 79 0.070 0
132 2 N3 N3 159 0.070 1
132 3 N5 N3 0 0.200 0
132 4 N5 N5 155 0.200 1
132 5 N1 N3 0 0.670 0
132 6 N1 N1 210 0.670 1
132 7 N4 N3 114 1.040 1
133 1 N3 N1 78 0.240 0
133 2 N3 N3 157 0.240 1
133 3 N5 N3 0 0.260 0
133 4 N5 N5 156 0.260 1
133 5 N1 N3 0 0.210 0
133 6 N1 N1 211 0.210 1
133 7 N4 N3 114 2.100 1
134 1 N3 N1 76 0.280 0
134 2 N3 N3 156 0.280 1
134 3 N5 N3 0 0.290 0
134 4 N5 N5 159 0.290 1
134 5 N1 N3 0 0.240 0
134 6 N1 N1 213 0.240 1
134 7 N4 N3 114 3.170 1
135 1 N3 N1 76 0.810 0
135 2 N3 N3 156 0.810 1
135 3 N5 N3 0 0.300 0
135 4 N5 N5 163 0.300 1
135 5 N1 N3 0 0.260 0
135 6 N1 N1 214 0.260 1
135 7 N4 N3 113 0.590 1
136 1 N3 N1 76 0.310 0
136 2 N3 N3 155 0.310 1
136 3 N5 N3 0 0.320 0
136 4 N5 N5 166 0.320 1
136 5 N1 N3 0 0.320 0
136 6 N1 N1 216 0.320 1
136 7 N4 N3 113 1.660 1
137 1 N3 N1 76 0.330 0
137 2 N3 N3 155 0.330 1
137 3 N5 N3 0 0.390 0
137 4 N5 N5 168 0.390 1
137 5 N1 N3 0 0.380 0
137 6 N1 N1 218 0.380 1
137 7 N4 N3 114 0.150 1
138 1 N3 N1 76 0.360 0
138 2 N3 N3 155 0.360 1
138 3 N5 N3 0 0.420 0
138 4 N5 N5 169 0.420 1
138 5 N1 N3 0 0.420 0
138 6 N1 N1 221 0.420 1
138 7 N4 N3 112 0.220 1
139 1 N3 N1 76 1.420 0
139 2 N3 N3 155 1.420 1
139 3 N5 N3 0 0.450 0
139 4 N5 N5 170 0.450 1
139 5 N1 N3 0 0.420 0
139 6 N1 N1 224 0.420 1
139 7 N4 N3 112 1.280 1
140 1 N3 N1 88 0.330 0
140 2 N3 N3 154 0.330 1
140 3 N5 N3 0 0.460 0
140 4 N5 N5 170 0.460 1
140 5 N1 N3 0 0.450 0
140 6 N1 N1 226 0.450 1
140 7 N4 N3 112 0.300 1
141 1 N3 N1 88 1.400 0
141 2 N3 N3 154 1.400 1
141 3 N5 N5 171 0.470 1
141 4 N1 N3 0 0.500 0
141 5 N1 N1 228 0.500 1
141 6 N4 N3 111 0.350 1
142 1 N3 N1 90 0.390 0
142 2 N3 N3 153 0.390 1
142 3 N5 N5 170 0.020 1
142 4 N1 N3 0 0.030 0
142 5 N1 N1 227 0.030 1
142 6 N4 N3 110 0.390 1
143 1 N3 N1 90 1.050 0
143 2 N3 N3 152 1.050 1
143 3 N5 N5 169 0.070 1
143 4 N1 N3 0 0.590 0
143 5 N1 N1 227 0.590 1
143 6 N4 N3 110 1.450 1
144 1 N3 N1 88 0.040 0
144 2 N3 N3 150 0.040 1
144 3 N5 N5 168 0.120 1
144 4 N1 N3 0 0.100 0
144 5 N1 N1 226 0.100 1
144 6 N4 N3 110 2.510 1
145 1 N3 N1 86 0.080 0
145 2 N3 N3 149 0.080 1
145 3 N5 N5 167 0.180 1
145 4 N1 N3 0 0.140 0
145 5 N1 N1 225 0.140 1
145 6 N4 N3 108 1.020 1
146 1 N3 N1 86 0.020 0
146 2 N3 N3 148 0.020 1
146 3 N5 N5 166 0.210 1
146 4 N1 N3 0 0.160 0
146 5 N1 N1 224 0.160 1
146 6 N4 N3 108 2.080 1
147 1 N3 N1 86 0.160 0
147 2 N3 N3 147 0.160 1
147 3 N5 N5 166 0.260 1
147 4 N1 N3 0 0.720 0
147 5 N1 N1 223 0.720 1
147 6 N4 N3 108 3.140 1
148 1 N3 N1 86 0.080 0
148 2 N3 N3 146 0.080 1
148 3 N5 N5 165 0.310 1
148 4 N1 N3 0 0.270 0
148 5 N1 N1 223 0.270 1
148 6 N4 N3 104 0.120 1
149 1 N3 N1 86 0.740 0
149 2 N3 N3 144 0.740 1
149 3 N5 N5 165 0.340 1
149 4 N1 N3 0 0.320 0
149 5 N1 N1 222 0.320 1
149 6 N4 N3 101 0.150 1
150 1 N3 N1 86 1.800 0
150 2 N3 N3 144 1.800 1
150 3 N5 N5 165 0.340 1
150 4 N1 N3 0 1.380 0
150 5 N1 N1 222 1.380 1
150 6 N4 N3 101 1.210 1
151 1 N3 N1 86 0.790 0
151 2 N3 N3 143 0.790 1
151 3 N5 N5 165 0.400 1
151 4 N1 N3 0 0.740 0
151 5 N1 N1 222 0.740 1
151 6 N4 N3 98 0.770 1
152 1 N3 N1 88 0.190 0
152 2 N3 N3 141 0.190 1
152 3 N5 N5 164 0.440 1
152 4 N1 N3 0 0.370 0
152 5 N1 N1 222 0.370 1
152 6 N4 N3 93 0.240 1
153 1 N3 N1 89 0.170 0
153 2 N3 N3 140 0.170 1
153 3 N5 N5 164 0.460 1
153 4 N1 N3 0 0.170 0
153 5 N1 N1 222 0.170 1
153 6 N4 N3 91 0.270 1
154 1 N3 N1 89 0.850 0
154 2 N3 N3 139 0.850 1
154 3 N5 N5 164 0.460 1
154 4 N1 N3 0 1.030 0
154 5 N1 N1 223 1.030 1
154 6 N4 N3 91 1.330 1
155 1 N3 N1 89 0.790 0
155 2 N3 N3 138 0.790 1
155 3 N5 N5 164 0.460 1
155 4 N1 N3 0 0.020 0
155 5 N1 N1 225 0.020 1
155 6 N4 N3 89 0.870 1
156 1 N3 N1 94 0.300 0
156 2 N3 N3 137 0.300 1
156 3 N5 N5 163 0.480 1
156 4 N1 N3 0 0.050 0
156 5 N1 N1 226 0.050 1
156 6 N4 N3 85 0.380 1
157 1 N3 N1 96 0.440 0
157 2 N3 N3 137 0.440 1
157 3 N5 N5 162 0.500 1
157 4 N1 N3 0 0.090 0
157 5 N1 N1 227 0.090 1
157 6 N4 N3 81 0.410 1
158 1 N3 N1 103 0.010 0
158 2 N3 N3 137 0.010 1
158 3 N5 N5 160 0.030 1
158 4 N1 N3 0 0.140 0
158 5 N1 N1 229 0.140 1
158 6 N4 N3 81 1.490 1
159 1 N3 N1 110 0.050 0
159 2 N3 N3 138 0.050 1
159 3 N5 N5 159 0.070 1
159 4 N1 N3 0 0.170 0
159 5 N1 N1 231 0.170 1
159 6 N4 N3 79 0.970 1
160 1 N3 N1 110 0.070 0
160 2 N3 N3 139 0.070 1
160 3 N5 N5 158 0.090 1
160 4 N1 N3 0 0.200 0
160 5 N1 N1 233 0.200 1
160 6 N4 N3 78 1.000 1
161 1 N3 N1 116 0.610 0
161 2 N3 N3 139 0.610 1
161 3 N5 N5 156 0.130 1
161 4 N1 N3 0 1.260 0
161 5 N1 N1 233 1.260 1
161 6 N4 N3 76 0.030 1
162 1 N3 N1 131 0.020 0
162 2 N3 N3 140 0.020 1
162 3 N5 N5 155 0.120 1
162 4 N1 N3 0 0.260 0
162 5 N1 N1 237 0.260 1
162 6 N4 N3 76 0.080 1
163 1 N3 N1 135 0.070 0
163 2 N3 N3 141 0.070 1
163 3 N5 N5 153 0.180 1
163 4 N1 N3 0 0.280 0
163 5 N1 N1 239 0.280 1
163 6 N4 N3 77 0.620 1
164 1 N3 N1 135 0.650 0
164 2 N3 N3 141 0.650 1
164 3 N5 N5 153 0.210 1
164 4 N1 N3 0 0.320 0
164 5 N1 N1 239 0.320 1
164 6 N4 N3 77 1.690 1
165 1 N3 N1 135 0.180 0
165 2 N3 N3 142 0.180 1
165 3 N5 N5 153 0.270 1
165 4 N1 N3 0 0.390 0
165 5 N1 N1 241 0.390 1
165 6 N4 N3 79 0.170 1
166 1 N3 N1 131 0.210 0
166 2 N3 N3 144 0.210 1
166 3 N5 N5 153 0.330 1
166 4 N1 N3 0 0.450 0
166 5 N1 N1 242 0.450 1
166 6 N4 N3 79 1.230 1
167 1 N3 N1 127 0.350 0
167 2 N3 N3 147 0.350 1
167 3 N5 N5 153 0.320 1
167 4 N1 N3 0 0.470 0
167 5 N1 N1 242 0.470 1
167 6 N4 N3 80 0.200 1
168 1 N3 N1 121 0.260 0
168 2 N3 N3 149 0.260 1
168 3 N5 N5 154 0.340 1
168 4 N1 N3 0 0.500 0
168 5 N1 N1 242 0.500 1
168 6 N4 N3 80 1.260 1
169 1 N3 N1 120 0.420 0
169 2 N3 N3 152 0.420 1
169 3 N5 N5 155 0.360 1
169 4 N1 N3 0 0.520 0
169 5 N1 N1 244 0.520 1
169 6 N4 N3 80 2.320 1
170 1 N3 N1 118 0.450 0
170 2 N3 N3 156 0.450 1
170 3 N5 N5 157 0.410 1
170 4 N1 N3 0 0.540 0
170 5 N1 N1 245 0.540 1
170 6 N4 N3 87 0.330 1
171 1 N3 N1 119 0.360 0
171 2 N3 N3 160 0.360 1
171 3 N5 N5 158 0.940 1
171 4 N1 N3 0 0.040 0
171 5 N1 N1 243 0.040 1
171 6 N4 N3 91 0.350 1
172 1 N3 N1 119 0.510 0
172 2 N3 N3 162 0.510 1
172 3 N5 N5 159 0.470 1
172 4 N1 N3 0 0.100 0
172 5 N1 N1 242 0.100 1
172 6 N4 N3 95 0.400 1
173 1 N3 N1 118 0.400 0
173 2 N3 N3 166 0.400 1
173 3 N5 N5 163 0.040 1
173 4 N1 N3 0 0.100 0
173 5 N1 N1 241 0.100 1
173 6 N4 N3 104 0.420 1
174 1 N3 N1 119 0.040 0
174 2 N3 N3 173 0.040 1
174 3 N5 N5 167 0.060 1
174 4 N1 N3 0 0.150 0
174 5 N1 N1 240 0.150 1
174 6 N4 N3 109 0.950 1
175 1 N3 N1 119 0.980 0
175 2 N3 N3 173 0.980 1
175 3 N5 N5 170 0.100 1
175 4 N1 N3 111 0.160 0
175 5 N1 N1 238 0.160 1
175 6 N4 N3 115 0.460 1
176 1 N3 N1 118 0.100 0
176 2 N3 N3 181 0.100 1
176 3 N5 N5 174 0.150 1
176 4 N1 N3 113 0.090 0
176 5 N1 N1 235 0.090 1
176 6 N4 N3 129 0.010 1
177 1 N3 N1 118 0.620 0
177 2 N3 N3 184 0.620 1
177 3 N5 N5 176 0.210 1
177 4 N1 N3 113 0.120 0
177 5 N1 N1 233 0.120 1
177 6 N4 N3 134 0.030 1
178 1 N3 N1 118 0.170 0
178 2 N3 N3 188 0.170 1
178 3 N5 N5 179 0.220 1
178 4 N1 N3 111 0.280 0
178 5 N1 N1 232 0.280 1
178 6 N4 N3 143 0.070 1
179 1 N3 N1 117 0.700 0
179 2 N3 N3 190 0.700 1
179 3 N5 N5 181 0.260 1
179 4 N1 N3 109 0.230 0
179 5 N1 N1 231 0.230 1
179 6 N4 N3 143 1.130 1
180 1 N3 N1 117 1.760 0
180 2 N3 N3 190 1.760 1
180 3 N5 N5 182 0.290 1
180 4 N1 N3 109 0.260 0
180 5 N1 N1 230 0.260 1
180 6 N4 N3 143 2.190 1
181 1 N3 N1 117 0.230 0
181 2 N3 N3 193 0.230 1
181 3 N5 N5 183 0.320 1
181 4 N1 N3 110 0.300 0
181 5 N1 N1 229 0.300 1
181 6 N4 N3 149 0.700 1
182 1 N3 N1 118 0.240 0
182 2 N3 N3 199 0.240 1
182 3 N5 N5 184 0.350 1
182 4 N1 N3 109 0.450 0
182 5 N1 N1 230 0.450 1
182 6 N4 N3 156 0.180 1
183 1 N3 N1 117 0.780 0
183 2 N3 N3 202 0.780 1
183 3 N5 N5 186 0.390 1
183 4 N1 N3 110 0.480 0
183 5 N1 N1 231 0.480 1
183 6 N4 N3 156 1.240 1
184 1 N3 N1 117 0.360 0
184 2 N3 N3 207 0.360 1
184 3 N5 N5 187 0.480 1
184 4 N1 N3 113 0.090 0
184 5 N1 N1 233 0.090 1
184 6 N4 N3 159 0.830 1
185 1 N3 N1 0 0.420 0
185 2 N3 N3 210 0.420 1
185 3 N5 N5 190 0.010 1
185 4 N1 N3 114 0.020 0
185 5 N1 N1 233 0.020 1
185 6 N4 N3 164 0.350 1
186 1 N3 N1 0 0.460 0
186 2 N3 N3 213 0.460 1
186 3 N5 N5 192 0.540 1
186 4 N1 N3 115 0.550 0
186 5 N1 N1 234 0.550 1
186 6 N4 N3 167 0.880 1
187 1 N3 N1 0 1.550 0
187 2 N3 N3 213 1.550 1
187 3 N5 N5 196 0.120 1
187 4 N1 N3 114 0.060 0
187 5 N1 N1 234 0.060 1
187 6 N4 N3 167 1.970 1
188 1 N3 N1 0 0.360 0
188 2 N3 N3 216 0.360 1
188 3 N5 N5 201 0.120 1
188 4 N1 N3 114 1.110 0
188 5 N1 N1 234 1.110 1
188 6 N4 N3 167 3.020 1
189 1 N3 N1 0 0.040 0
189 2 N3 N3 219 0.040 1
189 3 N5 N5 206 0.150 1
189 4 N1 N3 114 0.190 0
189 5 N1 N1 234 0.190 1
189 6 N4 N3 170 1.040 1
190 1 N3 N1 0 0.070 0
190 2 N3 N3 221 0.070 1
190 3 N5 N5 212 0.180 1
190 4 N1 N3 117 0.130 0
190 5 N1 N1 235 0.130 1
190 6 N4 N3 175 0.050 1
191 1 N3 N1 0 0.120 0
191 2 N3 N3 222 0.120 1
191 3 N5 N5 216 0.240 1
191 4 N1 N3 117 0.240 0
191 5 N1 N1 235 0.240 1
191 6 N4 N3 177 0.610 1
192 1 N3 N1 0 0.660 0
192 2 N3 N3 223 0.660 1
192 3 N5 N5 221 0.270 1
192 4 N1 N3 117 0.280 0
192 5 N1 N1 233 0.280 1
192 6 N4 N3 180 0.660 1
193 1 N3 N1 0 0.180 0
193 2 N3 N3 228 0.180 1
193 3 N5 N5 225 0.320 1
193 4 N1 N3 119 0.310 0
193 5 N1 N1 233 0.310 1
193 6 N4 N3 188 0.140 1
194 1 N3 N1 0 0.280 0
194 2 N3 N3 231 0.280 1
194 3 N5 N5 227 0.410 1
194 4 N1 N3 120 0.320 0
194 5 N1 N1 232 0.320 1
194 6 N4 N3 190 0.740 1
195 1 N3 N1 0 0.340 0
195 2 N3 N3 234 0.340 1
195 3 N5 N5 229 0.440 1
195 4 N1 N3 120 0.360 0
195 5 N1 N1 231 0.360 1
195 6 N4 N3 190 1.800 1
196 1 N3 N1 0 0.370 0
196 2 N3 N3 236 0.370 1
196 3 N5 N5 231 0.470 1
196 4 N1 N3 119 0.400 0
196 5 N1 N1 230 0.400 1
196 6 N4 N3 191 0.780 1
197 1 N3 N1 0 0.910 0
197 2 N3 N3 237 0.910 1
197 3 N5 N5 232 0.530 1
197 4 N1 N3 118 0.020 0
197 5 N1 N1 228 0.020 1
197 6 N4 N3 193 0.800 1
198 1 N3 N1 0 0.390 0
198 2 N3 N3 239 0.390 1
198 3 N5 N5 233 0.020 1
198 4 N1 N3 112 0.070 0
198 5 N1 N1 227 0.070 1
198 6 N4 N3 195 0.320 1
199 1 N3 N1 0 0.240 0
199 2 N3 N3 241 0.240 1
199 3 N5 N5 235 0.050 1
199 4 N1 N3 110 0.120 0
199 5 N1 N1 226 0.120 1
199 6 N4 N3 195 0.240 1
200 1 N3 N1 0 0.420 0
200 2 N3 N3 242 0.420 1
200 3 N5 N5 236 0.090 1
200 4 N1 N3 106 0.150 0
200 5 N1 N1 227 0.150 1
200 6 N4 N3 194 0.900 1
201 1 N3 N1 0 0.460 0
201 2 N3 N3 242 0.460 1
201 3 N5 N5 237 0.120 1
201 4 N1 N3 106 0.690 0
201 5 N1 N1 227 0.690 1
201 6 N4 N3 194 0.430 1
202 1 N3 N1 0 1.000 0
202 2 N3 N3 241 1.000 1
202 3 N5 N5 236 0.140 1
202 4 N1 N3 105 0.180 0
202 5 N1 N1 229 0.180 1
202 6 N4 N3 193 0.450 1
203 1 N3 N1 0 0.520 0
203 2 N3 N3 241 0.520 1
203 3 N5 N5 235 0.180 1
203 4 N1 N3 105 0.190 0
203 5 N1 N1 231 0.190 1
203 6 N4 N3 192 0.500 1
204 1 N3 N1 0 0.030 0
204 2 N3 N3 240 0.030 1
204 3 N5 N5 234 0.220 1
204 4 N1 N3 105 0.200 0
204 5 N1 N1 233 0.200 1
204 6 N4 N3 192 1.560 1
205 1 N3 N1 0 0.060 0
205 2 N3 N3 239 0.060 1
205 3 N5 N5 232 0.230 1
205 4 N1 N3 106 0.220 0
205 5 N1 N1 236 0.220 1
205 6 N4 N3 191 0.560 1
206 1 N3 N1 0 0.090 0
206 2 N3 N3 237 0.090 1
206 3 N5 N5 230 0.790 1
206 4 N1 N3 106 0.250 0
206 5 N1 N1 239 0.250 1
206 6 N4 N3 189 0.070 1
207 1 N3 N1 0 0.110 0
207 2 N3 N3 235 0.110 1
207 3 N5 N5 228 0.300 1
207 4 N1 N3 104 0.310 0
207 5 N1 N1 243 0.310 1
207 6 N4 N3 186 0.140 1
208 1 N3 N1 0 0.130 0
208 2 N3 N3 233 0.130 1
208 3 N5 N5 226 0.340 1
208 4 N1 N3 104 0.330 0
208 5 N1 N1 247 0.330 1
208 6 N4 N3 186 1.200 1
209 1 N3 N1 0 0.140 0
209 2 N3 N3 230 0.140 1
209 3 N5 N5 224 0.370 1
209 4 N1 N3 0 0.370 0
209 5 N1 N1 250 0.370 1
209 6 N4 N3 184 0.200 1
210 1 N3 N1 0 0.170 0
210 2 N3 N3 228 0.170 1
210 3 N5 N5 224 0.420 1
210 4 N1 N3 0 0.380 0
210 5 N1 N1 252 0.380 1
210 6 N4 N3 183 0.230 1
211 1 N3 N1 0 0.220 0
211 2 N3 N3 224 0.220 1
211 3 N5 N5 224 0.440 1
211 4 N1 N3 0 0.410 0
211 5 N1 N1 254 0.410 1
211 6 N4 N3 179 0.240 1
212 1 N3 N1 0 0.220 0
212 2 N3 N3 221 0.220 1
212 3 N5 N5 225 0.470 1
212 4 N1 N3 0 0.460 0
212 5 N1 N1 255 0.460 1
212 6 N4 N3 178 0.270 1
213 1 N3 N1 0 0.210 0
213 2 N3 N3 218 0.210 1
213 3 N5 N5 227 0.020 1
213 4 N1 N3 0 0.480 0
213 5 N1 N1 255 0.480 1
213 6 N4 N3 178 1.330 1
214 1 N3 N1 0 0.830 0
214 2 N3 N3 218 0.830 1
214 3 N5 N5 228 0.040 1
214 4 N1 N3 0 0.050 0
214 5 N1 N1 254 0.050 1
214 6 N4 N3 178 2.390 1
215 1 N3 N1 0 0.300 0
215 2 N3 N3 216 0.300 1
215 3 N5 N5 228 0.050 1
215 4 N1 N3 0 0.050 0
215 5 N1 N1 253 0.050 1
215 6 N4 N3 177 0.380 1
216 1 N3 N1 0 0.340 0
216 2 N3 N3 215 0.340 1
216 3 N5 N5 227 0.110 1
216 4 N1 N3 0 0.100 0
216 5 N1 N1 253 0.100 1
216 6 N4 N3 177 0.430 1
217 1 N3 N1 0 0.350 0
217 2 N3 N3 214 0.350 1
217 3 N5 N5 226 0.150 1
217 4 N1 N3 0 0.090 0
217 5 N1 N1 252 0.090 1
217 6 N4 N3 175 0.440 1
218 1 N3 N1 0 0.400 0
218 2 N3 N3 213 0.400 1
218 3 N5 N5 224 0.200 1
218 4 N1 N3 0 0.130 0
218 5 N1 N1 252 0.130 1
218 6 N4 N3 174 0.480 1
219 1 N3 N1 0 0.460 0
219 2 N3 N3 214 0.460 1
219 3 N5 N5 223 0.240 1
219 4 N1 N3 0 0.150 0
219 5 N1 N1 252 0.150 1
219 6 N4 N3 173 0.040 1
220 1 N3 N1 0 0.510 0
220 2 N3 N3 214 0.510 1
220 3 N5 N5 221 0.260 1
220 4 N1 N3 0 0.180 0
220 5 N1 N1 251 0.180 1
220 6 N4 N3 172 0.580 1
221 1 N3 N1 0 0.040 0
221 2 N3 N3 215 0.040 1
221 3 N5 N5 220 0.300 1
221 4 N1 N3 0 0.210 0
221 5 N1 N1 251 0.210 1
221 6 N4 N3 171 0.600 1
222 1 N3 N1 0 0.040 0
222 2 N3 N3 215 0.040 1
222 3 N5 N5 219 0.300 1
222 4 N1 N3 0 0.260 0
222 5 N1 N1 250 0.260 1
222 6 N4 N3 171 1.660 1
223 1 N3 N1 0 0.060 0
223 2 N3 N3 215 0.060 1
223 3 N5 N5 218 0.320 1
223 4 N1 N3 0 0.320 0
223 5 N1 N1 249 0.320 1
223 6 N4 N3 170 0.130 1
224 1 N3 N1 0 0.100 0
224 2 N3 N3 215 0.100 1
224 3 N5 N5 218 0.350 1
224 4 N1 N3 0 0.330 0
224 5 N1 N1 248 0.330 1
224 6 N4 N3 169 0.660 1
225 1 N3 N1 0 0.650 0
225 2 N3 N3 215 0.650 1
225 3 N5 N5 219 0.370 1
225 4 N1 N3 0 0.350 0
225 5 N1 N1 246 0.350 1
225 6 N4 N3 169 0.700 1
226 1 N3 N1 0 0.130 0
226 2 N3 N3 216 0.130 1
226 3 N5 N5 219 0.420 1
226 4 N1 N3 136 0.260 0
226 5 N1 N1 243 0.260 1
226 6 N4 N3 168 0.220 1
227 1 N3 N1 0 0.690 0
227 2 N3 N3 217 0.690 1
227 3 N5 N5 219 0.460 1
227 4 N1 N3 138 0.020 0
227 5 N1 N1 241 0.020 1
227 6 N4 N3 168 1.280 1
228 1 N3 N1 0 0.200 0
228 2 N3 N3 218 0.200 1
228 3 N5 N5 219 0.460 1
228 4 N1 N3 139 0.340 0
228 5 N1 N1 239 0.340 1
228 6 N4 N3 170 0.310 1
229 1 N3 N1 0 0.260 0
229 2 N3 N3 220 0.260 1
229 3 N5 N5 219 0.010 1
229 4 N1 N3 140 0.360 0
229 5 N1 N1 238 0.360 1
229 6 N4 N3 171 0.370 1
230 1 N3 N1 0 0.310 0
230 2 N3 N3 221 0.310 1
230 3 N5 N5 219 0.010 1
230 4 N1 N3 139 0.380 0
230 5 N1 N1 237 0.380 1
230 6 N4 N3 172 0.920 1
231 1 N3 N1 0 0.370 0
231 2 N3 N3 223 0.370 1
231 3 N5 N5 219 0.040 1
231 4 N1 N3 141 0.520 0
231 5 N1 N1 236 0.520 1
231 6 N4 N3 174 0.990 1
232 1 N3 N1 0 0.240 0
232 2 N3 N3 225 0.240 1
232 3 N5 N5 219 0.050 1
232 4 N1 N3 142 0.040 0
232 5 N1 N1 235 0.040 1
232 6 N4 N3 176 0.250 1
233 1 N3 N1 0 0.960 0
233 2 N3 N3 226 0.960 1
233 3 N5 N5 219 0.080 1
233 4 N1 N3 143 0.070 0
233 5 N1 N1 235 0.070 1
233 6 N4 N3 177 0.050 1
234 1 N3 N1 0 0.440 0
234 2 N3 N3 227 0.440 1
234 3 N5 N5 220 0.090 1
234 4 N1 N3 143 0.100 0
234 5 N1 N1 234 0.100 1
234 6 N4 N3 179 0.080 1
235 1 N3 N1 0 0.480 0
235 2 N3 N3 227 0.480 1
235 3 N5 N5 221 0.110 1
235 4 N1 N3 142 0.110 0
235 5 N1 N1 233 0.110 1
235 6 N4 N3 179 0.140 1
236 1 N3 N1 0 1.550 0
236 2 N3 N3 227 1.550 1
236 3 N5 N5 222 0.130 1
236 4 N1 N3 142 0.060 0
236 5 N1 N1 232 0.060 1
236 6 N4 N3 180 0.700 1
237 1 N3 N1 0 0.540 0
237 2 N3 N3 227 0.540 1
237 3 N5 N5 222 0.140 1
237 4 N1 N3 142 0.120 0
237 5 N1 N1 230 0.120 1
237 6 N4 N3 180 1.760 1
238 1 N3 N1 0 0.080 0
238 2 N3 N3 228 0.080 1
238 3 N5 N5 222 0.180 1
238 4 N1 N3 140 0.140 0
238 5 N1 N1 228 0.140 1
238 6 N4 N3 182 0.230 1
239 1 N3 N1 0 0.120 0
239 2 N3 N3 229 0.120 1
239 3 N5 N5 221 0.740 1
239 4 N1 N3 140 0.190 0
239 5 N1 N1 225 0.190 1
239 6 N4 N3 182 0.770 1
240 1 N3 N1 0 0.160 0
240 2 N3 N3 229 0.160 1
240 3 N5 N5 220 0.220 1
240 4 N1 N3 138 0.240 0
240 5 N1 N1 223 0.240 1
240 6 N4 N3 181 0.250 1
241 1 N3 N1 0 0.210 0
241 2 N3 N3 230 0.210 1
241 3 N5 N5 218 0.300 1
241 4 N1 N3 134 0.290 0
241 5 N1 N1 222 0.290 1
241 6 N4 N3 180 0.300 1
242 1 N3 N1 0 0.250 0
242 2 N3 N3 230 0.250 1
242 3 N5 N5 216 0.340 1
242 4 N1 N3 131 0.350 0
242 5 N1 N1 221 0.350 1
242 6 N4 N3 180 0.300 1
243 1 N3 N1 0 0.270 0
243 2 N3 N3 230 0.270 1
243 3 N5 N5 215 0.420 1
243 4 N1 N3 129 0.370 0
243 5 N1 N1 221 0.370 1
243 6 N4 N3 180 1.370 1
244 1 N3 N1 0 0.320 0
244 2 N3 N3 231 0.320 1
244 3 N5 N5 212 0.480 1
244 4 N1 N3 129 0.020 0
244 5 N1 N1 222 0.020 1
244 6 N4 N3 179 0.870 1
245 1 N3 N1 0 0.350 0
245 2 N3 N3 231 0.350 1
245 3 N5 N5 210 0.010 1
245 4 N1 N3 130 0.070 0
245 5 N1 N1 223 0.070 1
245 6 N4 N3 178 0.910 1
246 1 N3 N1 0 0.910 0
246 2 N3 N3 230 0.910 1
246 3 N5 N5 209 0.060 1
246 4 N1 N3 131 0.110 0
246 5 N1 N1 224 0.110 1
246 6 N4 N3 178 0.930 1
247 1 N3 N1 0 0.400 0
247 2 N3 N3 230 0.400 1
247 3 N5 N5 210 0.100 1
247 4 N1 N3 132 0.030 0
247 5 N1 N1 226 0.030 1
247 6 N4 N3 176 1.030 1
248 1 N3 N1 0 0.420 0
248 2 N3 N3 229 0.420 1
248 3 N5 N5 210 0.140 1
248 4 N1 N3 131 0.070 0
248 5 N1 N1 227 0.070 1
248 6 N4 N3 178 0.020 1
249 1 N3 N1 0 0.960 0
249 2 N3 N3 229 0.960 1
249 3 N5 N5 211 0.170 1
249 4 N1 N3 128 0.180 0
249 5 N1 N1 228 0.180 1
249 6 N4 N3 178 0.050 1
250 1 N3 N1 0 0.460 0
250 2 N3 N3 229 0.460 1
250 3 N5 N5 211 0.210 1
250 4 N1 N3 126 0.100 0
250 5 N1 N1 229 0.100 1
250 6 N4 N3 180 0.120 1
251 1 N3 N1 0 0.010 0
251 2 N3 N3 228 0.010 1
251 3 N5 N5 212 0.220 1
251 4 N1 N3 124 0.220 0
251 5 N1 N1 229 0.220 1
251 6 N4 N3 181 0.140 1
252 1 N3 N1 0 0.040 0
252 2 N3 N3 226 0.040 1
252 3 N5 N5 213 0.260 1
252 4 N1 N3 123 0.220 0
252 5 N1 N1 229 0.220 1
252 6 N4 N3 181 0.700 1
253 1 N3 N1 0 0.100 0
253 2 N3 N3 223 0.100 1
253 3 N5 N5 213 0.300 1
253 4 N1 N3 121 0.270 0
253 5 N1 N1 229 0.270 1
253 6 N4 N3 181 0.740 1
254 1 N3 N1 0 0.100 0
254 2 N3 N3 221 0.100 1
254 3 N5 N5 213 0.350 1
254 4 N1 N3 120 0.300 0
254 5 N1 N1 230 0.300 1
254 6 N4 N3 180 0.310 1
255 1 N3 N1 0 0.160 0
255 2 N3 N3 219 0.160 1
255 3 N5 N5 212 0.370 1
255 4 N1 N3 119 0.350 0
255 5 N1 N1 230 0.350 1
255 6 N4 N3 179 0.320 1
256 1 N3 N1 0 0.190 0
256 2 N3 N3 217 0.190 1
256 3 N5 N5 211 0.410 1
256 4 N1 N3 119 0.400 0
256 5 N1 N1 231 0.400 1
256 6 N4 N3 179 1.380 1
257 1 N3 N1 0 0.730 0
257 2 N3 N3 216 0.730 1
257 3 N5 N5 211 0.450 1
257 4 N1 N3 119 0.450 0
257 5 N1 N1 232 0.450 1
257 6 N4 N3 178 0.410 1
258 1 N3 N1 0 0.280 0
258 2 N3 N3 214 0.280 1
258 3 N5 N5 210 0.490 1
258 4 N1 N3 119 0.470 0
258 5 N1 N1 233 0.470 1
258 6 N4 N3 177 0.940 1
259 1 N3 N1 0 0.280 0
259 2 N3 N3 212 0.280 1
259 3 N5 N5 210 0.030 1
259 4 N1 N3 0 0.010 0
259 5 N1 N1 234 0.010 1
259 6 N4 N3 175 0.420 1
260 1 N3 N1 0 0.320 0
260 2 N3 N3 211 0.320 1
260 3 N5 N5 211 0.050 1
260 4 N1 N3 0 0.040 0
260 5 N1 N1 235 0.040 1
260 6 N4 N3 175 1.480 1
261 1 N3 N1 0 0.370 0
261 2 N3 N3 210 0.370 1
261 3 N5 N5 212 0.090 1
261 4 N1 N3 0 0.590 0
261 5 N1 N1 235 0.590 1
261 6 N4 N3 172 0.500 1
262 1 N3 N1 0 0.380 0
262 2 N3 N3 211 0.380 1
262 3 N5 N5 213 0.100 1
262 4 N1 N3 0 0.070 0
262 5 N1 N1 236 0.070 1
262 6 N4 N3 170 0.530 1
263 1 N3 N1 0 0.920 0
263 2 N3 N3 210 0.920 1
263 3 N5 N5 214 0.120 1
263 4 N1 N3 0 0.090 0
263 5 N1 N1 236 0.090 1
263 6 N4 N3 167 0.080 1
264 1 N3 N1 0 0.380 0
264 2 N3 N3 211 0.380 1
264 3 N5 N5 215 0.120 1
264 4 N1 N3 0 0.100 0
264 5 N1 N1 235 0.100 1
264 6 N4 N3 165 0.110 1
265 1 N3 N1 0 0.440 0
265 2 N3 N3 211 0.440 1
265 3 N5 N5 217 0.140 1
265 4 N1 N3 0 0.150 0
265 5 N1 N1 235 0.150 1
265 6 N4 N3 163 0.680 1
266 1 N3 N1 0 0.450 0
266 2 N3 N3 211 0.450 1
266 3 N5 N5 219 0.170 1
266 4 N1 N3 0 0.170 0
266 5 N1 N1 235 0.170 1
266 6 N4 N3 162 0.730 1
267 1 N3 N1 0 0.460 0
267 2 N3 N3 211 0.460 1
267 3 N5 N5 222 0.200 1
267 4 N1 N3 0 0.200 0
267 5 N1 N1 235 0.200 1
267 6 N4 N3 162 1.780 1
268 1 N3 N1 0 0.490 0
268 2 N3 N3 211 0.490 1
268 3 N5 N5 223 0.280 1
268 4 N1 N3 0 0.250 0
268 5 N1 N1 236 0.250 1
268 6 N4 N3 162 2.850 1
269 1 N3 N1 0 0.020 0
269 2 N3 N3 210 0.020 1
269 3 N5 N5 226 0.330 1
269 4 N1 N3 0 0.290 0
269 5 N1 N1 237 0.290 1
269 6 N4 N3 161 0.360 1
270 1 N3 N1 0 0.030 0
270 2 N3 N3 209 0.030 1
270 3 N5 N5 230 0.320 1
270 4 N1 N3 0 0.310 0
270 5 N1 N1 238 0.310 1
270 6 N4 N3 161 1.410 1
271 1 N3 N1 0 0.060 0
271 2 N3 N3 208 0.060 1
271 3 N5 N5 233 0.380 1
271 4 N1 N3 0 0.340 0
271 5 N1 N1 239 0.340 1
271 6 N4 N3 161 0.930 1
272 1 N3 N1 0 0.110 0
272 2 N3 N3 207 0.110 1
272 3 N5 N5 236 0.420 1
272 4 N1 N3 0 0.370 0
272 5 N1 N1 240 0.370 1
272 6 N4 N3 161 0.510 1
273 1 N3 N1 0 0.130 0
273 2 N3 N3 206 0.130 1
273 3 N5 N5 238 0.430 1
273 4 N1 N3 0 0.390 0
273 5 N1 N1 241 0.390 1
273 6 N4 N3 162 0.030 1
274 1 N3 N1 0 0.220 0
274 2 N3 N3 204 0.220 1
274 3 N5 N5 240 0.050 1
274 4 N1 N3 0 0.530 0
274 5 N1 N1 241 0.530 1
274 6 N4 N3 162 0.650 1
275 1 N3 N1 0 0.250 0
275 2 N3 N3 203 0.250 1
275 3 N5 N5 241 0.110 1
275 4 N1 N3 0 0.050 0
275 5 N1 N1 240 0.050 1
275 6 N4 N3 162 0.190 1
276 1 N3 N1 0 0.270 0
276 2 N3 N3 201 0.270 1
276 3 N5 N5 242 0.110 1
276 4 N1 N3 0 0.070 0
276 5 N1 N1 240 0.070 1
276 6 N4 N3 163 0.250 1
277 1 N3 N1 0 0.280 0
277 2 N3 N3 201 0.280 1
277 3 N5 N5 242 0.160 1
277 4 N1 N3 0 0.120 0
277 5 N1 N1 239 0.120 1
277 6 N4 N3 164 0.290 1
278 1 N3 N1 0 1.340 0
278 2 N3 N3 201 1.340 1
278 3 N5 N5 243 0.190 1
278 4 N1 N3 0 0.680 0
278 5 N1 N1 239 0.680 1
278 6 N4 N3 164 1.350 1
279 1 N3 N1 0 0.320 0
279 2 N3 N3 200 0.320 1
279 3 N5 N5 243 0.240 1
279 4 N1 N3 0 0.690 0
279 5 N1 N1 239 0.690 1
279 6 N4 N3 165 0.370 1
280 1 N3 N1 0 0.360 0
280 2 N3 N3 199 0.360 1
280 3 N5 N5 244 0.270 1
280 4 N1 N3 0 0.200 0
280 5 N1 N1 240 0.200 1
280 6 N4 N3 165 0.410 1
281 1 N3 N1 142 0.270 0
281 2 N3 N3 198 0.270 1
281 3 N5 N5 244 0.340 1
281 4 N1 N3 0 0.240 0
281 5 N1 N1 240 0.240 1
281 6 N4 N3 164 0.960 1
282 1 N3 N1 139 0.290 0
282 2 N3 N3 196 0.290 1
282 3 N5 N5 244 0.350 1
282 4 N1 N3 0 0.250 0
282 5 N1 N1 241 0.250 1
282 6 N4 N3 164 0.990 1
283 1 N3 N1 138 0.440 0
283 2 N3 N3 195 0.440 1
283 3 N5 N5 244 0.370 1
283 4 N1 N3 0 0.290 0
283 5 N1 N1 242 0.290 1
283 6 N4 N3 164 2.050 1
284 1 N3 N1 138 0.480 0
284 2 N3 N3 195 0.480 1
284 3 N5 N5 244 0.380 1
284 4 N1 N3 0 0.300 0
284 5 N1 N1 243 0.300 1
284 6 N4 N3 163 1.030 1
285 1 N3 N1 141 0.540 0
285 2 N3 N3 195 0.540 1
285 3 N5 N5 244 0.440 1
285 4 N1 N3 0 0.360 0
285 5 N1 N1 243 0.360 1
285 6 N4 N3 163 0.540 1
286 1 N3 N1 141 0.550 0
286 2 N3 N3 195 0.550 1
286 3 N5 N5 243 0.470 1
286 4 N1 N3 0 0.410 0
286 5 N1 N1 244 0.410 1
286 6 N4 N3 163 0.070 1
287 1 N3 N1 141 0.050 0
287 2 N3 N3 195 0.050 1
287 3 N5 N5 242 0.500 1
287 4 N1 N3 0 0.440 0
287 5 N1 N1 245 0.440 1
287 6 N4 N3 163 0.100 1
288 1 N3 N1 152 0.080 0
288 2 N3 N3 195 0.080 1
288 3 N5 N5 241 0.030 1
288 4 N1 N3 0 0.460 0
288 5 N1 N1 244 0.460 1
288 6 N4 N3 164 0.100 1
289 1 N3 N1 161 0.000 0
289 2 N3 N3 194 0.000 1
289 3 N5 N5 240 0.060 1
289 4 N1 N3 0 0.010 0
289 5 N1 N1 245 0.010 1
289 6 N4 N3 163 0.160 1
290 1 N3 N1 169 0.040 0
290 2 N3 N3 194 0.040 1
290 3 N5 N5 240 0.120 1
290 4 N1 N3 0 0.030 0
290 5 N1 N1 245 0.030 1
290 6 N4 N3 163 0.710 1
291 1 N3 N1 171 0.200 0
291 2 N3 N3 192 0.200 1
291 3 N5 N5 239 0.150 1
291 4 N1 N3 0 0.070 0
291 5 N1 N1 245 0.070 1
291 6 N4 N3 163 1.770 1
292 1 N3 N1 171 1.260 0
292 2 N3 N3 192 1.260 1
292 3 N5 N5 237 0.210 1
292 4 N1 N3 0 0.080 0
292 5 N1 N1 246 0.080 1
292 6 N4 N3 163 2.830 1
293 1 N3 N1 170 0.230 0
293 2 N3 N3 191 0.230 1
293 3 N5 N5 236 0.260 1
293 4 N1 N3 0 0.090 0
293 5 N1 N1 246 0.090 1
293 6 N4 N3 162 0.740 1
294 1 N3 N1 170 0.640 0
294 2 N3 N3 190 0.640 1
294 3 N5 N5 235 0.290 1
294 4 N1 N3 0 0.120 0
294 5 N1 N1 247 0.120 1
294 6 N4 N3 162 1.800 1
295 1 N3 N1 172 0.670 0
295 2 N3 N3 189 0.670 1
295 3 N5 N5 233 0.340 1
295 4 N1 N3 0 0.140 0
295 5 N1 N1 248 0.140 1
295 6 N4 N3 161 0.300 1
296 1 N3 N1 174 0.330 0
296 2 N3 N3 186 0.330 1
296 3 N5 N5 231 0.380 1
296 4 N1 N3 0 0.180 0
296 5 N1 N1 249 0.180 1
296 6 N4 N3 160 0.860 1
297 1 N3 N1 176 0.350 0
297 2 N3 N3 183 0.350 1
297 3 N5 N5 229 0.410 1
297 4 N1 N3 0 0.190 0
297 5 N1 N1 248 0.190 1
297 6 N4 N3 160 0.330 1
298 1 N3 N1 177 0.260 0
298 2 N3 N3 180 0.260 1
298 3 N5 N5 227 0.460 1
298 4 N1 N3 0 1.240 0
298 5 N1 N1 248 1.240 1
298 6 N4 N3 158 0.360 1
299 1 N3 N1 180 0.410 0
299 2 N3 N3 179 0.410 1
299 3 N5 N5 224 0.500 1
299 4 N1 N3 0 0.250 0
299 5 N1 N1 249 0.250 1
299 6 N4 N3 157 0.380 1
300 1 N3 N1 181 0.320 0
300 2 N3 N3 178 0.320 1
300 3 N5 N5 221 0.010 1
300 4 N1 N3 0 0.300 0
300 5 N1 N1 249 0.300 1
300 6 N4 N3 157 0.410 1
