PING N4 (00:00:0c:18:11:04) 116(144) bytes of data
116 bytes from N4 icmp_seq=1 ttl=48 time=88.64 ms
RR: 	N5
	N2
	N3
	N4
	N4
	N3
	N2
	N5

116 bytes from N4 icmp_seq=2 ttl=48 time=8.36 ms	(same route)
116 bytes from N4 icmp_seq=3 ttl=48 time=17.89 ms	(same route)
116 bytes from N4 icmp_seq=4 ttl=48 time=6.20 ms	(same route)
116 bytes from N4 icmp_seq=5 ttl=48 time=8.54 ms	(same route)
116 bytes from N4 icmp_seq=6 ttl=48 time=11.79 ms	(same route)
116 bytes from N4 icmp_seq=7 ttl=48 time=4.53 ms	(same route)
116 bytes from N4 icmp_seq=8 ttl=48 time=20.50 ms	(same route)
116 bytes from N4 icmp_seq=9 ttl=48 time=309.62 ms	(same route)
116 bytes from N4 icmp_seq=10 ttl=48 time=580.74 ms	(same route)
116 bytes from N4 icmp_seq=11 ttl=48 time=5.00 ms	(same route)
116 bytes from N4 icmp_seq=12 ttl=48 time=5.99 ms	(same route)
116 bytes from N4 icmp_seq=13 ttl=48 time=32.92 ms	(same route)
116 bytes from N4 icmp_seq=14 ttl=48 time=139.41 ms	(same route)
116 bytes from N4 icmp_seq=15 ttl=48 time=395.54 ms	(same route)
116 bytes from N4 icmp_seq=16 ttl=48 time=22.82 ms	(same route)
116 bytes from N4 icmp_seq=17 ttl=48 time=15.44 ms	(same route)
116 bytes from N4 icmp_seq=18 ttl=48 time=5.43 ms	(same route)
116 bytes from N4 icmp_seq=19 ttl=48 time=3.49 ms	(same route)
116 bytes from N4 icmp_seq=20 ttl=48 time=6.69 ms	(same route)
116 bytes from N4 icmp_seq=21 ttl=48 time=8.40 ms	(same route)
116 bytes from N4 icmp_seq=22 ttl=48 time=3.53 ms	(same route)
116 bytes from N4 icmp_seq=23 ttl=48 time=4.72 ms	(same route)
116 bytes from N4 icmp_seq=24 ttl=48 time=4.41 ms	(same route)
116 bytes from N4 icmp_seq=25 ttl=48 time=266.74 ms	(same route)
116 bytes from N4 icmp_seq=26 ttl=48 time=4.61 ms	(same route)
116 bytes from N4 icmp_seq=27 ttl=48 time=25.03 ms	(same route)
116 bytes from N4 icmp_seq=28 ttl=48 time=7.03 ms	(same route)
116 bytes from N4 icmp_seq=29 ttl=48 time=13.34 ms	(same route)
116 bytes from N4 icmp_seq=30 ttl=48 time=9.29 ms	(same route)
116 bytes from N4 icmp_seq=31 ttl=48 time=4.66 ms	(same route)
116 bytes from N4 icmp_seq=32 ttl=48 time=9.85 ms	(same route)
116 bytes from N4 icmp_seq=33 ttl=48 time=3.55 ms	(same route)
116 bytes from N4 icmp_seq=34 ttl=48 time=3.75 ms	(same route)
116 bytes from N4 icmp_seq=35 ttl=48 time=10.34 ms	(same route)
116 bytes from N4 icmp_seq=36 ttl=48 time=5.37 ms	(same route)
116 bytes from N4 icmp_seq=37 ttl=48 time=6.79 ms	(same route)
116 bytes from N4 icmp_seq=38 ttl=48 time=89.72 ms	(same route)
116 bytes from N4 icmp_seq=39 ttl=48 time=12.59 ms	(same route)
116 bytes from N4 icmp_seq=40 ttl=48 time=9.41 ms	(same route)
116 bytes from N4 icmp_seq=41 ttl=48 time=13.99 ms	(same route)
116 bytes from N4 icmp_seq=42 ttl=48 time=11.09 ms	(same route)
116 bytes from N4 icmp_seq=43 ttl=48 time=26.12 ms	(same route)
116 bytes from N4 icmp_seq=44 ttl=48 time=49.61 ms	(same route)
116 bytes from N4 icmp_seq=45 ttl=48 time=236.90 ms	(same route)
116 bytes from N4 icmp_seq=46 ttl=48 time=589.32 ms	(same route)
116 bytes from N4 icmp_seq=47 ttl=48 time=5.67 ms	(same route)
116 bytes from N4 icmp_seq=48 ttl=48 time=9.88 ms	(same route)
116 bytes from N4 icmp_seq=49 ttl=48 time=319.05 ms	(same route)
116 bytes from N4 icmp_seq=50 ttl=48 time=17.40 ms	(same route)
116 bytes from N4 icmp_seq=51 ttl=48 time=16.37 ms	(same route)
116 bytes from N4 icmp_seq=52 ttl=48 time=4.39 ms	(same route)
116 bytes from N4 icmp_seq=53 ttl=48 time=42.72 ms	(same route)
116 bytes from N4 icmp_seq=54 ttl=48 time=8.89 ms	(same route)
116 bytes from N4 icmp_seq=55 ttl=48 time=14.46 ms	(same route)
116 bytes from N4 icmp_seq=56 ttl=48 time=37.70 ms	(same route)
116 bytes from N4 icmp_seq=57 ttl=48 time=5.01 ms	(same route)
116 bytes from N4 icmp_seq=58 ttl=48 time=6.37 ms	(same route)
116 bytes from N4 icmp_seq=59 ttl=48 time=18.42 ms	(same route)
116 bytes from N4 icmp_seq=60 ttl=48 time=28.89 ms	(same route)
116 bytes from N4 icmp_seq=61 ttl=48 time=5.64 ms	(same route)
116 bytes from N4 icmp_seq=62 ttl=48 time=20.61 ms	(same route)
116 bytes from N4 icmp_seq=63 ttl=48 time=3.68 ms	(same route)
116 bytes from N4 icmp_seq=64 ttl=48 time=38.81 ms	(same route)
116 bytes from N4 icmp_seq=65 ttl=48 time=28.76 ms	(same route)
116 bytes from N4 icmp_seq=66 ttl=48 time=8.51 ms	(same route)
116 bytes from N4 icmp_seq=67 ttl=48 time=12.13 ms	(same route)
116 bytes from N4 icmp_seq=68 ttl=48 time=13.02 ms	(same route)
116 bytes from N4 icmp_seq=69 ttl=48 time=3.94 ms	(same route)
116 bytes from N4 icmp_seq=70 ttl=48 time=38.29 ms	(same route)
116 bytes from N4 icmp_seq=71 ttl=48 time=15.56 ms	(same route)
116 bytes from N4 icmp_seq=72 ttl=48 time=7.41 ms	(same route)
116 bytes from N4 icmp_seq=73 ttl=48 time=4.80 ms	(same route)
116 bytes from N4 icmp_seq=74 ttl=48 time=3.69 ms	(same route)
116 bytes from N4 icmp_seq=75 ttl=48 time=7.93 ms	(same route)
116 bytes from N4 icmp_seq=76 ttl=48 time=5.49 ms	(same route)
116 bytes from N4 icmp_seq=77 ttl=48 time=11.29 ms	(same route)
116 bytes from N4 icmp_seq=78 ttl=48 time=53.12 ms	(same route)
116 bytes from N4 icmp_seq=79 ttl=48 time=3.41 ms	(same route)
116 bytes from N4 icmp_seq=80 ttl=48 time=12.19 ms	(same route)
116 bytes from N4 icmp_seq=81 ttl=48 time=8.74 ms	(same route)
116 bytes from N4 icmp_seq=82 ttl=48 time=10.94 ms	(same route)
116 bytes from N4 icmp_seq=83 ttl=48 time=11.31 ms	(same route)
116 bytes from N4 icmp_seq=84 ttl=48 time=11.15 ms	(same route)
116 bytes from N4 icmp_seq=85 ttl=48 time=10.00 ms	(same route)
116 bytes from N4 icmp_seq=86 ttl=48 time=10.42 ms	(same route)
116 bytes from N4 icmp_seq=87 ttl=48 time=34.52 ms	(same route)
116 bytes from N4 icmp_seq=88 ttl=48 time=6.03 ms	(same route)
116 bytes from N4 icmp_seq=89 ttl=48 time=3.78 ms	(same route)
116 bytes from N4 icmp_seq=90 ttl=48 time=4.87 ms	(same route)
116 bytes from N4 icmp_seq=91 ttl=48 time=5.96 ms	(same route)
116 bytes from N4 icmp_seq=92 ttl=48 time=11.79 ms	(same route)
116 bytes from N4 icmp_seq=93 ttl=48 time=6.77 ms	(same route)
116 bytes from N4 icmp_seq=94 ttl=48 time=7.51 ms	(same route)
116 bytes from N4 icmp_seq=95 ttl=48 time=4.62 ms	(same route)
116 bytes from N4 icmp_seq=96 ttl=48 time=7.49 ms	(same route)
116 bytes from N4 icmp_seq=97 ttl=48 time=13.60 ms	(same route)
116 bytes from N4 icmp_seq=98 ttl=48 time=10.48 ms	(same route)
116 bytes from N4 icmp_seq=99 ttl=48 time=3.81 ms	(same route)
116 bytes from N4 icmp_seq=100 ttl=48 time=8.26 ms	(same route)
116 bytes from N4 icmp_seq=101 ttl=48 time=14.97 ms	(same route)
116 bytes from N4 icmp_seq=102 ttl=48 time=61.97 ms	(same route)
116 bytes from N4 icmp_seq=103 ttl=48 time=146.67 ms	(same route)
116 bytes from N4 icmp_seq=104 ttl=48 time=14.56 ms	(same route)
116 bytes from N4 icmp_seq=105 ttl=48 time=29.20 ms	(same route)
116 bytes from N4 icmp_seq=106 ttl=48 time=352.87 ms	(same route)
116 bytes from N4 icmp_seq=107 ttl=48 time=6.50 ms	(same route)
116 bytes from N4 icmp_seq=108 ttl=48 time=4.99 ms	(same route)
116 bytes from N4 icmp_seq=109 ttl=48 time=359.94 ms	(same route)
116 bytes from N4 icmp_seq=110 ttl=48 time=110.58 ms	(same route)
116 bytes from N4 icmp_seq=111 ttl=48 time=8.58 ms	(same route)
116 bytes from N4 icmp_seq=112 ttl=48 time=56.07 ms	(same route)
116 bytes from N4 icmp_seq=113 ttl=48 time=28.92 ms	(same route)
116 bytes from N4 icmp_seq=114 ttl=48 time=5.46 ms	(same route)
116 bytes from N4 icmp_seq=115 ttl=48 time=58.47 ms	(same route)
116 bytes from N4 icmp_seq=116 ttl=48 time=42.67 ms	(same route)
116 bytes from N4 icmp_seq=117 ttl=48 time=11.13 ms	(same route)
116 bytes from N4 icmp_seq=118 ttl=48 time=3.80 ms	(same route)
116 bytes from N4 icmp_seq=119 ttl=48 time=7.03 ms	(same route)
116 bytes from N4 icmp_seq=120 ttl=48 time=101.33 ms	(same route)
116 bytes from N4 icmp_seq=121 ttl=48 time=32.35 ms	(same route)
116 bytes from N4 icmp_seq=122 ttl=48 time=11.35 ms	(same route)
116 bytes from N4 icmp_seq=123 ttl=48 time=103.61 ms	(same route)
116 bytes from N4 icmp_seq=124 ttl=48 time=9.86 ms	(same route)
116 bytes from N4 icmp_seq=125 ttl=48 time=252.84 ms	(same route)
116 bytes from N4 icmp_seq=126 ttl=48 time=36.43 ms	(same route)
116 bytes from N4 icmp_seq=127 ttl=48 time=74.39 ms	(same route)
116 bytes from N4 icmp_seq=128 ttl=48 time=5.99 ms	(same route)
116 bytes from N4 icmp_seq=129 ttl=48 time=112.92 ms	(same route)
116 bytes from N4 icmp_seq=130 ttl=48 time=108.67 ms	(same route)
116 bytes from N4 icmp_seq=131 ttl=48 time=18.04 ms	(same route)
116 bytes from N4 icmp_seq=132 ttl=48 time=5.31 ms	(same route)
116 bytes from N4 icmp_seq=133 ttl=48 time=21.66 ms	(same route)
116 bytes from N4 icmp_seq=134 ttl=48 time=38.27 ms	(same route)
116 bytes from N4 icmp_seq=135 ttl=48 time=74.54 ms	(same route)
116 bytes from N4 icmp_seq=136 ttl=48 time=16.97 ms	(same route)
116 bytes from N4 icmp_seq=137 ttl=48 time=15.53 ms	(same route)
116 bytes from N4 icmp_seq=138 ttl=48 time=56.90 ms	(same route)
116 bytes from N4 icmp_seq=139 ttl=48 time=122.20 ms	(same route)
116 bytes from N4 icmp_seq=140 ttl=48 time=9.50 ms	(same route)
116 bytes from N4 icmp_seq=141 ttl=48 time=26.00 ms	(same route)
116 bytes from N4 icmp_seq=142 ttl=48 time=73.40 ms	(same route)
116 bytes from N4 icmp_seq=143 ttl=48 time=93.33 ms	(same route)
116 bytes from N4 icmp_seq=144 ttl=48 time=241.09 ms	(same route)
116 bytes from N4 icmp_seq=145 ttl=48 time=5.76 ms	(same route)
116 bytes from N4 icmp_seq=146 ttl=48 time=7.30 ms	(same route)
116 bytes from N4 icmp_seq=147 ttl=48 time=29.36 ms	(same route)
116 bytes from N4 icmp_seq=148 ttl=48 time=6.91 ms	(same route)
116 bytes from N4 icmp_seq=149 ttl=48 time=11.66 ms	(same route)
116 bytes from N4 icmp_seq=150 ttl=48 time=6.98 ms	(same route)
116 bytes from N4 icmp_seq=151 ttl=48 time=26.10 ms	(same route)
116 bytes from N4 icmp_seq=152 ttl=48 time=75.32 ms	(same route)
116 bytes from N4 icmp_seq=153 ttl=48 time=18.14 ms	(same route)
116 bytes from N4 icmp_seq=154 ttl=48 time=3.45 ms	(same route)
116 bytes from N4 icmp_seq=155 ttl=48 time=8.19 ms	(same route)
116 bytes from N4 icmp_seq=156 ttl=48 time=107.18 ms	(same route)
116 bytes from N4 icmp_seq=157 ttl=48 time=137.98 ms	(same route)
116 bytes from N4 icmp_seq=158 ttl=48 time=15.01 ms	(same route)
116 bytes from N4 icmp_seq=159 ttl=48 time=16.18 ms	(same route)
116 bytes from N4 icmp_seq=160 ttl=48 time=3.53 ms	(same route)
116 bytes from N4 icmp_seq=161 ttl=48 time=3.62 ms	(same route)
116 bytes from N4 icmp_seq=162 ttl=48 time=12.85 ms	(same route)
116 bytes from N4 icmp_seq=163 ttl=48 time=5.88 ms	(same route)
116 bytes from N4 icmp_seq=164 ttl=48 time=16.35 ms	(same route)
116 bytes from N4 icmp_seq=165 ttl=48 time=17.93 ms	(same route)
116 bytes from N4 icmp_seq=166 ttl=48 time=23.05 ms	(same route)
116 bytes from N4 icmp_seq=167 ttl=48 time=35.87 ms	(same route)
116 bytes from N4 icmp_seq=168 ttl=48 time=17.21 ms	(same route)
116 bytes from N4 icmp_seq=169 ttl=48 time=3.76 ms	(same route)
116 bytes from N4 icmp_seq=170 ttl=48 time=10.78 ms	(same route)
116 bytes from N4 icmp_seq=171 ttl=48 time=7.17 ms	(same route)
116 bytes from N4 icmp_seq=172 ttl=48 time=17.58 ms	(same route)
116 bytes from N4 icmp_seq=173 ttl=48 time=31.32 ms	(same route)
116 bytes from N4 icmp_seq=174 ttl=48 time=10.54 ms	(same route)
116 bytes from N4 icmp_seq=175 ttl=48 time=7.87 ms	(same route)
116 bytes from N4 icmp_seq=176 ttl=48 time=12.85 ms	(same route)
116 bytes from N4 icmp_seq=177 ttl=48 time=89.22 ms	(same route)
116 bytes from N4 icmp_seq=178 ttl=48 time=8.94 ms	(same route)
116 bytes from N4 icmp_seq=179 ttl=48 time=5.26 ms	(same route)
116 bytes from N4 icmp_seq=180 ttl=48 time=46.42 ms	(same route)
116 bytes from N4 icmp_seq=181 ttl=48 time=6.05 ms	(same route)
116 bytes from N4 icmp_seq=182 ttl=48 time=23.06 ms	(same route)
116 bytes from N4 icmp_seq=183 ttl=48 time=30.01 ms	(same route)
116 bytes from N4 icmp_seq=184 ttl=48 time=13.93 ms	(same route)
116 bytes from N4 icmp_seq=185 ttl=48 time=10.17 ms	(same route)
116 bytes from N4 icmp_seq=186 ttl=48 time=14.74 ms	(same route)
116 bytes from N4 icmp_seq=187 ttl=48 time=4.70 ms	(same route)
116 bytes from N4 icmp_seq=188 ttl=48 time=15.06 ms	(same route)
116 bytes from N4 icmp_seq=189 ttl=48 time=8.88 ms	(same route)
116 bytes from N4 icmp_seq=190 ttl=48 time=5.43 ms	(same route)
116 bytes from N4 icmp_seq=191 ttl=48 time=20.94 ms	(same route)
116 bytes from N4 icmp_seq=192 ttl=48 time=13.37 ms	(same route)
116 bytes from N4 icmp_seq=193 ttl=48 time=40.30 ms	(same route)
116 bytes from N4 icmp_seq=194 ttl=48 time=7.30 ms	(same route)
116 bytes from N4 icmp_seq=195 ttl=48 time=7.02 ms	(same route)
116 bytes from N4 icmp_seq=196 ttl=48 time=3.51 ms	(same route)
116 bytes from N4 icmp_seq=197 ttl=48 time=6.26 ms	(same route)
116 bytes from N4 icmp_seq=198 ttl=48 time=68.76 ms	(same route)
116 bytes from N4 icmp_seq=199 ttl=48 time=618.14 ms	(same route)
116 bytes from N4 icmp_seq=200 ttl=48 time=37.34 ms	(same route)
116 bytes from N4 icmp_seq=201 ttl=48 time=6.02 ms	(same route)
116 bytes from N4 icmp_seq=202 ttl=48 time=16.46 ms	(same route)
116 bytes from N4 icmp_seq=203 ttl=48 time=4.28 ms	(same route)
116 bytes from N4 icmp_seq=204 ttl=48 time=631.11 ms	(same route)
116 bytes from N4 icmp_seq=205 ttl=48 time=5.96 ms	(same route)
116 bytes from N4 icmp_seq=206 ttl=48 time=50.04 ms	(same route)
116 bytes from N4 icmp_seq=207 ttl=48 time=9.26 ms	(same route)
116 bytes from N4 icmp_seq=208 ttl=48 time=4.15 ms	(same route)
116 bytes from N4 icmp_seq=209 ttl=48 time=12.95 ms	(same route)
116 bytes from N4 icmp_seq=210 ttl=48 time=8.69 ms	(same route)
116 bytes from N4 icmp_seq=211 ttl=48 time=431.40 ms	(same route)
116 bytes from N4 icmp_seq=212 ttl=48 time=73.08 ms	(same route)
116 bytes from N4 icmp_seq=213 ttl=48 time=40.24 ms	(same route)
116 bytes from N4 icmp_seq=214 ttl=48 time=5.87 ms	(same route)
116 bytes from N4 icmp_seq=215 ttl=48 time=17.38 ms	(same route)
116 bytes from N4 icmp_seq=216 ttl=48 time=10.86 ms	(same route)
116 bytes from N4 icmp_seq=217 ttl=48 time=10.86 ms	(same route)
116 bytes from N4 icmp_seq=218 ttl=48 time=45.18 ms	(same route)
116 bytes from N4 icmp_seq=219 ttl=48 time=6.92 ms	(same route)
116 bytes from N4 icmp_seq=220 ttl=48 time=6.29 ms	(same route)
116 bytes from N4 icmp_seq=221 ttl=48 time=7.09 ms	(same route)
116 bytes from N4 icmp_seq=222 ttl=48 time=5.55 ms	(same route)
116 bytes from N4 icmp_seq=223 ttl=48 time=13.67 ms	(same route)
116 bytes from N4 icmp_seq=224 ttl=48 time=17.27 ms	(same route)
116 bytes from N4 icmp_seq=225 ttl=48 time=3.98 ms	(same route)
116 bytes from N4 icmp_seq=226 ttl=48 time=228.91 ms	(same route)
116 bytes from N4 icmp_seq=227 ttl=48 time=26.34 ms	(same route)
116 bytes from N4 icmp_seq=228 ttl=48 time=4.73 ms	(same route)
116 bytes from N4 icmp_seq=229 ttl=48 time=14.32 ms	(same route)
116 bytes from N4 icmp_seq=230 ttl=48 time=7.26 ms	(same route)
116 bytes from N4 icmp_seq=231 ttl=48 time=67.76 ms	(same route)
116 bytes from N4 icmp_seq=232 ttl=48 time=3.67 ms	(same route)
116 bytes from N4 icmp_seq=233 ttl=48 time=48.02 ms	(same route)
116 bytes from N4 icmp_seq=234 ttl=48 time=7.01 ms	(same route)
116 bytes from N4 icmp_seq=235 ttl=48 time=3.88 ms	(same route)
116 bytes from N4 icmp_seq=236 ttl=48 time=13.10 ms	(same route)
116 bytes from N4 icmp_seq=237 ttl=48 time=6.31 ms	(same route)
116 bytes from N4 icmp_seq=238 ttl=48 time=6.18 ms	(same route)
116 bytes from N4 icmp_seq=239 ttl=48 time=48.85 ms	(same route)
116 bytes from N4 icmp_seq=240 ttl=48 time=9.67 ms	(same route)
116 bytes from N4 icmp_seq=241 ttl=48 time=485.84 ms	(same route)
116 bytes from N4 icmp_seq=242 ttl=48 time=4.48 ms	(same route)
116 bytes from N4 icmp_seq=243 ttl=48 time=4.95 ms	(same route)
116 bytes from N4 icmp_seq=244 ttl=48 time=25.67 ms	(same route)
116 bytes from N4 icmp_seq=245 ttl=48 time=6.51 ms	(same route)
116 bytes from N4 icmp_seq=246 ttl=48 time=317.83 ms	(same route)
116 bytes from N4 icmp_seq=247 ttl=48 time=13.77 ms	(same route)
116 bytes from N4 icmp_seq=248 ttl=48 time=4.45 ms	(same route)
116 bytes from N4 icmp_seq=249 ttl=48 time=5.94 ms	(same route)
116 bytes from N4 icmp_seq=250 ttl=48 time=13.81 ms	(same route)
116 bytes from N4 icmp_seq=251 ttl=48 time=84.59 ms	(same route)
116 bytes from N4 icmp_seq=252 ttl=48 time=3.56 ms	(same route)
116 bytes from N4 icmp_seq=253 ttl=48 time=9.04 ms	(same route)
116 bytes from N4 icmp_seq=254 ttl=48 time=4.72 ms	(same route)
116 bytes from N4 icmp_seq=255 ttl=48 time=14.28 ms	(same route)
116 bytes from N4 icmp_seq=256 ttl=48 time=47.63 ms	(same route)
116 bytes from N4 icmp_seq=257 ttl=48 time=15.56 ms	(same route)
116 bytes from N4 icmp_seq=258 ttl=48 time=7.68 ms	(same route)
116 bytes from N4 icmp_seq=259 ttl=48 time=37.56 ms	(same route)
116 bytes from N4 icmp_seq=260 ttl=48 time=3.67 ms	(same route)
116 bytes from N4 icmp_seq=261 ttl=48 time=360.82 ms	(same route)
116 bytes from N4 icmp_seq=262 ttl=48 time=16.39 ms	(same route)
116 bytes from N4 icmp_seq=263 ttl=48 time=6.75 ms	(same route)
116 bytes from N4 icmp_seq=264 ttl=48 time=6.18 ms	(same route)
116 bytes from N4 icmp_seq=265 ttl=48 time=56.90 ms	(same route)
116 bytes from N4 icmp_seq=266 ttl=48 time=175.12 ms	(same route)
116 bytes from N4 icmp_seq=267 ttl=48 time=7.40 ms	(same route)
116 bytes from N4 icmp_seq=268 ttl=48 time=3.58 ms	(same route)
116 bytes from N4 icmp_seq=269 ttl=48 time=3.59 ms	(same route)
116 bytes from N4 icmp_seq=270 ttl=48 time=12.01 ms	(same route)
116 bytes from N4 icmp_seq=271 ttl=48 time=6.80 ms	(same route)
116 bytes from N4 icmp_seq=272 ttl=48 time=8.34 ms	(same route)
116 bytes from N4 icmp_seq=273 ttl=48 time=18.30 ms	(same route)
116 bytes from N4 icmp_seq=274 ttl=48 time=10.53 ms	(same route)
116 bytes from N4 icmp_seq=275 ttl=48 time=6.54 ms	(same route)
116 bytes from N4 icmp_seq=276 ttl=48 time=12.38 ms	(same route)
116 bytes from N4 icmp_seq=277 ttl=48 time=10.30 ms	(same route)
116 bytes from N4 icmp_seq=278 ttl=48 time=12.52 ms	(same route)
116 bytes from N4 icmp_seq=279 ttl=48 time=4.77 ms	(same route)
116 bytes from N4 icmp_seq=280 ttl=48 time=4.15 ms	(same route)
116 bytes from N4 icmp_seq=281 ttl=48 time=37.16 ms	(same route)
116 bytes from N4 icmp_seq=282 ttl=48 time=7.14 ms	(same route)
116 bytes from N4 icmp_seq=283 ttl=48 time=79.75 ms	(same route)
116 bytes from N4 icmp_seq=284 ttl=48 time=9.02 ms	(same route)
116 bytes from N4 icmp_seq=285 ttl=48 time=3.65 ms	(same route)
116 bytes from N4 icmp_seq=286 ttl=48 time=7.62 ms	(same route)
116 bytes from N4 icmp_seq=287 ttl=48 time=10.78 ms	(same route)
116 bytes from N4 icmp_seq=288 ttl=48 time=4.02 ms	(same route)
116 bytes from N4 icmp_seq=289 ttl=48 time=6.62 ms	(same route)
116 bytes from N4 icmp_seq=290 ttl=48 time=3.48 ms	(same route)
116 bytes from N4 icmp_seq=291 ttl=48 time=5.39 ms	(same route)
116 bytes from N4 icmp_seq=292 ttl=48 time=5.42 ms	(same route)
116 bytes from N4 icmp_seq=293 ttl=48 time=8.63 ms	(same route)
116 bytes from N4 icmp_seq=294 ttl=48 time=4.47 ms	(same route)
116 bytes from N4 icmp_seq=295 ttl=48 time=30.35 ms	(same route)
116 bytes from N4 icmp_seq=296 ttl=48 time=7.43 ms	(same route)
116 bytes from N4 icmp_seq=297 ttl=48 time=5.36 ms	(same route)
116 bytes from N4 icmp_seq=298 ttl=48 time=5.95 ms	(same route)
116 bytes from N4 icmp_seq=299 ttl=48 time=13.76 ms	(same route)
116 bytes from N4 icmp_seq=300 ttl=48 time=3.53 ms	(same route)
--- N4 ping statistics ---
300 packets transmitted, 300 received, 0% packet loss
rtt min/avg/max/mdev = 3.408/43.352/631.112/96.859 ms
