PING N2 (00:00:0c:18:11:02) 116(144) bytes of data
116 bytes from N2 icmp_seq=1 ttl=50 time=11.01 ms
RR: 	N1
	N2
	N2
	N1

116 bytes from N2 icmp_seq=2 ttl=50 time=1.12 ms	(same route)
116 bytes from N2 icmp_seq=3 ttl=50 time=29.19 ms	(same route)
116 bytes from N2 icmp_seq=4 ttl=50 time=1.85 ms	(same route)
116 bytes from N2 icmp_seq=5 ttl=50 time=140.56 ms	(same route)
116 bytes from N2 icmp_seq=6 ttl=50 time=1.04 ms	(same route)
116 bytes from N2 icmp_seq=7 ttl=50 time=4.22 ms	(same route)
116 bytes from N2 icmp_seq=8 ttl=50 time=1.08 ms	(same route)
116 bytes from N2 icmp_seq=9 ttl=50 time=97.27 ms	(same route)
116 bytes from N2 icmp_seq=10 ttl=50 time=49.42 ms	(same route)
116 bytes from N2 icmp_seq=11 ttl=50 time=364.72 ms	(same route)
116 bytes from N2 icmp_seq=12 ttl=50 time=559.54 ms	(same route)
116 bytes from N2 icmp_seq=13 ttl=50 time=18.17 ms	(same route)
116 bytes from N2 icmp_seq=14 ttl=50 time=14.01 ms	(same route)
116 bytes from N2 icmp_seq=15 ttl=50 time=30.43 ms	(same route)
116 bytes from N2 icmp_seq=16 ttl=50 time=2.17 ms	(same route)
116 bytes from N2 icmp_seq=17 ttl=50 time=1.20 ms	(same route)
116 bytes from N2 icmp_seq=18 ttl=50 time=14.96 ms	(same route)
116 bytes from N2 icmp_seq=19 ttl=50 time=1.17 ms	(same route)
116 bytes from N2 icmp_seq=20 ttl=50 time=4.27 ms	(same route)
116 bytes from N2 icmp_seq=21 ttl=50 time=1.08 ms	(same route)
116 bytes from N2 icmp_seq=22 ttl=50 time=1.09 ms	(same route)
116 bytes from N2 icmp_seq=23 ttl=50 time=1.84 ms	(same route)
116 bytes from N2 icmp_seq=24 ttl=50 time=4.05 ms	(same route)
116 bytes from N2 icmp_seq=25 ttl=50 time=2.91 ms	(same route)
116 bytes from N2 icmp_seq=26 ttl=50 time=5.48 ms	(same route)
116 bytes from N2 icmp_seq=27 ttl=50 time=3.32 ms	(same route)
116 bytes from N2 icmp_seq=28 ttl=50 time=33.42 ms	(same route)
116 bytes from N2 icmp_seq=29 ttl=50 time=1.10 ms	(same route)
116 bytes from N2 icmp_seq=30 ttl=50 time=119.31 ms	(same route)
116 bytes from N2 icmp_seq=31 ttl=50 time=407.36 ms	(same route)
116 bytes from N2 icmp_seq=32 ttl=50 time=1.73 ms	(same route)
116 bytes from N2 icmp_seq=33 ttl=50 time=1.12 ms	(same route)
116 bytes from N2 icmp_seq=34 ttl=50 time=1.08 ms	(same route)
116 bytes from N2 icmp_seq=35 ttl=50 time=1.10 ms	(same route)
116 bytes from N2 icmp_seq=36 ttl=50 time=1.14 ms	(same route)
116 bytes from N2 icmp_seq=37 ttl=50 time=10.82 ms	(same route)
116 bytes from N2 icmp_seq=38 ttl=50 time=1.05 ms	(same route)
116 bytes from N2 icmp_seq=39 ttl=50 time=1.19 ms	(same route)
116 bytes from N2 icmp_seq=40 ttl=50 time=67.71 ms	(same route)
116 bytes from N2 icmp_seq=41 ttl=50 time=1.10 ms	(same route)
116 bytes from N2 icmp_seq=42 ttl=50 time=1.12 ms	(same route)
116 bytes from N2 icmp_seq=43 ttl=50 time=2.53 ms	(same route)
116 bytes from N2 icmp_seq=44 ttl=50 time=1.13 ms	(same route)
116 bytes from N2 icmp_seq=45 ttl=50 time=1.11 ms	(same route)
116 bytes from N2 icmp_seq=46 ttl=50 time=19.06 ms	(same route)
116 bytes from N2 icmp_seq=47 ttl=50 time=1.09 ms	(same route)
116 bytes from N2 icmp_seq=48 ttl=50 time=1.09 ms	(same route)
116 bytes from N2 icmp_seq=49 ttl=50 time=9.80 ms	(same route)
116 bytes from N2 icmp_seq=50 ttl=50 time=7.98 ms	(same route)
116 bytes from N2 icmp_seq=51 ttl=50 time=161.47 ms	(same route)
116 bytes from N2 icmp_seq=52 ttl=50 time=46.67 ms	(same route)
116 bytes from N2 icmp_seq=53 ttl=50 time=1.11 ms	(same route)
116 bytes from N2 icmp_seq=54 ttl=50 time=1.11 ms	(same route)
116 bytes from N2 icmp_seq=55 ttl=50 time=1.12 ms	(same route)
116 bytes from N2 icmp_seq=56 ttl=50 time=2.60 ms	(same route)
116 bytes from N2 icmp_seq=57 ttl=50 time=1.12 ms	(same route)
116 bytes from N2 icmp_seq=58 ttl=50 time=2.04 ms	(same route)
116 bytes from N2 icmp_seq=59 ttl=50 time=2.99 ms	(same route)
116 bytes from N2 icmp_seq=60 ttl=50 time=1.10 ms	(same route)
116 bytes from N2 icmp_seq=61 ttl=50 time=306.93 ms	(same route)
116 bytes from N2 icmp_seq=62 ttl=50 time=742.44 ms	(same route)
116 bytes from N2 icmp_seq=63 ttl=50 time=3.25 ms	(same route)
116 bytes from N2 icmp_seq=64 ttl=50 time=7.02 ms	(same route)
116 bytes from N2 icmp_seq=65 ttl=50 time=30.50 ms	(same route)
116 bytes from N2 icmp_seq=66 ttl=50 time=11.98 ms	(same route)
116 bytes from N2 icmp_seq=67 ttl=50 time=2.53 ms	(same route)
116 bytes from N2 icmp_seq=68 ttl=50 time=5.00 ms	(same route)
116 bytes from N2 icmp_seq=69 ttl=50 time=7.22 ms	(same route)
116 bytes from N2 icmp_seq=70 ttl=50 time=1.09 ms	(same route)
116 bytes from N2 icmp_seq=71 ttl=50 time=255.19 ms	(same route)
116 bytes from N2 icmp_seq=72 ttl=50 time=7.75 ms	(same route)
116 bytes from N2 icmp_seq=73 ttl=50 time=3.76 ms	(same route)
116 bytes from N2 icmp_seq=74 ttl=50 time=1.09 ms	(same route)
116 bytes from N2 icmp_seq=75 ttl=50 time=9.45 ms	(same route)
116 bytes from N2 icmp_seq=76 ttl=50 time=1.56 ms	(same route)
116 bytes from N2 icmp_seq=77 ttl=50 time=1.12 ms	(same route)
116 bytes from N2 icmp_seq=78 ttl=50 time=1.62 ms	(same route)
116 bytes from N2 icmp_seq=79 ttl=50 time=7.45 ms	(same route)
116 bytes from N2 icmp_seq=80 ttl=50 time=7.45 ms	(same route)
116 bytes from N2 icmp_seq=81 ttl=50 time=7.30 ms	(same route)
116 bytes from N2 icmp_seq=82 ttl=50 time=4.09 ms	(same route)
116 bytes from N2 icmp_seq=83 ttl=50 time=1.07 ms	(same route)
116 bytes from N2 icmp_seq=84 ttl=50 time=1.17 ms	(same route)
116 bytes from N2 icmp_seq=85 ttl=50 time=10.51 ms	(same route)
116 bytes from N2 icmp_seq=86 ttl=50 time=1.13 ms	(same route)
116 bytes from N2 icmp_seq=87 ttl=50 time=8.97 ms	(same route)
116 bytes from N2 icmp_seq=88 ttl=50 time=237.15 ms	(same route)
116 bytes from N2 icmp_seq=89 ttl=50 time=1.11 ms	(same route)
116 bytes from N2 icmp_seq=90 ttl=50 time=1.09 ms	(same route)
116 bytes from N2 icmp_seq=91 ttl=50 time=0.81 ms	(same route)
116 bytes from N2 icmp_seq=92 ttl=50 time=1.07 ms	(same route)
116 bytes from N2 icmp_seq=93 ttl=50 time=1.05 ms	(same route)
116 bytes from N2 icmp_seq=94 ttl=50 time=211.42 ms	(same route)
116 bytes from N2 icmp_seq=95 ttl=50 time=1.06 ms	(same route)
116 bytes from N2 icmp_seq=96 ttl=50 time=1.25 ms	(same route)
116 bytes from N2 icmp_seq=97 ttl=50 time=254.56 ms	(same route)
116 bytes from N2 icmp_seq=98 ttl=50 time=6.18 ms	(same route)
116 bytes from N2 icmp_seq=99 ttl=50 time=2.89 ms	(same route)
116 bytes from N2 icmp_seq=100 ttl=50 time=5.21 ms	(same route)
116 bytes from N2 icmp_seq=101 ttl=50 time=3.47 ms	(same route)
116 bytes from N2 icmp_seq=102 ttl=50 time=2.28 ms	(same route)
Reply from host N2 timed out
116 bytes from N2 icmp_seq=104 ttl=50 time=3.25 ms	(same route)
116 bytes from N2 icmp_seq=105 ttl=50 time=4.35 ms	(same route)
116 bytes from N2 icmp_seq=106 ttl=50 time=8.18 ms	(same route)
116 bytes from N2 icmp_seq=107 ttl=50 time=448.72 ms	(same route)
116 bytes from N2 icmp_seq=108 ttl=50 time=3.24 ms	(same route)
116 bytes from N2 icmp_seq=109 ttl=50 time=3.76 ms	(same route)
116 bytes from N2 icmp_seq=110 ttl=50 time=948.11 ms	(same route)
116 bytes from N2 icmp_seq=111 ttl=50 time=132.68 ms	(same route)
116 bytes from N2 icmp_seq=112 ttl=50 time=6.30 ms	(same route)
116 bytes from N2 icmp_seq=113 ttl=50 time=45.29 ms	(same route)
116 bytes from N2 icmp_seq=114 ttl=50 time=13.68 ms	(same route)
116 bytes from N2 icmp_seq=115 ttl=50 time=162.16 ms	(same route)
116 bytes from N2 icmp_seq=116 ttl=50 time=416.04 ms	(same route)
116 bytes from N2 icmp_seq=117 ttl=50 time=62.86 ms	(same route)
116 bytes from N2 icmp_seq=118 ttl=50 time=1.88 ms	(same route)
116 bytes from N2 icmp_seq=119 ttl=50 time=2.69 ms	(same route)
116 bytes from N2 icmp_seq=120 ttl=50 time=10.38 ms	(same route)
Reply from host N2 timed out
Reply from host N2 timed out
116 bytes from N2 icmp_seq=123 ttl=50 time=41.63 ms	(same route)
116 bytes from N2 icmp_seq=124 ttl=50 time=904.87 ms	(same route)
116 bytes from N2 icmp_seq=125 ttl=50 time=0.08 ms	(same route)
116 bytes from N2 icmp_seq=126 ttl=50 time=622.25 ms	(same route)
116 bytes from N2 icmp_seq=127 ttl=50 time=350.00 ms	(same route)
116 bytes from N2 icmp_seq=128 ttl=50 time=3.67 ms	(same route)
116 bytes from N2 icmp_seq=129 ttl=50 time=4.35 ms	(same route)
116 bytes from N2 icmp_seq=130 ttl=50 time=3.68 ms	(same route)
116 bytes from N2 icmp_seq=131 ttl=50 time=766.82 ms	(same route)
116 bytes from N2 icmp_seq=132 ttl=50 time=1.12 ms	(same route)
116 bytes from N2 icmp_seq=133 ttl=50 time=128.41 ms	(same route)
116 bytes from N2 icmp_seq=134 ttl=50 time=87.94 ms	(same route)
116 bytes from N2 icmp_seq=135 ttl=50 time=6.33 ms	(same route)
116 bytes from N2 icmp_seq=136 ttl=50 time=4.25 ms	(same route)
Reply from host N2 timed out
116 bytes from N2 icmp_seq=138 ttl=50 time=14.35 ms	(same route)
116 bytes from N2 icmp_seq=139 ttl=50 time=38.95 ms	(same route)
116 bytes from N2 icmp_seq=140 ttl=50 time=1.05 ms	(same route)
116 bytes from N2 icmp_seq=141 ttl=50 time=4.63 ms	(same route)
116 bytes from N2 icmp_seq=142 ttl=50 time=1.08 ms	(same route)
116 bytes from N2 icmp_seq=143 ttl=50 time=73.77 ms	(same route)
116 bytes from N2 icmp_seq=144 ttl=50 time=30.71 ms	(same route)
116 bytes from N2 icmp_seq=145 ttl=50 time=22.85 ms	(same route)
116 bytes from N2 icmp_seq=146 ttl=50 time=2.05 ms	(same route)
116 bytes from N2 icmp_seq=147 ttl=50 time=72.11 ms	(same route)
116 bytes from N2 icmp_seq=148 ttl=50 time=78.31 ms	(same route)
116 bytes from N2 icmp_seq=149 ttl=50 time=15.63 ms	(same route)
116 bytes from N2 icmp_seq=150 ttl=50 time=6.40 ms	(same route)
116 bytes from N2 icmp_seq=151 ttl=50 time=520.61 ms	(same route)
116 bytes from N2 icmp_seq=152 ttl=50 time=21.55 ms	(same route)
116 bytes from N2 icmp_seq=153 ttl=50 time=725.00 ms	(same route)
116 bytes from N2 icmp_seq=154 ttl=50 time=5.73 ms	(same route)
116 bytes from N2 icmp_seq=155 ttl=50 time=1.10 ms	(same route)
116 bytes from N2 icmp_seq=156 ttl=50 time=1.09 ms	(same route)
116 bytes from N2 icmp_seq=157 ttl=50 time=892.14 ms	(same route)
116 bytes from N2 icmp_seq=158 ttl=50 time=24.50 ms	(same route)
116 bytes from N2 icmp_seq=159 ttl=50 time=1.11 ms	(same route)
Reply from host N2 timed out
Reply from host N2 timed out
116 bytes from N2 icmp_seq=162 ttl=50 time=17.74 ms	(same route)
116 bytes from N2 icmp_seq=163 ttl=50 time=627.48 ms	(same route)
116 bytes from N2 icmp_seq=164 ttl=50 time=6.92 ms	(same route)
116 bytes from N2 icmp_seq=165 ttl=50 time=2.01 ms	(same route)
116 bytes from N2 icmp_seq=166 ttl=50 time=2.55 ms	(same route)
116 bytes from N2 icmp_seq=167 ttl=50 time=1.68 ms	(same route)
116 bytes from N2 icmp_seq=168 ttl=50 time=6.47 ms	(same route)
116 bytes from N2 icmp_seq=169 ttl=50 time=1.03 ms	(same route)
116 bytes from N2 icmp_seq=170 ttl=50 time=1.12 ms	(same route)
116 bytes from N2 icmp_seq=171 ttl=50 time=1.12 ms	(same route)
116 bytes from N2 icmp_seq=172 ttl=50 time=276.38 ms	(same route)
116 bytes from N2 icmp_seq=173 ttl=50 time=1.13 ms	(same route)
116 bytes from N2 icmp_seq=174 ttl=50 time=1.11 ms	(same route)
116 bytes from N2 icmp_seq=175 ttl=50 time=5.64 ms	(same route)
116 bytes from N2 icmp_seq=176 ttl=50 time=3.86 ms	(same route)
116 bytes from N2 icmp_seq=177 ttl=50 time=1.09 ms	(same route)
116 bytes from N2 icmp_seq=178 ttl=50 time=8.34 ms	(same route)
116 bytes from N2 icmp_seq=179 ttl=50 time=1.32 ms	(same route)
116 bytes from N2 icmp_seq=180 ttl=50 time=5.72 ms	(same route)
116 bytes from N2 icmp_seq=181 ttl=50 time=1.09 ms	(same route)
116 bytes from N2 icmp_seq=182 ttl=50 time=1.10 ms	(same route)
116 bytes from N2 icmp_seq=183 ttl=50 time=1.14 ms	(same route)
116 bytes from N2 icmp_seq=184 ttl=50 time=1.04 ms	(same route)
116 bytes from N2 icmp_seq=185 ttl=50 time=4.23 ms	(same route)
116 bytes from N2 icmp_seq=186 ttl=50 time=1.19 ms	(same route)
116 bytes from N2 icmp_seq=187 ttl=50 time=2.22 ms	(same route)
116 bytes from N2 icmp_seq=188 ttl=50 time=11.03 ms	(same route)
116 bytes from N2 icmp_seq=189 ttl=50 time=4.43 ms	(same route)
116 bytes from N2 icmp_seq=190 ttl=50 time=1.09 ms	(same route)
116 bytes from N2 icmp_seq=191 ttl=50 time=1.09 ms	(same route)
116 bytes from N2 icmp_seq=192 ttl=50 time=1.06 ms	(same route)
116 bytes from N2 icmp_seq=193 ttl=50 time=1.18 ms	(same route)
116 bytes from N2 icmp_seq=194 ttl=50 time=4.17 ms	(same route)
116 bytes from N2 icmp_seq=195 ttl=50 time=1.07 ms	(same route)
116 bytes from N2 icmp_seq=196 ttl=50 time=3.49 ms	(same route)
116 bytes from N2 icmp_seq=197 ttl=50 time=1.21 ms	(same route)
116 bytes from N2 icmp_seq=198 ttl=50 time=8.72 ms	(same route)
116 bytes from N2 icmp_seq=199 ttl=50 time=74.83 ms	(same route)
116 bytes from N2 icmp_seq=200 ttl=50 time=212.50 ms	(same route)
116 bytes from N2 icmp_seq=201 ttl=50 time=1.10 ms	(same route)
116 bytes from N2 icmp_seq=202 ttl=50 time=3.82 ms	(same route)
116 bytes from N2 icmp_seq=203 ttl=50 time=1.04 ms	(same route)
116 bytes from N2 icmp_seq=204 ttl=50 time=5.36 ms	(same route)
116 bytes from N2 icmp_seq=205 ttl=50 time=207.75 ms	(same route)
116 bytes from N2 icmp_seq=206 ttl=50 time=4.20 ms	(same route)
116 bytes from N2 icmp_seq=207 ttl=50 time=1.10 ms	(same route)
116 bytes from N2 icmp_seq=208 ttl=50 time=2.24 ms	(same route)
116 bytes from N2 icmp_seq=209 ttl=50 time=1.08 ms	(same route)
116 bytes from N2 icmp_seq=210 ttl=50 time=1.06 ms	(same route)
116 bytes from N2 icmp_seq=211 ttl=50 time=4.99 ms	(same route)
116 bytes from N2 icmp_seq=212 ttl=50 time=1.10 ms	(same route)
116 bytes from N2 icmp_seq=213 ttl=50 time=0.35 ms	(same route)
116 bytes from N2 icmp_seq=214 ttl=50 time=1.10 ms	(same route)
116 bytes from N2 icmp_seq=215 ttl=50 time=5.46 ms	(same route)
116 bytes from N2 icmp_seq=216 ttl=50 time=1.11 ms	(same route)
116 bytes from N2 icmp_seq=217 ttl=50 time=1.07 ms	(same route)
116 bytes from N2 icmp_seq=218 ttl=50 time=2.68 ms	(same route)
116 bytes from N2 icmp_seq=219 ttl=50 time=1.08 ms	(same route)
116 bytes from N2 icmp_seq=220 ttl=50 time=3.66 ms	(same route)
116 bytes from N2 icmp_seq=221 ttl=50 time=23.42 ms	(same route)
116 bytes from N2 icmp_seq=222 ttl=50 time=2.21 ms	(same route)
116 bytes from N2 icmp_seq=223 ttl=50 time=1.11 ms	(same route)
116 bytes from N2 icmp_seq=224 ttl=50 time=1.11 ms	(same route)
116 bytes from N2 icmp_seq=225 ttl=50 time=59.10 ms	(same route)
116 bytes from N2 icmp_seq=226 ttl=50 time=5.32 ms	(same route)
116 bytes from N2 icmp_seq=227 ttl=50 time=25.94 ms	(same route)
116 bytes from N2 icmp_seq=228 ttl=50 time=11.57 ms	(same route)
116 bytes from N2 icmp_seq=229 ttl=50 time=2.16 ms	(same route)
116 bytes from N2 icmp_seq=230 ttl=50 time=1.04 ms	(same route)
116 bytes from N2 icmp_seq=231 ttl=50 time=1.07 ms	(same route)
116 bytes from N2 icmp_seq=232 ttl=50 time=4.13 ms	(same route)
116 bytes from N2 icmp_seq=233 ttl=50 time=1.27 ms	(same route)
116 bytes from N2 icmp_seq=234 ttl=50 time=1.17 ms	(same route)
116 bytes from N2 icmp_seq=235 ttl=50 time=1.09 ms	(same route)
116 bytes from N2 icmp_seq=236 ttl=50 time=1.06 ms	(same route)
116 bytes from N2 icmp_seq=237 ttl=50 time=1.09 ms	(same route)
116 bytes from N2 icmp_seq=238 ttl=50 time=1.28 ms	(same route)
116 bytes from N2 icmp_seq=239 ttl=50 time=7.15 ms	(same route)
116 bytes from N2 icmp_seq=240 ttl=50 time=2.69 ms	(same route)
116 bytes from N2 icmp_seq=241 ttl=50 time=4.20 ms	(same route)
116 bytes from N2 icmp_seq=242 ttl=50 time=1.11 ms	(same route)
116 bytes from N2 icmp_seq=243 ttl=50 time=4.97 ms	(same route)
116 bytes from N2 icmp_seq=244 ttl=50 time=10.06 ms	(same route)
116 bytes from N2 icmp_seq=245 ttl=50 time=1.21 ms	(same route)
116 bytes from N2 icmp_seq=246 ttl=50 time=1.10 ms	(same route)
116 bytes from N2 icmp_seq=247 ttl=50 time=1.16 ms	(same route)
116 bytes from N2 icmp_seq=248 ttl=50 time=1.11 ms	(same route)
116 bytes from N2 icmp_seq=249 ttl=50 time=1.10 ms	(same route)
116 bytes from N2 icmp_seq=250 ttl=50 time=1.11 ms	(same route)
116 bytes from N2 icmp_seq=251 ttl=50 time=1.91 ms	(same route)
116 bytes from N2 icmp_seq=252 ttl=50 time=5.65 ms	(same route)
116 bytes from N2 icmp_seq=253 ttl=50 time=2.46 ms	(same route)
116 bytes from N2 icmp_seq=254 ttl=50 time=33.75 ms	(same route)
116 bytes from N2 icmp_seq=255 ttl=50 time=2.81 ms	(same route)
116 bytes from N2 icmp_seq=256 ttl=50 time=1.12 ms	(same route)
116 bytes from N2 icmp_seq=257 ttl=50 time=1.09 ms	(same route)
116 bytes from N2 icmp_seq=258 ttl=50 time=0.78 ms	(same route)
116 bytes from N2 icmp_seq=259 ttl=50 time=3.76 ms	(same route)
116 bytes from N2 icmp_seq=260 ttl=50 time=1.21 ms	(same route)
116 bytes from N2 icmp_seq=261 ttl=50 time=6.60 ms	(same route)
116 bytes from N2 icmp_seq=262 ttl=50 time=1.80 ms	(same route)
116 bytes from N2 icmp_seq=263 ttl=50 time=1.69 ms	(same route)
116 bytes from N2 icmp_seq=264 ttl=50 time=1.12 ms	(same route)
116 bytes from N2 icmp_seq=265 ttl=50 time=5.68 ms	(same route)
116 bytes from N2 icmp_seq=266 ttl=50 time=1.16 ms	(same route)
116 bytes from N2 icmp_seq=267 ttl=50 time=1.04 ms	(same route)
116 bytes from N2 icmp_seq=268 ttl=50 time=1.12 ms	(same route)
116 bytes from N2 icmp_seq=269 ttl=50 time=23.45 ms	(same route)
116 bytes from N2 icmp_seq=270 ttl=50 time=1.11 ms	(same route)
116 bytes from N2 icmp_seq=271 ttl=50 time=1.07 ms	(same route)
116 bytes from N2 icmp_seq=272 ttl=50 time=2.99 ms	(same route)
116 bytes from N2 icmp_seq=273 ttl=50 time=6.52 ms	(same route)
116 bytes from N2 icmp_seq=274 ttl=50 time=5.63 ms	(same route)
116 bytes from N2 icmp_seq=275 ttl=50 time=1.11 ms	(same route)
116 bytes from N2 icmp_seq=276 ttl=50 time=1.12 ms	(same route)
116 bytes from N2 icmp_seq=277 ttl=50 time=1.09 ms	(same route)
116 bytes from N2 icmp_seq=278 ttl=50 time=1.10 ms	(same route)
116 bytes from N2 icmp_seq=279 ttl=50 time=35.32 ms	(same route)
116 bytes from N2 icmp_seq=280 ttl=50 time=1.17 ms	(same route)
116 bytes from N2 icmp_seq=281 ttl=50 time=0.68 ms	(same route)
116 bytes from N2 icmp_seq=282 ttl=50 time=1.19 ms	(same route)
116 bytes from N2 icmp_seq=283 ttl=50 time=1.06 ms	(same route)
116 bytes from N2 icmp_seq=284 ttl=50 time=1.08 ms	(same route)
116 bytes from N2 icmp_seq=285 ttl=50 time=8.48 ms	(same route)
116 bytes from N2 icmp_seq=286 ttl=50 time=1.90 ms	(same route)
116 bytes from N2 icmp_seq=287 ttl=50 time=10.46 ms	(same route)
116 bytes from N2 icmp_seq=288 ttl=50 time=1.17 ms	(same route)
116 bytes from N2 icmp_seq=289 ttl=50 time=1.09 ms	(same route)
116 bytes from N2 icmp_seq=290 ttl=50 time=2.61 ms	(same route)
116 bytes from N2 icmp_seq=291 ttl=50 time=1.05 ms	(same route)
116 bytes from N2 icmp_seq=292 ttl=50 time=10.92 ms	(same route)
116 bytes from N2 icmp_seq=293 ttl=50 time=1.13 ms	(same route)
116 bytes from N2 icmp_seq=294 ttl=50 time=5.50 ms	(same route)
116 bytes from N2 icmp_seq=295 ttl=50 time=6.07 ms	(same route)
116 bytes from N2 icmp_seq=296 ttl=50 time=8.56 ms	(same route)
116 bytes from N2 icmp_seq=297 ttl=50 time=2.81 ms	(same route)
116 bytes from N2 icmp_seq=298 ttl=50 time=1.39 ms	(same route)
116 bytes from N2 icmp_seq=299 ttl=50 time=12.47 ms	(same route)
116 bytes from N2 icmp_seq=300 ttl=50 time=6.52 ms	(same route)
--- N2 ping statistics ---
305 packets transmitted, 294 received, 3% packet loss
rtt min/avg/max/mdev = 0.078/48.307/948.111/146.869 ms
