PING N1 (00:00:0c:18:11:01) 116(144) bytes of data
116 bytes from N1 icmp_seq=1 ttl=50 time=5.77 ms
RR: 	N3
	N1
	N1
	N3

116 bytes from N1 icmp_seq=2 ttl=50 time=1.46 ms	(same route)
116 bytes from N1 icmp_seq=3 ttl=50 time=1.45 ms	(same route)
116 bytes from N1 icmp_seq=4 ttl=50 time=1.39 ms	(same route)
116 bytes from N1 icmp_seq=5 ttl=50 time=2.09 ms	(same route)
116 bytes from N1 icmp_seq=6 ttl=50 time=2.67 ms	(same route)
116 bytes from N1 icmp_seq=7 ttl=50 time=1.29 ms	(same route)
116 bytes from N1 icmp_seq=8 ttl=50 time=1.43 ms	(same route)
116 bytes from N1 icmp_seq=9 ttl=50 time=4.11 ms	(same route)
116 bytes from N1 icmp_seq=10 ttl=50 time=345.07 ms	(same route)
116 bytes from N1 icmp_seq=11 ttl=50 time=470.04 ms	(same route)
116 bytes from N1 icmp_seq=12 ttl=50 time=723.50 ms	(same route)
116 bytes from N1 icmp_seq=13 ttl=50 time=34.85 ms	(same route)
116 bytes from N1 icmp_seq=14 ttl=50 time=4.54 ms	(same route)
116 bytes from N1 icmp_seq=15 ttl=50 time=43.40 ms	(same route)
116 bytes from N1 icmp_seq=16 ttl=50 time=248.74 ms	(same route)
116 bytes from N1 icmp_seq=17 ttl=50 time=536.54 ms	(same route)
116 bytes from N1 icmp_seq=18 ttl=50 time=2.00 ms	(same route)
116 bytes from N1 icmp_seq=19 ttl=50 time=1.43 ms	(same route)
116 bytes from N1 icmp_seq=20 ttl=50 time=3.50 ms	(same route)
116 bytes from N1 icmp_seq=21 ttl=50 time=1.43 ms	(same route)
116 bytes from N1 icmp_seq=22 ttl=50 time=1.29 ms	(same route)
116 bytes from N1 icmp_seq=23 ttl=50 time=1.32 ms	(same route)
116 bytes from N1 icmp_seq=24 ttl=50 time=2.77 ms	(same route)
116 bytes from N1 icmp_seq=25 ttl=50 time=2.18 ms	(same route)
116 bytes from N1 icmp_seq=26 ttl=50 time=1.34 ms	(same route)
116 bytes from N1 icmp_seq=27 ttl=50 time=371.11 ms	(same route)
116 bytes from N1 icmp_seq=28 ttl=50 time=1.33 ms	(same route)
116 bytes from N1 icmp_seq=29 ttl=50 time=7.44 ms	(same route)
116 bytes from N1 icmp_seq=30 ttl=50 time=1.31 ms	(same route)
116 bytes from N1 icmp_seq=31 ttl=50 time=1.31 ms	(same route)
116 bytes from N1 icmp_seq=32 ttl=50 time=2.55 ms	(same route)
116 bytes from N1 icmp_seq=33 ttl=50 time=1.34 ms	(same route)
116 bytes from N1 icmp_seq=34 ttl=50 time=5.72 ms	(same route)
116 bytes from N1 icmp_seq=35 ttl=50 time=1.33 ms	(same route)
116 bytes from N1 icmp_seq=36 ttl=49 time=5.91 ms
RR: 	N3
	N1
	N1
	N2
	N3

116 bytes from N1 icmp_seq=37 ttl=49 time=1.69 ms	(same route)
116 bytes from N1 icmp_seq=38 ttl=49 time=8.41 ms	(same route)
116 bytes from N1 icmp_seq=39 ttl=49 time=47.24 ms	(same route)
116 bytes from N1 icmp_seq=40 ttl=49 time=2.49 ms	(same route)
116 bytes from N1 icmp_seq=41 ttl=49 time=40.12 ms	(same route)
116 bytes from N1 icmp_seq=42 ttl=49 time=8.79 ms	(same route)
116 bytes from N1 icmp_seq=43 ttl=49 time=14.84 ms	(same route)
116 bytes from N1 icmp_seq=44 ttl=49 time=1.79 ms	(same route)
116 bytes from N1 icmp_seq=45 ttl=49 time=2.21 ms	(same route)
116 bytes from N1 icmp_seq=46 ttl=49 time=2.26 ms	(same route)
116 bytes from N1 icmp_seq=47 ttl=49 time=385.49 ms	(same route)
116 bytes from N1 icmp_seq=48 ttl=49 time=746.89 ms	(same route)
116 bytes from N1 icmp_seq=49 ttl=49 time=1.95 ms	(same route)
116 bytes from N1 icmp_seq=50 ttl=49 time=41.98 ms	(same route)
116 bytes from N1 icmp_seq=51 ttl=49 time=8.75 ms	(same route)
116 bytes from N1 icmp_seq=52 ttl=49 time=4.51 ms	(same route)
116 bytes from N1 icmp_seq=53 ttl=49 time=3.78 ms	(same route)
116 bytes from N1 icmp_seq=54 ttl=49 time=1.90 ms	(same route)
116 bytes from N1 icmp_seq=55 ttl=49 time=1.77 ms	(same route)
116 bytes from N1 icmp_seq=56 ttl=49 time=4.22 ms	(same route)
116 bytes from N1 icmp_seq=57 ttl=49 time=1.76 ms	(same route)
116 bytes from N1 icmp_seq=58 ttl=49 time=6.77 ms	(same route)
116 bytes from N1 icmp_seq=59 ttl=49 time=17.54 ms	(same route)
116 bytes from N1 icmp_seq=60 ttl=49 time=4.75 ms	(same route)
116 bytes from N1 icmp_seq=61 ttl=50 time=1.34 ms
RR: 	N3
	N1
	N1
	N3

116 bytes from N1 icmp_seq=62 ttl=50 time=5.86 ms	(same route)
116 bytes from N1 icmp_seq=63 ttl=50 time=1.35 ms	(same route)
116 bytes from N1 icmp_seq=64 ttl=50 time=8.46 ms	(same route)
116 bytes from N1 icmp_seq=65 ttl=50 time=32.66 ms
RR: 	N3
	N2
	N1
	N1
	N3

116 bytes from N1 icmp_seq=66 ttl=50 time=3.88 ms	(same route)
116 bytes from N1 icmp_seq=67 ttl=50 time=3.92 ms	(same route)
116 bytes from N1 icmp_seq=68 ttl=50 time=4.56 ms	(same route)
116 bytes from N1 icmp_seq=69 ttl=50 time=4.43 ms	(same route)
116 bytes from N1 icmp_seq=70 ttl=50 time=4.66 ms	(same route)
116 bytes from N1 icmp_seq=71 ttl=50 time=4.32 ms	(same route)
116 bytes from N1 icmp_seq=72 ttl=50 time=540.89 ms	(same route)
116 bytes from N1 icmp_seq=73 ttl=50 time=86.17 ms	(same route)
116 bytes from N1 icmp_seq=74 ttl=50 time=4.95 ms	(same route)
116 bytes from N1 icmp_seq=75 ttl=50 time=13.77 ms	(same route)
116 bytes from N1 icmp_seq=76 ttl=50 time=4.65 ms	(same route)
116 bytes from N1 icmp_seq=77 ttl=50 time=18.74 ms	(same route)
116 bytes from N1 icmp_seq=78 ttl=50 time=5.30 ms	(same route)
116 bytes from N1 icmp_seq=79 ttl=50 time=1.67 ms	(same route)
116 bytes from N1 icmp_seq=80 ttl=50 time=1.78 ms	(same route)
116 bytes from N1 icmp_seq=81 ttl=50 time=4.83 ms	(same route)
116 bytes from N1 icmp_seq=82 ttl=50 time=3.42 ms	(same route)
116 bytes from N1 icmp_seq=83 ttl=50 time=3.67 ms	(same route)
116 bytes from N1 icmp_seq=84 ttl=50 time=14.55 ms	(same route)
116 bytes from N1 icmp_seq=85 ttl=50 time=23.83 ms	(same route)
116 bytes from N1 icmp_seq=86 ttl=50 time=4.98 ms	(same route)
116 bytes from N1 icmp_seq=87 ttl=50 time=5.44 ms	(same route)
116 bytes from N1 icmp_seq=88 ttl=50 time=5.57 ms	(same route)
116 bytes from N1 icmp_seq=89 ttl=50 time=7.19 ms	(same route)
116 bytes from N1 icmp_seq=90 ttl=50 time=3.18 ms	(same route)
116 bytes from N1 icmp_seq=91 ttl=50 time=9.28 ms	(same route)
116 bytes from N1 icmp_seq=92 ttl=50 time=3.84 ms	(same route)
116 bytes from N1 icmp_seq=93 ttl=50 time=4.59 ms	(same route)
116 bytes from N1 icmp_seq=94 ttl=50 time=9.74 ms	(same route)
116 bytes from N1 icmp_seq=95 ttl=50 time=17.39 ms	(same route)
116 bytes from N1 icmp_seq=96 ttl=50 time=4.80 ms	(same route)
116 bytes from N1 icmp_seq=97 ttl=50 time=47.32 ms	(same route)
116 bytes from N1 icmp_seq=98 ttl=50 time=76.14 ms	(same route)
116 bytes from N1 icmp_seq=99 ttl=50 time=1.80 ms	(same route)
116 bytes from N1 icmp_seq=100 ttl=50 time=4.34 ms	(same route)
116 bytes from N1 icmp_seq=101 ttl=50 time=7.81 ms	(same route)
116 bytes from N1 icmp_seq=102 ttl=50 time=1.89 ms	(same route)
116 bytes from N1 icmp_seq=103 ttl=50 time=4.93 ms	(same route)
116 bytes from N1 icmp_seq=104 ttl=50 time=3.51 ms	(same route)
116 bytes from N1 icmp_seq=105 ttl=50 time=321.87 ms	(same route)
116 bytes from N1 icmp_seq=106 ttl=50 time=1.75 ms	(same route)
116 bytes from N1 icmp_seq=107 ttl=50 time=4.92 ms	(same route)
116 bytes from N1 icmp_seq=108 ttl=50 time=747.65 ms	(same route)
116 bytes from N1 icmp_seq=109 ttl=50 time=14.95 ms	(same route)
116 bytes from N1 icmp_seq=110 ttl=50 time=5.07 ms	(same route)
Reply from host N1 timed out
116 bytes from N1 icmp_seq=112 ttl=50 time=313.06 ms	(same route)
116 bytes from N1 icmp_seq=113 ttl=50 time=1.89 ms	(same route)
116 bytes from N1 icmp_seq=114 ttl=50 time=2.02 ms	(same route)
116 bytes from N1 icmp_seq=115 ttl=50 time=210.49 ms	(same route)
116 bytes from N1 icmp_seq=116 ttl=50 time=454.22 ms	(same route)
116 bytes from N1 icmp_seq=117 ttl=50 time=4.96 ms	(same route)
116 bytes from N1 icmp_seq=118 ttl=50 time=12.54 ms	(same route)
116 bytes from N1 icmp_seq=119 ttl=50 time=1.80 ms	(same route)
116 bytes from N1 icmp_seq=120 ttl=50 time=16.88 ms	(same route)
116 bytes from N1 icmp_seq=121 ttl=50 time=12.13 ms	(same route)
116 bytes from N1 icmp_seq=122 ttl=50 time=29.41 ms	(same route)
Reply from host N1 timed out
116 bytes from N1 icmp_seq=124 ttl=50 time=460.68 ms	(same route)
116 bytes from N1 icmp_seq=125 ttl=50 time=1.98 ms	(same route)
116 bytes from N1 icmp_seq=126 ttl=50 time=211.70 ms	(same route)
116 bytes from N1 icmp_seq=127 ttl=50 time=54.21 ms	(same route)
116 bytes from N1 icmp_seq=128 ttl=50 time=108.30 ms	(same route)
116 bytes from N1 icmp_seq=129 ttl=50 time=19.74 ms	(same route)
116 bytes from N1 icmp_seq=130 ttl=50 time=1.74 ms	(same route)
116 bytes from N1 icmp_seq=131 ttl=50 time=54.12 ms	(same route)
116 bytes from N1 icmp_seq=132 ttl=50 time=6.25 ms	(same route)
116 bytes from N1 icmp_seq=133 ttl=50 time=306.24 ms	(same route)
116 bytes from N1 icmp_seq=134 ttl=50 time=436.80 ms	(same route)
116 bytes from N1 icmp_seq=135 ttl=50 time=77.32 ms	(same route)
116 bytes from N1 icmp_seq=136 ttl=50 time=106.09 ms	(same route)
116 bytes from N1 icmp_seq=137 ttl=50 time=8.11 ms	(same route)
116 bytes from N1 icmp_seq=138 ttl=50 time=11.05 ms	(same route)
116 bytes from N1 icmp_seq=139 ttl=50 time=674.05 ms	(same route)
116 bytes from N1 icmp_seq=140 ttl=50 time=145.15 ms	(same route)
116 bytes from N1 icmp_seq=141 ttl=50 time=1.76 ms	(same route)
116 bytes from N1 icmp_seq=142 ttl=50 time=12.28 ms	(same route)
116 bytes from N1 icmp_seq=143 ttl=49 time=5.60 ms
RR: 	N3
	N2
	N1
	N1
	N2
	N3

116 bytes from N1 icmp_seq=144 ttl=49 time=22.11 ms	(same route)
116 bytes from N1 icmp_seq=145 ttl=49 time=39.55 ms	(same route)
116 bytes from N1 icmp_seq=146 ttl=49 time=89.03 ms	(same route)
116 bytes from N1 icmp_seq=147 ttl=49 time=26.60 ms	(same route)
116 bytes from N1 icmp_seq=148 ttl=49 time=2.51 ms	(same route)
116 bytes from N1 icmp_seq=149 ttl=50 time=15.77 ms
RR: 	N3
	N2
	N1
	N1
	N3

116 bytes from N1 icmp_seq=150 ttl=50 time=36.04 ms	(same route)
116 bytes from N1 icmp_seq=151 ttl=50 time=4.54 ms	(same route)
116 bytes from N1 icmp_seq=152 ttl=50 time=2.46 ms	(same route)
116 bytes from N1 icmp_seq=153 ttl=50 time=1.73 ms	(same route)
116 bytes from N1 icmp_seq=154 ttl=50 time=46.21 ms	(same route)
116 bytes from N1 icmp_seq=155 ttl=50 time=59.02 ms	(same route)
116 bytes from N1 icmp_seq=156 ttl=50 time=4.27 ms	(same route)
116 bytes from N1 icmp_seq=157 ttl=50 time=13.39 ms	(same route)
116 bytes from N1 icmp_seq=158 ttl=50 time=4.15 ms	(same route)
116 bytes from N1 icmp_seq=159 ttl=50 time=246.60 ms	(same route)
116 bytes from N1 icmp_seq=160 ttl=50 time=11.23 ms	(same route)
Reply from host N1 timed out
Reply from host N1 timed out
116 bytes from N1 icmp_seq=163 ttl=50 time=653.51 ms	(same route)
116 bytes from N1 icmp_seq=164 ttl=50 time=932.03 ms	(same route)
116 bytes from N1 icmp_seq=165 ttl=50 time=16.46 ms	(same route)
116 bytes from N1 icmp_seq=166 ttl=50 time=1.98 ms	(same route)
116 bytes from N1 icmp_seq=167 ttl=50 time=1.79 ms	(same route)
116 bytes from N1 icmp_seq=168 ttl=50 time=2.56 ms	(same route)
116 bytes from N1 icmp_seq=169 ttl=50 time=5.69 ms	(same route)
116 bytes from N1 icmp_seq=170 ttl=50 time=9.81 ms	(same route)
116 bytes from N1 icmp_seq=171 ttl=50 time=5.84 ms	(same route)
116 bytes from N1 icmp_seq=172 ttl=50 time=1.97 ms	(same route)
116 bytes from N1 icmp_seq=173 ttl=50 time=15.80 ms	(same route)
116 bytes from N1 icmp_seq=174 ttl=50 time=1.87 ms	(same route)
116 bytes from N1 icmp_seq=175 ttl=50 time=10.82 ms	(same route)
116 bytes from N1 icmp_seq=176 ttl=50 time=2.93 ms	(same route)
116 bytes from N1 icmp_seq=177 ttl=50 time=1.75 ms	(same route)
116 bytes from N1 icmp_seq=178 ttl=50 time=10.61 ms	(same route)
116 bytes from N1 icmp_seq=179 ttl=50 time=9.09 ms	(same route)
116 bytes from N1 icmp_seq=180 ttl=50 time=15.88 ms	(same route)
116 bytes from N1 icmp_seq=181 ttl=50 time=6.51 ms	(same route)
116 bytes from N1 icmp_seq=182 ttl=50 time=8.60 ms	(same route)
116 bytes from N1 icmp_seq=183 ttl=50 time=212.08 ms	(same route)
116 bytes from N1 icmp_seq=184 ttl=50 time=4.46 ms	(same route)
116 bytes from N1 icmp_seq=185 ttl=50 time=17.32 ms	(same route)
116 bytes from N1 icmp_seq=186 ttl=50 time=94.75 ms	(same route)
116 bytes from N1 icmp_seq=187 ttl=50 time=5.22 ms	(same route)
116 bytes from N1 icmp_seq=188 ttl=49 time=14.48 ms
RR: 	N3
	N1
	N1
	N2
	N3

116 bytes from N1 icmp_seq=189 ttl=49 time=1.72 ms	(same route)
116 bytes from N1 icmp_seq=190 ttl=49 time=3.31 ms	(same route)
116 bytes from N1 icmp_seq=191 ttl=49 time=4.40 ms	(same route)
116 bytes from N1 icmp_seq=192 ttl=49 time=7.45 ms	(same route)
116 bytes from N1 icmp_seq=193 ttl=49 time=8.10 ms	(same route)
116 bytes from N1 icmp_seq=194 ttl=49 time=27.75 ms	(same route)
116 bytes from N1 icmp_seq=195 ttl=49 time=1.72 ms	(same route)
116 bytes from N1 icmp_seq=196 ttl=49 time=6.09 ms	(same route)
116 bytes from N1 icmp_seq=197 ttl=49 time=1.73 ms	(same route)
116 bytes from N1 icmp_seq=198 ttl=49 time=2.34 ms	(same route)
116 bytes from N1 icmp_seq=199 ttl=49 time=1.76 ms	(same route)
116 bytes from N1 icmp_seq=200 ttl=49 time=82.65 ms	(same route)
116 bytes from N1 icmp_seq=201 ttl=49 time=345.74 ms	(same route)
116 bytes from N1 icmp_seq=202 ttl=49 time=4.05 ms	(same route)
116 bytes from N1 icmp_seq=203 ttl=49 time=2.89 ms	(same route)
116 bytes from N1 icmp_seq=204 ttl=49 time=30.85 ms	(same route)
116 bytes from N1 icmp_seq=205 ttl=49 time=1.89 ms	(same route)
116 bytes from N1 icmp_seq=206 ttl=49 time=5.99 ms	(same route)
116 bytes from N1 icmp_seq=207 ttl=49 time=7.51 ms	(same route)
116 bytes from N1 icmp_seq=208 ttl=49 time=2.83 ms	(same route)
116 bytes from N1 icmp_seq=209 ttl=49 time=10.10 ms	(same route)
116 bytes from N1 icmp_seq=210 ttl=49 time=2.49 ms	(same route)
116 bytes from N1 icmp_seq=211 ttl=49 time=1.84 ms	(same route)
116 bytes from N1 icmp_seq=212 ttl=49 time=4.08 ms	(same route)
116 bytes from N1 icmp_seq=213 ttl=49 time=531.29 ms	(same route)
116 bytes from N1 icmp_seq=214 ttl=49 time=21.72 ms	(same route)
116 bytes from N1 icmp_seq=215 ttl=49 time=9.96 ms
RR: 	N3
	N2
	N1
	N1
	N2
	N3

116 bytes from N1 icmp_seq=216 ttl=49 time=3.24 ms	(same route)
116 bytes from N1 icmp_seq=217 ttl=49 time=2.36 ms	(same route)
116 bytes from N1 icmp_seq=218 ttl=49 time=21.96 ms	(same route)
116 bytes from N1 icmp_seq=219 ttl=49 time=5.89 ms	(same route)
116 bytes from N1 icmp_seq=220 ttl=49 time=8.61 ms	(same route)
116 bytes from N1 icmp_seq=221 ttl=49 time=9.12 ms	(same route)
116 bytes from N1 icmp_seq=222 ttl=49 time=5.44 ms	(same route)
116 bytes from N1 icmp_seq=223 ttl=49 time=6.20 ms	(same route)
116 bytes from N1 icmp_seq=224 ttl=49 time=9.38 ms	(same route)
116 bytes from N1 icmp_seq=225 ttl=49 time=5.22 ms	(same route)
116 bytes from N1 icmp_seq=226 ttl=49 time=4.85 ms	(same route)
116 bytes from N1 icmp_seq=227 ttl=49 time=2.17 ms	(same route)
116 bytes from N1 icmp_seq=228 ttl=49 time=2.63 ms	(same route)
116 bytes from N1 icmp_seq=229 ttl=49 time=5.94 ms	(same route)
116 bytes from N1 icmp_seq=230 ttl=49 time=3.70 ms	(same route)
116 bytes from N1 icmp_seq=231 ttl=49 time=4.51 ms	(same route)
116 bytes from N1 icmp_seq=232 ttl=49 time=2.70 ms	(same route)
116 bytes from N1 icmp_seq=233 ttl=49 time=5.08 ms	(same route)
116 bytes from N1 icmp_seq=234 ttl=49 time=7.60 ms	(same route)
116 bytes from N1 icmp_seq=235 ttl=49 time=17.53 ms	(same route)
116 bytes from N1 icmp_seq=236 ttl=49 time=14.19 ms	(same route)
116 bytes from N1 icmp_seq=237 ttl=49 time=41.80 ms	(same route)
116 bytes from N1 icmp_seq=238 ttl=49 time=2.67 ms	(same route)
116 bytes from N1 icmp_seq=239 ttl=49 time=2.60 ms	(same route)
116 bytes from N1 icmp_seq=240 ttl=49 time=9.10 ms	(same route)
116 bytes from N1 icmp_seq=241 ttl=49 time=3.48 ms
RR: 	N3
	N1
	N1
	N2
	N3

116 bytes from N1 icmp_seq=242 ttl=49 time=6.01 ms	(same route)
116 bytes from N1 icmp_seq=243 ttl=49 time=328.67 ms	(same route)
116 bytes from N1 icmp_seq=244 ttl=49 time=1.75 ms	(same route)
116 bytes from N1 icmp_seq=245 ttl=49 time=1.77 ms	(same route)
116 bytes from N1 icmp_seq=246 ttl=49 time=10.29 ms	(same route)
116 bytes from N1 icmp_seq=247 ttl=49 time=1.78 ms	(same route)
116 bytes from N1 icmp_seq=248 ttl=49 time=374.57 ms	(same route)
116 bytes from N1 icmp_seq=249 ttl=49 time=1.80 ms	(same route)
116 bytes from N1 icmp_seq=250 ttl=49 time=31.12 ms	(same route)
116 bytes from N1 icmp_seq=251 ttl=49 time=6.44 ms	(same route)
116 bytes from N1 icmp_seq=252 ttl=49 time=17.82 ms	(same route)
116 bytes from N1 icmp_seq=253 ttl=49 time=177.13 ms	(same route)
116 bytes from N1 icmp_seq=254 ttl=49 time=11.52 ms	(same route)
116 bytes from N1 icmp_seq=255 ttl=49 time=9.05 ms	(same route)
116 bytes from N1 icmp_seq=256 ttl=49 time=1.90 ms	(same route)
116 bytes from N1 icmp_seq=257 ttl=49 time=6.69 ms	(same route)
116 bytes from N1 icmp_seq=258 ttl=49 time=83.17 ms	(same route)
116 bytes from N1 icmp_seq=259 ttl=49 time=1.88 ms	(same route)
116 bytes from N1 icmp_seq=260 ttl=49 time=1.87 ms	(same route)
116 bytes from N1 icmp_seq=261 ttl=49 time=8.17 ms	(same route)
116 bytes from N1 icmp_seq=262 ttl=49 time=1.86 ms	(same route)
116 bytes from N1 icmp_seq=263 ttl=49 time=435.78 ms	(same route)
116 bytes from N1 icmp_seq=264 ttl=49 time=2.85 ms	(same route)
116 bytes from N1 icmp_seq=265 ttl=49 time=30.39 ms	(same route)
116 bytes from N1 icmp_seq=266 ttl=49 time=12.76 ms	(same route)
116 bytes from N1 icmp_seq=267 ttl=49 time=6.21 ms	(same route)
116 bytes from N1 icmp_seq=268 ttl=49 time=252.63 ms	(same route)
116 bytes from N1 icmp_seq=269 ttl=49 time=4.94 ms
RR: 	N3
	N2
	N1
	N1
	N2
	N3

116 bytes from N1 icmp_seq=270 ttl=49 time=3.02 ms	(same route)
116 bytes from N1 icmp_seq=271 ttl=49 time=3.66 ms	(same route)
116 bytes from N1 icmp_seq=272 ttl=49 time=2.19 ms	(same route)
116 bytes from N1 icmp_seq=273 ttl=49 time=13.18 ms	(same route)
116 bytes from N1 icmp_seq=274 ttl=49 time=2.75 ms	(same route)
116 bytes from N1 icmp_seq=275 ttl=49 time=5.77 ms	(same route)
116 bytes from N1 icmp_seq=276 ttl=49 time=2.48 ms	(same route)
116 bytes from N1 icmp_seq=277 ttl=49 time=5.64 ms	(same route)
116 bytes from N1 icmp_seq=278 ttl=49 time=3.11 ms	(same route)
116 bytes from N1 icmp_seq=279 ttl=49 time=4.46 ms	(same route)
116 bytes from N1 icmp_seq=280 ttl=49 time=5.86 ms	(same route)
116 bytes from N1 icmp_seq=281 ttl=49 time=6.19 ms	(same route)
116 bytes from N1 icmp_seq=282 ttl=49 time=61.91 ms	(same route)
116 bytes from N1 icmp_seq=283 ttl=49 time=3.63 ms	(same route)
116 bytes from N1 icmp_seq=284 ttl=49 time=3.65 ms	(same route)
116 bytes from N1 icmp_seq=285 ttl=49 time=4.16 ms	(same route)
116 bytes from N1 icmp_seq=286 ttl=49 time=2.34 ms	(same route)
116 bytes from N1 icmp_seq=287 ttl=49 time=3.49 ms	(same route)
116 bytes from N1 icmp_seq=288 ttl=49 time=3.65 ms	(same route)
116 bytes from N1 icmp_seq=289 ttl=49 time=50.30 ms	(same route)
116 bytes from N1 icmp_seq=290 ttl=49 time=2.21 ms	(same route)
116 bytes from N1 icmp_seq=291 ttl=49 time=14.80 ms	(same route)
116 bytes from N1 icmp_seq=292 ttl=49 time=4.73 ms	(same route)
116 bytes from N1 icmp_seq=293 ttl=49 time=50.32 ms	(same route)
116 bytes from N1 icmp_seq=294 ttl=49 time=44.02 ms	(same route)
116 bytes from N1 icmp_seq=295 ttl=49 time=8.36 ms	(same route)
116 bytes from N1 icmp_seq=296 ttl=49 time=15.85 ms	(same route)
116 bytes from N1 icmp_seq=297 ttl=49 time=2.28 ms	(same route)
116 bytes from N1 icmp_seq=298 ttl=49 time=5.79 ms	(same route)
116 bytes from N1 icmp_seq=299 ttl=49 time=2.57 ms	(same route)
116 bytes from N1 icmp_seq=300 ttl=50 time=1.81 ms
RR: 	N3
	N2
	N1
	N1
	N3

--- N1 ping statistics ---
303 packets transmitted, 296 received, 2% packet loss
rtt min/avg/max/mdev = 1.292/55.058/932.031/141.755 ms
