1 1 N5 N1 0 0.640 0
1 2 N5 N5 14 0.640 0
1 3 N5 N2 166 0.640 1
1 4 N1 N5 11 0.210 0
1 5 N1 N2 169 0.210 0
1 6 N1 N1 185 0.210 1
1 7 N2 N5 14 0.370 0
1 8 N2 N1 158 0.370 0
1 9 N2 N2 199 0.370 1
1 10 N4 N5 8 0.110 0
1 11 N4 N1 0 0.110 0
1 12 N4 N4 236 0.110 1
2 1 N5 N1 0 0.250 0
2 2 N5 N5 15 0.250 0
2 3 N5 N2 165 0.250 1
2 4 N1 N5 11 0.320 0
2 5 N1 N2 169 0.320 0
2 6 N1 N1 181 0.320 1
2 7 N2 N5 14 0.050 0
2 8 N2 N1 154 0.050 0
2 9 N2 N2 197 0.050 1
2 10 N4 N5 7 0.240 0
2 11 N4 N1 0 0.240 0
2 12 N4 N4 233 0.240 1
3 1 N5 N1 0 0.330 0
3 2 N5 N5 15 0.330 0
3 3 N5 N2 163 0.330 1
3 4 N1 N5 11 0.380 0
3 5 N1 N2 168 0.380 0
3 6 N1 N1 178 0.380 1
3 7 N2 N5 14 0.100 0
3 8 N2 N1 153 0.100 0
3 9 N2 N2 194 0.100 1
3 10 N4 N5 7 1.330 0
3 11 N4 N1 0 1.330 0
3 12 N4 N4 233 1.330 1
4 1 N5 N1 0 0.370 0
4 2 N5 N5 15 0.370 0
4 3 N5 N2 161 0.370 1
4 4 N1 N5 11 0.420 0
4 5 N1 N2 167 0.420 0
4 6 N1 N1 177 0.420 1
4 7 N2 N5 14 0.170 0
4 8 N2 N1 152 0.170 0
4 9 N2 N2 192 0.170 1
4 10 N4 N5 7 0.420 0
4 11 N4 N1 0 0.420 0
4 12 N4 N4 229 0.420 1
5 1 N5 N1 0 0.060 0
5 2 N5 N5 15 0.060 0
5 3 N5 N2 160 0.060 1
5 4 N1 N5 11 0.460 0
5 5 N1 N2 166 0.460 0
5 6 N1 N1 177 0.460 1
5 7 N2 N5 14 0.090 0
5 8 N2 N1 151 0.090 0
5 9 N2 N2 190 0.090 1
5 10 N4 N5 7 0.130 0
5 11 N4 N1 0 0.130 0
5 12 N4 N4 225 0.130 1
6 1 N5 N1 0 0.510 0
6 2 N5 N5 15 0.510 0
6 3 N5 N2 157 0.510 1
6 4 N1 N5 12 0.610 0
6 5 N1 N2 164 0.610 0
6 6 N1 N1 177 0.610 1
6 7 N2 N5 14 0.010 0
6 8 N2 N1 154 0.010 0
6 9 N2 N2 189 0.010 1
6 10 N4 N5 7 0.030 0
6 11 N4 N1 0 0.030 0
6 12 N4 N4 223 0.030 1
7 1 N5 N1 0 0.050 0
7 2 N5 N5 13 0.050 0
7 3 N5 N2 155 0.050 1
7 4 N1 N5 12 0.140 0
7 5 N1 N2 163 0.140 0
7 6 N1 N1 177 0.140 1
7 7 N2 N5 10 0.220 0
7 8 N2 N1 154 0.220 0
7 9 N2 N2 188 0.220 1
7 10 N4 N5 7 0.110 0
7 11 N4 N1 0 0.110 0
7 12 N4 N4 219 0.110 1
8 1 N5 N1 0 0.130 0
8 2 N5 N5 12 0.130 0
8 3 N5 N2 153 0.130 1
8 4 N1 N5 12 0.080 0
8 5 N1 N2 163 0.080 0
8 6 N1 N1 176 0.080 1
8 7 N2 N5 10 0.320 0
8 8 N2 N1 153 0.320 0
8 9 N2 N2 188 0.320 1
8 10 N4 N5 5 0.140 0
8 11 N4 N1 0 0.140 0
8 12 N4 N4 215 0.140 1
9 1 N5 N1 0 0.200 0
9 2 N5 N5 12 0.200 0
9 3 N5 N2 155 0.200 1
9 4 N1 N5 9 0.180 0
9 5 N1 N2 164 0.180 0
9 6 N1 N1 178 0.180 1
9 7 N2 N5 9 0.350 0
9 8 N2 N1 154 0.350 0
9 9 N2 N2 188 0.350 1
9 10 N4 N5 5 0.200 0
9 11 N4 N1 0 0.200 0
9 12 N4 N4 214 0.200 1
10 1 N5 N1 0 0.280 0
10 2 N5 N5 11 0.280 0
10 3 N5 N2 156 0.280 1
10 4 N1 N5 9 0.240 0
10 5 N1 N2 168 0.240 0
10 6 N1 N1 180 0.240 1
10 7 N2 N5 9 0.050 0
10 8 N2 N1 154 0.050 0
10 9 N2 N2 188 0.050 1
10 10 N4 N5 5 0.270 0
10 11 N4 N1 0 0.270 0
10 12 N4 N4 213 0.270 1
11 1 N5 N1 0 0.350 0
11 2 N5 N5 10 0.350 0
11 3 N5 N2 156 0.350 1
11 4 N1 N5 9 0.330 0
11 5 N1 N2 170 0.330 0
11 6 N1 N1 180 0.330 1
11 7 N2 N5 8 0.120 0
11 8 N2 N1 152 0.120 0
11 9 N2 N2 187 0.120 1
11 10 N4 N5 5 0.320 0
11 11 N4 N1 0 0.320 0
11 12 N4 N4 212 0.320 1
12 1 N5 N1 0 0.540 0
12 2 N5 N5 9 0.540 0
12 3 N5 N2 157 0.540 1
12 4 N1 N5 7 0.070 0
12 5 N1 N2 168 0.070 0
12 6 N1 N1 181 0.070 1
12 7 N2 N5 8 0.310 0
12 8 N2 N1 152 0.310 0
12 9 N2 N2 187 0.310 1
12 10 N4 N5 5 0.880 0
12 11 N4 N1 0 0.880 0
12 12 N4 N4 212 0.880 1
13 1 N5 N1 0 0.510 0
13 2 N5 N5 9 0.510 0
13 3 N5 N2 157 0.510 1
13 4 N1 N5 7 0.080 0
13 5 N1 N2 167 0.080 0
13 6 N1 N1 181 0.080 1
13 7 N2 N5 6 0.140 0
13 8 N2 N1 152 0.140 0
13 9 N2 N2 188 0.140 1
13 10 N4 N5 5 0.470 0
13 11 N4 N1 0 0.470 0
13 12 N4 N4 212 0.470 1
14 1 N5 N1 0 0.040 0
14 2 N5 N5 7 0.040 0
14 3 N5 N2 158 0.040 1
14 4 N1 N5 5 0.070 0
14 5 N1 N2 165 0.070 0
14 6 N1 N1 181 0.070 1
14 7 N2 N5 6 0.210 0
14 8 N2 N1 151 0.210 0
14 9 N2 N2 188 0.210 1
14 10 N4 N5 5 0.020 0
14 11 N4 N1 0 0.020 0
14 12 N4 N4 211 0.020 1
15 1 N5 N1 0 0.130 0
15 2 N5 N5 7 0.130 0
15 3 N5 N2 158 0.130 1
15 4 N1 N5 5 0.220 0
15 5 N1 N2 165 0.220 0
15 6 N1 N1 180 0.220 1
15 7 N2 N5 6 0.390 0
15 8 N2 N1 150 0.390 0
15 9 N2 N2 189 0.390 1
15 10 N4 N5 5 0.050 0
15 11 N4 N1 0 0.050 0
15 12 N4 N4 211 0.050 1
16 1 N5 N1 0 0.190 0
16 2 N5 N5 7 0.190 0
16 3 N5 N2 160 0.190 1
16 4 N1 N5 5 0.260 0
16 5 N1 N2 167 0.260 0
16 6 N1 N1 180 0.260 1
16 7 N2 N5 6 0.360 0
16 8 N2 N1 149 0.360 0
16 9 N2 N2 191 0.360 1
16 10 N4 N5 3 0.110 0
16 11 N4 N1 0 0.110 0
16 12 N4 N4 210 0.110 1
17 1 N5 N1 0 0.310 0
17 2 N5 N5 7 0.310 0
17 3 N5 N2 161 0.310 1
17 4 N1 N5 5 0.270 0
17 5 N1 N2 167 0.270 0
17 6 N1 N1 180 0.270 1
17 7 N2 N5 6 0.080 0
17 8 N2 N1 148 0.080 0
17 9 N2 N2 192 0.080 1
17 10 N4 N5 3 0.750 0
17 11 N4 N1 0 0.750 0
17 12 N4 N4 210 0.750 1
18 1 N5 N1 0 0.380 0
18 2 N5 N5 7 0.380 0
18 3 N5 N2 161 0.380 1
18 4 N1 N5 5 0.340 0
18 5 N1 N2 167 0.340 0
18 6 N1 N1 178 0.340 1
18 7 N2 N5 6 0.120 0
18 8 N2 N1 147 0.120 0
18 9 N2 N2 192 0.120 1
18 10 N4 N5 3 0.290 0
18 11 N4 N1 0 0.290 0
18 12 N4 N4 209 0.290 1
19 1 N5 N1 0 0.440 0
19 2 N5 N5 7 0.440 0
19 3 N5 N2 160 0.440 1
19 4 N1 N5 5 0.430 0
19 5 N1 N2 165 0.430 0
19 6 N1 N1 177 0.430 1
19 7 N2 N5 6 0.040 0
19 8 N2 N1 143 0.040 0
19 9 N2 N2 192 0.040 1
19 10 N4 N5 3 0.340 0
19 11 N4 N1 0 0.340 0
19 12 N4 N4 208 0.340 1
20 1 N5 N1 0 0.520 0
20 2 N5 N5 7 0.520 0
20 3 N5 N2 159 0.520 1
20 4 N1 N5 5 0.100 0
20 5 N1 N2 161 0.100 0
20 6 N1 N1 175 0.100 1
20 7 N2 N5 6 0.080 0
20 8 N2 N1 140 0.080 0
20 9 N2 N2 190 0.080 1
20 10 N4 N5 3 1.430 0
20 11 N4 N1 0 1.430 0
20 12 N4 N4 208 1.430 1
21 1 N5 N1 0 0.050 0
21 2 N5 N5 7 0.050 0
21 3 N5 N2 158 0.050 1
21 4 N1 N5 5 0.040 0
21 5 N1 N2 159 0.040 0
21 6 N1 N1 172 0.040 1
21 7 N2 N5 6 0.110 0
21 8 N2 N1 137 0.110 0
21 9 N2 N2 189 0.110 1
21 10 N4 N5 2 0.160 0
21 11 N4 N1 0 0.160 0
21 12 N4 N4 207 0.160 1
22 1 N5 N1 0 0.130 0
22 2 N5 N5 7 0.130 0
22 3 N5 N2 155 0.130 1
22 4 N1 N5 5 0.090 0
22 5 N1 N2 158 0.090 0
22 6 N1 N1 171 0.090 1
22 7 N2 N5 6 0.170 0
22 8 N2 N1 136 0.170 0
22 9 N2 N2 189 0.170 1
22 10 N4 N5 2 0.480 0
22 11 N4 N1 0 0.480 0
22 12 N4 N4 206 0.480 1
23 1 N5 N1 0 0.180 0
23 2 N5 N5 7 0.180 0
23 3 N5 N2 150 0.180 1
23 4 N1 N5 5 0.290 0
23 5 N1 N2 157 0.290 0
23 6 N1 N1 171 0.290 1
23 7 N2 N5 6 0.240 0
23 8 N2 N1 139 0.240 0
23 9 N2 N2 187 0.240 1
23 10 N4 N5 2 0.290 0
23 11 N4 N1 0 0.290 0
23 12 N4 N4 204 0.290 1
24 1 N5 N1 0 0.370 0
24 2 N5 N5 7 0.370 0
24 3 N5 N2 150 0.370 1
24 4 N1 N5 5 0.140 0
24 5 N1 N2 159 0.140 0
24 6 N1 N1 172 0.140 1
24 7 N2 N5 6 0.300 0
24 8 N2 N1 141 0.300 0
24 9 N2 N2 185 0.300 1
24 10 N4 N5 2 0.100 0
24 11 N4 N1 0 0.100 0
24 12 N4 N4 202 0.100 1
25 1 N5 N1 0 0.310 0
25 2 N5 N5 7 0.310 0
25 3 N5 N2 150 0.310 1
25 4 N1 N5 5 0.340 0
25 5 N1 N2 161 0.340 0
25 6 N1 N1 173 0.340 1
25 7 N2 N5 6 0.360 0
25 8 N2 N1 144 0.360 0
25 9 N2 N2 185 0.360 1
25 10 N4 N5 2 0.670 0
25 11 N4 N1 0 0.670 0
25 12 N4 N4 201 0.670 1
26 1 N5 N1 0 0.400 0
26 2 N5 N5 7 0.400 0
26 3 N5 N2 150 0.400 1
26 4 N1 N5 5 0.250 0
26 5 N1 N2 161 0.250 0
26 6 N1 N1 176 0.250 1
26 7 N2 N5 6 0.020 0
26 8 N2 N1 152 0.020 0
26 9 N2 N2 185 0.020 1
26 10 N4 N5 2 0.230 0
26 11 N4 N1 0 0.230 0
26 12 N4 N4 200 0.230 1
27 1 N5 N1 0 0.450 0
27 2 N5 N5 7 0.450 0
27 3 N5 N2 150 0.450 1
27 4 N1 N5 5 0.030 0
27 5 N1 N2 162 0.030 0
27 6 N1 N1 183 0.030 1
27 7 N2 N5 6 0.090 0
27 8 N2 N1 156 0.090 0
27 9 N2 N2 186 0.090 1
27 10 N4 N5 2 0.320 0
27 11 N4 N1 0 0.320 0
27 12 N4 N4 200 0.320 1
28 1 N5 N1 0 0.500 0
28 2 N5 N5 7 0.500 0
28 3 N5 N2 150 0.500 1
28 4 N1 N5 5 0.120 0
28 5 N1 N2 162 0.120 0
28 6 N1 N1 186 0.120 1
28 7 N2 N5 6 0.170 0
28 8 N2 N1 159 0.170 0
28 9 N2 N2 188 0.170 1
28 10 N4 N5 2 0.370 0
28 11 N4 N1 0 0.370 0
28 12 N4 N4 199 0.370 1
29 1 N5 N1 0 0.070 0
29 2 N5 N5 7 0.070 0
29 3 N5 N2 152 0.070 1
29 4 N1 N5 5 0.110 0
29 5 N1 N2 165 0.110 0
29 6 N1 N1 194 0.110 1
29 7 N2 N5 6 0.100 0
29 8 N2 N1 165 0.100 0
29 9 N2 N2 189 0.100 1
29 10 N4 N5 2 0.420 0
29 11 N4 N1 0 0.420 0
29 12 N4 N4 199 0.420 1
30 1 N5 N1 0 0.640 0
30 2 N5 N5 7 0.640 0
30 3 N5 N2 152 0.640 1
30 4 N1 N5 5 0.520 0
30 5 N1 N2 166 0.520 0
30 6 N1 N1 197 0.520 1
30 7 N2 N5 6 0.190 0
30 8 N2 N1 167 0.190 0
30 9 N2 N2 191 0.190 1
30 10 N4 N5 2 0.450 0
30 11 N4 N1 0 0.450 0
30 12 N4 N4 200 0.450 1
31 1 N5 N1 0 0.680 0
31 2 N5 N5 7 0.680 0
31 3 N5 N2 153 0.680 1
31 4 N1 N5 5 0.200 0
31 5 N1 N2 169 0.200 0
31 6 N1 N1 203 0.200 1
31 7 N2 N5 0 0.360 0
31 8 N2 N1 168 0.360 0
31 9 N2 N2 191 0.360 1
31 10 N4 N5 2 0.020 0
31 11 N4 N1 0 0.020 0
31 12 N4 N4 202 0.020 1
32 1 N5 N1 0 0.250 0
32 2 N5 N5 7 0.250 0
32 3 N5 N2 154 0.250 1
32 4 N1 N5 0 0.280 0
32 5 N1 N2 168 0.280 0
32 6 N1 N1 205 0.280 1
32 7 N2 N5 0 0.320 0
32 8 N2 N1 168 0.320 0
32 9 N2 N2 190 0.320 1
32 10 N4 N5 2 0.120 0
32 11 N4 N1 0 0.120 0
32 12 N4 N4 204 0.120 1
33 1 N5 N1 0 0.270 0
33 2 N5 N5 7 0.270 0
33 3 N5 N2 155 0.270 1
33 4 N1 N5 0 0.460 0
33 5 N1 N2 166 0.460 0
33 6 N1 N1 207 0.460 1
33 7 N2 N5 0 0.370 0
33 8 N2 N1 167 0.370 0
33 9 N2 N2 191 0.370 1
33 10 N4 N5 0 0.180 0
33 11 N4 N1 0 0.180 0
33 12 N4 N4 206 0.180 1
34 1 N5 N1 0 0.330 0
34 2 N5 N5 0 0.330 0
34 3 N5 N2 156 0.330 1
34 4 N1 N5 0 0.370 0
34 5 N1 N2 165 0.370 0
34 6 N1 N1 205 0.370 1
34 7 N2 N5 0 0.020 0
34 8 N2 N1 165 0.020 0
34 9 N2 N2 192 0.020 1
34 10 N4 N5 0 0.770 0
34 11 N4 N1 0 0.770 0
34 12 N4 N4 206 0.770 1
35 1 N5 N1 0 0.410 0
35 2 N5 N5 0 0.410 0
35 3 N5 N2 157 0.410 1
35 4 N1 N5 0 0.080 0
35 5 N1 N2 163 0.080 0
35 6 N1 N1 202 0.080 1
35 7 N2 N5 0 0.120 0
35 8 N2 N1 163 0.120 0
35 9 N2 N2 191 0.120 1
35 10 N4 N5 0 0.080 0
35 11 N4 N1 91 0.080 0
35 12 N4 N4 207 0.080 1
36 1 N5 N1 0 1.500 0
36 2 N5 N5 0 1.500 0
36 3 N5 N2 157 1.500 1
36 4 N1 N5 0 0.050 0
36 5 N1 N2 161 0.050 0
36 6 N1 N1 200 0.050 1
36 7 N2 N5 0 0.090 0
36 8 N2 N1 161 0.090 0
36 9 N2 N2 190 0.090 1
36 10 N4 N5 0 0.400 0
36 11 N4 N1 91 0.400 0
36 12 N4 N4 207 0.400 1
37 1 N5 N1 0 0.030 0
37 2 N5 N5 0 0.030 0
37 3 N5 N2 159 0.030 1
37 4 N1 N5 0 0.130 0
37 5 N1 N2 160 0.130 0
37 6 N1 N1 199 0.130 1
37 7 N2 N5 0 0.150 0
37 8 N2 N1 159 0.150 0
37 9 N2 N2 188 0.150 1
37 10 N4 N5 0 0.970 0
37 11 N4 N1 91 0.970 0
37 12 N4 N4 206 0.970 1
38 1 N5 N1 0 0.590 0
38 2 N5 N5 0 0.590 0
38 3 N5 N2 160 0.590 1
38 4 N1 N5 0 0.160 0
38 5 N1 N2 158 0.160 0
38 6 N1 N1 198 0.160 1
38 7 N2 N5 0 0.210 0
38 8 N2 N1 158 0.210 0
38 9 N2 N2 187 0.210 1
38 10 N4 N5 0 0.040 0
38 11 N4 N1 91 0.040 0
38 12 N4 N4 208 0.040 1
39 1 N5 N1 0 0.680 0
39 2 N5 N5 0 0.680 0
39 3 N5 N2 160 0.680 1
39 4 N1 N5 0 0.210 0
39 5 N1 N2 155 0.210 0
39 6 N1 N1 194 0.210 1
39 7 N2 N5 0 0.300 0
39 8 N2 N1 157 0.300 0
39 9 N2 N2 186 0.300 1
39 10 N4 N5 0 0.130 0
39 11 N4 N1 91 0.130 0
39 12 N4 N4 209 0.130 1
40 1 N5 N1 0 0.250 0
40 2 N5 N5 0 0.250 0
40 3 N5 N2 159 0.250 1
40 4 N1 N5 0 0.280 0
40 5 N1 N2 155 0.280 0
40 6 N1 N1 189 0.280 1
40 7 N2 N5 0 0.400 0
40 8 N2 N1 156 0.400 0
40 9 N2 N2 185 0.400 1
40 10 N4 N5 0 0.190 0
40 11 N4 N1 91 0.190 0
40 12 N4 N4 210 0.190 1
41 1 N5 N1 0 0.310 0
41 2 N5 N5 0 0.310 0
41 3 N5 N2 159 0.310 1
41 4 N1 N5 0 0.470 0
41 5 N1 N2 154 0.470 0
41 6 N1 N1 188 0.470 1
41 7 N2 N5 0 0.460 0
41 8 N2 N1 157 0.460 0
41 9 N2 N2 185 0.460 1
41 10 N4 N5 0 0.220 0
41 11 N4 N1 93 0.220 0
41 12 N4 N4 212 0.220 1
42 1 N5 N1 0 0.360 0
42 2 N5 N5 0 0.360 0
42 3 N5 N2 160 0.360 1
42 4 N1 N5 0 0.400 0
42 5 N1 N2 157 0.400 0
42 6 N1 N1 188 0.400 1
42 7 N2 N5 0 0.040 0
42 8 N2 N1 158 0.040 0
42 9 N2 N2 185 0.040 1
42 10 N4 N5 0 0.280 0
42 11 N4 N1 95 0.280 0
42 12 N4 N4 214 0.280 1
43 1 N5 N1 0 0.420 0
43 2 N5 N5 0 0.420 0
43 3 N5 N2 160 0.420 1
43 4 N1 N5 0 0.070 0
43 5 N1 N2 160 0.070 0
43 6 N1 N1 188 0.070 1
43 7 N2 N5 0 0.100 0
43 8 N2 N1 158 0.100 0
43 9 N2 N2 187 0.100 1
43 10 N4 N5 0 0.070 0
43 11 N4 N1 95 0.070 0
43 12 N4 N4 217 0.070 1
44 1 N5 N1 0 0.510 0
44 2 N5 N5 0 0.510 0
44 3 N5 N2 160 0.510 1
44 4 N1 N5 0 0.120 0
44 5 N1 N2 166 0.120 0
44 6 N1 N1 188 0.120 1
44 7 N2 N5 0 0.170 0
44 8 N2 N1 158 0.170 0
44 9 N2 N2 188 0.170 1
44 10 N4 N5 0 0.120 0
44 11 N4 N1 97 0.120 0
44 12 N4 N4 220 0.120 1
45 1 N5 N1 0 0.570 0
45 2 N5 N5 0 0.570 0
45 3 N5 N2 159 0.570 1
45 4 N1 N5 0 0.080 0
45 5 N1 N2 167 0.080 0
45 6 N1 N1 187 0.080 1
45 7 N2 N5 0 0.210 0
45 8 N2 N1 157 0.210 0
45 9 N2 N2 187 0.210 1
45 10 N4 N5 0 0.480 0
45 11 N4 N1 97 0.480 0
45 12 N4 N4 221 0.480 1
46 1 N5 N1 0 0.130 0
46 2 N5 N5 0 0.130 0
46 3 N5 N2 158 0.130 1
46 4 N1 N5 0 0.160 0
46 5 N1 N2 164 0.160 0
46 6 N1 N1 185 0.160 1
46 7 N2 N5 0 0.270 0
46 8 N2 N1 155 0.270 0
46 9 N2 N2 187 0.270 1
46 10 N4 N5 0 0.040 0
46 11 N4 N1 97 0.040 0
46 12 N4 N4 224 0.040 1
47 1 N5 N1 0 0.210 0
47 2 N5 N5 0 0.210 0
47 3 N5 N2 157 0.210 1
47 4 N1 N5 0 0.240 0
47 5 N1 N2 163 0.240 0
47 6 N1 N1 185 0.240 1
47 7 N2 N5 0 0.350 0
47 8 N2 N1 153 0.350 0
47 9 N2 N2 188 0.350 1
47 10 N4 N5 0 0.110 0
47 11 N4 N1 96 0.110 0
47 12 N4 N4 228 0.110 1
48 1 N5 N1 0 0.310 0
48 2 N5 N5 0 0.310 0
48 3 N5 N2 158 0.310 1
48 4 N1 N5 0 0.300 0
48 5 N1 N2 164 0.300 0
48 6 N1 N1 184 0.300 1
48 7 N2 N5 0 0.030 0
48 8 N2 N1 152 0.030 0
48 9 N2 N2 189 0.030 1
48 10 N4 N5 0 0.500 0
48 11 N4 N1 95 0.500 0
48 12 N4 N4 231 0.500 1
49 1 N5 N1 0 0.340 0
49 2 N5 N5 0 0.340 0
49 3 N5 N2 159 0.340 1
49 4 N1 N5 0 0.480 0
49 5 N1 N2 165 0.480 0
49 6 N1 N1 183 0.480 1
49 7 N2 N5 0 0.100 0
49 8 N2 N1 152 0.100 0
49 9 N2 N2 191 0.100 1
49 10 N4 N5 0 0.510 0
49 11 N4 N1 96 0.510 0
49 12 N4 N4 232 0.510 1
50 1 N5 N1 0 0.430 0
50 2 N5 N5 0 0.430 0
50 3 N5 N2 160 0.430 1
50 4 N1 N5 0 0.930 0
50 5 N1 N2 166 0.930 0
50 6 N1 N1 183 0.930 1
50 7 N2 N5 0 0.080 0
50 8 N2 N1 153 0.080 0
50 9 N2 N2 191 0.080 1
50 10 N4 N5 0 0.070 0
50 11 N4 N1 95 0.070 0
50 12 N4 N4 234 0.070 1
51 1 N5 N1 0 0.470 0
51 2 N5 N5 0 0.470 0
51 3 N5 N2 160 0.470 1
51 4 N1 N5 0 0.460 0
51 5 N1 N2 169 0.460 0
51 6 N1 N1 182 0.460 1
51 7 N2 N5 0 0.110 0
51 8 N2 N1 155 0.110 0
51 9 N2 N2 191 0.110 1
51 10 N4 N5 0 0.910 0
51 11 N4 N1 95 0.910 0
51 12 N4 N4 235 0.910 1
52 1 N5 N1 0 0.550 0
52 2 N5 N5 0 0.550 0
52 3 N5 N2 161 0.550 1
52 4 N1 N5 0 0.110 0
52 5 N1 N2 171 0.110 0
52 6 N1 N1 181 0.110 1
52 7 N2 N5 0 0.180 0
52 8 N2 N1 156 0.180 0
52 9 N2 N2 191 0.180 1
52 10 N4 N5 0 0.180 0
52 11 N4 N1 95 0.180 0
52 12 N4 N4 237 0.180 1
53 1 N5 N1 0 0.130 0
53 2 N5 N5 0 0.130 0
53 3 N5 N2 164 0.130 1
53 4 N1 N5 0 0.060 0
53 5 N1 N2 177 0.060 0
53 6 N1 N1 181 0.060 1
53 7 N2 N5 0 0.290 0
53 8 N2 N1 158 0.290 0
53 9 N2 N2 194 0.290 1
53 10 N4 N5 0 0.030 0
53 11 N4 N1 96 0.030 0
53 12 N4 N4 239 0.030 1
54 1 N5 N1 0 0.190 0
54 2 N5 N5 0 0.190 0
54 3 N5 N2 168 0.190 1
54 4 N1 N5 0 0.140 0
54 5 N1 N2 181 0.140 0
54 6 N1 N1 181 0.140 1
54 7 N2 N5 0 0.350 0
54 8 N2 N1 156 0.350 0
54 9 N2 N2 199 0.350 1
54 10 N4 N5 0 0.340 0
54 11 N4 N1 94 0.340 0
54 12 N4 N4 239 0.340 1
55 1 N5 N1 0 0.270 0
55 2 N5 N5 0 0.270 0
55 3 N5 N2 173 0.270 1
55 4 N1 N5 0 0.110 0
55 5 N1 N2 185 0.110 0
55 6 N1 N1 184 0.110 1
55 7 N2 N5 0 0.030 0
55 8 N2 N1 156 0.030 0
55 9 N2 N2 208 0.030 1
55 10 N4 N5 0 0.190 0
55 11 N4 N1 93 0.190 0
55 12 N4 N4 241 0.190 1
56 1 N5 N1 0 0.340 0
56 2 N5 N5 0 0.340 0
56 3 N5 N2 177 0.340 1
56 4 N1 N5 0 0.820 0
56 5 N1 N2 187 0.820 0
56 6 N1 N1 183 0.820 1
56 7 N2 N5 0 0.510 0
56 8 N2 N1 155 0.510 0
56 9 N2 N2 210 0.510 1
56 10 N4 N5 0 0.250 0
56 11 N4 N1 93 0.250 0
56 12 N4 N4 241 0.250 1
57 1 N5 N1 0 0.380 0
57 2 N5 N5 0 0.380 0
57 3 N5 N2 181 0.380 1
57 4 N1 N5 0 0.400 0
57 5 N1 N2 190 0.400 0
57 6 N1 N1 182 0.400 1
57 7 N2 N5 0 0.570 0
57 8 N2 N1 152 0.570 0
57 9 N2 N2 211 0.570 1
57 10 N4 N5 0 0.330 0
57 11 N4 N1 87 0.330 0
57 12 N4 N4 241 0.330 1
58 1 N5 N1 0 0.460 0
58 2 N5 N5 0 0.460 0
58 3 N5 N2 183 0.460 1
58 4 N1 N5 0 0.280 0
58 5 N1 N2 190 0.280 0
58 6 N1 N1 180 0.280 1
58 7 N2 N5 0 0.130 0
58 8 N2 N1 147 0.130 0
58 9 N2 N2 213 0.130 1
58 10 N4 N5 0 0.360 0
58 11 N4 N1 84 0.360 0
58 12 N4 N4 242 0.360 1
59 1 N5 N1 0 1.030 0
59 2 N5 N5 0 1.030 0
59 3 N5 N2 183 1.030 1
59 4 N1 N5 0 0.020 0
59 5 N1 N2 188 0.020 1
59 6 N1 N1 177 0.020 0
59 7 N2 N5 0 0.150 0
59 8 N2 N1 145 0.150 0
59 9 N2 N2 215 0.150 1
59 10 N4 N5 0 0.940 0
59 11 N4 N1 84 0.940 0
59 12 N4 N4 241 0.940 1
60 1 N5 N1 0 0.590 0
60 2 N5 N5 0 0.590 0
60 3 N5 N2 184 0.590 1
60 4 N1 N5 0 0.070 0
60 5 N1 N2 183 0.070 1
60 6 N1 N1 174 0.070 0
60 7 N2 N5 0 0.300 0
60 8 N2 N1 145 0.300 0
60 9 N2 N2 215 0.300 1
60 10 N4 N5 0 0.490 0
60 11 N4 N1 83 0.490 0
60 12 N4 N4 242 0.490 1
61 1 N5 N1 0 0.170 0
61 2 N5 N5 0 0.170 0
61 3 N5 N2 184 0.170 1
61 4 N1 N5 0 0.180 0
61 5 N1 N2 181 0.180 1
61 6 N1 N1 173 0.180 0
61 7 N2 N5 0 0.380 0
61 8 N2 N1 144 0.380 0
61 9 N2 N2 213 0.380 1
61 10 N4 N5 0 0.080 0
61 11 N4 N1 81 0.080 0
61 12 N4 N4 240 0.080 1
62 1 N5 N1 0 0.230 0
62 2 N5 N5 0 0.230 0
62 3 N5 N2 183 0.230 1
62 4 N1 N5 0 0.260 0
62 5 N1 N2 178 0.260 1
62 6 N1 N1 171 0.260 0
62 7 N2 N5 0 0.050 0
62 8 N2 N1 143 0.050 0
62 9 N2 N2 212 0.050 1
62 10 N4 N5 0 0.660 0
62 11 N4 N1 81 0.660 0
62 12 N4 N4 240 0.660 1
63 1 N5 N1 0 0.320 0
63 2 N5 N5 0 0.320 0
63 3 N5 N2 182 0.320 1
63 4 N1 N5 0 0.450 0
63 5 N1 N2 178 0.450 1
63 6 N1 N1 170 0.450 0
63 7 N2 N5 0 0.130 0
63 8 N2 N1 144 0.130 0
63 9 N2 N2 210 0.130 1
63 10 N4 N5 0 0.230 0
63 11 N4 N1 76 0.230 0
63 12 N4 N4 240 0.230 1
64 1 N5 N1 0 0.370 0
64 2 N5 N5 0 0.370 0
64 3 N5 N2 180 0.370 1
64 4 N1 N5 0 0.010 0
64 5 N1 N2 179 0.010 1
64 6 N1 N1 172 0.010 0
64 7 N2 N5 0 0.190 0
64 8 N2 N1 147 0.190 0
64 9 N2 N2 208 0.190 1
64 10 N4 N5 0 0.300 0
64 11 N4 N1 76 0.300 0
64 12 N4 N4 239 0.300 1
65 1 N5 N1 0 0.460 0
65 2 N5 N5 0 0.460 0
65 3 N5 N2 179 0.460 1
65 4 N1 N5 0 0.050 0
65 5 N1 N2 181 0.050 1
65 6 N1 N1 174 0.050 0
65 7 N2 N5 0 0.150 0
65 8 N2 N1 150 0.150 0
65 9 N2 N2 208 0.150 1
65 10 N4 N5 0 0.360 0
65 11 N4 N1 75 0.360 0
65 12 N4 N4 240 0.360 1
66 1 N5 N1 0 0.030 0
66 2 N5 N5 0 0.030 0
66 3 N5 N2 178 0.030 1
66 4 N1 N5 0 0.120 0
66 5 N1 N2 182 0.120 1
66 6 N1 N1 175 0.120 0
66 7 N2 N5 0 0.220 0
66 8 N2 N1 154 0.220 0
66 9 N2 N2 208 0.220 1
66 10 N4 N5 0 0.410 0
66 11 N4 N1 0 0.410 0
66 12 N4 N4 239 0.410 1
67 1 N5 N1 0 0.110 0
67 2 N5 N5 0 0.110 0
67 3 N5 N2 180 0.110 1
67 4 N1 N5 0 0.050 0
67 5 N1 N2 184 0.050 1
67 6 N1 N1 176 0.050 0
67 7 N2 N5 0 0.280 0
67 8 N2 N1 156 0.280 0
67 9 N2 N2 208 0.280 1
67 10 N4 N5 0 0.460 0
67 11 N4 N1 0 0.460 0
67 12 N4 N4 238 0.460 1
68 1 N5 N1 0 0.200 0
68 2 N5 N5 0 0.200 0
68 3 N5 N2 181 0.200 1
68 4 N1 N5 0 0.130 0
68 5 N1 N2 188 0.130 1
68 6 N1 N1 177 0.130 0
68 7 N2 N5 0 0.470 0
68 8 N2 N1 156 0.470 0
68 9 N2 N2 211 0.470 1
68 10 N4 N5 0 0.530 0
68 11 N4 N1 0 0.530 0
68 12 N4 N4 237 0.530 1
69 1 N5 N1 0 0.270 0
69 2 N5 N5 0 0.270 0
69 3 N5 N2 183 0.270 1
69 4 N1 N5 0 0.320 0
69 5 N1 N2 190 0.320 1
69 6 N1 N1 178 0.320 0
69 7 N2 N5 0 0.030 0
69 8 N2 N1 155 0.030 0
69 9 N2 N2 214 0.030 1
69 10 N4 N5 0 0.610 0
69 11 N4 N1 0 0.610 0
69 12 N4 N4 238 0.610 1
70 1 N5 N1 0 0.310 0
70 2 N5 N5 0 0.310 0
70 3 N5 N2 185 0.310 1
70 4 N1 N5 0 0.250 0
70 5 N1 N2 192 0.250 1
70 6 N1 N1 179 0.250 0
70 7 N2 N5 0 0.090 0
70 8 N2 N1 155 0.090 0
70 9 N2 N2 215 0.090 1
70 10 N4 N5 0 0.150 0
70 11 N4 N1 0 0.150 0
70 12 N4 N4 237 0.150 1
71 1 N5 N1 0 0.370 0
71 2 N5 N5 0 0.370 0
71 3 N5 N2 187 0.370 1
71 4 N1 N5 0 0.830 0
71 5 N1 N2 195 0.830 1
71 6 N1 N1 178 0.830 0
71 7 N2 N5 0 0.050 0
71 8 N2 N1 149 0.050 0
71 9 N2 N2 217 0.050 1
71 10 N4 N5 0 0.740 0
71 11 N4 N1 0 0.740 0
71 12 N4 N4 237 0.740 1
72 1 N5 N1 0 0.440 0
72 2 N5 N5 0 0.440 0
72 3 N5 N2 188 0.440 1
72 4 N1 N5 0 0.380 0
72 5 N1 N2 195 0.380 1
72 6 N1 N1 175 0.380 0
72 7 N2 N5 0 0.100 0
72 8 N2 N1 146 0.100 0
72 9 N2 N2 218 0.100 1
72 10 N4 N5 0 0.810 0
72 11 N4 N1 0 0.810 0
72 12 N4 N4 237 0.810 1
73 1 N5 N1 0 0.490 0
73 2 N5 N5 0 0.490 0
73 3 N5 N2 189 0.490 1
73 4 N1 N5 0 0.070 0
73 5 N1 N2 198 0.070 1
73 6 N1 N1 173 0.070 0
73 7 N2 N5 0 0.250 0
73 8 N2 N1 146 0.250 0
73 9 N2 N2 220 0.250 1
73 10 N4 N5 0 0.840 0
73 11 N4 N1 0 0.840 0
73 12 N4 N4 237 0.840 1
74 1 N5 N1 0 0.030 0
74 2 N5 N5 0 0.030 0
74 3 N5 N2 192 0.030 1
74 4 N1 N5 0 0.160 0
74 5 N1 N2 205 0.160 1
74 6 N1 N1 170 0.160 0
74 7 N2 N5 0 0.310 0
74 8 N2 N1 145 0.310 0
74 9 N2 N2 223 0.310 1
74 10 N4 N5 0 0.410 0
74 11 N4 N1 0 0.410 0
74 12 N4 N4 238 0.410 1
75 1 N5 N1 0 0.070 0
75 2 N5 N5 0 0.070 0
75 3 N5 N2 195 0.070 1
75 4 N1 N5 0 0.210 0
75 5 N1 N2 207 0.210 1
75 6 N1 N1 168 0.210 0
75 7 N2 N5 0 0.240 0
75 8 N2 N1 141 0.240 0
75 9 N2 N2 226 0.240 1
75 10 N4 N5 0 0.470 0
75 11 N4 N1 0 0.470 0
75 12 N4 N4 239 0.470 1
76 1 N5 N1 0 0.170 0
76 2 N5 N5 0 0.170 0
76 3 N5 N2 197 0.170 1
76 4 N1 N5 0 0.140 0
76 5 N1 N2 209 0.140 1
76 6 N1 N1 166 0.140 0
76 7 N2 N5 0 0.320 0
76 8 N2 N1 136 0.320 0
76 9 N2 N2 230 0.320 1
76 10 N4 N5 0 0.530 0
76 11 N4 N1 0 0.530 0
76 12 N4 N4 239 0.530 1
77 1 N5 N1 0 0.240 0
77 2 N5 N5 0 0.240 0
77 3 N5 N2 198 0.240 1
77 4 N1 N5 0 1.230 0
77 5 N1 N2 209 1.230 1
77 6 N1 N1 166 1.230 0
77 7 N2 N5 0 0.020 0
77 8 N2 N1 135 0.020 0
77 9 N2 N2 234 0.020 1
77 10 N4 N5 0 0.060 0
77 11 N4 N1 0 0.060 0
77 12 N4 N4 239 0.060 1
78 1 N5 N1 0 0.320 0
78 2 N5 N5 0 0.320 0
78 3 N5 N2 198 0.320 1
78 4 N1 N5 0 0.320 0
78 5 N1 N2 209 0.320 1
78 6 N1 N1 161 0.320 0
78 7 N2 N5 0 0.130 0
78 8 N2 N1 134 0.130 0
78 9 N2 N2 236 0.130 1
78 10 N4 N5 0 0.130 0
78 11 N4 N1 0 0.130 0
78 12 N4 N4 240 0.130 1
79 1 N5 N1 0 0.400 0
79 2 N5 N5 0 0.400 0
79 3 N5 N2 200 0.400 1
79 4 N1 N5 0 0.410 0
79 5 N1 N2 207 0.410 1
79 6 N1 N1 159 0.410 0
79 7 N2 N5 0 0.190 0
79 8 N2 N1 133 0.190 0
79 9 N2 N2 238 0.190 1
79 10 N4 N5 0 0.140 0
79 11 N4 N1 0 0.140 0
79 12 N4 N4 241 0.140 1
80 1 N5 N1 0 0.980 0
80 2 N5 N5 0 0.980 0
80 3 N5 N2 200 0.980 1
80 4 N1 N5 0 0.040 0
80 5 N1 N2 202 0.040 1
80 6 N1 N1 157 0.040 0
80 7 N2 N5 0 0.670 0
80 8 N2 N1 132 0.670 0
80 9 N2 N2 238 0.670 1
80 10 N4 N5 0 0.260 0
80 11 N4 N1 0 0.260 0
80 12 N4 N4 241 0.260 1
81 1 N5 N1 0 0.020 0
81 2 N5 N5 0 0.020 0
81 3 N5 N2 201 0.020 1
81 4 N1 N5 0 0.100 0
81 5 N1 N2 201 0.100 1
81 6 N1 N1 154 0.100 0
81 7 N2 N5 0 0.260 0
81 8 N2 N1 129 0.260 0
81 9 N2 N2 240 0.260 1
81 10 N4 N5 0 0.300 0
81 11 N4 N1 0 0.300 0
81 12 N4 N4 241 0.300 1
82 1 N5 N1 0 0.070 0
82 2 N5 N5 0 0.070 0
82 3 N5 N2 200 0.070 1
82 4 N1 N5 0 0.170 0
82 5 N1 N2 200 0.170 1
82 6 N1 N1 151 0.170 0
82 7 N2 N5 0 0.350 0
82 8 N2 N1 128 0.350 0
82 9 N2 N2 240 0.350 1
82 10 N4 N5 0 0.880 0
82 11 N4 N1 0 0.880 0
82 12 N4 N4 240 0.880 1
83 1 N5 N1 0 0.110 0
83 2 N5 N5 0 0.110 0
83 3 N5 N2 199 0.110 1
83 4 N1 N5 0 0.260 0
83 5 N1 N2 199 0.260 1
83 6 N1 N1 150 0.260 0
83 7 N2 N5 0 0.040 0
83 8 N2 N1 128 0.040 0
83 9 N2 N2 239 0.040 1
83 10 N4 N5 0 0.120 0
83 11 N4 N1 0 0.120 0
83 12 N4 N4 240 0.120 1
84 1 N5 N1 0 0.190 0
84 2 N5 N5 0 0.190 0
84 3 N5 N2 198 0.190 1
84 4 N1 N5 0 0.310 0
84 5 N1 N2 198 0.310 1
84 6 N1 N1 149 0.310 0
84 7 N2 N5 0 0.480 0
84 8 N2 N1 130 0.480 0
84 9 N2 N2 239 0.480 1
84 10 N4 N5 0 0.560 0
84 11 N4 N1 0 0.560 0
84 12 N4 N4 239 0.560 1
85 1 N5 N1 0 0.230 0
85 2 N5 N5 0 0.230 0
85 3 N5 N2 198 0.230 1
85 4 N1 N5 0 0.360 0
85 5 N1 N2 197 0.360 1
85 6 N1 N1 147 0.360 0
85 7 N2 N5 0 0.130 0
85 8 N2 N1 131 0.130 0
85 9 N2 N2 241 0.130 1
85 10 N4 N5 0 0.610 0
85 11 N4 N1 0 0.610 0
85 12 N4 N4 238 0.610 1
86 1 N5 N1 0 0.320 0
86 2 N5 N5 0 0.320 0
86 3 N5 N2 198 0.320 1
86 4 N1 N5 0 0.010 0
86 5 N1 N2 198 0.010 1
86 6 N1 N1 147 0.010 0
86 7 N2 N5 0 0.080 0
86 8 N2 N1 133 0.080 0
86 9 N2 N2 241 0.080 1
86 10 N4 N5 0 0.160 0
86 11 N4 N1 0 0.160 0
86 12 N4 N4 238 0.160 1
87 1 N5 N1 0 0.400 0
87 2 N5 N5 0 0.400 0
87 3 N5 N2 198 0.400 1
87 4 N1 N5 0 0.060 0
87 5 N1 N2 197 0.060 1
87 6 N1 N1 147 0.060 0
87 7 N2 N5 0 0.150 0
87 8 N2 N1 134 0.150 0
87 9 N2 N2 242 0.150 1
87 10 N4 N5 0 0.260 0
87 11 N4 N1 0 0.260 0
87 12 N4 N4 237 0.260 1
88 1 N5 N1 0 0.980 0
88 2 N5 N5 0 0.980 0
88 3 N5 N2 198 0.980 1
88 4 N1 N5 0 0.020 0
88 5 N1 N2 196 0.020 1
88 6 N1 N1 147 0.020 0
88 7 N2 N5 0 0.200 0
88 8 N2 N1 135 0.200 0
88 9 N2 N2 243 0.200 1
88 10 N4 N5 0 0.310 0
88 11 N4 N1 0 0.310 0
88 12 N4 N4 237 0.310 1
89 1 N5 N1 0 0.010 0
89 2 N5 N5 0 0.010 0
89 3 N5 N2 200 0.010 1
89 4 N1 N5 0 0.210 0
89 5 N1 N2 196 0.210 1
89 6 N1 N1 148 0.210 0
89 7 N2 N5 0 0.260 0
89 8 N2 N1 133 0.260 0
89 9 N2 N2 244 0.260 1
89 10 N4 N5 0 0.380 0
89 11 N4 N1 0 0.380 0
89 12 N4 N4 237 0.380 1
90 1 N5 N1 0 0.570 0
90 2 N5 N5 0 0.570 0
90 3 N5 N2 200 0.570 1
90 4 N1 N5 0 0.280 0
90 5 N1 N2 196 0.280 1
90 6 N1 N1 149 0.280 0
90 7 N2 N5 0 0.970 0
90 8 N2 N1 133 0.970 0
90 9 N2 N2 245 0.970 1
90 10 N4 N5 0 0.460 0
90 11 N4 N1 0 0.460 0
90 12 N4 N4 237 0.460 1
91 1 N5 N1 0 0.230 0
91 2 N5 N5 0 0.230 0
91 3 N5 N2 201 0.230 1
91 4 N1 N5 0 0.340 0
91 5 N1 N2 197 0.340 1
91 6 N1 N1 148 0.340 0
91 7 N2 N5 0 0.110 0
91 8 N2 N1 130 0.110 0
91 9 N2 N2 247 0.110 1
91 10 N4 N5 0 0.130 0
91 11 N4 N1 0 0.130 0
91 12 N4 N4 238 0.130 1
92 1 N5 N1 0 0.280 0
92 2 N5 N5 0 0.280 0
92 3 N5 N2 202 0.280 1
92 4 N1 N5 0 0.370 0
92 5 N1 N2 198 0.370 1
92 6 N1 N1 148 0.370 0
92 7 N2 N5 0 0.070 0
92 8 N2 N1 131 0.070 0
92 9 N2 N2 247 0.070 1
92 10 N4 N5 0 1.210 0
92 11 N4 N1 0 1.210 0
92 12 N4 N4 238 1.210 1
93 1 N5 N1 0 0.330 0
93 2 N5 N5 0 0.330 0
93 3 N5 N2 202 0.330 1
93 4 N1 N5 0 0.550 0
93 5 N1 N2 198 0.550 1
93 6 N1 N1 148 0.550 0
93 7 N2 N5 0 0.150 0
93 8 N2 N1 130 0.150 0
93 9 N2 N2 247 0.150 1
93 10 N4 N5 0 0.270 0
93 11 N4 N1 0 0.270 0
93 12 N4 N4 238 0.270 1
94 1 N5 N1 0 0.390 0
94 2 N5 N5 0 0.390 0
94 3 N5 N2 202 0.390 1
94 4 N1 N5 0 0.010 0
94 5 N1 N2 200 0.010 1
94 6 N1 N1 147 0.010 0
94 7 N2 N5 0 0.340 0
94 8 N2 N1 130 0.340 0
94 9 N2 N2 249 0.340 1
94 10 N4 N5 0 0.340 0
94 11 N4 N1 0 0.340 0
94 12 N4 N4 239 0.340 1
95 1 N5 N1 0 0.970 0
95 2 N5 N5 0 0.970 0
95 3 N5 N2 202 0.970 1
95 4 N1 N5 0 0.180 0
95 5 N1 N2 200 0.180 1
95 6 N1 N1 146 0.180 0
95 7 N2 N5 0 0.290 0
95 8 N2 N1 128 0.290 0
95 9 N2 N2 249 0.290 1
95 10 N4 N5 0 0.900 0
95 11 N4 N1 0 0.900 0
95 12 N4 N4 240 0.900 1
96 1 N5 N1 0 0.540 0
96 2 N5 N5 0 0.540 0
96 3 N5 N2 202 0.540 1
96 4 N1 N5 0 0.760 0
96 5 N1 N2 200 0.760 1
96 6 N1 N1 146 0.760 0
96 7 N2 N5 0 1.380 0
96 8 N2 N1 128 1.380 0
96 9 N2 N2 249 1.380 1
96 10 N4 N5 0 1.990 0
96 11 N4 N1 0 1.990 0
96 12 N4 N4 240 1.990 1
97 1 N5 N1 0 0.050 0
97 2 N5 N5 0 0.050 0
97 3 N5 N2 200 0.050 1
97 4 N1 N5 0 0.190 0
97 5 N1 N2 198 0.190 1
97 6 N1 N1 146 0.190 0
97 7 N2 N5 0 0.800 0
97 8 N2 N1 126 0.800 0
97 9 N2 N2 249 0.800 1
97 10 N4 N5 0 1.040 0
97 11 N4 N1 0 1.040 0
97 12 N4 N4 240 1.040 1
98 1 N5 N1 0 0.150 0
98 2 N5 N5 0 0.150 0
98 3 N5 N2 198 0.150 1
98 4 N1 N5 0 0.280 0
98 5 N1 N2 196 0.280 1
98 6 N1 N1 144 0.280 0
98 7 N2 N5 0 0.080 0
98 8 N2 N1 124 0.080 0
98 9 N2 N2 250 0.080 1
98 10 N4 N5 0 0.110 0
98 11 N4 N1 0 0.110 0
98 12 N4 N4 240 0.110 1
99 1 N5 N1 0 1.240 0
99 2 N5 N5 0 1.240 0
99 3 N5 N2 198 1.240 1
99 4 N1 N5 0 0.860 0
99 5 N1 N2 196 0.860 1
99 6 N1 N1 143 0.860 0
99 7 N2 N5 0 0.620 0
99 8 N2 N1 124 0.620 0
99 9 N2 N2 249 0.620 1
99 10 N4 N5 0 0.670 0
99 11 N4 N1 0 0.670 0
99 12 N4 N4 240 0.670 1
100 1 N5 N1 0 0.310 0
100 2 N5 N5 0 0.310 0
100 3 N5 N2 194 0.310 1
100 4 N1 N5 0 0.020 0
100 5 N1 N2 193 0.020 1
100 6 N1 N1 141 0.020 0
100 7 N2 N5 0 0.110 0
100 8 N2 N1 120 0.110 0
100 9 N2 N2 248 0.110 1
100 10 N4 N5 0 0.250 0
100 11 N4 N1 0 0.250 0
100 12 N4 N4 239 0.250 1
101 1 N5 N1 0 0.400 0
101 2 N5 N5 0 0.400 0
101 3 N5 N2 190 0.400 1
101 4 N1 N5 0 0.090 0
101 5 N1 N2 190 0.090 1
101 6 N1 N1 139 0.090 0
101 7 N2 N5 0 0.150 0
101 8 N2 N1 120 0.150 0
101 9 N2 N2 246 0.150 1
101 10 N4 N5 0 0.830 0
101 11 N4 N1 0 0.830 0
101 12 N4 N4 238 0.830 1
102 1 N5 N1 0 0.530 0
102 2 N5 N5 0 0.530 0
102 3 N5 N2 186 0.530 1
102 4 N1 N5 0 0.110 0
102 5 N1 N2 183 0.110 1
102 6 N1 N1 137 0.110 0
102 7 N2 N5 0 0.820 0
102 8 N2 N1 120 0.820 0
102 9 N2 N2 246 0.820 1
102 10 N4 N5 0 0.980 0
102 11 N4 N1 0 0.980 0
102 12 N4 N4 237 0.980 1
103 1 N5 N1 0 0.020 0
103 2 N5 N5 0 0.020 0
103 3 N5 N2 181 0.020 1
103 4 N1 N5 0 0.010 0
103 5 N1 N2 176 0.010 1
103 6 N1 N1 137 0.010 0
103 7 N2 N5 0 0.210 0
103 8 N2 N1 118 0.210 0
103 9 N2 N2 243 0.210 1
103 10 N4 N5 0 1.000 0
103 11 N4 N1 0 1.000 0
103 12 N4 N4 236 1.000 1
104 1 N5 N1 0 0.200 0
104 2 N5 N5 0 0.200 0
104 3 N5 N2 175 0.200 1
104 4 N1 N5 0 0.230 0
104 5 N1 N2 170 0.230 1
104 6 N1 N1 134 0.230 0
104 7 N2 N5 0 0.040 0
104 8 N2 N1 118 0.040 0
104 9 N2 N2 240 0.040 1
104 10 N4 N5 0 0.070 0
104 11 N4 N1 0 0.070 0
104 12 N4 N4 232 0.070 1
105 1 N5 N1 0 0.770 0
105 2 N5 N5 0 0.770 0
105 3 N5 N2 171 0.770 1
105 4 N1 N5 0 0.390 0
105 5 N1 N2 168 0.390 1
105 6 N1 N1 134 0.390 0
105 7 N2 N5 0 0.090 0
105 8 N2 N1 117 0.090 0
105 9 N2 N2 233 0.090 1
105 10 N4 N5 0 0.140 0
105 11 N4 N1 0 0.140 0
105 12 N4 N4 232 0.140 1
106 1 N5 N1 0 0.940 0
106 2 N5 N5 0 0.940 0
106 3 N5 N2 171 0.940 1
106 4 N1 N5 0 0.210 0
106 5 N1 N2 164 0.210 1
106 6 N1 N1 135 0.210 0
106 7 N2 N5 0 0.000 0
106 8 N2 N1 118 0.000 0
106 9 N2 N2 230 0.000 1
106 10 N4 N5 0 1.230 0
106 11 N4 N1 0 1.230 0
106 12 N4 N4 232 1.230 1
107 1 N5 N1 0 0.370 0
107 2 N5 N5 0 0.370 0
107 3 N5 N2 168 0.370 1
107 4 N1 N5 0 0.050 0
107 5 N1 N2 160 0.050 1
107 6 N1 N1 134 0.050 0
107 7 N2 N5 0 0.060 0
107 8 N2 N1 117 0.060 0
107 9 N2 N2 227 0.060 1
107 10 N4 N5 0 0.300 0
107 11 N4 N1 0 0.300 0
107 12 N4 N4 231 0.300 1
108 1 N5 N1 0 1.460 0
108 2 N5 N5 0 1.460 0
108 3 N5 N2 168 1.460 1
108 4 N1 N5 0 0.580 0
108 5 N1 N2 158 0.580 1
108 6 N1 N1 134 0.580 0
108 7 N2 N5 0 0.730 0
108 8 N2 N1 117 0.730 0
108 9 N2 N2 226 0.730 1
108 10 N4 N5 0 0.860 0
108 11 N4 N1 0 0.860 0
108 12 N4 N4 231 0.860 1
109 1 N5 N1 0 1.040 0
109 2 N5 N5 0 1.040 0
109 3 N5 N2 164 1.040 1
109 4 N1 N5 0 0.040 0
109 5 N1 N2 150 0.040 1
109 6 N1 N1 131 0.040 0
109 7 N2 N5 0 0.690 0
109 8 N2 N1 115 0.690 0
109 9 N2 N2 222 0.690 1
109 10 N4 N5 0 0.440 0
109 11 N4 N1 0 0.440 0
109 12 N4 N4 228 0.440 1
110 1 N5 N1 0 0.610 0
110 2 N5 N5 0 0.610 0
110 3 N5 N2 161 0.610 1
110 4 N1 N5 0 0.630 0
110 5 N1 N2 148 0.630 1
110 6 N1 N1 130 0.630 0
110 7 N2 N5 0 0.370 0
110 8 N2 N1 115 0.370 0
110 9 N2 N2 215 0.370 1
110 10 N4 N5 0 0.030 0
110 11 N4 N1 0 0.030 0
110 12 N4 N4 227 0.030 1
111 1 N5 N1 0 0.150 0
111 2 N5 N5 0 0.150 0
111 3 N5 N2 153 0.150 1
111 4 N1 N5 0 0.350 0
111 5 N1 N2 142 0.350 1
111 6 N1 N1 127 0.350 0
111 7 N2 N5 0 0.330 0
111 8 N2 N1 111 0.330 0
111 9 N2 N2 211 0.330 1
111 10 N4 N5 0 0.120 0
111 11 N4 N1 0 0.120 0
111 12 N4 N4 225 0.120 1
112 1 N5 N1 0 0.770 0
112 2 N5 N5 0 0.770 0
112 3 N5 N2 149 0.770 1
112 4 N1 N5 0 0.290 0
112 5 N1 N2 138 0.290 1
112 6 N1 N1 126 0.290 0
112 7 N2 N5 0 0.520 0
112 8 N2 N1 109 0.520 0
112 9 N2 N2 202 0.520 1
112 10 N4 N5 0 1.220 0
112 11 N4 N1 0 1.220 0
112 12 N4 N4 225 1.220 1
113 1 N5 N1 0 0.790 0
113 2 N5 N5 0 0.790 0
113 3 N5 N2 145 0.790 1
113 4 N1 N5 0 1.430 0
113 5 N1 N2 138 1.430 1
113 6 N1 N1 126 1.430 0
113 7 N2 N5 0 0.110 0
113 8 N2 N1 107 0.110 0
113 9 N2 N2 196 0.110 1
113 10 N4 N5 0 0.810 0
113 11 N4 N1 0 0.810 0
113 12 N4 N4 224 0.810 1
114 1 N5 N1 0 0.520 0
114 2 N5 N5 0 0.520 0
114 3 N5 N2 141 0.520 1
114 4 N1 N5 0 2.520 0
114 5 N1 N2 138 2.520 1
114 6 N1 N1 126 2.520 0
114 7 N2 N5 0 0.670 0
114 8 N2 N1 107 0.670 0
114 9 N2 N2 193 0.670 1
114 10 N4 N5 0 1.900 0
114 11 N4 N1 0 1.900 0
114 12 N4 N4 224 1.900 1
115 1 N5 N1 0 0.420 0
115 2 N5 N5 0 0.420 0
115 3 N5 N2 136 0.420 1
115 4 N1 N5 0 0.350 0
115 5 N1 N2 135 0.350 1
115 6 N1 N1 123 0.350 0
115 7 N2 N5 0 0.250 0
115 8 N2 N1 102 0.250 0
115 9 N2 N2 189 0.250 1
115 10 N4 N5 0 0.120 0
115 11 N4 N1 0 0.120 0
115 12 N4 N4 221 0.120 1
116 1 N5 N1 0 0.030 0
116 2 N5 N5 0 0.030 0
116 3 N5 N2 131 0.030 1
116 4 N1 N5 0 0.020 0
116 5 N1 N2 129 0.020 1
116 6 N1 N1 116 0.020 0
116 7 N2 N5 0 0.180 0
116 8 N2 N1 98 0.180 0
116 9 N2 N2 182 0.180 1
116 10 N4 N5 0 0.010 0
116 11 N4 N1 0 0.010 0
116 12 N4 N4 220 0.010 1
117 1 N5 N1 0 0.590 0
117 2 N5 N5 0 0.590 0
117 3 N5 N2 126 0.590 1
117 4 N1 N5 0 0.730 0
117 5 N1 N2 127 0.730 1
117 6 N1 N1 113 0.730 0
117 7 N2 N5 0 0.770 0
117 8 N2 N1 94 0.770 0
117 9 N2 N2 179 0.770 1
117 10 N4 N5 0 0.080 0
117 11 N4 N1 0 0.080 0
117 12 N4 N4 220 0.080 1
118 1 N5 N1 0 0.110 0
118 2 N5 N5 0 0.110 0
118 3 N5 N2 122 0.110 1
118 4 N1 N5 0 0.630 0
118 5 N1 N2 125 0.630 1
118 6 N1 N1 106 0.630 0
118 7 N2 N5 0 0.740 0
118 8 N2 N1 90 0.740 0
118 9 N2 N2 177 0.740 1
118 10 N4 N5 0 1.170 0
118 11 N4 N1 0 1.170 0
118 12 N4 N4 220 1.170 1
119 1 N5 N1 0 0.700 0
119 2 N5 N5 0 0.700 0
119 3 N5 N2 119 0.700 1
119 4 N1 N5 0 0.710 0
119 5 N1 N2 123 0.710 1
119 6 N1 N1 103 0.710 0
119 7 N2 N5 0 0.020 0
119 8 N2 N1 81 0.020 0
119 9 N2 N2 170 0.020 1
119 10 N4 N5 0 0.720 0
119 11 N4 N1 0 0.720 0
119 12 N4 N4 221 0.720 1
120 1 N5 N1 0 1.790 0
120 2 N5 N5 0 1.790 0
120 3 N5 N2 119 1.790 1
120 4 N1 N5 0 0.260 0
120 5 N1 N2 122 0.260 1
120 6 N1 N1 99 0.260 0
120 7 N2 N5 0 0.460 0
120 8 N2 N1 78 0.460 0
120 9 N2 N2 167 0.460 1
120 10 N4 N5 0 1.810 0
120 11 N4 N1 0 1.810 0
120 12 N4 N4 221 1.810 1
121 1 N5 N1 0 2.880 0
121 2 N5 N5 0 2.880 0
121 3 N5 N2 119 2.880 1
121 4 N1 N5 0 0.800 0
121 5 N1 N2 122 0.800 1
121 6 N1 N1 97 0.800 0
121 7 N2 N5 0 0.650 0
121 8 N2 N1 78 0.650 0
121 9 N2 N2 166 0.650 1
121 10 N4 N5 0 0.370 0
121 11 N4 N1 0 0.370 0
121 12 N4 N4 221 0.370 1
122 1 N5 N1 0 3.970 0
122 2 N5 N5 0 3.970 0
122 3 N5 N2 119 3.970 1
122 4 N1 N5 0 1.890 0
122 5 N1 N2 122 1.890 1
122 6 N1 N1 97 1.890 0
122 7 N2 N5 0 0.160 0
122 8 N2 N1 77 0.160 0
122 9 N2 N2 164 0.160 1
122 10 N4 N5 0 0.410 0
122 11 N4 N1 0 0.410 0
122 12 N4 N4 220 0.410 1
123 1 N5 N1 0 0.500 0
123 2 N5 N5 0 0.500 0
123 3 N5 N2 109 0.500 1
123 4 N1 N5 0 0.450 0
123 5 N1 N2 118 0.450 1
123 6 N1 N1 94 0.450 0
123 7 N2 N5 0 0.300 0
123 8 N2 N1 77 0.300 0
123 9 N2 N2 161 0.300 1
123 10 N4 N5 0 0.500 0
123 11 N4 N1 0 0.500 0
123 12 N4 N4 218 0.500 1
124 1 N5 N1 0 0.020 0
124 2 N5 N5 0 0.020 0
124 3 N5 N2 96 0.020 1
124 4 N1 N5 0 0.590 0
124 5 N1 N2 118 0.590 1
124 6 N1 N1 92 0.590 0
124 7 N2 N5 0 0.220 0
124 8 N2 N1 75 0.220 0
124 9 N2 N2 157 0.220 1
124 10 N4 N5 0 1.580 0
124 11 N4 N1 0 1.580 0
124 12 N4 N4 218 1.580 1
125 1 N5 N1 0 1.120 0
125 2 N5 N5 0 1.120 0
125 3 N5 N2 96 1.120 1
125 4 N1 N5 0 0.590 0
125 5 N1 N2 117 0.590 1
125 6 N1 N1 91 0.590 0
125 7 N2 N5 0 0.920 0
125 8 N2 N1 75 0.920 0
125 9 N2 N2 156 0.920 1
125 10 N4 N5 0 0.610 0
125 11 N4 N1 0 0.610 0
125 12 N4 N4 218 0.610 1
126 1 N5 N1 0 0.180 0
126 2 N5 N5 0 0.180 0
126 3 N5 N2 93 0.180 1
126 4 N1 N5 0 0.100 0
126 5 N1 N2 113 0.100 1
126 6 N1 N1 90 0.100 0
126 7 N2 N5 0 0.870 0
126 8 N2 N1 73 0.870 0
126 9 N2 N2 156 0.870 1
126 10 N4 N5 0 0.650 0
126 11 N4 N1 0 0.650 0
126 12 N4 N4 216 0.650 1
127 1 N5 N1 0 0.740 0
127 2 N5 N5 0 0.740 0
127 3 N5 N2 90 0.740 1
127 4 N1 N5 0 0.290 0
127 5 N1 N2 111 0.290 1
127 6 N1 N1 89 0.290 0
127 7 N2 N5 0 0.470 0
127 8 N2 N1 72 0.470 0
127 9 N2 N2 155 0.470 1
127 10 N4 N5 0 0.190 0
127 11 N4 N1 0 0.190 0
127 12 N4 N4 214 0.190 1
128 1 N5 N1 0 0.260 0
128 2 N5 N5 0 0.260 0
128 3 N5 N2 88 0.260 1
128 4 N1 N5 0 1.380 0
128 5 N1 N2 111 1.380 1
128 6 N1 N1 89 1.380 0
128 7 N2 N5 0 0.040 0
128 8 N2 N1 72 0.040 0
128 9 N2 N2 151 0.040 1
128 10 N4 N5 0 1.280 0
128 11 N4 N1 0 1.280 0
128 12 N4 N4 214 1.280 1
129 1 N5 N1 0 0.820 0
129 2 N5 N5 0 0.820 0
129 3 N5 N2 85 0.820 1
129 4 N1 N5 0 0.290 0
129 5 N1 N2 109 0.290 1
129 6 N1 N1 89 0.290 0
129 7 N2 N5 0 0.620 0
129 8 N2 N1 71 0.620 0
129 9 N2 N2 151 0.620 1
129 10 N4 N5 0 0.330 0
129 11 N4 N1 0 0.330 0
129 12 N4 N4 212 0.330 1
130 1 N5 N1 0 0.840 0
130 2 N5 N5 0 0.840 0
130 3 N5 N2 84 0.840 1
130 4 N1 N5 0 0.390 0
130 5 N1 N2 108 0.390 1
130 6 N1 N1 89 0.390 0
130 7 N2 N5 0 0.680 0
130 8 N2 N1 71 0.680 0
130 9 N2 N2 150 0.680 1
130 10 N4 N5 0 0.910 0
130 11 N4 N1 0 0.910 0
130 12 N4 N4 212 0.910 1
131 1 N5 N1 0 0.440 0
131 2 N5 N5 0 0.440 0
131 3 N5 N2 82 0.440 1
131 4 N1 N5 0 0.390 0
131 5 N1 N2 109 0.390 1
131 6 N1 N1 90 0.390 0
131 7 N2 N5 0 0.730 0
131 8 N2 N1 71 0.730 0
131 9 N2 N2 148 0.730 1
131 10 N4 N5 0 0.460 0
131 11 N4 N1 0 0.460 0
131 12 N4 N4 211 0.460 1
132 1 N5 N1 0 0.010 0
132 2 N5 N5 0 0.010 0
132 3 N5 N2 80 0.010 1
132 4 N1 N5 0 0.080 0
132 5 N1 N2 109 0.080 1
132 6 N1 N1 90 0.080 0
132 7 N2 N5 0 0.160 0
132 8 N2 N1 70 0.160 0
132 9 N2 N2 148 0.160 1
132 10 N4 N5 0 0.520 0
132 11 N4 N1 0 0.520 0
132 12 N4 N4 211 0.520 1
133 1 N5 N1 0 0.520 0
133 2 N5 N5 0 0.520 0
133 3 N5 N2 80 0.520 1
133 4 N1 N5 0 0.140 0
133 5 N1 N2 111 0.140 1
133 6 N1 N1 91 0.140 0
133 7 N2 N5 0 0.740 0
133 8 N2 N1 69 0.740 0
133 9 N2 N2 149 0.740 1
133 10 N4 N5 0 0.070 0
133 11 N4 N1 0 0.070 0
133 12 N4 N4 210 0.070 1
134 1 N5 N1 0 0.660 0
134 2 N5 N5 0 0.660 0
134 3 N5 N2 81 0.660 1
134 4 N1 N5 0 1.240 0
134 5 N1 N2 111 1.240 1
134 6 N1 N1 91 1.240 0
134 7 N2 N5 0 0.290 0
134 8 N2 N1 66 0.290 0
134 9 N2 N2 152 0.290 1
134 10 N4 N5 0 0.650 0
134 11 N4 N1 0 0.650 0
134 12 N4 N4 209 0.650 1
135 1 N5 N1 0 0.180 0
135 2 N5 N5 0 0.180 0
135 3 N5 N2 82 0.180 1
135 4 N1 N5 0 0.300 0
135 5 N1 N2 111 0.300 1
135 6 N1 N1 90 0.300 0
135 7 N2 N5 0 0.010 0
135 8 N2 N1 65 0.010 0
135 9 N2 N2 155 0.010 1
135 10 N4 N5 0 0.730 0
135 11 N4 N1 0 0.730 0
135 12 N4 N4 207 0.730 1
136 1 N5 N1 0 1.280 0
136 2 N5 N5 0 1.280 0
136 3 N5 N2 82 1.280 1
136 4 N1 N5 0 0.290 0
136 5 N1 N2 116 0.290 1
136 6 N1 N1 90 0.290 0
136 7 N2 N5 0 1.110 0
136 8 N2 N1 65 1.110 0
136 9 N2 N2 155 1.110 1
136 10 N4 N5 0 0.290 0
136 11 N4 N1 0 0.290 0
136 12 N4 N4 205 0.290 1
137 1 N5 N1 0 0.330 0
137 2 N5 N5 0 0.330 0
137 3 N5 N2 84 0.330 1
137 4 N1 N5 0 0.460 0
137 5 N1 N2 119 0.460 1
137 6 N1 N1 90 0.460 0
137 7 N2 N5 0 0.030 0
137 8 N2 N1 65 0.030 0
137 9 N2 N2 157 0.030 1
137 10 N4 N5 0 0.370 0
137 11 N4 N1 0 0.370 0
137 12 N4 N4 202 0.370 1
138 1 N5 N1 0 0.490 0
138 2 N5 N5 0 0.490 0
138 3 N5 N2 87 0.490 1
138 4 N1 N5 0 0.060 0
138 5 N1 N2 128 0.060 1
138 6 N1 N1 91 0.060 0
138 7 N2 N5 0 0.180 0
138 8 N2 N1 64 0.180 0
138 9 N2 N2 159 0.180 1
138 10 N4 N5 0 1.550 0
138 11 N4 N1 0 1.550 0
138 12 N4 N4 202 1.550 1
139 1 N5 N1 0 0.050 0
139 2 N5 N5 0 0.050 0
139 3 N5 N2 91 0.050 1
139 4 N1 N5 0 0.050 0
139 5 N1 N2 134 0.050 1
139 6 N1 N1 91 0.050 0
139 7 N2 N5 0 0.290 0
139 8 N2 N1 65 0.290 0
139 9 N2 N2 163 0.290 1
139 10 N4 N5 0 0.640 0
139 11 N4 N1 0 0.640 0
139 12 N4 N4 202 0.640 1
140 1 N5 N1 0 0.600 0
140 2 N5 N5 0 0.600 0
140 3 N5 N2 92 0.600 1
140 4 N1 N5 0 0.600 0
140 5 N1 N2 133 0.600 1
140 6 N1 N1 91 0.600 0
140 7 N2 N5 0 0.880 0
140 8 N2 N1 65 0.880 0
140 9 N2 N2 164 0.880 1
140 10 N4 N5 0 0.190 0
140 11 N4 N1 0 0.190 0
140 12 N4 N4 200 0.190 1
141 1 N5 N5 0 0.670 0
141 2 N5 N2 93 0.670 1
141 3 N1 N5 0 0.190 0
141 4 N1 N2 132 0.190 1
141 5 N1 N1 90 0.190 0
141 6 N2 N5 0 0.420 0
141 7 N2 N1 65 0.420 0
141 8 N2 N2 167 0.420 1
141 9 N4 N5 0 0.430 0
141 10 N4 N1 0 0.430 0
141 11 N4 N4 198 0.430 1
142 1 N5 N5 0 0.710 0
142 2 N5 N2 95 0.710 1
142 3 N1 N5 0 0.710 0
142 4 N1 N2 131 0.710 1
142 5 N1 N1 89 0.710 0
142 6 N2 N5 0 0.100 0
142 7 N2 N1 65 0.100 0
142 8 N2 N2 168 0.100 1
142 9 N4 N5 0 0.870 0
142 10 N4 N1 0 0.870 0
142 11 N4 N4 197 0.870 1
143 1 N5 N5 0 0.340 0
143 2 N5 N2 96 0.340 1
143 3 N1 N5 0 0.440 0
143 4 N1 N2 131 0.440 1
143 5 N1 N1 87 0.440 0
143 6 N2 N5 0 0.550 0
143 7 N2 N1 64 0.550 0
143 8 N2 N2 169 0.550 1
143 9 N4 N5 0 0.410 0
143 10 N4 N1 0 0.410 0
143 11 N4 N4 195 0.410 1
144 1 N5 N5 0 0.430 0
144 2 N5 N2 97 0.430 1
144 3 N1 N5 0 0.390 0
144 4 N1 N2 130 0.390 1
144 5 N1 N1 86 0.390 0
144 6 N2 N5 0 0.120 0
144 7 N2 N1 64 0.120 0
144 8 N2 N2 171 0.120 1
144 9 N4 N5 0 1.500 0
144 10 N4 N1 0 1.500 0
144 11 N4 N4 195 1.500 1
145 1 N5 N5 0 1.020 0
145 2 N5 N2 98 1.020 1
145 3 N1 N5 0 1.070 0
145 4 N1 N2 130 1.070 1
145 5 N1 N1 87 1.070 0
145 6 N2 N5 0 0.300 0
145 7 N2 N1 65 0.300 0
145 8 N2 N2 175 0.300 1
145 9 N4 N5 0 0.040 0
145 10 N4 N1 0 0.040 0
145 11 N4 N4 194 0.040 1
146 1 N5 N5 0 0.060 0
146 2 N5 N2 98 0.060 1
146 3 N1 N5 0 2.150 0
146 4 N1 N2 130 2.150 1
146 5 N1 N1 87 2.150 0
146 6 N2 N5 0 0.340 0
146 7 N2 N1 65 0.340 0
146 8 N2 N2 177 0.340 1
146 9 N4 N5 0 0.100 0
146 10 N4 N1 0 0.100 0
146 11 N4 N4 193 0.100 1
147 1 N5 N5 0 0.630 0
147 2 N5 N2 98 0.630 1
147 3 N1 N5 0 0.070 0
147 4 N1 N2 130 0.070 1
147 5 N1 N1 89 0.070 0
147 6 N2 N5 0 0.400 0
147 7 N2 N1 67 0.400 0
147 8 N2 N2 176 0.400 1
147 9 N4 N5 0 0.670 0
147 10 N4 N1 0 0.670 0
147 11 N4 N4 191 0.670 1
148 1 N5 N5 0 0.690 0
148 2 N5 N2 98 0.690 1
148 3 N1 N5 0 0.670 0
148 4 N1 N2 130 0.670 1
148 5 N1 N1 89 0.670 0
148 6 N2 N5 0 0.420 0
148 7 N2 N1 67 0.420 0
148 8 N2 N2 175 0.420 1
148 9 N4 N5 0 0.230 0
148 10 N4 N1 0 0.230 0
148 11 N4 N4 185 0.230 1
149 1 N5 N5 0 1.780 0
149 2 N5 N2 98 1.780 1
149 3 N1 N5 0 0.060 0
149 4 N1 N2 130 0.060 1
149 5 N1 N1 90 0.060 0
149 6 N2 N5 0 1.020 0
149 7 N2 N1 67 1.020 0
149 8 N2 N2 174 1.020 1
149 9 N4 N5 0 0.310 0
149 10 N4 N1 0 0.310 0
149 11 N4 N4 183 0.310 1
150 1 N5 N5 0 0.300 0
150 2 N5 N2 97 0.300 1
150 3 N1 N5 0 1.150 0
150 4 N1 N2 130 1.150 1
150 5 N1 N1 90 1.150 0
150 6 N2 N5 0 0.030 0
150 7 N2 N1 71 0.030 0
150 8 N2 N2 172 0.030 1
150 9 N4 N5 0 0.340 0
150 10 N4 N1 0 0.340 0
150 11 N4 N4 180 0.340 1
151 1 N5 N5 0 0.360 0
151 2 N5 N2 96 0.360 1
151 3 N1 N5 0 0.790 0
151 4 N1 N2 128 0.790 1
151 5 N1 N1 92 0.790 0
151 6 N2 N5 0 0.080 0
151 7 N2 N1 79 0.080 0
151 8 N2 N2 171 0.080 1
151 9 N4 N5 0 0.900 0
151 10 N4 N1 0 0.900 0
151 11 N4 N4 178 0.900 1
152 1 N5 N5 0 0.910 0
152 2 N5 N2 95 0.910 1
152 3 N1 N5 0 0.420 0
152 4 N1 N2 127 0.420 1
152 5 N1 N1 103 0.420 0
152 6 N2 N5 0 0.540 0
152 7 N2 N1 92 0.540 0
152 8 N2 N2 170 0.540 1
152 9 N4 N5 0 0.960 0
152 10 N4 N1 0 0.960 0
152 11 N4 N4 176 0.960 1
153 1 N5 N5 0 0.410 0
153 2 N5 N2 95 0.410 1
153 3 N1 N5 0 0.070 0
153 4 N1 N2 127 0.070 1
153 5 N1 N1 107 0.070 0
153 6 N2 N5 0 0.070 0
153 7 N2 N1 90 0.070 0
153 8 N2 N2 170 0.070 1
153 9 N4 N5 0 0.520 0
153 10 N4 N1 0 0.520 0
153 11 N4 N4 171 0.520 1
154 1 N5 N5 0 0.490 0
154 2 N5 N2 95 0.490 1
154 3 N1 N5 0 0.040 0
154 4 N1 N2 127 0.040 1
154 5 N1 N1 110 0.040 0
154 6 N2 N5 0 0.260 0
154 7 N2 N1 91 0.260 0
154 8 N2 N2 168 0.260 1
154 9 N4 N5 0 0.080 0
154 10 N4 N1 0 0.080 0
154 11 N4 N4 166 0.080 1
155 1 N5 N5 0 0.500 0
155 2 N5 N2 94 0.500 1
155 3 N1 N5 0 0.100 0
155 4 N1 N2 126 0.100 1
155 5 N1 N1 115 0.100 0
155 6 N2 N5 0 0.170 0
155 7 N2 N1 92 0.170 0
155 8 N2 N2 165 0.170 1
155 9 N4 N5 0 0.140 0
155 10 N4 N1 0 0.140 0
155 11 N4 N4 161 0.140 1
156 1 N5 N5 0 0.040 0
156 2 N5 N2 93 0.040 1
156 3 N1 N5 0 0.680 0
156 4 N1 N2 128 0.680 1
156 5 N1 N1 115 0.680 0
156 6 N2 N5 0 0.260 0
156 7 N2 N1 92 0.260 0
156 8 N2 N2 163 0.260 1
156 9 N4 N5 0 1.240 0
156 10 N4 N1 0 1.240 0
156 11 N4 N4 161 1.240 1
157 1 N5 N5 0 0.130 0
157 2 N5 N2 91 0.130 1
157 3 N1 N5 0 0.230 0
157 4 N1 N2 131 0.230 1
157 5 N1 N1 116 0.230 0
157 6 N2 N5 0 0.290 0
157 7 N2 N1 92 0.290 0
157 8 N2 N2 162 0.290 1
157 9 N4 N5 0 0.220 0
157 10 N4 N1 0 0.220 0
157 11 N4 N4 159 0.220 1
158 1 N5 N5 0 0.180 0
158 2 N5 N2 89 0.180 1
158 3 N1 N5 0 0.800 0
158 4 N1 N2 131 0.800 1
158 5 N1 N1 117 0.800 0
158 6 N2 N5 0 0.340 0
158 7 N2 N1 92 0.340 0
158 8 N2 N2 162 0.340 1
158 9 N4 N5 0 0.280 0
158 10 N4 N1 0 0.280 0
158 11 N4 N4 158 0.280 1
159 1 N5 N5 0 0.210 0
159 2 N5 N2 87 0.210 1
159 3 N1 N5 0 0.490 0
159 4 N1 N2 132 0.490 1
159 5 N1 N1 116 0.490 0
159 6 N2 N5 0 0.390 0
159 7 N2 N1 91 0.390 0
159 8 N2 N2 162 0.390 1
159 9 N4 N5 0 0.360 0
159 10 N4 N1 0 0.360 0
159 11 N4 N4 159 0.360 1
160 1 N5 N5 0 0.810 0
160 2 N5 N2 86 0.810 1
160 3 N1 N5 0 0.520 0
160 4 N1 N2 132 0.520 1
160 5 N1 N1 115 0.520 0
160 6 N2 N5 0 0.440 0
160 7 N2 N1 89 0.440 0
160 8 N2 N2 163 0.440 1
160 9 N4 N5 0 0.940 0
160 10 N4 N1 0 0.940 0
160 11 N4 N4 160 0.940 1
161 1 N5 N5 0 1.900 0
161 2 N5 N2 86 1.900 1
161 3 N1 N5 0 0.050 0
161 4 N1 N2 136 0.050 1
161 5 N1 N1 116 0.050 0
161 6 N2 N5 0 0.100 0
161 7 N2 N1 90 0.100 0
161 8 N2 N2 164 0.100 1
161 9 N4 N5 0 0.510 0
161 10 N4 N1 0 0.510 0
161 11 N4 N4 161 0.510 1
162 1 N5 N5 0 0.390 0
162 2 N5 N2 86 0.390 1
162 3 N1 N5 0 0.100 0
162 4 N1 N2 136 0.100 1
162 5 N1 N1 117 0.100 0
162 6 N2 N5 0 0.030 0
162 7 N2 N1 91 0.030 0
162 8 N2 N2 165 0.030 1
162 9 N4 N5 0 1.590 0
162 10 N4 N1 0 1.590 0
162 11 N4 N4 161 1.590 1
163 1 N5 N5 0 0.450 0
163 2 N5 N2 86 0.450 1
163 3 N1 N5 0 0.570 0
163 4 N1 N2 136 0.570 1
163 5 N1 N1 117 0.570 0
163 6 N2 N5 0 0.120 0
163 7 N2 N1 93 0.120 0
163 8 N2 N2 166 0.120 1
163 9 N4 N5 0 0.090 0
163 10 N4 N1 0 0.090 0
163 11 N4 N4 162 0.090 1
164 1 N5 N5 0 0.020 0
164 2 N5 N2 87 0.020 1
164 3 N1 N5 0 0.150 0
164 4 N1 N2 137 0.150 1
164 5 N1 N1 119 0.150 0
164 6 N2 N5 0 0.300 0
164 7 N2 N1 96 0.300 0
164 8 N2 N2 167 0.300 1
164 9 N4 N5 0 1.170 0
164 10 N4 N1 0 1.170 0
164 11 N4 N4 162 1.170 1
165 1 N5 N5 0 0.070 0
165 2 N5 N2 87 0.070 1
165 3 N1 N5 0 0.210 0
165 4 N1 N2 139 0.210 1
165 5 N1 N1 122 0.210 0
165 6 N2 N5 0 0.260 0
165 7 N2 N1 107 0.260 0
165 8 N2 N2 168 0.260 1
165 9 N4 N5 0 0.170 0
165 10 N4 N1 0 0.170 0
165 11 N4 N4 167 0.170 1
166 1 N5 N5 0 0.110 0
166 2 N5 N2 88 0.110 1
166 3 N1 N5 0 0.270 0
166 4 N1 N2 141 0.270 1
166 5 N1 N1 125 0.270 0
166 6 N2 N5 0 0.310 0
166 7 N2 N1 115 0.310 0
166 8 N2 N2 170 0.310 1
166 9 N4 N5 0 0.240 0
166 10 N4 N1 0 0.240 0
166 11 N4 N4 173 0.240 1
167 1 N5 N5 0 0.150 0
167 2 N5 N2 89 0.150 1
167 3 N1 N5 0 0.310 0
167 4 N1 N2 143 0.310 1
167 5 N1 N1 132 0.310 0
167 6 N2 N5 0 0.510 0
167 7 N2 N1 117 0.510 0
167 8 N2 N2 170 0.510 1
167 9 N4 N5 0 1.320 0
167 10 N4 N1 0 1.320 0
167 11 N4 N4 173 1.320 1
168 1 N5 N5 0 0.220 0
168 2 N5 N2 91 0.220 1
168 3 N1 N5 0 0.350 0
168 4 N1 N2 143 0.350 1
168 5 N1 N1 138 0.350 0
168 6 N2 N5 0 0.570 0
168 7 N2 N1 120 0.570 0
168 8 N2 N2 171 0.570 1
168 9 N4 N5 0 0.370 0
168 10 N4 N1 0 0.370 0
168 11 N4 N4 180 0.370 1
169 1 N5 N5 0 0.790 0
169 2 N5 N2 93 0.790 1
169 3 N1 N5 0 0.400 0
169 4 N1 N2 147 0.400 1
169 5 N1 N1 146 0.400 0
169 6 N2 N5 0 0.010 0
169 7 N2 N1 128 0.010 0
169 8 N2 N2 172 0.010 1
169 9 N4 N5 0 0.430 0
169 10 N4 N1 0 0.430 0
169 11 N4 N4 185 0.430 1
170 1 N5 N5 0 0.890 0
170 2 N5 N2 94 0.890 1
170 3 N1 N5 0 0.000 0
170 4 N1 N2 149 0.000 1
170 5 N1 N1 152 0.000 0
170 6 N2 N5 0 0.720 0
170 7 N2 N1 128 0.720 0
170 8 N2 N2 173 0.720 1
170 9 N4 N5 0 0.030 0
170 10 N4 N1 0 0.030 0
170 11 N4 N4 193 0.030 1
171 1 N5 N5 0 0.090 0
171 2 N5 N2 98 0.090 1
171 3 N1 N5 0 0.030 0
171 4 N1 N2 151 0.030 1
171 5 N1 N1 158 0.030 0
171 6 N2 N5 0 0.800 0
171 7 N2 N1 129 0.800 0
171 8 N2 N2 175 0.800 1
171 9 N4 N5 0 0.060 0
171 10 N4 N1 0 0.060 0
171 11 N4 N4 201 0.060 1
172 1 N5 N5 0 0.150 0
172 2 N5 N2 100 0.150 1
172 3 N1 N5 0 0.250 0
172 4 N1 N2 152 0.250 1
172 5 N1 N1 160 0.250 0
172 6 N2 N5 0 0.220 0
172 7 N2 N1 134 0.220 0
172 8 N2 N2 177 0.220 1
172 9 N4 N5 0 0.130 0
172 10 N4 N1 0 0.130 0
172 11 N4 N4 206 0.130 1
173 1 N5 N5 0 0.100 0
173 2 N5 N2 103 0.100 1
173 3 N1 N5 0 0.050 0
173 4 N1 N2 150 0.050 0
173 5 N1 N1 161 0.050 1
173 6 N2 N5 0 0.780 0
173 7 N2 N1 138 0.780 0
173 8 N2 N2 178 0.780 1
173 9 N4 N5 0 0.200 0
173 10 N4 N1 0 0.200 0
173 11 N4 N4 214 0.200 1
174 1 N5 N5 0 1.180 0
174 2 N5 N2 103 1.180 1
174 3 N1 N5 0 0.210 0
174 4 N1 N2 147 0.210 0
174 5 N1 N1 162 0.210 1
174 6 N2 N5 0 0.270 0
174 7 N2 N1 140 0.270 0
174 8 N2 N2 180 0.270 1
174 9 N4 N5 0 0.270 0
174 10 N4 N1 0 0.270 0
174 11 N4 N4 221 0.270 1
175 1 N5 N5 0 0.780 0
175 2 N5 N2 104 0.780 1
175 3 N1 N5 0 0.290 0
175 4 N1 N2 144 0.290 0
175 5 N1 N1 163 0.290 1
175 6 N2 N5 0 0.430 0
175 7 N2 N1 141 0.430 0
175 8 N2 N2 181 0.430 1
175 9 N4 N5 0 0.320 0
175 10 N4 N1 78 0.320 0
175 11 N4 N4 225 0.320 1
176 1 N5 N5 0 0.310 0
176 2 N5 N2 107 0.310 1
176 3 N1 N5 0 0.370 0
176 4 N1 N2 143 0.370 0
176 5 N1 N1 162 0.370 1
176 6 N2 N5 0 0.370 0
176 7 N2 N1 138 0.370 0
176 8 N2 N2 183 0.370 1
176 9 N4 N5 0 0.050 0
176 10 N4 N1 73 0.050 0
176 11 N4 N4 228 0.050 1
177 1 N5 N5 0 0.370 0
177 2 N5 N2 110 0.370 1
177 3 N1 N5 0 0.450 0
177 4 N1 N2 144 0.450 0
177 5 N1 N1 160 0.450 1
177 6 N2 N5 0 0.000 0
177 7 N2 N1 132 0.000 0
177 8 N2 N2 185 0.000 1
177 9 N4 N5 0 0.450 0
177 10 N4 N1 73 0.450 0
177 11 N4 N4 230 0.450 1
178 1 N5 N5 0 0.130 0
178 2 N5 N2 114 0.130 1
178 3 N1 N5 0 0.210 0
178 4 N1 N2 145 0.210 0
178 5 N1 N1 160 0.210 1
178 6 N2 N5 0 0.120 0
178 7 N2 N1 130 0.120 0
178 8 N2 N2 184 0.120 1
178 9 N4 N5 0 0.210 0
178 10 N4 N1 73 0.210 0
178 11 N4 N4 231 0.210 1
179 1 N5 N5 0 0.230 0
179 2 N5 N2 115 0.230 1
179 3 N1 N5 0 0.310 0
179 4 N1 N2 146 0.310 0
179 5 N1 N1 159 0.310 1
179 6 N2 N5 0 0.330 0
179 7 N2 N1 128 0.330 0
179 8 N2 N2 183 0.330 1
179 9 N4 N5 0 0.250 0
179 10 N4 N1 73 0.250 0
179 11 N4 N4 231 0.250 1
180 1 N5 N5 0 0.270 0
180 2 N5 N2 117 0.270 1
180 3 N1 N5 0 0.350 0
180 4 N1 N2 147 0.350 0
180 5 N1 N1 157 0.350 1
180 6 N2 N5 0 0.910 0
180 7 N2 N1 128 0.910 0
180 8 N2 N2 183 0.910 1
180 9 N4 N5 0 0.330 0
180 10 N4 N1 75 0.330 0
180 11 N4 N4 232 0.330 1
181 1 N5 N5 0 0.840 0
181 2 N5 N2 117 0.840 1
181 3 N1 N5 0 0.040 0
181 4 N1 N2 148 0.040 0
181 5 N1 N1 155 0.040 1
181 6 N2 N5 0 0.360 0
181 7 N2 N1 130 0.360 0
181 8 N2 N2 183 0.360 1
181 9 N4 N5 0 0.070 0
181 10 N4 N1 75 0.070 0
181 11 N4 N4 232 0.070 1
182 1 N5 N5 0 0.390 0
182 2 N5 N2 120 0.390 1
182 3 N1 N5 0 0.000 0
182 4 N1 N2 152 0.000 0
182 5 N1 N1 154 0.000 1
182 6 N2 N5 0 0.010 0
182 7 N2 N1 133 0.010 0
182 8 N2 N2 186 0.010 1
182 9 N4 N5 0 0.150 0
182 10 N4 N1 78 0.150 0
182 11 N4 N4 232 0.150 1
183 1 N5 N5 0 0.450 0
183 2 N5 N2 121 0.450 1
183 3 N1 N5 0 0.040 0
183 4 N1 N2 154 0.040 0
183 5 N1 N1 154 0.040 1
183 6 N2 N5 0 0.080 0
183 7 N2 N1 135 0.080 0
183 8 N2 N2 187 0.080 1
183 9 N4 N5 0 0.150 0
183 10 N4 N1 86 0.150 0
183 11 N4 N4 234 0.150 1
184 1 N5 N5 0 0.990 0
184 2 N5 N2 123 0.990 1
184 3 N1 N5 0 0.170 0
184 4 N1 N2 155 0.170 0
184 5 N1 N1 154 0.170 1
184 6 N2 N5 0 1.160 0
184 7 N2 N1 135 1.160 0
184 8 N2 N2 187 1.160 1
184 9 N4 N5 0 1.230 0
184 10 N4 N1 86 1.230 0
184 11 N4 N4 234 1.230 1
185 1 N5 N5 0 2.080 0
185 2 N5 N2 123 2.080 1
185 3 N1 N5 0 0.620 0
185 4 N1 N2 155 0.620 0
185 5 N1 N1 154 0.620 1
185 6 N2 N5 0 0.110 0
185 7 N2 N1 135 0.110 0
185 8 N2 N2 188 0.110 1
185 9 N4 N5 0 0.630 0
185 10 N4 N1 86 0.630 0
185 11 N4 N4 234 0.630 1
186 1 N5 N5 0 0.140 0
186 2 N5 N2 125 0.140 1
186 3 N1 N5 0 0.150 0
186 4 N1 N2 157 0.150 0
186 5 N1 N1 155 0.150 1
186 6 N2 N5 0 0.130 0
186 7 N2 N1 130 0.130 0
186 8 N2 N2 190 0.130 1
186 9 N4 N5 0 0.220 0
186 10 N4 N1 86 0.220 0
186 11 N4 N4 237 0.220 1
187 1 N5 N5 0 0.190 0
187 2 N5 N2 128 0.190 1
187 3 N1 N5 0 0.230 0
187 4 N1 N2 158 0.230 0
187 5 N1 N1 154 0.230 1
187 6 N2 N5 0 0.210 0
187 7 N2 N1 129 0.210 0
187 8 N2 N2 191 0.210 1
187 9 N4 N5 0 0.280 0
187 10 N4 N1 86 0.280 0
187 11 N4 N4 238 0.280 1
188 1 N5 N5 0 0.270 0
188 2 N5 N2 133 0.270 1
188 3 N1 N5 0 0.290 0
188 4 N1 N2 160 0.290 0
188 5 N1 N1 153 0.290 1
188 6 N2 N5 0 0.290 0
188 7 N2 N1 126 0.290 0
188 8 N2 N2 194 0.290 1
188 9 N4 N5 0 0.360 0
188 10 N4 N1 86 0.360 0
188 11 N4 N4 240 0.360 1
189 1 N5 N5 0 0.840 0
189 2 N5 N2 136 0.840 1
189 3 N1 N5 0 0.330 0
189 4 N1 N2 159 0.330 0
189 5 N1 N1 152 0.330 1
189 6 N2 N5 0 0.370 0
189 7 N2 N1 125 0.370 0
189 8 N2 N2 197 0.370 1
189 9 N4 N5 0 0.430 0
189 10 N4 N1 86 0.430 0
189 11 N4 N4 241 0.430 1
190 1 N5 N5 0 0.420 0
190 2 N5 N2 139 0.420 1
190 3 N1 N5 0 0.530 0
190 4 N1 N2 159 0.530 0
190 5 N1 N1 151 0.530 1
190 6 N2 N5 0 0.440 0
190 7 N2 N1 127 0.440 0
190 8 N2 N2 197 0.440 1
190 9 N4 N5 0 0.090 0
190 10 N4 N1 87 0.090 0
190 11 N4 N4 241 0.090 1
191 1 N5 N5 0 1.500 0
191 2 N5 N2 139 1.500 1
191 3 N1 N5 0 0.090 0
191 4 N1 N2 158 0.090 0
191 5 N1 N1 149 0.090 1
191 6 N2 N5 0 0.110 0
191 7 N2 N1 127 0.110 0
191 8 N2 N2 197 0.110 1
191 9 N4 N5 0 0.210 0
191 10 N4 N1 86 0.210 0
191 11 N4 N4 243 0.210 1
192 1 N5 N5 0 0.010 0
192 2 N5 N2 145 0.010 1
192 3 N1 N5 0 0.040 0
192 4 N1 N2 154 0.040 0
192 5 N1 N1 147 0.040 1
192 6 N2 N5 0 0.050 0
192 7 N2 N1 126 0.050 0
192 8 N2 N2 196 0.050 1
192 9 N4 N5 0 1.300 0
192 10 N4 N1 86 1.300 0
192 11 N4 N4 243 1.300 1
193 1 N5 N5 0 0.590 0
193 2 N5 N2 147 0.590 1
193 3 N1 N5 0 0.210 0
193 4 N1 N2 151 0.210 0
193 5 N1 N1 144 0.210 1
193 6 N2 N5 0 0.120 0
193 7 N2 N1 124 0.120 0
193 8 N2 N2 195 0.120 1
193 9 N4 N5 0 0.230 0
193 10 N4 N1 85 0.230 0
193 11 N4 N4 244 0.230 1
194 1 N5 N5 0 0.140 0
194 2 N5 N2 150 0.140 1
194 3 N1 N5 0 0.160 0
194 4 N1 N2 148 0.160 0
194 5 N1 N1 143 0.160 1
194 6 N2 N5 0 0.150 0
194 7 N2 N1 120 0.150 0
194 8 N2 N2 192 0.150 1
194 9 N4 N5 0 0.120 0
194 10 N4 N1 85 0.120 0
194 11 N4 N4 244 0.120 1
195 1 N5 N5 0 0.680 0
195 2 N5 N2 150 0.680 1
195 3 N1 N5 0 0.200 0
195 4 N1 N2 144 0.200 0
195 5 N1 N1 139 0.200 1
195 6 N2 N5 0 0.230 0
195 7 N2 N1 117 0.230 0
195 8 N2 N2 191 0.230 1
195 9 N4 N5 0 0.180 0
195 10 N4 N1 85 0.180 0
195 11 N4 N4 242 0.180 1
196 1 N5 N5 0 0.230 0
196 2 N5 N2 152 0.230 1
196 3 N1 N5 0 0.270 0
196 4 N1 N2 143 0.270 0
196 5 N1 N1 137 0.270 1
196 6 N2 N5 0 0.310 0
196 7 N2 N1 115 0.310 0
196 8 N2 N2 188 0.310 1
196 9 N4 N5 0 0.230 0
196 10 N4 N1 83 0.230 0
196 11 N4 N4 239 0.230 1
197 1 N5 N5 0 0.280 0
197 2 N5 N2 153 0.280 1
197 3 N1 N5 0 0.350 0
197 4 N1 N2 143 0.350 1
197 5 N1 N1 134 0.350 0
197 6 N2 N5 0 0.330 0
197 7 N2 N1 113 0.330 0
197 8 N2 N2 187 0.330 1
197 9 N4 N5 0 0.810 0
197 10 N4 N1 81 0.810 0
197 11 N4 N4 237 0.810 1
198 1 N5 N5 0 0.360 0
198 2 N5 N2 153 0.360 1
198 3 N1 N5 0 0.400 0
198 4 N1 N2 145 0.400 1
198 5 N1 N1 132 0.400 0
198 6 N2 N5 0 0.400 0
198 7 N2 N1 112 0.400 0
198 8 N2 N2 186 0.400 1
198 9 N4 N5 0 0.050 0
198 10 N4 N1 78 0.050 0
198 11 N4 N4 235 0.050 1
199 1 N5 N5 0 0.370 0
199 2 N5 N2 152 0.370 1
199 3 N1 N5 0 0.030 0
199 4 N1 N2 147 0.030 1
199 5 N1 N1 131 0.030 0
199 6 N2 N5 0 0.030 0
199 7 N2 N1 113 0.030 0
199 8 N2 N2 185 0.030 1
199 9 N4 N5 0 0.410 0
199 10 N4 N1 78 0.410 0
199 11 N4 N4 234 0.410 1
200 1 N5 N5 0 0.460 0
200 2 N5 N2 151 0.460 1
200 3 N1 N5 0 0.070 0
200 4 N1 N2 149 0.070 1
200 5 N1 N1 132 0.070 0
200 6 N2 N5 0 0.020 0
200 7 N2 N1 113 0.020 0
200 8 N2 N2 185 0.020 1
200 9 N4 N5 0 0.170 0
200 10 N4 N1 76 0.170 0
200 11 N4 N4 232 0.170 1
201 1 N5 N5 0 0.010 0
201 2 N5 N2 148 0.010 1
201 3 N1 N5 0 0.110 0
201 4 N1 N2 150 0.110 1
201 5 N1 N1 133 0.110 0
201 6 N2 N5 0 0.090 0
201 7 N2 N1 113 0.090 0
201 8 N2 N2 184 0.090 1
201 9 N4 N5 0 0.030 0
201 10 N4 N1 76 0.030 0
201 11 N4 N4 231 0.030 1
202 1 N5 N5 0 0.080 0
202 2 N5 N2 147 0.080 1
202 3 N1 N5 0 0.070 0
202 4 N1 N2 155 0.070 1
202 5 N1 N1 135 0.070 0
202 6 N2 N5 0 0.190 0
202 7 N2 N1 113 0.190 0
202 8 N2 N2 183 0.190 1
202 9 N4 N5 0 0.310 0
202 10 N4 N1 73 0.310 0
202 11 N4 N4 229 0.310 1
203 1 N5 N5 0 0.690 0
203 2 N5 N2 147 0.690 1
203 3 N1 N5 0 0.150 0
203 4 N1 N2 157 0.150 1
203 5 N1 N1 139 0.150 0
203 6 N2 N5 0 0.370 0
203 7 N2 N1 114 0.370 0
203 8 N2 N2 184 0.370 1
203 9 N4 N5 0 0.200 0
203 10 N4 N1 72 0.200 0
203 11 N4 N4 228 0.200 1
204 1 N5 N5 0 0.230 0
204 2 N5 N2 146 0.230 1
204 3 N1 N5 0 0.240 0
204 4 N1 N2 159 0.240 1
204 5 N1 N1 142 0.240 0
204 6 N2 N5 0 0.300 0
204 7 N2 N1 116 0.300 0
204 8 N2 N2 184 0.300 1
204 9 N4 N5 0 0.300 0
204 10 N4 N1 72 0.300 0
204 11 N4 N4 225 0.300 1
205 1 N5 N5 0 0.290 0
205 2 N5 N2 145 0.290 1
205 3 N1 N5 0 0.280 0
205 4 N1 N2 159 0.280 1
205 5 N1 N1 145 0.280 0
205 6 N2 N5 0 0.380 0
205 7 N2 N1 117 0.380 0
205 8 N2 N2 183 0.380 1
205 9 N4 N5 0 1.380 0
205 10 N4 N1 72 1.380 0
205 11 N4 N4 225 1.380 1
206 1 N5 N5 0 0.330 0
206 2 N5 N2 143 0.330 1
206 3 N1 N5 0 0.330 0
206 4 N1 N2 160 0.330 1
206 5 N1 N1 147 0.330 0
206 6 N2 N5 0 0.040 0
206 7 N2 N1 120 0.040 0
206 8 N2 N2 184 0.040 1
206 9 N4 N1 74 0.050 0
206 10 N4 N4 224 0.050 1
207 1 N5 N5 0 0.410 0
207 2 N5 N2 143 0.410 1
207 3 N1 N2 161 0.490 1
207 4 N1 N1 149 0.490 0
207 5 N2 N1 121 0.100 0
207 6 N2 N2 185 0.100 1
207 7 N4 N1 76 0.100 0
207 8 N4 N4 224 0.100 1
208 1 N5 N5 0 0.440 0
208 2 N5 N2 144 0.440 1
208 3 N1 N2 166 0.020 1
208 4 N1 N1 155 0.020 0
208 5 N2 N1 127 0.030 0
208 6 N2 N2 188 0.030 1
208 7 N4 N1 77 0.470 0
208 8 N4 N4 224 0.470 1
209 1 N5 N5 0 0.480 0
209 2 N5 N2 147 0.480 1
209 3 N1 N2 169 0.590 1
209 4 N1 N1 156 0.590 0
209 5 N2 N1 129 0.080 0
209 6 N2 N2 191 0.080 1
209 7 N4 N1 77 0.160 0
209 8 N4 N4 225 0.160 1
210 1 N5 N5 0 1.050 0
210 2 N5 N2 148 1.050 1
210 3 N1 N2 175 0.480 1
210 4 N1 N1 159 0.480 0
210 5 N2 N1 130 0.200 0
210 6 N2 N2 195 0.200 1
210 7 N4 N1 77 1.230 0
210 8 N4 N4 225 1.230 1
211 1 N5 N5 0 2.120 0
211 2 N5 N2 148 2.120 1
211 3 N1 N2 177 0.080 1
211 4 N1 N1 161 0.080 0
211 5 N2 N1 132 0.120 0
211 6 N2 N2 197 0.120 1
211 7 N4 N1 77 2.300 0
211 8 N4 N4 225 2.300 1
212 1 N5 N5 0 0.200 0
212 2 N5 N2 149 0.200 1
212 3 N1 N2 178 0.210 1
212 4 N1 N1 161 0.210 0
212 5 N2 N1 132 0.290 0
212 6 N2 N2 199 0.290 1
212 7 N4 N1 79 0.140 0
212 8 N4 N4 227 0.140 1
213 1 N5 N5 0 0.120 0
213 2 N5 N2 151 0.120 1
213 3 N1 N2 176 0.120 1
213 4 N1 N1 163 0.120 0
213 5 N2 N1 129 0.210 0
213 6 N2 N2 200 0.210 1
213 7 N4 N1 79 0.160 0
213 8 N4 N4 229 0.160 1
214 1 N5 N5 0 0.200 0
214 2 N5 N2 151 0.200 1
214 3 N1 N2 174 0.140 1
214 4 N1 N1 164 0.140 0
214 5 N2 N1 130 0.260 0
214 6 N2 N2 201 0.260 1
214 7 N4 N1 78 0.200 0
214 8 N4 N4 230 0.200 1
215 1 N5 N5 0 0.240 0
215 2 N5 N2 152 0.240 1
215 3 N1 N2 171 0.170 1
215 4 N1 N1 164 0.170 0
215 5 N2 N1 131 0.280 0
215 6 N2 N2 201 0.280 1
215 7 N4 N1 78 0.250 0
215 8 N4 N4 231 0.250 1
216 1 N5 N5 0 0.280 0
216 2 N5 N2 152 0.280 1
216 3 N1 N2 171 0.190 1
216 4 N1 N1 165 0.190 0
216 5 N2 N1 136 0.370 0
216 6 N2 N2 200 0.370 1
216 7 N4 N1 78 0.310 0
216 8 N4 N4 231 0.310 1
217 1 N5 N5 0 0.830 0
217 2 N5 N2 152 0.830 1
217 3 N1 N2 170 0.230 1
217 4 N1 N1 165 0.230 0
217 5 N2 N1 141 0.000 0
217 6 N2 N2 197 0.000 1
217 7 N4 N1 79 0.330 0
217 8 N4 N4 229 0.330 1
218 1 N5 N5 0 1.900 0
218 2 N5 N2 152 1.900 1
218 3 N1 N2 170 0.390 1
218 4 N1 N1 167 0.390 0
218 5 N2 N1 145 0.040 0
218 6 N2 N2 195 0.040 1
218 7 N4 N1 80 0.550 0
218 8 N4 N4 227 0.550 1
219 1 N5 N5 0 0.380 0
219 2 N5 N2 151 0.380 1
219 3 N1 N2 167 0.330 1
219 4 N1 N1 168 0.330 0
219 5 N2 N1 147 0.080 0
219 6 N2 N2 194 0.080 1
219 7 N4 N1 80 0.920 0
219 8 N4 N4 226 0.920 1
220 1 N5 N5 0 0.400 0
220 2 N5 N2 151 0.400 1
220 3 N1 N2 165 0.400 1
220 4 N1 N1 170 0.400 0
220 5 N2 N1 148 0.090 0
220 6 N2 N2 194 0.090 1
220 7 N4 N1 82 0.090 0
220 8 N4 N4 225 0.090 1
221 1 N5 N5 0 0.440 0
221 2 N5 N2 151 0.440 1
221 3 N1 N2 163 0.950 1
221 4 N1 N1 172 0.950 0
221 5 N2 N1 150 0.540 0
221 6 N2 N2 193 0.540 1
221 7 N4 N1 85 0.620 0
221 8 N4 N4 224 0.620 1
222 1 N5 N5 0 0.010 0
222 2 N5 N2 148 0.010 1
222 3 N1 N2 162 0.080 0
222 4 N1 N1 174 0.080 1
222 5 N2 N1 154 0.080 0
222 6 N2 N2 194 0.080 1
222 7 N4 N1 87 0.040 0
222 8 N4 N4 223 0.040 1
223 1 N5 N5 0 0.050 0
223 2 N5 N2 147 0.050 1
223 3 N1 N2 161 0.130 0
223 4 N1 N1 176 0.130 1
223 5 N2 N1 158 0.100 0
223 6 N2 N2 194 0.100 1
223 7 N4 N1 88 0.240 0
223 8 N4 N4 222 0.240 1
224 1 N5 N5 0 0.080 0
224 2 N5 N2 147 0.080 1
224 3 N1 N2 161 0.080 0
224 4 N1 N1 177 0.080 1
224 5 N2 N1 159 0.160 0
224 6 N2 N2 195 0.160 1
224 7 N4 N1 88 0.130 0
224 8 N4 N4 222 0.130 1
225 1 N5 N5 0 0.130 0
225 2 N5 N2 148 0.130 1
225 3 N1 N2 162 0.610 0
225 4 N1 N1 178 0.610 1
225 5 N2 N1 158 0.240 0
225 6 N2 N2 196 0.240 1
225 7 N4 N1 93 0.200 0
225 8 N4 N4 224 0.200 1
226 1 N5 N5 0 0.180 0
226 2 N5 N2 150 0.180 1
226 3 N1 N2 161 0.110 0
226 4 N1 N1 179 0.110 1
226 5 N2 N1 157 0.280 0
226 6 N2 N2 198 0.280 1
226 7 N4 N1 94 0.270 0
226 8 N4 N4 225 0.270 1
227 1 N5 N5 0 0.200 0
227 2 N5 N2 150 0.200 1
227 3 N1 N2 163 0.160 0
227 4 N1 N1 180 0.160 1
227 5 N2 N1 157 0.450 0
227 6 N2 N2 199 0.450 1
227 7 N4 N1 96 0.070 0
227 8 N4 N4 228 0.070 1
228 1 N5 N5 0 0.240 0
228 2 N5 N2 151 0.240 1
228 3 N1 N2 163 0.190 0
228 4 N1 N1 181 0.190 1
228 5 N2 N1 160 0.390 0
228 6 N2 N2 200 0.390 1
228 7 N4 N1 97 0.020 0
228 8 N4 N4 229 0.020 1
229 1 N5 N5 0 0.230 0
229 2 N5 N2 152 0.230 1
229 3 N1 N2 163 0.230 0
229 4 N1 N1 180 0.230 1
229 5 N2 N1 160 0.520 0
229 6 N2 N2 200 0.520 1
229 7 N4 N1 99 0.400 0
229 8 N4 N4 231 0.400 1
230 1 N5 N5 0 0.830 0
230 2 N5 N2 152 0.830 1
230 3 N1 N2 163 0.290 0
230 4 N1 N1 180 0.290 1
230 5 N2 N1 160 0.420 0
230 6 N2 N2 201 0.420 1
230 7 N4 N1 99 0.000 0
230 8 N4 N4 232 0.000 1
231 1 N5 N5 0 0.450 0
231 2 N5 N2 153 0.450 1
231 3 N1 N2 163 0.340 0
231 4 N1 N1 181 0.340 1
231 5 N2 N1 161 0.070 0
231 6 N2 N2 202 0.070 1
231 7 N4 N1 100 0.550 0
231 8 N4 N4 232 0.550 1
232 1 N5 N5 0 0.360 0
232 2 N5 N2 155 0.360 1
232 3 N1 N2 163 0.350 0
232 4 N1 N1 180 0.350 1
232 5 N2 N1 161 0.100 0
232 6 N2 N2 203 0.100 1
232 7 N4 N1 99 0.110 0
232 8 N4 N4 233 0.110 1
233 1 N5 N5 0 0.390 0
233 2 N5 N2 157 0.390 1
233 3 N1 N2 164 0.300 0
233 4 N1 N1 180 0.300 1
233 5 N2 N1 161 0.030 0
233 6 N2 N2 203 0.030 1
233 7 N4 N1 98 0.830 0
233 8 N4 N4 233 0.830 1
234 1 N5 N5 0 0.400 0
234 2 N5 N2 158 0.400 1
234 3 N1 N2 164 0.110 0
234 4 N1 N1 180 0.110 1
234 5 N2 N1 160 0.180 0
234 6 N2 N2 205 0.180 1
234 7 N4 N1 98 0.190 0
234 8 N4 N4 234 0.190 1
235 1 N5 N5 0 0.460 0
235 2 N5 N2 158 0.460 1
235 3 N1 N2 164 0.140 0
235 4 N1 N1 179 0.140 1
235 5 N2 N1 159 0.080 0
235 6 N2 N2 206 0.080 1
235 7 N4 N1 97 0.210 0
235 8 N4 N4 232 0.210 1
236 1 N5 N5 0 0.610 0
236 2 N5 N2 158 0.610 1
236 3 N1 N2 163 0.080 0
236 4 N1 N1 176 0.080 1
236 5 N2 N1 157 0.250 0
236 6 N2 N2 208 0.250 1
236 7 N4 N1 94 0.240 0
236 8 N4 N4 231 0.240 1
237 1 N5 N5 0 0.040 0
237 2 N5 N2 158 0.040 1
237 3 N1 N2 162 0.150 0
237 4 N1 N1 174 0.150 1
237 5 N2 N1 154 0.190 0
237 6 N2 N2 209 0.190 1
237 7 N4 N1 92 0.450 0
237 8 N4 N4 230 0.450 1
238 1 N5 N5 0 0.610 0
238 2 N5 N2 158 0.610 1
238 3 N1 N2 162 0.210 0
238 4 N1 N1 172 0.210 1
238 5 N2 N1 149 0.230 0
238 6 N2 N2 212 0.230 1
238 7 N4 N1 92 0.830 0
238 8 N4 N4 228 0.830 1
239 1 N5 N5 0 0.150 0
239 2 N5 N2 158 0.150 1
239 3 N1 N2 161 0.380 0
239 4 N1 N1 169 0.380 1
239 5 N2 N1 144 0.370 0
239 6 N2 N2 213 0.370 1
239 7 N4 N1 91 0.850 0
239 8 N4 N4 227 0.850 1
240 1 N5 N5 0 0.230 0
240 2 N5 N2 157 0.230 1
240 3 N1 N2 162 0.810 0
240 4 N1 N1 168 0.810 1
240 5 N2 N1 143 0.300 0
240 6 N2 N2 213 0.300 1
240 7 N4 N1 92 0.010 0
240 8 N4 N4 226 0.010 1
241 1 N5 N5 0 0.290 0
241 2 N5 N2 155 0.290 1
241 3 N1 N2 165 0.350 0
241 4 N1 N1 167 0.350 1
241 5 N2 N1 145 0.360 0
241 6 N2 N2 213 0.360 1
241 7 N4 N1 91 0.050 0
241 8 N4 N4 225 0.050 1
242 1 N5 N5 0 0.330 0
242 2 N5 N2 154 0.330 1
242 3 N1 N2 168 0.390 0
242 4 N1 N1 166 0.390 1
242 5 N2 N1 146 0.010 0
242 6 N2 N2 215 0.010 1
242 7 N4 N1 90 0.070 0
242 8 N4 N4 224 0.070 1
243 1 N5 N5 0 0.380 0
243 2 N5 N2 154 0.380 1
243 3 N1 N2 170 0.070 0
243 4 N1 N1 165 0.070 1
243 5 N2 N1 148 0.070 0
243 6 N2 N2 215 0.070 1
243 7 N4 N1 89 0.280 0
243 8 N4 N4 224 0.280 1
244 1 N5 N5 0 0.470 0
244 2 N5 N2 154 0.470 1
244 3 N1 N2 172 0.110 0
244 4 N1 N1 165 0.110 1
244 5 N2 N1 148 0.550 0
244 6 N2 N2 215 0.550 1
244 7 N4 N1 90 0.060 0
244 8 N4 N4 225 0.060 1
245 1 N5 N5 0 0.510 0
245 2 N5 N2 155 0.510 1
245 3 N1 N2 172 0.020 0
245 4 N1 N1 164 0.020 1
245 5 N2 N1 146 0.060 0
245 6 N2 N2 216 0.060 1
245 7 N4 N1 90 0.280 0
245 8 N4 N4 225 0.280 1
246 1 N5 N5 0 0.040 0
246 2 N5 N2 157 0.040 1
246 3 N1 N2 171 0.050 0
246 4 N1 N1 164 0.050 1
246 5 N2 N1 143 0.110 0
246 6 N2 N2 216 0.110 1
246 7 N4 N1 89 0.180 0
246 8 N4 N4 226 0.180 1
247 1 N5 N5 0 0.080 0
247 2 N5 N2 158 0.080 1
247 3 N1 N2 172 0.070 0
247 4 N1 N1 163 0.070 1
247 5 N2 N1 141 0.280 0
247 6 N2 N2 217 0.280 1
247 7 N4 N1 88 0.740 0
247 8 N4 N4 228 0.740 1
248 1 N5 N5 0 0.100 0
248 2 N5 N2 160 0.100 1
248 3 N1 N2 174 0.090 1
248 4 N1 N1 161 0.090 0
248 5 N2 N1 139 0.710 0
248 6 N2 N2 218 0.710 1
248 7 N4 N1 87 0.270 0
248 8 N4 N4 230 0.270 1
249 1 N5 N5 0 0.160 0
249 2 N5 N2 163 0.160 1
249 3 N1 N2 177 0.130 1
249 4 N1 N1 159 0.130 0
249 5 N2 N1 137 0.760 0
249 6 N2 N2 219 0.760 1
249 7 N4 N1 87 0.320 0
249 8 N4 N4 232 0.320 1
250 1 N5 N5 0 0.720 0
250 2 N5 N2 163 0.720 1
250 3 N1 N2 182 0.170 1
250 4 N1 N1 158 0.170 0
250 5 N2 N1 137 0.270 0
250 6 N2 N2 221 0.270 1
250 7 N4 N1 87 0.380 0
250 8 N4 N4 232 0.380 1
251 1 N5 N5 0 0.770 0
251 2 N5 N2 164 0.770 1
251 3 N1 N2 186 0.220 1
251 4 N1 N1 156 0.220 0
251 5 N2 N1 136 0.270 0
251 6 N2 N2 224 0.270 1
251 7 N4 N1 84 0.140 0
251 8 N4 N4 234 0.140 1
252 1 N5 N5 0 0.290 0
252 2 N5 N2 166 0.290 1
252 3 N1 N2 190 0.280 1
252 4 N1 N1 155 0.280 0
252 5 N2 N1 136 0.330 0
252 6 N2 N2 227 0.330 1
252 7 N4 N1 84 0.980 0
252 8 N4 N4 234 0.980 1
253 1 N5 N5 0 0.840 0
253 2 N5 N2 167 0.840 1
253 3 N1 N2 195 0.330 1
253 4 N1 N1 154 0.330 0
253 5 N2 N1 136 0.370 0
253 6 N2 N2 230 0.370 1
253 7 N4 N1 83 0.020 0
253 8 N4 N4 235 0.020 1
254 1 N5 N5 0 0.390 0
254 2 N5 N2 169 0.390 1
254 3 N1 N2 197 0.370 1
254 4 N1 N1 154 0.370 0
254 5 N2 N1 136 0.050 0
254 6 N2 N2 234 0.050 1
254 7 N4 N1 80 0.270 0
254 8 N4 N4 235 0.270 1
255 1 N5 N5 0 0.450 0
255 2 N5 N2 171 0.450 1
255 3 N1 N2 197 0.550 1
255 4 N1 N1 154 0.550 0
255 5 N2 N1 135 0.100 0
255 6 N2 N2 237 0.100 1
255 7 N4 N1 77 0.050 0
255 8 N4 N4 234 0.050 1
256 1 N5 N5 0 0.490 0
256 2 N5 N2 173 0.490 1
256 3 N1 N2 197 0.070 1
256 4 N1 N1 155 0.070 0
256 5 N2 N1 135 0.140 0
256 6 N2 N2 241 0.140 1
256 7 N4 N1 76 0.080 0
256 8 N4 N4 233 0.080 1
257 1 N5 N5 0 0.020 0
257 2 N5 N2 176 0.020 1
257 3 N1 N2 197 0.120 1
257 4 N1 N1 156 0.120 0
257 5 N2 N1 137 0.060 0
257 6 N2 N2 243 0.060 1
257 7 N4 N1 76 0.140 0
257 8 N4 N4 231 0.140 1
258 1 N5 N5 0 0.050 0
258 2 N5 N2 178 0.050 1
258 3 N1 N2 199 0.030 1
258 4 N1 N1 156 0.030 0
258 5 N2 N1 139 0.100 0
258 6 N2 N2 243 0.100 1
258 7 N4 N1 75 0.190 0
258 8 N4 N4 227 0.190 1
259 1 N5 N5 0 0.590 0
259 2 N5 N2 179 0.590 1
259 3 N1 N2 200 0.050 1
259 4 N1 N1 158 0.050 0
259 5 N2 N1 141 0.160 0
259 6 N2 N2 244 0.160 1
259 7 N4 N1 75 0.240 0
259 8 N4 N4 226 0.240 1
260 1 N5 N5 0 0.100 0
260 2 N5 N2 180 0.100 1
260 3 N1 N2 200 0.090 1
260 4 N1 N1 158 0.090 0
260 5 N2 N1 142 0.210 0
260 6 N2 N2 244 0.210 1
260 7 N4 N1 76 0.310 0
260 8 N4 N4 223 0.310 1
261 1 N5 N5 0 0.660 0
261 2 N5 N2 181 0.660 1
261 3 N1 N2 199 0.110 1
261 4 N1 N1 159 0.110 0
261 5 N2 N1 142 0.260 0
261 6 N2 N2 244 0.260 1
261 7 N4 N1 77 0.040 0
261 8 N4 N4 222 0.040 1
262 1 N5 N5 0 0.160 0
262 2 N5 N2 182 0.160 1
262 3 N1 N2 197 0.160 1
262 4 N1 N1 161 0.160 0
262 5 N2 N1 143 0.280 0
262 6 N2 N2 243 0.280 1
262 7 N4 N1 77 0.440 0
262 8 N4 N4 221 0.440 1
263 1 N5 N5 0 0.220 0
263 2 N5 N2 184 0.220 1
263 3 N1 N2 196 0.730 1
263 4 N1 N1 161 0.730 0
263 5 N2 N1 142 0.460 0
263 6 N2 N2 243 0.460 1
263 7 N4 N1 77 1.510 0
263 8 N4 N4 221 1.510 1
264 1 N5 N5 0 0.770 0
264 2 N5 N2 185 0.770 1
264 3 N1 N2 195 0.270 1
264 4 N1 N1 160 0.270 0
264 5 N2 N1 138 0.370 0
264 6 N2 N2 243 0.370 1
264 7 N4 N1 77 0.050 0
264 8 N4 N4 221 0.050 1
265 1 N5 N5 0 0.420 0
265 2 N5 N2 187 0.420 1
265 3 N1 N2 195 0.390 1
265 4 N1 N1 159 0.390 0
265 5 N2 N1 137 0.500 0
265 6 N2 N2 241 0.500 1
265 7 N4 N1 76 0.170 0
265 8 N4 N4 221 0.170 1
266 1 N5 N5 0 0.450 0
266 2 N5 N2 188 0.450 1
266 3 N1 N2 197 0.030 1
266 4 N1 N1 160 0.030 0
266 5 N2 N1 134 0.020 0
266 6 N2 N2 240 0.020 1
266 7 N4 N1 75 0.200 0
266 8 N4 N4 223 0.200 1
267 1 N5 N5 0 0.470 0
267 2 N5 N2 191 0.470 1
267 3 N1 N2 200 0.060 1
267 4 N1 N1 158 0.060 0
267 5 N2 N1 132 0.170 0
267 6 N2 N2 240 0.170 1
267 7 N4 N1 75 0.410 0
267 8 N4 N4 224 0.410 1
268 1 N5 N5 0 0.050 0
268 2 N5 N2 194 0.050 1
268 3 N1 N2 201 0.120 1
268 4 N1 N1 158 0.120 0
268 5 N2 N1 132 0.220 0
268 6 N2 N2 240 0.220 1
268 7 N4 N1 75 0.140 0
268 8 N4 N4 227 0.140 1
269 1 N5 N5 0 0.120 0
269 2 N5 N2 197 0.120 1
269 3 N1 N2 202 0.080 1
269 4 N1 N1 158 0.080 0
269 5 N2 N1 134 0.160 0
269 6 N2 N2 241 0.160 1
269 7 N4 N1 75 0.970 0
269 8 N4 N4 229 0.970 1
270 1 N5 N5 0 0.180 0
270 2 N5 N2 199 0.180 1
270 3 N1 N2 203 0.160 1
270 4 N1 N1 156 0.160 0
270 5 N2 N1 134 0.180 0
270 6 N2 N2 242 0.180 1
270 7 N4 N1 75 0.510 0
270 8 N4 N4 231 0.510 1
271 1 N5 N5 0 0.250 0
271 2 N5 N2 202 0.250 1
271 3 N1 N2 202 0.190 1
271 4 N1 N1 155 0.190 0
271 5 N2 N1 132 0.220 0
271 6 N2 N2 243 0.220 1
271 7 N4 N1 75 0.050 0
271 8 N4 N4 232 0.050 1
272 1 N5 N5 0 0.280 0
272 2 N5 N2 204 0.280 1
272 3 N1 N2 203 0.230 1
272 4 N1 N1 155 0.230 0
272 5 N2 N1 130 0.260 0
272 6 N2 N2 244 0.260 1
272 7 N4 N1 74 0.120 0
272 8 N4 N4 234 0.120 1
273 1 N5 N5 0 0.320 0
273 2 N5 N2 205 0.320 1
273 3 N1 N2 203 0.270 1
273 4 N1 N1 155 0.270 0
273 5 N2 N1 129 0.440 0
273 6 N2 N2 245 0.440 1
273 7 N4 N1 74 0.170 0
273 8 N4 N4 237 0.170 1
274 1 N5 N5 0 0.370 0
274 2 N5 N2 206 0.370 1
274 3 N1 N2 204 0.350 1
274 4 N1 N1 153 0.350 0
274 5 N2 N1 129 0.370 0
274 6 N2 N2 246 0.370 1
274 7 N4 N1 74 0.950 0
274 8 N4 N4 237 0.950 1
275 1 N5 N5 0 0.920 0
275 2 N5 N2 206 0.920 1
275 3 N1 N2 203 0.370 1
275 4 N1 N1 151 0.370 0
275 5 N2 N1 128 0.400 0
275 6 N2 N2 245 0.400 1
275 7 N4 N1 74 0.270 0
275 8 N4 N4 239 0.270 1
276 1 N5 N5 0 0.470 0
276 2 N5 N2 207 0.470 1
276 3 N1 N2 203 0.400 1
276 4 N1 N1 151 0.400 0
276 5 N2 N1 128 0.560 0
276 6 N2 N2 245 0.560 1
276 7 N4 N1 73 0.320 0
276 8 N4 N4 240 0.320 1
277 1 N5 N5 0 0.530 0
277 2 N5 N2 207 0.530 1
277 3 N1 N2 205 0.060 1
277 4 N1 N1 152 0.060 0
277 5 N2 N1 131 0.110 0
277 6 N2 N2 245 0.110 1
277 7 N4 N1 72 0.580 0
277 8 N4 N4 240 0.580 1
278 1 N5 N5 0 0.050 0
278 2 N5 N2 206 0.050 1
278 3 N1 N2 205 0.080 1
278 4 N1 N1 156 0.080 0
278 5 N2 N1 132 0.140 0
278 6 N2 N2 243 0.140 1
278 7 N4 N1 72 0.930 0
278 8 N4 N4 239 0.930 1
279 1 N5 N5 0 0.100 0
279 2 N5 N2 205 0.100 1
279 3 N1 N2 204 0.010 1
279 4 N1 N1 161 0.010 0
279 5 N2 N1 135 0.170 0
279 6 N2 N2 242 0.170 1
279 7 N4 N1 72 0.970 0
279 8 N4 N4 240 0.970 1
280 1 N5 N5 0 0.640 0
280 2 N5 N2 204 0.640 1
280 3 N1 N2 201 0.030 1
280 4 N1 N1 164 0.030 0
280 5 N2 N1 137 0.090 0
280 6 N2 N2 239 0.090 1
280 7 N4 N1 72 0.990 0
280 8 N4 N4 240 0.990 1
281 1 N5 N5 0 0.160 0
281 2 N5 N2 203 0.160 1
281 3 N1 N2 196 0.080 1
281 4 N1 N1 164 0.080 0
281 5 N2 N1 139 0.210 0
281 6 N2 N2 236 0.210 1
281 7 N4 N1 72 0.140 0
281 8 N4 N4 240 0.140 1
282 1 N5 N5 0 0.720 0
282 2 N5 N2 202 0.720 1
282 3 N1 N2 194 0.140 1
282 4 N1 N1 166 0.140 0
282 5 N2 N1 138 0.140 0
282 6 N2 N2 233 0.140 1
282 7 N4 N1 72 0.030 0
282 8 N4 N4 241 0.030 1
283 1 N5 N5 0 0.780 0
283 2 N5 N2 200 0.780 1
283 3 N1 N2 190 0.190 1
283 4 N1 N1 168 0.190 0
283 5 N2 N1 136 0.190 0
283 6 N2 N2 231 0.190 1
283 7 N4 N1 72 0.080 0
283 8 N4 N4 242 0.080 1
284 1 N5 N5 0 0.290 0
284 2 N5 N2 198 0.290 1
284 3 N1 N2 188 0.340 1
284 4 N1 N1 166 0.340 0
284 5 N2 N1 133 0.220 0
284 6 N2 N2 229 0.220 1
284 7 N4 N1 71 0.090 0
284 8 N4 N4 242 0.090 1
285 1 N5 N5 0 0.340 0
285 2 N5 N2 195 0.340 1
285 3 N1 N2 189 0.410 1
285 4 N1 N1 164 0.410 0
285 5 N2 N1 132 0.270 0
285 6 N2 N2 228 0.270 1
285 7 N4 N1 72 0.160 0
285 8 N4 N4 242 0.160 1
286 1 N5 N5 0 1.410 0
286 2 N5 N2 195 1.410 1
286 3 N1 N2 190 0.340 1
286 4 N1 N1 160 0.340 0
286 5 N2 N1 128 0.280 0
286 6 N2 N2 226 0.280 1
286 7 N4 N1 72 0.720 0
286 8 N4 N4 242 0.720 1
287 1 N5 N5 0 0.480 0
287 2 N5 N2 192 0.480 1
287 3 N1 N2 190 0.510 1
287 4 N1 N1 157 0.510 0
287 5 N2 N1 126 0.450 0
287 6 N2 N2 225 0.450 1
287 7 N4 N1 72 1.810 0
287 8 N4 N4 242 1.810 1
288 1 N5 N5 0 0.030 0
288 2 N5 N2 188 0.030 1
288 3 N1 N2 189 0.420 1
288 4 N1 N1 155 0.420 0
288 5 N2 N1 126 1.520 0
288 6 N2 N2 225 1.520 1
288 7 N4 N1 72 0.260 0
288 8 N4 N4 243 0.260 1
289 1 N5 N5 0 0.090 0
289 2 N5 N2 186 0.090 1
289 3 N1 N2 186 0.040 1
289 4 N1 N1 151 0.040 0
289 5 N2 N1 125 0.550 0
289 6 N2 N2 224 0.550 1
289 7 N4 N1 72 0.800 0
289 8 N4 N4 244 0.800 1
290 1 N5 N5 0 0.140 0
290 2 N5 N2 181 0.140 1
290 3 N1 N2 187 0.080 1
290 4 N1 N1 147 0.080 0
290 5 N2 N1 121 0.450 0
290 6 N2 N2 223 0.450 1
290 7 N4 N1 72 1.880 0
290 8 N4 N4 244 1.880 1
291 1 N5 N5 0 0.190 0
291 2 N5 N2 177 0.190 1
291 3 N1 N2 186 0.100 1
291 4 N1 N1 146 0.100 0
291 5 N2 N1 117 0.000 0
291 6 N2 N2 221 0.000 1
291 7 N4 N1 0 0.030 0
291 8 N4 N4 244 0.030 1
292 1 N5 N5 0 0.240 0
292 2 N5 N2 173 0.240 1
292 3 N1 N2 186 0.040 1
292 4 N1 N1 143 0.040 0
292 5 N2 N1 118 0.550 0
292 6 N2 N2 221 0.550 1
292 7 N4 N1 0 0.950 0
292 8 N4 N4 245 0.950 1
293 1 N5 N5 0 0.280 0
293 2 N5 N2 171 0.280 1
293 3 N1 N2 185 0.060 1
293 4 N1 N1 140 0.060 0
293 5 N2 N1 117 0.110 0
293 6 N2 N2 221 0.110 1
293 7 N4 N1 0 0.430 0
293 8 N4 N4 245 0.430 1
294 1 N5 N5 0 0.350 0
294 2 N5 N2 169 0.350 1
294 3 N1 N2 185 1.130 1
294 4 N1 N1 140 1.130 0
294 5 N2 N1 117 0.260 0
294 6 N2 N2 220 0.260 1
294 7 N4 N1 0 0.480 0
294 8 N4 N4 245 0.480 1
295 1 N5 N5 0 1.420 0
295 2 N5 N2 169 1.420 1
295 3 N1 N2 187 0.150 1
295 4 N1 N1 139 0.150 0
295 5 N2 N1 116 0.690 0
295 6 N2 N2 219 0.690 1
295 7 N4 N1 0 0.510 0
295 8 N4 N4 245 0.510 1
296 1 N5 N5 0 0.460 0
296 2 N5 N2 165 0.460 1
296 3 N1 N2 187 0.210 1
296 4 N1 N1 138 0.210 0
296 5 N2 N1 117 0.210 0
296 6 N2 N2 218 0.210 1
296 7 N4 N1 0 0.050 0
296 8 N4 N4 244 0.050 1
297 1 N5 N5 0 0.480 0
297 2 N5 N2 161 0.480 1
297 3 N1 N2 184 0.220 1
297 4 N1 N1 138 0.220 0
297 5 N2 N1 117 1.280 0
297 6 N2 N2 218 1.280 1
297 7 N4 N1 0 1.120 0
297 8 N4 N4 244 1.120 1
298 1 N5 N5 0 0.030 0
298 2 N5 N2 157 0.030 1
298 3 N1 N2 181 0.270 1
298 4 N1 N1 138 0.270 0
298 5 N2 N1 117 0.280 0
298 6 N2 N2 215 0.280 1
298 7 N4 N1 0 0.170 0
298 8 N4 N4 243 0.170 1
299 1 N5 N5 0 0.060 0
299 2 N5 N2 156 0.060 1
299 3 N1 N2 179 0.300 1
299 4 N1 N1 138 0.300 0
299 5 N2 N1 117 0.330 0
299 6 N2 N2 213 0.330 1
299 7 N4 N1 0 1.240 0
299 8 N4 N4 243 1.240 1
300 1 N5 N5 0 0.110 0
300 2 N5 N2 153 0.110 1
300 3 N1 N2 176 0.300 1
300 4 N1 N1 139 0.300 0
300 5 N2 N1 118 0.370 0
300 6 N2 N2 212 0.370 1
300 7 N4 N1 0 0.310 0
300 8 N4 N4 242 0.310 1
