PING N1 (00:00:0c:18:11:01) 116(144) bytes of data
116 bytes from N1 icmp_seq=1 ttl=49 time=31.85 ms
RR: 	N5
	N2
	N1
	N1
	N2
	N5

116 bytes from N1 icmp_seq=2 ttl=49 time=6.45 ms	(same route)
116 bytes from N1 icmp_seq=3 ttl=49 time=2.47 ms	(same route)
116 bytes from N1 icmp_seq=4 ttl=49 time=10.47 ms	(same route)
116 bytes from N1 icmp_seq=5 ttl=49 time=6.65 ms	(same route)
116 bytes from N1 icmp_seq=6 ttl=49 time=6.12 ms	(same route)
116 bytes from N1 icmp_seq=7 ttl=49 time=4.19 ms	(same route)
116 bytes from N1 icmp_seq=8 ttl=49 time=144.82 ms	(same route)
116 bytes from N1 icmp_seq=9 ttl=49 time=11.45 ms	(same route)
116 bytes from N1 icmp_seq=10 ttl=49 time=5.65 ms	(same route)
116 bytes from N1 icmp_seq=11 ttl=49 time=2.12 ms	(same route)
116 bytes from N1 icmp_seq=12 ttl=49 time=6.22 ms	(same route)
116 bytes from N1 icmp_seq=13 ttl=49 time=2.30 ms	(same route)
116 bytes from N1 icmp_seq=14 ttl=49 time=44.53 ms	(same route)
116 bytes from N1 icmp_seq=15 ttl=49 time=36.98 ms	(same route)
116 bytes from N1 icmp_seq=16 ttl=49 time=2.80 ms	(same route)
116 bytes from N1 icmp_seq=17 ttl=49 time=2.26 ms	(same route)
116 bytes from N1 icmp_seq=18 ttl=49 time=2.23 ms	(same route)
116 bytes from N1 icmp_seq=19 ttl=49 time=2.99 ms	(same route)
116 bytes from N1 icmp_seq=20 ttl=49 time=2.18 ms	(same route)
116 bytes from N1 icmp_seq=21 ttl=49 time=2.72 ms	(same route)
116 bytes from N1 icmp_seq=22 ttl=49 time=27.67 ms	(same route)
116 bytes from N1 icmp_seq=23 ttl=49 time=36.67 ms	(same route)
116 bytes from N1 icmp_seq=24 ttl=49 time=2.26 ms	(same route)
116 bytes from N1 icmp_seq=25 ttl=49 time=2.58 ms	(same route)
116 bytes from N1 icmp_seq=26 ttl=49 time=2.63 ms	(same route)
116 bytes from N1 icmp_seq=27 ttl=49 time=76.52 ms	(same route)
116 bytes from N1 icmp_seq=28 ttl=49 time=14.54 ms	(same route)
116 bytes from N1 icmp_seq=29 ttl=49 time=5.45 ms	(same route)
116 bytes from N1 icmp_seq=30 ttl=49 time=2.55 ms	(same route)
116 bytes from N1 icmp_seq=31 ttl=49 time=2.98 ms	(same route)
116 bytes from N1 icmp_seq=32 ttl=49 time=7.38 ms	(same route)
116 bytes from N1 icmp_seq=33 ttl=49 time=4.95 ms	(same route)
116 bytes from N1 icmp_seq=34 ttl=49 time=2.27 ms	(same route)
116 bytes from N1 icmp_seq=35 ttl=49 time=2.52 ms	(same route)
116 bytes from N1 icmp_seq=36 ttl=49 time=6.43 ms	(same route)
116 bytes from N1 icmp_seq=37 ttl=49 time=2.17 ms	(same route)
116 bytes from N1 icmp_seq=38 ttl=49 time=4.71 ms	(same route)
116 bytes from N1 icmp_seq=39 ttl=49 time=2.43 ms	(same route)
116 bytes from N1 icmp_seq=40 ttl=49 time=2.20 ms	(same route)
116 bytes from N1 icmp_seq=41 ttl=49 time=4.34 ms	(same route)
116 bytes from N1 icmp_seq=42 ttl=49 time=4.07 ms	(same route)
116 bytes from N1 icmp_seq=43 ttl=49 time=13.22 ms	(same route)
116 bytes from N1 icmp_seq=44 ttl=49 time=28.43 ms	(same route)
116 bytes from N1 icmp_seq=45 ttl=49 time=16.26 ms	(same route)
116 bytes from N1 icmp_seq=46 ttl=49 time=2.32 ms	(same route)
116 bytes from N1 icmp_seq=47 ttl=49 time=2.12 ms	(same route)
116 bytes from N1 icmp_seq=48 ttl=49 time=36.46 ms	(same route)
116 bytes from N1 icmp_seq=49 ttl=49 time=4.89 ms	(same route)
116 bytes from N1 icmp_seq=50 ttl=49 time=3.86 ms	(same route)
116 bytes from N1 icmp_seq=51 ttl=49 time=6.25 ms	(same route)
116 bytes from N1 icmp_seq=52 ttl=49 time=2.18 ms	(same route)
116 bytes from N1 icmp_seq=53 ttl=49 time=13.95 ms	(same route)
116 bytes from N1 icmp_seq=54 ttl=49 time=4.79 ms	(same route)
116 bytes from N1 icmp_seq=55 ttl=49 time=2.12 ms	(same route)
116 bytes from N1 icmp_seq=56 ttl=49 time=8.01 ms	(same route)
116 bytes from N1 icmp_seq=57 ttl=49 time=2.66 ms	(same route)
116 bytes from N1 icmp_seq=58 ttl=49 time=23.08 ms	(same route)
116 bytes from N1 icmp_seq=59 ttl=49 time=13.23 ms	(same route)
116 bytes from N1 icmp_seq=60 ttl=49 time=16.40 ms	(same route)
116 bytes from N1 icmp_seq=61 ttl=49 time=12.54 ms	(same route)
116 bytes from N1 icmp_seq=62 ttl=49 time=17.29 ms	(same route)
116 bytes from N1 icmp_seq=63 ttl=49 time=10.48 ms	(same route)
116 bytes from N1 icmp_seq=64 ttl=49 time=15.49 ms	(same route)
116 bytes from N1 icmp_seq=65 ttl=49 time=29.26 ms	(same route)
116 bytes from N1 icmp_seq=66 ttl=49 time=2.99 ms	(same route)
116 bytes from N1 icmp_seq=67 ttl=49 time=12.01 ms	(same route)
116 bytes from N1 icmp_seq=68 ttl=49 time=4.32 ms	(same route)
116 bytes from N1 icmp_seq=69 ttl=49 time=13.65 ms	(same route)
116 bytes from N1 icmp_seq=70 ttl=49 time=308.31 ms	(same route)
116 bytes from N1 icmp_seq=71 ttl=49 time=14.17 ms	(same route)
116 bytes from N1 icmp_seq=72 ttl=49 time=7.04 ms	(same route)
116 bytes from N1 icmp_seq=73 ttl=49 time=5.35 ms	(same route)
116 bytes from N1 icmp_seq=74 ttl=49 time=2.43 ms	(same route)
116 bytes from N1 icmp_seq=75 ttl=49 time=2.18 ms	(same route)
116 bytes from N1 icmp_seq=76 ttl=49 time=4.38 ms	(same route)
116 bytes from N1 icmp_seq=77 ttl=49 time=2.48 ms	(same route)
116 bytes from N1 icmp_seq=78 ttl=49 time=3.71 ms	(same route)
116 bytes from N1 icmp_seq=79 ttl=49 time=111.99 ms	(same route)
116 bytes from N1 icmp_seq=80 ttl=49 time=2.63 ms	(same route)
116 bytes from N1 icmp_seq=81 ttl=49 time=3.94 ms	(same route)
116 bytes from N1 icmp_seq=82 ttl=49 time=2.50 ms	(same route)
116 bytes from N1 icmp_seq=83 ttl=49 time=3.25 ms	(same route)
116 bytes from N1 icmp_seq=84 ttl=49 time=15.98 ms	(same route)
116 bytes from N1 icmp_seq=85 ttl=49 time=8.29 ms	(same route)
116 bytes from N1 icmp_seq=86 ttl=49 time=3.87 ms	(same route)
116 bytes from N1 icmp_seq=87 ttl=49 time=242.81 ms	(same route)
116 bytes from N1 icmp_seq=88 ttl=49 time=2.90 ms	(same route)
116 bytes from N1 icmp_seq=89 ttl=49 time=2.27 ms	(same route)
116 bytes from N1 icmp_seq=90 ttl=49 time=3.53 ms	(same route)
116 bytes from N1 icmp_seq=91 ttl=49 time=8.48 ms	(same route)
116 bytes from N1 icmp_seq=92 ttl=49 time=2.23 ms	(same route)
116 bytes from N1 icmp_seq=93 ttl=49 time=221.07 ms	(same route)
116 bytes from N1 icmp_seq=94 ttl=49 time=2.55 ms	(same route)
116 bytes from N1 icmp_seq=95 ttl=49 time=4.90 ms	(same route)
116 bytes from N1 icmp_seq=96 ttl=49 time=263.12 ms	(same route)
116 bytes from N1 icmp_seq=97 ttl=49 time=5.66 ms	(same route)
116 bytes from N1 icmp_seq=98 ttl=49 time=21.42 ms	(same route)
116 bytes from N1 icmp_seq=99 ttl=49 time=8.48 ms	(same route)
116 bytes from N1 icmp_seq=100 ttl=49 time=4.73 ms	(same route)
116 bytes from N1 icmp_seq=101 ttl=49 time=442.55 ms	(same route)
Reply from host N1 timed out
116 bytes from N1 icmp_seq=103 ttl=49 time=25.36 ms	(same route)
116 bytes from N1 icmp_seq=104 ttl=49 time=27.23 ms	(same route)
116 bytes from N1 icmp_seq=105 ttl=49 time=45.98 ms	(same route)
116 bytes from N1 icmp_seq=106 ttl=49 time=497.99 ms	(same route)
116 bytes from N1 icmp_seq=107 ttl=49 time=2.18 ms	(same route)
116 bytes from N1 icmp_seq=108 ttl=49 time=17.94 ms	(same route)
Reply from host N1 timed out
116 bytes from N1 icmp_seq=110 ttl=49 time=160.27 ms	(same route)
116 bytes from N1 icmp_seq=111 ttl=49 time=18.43 ms	(same route)
116 bytes from N1 icmp_seq=112 ttl=49 time=15.08 ms	(same route)
116 bytes from N1 icmp_seq=113 ttl=49 time=58.86 ms	(same route)
116 bytes from N1 icmp_seq=114 ttl=49 time=213.89 ms	(same route)
116 bytes from N1 icmp_seq=115 ttl=49 time=472.54 ms	(same route)
116 bytes from N1 icmp_seq=116 ttl=49 time=111.79 ms	(same route)
116 bytes from N1 icmp_seq=117 ttl=49 time=12.73 ms	(same route)
116 bytes from N1 icmp_seq=118 ttl=49 time=12.19 ms	(same route)
116 bytes from N1 icmp_seq=119 ttl=49 time=14.45 ms	(same route)
Reply from host N1 timed out
Reply from host N1 timed out
116 bytes from N1 icmp_seq=122 ttl=49 time=7.81 ms	(same route)
116 bytes from N1 icmp_seq=123 ttl=49 time=955.13 ms	(same route)
116 bytes from N1 icmp_seq=124 ttl=49 time=5.83 ms	(same route)
116 bytes from N1 icmp_seq=125 ttl=49 time=681.50 ms	(same route)
116 bytes from N1 icmp_seq=126 ttl=49 time=405.07 ms	(same route)
116 bytes from N1 icmp_seq=127 ttl=49 time=15.52 ms	(same route)
116 bytes from N1 icmp_seq=128 ttl=49 time=4.51 ms	(same route)
116 bytes from N1 icmp_seq=129 ttl=49 time=52.74 ms	(same route)
116 bytes from N1 icmp_seq=130 ttl=49 time=836.92 ms	(same route)
116 bytes from N1 icmp_seq=131 ttl=49 time=150.77 ms	(same route)
116 bytes from N1 icmp_seq=132 ttl=49 time=285.80 ms	(same route)
116 bytes from N1 icmp_seq=133 ttl=49 time=29.14 ms	(same route)
116 bytes from N1 icmp_seq=134 ttl=49 time=38.13 ms	(same route)
116 bytes from N1 icmp_seq=135 ttl=49 time=108.78 ms	(same route)
Reply from host N1 timed out
116 bytes from N1 icmp_seq=137 ttl=49 time=325.61 ms	(same route)
116 bytes from N1 icmp_seq=138 ttl=49 time=4.62 ms	(same route)
116 bytes from N1 icmp_seq=139 ttl=49 time=75.90 ms	(same route)
116 bytes from N1 icmp_seq=140 ttl=49 time=2.43 ms	(same route)
116 bytes from N1 icmp_seq=141 ttl=49 time=10.32 ms	(same route)
116 bytes from N1 icmp_seq=142 ttl=49 time=23.16 ms	(same route)
116 bytes from N1 icmp_seq=143 ttl=49 time=59.30 ms	(same route)
116 bytes from N1 icmp_seq=144 ttl=49 time=185.23 ms	(same route)
116 bytes from N1 icmp_seq=145 ttl=49 time=26.23 ms	(same route)
116 bytes from N1 icmp_seq=146 ttl=49 time=193.73 ms	(same route)
116 bytes from N1 icmp_seq=147 ttl=49 time=2.25 ms	(same route)
116 bytes from N1 icmp_seq=148 ttl=49 time=2.80 ms	(same route)
116 bytes from N1 icmp_seq=149 ttl=49 time=2.31 ms	(same route)
116 bytes from N1 icmp_seq=150 ttl=49 time=604.43 ms	(same route)
116 bytes from N1 icmp_seq=151 ttl=49 time=33.85 ms	(same route)
116 bytes from N1 icmp_seq=152 ttl=49 time=809.50 ms	(same route)
116 bytes from N1 icmp_seq=153 ttl=49 time=2.90 ms	(same route)
116 bytes from N1 icmp_seq=154 ttl=49 time=2.99 ms	(same route)
116 bytes from N1 icmp_seq=155 ttl=49 time=3.29 ms	(same route)
116 bytes from N1 icmp_seq=156 ttl=49 time=996.52 ms	(same route)
116 bytes from N1 icmp_seq=157 ttl=49 time=43.33 ms	(same route)
116 bytes from N1 icmp_seq=158 ttl=49 time=21.07 ms	(same route)
Reply from host N1 timed out
Reply from host N1 timed out
Reply from host N1 timed out
116 bytes from N1 icmp_seq=162 ttl=49 time=729.98 ms	(same route)
116 bytes from N1 icmp_seq=163 ttl=49 time=25.34 ms	(same route)
116 bytes from N1 icmp_seq=164 ttl=49 time=9.38 ms	(same route)
116 bytes from N1 icmp_seq=165 ttl=49 time=4.02 ms	(same route)
116 bytes from N1 icmp_seq=166 ttl=49 time=31.47 ms	(same route)
116 bytes from N1 icmp_seq=167 ttl=49 time=6.76 ms	(same route)
116 bytes from N1 icmp_seq=168 ttl=49 time=3.60 ms	(same route)
116 bytes from N1 icmp_seq=169 ttl=49 time=31.65 ms	(same route)
116 bytes from N1 icmp_seq=170 ttl=49 time=6.94 ms	(same route)
116 bytes from N1 icmp_seq=171 ttl=49 time=357.13 ms	(same route)
116 bytes from N1 icmp_seq=172 ttl=49 time=29.00 ms	(same route)
116 bytes from N1 icmp_seq=173 ttl=49 time=54.25 ms	(same route)
116 bytes from N1 icmp_seq=174 ttl=49 time=5.05 ms	(same route)
116 bytes from N1 icmp_seq=175 ttl=49 time=17.12 ms	(same route)
116 bytes from N1 icmp_seq=176 ttl=49 time=13.98 ms	(same route)
116 bytes from N1 icmp_seq=177 ttl=49 time=15.71 ms	(same route)
116 bytes from N1 icmp_seq=178 ttl=49 time=74.11 ms	(same route)
116 bytes from N1 icmp_seq=179 ttl=49 time=4.12 ms	(same route)
116 bytes from N1 icmp_seq=180 ttl=49 time=2.38 ms	(same route)
116 bytes from N1 icmp_seq=181 ttl=49 time=38.42 ms	(same route)
116 bytes from N1 icmp_seq=182 ttl=49 time=20.86 ms	(same route)
116 bytes from N1 icmp_seq=183 ttl=49 time=26.96 ms	(same route)
116 bytes from N1 icmp_seq=184 ttl=49 time=33.11 ms	(same route)
116 bytes from N1 icmp_seq=185 ttl=49 time=7.89 ms	(same route)
116 bytes from N1 icmp_seq=186 ttl=49 time=4.28 ms	(same route)
116 bytes from N1 icmp_seq=187 ttl=49 time=3.88 ms	(same route)
116 bytes from N1 icmp_seq=188 ttl=49 time=4.05 ms	(same route)
116 bytes from N1 icmp_seq=189 ttl=49 time=0.06 ms	(same route)
116 bytes from N1 icmp_seq=190 ttl=49 time=4.43 ms	(same route)
116 bytes from N1 icmp_seq=191 ttl=49 time=19.95 ms	(same route)
116 bytes from N1 icmp_seq=192 ttl=49 time=11.08 ms	(same route)
116 bytes from N1 icmp_seq=193 ttl=49 time=33.36 ms	(same route)
116 bytes from N1 icmp_seq=194 ttl=49 time=6.62 ms	(same route)
116 bytes from N1 icmp_seq=195 ttl=49 time=2.19 ms	(same route)
116 bytes from N1 icmp_seq=196 ttl=49 time=12.46 ms	(same route)
116 bytes from N1 icmp_seq=197 ttl=49 time=2.13 ms	(same route)
116 bytes from N1 icmp_seq=198 ttl=49 time=48.49 ms	(same route)
116 bytes from N1 icmp_seq=199 ttl=49 time=292.92 ms	(same route)
116 bytes from N1 icmp_seq=200 ttl=49 time=7.32 ms	(same route)
116 bytes from N1 icmp_seq=201 ttl=49 time=3.93 ms	(same route)
116 bytes from N1 icmp_seq=202 ttl=49 time=21.37 ms	(same route)
116 bytes from N1 icmp_seq=203 ttl=49 time=10.61 ms	(same route)
116 bytes from N1 icmp_seq=204 ttl=49 time=278.98 ms	(same route)
116 bytes from N1 icmp_seq=205 ttl=49 time=8.62 ms	(same route)
116 bytes from N1 icmp_seq=206 ttl=49 time=8.00 ms	(same route)
116 bytes from N1 icmp_seq=207 ttl=49 time=15.67 ms	(same route)
116 bytes from N1 icmp_seq=208 ttl=49 time=33.32 ms	(same route)
116 bytes from N1 icmp_seq=209 ttl=49 time=12.81 ms	(same route)
116 bytes from N1 icmp_seq=210 ttl=49 time=3.96 ms	(same route)
116 bytes from N1 icmp_seq=211 ttl=49 time=10.21 ms	(same route)
116 bytes from N1 icmp_seq=212 ttl=49 time=2.21 ms	(same route)
116 bytes from N1 icmp_seq=213 ttl=49 time=3.29 ms	(same route)
116 bytes from N1 icmp_seq=214 ttl=49 time=3.89 ms	(same route)
116 bytes from N1 icmp_seq=215 ttl=49 time=2.70 ms	(same route)
116 bytes from N1 icmp_seq=216 ttl=49 time=2.12 ms	(same route)
116 bytes from N1 icmp_seq=217 ttl=49 time=3.11 ms	(same route)
116 bytes from N1 icmp_seq=218 ttl=49 time=7.39 ms	(same route)
116 bytes from N1 icmp_seq=219 ttl=49 time=4.00 ms	(same route)
116 bytes from N1 icmp_seq=220 ttl=49 time=15.14 ms	(same route)
116 bytes from N1 icmp_seq=221 ttl=49 time=4.93 ms	(same route)
116 bytes from N1 icmp_seq=222 ttl=49 time=4.69 ms	(same route)
116 bytes from N1 icmp_seq=223 ttl=49 time=3.42 ms	(same route)
116 bytes from N1 icmp_seq=224 ttl=49 time=5.08 ms	(same route)
116 bytes from N1 icmp_seq=225 ttl=49 time=4.93 ms	(same route)
116 bytes from N1 icmp_seq=226 ttl=49 time=105.08 ms	(same route)
116 bytes from N1 icmp_seq=227 ttl=49 time=11.52 ms	(same route)
116 bytes from N1 icmp_seq=228 ttl=49 time=3.59 ms	(same route)
116 bytes from N1 icmp_seq=229 ttl=49 time=4.35 ms	(same route)
116 bytes from N1 icmp_seq=230 ttl=49 time=29.74 ms	(same route)
116 bytes from N1 icmp_seq=231 ttl=49 time=2.90 ms	(same route)
116 bytes from N1 icmp_seq=232 ttl=49 time=4.87 ms	(same route)
116 bytes from N1 icmp_seq=233 ttl=49 time=11.92 ms	(same route)
116 bytes from N1 icmp_seq=234 ttl=49 time=2.26 ms	(same route)
116 bytes from N1 icmp_seq=235 ttl=49 time=25.64 ms	(same route)
116 bytes from N1 icmp_seq=236 ttl=49 time=2.25 ms	(same route)
116 bytes from N1 icmp_seq=237 ttl=49 time=2.79 ms	(same route)
116 bytes from N1 icmp_seq=238 ttl=49 time=2.95 ms	(same route)
116 bytes from N1 icmp_seq=239 ttl=49 time=18.53 ms	(same route)
116 bytes from N1 icmp_seq=240 ttl=49 time=3.89 ms	(same route)
116 bytes from N1 icmp_seq=241 ttl=49 time=2.52 ms	(same route)
116 bytes from N1 icmp_seq=242 ttl=49 time=3.62 ms	(same route)
116 bytes from N1 icmp_seq=243 ttl=49 time=4.99 ms	(same route)
116 bytes from N1 icmp_seq=244 ttl=49 time=3.90 ms	(same route)
116 bytes from N1 icmp_seq=245 ttl=49 time=6.31 ms	(same route)
116 bytes from N1 icmp_seq=246 ttl=49 time=11.68 ms	(same route)
116 bytes from N1 icmp_seq=247 ttl=49 time=5.06 ms	(same route)
116 bytes from N1 icmp_seq=248 ttl=49 time=9.07 ms	(same route)
116 bytes from N1 icmp_seq=249 ttl=49 time=11.71 ms	(same route)
116 bytes from N1 icmp_seq=250 ttl=49 time=2.45 ms	(same route)
116 bytes from N1 icmp_seq=251 ttl=49 time=5.35 ms	(same route)
116 bytes from N1 icmp_seq=252 ttl=49 time=17.75 ms	(same route)
116 bytes from N1 icmp_seq=253 ttl=49 time=3.82 ms	(same route)
116 bytes from N1 icmp_seq=254 ttl=49 time=22.47 ms	(same route)
116 bytes from N1 icmp_seq=255 ttl=49 time=4.47 ms	(same route)
116 bytes from N1 icmp_seq=256 ttl=49 time=9.18 ms	(same route)
116 bytes from N1 icmp_seq=257 ttl=49 time=33.48 ms	(same route)
116 bytes from N1 icmp_seq=258 ttl=49 time=5.75 ms	(same route)
116 bytes from N1 icmp_seq=259 ttl=49 time=3.35 ms	(same route)
116 bytes from N1 icmp_seq=260 ttl=49 time=9.49 ms	(same route)
116 bytes from N1 icmp_seq=261 ttl=49 time=5.46 ms	(same route)
116 bytes from N1 icmp_seq=262 ttl=49 time=3.22 ms	(same route)
116 bytes from N1 icmp_seq=263 ttl=49 time=9.49 ms	(same route)
116 bytes from N1 icmp_seq=264 ttl=49 time=18.93 ms	(same route)
116 bytes from N1 icmp_seq=265 ttl=49 time=4.71 ms	(same route)
116 bytes from N1 icmp_seq=266 ttl=49 time=14.37 ms	(same route)
116 bytes from N1 icmp_seq=267 ttl=49 time=54.83 ms	(same route)
116 bytes from N1 icmp_seq=268 ttl=49 time=4.84 ms	(same route)
116 bytes from N1 icmp_seq=269 ttl=49 time=3.10 ms	(same route)
116 bytes from N1 icmp_seq=270 ttl=49 time=3.93 ms	(same route)
116 bytes from N1 icmp_seq=271 ttl=49 time=13.97 ms	(same route)
116 bytes from N1 icmp_seq=272 ttl=49 time=4.12 ms	(same route)
116 bytes from N1 icmp_seq=273 ttl=49 time=4.02 ms	(same route)
116 bytes from N1 icmp_seq=274 ttl=49 time=17.78 ms	(same route)
116 bytes from N1 icmp_seq=275 ttl=49 time=9.46 ms	(same route)
116 bytes from N1 icmp_seq=276 ttl=49 time=6.63 ms	(same route)
116 bytes from N1 icmp_seq=277 ttl=49 time=7.59 ms	(same route)
116 bytes from N1 icmp_seq=278 ttl=49 time=4.66 ms	(same route)
116 bytes from N1 icmp_seq=279 ttl=49 time=7.53 ms	(same route)
116 bytes from N1 icmp_seq=280 ttl=49 time=6.99 ms	(same route)
116 bytes from N1 icmp_seq=281 ttl=49 time=7.41 ms	(same route)
116 bytes from N1 icmp_seq=282 ttl=49 time=6.52 ms	(same route)
116 bytes from N1 icmp_seq=283 ttl=49 time=24.53 ms	(same route)
116 bytes from N1 icmp_seq=284 ttl=49 time=2.13 ms	(same route)
116 bytes from N1 icmp_seq=285 ttl=49 time=10.84 ms	(same route)
116 bytes from N1 icmp_seq=286 ttl=49 time=7.70 ms	(same route)
116 bytes from N1 icmp_seq=287 ttl=49 time=2.43 ms	(same route)
116 bytes from N1 icmp_seq=288 ttl=49 time=8.28 ms	(same route)
116 bytes from N1 icmp_seq=289 ttl=49 time=18.81 ms	(same route)
116 bytes from N1 icmp_seq=290 ttl=49 time=19.28 ms	(same route)
116 bytes from N1 icmp_seq=291 ttl=49 time=6.14 ms	(same route)
116 bytes from N1 icmp_seq=292 ttl=49 time=2.18 ms	(same route)
116 bytes from N1 icmp_seq=293 ttl=49 time=2.73 ms	(same route)
116 bytes from N1 icmp_seq=294 ttl=49 time=24.99 ms	(same route)
116 bytes from N1 icmp_seq=295 ttl=49 time=3.89 ms	(same route)
116 bytes from N1 icmp_seq=296 ttl=49 time=9.36 ms	(same route)
116 bytes from N1 icmp_seq=297 ttl=49 time=3.60 ms	(same route)
116 bytes from N1 icmp_seq=298 ttl=49 time=5.43 ms	(same route)
116 bytes from N1 icmp_seq=299 ttl=49 time=9.99 ms	(same route)
116 bytes from N1 icmp_seq=300 ttl=49 time=4.98 ms	(same route)
--- N1 ping statistics ---
307 packets transmitted, 292 received, 4% packet loss
rtt min/avg/max/mdev = 0.064/50.003/996.522/140.881 ms
