1 1 n4 n3 195 0.110 1
1 2 n3 n5 220 0.350 0
1 3 n3 n1 204 0.350 0
1 4 n3 n3 233 0.350 1
1 5 n5 n1 233 0.370 0
1 6 n5 n5 255 0.370 1
1 7 n1 n3 215 0.830 0
1 8 n1 n5 236 0.830 0
1 9 n1 n1 243 0.830 1
2 1 n4 n3 195 1.210 1
2 2 n3 n5 221 0.410 0
2 3 n3 n1 203 0.410 0
2 4 n3 n3 234 0.410 1
2 5 n5 n1 232 0.430 0
2 6 n5 n5 255 0.430 1
2 7 n1 n3 216 0.900 0
2 8 n1 n5 236 0.900 0
2 9 n1 n1 242 0.900 1
3 1 n4 n3 195 0.210 1
3 2 n3 n5 221 0.460 0
3 3 n3 n1 204 0.460 0
3 4 n3 n3 234 0.460 1
3 5 n5 n1 232 0.480 0
3 6 n5 n5 255 0.480 1
3 7 n1 n3 216 0.020 0
3 8 n1 n5 236 0.020 0
3 9 n1 n1 238 0.020 1
4 1 n4 n3 195 0.270 1
4 2 n3 n5 221 0.510 0
4 3 n3 n1 204 0.510 0
4 4 n3 n3 234 0.510 1
4 5 n5 n1 230 0.540 0
4 6 n5 n5 255 0.540 1
4 7 n1 n3 219 0.070 0
4 8 n1 n5 239 0.070 1
4 9 n1 n1 238 0.070 0
5 1 n4 n3 195 0.330 1
5 2 n3 n5 220 0.560 0
5 3 n3 n1 205 0.560 0
5 4 n3 n3 234 0.560 1
5 5 n5 n1 230 0.590 0
5 6 n5 n5 255 0.590 1
5 7 n1 n3 218 0.010 0
5 8 n1 n5 241 0.010 1
5 9 n1 n1 238 0.010 0
6 1 n4 n3 194 0.370 1
6 2 n3 n5 221 0.600 0
6 3 n3 n1 209 0.600 0
6 4 n3 n3 235 0.600 1
6 5 n5 n1 230 0.620 0
6 6 n5 n5 255 0.620 1
6 7 n1 n3 217 0.060 0
6 8 n1 n5 241 0.060 1
6 9 n1 n1 239 0.060 0
7 1 n4 n3 194 0.410 1
7 2 n3 n5 220 0.650 0
7 3 n3 n1 210 0.650 0
7 4 n3 n3 235 0.650 1
7 5 n5 n1 232 0.670 0
7 6 n5 n5 255 0.670 1
7 7 n1 n3 217 0.100 0
7 8 n1 n5 241 0.100 1
7 9 n1 n1 240 0.100 0
8 1 n4 n3 194 1.500 1
8 2 n3 n5 223 0.700 0
8 3 n3 n1 212 0.700 0
8 4 n3 n3 235 0.700 1
8 5 n5 n1 232 0.720 0
8 6 n5 n5 255 0.720 1
8 7 n1 n3 217 0.150 0
8 8 n1 n5 241 0.150 1
8 9 n1 n1 241 0.150 0
9 1 n4 n3 194 2.590 1
9 2 n3 n5 218 0.750 0
9 3 n3 n1 210 0.750 0
9 4 n3 n3 235 0.750 1
9 5 n5 n1 232 0.770 0
9 6 n5 n5 254 0.770 1
9 7 n1 n3 218 0.190 0
9 8 n1 n5 239 0.190 0
9 9 n1 n1 242 0.190 1
10 1 n4 n3 194 3.690 1
10 2 n3 n5 218 0.810 0
10 3 n3 n1 209 0.810 0
10 4 n3 n3 235 0.810 1
10 5 n5 n1 232 0.830 0
10 6 n5 n5 254 0.830 1
10 7 n1 n3 219 0.260 0
10 8 n1 n5 239 0.260 0
10 9 n1 n1 242 0.260 1
11 1 n4 n3 195 0.600 1
11 2 n3 n5 217 0.830 0
11 3 n3 n1 208 0.830 0
11 4 n3 n3 235 0.830 1
11 5 n5 n1 232 0.870 0
11 6 n5 n5 254 0.870 1
11 7 n1 n3 221 0.290 0
11 8 n1 n5 239 0.290 0
11 9 n1 n1 242 0.290 1
12 1 n4 n3 195 1.690 1
12 2 n3 n5 219 0.880 0
12 3 n3 n1 206 0.880 0
12 4 n3 n3 235 0.880 1
12 5 n5 n3 211 0.810 0
12 6 n5 n1 232 0.810 0
12 7 n5 n5 254 0.810 1
12 8 n1 n3 223 0.340 0
12 9 n1 n5 241 0.340 0
12 10 n1 n1 242 0.340 1
13 1 n4 n3 195 2.810 1
13 2 n3 n5 219 0.050 0
13 3 n3 n1 204 0.050 0
13 4 n3 n3 235 0.050 1
13 5 n5 n3 211 0.070 0
13 6 n5 n1 232 0.070 0
13 7 n5 n5 255 0.070 1
13 8 n1 n3 223 0.420 0
13 9 n1 n5 241 0.420 0
13 10 n1 n1 242 0.420 1
14 1 n4 n3 195 3.910 1
14 2 n3 n5 219 0.110 0
14 3 n3 n1 206 0.110 0
14 4 n3 n3 235 0.110 1
14 5 n5 n3 209 0.010 0
14 6 n5 n1 232 0.010 0
14 7 n5 n5 255 0.010 1
14 8 n1 n3 221 0.480 0
14 9 n1 n5 241 0.480 0
14 10 n1 n1 242 0.480 1
15 1 n4 n3 197 0.840 1
15 2 n3 n5 219 0.040 0
15 3 n3 n1 209 0.040 0
15 4 n3 n3 235 0.040 1
15 5 n5 n3 206 0.060 0
15 6 n5 n1 232 0.060 0
15 7 n5 n5 255 0.060 1
15 8 n1 n3 217 0.520 0
15 9 n1 n5 241 0.520 0
15 10 n1 n1 242 0.520 1
16 1 n4 n3 197 1.920 1
16 2 n3 n5 219 0.080 0
16 3 n3 n1 209 0.080 0
16 4 n3 n3 235 0.080 1
16 5 n5 n3 206 0.100 0
16 6 n5 n1 232 0.100 0
16 7 n5 n5 255 0.100 1
16 8 n1 n3 214 0.560 0
16 9 n1 n5 241 0.560 0
16 10 n1 n1 242 0.560 1
17 1 n4 n3 199 0.940 1
17 2 n3 n5 221 0.140 0
17 3 n3 n1 209 0.140 0
17 4 n3 n3 235 0.140 1
17 5 n5 n3 204 0.160 0
17 6 n5 n1 232 0.160 0
17 7 n5 n5 255 0.160 1
17 8 n1 n3 213 0.630 0
17 9 n1 n5 241 0.630 0
17 10 n1 n1 242 0.630 1
18 1 n4 n3 200 0.980 1
18 2 n3 n5 221 0.180 0
18 3 n3 n1 208 0.180 0
18 4 n3 n3 235 0.180 1
18 5 n5 n3 204 0.210 0
18 6 n5 n1 232 0.210 0
18 7 n5 n5 255 0.210 1
18 8 n1 n3 213 0.680 0
18 9 n1 n5 241 0.680 0
18 10 n1 n1 242 0.680 1
19 1 n4 n3 202 1.050 1
19 2 n3 n5 223 0.250 0
19 3 n3 n1 206 0.250 0
19 4 n3 n3 235 0.250 1
19 5 n5 n3 0 0.270 0
19 6 n5 n1 232 0.270 0
19 7 n5 n5 255 0.270 1
19 8 n1 n3 213 0.740 0
19 9 n1 n5 241 0.740 0
19 10 n1 n1 242 0.740 1
20 1 n4 n3 205 0.070 1
20 2 n3 n5 224 0.300 0
20 3 n3 n1 205 0.300 0
20 4 n3 n3 235 0.300 1
20 5 n5 n3 0 0.320 0
20 6 n5 n1 232 0.320 0
20 7 n5 n5 255 0.320 1
20 8 n1 n3 214 0.800 0
20 9 n1 n5 241 0.800 0
20 10 n1 n1 242 0.800 1
21 1 n4 n3 206 0.150 1
21 2 n3 n5 224 0.390 0
21 3 n3 n1 203 0.390 0
21 4 n3 n3 236 0.390 1
21 5 n5 n3 0 0.410 0
21 6 n5 n1 230 0.410 0
21 7 n5 n5 255 0.410 1
21 8 n1 n3 215 0.880 0
21 9 n1 n5 241 0.880 0
21 10 n1 n1 242 0.880 1
22 1 n4 n3 208 0.200 1
22 2 n3 n5 225 0.430 0
22 3 n3 n1 202 0.430 0
22 4 n3 n3 237 0.430 1
22 5 n5 n3 0 0.450 0
22 6 n5 n1 229 0.450 0
22 7 n5 n5 255 0.450 1
22 8 n1 n3 217 0.000 0
22 9 n1 n5 241 0.000 1
22 10 n1 n1 240 0.000 0
23 1 n4 n3 211 0.250 1
23 2 n3 n5 225 0.490 0
23 3 n3 n1 201 0.490 0
23 4 n3 n3 238 0.490 1
23 5 n5 n3 0 0.520 0
23 6 n5 n1 228 0.520 0
23 7 n5 n5 255 0.520 1
23 8 n1 n3 218 0.050 0
23 9 n1 n5 241 0.050 1
23 10 n1 n1 239 0.050 0
24 1 n4 n3 212 0.330 1
24 2 n3 n5 220 0.560 0
24 3 n3 n1 201 0.560 0
24 4 n3 n3 240 0.560 1
24 5 n5 n3 0 0.590 0
24 6 n5 n1 226 0.590 0
24 7 n5 n5 255 0.590 1
24 8 n1 n3 220 0.020 0
24 9 n1 n5 242 0.020 1
24 10 n1 n1 238 0.020 0
25 1 n4 n3 210 0.380 1
25 2 n3 n5 216 0.620 0
25 3 n3 n1 199 0.620 0
25 4 n3 n3 241 0.620 1
25 5 n5 n3 0 0.640 0
25 6 n5 n1 225 0.640 0
25 7 n5 n5 255 0.640 1
25 8 n1 n3 220 0.070 0
25 9 n1 n5 243 0.070 1
25 10 n1 n1 238 0.070 0
26 1 n4 n3 209 0.420 1
26 2 n3 n5 213 0.670 0
26 3 n3 n1 198 0.670 0
26 4 n3 n3 242 0.670 1
26 5 n5 n3 0 0.690 0
26 6 n5 n1 224 0.690 0
26 7 n5 n5 255 0.690 1
26 8 n1 n3 220 0.120 0
26 9 n1 n5 245 0.120 1
26 10 n1 n1 238 0.120 0
27 1 n4 n3 209 1.520 1
27 2 n3 n5 210 0.730 0
27 3 n3 n1 197 0.730 0
27 4 n3 n3 242 0.730 1
27 5 n5 n3 0 0.750 0
27 6 n5 n1 224 0.750 0
27 7 n5 n5 255 0.750 1
27 8 n1 n3 220 0.180 0
27 9 n1 n5 245 0.180 1
27 10 n1 n1 238 0.180 0
28 1 n4 n3 209 0.530 1
28 2 n3 n5 209 0.780 0
28 3 n3 n1 197 0.780 0
28 4 n3 n3 242 0.780 1
28 5 n5 n3 0 0.800 0
28 6 n5 n1 224 0.800 0
28 7 n5 n5 255 0.800 1
28 8 n1 n3 221 0.230 0
28 9 n1 n5 245 0.230 1
28 10 n1 n1 238 0.230 0
29 1 n4 n3 211 0.590 1
29 2 n3 n5 207 0.830 0
29 3 n3 n1 197 0.830 0
29 4 n3 n3 243 0.830 1
29 5 n5 n3 0 0.850 0
29 6 n5 n1 224 0.850 0
29 7 n5 n5 255 0.850 1
29 8 n1 n3 222 0.280 0
29 9 n1 n5 245 0.280 1
29 10 n1 n1 238 0.280 0
30 1 n4 n3 215 0.640 1
30 2 n3 n5 207 1.920 0
30 3 n3 n1 197 1.920 0
30 4 n3 n3 243 1.920 1
30 5 n5 n3 0 0.900 0
30 6 n5 n1 224 0.900 0
30 7 n5 n5 255 0.900 1
30 8 n1 n3 223 0.330 0
30 9 n1 n5 245 0.330 1
30 10 n1 n1 238 0.330 0
31 1 n4 n3 215 1.750 1
31 2 n3 n5 207 1.070 0
31 3 n3 n1 197 1.070 0
31 4 n3 n3 246 1.070 1
31 5 n5 n3 0 0.050 0
31 6 n5 n1 224 0.050 0
31 7 n5 n5 255 0.050 1
31 8 n1 n3 224 0.390 0
31 9 n1 n5 245 0.390 1
31 10 n1 n1 238 0.390 0
32 1 n4 n3 215 2.840 1
32 2 n3 n5 207 0.080 0
32 3 n3 n1 0 0.080 0
32 4 n3 n3 248 0.080 1
32 5 n5 n3 0 0.100 0
32 6 n5 n1 224 0.100 0
32 7 n5 n5 255 0.100 1
32 8 n1 n3 225 0.450 0
32 9 n1 n5 245 0.450 1
32 10 n1 n1 238 0.450 0
33 1 n4 n3 215 3.920 1
33 2 n3 n5 205 0.120 0
33 3 n3 n1 0 0.120 0
33 4 n3 n3 251 0.120 1
33 5 n5 n3 226 0.020 0
33 6 n5 n1 222 0.020 0
33 7 n5 n5 255 0.020 1
33 8 n1 n3 225 0.480 0
33 9 n1 n5 245 0.480 1
33 10 n1 n1 238 0.480 0
34 1 n4 n3 215 5.020 1
34 2 n3 n5 205 0.180 0
34 3 n3 n1 0 0.180 0
34 4 n3 n3 253 0.180 1
34 5 n5 n3 226 0.080 0
34 6 n5 n1 221 0.080 0
34 7 n5 n5 255 0.080 1
34 8 n1 n3 224 0.550 0
34 9 n1 n5 245 0.550 1
34 10 n1 n1 238 0.550 0
35 1 n4 n3 222 0.930 1
35 2 n3 n5 0 0.240 0
35 3 n3 n1 0 0.240 0
35 4 n3 n3 255 0.240 1
35 5 n5 n3 226 0.150 0
35 6 n5 n1 221 0.150 0
35 7 n5 n5 255 0.150 1
35 8 n1 n3 222 0.620 0
35 9 n1 n5 245 0.620 1
35 10 n1 n1 238 0.620 0
36 1 n4 n3 229 0.980 1
36 2 n3 n5 0 0.300 0
36 3 n3 n1 0 0.300 0
36 4 n3 n3 255 0.300 1
36 5 n5 n3 224 0.200 0
36 6 n5 n1 221 0.200 0
36 7 n5 n5 255 0.200 1
36 8 n1 n3 222 0.670 0
36 9 n1 n5 245 0.670 1
36 10 n1 n1 238 0.670 0
37 1 n4 n5 200 0.740 0
37 2 n4 n3 233 0.740 1
37 3 n3 n5 216 0.360 0
37 4 n3 n1 0 0.360 0
37 5 n3 n3 255 0.360 1
37 6 n5 n3 221 0.260 0
37 7 n5 n1 222 0.260 0
37 8 n5 n5 255 0.260 1
37 9 n1 n3 220 0.730 0
37 10 n1 n5 245 0.730 1
37 11 n1 n1 238 0.730 0
38 1 n4 n5 199 0.060 0
38 2 n4 n3 238 0.060 1
38 3 n3 n5 216 0.420 0
38 4 n3 n1 0 0.420 0
38 5 n3 n3 255 0.420 1
38 6 n5 n3 217 0.320 0
38 7 n5 n1 223 0.320 0
38 8 n5 n5 255 0.320 1
38 9 n1 n3 218 0.790 0
38 10 n1 n5 245 0.790 1
38 11 n1 n1 238 0.790 0
39 1 n4 n5 199 0.160 0
39 2 n4 n3 238 0.160 1
39 3 n3 n5 216 0.510 0
39 4 n3 n1 0 0.510 0
39 5 n3 n3 255 0.510 1
39 6 n5 n3 215 0.420 0
39 7 n5 n1 224 0.420 0
39 8 n5 n5 255 0.420 1
39 9 n1 n3 217 0.870 0
39 10 n1 n5 245 0.870 1
39 11 n1 n1 239 0.870 0
40 1 n4 n5 198 0.200 0
40 2 n4 n3 238 0.200 1
40 3 n3 n5 216 0.450 0
40 4 n3 n1 209 0.450 0
40 5 n3 n3 255 0.450 1
40 6 n5 n3 215 0.470 0
40 7 n5 n1 223 0.470 0
40 8 n5 n5 255 0.470 1
40 9 n1 n3 216 0.010 0
40 10 n1 n5 245 0.010 1
40 11 n1 n1 240 0.010 0
41 1 n4 n5 198 0.270 0
41 2 n4 n3 238 0.270 1
41 3 n3 n5 0 0.500 0
41 4 n3 n1 209 0.500 0
41 5 n3 n3 255 0.500 1
41 6 n5 n3 219 0.530 0
41 7 n5 n1 222 0.530 0
41 8 n5 n5 255 0.530 1
41 9 n1 n3 216 0.070 0
41 10 n1 n5 245 0.070 1
41 11 n1 n1 240 0.070 0
42 1 n4 n5 198 1.360 0
42 2 n4 n3 238 1.360 1
42 3 n3 n5 0 0.680 0
42 4 n3 n1 209 0.680 0
42 5 n3 n3 255 0.680 1
42 6 n5 n3 223 0.580 0
42 7 n5 n1 222 0.580 0
42 8 n5 n5 255 0.580 1
42 9 n1 n3 217 0.010 0
42 10 n1 n5 245 0.010 1
42 11 n1 n1 239 0.010 0
43 1 n4 n5 198 2.470 0
43 2 n4 n3 238 2.470 1
43 3 n3 n5 225 0.400 0
43 4 n3 n1 209 0.400 0
43 5 n3 n3 255 0.400 1
43 6 n5 n3 224 0.640 0
43 7 n5 n1 222 0.640 0
43 8 n5 n5 255 0.640 1
43 9 n1 n3 217 0.080 0
43 10 n1 n5 245 0.080 1
43 11 n1 n1 239 0.080 0
44 1 n4 n5 0 0.430 0
44 2 n4 n3 237 0.430 1
44 3 n3 n5 225 0.460 0
44 4 n3 n1 209 0.460 0
44 5 n3 n3 255 0.460 1
44 6 n5 n3 224 0.700 0
44 7 n5 n1 222 0.700 0
44 8 n5 n5 255 0.700 1
44 9 n1 n3 217 0.130 0
44 10 n1 n5 245 0.130 1
44 11 n1 n1 239 0.130 0
45 1 n4 n5 0 1.560 0
45 2 n4 n3 237 1.560 1
45 3 n3 n5 225 0.550 0
45 4 n3 n1 209 0.550 0
45 5 n3 n3 255 0.550 1
45 6 n5 n3 226 0.790 0
45 7 n5 n1 222 0.790 0
45 8 n5 n5 255 0.790 1
45 9 n1 n3 216 0.220 0
45 10 n1 n5 245 0.220 1
45 11 n1 n1 239 0.220 0
46 1 n4 n5 206 0.320 0
46 2 n4 n3 237 0.320 1
46 3 n3 n5 225 0.980 0
46 4 n3 n1 0 0.980 0
46 5 n3 n3 255 0.980 1
46 6 n5 n3 224 0.890 0
46 7 n5 n1 222 0.890 0
46 8 n5 n5 255 0.890 1
46 9 n1 n3 218 0.320 0
46 10 n1 n5 245 0.320 1
46 11 n1 n1 239 0.320 0
47 1 n4 n5 206 1.420 0
47 2 n4 n3 237 1.420 1
47 3 n3 n5 225 0.010 0
47 4 n3 n1 0 0.010 0
47 5 n3 n3 255 0.010 1
47 6 n5 n3 221 0.030 0
47 7 n5 n1 222 0.030 0
47 8 n5 n5 255 0.030 1
47 9 n1 n3 218 0.370 0
47 10 n1 n5 245 0.370 1
47 11 n1 n1 239 0.370 0
48 1 n4 n5 206 2.520 0
48 2 n4 n3 237 2.520 1
48 3 n3 n5 225 0.070 0
48 4 n3 n1 0 0.070 0
48 5 n3 n3 255 0.070 1
48 6 n5 n3 221 0.090 0
48 7 n5 n1 222 0.090 0
48 8 n5 n5 255 0.090 1
48 9 n1 n3 217 0.440 0
48 10 n1 n5 245 0.440 1
48 11 n1 n1 239 0.440 0
49 1 n4 n5 205 0.510 0
49 2 n4 n3 236 0.510 1
49 3 n3 n5 225 0.140 0
49 4 n3 n1 0 0.140 0
49 5 n3 n3 255 0.140 1
49 6 n5 n3 221 0.040 0
49 7 n5 n1 222 0.040 0
49 8 n5 n5 254 0.040 1
49 9 n1 n3 216 0.510 0
49 10 n1 n5 245 0.510 1
49 11 n1 n1 239 0.510 0
50 1 n4 n5 205 1.600 0
50 2 n4 n3 236 1.600 1
50 3 n3 n5 222 0.190 0
50 4 n3 n1 0 0.190 0
50 5 n3 n3 255 0.190 1
50 6 n5 n3 219 0.090 0
50 7 n5 n1 222 0.090 0
50 8 n5 n5 253 0.090 1
50 9 n1 n3 216 0.560 0
50 10 n1 n5 243 0.560 1
50 11 n1 n1 239 0.560 0
51 1 n4 n5 203 0.620 0
51 2 n4 n3 235 0.620 1
51 3 n3 n5 222 0.240 0
51 4 n3 n1 0 0.240 0
51 5 n3 n3 255 0.240 1
51 6 n5 n3 218 0.140 0
51 7 n5 n1 222 0.140 0
51 8 n5 n5 252 0.140 1
51 9 n1 n3 217 0.620 0
51 10 n1 n5 241 0.620 1
51 11 n1 n1 239 0.620 0
52 1 n4 n5 201 0.710 0
52 2 n4 n3 235 0.710 1
52 3 n3 n5 220 0.300 0
52 4 n3 n1 0 0.300 0
52 5 n3 n3 255 0.300 1
52 6 n5 n3 218 0.250 0
52 7 n5 n1 222 0.250 0
52 8 n5 n5 251 0.250 1
52 9 n1 n3 218 0.710 0
52 10 n1 n5 240 0.710 1
52 11 n1 n1 239 0.710 0
53 1 n4 n5 200 0.910 0
53 2 n4 n3 235 0.910 1
53 3 n3 n5 220 0.180 0
53 4 n3 n1 0 0.180 0
53 5 n3 n3 255 0.180 1
53 6 n5 n3 216 0.440 0
53 7 n5 n1 222 0.440 0
53 8 n5 n5 250 0.440 1
53 9 n1 n3 220 0.910 0
53 10 n1 n5 240 0.910 1
53 11 n1 n1 239 0.910 0
54 1 n4 n5 200 0.250 0
54 2 n4 n3 235 0.250 1
54 3 n3 n5 220 0.270 0
54 4 n3 n1 0 0.270 0
54 5 n3 n3 255 0.270 1
54 6 n5 n3 216 0.520 0
54 7 n5 n1 222 0.520 0
54 8 n5 n5 250 0.520 1
54 9 n1 n3 220 0.060 0
54 10 n1 n5 240 0.060 1
54 11 n1 n1 239 0.060 0
55 1 n4 n5 199 0.040 0
55 2 n4 n3 235 0.040 1
55 3 n3 n5 219 0.360 0
55 4 n3 n1 0 0.360 0
55 5 n3 n3 255 0.360 1
55 6 n5 n3 0 0.610 0
55 7 n5 n1 222 0.610 0
55 8 n5 n5 249 0.610 1
55 9 n1 n3 220 0.040 0
55 10 n1 n5 238 0.040 1
55 11 n1 n1 239 0.040 0
56 1 n4 n5 199 1.140 0
56 2 n4 n3 235 1.140 1
56 3 n3 n5 218 0.420 0
56 4 n3 n1 0 0.420 0
56 5 n3 n3 255 0.420 1
56 6 n5 n3 208 0.670 0
56 7 n5 n1 222 0.670 0
56 8 n5 n5 248 0.670 1
56 9 n1 n3 220 0.100 0
56 10 n1 n5 237 0.100 0
56 11 n1 n1 239 0.100 1
57 1 n4 n5 199 2.240 0
57 2 n4 n3 235 2.240 1
57 3 n3 n5 217 0.480 0
57 4 n3 n1 0 0.480 0
57 5 n3 n3 255 0.480 1
57 6 n5 n3 208 0.730 0
57 7 n5 n1 222 0.730 0
57 8 n5 n5 247 0.730 1
57 9 n1 n3 220 0.160 0
57 10 n1 n5 236 0.160 0
57 11 n1 n1 239 0.160 1
58 1 n4 n5 197 0.210 0
58 2 n4 n3 235 0.210 1
58 3 n3 n5 217 0.540 0
58 4 n3 n1 0 0.540 0
58 5 n3 n3 255 0.540 1
58 6 n5 n3 208 0.780 0
58 7 n5 n1 222 0.780 0
58 8 n5 n5 246 0.780 1
58 9 n1 n3 220 0.210 0
58 10 n1 n5 236 0.210 0
58 11 n1 n1 239 0.210 1
59 1 n4 n5 196 0.280 0
59 2 n4 n3 234 0.280 1
59 3 n3 n5 217 0.600 0
59 4 n3 n1 0 0.600 0
59 5 n3 n3 255 0.600 1
59 6 n5 n3 208 0.860 0
59 7 n5 n1 222 0.860 0
59 8 n5 n5 246 0.860 1
59 9 n1 n3 220 0.280 0
59 10 n1 n5 236 0.280 0
59 11 n1 n1 239 0.280 1
60 1 n4 n5 196 1.370 0
60 2 n4 n3 234 1.370 1
60 3 n3 n5 217 0.650 0
60 4 n3 n1 0 0.650 0
60 5 n3 n3 255 0.650 1
60 6 n5 n3 208 0.900 0
60 7 n5 n1 222 0.900 0
60 8 n5 n5 246 0.900 1
60 9 n1 n3 220 0.320 0
60 10 n1 n5 236 0.320 0
60 11 n1 n1 239 0.320 1
61 1 n4 n5 195 0.380 0
61 2 n4 n3 234 0.380 1
61 3 n3 n5 217 0.020 0
61 4 n3 n1 0 0.020 0
61 5 n3 n3 255 0.020 1
61 6 n5 n3 0 0.040 0
61 7 n5 n1 222 0.040 0
61 8 n5 n5 246 0.040 1
61 9 n1 n3 220 0.380 0
61 10 n1 n5 236 0.380 0
61 11 n1 n1 239 0.380 1
62 1 n4 n5 195 1.480 0
62 2 n4 n3 234 1.480 1
62 3 n3 n5 217 0.080 0
62 4 n3 n1 0 0.080 0
62 5 n3 n3 255 0.080 1
62 6 n5 n3 0 0.100 0
62 7 n5 n1 222 0.100 0
62 8 n5 n5 246 0.100 1
62 9 n1 n3 220 0.410 0
62 10 n1 n5 236 0.410 0
62 11 n1 n1 239 0.410 1
63 1 n4 n5 195 2.580 0
63 2 n4 n3 234 2.580 1
63 3 n3 n5 217 0.140 0
63 4 n3 n1 0 0.140 0
63 5 n3 n3 255 0.140 1
63 6 n5 n3 0 0.040 0
63 7 n5 n1 223 0.040 0
63 8 n5 n5 246 0.040 1
63 9 n1 n3 220 0.620 0
63 10 n1 n5 236 0.620 0
63 11 n1 n1 239 0.620 1
64 1 n4 n5 194 0.580 0
64 2 n4 n3 233 0.580 1
64 3 n3 n5 217 0.210 0
64 4 n3 n1 0 0.210 0
64 5 n3 n3 255 0.210 1
64 6 n5 n3 0 0.110 0
64 7 n5 n1 223 0.110 0
64 8 n5 n5 246 0.110 1
64 9 n1 n3 222 0.580 0
64 10 n1 n5 236 0.580 0
64 11 n1 n1 239 0.580 1
65 1 n4 n5 192 0.650 0
65 2 n4 n3 232 0.650 1
65 3 n3 n5 217 0.280 0
65 4 n3 n1 0 0.280 0
65 5 n3 n3 255 0.280 1
65 6 n5 n3 0 0.170 0
65 7 n5 n1 222 0.170 0
65 8 n5 n5 246 0.170 1
65 9 n1 n3 226 0.650 0
65 10 n1 n5 236 0.650 0
65 11 n1 n1 239 0.650 1
66 1 n4 n5 192 0.710 0
66 2 n4 n3 231 0.710 1
66 3 n3 n5 217 0.340 0
66 4 n3 n1 0 0.340 0
66 5 n3 n3 255 0.340 1
66 6 n5 n3 0 0.240 0
66 7 n5 n1 221 0.240 0
66 8 n5 n5 246 0.240 1
66 9 n1 n3 226 0.720 0
66 10 n1 n5 236 0.720 0
66 11 n1 n1 239 0.720 1
67 1 n4 n5 191 0.030 0
67 2 n4 n3 230 0.030 1
67 3 n3 n5 213 0.030 0
67 4 n3 n1 0 0.030 0
67 5 n3 n3 255 0.030 1
67 6 n5 n3 0 0.290 0
67 7 n5 n1 221 0.290 0
67 8 n5 n5 246 0.290 1
67 9 n1 n3 230 0.760 0
67 10 n1 n5 236 0.760 0
67 11 n1 n1 239 0.760 1
68 1 n4 n5 190 0.820 0
68 2 n4 n3 230 0.820 1
68 3 n3 n5 212 0.100 0
68 4 n3 n1 0 0.100 0
68 5 n3 n3 255 0.100 1
68 6 n5 n3 0 0.350 0
68 7 n5 n1 221 0.350 0
68 8 n5 n5 246 0.350 1
68 9 n1 n3 230 0.820 0
68 10 n1 n5 236 0.820 0
68 11 n1 n1 240 0.820 1
69 1 n4 n5 190 1.930 0
69 2 n4 n3 230 1.930 1
69 3 n3 n5 211 0.170 0
69 4 n3 n1 0 0.170 0
69 5 n3 n3 255 0.170 1
69 6 n5 n3 0 0.420 0
69 7 n5 n1 220 0.420 0
69 8 n5 n5 246 0.420 1
69 9 n1 n3 229 0.890 0
69 10 n1 n5 236 0.890 0
69 11 n1 n1 241 0.890 1
70 1 n4 n5 190 0.220 0
70 2 n4 n3 230 0.220 1
70 3 n3 n5 211 0.580 0
70 4 n3 n1 0 0.580 0
70 5 n3 n3 255 0.580 1
70 6 n5 n3 0 0.480 0
70 7 n5 n1 220 0.480 0
70 8 n5 n5 247 0.480 1
70 9 n1 n3 228 0.020 0
70 10 n1 n5 237 0.020 0
70 11 n1 n1 244 0.020 1
71 1 n4 n5 189 0.290 0
71 2 n4 n3 230 0.290 1
71 3 n3 n5 211 0.650 0
71 4 n3 n1 0 0.650 0
71 5 n3 n3 255 0.650 1
71 6 n5 n3 0 0.550 0
71 7 n5 n1 220 0.550 0
71 8 n5 n5 248 0.550 1
71 9 n1 n3 228 0.100 0
71 10 n1 n5 238 0.100 0
71 11 n1 n1 245 0.100 1
72 1 n4 n5 189 1.390 0
72 2 n4 n3 230 1.390 1
72 3 n3 n5 211 0.720 0
72 4 n3 n1 0 0.720 0
72 5 n3 n3 254 0.720 1
72 6 n5 n3 0 0.740 0
72 7 n5 n1 220 0.740 0
72 8 n5 n5 249 0.740 1
72 9 n1 n3 223 0.050 0
72 10 n1 n5 234 0.050 0
72 11 n1 n1 246 0.050 1
73 1 n4 n5 189 2.490 0
73 2 n4 n3 230 2.490 1
73 3 n3 n5 211 0.780 0
73 4 n3 n1 0 0.780 0
73 5 n3 n3 253 0.780 1
73 6 n5 n3 0 0.680 0
73 7 n5 n1 221 0.680 0
73 8 n5 n5 250 0.680 1
73 9 n1 n3 219 0.110 0
73 10 n1 n5 233 0.110 0
73 11 n1 n1 246 0.110 1
74 1 n4 n5 189 3.590 0
74 2 n4 n3 230 3.590 1
74 3 n3 n5 0 0.840 0
74 4 n3 n1 0 0.840 0
74 5 n3 n3 252 0.840 1
74 6 n5 n3 0 0.740 0
74 7 n5 n1 223 0.740 0
74 8 n5 n5 250 0.740 1
74 9 n1 n3 215 0.160 0
74 10 n1 n5 232 0.160 0
74 11 n1 n1 246 0.160 1
75 1 n4 n5 189 4.730 0
75 2 n4 n3 230 4.730 1
75 3 n3 n5 0 0.930 0
75 4 n3 n1 0 0.930 0
75 5 n3 n3 251 0.930 1
75 6 n5 n3 0 0.840 0
75 7 n5 n1 222 0.840 0
75 8 n5 n5 250 0.840 1
75 9 n1 n3 212 0.260 0
75 10 n1 n5 232 0.260 0
75 11 n1 n1 245 0.260 1
76 1 n4 n5 189 5.830 0
76 2 n4 n3 230 5.830 1
76 3 n3 n5 0 0.990 0
76 4 n3 n1 0 0.990 0
76 5 n3 n3 250 0.990 1
76 6 n5 n3 0 0.900 0
76 7 n5 n1 221 0.900 0
76 8 n5 n5 250 0.900 1
76 9 n1 n3 211 0.330 0
76 10 n1 n5 232 0.330 0
76 11 n1 n1 244 0.330 1
77 1 n4 n5 189 6.930 0
77 2 n4 n3 230 6.930 1
77 3 n3 n5 0 0.020 0
77 4 n3 n1 0 0.020 0
77 5 n3 n3 250 0.020 1
77 6 n5 n3 0 0.040 0
77 7 n5 n1 220 0.040 0
77 8 n5 n5 250 0.040 1
77 9 n1 n3 211 0.380 0
77 10 n1 n5 232 0.380 0
77 11 n1 n1 243 0.380 1
78 1 n4 n5 189 0.770 0
78 2 n4 n3 229 0.770 1
78 3 n3 n5 0 0.090 0
78 4 n3 n1 0 0.090 0
78 5 n3 n3 250 0.090 1
78 6 n5 n3 0 0.110 0
78 7 n5 n1 220 0.110 0
78 8 n5 n5 249 0.110 1
78 9 n1 n3 211 0.460 0
78 10 n1 n5 232 0.460 0
78 11 n1 n1 242 0.460 1
79 1 n4 n5 188 0.830 0
79 2 n4 n3 228 0.830 1
79 3 n3 n5 0 0.010 0
79 4 n3 n1 213 0.010 0
79 5 n3 n3 250 0.010 1
79 6 n5 n3 0 0.010 0
79 7 n5 n1 218 0.010 0
79 8 n5 n5 248 0.010 1
79 9 n1 n3 211 0.630 0
79 10 n1 n5 232 0.630 0
79 11 n1 n1 242 0.630 1
80 1 n4 n5 188 1.930 0
80 2 n4 n3 228 1.930 1
80 3 n3 n5 0 0.090 0
80 4 n3 n1 211 0.090 0
80 5 n3 n3 249 0.090 1
80 6 n5 n3 0 0.120 0
80 7 n5 n1 215 0.120 0
80 8 n5 n5 247 0.120 1
80 9 n1 n3 211 0.690 0
80 10 n1 n5 232 0.690 0
80 11 n1 n1 242 0.690 1
81 1 n4 n5 188 3.030 0
81 2 n4 n3 228 3.030 1
81 3 n3 n5 0 0.110 0
81 4 n3 n1 210 0.110 0
81 5 n3 n3 248 0.110 1
81 6 n5 n3 0 0.110 0
81 7 n5 n1 212 0.110 0
81 8 n5 n5 246 0.110 1
81 9 n1 n3 0 0.640 0
81 10 n1 n5 227 0.640 0
81 11 n1 n1 241 0.640 1
82 1 n4 n5 188 4.130 0
82 2 n4 n3 228 4.130 1
82 3 n3 n5 0 0.330 0
82 4 n3 n1 209 0.330 0
82 5 n3 n3 246 0.330 1
82 6 n5 n3 0 0.230 0
82 7 n5 n1 209 0.230 0
82 8 n5 n5 246 0.230 1
82 9 n1 n3 0 0.810 0
82 10 n1 n5 223 0.810 0
82 11 n1 n1 241 0.810 1
83 1 n4 n5 0 0.040 0
83 2 n4 n3 220 0.040 1
83 3 n3 n5 0 0.380 0
83 4 n3 n1 209 0.380 0
83 5 n3 n3 245 0.380 1
83 6 n5 n3 0 0.290 0
83 7 n5 n1 210 0.290 0
83 8 n5 n5 246 0.290 1
83 9 n1 n3 0 0.750 0
83 10 n1 n5 221 0.750 0
83 11 n1 n1 241 0.750 1
84 1 n4 n5 0 1.140 0
84 2 n4 n3 220 1.140 1
84 3 n3 n5 0 0.330 0
84 4 n3 n1 213 0.330 0
84 5 n3 n3 243 0.330 1
84 6 n5 n3 0 0.350 0
84 7 n5 n1 209 0.350 0
84 8 n5 n5 246 0.350 1
84 9 n1 n3 0 0.820 0
84 10 n1 n5 220 0.820 0
84 11 n1 n1 242 0.820 1
85 1 n4 n5 0 2.240 0
85 2 n4 n3 220 2.240 1
85 3 n3 n5 0 0.390 0
85 4 n3 n1 217 0.390 0
85 5 n3 n3 242 0.390 1
85 6 n5 n3 0 0.410 0
85 7 n5 n1 209 0.410 0
85 8 n5 n5 246 0.410 1
85 9 n1 n3 0 0.880 0
85 10 n1 n5 219 0.880 0
85 11 n1 n1 242 0.880 1
86 1 n4 n5 0 3.360 0
86 2 n4 n3 220 3.360 1
86 3 n3 n5 0 0.470 0
86 4 n3 n1 216 0.470 0
86 5 n3 n3 242 0.470 1
86 6 n5 n3 0 0.490 0
86 7 n5 n1 206 0.490 0
86 8 n5 n5 246 0.490 1
86 9 n1 n3 0 0.030 0
86 10 n1 n5 219 0.030 0
86 11 n1 n1 244 0.030 1
87 1 n4 n5 0 0.310 0
87 2 n4 n3 215 0.310 1
87 3 n3 n5 0 0.550 0
87 4 n3 n1 217 0.550 0
87 5 n3 n3 242 0.550 1
87 6 n5 n3 0 0.570 0
87 7 n5 n1 206 0.570 0
87 8 n5 n5 246 0.570 1
87 9 n1 n3 0 0.110 0
87 10 n1 n5 221 0.110 0
87 11 n1 n1 245 0.110 1
88 1 n4 n5 0 1.410 0
88 2 n4 n3 215 1.410 1
88 3 n3 n5 0 0.610 0
88 4 n3 n1 217 0.610 0
88 5 n3 n3 242 0.610 1
88 6 n5 n3 0 0.630 0
88 7 n5 n1 206 0.630 0
88 8 n5 n5 246 0.630 1
88 9 n1 n3 0 0.170 0
88 10 n1 n5 223 0.170 0
88 11 n1 n1 245 0.170 1
89 1 n4 n5 0 2.520 0
89 2 n4 n3 215 2.520 1
89 3 n3 n5 0 0.680 0
89 4 n3 n1 218 0.680 0
89 5 n3 n3 242 0.680 1
89 6 n5 n3 0 0.710 0
89 7 n5 n1 206 0.710 0
89 8 n5 n5 246 0.710 1
89 9 n1 n3 0 0.130 0
89 10 n1 n5 225 0.130 0
89 11 n1 n1 245 0.130 1
90 1 n4 n5 0 3.610 0
90 2 n4 n3 215 3.610 1
90 3 n3 n5 209 0.730 0
90 4 n3 n1 217 0.730 0
90 5 n3 n3 240 0.730 1
90 6 n5 n3 0 0.870 0
90 7 n5 n1 206 0.870 0
90 8 n5 n5 246 0.870 1
90 9 n1 n3 0 0.290 0
90 10 n1 n5 225 0.290 0
90 11 n1 n1 246 0.290 1
91 1 n4 n5 0 4.710 0
91 2 n4 n3 215 4.710 1
91 3 n3 n5 209 0.800 0
91 4 n3 n1 217 0.800 0
91 5 n3 n3 238 0.800 1
91 6 n5 n3 0 0.810 0
91 7 n5 n1 203 0.810 0
91 8 n5 n5 246 0.810 1
91 9 n1 n3 0 0.350 0
91 10 n1 n5 227 0.350 0
91 11 n1 n1 246 0.350 1
92 1 n4 n5 0 5.820 0
92 2 n4 n3 215 5.820 1
92 3 n3 n5 209 0.790 0
92 4 n3 n1 214 0.790 0
92 5 n3 n3 236 0.790 1
92 6 n5 n3 0 0.790 0
92 7 n5 n1 201 0.790 0
92 8 n5 n5 246 0.790 1
92 9 n1 n3 0 0.380 0
92 10 n1 n5 227 0.380 0
92 11 n1 n1 247 0.380 1
93 1 n4 n5 0 6.920 0
93 2 n4 n3 215 6.920 1
93 3 n3 n5 212 0.920 0
93 4 n3 n1 211 0.920 0
93 5 n3 n3 234 0.920 1
93 6 n5 n3 0 0.020 0
93 7 n5 n1 200 0.020 0
93 8 n5 n5 246 0.020 1
93 9 n1 n3 0 0.370 0
93 10 n1 n5 236 0.370 0
93 11 n1 n1 248 0.370 1
94 1 n4 n5 0 0.740 0
94 2 n4 n3 209 0.740 1
94 3 n3 n5 215 0.060 0
94 4 n3 n1 206 0.060 0
94 5 n3 n3 232 0.060 1
94 6 n5 n3 0 0.080 0
94 7 n5 n1 200 0.080 0
94 8 n5 n5 246 0.080 1
94 9 n1 n3 0 0.430 0
94 10 n1 n5 236 0.430 0
94 11 n1 n1 249 0.430 1
95 1 n4 n5 0 0.870 0
95 2 n4 n3 204 0.870 1
95 3 n3 n5 213 0.070 0
95 4 n3 n1 206 0.070 0
95 5 n3 n3 232 0.070 1
95 6 n5 n3 0 0.210 0
95 7 n5 n1 200 0.210 0
95 8 n5 n5 246 0.210 1
95 9 n1 n3 0 0.570 0
95 10 n1 n5 234 0.570 0
95 11 n1 n1 250 0.570 1
96 1 n4 n5 0 1.980 0
96 2 n4 n3 204 1.980 1
96 3 n3 n5 211 0.140 0
96 4 n3 n1 207 0.140 0
96 5 n3 n3 233 0.140 1
96 6 n5 n3 0 0.280 0
96 7 n5 n1 200 0.280 0
96 8 n5 n5 246 0.280 1
96 9 n1 n3 212 0.640 0
96 10 n1 n5 231 0.640 0
96 11 n1 n1 250 0.640 1
97 1 n4 n5 0 3.090 0
97 2 n4 n3 204 3.090 1
97 3 n3 n5 207 0.200 0
97 4 n3 n1 208 0.200 0
97 5 n3 n3 234 0.200 1
97 6 n5 n3 0 0.350 0
97 7 n5 n1 200 0.350 0
97 8 n5 n5 246 0.350 1
97 9 n1 n3 212 0.700 0
97 10 n1 n5 228 0.700 0
97 11 n1 n1 250 0.700 1
98 1 n4 n5 0 0.010 0
98 2 n4 n3 199 0.010 1
98 3 n3 n5 205 0.260 0
98 4 n3 n1 210 0.260 0
98 5 n3 n3 235 0.260 1
98 6 n5 n3 0 0.400 0
98 7 n5 n1 0 0.400 0
98 8 n5 n5 246 0.400 1
98 9 n1 n3 213 0.750 0
98 10 n1 n5 226 0.750 0
98 11 n1 n1 250 0.750 1
99 1 n4 n5 0 0.090 0
99 2 n4 n3 194 0.090 1
99 3 n3 n5 207 0.320 0
99 4 n3 n1 210 0.320 0
99 5 n3 n3 235 0.320 1
99 6 n5 n3 0 0.460 0
99 7 n5 n1 0 0.460 0
99 8 n5 n5 246 0.460 1
99 9 n1 n3 215 0.810 0
99 10 n1 n5 226 0.810 0
99 11 n1 n1 250 0.810 1
100 1 n4 n5 0 0.140 0
100 2 n4 n3 190 0.140 1
100 3 n3 n5 212 0.380 0
100 4 n3 n1 210 0.380 0
100 5 n3 n3 234 0.380 1
100 6 n5 n3 0 0.520 0
100 7 n5 n1 0 0.520 0
100 8 n5 n5 246 0.520 1
100 9 n1 n3 217 0.870 0
100 10 n1 n5 226 0.870 0
100 11 n1 n1 250 0.870 1
101 1 n4 n5 0 0.190 0
101 2 n4 n3 188 0.190 1
101 3 n3 n5 216 0.440 0
101 4 n3 n1 210 0.440 0
101 5 n3 n3 233 0.440 1
101 6 n5 n3 0 0.580 0
101 7 n5 n1 0 0.580 0
101 8 n5 n5 246 0.580 1
101 9 n1 n3 215 0.000 0
101 10 n1 n5 226 0.000 0
101 11 n1 n1 250 0.000 1
102 1 n4 n5 0 1.280 0
102 2 n4 n3 188 1.280 1
102 3 n3 n5 217 0.490 0
102 4 n3 n1 210 0.490 0
102 5 n3 n3 232 0.490 1
102 6 n5 n3 0 0.630 0
102 7 n5 n1 0 0.630 0
102 8 n5 n5 245 0.630 1
102 9 n1 n3 213 0.050 0
102 10 n1 n5 226 0.050 0
102 11 n1 n1 250 0.050 1
103 1 n4 n5 0 0.330 0
103 2 n4 n3 186 0.330 1
103 3 n3 n5 216 0.560 0
103 4 n3 n1 211 0.560 0
103 5 n3 n3 231 0.560 1
103 6 n5 n3 0 0.700 0
103 7 n5 n1 0 0.700 0
103 8 n5 n5 244 0.700 1
103 9 n1 n3 213 0.120 0
103 10 n1 n5 222 0.120 0
103 11 n1 n1 250 0.120 1
104 1 n4 n5 0 0.420 0
104 2 n4 n3 186 0.420 1
104 3 n3 n5 215 0.660 0
104 4 n3 n1 211 0.660 0
104 5 n3 n3 231 0.660 1
104 6 n5 n3 0 0.800 0
104 7 n5 n1 0 0.800 0
104 8 n5 n5 244 0.800 1
104 9 n1 n3 217 0.110 0
104 10 n1 n5 220 0.110 0
104 11 n1 n1 250 0.110 1
105 1 n4 n5 0 0.520 0
105 2 n4 n3 186 0.520 1
105 3 n3 n5 215 0.750 0
105 4 n3 n1 210 0.750 0
105 5 n3 n3 231 0.750 1
105 6 n5 n3 0 0.890 0
105 7 n5 n1 0 0.890 0
105 8 n5 n5 243 0.890 1
105 9 n1 n3 221 0.210 0
105 10 n1 n5 222 0.210 0
105 11 n1 n1 250 0.210 1
106 1 n4 n5 0 1.620 0
106 2 n4 n3 186 1.620 1
106 3 n3 n5 215 0.800 0
106 4 n3 n1 208 0.800 0
106 5 n3 n3 231 0.800 1
106 6 n5 n3 0 0.960 0
106 7 n5 n1 0 0.960 0
106 8 n5 n5 243 0.960 1
106 9 n1 n3 221 0.270 0
106 10 n1 n5 220 0.270 0
106 11 n1 n1 249 0.270 1
107 1 n4 n5 0 0.650 0
107 2 n4 n3 188 0.650 1
107 3 n3 n5 215 0.880 0
107 4 n3 n1 204 0.880 0
107 5 n3 n3 232 0.880 1
107 6 n5 n3 0 1.020 0
107 7 n5 n1 0 1.020 0
107 8 n5 n5 243 1.020 1
107 9 n1 n3 222 0.320 0
107 10 n1 n5 219 0.320 0
107 11 n1 n1 248 0.320 1
108 1 n4 n5 0 0.700 0
108 2 n4 n3 188 0.700 1
108 3 n3 n5 217 0.020 0
108 4 n3 n1 203 0.020 0
108 5 n3 n3 234 0.020 1
108 6 n5 n3 0 1.080 0
108 7 n5 n1 0 1.080 0
108 8 n5 n5 243 1.080 1
108 9 n1 n3 222 0.380 0
108 10 n1 n5 218 0.380 0
108 11 n1 n1 247 0.380 1
109 1 n4 n5 0 0.740 0
109 2 n4 n3 188 0.740 1
109 3 n3 n5 221 0.060 0
109 4 n3 n1 205 0.060 0
109 5 n3 n3 235 0.060 1
109 6 n5 n3 0 0.050 0
109 7 n5 n1 0 0.050 0
109 8 n5 n5 245 0.050 1
109 9 n1 n3 222 1.470 0
109 10 n1 n5 218 1.470 0
109 11 n1 n1 247 1.470 1
110 1 n4 n5 0 1.850 0
110 2 n4 n3 188 1.850 1
110 3 n3 n5 224 0.020 0
110 4 n3 n1 205 0.020 0
110 5 n3 n3 236 0.020 1
110 6 n5 n3 0 0.130 0
110 7 n5 n1 0 0.130 0
110 8 n5 n5 246 0.130 1
110 9 n1 n3 225 0.510 0
110 10 n1 n5 218 0.510 0
110 11 n1 n1 247 0.510 1
111 1 n4 n5 0 0.890 0
111 2 n4 n3 188 0.890 1
111 3 n3 n5 224 0.070 0
111 4 n3 n1 205 0.070 0
111 5 n3 n3 237 0.070 1
111 6 n5 n3 0 0.150 0
111 7 n5 n1 0 0.150 0
111 8 n5 n5 247 0.150 1
111 9 n1 n3 226 0.570 0
111 10 n1 n5 218 0.570 0
111 11 n1 n1 247 0.570 1
112 1 n4 n5 0 1.980 0
112 2 n4 n3 188 1.980 1
112 3 n3 n5 226 0.120 0
112 4 n3 n1 206 0.120 0
112 5 n3 n3 238 0.120 1
112 6 n5 n3 0 1.240 0
112 7 n5 n1 0 1.240 0
112 8 n5 n5 247 1.240 1
112 9 n1 n3 229 0.620 0
112 10 n1 n5 218 0.620 0
112 11 n1 n1 248 0.620 1
113 1 n4 n5 0 0.990 0
113 2 n4 n3 188 0.990 1
113 3 n3 n5 217 0.190 0
113 4 n3 n1 206 0.190 0
113 5 n3 n3 239 0.190 1
113 6 n5 n3 0 0.710 0
113 7 n5 n1 0 0.710 0
113 8 n5 n5 247 0.710 1
113 9 n1 n3 229 0.680 0
113 10 n1 n5 0 0.680 0
113 11 n1 n1 249 0.680 1
114 1 n4 n5 0 0.010 0
114 2 n4 n3 186 0.010 1
114 3 n3 n5 217 0.250 0
114 4 n3 n1 206 0.250 0
114 5 n3 n3 239 0.250 1
114 6 n5 n3 0 0.040 0
114 7 n5 n1 0 0.040 0
114 8 n5 n5 242 0.040 1
114 9 n1 n3 229 0.730 0
114 10 n1 n5 0 0.730 0
114 11 n1 n1 250 0.730 1
115 1 n4 n5 0 1.120 0
115 2 n4 n3 186 1.120 1
115 3 n3 n5 217 0.330 0
115 4 n3 n1 206 0.330 0
115 5 n3 n3 238 0.330 1
115 6 n5 n3 0 1.150 0
115 7 n5 n1 0 1.150 0
115 8 n5 n5 242 1.150 1
115 9 n1 n3 229 0.810 0
115 10 n1 n5 0 0.810 0
115 11 n1 n1 250 0.810 1
116 1 n4 n5 0 2.220 0
116 2 n4 n3 186 2.220 1
116 3 n3 n5 217 0.370 0
116 4 n3 n1 206 0.370 0
116 5 n3 n3 238 0.370 1
116 6 n5 n3 0 0.670 0
116 7 n5 n1 0 0.670 0
116 8 n5 n5 237 0.670 1
116 9 n1 n3 229 0.870 0
116 10 n1 n5 0 0.870 0
116 11 n1 n1 250 0.870 1
117 1 n4 n5 0 3.320 0
117 2 n4 n3 186 3.320 1
117 3 n3 n5 0 0.440 0
117 4 n3 n1 203 0.440 0
117 5 n3 n3 237 0.440 1
117 6 n5 n3 0 1.770 0
117 7 n5 n1 0 1.770 0
117 8 n5 n5 237 1.770 1
117 9 n1 n3 229 0.000 0
117 10 n1 n5 0 0.000 0
117 11 n1 n1 250 0.000 1
118 1 n4 n5 0 0.270 0
118 2 n4 n3 185 0.270 1
118 3 n3 n5 0 0.500 0
118 4 n3 n1 201 0.500 0
118 5 n3 n3 237 0.500 1
118 6 n5 n3 0 2.880 0
118 7 n5 n1 0 2.880 0
118 8 n5 n5 237 2.880 1
118 9 n1 n3 229 0.070 0
118 10 n1 n5 0 0.070 0
118 11 n1 n1 250 0.070 1
119 1 n4 n5 0 0.370 0
119 2 n4 n3 182 0.370 1
119 3 n3 n5 0 0.610 0
119 4 n3 n1 200 0.610 0
119 5 n3 n3 237 0.610 1
119 6 n5 n3 0 4.020 0
119 7 n5 n1 0 4.020 0
119 8 n5 n5 237 4.020 1
119 9 n1 n3 229 0.060 0
119 10 n1 n5 0 0.060 0
119 11 n1 n1 250 0.060 1
120 1 n4 n5 0 0.440 0
120 2 n4 n3 177 0.440 1
120 3 n3 n5 0 0.680 0
120 4 n3 n1 204 0.680 0
120 5 n3 n3 238 0.680 1
120 6 n5 n3 0 5.140 0
120 7 n5 n1 0 5.140 0
120 8 n5 n5 237 5.140 1
120 9 n1 n3 229 0.130 0
120 10 n1 n5 0 0.130 0
120 11 n1 n1 251 0.130 1
121 1 n4 n5 0 1.540 0
121 2 n4 n3 177 1.540 1
121 3 n3 n5 0 0.740 0
121 4 n3 n1 207 0.740 0
121 5 n3 n3 238 0.740 1
121 6 n5 n3 0 6.240 0
121 7 n5 n1 0 6.240 0
121 8 n5 n5 237 6.240 1
121 9 n1 n3 229 0.200 0
121 10 n1 n5 0 0.200 0
121 11 n1 n1 252 0.200 1
122 1 n4 n5 0 2.640 0
122 2 n4 n3 177 2.640 1
122 3 n3 n5 0 0.800 0
122 4 n3 n1 211 0.800 0
122 5 n3 n3 239 0.800 1
122 6 n5 n3 0 7.340 0
122 7 n5 n1 0 7.340 0
122 8 n5 n5 237 7.340 1
122 9 n1 n3 229 0.250 0
122 10 n1 n5 0 0.250 0
122 11 n1 n1 253 0.250 1
123 1 n4 n5 0 0.610 0
123 2 n4 n3 175 0.610 1
123 3 n3 n5 0 0.860 0
123 4 n3 n1 209 0.860 0
123 5 n3 n3 239 0.860 1
123 6 n5 n3 0 8.430 0
123 7 n5 n1 0 8.430 0
123 8 n5 n5 237 8.430 1
123 9 n1 n3 227 0.310 0
123 10 n1 n5 0 0.310 0
123 11 n1 n1 253 0.310 1
124 1 n4 n5 0 0.680 0
124 2 n4 n3 175 0.680 1
124 3 n3 n5 0 0.010 0
124 4 n3 n1 208 0.010 0
124 5 n3 n3 239 0.010 1
124 6 n5 n3 0 9.540 0
124 7 n5 n1 0 9.540 0
124 8 n5 n5 237 9.540 1
124 9 n1 n3 225 0.360 0
124 10 n1 n5 0 0.360 0
124 11 n1 n1 253 0.360 1
125 1 n4 n5 0 0.740 0
125 2 n4 n3 174 0.740 1
125 3 n3 n5 0 0.070 0
125 4 n3 n1 206 0.070 0
125 5 n3 n3 239 0.070 1
125 6 n5 n3 0 10.640 0
125 7 n5 n1 0 10.640 0
125 8 n5 n5 237 10.640 1
125 9 n1 n3 224 0.550 0
125 10 n1 n5 0 0.550 0
125 11 n1 n1 252 0.550 1
126 1 n4 n5 0 0.790 0
126 2 n4 n3 176 0.790 1
126 3 n3 n5 0 0.120 0
126 4 n3 n1 209 0.120 0
126 5 n3 n3 239 0.120 1
126 6 n5 n3 79 0.940 0
126 7 n5 n1 0 0.940 0
126 8 n5 n5 235 0.940 1
126 9 n1 n3 222 0.490 0
126 10 n1 n5 0 0.490 0
126 11 n1 n1 251 0.490 1
127 1 n4 n5 0 0.870 0
127 2 n4 n3 179 0.870 1
127 3 n3 n5 0 0.060 0
127 4 n3 n1 209 0.060 0
127 5 n3 n3 238 0.060 1
127 6 n5 n3 79 2.050 0
127 7 n5 n1 0 2.050 0
127 8 n5 n5 235 2.050 1
127 9 n1 n3 221 0.550 0
127 10 n1 n5 0 0.550 0
127 11 n1 n1 250 0.550 1
128 1 n4 n5 0 1.970 0
128 2 n4 n3 179 1.970 1
128 3 n3 n5 0 0.140 0
128 4 n3 n1 208 0.140 0
128 5 n3 n3 237 0.140 1
128 6 n5 n3 85 0.500 0
128 7 n5 n1 0 0.500 0
128 8 n5 n5 232 0.500 1
128 9 n1 n3 221 0.620 0
128 10 n1 n5 0 0.620 0
128 11 n1 n1 250 0.620 1
129 1 n4 n5 0 0.980 0
129 2 n4 n3 181 0.980 1
129 3 n3 n5 0 0.190 0
129 4 n3 n1 207 0.190 0
129 5 n3 n3 237 0.190 1
129 6 n5 n3 87 0.610 0
129 7 n5 n1 0 0.610 0
129 8 n5 n5 230 0.610 1
129 9 n1 n3 222 0.680 0
129 10 n1 n5 0 0.680 0
129 11 n1 n1 249 0.680 1
130 1 n4 n5 0 0.960 0
130 2 n4 n3 180 0.960 1
130 3 n3 n5 0 0.250 0
130 4 n3 n1 203 0.250 0
130 5 n3 n3 236 0.250 1
130 6 n5 n3 87 1.710 0
130 7 n5 n1 0 1.710 0
130 8 n5 n5 230 1.710 1
130 9 n1 n3 224 0.850 0
130 10 n1 n5 0 0.850 0
130 11 n1 n1 248 0.850 1
131 1 n4 n5 0 0.910 0
131 2 n4 n3 181 0.910 1
131 3 n3 n5 0 0.300 0
131 4 n3 n1 201 0.300 0
131 5 n3 n3 236 0.300 1
131 6 n5 n3 87 2.810 0
131 7 n5 n1 0 2.810 0
131 8 n5 n5 230 2.810 1
131 9 n1 n3 226 0.800 0
131 10 n1 n5 0 0.800 0
131 11 n1 n1 246 0.800 1
132 1 n4 n5 0 0.970 0
132 2 n4 n3 179 0.970 1
132 3 n3 n5 0 0.390 0
132 4 n3 n1 199 0.390 0
132 5 n3 n3 238 0.390 1
132 6 n5 n3 87 3.930 0
132 7 n5 n1 0 3.930 0
132 8 n5 n5 230 3.930 1
132 9 n1 n3 229 0.870 0
132 10 n1 n5 0 0.870 0
132 11 n1 n1 245 0.870 1
133 1 n4 n5 0 0.180 0
133 2 n4 n3 177 0.180 1
133 3 n3 n5 0 0.440 0
133 4 n3 n1 198 0.440 0
133 5 n3 n3 239 0.440 1
133 6 n5 n3 87 5.020 0
133 7 n5 n1 0 5.020 0
133 8 n5 n5 230 5.020 1
133 9 n1 n3 231 0.000 0
133 10 n1 n5 0 0.000 0
133 11 n1 n1 242 0.000 1
134 1 n4 n5 0 0.170 0
134 2 n4 n3 175 0.170 1
134 3 n3 n5 0 0.500 0
134 4 n3 n1 195 0.500 0
134 5 n3 n3 239 0.500 1
134 6 n5 n3 87 6.120 0
134 7 n5 n1 0 6.120 0
134 8 n5 n5 230 6.120 1
134 9 n1 n3 233 0.060 0
134 10 n1 n5 0 0.060 0
134 11 n1 n1 242 0.060 1
135 1 n4 n5 0 1.270 0
135 2 n4 n3 175 1.270 1
135 3 n3 n5 0 0.670 0
135 4 n3 n1 194 0.670 0
135 5 n3 n3 239 0.670 1
135 6 n5 n3 87 7.220 0
135 7 n5 n1 0 7.220 0
135 8 n5 n5 230 7.220 1
135 9 n1 n3 233 0.010 0
135 10 n1 n5 0 0.010 0
135 11 n1 n1 242 0.010 1
136 1 n4 n5 0 0.090 0
136 2 n4 n3 176 0.090 1
136 3 n3 n5 0 0.780 0
136 4 n3 n1 194 0.780 0
136 5 n3 n3 240 0.780 1
136 6 n5 n3 87 8.360 0
136 7 n5 n1 0 8.360 0
136 8 n5 n5 230 8.360 1
136 9 n1 n3 233 0.100 0
136 10 n1 n5 0 0.100 0
136 11 n1 n1 243 0.100 1
137 1 n4 n5 0 0.480 0
137 2 n4 n3 177 0.480 1
137 3 n3 n5 0 0.840 0
137 4 n3 n1 192 0.840 0
137 5 n3 n3 240 0.840 1
137 6 n5 n3 87 9.470 0
137 7 n5 n1 0 9.470 0
137 8 n5 n5 230 9.470 1
137 9 n1 n3 233 0.180 0
137 10 n1 n5 0 0.180 0
137 11 n1 n1 244 0.180 1
138 1 n4 n5 0 0.540 0
138 2 n4 n3 179 0.540 1
138 3 n3 n5 0 0.900 0
138 4 n3 n1 192 0.900 0
138 5 n3 n3 241 0.900 1
138 6 n5 n3 87 10.560 0
138 7 n5 n1 0 10.560 0
138 8 n5 n5 230 10.560 1
138 9 n1 n3 233 0.220 0
138 10 n1 n5 0 0.220 0
138 11 n1 n1 245 0.220 1
139 1 n4 n5 0 1.640 0
139 2 n4 n3 179 1.640 1
139 3 n3 n5 0 0.960 0
139 4 n3 n1 0 0.960 0
139 5 n3 n3 242 0.960 1
139 6 n5 n3 87 11.660 0
139 7 n5 n1 0 11.660 0
139 8 n5 n5 230 11.660 1
139 9 n1 n3 233 0.290 0
139 10 n1 n5 0 0.290 0
139 11 n1 n1 246 0.290 1
140 1 n4 n5 0 0.640 0
140 2 n4 n3 183 0.640 1
140 3 n3 n5 0 1.030 0
140 4 n3 n1 0 1.030 0
140 5 n3 n3 243 1.030 1
140 6 n5 n3 87 12.770 0
140 7 n5 n1 0 12.770 0
140 8 n5 n5 230 12.770 1
140 9 n1 n3 233 0.360 0
140 10 n1 n5 0 0.360 0
140 11 n1 n1 246 0.360 1
141 1 n4 n5 0 0.710 0
141 2 n4 n3 187 0.710 1
141 3 n3 n5 0 0.030 0
141 4 n3 n1 0 0.030 0
141 5 n3 n3 244 0.030 1
141 6 n5 n3 87 13.860 0
141 7 n5 n1 0 13.860 0
141 8 n5 n5 230 13.860 1
141 9 n1 n3 233 0.520 0
141 10 n1 n5 0 0.520 0
141 11 n1 n1 246 0.520 1
142 1 n4 n5 0 0.780 0
142 2 n4 n3 189 0.780 1
142 3 n3 n5 0 0.090 0
142 4 n3 n1 0 0.090 0
142 5 n3 n3 244 0.090 1
142 6 n5 n3 87 14.960 0
142 7 n5 n1 0 14.960 0
142 8 n5 n5 230 14.960 1
142 9 n1 n3 233 1.620 0
142 10 n1 n5 0 1.620 0
142 11 n1 n1 246 1.620 1
143 1 n4 n5 0 1.890 0
143 2 n4 n3 189 1.890 1
143 3 n3 n5 0 0.160 0
143 4 n3 n1 0 0.160 0
143 5 n3 n3 244 0.160 1
143 6 n5 n3 87 16.070 0
143 7 n5 n1 0 16.070 0
143 8 n5 n5 230 16.070 1
143 9 n1 n3 235 0.540 0
143 10 n1 n5 0 0.540 0
143 11 n1 n1 247 0.540 1
144 1 n4 n5 0 2.980 0
144 2 n4 n3 189 2.980 1
144 3 n3 n5 0 0.210 0
144 4 n3 n1 0 0.210 0
144 5 n3 n3 245 0.210 1
144 6 n5 n3 87 17.160 0
144 7 n5 n1 0 17.160 0
144 8 n5 n5 230 17.160 1
144 9 n1 n3 237 0.580 0
144 10 n1 n5 0 0.580 0
144 11 n1 n1 248 0.580 1
145 1 n4 n5 0 4.080 0
145 2 n4 n3 189 4.080 1
145 3 n3 n5 0 0.280 0
145 4 n3 n1 0 0.280 0
145 5 n3 n3 245 0.280 1
145 6 n5 n3 87 18.260 0
145 7 n5 n1 0 18.260 0
145 8 n5 n5 230 18.260 1
145 9 n1 n3 237 0.640 0
145 10 n1 n5 0 0.640 0
145 11 n1 n1 250 0.640 1
146 1 n4 n5 0 5.190 0
146 2 n4 n3 189 5.190 1
146 3 n3 n5 0 0.340 0
146 4 n3 n1 0 0.340 0
146 5 n3 n3 244 0.340 1
146 6 n5 n3 87 19.370 0
146 7 n5 n1 0 19.370 0
146 8 n5 n5 230 19.370 1
146 9 n1 n3 237 0.720 0
146 10 n1 n5 0 0.720 0
146 11 n1 n1 251 0.720 1
147 1 n4 n5 0 1.090 0
147 2 n4 n3 192 1.090 1
147 3 n3 n5 0 0.420 0
147 4 n3 n1 0 0.420 0
147 5 n3 n3 245 0.420 1
147 6 n5 n3 87 20.480 0
147 7 n5 n1 0 20.480 0
147 8 n5 n5 230 20.480 1
147 9 n1 n3 237 0.790 0
147 10 n1 n5 0 0.790 0
147 11 n1 n1 250 0.790 1
148 1 n4 n5 0 2.190 0
148 2 n4 n3 192 2.190 1
148 3 n3 n5 0 1.520 0
148 4 n3 n1 0 1.520 0
148 5 n3 n3 245 1.520 1
148 6 n5 n3 87 21.580 0
148 7 n5 n1 0 21.580 0
148 8 n5 n5 230 21.580 1
148 9 n1 n3 237 0.850 0
148 10 n1 n5 0 0.850 0
148 11 n1 n1 249 0.850 1
149 1 n4 n5 0 0.180 0
149 2 n4 n3 194 0.180 1
149 3 n3 n5 0 0.540 0
149 4 n3 n1 0 0.540 0
149 5 n3 n3 246 0.540 1
149 6 n5 n3 87 22.680 0
149 7 n5 n1 0 22.680 0
149 8 n5 n5 230 22.680 1
149 9 n1 n3 237 0.910 0
149 10 n1 n5 0 0.910 0
149 11 n1 n1 248 0.910 1
150 1 n4 n5 0 0.230 0
150 2 n4 n3 196 0.230 1
150 3 n3 n5 0 0.600 0
150 4 n3 n1 0 0.600 0
150 5 n3 n3 247 0.600 1
150 6 n5 n3 87 23.780 0
150 7 n5 n1 0 23.780 0
150 8 n5 n5 230 23.780 1
150 9 n1 n3 238 0.040 0
150 10 n1 n5 0 0.040 0
150 11 n1 n1 244 0.040 1
151 1 n4 n5 0 1.360 0
151 2 n4 n3 196 1.360 1
151 3 n3 n5 0 0.690 0
151 4 n3 n1 0 0.690 0
151 5 n3 n3 248 0.690 1
151 6 n5 n3 87 24.910 0
151 7 n5 n1 0 24.910 0
151 8 n5 n5 230 24.910 1
151 9 n1 n3 240 0.020 0
151 10 n1 n5 0 0.020 0
151 11 n1 n1 242 0.020 1
152 1 n4 n5 0 0.160 0
152 2 n4 n3 196 0.160 1
152 3 n3 n5 0 0.740 0
152 4 n3 n1 0 0.740 0
152 5 n3 n3 248 0.740 1
152 6 n5 n3 87 26.000 0
152 7 n5 n1 0 26.000 0
152 8 n5 n5 230 26.000 1
152 9 n1 n3 240 0.070 0
152 10 n1 n5 0 0.070 0
152 11 n1 n1 241 0.070 1
153 1 n4 n5 0 0.250 0
153 2 n4 n3 196 0.250 1
153 3 n3 n5 0 0.800 0
153 4 n3 n1 0 0.800 0
153 5 n3 n3 249 0.800 1
153 6 n5 n3 87 27.100 0
153 7 n5 n1 0 27.100 0
153 8 n5 n5 230 27.100 1
153 9 n1 n3 240 0.120 1
153 10 n1 n5 0 0.120 0
153 11 n1 n1 239 0.120 0
154 1 n4 n5 0 0.020 0
154 2 n4 n3 194 0.020 1
154 3 n3 n5 0 0.860 0
154 4 n3 n1 0 0.860 0
154 5 n3 n3 248 0.860 1
154 6 n5 n3 87 28.200 0
154 7 n5 n1 0 28.200 0
154 8 n5 n5 230 28.200 1
154 9 n1 n3 240 0.190 1
154 10 n1 n5 0 0.190 0
154 11 n1 n1 238 0.190 0
155 1 n4 n5 0 0.350 0
155 2 n4 n3 191 0.350 1
155 3 n3 n5 0 1.970 0
155 4 n3 n1 0 1.970 0
155 5 n3 n3 248 1.970 1
155 6 n5 n3 87 29.310 0
155 7 n5 n1 0 29.310 0
155 8 n5 n5 230 29.310 1
155 9 n1 n3 240 0.250 1
155 10 n1 n5 0 0.250 0
155 11 n1 n1 238 0.250 0
156 1 n4 n5 0 1.450 0
156 2 n4 n3 191 1.450 1
156 3 n3 n5 0 0.990 0
156 4 n3 n1 0 0.990 0
156 5 n3 n3 249 0.990 1
156 6 n5 n3 87 30.410 0
156 7 n5 n1 0 30.410 0
156 8 n5 n5 230 30.410 1
156 9 n1 n3 241 0.320 1
156 10 n1 n5 0 0.320 0
156 11 n1 n1 238 0.320 0
157 1 n4 n5 0 2.550 0
157 2 n4 n3 191 2.550 1
157 3 n3 n5 0 0.000 0
157 4 n3 n1 0 0.000 0
157 5 n3 n3 252 0.000 1
157 6 n5 n3 87 31.510 0
157 7 n5 n1 0 31.510 0
157 8 n5 n5 230 31.510 1
157 9 n1 n3 243 0.380 1
157 10 n1 n5 0 0.380 0
157 11 n1 n1 238 0.380 0
158 1 n4 n5 0 0.620 0
158 2 n4 n3 190 0.620 1
158 3 n3 n5 0 0.080 0
158 4 n3 n1 0 0.080 0
158 5 n3 n3 253 0.080 1
158 6 n5 n3 87 32.620 0
158 7 n5 n1 0 32.620 0
158 8 n5 n5 230 32.620 1
158 9 n1 n3 245 0.440 1
158 10 n1 n5 0 0.440 0
158 11 n1 n1 238 0.440 0
159 1 n4 n5 0 1.710 0
159 2 n4 n3 190 1.710 1
159 3 n3 n5 0 0.130 0
159 4 n3 n1 0 0.130 0
159 5 n3 n3 255 0.130 1
159 6 n5 n3 87 33.710 0
159 7 n5 n1 0 33.710 0
159 8 n5 n5 230 33.710 1
159 9 n1 n3 245 0.500 1
159 10 n1 n5 0 0.500 0
159 11 n1 n1 238 0.500 0
160 1 n4 n5 0 0.870 0
160 2 n4 n3 188 0.870 1
160 3 n3 n5 0 0.180 0
160 4 n3 n1 0 0.180 0
160 5 n3 n3 255 0.180 1
160 6 n5 n3 87 34.810 0
160 7 n5 n1 0 34.810 0
160 8 n5 n5 230 34.810 1
160 9 n1 n3 243 0.560 1
160 10 n1 n5 0 0.560 0
160 11 n1 n1 238 0.560 0
161 1 n4 n5 0 1.970 0
161 2 n4 n3 188 1.970 1
161 3 n3 n5 0 0.240 0
161 4 n3 n1 0 0.240 0
161 5 n3 n3 255 0.240 1
161 6 n5 n3 87 35.910 0
161 7 n5 n1 0 35.910 0
161 8 n5 n5 230 35.910 1
161 9 n1 n3 240 0.620 1
161 10 n1 n5 0 0.620 0
161 11 n1 n1 238 0.620 0
162 1 n4 n5 0 3.070 0
162 2 n4 n3 188 3.070 1
162 3 n3 n5 0 0.300 0
162 4 n3 n1 0 0.300 0
162 5 n3 n3 255 0.300 1
162 6 n5 n3 87 37.010 0
162 7 n5 n1 0 37.010 0
162 8 n5 n5 230 37.010 1
162 9 n1 n3 236 0.680 0
162 10 n1 n5 0 0.680 0
162 11 n1 n1 238 0.680 1
163 1 n4 n5 0 0.010 0
163 2 n4 n3 185 0.010 1
163 3 n3 n5 0 0.370 0
163 4 n3 n1 0 0.370 0
163 5 n3 n3 255 0.370 1
163 6 n5 n3 87 38.110 0
163 7 n5 n1 0 38.110 0
163 8 n5 n5 230 38.110 1
163 9 n1 n3 235 0.740 0
163 10 n1 n5 0 0.740 0
163 11 n1 n1 238 0.740 1
164 1 n4 n5 0 0.070 0
164 2 n4 n3 184 0.070 1
164 3 n3 n5 0 0.430 0
164 4 n3 n1 0 0.430 0
164 5 n3 n3 255 0.430 1
164 6 n5 n3 87 39.210 0
164 7 n5 n1 0 39.210 0
164 8 n5 n5 230 39.210 1
164 9 n1 n3 233 0.790 0
164 10 n1 n5 0 0.790 0
164 11 n1 n1 238 0.790 1
165 1 n4 n5 0 1.160 0
165 2 n4 n3 184 1.160 1
165 3 n3 n5 0 0.470 0
165 4 n3 n1 0 0.470 0
165 5 n3 n3 255 0.470 1
165 6 n5 n3 87 40.300 0
165 7 n5 n1 0 40.300 0
165 8 n5 n5 230 40.300 1
165 9 n1 n3 231 0.850 0
165 10 n1 n5 0 0.850 0
165 11 n1 n1 238 0.850 1
166 1 n4 n5 0 0.040 0
166 2 n4 n3 183 0.040 1
166 3 n3 n5 0 0.420 0
166 4 n3 n1 0 0.420 0
166 5 n3 n3 255 0.420 1
166 6 n5 n3 87 41.410 0
166 7 n5 n1 0 41.410 0
166 8 n5 n5 230 41.410 1
166 9 n1 n3 228 0.910 0
166 10 n1 n5 0 0.910 0
166 11 n1 n1 238 0.910 1
167 1 n4 n5 0 1.190 0
167 2 n4 n3 183 1.190 1
167 3 n3 n5 0 0.650 0
167 4 n3 n1 0 0.650 0
167 5 n3 n3 255 0.650 1
167 6 n5 n3 87 42.560 0
167 7 n5 n1 0 42.560 0
167 8 n5 n5 230 42.560 1
167 9 n1 n3 227 0.100 0
167 10 n1 n5 0 0.100 0
167 11 n1 n1 239 0.100 1
168 1 n4 n5 0 2.300 0
168 2 n4 n3 183 2.300 1
168 3 n3 n5 0 0.730 0
168 4 n3 n1 0 0.730 0
168 5 n3 n3 255 0.730 1
168 6 n5 n3 87 43.670 0
168 7 n5 n1 0 43.670 0
168 8 n5 n5 230 43.670 1
168 9 n1 n3 223 0.050 0
168 10 n1 n5 0 0.050 0
168 11 n1 n1 240 0.050 1
169 1 n4 n5 0 0.430 0
169 2 n4 n3 185 0.430 1
169 3 n3 n5 0 0.770 0
169 4 n3 n1 0 0.770 0
169 5 n3 n3 255 0.770 1
169 6 n5 n3 87 44.760 0
169 7 n5 n1 0 44.760 0
169 8 n5 n5 230 44.760 1
169 9 n1 n3 219 0.110 0
169 10 n1 n5 0 0.110 0
169 11 n1 n1 240 0.110 1
170 1 n4 n5 0 1.530 0
170 2 n4 n3 185 1.530 1
170 3 n3 n5 0 0.840 0
170 4 n3 n1 0 0.840 0
170 5 n3 n3 255 0.840 1
170 6 n5 n3 87 45.860 0
170 7 n5 n1 0 45.860 0
170 8 n5 n5 230 45.860 1
170 9 n1 n3 215 0.170 0
170 10 n1 n5 0 0.170 0
170 11 n1 n1 240 0.170 1
171 1 n4 n5 0 2.620 0
171 2 n4 n3 185 2.620 1
171 3 n3 n5 0 0.890 0
171 4 n3 n1 0 0.890 0
171 5 n3 n3 255 0.890 1
171 6 n5 n3 87 46.950 0
171 7 n5 n1 0 46.950 0
171 8 n5 n5 230 46.950 1
171 9 n1 n3 211 0.330 0
171 10 n1 n5 0 0.330 0
171 11 n1 n1 238 0.330 1
172 1 n4 n5 0 3.720 0
172 2 n4 n3 185 3.720 1
172 3 n3 n5 0 0.950 0
172 4 n3 n1 0 0.950 0
172 5 n3 n3 255 0.950 1
172 6 n5 n3 87 48.050 0
172 7 n5 n1 0 48.050 0
172 8 n5 n5 230 48.050 1
172 9 n1 n3 211 1.430 0
172 10 n1 n5 0 1.430 0
172 11 n1 n1 238 1.430 1
173 1 n4 n5 0 0.650 0
173 2 n4 n3 189 0.650 1
173 3 n3 n5 0 1.020 0
173 4 n3 n1 0 1.020 0
173 5 n3 n3 255 1.020 1
173 6 n5 n3 82 0.010 0
173 7 n5 n1 0 0.010 0
173 8 n5 n5 226 0.010 1
173 9 n1 n3 211 0.460 0
173 10 n1 n5 0 0.460 0
173 11 n1 n1 238 0.460 1
174 1 n4 n5 0 1.740 0
174 2 n4 n3 189 1.740 1
174 3 n3 n5 0 0.020 0
174 4 n3 n1 0 0.020 0
174 5 n3 n3 255 0.020 1
174 6 n5 n3 77 0.570 1
174 7 n5 n1 0 0.570 0
174 8 n5 n5 0 0.570 0
174 9 n1 n3 211 0.400 0
174 10 n1 n5 0 0.400 0
174 11 n1 n1 237 0.400 1
175 1 n4 n5 0 0.760 0
175 2 n4 n3 195 0.760 1
175 3 n3 n5 0 0.090 0
175 4 n3 n1 0 0.090 0
175 5 n3 n3 255 0.090 1
175 6 n5 n3 77 1.670 1
175 7 n5 n1 0 1.670 0
175 8 n5 n5 0 1.670 0
175 9 n1 n3 213 0.450 0
175 10 n1 n5 0 0.450 0
175 11 n1 n1 237 0.450 1
176 1 n4 n5 0 0.750 0
176 2 n4 n3 201 0.750 1
176 3 n3 n5 0 0.150 0
176 4 n3 n1 0 0.150 0
176 5 n3 n3 255 0.150 1
176 6 n5 n3 72 0.940 1
176 7 n5 n1 0 0.940 0
176 8 n5 n5 0 0.940 0
176 9 n1 n3 211 0.520 0
176 10 n1 n5 0 0.520 0
176 11 n1 n1 236 0.520 1
177 1 n4 n5 0 1.850 0
177 2 n4 n3 201 1.850 1
177 3 n3 n5 0 0.220 0
177 4 n3 n1 0 0.220 0
177 5 n3 n3 255 0.220 1
177 6 n5 n3 72 2.040 1
177 7 n5 n1 0 2.040 0
177 8 n5 n5 0 2.040 0
177 9 n1 n3 210 0.580 0
177 10 n1 n5 0 0.580 0
177 11 n1 n1 236 0.580 1
178 1 n4 n5 0 2.960 0
178 2 n4 n3 201 2.960 1
178 3 n3 n5 0 1.330 0
178 4 n3 n1 0 1.330 0
178 5 n3 n3 255 1.330 1
178 6 n5 n3 65 0.070 1
178 7 n5 n1 0 0.070 0
178 8 n5 n5 0 0.070 0
178 9 n1 n3 208 0.660 0
178 10 n1 n5 0 0.660 0
178 11 n1 n1 235 0.660 1
179 1 n4 n5 0 1.010 0
179 2 n4 n3 205 1.010 1
179 3 n3 n5 0 0.350 0
179 4 n3 n1 0 0.350 0
179 5 n3 n3 255 0.350 1
179 6 n5 n3 65 1.170 1
179 7 n5 n1 0 1.170 0
179 8 n5 n5 0 1.170 0
179 9 n1 n3 207 0.730 0
179 10 n1 n5 0 0.730 0
179 11 n1 n1 235 0.730 1
180 1 n4 n5 0 0.050 0
180 2 n4 n3 209 0.050 1
180 3 n3 n5 0 0.420 0
180 4 n3 n1 0 0.420 0
180 5 n3 n3 255 0.420 1
180 6 n5 n3 55 0.210 1
180 7 n5 n1 0 0.210 0
180 8 n5 n5 0 0.210 0
180 9 n1 n3 205 0.790 0
180 10 n1 n5 0 0.790 0
180 11 n1 n1 235 0.790 1
181 1 n4 n5 0 0.110 0
181 2 n4 n3 209 0.110 1
181 3 n3 n5 0 0.460 0
181 4 n3 n1 0 0.460 0
181 5 n3 n3 255 0.460 1
181 6 n5 n3 50 0.260 1
181 7 n5 n1 0 0.260 0
181 8 n5 n5 0 0.260 0
181 9 n1 n3 204 0.840 0
181 10 n1 n5 0 0.840 0
181 11 n1 n1 236 0.840 1
182 1 n4 n5 0 0.170 0
182 2 n4 n3 209 0.170 1
182 3 n3 n5 0 0.280 0
182 4 n3 n1 209 0.280 0
182 5 n3 n3 255 0.280 1
182 6 n5 n3 50 0.550 1
182 7 n5 n1 0 0.550 0
182 8 n5 n5 0 0.550 0
182 9 n1 n3 204 0.900 0
182 10 n1 n5 0 0.900 0
182 11 n1 n1 238 0.900 1
183 1 n4 n5 0 0.250 0
183 2 n4 n3 207 0.250 1
183 3 n3 n5 0 0.610 0
183 4 n3 n1 209 0.610 0
183 5 n3 n3 255 0.610 1
183 6 n5 n3 48 0.390 1
183 7 n5 n1 0 0.390 0
183 8 n5 n5 0 0.390 0
183 9 n1 n3 204 0.050 0
183 10 n1 n5 0 0.050 0
183 11 n1 n1 241 0.050 1
184 1 n4 n5 0 0.310 0
184 2 n4 n3 206 0.310 1
184 3 n3 n5 0 0.550 0
184 4 n3 n1 213 0.550 0
184 5 n3 n3 255 0.550 1
184 6 n5 n3 46 0.470 1
184 7 n5 n1 0 0.470 0
184 8 n5 n5 0 0.470 0
184 9 n1 n3 204 0.110 0
184 10 n1 n5 0 0.110 0
184 11 n1 n1 242 0.110 1
185 1 n4 n5 0 1.410 0
185 2 n4 n3 206 1.410 1
185 3 n3 n5 0 0.490 0
185 4 n3 n1 215 0.490 0
185 5 n3 n3 255 0.490 1
185 6 n5 n3 46 1.570 1
185 7 n5 n1 0 1.570 0
185 8 n5 n5 0 1.570 0
185 9 n1 n3 204 0.170 0
185 10 n1 n5 0 0.170 0
185 11 n1 n1 244 0.170 1
186 1 n4 n5 0 0.420 0
186 2 n4 n3 204 0.420 1
186 3 n3 n5 0 0.670 0
186 4 n3 n1 216 0.670 0
186 5 n3 n3 255 0.670 1
186 6 n5 n3 46 2.670 1
186 7 n5 n1 0 2.670 0
186 8 n5 n5 0 2.670 0
186 9 n1 n3 204 0.230 0
186 10 n1 n5 0 0.230 0
186 11 n1 n1 244 0.230 1
187 1 n4 n5 0 0.490 0
187 2 n4 n3 201 0.490 1
187 3 n3 n5 0 0.720 0
187 4 n3 n1 215 0.720 0
187 5 n3 n3 255 0.720 1
187 6 n5 n3 46 0.640 1
187 7 n5 n1 0 0.640 0
187 8 n5 n5 0 0.640 0
187 9 n1 n3 0 0.290 0
187 10 n1 n5 0 0.290 0
187 11 n1 n1 244 0.290 1
188 1 n4 n5 0 0.560 0
188 2 n4 n3 201 0.560 1
188 3 n3 n5 0 0.810 0
188 4 n3 n1 215 0.810 0
188 5 n3 n3 255 0.810 1
188 6 n5 n3 46 1.750 1
188 7 n5 n1 0 1.750 0
188 8 n5 n5 0 1.750 0
188 9 n1 n3 0 0.360 0
188 10 n1 n5 0 0.360 0
188 11 n1 n1 243 0.360 1
189 1 n4 n5 0 1.670 0
189 2 n4 n3 201 1.670 1
189 3 n3 n5 0 0.750 0
189 4 n3 n1 214 0.750 0
189 5 n3 n3 255 0.750 1
189 6 n5 n3 47 0.780 1
189 7 n5 n1 0 0.780 0
189 8 n5 n5 0 0.780 0
189 9 n1 n3 0 0.430 0
189 10 n1 n5 0 0.430 0
189 11 n1 n1 242 0.430 1
190 1 n4 n5 0 0.680 0
190 2 n4 n3 201 0.680 1
190 3 n3 n5 0 0.920 0
190 4 n3 n1 214 0.920 0
190 5 n3 n3 255 0.920 1
190 6 n5 n3 49 0.830 1
190 7 n5 n1 0 0.830 0
190 8 n5 n5 0 0.830 0
190 9 n1 n3 0 0.480 0
190 10 n1 n5 0 0.480 0
190 11 n1 n1 242 0.480 1
191 1 n4 n5 0 0.750 0
191 2 n4 n3 201 0.750 1
191 3 n3 n5 0 0.060 0
191 4 n3 n1 218 0.060 0
191 5 n3 n3 255 0.060 1
191 6 n5 n3 52 0.090 1
191 7 n5 n1 0 0.090 0
191 8 n5 n5 0 0.090 0
191 9 n1 n3 0 0.090 0
191 10 n1 n5 0 0.090 0
191 11 n1 n1 242 0.090 1
192 1 n4 n5 0 0.810 0
192 2 n4 n3 203 0.810 1
192 3 n3 n5 0 0.010 0
192 4 n3 n1 220 0.010 0
192 5 n3 n3 255 0.010 1
192 6 n5 n3 52 0.150 1
192 7 n5 n1 0 0.150 0
192 8 n5 n5 0 0.150 0
192 9 n1 n3 0 0.150 0
192 10 n1 n5 0 0.150 0
192 11 n1 n1 243 0.150 1
193 1 n4 n5 0 0.870 0
193 2 n4 n3 205 0.870 1
193 3 n3 n5 0 0.060 0
193 4 n3 n1 219 0.060 0
193 5 n3 n3 255 0.060 1
193 6 n5 n3 56 0.210 1
193 7 n5 n1 0 0.210 0
193 8 n5 n5 0 0.210 0
193 9 n1 n3 0 0.670 0
193 10 n1 n5 0 0.670 0
193 11 n1 n1 244 0.670 1
194 1 n4 n5 0 0.930 0
194 2 n4 n3 206 0.930 1
194 3 n3 n5 2 0.010 0
194 4 n3 n1 218 0.010 0
194 5 n3 n3 255 0.010 1
194 6 n5 n3 61 0.030 1
194 7 n5 n1 0 0.030 0
194 8 n5 n5 0 0.030 0
194 9 n1 n3 0 0.730 0
194 10 n1 n5 0 0.730 0
194 11 n1 n1 245 0.730 1
195 1 n4 n5 0 0.990 0
195 2 n4 n3 208 0.990 1
195 3 n3 n5 2 0.180 0
195 4 n3 n1 218 0.180 0
195 5 n3 n3 255 0.180 1
195 6 n5 n3 63 0.330 1
195 7 n5 n1 0 0.330 0
195 8 n5 n5 10 0.330 0
195 9 n1 n3 0 0.330 0
195 10 n1 n5 0 0.330 0
195 11 n1 n1 246 0.330 1
196 1 n4 n5 0 0.010 0
196 2 n4 n3 202 0.010 1
196 3 n3 n5 2 0.250 0
196 4 n3 n1 218 0.250 0
196 5 n3 n3 255 0.250 1
196 6 n5 n3 68 0.380 1
196 7 n5 n1 0 0.380 0
196 8 n5 n5 15 0.380 0
196 9 n1 n3 0 0.850 0
196 10 n1 n5 0 0.850 0
196 11 n1 n1 246 0.850 1
197 1 n4 n5 17 0.060 0
197 2 n4 n3 199 0.060 1
197 3 n3 n5 2 0.410 0
197 4 n3 n1 218 0.410 0
197 5 n3 n3 255 0.410 1
197 6 n5 n3 77 0.200 1
197 7 n5 n1 0 0.200 0
197 8 n5 n5 20 0.200 0
197 9 n1 n3 0 0.440 0
197 10 n1 n5 0 0.440 0
197 11 n1 n1 246 0.440 1
198 1 n4 n5 17 1.160 0
198 2 n4 n3 199 1.160 1
198 3 n3 n5 2 0.480 0
198 4 n3 n1 218 0.480 0
198 5 n3 n3 255 0.480 1
198 6 n5 n3 81 0.500 1
198 7 n5 n1 0 0.500 0
198 8 n5 n5 25 0.500 0
198 9 n1 n3 0 0.960 0
198 10 n1 n5 0 0.960 0
198 11 n1 n1 246 0.960 1
199 1 n4 n5 17 0.220 0
199 2 n4 n3 193 0.220 1
199 3 n3 n5 0 0.460 0
199 4 n3 n1 219 0.460 0
199 5 n3 n3 255 0.460 1
199 6 n5 n3 84 0.380 1
199 7 n5 n1 0 0.380 0
199 8 n5 n5 30 0.380 0
199 9 n1 n3 0 0.030 0
199 10 n1 n5 0 0.030 0
199 11 n1 n1 246 0.030 1
200 1 n4 n5 26 0.280 0
200 2 n4 n3 183 0.280 1
200 3 n3 n5 21 0.400 0
200 4 n3 n1 221 0.400 0
200 5 n3 n3 255 0.400 1
200 6 n5 n3 85 0.430 1
200 7 n5 n1 0 0.430 0
200 8 n5 n5 40 0.430 0
200 9 n1 n3 0 0.080 0
200 10 n1 n5 15 0.080 0
200 11 n1 n1 246 0.080 1
201 1 n4 n5 30 0.340 0
201 2 n4 n3 177 0.340 1
201 3 n3 n5 21 0.580 0
201 4 n3 n1 221 0.580 0
201 5 n3 n3 255 0.580 1
201 6 n5 n3 85 0.720 1
201 7 n5 n1 0 0.720 0
201 8 n5 n5 50 0.720 0
201 9 n1 n3 0 0.140 0
201 10 n1 n5 18 0.140 0
201 11 n1 n1 246 0.140 1
202 1 n4 n5 34 0.390 0
202 2 n4 n3 175 0.390 1
202 3 n3 n5 21 0.640 0
202 4 n3 n1 222 0.640 0
202 5 n3 n3 255 0.640 1
202 6 n5 n3 85 0.780 1
202 7 n5 n1 0 0.780 0
202 8 n5 n5 59 0.780 0
202 9 n1 n3 0 0.200 0
202 10 n1 n5 23 0.200 0
202 11 n1 n1 245 0.200 1
203 1 n4 n5 34 1.500 0
203 2 n4 n3 175 1.500 1
203 3 n3 n5 30 0.710 0
203 4 n3 n1 224 0.710 0
203 5 n3 n3 255 0.710 1
203 6 n5 n3 97 0.740 1
203 7 n5 n1 0 0.740 0
203 8 n5 n5 68 0.740 0
203 9 n1 n3 0 0.270 0
203 10 n1 n5 26 0.270 0
203 11 n1 n1 244 0.270 1
204 1 n4 n5 42 0.520 0
204 2 n4 n3 174 0.520 1
204 3 n3 n5 40 0.760 0
204 4 n3 n1 226 0.760 0
204 5 n3 n3 255 0.760 1
204 6 n5 n3 116 0.790 1
204 7 n5 n1 0 0.790 0
204 8 n5 n5 75 0.790 0
204 9 n1 n3 0 0.320 0
204 10 n1 n5 30 0.320 0
204 11 n1 n1 243 0.320 1
205 1 n4 n5 42 1.630 0
205 2 n4 n3 174 1.630 1
205 3 n3 n5 42 0.820 0
205 4 n3 n1 227 0.820 0
205 5 n3 n3 255 0.820 1
205 6 n5 n3 119 0.860 1
205 7 n5 n1 0 0.860 0
205 8 n5 n5 81 0.860 0
205 9 n1 n3 0 0.040 0
205 10 n1 n5 35 0.040 0
205 11 n1 n1 242 0.040 1
206 1 n4 n5 42 2.730 0
206 2 n4 n3 174 2.730 1
206 3 n3 n5 47 0.890 0
206 4 n3 n1 227 0.890 0
206 5 n3 n3 255 0.890 1
206 6 n5 n3 125 0.920 1
206 7 n5 n1 0 0.920 0
206 8 n5 n5 87 0.920 0
206 9 n1 n3 0 0.110 0
206 10 n1 n5 39 0.110 0
206 11 n1 n1 242 0.110 1
207 1 n4 n5 46 0.700 0
207 2 n4 n3 178 0.700 1
207 3 n3 n5 54 0.940 0
207 4 n3 n1 228 0.940 0
207 5 n3 n3 255 0.940 1
207 6 n5 n3 134 0.030 1
207 7 n5 n1 0 0.030 0
207 8 n5 n5 99 0.030 0
207 9 n1 n3 0 0.150 0
207 10 n1 n5 44 0.150 0
207 11 n1 n1 242 0.150 1
208 1 n4 n5 49 0.760 0
208 2 n4 n3 178 0.760 1
208 3 n3 n5 61 0.070 0
208 4 n3 n1 231 0.070 0
208 5 n3 n3 255 0.070 1
208 6 n5 n3 140 0.100 1
208 7 n5 n1 0 0.100 0
208 8 n5 n5 106 0.100 0
208 9 n1 n3 0 0.560 0
208 10 n1 n5 47 0.560 0
208 11 n1 n1 243 0.560 1
209 1 n4 n5 52 0.660 0
209 2 n4 n3 176 0.660 1
209 3 n3 n5 73 0.030 0
209 4 n3 n1 232 0.030 0
209 5 n3 n3 255 0.030 1
209 6 n5 n3 148 0.050 1
209 7 n5 n1 0 0.050 0
209 8 n5 n5 113 0.050 0
209 9 n1 n3 0 0.280 0
209 10 n1 n5 55 0.280 0
209 11 n1 n1 244 0.280 1
210 1 n4 n5 55 0.890 0
210 2 n4 n3 173 0.890 1
210 3 n3 n5 79 0.110 0
210 4 n3 n1 233 0.110 0
210 5 n3 n3 255 0.110 1
210 6 n5 n3 153 0.130 1
210 7 n5 n1 0 0.130 0
210 8 n5 n5 119 0.130 0
210 9 n1 n3 0 0.710 0
210 10 n1 n5 55 0.710 0
210 11 n1 n1 246 0.710 1
211 1 n4 n5 62 0.970 0
211 2 n4 n3 171 0.970 1
211 3 n3 n5 86 0.170 0
211 4 n3 n1 236 0.170 0
211 5 n3 n3 255 0.170 1
211 6 n5 n3 157 0.200 1
211 7 n5 n1 0 0.200 0
211 8 n5 n5 126 0.200 0
211 9 n1 n3 0 0.770 0
211 10 n1 n5 61 0.770 0
211 11 n1 n1 247 0.770 1
212 1 n4 n5 62 2.070 0
212 2 n4 n3 171 2.070 1
212 3 n3 n5 92 0.230 0
212 4 n3 n1 236 0.230 0
212 5 n3 n3 255 0.230 1
212 6 n5 n3 162 0.260 1
212 7 n5 n1 0 0.260 0
212 8 n5 n5 132 0.260 0
212 9 n1 n3 0 0.830 0
212 10 n1 n5 61 0.830 0
212 11 n1 n1 248 0.830 1
213 1 n4 n5 0 0.050 0
213 2 n4 n3 166 0.050 1
213 3 n3 n5 99 0.290 0
213 4 n3 n1 236 0.290 0
213 5 n3 n3 255 0.290 1
213 6 n5 n3 167 0.320 1
213 7 n5 n1 0 0.320 0
213 8 n5 n5 138 0.320 0
213 9 n1 n3 0 0.890 0
213 10 n1 n5 61 0.890 0
213 11 n1 n1 249 0.890 1
214 1 n4 n5 0 0.150 0
214 2 n4 n3 165 0.150 1
214 3 n3 n5 106 0.390 0
214 4 n3 n1 235 0.390 0
214 5 n3 n3 255 0.390 1
214 6 n5 n3 171 0.410 1
214 7 n5 n1 0 0.410 0
214 8 n5 n5 143 0.410 0
214 9 n1 n3 0 0.990 0
214 10 n1 n5 0 0.990 0
214 11 n1 n1 250 0.990 1
215 1 n4 n5 0 0.240 0
215 2 n4 n3 166 0.240 1
215 3 n3 n5 112 0.470 0
215 4 n3 n1 233 0.470 0
215 5 n3 n3 255 0.470 1
215 6 n5 n3 176 0.490 1
215 7 n5 n1 0 0.490 0
215 8 n5 n5 149 0.490 0
215 9 n1 n3 0 0.030 0
215 10 n1 n5 0 0.030 0
215 11 n1 n1 250 0.030 1
216 1 n4 n5 0 0.290 0
216 2 n4 n3 167 0.290 1
216 3 n3 n5 117 0.530 0
216 4 n3 n1 231 0.530 0
216 5 n3 n3 255 0.530 1
216 6 n5 n3 178 0.670 1
216 7 n5 n1 0 0.670 0
216 8 n5 n5 154 0.670 0
216 9 n1 n3 0 0.090 0
216 10 n1 n5 0 0.090 0
216 11 n1 n1 250 0.090 1
217 1 n4 n5 0 0.360 0
217 2 n4 n3 165 0.360 1
217 3 n3 n5 120 0.550 0
217 4 n3 n1 230 0.550 0
217 5 n3 n3 255 0.550 1
217 6 n5 n3 184 0.610 1
217 7 n5 n1 0 0.610 0
217 8 n5 n5 159 0.610 0
217 9 n1 n3 0 0.160 0
217 10 n1 n5 0 0.160 0
217 11 n1 n1 250 0.160 1
218 1 n4 n5 0 0.320 0
218 2 n4 n3 164 0.320 1
218 3 n3 n5 122 0.020 0
218 4 n3 n1 230 0.020 0
218 5 n3 n3 255 0.020 1
218 6 n5 n3 189 0.690 1
218 7 n5 n1 0 0.690 0
218 8 n5 n5 164 0.690 0
218 9 n1 n3 0 0.230 0
218 10 n1 n5 0 0.230 0
218 11 n1 n1 250 0.230 1
219 1 n4 n5 0 1.420 0
219 2 n4 n3 164 1.420 1
219 3 n3 n5 124 0.730 0
219 4 n3 n1 230 0.730 0
219 5 n3 n3 255 0.730 1
219 6 n5 n3 189 0.750 1
219 7 n5 n1 0 0.750 0
219 8 n5 n5 168 0.750 0
219 9 n1 n3 0 0.290 0
219 10 n1 n5 0 0.290 0
219 11 n1 n1 250 0.290 1
220 1 n4 n5 0 0.550 0
220 2 n4 n3 164 0.550 1
220 3 n3 n5 131 0.790 0
220 4 n3 n1 230 0.790 0
220 5 n3 n3 255 0.790 1
220 6 n5 n3 192 0.820 1
220 7 n5 n1 0 0.820 0
220 8 n5 n5 172 0.820 0
220 9 n1 n3 0 0.350 0
220 10 n1 n5 0 0.350 0
220 11 n1 n1 249 0.350 1
221 1 n4 n5 0 0.610 0
221 2 n4 n3 164 0.610 1
221 3 n3 n5 131 0.850 0
221 4 n3 n1 228 0.850 0
221 5 n3 n3 255 0.850 1
221 6 n5 n3 195 0.650 1
221 7 n5 n1 0 0.650 0
221 8 n5 n5 177 0.650 0
221 9 n1 n3 0 0.410 0
221 10 n1 n5 0 0.410 0
221 11 n1 n1 248 0.410 1
222 1 n4 n5 0 0.680 0
222 2 n4 n3 163 0.680 1
222 3 n3 n5 141 0.910 0
222 4 n3 n1 226 0.910 0
222 5 n3 n3 255 0.910 1
222 6 n5 n3 194 0.020 1
222 7 n5 n1 0 0.020 0
222 8 n5 n5 184 0.020 0
222 9 n1 n3 0 1.520 0
222 10 n1 n5 0 1.520 0
222 11 n1 n1 248 1.520 1
223 1 n4 n5 0 1.780 0
223 2 n4 n3 163 1.780 1
223 3 n3 n5 147 0.060 0
223 4 n3 n1 226 0.060 0
223 5 n3 n3 253 0.060 1
223 6 n5 n3 194 0.080 1
223 7 n5 n1 0 0.080 0
223 8 n5 n5 187 0.080 0
223 9 n1 n3 0 0.540 0
223 10 n1 n5 0 0.540 0
223 11 n1 n1 248 0.540 1
224 1 n4 n5 0 0.800 0
224 2 n4 n3 164 0.800 1
224 3 n3 n5 149 0.000 0
224 4 n3 n1 226 0.000 0
224 5 n3 n3 252 0.000 1
224 6 n5 n3 197 0.030 1
224 7 n5 n1 0 0.030 0
224 8 n5 n5 191 0.030 0
224 9 n1 n3 0 0.600 0
224 10 n1 n5 0 0.600 0
224 11 n1 n1 248 0.600 1
225 1 n4 n5 0 1.900 0
225 2 n4 n3 164 1.900 1
225 3 n3 n5 155 0.060 0
225 4 n3 n1 226 0.060 0
225 5 n3 n3 251 0.060 1
225 6 n5 n3 198 0.100 1
225 7 n5 n1 0 0.100 0
225 8 n5 n5 193 0.100 0
225 9 n1 n3 0 0.660 0
225 10 n1 n5 0 0.660 0
225 11 n1 n1 248 0.660 1
226 1 n4 n5 0 3.000 0
226 2 n4 n3 164 3.000 1
226 3 n3 n5 155 0.120 0
226 4 n3 n1 224 0.120 0
226 5 n3 n3 250 0.120 1
226 6 n5 n3 200 0.140 1
226 7 n5 n1 0 0.140 0
226 8 n5 n5 196 0.140 0
226 9 n1 n3 205 0.600 0
226 10 n1 n5 0 0.600 0
226 11 n1 n1 249 0.600 1
227 1 n4 n5 0 4.100 0
227 2 n4 n3 164 4.100 1
227 3 n3 n5 159 0.290 0
227 4 n3 n1 223 0.290 0
227 5 n3 n3 250 0.290 1
227 6 n5 n3 201 0.210 1
227 7 n5 n1 0 0.210 0
227 8 n5 n5 199 0.210 0
227 9 n1 n3 207 0.670 0
227 10 n1 n5 0 0.670 0
227 11 n1 n1 250 0.670 1
228 1 n4 n5 0 1.040 0
228 2 n4 n3 168 1.040 1
228 3 n3 n5 159 0.240 0
228 4 n3 n1 219 0.240 0
228 5 n3 n3 250 0.240 1
228 6 n5 n3 201 0.270 1
228 7 n5 n1 0 0.270 0
228 8 n5 n5 201 0.270 0
228 9 n1 n3 207 0.730 0
228 10 n1 n5 0 0.730 0
228 11 n1 n1 250 0.730 1
229 1 n4 n5 0 0.060 0
229 2 n4 n3 170 0.060 1
229 3 n3 n5 159 0.300 0
229 4 n3 n1 217 0.300 0
229 5 n3 n3 250 0.300 1
229 6 n5 n3 200 0.210 0
229 7 n5 n1 177 0.210 0
229 8 n5 n5 204 0.210 1
229 9 n1 n3 210 0.790 0
229 10 n1 n5 0 0.790 0
229 11 n1 n1 250 0.790 1
230 1 n4 n5 0 0.130 0
230 2 n4 n3 171 0.130 1
230 3 n3 n5 0 0.370 0
230 4 n3 n1 217 0.370 0
230 5 n3 n3 250 0.370 1
230 6 n5 n3 202 0.280 0
230 7 n5 n1 178 0.280 0
230 8 n5 n5 206 0.280 1
230 9 n1 n3 213 0.860 0
230 10 n1 n5 0 0.860 0
230 11 n1 n1 250 0.860 1
231 1 n4 n5 0 0.220 0
231 2 n4 n3 173 0.220 1
231 3 n3 n5 0 0.460 0
231 4 n3 n1 219 0.460 0
231 5 n3 n3 250 0.460 1
231 6 n5 n3 203 0.600 0
231 7 n5 n1 178 0.600 0
231 8 n5 n5 208 0.600 1
231 9 n1 n3 216 0.020 0
231 10 n1 n5 0 0.020 0
231 11 n1 n1 251 0.020 1
232 1 n4 n5 0 0.280 0
232 2 n4 n3 173 0.280 1
232 3 n3 n5 0 0.520 0
232 4 n3 n1 221 0.520 0
232 5 n3 n3 250 0.520 1
232 6 n5 n3 205 0.550 0
232 7 n5 n1 178 0.550 0
232 8 n5 n5 211 0.550 1
232 9 n1 n3 218 0.080 0
232 10 n1 n5 0 0.080 0
232 11 n1 n1 251 0.080 1
233 1 n4 n5 0 0.340 0
233 2 n4 n3 171 0.340 1
233 3 n3 n5 0 0.580 0
233 4 n3 n1 222 0.580 0
233 5 n3 n3 250 0.580 1
233 6 n5 n3 205 0.720 0
233 7 n5 n1 180 0.720 0
233 8 n5 n5 212 0.720 1
233 9 n1 n3 227 0.040 0
233 10 n1 n5 0 0.040 0
233 11 n1 n1 251 0.040 1
234 1 n4 n5 0 1.440 0
234 2 n4 n3 171 1.440 1
234 3 n3 n5 0 0.640 0
234 4 n3 n1 224 0.640 0
234 5 n3 n3 250 0.640 1
234 6 n5 n3 207 0.670 0
234 7 n5 n1 180 0.670 0
234 8 n5 n5 213 0.670 1
234 9 n1 n3 227 0.090 0
234 10 n1 n5 0 0.090 0
234 11 n1 n1 251 0.090 1
235 1 n4 n5 0 0.440 0
235 2 n4 n3 171 0.440 1
235 3 n3 n5 0 0.670 0
235 4 n3 n1 225 0.670 0
235 5 n3 n3 250 0.670 1
235 6 n5 n3 206 0.600 0
235 7 n5 n1 186 0.600 0
235 8 n5 n5 214 0.600 1
235 9 n1 n3 227 0.150 0
235 10 n1 n5 0 0.150 0
235 11 n1 n1 251 0.150 1
236 1 n4 n5 0 1.530 0
236 2 n4 n3 171 1.530 1
236 3 n3 n5 0 0.740 0
236 4 n3 n1 228 0.740 0
236 5 n3 n3 250 0.740 1
236 6 n5 n3 206 0.890 0
236 7 n5 n1 186 0.890 0
236 8 n5 n5 214 0.890 1
236 9 n1 n3 227 0.310 0
236 10 n1 n5 0 0.310 0
236 11 n1 n1 251 0.310 1
237 1 n4 n5 0 0.570 0
237 2 n4 n3 170 0.570 1
237 3 n3 n5 0 0.800 0
237 4 n3 n1 228 0.800 0
237 5 n3 n3 250 0.800 1
237 6 n5 n3 202 0.720 0
237 7 n5 n1 184 0.720 0
237 8 n5 n5 215 0.720 1
237 9 n1 n3 229 0.260 0
237 10 n1 n5 0 0.260 0
237 11 n1 n1 252 0.260 1
238 1 n4 n5 0 1.670 0
238 2 n4 n3 170 1.670 1
238 3 n3 n5 0 0.860 0
238 4 n3 n1 228 0.860 0
238 5 n3 n3 249 0.860 1
238 6 n5 n3 202 1.010 0
238 7 n5 n1 184 1.010 0
238 8 n5 n5 215 1.010 1
238 9 n1 n3 229 0.320 0
238 10 n1 n5 0 0.320 0
238 11 n1 n1 253 0.320 1
239 1 n4 n5 0 0.680 0
239 2 n4 n3 167 0.680 1
239 3 n3 n5 0 0.010 0
239 4 n3 n1 225 0.010 0
239 5 n3 n3 246 0.010 1
239 6 n5 n3 200 0.030 0
239 7 n5 n1 182 0.030 0
239 8 n5 n5 216 0.030 1
239 9 n1 n3 228 0.390 0
239 10 n1 n5 0 0.390 0
239 11 n1 n1 253 0.390 1
240 1 n4 n5 0 0.770 0
240 2 n4 n3 164 0.770 1
240 3 n3 n5 0 0.090 0
240 4 n3 n1 220 0.090 0
240 5 n3 n3 243 0.090 1
240 6 n5 n3 200 0.110 0
240 7 n5 n1 182 0.110 0
240 8 n5 n5 217 0.110 1
240 9 n1 n3 227 0.460 0
240 10 n1 n5 0 0.460 0
240 11 n1 n1 253 0.460 1
241 1 n4 n5 0 0.820 0
241 2 n4 n3 161 0.820 1
241 3 n3 n5 0 0.030 0
241 4 n3 n1 217 0.030 0
241 5 n3 n3 241 0.030 1
241 6 n5 n3 187 0.050 0
241 7 n5 n1 0 0.050 0
241 8 n5 n5 216 0.050 1
241 9 n1 n3 227 0.630 0
241 10 n1 n5 0 0.630 0
241 11 n1 n1 252 0.630 1
242 1 n4 n5 0 0.890 0
242 2 n4 n3 156 0.890 1
242 3 n3 n5 0 0.080 0
242 4 n3 n1 216 0.080 0
242 5 n3 n3 239 0.080 1
242 6 n5 n3 187 1.150 0
242 7 n5 n1 0 1.150 0
242 8 n5 n5 216 1.150 1
242 9 n1 n3 225 0.580 0
242 10 n1 n5 0 0.580 0
242 11 n1 n1 250 0.580 1
243 1 n4 n5 0 1.990 0
243 2 n4 n3 156 1.990 1
243 3 n3 n5 0 0.150 0
243 4 n3 n1 213 0.150 0
243 5 n3 n3 238 0.150 1
243 6 n5 n3 187 0.280 0
243 7 n5 n1 0 0.280 0
243 8 n5 n5 217 0.280 1
243 9 n1 n3 224 0.640 0
243 10 n1 n5 0 0.640 0
243 11 n1 n1 248 0.640 1
244 1 n4 n5 0 1.010 0
244 2 n4 n3 154 1.010 1
244 3 n3 n5 0 0.210 0
244 4 n3 n1 211 0.210 0
244 5 n3 n3 238 0.210 1
244 6 n5 n3 187 0.350 0
244 7 n5 n1 0 0.350 0
244 8 n5 n5 218 0.350 1
244 9 n1 n3 225 0.690 0
244 10 n1 n5 0 0.690 0
244 11 n1 n1 247 0.690 1
245 1 n4 n5 0 0.030 0
245 2 n4 n3 152 0.030 1
245 3 n3 n5 0 0.260 0
245 4 n3 n1 208 0.260 0
245 5 n3 n3 238 0.260 1
245 6 n5 n3 187 0.410 0
245 7 n5 n1 0 0.410 0
245 8 n5 n5 219 0.410 1
245 9 n1 n3 226 0.750 0
245 10 n1 n5 0 0.750 0
245 11 n1 n1 246 0.750 1
246 1 n4 n5 0 0.090 0
246 2 n4 n3 153 0.090 1
246 3 n3 n5 0 0.320 0
246 4 n3 n1 205 0.320 0
246 5 n3 n3 238 0.320 1
246 6 n5 n3 187 0.470 0
246 7 n5 n1 0 0.470 0
246 8 n5 n5 221 0.470 1
246 9 n1 n3 226 1.850 0
246 10 n1 n5 0 1.850 0
246 11 n1 n1 246 1.850 1
247 1 n4 n5 0 0.180 0
247 2 n4 n3 153 0.180 1
247 3 n3 n5 0 0.530 0
247 4 n3 n1 205 0.530 0
247 5 n3 n3 238 0.530 1
247 6 n5 n3 0 0.560 0
247 7 n5 n1 0 0.560 0
247 8 n5 n5 223 0.560 1
247 9 n1 n3 226 0.910 0
247 10 n1 n5 205 0.910 0
247 11 n1 n1 246 0.910 1
248 1 n4 n5 0 0.240 0
248 2 n4 n3 151 0.240 1
248 3 n3 n5 0 0.600 0
248 4 n3 n1 205 0.600 0
248 5 n3 n3 238 0.600 1
248 6 n5 n3 176 0.280 0
248 7 n5 n1 0 0.280 0
248 8 n5 n5 223 0.280 1
248 9 n1 n3 226 0.040 0
248 10 n1 n5 205 0.040 0
248 11 n1 n1 248 0.040 1
249 1 n4 n5 0 1.340 0
249 2 n4 n3 151 1.340 1
249 3 n3 n5 0 0.650 0
249 4 n3 n1 203 0.650 0
249 5 n3 n3 238 0.650 1
249 6 n5 n3 176 0.680 0
249 7 n5 n1 0 0.680 0
249 8 n5 n5 224 0.680 1
249 9 n1 n3 224 0.100 0
249 10 n1 n5 205 0.100 0
249 11 n1 n1 249 0.100 1
250 1 n4 n5 0 0.370 0
250 2 n4 n3 147 0.370 1
250 3 n3 n5 0 0.650 0
250 4 n3 n1 203 0.650 0
250 5 n3 n3 238 0.650 1
250 6 n5 n3 176 0.680 0
250 7 n5 n1 0 0.680 0
250 8 n5 n5 223 0.680 1
250 9 n1 n3 224 0.050 0
250 10 n1 n5 206 0.050 0
250 11 n1 n1 250 0.050 1
251 1 n4 n5 0 1.480 0
251 2 n4 n3 147 1.480 1
251 3 n3 n5 0 0.800 0
251 4 n3 n1 0 0.800 0
251 5 n3 n3 238 0.800 1
251 6 n5 n3 176 0.810 0
251 7 n5 n1 0 0.810 0
251 8 n5 n5 222 0.810 1
251 9 n1 n3 224 0.130 0
251 10 n1 n5 205 0.130 0
251 11 n1 n1 250 0.130 1
252 1 n4 n5 0 2.580 0
252 2 n4 n3 147 2.580 1
252 3 n3 n5 0 0.850 0
252 4 n3 n1 0 0.850 0
252 5 n3 n3 238 0.850 1
252 6 n5 n3 176 0.870 0
252 7 n5 n1 0 0.870 0
252 8 n5 n5 222 0.870 1
252 9 n1 n3 222 0.190 0
252 10 n1 n5 203 0.190 0
252 11 n1 n1 250 0.190 1
253 1 n4 n5 0 0.550 0
253 2 n4 n3 145 0.550 1
253 3 n3 n5 0 0.910 0
253 4 n3 n1 0 0.910 0
253 5 n3 n3 238 0.910 1
253 6 n5 n3 0 0.940 0
253 7 n5 n1 0 0.940 0
253 8 n5 n5 222 0.940 1
253 9 n1 n3 221 0.250 0
253 10 n1 n5 202 0.250 0
253 11 n1 n1 250 0.250 1
254 1 n4 n5 0 1.700 0
254 2 n4 n3 145 1.700 1
254 3 n3 n5 0 1.030 0
254 4 n3 n1 0 1.030 0
254 5 n3 n3 238 1.030 1
254 6 n5 n3 0 1.050 0
254 7 n5 n1 0 1.050 0
254 8 n5 n5 223 1.050 1
254 9 n1 n3 220 0.360 0
254 10 n1 n5 204 0.360 0
254 11 n1 n1 250 0.360 1
255 1 n4 n5 0 0.730 0
255 2 n4 n3 144 0.730 1
255 3 n3 n5 0 0.050 0
255 4 n3 n1 0 0.050 0
255 5 n3 n3 237 0.050 1
255 6 n5 n3 0 0.070 0
255 7 n5 n1 0 0.070 0
255 8 n5 n5 225 0.070 1
255 9 n1 n3 218 0.410 0
255 10 n1 n5 205 0.410 0
255 11 n1 n1 250 0.410 1
256 1 n4 n5 0 0.780 0
256 2 n4 n3 145 0.780 1
256 3 n3 n5 0 0.100 0
256 4 n3 n1 0 0.100 0
256 5 n3 n3 236 0.100 1
256 6 n5 n3 0 0.120 0
256 7 n5 n1 0 0.120 0
256 8 n5 n5 229 0.120 1
256 9 n1 n3 216 0.470 0
256 10 n1 n5 208 0.470 0
256 11 n1 n1 250 0.470 1
257 1 n4 n5 0 0.850 0
257 2 n4 n3 147 0.850 1
257 3 n3 n5 0 0.160 0
257 4 n3 n1 0 0.160 0
257 5 n3 n3 235 0.160 1
257 6 n5 n3 198 0.080 0
257 7 n5 n1 0 0.080 0
257 8 n5 n5 231 0.080 1
257 9 n1 n3 213 0.540 0
257 10 n1 n5 211 0.540 0
257 11 n1 n1 250 0.540 1
258 1 n4 n5 0 0.920 0
258 2 n4 n3 151 0.920 1
258 3 n3 n5 0 0.240 0
258 4 n3 n1 0 0.240 0
258 5 n3 n3 234 0.240 1
258 6 n5 n3 195 0.150 0
258 7 n5 n1 0 0.150 0
258 8 n5 n5 233 0.150 1
258 9 n1 n3 212 0.600 0
258 10 n1 n5 215 0.600 0
258 11 n1 n1 250 0.600 1
259 1 n4 n5 0 0.980 0
259 2 n4 n3 153 0.980 1
259 3 n3 n5 0 0.300 0
259 4 n3 n1 0 0.300 0
259 5 n3 n3 234 0.300 1
259 6 n5 n3 195 0.320 0
259 7 n5 n1 0 0.320 0
259 8 n5 n5 234 0.320 1
259 9 n1 n3 213 0.670 0
259 10 n1 n5 218 0.670 0
259 11 n1 n1 250 0.670 1
260 1 n4 n5 0 0.010 0
260 2 n4 n3 152 0.010 1
260 3 n3 n5 0 0.370 0
260 4 n3 n1 0 0.370 0
260 5 n3 n3 234 0.370 1
260 6 n5 n3 193 0.280 0
260 7 n5 n1 0 0.280 0
260 8 n5 n5 234 0.280 1
260 9 n1 n3 214 0.740 0
260 10 n1 n5 218 0.740 0
260 11 n1 n1 250 0.740 1
261 1 n4 n5 0 0.070 0
261 2 n4 n3 151 0.070 1
261 3 n3 n5 0 0.430 0
261 4 n3 n1 0 0.430 0
261 5 n3 n3 234 0.430 1
261 6 n5 n3 192 0.340 0
261 7 n5 n1 0 0.340 0
261 8 n5 n5 234 0.340 1
261 9 n1 n3 220 0.790 0
261 10 n1 n5 217 0.790 0
261 11 n1 n1 250 0.790 1
262 1 n4 n5 0 1.180 0
262 2 n4 n3 151 1.180 1
262 3 n3 n5 0 0.490 0
262 4 n3 n1 0 0.490 0
262 5 n3 n3 234 0.490 1
262 6 n5 n3 192 0.520 0
262 7 n5 n1 0 0.520 0
262 8 n5 n5 234 0.520 1
262 9 n1 n3 222 0.870 0
262 10 n1 n5 216 0.870 0
262 11 n1 n1 249 0.870 1
263 1 n4 n5 0 2.300 0
263 2 n4 n3 151 2.300 1
263 3 n3 n5 0 0.570 0
263 4 n3 n1 0 0.570 0
263 5 n3 n3 234 0.570 1
263 6 n5 n3 192 0.600 0
263 7 n5 n1 0 0.600 0
263 8 n5 n5 234 0.600 1
263 9 n1 n3 220 0.020 0
263 10 n1 n5 213 0.020 0
263 11 n1 n1 247 0.020 1
264 1 n4 n5 0 3.400 0
264 2 n4 n3 151 3.400 1
264 3 n3 n5 0 0.640 0
264 4 n3 n1 0 0.640 0
264 5 n3 n3 234 0.640 1
264 6 n5 n3 190 0.540 0
264 7 n5 n1 207 0.540 0
264 8 n5 n5 234 0.540 1
264 9 n1 n3 220 0.080 0
264 10 n1 n5 213 0.080 0
264 11 n1 n1 246 0.080 1
265 1 n4 n5 0 0.340 0
265 2 n4 n3 151 0.340 1
265 3 n3 n5 0 0.700 0
265 4 n3 n1 0 0.700 0
265 5 n3 n3 234 0.700 1
265 6 n5 n3 175 0.600 0
265 7 n5 n1 207 0.600 0
265 8 n5 n5 235 0.600 1
265 9 n1 n3 220 0.020 0
265 10 n1 n5 218 0.020 0
265 11 n1 n1 246 0.020 1
266 1 n4 n5 0 1.440 0
266 2 n4 n3 151 1.440 1
266 3 n3 n5 0 0.760 0
266 4 n3 n1 0 0.760 0
266 5 n3 n3 234 0.760 1
266 6 n5 n3 175 0.660 0
266 7 n5 n1 208 0.660 0
266 8 n5 n5 236 0.660 1
266 9 n1 n3 220 0.090 0
266 10 n1 n5 218 0.090 0
266 11 n1 n1 246 0.090 1
267 1 n4 n5 0 0.450 0
267 2 n4 n3 152 0.450 1
267 3 n3 n5 0 0.820 0
267 4 n3 n1 0 0.820 0
267 5 n3 n3 234 0.820 1
267 6 n5 n3 175 0.710 0
267 7 n5 n1 211 0.710 0
267 8 n5 n5 237 0.710 1
267 9 n1 n3 220 0.150 0
267 10 n1 n5 217 0.150 0
267 11 n1 n1 246 0.150 1
268 1 n4 n5 0 1.550 0
268 2 n4 n3 152 1.550 1
268 3 n3 n5 0 0.870 0
268 4 n3 n1 0 0.870 0
268 5 n3 n3 232 0.870 1
268 6 n5 n3 179 0.670 0
268 7 n5 n1 214 0.670 0
268 8 n5 n5 238 0.670 1
268 9 n1 n3 216 0.210 0
268 10 n1 n5 214 0.210 0
268 11 n1 n1 246 0.210 1
269 1 n4 n5 0 0.590 0
269 2 n4 n3 153 0.590 1
269 3 n3 n5 0 0.940 0
269 4 n3 n1 0 0.940 0
269 5 n3 n3 231 0.940 1
269 6 n5 n3 184 0.720 0
269 7 n5 n1 217 0.720 0
269 8 n5 n5 238 0.720 1
269 9 n1 n3 213 0.270 0
269 10 n1 n5 213 0.270 0
269 11 n1 n1 246 0.270 1
270 1 n4 n5 0 0.640 0
270 2 n4 n3 155 0.640 1
270 3 n3 n5 0 1.000 0
270 4 n3 n1 0 1.000 0
270 5 n3 n3 229 1.000 1
270 6 n5 n3 186 0.780 0
270 7 n5 n1 219 0.780 0
270 8 n5 n5 238 0.780 1
270 9 n1 n3 213 0.330 0
270 10 n1 n5 212 0.330 0
270 11 n1 n1 246 0.330 1
271 1 n4 n5 0 0.700 0
271 2 n4 n3 157 0.700 1
271 3 n3 n5 0 0.020 0
271 4 n3 n1 0 0.020 0
271 5 n3 n3 227 0.020 1
271 6 n5 n3 188 0.040 0
271 7 n5 n1 221 0.040 0
271 8 n5 n5 235 0.040 1
271 9 n1 n3 213 0.380 0
271 10 n1 n5 210 0.380 0
271 11 n1 n1 245 0.380 1
272 1 n4 n5 0 0.760 0
272 2 n4 n3 157 0.760 1
272 3 n3 n5 0 0.070 0
272 4 n3 n1 0 0.070 0
272 5 n3 n3 227 0.070 1
272 6 n5 n3 190 0.100 0
272 7 n5 n1 221 0.100 0
272 8 n5 n5 234 0.100 1
272 9 n1 n3 213 0.450 0
272 10 n1 n5 205 0.450 0
272 11 n1 n1 244 0.450 1
273 1 n4 n5 0 1.850 0
273 2 n4 n3 157 1.850 1
273 3 n3 n5 0 0.120 0
273 4 n3 n1 0 0.120 0
273 5 n3 n3 227 0.120 1
273 6 n5 n3 192 0.030 0
273 7 n5 n1 222 0.030 0
273 8 n5 n5 232 0.030 1
273 9 n1 n3 213 0.500 0
273 10 n1 n5 204 0.500 0
273 11 n1 n1 243 0.500 1
274 1 n4 n5 0 2.960 0
274 2 n4 n3 157 2.960 1
274 3 n3 n5 0 0.200 0
274 4 n3 n1 0 0.200 0
274 5 n3 n3 227 0.200 1
274 6 n5 n3 194 0.090 0
274 7 n5 n1 224 0.090 0
274 8 n5 n5 230 0.090 1
274 9 n1 n3 213 0.570 0
274 10 n1 n5 202 0.570 0
274 11 n1 n1 243 0.570 1
275 1 n4 n5 0 0.930 0
275 2 n4 n3 160 0.930 1
275 3 n3 n5 0 0.250 0
275 4 n3 n1 0 0.250 0
275 5 n3 n3 227 0.250 1
275 6 n5 n3 197 0.060 0
275 7 n5 n1 224 0.060 0
275 8 n5 n5 230 0.060 1
275 9 n1 n3 215 0.630 0
275 10 n1 n5 203 0.630 0
275 11 n1 n1 243 0.630 1
276 1 n4 n5 0 1.000 0
276 2 n4 n3 161 1.000 1
276 3 n3 n5 0 0.320 0
276 4 n3 n1 0 0.320 0
276 5 n3 n3 227 0.320 1
276 6 n5 n3 197 0.120 0
276 7 n5 n1 224 0.120 0
276 8 n5 n5 230 0.120 1
276 9 n1 n3 215 0.690 0
276 10 n1 n5 204 0.690 0
276 11 n1 n1 243 0.690 1
277 1 n4 n5 0 0.020 0
277 2 n4 n3 164 0.020 1
277 3 n3 n5 0 0.380 0
277 4 n3 n1 0 0.380 0
277 5 n3 n3 227 0.380 1
277 6 n5 n3 194 0.170 0
277 7 n5 n1 223 0.170 0
277 8 n5 n5 230 0.170 1
277 9 n1 n3 214 0.750 0
277 10 n1 n5 206 0.750 0
277 11 n1 n1 243 0.750 1
278 1 n4 n5 0 1.120 0
278 2 n4 n3 164 1.120 1
278 3 n3 n5 0 0.440 0
278 4 n3 n1 0 0.440 0
278 5 n3 n3 227 0.440 1
278 6 n5 n3 194 0.230 0
278 7 n5 n1 223 0.230 0
278 8 n5 n5 230 0.230 1
278 9 n1 n3 213 0.810 0
278 10 n1 n5 207 0.810 0
278 11 n1 n1 243 0.810 1
279 1 n4 n5 0 2.230 0
279 2 n4 n3 164 2.230 1
279 3 n3 n5 0 0.510 0
279 4 n3 n1 0 0.510 0
279 5 n3 n3 227 0.510 1
279 6 n5 n3 193 0.300 0
279 7 n5 n1 222 0.300 0
279 8 n5 n5 230 0.300 1
279 9 n1 n3 213 0.880 0
279 10 n1 n5 209 0.880 0
279 11 n1 n1 242 0.880 1
280 1 n4 n5 0 0.200 0
280 2 n4 n3 169 0.200 1
280 3 n3 n5 0 0.570 0
280 4 n3 n1 0 0.570 0
280 5 n3 n3 229 0.570 1
280 6 n5 n3 195 0.360 0
280 7 n5 n1 222 0.360 0
280 8 n5 n5 230 0.360 1
280 9 n1 n3 215 0.010 0
280 10 n1 n5 210 0.010 0
280 11 n1 n1 242 0.010 1
281 1 n4 n5 0 1.300 0
281 2 n4 n3 169 1.300 1
281 3 n3 n5 0 0.630 0
281 4 n3 n1 0 0.630 0
281 5 n3 n3 231 0.630 1
281 6 n5 n3 198 0.420 0
281 7 n5 n1 223 0.420 0
281 8 n5 n5 230 0.420 1
281 9 n1 n3 221 0.070 0
281 10 n1 n5 210 0.070 0
281 11 n1 n1 243 0.070 1
282 1 n4 n5 0 0.340 0
282 2 n4 n3 171 0.340 1
282 3 n3 n5 0 0.690 0
282 4 n3 n1 0 0.690 0
282 5 n3 n3 232 0.690 1
282 6 n5 n3 200 0.490 0
282 7 n5 n1 225 0.490 0
282 8 n5 n5 230 0.490 1
282 9 n1 n3 221 0.030 0
282 10 n1 n5 210 0.030 0
282 11 n1 n1 243 0.030 1
283 1 n4 n5 0 1.440 0
283 2 n4 n3 171 1.440 1
283 3 n3 n5 0 0.760 0
283 4 n3 n1 0 0.760 0
283 5 n3 n3 235 0.760 1
283 6 n5 n3 201 0.780 0
283 7 n5 n1 227 0.780 0
283 8 n5 n5 230 0.780 1
283 9 n1 n3 216 0.090 0
283 10 n1 n5 212 0.090 0
283 11 n1 n1 243 0.090 1
284 1 n4 n5 0 0.460 0
284 2 n4 n3 172 0.460 1
284 3 n3 n5 0 0.810 0
284 4 n3 n1 0 0.810 0
284 5 n3 n3 236 0.810 1
284 6 n5 n3 196 0.610 0
284 7 n5 n1 225 0.610 0
284 8 n5 n5 229 0.610 1
284 9 n1 n3 213 0.140 0
284 10 n1 n5 211 0.140 0
284 11 n1 n1 243 0.140 1
285 1 n4 n5 0 0.510 0
285 2 n4 n3 173 0.510 1
285 3 n3 n5 0 0.870 0
285 4 n3 n1 0 0.870 0
285 5 n3 n3 237 0.870 1
285 6 n5 n3 193 0.660 0
285 7 n5 n1 221 0.660 0
285 8 n5 n5 228 0.660 1
285 9 n1 n3 212 0.190 0
285 10 n1 n5 210 0.190 0
285 11 n1 n1 242 0.190 1
286 1 n4 n5 0 0.580 0
286 2 n4 n3 172 0.580 1
286 3 n3 n5 0 0.940 0
286 4 n3 n1 0 0.940 0
286 5 n3 n3 238 0.940 1
286 6 n5 n3 193 0.720 0
286 7 n5 n1 221 0.720 0
286 8 n5 n5 227 0.720 1
286 9 n1 n3 212 0.270 0
286 10 n1 n5 209 0.270 0
286 11 n1 n1 240 0.270 1
287 1 n4 n5 0 0.650 0
287 2 n4 n3 168 0.650 1
287 3 n3 n5 0 1.000 0
287 4 n3 n1 0 1.000 0
287 5 n3 n3 239 1.000 1
287 6 n5 n3 193 1.020 0
287 7 n5 n1 220 1.020 0
287 8 n5 n5 226 1.020 1
287 9 n1 n3 212 0.330 0
287 10 n1 n5 209 0.330 0
287 11 n1 n1 239 0.330 1
288 1 n4 n5 0 1.750 0
288 2 n4 n3 168 1.750 1
288 3 n3 n5 0 0.020 0
288 4 n3 n1 0 0.020 0
288 5 n3 n3 239 0.020 1
288 6 n5 n3 194 0.040 0
288 7 n5 n1 220 0.040 0
288 8 n5 n5 226 0.040 1
288 9 n1 n3 212 0.390 0
288 10 n1 n5 209 0.390 0
288 11 n1 n1 238 0.390 1
289 1 n4 n5 0 0.760 0
289 2 n4 n3 165 0.760 1
289 3 n3 n5 0 0.070 0
289 4 n3 n1 0 0.070 0
289 5 n3 n3 239 0.070 1
289 6 n5 n3 194 0.100 0
289 7 n5 n1 220 0.100 0
289 8 n5 n5 226 0.100 1
289 9 n1 n3 212 0.450 0
289 10 n1 n5 209 0.450 0
289 11 n1 n1 238 0.450 1
290 1 n4 n5 0 0.820 0
290 2 n4 n3 162 0.820 1
290 3 n3 n5 0 0.140 0
290 4 n3 n1 0 0.140 0
290 5 n3 n3 239 0.140 1
290 6 n5 n3 193 0.040 0
290 7 n5 n1 220 0.040 0
290 8 n5 n5 226 0.040 1
290 9 n1 n3 212 0.510 0
290 10 n1 n5 209 0.510 0
290 11 n1 n1 238 0.510 1
291 1 n4 n5 0 0.880 0
291 2 n4 n3 159 0.880 1
291 3 n3 n5 0 0.200 0
291 4 n3 n1 0 0.200 0
291 5 n3 n3 238 0.200 1
291 6 n5 n3 193 0.100 0
291 7 n5 n1 220 0.100 0
291 8 n5 n5 226 0.100 1
291 9 n1 n3 212 0.570 0
291 10 n1 n5 209 0.570 0
291 11 n1 n1 238 0.570 1
292 1 n4 n5 0 0.930 0
292 2 n4 n3 155 0.930 1
292 3 n3 n5 0 0.250 0
292 4 n3 n1 0 0.250 0
292 5 n3 n3 237 0.250 1
292 6 n5 n3 189 0.040 0
292 7 n5 n1 220 0.040 0
292 8 n5 n5 226 0.040 1
292 9 n1 n3 208 0.610 0
292 10 n1 n5 209 0.610 0
292 11 n1 n1 238 0.610 1
293 1 n4 n5 0 2.030 0
293 2 n4 n3 155 2.030 1
293 3 n3 n5 0 0.310 0
293 4 n3 n1 0 0.310 0
293 5 n3 n3 236 0.310 1
293 6 n5 n3 187 0.090 0
293 7 n5 n1 220 0.090 0
293 8 n5 n5 226 0.090 1
293 9 n1 n3 205 0.680 0
293 10 n1 n5 209 0.680 0
293 11 n1 n1 238 0.680 1
294 1 n4 n5 0 0.030 0
294 2 n4 n3 153 0.030 1
294 3 n3 n5 0 0.390 0
294 4 n3 n1 0 0.390 0
294 5 n3 n3 235 0.390 1
294 6 n5 n3 186 0.180 0
294 7 n5 n1 220 0.180 0
294 8 n5 n5 226 0.180 1
294 9 n1 n3 205 0.760 0
294 10 n1 n5 209 0.760 0
294 11 n1 n1 238 0.760 1
295 1 n4 n5 0 0.080 0
295 2 n4 n3 149 0.080 1
295 3 n3 n5 0 0.450 0
295 4 n3 n1 0 0.450 0
295 5 n3 n3 235 0.450 1
295 6 n5 n3 185 0.240 0
295 7 n5 n1 220 0.240 0
295 8 n5 n5 226 0.240 1
295 9 n1 n3 203 0.820 0
295 10 n1 n5 210 0.820 0
295 11 n1 n1 238 0.820 1
296 1 n4 n5 0 1.180 0
296 2 n4 n3 149 1.180 1
296 3 n3 n5 0 0.510 0
296 4 n3 n1 0 0.510 0
296 5 n3 n3 235 0.510 1
296 6 n5 n3 184 0.290 0
296 7 n5 n1 220 0.290 0
296 8 n5 n5 226 0.290 1
296 9 n1 n3 202 0.880 0
296 10 n1 n5 210 0.880 0
296 11 n1 n1 238 0.880 1
297 1 n4 n5 0 0.210 0
297 2 n4 n3 145 0.210 1
297 3 n3 n5 0 0.570 0
297 4 n3 n1 0 0.570 0
297 5 n3 n3 235 0.570 1
297 6 n5 n3 183 0.350 0
297 7 n5 n1 222 0.350 0
297 8 n5 n5 225 0.350 1
297 9 n1 n3 200 0.010 0
297 10 n1 n5 210 0.010 0
297 11 n1 n1 239 0.010 1
298 1 n4 n5 0 1.310 0
298 2 n4 n3 145 1.310 1
298 3 n3 n5 0 0.630 0
298 4 n3 n1 0 0.630 0
298 5 n3 n3 235 0.630 1
298 6 n5 n3 183 0.420 0
298 7 n5 n1 223 0.420 0
298 8 n5 n5 224 0.420 1
298 9 n1 n3 199 0.070 0
298 10 n1 n5 207 0.070 0
298 11 n1 n1 240 0.070 1
299 1 n4 n5 0 0.320 0
299 2 n4 n3 143 0.320 1
299 3 n3 n5 0 0.680 0
299 4 n3 n1 0 0.680 0
299 5 n3 n3 236 0.680 1
299 6 n5 n3 183 0.580 0
299 7 n5 n1 224 0.580 1
299 8 n5 n5 222 0.580 0
299 9 n1 n3 199 0.120 0
299 10 n1 n5 205 0.120 0
299 11 n1 n1 241 0.120 1
300 1 n4 n5 0 0.370 0
300 2 n4 n3 141 0.370 1
300 3 n3 n5 0 0.740 0
300 4 n3 n1 0 0.740 0
300 5 n3 n3 237 0.740 1
300 6 n5 n3 183 0.640 0
300 7 n5 n1 223 0.640 1
300 8 n5 n5 222 0.640 0
300 9 n1 n3 199 0.070 0
300 10 n1 n5 207 0.070 0
300 11 n1 n1 242 0.070 1
