PING n5 (00:00:0d:18:08:05) 116(144) bytes of data
116 bytes from n5 icmp_seq=1 ttl=50 time=9.51 ms
RR: 	n2
	n5
	n5
	n2

116 bytes from n5 icmp_seq=2 ttl=50 time=3.55 ms	(same route)
116 bytes from n5 icmp_seq=3 ttl=50 time=1.14 ms	(same route)
116 bytes from n5 icmp_seq=4 ttl=50 time=3.83 ms	(same route)
116 bytes from n5 icmp_seq=5 ttl=50 time=9.60 ms	(same route)
116 bytes from n5 icmp_seq=6 ttl=50 time=16.41 ms	(same route)
116 bytes from n5 icmp_seq=7 ttl=50 time=1.48 ms	(same route)
116 bytes from n5 icmp_seq=8 ttl=50 time=2.67 ms	(same route)
116 bytes from n5 icmp_seq=9 ttl=50 time=0.67 ms	(same route)
116 bytes from n5 icmp_seq=10 ttl=50 time=1.21 ms	(same route)
116 bytes from n5 icmp_seq=11 ttl=50 time=1.09 ms	(same route)
116 bytes from n5 icmp_seq=12 ttl=50 time=1.18 ms	(same route)
116 bytes from n5 icmp_seq=13 ttl=50 time=1.13 ms	(same route)
116 bytes from n5 icmp_seq=14 ttl=50 time=14.02 ms	(same route)
116 bytes from n5 icmp_seq=15 ttl=50 time=1.19 ms	(same route)
116 bytes from n5 icmp_seq=16 ttl=50 time=0.09 ms	(same route)
116 bytes from n5 icmp_seq=17 ttl=50 time=2.47 ms	(same route)
116 bytes from n5 icmp_seq=18 ttl=50 time=1.13 ms	(same route)
116 bytes from n5 icmp_seq=19 ttl=50 time=1.28 ms	(same route)
116 bytes from n5 icmp_seq=20 ttl=50 time=8.29 ms	(same route)
116 bytes from n5 icmp_seq=21 ttl=50 time=1.36 ms	(same route)
116 bytes from n5 icmp_seq=22 ttl=50 time=8.03 ms	(same route)
116 bytes from n5 icmp_seq=23 ttl=50 time=1.10 ms	(same route)
116 bytes from n5 icmp_seq=24 ttl=50 time=1.12 ms	(same route)
116 bytes from n5 icmp_seq=25 ttl=50 time=1.04 ms	(same route)
116 bytes from n5 icmp_seq=26 ttl=50 time=2.31 ms	(same route)
116 bytes from n5 icmp_seq=27 ttl=50 time=1.97 ms	(same route)
116 bytes from n5 icmp_seq=28 ttl=50 time=1.11 ms	(same route)
116 bytes from n5 icmp_seq=29 ttl=50 time=1.47 ms	(same route)
116 bytes from n5 icmp_seq=30 ttl=50 time=1.09 ms	(same route)
116 bytes from n5 icmp_seq=31 ttl=50 time=41.16 ms	(same route)
116 bytes from n5 icmp_seq=32 ttl=50 time=14.48 ms	(same route)
116 bytes from n5 icmp_seq=33 ttl=50 time=1.40 ms	(same route)
116 bytes from n5 icmp_seq=34 ttl=50 time=1.57 ms	(same route)
116 bytes from n5 icmp_seq=35 ttl=50 time=14.05 ms	(same route)
116 bytes from n5 icmp_seq=36 ttl=50 time=3.11 ms	(same route)
116 bytes from n5 icmp_seq=37 ttl=50 time=4.65 ms	(same route)
116 bytes from n5 icmp_seq=38 ttl=49 time=3.58 ms
RR: 	n2
	n5
	n5
	n1
	n2

116 bytes from n5 icmp_seq=39 ttl=49 time=4.19 ms	(same route)
116 bytes from n5 icmp_seq=40 ttl=49 time=4.37 ms	(same route)
116 bytes from n5 icmp_seq=41 ttl=50 time=1.13 ms
RR: 	n2
	n5
	n5
	n2

116 bytes from n5 icmp_seq=42 ttl=50 time=15.27 ms	(same route)
116 bytes from n5 icmp_seq=43 ttl=50 time=3.98 ms	(same route)
116 bytes from n5 icmp_seq=44 ttl=49 time=3.92 ms
RR: 	n2
	n5
	n5
	n1
	n2

116 bytes from n5 icmp_seq=45 ttl=49 time=4.59 ms	(same route)
116 bytes from n5 icmp_seq=46 ttl=49 time=2.57 ms	(same route)
116 bytes from n5 icmp_seq=47 ttl=49 time=7.25 ms	(same route)
116 bytes from n5 icmp_seq=48 ttl=49 time=1.89 ms	(same route)
116 bytes from n5 icmp_seq=49 ttl=49 time=18.52 ms	(same route)
116 bytes from n5 icmp_seq=50 ttl=49 time=1.66 ms	(same route)
116 bytes from n5 icmp_seq=51 ttl=49 time=1.77 ms	(same route)
116 bytes from n5 icmp_seq=52 ttl=49 time=2.32 ms	(same route)
116 bytes from n5 icmp_seq=53 ttl=49 time=11.18 ms	(same route)
116 bytes from n5 icmp_seq=54 ttl=49 time=4.25 ms	(same route)
116 bytes from n5 icmp_seq=55 ttl=49 time=1.70 ms	(same route)
116 bytes from n5 icmp_seq=56 ttl=49 time=1.61 ms	(same route)
116 bytes from n5 icmp_seq=57 ttl=49 time=1.73 ms	(same route)
116 bytes from n5 icmp_seq=58 ttl=49 time=12.48 ms	(same route)
116 bytes from n5 icmp_seq=59 ttl=49 time=8.16 ms	(same route)
116 bytes from n5 icmp_seq=60 ttl=49 time=8.33 ms	(same route)
116 bytes from n5 icmp_seq=61 ttl=49 time=4.54 ms	(same route)
116 bytes from n5 icmp_seq=62 ttl=49 time=1.76 ms	(same route)
116 bytes from n5 icmp_seq=63 ttl=49 time=1.81 ms	(same route)
116 bytes from n5 icmp_seq=64 ttl=49 time=1.69 ms	(same route)
116 bytes from n5 icmp_seq=65 ttl=49 time=4.04 ms	(same route)
116 bytes from n5 icmp_seq=66 ttl=49 time=6.73 ms	(same route)
116 bytes from n5 icmp_seq=67 ttl=49 time=6.34 ms	(same route)
116 bytes from n5 icmp_seq=68 ttl=49 time=0.04 ms	(same route)
116 bytes from n5 icmp_seq=69 ttl=49 time=2.51 ms	(same route)
116 bytes from n5 icmp_seq=70 ttl=49 time=5.88 ms	(same route)
116 bytes from n5 icmp_seq=71 ttl=49 time=3.72 ms	(same route)
116 bytes from n5 icmp_seq=72 ttl=49 time=8.15 ms	(same route)
116 bytes from n5 icmp_seq=73 ttl=49 time=2.64 ms	(same route)
116 bytes from n5 icmp_seq=74 ttl=49 time=1.61 ms	(same route)
116 bytes from n5 icmp_seq=75 ttl=49 time=1.74 ms	(same route)
116 bytes from n5 icmp_seq=76 ttl=49 time=3.69 ms	(same route)
116 bytes from n5 icmp_seq=77 ttl=49 time=4.36 ms	(same route)
116 bytes from n5 icmp_seq=78 ttl=50 time=1.37 ms
RR: 	n2
	n5
	n5
	n2

116 bytes from n5 icmp_seq=79 ttl=50 time=4.20 ms	(same route)
116 bytes from n5 icmp_seq=80 ttl=50 time=12.41 ms	(same route)
116 bytes from n5 icmp_seq=81 ttl=50 time=3.81 ms	(same route)
116 bytes from n5 icmp_seq=82 ttl=50 time=1.26 ms	(same route)
116 bytes from n5 icmp_seq=83 ttl=50 time=1.14 ms	(same route)
116 bytes from n5 icmp_seq=84 ttl=50 time=3.27 ms	(same route)
116 bytes from n5 icmp_seq=85 ttl=50 time=3.45 ms	(same route)
116 bytes from n5 icmp_seq=86 ttl=50 time=12.62 ms	(same route)
116 bytes from n5 icmp_seq=87 ttl=50 time=0.08 ms	(same route)
116 bytes from n5 icmp_seq=88 ttl=50 time=4.06 ms	(same route)
116 bytes from n5 icmp_seq=89 ttl=50 time=1.12 ms	(same route)
116 bytes from n5 icmp_seq=90 ttl=50 time=1.22 ms	(same route)
116 bytes from n5 icmp_seq=91 ttl=50 time=1.67 ms	(same route)
116 bytes from n5 icmp_seq=92 ttl=50 time=1.41 ms	(same route)
116 bytes from n5 icmp_seq=93 ttl=50 time=11.02 ms	(same route)
116 bytes from n5 icmp_seq=94 ttl=50 time=2.67 ms	(same route)
116 bytes from n5 icmp_seq=95 ttl=50 time=1.22 ms	(same route)
116 bytes from n5 icmp_seq=96 ttl=50 time=4.45 ms	(same route)
116 bytes from n5 icmp_seq=97 ttl=50 time=2.14 ms	(same route)
116 bytes from n5 icmp_seq=98 ttl=50 time=11.61 ms	(same route)
116 bytes from n5 icmp_seq=99 ttl=50 time=4.31 ms	(same route)
116 bytes from n5 icmp_seq=100 ttl=50 time=2.24 ms	(same route)
116 bytes from n5 icmp_seq=101 ttl=50 time=1.18 ms	(same route)
116 bytes from n5 icmp_seq=102 ttl=50 time=2.35 ms	(same route)
116 bytes from n5 icmp_seq=103 ttl=50 time=4.76 ms	(same route)
116 bytes from n5 icmp_seq=104 ttl=50 time=22.93 ms	(same route)
116 bytes from n5 icmp_seq=105 ttl=50 time=8.31 ms	(same route)
116 bytes from n5 icmp_seq=106 ttl=50 time=13.34 ms	(same route)
116 bytes from n5 icmp_seq=107 ttl=50 time=3.52 ms	(same route)
116 bytes from n5 icmp_seq=108 ttl=50 time=1.68 ms	(same route)
116 bytes from n5 icmp_seq=109 ttl=50 time=1.30 ms	(same route)
116 bytes from n5 icmp_seq=110 ttl=50 time=4.19 ms	(same route)
116 bytes from n5 icmp_seq=111 ttl=50 time=18.81 ms	(same route)
116 bytes from n5 icmp_seq=112 ttl=50 time=32.41 ms	(same route)
116 bytes from n5 icmp_seq=113 ttl=50 time=30.59 ms	(same route)
116 bytes from n5 icmp_seq=114 ttl=50 time=8.03 ms	(same route)
116 bytes from n5 icmp_seq=115 ttl=50 time=91.32 ms	(same route)
116 bytes from n5 icmp_seq=116 ttl=50 time=3.41 ms	(same route)
116 bytes from n5 icmp_seq=117 ttl=50 time=24.09 ms	(same route)
116 bytes from n5 icmp_seq=118 ttl=50 time=62.60 ms	(same route)
116 bytes from n5 icmp_seq=119 ttl=50 time=48.41 ms	(same route)
116 bytes from n5 icmp_seq=120 ttl=50 time=9.44 ms	(same route)
116 bytes from n5 icmp_seq=121 ttl=50 time=57.44 ms	(same route)
Reply from host n5 timed out
116 bytes from n5 icmp_seq=123 ttl=50 time=66.53 ms	(same route)
116 bytes from n5 icmp_seq=124 ttl=50 time=270.96 ms	(same route)
Reply from host n5 timed out
Reply from host n5 timed out
Reply from host n5 timed out
Reply from host n5 timed out
Reply from host n5 timed out
Reply from host n5 timed out
Reply from host n5 timed out
116 bytes from n5 icmp_seq=132 ttl=49 time=113.58 ms
RR: 	n2
	n5
	n5
	n3
	n2

Reply from host n5 timed out
Reply from host n5 timed out
Reply from host n5 timed out
Reply from host n5 timed out
Reply from host n5 timed out
Reply from host n5 timed out
Reply from host n5 timed out
Reply from host n5 timed out
Reply from host n5 timed out
Reply from host n5 timed out
Reply from host n5 timed out
Reply from host n5 timed out
Reply from host n5 timed out
Reply from host n5 timed out
Reply from host n5 timed out
Reply from host n5 timed out
Reply from host n5 timed out
Reply from host n5 timed out
Reply from host n5 timed out
116 bytes from n5 icmp_seq=152 ttl=49 time=363.71 ms	(same route)
116 bytes from n5 icmp_seq=153 ttl=49 time=202.46 ms	(same route)
Reply from host n5 timed out
Reply from host n5 timed out
Reply from host n5 timed out
116 bytes from n5 icmp_seq=157 ttl=49 time=0.03 ms	(same route)
116 bytes from n5 icmp_seq=158 ttl=49 time=587.33 ms	(same route)
116 bytes from n5 icmp_seq=159 ttl=49 time=874.06 ms	(same route)
Reply from host n5 timed out
Reply from host n5 timed out
116 bytes from n5 icmp_seq=162 ttl=49 time=240.54 ms	(same route)
Reply from host n5 timed out
116 bytes from n5 icmp_seq=164 ttl=49 time=742.47 ms	(same route)
116 bytes from n5 icmp_seq=165 ttl=49 time=137.97 ms	(same route)
Reply from host n5 timed out
116 bytes from n5 icmp_seq=167 ttl=49 time=783.16 ms	(same route)
Reply from host n5 timed out
116 bytes from n5 icmp_seq=169 ttl=49 time=622.31 ms	(same route)
116 bytes from n5 icmp_seq=170 ttl=49 time=155.00 ms	(same route)
Reply from host n5 timed out
116 bytes from n5 icmp_seq=172 ttl=49 time=488.08 ms	(same route)
Reply from host n5 timed out
116 bytes from n5 icmp_seq=174 ttl=49 time=159.15 ms	(same route)
Reply from host n5 timed out
Reply from host n5 timed out
Reply from host n5 timed out
Reply from host n5 timed out
Reply from host n5 timed out
Reply from host n5 timed out
Reply from host n5 timed out
116 bytes from n5 icmp_seq=182 ttl=49 time=500.76 ms	(same route)
Reply from host n5 timed out
Reply from host n5 timed out
Reply from host n5 timed out
Reply from host n5 timed out
Reply from host n5 timed out
116 bytes from n5 icmp_seq=188 ttl=49 time=128.99 ms	(same route)
Reply from host n5 timed out
Reply from host n5 timed out
116 bytes from n5 icmp_seq=191 ttl=49 time=568.86 ms
RR: 	n2
	n3
	n4
	n5
	n5
	n3
	n2

116 bytes from n5 icmp_seq=192 ttl=49 time=411.60 ms	(same route)
Reply from host n5 timed out
116 bytes from n5 icmp_seq=194 ttl=49 time=194.62 ms	(same route)
Reply from host n5 timed out
116 bytes from n5 icmp_seq=196 ttl=49 time=41.46 ms	(same route)
116 bytes from n5 icmp_seq=197 ttl=48 time=8.27 ms
RR: 	n2
	n3
	n4
	n5
	n5
	n4
	n3
	n2

116 bytes from n5 icmp_seq=198 ttl=48 time=4.37 ms	(same route)
116 bytes from n5 icmp_seq=199 ttl=48 time=3.88 ms	(same route)
116 bytes from n5 icmp_seq=200 ttl=48 time=12.65 ms	(same route)
116 bytes from n5 icmp_seq=201 ttl=48 time=6.40 ms	(same route)
116 bytes from n5 icmp_seq=202 ttl=48 time=4.52 ms	(same route)
116 bytes from n5 icmp_seq=203 ttl=48 time=3.43 ms	(same route)
116 bytes from n5 icmp_seq=204 ttl=48 time=8.16 ms	(same route)
116 bytes from n5 icmp_seq=205 ttl=48 time=4.35 ms	(same route)
116 bytes from n5 icmp_seq=206 ttl=48 time=11.56 ms	(same route)
116 bytes from n5 icmp_seq=207 ttl=48 time=13.08 ms	(same route)
116 bytes from n5 icmp_seq=208 ttl=48 time=3.75 ms	(same route)
116 bytes from n5 icmp_seq=209 ttl=48 time=12.62 ms	(same route)
116 bytes from n5 icmp_seq=210 ttl=48 time=4.21 ms	(same route)
116 bytes from n5 icmp_seq=211 ttl=48 time=3.58 ms	(same route)
116 bytes from n5 icmp_seq=212 ttl=48 time=3.76 ms	(same route)
116 bytes from n5 icmp_seq=213 ttl=48 time=3.45 ms	(same route)
116 bytes from n5 icmp_seq=214 ttl=48 time=5.66 ms	(same route)
116 bytes from n5 icmp_seq=215 ttl=48 time=4.19 ms	(same route)
116 bytes from n5 icmp_seq=216 ttl=48 time=3.38 ms	(same route)
116 bytes from n5 icmp_seq=217 ttl=48 time=10.86 ms	(same route)
116 bytes from n5 icmp_seq=218 ttl=49 time=8.18 ms
RR: 	n2
	n3
	n4
	n5
	n5
	n3
	n2

116 bytes from n5 icmp_seq=219 ttl=49 time=3.92 ms	(same route)
116 bytes from n5 icmp_seq=220 ttl=49 time=5.16 ms	(same route)
116 bytes from n5 icmp_seq=221 ttl=49 time=3.67 ms
RR: 	n2
	n3
	n5
	n5
	n3
	n2

116 bytes from n5 icmp_seq=222 ttl=49 time=3.61 ms	(same route)
116 bytes from n5 icmp_seq=223 ttl=49 time=3.58 ms	(same route)
116 bytes from n5 icmp_seq=224 ttl=49 time=2.65 ms	(same route)
116 bytes from n5 icmp_seq=225 ttl=49 time=4.12 ms	(same route)
116 bytes from n5 icmp_seq=226 ttl=49 time=2.62 ms	(same route)
116 bytes from n5 icmp_seq=227 ttl=49 time=3.59 ms	(same route)
116 bytes from n5 icmp_seq=228 ttl=49 time=3.03 ms	(same route)
116 bytes from n5 icmp_seq=229 ttl=49 time=22.87 ms	(same route)
116 bytes from n5 icmp_seq=230 ttl=49 time=8.66 ms	(same route)
116 bytes from n5 icmp_seq=231 ttl=49 time=2.27 ms	(same route)
116 bytes from n5 icmp_seq=232 ttl=49 time=2.74 ms	(same route)
116 bytes from n5 icmp_seq=233 ttl=49 time=17.32 ms	(same route)
116 bytes from n5 icmp_seq=234 ttl=49 time=3.27 ms	(same route)
116 bytes from n5 icmp_seq=235 ttl=50 time=1.83 ms
RR: 	n2
	n3
	n5
	n5
	n2

116 bytes from n5 icmp_seq=236 ttl=50 time=3.42 ms	(same route)
116 bytes from n5 icmp_seq=237 ttl=50 time=1.80 ms	(same route)
116 bytes from n5 icmp_seq=238 ttl=50 time=6.45 ms	(same route)
116 bytes from n5 icmp_seq=239 ttl=50 time=175.45 ms	(same route)
116 bytes from n5 icmp_seq=240 ttl=50 time=8.79 ms	(same route)
116 bytes from n5 icmp_seq=241 ttl=50 time=2.05 ms	(same route)
116 bytes from n5 icmp_seq=242 ttl=50 time=72.35 ms	(same route)
116 bytes from n5 icmp_seq=243 ttl=50 time=2.62 ms	(same route)
116 bytes from n5 icmp_seq=244 ttl=50 time=3.80 ms	(same route)
116 bytes from n5 icmp_seq=245 ttl=50 time=1.76 ms	(same route)
116 bytes from n5 icmp_seq=246 ttl=50 time=2.57 ms	(same route)
116 bytes from n5 icmp_seq=247 ttl=50 time=8.92 ms	(same route)
116 bytes from n5 icmp_seq=248 ttl=50 time=1.72 ms	(same route)
116 bytes from n5 icmp_seq=249 ttl=50 time=7.86 ms	(same route)
116 bytes from n5 icmp_seq=250 ttl=50 time=1.80 ms	(same route)
116 bytes from n5 icmp_seq=251 ttl=50 time=1.40 ms
RR: 	n2
	n5
	n5
	n2

116 bytes from n5 icmp_seq=252 ttl=50 time=1.08 ms	(same route)
116 bytes from n5 icmp_seq=253 ttl=50 time=1.76 ms	(same route)
116 bytes from n5 icmp_seq=254 ttl=50 time=1.15 ms	(same route)
116 bytes from n5 icmp_seq=255 ttl=50 time=4.35 ms	(same route)
116 bytes from n5 icmp_seq=256 ttl=50 time=6.23 ms	(same route)
116 bytes from n5 icmp_seq=257 ttl=50 time=7.63 ms	(same route)
116 bytes from n5 icmp_seq=258 ttl=50 time=8.27 ms	(same route)
116 bytes from n5 icmp_seq=259 ttl=50 time=7.99 ms	(same route)
116 bytes from n5 icmp_seq=260 ttl=50 time=1.31 ms	(same route)
116 bytes from n5 icmp_seq=261 ttl=50 time=1.28 ms	(same route)
116 bytes from n5 icmp_seq=262 ttl=50 time=2.48 ms	(same route)
116 bytes from n5 icmp_seq=263 ttl=50 time=15.04 ms	(same route)
116 bytes from n5 icmp_seq=264 ttl=50 time=33.73 ms	(same route)
116 bytes from n5 icmp_seq=265 ttl=50 time=1.58 ms	(same route)
116 bytes from n5 icmp_seq=266 ttl=50 time=6.57 ms	(same route)
116 bytes from n5 icmp_seq=267 ttl=50 time=1.32 ms	(same route)
116 bytes from n5 icmp_seq=268 ttl=50 time=8.90 ms	(same route)
116 bytes from n5 icmp_seq=269 ttl=50 time=1.32 ms	(same route)
116 bytes from n5 icmp_seq=270 ttl=50 time=7.27 ms	(same route)
116 bytes from n5 icmp_seq=271 ttl=50 time=1.49 ms	(same route)
116 bytes from n5 icmp_seq=272 ttl=50 time=4.22 ms	(same route)
116 bytes from n5 icmp_seq=273 ttl=50 time=1.35 ms	(same route)
116 bytes from n5 icmp_seq=274 ttl=50 time=9.32 ms	(same route)
116 bytes from n5 icmp_seq=275 ttl=50 time=1.32 ms	(same route)
116 bytes from n5 icmp_seq=276 ttl=50 time=1.32 ms	(same route)
116 bytes from n5 icmp_seq=277 ttl=50 time=8.53 ms	(same route)
116 bytes from n5 icmp_seq=278 ttl=50 time=8.13 ms	(same route)
116 bytes from n5 icmp_seq=279 ttl=50 time=1.43 ms	(same route)
116 bytes from n5 icmp_seq=280 ttl=50 time=8.43 ms	(same route)
116 bytes from n5 icmp_seq=281 ttl=50 time=2.25 ms	(same route)
116 bytes from n5 icmp_seq=282 ttl=50 time=1.42 ms	(same route)
116 bytes from n5 icmp_seq=283 ttl=50 time=1.30 ms	(same route)
116 bytes from n5 icmp_seq=284 ttl=50 time=10.37 ms	(same route)
116 bytes from n5 icmp_seq=285 ttl=50 time=1.99 ms	(same route)
116 bytes from n5 icmp_seq=286 ttl=50 time=1.67 ms	(same route)
116 bytes from n5 icmp_seq=287 ttl=50 time=1.29 ms	(same route)
116 bytes from n5 icmp_seq=288 ttl=50 time=2.54 ms	(same route)
116 bytes from n5 icmp_seq=289 ttl=50 time=13.44 ms	(same route)
116 bytes from n5 icmp_seq=290 ttl=50 time=1.36 ms	(same route)
116 bytes from n5 icmp_seq=291 ttl=50 time=1.28 ms	(same route)
116 bytes from n5 icmp_seq=292 ttl=50 time=1.58 ms	(same route)
116 bytes from n5 icmp_seq=293 ttl=50 time=1.88 ms	(same route)
116 bytes from n5 icmp_seq=294 ttl=50 time=1.34 ms	(same route)
116 bytes from n5 icmp_seq=295 ttl=50 time=2.18 ms	(same route)
116 bytes from n5 icmp_seq=296 ttl=50 time=5.90 ms	(same route)
116 bytes from n5 icmp_seq=297 ttl=50 time=1.32 ms	(same route)
116 bytes from n5 icmp_seq=298 ttl=50 time=1.35 ms	(same route)
116 bytes from n5 icmp_seq=299 ttl=50 time=2.58 ms	(same route)
116 bytes from n5 icmp_seq=300 ttl=50 time=8.24 ms	(same route)
--- n5 ping statistics ---
306 packets transmitted, 247 received, 19% packet loss
rtt min/avg/max/mdev = 0.026/37.811/874.061/124.106 ms
