1 1 n3 n3 191 0.820 1
1 2 n5 n3 174 0.610 1
1 3 n2 n3 186 0.950 1
1 4 n1 n3 178 0.150 1
2 1 n3 n3 191 0.860 1
2 2 n5 n3 176 0.650 1
2 3 n2 n3 186 0.990 1
2 4 n1 n3 178 0.190 1
3 1 n3 n3 191 0.890 1
3 2 n5 n3 175 0.680 1
3 3 n2 n3 186 1.010 1
3 4 n1 n3 178 0.220 1
4 1 n3 n3 191 1.950 1
4 2 n5 n3 175 0.700 1
4 3 n2 n3 185 1.020 1
4 4 n1 n3 178 0.240 1
5 1 n3 n3 190 0.920 1
5 2 n5 n3 175 1.750 1
5 3 n2 n3 185 0.000 1
5 4 n1 n3 179 0.250 1
6 1 n3 n3 191 0.950 1
6 2 n5 n3 174 0.750 1
6 3 n2 n3 186 0.030 1
6 4 n1 n3 179 0.280 1
7 1 n3 n3 192 0.970 1
7 2 n5 n3 175 0.760 1
7 3 n2 n3 188 0.050 1
7 4 n1 n3 181 0.300 1
8 1 n3 n3 194 0.980 1
8 2 n5 n3 176 0.760 1
8 3 n2 n3 190 0.060 1
8 4 n1 n3 184 0.310 1
9 1 n3 n3 198 1.000 1
9 2 n5 n3 178 0.790 1
9 3 n2 n3 191 0.080 1
9 4 n1 n3 186 0.330 1
10 1 n3 n3 201 1.010 1
10 2 n5 n3 180 0.810 1
10 3 n2 n3 193 0.090 1
10 4 n1 n3 188 0.340 1
11 1 n3 n3 204 1.040 1
11 2 n5 n3 180 1.880 1
11 3 n2 n3 193 0.120 1
11 4 n1 n3 190 0.370 1
12 1 n3 n3 204 2.100 1
12 2 n5 n3 180 2.940 1
12 3 n2 n3 191 0.140 1
12 4 n1 n3 190 0.390 1
13 1 n3 n3 205 0.070 1
13 2 n5 n3 180 4.030 1
13 3 n2 n3 190 0.190 1
13 4 n1 n3 190 1.480 1
14 1 n3 n3 205 0.100 1
14 2 n5 n3 182 0.940 1
14 3 n2 n3 189 0.220 1
14 4 n1 n3 190 0.470 1
15 1 n3 n3 203 0.120 1
15 2 n5 n3 182 0.950 1
15 3 n2 n3 187 0.240 1
15 4 n1 n3 189 0.490 1
16 1 n3 n3 200 0.130 1
16 2 n5 n3 180 0.960 1
16 3 n2 n3 185 0.250 1
16 4 n1 n3 186 0.500 1
17 1 n3 n3 197 0.160 1
17 2 n5 n3 177 0.990 1
17 3 n2 n3 183 0.280 1
17 4 n1 n3 186 1.570 1
18 1 n3 n3 197 1.220 1
18 2 n5 n3 175 1.010 1
18 3 n2 n3 181 0.300 1
18 4 n1 n3 182 0.550 1
19 1 n3 n3 194 0.200 1
19 2 n5 n3 171 1.030 1
19 3 n2 n3 179 0.320 1
19 4 n1 n3 178 0.570 1
20 1 n3 n3 191 0.230 1
20 2 n5 n3 167 0.030 1
20 3 n2 n3 178 0.350 1
20 4 n1 n3 174 0.600 1
21 1 n3 n3 189 0.250 1
21 2 n5 n3 166 0.040 1
21 3 n2 n3 177 0.370 1
21 4 n1 n3 172 0.620 1
22 1 n3 n3 187 0.270 1
22 2 n5 n3 166 1.100 1
22 3 n2 n3 175 0.390 1
22 4 n1 n3 170 0.640 1
23 1 n3 n3 187 1.330 1
23 2 n5 n3 164 0.080 1
23 3 n2 n3 174 0.410 1
23 4 n1 n3 170 0.660 1
24 1 n3 n3 186 0.320 1
24 2 n5 n3 163 0.100 1
24 3 n2 n3 173 0.440 1
24 4 n1 n3 169 0.690 1
25 1 n3 n3 184 0.330 1
25 2 n5 n3 161 0.120 1
25 3 n2 n3 170 0.450 1
25 4 n1 n3 168 0.700 1
26 1 n3 n3 184 0.350 1
26 2 n5 n3 159 0.140 1
26 3 n2 n3 168 0.470 1
26 4 n1 n3 167 0.720 1
27 1 n3 n3 185 0.360 1
27 2 n5 n3 159 0.150 1
27 3 n2 n3 169 0.490 1
27 4 n1 n3 167 0.730 1
28 1 n3 n3 186 0.380 1
28 2 n5 n3 160 0.170 1
28 3 n2 n3 169 0.500 1
28 4 n1 n3 168 0.750 1
29 1 n3 n3 187 0.410 1
29 2 n5 n3 161 0.200 1
29 3 n2 n3 170 0.530 1
29 4 n1 n3 170 0.780 1
30 1 n3 n3 188 0.420 1
30 2 n5 n3 161 0.210 1
30 3 n2 n3 171 0.540 1
30 4 n1 n3 171 0.790 1
31 1 n3 n3 188 0.450 1
31 2 n5 n3 161 0.240 1
31 3 n2 n3 171 0.570 1
31 4 n1 n3 171 0.820 1
32 1 n3 n3 187 0.460 1
32 2 n5 n3 161 1.290 1
32 3 n2 n3 169 0.580 1
32 4 n1 n3 169 0.830 1
33 1 n3 n3 185 0.480 1
33 2 n5 n3 159 0.270 1
33 3 n2 n3 167 0.600 1
33 4 n1 n3 167 0.850 1
34 1 n3 n3 182 0.510 1
34 2 n5 n3 157 0.310 1
34 3 n2 n3 164 0.630 1
34 4 n1 n3 164 0.880 1
35 1 n3 n3 179 0.520 1
35 2 n5 n3 157 1.360 1
35 3 n2 n3 160 0.640 1
35 4 n1 n3 164 1.930 1
36 1 n3 n3 176 0.550 1
36 2 n5 n3 154 0.470 1
36 3 n2 n3 156 0.670 1
36 4 n1 n3 159 0.920 1
37 1 n3 n3 172 0.580 1
37 2 n5 n3 150 0.490 1
37 3 n2 n3 152 0.700 1
37 4 n1 n3 154 0.950 1
38 1 n3 n3 170 0.600 1
38 2 n5 n3 148 0.510 1
38 3 n2 n3 149 0.730 1
38 4 n1 n3 151 0.970 1
39 1 n3 n3 168 0.620 1
39 2 n5 n3 147 0.520 1
39 3 n2 n3 146 0.740 1
39 4 n1 n3 151 2.030 1
40 1 n3 n3 167 0.640 1
40 2 n5 n3 145 0.550 1
40 3 n2 n3 144 0.770 1
40 4 n1 n3 147 1.010 1
41 1 n3 n3 167 0.660 1
41 2 n5 n3 144 0.570 1
41 3 n2 n3 144 0.780 1
41 4 n1 n3 144 1.030 1
42 1 n3 n3 168 0.680 1
42 2 n5 n3 144 1.630 1
42 3 n2 n3 145 0.800 1
42 4 n1 n3 142 0.010 1
43 1 n3 n3 168 0.710 1
43 2 n5 n3 144 2.700 1
43 3 n2 n3 145 0.830 1
43 4 n1 n3 143 0.040 1
44 1 n3 n3 168 1.760 1
44 2 n5 n3 145 0.630 1
44 3 n2 n3 145 0.840 1
44 4 n1 n3 143 1.090 1
45 1 n3 n3 170 0.740 1
45 2 n5 n3 147 0.650 1
45 3 n2 n3 147 0.860 1
45 4 n1 n3 145 0.070 1
46 1 n3 n3 172 0.770 1
46 2 n5 n3 149 0.670 1
46 3 n2 n3 149 0.890 1
46 4 n1 n3 146 0.100 1
47 1 n3 n3 174 0.800 1
47 2 n5 n3 152 0.710 1
47 3 n2 n3 150 0.920 1
47 4 n1 n3 147 0.140 1
48 1 n3 n3 175 0.820 1
48 2 n5 n3 155 0.730 1
48 3 n2 n3 152 0.940 1
48 4 n1 n3 147 1.200 1
49 1 n3 n3 177 0.830 1
49 2 n5 n3 155 0.750 1
49 3 n2 n3 152 1.990 1
49 4 n1 n3 149 0.160 1
50 1 n3 n3 176 0.860 1
50 2 n5 n3 154 0.770 1
50 3 n2 n3 152 0.980 1
50 4 n1 n3 149 0.190 1
51 1 n3 n3 174 0.880 1
51 2 n5 n3 152 0.790 1
51 3 n2 n3 152 1.000 1
51 4 n1 n3 146 0.220 1
52 1 n3 n3 172 0.900 1
52 2 n5 n3 149 0.810 1
52 3 n2 n3 150 1.030 1
52 4 n1 n3 145 0.230 1
53 1 n3 n3 172 1.960 1
53 2 n5 n3 148 0.830 1
53 3 n2 n3 150 2.090 1
53 4 n1 n3 145 1.290 1
54 1 n3 n3 171 0.950 1
54 2 n5 n3 147 0.850 1
54 3 n2 n3 150 0.030 1
54 4 n1 n3 145 0.280 1
55 1 n3 n3 171 2.000 1
55 2 n5 n3 147 1.900 1
55 3 n2 n3 152 0.040 1
55 4 n1 n3 145 0.290 1
56 1 n3 n3 172 0.960 1
56 2 n5 n3 147 2.980 1
56 3 n2 n3 154 0.080 1
56 4 n1 n3 147 0.330 1
57 1 n3 n3 173 1.010 1
57 2 n5 n3 147 4.030 1
57 3 n2 n3 154 1.130 1
57 4 n1 n3 149 0.340 1
58 1 n3 n3 175 0.000 1
58 2 n5 n3 147 5.100 1
58 3 n2 n3 156 0.120 1
58 4 n1 n3 150 0.370 1
59 1 n3 n3 175 0.020 1
59 2 n5 n3 147 6.160 1
59 3 n2 n3 157 0.140 1
59 4 n1 n3 150 0.390 1
60 1 n3 n3 172 0.030 1
60 2 n5 n3 144 0.980 1
60 3 n2 n3 156 0.150 1
60 4 n1 n3 148 0.400 1
61 1 n3 n3 168 0.060 1
61 2 n5 n3 141 0.900 1
61 3 n2 n3 153 0.180 1
61 4 n1 n3 144 0.430 1
62 1 n3 n3 165 0.070 1
62 2 n5 n3 138 0.900 1
62 3 n2 n3 149 0.190 1
62 4 n1 n3 142 0.450 1
63 1 n3 n3 163 0.090 1
63 2 n5 n3 135 0.920 1
63 3 n2 n3 148 0.190 1
63 4 n1 n3 140 0.460 1
64 1 n3 n3 161 0.100 1
64 2 n5 n3 133 0.930 1
64 3 n2 n3 146 0.230 1
64 4 n1 n3 138 0.470 1
65 1 n3 n3 160 0.130 1
65 2 n5 n3 133 0.940 1
65 3 n2 n3 145 0.250 1
65 4 n1 n3 138 0.500 1
66 1 n3 n3 159 0.150 1
66 2 n5 n3 133 2.000 1
66 3 n2 n3 145 0.270 1
66 4 n1 n3 137 0.520 1
67 1 n3 n3 157 0.160 1
67 2 n5 n3 131 0.990 1
67 3 n2 n3 143 0.280 1
67 4 n1 n3 137 1.570 1
68 1 n3 n3 154 0.190 1
68 2 n5 n3 131 1.020 1
68 3 n2 n3 142 0.310 1
68 4 n1 n3 135 0.560 1
69 1 n3 n3 153 0.210 1
69 2 n5 n3 129 1.040 1
69 3 n2 n3 141 0.330 1
69 4 n1 n3 134 0.580 1
70 1 n3 n3 152 0.230 1
70 2 n5 n3 129 2.100 1
70 3 n2 n3 140 0.350 1
70 4 n1 n3 134 1.640 1
71 1 n3 n3 152 0.250 1
71 2 n5 n3 128 0.040 1
71 3 n2 n3 140 0.370 1
71 4 n1 n3 135 0.620 1
72 1 n3 n3 152 0.270 1
72 2 n5 n3 127 0.060 1
72 3 n2 n3 141 0.390 1
72 4 n1 n3 134 0.640 1
73 1 n3 n3 152 0.290 1
73 2 n5 n3 128 0.080 1
73 3 n2 n3 141 0.410 1
73 4 n1 n3 135 0.660 1
74 1 n3 n3 151 0.320 1
74 2 n5 n3 129 0.110 1
74 3 n2 n3 142 0.440 1
74 4 n1 n3 135 0.690 1
75 1 n3 n3 151 0.350 1
75 2 n5 n3 129 0.140 1
75 3 n2 n3 143 0.470 1
75 4 n1 n3 135 0.730 1
76 1 n3 n3 151 0.370 1
76 2 n5 n3 129 1.200 1
76 3 n2 n3 143 1.530 1
76 4 n1 n3 134 0.740 1
77 1 n3 n3 150 0.390 1
77 2 n5 n3 129 0.180 1
77 3 n2 n3 143 0.510 1
77 4 n1 n3 134 0.760 1
78 1 n3 n3 150 1.440 1
78 2 n5 n5 0 0.200 0
78 3 n5 n3 130 0.200 1
78 4 n2 n3 143 0.530 1
78 5 n1 n3 134 0.780 1
79 1 n3 n3 150 2.510 1
79 2 n5 n5 0 1.270 0
79 3 n5 n3 130 1.270 1
79 4 n2 n3 143 0.560 1
79 5 n1 n3 134 0.800 1
80 1 n3 n3 150 0.670 1
80 2 n5 n5 0 0.700 0
80 3 n5 n3 130 0.700 1
80 4 n2 n3 141 0.790 1
80 5 n1 n3 131 1.040 1
81 1 n3 n3 150 0.480 1
81 2 n5 n5 0 0.490 0
81 3 n5 n3 130 0.490 1
81 4 n2 n3 141 0.830 1
81 5 n1 n3 131 2.110 1
82 1 n3 n3 150 0.730 1
82 2 n5 n5 0 0.760 0
82 3 n5 n3 130 0.760 1
82 4 n2 n3 140 0.850 1
82 5 n1 n3 131 0.070 1
83 1 n3 n3 149 0.750 1
83 2 n5 n5 0 0.540 0
83 3 n5 n3 129 0.540 1
83 4 n2 n3 140 1.910 1
83 5 n1 n3 129 1.000 1
84 1 n3 n3 149 1.810 1
84 2 n5 n5 0 0.560 0
84 3 n5 n3 128 0.560 1
84 4 n2 n3 139 0.890 1
84 5 n1 n3 129 2.060 1
85 1 n3 n3 149 0.580 1
85 2 n5 n5 0 1.630 0
85 3 n5 n3 128 1.630 1
85 4 n2 n3 139 1.960 1
85 5 n1 n3 127 1.040 1
86 1 n3 n3 148 0.830 1
86 2 n5 n5 0 0.630 0
86 3 n5 n3 127 0.630 1
86 4 n2 n3 139 0.950 1
86 5 n1 n3 124 0.040 1
87 1 n3 n3 146 0.850 1
87 2 n5 n5 0 0.640 0
87 3 n5 n3 125 0.640 1
87 4 n2 n3 137 0.970 1
87 5 n1 n3 124 1.100 1
88 1 n3 n3 143 0.890 1
88 2 n5 n5 0 0.680 0
88 3 n5 n3 122 0.680 1
88 4 n2 n3 135 1.010 1
88 5 n1 n3 124 0.230 1
89 1 n3 n3 141 0.720 1
89 2 n5 n5 0 0.970 0
89 3 n5 n3 122 0.970 1
89 4 n2 n5 9 0.030 0
89 5 n2 n3 132 0.030 1
89 6 n1 n3 120 0.150 1
90 1 n3 n5 8 0.750 0
90 2 n3 n3 138 0.750 1
90 3 n5 n5 10 0.770 0
90 4 n5 n3 118 0.770 1
90 5 n2 n5 9 0.050 0
90 6 n2 n3 126 0.050 1
90 7 n1 n3 120 1.220 1
91 1 n3 n5 8 0.790 0
91 2 n3 n3 134 0.790 1
91 3 n5 n5 10 0.800 0
91 4 n5 n3 112 0.800 1
91 5 n2 n5 12 0.090 0
91 6 n2 n3 122 0.090 1
91 7 n1 n5 19 0.220 0
91 8 n1 n3 115 0.220 1
92 1 n3 n5 12 0.030 0
92 2 n3 n3 128 0.030 1
92 3 n5 n5 15 0.060 0
92 4 n5 n3 106 0.060 1
92 5 n2 n5 15 0.150 0
92 6 n2 n3 120 0.150 1
92 7 n1 n5 18 0.280 0
92 8 n1 n3 109 0.280 1
93 1 n3 n5 16 0.080 0
93 2 n3 n3 127 0.080 1
93 3 n5 n5 16 0.110 0
93 4 n5 n3 106 0.110 1
93 5 n2 n5 18 0.210 0
93 6 n2 n3 117 0.210 1
93 7 n1 n5 18 1.370 0
93 8 n1 n3 109 1.370 1
94 1 n3 n5 16 0.120 0
94 2 n3 n3 126 0.120 1
94 3 n5 n5 17 0.150 0
94 4 n5 n3 106 0.150 1
94 5 n2 n5 17 0.250 0
94 6 n2 n3 117 0.250 1
94 7 n1 n5 18 0.370 0
94 8 n1 n3 108 0.370 1
95 1 n3 n5 16 0.170 0
95 2 n3 n3 125 0.170 1
95 3 n5 n5 21 0.200 0
95 4 n5 n3 109 0.200 1
95 5 n2 n5 19 0.290 0
95 6 n2 n3 118 0.290 1
95 7 n1 n5 18 1.460 0
95 8 n1 n3 108 1.460 1
96 1 n3 n5 16 1.250 0
96 2 n3 n3 125 1.250 1
96 3 n5 n5 23 0.230 0
96 4 n5 n3 109 0.230 1
96 5 n2 n5 21 0.330 0
96 6 n2 n3 117 0.330 1
96 7 n1 n5 18 0.470 0
96 8 n1 n3 110 0.470 1
97 1 n3 n5 24 0.130 0
97 2 n3 n3 125 0.130 1
97 3 n5 n5 23 0.040 0
97 4 n5 n3 110 0.040 1
97 5 n2 n5 22 0.370 0
97 6 n2 n3 117 0.370 1
97 7 n1 n5 18 0.450 0
97 8 n1 n3 110 0.450 1
98 1 n3 n5 24 0.180 0
98 2 n3 n3 125 0.180 1
98 3 n5 n5 25 0.080 0
98 4 n5 n3 110 0.080 1
98 5 n2 n5 25 0.420 0
98 6 n2 n3 118 0.420 1
98 7 n1 n5 21 0.540 0
98 8 n1 n3 110 0.540 1
99 1 n3 n5 23 0.220 0
99 2 n3 n3 125 0.220 1
99 3 n5 n5 27 0.130 0
99 4 n5 n3 111 0.130 1
99 5 n2 n5 25 0.460 0
99 6 n2 n3 120 0.460 1
99 7 n1 n5 24 0.590 0
99 8 n1 n3 112 0.590 1
100 1 n3 n5 23 0.270 0
100 2 n3 n3 125 0.270 1
100 3 n5 n5 27 0.410 0
100 4 n5 n3 112 0.410 1
100 5 n2 n5 24 0.510 0
100 6 n2 n3 121 0.510 1
100 7 n1 n5 24 1.670 0
100 8 n1 n3 112 1.670 1
101 1 n3 n5 22 0.320 0
101 2 n3 n3 125 0.320 1
101 3 n5 n5 27 0.230 0
101 4 n5 n3 111 0.230 1
101 5 n2 n5 24 0.550 0
101 6 n2 n3 120 0.550 1
101 7 n1 n5 26 0.800 0
101 8 n1 n3 112 0.800 1
102 1 n3 n5 22 0.370 0
102 2 n3 n3 125 0.370 1
102 3 n5 n5 26 0.510 0
102 4 n5 n3 111 0.510 1
102 5 n2 n5 24 1.640 0
102 6 n2 n3 120 1.640 1
102 7 n1 n5 26 1.890 0
102 8 n1 n3 112 1.890 1
103 1 n3 n5 24 0.400 0
103 2 n3 n3 121 0.400 1
103 3 n5 n5 28 0.300 0
103 4 n5 n3 104 0.300 1
103 5 n2 n5 25 0.630 0
103 6 n2 n3 113 0.630 1
103 7 n1 n5 27 0.880 0
103 8 n1 n3 110 0.880 1
104 1 n3 n5 26 0.440 0
104 2 n3 n3 116 0.440 1
104 3 n5 n5 29 0.340 0
104 4 n5 n3 101 0.340 1
104 5 n2 n5 27 0.670 0
104 6 n2 n3 112 0.670 1
104 7 n1 n5 28 0.930 0
104 8 n1 n3 108 0.930 1
105 1 n3 n5 31 0.490 0
105 2 n3 n3 116 0.490 1
105 3 n5 n5 31 0.630 0
105 4 n5 n3 101 0.630 1
105 5 n2 n5 29 0.730 0
105 6 n2 n3 110 0.730 1
105 7 n1 n5 28 0.970 0
105 8 n1 n3 107 0.970 1
106 1 n3 n5 33 0.520 0
106 2 n3 n3 114 0.520 1
106 3 n5 n5 33 0.420 0
106 4 n5 n3 101 0.420 1
106 5 n2 n5 32 0.750 0
106 6 n2 n3 110 0.750 1
106 7 n1 n5 33 1.000 0
106 8 n1 n3 106 1.000 1
107 1 n3 n5 35 0.570 0
107 2 n3 n3 114 0.570 1
107 3 n5 n5 36 0.710 0
107 4 n5 n3 101 0.710 1
107 5 n2 n5 35 0.800 0
107 6 n2 n3 110 0.800 1
107 7 n1 n5 39 0.020 0
107 8 n1 n3 106 0.020 1
108 1 n3 n5 37 0.610 0
108 2 n3 n3 114 0.610 1
108 3 n5 n5 40 0.750 0
108 4 n5 n3 101 0.750 1
108 5 n2 n5 37 0.840 0
108 6 n2 n3 110 0.840 1
108 7 n1 n5 39 1.100 0
108 8 n1 n3 106 1.100 1
109 1 n3 n5 41 0.640 0
109 2 n3 n3 115 0.640 1
109 3 n5 n5 45 0.550 0
109 4 n5 n3 102 0.550 1
109 5 n2 n5 42 0.870 0
109 6 n2 n3 111 0.870 1
109 7 n1 n5 43 0.100 0
109 8 n1 n3 106 0.100 1
110 1 n3 n5 48 0.710 0
110 2 n3 n3 116 0.710 1
110 3 n5 n5 50 0.830 0
110 4 n5 n3 104 0.830 1
110 5 n2 n5 48 0.950 0
110 6 n2 n3 111 0.950 1
110 7 n1 n5 47 0.160 0
110 8 n1 n3 106 0.160 1
111 1 n3 n5 54 0.720 0
111 2 n3 n3 117 0.720 1
111 3 n5 n5 54 0.880 0
111 4 n5 n3 104 0.880 1
111 5 n2 n5 55 0.910 0
111 6 n2 n3 112 0.910 1
111 7 n1 n5 57 0.190 0
111 8 n1 n3 106 0.190 1
112 1 n3 n5 60 0.980 0
112 2 n3 n3 117 0.980 1
112 3 n5 n5 67 0.080 0
112 4 n5 n3 100 0.080 1
112 5 n2 n5 64 0.180 0
112 6 n2 n3 114 0.180 1
112 7 n1 n5 65 0.430 0
112 8 n1 n3 107 0.430 1
113 1 n3 n5 66 0.080 0
113 2 n3 n3 119 0.080 1
113 3 n5 n5 67 0.920 0
113 4 n5 n3 103 0.920 1
113 5 n2 n5 68 0.200 0
113 6 n2 n3 121 0.200 1
113 7 n1 n5 65 1.500 0
113 8 n1 n3 107 1.500 1
114 1 n3 n5 73 0.020 0
114 2 n3 n3 120 0.020 1
114 3 n5 n5 73 0.120 0
114 4 n5 n3 103 0.120 1
114 5 n2 n5 72 0.250 0
114 6 n2 n3 121 0.250 1
114 7 n1 n5 65 2.590 0
114 8 n1 n3 107 2.590 1
115 1 n3 n5 76 0.060 0
115 2 n3 n3 122 0.060 1
115 3 n5 n5 79 0.170 0
115 4 n5 n3 103 0.170 1
115 5 n2 n5 74 0.290 0
115 6 n2 n3 120 0.290 1
115 7 n1 n5 68 0.540 0
115 8 n1 n3 113 0.540 1
116 1 n3 n5 81 0.020 0
116 2 n3 n3 124 0.020 1
116 3 n5 n5 85 0.170 0
116 4 n5 n3 109 0.170 1
116 5 n2 n5 79 0.200 0
116 6 n2 n3 120 0.200 1
116 7 n1 n5 70 0.590 0
116 8 n1 n3 115 0.590 1
117 1 n3 n5 81 0.260 0
117 2 n3 n3 123 0.260 1
117 3 n5 n5 85 1.250 0
117 4 n5 n3 109 1.250 1
117 5 n2 n5 79 1.280 0
117 6 n2 n3 120 1.280 1
117 7 n1 n5 70 0.630 0
117 8 n1 n3 114 0.630 1
118 1 n3 n5 86 0.290 0
118 2 n3 n3 121 0.290 1
118 3 n5 n5 91 0.460 0
118 4 n5 n3 108 0.460 1
118 5 n2 n5 82 0.410 0
118 6 n2 n3 118 0.410 1
118 7 n1 n5 70 1.710 0
118 8 n1 n3 114 1.710 1
119 1 n3 n5 89 0.340 0
119 2 n3 n3 121 0.340 1
119 3 n5 n5 101 0.020 0
119 4 n5 n3 105 0.020 1
119 5 n2 n5 87 0.460 0
119 6 n2 n3 118 0.460 1
119 7 n1 n5 73 0.710 0
119 8 n1 n3 117 0.710 1
120 1 n3 n5 95 0.380 0
120 2 n3 n3 122 0.380 1
120 3 n5 n5 101 0.860 0
120 4 n5 n3 105 0.860 1
120 5 n2 n5 87 0.320 0
120 6 n2 n3 118 0.320 1
120 7 n1 n5 73 1.790 0
120 8 n1 n3 117 1.790 1
121 1 n3 n5 100 0.430 0
121 2 n3 n3 123 0.430 1
121 3 n5 n5 110 0.250 1
121 4 n5 n3 106 0.250 0
121 5 n2 n5 87 0.540 0
121 6 n2 n3 119 0.540 1
121 7 n1 n5 0 0.800 0
121 8 n1 n3 118 0.800 1
122 1 n3 n5 100 0.460 0
122 2 n3 n3 125 0.460 1
122 3 n5 n5 112 0.450 1
122 4 n5 n3 107 0.450 0
122 5 n2 n5 0 0.300 0
122 6 n2 n3 119 0.300 1
122 7 n1 n5 0 1.870 0
122 8 n1 n3 118 1.870 1
123 1 n3 n5 100 0.520 0
123 2 n3 n3 127 0.520 1
123 3 n5 n5 112 0.550 1
123 4 n5 n3 107 0.550 0
123 5 n2 n5 0 0.640 0
123 6 n2 n3 121 0.640 1
123 7 n1 n5 0 0.890 0
123 8 n1 n3 119 0.890 1
124 1 n3 n5 0 0.550 0
124 2 n3 n3 128 0.550 1
124 3 n5 n5 113 0.580 1
124 4 n5 n3 0 0.580 0
124 5 n2 n5 0 0.570 0
124 6 n2 n3 122 0.570 1
124 7 n1 n5 0 0.930 0
124 8 n1 n3 120 0.930 1
125 1 n3 n5 0 0.600 0
125 2 n3 n3 128 0.600 1
125 3 n5 n5 113 0.630 1
125 4 n5 n3 0 0.630 0
125 5 n2 n5 0 0.620 0
125 6 n2 n3 122 0.620 1
125 7 n1 n5 0 0.970 0
125 8 n1 n3 122 0.970 1
126 1 n3 n5 109 0.530 0
126 2 n3 n3 129 0.530 1
126 3 n5 n5 115 0.680 1
126 4 n5 n3 0 0.680 0
126 5 n2 n5 0 0.770 0
126 6 n2 n3 123 0.770 1
126 7 n1 n5 0 1.020 0
126 8 n1 n3 124 1.020 1
127 1 n3 n5 109 0.690 0
127 2 n3 n3 130 0.690 1
127 3 n5 n5 116 0.720 1
127 4 n5 n3 0 0.720 0
127 5 n2 n5 0 0.810 0
127 6 n2 n3 125 0.810 1
127 7 n1 n5 0 0.020 0
127 8 n1 n3 126 0.020 1
128 1 n3 n5 109 0.740 0
128 2 n3 n3 131 0.740 1
128 3 n5 n5 118 0.770 1
128 4 n5 n3 0 0.770 0
128 5 n2 n5 0 0.860 0
128 6 n2 n3 125 0.860 1
128 7 n1 n5 0 0.070 0
128 8 n1 n3 126 0.070 1
129 1 n3 n5 109 0.790 0
129 2 n3 n3 132 0.790 1
129 3 n5 n5 119 0.820 1
129 4 n5 n3 0 0.820 0
129 5 n2 n5 0 0.910 0
129 6 n2 n3 125 0.910 1
129 7 n1 n5 0 0.110 0
129 8 n1 n3 126 0.110 1
130 1 n3 n5 109 0.820 0
130 2 n3 n3 133 0.820 1
130 3 n5 n5 120 0.850 1
130 4 n5 n3 0 0.850 0
130 5 n2 n5 0 0.940 0
130 6 n2 n3 126 0.940 1
130 7 n1 n5 0 1.180 0
130 8 n1 n3 126 1.180 1
131 1 n3 n5 0 0.860 0
131 2 n3 n3 133 0.860 1
131 3 n5 n5 120 0.890 1
131 4 n5 n3 0 0.890 0
131 5 n2 n5 0 0.980 0
131 6 n2 n3 125 0.980 1
131 7 n1 n5 0 0.190 0
131 8 n1 n3 125 0.190 1
132 1 n3 n5 0 0.910 0
132 2 n3 n3 133 0.910 1
132 3 n5 n5 120 1.980 1
132 4 n5 n3 0 1.980 0
132 5 n2 n5 0 0.970 0
132 6 n2 n3 125 0.970 1
132 7 n1 n5 0 0.240 0
132 8 n1 n3 124 0.240 1
133 1 n3 n5 0 0.950 0
133 2 n3 n3 133 0.950 1
133 3 n5 n5 122 0.410 1
133 4 n5 n3 0 0.410 0
133 5 n2 n5 0 0.930 0
133 6 n2 n3 125 0.930 1
133 7 n1 n5 0 0.280 0
133 8 n1 n3 123 0.280 1
134 1 n3 n5 0 1.010 0
134 2 n3 n3 132 1.010 1
134 3 n5 n5 126 0.510 1
134 4 n5 n3 0 0.510 0
134 5 n2 n5 0 0.070 0
134 6 n2 n3 123 0.070 1
134 7 n1 n5 0 0.340 0
134 8 n1 n3 123 0.340 1
135 1 n3 n5 0 0.020 0
135 2 n3 n3 133 0.020 1
135 3 n5 n5 126 1.600 1
135 4 n5 n3 0 1.600 0
135 5 n2 n5 0 1.160 0
135 6 n2 n3 123 1.160 1
135 7 n1 n5 0 1.430 0
135 8 n1 n3 123 1.430 1
136 1 n3 n5 0 0.070 0
136 2 n3 n3 134 0.070 1
136 3 n5 n5 126 2.690 1
136 4 n5 n3 0 2.690 0
136 5 n2 n5 0 0.980 0
136 6 n2 n3 124 0.980 1
136 7 n1 n5 0 0.440 0
136 8 n1 n3 124 0.440 1
137 1 n3 n5 0 0.110 0
137 2 n3 n3 135 0.110 1
137 3 n5 n5 127 0.840 1
137 4 n5 n3 0 0.840 0
137 5 n2 n5 0 0.140 0
137 6 n2 n3 125 0.140 1
137 7 n1 n5 0 0.490 0
137 8 n1 n3 126 0.490 1
138 1 n3 n5 0 0.170 0
138 2 n3 n3 137 0.170 1
138 3 n5 n5 127 1.940 1
138 4 n5 n3 0 1.940 0
138 5 n2 n5 0 1.240 0
138 6 n2 n3 125 1.240 1
138 7 n1 n5 0 0.540 0
138 8 n1 n3 128 0.540 1
139 1 n3 n5 0 0.200 0
139 2 n3 n3 138 0.200 1
139 3 n5 n5 127 3.010 1
139 4 n5 n3 0 3.010 0
139 5 n2 n5 0 0.060 0
139 6 n2 n3 128 0.060 1
139 7 n1 n5 0 0.570 0
139 8 n1 n3 132 0.570 1
140 1 n3 n5 0 0.260 0
140 2 n3 n3 138 0.260 1
140 3 n5 n5 127 4.110 1
140 4 n5 n3 0 4.110 0
140 5 n2 n5 0 1.160 0
140 6 n2 n3 128 1.160 1
140 7 n1 n5 0 0.630 0
140 8 n1 n3 134 0.630 1
141 1 n3 n5 0 0.290 0
141 2 n3 n3 139 0.290 1
141 3 n5 n5 127 5.180 1
141 4 n5 n3 0 5.180 0
141 5 n2 n5 0 2.230 0
141 6 n2 n3 128 2.230 1
141 7 n1 n5 0 0.670 0
141 8 n1 n3 134 0.670 1
142 1 n3 n5 0 0.330 0
142 2 n3 n3 139 0.330 1
142 3 n5 n5 127 6.260 1
142 4 n5 n3 0 6.260 0
142 5 n2 n5 0 0.370 0
142 6 n2 n3 130 0.370 1
142 7 n1 n5 0 0.700 0
142 8 n1 n3 134 0.700 1
143 1 n3 n5 0 0.370 0
143 2 n3 n3 141 0.370 1
143 3 n5 n5 127 7.340 1
143 4 n5 n3 0 7.340 0
143 5 n2 n5 0 1.450 0
143 6 n2 n3 130 1.450 1
143 7 n1 n5 0 0.740 0
143 8 n1 n3 135 0.740 1
144 1 n3 n5 0 0.420 0
144 2 n3 n3 141 0.420 1
144 3 n5 n5 127 8.430 1
144 4 n5 n3 0 8.430 0
144 5 n2 n5 0 0.520 0
144 6 n2 n3 131 0.520 1
144 7 n1 n5 0 0.790 0
144 8 n1 n3 135 0.790 1
145 1 n3 n5 0 0.460 0
145 2 n3 n3 141 0.460 1
145 3 n5 n5 127 9.510 1
145 4 n5 n3 0 9.510 0
145 5 n2 n5 0 0.580 0
145 6 n2 n3 132 0.580 1
145 7 n1 n5 0 0.830 0
145 8 n1 n3 135 0.830 1
146 1 n3 n5 0 0.500 0
146 2 n3 n3 141 0.500 1
146 3 n5 n5 127 10.590 1
146 4 n5 n3 0 10.590 0
146 5 n2 n5 0 0.620 0
146 6 n2 n3 132 0.620 1
146 7 n1 n5 0 0.870 0
146 8 n1 n3 136 0.870 1
147 1 n3 n5 0 0.550 0
147 2 n3 n3 142 0.550 1
147 3 n5 n5 127 11.680 1
147 4 n5 n3 0 11.680 0
147 5 n2 n5 0 0.590 0
147 6 n2 n3 133 0.590 1
147 7 n1 n5 0 1.960 0
147 8 n1 n3 136 1.960 1
148 1 n3 n5 0 1.630 0
148 2 n3 n3 142 1.630 1
148 3 n5 n5 127 12.760 1
148 4 n5 n3 0 12.760 0
148 5 n2 n5 0 0.550 0
148 6 n2 n3 134 0.550 1
148 7 n1 n5 0 3.040 0
148 8 n1 n3 136 3.040 1
149 1 n3 n5 0 0.630 0
149 2 n3 n3 143 0.630 1
149 3 n5 n5 127 13.840 1
149 4 n5 n3 0 13.840 0
149 5 n2 n5 0 0.460 0
149 6 n2 n3 134 0.460 1
149 7 n1 n5 0 1.000 0
149 8 n1 n3 137 1.000 1
150 1 n3 n5 0 0.670 0
150 2 n3 n3 142 0.670 1
150 3 n5 n5 127 14.920 1
150 4 n5 n3 0 14.920 0
150 5 n2 n5 0 0.790 0
150 6 n2 n3 135 0.790 1
150 7 n1 n5 0 2.080 0
150 8 n1 n3 137 2.080 1
151 1 n3 n5 0 0.730 0
151 2 n3 n3 143 0.730 1
151 3 n5 n5 127 16.020 1
151 4 n5 n3 0 16.020 0
151 5 n2 n5 0 0.840 0
151 6 n2 n3 136 0.840 1
151 7 n1 n5 0 0.060 0
151 8 n1 n3 137 0.060 1
152 1 n3 n5 0 0.780 0
152 2 n3 n3 144 0.780 1
152 3 n5 n5 127 17.110 1
152 4 n5 n3 0 17.110 0
152 5 n2 n5 0 0.770 0
152 6 n2 n3 137 0.770 1
152 7 n1 n5 0 0.110 0
152 8 n1 n3 137 0.110 1
153 1 n3 n5 0 0.820 0
153 2 n3 n3 144 0.820 1
153 3 n5 n5 127 18.190 1
153 4 n5 n3 0 18.190 0
153 5 n2 n5 0 0.940 0
153 6 n2 n3 138 0.940 1
153 7 n1 n5 0 0.150 0
153 8 n1 n3 138 0.150 1
154 1 n3 n5 0 0.850 0
154 2 n3 n3 143 0.850 1
154 3 n5 n5 127 19.260 1
154 4 n5 n3 0 19.260 0
154 5 n2 n5 0 0.980 0
154 6 n2 n3 137 0.980 1
154 7 n1 n5 0 0.180 0
154 8 n1 n3 138 0.180 1
155 1 n3 n5 0 0.890 0
155 2 n3 n3 143 0.890 1
155 3 n5 n5 127 20.340 1
155 4 n5 n3 0 20.340 0
155 5 n2 n5 0 0.940 0
155 6 n2 n3 137 0.940 1
155 7 n1 n5 0 0.220 0
155 8 n1 n3 138 0.220 1
156 1 n3 n5 0 0.990 0
156 2 n3 n3 144 0.990 1
156 3 n5 n5 127 21.480 1
156 4 n5 n3 0 21.480 0
156 5 n2 n5 0 0.070 0
156 6 n2 n3 138 0.070 1
156 7 n1 n5 0 1.360 0
156 8 n1 n3 138 1.360 1
157 1 n3 n5 0 1.030 0
157 2 n3 n3 146 1.030 1
157 3 n5 n5 127 22.560 1
157 4 n5 n3 0 22.560 0
157 5 n2 n5 0 1.150 0
157 6 n2 n3 138 1.150 1
157 7 n1 n5 0 0.370 0
157 8 n1 n3 140 0.370 1
158 1 n3 n5 0 0.040 0
158 2 n3 n3 148 0.040 1
158 3 n5 n5 127 23.650 1
158 4 n5 n3 0 23.650 0
158 5 n2 n5 0 0.130 0
158 6 n2 n3 140 0.130 1
158 7 n1 n5 0 0.410 0
158 8 n1 n3 142 0.410 1
159 1 n3 n5 0 0.080 0
159 2 n3 n3 151 0.080 1
159 3 n5 n5 127 24.730 1
159 4 n5 n3 0 24.730 0
159 5 n2 n5 0 1.210 0
159 6 n2 n3 140 1.210 1
159 7 n1 n5 0 1.490 0
159 8 n1 n3 142 1.490 1
160 1 n3 n5 0 0.130 0
160 2 n3 n3 155 0.130 1
160 3 n5 n5 127 25.820 1
160 4 n5 n3 0 25.820 0
160 5 n2 n5 0 0.020 0
160 6 n2 n3 143 0.020 1
160 7 n1 n5 0 0.500 0
160 8 n1 n3 144 0.500 1
161 1 n3 n5 0 0.180 0
161 2 n3 n3 158 0.180 1
161 3 n5 n5 127 26.910 1
161 4 n5 n3 0 26.910 0
161 5 n2 n5 0 0.300 0
161 6 n2 n3 146 0.300 1
161 7 n1 n5 0 0.550 0
161 8 n1 n3 148 0.550 1
162 1 n3 n5 0 0.220 0
162 2 n3 n3 160 0.220 1
162 3 n5 n5 127 27.990 1
162 4 n5 n3 0 27.990 0
162 5 n2 n5 0 0.340 0
162 6 n2 n3 147 0.340 1
162 7 n1 n5 0 0.590 0
162 8 n1 n3 151 0.590 1
163 1 n3 n5 0 0.270 0
163 2 n3 n3 161 0.270 1
163 3 n5 n5 127 29.080 1
163 4 n5 n3 0 29.080 0
163 5 n2 n5 0 0.390 0
163 6 n2 n3 149 0.390 1
163 7 n1 n5 0 1.680 0
163 8 n1 n3 151 1.680 1
164 1 n3 n5 0 1.350 0
164 2 n3 n3 161 1.350 1
164 3 n5 n5 127 30.160 1
164 4 n5 n3 0 30.160 0
164 5 n2 n5 0 1.470 0
164 6 n2 n3 149 1.470 1
164 7 n1 n5 0 0.680 0
164 8 n1 n3 153 0.680 1
165 1 n3 n5 0 2.420 0
165 2 n3 n3 161 2.420 1
165 3 n5 n5 127 31.230 1
165 4 n5 n3 0 31.230 0
165 5 n2 n5 0 0.460 0
165 6 n2 n3 149 0.460 1
165 7 n1 n5 0 0.710 0
165 8 n1 n3 154 0.710 1
166 1 n3 n5 0 0.390 0
166 2 n3 n3 161 0.390 1
166 3 n5 n5 127 32.320 1
166 4 n5 n3 0 32.320 0
166 5 n2 n5 0 0.510 0
166 6 n2 n3 148 0.510 1
166 7 n1 n5 0 1.800 0
166 8 n1 n3 154 1.800 1
167 1 n3 n5 0 0.430 0
167 2 n3 n3 160 0.430 1
167 3 n5 n5 127 33.400 1
167 4 n5 n3 0 33.400 0
167 5 n2 n5 0 0.550 0
167 6 n2 n3 146 0.550 1
167 7 n1 n5 0 0.800 0
167 8 n1 n3 153 0.800 1
168 1 n3 n5 0 0.470 0
168 2 n3 n3 158 0.470 1
168 3 n5 n5 127 34.480 1
168 4 n5 n3 0 34.480 0
168 5 n2 n5 0 0.490 0
168 6 n2 n3 144 0.490 1
168 7 n1 n5 0 1.880 0
168 8 n1 n3 153 1.880 1
169 1 n3 n5 0 1.560 0
169 2 n3 n3 158 1.560 1
169 3 n5 n5 127 35.570 1
169 4 n5 n3 0 35.570 0
169 5 n2 n5 0 0.640 0
169 6 n2 n3 143 0.640 1
169 7 n1 n5 0 2.970 0
169 8 n1 n3 153 2.970 1
170 1 n3 n5 0 0.560 0
170 2 n3 n3 158 0.560 1
170 3 n5 n5 127 36.650 1
170 4 n5 n3 0 36.650 0
170 5 n2 n5 0 1.720 0
170 6 n2 n3 143 1.720 1
170 7 n1 n5 0 0.930 0
170 8 n1 n3 150 0.930 1
171 1 n3 n5 0 0.600 0
171 2 n3 n3 159 0.600 1
171 3 n5 n5 127 37.730 1
171 4 n5 n3 0 37.730 0
171 5 n2 n5 0 0.700 0
171 6 n2 n3 143 0.700 1
171 7 n1 n5 0 0.970 0
171 8 n1 n3 148 0.970 1
172 1 n3 n5 0 0.520 0
172 2 n3 n3 158 0.520 1
172 3 n5 n5 127 38.810 1
172 4 n5 n3 0 38.810 0
172 5 n2 n5 0 0.650 0
172 6 n2 n3 144 0.650 1
172 7 n1 n5 0 1.010 0
172 8 n1 n3 145 1.010 1
173 1 n3 n5 0 1.600 0
173 2 n3 n3 158 1.600 1
173 3 n5 n5 127 39.890 1
173 4 n5 n3 0 39.890 0
173 5 n2 n5 0 0.800 0
173 6 n2 n3 145 0.800 1
173 7 n1 n5 0 0.010 0
173 8 n1 n3 142 0.010 1
174 1 n3 n5 0 0.730 0
174 2 n3 n3 159 0.730 1
174 3 n5 n5 127 40.980 1
174 4 n5 n3 0 40.980 0
174 5 n2 n5 0 0.850 0
174 6 n2 n3 146 0.850 1
174 7 n1 n5 0 0.060 0
174 8 n1 n3 140 0.060 1
175 1 n3 n5 0 0.780 0
175 2 n3 n3 160 0.780 1
175 3 n5 n5 127 42.070 1
175 4 n5 n3 0 42.070 0
175 5 n2 n5 0 0.890 0
175 6 n2 n3 145 0.890 1
175 7 n1 n5 0 0.110 0
175 8 n1 n3 138 0.110 1
176 1 n3 n5 0 0.830 0
176 2 n3 n3 159 0.830 1
176 3 n5 n5 127 43.160 1
176 4 n5 n3 0 43.160 0
176 5 n2 n5 0 0.680 0
176 6 n2 n3 143 0.680 1
176 7 n1 n5 0 0.160 0
176 8 n1 n3 135 0.160 1
177 1 n3 n5 0 0.880 0
177 2 n3 n3 158 0.880 1
177 3 n5 n5 127 44.250 1
177 4 n5 n3 0 44.250 0
177 5 n2 n5 0 0.460 0
177 6 n2 n3 141 0.460 1
177 7 n1 n5 0 1.250 0
177 8 n1 n3 135 1.250 1
178 1 n3 n5 0 0.940 0
178 2 n3 n3 155 0.940 1
178 3 n5 n5 124 0.900 1
178 4 n5 n3 0 0.900 0
178 5 n2 n5 0 0.980 0
178 6 n2 n3 138 0.980 1
178 7 n1 n5 0 2.350 0
178 8 n1 n3 135 2.350 1
179 1 n3 n5 0 0.990 0
179 2 n3 n3 153 0.990 1
179 3 n5 n5 117 0.390 1
179 4 n5 n3 0 0.390 0
179 5 n2 n5 0 0.040 0
179 6 n2 n3 135 0.040 1
179 7 n1 n5 0 3.440 0
179 8 n1 n3 135 3.440 1
180 1 n3 n5 0 1.030 0
180 2 n3 n3 151 1.030 1
180 3 n5 n5 106 0.790 1
180 4 n5 n3 0 0.790 0
180 5 n2 n5 0 1.120 0
180 6 n2 n3 135 1.120 1
180 7 n1 n5 0 0.360 0
180 8 n1 n3 129 0.360 1
181 1 n3 n5 0 0.030 0
181 2 n3 n3 144 0.030 1
181 3 n5 n5 83 0.010 1
181 4 n5 n3 0 0.010 0
181 5 n2 n5 0 0.160 0
181 6 n2 n3 130 0.160 1
181 7 n1 n5 0 0.400 0
181 8 n1 n3 124 0.400 1
182 1 n3 n5 0 0.080 0
182 2 n3 n3 143 0.080 1
182 3 n5 n5 83 1.100 1
182 4 n5 n3 0 1.100 0
182 5 n2 n5 0 0.210 0
182 6 n2 n3 129 0.210 1
182 7 n1 n5 0 0.450 0
182 8 n1 n3 121 0.450 1
183 1 n3 n5 0 0.120 0
183 2 n3 n3 143 0.120 1
183 3 n5 n5 83 2.180 1
183 4 n5 n3 0 2.180 0
183 5 n2 n5 0 0.240 0
183 6 n2 n3 128 0.240 1
183 7 n1 n5 0 1.530 0
183 8 n1 n3 121 1.530 1
184 1 n3 n5 0 1.200 0
184 2 n3 n3 143 1.200 1
184 3 n5 n5 77 0.190 1
184 4 n5 n3 0 0.190 0
184 5 n2 n5 0 0.280 0
184 6 n2 n3 128 0.280 1
184 7 n1 n5 0 2.610 0
184 8 n1 n3 121 2.610 1
185 1 n3 n5 0 0.200 0
185 2 n3 n3 143 0.200 1
185 3 n5 n5 77 1.270 1
185 4 n5 n3 0 1.270 0
185 5 n2 n5 0 0.320 0
185 6 n2 n3 128 0.320 1
185 7 n1 n5 0 0.580 0
185 8 n1 n3 118 0.580 1
186 1 n3 n5 0 0.250 0
186 2 n3 n3 144 0.250 1
186 3 n5 n5 70 0.280 1
186 4 n5 n3 0 0.280 0
186 5 n2 n5 0 0.380 0
186 6 n2 n3 128 0.380 1
186 7 n1 n5 0 0.620 0
186 8 n1 n3 116 0.620 1
187 1 n3 n5 0 0.300 0
187 2 n3 n3 143 0.300 1
187 3 n5 n5 66 0.330 1
187 4 n5 n3 0 0.330 0
187 5 n2 n5 0 0.420 0
187 6 n2 n3 126 0.420 1
187 7 n1 n5 0 0.670 0
187 8 n1 n3 114 0.670 1
188 1 n3 n5 0 0.350 0
188 2 n3 n3 142 0.350 1
188 3 n5 n5 63 0.380 1
188 4 n5 n3 0 0.380 0
188 5 n2 n5 0 0.470 0
188 6 n2 n3 125 0.470 1
188 7 n1 n5 0 0.720 0
188 8 n1 n3 113 0.720 1
189 1 n3 n5 0 0.390 0
189 2 n3 n3 140 0.390 1
189 3 n5 n5 62 0.420 1
189 4 n5 n3 0 0.420 0
189 5 n2 n5 0 0.510 0
189 6 n2 n3 123 0.510 1
189 7 n1 n5 0 1.800 0
189 8 n1 n3 113 1.800 1
190 1 n3 n5 0 0.440 0
190 2 n3 n3 140 0.440 1
190 3 n5 n5 60 0.470 1
190 4 n5 n3 0 0.470 0
190 5 n2 n5 0 0.560 0
190 6 n2 n3 123 0.560 1
190 7 n1 n5 0 0.690 0
190 8 n1 n3 113 0.690 1
191 1 n3 n5 0 0.480 0
191 2 n3 n3 140 0.480 1
191 3 n5 n5 62 0.500 1
191 4 n5 n3 0 0.500 0
191 5 n2 n5 0 0.600 0
191 6 n2 n3 123 0.600 1
191 7 n1 n5 0 0.730 0
191 8 n1 n3 113 0.730 1
192 1 n3 n5 0 1.560 0
192 2 n3 n3 140 1.560 1
192 3 n5 n5 65 0.550 1
192 4 n5 n3 0 0.550 0
192 5 n2 n5 0 0.640 0
192 6 n2 n3 123 0.640 1
192 7 n1 n5 0 0.770 0
192 8 n1 n3 112 0.770 1
193 1 n3 n5 0 0.560 0
193 2 n3 n3 140 0.560 1
193 3 n5 n5 67 0.590 1
193 4 n5 n3 0 0.590 0
193 5 n2 n5 0 0.680 0
193 6 n2 n3 123 0.680 1
193 7 n1 n5 0 0.810 0
193 8 n1 n3 112 0.810 1
194 1 n3 n5 0 1.640 0
194 2 n3 n3 140 1.640 1
194 3 n5 n5 69 0.630 1
194 4 n5 n3 0 0.630 0
194 5 n2 n5 0 0.720 0
194 6 n2 n3 123 0.720 1
194 7 n1 n5 0 0.860 0
194 8 n1 n3 113 0.860 1
195 1 n3 n5 0 0.650 0
195 2 n3 n3 141 0.650 1
195 3 n5 n5 70 0.680 1
195 4 n5 n3 0 0.680 0
195 5 n2 n5 0 0.770 0
195 6 n2 n3 123 0.770 1
195 7 n1 n5 0 0.900 0
195 8 n1 n3 112 0.900 1
196 1 n3 n5 0 0.690 0
196 2 n3 n3 141 0.690 1
196 3 n5 n5 72 0.720 1
196 4 n5 n3 0 0.720 0
196 5 n2 n5 0 0.810 0
196 6 n2 n3 122 0.810 1
196 7 n1 n5 0 0.940 0
196 8 n1 n3 111 0.940 1
197 1 n3 n5 0 1.770 0
197 2 n3 n3 141 1.770 1
197 3 n5 n5 73 0.760 1
197 4 n5 n3 0 0.760 0
197 5 n2 n5 0 0.850 0
197 6 n2 n3 121 0.850 1
197 7 n1 n5 0 2.020 0
197 8 n1 n3 111 2.020 1
198 1 n3 n5 0 0.780 0
198 2 n3 n3 139 0.780 1
198 3 n5 n5 76 0.810 1
198 4 n5 n3 0 0.810 0
198 5 n2 n5 0 0.900 0
198 6 n2 n3 120 0.900 1
198 7 n1 n5 0 1.040 0
198 8 n1 n3 110 1.040 1
199 1 n3 n5 0 1.860 0
199 2 n3 n3 139 1.860 1
199 3 n5 n5 78 0.850 1
199 4 n5 n3 0 0.850 0
199 5 n2 n5 0 1.980 0
199 6 n2 n3 120 1.980 1
199 7 n1 n5 0 1.070 0
199 8 n1 n3 109 1.070 1
200 1 n3 n5 0 0.900 0
200 2 n3 n3 138 0.900 1
200 3 n5 n5 82 0.930 1
200 4 n5 n3 0 0.930 0
200 5 n2 n5 0 1.020 0
200 6 n2 n3 119 1.020 1
200 7 n1 n5 0 0.110 0
200 8 n1 n3 109 0.110 1
201 1 n3 n5 0 0.960 0
201 2 n3 n3 138 0.960 1
201 3 n5 n5 88 0.990 1
201 4 n5 n3 0 0.990 0
201 5 n2 n5 0 0.040 0
201 6 n2 n3 118 0.040 1
201 7 n1 n5 0 0.170 0
201 8 n1 n3 109 0.170 1
202 1 n3 n5 0 2.050 0
202 2 n3 n3 138 2.050 1
202 3 n5 n5 94 1.040 1
202 4 n5 n3 0 1.040 0
202 5 n2 n5 0 0.090 0
202 6 n2 n3 120 0.090 1
202 7 n1 n5 0 1.260 0
202 8 n1 n3 109 1.260 1
203 1 n3 n5 0 3.130 0
203 2 n3 n3 138 3.130 1
203 3 n5 n5 105 0.040 1
203 4 n5 n3 0 0.040 0
203 5 n2 n5 0 0.130 0
203 6 n2 n3 123 0.130 1
203 7 n1 n5 0 0.280 0
203 8 n1 n3 110 0.280 1
204 1 n3 n5 0 0.040 0
204 2 n3 n3 139 0.040 1
204 3 n5 n5 111 0.070 1
204 4 n5 n3 0 0.070 0
204 5 n2 n5 0 0.160 0
204 6 n2 n3 124 0.160 1
204 7 n1 n5 0 1.350 0
204 8 n1 n3 110 1.350 1
205 1 n3 n5 0 1.130 0
205 2 n3 n3 139 1.130 1
205 3 n5 n5 117 0.120 1
205 4 n5 n3 0 0.120 0
205 5 n2 n5 0 0.210 0
205 6 n2 n3 126 0.210 1
205 7 n1 n5 0 0.350 0
205 8 n1 n3 113 0.350 1
206 1 n3 n5 0 0.130 0
206 2 n3 n3 142 0.130 1
206 3 n5 n5 121 0.160 1
206 4 n5 n3 0 0.160 0
206 5 n2 n5 0 1.290 0
206 6 n2 n3 126 1.290 1
206 7 n1 n5 0 0.390 0
206 8 n1 n3 115 0.390 1
207 1 n3 n5 0 1.220 0
207 2 n3 n3 142 1.220 1
207 3 n5 n5 125 0.210 1
207 4 n5 n3 0 0.210 0
207 5 n2 n5 0 0.300 0
207 6 n2 n3 127 0.300 1
207 7 n1 n5 0 1.480 0
207 8 n1 n3 115 1.480 1
208 1 n3 n5 59 0.110 0
208 2 n3 n3 147 0.110 1
208 3 n5 n5 129 0.250 1
208 4 n5 n3 0 0.250 0
208 5 n2 n5 0 0.340 0
208 6 n2 n3 128 0.340 1
208 7 n1 n5 0 0.470 0
208 8 n1 n3 117 0.470 1
209 1 n3 n5 62 0.160 0
209 2 n3 n3 151 0.160 1
209 3 n5 n5 133 0.180 1
209 4 n5 n3 70 0.180 0
209 5 n2 n5 0 1.430 0
209 6 n2 n3 128 1.430 1
209 7 n1 n5 0 0.520 0
209 8 n1 n3 119 0.520 1
210 1 n3 n5 62 1.230 0
210 2 n3 n3 151 1.230 1
210 3 n5 n5 133 1.250 1
210 4 n5 n3 70 1.250 0
210 5 n2 n5 0 0.420 0
210 6 n2 n3 129 0.420 1
210 7 n1 n5 0 0.550 0
210 8 n1 n3 120 0.550 1
211 1 n3 n5 62 0.350 0
211 2 n3 n3 156 0.350 1
211 3 n5 n5 134 0.260 1
211 4 n5 n3 75 0.260 0
211 5 n2 n5 0 0.470 0
211 6 n2 n3 131 0.470 1
211 7 n1 n5 0 0.600 0
211 8 n1 n3 122 0.600 1
212 1 n3 n5 62 0.390 0
212 2 n3 n3 158 0.390 1
212 3 n5 n5 137 0.300 1
212 4 n5 n3 77 0.300 0
212 5 n2 n5 0 0.510 0
212 6 n2 n3 133 0.510 1
212 7 n1 n5 0 0.640 0
212 8 n1 n3 123 0.640 1
213 1 n3 n5 74 0.330 0
213 2 n3 n3 160 0.330 1
213 3 n5 n5 137 1.400 1
213 4 n5 n3 77 1.400 0
213 5 n2 n5 0 0.570 0
213 6 n2 n3 135 0.570 1
213 7 n1 n5 0 0.710 0
213 8 n1 n3 124 0.710 1
214 1 n3 n5 84 0.500 0
214 2 n3 n3 160 0.500 1
214 3 n5 n5 144 0.400 1
214 4 n5 n3 80 0.400 0
214 5 n2 n5 0 0.620 0
214 6 n2 n3 135 0.620 1
214 7 n1 n5 0 0.750 0
214 8 n1 n3 123 0.750 1
215 1 n3 n5 84 1.570 0
215 2 n3 n3 160 1.570 1
215 3 n5 n5 148 0.440 1
215 4 n5 n3 87 0.440 0
215 5 n2 n5 0 0.650 0
215 6 n2 n3 134 0.650 1
215 7 n1 n5 0 0.780 0
215 8 n1 n3 123 0.780 1
216 1 n3 n5 84 0.570 0
216 2 n3 n3 161 0.570 1
216 3 n5 n5 152 0.480 1
216 4 n5 n3 92 0.480 0
216 5 n2 n5 0 1.730 0
216 6 n2 n3 134 1.730 1
216 7 n1 n5 0 0.820 0
216 8 n1 n3 124 0.820 1
217 1 n3 n5 84 1.660 0
217 2 n3 n3 161 1.660 1
217 3 n5 n5 150 0.640 1
217 4 n5 n3 92 0.640 0
217 5 n2 n5 0 0.740 0
217 6 n2 n3 135 0.740 1
217 7 n1 n5 0 0.870 0
217 8 n1 n3 125 0.870 1
218 1 n3 n5 91 0.550 0
218 2 n3 n3 162 0.550 1
218 3 n5 n5 150 0.570 1
218 4 n5 n3 98 0.570 0
218 5 n2 n5 0 0.780 0
218 6 n2 n3 136 0.780 1
218 7 n1 n5 0 0.920 0
218 8 n1 n3 127 0.920 1
219 1 n3 n5 99 0.700 0
219 2 n3 n3 163 0.700 1
219 3 n5 n5 149 0.610 1
219 4 n5 n3 101 0.610 0
219 5 n2 n5 0 1.860 0
219 6 n2 n3 136 1.860 1
219 7 n1 n5 0 0.950 0
219 8 n1 n3 129 0.950 1
220 1 n3 n5 101 0.660 0
220 2 n3 n3 163 0.660 1
220 3 n5 n5 146 0.680 1
220 4 n5 n3 108 0.680 0
220 5 n2 n5 0 0.890 0
220 6 n2 n3 136 0.890 1
220 7 n1 n5 0 2.060 0
220 8 n1 n3 129 2.060 1
221 1 n3 n5 101 0.820 0
221 2 n3 n3 165 0.820 1
221 3 n5 n5 146 0.720 1
221 4 n5 n3 109 0.720 0
221 5 n2 n5 0 0.940 0
221 6 n2 n3 138 0.940 1
221 7 n1 n5 91 1.070 0
221 8 n1 n3 132 1.070 1
222 1 n3 n5 105 0.760 0
222 2 n3 n3 165 0.760 1
222 3 n5 n5 145 0.780 1
222 4 n5 n3 112 0.780 0
222 5 n2 n5 0 1.000 0
222 6 n2 n3 140 1.000 1
222 7 n1 n5 91 0.080 0
222 8 n1 n3 132 0.080 1
223 1 n3 n5 105 1.850 0
223 2 n3 n3 165 1.850 1
223 3 n5 n5 145 1.870 1
223 4 n5 n3 112 1.870 0
223 5 n2 n5 0 0.000 0
223 6 n2 n3 140 0.000 1
223 7 n1 n5 91 0.130 0
223 8 n1 n3 133 0.130 1
224 1 n3 n5 105 0.960 0
224 2 n3 n3 166 0.960 1
224 3 n5 n5 145 0.850 1
224 4 n5 n3 117 0.850 0
224 5 n2 n5 0 0.050 0
224 6 n2 n3 143 0.050 1
224 7 n1 n5 91 1.210 0
224 8 n1 n3 133 1.210 1
225 1 n3 n5 108 1.010 0
225 2 n3 n3 169 1.010 1
225 3 n5 n5 145 0.910 1
225 4 n5 n3 120 0.910 0
225 5 n2 n5 0 1.140 0
225 6 n2 n3 143 1.140 1
225 7 n1 n5 91 0.210 0
225 8 n1 n3 135 0.210 1
226 1 n3 n5 108 0.010 0
226 2 n3 n3 172 0.010 1
226 3 n5 n5 145 1.990 1
226 4 n5 n3 120 1.990 0
226 5 n2 n5 0 2.220 0
226 6 n2 n3 143 2.220 1
226 7 n1 n5 91 0.260 0
226 8 n1 n3 137 0.260 1
227 1 n3 n5 0 0.060 0
227 2 n3 n3 174 0.060 1
227 3 n5 n5 0 1.010 0
227 4 n5 n3 124 1.010 1
227 5 n2 n5 0 0.180 0
227 6 n2 n3 144 0.180 1
227 7 n1 n5 91 1.350 0
227 8 n1 n3 137 1.350 1
228 1 n3 n5 0 0.100 0
228 2 n3 n3 175 0.100 1
228 3 n5 n5 0 0.830 0
228 4 n5 n3 127 0.830 1
228 5 n2 n5 0 0.220 0
228 6 n2 n3 146 0.220 1
228 7 n1 n5 0 0.350 0
228 8 n1 n3 138 0.350 1
229 1 n3 n5 0 0.150 0
229 2 n3 n3 175 0.150 1
229 3 n5 n5 0 1.920 0
229 4 n5 n3 127 1.920 1
229 5 n2 n5 0 1.310 0
229 6 n2 n3 146 1.310 1
229 7 n1 n5 0 1.440 0
229 8 n1 n3 138 1.440 1
230 1 n3 n5 0 0.190 0
230 2 n3 n3 175 0.190 1
230 3 n5 n5 0 0.090 0
230 4 n5 n3 131 0.090 1
230 5 n2 n5 0 0.320 0
230 6 n2 n3 148 0.320 1
230 7 n1 n5 0 0.450 0
230 8 n1 n3 140 0.450 1
231 1 n3 n5 0 0.230 0
231 2 n3 n3 174 0.230 1
231 3 n5 n5 0 0.140 0
231 4 n5 n3 133 0.140 1
231 5 n2 n5 0 0.360 0
231 6 n2 n3 148 0.360 1
231 7 n1 n5 0 1.530 0
231 8 n1 n3 140 1.530 1
232 1 n3 n5 0 0.280 0
232 2 n3 n3 172 0.280 1
232 3 n5 n5 0 0.200 0
232 4 n5 n3 132 0.200 1
232 5 n2 n5 0 1.450 0
232 6 n2 n3 148 1.450 1
232 7 n1 n5 0 2.620 0
232 8 n1 n3 140 2.620 1
233 1 n3 n5 0 0.320 0
233 2 n3 n3 170 0.320 1
233 3 n5 n5 0 0.230 0
233 4 n5 n3 133 0.230 1
233 5 n2 n5 0 0.440 0
233 6 n2 n3 145 0.440 1
233 7 n1 n5 0 3.700 0
233 8 n1 n3 140 3.700 1
234 1 n3 n5 0 0.350 0
234 2 n3 n3 165 0.350 1
234 3 n5 n5 0 0.260 0
234 4 n5 n3 131 0.260 1
234 5 n2 n5 0 0.470 0
234 6 n2 n3 143 0.470 1
234 7 n1 n5 0 0.720 0
234 8 n1 n3 139 0.720 1
235 1 n3 n5 0 1.440 0
235 2 n3 n3 165 1.440 1
235 3 n5 n5 0 0.310 0
235 4 n5 n3 130 0.310 1
235 5 n2 n5 0 0.520 0
235 6 n2 n3 140 0.520 1
235 7 n1 n5 0 0.770 0
235 8 n1 n3 138 0.770 1
236 1 n3 n5 0 2.520 0
236 2 n3 n3 165 2.520 1
236 3 n5 n5 0 0.350 0
236 4 n5 n3 130 0.350 1
236 5 n2 n5 0 0.560 0
236 6 n2 n3 138 0.560 1
236 7 n1 n5 0 0.810 0
236 8 n1 n3 137 0.810 1
237 1 n3 n5 0 0.480 0
237 2 n3 n3 164 0.480 1
237 3 n5 n5 0 0.390 0
237 4 n5 n3 131 0.390 1
237 5 n2 n5 0 0.600 0
237 6 n2 n3 137 0.600 1
237 7 n1 n5 0 0.850 0
237 8 n1 n3 137 0.850 1
238 1 n3 n5 0 0.530 0
238 2 n3 n3 164 0.530 1
238 3 n5 n5 0 1.480 0
238 4 n5 n3 131 1.480 1
238 5 n2 n5 0 0.650 0
238 6 n2 n3 140 0.650 1
238 7 n1 n5 0 1.940 0
238 8 n1 n3 137 1.940 1
239 1 n3 n5 0 0.580 0
239 2 n3 n3 167 0.580 1
239 3 n5 n5 0 0.490 0
239 4 n5 n3 134 0.490 1
239 5 n2 n5 0 1.740 0
239 6 n2 n3 140 1.740 1
239 7 n1 n5 0 3.030 0
239 8 n1 n3 137 3.030 1
240 1 n3 n5 0 0.620 0
240 2 n3 n3 171 0.620 1
240 3 n5 n5 0 1.570 0
240 4 n5 n3 134 1.570 1
240 5 n2 n5 0 0.730 0
240 6 n2 n3 144 0.730 1
240 7 n1 n5 0 0.990 0
240 8 n1 n3 142 0.990 1
241 1 n3 n5 0 0.660 0
241 2 n3 n3 177 0.660 1
241 3 n5 n5 0 0.570 0
241 4 n5 n3 140 0.570 1
241 5 n2 n5 0 0.780 0
241 6 n2 n3 149 0.780 1
241 7 n1 n5 0 1.040 0
241 8 n1 n3 150 1.040 1
242 1 n3 n5 0 0.700 0
242 2 n3 n3 181 0.700 1
242 3 n5 n5 0 0.610 0
242 4 n5 n3 145 0.610 1
242 5 n2 n5 0 0.820 0
242 6 n2 n3 153 0.820 1
242 7 n1 n5 0 0.030 0
242 8 n1 n3 164 0.030 1
243 1 n3 n5 0 0.740 0
243 2 n3 n3 184 0.740 1
243 3 n5 n5 0 1.690 0
243 4 n5 n3 145 1.690 1
243 5 n2 n5 0 0.870 0
243 6 n2 n3 158 0.870 1
243 7 n1 n5 0 1.110 0
243 8 n1 n3 164 1.110 1
244 1 n3 n5 0 0.810 0
244 2 n3 n3 185 0.810 1
244 3 n5 n5 0 0.730 0
244 4 n5 n3 148 0.730 1
244 5 n2 n5 0 0.930 0
244 6 n2 n3 159 0.930 1
244 7 n1 n5 0 2.220 0
244 8 n1 n3 164 2.220 1
245 1 n3 n5 0 0.860 0
245 2 n3 n3 186 0.860 1
245 3 n5 n5 0 1.820 0
245 4 n5 n3 148 1.820 1
245 5 n2 n5 0 2.020 0
245 6 n2 n3 159 2.020 1
245 7 n1 n5 0 0.190 0
245 8 n1 n3 170 0.190 1
246 1 n3 n5 0 1.940 0
246 2 n3 n3 186 1.940 1
246 3 n5 n5 0 2.900 0
246 4 n5 n3 148 2.900 1
246 5 n2 n5 0 3.100 0
246 6 n2 n3 159 3.100 1
246 7 n1 n5 0 0.240 0
246 8 n1 n3 172 0.240 1
247 1 n3 n5 0 0.940 0
247 2 n3 n3 186 0.940 1
247 3 n5 n5 0 3.980 0
247 4 n5 n3 148 3.980 1
247 5 n2 n5 0 1.060 0
247 6 n2 n3 160 1.060 1
247 7 n1 n5 0 0.270 0
247 8 n1 n3 175 0.270 1
248 1 n3 n5 0 0.980 0
248 2 n3 n3 187 0.980 1
248 3 n5 n5 0 5.060 0
248 4 n5 n3 148 5.060 1
248 5 n2 n5 0 0.980 0
248 6 n2 n3 162 0.980 1
248 7 n1 n5 0 1.350 0
248 8 n1 n3 175 1.350 1
249 1 n3 n5 0 1.020 0
249 2 n3 n3 189 1.020 1
249 3 n5 n5 0 0.920 0
249 4 n5 n3 152 0.920 1
249 5 n2 n5 0 2.060 0
249 6 n2 n3 162 2.060 1
249 7 n1 n5 0 0.350 0
249 8 n1 n3 179 0.350 1
250 1 n3 n5 0 1.080 0
250 2 n3 n3 194 1.080 1
250 3 n5 n5 0 2.020 0
250 4 n5 n3 152 2.020 1
250 5 n2 n5 0 1.080 0
250 6 n2 n3 166 1.080 1
250 7 n1 n5 0 0.410 0
250 8 n1 n3 183 0.410 1
251 1 n3 n5 0 2.160 0
251 2 n3 n3 194 2.160 1
251 3 n5 n5 0 3.100 0
251 4 n5 n3 152 3.100 1
251 5 n2 n5 0 2.160 0
251 6 n2 n3 166 2.160 1
251 7 n1 n5 0 0.450 0
251 8 n1 n3 187 0.450 1
252 1 n3 n5 0 0.130 0
252 2 n3 n3 197 0.130 1
252 3 n5 n5 0 4.190 0
252 4 n5 n3 152 4.190 1
252 5 n2 n5 0 0.130 0
252 6 n2 n3 171 0.130 1
252 7 n1 n5 0 0.500 0
252 8 n1 n3 190 0.500 1
253 1 n3 n5 0 0.170 0
253 2 n3 n3 201 0.170 1
253 3 n5 n5 0 5.270 0
253 4 n5 n3 152 5.270 1
253 5 n2 n5 0 0.170 0
253 6 n2 n3 177 0.170 1
253 7 n1 n5 0 1.580 0
253 8 n1 n3 190 1.580 1
254 1 n3 n5 0 0.210 0
254 2 n3 n3 204 0.210 1
254 3 n5 n5 0 6.350 0
254 4 n5 n3 152 6.350 1
254 5 n2 n5 0 0.210 0
254 6 n2 n3 181 0.210 1
254 7 n1 n5 0 0.580 0
254 8 n1 n3 193 0.580 1
255 1 n3 n5 0 1.290 0
255 2 n3 n3 204 1.290 1
255 3 n5 n5 0 7.430 0
255 4 n5 n3 152 7.430 1
255 5 n2 n5 0 1.290 0
255 6 n2 n3 181 1.290 1
255 7 n1 n5 0 0.630 0
255 8 n1 n3 193 0.630 1
256 1 n3 n5 0 0.300 0
256 2 n3 n3 207 0.300 1
256 3 n5 n5 0 8.520 0
256 4 n5 n3 152 8.520 1
256 5 n2 n5 0 0.300 0
256 6 n2 n3 185 0.300 1
256 7 n1 n5 0 0.680 0
256 8 n1 n3 195 0.680 1
257 1 n3 n5 0 1.380 0
257 2 n3 n3 207 1.380 1
257 3 n5 n5 0 9.600 0
257 4 n5 n3 152 9.600 1
257 5 n2 n5 0 1.380 0
257 6 n2 n3 185 1.380 1
257 7 n1 n5 0 1.760 0
257 8 n1 n3 195 1.760 1
258 1 n3 n5 0 0.380 0
258 2 n3 n3 209 0.380 1
258 3 n5 n5 0 10.680 0
258 4 n5 n3 152 10.680 1
258 5 n2 n5 0 0.380 0
258 6 n2 n3 186 0.380 1
258 7 n1 n5 0 0.760 0
258 8 n1 n3 196 0.760 1
259 1 n3 n5 0 0.410 0
259 2 n3 n3 210 0.410 1
259 3 n5 n5 0 11.750 0
259 4 n5 n3 152 11.750 1
259 5 n2 n5 0 0.410 0
259 6 n2 n3 186 0.410 1
259 7 n1 n5 0 1.830 0
259 8 n1 n3 196 1.830 1
260 1 n3 n5 0 0.460 0
260 2 n3 n3 210 0.460 1
260 3 n5 n5 0 12.840 0
260 4 n5 n3 152 12.840 1
260 5 n2 n5 0 0.460 0
260 6 n2 n3 184 0.460 1
260 7 n1 n5 0 0.830 0
260 8 n1 n3 196 0.830 1
261 1 n3 n5 0 0.500 0
261 2 n3 n3 209 0.500 1
261 3 n5 n5 0 13.920 0
261 4 n5 n3 152 13.920 1
261 5 n2 n5 0 0.500 0
261 6 n2 n3 183 0.500 1
261 7 n1 n5 0 0.880 0
261 8 n1 n3 195 0.880 1
262 1 n3 n5 0 0.550 0
262 2 n3 n3 206 0.550 1
262 3 n5 n5 0 15.010 0
262 4 n5 n3 152 15.010 1
262 5 n2 n5 0 1.590 0
262 6 n2 n3 183 1.590 1
262 7 n1 n5 0 0.920 0
262 8 n1 n3 193 0.920 1
263 1 n3 n5 0 0.600 0
263 2 n3 n3 202 0.600 1
263 3 n5 n5 0 16.100 0
263 4 n5 n3 152 16.100 1
263 5 n2 n5 0 0.600 0
263 6 n2 n3 179 0.600 1
263 7 n1 n5 0 0.970 0
263 8 n1 n3 189 0.970 1
264 1 n3 n5 0 0.640 0
264 2 n3 n3 198 0.640 1
264 3 n5 n5 0 17.180 0
264 4 n5 n3 152 17.180 1
264 5 n2 n5 0 0.640 0
264 6 n2 n3 174 0.640 1
264 7 n1 n5 0 1.020 0
264 8 n1 n3 184 1.020 1
265 1 n3 n5 0 1.730 0
265 2 n3 n3 198 1.730 1
265 3 n5 n5 0 0.600 0
265 4 n5 n3 155 0.600 1
265 5 n2 n5 0 1.730 0
265 6 n2 n3 174 1.730 1
265 7 n1 n5 0 0.020 0
265 8 n1 n3 178 0.020 1
266 1 n3 n5 0 0.760 0
266 2 n3 n3 196 0.760 1
266 3 n5 n5 0 0.670 0
266 4 n5 n3 155 0.670 1
266 5 n2 n5 0 0.880 0
266 6 n2 n3 171 0.880 1
266 7 n1 n5 0 1.130 0
266 8 n1 n3 178 1.130 1
267 1 n3 n5 0 1.840 0
267 2 n3 n3 196 1.840 1
267 3 n5 n5 0 1.750 0
267 4 n5 n3 155 1.750 1
267 5 n2 n5 0 0.920 0
267 6 n2 n3 170 0.920 1
267 7 n1 n5 0 2.210 0
267 8 n1 n3 178 2.210 1
268 1 n3 n5 0 2.920 0
268 2 n3 n3 196 2.920 1
268 3 n5 n5 0 0.750 0
268 4 n5 n3 157 0.750 1
268 5 n2 n5 0 2.000 0
268 6 n2 n3 170 2.000 1
268 7 n1 n5 0 0.170 0
268 8 n1 n3 179 0.170 1
269 1 n3 n5 0 0.890 0
269 2 n3 n3 195 0.890 1
269 3 n5 n5 0 0.800 0
269 4 n5 n3 160 0.800 1
269 5 n2 n5 0 1.010 0
269 6 n2 n3 169 1.010 1
269 7 n1 n5 0 0.220 0
269 8 n1 n3 179 0.220 1
270 1 n3 n5 0 0.930 0
270 2 n3 n3 193 0.930 1
270 3 n5 n5 0 1.880 0
270 4 n5 n3 160 1.880 1
270 5 n2 n5 0 1.050 0
270 6 n2 n3 170 1.050 1
270 7 n1 n5 0 0.260 0
270 8 n1 n3 179 0.260 1
271 1 n3 n5 0 0.970 0
271 2 n3 n3 192 0.970 1
271 3 n5 n5 0 2.960 0
271 4 n5 n3 160 2.960 1
271 5 n2 n5 0 0.970 0
271 6 n2 n3 170 0.970 1
271 7 n1 n5 0 0.300 0
271 8 n1 n3 179 0.300 1
272 1 n3 n5 0 1.010 0
272 2 n3 n3 190 1.010 1
272 3 n5 n5 0 4.040 0
272 4 n5 n3 160 4.040 1
272 5 n2 n5 0 0.090 0
272 6 n2 n3 169 0.090 1
272 7 n1 n5 0 1.380 0
272 8 n1 n3 179 1.380 1
273 1 n3 n5 0 0.010 0
273 2 n3 n3 185 0.010 1
273 3 n5 n5 0 0.960 0
273 4 n5 n3 156 0.960 1
273 5 n2 n5 0 0.130 0
273 6 n2 n3 167 0.130 1
273 7 n1 n5 0 0.380 0
273 8 n1 n3 178 0.380 1
274 1 n3 n5 0 0.060 0
274 2 n3 n3 183 0.060 1
274 3 n5 n5 0 2.050 0
274 4 n5 n3 156 2.050 1
274 5 n2 n5 0 0.180 0
274 6 n2 n3 165 0.180 1
274 7 n1 n5 0 0.430 0
274 8 n1 n3 174 0.430 1
275 1 n3 n5 0 1.150 0
275 2 n3 n3 183 1.150 1
275 3 n5 n5 0 0.930 0
275 4 n5 n3 153 0.930 1
275 5 n2 n5 0 1.270 0
275 6 n2 n3 165 1.270 1
275 7 n1 n5 0 0.480 0
275 8 n1 n3 174 0.480 1
276 1 n3 n5 0 0.150 0
276 2 n3 n3 184 0.150 1
276 3 n5 n5 0 2.010 0
276 4 n5 n3 153 2.010 1
276 5 n2 n5 0 2.350 0
276 6 n2 n3 165 2.350 1
276 7 n1 n5 0 1.560 0
276 8 n1 n3 174 1.560 1
277 1 n3 n5 0 0.210 0
277 2 n3 n3 185 0.210 1
277 3 n5 n5 0 1.040 0
277 4 n5 n3 151 1.040 1
277 5 n2 n5 0 0.330 0
277 6 n2 n3 166 0.330 1
277 7 n1 n5 0 0.580 0
277 8 n1 n3 174 0.580 1
278 1 n3 n5 0 0.250 0
278 2 n3 n3 185 0.250 1
278 3 n5 n5 0 2.120 0
278 4 n5 n3 151 2.120 1
278 5 n2 n5 0 0.370 0
278 6 n2 n3 168 0.370 1
278 7 n1 n5 0 0.620 0
278 8 n1 n3 175 0.620 1
279 1 n3 n5 0 0.290 0
279 2 n3 n3 185 0.290 1
279 3 n5 n5 0 3.200 0
279 4 n5 n3 151 3.200 1
279 5 n2 n5 0 0.410 0
279 6 n2 n3 169 0.410 1
279 7 n1 n5 0 0.660 0
279 8 n1 n3 175 0.660 1
280 1 n3 n5 0 0.330 0
280 2 n3 n3 187 0.330 1
280 3 n5 n5 0 0.120 0
280 4 n5 n3 151 0.120 1
280 5 n2 n5 0 0.460 0
280 6 n2 n3 171 0.460 1
280 7 n1 n5 0 0.700 0
280 8 n1 n3 176 0.700 1
281 1 n3 n5 0 0.370 0
281 2 n3 n3 187 0.370 1
281 3 n5 n5 0 0.170 0
281 4 n5 n3 151 0.170 1
281 5 n2 n5 0 0.490 0
281 6 n2 n3 174 0.490 1
281 7 n1 n5 0 0.740 0
281 8 n1 n3 177 0.740 1
282 1 n3 n5 0 0.430 0
282 2 n3 n3 187 0.430 1
282 3 n5 n5 0 1.270 0
282 4 n5 n3 151 1.270 1
282 5 n2 n5 0 1.590 0
282 6 n2 n3 174 1.590 1
282 7 n1 n5 0 1.840 0
282 8 n1 n3 177 1.840 1
283 1 n3 n5 0 0.460 0
283 2 n3 n3 187 0.460 1
283 3 n5 n5 0 0.260 0
283 4 n5 n3 156 0.260 1
283 5 n2 n5 0 0.580 0
283 6 n2 n3 173 0.580 1
283 7 n1 n5 0 0.830 0
283 8 n1 n3 177 0.830 1
284 1 n3 n5 0 1.550 0
284 2 n3 n3 187 1.550 1
284 3 n5 n5 0 0.310 0
284 4 n5 n3 159 0.310 1
284 5 n2 n5 0 0.630 0
284 6 n2 n3 173 0.630 1
284 7 n1 n5 0 0.880 0
284 8 n1 n3 176 0.880 1
285 1 n3 n5 0 0.550 0
285 2 n3 n3 187 0.550 1
285 3 n5 n5 0 0.340 0
285 4 n5 n3 160 0.340 1
285 5 n2 n5 0 1.710 0
285 6 n2 n3 173 1.710 1
285 7 n1 n5 0 0.920 0
285 8 n1 n3 176 0.920 1
286 1 n3 n5 0 0.600 0
286 2 n3 n3 186 0.600 1
286 3 n5 n5 0 0.400 0
286 4 n5 n3 159 0.400 1
286 5 n2 n5 0 2.800 0
286 6 n2 n3 173 2.800 1
286 7 n1 n5 0 0.970 0
286 8 n1 n3 175 0.970 1
287 1 n3 n5 0 0.670 0
287 2 n3 n3 185 0.670 1
287 3 n5 n5 0 0.460 0
287 4 n5 n3 157 0.460 1
287 5 n2 n5 0 0.790 0
287 6 n2 n3 173 0.790 1
287 7 n1 n5 0 0.000 0
287 8 n1 n3 174 0.000 1
288 1 n3 n5 0 1.760 0
288 2 n3 n3 185 1.760 1
288 3 n5 n5 0 0.510 0
288 4 n5 n3 157 0.510 1
288 5 n2 n5 0 0.840 0
288 6 n2 n3 172 0.840 1
288 7 n1 n5 0 0.060 0
288 8 n1 n3 174 0.060 1
289 1 n3 n5 0 0.780 0
289 2 n3 n3 185 0.780 1
289 3 n5 n5 0 0.570 0
289 4 n5 n3 158 0.570 1
289 5 n2 n5 0 1.940 0
289 6 n2 n3 172 1.940 1
289 7 n1 n5 0 1.160 0
289 8 n1 n3 174 1.160 1
290 1 n3 n5 0 0.820 0
290 2 n3 n3 185 0.820 1
290 3 n5 n5 0 0.610 0
290 4 n5 n3 157 0.610 1
290 5 n2 n5 0 0.940 0
290 6 n2 n3 171 0.940 1
290 7 n1 n5 0 0.150 0
290 8 n1 n3 173 0.150 1
291 1 n3 n5 0 0.850 0
291 2 n3 n3 184 0.850 1
291 3 n5 n5 0 1.680 0
291 4 n5 n3 157 1.680 1
291 5 n2 n5 0 0.970 0
291 6 n2 n3 172 0.970 1
291 7 n1 n5 0 0.180 0
291 8 n1 n3 171 0.180 1
292 1 n3 n5 0 1.940 0
292 2 n3 n3 184 1.940 1
292 3 n5 n5 0 0.700 0
292 4 n5 n3 155 0.700 1
292 5 n2 n5 0 1.020 0
292 6 n2 n3 171 1.020 1
292 7 n1 n5 0 0.230 0
292 8 n1 n3 170 0.230 1
293 1 n3 n5 0 0.950 0
293 2 n3 n3 186 0.950 1
293 3 n5 n5 0 0.740 0
293 4 n5 n3 155 0.740 1
293 5 n2 n5 0 0.030 0
293 6 n2 n3 173 0.030 1
293 7 n1 n5 0 0.280 0
293 8 n1 n3 170 0.280 1
294 1 n3 n5 0 2.030 0
294 2 n3 n3 186 2.030 1
294 3 n5 n5 0 0.780 0
294 4 n5 n3 155 0.780 1
294 5 n2 n5 0 0.070 0
294 6 n2 n3 175 0.070 1
294 7 n1 n5 0 0.320 0
294 8 n1 n3 169 0.320 1
295 1 n3 n5 0 3.110 0
295 2 n3 n3 186 3.110 1
295 3 n5 n5 0 1.860 0
295 4 n5 n3 155 1.860 1
295 5 n2 n5 0 0.110 0
295 6 n2 n3 178 0.110 1
295 7 n1 n5 0 0.360 0
295 8 n1 n3 171 0.360 1
296 1 n3 n5 0 1.070 0
296 2 n3 n3 190 1.070 1
296 3 n5 n5 0 0.860 0
296 4 n5 n3 157 0.860 1
296 5 n2 n5 0 0.150 0
296 6 n2 n3 182 0.150 1
296 7 n1 n5 0 0.400 0
296 8 n1 n3 175 0.400 1
297 1 n3 n5 0 0.070 0
297 2 n3 n3 194 0.070 1
297 3 n5 n5 0 0.910 0
297 4 n5 n3 159 0.910 1
297 5 n2 n5 0 0.190 0
297 6 n2 n3 186 0.190 1
297 7 n1 n5 0 0.440 0
297 8 n1 n3 179 0.440 1
298 1 n3 n5 0 1.150 0
298 2 n3 n3 194 1.150 1
298 3 n5 n5 0 1.990 0
298 4 n5 n3 159 1.990 1
298 5 n2 n5 0 0.230 0
298 6 n2 n3 188 0.230 1
298 7 n1 n5 0 0.480 0
298 8 n1 n3 180 0.480 1
299 1 n3 n5 0 0.150 0
299 2 n3 n3 199 0.150 1
299 3 n5 n5 0 0.980 0
299 4 n5 n3 163 0.980 1
299 5 n2 n5 0 0.270 0
299 6 n2 n3 189 0.270 1
299 7 n1 n5 0 1.560 0
299 8 n1 n3 180 1.560 1
300 1 n3 n5 0 1.220 0
300 2 n3 n3 199 1.220 1
300 3 n5 n5 0 1.010 0
300 4 n5 n3 166 1.010 1
300 5 n2 n5 0 0.300 0
300 6 n2 n3 191 0.300 1
300 7 n1 n5 0 0.550 0
300 8 n1 n3 182 0.550 1
