PING n2 (00:00:0d:18:08:02) 116(144) bytes of data
116 bytes from n2 icmp_seq=1 ttl=49 time=8.87 ms
RR: 	n4
	n3
	n2
	n2
	n3
	n4

116 bytes from n2 icmp_seq=2 ttl=49 time=4.10 ms	(same route)
116 bytes from n2 icmp_seq=3 ttl=49 time=2.84 ms	(same route)
116 bytes from n2 icmp_seq=4 ttl=49 time=8.82 ms	(same route)
116 bytes from n2 icmp_seq=5 ttl=49 time=4.35 ms	(same route)
116 bytes from n2 icmp_seq=6 ttl=49 time=14.27 ms	(same route)
116 bytes from n2 icmp_seq=7 ttl=49 time=4.22 ms	(same route)
116 bytes from n2 icmp_seq=8 ttl=49 time=2.73 ms	(same route)
116 bytes from n2 icmp_seq=9 ttl=49 time=6.57 ms	(same route)
116 bytes from n2 icmp_seq=10 ttl=49 time=2.66 ms	(same route)
116 bytes from n2 icmp_seq=11 ttl=49 time=3.46 ms	(same route)
116 bytes from n2 icmp_seq=12 ttl=49 time=2.63 ms	(same route)
116 bytes from n2 icmp_seq=13 ttl=49 time=4.37 ms	(same route)
116 bytes from n2 icmp_seq=14 ttl=49 time=9.73 ms	(same route)
116 bytes from n2 icmp_seq=15 ttl=49 time=4.76 ms	(same route)
116 bytes from n2 icmp_seq=16 ttl=49 time=20.53 ms	(same route)
116 bytes from n2 icmp_seq=17 ttl=49 time=5.41 ms	(same route)
116 bytes from n2 icmp_seq=18 ttl=49 time=3.99 ms	(same route)
116 bytes from n2 icmp_seq=19 ttl=49 time=28.59 ms	(same route)
116 bytes from n2 icmp_seq=20 ttl=49 time=9.97 ms	(same route)
116 bytes from n2 icmp_seq=21 ttl=49 time=2.79 ms	(same route)
116 bytes from n2 icmp_seq=22 ttl=49 time=4.21 ms	(same route)
116 bytes from n2 icmp_seq=23 ttl=49 time=14.61 ms	(same route)
116 bytes from n2 icmp_seq=24 ttl=49 time=11.67 ms	(same route)
116 bytes from n2 icmp_seq=25 ttl=49 time=40.44 ms	(same route)
116 bytes from n2 icmp_seq=26 ttl=49 time=4.79 ms	(same route)
116 bytes from n2 icmp_seq=27 ttl=49 time=8.60 ms	(same route)
116 bytes from n2 icmp_seq=28 ttl=49 time=5.09 ms	(same route)
116 bytes from n2 icmp_seq=29 ttl=49 time=7.57 ms	(same route)
116 bytes from n2 icmp_seq=30 ttl=49 time=18.93 ms	(same route)
116 bytes from n2 icmp_seq=31 ttl=49 time=6.13 ms	(same route)
116 bytes from n2 icmp_seq=32 ttl=49 time=3.56 ms	(same route)
116 bytes from n2 icmp_seq=33 ttl=49 time=9.62 ms	(same route)
116 bytes from n2 icmp_seq=34 ttl=49 time=6.59 ms	(same route)
116 bytes from n2 icmp_seq=35 ttl=49 time=12.22 ms	(same route)
116 bytes from n2 icmp_seq=36 ttl=49 time=32.73 ms	(same route)
116 bytes from n2 icmp_seq=37 ttl=49 time=3.42 ms	(same route)
116 bytes from n2 icmp_seq=38 ttl=49 time=27.22 ms	(same route)
116 bytes from n2 icmp_seq=39 ttl=49 time=3.46 ms	(same route)
116 bytes from n2 icmp_seq=40 ttl=49 time=3.63 ms	(same route)
116 bytes from n2 icmp_seq=41 ttl=49 time=2.70 ms	(same route)
116 bytes from n2 icmp_seq=42 ttl=49 time=2.29 ms	(same route)
116 bytes from n2 icmp_seq=43 ttl=49 time=9.28 ms	(same route)
116 bytes from n2 icmp_seq=44 ttl=49 time=3.39 ms	(same route)
116 bytes from n2 icmp_seq=45 ttl=49 time=3.64 ms	(same route)
116 bytes from n2 icmp_seq=46 ttl=49 time=3.45 ms	(same route)
116 bytes from n2 icmp_seq=47 ttl=49 time=3.66 ms	(same route)
116 bytes from n2 icmp_seq=48 ttl=49 time=14.30 ms	(same route)
116 bytes from n2 icmp_seq=49 ttl=49 time=8.12 ms	(same route)
116 bytes from n2 icmp_seq=50 ttl=49 time=11.43 ms	(same route)
116 bytes from n2 icmp_seq=51 ttl=49 time=2.34 ms	(same route)
116 bytes from n2 icmp_seq=52 ttl=49 time=2.51 ms	(same route)
116 bytes from n2 icmp_seq=53 ttl=49 time=3.49 ms	(same route)
116 bytes from n2 icmp_seq=54 ttl=49 time=4.38 ms	(same route)
116 bytes from n2 icmp_seq=55 ttl=49 time=7.20 ms	(same route)
116 bytes from n2 icmp_seq=56 ttl=49 time=3.87 ms	(same route)
116 bytes from n2 icmp_seq=57 ttl=49 time=5.01 ms	(same route)
116 bytes from n2 icmp_seq=58 ttl=49 time=11.00 ms	(same route)
116 bytes from n2 icmp_seq=59 ttl=49 time=2.33 ms	(same route)
116 bytes from n2 icmp_seq=60 ttl=49 time=3.21 ms	(same route)
116 bytes from n2 icmp_seq=61 ttl=49 time=48.86 ms	(same route)
116 bytes from n2 icmp_seq=62 ttl=49 time=8.54 ms	(same route)
116 bytes from n2 icmp_seq=63 ttl=49 time=3.36 ms	(same route)
116 bytes from n2 icmp_seq=64 ttl=49 time=2.22 ms	(same route)
116 bytes from n2 icmp_seq=65 ttl=49 time=6.49 ms	(same route)
116 bytes from n2 icmp_seq=66 ttl=49 time=6.53 ms	(same route)
116 bytes from n2 icmp_seq=67 ttl=49 time=3.72 ms	(same route)
116 bytes from n2 icmp_seq=68 ttl=49 time=2.91 ms	(same route)
116 bytes from n2 icmp_seq=69 ttl=49 time=3.52 ms	(same route)
116 bytes from n2 icmp_seq=70 ttl=49 time=3.88 ms	(same route)
116 bytes from n2 icmp_seq=71 ttl=49 time=4.42 ms	(same route)
116 bytes from n2 icmp_seq=72 ttl=49 time=16.24 ms	(same route)
116 bytes from n2 icmp_seq=73 ttl=49 time=6.65 ms	(same route)
116 bytes from n2 icmp_seq=74 ttl=49 time=2.37 ms	(same route)
116 bytes from n2 icmp_seq=75 ttl=49 time=3.58 ms	(same route)
116 bytes from n2 icmp_seq=76 ttl=49 time=20.18 ms	(same route)
116 bytes from n2 icmp_seq=77 ttl=49 time=3.61 ms	(same route)
116 bytes from n2 icmp_seq=78 ttl=49 time=3.93 ms	(same route)
116 bytes from n2 icmp_seq=79 ttl=49 time=4.54 ms	(same route)
116 bytes from n2 icmp_seq=80 ttl=49 time=2.44 ms	(same route)
116 bytes from n2 icmp_seq=81 ttl=49 time=3.28 ms	(same route)
116 bytes from n2 icmp_seq=82 ttl=49 time=4.58 ms	(same route)
116 bytes from n2 icmp_seq=83 ttl=49 time=27.91 ms	(same route)
116 bytes from n2 icmp_seq=84 ttl=49 time=5.04 ms	(same route)
116 bytes from n2 icmp_seq=85 ttl=49 time=4.31 ms	(same route)
116 bytes from n2 icmp_seq=86 ttl=49 time=4.75 ms	(same route)
116 bytes from n2 icmp_seq=87 ttl=49 time=15.15 ms	(same route)
116 bytes from n2 icmp_seq=88 ttl=49 time=7.12 ms	(same route)
116 bytes from n2 icmp_seq=89 ttl=49 time=2.28 ms	(same route)
116 bytes from n2 icmp_seq=90 ttl=49 time=2.53 ms	(same route)
116 bytes from n2 icmp_seq=91 ttl=49 time=2.50 ms	(same route)
116 bytes from n2 icmp_seq=92 ttl=49 time=2.18 ms	(same route)
116 bytes from n2 icmp_seq=93 ttl=49 time=6.54 ms	(same route)
116 bytes from n2 icmp_seq=94 ttl=49 time=3.26 ms	(same route)
116 bytes from n2 icmp_seq=95 ttl=49 time=2.42 ms	(same route)
116 bytes from n2 icmp_seq=96 ttl=49 time=2.32 ms	(same route)
116 bytes from n2 icmp_seq=97 ttl=49 time=37.97 ms	(same route)
116 bytes from n2 icmp_seq=98 ttl=49 time=7.88 ms	(same route)
116 bytes from n2 icmp_seq=99 ttl=49 time=4.18 ms	(same route)
116 bytes from n2 icmp_seq=100 ttl=49 time=8.52 ms	(same route)
116 bytes from n2 icmp_seq=101 ttl=49 time=4.05 ms	(same route)
116 bytes from n2 icmp_seq=102 ttl=49 time=5.13 ms	(same route)
116 bytes from n2 icmp_seq=103 ttl=49 time=2.17 ms	(same route)
116 bytes from n2 icmp_seq=104 ttl=49 time=4.07 ms	(same route)
116 bytes from n2 icmp_seq=105 ttl=49 time=5.10 ms	(same route)
116 bytes from n2 icmp_seq=106 ttl=49 time=6.24 ms	(same route)
116 bytes from n2 icmp_seq=107 ttl=49 time=73.72 ms	(same route)
116 bytes from n2 icmp_seq=108 ttl=49 time=2.78 ms	(same route)
116 bytes from n2 icmp_seq=109 ttl=49 time=6.77 ms	(same route)
116 bytes from n2 icmp_seq=110 ttl=49 time=4.07 ms	(same route)
116 bytes from n2 icmp_seq=111 ttl=49 time=5.20 ms	(same route)
116 bytes from n2 icmp_seq=112 ttl=49 time=3.52 ms	(same route)
116 bytes from n2 icmp_seq=113 ttl=49 time=2.22 ms	(same route)
116 bytes from n2 icmp_seq=114 ttl=49 time=14.21 ms	(same route)
116 bytes from n2 icmp_seq=115 ttl=49 time=3.12 ms	(same route)
116 bytes from n2 icmp_seq=116 ttl=49 time=2.30 ms	(same route)
116 bytes from n2 icmp_seq=117 ttl=49 time=2.69 ms	(same route)
116 bytes from n2 icmp_seq=118 ttl=49 time=7.97 ms	(same route)
116 bytes from n2 icmp_seq=119 ttl=49 time=4.34 ms	(same route)
116 bytes from n2 icmp_seq=120 ttl=49 time=10.12 ms	(same route)
116 bytes from n2 icmp_seq=121 ttl=49 time=3.89 ms	(same route)
116 bytes from n2 icmp_seq=122 ttl=49 time=2.40 ms	(same route)
116 bytes from n2 icmp_seq=123 ttl=49 time=37.71 ms	(same route)
116 bytes from n2 icmp_seq=124 ttl=49 time=64.58 ms	(same route)
116 bytes from n2 icmp_seq=125 ttl=49 time=2.40 ms	(same route)
116 bytes from n2 icmp_seq=126 ttl=49 time=2.38 ms	(same route)
116 bytes from n2 icmp_seq=127 ttl=49 time=28.28 ms	(same route)
116 bytes from n2 icmp_seq=128 ttl=49 time=92.22 ms	(same route)
116 bytes from n2 icmp_seq=129 ttl=49 time=14.93 ms	(same route)
116 bytes from n2 icmp_seq=130 ttl=49 time=144.25 ms	(same route)
116 bytes from n2 icmp_seq=131 ttl=49 time=99.84 ms	(same route)
116 bytes from n2 icmp_seq=132 ttl=49 time=29.93 ms	(same route)
116 bytes from n2 icmp_seq=133 ttl=49 time=45.22 ms	(same route)
116 bytes from n2 icmp_seq=134 ttl=49 time=3.70 ms	(same route)
116 bytes from n2 icmp_seq=135 ttl=49 time=84.70 ms	(same route)
116 bytes from n2 icmp_seq=136 ttl=49 time=104.89 ms	(same route)
116 bytes from n2 icmp_seq=137 ttl=49 time=3.94 ms	(same route)
116 bytes from n2 icmp_seq=138 ttl=49 time=7.47 ms	(same route)
116 bytes from n2 icmp_seq=139 ttl=49 time=218.50 ms	(same route)
116 bytes from n2 icmp_seq=140 ttl=49 time=240.81 ms	(same route)
116 bytes from n2 icmp_seq=141 ttl=49 time=246.81 ms	(same route)
116 bytes from n2 icmp_seq=142 ttl=49 time=79.98 ms	(same route)
116 bytes from n2 icmp_seq=143 ttl=49 time=340.41 ms	(same route)
116 bytes from n2 icmp_seq=144 ttl=49 time=622.60 ms	(same route)
116 bytes from n2 icmp_seq=145 ttl=49 time=462.95 ms	(same route)
116 bytes from n2 icmp_seq=146 ttl=49 time=401.68 ms	(same route)
116 bytes from n2 icmp_seq=147 ttl=49 time=220.71 ms	(same route)
116 bytes from n2 icmp_seq=148 ttl=49 time=221.59 ms	(same route)
116 bytes from n2 icmp_seq=149 ttl=49 time=58.53 ms	(same route)
116 bytes from n2 icmp_seq=150 ttl=49 time=86.24 ms	(same route)
116 bytes from n2 icmp_seq=151 ttl=49 time=326.54 ms	(same route)
116 bytes from n2 icmp_seq=152 ttl=49 time=2.96 ms	(same route)
116 bytes from n2 icmp_seq=153 ttl=49 time=90.14 ms	(same route)
116 bytes from n2 icmp_seq=154 ttl=49 time=2.54 ms	(same route)
116 bytes from n2 icmp_seq=155 ttl=49 time=6.61 ms	(same route)
116 bytes from n2 icmp_seq=156 ttl=49 time=224.35 ms	(same route)
116 bytes from n2 icmp_seq=157 ttl=49 time=281.40 ms	(same route)
116 bytes from n2 icmp_seq=158 ttl=49 time=344.91 ms	(same route)
116 bytes from n2 icmp_seq=159 ttl=49 time=16.49 ms	(same route)
116 bytes from n2 icmp_seq=160 ttl=49 time=25.50 ms	(same route)
116 bytes from n2 icmp_seq=161 ttl=49 time=271.86 ms	(same route)
116 bytes from n2 icmp_seq=162 ttl=49 time=287.98 ms	(same route)
116 bytes from n2 icmp_seq=163 ttl=49 time=3.88 ms	(same route)
116 bytes from n2 icmp_seq=164 ttl=49 time=56.41 ms	(same route)
116 bytes from n2 icmp_seq=165 ttl=49 time=198.57 ms	(same route)
116 bytes from n2 icmp_seq=166 ttl=49 time=28.69 ms	(same route)
116 bytes from n2 icmp_seq=167 ttl=49 time=39.24 ms	(same route)
116 bytes from n2 icmp_seq=168 ttl=49 time=244.60 ms	(same route)
116 bytes from n2 icmp_seq=169 ttl=49 time=64.69 ms	(same route)
116 bytes from n2 icmp_seq=170 ttl=49 time=430.67 ms	(same route)
116 bytes from n2 icmp_seq=171 ttl=49 time=172.92 ms	(same route)
116 bytes from n2 icmp_seq=172 ttl=49 time=33.56 ms	(same route)
116 bytes from n2 icmp_seq=173 ttl=49 time=173.45 ms	(same route)
116 bytes from n2 icmp_seq=174 ttl=49 time=169.75 ms	(same route)
116 bytes from n2 icmp_seq=175 ttl=49 time=296.99 ms	(same route)
116 bytes from n2 icmp_seq=176 ttl=49 time=105.03 ms	(same route)
116 bytes from n2 icmp_seq=177 ttl=49 time=214.15 ms	(same route)
116 bytes from n2 icmp_seq=178 ttl=49 time=2.59 ms	(same route)
116 bytes from n2 icmp_seq=179 ttl=49 time=241.31 ms	(same route)
116 bytes from n2 icmp_seq=180 ttl=49 time=4.54 ms	(same route)
116 bytes from n2 icmp_seq=181 ttl=49 time=105.07 ms	(same route)
116 bytes from n2 icmp_seq=182 ttl=49 time=81.12 ms	(same route)
116 bytes from n2 icmp_seq=183 ttl=49 time=403.07 ms	(same route)
116 bytes from n2 icmp_seq=184 ttl=49 time=9.96 ms	(same route)
116 bytes from n2 icmp_seq=185 ttl=49 time=2.36 ms	(same route)
116 bytes from n2 icmp_seq=186 ttl=49 time=211.24 ms	(same route)
116 bytes from n2 icmp_seq=187 ttl=49 time=281.13 ms	(same route)
116 bytes from n2 icmp_seq=188 ttl=49 time=595.10 ms	(same route)
116 bytes from n2 icmp_seq=189 ttl=49 time=39.25 ms	(same route)
116 bytes from n2 icmp_seq=190 ttl=49 time=8.22 ms	(same route)
116 bytes from n2 icmp_seq=191 ttl=49 time=171.68 ms	(same route)
116 bytes from n2 icmp_seq=192 ttl=49 time=164.67 ms	(same route)
116 bytes from n2 icmp_seq=193 ttl=49 time=2.81 ms	(same route)
116 bytes from n2 icmp_seq=194 ttl=49 time=3.58 ms	(same route)
116 bytes from n2 icmp_seq=195 ttl=49 time=2.65 ms	(same route)
116 bytes from n2 icmp_seq=196 ttl=49 time=4.54 ms	(same route)
116 bytes from n2 icmp_seq=197 ttl=49 time=5.80 ms	(same route)
116 bytes from n2 icmp_seq=198 ttl=49 time=6.84 ms	(same route)
116 bytes from n2 icmp_seq=199 ttl=49 time=8.36 ms	(same route)
116 bytes from n2 icmp_seq=200 ttl=49 time=4.56 ms	(same route)
116 bytes from n2 icmp_seq=201 ttl=49 time=2.42 ms	(same route)
116 bytes from n2 icmp_seq=202 ttl=49 time=4.88 ms	(same route)
116 bytes from n2 icmp_seq=203 ttl=49 time=3.42 ms	(same route)
116 bytes from n2 icmp_seq=204 ttl=49 time=2.68 ms	(same route)
116 bytes from n2 icmp_seq=205 ttl=49 time=2.37 ms	(same route)
116 bytes from n2 icmp_seq=206 ttl=49 time=2.27 ms	(same route)
116 bytes from n2 icmp_seq=207 ttl=49 time=2.70 ms	(same route)
116 bytes from n2 icmp_seq=208 ttl=49 time=2.65 ms	(same route)
116 bytes from n2 icmp_seq=209 ttl=49 time=3.37 ms	(same route)
116 bytes from n2 icmp_seq=210 ttl=49 time=3.18 ms	(same route)
116 bytes from n2 icmp_seq=211 ttl=49 time=4.46 ms	(same route)
116 bytes from n2 icmp_seq=212 ttl=49 time=2.77 ms	(same route)
116 bytes from n2 icmp_seq=213 ttl=49 time=13.01 ms	(same route)
116 bytes from n2 icmp_seq=214 ttl=49 time=5.65 ms	(same route)
116 bytes from n2 icmp_seq=215 ttl=49 time=2.31 ms	(same route)
116 bytes from n2 icmp_seq=216 ttl=49 time=7.95 ms	(same route)
116 bytes from n2 icmp_seq=217 ttl=49 time=4.72 ms	(same route)
116 bytes from n2 icmp_seq=218 ttl=49 time=3.74 ms	(same route)
116 bytes from n2 icmp_seq=219 ttl=49 time=2.47 ms	(same route)
116 bytes from n2 icmp_seq=220 ttl=49 time=2.31 ms	(same route)
116 bytes from n2 icmp_seq=221 ttl=49 time=2.38 ms	(same route)
116 bytes from n2 icmp_seq=222 ttl=49 time=2.92 ms	(same route)
116 bytes from n2 icmp_seq=223 ttl=49 time=3.21 ms	(same route)
116 bytes from n2 icmp_seq=224 ttl=49 time=11.33 ms	(same route)
116 bytes from n2 icmp_seq=225 ttl=49 time=32.51 ms	(same route)
116 bytes from n2 icmp_seq=226 ttl=49 time=3.55 ms	(same route)
116 bytes from n2 icmp_seq=227 ttl=49 time=103.10 ms	(same route)
116 bytes from n2 icmp_seq=228 ttl=49 time=50.58 ms	(same route)
116 bytes from n2 icmp_seq=229 ttl=49 time=21.52 ms	(same route)
116 bytes from n2 icmp_seq=230 ttl=49 time=29.97 ms	(same route)
116 bytes from n2 icmp_seq=231 ttl=49 time=2.54 ms	(same route)
116 bytes from n2 icmp_seq=232 ttl=49 time=29.83 ms	(same route)
116 bytes from n2 icmp_seq=233 ttl=49 time=77.49 ms	(same route)
116 bytes from n2 icmp_seq=234 ttl=49 time=2.29 ms	(same route)
116 bytes from n2 icmp_seq=235 ttl=49 time=3.97 ms	(same route)
116 bytes from n2 icmp_seq=236 ttl=49 time=2.38 ms	(same route)
116 bytes from n2 icmp_seq=237 ttl=49 time=2.38 ms	(same route)
116 bytes from n2 icmp_seq=238 ttl=49 time=18.62 ms	(same route)
116 bytes from n2 icmp_seq=239 ttl=49 time=171.38 ms	(same route)
116 bytes from n2 icmp_seq=240 ttl=49 time=191.50 ms	(same route)
116 bytes from n2 icmp_seq=241 ttl=49 time=99.76 ms	(same route)
116 bytes from n2 icmp_seq=242 ttl=49 time=119.63 ms	(same route)
116 bytes from n2 icmp_seq=243 ttl=49 time=4.95 ms	(same route)
116 bytes from n2 icmp_seq=244 ttl=49 time=3.76 ms	(same route)
116 bytes from n2 icmp_seq=245 ttl=49 time=2.81 ms	(same route)
116 bytes from n2 icmp_seq=246 ttl=49 time=5.35 ms	(same route)
116 bytes from n2 icmp_seq=247 ttl=49 time=3.48 ms	(same route)
116 bytes from n2 icmp_seq=248 ttl=49 time=2.41 ms	(same route)
116 bytes from n2 icmp_seq=249 ttl=49 time=9.00 ms	(same route)
116 bytes from n2 icmp_seq=250 ttl=49 time=38.18 ms	(same route)
116 bytes from n2 icmp_seq=251 ttl=49 time=4.16 ms	(same route)
116 bytes from n2 icmp_seq=252 ttl=49 time=3.19 ms	(same route)
116 bytes from n2 icmp_seq=253 ttl=49 time=2.75 ms	(same route)
116 bytes from n2 icmp_seq=254 ttl=49 time=7.82 ms	(same route)
116 bytes from n2 icmp_seq=255 ttl=49 time=18.39 ms	(same route)
116 bytes from n2 icmp_seq=256 ttl=49 time=2.30 ms	(same route)
116 bytes from n2 icmp_seq=257 ttl=49 time=37.26 ms	(same route)
116 bytes from n2 icmp_seq=258 ttl=49 time=3.80 ms	(same route)
116 bytes from n2 icmp_seq=259 ttl=49 time=157.95 ms	(same route)
116 bytes from n2 icmp_seq=260 ttl=49 time=245.03 ms	(same route)
116 bytes from n2 icmp_seq=261 ttl=49 time=4.85 ms	(same route)
116 bytes from n2 icmp_seq=262 ttl=49 time=4.36 ms	(same route)
116 bytes from n2 icmp_seq=263 ttl=49 time=4.50 ms	(same route)
116 bytes from n2 icmp_seq=264 ttl=49 time=7.00 ms
RR: 	n4
	n3
	n1
	n2
	n2
	n3
	n4

116 bytes from n2 icmp_seq=265 ttl=49 time=11.05 ms	(same route)
116 bytes from n2 icmp_seq=266 ttl=49 time=18.05 ms	(same route)
116 bytes from n2 icmp_seq=267 ttl=49 time=25.83 ms	(same route)
116 bytes from n2 icmp_seq=268 ttl=49 time=6.09 ms	(same route)
116 bytes from n2 icmp_seq=269 ttl=49 time=7.43 ms	(same route)
116 bytes from n2 icmp_seq=270 ttl=49 time=55.47 ms	(same route)
116 bytes from n2 icmp_seq=271 ttl=49 time=27.12 ms	(same route)
116 bytes from n2 icmp_seq=272 ttl=49 time=3.51 ms	(same route)
116 bytes from n2 icmp_seq=273 ttl=49 time=3.29 ms	(same route)
116 bytes from n2 icmp_seq=274 ttl=49 time=27.88 ms	(same route)
116 bytes from n2 icmp_seq=275 ttl=49 time=2.88 ms	(same route)
116 bytes from n2 icmp_seq=276 ttl=49 time=7.90 ms	(same route)
116 bytes from n2 icmp_seq=277 ttl=49 time=7.90 ms	(same route)
116 bytes from n2 icmp_seq=278 ttl=49 time=15.07 ms	(same route)
116 bytes from n2 icmp_seq=279 ttl=49 time=10.33 ms	(same route)
116 bytes from n2 icmp_seq=280 ttl=49 time=7.37 ms	(same route)
116 bytes from n2 icmp_seq=281 ttl=49 time=8.75 ms	(same route)
116 bytes from n2 icmp_seq=282 ttl=49 time=4.88 ms	(same route)
116 bytes from n2 icmp_seq=283 ttl=49 time=4.23 ms	(same route)
116 bytes from n2 icmp_seq=284 ttl=49 time=4.71 ms
RR: 	n4
	n3
	n2
	n2
	n3
	n4

116 bytes from n2 icmp_seq=285 ttl=49 time=4.41 ms	(same route)
116 bytes from n2 icmp_seq=286 ttl=49 time=6.70 ms	(same route)
116 bytes from n2 icmp_seq=287 ttl=49 time=4.04 ms	(same route)
116 bytes from n2 icmp_seq=288 ttl=49 time=19.45 ms	(same route)
116 bytes from n2 icmp_seq=289 ttl=49 time=8.05 ms
RR: 	n4
	n3
	n1
	n2
	n2
	n3
	n4

116 bytes from n2 icmp_seq=290 ttl=49 time=12.15 ms	(same route)
116 bytes from n2 icmp_seq=291 ttl=49 time=6.72 ms
RR: 	n4
	n3
	n2
	n2
	n3
	n4

116 bytes from n2 icmp_seq=292 ttl=49 time=13.78 ms	(same route)
116 bytes from n2 icmp_seq=293 ttl=49 time=18.74 ms	(same route)
116 bytes from n2 icmp_seq=294 ttl=49 time=3.00 ms	(same route)
116 bytes from n2 icmp_seq=295 ttl=49 time=3.17 ms	(same route)
116 bytes from n2 icmp_seq=296 ttl=49 time=4.28 ms	(same route)
116 bytes from n2 icmp_seq=297 ttl=49 time=10.59 ms	(same route)
116 bytes from n2 icmp_seq=298 ttl=49 time=4.35 ms	(same route)
116 bytes from n2 icmp_seq=299 ttl=49 time=7.97 ms	(same route)
116 bytes from n2 icmp_seq=300 ttl=49 time=3.91 ms	(same route)
--- n2 ping statistics ---
300 packets transmitted, 300 received, 0% packet loss
rtt min/avg/max/mdev = 2.168/44.815/622.602/94.534 ms
